=== RUN   TestReplicate
--- PASS: TestReplicate (0.00s)
=== RUN   TestGenerateCorpus
--- PASS: TestGenerateCorpus (0.00s)
=== RUN   FuzzABI
=== RUN   FuzzABI/00db215ffef3ca47f7f18617e6f1705f6c47c152
=== RUN   FuzzABI/023038ca1eba480b267130803d4fd0d2610b368a
=== RUN   FuzzABI/02827d63aab10326e1be8379baa67d557174adcb
=== RUN   FuzzABI/035fbaa7974b2154fc40c7c5c8d3e44ee91159b7
=== RUN   FuzzABI/03b4ecffb6b7e60113f4b5ffe28b4365002560cc
=== RUN   FuzzABI/03e07eea52f8292845d808c8d4d53d719fffa4fa
=== RUN   FuzzABI/043bfd70bb2c1c078159a7d41e5c113b808eab5d
=== RUN   FuzzABI/044f92f5f3373bcbf824e71b93c579a22d9783ee
=== RUN   FuzzABI/04974c54a70a7285935bf4e8ff455665040a0667
=== RUN   FuzzABI/04d1b96719b4e551a48f455376013058cad834b2
=== RUN   FuzzABI/04ff0351c2e2d8ef8abedc3c853714f95472604d
=== RUN   FuzzABI/05392cb993f6a64ccd64e744b0d62f6b74989d04
=== RUN   FuzzABI/06b4f7d9288bc7eb14136256b3cf7d7d835725f1
=== RUN   FuzzABI/0879b62456725cbffad629ed3a0d7e2375b9491a
=== RUN   FuzzABI/09903659e8c17dc0dbb4a3023d309632c3a2b28b
=== RUN   FuzzABI/0ab797bbe9d8b19ae2b889f5b9914649a6cfdcb2
=== RUN   FuzzABI/0acba59a1670f066c1a62485cd220cbc449a71ff
=== RUN   FuzzABI/0ada2b51d68dd222f739263d29edb6b669e0527e
=== RUN   FuzzABI/0b6eb9c1e4b35f75c4486247084346ffabc16026
=== RUN   FuzzABI/0c6d2307ae34440d9f8fd0911c0643669d0903c8
=== RUN   FuzzABI/0ccd69f7828fcb8397fdc6e9fbf0cbb68c38bef5
=== RUN   FuzzABI/0cee277d84deec2e2d26ea9880510361db54aedf
=== RUN   FuzzABI/0d2e4f2b6f7f9a227eeb1e4897b40ac113f093a1
=== RUN   FuzzABI/0d620e5d39f3597562a4296ef25c062a2838bb11
=== RUN   FuzzABI/0f0286d661aba304acecbe538c4b8bc5bb56e302
=== RUN   FuzzABI/0fcf8b9a00f37e5f69fff264f09c86c8dd9c956b
=== RUN   FuzzABI/10a19ef9d3d48a9899eff2da4a6e9ef1c8896a8e
=== RUN   FuzzABI/112422f74b4a2e5e2c56262095fb3f32be3c819a
=== RUN   FuzzABI/1178b8b65f574c1008461c5bf1a58877bef33cc9
=== RUN   FuzzABI/11ce79f99bbe3b4dec7e758f3cffa19a81893347
=== RUN   FuzzABI/12a32950c12d7f7aaadc532ab48742083f4d208b
=== RUN   FuzzABI/12dabca58baeec31a3714a30e45bfc3fb83fdc0e
=== RUN   FuzzABI/13df62728341da4d1e9baa15300daeb650c8e8bb
=== RUN   FuzzABI/14b2b42a8b696797bc7110fb16f806a7fde3a7d1
=== RUN   FuzzABI/14d96cb7308d2378fb508cbc0d2b6c07060e16c2
=== RUN   FuzzABI/154359c5ce32d6df11fed2a6ebc71ccc1680b75c
=== RUN   FuzzABI/15b26ed530ff4c37f23b27fb458fa25a076379c6
=== RUN   FuzzABI/1640150b7037cbec72222ac9ea2df4c861cb9a18
=== RUN   FuzzABI/1652886a167e217f706fa20bfb96fc7e84534174
=== RUN   FuzzABI/16cdc1d6f5e25de4aaa2548ccfb8c6dd2fd39036
=== RUN   FuzzABI/181ec03d98c479f5c7434a5cb43d90490d2eff81
=== RUN   FuzzABI/193271dc4fc99b8563319631d3da901edca745a7
=== RUN   FuzzABI/1a47e82e0d828fde8f2416d96a4845ce82917162
=== RUN   FuzzABI/1dd6abb004b81913d1c61fdfa348c0eda7eed4f6
=== RUN   FuzzABI/1e1428b385572f3bcd995181b7e1885698fc661d
=== RUN   FuzzABI/1eada056a19878f05c158ed4807f4b604bbcf8f6
=== RUN   FuzzABI/1edd61430644fc7e52860f36193359fba45810e1
=== RUN   FuzzABI/1f189e17cd2b31ef34cb24d68cf64eb269093ff5
=== RUN   FuzzABI/1fe9d5e94d5765bad7bcada0ee448fd340589fff
=== RUN   FuzzABI/2078acd47c6e91d5443226fe8675a71cadc06d23
=== RUN   FuzzABI/21063cf97a66a1e7be7f39a0145b084b778f0f5c
=== RUN   FuzzABI/21aec46b2f6f76364fc251d27115627a8f96abc8
=== RUN   FuzzABI/21e376e77e0357d5ddbad26c29961fd9a280889d
=== RUN   FuzzABI/223d59d5070f7490bfc956bb101cc11e7cdaeb1c
=== RUN   FuzzABI/225d8e9c2c06458b92fc1990eeda27d345374b08
=== RUN   FuzzABI/22c01c19360042e2b50eb842ca8ca6ecc348c116
=== RUN   FuzzABI/22c41308c5ed8c07a5da5608396b0da7532214f5
=== RUN   FuzzABI/22ee978171a2634a50c4329865426128c45a723d
=== RUN   FuzzABI/2532b623fa51ef90f55a9da5483002a888708ed3
=== RUN   FuzzABI/267543fa7dc55b54ae6ced209af6bcfce2ab0fca
=== RUN   FuzzABI/26a7f9fe20787e5de799488db74201eb094ca696
=== RUN   FuzzABI/26cd5a3824eefa6e9e6794ca7ff1a94fd6bd185a
=== RUN   FuzzABI/26e343fc540c68bba76f782be79951f4de6cd69e
=== RUN   FuzzABI/275cd3bbbe259df553cb5292e9a3f2b874d4b92a
=== RUN   FuzzABI/27bbf6bd2722ff6819556a815ac6faf7f36d2c35
=== RUN   FuzzABI/27bde0778256898b3f24898da051a519a5ce328d
=== RUN   FuzzABI/27eed0fa6cc8691849b4e06a4055ed7d143ebc63
=== RUN   FuzzABI/28174e98a35acc5bd2607914e123f4d9b7db78f0
=== RUN   FuzzABI/28f9de9ce19705282b038d0aa87bf9b93c9c457e
=== RUN   FuzzABI/29c614f6188c29a1b81f63a2562652b0c7f6bf7a
=== RUN   FuzzABI/2e5a737f1eb3aa34c813198508f20fa8b8d35148
=== RUN   FuzzABI/2efe96df628b86ad9c062576180c173a49a061ee
=== RUN   FuzzABI/3040b7e60c3dc07be5cc538d70b5a527034c55a0
=== RUN   FuzzABI/3289454ca3fd67f6a8261d6236519e6a2fa9fde3
=== RUN   FuzzABI/33c1579a32f3ba88a47e2029a9196de48cd1cb32
=== RUN   FuzzABI/33dca341eb2407da987a9d15c499653190be4ee5
=== RUN   FuzzABI/34daeaae70dc0f331a060f18f4ddf71277f430ae
=== RUN   FuzzABI/362d27f7de5b80d0d50817b06c433fbc43c0a6aa
=== RUN   FuzzABI/3656b6b0ca8af6862d3e0c86454734bedc6bb6ca
=== RUN   FuzzABI/3682a1753f79c7262ddab1685b626bbe5bd259bf
=== RUN   FuzzABI/38879b51ba1f9ef21a58bc2ce23c8dc172f5088c
=== RUN   FuzzABI/3b39c5ce4b2f72ff873695e456872e64d44e1f53
=== RUN   FuzzABI/3b4cfda20f1b69b1dd4926537354918e1fb3a1ff
=== RUN   FuzzABI/3b53d113986ac9b8e5eddccbf654dfb7a77270d5
=== RUN   FuzzABI/3c83bea7abe1c97eae6ab2b690c91844582c6bb3
=== RUN   FuzzABI/3cd134877b6af177276d01b0948bb7aeae1de147
=== RUN   FuzzABI/3f526bc084373a9a00f73028b1bbf462831f68a5
=== RUN   FuzzABI/41101a8ef598c5f9a326cf37bc3e0598813b8867
=== RUN   FuzzABI/413d1bd67952d8af7d5b167ff86a5ceb7d3fb8c7
=== RUN   FuzzABI/414e73eb560e4e91fce6870efc8ee88b368576f8
=== RUN   FuzzABI/431fad3c33a481f02248038620d8764f6fab0994
=== RUN   FuzzABI/43f731820fa375fbd20e2bf4e18a4e91b8325037
=== RUN   FuzzABI/441c8fab90373ca39c33fb1d8b55588a70872236
=== RUN   FuzzABI/448b40dca72f5905f3727d98c32bf09ab4d06932
=== RUN   FuzzABI/44a165b8fc5c35f02a6e975140388502cf087d6b
=== RUN   FuzzABI/44ca351e3af1a43e1619ff581cb59b20f74f3163
=== RUN   FuzzABI/44f264d8445a5b35124cb49dd9b166a0727b0d31
=== RUN   FuzzABI/45e5fcdffd681adb67f982cdb12bc91dcaad5a6f
=== RUN   FuzzABI/4618a9215ff29196409df1bfc0966919e5c7de26
=== RUN   FuzzABI/468acfd1a710fcf0702582eb7c6472508dad7014
=== RUN   FuzzABI/46918fa56efff10083cf6661db9d6d19ee420dc9
=== RUN   FuzzABI/46cfbc5221579aa3fefe26887afb6962d6371e7d
=== RUN   FuzzABI/46e81e94e3456170c546f167d1b7b0e913e78941
=== RUN   FuzzABI/47098c8472224ff53bdfd625b7769aec20be12ad
=== RUN   FuzzABI/47342a37b62fddc19ca12d7113c62c7689ffec16
=== RUN   FuzzABI/48df958132b2208d2aa4b6b85b7ddc888d857617
=== RUN   FuzzABI/48e2139f2af98b8c73a3776a93cc035a031316ed
=== RUN   FuzzABI/4907efbf16057d05309374a44115f611cc41e009
=== RUN   FuzzABI/4a83c5652e0ee864008aa0bd56fce3e0ca42c137
=== RUN   FuzzABI/4a8bebc272d27646f2ceeb78a48b3767f165c067
=== RUN   FuzzABI/4af5ee67404a69baf1251bd36253566aa5f64b99
=== RUN   FuzzABI/4c776ffc0d1d50f4f3a45f54b5adc4e85e68f270
=== RUN   FuzzABI/4c99c0453f13a7b14c44c6ef5465b513c5830eda
=== RUN   FuzzABI/4db14454baf5786a65e672eeeaf2a7ee2688cc20
=== RUN   FuzzABI/4df12a7f513afe8cf5cc5eb51a4c79ed10cf0b41
=== RUN   FuzzABI/4df6f6a847a1f39c971e50fc03e0d8d70088e84f
=== RUN   FuzzABI/4e2caf7c44617be0d498b5b57a1f9709cdbf4668
=== RUN   FuzzABI/4e312c73a304ada77b3aca759d60633b00e22f99
=== RUN   FuzzABI/506b4b5c8e918228a846ebf373846bd3a3ebf1c3
=== RUN   FuzzABI/50fecc14f9c95a0f34aad6190ebb69e8b8a15a54
=== RUN   FuzzABI/5100a2e36ac18467cb080509ff82fc937587005e
=== RUN   FuzzABI/513ddd54bfd5e3943efb85c9d0fb22d487e3f3c9
=== RUN   FuzzABI/5301cba9799ef0b00afd3c3f5a3bbc0593a368b8
=== RUN   FuzzABI/534cf227ba1571e8658d726bd854aec1e0c409ca
=== RUN   FuzzABI/54237ceaa6b2c390f72bb6cecbadbf6f5d1544e5
=== RUN   FuzzABI/54f75bf0686f7969bf82a05a6d5fefc2fd7a5aec
=== RUN   FuzzABI/56538ca62c44afb9436cfcf41c44d6149f4a1549
=== RUN   FuzzABI/568726a121957ba9034ee958803eaa6e1c8d6d81
=== RUN   FuzzABI/57e4f42e4a9d7ac04a2cec0d5ba12b7ef36bcbe4
=== RUN   FuzzABI/595ee700bf034bc1bdc786dcd249e6b9b649258d
=== RUN   FuzzABI/5a5f768f69e5e6dfd6e0f16d2ea43ee69ac284f8
=== RUN   FuzzABI/5ba4be81f1fff2011dd80be637c76a746f461fce
=== RUN   FuzzABI/5d25e986624cf23b6e5d6bbe323ff618040a7328
=== RUN   FuzzABI/5e3793553e0bd76dd2178e8c47f59576135b2917
=== RUN   FuzzABI/5e88a3a03a8260829e348432e99b70c09211ec60
=== RUN   FuzzABI/5ff46430f52e30a1aa0f09873c819661bcc7e7a5
=== RUN   FuzzABI/5ffc74cf54b684491452203c2d8826a243223394
=== RUN   FuzzABI/6141e2614d60dd5cddbb3e94690a4e3d1381c644
=== RUN   FuzzABI/6234b1c212508ff632f3795b81c58f7bf76fb2ff
=== RUN   FuzzABI/633bf1657931b50b1142abedace52fcf4361b6f8
=== RUN   FuzzABI/6371dc20fa3b055a6c0973836204a23023a4aad3
=== RUN   FuzzABI/63c55706ef2beb57e3b3bc2673deb38055246c6d
=== RUN   FuzzABI/649f424f27878c2bce8927e4de035b624c765931
=== RUN   FuzzABI/65f95c0d164108602b4c569c5c8f4ca77443a414
=== RUN   FuzzABI/66f9a40e9b9c24ae58ed53e45b520860c2ab24f7
=== RUN   FuzzABI/678197424a7fd0cdbaaeee4749bc3a5c7bffbb58
=== RUN   FuzzABI/6795e2f05fb9654632e3c5351225c7b467cf8c31
=== RUN   FuzzABI/67c404ce71d47b4e2fbc8cb65ea7bd7363c93d72
=== RUN   FuzzABI/68e46c685d6ff9fbe7c2fd1683409aab37cbe0d2
=== RUN   FuzzABI/68eb59f7f25250fa52e8d2aaeb40ce2027c57008
=== RUN   FuzzABI/69e485bd482bf2e6396bb0be756865578bf0618e
=== RUN   FuzzABI/69feac37bdf3b875d806f4d36ae4ac5b4092275f
=== RUN   FuzzABI/6a793e2f9869fa6b519f7426d92bd11a1be08b57
=== RUN   FuzzABI/6a8c5cbb8b65edb6e593cd620dc9cabbef30b960
=== RUN   FuzzABI/6abba76ad5da129edc5c36bf79ace66f50e83103
=== RUN   FuzzABI/6ac523385d55d698132d07d91c7c8a07c54f3c80
=== RUN   FuzzABI/6ad57d9724143ae481c689d2dc3125818bd9534d
=== RUN   FuzzABI/6b602272dce99e7e5d7d1b78b29da785c9957bd6
=== RUN   FuzzABI/6bfdddd1bbe3b5fbf215c18e45944b80da470543
=== RUN   FuzzABI/6c80b4fafb0b1ad1a0b5cc35d9e01db0ea65c353
=== RUN   FuzzABI/6d730b2c6b5c269615c1cf06f898be8a34f2df7d
=== RUN   FuzzABI/6f12d80fd2473bbb684dc7fbf635e517b13a00e4
=== RUN   FuzzABI/700fb0877e0e8b33edf5c55bc3c7759389d9f217
=== RUN   FuzzABI/709d55c79d1871fdfc2ecda3662c240e054a5892
=== RUN   FuzzABI/71853c6197a6a7f222db0f1978c7cb232b87c5ee
=== RUN   FuzzABI/71c91723f37b5232e5c41fcbb24da0e3f0d379a1
=== RUN   FuzzABI/72837d91eb348c7525056c4ebcaebce5cc6bc1dd
=== RUN   FuzzABI/7341b9c7ac4a4cc220918ad6df22c6676d169107
=== RUN   FuzzABI/7361cec23ca2c1ea13f373796cb28bc9bc34da23
=== RUN   FuzzABI/73d5b3ad8b5bc27fb759c9312d72d4bbd2c80a98
=== RUN   FuzzABI/73e8e25bb41c6f9b365dc7a41d847287e1ac97a2
=== RUN   FuzzABI/7444adef0d414f6635719de9f3a99ea71fe77895
=== RUN   FuzzABI/74b96ea5a596e4379b5e1a560a466967cce271cb
=== RUN   FuzzABI/75591f7bf98fe2c45dab5423880ac99c66e6aeea
=== RUN   FuzzABI/7562d3f4f0352a8deaded56541e08cc58062a7d3
=== RUN   FuzzABI/75e0eec87cb7e7bfed9ac7aabc703fa6443e4c50
=== RUN   FuzzABI/764f0c22c1fd07b9f2904bf3ce1273b65a09a2c7
=== RUN   FuzzABI/767067a5acaad2e30eb40cd17b1f4b4956c70bdc
=== RUN   FuzzABI/77554484a565d840f710a85a2b07511396690b24
=== RUN   FuzzABI/7758087eb1071ac46da8e3ee43a880f92d8bf100
=== RUN   FuzzABI/7b0495bd78e4356a5700f7b298baf98aefa9a26a
=== RUN   FuzzABI/7b89710ed032ce9a51da7285d15f506b7346ce4a
=== RUN   FuzzABI/7d8d372fb5ae27d0380bc803064c5e8e7ab667bd
=== RUN   FuzzABI/7e3fe2621849f9c8575d9fc5bb563098444beeef
=== RUN   FuzzABI/80223d689e0e300e381b499c71fbe26268b25f04
=== RUN   FuzzABI/8137193fa0a9a7908d873531f1c443cc9674d5ba
=== RUN   FuzzABI/8264434fda37bdf4e0eefd0ed60f8f8e64981db0
=== RUN   FuzzABI/82b4c21e331d0d32d476d3df154967c34f297c25
=== RUN   FuzzABI/82dcf9cfb70ce5851b22d13a3f29ce8d300ef5eb
=== RUN   FuzzABI/844320e21009979a36bffd4d1d5b4b87d1ad80ca
=== RUN   FuzzABI/84d30479f0a1465b2ef243d72955d67357036e95
=== RUN   FuzzABI/84f4310bc8247eb9f5de129897e33081fde9df0f
=== RUN   FuzzABI/850fbccbb602631fee748a9088a48e1d1ca3653e
=== RUN   FuzzABI/85e53271e14006f0265921d02d4d736cdc580b0b
=== RUN   FuzzABI/863e2ffa60d251348c5b954227887299b5b118ec
=== RUN   FuzzABI/86d6f457ee593375edca6513740e475adaa8ca1e
=== RUN   FuzzABI/87c987d9f1b2df15ad4e7f15ac666bfc2cd7ce2b
=== RUN   FuzzABI/87cf231e76651a3775975537e9c62ac6c6605dcb
=== RUN   FuzzABI/8832aef6a9fa5bd3158666156ba92eebb80a47bf
=== RUN   FuzzABI/88b0981e6ff6f5d43ed486a512648150a158fa59
=== RUN   FuzzABI/89e005425c9378d479b6304c6d0e69e98558e2d9
=== RUN   FuzzABI/8a56143d6527a91b99fa449153485b450853d60e
=== RUN   FuzzABI/8a6b1cb98f320783d865f42b42b2034ff6391a2c
=== RUN   FuzzABI/8b0c411a10f30da217cc5a178cfd63cf646a4dca
=== RUN   FuzzABI/8baebc9e7b006280b881350f17095f0a856578b6
=== RUN   FuzzABI/8dab8874222605974f1a224b74f7dff4d28bfaea
=== RUN   FuzzABI/8ddb62128381acfe6b082e80ee2752bfbcda2f8e
=== RUN   FuzzABI/8e1042009ce28a1268f047b3b336e0f0b0f7bd04
=== RUN   FuzzABI/8e9a98459d99181cd93d1255663a249b6fb4f82a
=== RUN   FuzzABI/8f59f34ebffc45218b6c294333341c495338a261
=== RUN   FuzzABI/8fb34c1ea30f7c25da753a0445226746af7d3aee
=== RUN   FuzzABI/8fdb37403a9a5c361ca5a38877ffffa5edf17097
=== RUN   FuzzABI/8fe449ffa8b1873bb945e8836dc5b3d44c197ce6
=== RUN   FuzzABI/9011001aafe7ca127239d989abd5922b996dfc63
=== RUN   FuzzABI/9069ca78e7450a285173431b3e52c5c25299e473
=== RUN   FuzzABI/90d2784d4095f1ed214e51ef24fde569bdd2cb3f
=== RUN   FuzzABI/9118d9a468e0fdee576b494703d48e43c1a344ef
=== RUN   FuzzABI/9199403ffd61804507db9f528b141181e1071a17
=== RUN   FuzzABI/91cfe231ffd382b1b512aa978b03ce8e1546127b
=== RUN   FuzzABI/930945aa1f6488148a25f1d4dcbeb202372bfd0e
=== RUN   FuzzABI/931331237c9c0c381e3362613c25215e2ad60035
=== RUN   FuzzABI/936462c97f1836efddd2a9a958575d8207b8dc22
=== RUN   FuzzABI/93701fa5ccc79a2aa18ae62e54ea7f617d3e99df
=== RUN   FuzzABI/94022e24663232a6a01e7cd63f3f96128f42c36f
=== RUN   FuzzABI/94a140d366c4b4633759c1385110a273bbff4067
=== RUN   FuzzABI/95f3d85a45ca4fc7d3f74238e5800101ce6f2705
=== RUN   FuzzABI/96ad8944a5a2175347d0e5d2297de03f0fc0325d
=== RUN   FuzzABI/97046b907d1203b6573cabe1182cd8b7faecfb58
=== RUN   FuzzABI/9749439517bf0c80cc2f2533005dddd2f94372e9
=== RUN   FuzzABI/98eec5980ce1c7cef75ce4709102e7fc27ade71e
=== RUN   FuzzABI/99c40ab5f7f9d59be8a749b90833a61893844fab
=== RUN   FuzzABI/9cbff58048b48af2f628ec9bd505fbcd20ecc496
=== RUN   FuzzABI/9db65a227f16a9de50f8f3df0b5296b481bf9abe
=== RUN   FuzzABI/9dc753c98dceb622e6d6f3ff519958db6dfa42e4
=== RUN   FuzzABI/9dfdba759b606005003e530f1a44db80bc6c08b9
=== RUN   FuzzABI/9e075b264f41bee04d7974ba8402b8417e81333f
=== RUN   FuzzABI/9e24f6e3c98b3d34c2d8c06f779b758a4e45f095
=== RUN   FuzzABI/9edcbbc6b490371f52ef1ecf3a919fa253c45e21
=== RUN   FuzzABI/9f085bffba7db0f6abf6f2f3d903ff9912d5f64a
=== RUN   FuzzABI/9f12d55514420b9d160d052f93648c4e036bd18c
=== RUN   FuzzABI/9fec8119c14c28fa6b74e535725bd3718913c325
=== RUN   FuzzABI/a07fa2432522cc8fefbb4fc33f3aa086c4e7dc3e
=== RUN   FuzzABI/a1b62a07879de567effa6a93e767fcf2d6a3eac8
=== RUN   FuzzABI/a1fd70d8b50e701b4eb03a30a232d391ee9dafae
=== RUN   FuzzABI/a4f7edecab17f877a21ac966a5580774b977187a
=== RUN   FuzzABI/a56bca95a045c971cf616d240cd4a518a8043baa
=== RUN   FuzzABI/a5efe5ab545a6eaa29a62d6eac8c3965e134d789
=== RUN   FuzzABI/a6c446f3d6c38c9b2b5b6770723a6d3e83bfe7c3
=== RUN   FuzzABI/ab055406e0b5e2240373a659418e95928d788177
=== RUN   FuzzABI/ab10f88c989a9e65f80a0fcc2e36c16c24b42f73
=== RUN   FuzzABI/ab1e8ac37908ed194aaad706ae4da8da3f457939
=== RUN   FuzzABI/ab5701fda77bb3c1c62a4ee9bdc46efd0552e62f
=== RUN   FuzzABI/ab6e90200cdf6336af87d54192afe089d6026d0a
=== RUN   FuzzABI/acdbcadfd9c5494b1381c68308e35ec53747037a
=== RUN   FuzzABI/acde31cfd696e586a93d59cc74bd6f819daded96
=== RUN   FuzzABI/ae2f04c963a12c78685ab50f1426f80163418f20
=== RUN   FuzzABI/aeb96e6edc63cb2b86de1c22ce1eb13116d6714a
=== RUN   FuzzABI/aee994b1cae9d2e7597de19724c5c483d2a014c8
=== RUN   FuzzABI/af2432cb56708c00c478aa6d00359d4f483bf7f2
=== RUN   FuzzABI/b0705b4a931d7c0fb6f7aa323171f201e2624d58
=== RUN   FuzzABI/b0ff2c13ce9b9a80c7fb7385c41962cdeccdb7a9
=== RUN   FuzzABI/b197e45948cb53f01d16a50c6537be29bb0dd05d
=== RUN   FuzzABI/b1c576c2ab0ed41ff3bfc7ec57654b758573c6cb
=== RUN   FuzzABI/b1eb2b064a6de7516be29e19c437a5059613a52f
=== RUN   FuzzABI/b201c04fc182c4c47ec67e5e2557257c52410b85
=== RUN   FuzzABI/b223a45e0e84da76d93e586228f73b075dd50d75
=== RUN   FuzzABI/b26fc7c5f6a335dc7ab45d73cd56bf94414fdc23
=== RUN   FuzzABI/b2dc4876cb70d91ce91008db33181e2335e987d7
=== RUN   FuzzABI/b468787126edf6688e67acb16405a867c74ff29a
=== RUN   FuzzABI/b4f55a5529b97084f2131f42b1502e453813bd04
=== RUN   FuzzABI/b60c16e84b34c3b51a25bae3298e3f079aaca9b3
=== RUN   FuzzABI/b86b6d0b1d40d64ab3ca9c1f50b16a75c130ab14
=== RUN   FuzzABI/b8d0eabb13486313cda985dc20ffe13a2a9819a7
=== RUN   FuzzABI/b8e2f2020e7cff41cd1ccc7c22a0b0909af6cd7b
=== RUN   FuzzABI/ba7f46ce07dac74fd54b074b94ec7d5c3c7f7e2d
=== RUN   FuzzABI/bafccb9e52922a584fe3327aa568d384c7e02bfc
=== RUN   FuzzABI/bb7119d6915388f99d1d2a18c12955c690a84e5d
=== RUN   FuzzABI/bbadfbef7cb928c8307eda64030f52353a5f7082
=== RUN   FuzzABI/bd3f8def986f958a70a28b2b1a913682357eeab0
=== RUN   FuzzABI/bda44cc41c0d1473e65e7f84e3c6d88832bcad0c
=== RUN   FuzzABI/bdc2b7cfe1f8501fee01beb627207544ce0466ab
=== RUN   FuzzABI/bf027a936ea37922a4fb8c67e6a201ba8105bf81
=== RUN   FuzzABI/bf31da320b76b572c5df868a51fafa597e138e65
=== RUN   FuzzABI/bff09ffb182bcaaad3552a4c4a7974a87dd0bebe
=== RUN   FuzzABI/c1787e49dcd03ca8aa7673680fe4cc3a597514af
=== RUN   FuzzABI/c369e192efaf177e64b2143719481dcef5d21b3f
=== RUN   FuzzABI/c3aa0ea0fe2ffc19dcdc7ba356155f974be23b25
=== RUN   FuzzABI/c4ae71795f41444e12ff5cd3c6ab8454e06af5a9
=== RUN   FuzzABI/c55d81f6a9bf0e11d378bc2da81ac56b238b59d4
=== RUN   FuzzABI/c5b78ce9ff4b46a500fdd6d24b15b7cf92df1764
=== RUN   FuzzABI/c5cbd121790aecbca9c5514bb80767b86d075c65
=== RUN   FuzzABI/c66541c11df95a14abf84133a1a4cabd60ccfec7
=== RUN   FuzzABI/c697df12139fadf69e3502d7b45e1ed1f0777877
=== RUN   FuzzABI/c7f2a6b5a895b9c396d124a2d3dc2d7941b35556
=== RUN   FuzzABI/c80b6d18fd20b05cc765fed35a1be2e1bc30b9b7
=== RUN   FuzzABI/c8cb183e63c89e28c0c02829f14728f1eb5a2968
=== RUN   FuzzABI/c920b3d030072b55ee54cf94667835c5e8d404fc
=== RUN   FuzzABI/c972730c17e6ac4653ef70111678c5fc75f3db0e
=== RUN   FuzzABI/ca5d9c13f487219a9bdfa02e724554ed1ebe25dc
=== RUN   FuzzABI/cb2cb7636fc63bd52dc1b145605e416308552e4d
=== RUN   FuzzABI/cb49053ee5f47506f100df79a183deeaace33b5e
=== RUN   FuzzABI/cbdc65ae47429325263c2d636cd61ed5e54f8308
=== RUN   FuzzABI/cbed2b16e1817aa97d40fdd54013a7b173f1578a
=== RUN   FuzzABI/cd7c1793d90f00606646395adb2767c7afc4f599
=== RUN   FuzzABI/ce23fc3a8c6fd82291fb38c4f5d879e411b1fc96
=== RUN   FuzzABI/cfd800ba0ac51145138202c5d117ad1bb082532e
=== RUN   FuzzABI/cfe91dd22e6d6e8af658451c1752d96a20e752cb
=== RUN   FuzzABI/d1aad7e9dcbfed2e9fdd6a986521bd4aa477e69f
=== RUN   FuzzABI/d1c5e912599b4e5545778ef658ffde6490c463cb
=== RUN   FuzzABI/d2a7111d8426edc32865e25b6572f753d862f739
=== RUN   FuzzABI/d2c2ded03e464480b2fa51c6aa1eef5e047ec00a
=== RUN   FuzzABI/d2e4a19a781723ed33a13b7d1895b2e454288e36
=== RUN   FuzzABI/d31a71bf5620c180b76f3a866e4ec651cac4439c
=== RUN   FuzzABI/d36500fb10fe5940943f285399aaa6524fd032cb
=== RUN   FuzzABI/d4ae1e9ad7ab5439d270109aa3b2e767523a1cb7
=== RUN   FuzzABI/d5164264169917ea3a40b2aafa42883daa968994
=== RUN   FuzzABI/d52f458c8615321459acb5cc994baf0f65c51b0d
=== RUN   FuzzABI/d642e64661ab6c89cd5b9c3e345e37f9024eea8a
=== RUN   FuzzABI/d67047530f8d12bb9a3fc3e8bd9e3be600192de6
=== RUN   FuzzABI/d7312fa17861fc5ea194ef63989322e7e98ff07e
=== RUN   FuzzABI/d773bec7816a9cd89ebf074291311f983d3d1216
=== RUN   FuzzABI/da123180db57b34acaf74ade88557eedcb346658
=== RUN   FuzzABI/da8f2e888d647f0b53f9d067a2183d6454c0bc2f
=== RUN   FuzzABI/db8a58b9fa5c0d3417d731df9c645a3fc2fe86a5
=== RUN   FuzzABI/dc1e916b8c2f3d91f12a0d6a9599f52eb6315d53
=== RUN   FuzzABI/dcaa6d6f694466b7ed6b1e803e0c07cad5924ed4
=== RUN   FuzzABI/deb5fb3a23f59d416f63483444070c665e6c27d8
=== RUN   FuzzABI/df2db7228bde8537d2477f3e4d46f7710f221a1a
=== RUN   FuzzABI/e05f439de40816fef075835012b2a61dbccf533e
=== RUN   FuzzABI/e065349fea3a5a8b7863fcd9417eb6fd02c5bca3
=== RUN   FuzzABI/e08f96d7093f6289f0e89dcf134e979a8020ecec
=== RUN   FuzzABI/e0a2fe015ccab3a384a376078865fdb85dd8d977
=== RUN   FuzzABI/e0d80fdce18ad31ba7d591247610b4b64d089e64
=== RUN   FuzzABI/e12e8a40ba6fd0eea787d8eabd559c67e2ade3c6
=== RUN   FuzzABI/e18faf242d5634f083a7acfc0f71a69d24da09c6
=== RUN   FuzzABI/e1b97c28539b5b0a5e2cad08b85bd6c11812034a
=== RUN   FuzzABI/e26f38deb30ceccaebce76a7437871176f5884bf
=== RUN   FuzzABI/e28a2c9699600e18e3cd7f6d1494236ee0ec3c57
=== RUN   FuzzABI/e28b08c19a8bc57d957fc226851aa946e5ae31bf
=== RUN   FuzzABI/e31fe7c921fe807a354be08b564f6a6e9c3af4eb
=== RUN   FuzzABI/e42b945b55b32651208328601a32812ae9de96c8
=== RUN   FuzzABI/e50a1c8adc3e7ed9224ba95af756dc8cc5dab82f
=== RUN   FuzzABI/e5b5cabbeec6b06de7adcb1c462f446ba6ed75eb
=== RUN   FuzzABI/e6317fb1b090af0f719ac5b5aa1073e13e04995d
=== RUN   FuzzABI/e7dd378aabe6853fa1228440d997f5a1f54abc59
=== RUN   FuzzABI/e7e16fd4bab0d11eb577af6008d38adda27dac30
=== RUN   FuzzABI/e89a60d30b7aff9510ca89a85b8ab3068c23cf25
=== RUN   FuzzABI/e8b4e1021d2ec614399c9e584012508aedd56841
=== RUN   FuzzABI/e94c5939c36f1a177bbbe883d3345f4e755a9722
=== RUN   FuzzABI/ea77fe2ff943fc8d9475f29d70ad1efb4130ff70
=== RUN   FuzzABI/ea985ddf6dcd4d2d309e35714a90e6f8852e087d
=== RUN   FuzzABI/eaed5a99f907882860fe58f6413ea357564032ab
=== RUN   FuzzABI/eb66457f4c8befc2a0f25cf47b350f0e36f1c769
=== RUN   FuzzABI/eb7a47a2c2b71475cff7068694d13030d36fbd07
=== RUN   FuzzABI/eba732b312bd582a42afae6afffba2fae6fde0ac
=== RUN   FuzzABI/ec41b41ade01192939b00f96df11519b4ac0f6e0
=== RUN   FuzzABI/ec4e889d87707ef312a0a038fe3867618812f0b5
=== RUN   FuzzABI/ed147bfef17d33a4b0f04479f801ea7f2042d39c
=== RUN   FuzzABI/ed4eb6c3b60ea73543dbf540d8cb96e60a47ce75
=== RUN   FuzzABI/edca40370562edd310d9a97391425ff9fe21dab5
=== RUN   FuzzABI/ede6322a7b5c7e4490956b67d8df243a017b9c9d
=== RUN   FuzzABI/ee8f384de1873b73dcd789ce0162d2d3398280b8
=== RUN   FuzzABI/eee79f36f82c37f5c031de564aee5f082a33f456
=== RUN   FuzzABI/ef8b304f07726328598a5a961dbfc8b1886f9101
=== RUN   FuzzABI/efa41d73cbaf195f8a818c6e3db5674a26eeee57
=== RUN   FuzzABI/f23628bc14f6b2ee2788b33e63621788ff50367b
=== RUN   FuzzABI/f245b694ae2c9b5a101ac349c96d2345a88f62a0
=== RUN   FuzzABI/f2bbbf33f46efe4941f76c6e2a1d2ceb07de657d
=== RUN   FuzzABI/f30f02de7c3086b100e6dddc13c3437da1d4bd03
=== RUN   FuzzABI/f3ba5402dac1eb933a1d82c0e949e7fc5f121081
=== RUN   FuzzABI/f58e7f8702a1d2812388fe091033a76aab75bda3
=== RUN   FuzzABI/f5b17137ae2df3ce572b6612f62216bac9de8818
=== RUN   FuzzABI/f79b690f84c8fa825320aa1c30e7b907fedc43fe
=== RUN   FuzzABI/f7b174abc9c5279bdc55dad9ab2f159c7b4fa968
=== RUN   FuzzABI/f80b1f7a4bfb724963f231fd581c0625b4ef76b3
=== RUN   FuzzABI/f84063102f3f70d4eedab1ea2373f810114261ac
=== RUN   FuzzABI/f85532b4de50a095618230c78848fb001a40888b
=== RUN   FuzzABI/f899202b6f55e9f5e962e792d758d466a6efccaa
=== RUN   FuzzABI/f8d8dff20165a5ee937b09e562b11bb60fc28790
=== RUN   FuzzABI/f8e4a175fa5006737f392c8b97b176bb6f421f98
=== RUN   FuzzABI/f90a86a0cba526b8bc82af9039d6cce1a5166d44
=== RUN   FuzzABI/f9598a2ccf38f43a4922d580dd4ef4c3625c4371
=== RUN   FuzzABI/f9924cd7cf13036c3b7456938c325ef662c368d2
=== RUN   FuzzABI/f9f2a927231acac50a10575c254c257dc8efaeb3
=== RUN   FuzzABI/faf6d5692be1c58f3e648a6705adcac9392f48a4
=== RUN   FuzzABI/fb5485cef5dfa6593c2cb30c3195d2343454d80f
=== RUN   FuzzABI/fca6230d8640b369c812b4d7c8d7df4ba7e36480
=== RUN   FuzzABI/fd4e6fef4c94ea800cb925dd63ce1ae9b5fb8521
=== RUN   FuzzABI/fd591d6d71e54093cd5cc867df352b836d36b5d5
=== RUN   FuzzABI/fe97e74d6bef88466aba3eb470c1f305d3148f7e
=== RUN   FuzzABI/feb037a7edb293ffda0e60b0e5a305ca7d895362
=== RUN   FuzzABI/ffc24c4bc82fcf4cc71d805197a96af0d9e9af30
--- PASS: FuzzABI (0.09s)
    --- PASS: FuzzABI/00db215ffef3ca47f7f18617e6f1705f6c47c152 (0.00s)
    --- PASS: FuzzABI/023038ca1eba480b267130803d4fd0d2610b368a (0.00s)
    --- PASS: FuzzABI/02827d63aab10326e1be8379baa67d557174adcb (0.00s)
    --- PASS: FuzzABI/035fbaa7974b2154fc40c7c5c8d3e44ee91159b7 (0.00s)
    --- PASS: FuzzABI/03b4ecffb6b7e60113f4b5ffe28b4365002560cc (0.00s)
    --- PASS: FuzzABI/03e07eea52f8292845d808c8d4d53d719fffa4fa (0.00s)
    --- PASS: FuzzABI/043bfd70bb2c1c078159a7d41e5c113b808eab5d (0.00s)
    --- PASS: FuzzABI/044f92f5f3373bcbf824e71b93c579a22d9783ee (0.00s)
    --- PASS: FuzzABI/04974c54a70a7285935bf4e8ff455665040a0667 (0.00s)
    --- PASS: FuzzABI/04d1b96719b4e551a48f455376013058cad834b2 (0.00s)
    --- PASS: FuzzABI/04ff0351c2e2d8ef8abedc3c853714f95472604d (0.00s)
    --- PASS: FuzzABI/05392cb993f6a64ccd64e744b0d62f6b74989d04 (0.00s)
    --- PASS: FuzzABI/06b4f7d9288bc7eb14136256b3cf7d7d835725f1 (0.00s)
    --- PASS: FuzzABI/0879b62456725cbffad629ed3a0d7e2375b9491a (0.00s)
    --- PASS: FuzzABI/09903659e8c17dc0dbb4a3023d309632c3a2b28b (0.00s)
    --- PASS: FuzzABI/0ab797bbe9d8b19ae2b889f5b9914649a6cfdcb2 (0.00s)
    --- PASS: FuzzABI/0acba59a1670f066c1a62485cd220cbc449a71ff (0.00s)
    --- PASS: FuzzABI/0ada2b51d68dd222f739263d29edb6b669e0527e (0.00s)
    --- PASS: FuzzABI/0b6eb9c1e4b35f75c4486247084346ffabc16026 (0.00s)
    --- PASS: FuzzABI/0c6d2307ae34440d9f8fd0911c0643669d0903c8 (0.00s)
    --- PASS: FuzzABI/0ccd69f7828fcb8397fdc6e9fbf0cbb68c38bef5 (0.00s)
    --- PASS: FuzzABI/0cee277d84deec2e2d26ea9880510361db54aedf (0.00s)
    --- PASS: FuzzABI/0d2e4f2b6f7f9a227eeb1e4897b40ac113f093a1 (0.00s)
    --- PASS: FuzzABI/0d620e5d39f3597562a4296ef25c062a2838bb11 (0.00s)
    --- PASS: FuzzABI/0f0286d661aba304acecbe538c4b8bc5bb56e302 (0.00s)
    --- PASS: FuzzABI/0fcf8b9a00f37e5f69fff264f09c86c8dd9c956b (0.00s)
    --- PASS: FuzzABI/10a19ef9d3d48a9899eff2da4a6e9ef1c8896a8e (0.00s)
    --- PASS: FuzzABI/112422f74b4a2e5e2c56262095fb3f32be3c819a (0.00s)
    --- PASS: FuzzABI/1178b8b65f574c1008461c5bf1a58877bef33cc9 (0.00s)
    --- PASS: FuzzABI/11ce79f99bbe3b4dec7e758f3cffa19a81893347 (0.00s)
    --- PASS: FuzzABI/12a32950c12d7f7aaadc532ab48742083f4d208b (0.00s)
    --- PASS: FuzzABI/12dabca58baeec31a3714a30e45bfc3fb83fdc0e (0.00s)
    --- PASS: FuzzABI/13df62728341da4d1e9baa15300daeb650c8e8bb (0.00s)
    --- PASS: FuzzABI/14b2b42a8b696797bc7110fb16f806a7fde3a7d1 (0.00s)
    --- PASS: FuzzABI/14d96cb7308d2378fb508cbc0d2b6c07060e16c2 (0.00s)
    --- PASS: FuzzABI/154359c5ce32d6df11fed2a6ebc71ccc1680b75c (0.00s)
    --- PASS: FuzzABI/15b26ed530ff4c37f23b27fb458fa25a076379c6 (0.00s)
    --- PASS: FuzzABI/1640150b7037cbec72222ac9ea2df4c861cb9a18 (0.00s)
    --- PASS: FuzzABI/1652886a167e217f706fa20bfb96fc7e84534174 (0.00s)
    --- PASS: FuzzABI/16cdc1d6f5e25de4aaa2548ccfb8c6dd2fd39036 (0.00s)
    --- PASS: FuzzABI/181ec03d98c479f5c7434a5cb43d90490d2eff81 (0.00s)
    --- PASS: FuzzABI/193271dc4fc99b8563319631d3da901edca745a7 (0.00s)
    --- PASS: FuzzABI/1a47e82e0d828fde8f2416d96a4845ce82917162 (0.00s)
    --- PASS: FuzzABI/1dd6abb004b81913d1c61fdfa348c0eda7eed4f6 (0.00s)
    --- PASS: FuzzABI/1e1428b385572f3bcd995181b7e1885698fc661d (0.00s)
    --- PASS: FuzzABI/1eada056a19878f05c158ed4807f4b604bbcf8f6 (0.00s)
    --- PASS: FuzzABI/1edd61430644fc7e52860f36193359fba45810e1 (0.00s)
    --- PASS: FuzzABI/1f189e17cd2b31ef34cb24d68cf64eb269093ff5 (0.00s)
    --- PASS: FuzzABI/1fe9d5e94d5765bad7bcada0ee448fd340589fff (0.00s)
    --- PASS: FuzzABI/2078acd47c6e91d5443226fe8675a71cadc06d23 (0.00s)
    --- PASS: FuzzABI/21063cf97a66a1e7be7f39a0145b084b778f0f5c (0.00s)
    --- PASS: FuzzABI/21aec46b2f6f76364fc251d27115627a8f96abc8 (0.00s)
    --- PASS: FuzzABI/21e376e77e0357d5ddbad26c29961fd9a280889d (0.00s)
    --- PASS: FuzzABI/223d59d5070f7490bfc956bb101cc11e7cdaeb1c (0.00s)
    --- PASS: FuzzABI/225d8e9c2c06458b92fc1990eeda27d345374b08 (0.00s)
    --- PASS: FuzzABI/22c01c19360042e2b50eb842ca8ca6ecc348c116 (0.00s)
    --- PASS: FuzzABI/22c41308c5ed8c07a5da5608396b0da7532214f5 (0.00s)
    --- PASS: FuzzABI/22ee978171a2634a50c4329865426128c45a723d (0.00s)
    --- PASS: FuzzABI/2532b623fa51ef90f55a9da5483002a888708ed3 (0.00s)
    --- PASS: FuzzABI/267543fa7dc55b54ae6ced209af6bcfce2ab0fca (0.00s)
    --- PASS: FuzzABI/26a7f9fe20787e5de799488db74201eb094ca696 (0.00s)
    --- PASS: FuzzABI/26cd5a3824eefa6e9e6794ca7ff1a94fd6bd185a (0.00s)
    --- PASS: FuzzABI/26e343fc540c68bba76f782be79951f4de6cd69e (0.00s)
    --- PASS: FuzzABI/275cd3bbbe259df553cb5292e9a3f2b874d4b92a (0.00s)
    --- PASS: FuzzABI/27bbf6bd2722ff6819556a815ac6faf7f36d2c35 (0.00s)
    --- PASS: FuzzABI/27bde0778256898b3f24898da051a519a5ce328d (0.00s)
    --- PASS: FuzzABI/27eed0fa6cc8691849b4e06a4055ed7d143ebc63 (0.00s)
    --- PASS: FuzzABI/28174e98a35acc5bd2607914e123f4d9b7db78f0 (0.00s)
    --- PASS: FuzzABI/28f9de9ce19705282b038d0aa87bf9b93c9c457e (0.00s)
    --- PASS: FuzzABI/29c614f6188c29a1b81f63a2562652b0c7f6bf7a (0.00s)
    --- PASS: FuzzABI/2e5a737f1eb3aa34c813198508f20fa8b8d35148 (0.00s)
    --- PASS: FuzzABI/2efe96df628b86ad9c062576180c173a49a061ee (0.00s)
    --- PASS: FuzzABI/3040b7e60c3dc07be5cc538d70b5a527034c55a0 (0.00s)
    --- PASS: FuzzABI/3289454ca3fd67f6a8261d6236519e6a2fa9fde3 (0.00s)
    --- PASS: FuzzABI/33c1579a32f3ba88a47e2029a9196de48cd1cb32 (0.00s)
    --- PASS: FuzzABI/33dca341eb2407da987a9d15c499653190be4ee5 (0.00s)
    --- PASS: FuzzABI/34daeaae70dc0f331a060f18f4ddf71277f430ae (0.00s)
    --- PASS: FuzzABI/362d27f7de5b80d0d50817b06c433fbc43c0a6aa (0.00s)
    --- PASS: FuzzABI/3656b6b0ca8af6862d3e0c86454734bedc6bb6ca (0.00s)
    --- PASS: FuzzABI/3682a1753f79c7262ddab1685b626bbe5bd259bf (0.00s)
    --- PASS: FuzzABI/38879b51ba1f9ef21a58bc2ce23c8dc172f5088c (0.00s)
    --- PASS: FuzzABI/3b39c5ce4b2f72ff873695e456872e64d44e1f53 (0.00s)
    --- PASS: FuzzABI/3b4cfda20f1b69b1dd4926537354918e1fb3a1ff (0.00s)
    --- PASS: FuzzABI/3b53d113986ac9b8e5eddccbf654dfb7a77270d5 (0.00s)
    --- PASS: FuzzABI/3c83bea7abe1c97eae6ab2b690c91844582c6bb3 (0.00s)
    --- PASS: FuzzABI/3cd134877b6af177276d01b0948bb7aeae1de147 (0.00s)
    --- PASS: FuzzABI/3f526bc084373a9a00f73028b1bbf462831f68a5 (0.00s)
    --- PASS: FuzzABI/41101a8ef598c5f9a326cf37bc3e0598813b8867 (0.00s)
    --- PASS: FuzzABI/413d1bd67952d8af7d5b167ff86a5ceb7d3fb8c7 (0.00s)
    --- PASS: FuzzABI/414e73eb560e4e91fce6870efc8ee88b368576f8 (0.00s)
    --- PASS: FuzzABI/431fad3c33a481f02248038620d8764f6fab0994 (0.00s)
    --- PASS: FuzzABI/43f731820fa375fbd20e2bf4e18a4e91b8325037 (0.00s)
    --- PASS: FuzzABI/441c8fab90373ca39c33fb1d8b55588a70872236 (0.00s)
    --- PASS: FuzzABI/448b40dca72f5905f3727d98c32bf09ab4d06932 (0.00s)
    --- PASS: FuzzABI/44a165b8fc5c35f02a6e975140388502cf087d6b (0.00s)
    --- PASS: FuzzABI/44ca351e3af1a43e1619ff581cb59b20f74f3163 (0.00s)
    --- PASS: FuzzABI/44f264d8445a5b35124cb49dd9b166a0727b0d31 (0.00s)
    --- PASS: FuzzABI/45e5fcdffd681adb67f982cdb12bc91dcaad5a6f (0.00s)
    --- PASS: FuzzABI/4618a9215ff29196409df1bfc0966919e5c7de26 (0.00s)
    --- PASS: FuzzABI/468acfd1a710fcf0702582eb7c6472508dad7014 (0.00s)
    --- PASS: FuzzABI/46918fa56efff10083cf6661db9d6d19ee420dc9 (0.00s)
    --- PASS: FuzzABI/46cfbc5221579aa3fefe26887afb6962d6371e7d (0.00s)
    --- PASS: FuzzABI/46e81e94e3456170c546f167d1b7b0e913e78941 (0.00s)
    --- PASS: FuzzABI/47098c8472224ff53bdfd625b7769aec20be12ad (0.00s)
    --- PASS: FuzzABI/47342a37b62fddc19ca12d7113c62c7689ffec16 (0.00s)
    --- PASS: FuzzABI/48df958132b2208d2aa4b6b85b7ddc888d857617 (0.00s)
    --- PASS: FuzzABI/48e2139f2af98b8c73a3776a93cc035a031316ed (0.00s)
    --- PASS: FuzzABI/4907efbf16057d05309374a44115f611cc41e009 (0.00s)
    --- PASS: FuzzABI/4a83c5652e0ee864008aa0bd56fce3e0ca42c137 (0.00s)
    --- PASS: FuzzABI/4a8bebc272d27646f2ceeb78a48b3767f165c067 (0.00s)
    --- PASS: FuzzABI/4af5ee67404a69baf1251bd36253566aa5f64b99 (0.00s)
    --- PASS: FuzzABI/4c776ffc0d1d50f4f3a45f54b5adc4e85e68f270 (0.00s)
    --- PASS: FuzzABI/4c99c0453f13a7b14c44c6ef5465b513c5830eda (0.00s)
    --- PASS: FuzzABI/4db14454baf5786a65e672eeeaf2a7ee2688cc20 (0.00s)
    --- PASS: FuzzABI/4df12a7f513afe8cf5cc5eb51a4c79ed10cf0b41 (0.00s)
    --- PASS: FuzzABI/4df6f6a847a1f39c971e50fc03e0d8d70088e84f (0.00s)
    --- PASS: FuzzABI/4e2caf7c44617be0d498b5b57a1f9709cdbf4668 (0.00s)
    --- PASS: FuzzABI/4e312c73a304ada77b3aca759d60633b00e22f99 (0.00s)
    --- PASS: FuzzABI/506b4b5c8e918228a846ebf373846bd3a3ebf1c3 (0.00s)
    --- PASS: FuzzABI/50fecc14f9c95a0f34aad6190ebb69e8b8a15a54 (0.00s)
    --- PASS: FuzzABI/5100a2e36ac18467cb080509ff82fc937587005e (0.00s)
    --- PASS: FuzzABI/513ddd54bfd5e3943efb85c9d0fb22d487e3f3c9 (0.00s)
    --- PASS: FuzzABI/5301cba9799ef0b00afd3c3f5a3bbc0593a368b8 (0.00s)
    --- PASS: FuzzABI/534cf227ba1571e8658d726bd854aec1e0c409ca (0.00s)
    --- PASS: FuzzABI/54237ceaa6b2c390f72bb6cecbadbf6f5d1544e5 (0.00s)
    --- PASS: FuzzABI/54f75bf0686f7969bf82a05a6d5fefc2fd7a5aec (0.00s)
    --- PASS: FuzzABI/56538ca62c44afb9436cfcf41c44d6149f4a1549 (0.00s)
    --- PASS: FuzzABI/568726a121957ba9034ee958803eaa6e1c8d6d81 (0.00s)
    --- PASS: FuzzABI/57e4f42e4a9d7ac04a2cec0d5ba12b7ef36bcbe4 (0.00s)
    --- PASS: FuzzABI/595ee700bf034bc1bdc786dcd249e6b9b649258d (0.00s)
    --- PASS: FuzzABI/5a5f768f69e5e6dfd6e0f16d2ea43ee69ac284f8 (0.00s)
    --- PASS: FuzzABI/5ba4be81f1fff2011dd80be637c76a746f461fce (0.00s)
    --- PASS: FuzzABI/5d25e986624cf23b6e5d6bbe323ff618040a7328 (0.00s)
    --- PASS: FuzzABI/5e3793553e0bd76dd2178e8c47f59576135b2917 (0.00s)
    --- PASS: FuzzABI/5e88a3a03a8260829e348432e99b70c09211ec60 (0.00s)
    --- PASS: FuzzABI/5ff46430f52e30a1aa0f09873c819661bcc7e7a5 (0.00s)
    --- PASS: FuzzABI/5ffc74cf54b684491452203c2d8826a243223394 (0.00s)
    --- PASS: FuzzABI/6141e2614d60dd5cddbb3e94690a4e3d1381c644 (0.00s)
    --- PASS: FuzzABI/6234b1c212508ff632f3795b81c58f7bf76fb2ff (0.00s)
    --- PASS: FuzzABI/633bf1657931b50b1142abedace52fcf4361b6f8 (0.00s)
    --- PASS: FuzzABI/6371dc20fa3b055a6c0973836204a23023a4aad3 (0.00s)
    --- PASS: FuzzABI/63c55706ef2beb57e3b3bc2673deb38055246c6d (0.00s)
    --- PASS: FuzzABI/649f424f27878c2bce8927e4de035b624c765931 (0.00s)
    --- PASS: FuzzABI/65f95c0d164108602b4c569c5c8f4ca77443a414 (0.00s)
    --- PASS: FuzzABI/66f9a40e9b9c24ae58ed53e45b520860c2ab24f7 (0.00s)
    --- PASS: FuzzABI/678197424a7fd0cdbaaeee4749bc3a5c7bffbb58 (0.00s)
    --- PASS: FuzzABI/6795e2f05fb9654632e3c5351225c7b467cf8c31 (0.00s)
    --- PASS: FuzzABI/67c404ce71d47b4e2fbc8cb65ea7bd7363c93d72 (0.00s)
    --- PASS: FuzzABI/68e46c685d6ff9fbe7c2fd1683409aab37cbe0d2 (0.00s)
    --- PASS: FuzzABI/68eb59f7f25250fa52e8d2aaeb40ce2027c57008 (0.00s)
    --- PASS: FuzzABI/69e485bd482bf2e6396bb0be756865578bf0618e (0.00s)
    --- PASS: FuzzABI/69feac37bdf3b875d806f4d36ae4ac5b4092275f (0.00s)
    --- PASS: FuzzABI/6a793e2f9869fa6b519f7426d92bd11a1be08b57 (0.00s)
    --- PASS: FuzzABI/6a8c5cbb8b65edb6e593cd620dc9cabbef30b960 (0.00s)
    --- PASS: FuzzABI/6abba76ad5da129edc5c36bf79ace66f50e83103 (0.00s)
    --- PASS: FuzzABI/6ac523385d55d698132d07d91c7c8a07c54f3c80 (0.00s)
    --- PASS: FuzzABI/6ad57d9724143ae481c689d2dc3125818bd9534d (0.00s)
    --- PASS: FuzzABI/6b602272dce99e7e5d7d1b78b29da785c9957bd6 (0.00s)
    --- PASS: FuzzABI/6bfdddd1bbe3b5fbf215c18e45944b80da470543 (0.00s)
    --- PASS: FuzzABI/6c80b4fafb0b1ad1a0b5cc35d9e01db0ea65c353 (0.00s)
    --- PASS: FuzzABI/6d730b2c6b5c269615c1cf06f898be8a34f2df7d (0.00s)
    --- PASS: FuzzABI/6f12d80fd2473bbb684dc7fbf635e517b13a00e4 (0.00s)
    --- PASS: FuzzABI/700fb0877e0e8b33edf5c55bc3c7759389d9f217 (0.00s)
    --- PASS: FuzzABI/709d55c79d1871fdfc2ecda3662c240e054a5892 (0.00s)
    --- PASS: FuzzABI/71853c6197a6a7f222db0f1978c7cb232b87c5ee (0.00s)
    --- PASS: FuzzABI/71c91723f37b5232e5c41fcbb24da0e3f0d379a1 (0.00s)
    --- PASS: FuzzABI/72837d91eb348c7525056c4ebcaebce5cc6bc1dd (0.00s)
    --- PASS: FuzzABI/7341b9c7ac4a4cc220918ad6df22c6676d169107 (0.00s)
    --- PASS: FuzzABI/7361cec23ca2c1ea13f373796cb28bc9bc34da23 (0.00s)
    --- PASS: FuzzABI/73d5b3ad8b5bc27fb759c9312d72d4bbd2c80a98 (0.00s)
    --- PASS: FuzzABI/73e8e25bb41c6f9b365dc7a41d847287e1ac97a2 (0.00s)
    --- PASS: FuzzABI/7444adef0d414f6635719de9f3a99ea71fe77895 (0.00s)
    --- PASS: FuzzABI/74b96ea5a596e4379b5e1a560a466967cce271cb (0.00s)
    --- PASS: FuzzABI/75591f7bf98fe2c45dab5423880ac99c66e6aeea (0.00s)
    --- PASS: FuzzABI/7562d3f4f0352a8deaded56541e08cc58062a7d3 (0.00s)
    --- PASS: FuzzABI/75e0eec87cb7e7bfed9ac7aabc703fa6443e4c50 (0.00s)
    --- PASS: FuzzABI/764f0c22c1fd07b9f2904bf3ce1273b65a09a2c7 (0.00s)
    --- PASS: FuzzABI/767067a5acaad2e30eb40cd17b1f4b4956c70bdc (0.00s)
    --- PASS: FuzzABI/77554484a565d840f710a85a2b07511396690b24 (0.00s)
    --- PASS: FuzzABI/7758087eb1071ac46da8e3ee43a880f92d8bf100 (0.00s)
    --- PASS: FuzzABI/7b0495bd78e4356a5700f7b298baf98aefa9a26a (0.00s)
    --- PASS: FuzzABI/7b89710ed032ce9a51da7285d15f506b7346ce4a (0.00s)
    --- PASS: FuzzABI/7d8d372fb5ae27d0380bc803064c5e8e7ab667bd (0.00s)
    --- PASS: FuzzABI/7e3fe2621849f9c8575d9fc5bb563098444beeef (0.00s)
    --- PASS: FuzzABI/80223d689e0e300e381b499c71fbe26268b25f04 (0.00s)
    --- PASS: FuzzABI/8137193fa0a9a7908d873531f1c443cc9674d5ba (0.00s)
    --- PASS: FuzzABI/8264434fda37bdf4e0eefd0ed60f8f8e64981db0 (0.00s)
    --- PASS: FuzzABI/82b4c21e331d0d32d476d3df154967c34f297c25 (0.00s)
    --- PASS: FuzzABI/82dcf9cfb70ce5851b22d13a3f29ce8d300ef5eb (0.00s)
    --- PASS: FuzzABI/844320e21009979a36bffd4d1d5b4b87d1ad80ca (0.00s)
    --- PASS: FuzzABI/84d30479f0a1465b2ef243d72955d67357036e95 (0.00s)
    --- PASS: FuzzABI/84f4310bc8247eb9f5de129897e33081fde9df0f (0.00s)
    --- PASS: FuzzABI/850fbccbb602631fee748a9088a48e1d1ca3653e (0.00s)
    --- PASS: FuzzABI/85e53271e14006f0265921d02d4d736cdc580b0b (0.00s)
    --- PASS: FuzzABI/863e2ffa60d251348c5b954227887299b5b118ec (0.00s)
    --- PASS: FuzzABI/86d6f457ee593375edca6513740e475adaa8ca1e (0.00s)
    --- PASS: FuzzABI/87c987d9f1b2df15ad4e7f15ac666bfc2cd7ce2b (0.00s)
    --- PASS: FuzzABI/87cf231e76651a3775975537e9c62ac6c6605dcb (0.00s)
    --- PASS: FuzzABI/8832aef6a9fa5bd3158666156ba92eebb80a47bf (0.00s)
    --- PASS: FuzzABI/88b0981e6ff6f5d43ed486a512648150a158fa59 (0.00s)
    --- PASS: FuzzABI/89e005425c9378d479b6304c6d0e69e98558e2d9 (0.00s)
    --- PASS: FuzzABI/8a56143d6527a91b99fa449153485b450853d60e (0.00s)
    --- PASS: FuzzABI/8a6b1cb98f320783d865f42b42b2034ff6391a2c (0.00s)
    --- PASS: FuzzABI/8b0c411a10f30da217cc5a178cfd63cf646a4dca (0.00s)
    --- PASS: FuzzABI/8baebc9e7b006280b881350f17095f0a856578b6 (0.00s)
    --- PASS: FuzzABI/8dab8874222605974f1a224b74f7dff4d28bfaea (0.00s)
    --- PASS: FuzzABI/8ddb62128381acfe6b082e80ee2752bfbcda2f8e (0.00s)
    --- PASS: FuzzABI/8e1042009ce28a1268f047b3b336e0f0b0f7bd04 (0.00s)
    --- PASS: FuzzABI/8e9a98459d99181cd93d1255663a249b6fb4f82a (0.00s)
    --- PASS: FuzzABI/8f59f34ebffc45218b6c294333341c495338a261 (0.00s)
    --- PASS: FuzzABI/8fb34c1ea30f7c25da753a0445226746af7d3aee (0.00s)
    --- PASS: FuzzABI/8fdb37403a9a5c361ca5a38877ffffa5edf17097 (0.00s)
    --- PASS: FuzzABI/8fe449ffa8b1873bb945e8836dc5b3d44c197ce6 (0.00s)
    --- PASS: FuzzABI/9011001aafe7ca127239d989abd5922b996dfc63 (0.00s)
    --- PASS: FuzzABI/9069ca78e7450a285173431b3e52c5c25299e473 (0.00s)
    --- PASS: FuzzABI/90d2784d4095f1ed214e51ef24fde569bdd2cb3f (0.00s)
    --- PASS: FuzzABI/9118d9a468e0fdee576b494703d48e43c1a344ef (0.00s)
    --- PASS: FuzzABI/9199403ffd61804507db9f528b141181e1071a17 (0.00s)
    --- PASS: FuzzABI/91cfe231ffd382b1b512aa978b03ce8e1546127b (0.00s)
    --- PASS: FuzzABI/930945aa1f6488148a25f1d4dcbeb202372bfd0e (0.00s)
    --- PASS: FuzzABI/931331237c9c0c381e3362613c25215e2ad60035 (0.00s)
    --- PASS: FuzzABI/936462c97f1836efddd2a9a958575d8207b8dc22 (0.00s)
    --- PASS: FuzzABI/93701fa5ccc79a2aa18ae62e54ea7f617d3e99df (0.00s)
    --- PASS: FuzzABI/94022e24663232a6a01e7cd63f3f96128f42c36f (0.00s)
    --- PASS: FuzzABI/94a140d366c4b4633759c1385110a273bbff4067 (0.00s)
    --- PASS: FuzzABI/95f3d85a45ca4fc7d3f74238e5800101ce6f2705 (0.00s)
    --- PASS: FuzzABI/96ad8944a5a2175347d0e5d2297de03f0fc0325d (0.00s)
    --- PASS: FuzzABI/97046b907d1203b6573cabe1182cd8b7faecfb58 (0.00s)
    --- PASS: FuzzABI/9749439517bf0c80cc2f2533005dddd2f94372e9 (0.00s)
    --- PASS: FuzzABI/98eec5980ce1c7cef75ce4709102e7fc27ade71e (0.00s)
    --- PASS: FuzzABI/99c40ab5f7f9d59be8a749b90833a61893844fab (0.00s)
    --- PASS: FuzzABI/9cbff58048b48af2f628ec9bd505fbcd20ecc496 (0.00s)
    --- PASS: FuzzABI/9db65a227f16a9de50f8f3df0b5296b481bf9abe (0.00s)
    --- PASS: FuzzABI/9dc753c98dceb622e6d6f3ff519958db6dfa42e4 (0.00s)
    --- PASS: FuzzABI/9dfdba759b606005003e530f1a44db80bc6c08b9 (0.00s)
    --- PASS: FuzzABI/9e075b264f41bee04d7974ba8402b8417e81333f (0.00s)
    --- PASS: FuzzABI/9e24f6e3c98b3d34c2d8c06f779b758a4e45f095 (0.00s)
    --- PASS: FuzzABI/9edcbbc6b490371f52ef1ecf3a919fa253c45e21 (0.00s)
    --- PASS: FuzzABI/9f085bffba7db0f6abf6f2f3d903ff9912d5f64a (0.00s)
    --- PASS: FuzzABI/9f12d55514420b9d160d052f93648c4e036bd18c (0.00s)
    --- PASS: FuzzABI/9fec8119c14c28fa6b74e535725bd3718913c325 (0.00s)
    --- PASS: FuzzABI/a07fa2432522cc8fefbb4fc33f3aa086c4e7dc3e (0.00s)
    --- PASS: FuzzABI/a1b62a07879de567effa6a93e767fcf2d6a3eac8 (0.00s)
    --- PASS: FuzzABI/a1fd70d8b50e701b4eb03a30a232d391ee9dafae (0.00s)
    --- PASS: FuzzABI/a4f7edecab17f877a21ac966a5580774b977187a (0.00s)
    --- PASS: FuzzABI/a56bca95a045c971cf616d240cd4a518a8043baa (0.00s)
    --- PASS: FuzzABI/a5efe5ab545a6eaa29a62d6eac8c3965e134d789 (0.00s)
    --- PASS: FuzzABI/a6c446f3d6c38c9b2b5b6770723a6d3e83bfe7c3 (0.00s)
    --- PASS: FuzzABI/ab055406e0b5e2240373a659418e95928d788177 (0.00s)
    --- PASS: FuzzABI/ab10f88c989a9e65f80a0fcc2e36c16c24b42f73 (0.00s)
    --- PASS: FuzzABI/ab1e8ac37908ed194aaad706ae4da8da3f457939 (0.00s)
    --- PASS: FuzzABI/ab5701fda77bb3c1c62a4ee9bdc46efd0552e62f (0.00s)
    --- PASS: FuzzABI/ab6e90200cdf6336af87d54192afe089d6026d0a (0.00s)
    --- PASS: FuzzABI/acdbcadfd9c5494b1381c68308e35ec53747037a (0.00s)
    --- PASS: FuzzABI/acde31cfd696e586a93d59cc74bd6f819daded96 (0.00s)
    --- PASS: FuzzABI/ae2f04c963a12c78685ab50f1426f80163418f20 (0.00s)
    --- PASS: FuzzABI/aeb96e6edc63cb2b86de1c22ce1eb13116d6714a (0.00s)
    --- PASS: FuzzABI/aee994b1cae9d2e7597de19724c5c483d2a014c8 (0.00s)
    --- PASS: FuzzABI/af2432cb56708c00c478aa6d00359d4f483bf7f2 (0.00s)
    --- PASS: FuzzABI/b0705b4a931d7c0fb6f7aa323171f201e2624d58 (0.00s)
    --- PASS: FuzzABI/b0ff2c13ce9b9a80c7fb7385c41962cdeccdb7a9 (0.00s)
    --- PASS: FuzzABI/b197e45948cb53f01d16a50c6537be29bb0dd05d (0.00s)
    --- PASS: FuzzABI/b1c576c2ab0ed41ff3bfc7ec57654b758573c6cb (0.00s)
    --- PASS: FuzzABI/b1eb2b064a6de7516be29e19c437a5059613a52f (0.00s)
    --- PASS: FuzzABI/b201c04fc182c4c47ec67e5e2557257c52410b85 (0.00s)
    --- PASS: FuzzABI/b223a45e0e84da76d93e586228f73b075dd50d75 (0.00s)
    --- PASS: FuzzABI/b26fc7c5f6a335dc7ab45d73cd56bf94414fdc23 (0.00s)
    --- PASS: FuzzABI/b2dc4876cb70d91ce91008db33181e2335e987d7 (0.00s)
    --- PASS: FuzzABI/b468787126edf6688e67acb16405a867c74ff29a (0.00s)
    --- PASS: FuzzABI/b4f55a5529b97084f2131f42b1502e453813bd04 (0.00s)
    --- PASS: FuzzABI/b60c16e84b34c3b51a25bae3298e3f079aaca9b3 (0.00s)
    --- PASS: FuzzABI/b86b6d0b1d40d64ab3ca9c1f50b16a75c130ab14 (0.00s)
    --- PASS: FuzzABI/b8d0eabb13486313cda985dc20ffe13a2a9819a7 (0.00s)
    --- PASS: FuzzABI/b8e2f2020e7cff41cd1ccc7c22a0b0909af6cd7b (0.00s)
    --- PASS: FuzzABI/ba7f46ce07dac74fd54b074b94ec7d5c3c7f7e2d (0.00s)
    --- PASS: FuzzABI/bafccb9e52922a584fe3327aa568d384c7e02bfc (0.00s)
    --- PASS: FuzzABI/bb7119d6915388f99d1d2a18c12955c690a84e5d (0.00s)
    --- PASS: FuzzABI/bbadfbef7cb928c8307eda64030f52353a5f7082 (0.00s)
    --- PASS: FuzzABI/bd3f8def986f958a70a28b2b1a913682357eeab0 (0.00s)
    --- PASS: FuzzABI/bda44cc41c0d1473e65e7f84e3c6d88832bcad0c (0.00s)
    --- PASS: FuzzABI/bdc2b7cfe1f8501fee01beb627207544ce0466ab (0.00s)
    --- PASS: FuzzABI/bf027a936ea37922a4fb8c67e6a201ba8105bf81 (0.00s)
    --- PASS: FuzzABI/bf31da320b76b572c5df868a51fafa597e138e65 (0.00s)
    --- PASS: FuzzABI/bff09ffb182bcaaad3552a4c4a7974a87dd0bebe (0.00s)
    --- PASS: FuzzABI/c1787e49dcd03ca8aa7673680fe4cc3a597514af (0.00s)
    --- PASS: FuzzABI/c369e192efaf177e64b2143719481dcef5d21b3f (0.00s)
    --- PASS: FuzzABI/c3aa0ea0fe2ffc19dcdc7ba356155f974be23b25 (0.00s)
    --- PASS: FuzzABI/c4ae71795f41444e12ff5cd3c6ab8454e06af5a9 (0.00s)
    --- PASS: FuzzABI/c55d81f6a9bf0e11d378bc2da81ac56b238b59d4 (0.00s)
    --- PASS: FuzzABI/c5b78ce9ff4b46a500fdd6d24b15b7cf92df1764 (0.00s)
    --- PASS: FuzzABI/c5cbd121790aecbca9c5514bb80767b86d075c65 (0.00s)
    --- PASS: FuzzABI/c66541c11df95a14abf84133a1a4cabd60ccfec7 (0.00s)
    --- PASS: FuzzABI/c697df12139fadf69e3502d7b45e1ed1f0777877 (0.00s)
    --- PASS: FuzzABI/c7f2a6b5a895b9c396d124a2d3dc2d7941b35556 (0.00s)
    --- PASS: FuzzABI/c80b6d18fd20b05cc765fed35a1be2e1bc30b9b7 (0.00s)
    --- PASS: FuzzABI/c8cb183e63c89e28c0c02829f14728f1eb5a2968 (0.00s)
    --- PASS: FuzzABI/c920b3d030072b55ee54cf94667835c5e8d404fc (0.00s)
    --- PASS: FuzzABI/c972730c17e6ac4653ef70111678c5fc75f3db0e (0.00s)
    --- PASS: FuzzABI/ca5d9c13f487219a9bdfa02e724554ed1ebe25dc (0.00s)
    --- PASS: FuzzABI/cb2cb7636fc63bd52dc1b145605e416308552e4d (0.00s)
    --- PASS: FuzzABI/cb49053ee5f47506f100df79a183deeaace33b5e (0.00s)
    --- PASS: FuzzABI/cbdc65ae47429325263c2d636cd61ed5e54f8308 (0.00s)
    --- PASS: FuzzABI/cbed2b16e1817aa97d40fdd54013a7b173f1578a (0.00s)
    --- PASS: FuzzABI/cd7c1793d90f00606646395adb2767c7afc4f599 (0.00s)
    --- PASS: FuzzABI/ce23fc3a8c6fd82291fb38c4f5d879e411b1fc96 (0.00s)
    --- PASS: FuzzABI/cfd800ba0ac51145138202c5d117ad1bb082532e (0.00s)
    --- PASS: FuzzABI/cfe91dd22e6d6e8af658451c1752d96a20e752cb (0.00s)
    --- PASS: FuzzABI/d1aad7e9dcbfed2e9fdd6a986521bd4aa477e69f (0.00s)
    --- PASS: FuzzABI/d1c5e912599b4e5545778ef658ffde6490c463cb (0.00s)
    --- PASS: FuzzABI/d2a7111d8426edc32865e25b6572f753d862f739 (0.00s)
    --- PASS: FuzzABI/d2c2ded03e464480b2fa51c6aa1eef5e047ec00a (0.00s)
    --- PASS: FuzzABI/d2e4a19a781723ed33a13b7d1895b2e454288e36 (0.00s)
    --- PASS: FuzzABI/d31a71bf5620c180b76f3a866e4ec651cac4439c (0.00s)
    --- PASS: FuzzABI/d36500fb10fe5940943f285399aaa6524fd032cb (0.00s)
    --- PASS: FuzzABI/d4ae1e9ad7ab5439d270109aa3b2e767523a1cb7 (0.00s)
    --- PASS: FuzzABI/d5164264169917ea3a40b2aafa42883daa968994 (0.00s)
    --- PASS: FuzzABI/d52f458c8615321459acb5cc994baf0f65c51b0d (0.00s)
    --- PASS: FuzzABI/d642e64661ab6c89cd5b9c3e345e37f9024eea8a (0.00s)
    --- PASS: FuzzABI/d67047530f8d12bb9a3fc3e8bd9e3be600192de6 (0.00s)
    --- PASS: FuzzABI/d7312fa17861fc5ea194ef63989322e7e98ff07e (0.00s)
    --- PASS: FuzzABI/d773bec7816a9cd89ebf074291311f983d3d1216 (0.00s)
    --- PASS: FuzzABI/da123180db57b34acaf74ade88557eedcb346658 (0.00s)
    --- PASS: FuzzABI/da8f2e888d647f0b53f9d067a2183d6454c0bc2f (0.00s)
    --- PASS: FuzzABI/db8a58b9fa5c0d3417d731df9c645a3fc2fe86a5 (0.00s)
    --- PASS: FuzzABI/dc1e916b8c2f3d91f12a0d6a9599f52eb6315d53 (0.00s)
    --- PASS: FuzzABI/dcaa6d6f694466b7ed6b1e803e0c07cad5924ed4 (0.00s)
    --- PASS: FuzzABI/deb5fb3a23f59d416f63483444070c665e6c27d8 (0.00s)
    --- PASS: FuzzABI/df2db7228bde8537d2477f3e4d46f7710f221a1a (0.00s)
    --- PASS: FuzzABI/e05f439de40816fef075835012b2a61dbccf533e (0.00s)
    --- PASS: FuzzABI/e065349fea3a5a8b7863fcd9417eb6fd02c5bca3 (0.00s)
    --- PASS: FuzzABI/e08f96d7093f6289f0e89dcf134e979a8020ecec (0.00s)
    --- PASS: FuzzABI/e0a2fe015ccab3a384a376078865fdb85dd8d977 (0.00s)
    --- PASS: FuzzABI/e0d80fdce18ad31ba7d591247610b4b64d089e64 (0.00s)
    --- PASS: FuzzABI/e12e8a40ba6fd0eea787d8eabd559c67e2ade3c6 (0.00s)
    --- PASS: FuzzABI/e18faf242d5634f083a7acfc0f71a69d24da09c6 (0.00s)
    --- PASS: FuzzABI/e1b97c28539b5b0a5e2cad08b85bd6c11812034a (0.00s)
    --- PASS: FuzzABI/e26f38deb30ceccaebce76a7437871176f5884bf (0.00s)
    --- PASS: FuzzABI/e28a2c9699600e18e3cd7f6d1494236ee0ec3c57 (0.00s)
    --- PASS: FuzzABI/e28b08c19a8bc57d957fc226851aa946e5ae31bf (0.00s)
    --- PASS: FuzzABI/e31fe7c921fe807a354be08b564f6a6e9c3af4eb (0.00s)
    --- PASS: FuzzABI/e42b945b55b32651208328601a32812ae9de96c8 (0.00s)
    --- PASS: FuzzABI/e50a1c8adc3e7ed9224ba95af756dc8cc5dab82f (0.00s)
    --- PASS: FuzzABI/e5b5cabbeec6b06de7adcb1c462f446ba6ed75eb (0.00s)
    --- PASS: FuzzABI/e6317fb1b090af0f719ac5b5aa1073e13e04995d (0.00s)
    --- PASS: FuzzABI/e7dd378aabe6853fa1228440d997f5a1f54abc59 (0.00s)
    --- PASS: FuzzABI/e7e16fd4bab0d11eb577af6008d38adda27dac30 (0.00s)
    --- PASS: FuzzABI/e89a60d30b7aff9510ca89a85b8ab3068c23cf25 (0.00s)
    --- PASS: FuzzABI/e8b4e1021d2ec614399c9e584012508aedd56841 (0.00s)
    --- PASS: FuzzABI/e94c5939c36f1a177bbbe883d3345f4e755a9722 (0.00s)
    --- PASS: FuzzABI/ea77fe2ff943fc8d9475f29d70ad1efb4130ff70 (0.00s)
    --- PASS: FuzzABI/ea985ddf6dcd4d2d309e35714a90e6f8852e087d (0.00s)
    --- PASS: FuzzABI/eaed5a99f907882860fe58f6413ea357564032ab (0.00s)
    --- PASS: FuzzABI/eb66457f4c8befc2a0f25cf47b350f0e36f1c769 (0.00s)
    --- PASS: FuzzABI/eb7a47a2c2b71475cff7068694d13030d36fbd07 (0.00s)
    --- PASS: FuzzABI/eba732b312bd582a42afae6afffba2fae6fde0ac (0.00s)
    --- PASS: FuzzABI/ec41b41ade01192939b00f96df11519b4ac0f6e0 (0.00s)
    --- PASS: FuzzABI/ec4e889d87707ef312a0a038fe3867618812f0b5 (0.00s)
    --- PASS: FuzzABI/ed147bfef17d33a4b0f04479f801ea7f2042d39c (0.00s)
    --- PASS: FuzzABI/ed4eb6c3b60ea73543dbf540d8cb96e60a47ce75 (0.00s)
    --- PASS: FuzzABI/edca40370562edd310d9a97391425ff9fe21dab5 (0.00s)
    --- PASS: FuzzABI/ede6322a7b5c7e4490956b67d8df243a017b9c9d (0.00s)
    --- PASS: FuzzABI/ee8f384de1873b73dcd789ce0162d2d3398280b8 (0.00s)
    --- PASS: FuzzABI/eee79f36f82c37f5c031de564aee5f082a33f456 (0.00s)
    --- PASS: FuzzABI/ef8b304f07726328598a5a961dbfc8b1886f9101 (0.00s)
    --- PASS: FuzzABI/efa41d73cbaf195f8a818c6e3db5674a26eeee57 (0.00s)
    --- PASS: FuzzABI/f23628bc14f6b2ee2788b33e63621788ff50367b (0.00s)
    --- PASS: FuzzABI/f245b694ae2c9b5a101ac349c96d2345a88f62a0 (0.00s)
    --- PASS: FuzzABI/f2bbbf33f46efe4941f76c6e2a1d2ceb07de657d (0.00s)
    --- PASS: FuzzABI/f30f02de7c3086b100e6dddc13c3437da1d4bd03 (0.00s)
    --- PASS: FuzzABI/f3ba5402dac1eb933a1d82c0e949e7fc5f121081 (0.00s)
    --- PASS: FuzzABI/f58e7f8702a1d2812388fe091033a76aab75bda3 (0.00s)
    --- PASS: FuzzABI/f5b17137ae2df3ce572b6612f62216bac9de8818 (0.00s)
    --- PASS: FuzzABI/f79b690f84c8fa825320aa1c30e7b907fedc43fe (0.00s)
    --- PASS: FuzzABI/f7b174abc9c5279bdc55dad9ab2f159c7b4fa968 (0.00s)
    --- PASS: FuzzABI/f80b1f7a4bfb724963f231fd581c0625b4ef76b3 (0.00s)
    --- PASS: FuzzABI/f84063102f3f70d4eedab1ea2373f810114261ac (0.00s)
    --- PASS: FuzzABI/f85532b4de50a095618230c78848fb001a40888b (0.00s)
    --- PASS: FuzzABI/f899202b6f55e9f5e962e792d758d466a6efccaa (0.00s)
    --- PASS: FuzzABI/f8d8dff20165a5ee937b09e562b11bb60fc28790 (0.00s)
    --- PASS: FuzzABI/f8e4a175fa5006737f392c8b97b176bb6f421f98 (0.00s)
    --- PASS: FuzzABI/f90a86a0cba526b8bc82af9039d6cce1a5166d44 (0.00s)
    --- PASS: FuzzABI/f9598a2ccf38f43a4922d580dd4ef4c3625c4371 (0.00s)
    --- PASS: FuzzABI/f9924cd7cf13036c3b7456938c325ef662c368d2 (0.00s)
    --- PASS: FuzzABI/f9f2a927231acac50a10575c254c257dc8efaeb3 (0.00s)
    --- PASS: FuzzABI/faf6d5692be1c58f3e648a6705adcac9392f48a4 (0.00s)
    --- PASS: FuzzABI/fb5485cef5dfa6593c2cb30c3195d2343454d80f (0.00s)
    --- PASS: FuzzABI/fca6230d8640b369c812b4d7c8d7df4ba7e36480 (0.00s)
    --- PASS: FuzzABI/fd4e6fef4c94ea800cb925dd63ce1ae9b5fb8521 (0.00s)
    --- PASS: FuzzABI/fd591d6d71e54093cd5cc867df352b836d36b5d5 (0.00s)
    --- PASS: FuzzABI/fe97e74d6bef88466aba3eb470c1f305d3148f7e (0.00s)
    --- PASS: FuzzABI/feb037a7edb293ffda0e60b0e5a305ca7d895362 (0.00s)
    --- PASS: FuzzABI/ffc24c4bc82fcf4cc71d805197a96af0d9e9af30 (0.00s)
PASS
coverage: 83.3% of statements
ok  	github.com/morph-l2/go-ethereum/tests/fuzzers/abi	0.107s	coverage: 83.3% of statements
