=== RUN   FuzzBitutil
=== RUN   FuzzBitutil/075e57157896d485dd2517797efb2a212fb961ee
=== RUN   FuzzBitutil/077f7e46ea9e05bbb9745e2610f5875c0c17a7c3
=== RUN   FuzzBitutil/0a461ef30f4511f985714e5accc93bd6f6aaa198
=== RUN   FuzzBitutil/0a660db150aac79c9f47b47cae0ed8fef9a9b7f8
=== RUN   FuzzBitutil/0bd47eb481275fcbf9ed6af1c911800f815ae0da
=== RUN   FuzzBitutil/11c4ba63bf60fed41ebae11696a1bdb6fb267a6c
=== RUN   FuzzBitutil/16c47d9f248585a0694c08291dd3caef3fbcae2c
=== RUN   FuzzBitutil/16fba9371227197e17175955df025bea74effa0e
=== RUN   FuzzBitutil/1a67d62bb65e792f8a3668aa2de16c19520f9f9a
=== RUN   FuzzBitutil/204ccbede56ee5a25c93ccd86248f357f3b620c5
=== RUN   FuzzBitutil/24d36375aea14ae9eb435da4ccf1acbe2961deb4
=== RUN   FuzzBitutil/25ada66686c5121bc013e66df615006ce4fc2393
=== RUN   FuzzBitutil/271a7d5b10ba1aedd2f0b92d6595abcee81c71ee
=== RUN   FuzzBitutil/2a56b84a2dc0c5ca74cf5e288581d235eb9451ac
=== RUN   FuzzBitutil/339fe377130af4c5a23a3dfdf9a68a06d72733e6
=== RUN   FuzzBitutil/3ac7c9d05c10d00c3237b98b505d954c8aeede42
=== RUN   FuzzBitutil/4b98a37552edb37b2100038529cc9efe7680fb0e
=== RUN   FuzzBitutil/4cbdf7f39877b03c82526624fe648b16f610cc5d
=== RUN   FuzzBitutil/4fb742dfdacac7911f56ab40c651f3f3da05760f
=== RUN   FuzzBitutil/5135c69c6aca6f4aad9cd65660398fc3a7bce387
=== RUN   FuzzBitutil/53cf415eb9de49fb5a0cb46e745e413a99aa0779
=== RUN   FuzzBitutil/567bc46ed40fef98acb3d3235b3d30065b40141a
=== RUN   FuzzBitutil/57f7042f3f0fdfd45fad4dc12bf3211d813044a8
=== RUN   FuzzBitutil/5ff41703ff78619f12df30e63071739b37e6e7e8
=== RUN   FuzzBitutil/6b866dcff4a3ec3d3c30879f029d88106601b1b2
=== RUN   FuzzBitutil/6ce8a8d49dc84a741a321e629bcc9cf6c7ab5d6d
=== RUN   FuzzBitutil/70d5a89e97f6200689ff1afc399a9877e261b84f
=== RUN   FuzzBitutil/7329ad8166e20f58bbe6229115af5c4f07b57737
=== RUN   FuzzBitutil/79a5711b82d8f72a88d3d7412c6d3eb3f21fff47
=== RUN   FuzzBitutil/7e14c9ccbc36614d4602f58a54a0b80e616e10ae
=== RUN   FuzzBitutil/7f444851bd64b557aecbdd3eb690b976b423ce97
=== RUN   FuzzBitutil/8585ffb87a5a11f8c2665cf9477d19edf703f28c
=== RUN   FuzzBitutil/8b25c24dfe0ae8de226356f5244e9195817883df
=== RUN   FuzzBitutil/8d24e2d442c79b22fd4c6bb52b7b7f8a2525c6f6
=== RUN   FuzzBitutil/8db1b0d081f990f09d40a8c83d1cf5df62ec8c05
=== RUN   FuzzBitutil/9069ca78e7450a285173431b3e52c5c25299e473
=== RUN   FuzzBitutil/90c05c941133b146dc574b0426b9a8c5fdcc1e50
=== RUN   FuzzBitutil/9147a879d594b950fd4327fb212815981fa02ec7
=== RUN   FuzzBitutil/926316d1129c3bc754e56383f52bf229c29b2fb5
=== RUN   FuzzBitutil/982017f8ea81b0c6e5fc90d54a7716f76c504b0b
=== RUN   FuzzBitutil/987fd7fff22a0ce895eee75ef1a0f50883e5c843
=== RUN   FuzzBitutil/99b059094b909c94c19def7d579b0d162e9749d1
=== RUN   FuzzBitutil/9a60251a5323ea2fa5b04e219c081377f24d5259
=== RUN   FuzzBitutil/9bbb3c48f3284caf3345aded6e6c5ff5a4e0bee4
=== RUN   FuzzBitutil/a09d2b9ea8c16f02ae77b754feb68b34e9d49997
=== RUN   FuzzBitutil/a1456482edc97860579bf08f6ae63d3b59ac6475
=== RUN   FuzzBitutil/aaa3c76b071cb12615c94381d82fd0969049e80c
=== RUN   FuzzBitutil/ab38c6ac180500378a2f7ff89808407636599383
=== RUN   FuzzBitutil/ac23967df0b690e3ed0edaa9fd1682e95123d363
=== RUN   FuzzBitutil/ac84f3e90c91ea238abe29ad2ae0636135fb5880
=== RUN   FuzzBitutil/b61ac466d9a3ace4677e20ebb315935773cb1f14
=== RUN   FuzzBitutil/b66322f28f865454c81e7ea5c75aeb72dbf71dd6
=== RUN   FuzzBitutil/b6eee7eb55c8ce70b3e953c642ba591a00adb79d
=== RUN   FuzzBitutil/b974d0d5a3aec301a8cf57c760434ad9117052c5
=== RUN   FuzzBitutil/bbc0f18f38018eb098c34d1eaafc438987854622
=== RUN   FuzzBitutil/c509da08ba6c79e26cd6c008813a22f7aa6ff09a
=== RUN   FuzzBitutil/c5a0a2529d2deb60fec041b4fbd722a2ebe31702
=== RUN   FuzzBitutil/c8e31eb3b1149a6d27ed0bc8c1d7cf582e9a4e4c
=== RUN   FuzzBitutil/cfa0cfe22db2775e1e0b63b5cd9d05a2ee33ddab
=== RUN   FuzzBitutil/d7d90ee79cca66c4364f1d1510461118891f3ea9
=== RUN   FuzzBitutil/da14f09b4e37903ae20921a49db20c6e8ac8d690
=== RUN   FuzzBitutil/da66180699cf86a08be25d9bf73d22d048382d17
=== RUN   FuzzBitutil/e228e2627dd3b54bc3c0001dc77f4c3f41d68ef0
=== RUN   FuzzBitutil/e374d282b26b3825fa8fe4bb83ad772b8f1e2386
=== RUN   FuzzBitutil/e963883285748791e4eebac16b040dcb7dd408b0
=== RUN   FuzzBitutil/ee494cd5e5f8813571c3bc7f123385b64cdb8a7d
=== RUN   FuzzBitutil/fe32cb4fdad71ac70fc7685309ffcc3ae6f56d9a
=== RUN   FuzzBitutil/ffc54ca808e7666f250133ad0ae2185ad688a826
--- PASS: FuzzBitutil (0.00s)
    --- PASS: FuzzBitutil/075e57157896d485dd2517797efb2a212fb961ee (0.00s)
    --- PASS: FuzzBitutil/077f7e46ea9e05bbb9745e2610f5875c0c17a7c3 (0.00s)
    --- PASS: FuzzBitutil/0a461ef30f4511f985714e5accc93bd6f6aaa198 (0.00s)
    --- PASS: FuzzBitutil/0a660db150aac79c9f47b47cae0ed8fef9a9b7f8 (0.00s)
    --- PASS: FuzzBitutil/0bd47eb481275fcbf9ed6af1c911800f815ae0da (0.00s)
    --- PASS: FuzzBitutil/11c4ba63bf60fed41ebae11696a1bdb6fb267a6c (0.00s)
    --- PASS: FuzzBitutil/16c47d9f248585a0694c08291dd3caef3fbcae2c (0.00s)
    --- PASS: FuzzBitutil/16fba9371227197e17175955df025bea74effa0e (0.00s)
    --- PASS: FuzzBitutil/1a67d62bb65e792f8a3668aa2de16c19520f9f9a (0.00s)
    --- PASS: FuzzBitutil/204ccbede56ee5a25c93ccd86248f357f3b620c5 (0.00s)
    --- PASS: FuzzBitutil/24d36375aea14ae9eb435da4ccf1acbe2961deb4 (0.00s)
    --- PASS: FuzzBitutil/25ada66686c5121bc013e66df615006ce4fc2393 (0.00s)
    --- PASS: FuzzBitutil/271a7d5b10ba1aedd2f0b92d6595abcee81c71ee (0.00s)
    --- PASS: FuzzBitutil/2a56b84a2dc0c5ca74cf5e288581d235eb9451ac (0.00s)
    --- PASS: FuzzBitutil/339fe377130af4c5a23a3dfdf9a68a06d72733e6 (0.00s)
    --- PASS: FuzzBitutil/3ac7c9d05c10d00c3237b98b505d954c8aeede42 (0.00s)
    --- PASS: FuzzBitutil/4b98a37552edb37b2100038529cc9efe7680fb0e (0.00s)
    --- PASS: FuzzBitutil/4cbdf7f39877b03c82526624fe648b16f610cc5d (0.00s)
    --- PASS: FuzzBitutil/4fb742dfdacac7911f56ab40c651f3f3da05760f (0.00s)
    --- PASS: FuzzBitutil/5135c69c6aca6f4aad9cd65660398fc3a7bce387 (0.00s)
    --- PASS: FuzzBitutil/53cf415eb9de49fb5a0cb46e745e413a99aa0779 (0.00s)
    --- PASS: FuzzBitutil/567bc46ed40fef98acb3d3235b3d30065b40141a (0.00s)
    --- PASS: FuzzBitutil/57f7042f3f0fdfd45fad4dc12bf3211d813044a8 (0.00s)
    --- PASS: FuzzBitutil/5ff41703ff78619f12df30e63071739b37e6e7e8 (0.00s)
    --- PASS: FuzzBitutil/6b866dcff4a3ec3d3c30879f029d88106601b1b2 (0.00s)
    --- PASS: FuzzBitutil/6ce8a8d49dc84a741a321e629bcc9cf6c7ab5d6d (0.00s)
    --- PASS: FuzzBitutil/70d5a89e97f6200689ff1afc399a9877e261b84f (0.00s)
    --- PASS: FuzzBitutil/7329ad8166e20f58bbe6229115af5c4f07b57737 (0.00s)
    --- PASS: FuzzBitutil/79a5711b82d8f72a88d3d7412c6d3eb3f21fff47 (0.00s)
    --- PASS: FuzzBitutil/7e14c9ccbc36614d4602f58a54a0b80e616e10ae (0.00s)
    --- PASS: FuzzBitutil/7f444851bd64b557aecbdd3eb690b976b423ce97 (0.00s)
    --- PASS: FuzzBitutil/8585ffb87a5a11f8c2665cf9477d19edf703f28c (0.00s)
    --- PASS: FuzzBitutil/8b25c24dfe0ae8de226356f5244e9195817883df (0.00s)
    --- PASS: FuzzBitutil/8d24e2d442c79b22fd4c6bb52b7b7f8a2525c6f6 (0.00s)
    --- PASS: FuzzBitutil/8db1b0d081f990f09d40a8c83d1cf5df62ec8c05 (0.00s)
    --- PASS: FuzzBitutil/9069ca78e7450a285173431b3e52c5c25299e473 (0.00s)
    --- PASS: FuzzBitutil/90c05c941133b146dc574b0426b9a8c5fdcc1e50 (0.00s)
    --- PASS: FuzzBitutil/9147a879d594b950fd4327fb212815981fa02ec7 (0.00s)
    --- PASS: FuzzBitutil/926316d1129c3bc754e56383f52bf229c29b2fb5 (0.00s)
    --- PASS: FuzzBitutil/982017f8ea81b0c6e5fc90d54a7716f76c504b0b (0.00s)
    --- PASS: FuzzBitutil/987fd7fff22a0ce895eee75ef1a0f50883e5c843 (0.00s)
    --- PASS: FuzzBitutil/99b059094b909c94c19def7d579b0d162e9749d1 (0.00s)
    --- PASS: FuzzBitutil/9a60251a5323ea2fa5b04e219c081377f24d5259 (0.00s)
    --- PASS: FuzzBitutil/9bbb3c48f3284caf3345aded6e6c5ff5a4e0bee4 (0.00s)
    --- PASS: FuzzBitutil/a09d2b9ea8c16f02ae77b754feb68b34e9d49997 (0.00s)
    --- PASS: FuzzBitutil/a1456482edc97860579bf08f6ae63d3b59ac6475 (0.00s)
    --- PASS: FuzzBitutil/aaa3c76b071cb12615c94381d82fd0969049e80c (0.00s)
    --- PASS: FuzzBitutil/ab38c6ac180500378a2f7ff89808407636599383 (0.00s)
    --- PASS: FuzzBitutil/ac23967df0b690e3ed0edaa9fd1682e95123d363 (0.00s)
    --- PASS: FuzzBitutil/ac84f3e90c91ea238abe29ad2ae0636135fb5880 (0.00s)
    --- PASS: FuzzBitutil/b61ac466d9a3ace4677e20ebb315935773cb1f14 (0.00s)
    --- PASS: FuzzBitutil/b66322f28f865454c81e7ea5c75aeb72dbf71dd6 (0.00s)
    --- PASS: FuzzBitutil/b6eee7eb55c8ce70b3e953c642ba591a00adb79d (0.00s)
    --- PASS: FuzzBitutil/b974d0d5a3aec301a8cf57c760434ad9117052c5 (0.00s)
    --- PASS: FuzzBitutil/bbc0f18f38018eb098c34d1eaafc438987854622 (0.00s)
    --- PASS: FuzzBitutil/c509da08ba6c79e26cd6c008813a22f7aa6ff09a (0.00s)
    --- PASS: FuzzBitutil/c5a0a2529d2deb60fec041b4fbd722a2ebe31702 (0.00s)
    --- PASS: FuzzBitutil/c8e31eb3b1149a6d27ed0bc8c1d7cf582e9a4e4c (0.00s)
    --- PASS: FuzzBitutil/cfa0cfe22db2775e1e0b63b5cd9d05a2ee33ddab (0.00s)
    --- PASS: FuzzBitutil/d7d90ee79cca66c4364f1d1510461118891f3ea9 (0.00s)
    --- PASS: FuzzBitutil/da14f09b4e37903ae20921a49db20c6e8ac8d690 (0.00s)
    --- PASS: FuzzBitutil/da66180699cf86a08be25d9bf73d22d048382d17 (0.00s)
    --- PASS: FuzzBitutil/e228e2627dd3b54bc3c0001dc77f4c3f41d68ef0 (0.00s)
    --- PASS: FuzzBitutil/e374d282b26b3825fa8fe4bb83ad772b8f1e2386 (0.00s)
    --- PASS: FuzzBitutil/e963883285748791e4eebac16b040dcb7dd408b0 (0.00s)
    --- PASS: FuzzBitutil/ee494cd5e5f8813571c3bc7f123385b64cdb8a7d (0.00s)
    --- PASS: FuzzBitutil/fe32cb4fdad71ac70fc7685309ffcc3ae6f56d9a (0.00s)
    --- PASS: FuzzBitutil/ffc54ca808e7666f250133ad0ae2185ad688a826 (0.00s)
PASS
coverage: 47.6% of statements
ok  	github.com/morph-l2/go-ethereum/tests/fuzzers/bitutil	0.005s	coverage: 47.6% of statements
