=== RUN   FuzzDifficulty
=== RUN   FuzzDifficulty/0267d155f502eb4b4384519496c5456633e24b2a
=== RUN   FuzzDifficulty/03c1a1ef7aaff02299b83b82a523c43d9e069066
=== RUN   FuzzDifficulty/08aa15c28ff80f4d2e3484a46a0e241ce094881b
=== RUN   FuzzDifficulty/092a2dd7d40acee9e343a0f4ed94c884f093e494
=== RUN   FuzzDifficulty/09527ec4852bb27d6c522152538dd58ec3bc8685
=== RUN   FuzzDifficulty/0f2bd0f40ec577e6bd2b11acaa890131e7f06704
=== RUN   FuzzDifficulty/0f57a0bfe95a4149c3eca1c0e70ad27f17c2a611
=== RUN   FuzzDifficulty/14861d9071a7d9801d79b798b8cbc302cbb6de38
=== RUN   FuzzDifficulty/16bda640a1d623cc68924f9a6f6b206661eab8a3
=== RUN   FuzzDifficulty/176229939849586a8b64138bc01d25b125062b74
=== RUN   FuzzDifficulty/17ee136b888d5c51c8b77b7abc30a64f186d8897
=== RUN   FuzzDifficulty/19ebe4e9f010971bfe557bc46e75d4cf7580cc11
=== RUN   FuzzDifficulty/1f1a8997f433d0ecd2aeca7a11c1f3ecdd37cea3
=== RUN   FuzzDifficulty/1fa8406d234f9799d62a8436827cf079a368a6b0
=== RUN   FuzzDifficulty/1fcb02f12e033911984013fe8665e8022d934a61
=== RUN   FuzzDifficulty/202ed9f694ea29e090329ed714d21ffa4ad07458
=== RUN   FuzzDifficulty/222386af538faf9a047dc48aca3b002fff214824
=== RUN   FuzzDifficulty/22475bdf99a606edc2fc43a4113027d8c9652fc0
=== RUN   FuzzDifficulty/2930d98758de03c39505ad9d9bf9c1988546dfd6
=== RUN   FuzzDifficulty/2967070efb70fe12833adec7eb8b2c5db78995bb
=== RUN   FuzzDifficulty/2ff6229235f568f46cab12112ae8df64ae2a78eb
=== RUN   FuzzDifficulty/314358adaf4f22c07caa2abf84b44f49d07613ba
=== RUN   FuzzDifficulty/32fc6541ab109148d1977409177c675d9002ee82
=== RUN   FuzzDifficulty/33922e8f874ec251aceffe17407f19d3b4b4cb05
=== RUN   FuzzDifficulty/34907175047ce27c9d42f58122fc271c644b31f3
=== RUN   FuzzDifficulty/3ce0a1af90b6e7a3dd8d45e410884b588ea2d04c
=== RUN   FuzzDifficulty/44c3b8e07b03cbc2c7e684e54f1fe8bd1f39a530
=== RUN   FuzzDifficulty/487237b958ab1b3dfaa3b3c61955df57e20fedc3
=== RUN   FuzzDifficulty/4e799f20de4b182e776aecbd5c3739d5426a299a
=== RUN   FuzzDifficulty/50ddc72cd64abd899feefd83c4db06c03fa325ba
=== RUN   FuzzDifficulty/574d24c66bf5052b78d2bc7be57abf62a5db5466
=== RUN   FuzzDifficulty/579395b8f7f9c37fc90e4a7de4240c0446448ca8
=== RUN   FuzzDifficulty/585a110e721e06840f919f692f863019f23cf09e
=== RUN   FuzzDifficulty/5ac73678a9f300f4824617b10fdf05166105b2ea
=== RUN   FuzzDifficulty/601beadabfbdb319c62c09b183ea35cb59e9302d
=== RUN   FuzzDifficulty/60204209e584e0778a1ff111202dfb80f5a918b7
=== RUN   FuzzDifficulty/6234747c4a50ef436602b8c393b83c49fd95526f
=== RUN   FuzzDifficulty/74cb3553e3097027082ed88add7787b837462078
=== RUN   FuzzDifficulty/761fe4e1d7bbe3f32befea6061d35193075c5287
=== RUN   FuzzDifficulty/7760d3cabed31745cf46f811ac23ee79c6b1744f
=== RUN   FuzzDifficulty/7a04f3f2e6235d7ee1ff120df1905a0fb4334916
=== RUN   FuzzDifficulty/7a663f1f2a74f151d034a4a204c0f153cd97ecaf
=== RUN   FuzzDifficulty/7a84a74c406f810452c1675392aa50e7b4da99ad
=== RUN   FuzzDifficulty/7a9b2fc48339fddc41ac29d19a49a0f8e53482ea
=== RUN   FuzzDifficulty/7d6b13c7d538e49910fbbefbcc8dfb9716b7032e
=== RUN   FuzzDifficulty/810f534cb38834e8502748c5e701379a473fb8f9
=== RUN   FuzzDifficulty/812b4dc91d247627ef6ee439c360248045fd8845
=== RUN   FuzzDifficulty/825142c63cdedaca823eb7e1b06a554c9b4198a2
=== RUN   FuzzDifficulty/8491021fdea20604d70f279dfa2c230c639b970f
=== RUN   FuzzDifficulty/892f407169fb3e9d8fb2d0d37dc5b1e3d0f90d54
=== RUN   FuzzDifficulty/8e5b89933b9dc7f9e356c1b4ecb3e62ecbd7a04a
=== RUN   FuzzDifficulty/8f273c3cf642875567bcaafe73faa6d2d264e2c3
=== RUN   FuzzDifficulty/9069ca78e7450a285173431b3e52c5c25299e473
=== RUN   FuzzDifficulty/9158344e21cd6fdd3d50682f891ba620b095494b
=== RUN   FuzzDifficulty/948d39ee6fdb3311964d59ce68101dd8727aa983
=== RUN   FuzzDifficulty/99152c7d0d14f7c11d88e9f86c966b0b555e26ac
=== RUN   FuzzDifficulty/99c5cbd051680b886bc7c70f13c86a90bcaeeba2
=== RUN   FuzzDifficulty/9a3d04e58913d99fbaca20e80a14ce9fb96c1a06
=== RUN   FuzzDifficulty/9b52120753f8c1be19d6403a1eef60908018ff7d
=== RUN   FuzzDifficulty/9c5ef95140ceee6dd4e090bafb9070ded3f3c3ae
=== RUN   FuzzDifficulty/9d042dbd723f5cae17b9d59237601e1f7cca93a2
=== RUN   FuzzDifficulty/9d94b8eb92d7f69389bbc68f6fe819ecc6ad0a06
=== RUN   FuzzDifficulty/9f103ac788f6faac98fc844942899065a178271e
=== RUN   FuzzDifficulty/a12f76fe08030455c86b6d72e8272ef8eaaa6128
=== RUN   FuzzDifficulty/a2c78cd30981d6f077cdc1ba70a2389f597a5f7c
=== RUN   FuzzDifficulty/a2f996739ef1c0c2271409ab2933f61707c4bcde
=== RUN   FuzzDifficulty/a36f917818bd049d04fd485ec7174f25821f69d0
=== RUN   FuzzDifficulty/a80a0b031129f375a3ec57c960ff44b3da5144f7
=== RUN   FuzzDifficulty/adc83b19e793491b1c6ea0fd8b46cd9f32e592fc
=== RUN   FuzzDifficulty/b11f22066f02486487043f99289050181223d596
=== RUN   FuzzDifficulty/b23d36b03501875825f24b13826ce1f2de0330f5
=== RUN   FuzzDifficulty/b2ae49ca31842f1206d2302153dc135f3a386d2a
=== RUN   FuzzDifficulty/b5e39192e618a88138d7ff933fa38127574d3bdf
=== RUN   FuzzDifficulty/b7792e08bfa98d3f854ff4138c7a268dbd41eaa2
=== RUN   FuzzDifficulty/b7b5a8d9d4616feb00a37347b3ea580539068591
=== RUN   FuzzDifficulty/c572a845c3c2d0eecc55b37b0eb4b6c291329456
=== RUN   FuzzDifficulty/c5784ccc5d64576fdc3fc8b69edaa9fc050c9bd5
=== RUN   FuzzDifficulty/c60da86ab888d344323584623d9a677ab29c56e6
=== RUN   FuzzDifficulty/c61f22d80eff53f818abae2415d789a8d7356f5f
=== RUN   FuzzDifficulty/cec0c20ac7eaef5fed8c16b97dffde70511964a6
=== RUN   FuzzDifficulty/d7feb391604375721a528fc9ceb2d33ef7fffdd0
=== RUN   FuzzDifficulty/dd3091cffce0bfa69bc8b0aff469fbaffacf14d0
=== RUN   FuzzDifficulty/def1c0fca29d5a9998197b39d999c32a1d8501d0
=== RUN   FuzzDifficulty/dff63adca1f90c092ead99e6708ce684170e8ac2
=== RUN   FuzzDifficulty/e0a8935d6d5a163bd69ee4ee5ebb189ab224000a
=== RUN   FuzzDifficulty/e3df8ed50d6ee7281d20562e9caa1e28d18a2724
=== RUN   FuzzDifficulty/ec3b2aa39a987f9c756eafe8f161556b593fa620
=== RUN   FuzzDifficulty/ecb12a6c6103e3df495d917d779a9f0f6ecb11ce
=== RUN   FuzzDifficulty/f243162348addd27fe91a512eded5209d39ef89a
=== RUN   FuzzDifficulty/f57481cfd5b7536e139d697e11db2da041771514
=== RUN   FuzzDifficulty/f7a833a0c0ca9bb53657c87b7b492836673a8bd4
=== RUN   FuzzDifficulty/fa9e62d86fba1fcb706a2ba6cb9dd215d9fd4da9
=== RUN   FuzzDifficulty/fc5ad8a5a241b904f004ec0f5cec5280bf519b43
--- PASS: FuzzDifficulty (0.00s)
    --- PASS: FuzzDifficulty/0267d155f502eb4b4384519496c5456633e24b2a (0.00s)
    --- PASS: FuzzDifficulty/03c1a1ef7aaff02299b83b82a523c43d9e069066 (0.00s)
    --- PASS: FuzzDifficulty/08aa15c28ff80f4d2e3484a46a0e241ce094881b (0.00s)
    --- PASS: FuzzDifficulty/092a2dd7d40acee9e343a0f4ed94c884f093e494 (0.00s)
    --- PASS: FuzzDifficulty/09527ec4852bb27d6c522152538dd58ec3bc8685 (0.00s)
    --- PASS: FuzzDifficulty/0f2bd0f40ec577e6bd2b11acaa890131e7f06704 (0.00s)
    --- PASS: FuzzDifficulty/0f57a0bfe95a4149c3eca1c0e70ad27f17c2a611 (0.00s)
    --- PASS: FuzzDifficulty/14861d9071a7d9801d79b798b8cbc302cbb6de38 (0.00s)
    --- PASS: FuzzDifficulty/16bda640a1d623cc68924f9a6f6b206661eab8a3 (0.00s)
    --- PASS: FuzzDifficulty/176229939849586a8b64138bc01d25b125062b74 (0.00s)
    --- PASS: FuzzDifficulty/17ee136b888d5c51c8b77b7abc30a64f186d8897 (0.00s)
    --- PASS: FuzzDifficulty/19ebe4e9f010971bfe557bc46e75d4cf7580cc11 (0.00s)
    --- PASS: FuzzDifficulty/1f1a8997f433d0ecd2aeca7a11c1f3ecdd37cea3 (0.00s)
    --- PASS: FuzzDifficulty/1fa8406d234f9799d62a8436827cf079a368a6b0 (0.00s)
    --- PASS: FuzzDifficulty/1fcb02f12e033911984013fe8665e8022d934a61 (0.00s)
    --- PASS: FuzzDifficulty/202ed9f694ea29e090329ed714d21ffa4ad07458 (0.00s)
    --- PASS: FuzzDifficulty/222386af538faf9a047dc48aca3b002fff214824 (0.00s)
    --- PASS: FuzzDifficulty/22475bdf99a606edc2fc43a4113027d8c9652fc0 (0.00s)
    --- PASS: FuzzDifficulty/2930d98758de03c39505ad9d9bf9c1988546dfd6 (0.00s)
    --- PASS: FuzzDifficulty/2967070efb70fe12833adec7eb8b2c5db78995bb (0.00s)
    --- PASS: FuzzDifficulty/2ff6229235f568f46cab12112ae8df64ae2a78eb (0.00s)
    --- PASS: FuzzDifficulty/314358adaf4f22c07caa2abf84b44f49d07613ba (0.00s)
    --- PASS: FuzzDifficulty/32fc6541ab109148d1977409177c675d9002ee82 (0.00s)
    --- PASS: FuzzDifficulty/33922e8f874ec251aceffe17407f19d3b4b4cb05 (0.00s)
    --- PASS: FuzzDifficulty/34907175047ce27c9d42f58122fc271c644b31f3 (0.00s)
    --- PASS: FuzzDifficulty/3ce0a1af90b6e7a3dd8d45e410884b588ea2d04c (0.00s)
    --- PASS: FuzzDifficulty/44c3b8e07b03cbc2c7e684e54f1fe8bd1f39a530 (0.00s)
    --- PASS: FuzzDifficulty/487237b958ab1b3dfaa3b3c61955df57e20fedc3 (0.00s)
    --- PASS: FuzzDifficulty/4e799f20de4b182e776aecbd5c3739d5426a299a (0.00s)
    --- PASS: FuzzDifficulty/50ddc72cd64abd899feefd83c4db06c03fa325ba (0.00s)
    --- PASS: FuzzDifficulty/574d24c66bf5052b78d2bc7be57abf62a5db5466 (0.00s)
    --- PASS: FuzzDifficulty/579395b8f7f9c37fc90e4a7de4240c0446448ca8 (0.00s)
    --- PASS: FuzzDifficulty/585a110e721e06840f919f692f863019f23cf09e (0.00s)
    --- PASS: FuzzDifficulty/5ac73678a9f300f4824617b10fdf05166105b2ea (0.00s)
    --- PASS: FuzzDifficulty/601beadabfbdb319c62c09b183ea35cb59e9302d (0.00s)
    --- PASS: FuzzDifficulty/60204209e584e0778a1ff111202dfb80f5a918b7 (0.00s)
    --- PASS: FuzzDifficulty/6234747c4a50ef436602b8c393b83c49fd95526f (0.00s)
    --- PASS: FuzzDifficulty/74cb3553e3097027082ed88add7787b837462078 (0.00s)
    --- PASS: FuzzDifficulty/761fe4e1d7bbe3f32befea6061d35193075c5287 (0.00s)
    --- PASS: FuzzDifficulty/7760d3cabed31745cf46f811ac23ee79c6b1744f (0.00s)
    --- PASS: FuzzDifficulty/7a04f3f2e6235d7ee1ff120df1905a0fb4334916 (0.00s)
    --- PASS: FuzzDifficulty/7a663f1f2a74f151d034a4a204c0f153cd97ecaf (0.00s)
    --- PASS: FuzzDifficulty/7a84a74c406f810452c1675392aa50e7b4da99ad (0.00s)
    --- PASS: FuzzDifficulty/7a9b2fc48339fddc41ac29d19a49a0f8e53482ea (0.00s)
    --- PASS: FuzzDifficulty/7d6b13c7d538e49910fbbefbcc8dfb9716b7032e (0.00s)
    --- PASS: FuzzDifficulty/810f534cb38834e8502748c5e701379a473fb8f9 (0.00s)
    --- PASS: FuzzDifficulty/812b4dc91d247627ef6ee439c360248045fd8845 (0.00s)
    --- PASS: FuzzDifficulty/825142c63cdedaca823eb7e1b06a554c9b4198a2 (0.00s)
    --- PASS: FuzzDifficulty/8491021fdea20604d70f279dfa2c230c639b970f (0.00s)
    --- PASS: FuzzDifficulty/892f407169fb3e9d8fb2d0d37dc5b1e3d0f90d54 (0.00s)
    --- PASS: FuzzDifficulty/8e5b89933b9dc7f9e356c1b4ecb3e62ecbd7a04a (0.00s)
    --- PASS: FuzzDifficulty/8f273c3cf642875567bcaafe73faa6d2d264e2c3 (0.00s)
    --- PASS: FuzzDifficulty/9069ca78e7450a285173431b3e52c5c25299e473 (0.00s)
    --- PASS: FuzzDifficulty/9158344e21cd6fdd3d50682f891ba620b095494b (0.00s)
    --- PASS: FuzzDifficulty/948d39ee6fdb3311964d59ce68101dd8727aa983 (0.00s)
    --- PASS: FuzzDifficulty/99152c7d0d14f7c11d88e9f86c966b0b555e26ac (0.00s)
    --- PASS: FuzzDifficulty/99c5cbd051680b886bc7c70f13c86a90bcaeeba2 (0.00s)
    --- PASS: FuzzDifficulty/9a3d04e58913d99fbaca20e80a14ce9fb96c1a06 (0.00s)
    --- PASS: FuzzDifficulty/9b52120753f8c1be19d6403a1eef60908018ff7d (0.00s)
    --- PASS: FuzzDifficulty/9c5ef95140ceee6dd4e090bafb9070ded3f3c3ae (0.00s)
    --- PASS: FuzzDifficulty/9d042dbd723f5cae17b9d59237601e1f7cca93a2 (0.00s)
    --- PASS: FuzzDifficulty/9d94b8eb92d7f69389bbc68f6fe819ecc6ad0a06 (0.00s)
    --- PASS: FuzzDifficulty/9f103ac788f6faac98fc844942899065a178271e (0.00s)
    --- PASS: FuzzDifficulty/a12f76fe08030455c86b6d72e8272ef8eaaa6128 (0.00s)
    --- PASS: FuzzDifficulty/a2c78cd30981d6f077cdc1ba70a2389f597a5f7c (0.00s)
    --- PASS: FuzzDifficulty/a2f996739ef1c0c2271409ab2933f61707c4bcde (0.00s)
    --- PASS: FuzzDifficulty/a36f917818bd049d04fd485ec7174f25821f69d0 (0.00s)
    --- PASS: FuzzDifficulty/a80a0b031129f375a3ec57c960ff44b3da5144f7 (0.00s)
    --- PASS: FuzzDifficulty/adc83b19e793491b1c6ea0fd8b46cd9f32e592fc (0.00s)
    --- PASS: FuzzDifficulty/b11f22066f02486487043f99289050181223d596 (0.00s)
    --- PASS: FuzzDifficulty/b23d36b03501875825f24b13826ce1f2de0330f5 (0.00s)
    --- PASS: FuzzDifficulty/b2ae49ca31842f1206d2302153dc135f3a386d2a (0.00s)
    --- PASS: FuzzDifficulty/b5e39192e618a88138d7ff933fa38127574d3bdf (0.00s)
    --- PASS: FuzzDifficulty/b7792e08bfa98d3f854ff4138c7a268dbd41eaa2 (0.00s)
    --- PASS: FuzzDifficulty/b7b5a8d9d4616feb00a37347b3ea580539068591 (0.00s)
    --- PASS: FuzzDifficulty/c572a845c3c2d0eecc55b37b0eb4b6c291329456 (0.00s)
    --- PASS: FuzzDifficulty/c5784ccc5d64576fdc3fc8b69edaa9fc050c9bd5 (0.00s)
    --- PASS: FuzzDifficulty/c60da86ab888d344323584623d9a677ab29c56e6 (0.00s)
    --- PASS: FuzzDifficulty/c61f22d80eff53f818abae2415d789a8d7356f5f (0.00s)
    --- PASS: FuzzDifficulty/cec0c20ac7eaef5fed8c16b97dffde70511964a6 (0.00s)
    --- PASS: FuzzDifficulty/d7feb391604375721a528fc9ceb2d33ef7fffdd0 (0.00s)
    --- PASS: FuzzDifficulty/dd3091cffce0bfa69bc8b0aff469fbaffacf14d0 (0.00s)
    --- PASS: FuzzDifficulty/def1c0fca29d5a9998197b39d999c32a1d8501d0 (0.00s)
    --- PASS: FuzzDifficulty/dff63adca1f90c092ead99e6708ce684170e8ac2 (0.00s)
    --- PASS: FuzzDifficulty/e0a8935d6d5a163bd69ee4ee5ebb189ab224000a (0.00s)
    --- PASS: FuzzDifficulty/e3df8ed50d6ee7281d20562e9caa1e28d18a2724 (0.00s)
    --- PASS: FuzzDifficulty/ec3b2aa39a987f9c756eafe8f161556b593fa620 (0.00s)
    --- PASS: FuzzDifficulty/ecb12a6c6103e3df495d917d779a9f0f6ecb11ce (0.00s)
    --- PASS: FuzzDifficulty/f243162348addd27fe91a512eded5209d39ef89a (0.00s)
    --- PASS: FuzzDifficulty/f57481cfd5b7536e139d697e11db2da041771514 (0.00s)
    --- PASS: FuzzDifficulty/f7a833a0c0ca9bb53657c87b7b492836673a8bd4 (0.00s)
    --- PASS: FuzzDifficulty/fa9e62d86fba1fcb706a2ba6cb9dd215d9fd4da9 (0.00s)
    --- PASS: FuzzDifficulty/fc5ad8a5a241b904f004ec0f5cec5280bf519b43 (0.00s)
PASS
coverage: 95.7% of statements
ok  	github.com/morph-l2/go-ethereum/tests/fuzzers/difficulty	0.044s	coverage: 95.7% of statements
	github.com/morph-l2/go-ethereum/tests/fuzzers/difficulty/debug		coverage: 0.0% of statements
