go: downloading github.com/davecgh/go-spew v1.1.1
go: downloading github.com/tyler-smith/go-bip39 v1.1.0
go: downloading github.com/golang-jwt/jwt/v4 v4.5.0
go: downloading github.com/rs/cors v1.7.0
go: downloading golang.org/x/time v0.3.0
go: downloading github.com/gballet/go-libpcsclite v0.0.0-20190607065134-2772fd86a8ff
go: downloading github.com/status-im/keycard-go v0.2.0
go: downloading golang.org/x/text v0.22.0
go: downloading github.com/hashicorp/go-bexpr v0.1.10
go: downloading github.com/mattn/go-colorable v0.1.13
go: downloading github.com/mattn/go-isatty v0.0.17
go: downloading gopkg.in/natefinch/lumberjack.v2 v2.2.1
go: downloading gopkg.in/urfave/cli.v1 v1.20.0
go: downloading github.com/huin/goupnp v1.3.0
go: downloading github.com/jackpal/go-nat-pmp v1.0.2
go: downloading github.com/mitchellh/pointerstructure v1.2.0
go: downloading github.com/mitchellh/mapstructure v1.4.1
INFO [01-23|07:18:41.543] Persisted trie from memory database      nodes=1 size=182.00B time="51.747µs" gcnodes=0 gcsize=0.00B gctime=0s livenodes=1 livesize=0.00B
WARN [01-23|07:18:41.639] Using fee vault address                  FeeVaultAddress=0x7b00000000000000000000000000000000000000
INFO [01-23|07:18:41.639] Loaded most recent local header          number=0 hash=4cf046..15ce2a td=131,072 age=56y10mo2w
INFO [01-23|07:18:41.639] Loaded most recent local full block      number=0 hash=4cf046..15ce2a td=131,072 age=56y10mo2w
INFO [01-23|07:18:41.639] Loaded most recent local fast block      number=0 hash=4cf046..15ce2a td=131,072 age=56y10mo2w
WARN [01-23|07:18:41.639] Failed to load snapshot, regenerating    err="missing or corrupted snapshot"
INFO [01-23|07:18:41.639] Rebuilding state snapshot 
INFO [01-23|07:18:41.639] Resuming state snapshot generation       root=236db0..b54c58 accounts=0 slots=0 storage=0.00B elapsed="154.747µs"
INFO [01-23|07:18:41.640] Generated state snapshot                 accounts=1 slots=0 storage=49.00B elapsed="399.156µs"
WARN [01-23|07:18:41.641] Inserted block with unknown status       number=1 hash=b75c86..9b901f diff=131,072 elapsed="615.256µs" txs=1 gas=96923 uncles=0 root=ae04f8..e7091c
WARN [01-23|07:18:41.641] Inserted block with unknown status       number=2 hash=b694a9..39ec4e diff=131,072 elapsed="235.509µs" txs=1 gas=21000 uncles=0 root=093d58..d258aa
WARN [01-23|07:18:41.641] Inserted block with unknown status       number=3 hash=5c2475..e40fef diff=131,072 elapsed="293.542µs" txs=1 gas=21000 uncles=0 root=55277f..566320
WARN [01-23|07:18:41.642] Inserted block with unknown status       number=4 hash=78f7e6..d5746f diff=131,072 elapsed="242.235µs" txs=1 gas=21000 uncles=0 root=f7551a..361d25
WARN [01-23|07:18:41.642] Inserted block with unknown status       number=5 hash=498095..734c18 diff=131,072 elapsed="288.141µs" txs=1 gas=96923 uncles=0 root=105ab4..584059
WARN [01-23|07:18:41.642] Inserted block with unknown status       number=6 hash=62556c..20d13f diff=131,072 elapsed="252.625µs" txs=1 gas=21000 uncles=0 root=9bfa97..92d17a
WARN [01-23|07:18:41.643] Inserted block with unknown status       number=7 hash=fc4cba..829c94 diff=131,072 elapsed="240.201µs" txs=1 gas=21000 uncles=0 root=2a79ef..90e83c
WARN [01-23|07:18:41.643] Inserted block with unknown status       number=8 hash=9b6cca..0b4390 diff=131,072 elapsed="465.097µs" txs=1 gas=21000 uncles=0 root=874687..de5542
WARN [01-23|07:18:41.644] Inserted block with unknown status       number=9 hash=8fb2a2..62bf08 diff=131,072 elapsed="442.267µs" txs=1 gas=96923 uncles=0 root=e01380..5a6015
WARN [01-23|07:18:41.644] Inserted block with unknown status       number=10 hash=72128b..93b31b diff=131,072 elapsed="447.194µs" txs=1 gas=21000 uncles=0 root=95eb90..6e60cc
WARN [01-23|07:18:41.645] Inserted block with unknown status       number=11 hash=f1ea9d..5b9be3 diff=131,072 elapsed="266.267µs" txs=1 gas=21000 uncles=0 root=f1114f..6062d3
WARN [01-23|07:18:41.645] Inserted block with unknown status       number=12 hash=ffcd44..3b92b9 diff=131,072 elapsed="253.415µs" txs=1 gas=21000 uncles=0 root=f85329..b5f035
WARN [01-23|07:18:41.645] Inserted block with unknown status       number=13 hash=39a4db..283622 diff=131,072 elapsed="563.679µs" txs=1 gas=96923 uncles=0 root=51979d..69f72b
WARN [01-23|07:18:41.646] Inserted block with unknown status       number=14 hash=109e66..ac1414 diff=131,072 elapsed="254.909µs" txs=1 gas=21000 uncles=0 root=043eaf..5d6d65
WARN [01-23|07:18:41.646] Inserted block with unknown status       number=15 hash=b18cce..27b178 diff=131,072 elapsed="247.374µs" txs=1 gas=21000 uncles=0 root=ba4fa2..bdfd93
WARN [01-23|07:18:41.646] Inserted block with unknown status       number=16 hash=f70885..d6cc24 diff=131,072 elapsed="280.888µs" txs=1 gas=21000 uncles=0 root=3b5aa5..1c1a2a
WARN [01-23|07:18:41.647] Inserted block with unknown status       number=17 hash=3b041f..3fb27b diff=131,072 elapsed="328.838µs" txs=1 gas=96923 uncles=0 root=eec4ee..2b5df9
WARN [01-23|07:18:41.647] Inserted block with unknown status       number=18 hash=6db717..36fbad diff=131,072 elapsed="255.481µs" txs=1 gas=21000 uncles=0 root=b3f824..03c72a
WARN [01-23|07:18:41.647] Inserted block with unknown status       number=19 hash=d85b31..e9bf7d diff=131,072 elapsed="244.299µs" txs=1 gas=21000 uncles=0 root=41c4fa..52136b
WARN [01-23|07:18:41.648] Inserted block with unknown status       number=20 hash=165b8c..aabbfb diff=131,072 elapsed="252.895µs" txs=1 gas=21000 uncles=0 root=47dbaf..6c5b75
WARN [01-23|07:18:41.648] Inserted block with unknown status       number=21 hash=33527a..9a90ca diff=131,072 elapsed="377.359µs" txs=1 gas=96923 uncles=0 root=1fbbda..0a3ecf
WARN [01-23|07:18:41.649] Inserted block with unknown status       number=22 hash=518d49..09fa9e diff=131,072 elapsed="254.268µs" txs=1 gas=21000 uncles=0 root=60b49b..dcce12
WARN [01-23|07:18:41.649] Inserted block with unknown status       number=23 hash=0b8429..45e22b diff=131,072 elapsed="281.97µs"  txs=1 gas=21000 uncles=0 root=1b2e0e..560f3b
WARN [01-23|07:18:41.649] Inserted block with unknown status       number=24 hash=8ac6c8..fbe641 diff=131,072 elapsed="297.312µs" txs=1 gas=21000 uncles=0 root=676395..c6ab3e
WARN [01-23|07:18:41.650] Inserted block with unknown status       number=25 hash=193b04..89e6fe diff=131,072 elapsed="360.622µs" txs=1 gas=96923 uncles=0 root=2de6a8..caf420
WARN [01-23|07:18:41.650] Inserted block with unknown status       number=26 hash=8c62b7..a2efff diff=131,072 elapsed="282.481µs" txs=1 gas=21000 uncles=0 root=c37357..19714d
WARN [01-23|07:18:41.650] Inserted block with unknown status       number=27 hash=8d83a9..cb6ee9 diff=131,072 elapsed="286.777µs" txs=1 gas=21000 uncles=0 root=284f7b..f93509
WARN [01-23|07:18:41.651] Inserted block with unknown status       number=28 hash=994773..8eebce diff=131,072 elapsed="270.219µs" txs=1 gas=21000 uncles=0 root=a27c3a..6ad501
WARN [01-23|07:18:41.651] Inserted block with unknown status       number=29 hash=33badc..da25ea diff=131,072 elapsed="402.025µs" txs=1 gas=96923 uncles=0 root=0dd5bd..bf9cd4
WARN [01-23|07:18:41.651] Inserted block with unknown status       number=30 hash=6f2c3a..986796 diff=131,072 elapsed="248.206µs" txs=1 gas=21000 uncles=0 root=6247f6..49613a
WARN [01-23|07:18:41.652] Inserted block with unknown status       number=31 hash=c0e0f2..0f7d7c diff=131,072 elapsed="472.628µs" txs=1 gas=21000 uncles=0 root=9b87d5..abfe7f
WARN [01-23|07:18:41.652] Inserted block with unknown status       number=32 hash=e9f56b..1fb410 diff=131,072 elapsed="269.987µs" txs=1 gas=21000 uncles=0 root=0e3c00..7645bc
WARN [01-23|07:18:41.653] Inserted block with unknown status       number=33 hash=f1cf16..b98c2a diff=131,072 elapsed="364.084µs" txs=1 gas=96923 uncles=0 root=295c6f..b23d4f
WARN [01-23|07:18:41.653] Inserted block with unknown status       number=34 hash=cac65f..d2af46 diff=131,072 elapsed="460.775µs" txs=1 gas=21000 uncles=0 root=cf8867..f6925c
WARN [01-23|07:18:41.654] Inserted block with unknown status       number=35 hash=81aa10..b38827 diff=131,072 elapsed="414.899µs" txs=1 gas=21000 uncles=0 root=531677..5b9e37
WARN [01-23|07:18:41.654] Inserted block with unknown status       number=36 hash=afcd9f..8cf268 diff=131,072 elapsed="574.159µs" txs=1 gas=21000 uncles=0 root=b5d337..74c6b5
WARN [01-23|07:18:41.655] Inserted block with unknown status       number=37 hash=ad815a..988907 diff=131,072 elapsed="384.873µs" txs=1 gas=96923 uncles=0 root=ffad42..9b3537
WARN [01-23|07:18:41.655] Inserted block with unknown status       number=38 hash=81c198..4e52c0 diff=131,072 elapsed="304.171µs" txs=1 gas=21000 uncles=0 root=996534..a47dd0
WARN [01-23|07:18:41.656] Inserted block with unknown status       number=39 hash=d0b0c6..022c0a diff=131,072 elapsed="281.769µs" txs=1 gas=21000 uncles=0 root=0b7e2b..2586e8
WARN [01-23|07:18:41.656] Inserted block with unknown status       number=40 hash=845050..4ef682 diff=131,072 elapsed="246.794µs" txs=1 gas=21000 uncles=0 root=35d7f2..e5671e
WARN [01-23|07:18:41.656] Inserted block with unknown status       number=41 hash=13082e..899847 diff=131,072 elapsed="387.688µs" txs=1 gas=96923 uncles=0 root=e08f03..3775c3
WARN [01-23|07:18:41.657] Inserted block with unknown status       number=42 hash=c6b113..b2da60 diff=131,072 elapsed="258.636µs" txs=1 gas=21000 uncles=0 root=5a463f..ce90b0
WARN [01-23|07:18:41.657] Inserted block with unknown status       number=43 hash=998ccc..516194 diff=131,072 elapsed="271.41µs"  txs=1 gas=21000 uncles=0 root=e30247..c6fa8a
WARN [01-23|07:18:41.657] Inserted block with unknown status       number=44 hash=9a3a47..b11cb3 diff=131,072 elapsed="258.163µs" txs=1 gas=21000 uncles=0 root=872002..538768
WARN [01-23|07:18:41.658] Inserted block with unknown status       number=45 hash=64bfe9..ade1b7 diff=131,072 elapsed="367.681µs" txs=1 gas=96923 uncles=0 root=904744..2af1ed
WARN [01-23|07:18:41.658] Inserted block with unknown status       number=46 hash=18e31f..0401ff diff=131,072 elapsed="278.844µs" txs=1 gas=21000 uncles=0 root=840af8..b4b069
WARN [01-23|07:18:41.658] Inserted block with unknown status       number=47 hash=3036a4..9df0b8 diff=131,072 elapsed="267.472µs" txs=1 gas=21000 uncles=0 root=8ea4f1..c693ec
WARN [01-23|07:18:41.659] Inserted block with unknown status       number=48 hash=6b5747..6f0d2c diff=131,072 elapsed="309.952µs" txs=1 gas=21000 uncles=0 root=924462..74c965
WARN [01-23|07:18:41.659] Inserted block with unknown status       number=49 hash=a6d86c..7a7741 diff=131,072 elapsed="342.864µs" txs=1 gas=96923 uncles=0 root=3e038f..0751d5
WARN [01-23|07:18:41.660] Inserted block with unknown status       number=50 hash=6a6f05..c1a565 diff=131,072 elapsed="440.329µs" txs=1 gas=21000 uncles=0 root=a43e45..32745e
WARN [01-23|07:18:41.660] Inserted block with unknown status       number=51 hash=696ddc..94bc39 diff=131,072 elapsed="301.095µs" txs=1 gas=21000 uncles=0 root=1dae56..5da210
WARN [01-23|07:18:41.661] Inserted block with unknown status       number=52 hash=1d223e..ddf9b3 diff=131,072 elapsed="269.656µs" txs=1 gas=21000 uncles=0 root=1337fd..1c1d41
WARN [01-23|07:18:41.661] Inserted block with unknown status       number=53 hash=f63d5c..14f75d diff=131,072 elapsed="330.341µs" txs=1 gas=96923 uncles=0 root=f7b2fa..26ad98
WARN [01-23|07:18:41.661] Inserted block with unknown status       number=54 hash=5a6dfa..ceebba diff=131,072 elapsed="280.718µs" txs=1 gas=21000 uncles=0 root=be32b5..48baaa
WARN [01-23|07:18:41.662] Inserted block with unknown status       number=55 hash=67f367..caac53 diff=131,072 elapsed="276.8µs"   txs=1 gas=21000 uncles=0 root=9dc51c..815d73
WARN [01-23|07:18:41.662] Inserted block with unknown status       number=56 hash=c11ece..cc10aa diff=131,072 elapsed="257.043µs" txs=1 gas=21000 uncles=0 root=779a20..879956
WARN [01-23|07:18:41.662] Inserted block with unknown status       number=57 hash=78839c..6b857f diff=131,072 elapsed="362.611µs" txs=1 gas=96923 uncles=0 root=823fdf..8afc2f
WARN [01-23|07:18:41.663] Inserted block with unknown status       number=58 hash=dcb173..761ea2 diff=131,072 elapsed="263.505µs" txs=1 gas=21000 uncles=0 root=d2807d..7f4ad4
WARN [01-23|07:18:41.663] Inserted block with unknown status       number=59 hash=efe1c6..5e844b diff=131,072 elapsed="265.449µs" txs=1 gas=21000 uncles=0 root=0ee18d..2df0ac
WARN [01-23|07:18:41.663] Inserted block with unknown status       number=60 hash=9476c4..14fc53 diff=131,072 elapsed="341.362µs" txs=1 gas=21000 uncles=0 root=044fa1..1477e1
WARN [01-23|07:18:41.664] Inserted block with unknown status       number=61 hash=39f78b..38c39a diff=131,072 elapsed="334.809µs" txs=1 gas=96923 uncles=0 root=3fcbe8..586085
WARN [01-23|07:18:41.664] Inserted block with unknown status       number=62 hash=fad152..4439cd diff=131,072 elapsed="290.325µs" txs=1 gas=21000 uncles=0 root=3f484a..038e46
WARN [01-23|07:18:41.665] Inserted block with unknown status       number=63 hash=94d77b..5b05f8 diff=131,072 elapsed="465.288µs" txs=1 gas=21000 uncles=0 root=319000..fe9ec1
WARN [01-23|07:18:41.665] Inserted block with unknown status       number=64 hash=e7bec4..df57a9 diff=131,072 elapsed="274.901µs" txs=1 gas=21000 uncles=0 root=89eb51..209241
WARN [01-23|07:18:41.665] Inserted block with unknown status       number=65 hash=cd92fc..72284a diff=131,072 elapsed="386.536µs" txs=1 gas=96923 uncles=0 root=d876ae..22e4e4
WARN [01-23|07:18:41.666] Inserted block with unknown status       number=66 hash=5ffb36..44a7b7 diff=131,072 elapsed="278.976µs" txs=1 gas=21000 uncles=0 root=be270c..e9cd59
WARN [01-23|07:18:41.666] Inserted block with unknown status       number=67 hash=64583e..7a968c diff=131,072 elapsed="249.99µs"  txs=1 gas=21000 uncles=0 root=0ef502..c43ae3
WARN [01-23|07:18:41.666] Inserted block with unknown status       number=68 hash=011bde..71696c diff=131,072 elapsed="261.03µs"  txs=1 gas=21000 uncles=0 root=7f7d2e..5b22cf
WARN [01-23|07:18:41.667] Inserted block with unknown status       number=69 hash=1042ee..0ddc00 diff=131,072 elapsed="357.983µs" txs=1 gas=96923 uncles=0 root=105339..e80d32
WARN [01-23|07:18:41.667] Inserted block with unknown status       number=70 hash=0b6d0d..dc156e diff=131,072 elapsed="286.629µs" txs=1 gas=21000 uncles=0 root=baadad..9c5171
WARN [01-23|07:18:41.667] Inserted block with unknown status       number=71 hash=da9a55..a50e2d diff=131,072 elapsed="291.809µs" txs=1 gas=21000 uncles=0 root=d9dab5..0f76c8
WARN [01-23|07:18:41.668] Inserted block with unknown status       number=72 hash=16221e..cdcda7 diff=131,072 elapsed="267.042µs" txs=1 gas=21000 uncles=0 root=4739b8..1379b3
WARN [01-23|07:18:41.669] Inserted block with unknown status       number=73 hash=9e4bee..33a7ab diff=131,072 elapsed="828.577µs" txs=1 gas=96923 uncles=0 root=75e54d..131ca9
WARN [01-23|07:18:41.669] Inserted block with unknown status       number=74 hash=f8122b..6fa67c diff=131,072 elapsed="510.619µs" txs=1 gas=21000 uncles=0 root=b3d6ba..1de09f
WARN [01-23|07:18:41.670] Inserted block with unknown status       number=75 hash=ea6ff2..41af86 diff=131,072 elapsed="526.904µs" txs=1 gas=21000 uncles=0 root=51c2a7..d1cccf
WARN [01-23|07:18:41.670] Inserted block with unknown status       number=76 hash=13e699..2f4dc9 diff=131,072 elapsed="320.493µs" txs=1 gas=21000 uncles=0 root=58d9a5..df83d6
WARN [01-23|07:18:41.671] Inserted block with unknown status       number=77 hash=2a679b..0d18dc diff=131,072 elapsed="393.829µs" txs=1 gas=96923 uncles=0 root=c70383..87d717
WARN [01-23|07:18:41.671] Inserted block with unknown status       number=78 hash=7e25d4..e14432 diff=131,072 elapsed="257.784µs" txs=1 gas=21000 uncles=0 root=ca6e50..faff84
WARN [01-23|07:18:41.671] Inserted block with unknown status       number=79 hash=d96937..de4f88 diff=131,072 elapsed="295.08µs"  txs=1 gas=21000 uncles=0 root=416476..5799d1
WARN [01-23|07:18:41.672] Inserted block with unknown status       number=80 hash=c8f149..36f40e diff=131,072 elapsed="321.484µs" txs=1 gas=21000 uncles=0 root=4d6557..fdcda0
WARN [01-23|07:18:41.672] Inserted block with unknown status       number=81 hash=021628..970717 diff=131,072 elapsed="370.597µs" txs=1 gas=96923 uncles=0 root=4efdad..b072cf
WARN [01-23|07:18:41.673] Inserted block with unknown status       number=82 hash=bd16d1..01b25b diff=131,072 elapsed="328.287µs" txs=1 gas=21000 uncles=0 root=ff1716..55a18d
WARN [01-23|07:18:41.673] Inserted block with unknown status       number=83 hash=13ff07..fccdeb diff=131,072 elapsed="279.599µs" txs=1 gas=21000 uncles=0 root=b77e96..61321f
WARN [01-23|07:18:41.673] Inserted block with unknown status       number=84 hash=690846..b56918 diff=131,072 elapsed="304.562µs" txs=1 gas=21000 uncles=0 root=58e33c..6a7d73
WARN [01-23|07:18:41.674] Inserted block with unknown status       number=85 hash=86c963..d0629a diff=131,072 elapsed="320.642µs" txs=1 gas=96923 uncles=0 root=a161e2..efd790
WARN [01-23|07:18:41.674] Inserted block with unknown status       number=86 hash=1a00a7..fbcb8f diff=131,072 elapsed="279.47µs"  txs=1 gas=21000 uncles=0 root=085e35..cb4955
WARN [01-23|07:18:41.674] Inserted block with unknown status       number=87 hash=d5f3db..fbc70c diff=131,072 elapsed="304.663µs" txs=1 gas=21000 uncles=0 root=c01b61..28b01f
WARN [01-23|07:18:41.675] Inserted block with unknown status       number=88 hash=95b39a..e73aed diff=131,072 elapsed="300.104µs" txs=1 gas=21000 uncles=0 root=8c4ca2..800cfb
WARN [01-23|07:18:41.675] Inserted block with unknown status       number=89 hash=5ff278..d692c2 diff=131,072 elapsed="343.926µs" txs=1 gas=96923 uncles=0 root=0f296a..968f17
WARN [01-23|07:18:41.676] Inserted block with unknown status       number=90 hash=85ce89..746607 diff=131,072 elapsed="261.02µs"  txs=1 gas=21000 uncles=0 root=c89b31..49e86c
WARN [01-23|07:18:41.676] Inserted block with unknown status       number=91 hash=1fb340..fb9926 diff=131,072 elapsed="464.282µs" txs=1 gas=21000 uncles=0 root=010211..beca63
WARN [01-23|07:18:41.676] Inserted block with unknown status       number=92 hash=9f7ba4..ca20d7 diff=131,072 elapsed="305.784µs" txs=1 gas=21000 uncles=0 root=cae59a..e2ed45
WARN [01-23|07:18:41.677] Inserted block with unknown status       number=93 hash=cc5622..c49f97 diff=131,072 elapsed="341.08µs"  txs=1 gas=96923 uncles=0 root=4f8939..63107e
WARN [01-23|07:18:41.677] Inserted block with unknown status       number=94 hash=618c18..e45651 diff=131,072 elapsed="285.507µs" txs=1 gas=21000 uncles=0 root=f58ab4..10cb15
WARN [01-23|07:18:41.677] Inserted block with unknown status       number=95 hash=64619b..84b755 diff=131,072 elapsed="280.027µs" txs=1 gas=21000 uncles=0 root=e546b0..a24894
WARN [01-23|07:18:41.678] Inserted block with unknown status       number=96 hash=a18891..2694ff diff=131,072 elapsed="285.957µs" txs=1 gas=21000 uncles=0 root=6a2654..710be3
WARN [01-23|07:18:41.678] Inserted block with unknown status       number=97 hash=2a73ac..d055df diff=131,072 elapsed="344.967µs" txs=1 gas=96923 uncles=0 root=9f1521..502fd0
WARN [01-23|07:18:41.679] Inserted block with unknown status       number=98 hash=954683..558fb0 diff=131,072 elapsed="285.656µs" txs=1 gas=21000 uncles=0 root=0d7886..701fba
WARN [01-23|07:18:41.679] Inserted block with unknown status       number=99 hash=092e50..efb93b diff=131,072 elapsed="327.046µs" txs=1 gas=21000 uncles=0 root=3a14ea..aafa80
WARN [01-23|07:18:41.679] Inserted block with unknown status       number=100 hash=596814..1e8d6c diff=131,072 elapsed="314.541µs" txs=1 gas=21000 uncles=0 root=a214e1..7d43d0
WARN [01-23|07:18:41.680] Inserted block with unknown status       number=101 hash=5468fc..a67ca0 diff=131,072 elapsed="380.595µs" txs=1 gas=96923 uncles=0 root=214e30..6f7031
WARN [01-23|07:18:41.680] Inserted block with unknown status       number=102 hash=16c8f5..1d17fe diff=131,072 elapsed="324.028µs" txs=1 gas=21000 uncles=0 root=533c1a..fc0149
WARN [01-23|07:18:41.680] Inserted block with unknown status       number=103 hash=53c752..5229ec diff=131,072 elapsed="310.053µs" txs=1 gas=21000 uncles=0 root=e99fab..b2efb2
WARN [01-23|07:18:41.681] Inserted block with unknown status       number=104 hash=3fd221..fc0fa8 diff=131,072 elapsed="296.549µs" txs=1 gas=21000 uncles=0 root=f8c831..0b8beb
WARN [01-23|07:18:41.681] Inserted block with unknown status       number=105 hash=a02b5e..ba829b diff=131,072 elapsed="389.191µs" txs=1 gas=96923 uncles=0 root=5e352b..1a5f95
WARN [01-23|07:18:41.682] Inserted block with unknown status       number=106 hash=fc02fb..8c9880 diff=131,072 elapsed="305.294µs" txs=1 gas=21000 uncles=0 root=69e59c..65d194
WARN [01-23|07:18:41.682] Inserted block with unknown status       number=107 hash=356fb1..0c2369 diff=131,072 elapsed="284.574µs" txs=1 gas=21000 uncles=0 root=21382f..0f5009
WARN [01-23|07:18:41.682] Inserted block with unknown status       number=108 hash=e3389d..e2b6b4 diff=131,072 elapsed="298.71µs"  txs=1 gas=21000 uncles=0 root=52d8d7..7df2f4
WARN [01-23|07:18:41.683] Inserted block with unknown status       number=109 hash=a06adc..6fbd67 diff=131,072 elapsed="508.356µs" txs=1 gas=96923 uncles=0 root=d0b327..07aa18
WARN [01-23|07:18:41.683] Inserted block with unknown status       number=110 hash=0da519..95509b diff=131,072 elapsed="318.5µs"   txs=1 gas=21000 uncles=0 root=18bf43..5e5936
WARN [01-23|07:18:41.684] Inserted block with unknown status       number=111 hash=1b05c9..1e5a83 diff=131,072 elapsed="301.577µs" txs=1 gas=21000 uncles=0 root=e4f64c..488085
WARN [01-23|07:18:41.684] Inserted block with unknown status       number=112 hash=a62605..d39c83 diff=131,072 elapsed="302.339µs" txs=1 gas=21000 uncles=0 root=2d0a31..9fb9a6
WARN [01-23|07:18:41.685] Inserted block with unknown status       number=113 hash=946337..f240f3 diff=131,072 elapsed="425.158µs" txs=1 gas=96923 uncles=0 root=6bc1a2..0dd42d
WARN [01-23|07:18:41.685] Inserted block with unknown status       number=114 hash=e352fc..a4e3ab diff=131,072 elapsed="324.414µs" txs=1 gas=21000 uncles=0 root=fb2bc2..ef0b0e
WARN [01-23|07:18:41.685] Inserted block with unknown status       number=115 hash=33bda4..f55cfc diff=131,072 elapsed="289.41µs"  txs=1 gas=21000 uncles=0 root=27a66b..73856a
WARN [01-23|07:18:41.686] Inserted block with unknown status       number=116 hash=afc018..24467e diff=131,072 elapsed="279.455µs" txs=1 gas=21000 uncles=0 root=0e5067..db7221
WARN [01-23|07:18:41.686] Inserted block with unknown status       number=117 hash=ef1bea..b1c9d0 diff=131,072 elapsed="404.269µs" txs=1 gas=96923 uncles=0 root=90c14d..0dfe01
WARN [01-23|07:18:41.686] Inserted block with unknown status       number=118 hash=7b2ec1..c86606 diff=131,072 elapsed="291.511µs" txs=1 gas=21000 uncles=0 root=168b9f..e987a4
WARN [01-23|07:18:41.687] Inserted block with unknown status       number=119 hash=fbd164..2017b4 diff=131,072 elapsed="351.106µs" txs=1 gas=21000 uncles=0 root=857f6b..836ad4
WARN [01-23|07:18:41.687] Inserted block with unknown status       number=120 hash=966776..b8ed0a diff=131,072 elapsed="435.977µs" txs=1 gas=21000 uncles=0 root=e35e7d..3d5c39
WARN [01-23|07:18:41.688] Inserted block with unknown status       number=121 hash=1c4496..470660 diff=131,072 elapsed="588.376µs" txs=1 gas=96923 uncles=0 root=19e2f6..d312ec
WARN [01-23|07:18:41.689] Inserted block with unknown status       number=122 hash=8e333e..766562 diff=131,072 elapsed="425.511µs" txs=1 gas=21000 uncles=0 root=9beb41..301b71
WARN [01-23|07:18:41.689] Inserted block with unknown status       number=123 hash=e3124d..e04a18 diff=131,072 elapsed="437.402µs" txs=1 gas=21000 uncles=0 root=64ef12..7da0e1
WARN [01-23|07:18:41.690] Inserted block with unknown status       number=124 hash=ccc4c0..0a0fac diff=131,072 elapsed="492.013µs" txs=1 gas=21000 uncles=0 root=c979ef..a4c29a
WARN [01-23|07:18:41.690] Inserted block with unknown status       number=125 hash=bacb72..2d722a diff=131,072 elapsed="635.785µs" txs=1 gas=96923 uncles=0 root=d35026..b297b8
WARN [01-23|07:18:41.691] Inserted block with unknown status       number=126 hash=509921..a3238e diff=131,072 elapsed="530.607µs" txs=1 gas=21000 uncles=0 root=8e4aae..942bba
WARN [01-23|07:18:41.691] Inserted block with unknown status       number=127 hash=f8266e..e1926d diff=131,072 elapsed="465.516µs" txs=1 gas=21000 uncles=0 root=bdd840..d8df78
WARN [01-23|07:18:41.692] Inserted block with unknown status       number=128 hash=e24849..3411ac diff=131,072 elapsed="428.665µs" txs=1 gas=21000 uncles=0 root=3e1a1a..b8689e
WARN [01-23|07:18:41.696] Inserted block with unknown status       number=129 hash=951822..3f36fa diff=131,072 elapsed=3.770ms     txs=1 gas=96923 uncles=0 root=151e32..faefbe
WARN [01-23|07:18:41.696] Inserted block with unknown status       number=130 hash=ca305a..63a6f2 diff=131,072 elapsed="373.393µs" txs=1 gas=21000 uncles=0 root=517c1a..852bca
WARN [01-23|07:18:41.697] Inserted block with unknown status       number=131 hash=26a041..c760ab diff=131,072 elapsed="343.515µs" txs=1 gas=21000 uncles=0 root=7ffdf4..1ebbdc
WARN [01-23|07:18:41.697] Inserted block with unknown status       number=132 hash=d828de..7f330a diff=131,072 elapsed="294.353µs" txs=1 gas=21000 uncles=0 root=402881..6c400b
WARN [01-23|07:18:41.697] Inserted block with unknown status       number=133 hash=817cfd..b9ba6e diff=131,072 elapsed="448.873µs" txs=1 gas=96923 uncles=0 root=dd3641..2ecf54
WARN [01-23|07:18:41.698] Inserted block with unknown status       number=134 hash=542afd..8c8454 diff=131,072 elapsed="529.184µs" txs=1 gas=21000 uncles=0 root=731cb9..f454f9
WARN [01-23|07:18:41.699] Inserted block with unknown status       number=135 hash=7a4dd6..b6e971 diff=131,072 elapsed="508.404µs" txs=1 gas=21000 uncles=0 root=367e30..546195
WARN [01-23|07:18:41.699] Inserted block with unknown status       number=136 hash=c9f185..025f10 diff=131,072 elapsed="362.681µs" txs=1 gas=21000 uncles=0 root=8d880e..3edbd2
WARN [01-23|07:18:41.700] Inserted block with unknown status       number=137 hash=40c9e2..34c79b diff=131,072 elapsed="427.884µs" txs=1 gas=96923 uncles=0 root=e7fb23..a06890
WARN [01-23|07:18:41.700] Inserted block with unknown status       number=138 hash=de0ea9..bc8d46 diff=131,072 elapsed="339.028µs" txs=1 gas=21000 uncles=0 root=39dbe5..e7f049
WARN [01-23|07:18:41.700] Inserted block with unknown status       number=139 hash=bab963..fe8b6f diff=131,072 elapsed="346.852µs" txs=1 gas=21000 uncles=0 root=24549e..c843f9
WARN [01-23|07:18:41.701] Inserted block with unknown status       number=140 hash=94a06d..34e30c diff=131,072 elapsed="312.462µs" txs=1 gas=21000 uncles=0 root=ee538d..5a8748
WARN [01-23|07:18:41.701] Inserted block with unknown status       number=141 hash=30947a..9d2ce3 diff=131,072 elapsed="406.123µs" txs=1 gas=96923 uncles=0 root=67cf9a..131269
WARN [01-23|07:18:41.702] Inserted block with unknown status       number=142 hash=c9150d..bccf66 diff=131,072 elapsed="592.353µs" txs=1 gas=21000 uncles=0 root=63e348..39d350
WARN [01-23|07:18:41.702] Inserted block with unknown status       number=143 hash=216c88..701a99 diff=131,072 elapsed="490.281µs" txs=1 gas=21000 uncles=0 root=c9c4a0..8bce59
WARN [01-23|07:18:41.703] Inserted block with unknown status       number=144 hash=822834..0c4b0b diff=131,072 elapsed="839.663µs" txs=1 gas=21000 uncles=0 root=f277a6..42b5f7
WARN [01-23|07:18:41.704] Inserted block with unknown status       number=145 hash=1ebd9f..f53840 diff=131,072 elapsed="399.3µs"   txs=1 gas=96923 uncles=0 root=ca04ad..4154ac
WARN [01-23|07:18:41.704] Inserted block with unknown status       number=146 hash=af8673..294a19 diff=131,072 elapsed="348.895µs" txs=1 gas=21000 uncles=0 root=2439b6..4a150e
WARN [01-23|07:18:41.705] Inserted block with unknown status       number=147 hash=0a0d26..73e935 diff=131,072 elapsed="321.733µs" txs=1 gas=21000 uncles=0 root=abed1a..f12340
WARN [01-23|07:18:41.705] Inserted block with unknown status       number=148 hash=74702a..9e5707 diff=131,072 elapsed="296.358µs" txs=1 gas=21000 uncles=0 root=5486bf..839841
WARN [01-23|07:18:41.705] Inserted block with unknown status       number=149 hash=32f8e5..2b5f4c diff=131,072 elapsed="388.179µs" txs=1 gas=96923 uncles=0 root=e1afa5..a80704
WARN [01-23|07:18:41.706] Inserted block with unknown status       number=150 hash=52a5bd..4644f4 diff=131,072 elapsed="341.822µs" txs=1 gas=21000 uncles=0 root=5fcc81..8b363d
WARN [01-23|07:18:41.706] Inserted block with unknown status       number=151 hash=cf2700..a17625 diff=131,072 elapsed="337.965µs" txs=1 gas=21000 uncles=0 root=daff70..beaef7
WARN [01-23|07:18:41.707] Inserted block with unknown status       number=152 hash=877332..f6806f diff=131,072 elapsed="323.288µs" txs=1 gas=21000 uncles=0 root=bc9a8f..b3ce58
WARN [01-23|07:18:41.707] Inserted block with unknown status       number=153 hash=a24b27..6c77d3 diff=131,072 elapsed="462.95µs"  txs=1 gas=96923 uncles=0 root=87c329..ddffb9
WARN [01-23|07:18:41.708] Inserted block with unknown status       number=154 hash=2a7f8d..7a8aa2 diff=131,072 elapsed="307.578µs" txs=1 gas=21000 uncles=0 root=3a8b44..efc0d6
WARN [01-23|07:18:41.708] Inserted block with unknown status       number=155 hash=6d84ce..89abee diff=131,072 elapsed="329.109µs" txs=1 gas=21000 uncles=0 root=5dec67..b4a5b7
WARN [01-23|07:18:41.708] Inserted block with unknown status       number=156 hash=681b34..a589c1 diff=131,072 elapsed="312.671µs" txs=1 gas=21000 uncles=0 root=cf88f4..3775ed
WARN [01-23|07:18:41.709] Inserted block with unknown status       number=157 hash=b27a6b..20d787 diff=131,072 elapsed="387.588µs" txs=1 gas=96923 uncles=0 root=7c3052..144faa
WARN [01-23|07:18:41.709] Inserted block with unknown status       number=158 hash=9ae710..8a9d16 diff=131,072 elapsed="295.996µs" txs=1 gas=21000 uncles=0 root=c8c8ce..a0637f
WARN [01-23|07:18:41.710] Inserted block with unknown status       number=159 hash=b9ed04..baf9f0 diff=131,072 elapsed="331.784µs" txs=1 gas=21000 uncles=0 root=2171d7..e9f530
WARN [01-23|07:18:41.710] Inserted block with unknown status       number=160 hash=120f4d..43aa1e diff=131,072 elapsed="315.152µs" txs=1 gas=21000 uncles=0 root=cdf10e..e2ea19
WARN [01-23|07:18:41.710] Inserted block with unknown status       number=161 hash=3b301c..cfe477 diff=131,072 elapsed="428.014µs" txs=1 gas=96923 uncles=0 root=09f87d..98c58c
WARN [01-23|07:18:41.711] Inserted block with unknown status       number=162 hash=f4564a..3a0f26 diff=131,072 elapsed="299.282µs" txs=1 gas=21000 uncles=0 root=1c7cb1..823879
WARN [01-23|07:18:41.711] Inserted block with unknown status       number=163 hash=24014d..b20e05 diff=131,072 elapsed="316.831µs" txs=1 gas=21000 uncles=0 root=e09331..d124cc
WARN [01-23|07:18:41.711] Inserted block with unknown status       number=164 hash=f868cc..fd10dc diff=131,072 elapsed="311.535µs" txs=1 gas=21000 uncles=0 root=61d5f1..a70c0e
WARN [01-23|07:18:41.712] Inserted block with unknown status       number=165 hash=14459d..74c34f diff=131,072 elapsed="371.618µs" txs=1 gas=96923 uncles=0 root=d62074..5a63ce
WARN [01-23|07:18:41.712] Inserted block with unknown status       number=166 hash=db24c4..000c52 diff=131,072 elapsed="324.083µs" txs=1 gas=21000 uncles=0 root=b6b12c..9496ba
WARN [01-23|07:18:41.713] Inserted block with unknown status       number=167 hash=b62053..0aac56 diff=131,072 elapsed="297.059µs" txs=1 gas=21000 uncles=0 root=c13ddb..0459ee
WARN [01-23|07:18:41.713] Inserted block with unknown status       number=168 hash=5e8066..1d9e2d diff=131,072 elapsed="290.242µs" txs=1 gas=21000 uncles=0 root=3e9cdd..233739
WARN [01-23|07:18:41.713] Inserted block with unknown status       number=169 hash=017c7c..dbbf4b diff=131,072 elapsed="394.661µs" txs=1 gas=96923 uncles=0 root=e69a1e..cdbea7
WARN [01-23|07:18:41.714] Inserted block with unknown status       number=170 hash=ff960e..1df58a diff=131,072 elapsed="325.07µs"  txs=1 gas=21000 uncles=0 root=0686fd..97f6ff
WARN [01-23|07:18:41.714] Inserted block with unknown status       number=171 hash=0a4cb6..de0d51 diff=131,072 elapsed="297.509µs" txs=1 gas=21000 uncles=0 root=292ba3..4d3900
WARN [01-23|07:18:41.715] Inserted block with unknown status       number=172 hash=d9946d..075f9d diff=131,072 elapsed="305.968µs" txs=1 gas=21000 uncles=0 root=99c138..137ddb
WARN [01-23|07:18:41.715] Inserted block with unknown status       number=173 hash=8a3a99..3c011e diff=131,072 elapsed="406.704µs" txs=1 gas=96923 uncles=0 root=4b977c..0df417
WARN [01-23|07:18:41.715] Inserted block with unknown status       number=174 hash=bfe6c8..d190e2 diff=131,072 elapsed="331.313µs" txs=1 gas=21000 uncles=0 root=6f24dc..8113c5
WARN [01-23|07:18:41.716] Inserted block with unknown status       number=175 hash=290009..d5f019 diff=131,072 elapsed="319.867µs" txs=1 gas=21000 uncles=0 root=49485c..e46daa
WARN [01-23|07:18:41.716] Inserted block with unknown status       number=176 hash=41ba26..b4f3e5 diff=131,072 elapsed="318.748µs" txs=1 gas=21000 uncles=0 root=d337d0..8e7e16
WARN [01-23|07:18:41.717] Inserted block with unknown status       number=177 hash=4428c0..b76b24 diff=131,072 elapsed="387.538µs" txs=1 gas=96923 uncles=0 root=b41720..afeb29
WARN [01-23|07:18:41.717] Inserted block with unknown status       number=178 hash=dad14c..b152a4 diff=131,072 elapsed="319.479µs" txs=1 gas=21000 uncles=0 root=ec6845..e99309
WARN [01-23|07:18:41.717] Inserted block with unknown status       number=179 hash=109a09..892590 diff=131,072 elapsed="338.606µs" txs=1 gas=21000 uncles=0 root=a44ff1..0eaef8
WARN [01-23|07:18:41.718] Inserted block with unknown status       number=180 hash=47a8cc..4ddcbd diff=131,072 elapsed="328.538µs" txs=1 gas=21000 uncles=0 root=d151d2..78e2de
WARN [01-23|07:18:41.718] Inserted block with unknown status       number=181 hash=7df099..c80cc0 diff=131,072 elapsed="446.389µs" txs=1 gas=96923 uncles=0 root=edf9fb..04c5ce
WARN [01-23|07:18:41.719] Inserted block with unknown status       number=182 hash=500271..7d97ec diff=131,072 elapsed="299.543µs" txs=1 gas=21000 uncles=0 root=b5a792..77f1f0
WARN [01-23|07:18:41.719] Inserted block with unknown status       number=183 hash=acdeb6..33ab93 diff=131,072 elapsed="344.988µs" txs=1 gas=21000 uncles=0 root=e8a74f..ad3535
WARN [01-23|07:18:41.719] Inserted block with unknown status       number=184 hash=087520..ebb023 diff=131,072 elapsed="327.186µs" txs=1 gas=21000 uncles=0 root=314da9..2c0e58
WARN [01-23|07:18:41.720] Inserted block with unknown status       number=185 hash=45d218..fd00ed diff=131,072 elapsed="419.318µs" txs=1 gas=96923 uncles=0 root=f8ca91..dd8c95
WARN [01-23|07:18:41.720] Inserted block with unknown status       number=186 hash=e6c564..bd06fa diff=131,072 elapsed="338.527µs" txs=1 gas=21000 uncles=0 root=071467..5f19fa
WARN [01-23|07:18:41.721] Inserted block with unknown status       number=187 hash=2c5a4a..60bc45 diff=131,072 elapsed="315.853µs" txs=1 gas=21000 uncles=0 root=d24afd..6f7bb3
WARN [01-23|07:18:41.721] Inserted block with unknown status       number=188 hash=3627c7..c84ff0 diff=131,072 elapsed="340.079µs" txs=1 gas=21000 uncles=0 root=2fe98b..e1ffbe
WARN [01-23|07:18:41.722] Inserted block with unknown status       number=189 hash=7832ab..37362d diff=131,072 elapsed="405.225µs" txs=1 gas=96923 uncles=0 root=9c0628..b836b8
WARN [01-23|07:18:41.722] Inserted block with unknown status       number=190 hash=2c0300..a686e0 diff=131,072 elapsed="414.244µs" txs=1 gas=21000 uncles=0 root=b5fdef..eeadc9
WARN [01-23|07:18:41.722] Inserted block with unknown status       number=191 hash=905fd6..9c3517 diff=131,072 elapsed="384.142µs" txs=1 gas=21000 uncles=0 root=ac5b45..1ae0ab
WARN [01-23|07:18:41.723] Inserted block with unknown status       number=192 hash=7192fc..869b35 diff=131,072 elapsed="302.789µs" txs=1 gas=21000 uncles=0 root=f11b25..82dad0
WARN [01-23|07:18:41.723] Inserted block with unknown status       number=193 hash=23bd71..ceffa1 diff=131,072 elapsed="424.137µs" txs=1 gas=96923 uncles=0 root=61e4b8..5e98d0
WARN [01-23|07:18:41.724] Inserted block with unknown status       number=194 hash=08ae59..aa2928 diff=131,072 elapsed="301.176µs" txs=1 gas=21000 uncles=0 root=668e58..fc8133
WARN [01-23|07:18:41.724] Inserted block with unknown status       number=195 hash=69651f..6c6c45 diff=131,072 elapsed="296.767µs" txs=1 gas=21000 uncles=0 root=677edb..ee227c
WARN [01-23|07:18:41.724] Inserted block with unknown status       number=196 hash=359756..5166ee diff=131,072 elapsed="345.709µs" txs=1 gas=21000 uncles=0 root=60bc44..3577ca
WARN [01-23|07:18:41.725] Inserted block with unknown status       number=197 hash=4b1316..b83826 diff=131,072 elapsed="378.251µs" txs=1 gas=96923 uncles=0 root=8aa1fb..006f09
WARN [01-23|07:18:41.725] Inserted block with unknown status       number=198 hash=92c425..cc05ed diff=131,072 elapsed="276.279µs" txs=1 gas=21000 uncles=0 root=52049b..6b8afc
WARN [01-23|07:18:41.726] Inserted block with unknown status       number=199 hash=7dbc2f..50d61e diff=131,072 elapsed="315.282µs" txs=1 gas=21000 uncles=0 root=0a1017..8c47de
WARN [01-23|07:18:41.726] Inserted block with unknown status       number=200 hash=0aab4a..54f71d diff=131,072 elapsed="324.67µs"  txs=1 gas=21000 uncles=0 root=fbcfb0..ae3641
WARN [01-23|07:18:41.726] Inserted block with unknown status       number=201 hash=0ea2c2..177e40 diff=131,072 elapsed="428.726µs" txs=1 gas=96923 uncles=0 root=ab3c56..dc2960
WARN [01-23|07:18:41.727] Inserted block with unknown status       number=202 hash=fefa8c..a5dc52 diff=131,072 elapsed="339.097µs" txs=1 gas=21000 uncles=0 root=5b203c..b529c5
WARN [01-23|07:18:41.727] Inserted block with unknown status       number=203 hash=d747e2..711305 diff=131,072 elapsed="306.045µs" txs=1 gas=21000 uncles=0 root=95e32c..013985
WARN [01-23|07:18:41.728] Inserted block with unknown status       number=204 hash=00af1a..db4f3e diff=131,072 elapsed="313.428µs" txs=1 gas=21000 uncles=0 root=29c190..0b0c3e
WARN [01-23|07:18:41.728] Inserted block with unknown status       number=205 hash=b20760..60268e diff=131,072 elapsed="399.641µs" txs=1 gas=96923 uncles=0 root=94749d..ece42a
WARN [01-23|07:18:41.728] Inserted block with unknown status       number=206 hash=de739b..d4a493 diff=131,072 elapsed="302.578µs" txs=1 gas=21000 uncles=0 root=8a6ad1..ae678e
WARN [01-23|07:18:41.729] Inserted block with unknown status       number=207 hash=6a87bd..3d6f0e diff=131,072 elapsed="315.713µs" txs=1 gas=21000 uncles=0 root=714a5e..e893ac
WARN [01-23|07:18:41.729] Inserted block with unknown status       number=208 hash=383b04..4065ff diff=131,072 elapsed="446.86µs"  txs=1 gas=21000 uncles=0 root=87ddb0..40a0b2
WARN [01-23|07:18:41.731] Inserted block with unknown status       number=209 hash=a6e412..0fe87a diff=131,072 elapsed=1.439ms     txs=1 gas=96923 uncles=0 root=dee57f..d514b6
WARN [01-23|07:18:41.731] Inserted block with unknown status       number=210 hash=099bd0..176c8b diff=131,072 elapsed="475.323µs" txs=1 gas=21000 uncles=0 root=621e00..695b8a
WARN [01-23|07:18:41.732] Inserted block with unknown status       number=211 hash=574453..42011c diff=131,072 elapsed="329.329µs" txs=1 gas=21000 uncles=0 root=a61a8b..20b728
WARN [01-23|07:18:41.732] Inserted block with unknown status       number=212 hash=8412ce..23a260 diff=131,072 elapsed="317.066µs" txs=1 gas=21000 uncles=0 root=12169f..253df8
WARN [01-23|07:18:41.733] Inserted block with unknown status       number=213 hash=0dfb41..3f7c33 diff=131,072 elapsed="430.098µs" txs=1 gas=96923 uncles=0 root=eb9c90..cb5f1d
WARN [01-23|07:18:41.733] Inserted block with unknown status       number=214 hash=225e65..e38bd0 diff=131,072 elapsed="338.927µs" txs=1 gas=21000 uncles=0 root=ea0453..5ee2dd
WARN [01-23|07:18:41.734] Inserted block with unknown status       number=215 hash=b814da..b9f669 diff=131,072 elapsed="320.282µs" txs=1 gas=21000 uncles=0 root=629261..a2c4d2
WARN [01-23|07:18:41.734] Inserted block with unknown status       number=216 hash=9c885c..067dd8 diff=131,072 elapsed="278.634µs" txs=1 gas=21000 uncles=0 root=d5452f..dee9be
WARN [01-23|07:18:41.734] Inserted block with unknown status       number=217 hash=656b75..d69c44 diff=131,072 elapsed="416.573µs" txs=1 gas=96923 uncles=0 root=d3e40c..f30325
WARN [01-23|07:18:41.735] Inserted block with unknown status       number=218 hash=3f2a8f..ce0594 diff=131,072 elapsed="299.581µs" txs=1 gas=21000 uncles=0 root=0306ef..0be587
WARN [01-23|07:18:41.735] Inserted block with unknown status       number=219 hash=d0d85a..b50cb2 diff=131,072 elapsed="372.582µs" txs=1 gas=21000 uncles=0 root=c030fd..3e121b
WARN [01-23|07:18:41.736] Inserted block with unknown status       number=220 hash=52bafa..1ff010 diff=131,072 elapsed="289.053µs" txs=1 gas=21000 uncles=0 root=751c6a..e81fc0
WARN [01-23|07:18:41.736] Inserted block with unknown status       number=221 hash=2fb743..a093f1 diff=131,072 elapsed="406.584µs" txs=1 gas=96923 uncles=0 root=c5c1c7..38f100
WARN [01-23|07:18:41.736] Inserted block with unknown status       number=222 hash=a3546b..f95d58 diff=131,072 elapsed="338.396µs" txs=1 gas=21000 uncles=0 root=84b6f5..db1639
WARN [01-23|07:18:41.737] Inserted block with unknown status       number=223 hash=b6a29e..ba14e8 diff=131,072 elapsed="330.22µs"  txs=1 gas=21000 uncles=0 root=322b62..f94839
WARN [01-23|07:18:41.737] Inserted block with unknown status       number=224 hash=a29d06..4e2406 diff=131,072 elapsed="422.343µs" txs=1 gas=21000 uncles=0 root=c74721..630138
WARN [01-23|07:18:41.738] Inserted block with unknown status       number=225 hash=192574..d8cc30 diff=131,072 elapsed="480.593µs" txs=1 gas=96923 uncles=0 root=da1108..650520
WARN [01-23|07:18:41.738] Inserted block with unknown status       number=226 hash=10bffa..6d5ebb diff=131,072 elapsed="337.404µs" txs=1 gas=21000 uncles=0 root=7dc365..8eed7a
WARN [01-23|07:18:41.739] Inserted block with unknown status       number=227 hash=1bd24c..1b3e33 diff=131,072 elapsed="358.729µs" txs=1 gas=21000 uncles=0 root=5f9bab..a228d8
WARN [01-23|07:18:41.739] Inserted block with unknown status       number=228 hash=9291ff..c94a93 diff=131,072 elapsed="334.194µs" txs=1 gas=21000 uncles=0 root=d1cfe2..9d6bff
WARN [01-23|07:18:41.740] Inserted block with unknown status       number=229 hash=b2b88b..ca6b5b diff=131,072 elapsed="474.792µs" txs=1 gas=96923 uncles=0 root=647963..9bedb9
WARN [01-23|07:18:41.740] Inserted block with unknown status       number=230 hash=244cf0..7f39a1 diff=131,072 elapsed="387.452µs" txs=1 gas=21000 uncles=0 root=0cebe0..a3b919
WARN [01-23|07:18:41.740] Inserted block with unknown status       number=231 hash=6e8ce3..fa2d9a diff=131,072 elapsed="351.42µs"  txs=1 gas=21000 uncles=0 root=6175f9..4d368e
WARN [01-23|07:18:41.741] Inserted block with unknown status       number=232 hash=4f3d3e..ad439b diff=131,072 elapsed="377.92µs"  txs=1 gas=21000 uncles=0 root=6ed4ff..3bbdc6
WARN [01-23|07:18:41.741] Inserted block with unknown status       number=233 hash=7fad36..8da140 diff=131,072 elapsed="450.837µs" txs=1 gas=96923 uncles=0 root=9c3e6f..ac11c0
WARN [01-23|07:18:41.742] Inserted block with unknown status       number=234 hash=0c5bc6..fc36d9 diff=131,072 elapsed="310.123µs" txs=1 gas=21000 uncles=0 root=9a1294..f05f95
WARN [01-23|07:18:41.742] Inserted block with unknown status       number=235 hash=17e6f4..340b47 diff=131,072 elapsed="368.218µs" txs=1 gas=21000 uncles=0 root=762aba..6a1bee
WARN [01-23|07:18:41.743] Inserted block with unknown status       number=236 hash=c89549..63f18c diff=131,072 elapsed="293.822µs" txs=1 gas=21000 uncles=0 root=bd4b80..674a59
WARN [01-23|07:18:41.743] Inserted block with unknown status       number=237 hash=171a2e..a9b9cf diff=131,072 elapsed="439.616µs" txs=1 gas=96923 uncles=0 root=7feea2..24d0b7
WARN [01-23|07:18:41.743] Inserted block with unknown status       number=238 hash=f0858c..ac72e9 diff=131,072 elapsed="342.398µs" txs=1 gas=21000 uncles=0 root=3e10cf..c61998
WARN [01-23|07:18:41.744] Inserted block with unknown status       number=239 hash=f12334..1ad693 diff=131,072 elapsed="305.28µs"  txs=1 gas=21000 uncles=0 root=200e4e..e58342
WARN [01-23|07:18:41.744] Inserted block with unknown status       number=240 hash=421e07..e36435 diff=131,072 elapsed="311.475µs" txs=1 gas=21000 uncles=0 root=a38a8b..b14e25
WARN [01-23|07:18:41.745] Inserted block with unknown status       number=241 hash=b993ec..ca1b36 diff=131,072 elapsed="533.783µs" txs=1 gas=96923 uncles=0 root=ecca10..49d01f
WARN [01-23|07:18:41.745] Inserted block with unknown status       number=242 hash=53879f..674c28 diff=131,072 elapsed="361.122µs" txs=1 gas=21000 uncles=0 root=0f04d7..7ed89b
WARN [01-23|07:18:41.746] Inserted block with unknown status       number=243 hash=4b134e..1e1a62 diff=131,072 elapsed="400.758µs" txs=1 gas=21000 uncles=0 root=7f22f9..6248ba
WARN [01-23|07:18:41.746] Inserted block with unknown status       number=244 hash=2f4047..1c13ad diff=131,072 elapsed="365.327µs" txs=1 gas=21000 uncles=0 root=70f9a4..53c3fd
WARN [01-23|07:18:41.747] Inserted block with unknown status       number=245 hash=d9e3c6..9980af diff=131,072 elapsed="458.592µs" txs=1 gas=96923 uncles=0 root=f3c0ea..7f372c
WARN [01-23|07:18:41.747] Inserted block with unknown status       number=246 hash=a72627..9056ff diff=131,072 elapsed="378.942µs" txs=1 gas=21000 uncles=0 root=3b8462..2ee5aa
WARN [01-23|07:18:41.748] Inserted block with unknown status       number=247 hash=071c1f..9f9645 diff=131,072 elapsed="384.193µs" txs=1 gas=21000 uncles=0 root=9ab9a9..09b375
WARN [01-23|07:18:41.748] Inserted block with unknown status       number=248 hash=bf22b1..544f3e diff=131,072 elapsed="361.88µs"  txs=1 gas=21000 uncles=0 root=d911c6..730efe
WARN [01-23|07:18:41.749] Inserted block with unknown status       number=249 hash=d278ba..f39b53 diff=131,072 elapsed="437.673µs" txs=1 gas=96923 uncles=0 root=9fbbaf..455d25
WARN [01-23|07:18:41.749] Inserted block with unknown status       number=250 hash=5ea366..66dbf8 diff=131,072 elapsed="354.716µs" txs=1 gas=21000 uncles=0 root=97ef8c..1af99f
WARN [01-23|07:18:41.749] Inserted block with unknown status       number=251 hash=ba6d7a..7fe6e2 diff=131,072 elapsed="359.014µs" txs=1 gas=21000 uncles=0 root=3af5d0..0310f5
WARN [01-23|07:18:41.750] Inserted block with unknown status       number=252 hash=fd223a..50c6ac diff=131,072 elapsed="313.359µs" txs=1 gas=21000 uncles=0 root=9fcf5d..e1be0e
WARN [01-23|07:18:41.750] Inserted block with unknown status       number=253 hash=7c3a9f..362ff3 diff=131,072 elapsed="479.581µs" txs=1 gas=96923 uncles=0 root=1cfada..312b19
WARN [01-23|07:18:41.751] Inserted block with unknown status       number=254 hash=f9e961..d00f10 diff=131,072 elapsed="313.532µs" txs=1 gas=21000 uncles=0 root=6151f0..0bdd66
WARN [01-23|07:18:41.751] Inserted block with unknown status       number=255 hash=bd9ac7..800394 diff=131,072 elapsed="349.437µs" txs=1 gas=21000 uncles=0 root=aa6009..2b7937
WARN [01-23|07:18:41.752] Inserted block with unknown status       number=256 hash=2db43f..66eb56 diff=131,072 elapsed="361.224µs" txs=1 gas=21000 uncles=0 root=567107..109bd3
INFO [01-23|07:18:41.752] Imported new chain segment               blocks=256 txs=256 mgas=10.235 elapsed=111.931ms   mgasps=91.440 number=256 hash=2db43f..66eb56 age=56y10mo2w dirty=430.89KiB
=== RUN   FuzzLes
--- PASS: FuzzLes (0.00s)
PASS
coverage: 21.5% of statements
ok  	github.com/morph-l2/go-ethereum/tests/fuzzers/les	0.253s	coverage: 21.5% of statements
	github.com/morph-l2/go-ethereum/tests/fuzzers/les/debug		coverage: 0.0% of statements
