=== RUN   FuzzRangeproof
=== RUN   FuzzRangeproof/00585db560e06fdf36ec876e1fd2a11e18389d74
=== RUN   FuzzRangeproof/006d278a318173e1f4a500cd8c993cf14a66f0d0
=== RUN   FuzzRangeproof/01d22b6afbc604dfcef8f419510360a06c4a2e17
=== RUN   FuzzRangeproof/0393f01a4ccef9b7c9cd0918a5f234b9fb795d72
=== RUN   FuzzRangeproof/0405b99fc250e19c9642bab6a466ea06c01aa311
=== RUN   FuzzRangeproof/0430e8dde4c9f5078169bc7e612678597f6ac267
=== RUN   FuzzRangeproof/0489367b945d415e7c6d18267452c4a9396836bc
=== RUN   FuzzRangeproof/05ebd3f6ecd0a7a5356170fade8de075e5b10115
=== RUN   FuzzRangeproof/063b6715163b289695af9a95334e2eeef2aad459
=== RUN   FuzzRangeproof/065cf3ceabe414429b9cbad1d009c92f04802291
=== RUN   FuzzRangeproof/0664020f413eb1c0d102b1bd37e383d9094b5abf
=== RUN   FuzzRangeproof/06985b60cf18a7a078197ce703f41d258a9d9a20
=== RUN   FuzzRangeproof/07536c8f94afe1a1434c5e0c8cbf12d1d299040c
=== RUN   FuzzRangeproof/091385be99b45f459a231582d583ec9f3fa3d194
=== RUN   FuzzRangeproof/092874f710d30193dc80bb413aa5896d8f81d2c9
=== RUN   FuzzRangeproof/098785ac204708d5446474e81c9f92d14650c265
=== RUN   FuzzRangeproof/09b06f3a83f17f684ddc3b1bd2ee80afa300bed5
=== RUN   FuzzRangeproof/0a48a2345ab058e3be67f0057d133954a5f648bc
=== RUN   FuzzRangeproof/0a60be72baeb92a87e24ec83459e20a2360a304b
=== RUN   FuzzRangeproof/0b2c3ce9eb064bf7ee5fae0368274868543eb045
=== RUN   FuzzRangeproof/0b5ff4199bf4f6fd4d66b8005dea87c23691ad24
=== RUN   FuzzRangeproof/0be4d2e533d19e256baae1eefbb7e1871d4eb7c3
=== RUN   FuzzRangeproof/0c00ac4ab9f801e494ce0b0731b3e4d7ccf2416a
=== RUN   FuzzRangeproof/0c43e7166de2372610f62f9c534c3b370dc9cc81
=== RUN   FuzzRangeproof/0cb10eb2cc3d0ccdde163780f3df1532791b725e
=== RUN   FuzzRangeproof/0d8b4c00935e5d8740cc354a2cb5183751db36f9
=== RUN   FuzzRangeproof/0ddfcd85837a5543e8c07e454a2ff7d8bc79a06a
=== RUN   FuzzRangeproof/0de450dc21cdb703f00ac31a7ec55b7101085e32
=== RUN   FuzzRangeproof/0f2d9f4292d5c033edd16a2a72493b45888e10d4
=== RUN   FuzzRangeproof/0f38b546f2fa508e9a104a401b7ed6ff68849691
=== RUN   FuzzRangeproof/0f9e25e55730c26fff9213ac2c7c4a9e3d29dd3a
=== RUN   FuzzRangeproof/10256093b27bca6eddd7c2cd679383198575369a
=== RUN   FuzzRangeproof/1241882a02f315d05cb9131fdd07530aecdb2c02
=== RUN   FuzzRangeproof/12acb41d1bf235a00f3a008e527537c19ecdb8b2
=== RUN   FuzzRangeproof/143f7990588cd6fa609b3b9b43d5df1ede341ecd
=== RUN   FuzzRangeproof/14f36421a983448e8983b826a659f67bae822653
=== RUN   FuzzRangeproof/1559743591376b20879733b2372880ba85caeb8d
=== RUN   FuzzRangeproof/1598da970ca7468f27918d44bc861ec29c806a83
=== RUN   FuzzRangeproof/15ac6ab628e7c1f4fb7ad3d87bcd44492305a01b
=== RUN   FuzzRangeproof/177efad0db68430287017c5241aebf0485a9c466
=== RUN   FuzzRangeproof/17d1fb8754b828d4fb5ed218522524e89d4c39f9
=== RUN   FuzzRangeproof/1857ddb24453fdf0dd846b25d96259e20da13978
=== RUN   FuzzRangeproof/18b30958754e973cb0b2d4deaf25d3497b5d6537
=== RUN   FuzzRangeproof/199b95f4f655b13555576cb1339139fba9fcf496
=== RUN   FuzzRangeproof/19a547a50a32f4bda42cd7719f18fb4b369e4899
=== RUN   FuzzRangeproof/19b29ed28a42783f16b8a629be5b639edc61f70b
=== RUN   FuzzRangeproof/19ee26e89dc50fbded34feed4fb3a0dbabd7fb9c
=== RUN   FuzzRangeproof/1a1c905495432af4cec9962794976894966fc2d5
=== RUN   FuzzRangeproof/1d5c8aca424e9a7ae5fa2382738632e9bf8fb21d
=== RUN   FuzzRangeproof/1e028d28058d4614315d61a524de66c18d9ceee8
=== RUN   FuzzRangeproof/1e9e88fea285e185ba04790e997fb936f23ba2bf
=== RUN   FuzzRangeproof/1eda1d506b49e6620050466bcd02ff6a4d498f16
=== RUN   FuzzRangeproof/1f81d4e2eed7bd5218d79ee316591e858a57f3af
=== RUN   FuzzRangeproof/1ff88aefb287a9c39cf1d77e77a02eaff1780f16
=== RUN   FuzzRangeproof/21542c2cd2f91e063e4b7de87be8f097b0d573af
=== RUN   FuzzRangeproof/21b7f8c5192e922adf67eeb0313695296b13615a
=== RUN   FuzzRangeproof/22d4eeafaf89db86b7af3bfc0ede3c41c62a5e7d
=== RUN   FuzzRangeproof/235a21339bcc53402be6bc525c0fa9597879a995
=== RUN   FuzzRangeproof/23e11be9f9ee4c5017fb79043db2ae28e24c19e1
=== RUN   FuzzRangeproof/240705ceb1b3d7ec24c74d5a5050c8932d0efe5c
=== RUN   FuzzRangeproof/24c2b629d49dd540b64d9448675afea9715a4474
=== RUN   FuzzRangeproof/2500854afa591c61efccc1b2222e1f7be7dd360b
=== RUN   FuzzRangeproof/255632b43e641d8389ed2430aa211d6ac215a775
=== RUN   FuzzRangeproof/256bbba7c37fc8d391f0276057d69b46aa61fe9a
=== RUN   FuzzRangeproof/2677c2c830da4abd577c7a780be3331bf6c4b2ce
=== RUN   FuzzRangeproof/278a7ac6c76c44893b2e9b6963b2de402df60112
=== RUN   FuzzRangeproof/27a07d43ff14ab7ae6b69a46b5017723ca89a630
=== RUN   FuzzRangeproof/28a58a9a7cd33a65faa08deaf4ac60849befd590
=== RUN   FuzzRangeproof/28b1d015a487d465518f5443ed2af37eaafda79b
=== RUN   FuzzRangeproof/28c405c5a760416565d82efe84de74ed5b59517d
=== RUN   FuzzRangeproof/297d5d9bf7c0bde7b37f11c7a2d420f943e446e2
=== RUN   FuzzRangeproof/29bd0ec8b2abb64c15d6dae7984bacb502302449
=== RUN   FuzzRangeproof/2a7a1fc9f06c0dda3f6f8cd4fa57116429897b94
=== RUN   FuzzRangeproof/2add5497d2efd19c1c1fa4aadd530a0d7d629303
=== RUN   FuzzRangeproof/2b02743b50cef28d3d3955fbb47010a02e6f2075
=== RUN   FuzzRangeproof/2be0ef7b9378035a14e46a0fa176e346c50a8e29
=== RUN   FuzzRangeproof/2bf412fbd8737b40a2ad9cf10fdf19a9e440407b
=== RUN   FuzzRangeproof/2c6d6a8a80bd0af2f398ed7fdf0476587ea9cae1
=== RUN   FuzzRangeproof/2cd13b10dcb67c681e2499edbc009fe672fc96f6
=== RUN   FuzzRangeproof/2d48539625f00a7e2a90efd6d03d6ca15902d861
=== RUN   FuzzRangeproof/2dd76c257577a99cfd7d225905b69274a08e1da8
=== RUN   FuzzRangeproof/2e3329e032f2628948ad4deb83b2ccf269f9f9b1
=== RUN   FuzzRangeproof/2e8ba938691b6c6f844485780f6910d75ceb8d2d
=== RUN   FuzzRangeproof/2ea5e7f51d95ebc60505ea4c599bfc57b93d39f2
=== RUN   FuzzRangeproof/2f5e0a183ebb165a0572cbd2cb558f06d3fa9279
=== RUN   FuzzRangeproof/3004c96d65c0040bea45a6802561695f81a16b05
=== RUN   FuzzRangeproof/30ca88b9c66687d0edec9f8b47e430de531528b5
=== RUN   FuzzRangeproof/3173532552077d0d796c3628ac35c76343dc3a04
=== RUN   FuzzRangeproof/3192dbd03afa2c72536f0b2090fcfa6fd034047b
=== RUN   FuzzRangeproof/31b79393bf66b8633bd63249d48dcb4e9cdadb7c
=== RUN   FuzzRangeproof/323d86e0dd461237620fa1b9edfb39f470f25b65
=== RUN   FuzzRangeproof/33146bab89e904439fd1e3e11bacacbd2f94067f
=== RUN   FuzzRangeproof/33416c9ab1c8f1215fdeca9aa9c77aaec7863cff
=== RUN   FuzzRangeproof/33d7a3241825a7d333d77e3a4cb5955684089745
=== RUN   FuzzRangeproof/34d8c49e3924188599de9c019a6a66170863fd20
=== RUN   FuzzRangeproof/3543d278422d527eaddd2ff1764ac97396c4abc6
=== RUN   FuzzRangeproof/356177c92730094229c06a51ab7302708297f025
=== RUN   FuzzRangeproof/3679d41df03065392d3004402383dd556142c70a
=== RUN   FuzzRangeproof/37b2b647f1f9bb0126bd1ed194f4684cf8c7e204
=== RUN   FuzzRangeproof/37e49e04190e3afa6c8bd1dcb84b0361533e246f
=== RUN   FuzzRangeproof/37fcccba9236cf72dcfe8720ca44220794a8f041
=== RUN   FuzzRangeproof/39283d40946cfd2d9a19590af1829baa754f3554
=== RUN   FuzzRangeproof/3956963db727531835424b769674168f3dc988e4
=== RUN   FuzzRangeproof/39bb16153e49d2bf7962f8a22e0662a682a56c04
=== RUN   FuzzRangeproof/3a89896710da580da096aa9d8ce5be3e14c6c9ac
=== RUN   FuzzRangeproof/3b1116c64f764c3106441878c9a02e3b11c4e23f
=== RUN   FuzzRangeproof/3bd22d3ce6f3988c60c60d96c8eab0d623d334b1
=== RUN   FuzzRangeproof/3c2b8729a74f6b7419c2e2e341cf52b7a7f948ea
=== RUN   FuzzRangeproof/3d04743e7f9b4530373a39e75001608823d8c762
=== RUN   FuzzRangeproof/3db72494c58b7184207c6e23a6bae26d91aba508
=== RUN   FuzzRangeproof/3e15fae169b8d912285a2dd71598c54c0b22c656
=== RUN   FuzzRangeproof/3e348c1e9fdcfd0129d926aef361043602b1eb88
=== RUN   FuzzRangeproof/3eb7922c835f792e546c05556cc452192df6cc6e
=== RUN   FuzzRangeproof/3fa75e08d2f6d5187189fcf3e984bd0affbd1740
=== RUN   FuzzRangeproof/3fe47c55ab43f43dbdaf484025a48daccf4b2d1b
=== RUN   FuzzRangeproof/4005566a78674c6e5a4e64b8dab87b4ced5aad41
=== RUN   FuzzRangeproof/40976277bb1089702c78967a22af18f68b19334b
=== RUN   FuzzRangeproof/40a45b04110b0cafc54ec52f92bf3af47335b745
=== RUN   FuzzRangeproof/40c503888caf4b4c2c0275d502439bbbf550a45e
=== RUN   FuzzRangeproof/415ee3db3299e83fa867a7f5ec0d7ecbe466ac40
=== RUN   FuzzRangeproof/41bc9ade35bcc9c2a466f019dd6fc06890932e73
=== RUN   FuzzRangeproof/4334964e6b2f8c277cbf37fb7379f449bcc71e99
=== RUN   FuzzRangeproof/433edba76049ab33e221e757e62541b56d32310a
=== RUN   FuzzRangeproof/435f935b105fde1cc51a060d59c03a428f41bef5
=== RUN   FuzzRangeproof/439758a0ab4c9a6829871513c37cb4f9608ea69e
=== RUN   FuzzRangeproof/43dde46e46818d960dd621a8e158ee3b58b503c4
=== RUN   FuzzRangeproof/44703be5174757ba36377f9c654411320d7cabe8
=== RUN   FuzzRangeproof/448977404025adddf4082ae74228fda72737b820
=== RUN   FuzzRangeproof/448e26c2bbf7bacb43b80bc72fd37b1a233131fb
=== RUN   FuzzRangeproof/449790cde81bd2f80c7a7aec994749b82646fa76
=== RUN   FuzzRangeproof/456ea979eed2a89babfac53d79cb5164e925bcc7
=== RUN   FuzzRangeproof/471496cc2a5a80a85060ed89ee59d7de787fd438
=== RUN   FuzzRangeproof/47d0f319b248b44bcb37d5338ba5fc3430a5a3a1
=== RUN   FuzzRangeproof/47efa5f45f78e49bf295d8accf133d59cf20e964
=== RUN   FuzzRangeproof/486882c1724ae4a69b95a1b10cb1d57293cb3af6
=== RUN   FuzzRangeproof/48690cb53fc5d373ece2d6f194b628f5e675e5ff
=== RUN   FuzzRangeproof/49c3aa28bfd5f883b715dc1b1257a36f2cf5892f
=== RUN   FuzzRangeproof/49e78acca6215adf7ecf508451f28bc923832e6b
=== RUN   FuzzRangeproof/4a07a2f7610404f2c089a7ac53eb929ea9505ecb
=== RUN   FuzzRangeproof/4a2f38e8e6232a5e000a5cb3d9732ad95f846b76
=== RUN   FuzzRangeproof/4a6e4a6a54f1ed709724a006f9b8fde022843527
=== RUN   FuzzRangeproof/4a841185d8efaf2e2f95a995b9fda4f145d0417e
=== RUN   FuzzRangeproof/4b5d2dc19b0954599500bdf3e67ab79ec83d712e
=== RUN   FuzzRangeproof/4b8f1536333b0675b42879533ebee17281519f06
=== RUN   FuzzRangeproof/4baa8b65765c12542d53c02fb338076e4ad9be1c
=== RUN   FuzzRangeproof/4c1b615abb52ea06d8edcc604499b6c214053551
=== RUN   FuzzRangeproof/4c1ef496434def85c1789fd430ed17d83e721089
=== RUN   FuzzRangeproof/4c9bd90f832bb576389a042b701bcbe542ab0089
=== RUN   FuzzRangeproof/4ce00aafe7eba742c85e69e2443d649d1ca267fb
=== RUN   FuzzRangeproof/4dad3baa9e23b4f655365a31c93cce83b520fea3
=== RUN   FuzzRangeproof/4df0f89903e83ab5bc31359b2f6d1a85288197ef
=== RUN   FuzzRangeproof/4e0fc283e3321b12029794ed8edb6b31e50be687
=== RUN   FuzzRangeproof/4e7bff4b213bad88a94ddb3a31af7e890e0a6213
=== RUN   FuzzRangeproof/4e9596c9f9cf3338f56fc794e672a24a93f43775
=== RUN   FuzzRangeproof/4ed486a5218caa1f0a9d6e486441812e324999ee
=== RUN   FuzzRangeproof/4f62fab0b7305919e4048fac702214f56e7e6def
=== RUN   FuzzRangeproof/4f8c6480cbf91dc12cc127ca5f3329e5f794f025
=== RUN   FuzzRangeproof/507a1ef803fe25d8838adafaf12ee239176ac066
=== RUN   FuzzRangeproof/50aa094340a99fd53590380d0e2f6efc15a08b6b
=== RUN   FuzzRangeproof/513af9037095ee25314c143124fc8b10fe4943ed
=== RUN   FuzzRangeproof/52bc6bf938a48f8e5f527c2b9367bbf4dcd8182f
=== RUN   FuzzRangeproof/52c2ea6d599a7075a32d74bfd7265be4be2d6745
=== RUN   FuzzRangeproof/531d70641989bb73ad2bae1ebe0308f83d51b724
=== RUN   FuzzRangeproof/53270664e2e8775a4ac36e4b6a9cf79be21c5458
=== RUN   FuzzRangeproof/532f1791aa2abee616bda1d84a5366378c83556c
=== RUN   FuzzRangeproof/549f45f1e65312482b7e4759b37c4fd2929a1efb
=== RUN   FuzzRangeproof/54a3ed0aa931b8a2c6666be8f3460ce0c9cde050
=== RUN   FuzzRangeproof/5558f117689676b461bf2ebf0200464a987d22c0
=== RUN   FuzzRangeproof/56049a6c902706877266573184d302fceaba866a
=== RUN   FuzzRangeproof/565681df869bab75e4cc0bf791bcd99e906757e8
=== RUN   FuzzRangeproof/56d23d9c5508edce4855076bf8b12647ce64946d
=== RUN   FuzzRangeproof/570e12d7f5132b5f676189f221bee6fb16d9487f
=== RUN   FuzzRangeproof/58b5ec0750a0b6701ce4fede8d570d43b48beed0
=== RUN   FuzzRangeproof/58df8581bb8b0373ef85c19692e857016b3ccf22
=== RUN   FuzzRangeproof/5990a887874f5bb5b80e3be22f7e05d6d3b8cc4d
=== RUN   FuzzRangeproof/59c780e8fde6ca858bee16a0b927d2dd1803a7d5
=== RUN   FuzzRangeproof/5a5a732afc57b6e656fd2fbce2e2b5088586e242
=== RUN   FuzzRangeproof/5ac5348838c4588df70d06328958cd71ccc76338
=== RUN   FuzzRangeproof/5b31ac3ff858be235b794335fa0ad6d08c1d5954
=== RUN   FuzzRangeproof/5b8cc3899554491a16e7a8af91898e2ec867025d
=== RUN   FuzzRangeproof/5c0b0ec000d51843ca99ce4c09183b49c1594487
=== RUN   FuzzRangeproof/5c3e1cb586dc470fd4b16c80e6486ab87178f694
=== RUN   FuzzRangeproof/5c518afe1b9fca579e0bbd19b25ab903608b5dae
=== RUN   FuzzRangeproof/5c7dd9736ef53bf509e7e6d83283a16be8ca639d
=== RUN   FuzzRangeproof/5d786287c8ffeb3adfcbea9afd166d0bf1702b05
=== RUN   FuzzRangeproof/6023e4ab3bcd8541286cdf5202391b79851f4319
=== RUN   FuzzRangeproof/60988a41c4f10f4f822576fc07e8125712fd741e
=== RUN   FuzzRangeproof/612abf4c15087ee7873760eb5f62fb6e98d654ad
=== RUN   FuzzRangeproof/6178878dad59788ff509a13f8b79657304d989f9
=== RUN   FuzzRangeproof/61838f4307beb7379712eabf87fdbe9cc6f51785
=== RUN   FuzzRangeproof/61840bdb03dd236b21da43dbef1aeeb2460663a2
=== RUN   FuzzRangeproof/619ab042246f6288425c451c42cdb3674edaced1
=== RUN   FuzzRangeproof/61b1fcb6380e36edd032dd3f90644a4d66743bfd
=== RUN   FuzzRangeproof/6347f01a4fc7a78cad13982c4d9a4ade86ed9c59
=== RUN   FuzzRangeproof/634d014766aeba9ce59d76eaab6a42a382625b13
=== RUN   FuzzRangeproof/6359bd9d5ed13661e79ad998fcfc60c12b83f0ae
=== RUN   FuzzRangeproof/636211341eb1223e3f7efe219f1654e8b05181da
=== RUN   FuzzRangeproof/6363ea30174e04527d0f0b2ac1dd17976aa004e5
=== RUN   FuzzRangeproof/64df849c072a9402a4d0b26fc6110ad9a100fff5
=== RUN   FuzzRangeproof/6503d119c7871453b4b239cd820e2121577ae895
=== RUN   FuzzRangeproof/65b19913c8aa12a6cee2272e54a64a690541ba90
=== RUN   FuzzRangeproof/6656117890080112debfd1f9dd5b1ce84d63e32e
=== RUN   FuzzRangeproof/66ef3ee47894909b6ccae735a0c5eb3caa23cd69
=== RUN   FuzzRangeproof/67a29b41056009dd92996345ef525cc282950803
=== RUN   FuzzRangeproof/67d60d997cfd7bf9354496d40c6fc0c23bfa6b13
=== RUN   FuzzRangeproof/68d0141d427dd1a91158d72d2502a0a9e20fd99f
=== RUN   FuzzRangeproof/6b52d9e804878f5e60eeed3476b13a10bb973829
=== RUN   FuzzRangeproof/6bcacdd549499d92fc9d79462967cedda8a9bfed
=== RUN   FuzzRangeproof/6bdfba46b13cc06e9e163332adf541314d790c6d
=== RUN   FuzzRangeproof/6c28b668220dbc1369d51b703328c85f2e1f7a28
=== RUN   FuzzRangeproof/6d5aa7c7c789484701720832e6d7741fd732a63f
=== RUN   FuzzRangeproof/6d8c6343ebfea46a3461df158760f06110af435a
=== RUN   FuzzRangeproof/6f6ea1a246cdbf2ebc803199639d771d662229b9
=== RUN   FuzzRangeproof/6f86a0fb42bb368df4ed9b8242fe4f9de06f2cd0
=== RUN   FuzzRangeproof/6fc2d2ccec9c3bc79e0020fa56a1789c364e7113
=== RUN   FuzzRangeproof/710b251663ceab4fbdacc26a08c210f26f50ab68
=== RUN   FuzzRangeproof/715d90307e3d81d758fe57740482e09af0ac9639
=== RUN   FuzzRangeproof/71788b9e8ee361f73262e3b3400b8da478d43ace
=== RUN   FuzzRangeproof/717e5ebbf713bbd21ef19894d524830a3c3f5916
=== RUN   FuzzRangeproof/71d05580e33a2e72ae77aa5d8b13f27e1237d617
=== RUN   FuzzRangeproof/7279eb0e4d5604681ebd7beca2af70f81a1a3200
=== RUN   FuzzRangeproof/7281d9f1f8b5d0b738038f58c8518c039e4e0469
=== RUN   FuzzRangeproof/73011659e6b8d786ccc468deb7f1748d02bfa6d8
=== RUN   FuzzRangeproof/73965aac5cae8697069125a0925d9905656a75dc
=== RUN   FuzzRangeproof/7425d9cc61b24d38ce14dafdc91b3ee65ff1153c
=== RUN   FuzzRangeproof/74562623d15859b6a47065e0f98ce1202fb56506
=== RUN   FuzzRangeproof/74d5360d48802e4ef24ed5d48ef00e99850013f3
=== RUN   FuzzRangeproof/75e2b691f8053fe40434e3c3ae3c93d706f887aa
=== RUN   FuzzRangeproof/760fa7f1bc1524c55a34af65ef4c4c59940b216e
=== RUN   FuzzRangeproof/76207f71578df9c848837f3d2ebba8e37ba0be93
=== RUN   FuzzRangeproof/7621d99c477a30566502e581ccba253a5b55dac7
=== RUN   FuzzRangeproof/773c3c62a807f3640af2fdb01301cef5f060913e
=== RUN   FuzzRangeproof/77a9839f24b5495654b2336e6140239615d5ad12
=== RUN   FuzzRangeproof/77d33ab2ff15439d4a9747cacae538a941e86be9
=== RUN   FuzzRangeproof/77f829eb4f32e1f366ac1d4407ce70f69d2dba3c
=== RUN   FuzzRangeproof/781e98bc367619ef050bbe461d3dd9f2072d4773
=== RUN   FuzzRangeproof/788f72dd1fc827bbbf43385aa74508f2fc4984df
=== RUN   FuzzRangeproof/79067782d0f1dc8e9a0e964e5e98146aa6d36fb5
=== RUN   FuzzRangeproof/79e7bc8a2f582d201fe9af0a34acd2b704d31424
=== RUN   FuzzRangeproof/7b0dc77667c6019af2321ad569cb72e0a77e5e9f
=== RUN   FuzzRangeproof/7b9a6b0f6ea5d1bf29ceaf09cd852f9fe65a2edd
=== RUN   FuzzRangeproof/7bb1863bebf3e36acedde0cd21d0250e6a72caef
=== RUN   FuzzRangeproof/7bcc6a8c34d37898084b6600837fd111a882a9f5
=== RUN   FuzzRangeproof/7ca6edcf7e506785be855271b4a157e2e893c0ae
=== RUN   FuzzRangeproof/7ccc8f5766af0ce4754fc5feeda7364ad2899a43
=== RUN   FuzzRangeproof/7d820a83dbd6f6359be86ca6a380bbe1bd447407
=== RUN   FuzzRangeproof/7df48fdc64455552985bdaf2f06724d3c0138365
=== RUN   FuzzRangeproof/7e23618ac9af7f088fb7d87135cfbf63f68831e9
=== RUN   FuzzRangeproof/7e62d3d5dc899863af8803239ab4c3c3dcf7dd72
=== RUN   FuzzRangeproof/804213f2ffc55517bc8eaca63a852d5e0b1be346
=== RUN   FuzzRangeproof/80af3009210981eea0f897bb1d0e5ab734d4cd18
=== RUN   FuzzRangeproof/8114d3e42a42e110d8334148ccb1a0f9d78829d1
=== RUN   FuzzRangeproof/81f9cd6b41d34aad22b8bd79ea24f9eafc1d0a92
=== RUN   FuzzRangeproof/82c03864e31616e0da1531f6b013995aa46af375
=== RUN   FuzzRangeproof/82e94e18fda45d60fdc9852ea2378061a57818fb
=== RUN   FuzzRangeproof/838694bfa807eebaf572976f25701359d5021331
=== RUN   FuzzRangeproof/843e5cbce34c5f9ae2c10c933b79f349220d87a0
=== RUN   FuzzRangeproof/846b6f367ae7e677b75f3f16abb339e5f02d9cdc
=== RUN   FuzzRangeproof/84e729543b2adf6cc0e3dee485ae406c3bbce441
=== RUN   FuzzRangeproof/85faeff0f2102570d12d26fc86e26b3a9351767f
=== RUN   FuzzRangeproof/8621035a780906d8ca387a21293659b9682dde91
=== RUN   FuzzRangeproof/86a216d080b3bcba31badb3bef6dc8206a658d18
=== RUN   FuzzRangeproof/876d1cf75ad29ce4ccbab832a84cf592c3c5b7f7
=== RUN   FuzzRangeproof/883b8bdb8f9c1482a232fbf7c3160479475bbea8
=== RUN   FuzzRangeproof/8853a2876f1ab8914de689f0715d57c53d4df1b7
=== RUN   FuzzRangeproof/888467eb9c57530a746c41e4aa957dfe2ef1eec3
=== RUN   FuzzRangeproof/88e784571f55ab938d1403d63015f1d66c6f0e70
=== RUN   FuzzRangeproof/8b1664f8b2dbbac02fda8b93f367f069a62f44f0
=== RUN   FuzzRangeproof/8bebc849f08b65ca23128c313f418bf049941b92
=== RUN   FuzzRangeproof/8c39098adad0f71c842dc345014a9f3710057012
=== RUN   FuzzRangeproof/8cde08ef0e2fa469cef5a53bc70a6dd2bab0326e
=== RUN   FuzzRangeproof/8d47039fca90711b937fcd5ca0d61a1331db77ea
=== RUN   FuzzRangeproof/8d4f21987063639d730493573544c1b4fc9459c6
=== RUN   FuzzRangeproof/8e8ec37a6875802de2e53ea712ffa956dabc3d0d
=== RUN   FuzzRangeproof/8eb2e4161c0782713019b0cb0c5194a79d6f5a18
=== RUN   FuzzRangeproof/8fda8e5130d690769cc73155167cc4cdf41c1e58
=== RUN   FuzzRangeproof/91231b5c311abd9d3928579559aca090924a68c8
=== RUN   FuzzRangeproof/9180804fe1191770e9e9276bb1cc73a6d120afb1
=== RUN   FuzzRangeproof/92ce4657f157bc164b80e47905367d72a46eeed8
=== RUN   FuzzRangeproof/93a11b249d8f6364d34624b1d955af1d257380a6
=== RUN   FuzzRangeproof/93bcb3ff7e96cc11f7f605e78acae0944e4f060a
=== RUN   FuzzRangeproof/9469e6814025e301cf7caea2116bce40ec66df01
=== RUN   FuzzRangeproof/94ac3a2cf67cd17a71b0838e45defa4702d897c3
=== RUN   FuzzRangeproof/94fd4a9d63e45a4ef9f4c2e01b28ea6a757cf53b
=== RUN   FuzzRangeproof/9513e71e7b0cf177b3edadba19c16ad51fb39e35
=== RUN   FuzzRangeproof/9535b40e46d8903c838ea361964fa7e8971f9b5e
=== RUN   FuzzRangeproof/95ff2a7b6bd120a1377ded873266647a52375635
=== RUN   FuzzRangeproof/96010cc3bfa22f278754634901497dd138417716
=== RUN   FuzzRangeproof/9675ad2e7f614ea72cd501a142df7ce6ba43660b
=== RUN   FuzzRangeproof/96b08f7c5822bed7a91d1f32397bddbc2e107c18
=== RUN   FuzzRangeproof/9731752e4efc05008c1dada22c6b8390a5e27ab5
=== RUN   FuzzRangeproof/97661e82272a73da51018afddc71e8bfab935d2b
=== RUN   FuzzRangeproof/9798df891fe3206bf3b8b1952bf0b625c1c067c4
=== RUN   FuzzRangeproof/98c95e10195f7355f3112c01db5986833f76efc8
=== RUN   FuzzRangeproof/9977a88564869ae8387db712084d2e33c3fee83b
=== RUN   FuzzRangeproof/9ae0bdb17f2e6f326cfcb1cb37b3cbc434d6c62e
=== RUN   FuzzRangeproof/9af502f2416eaffa27dd7aef6c76ca20fb3411cc
=== RUN   FuzzRangeproof/9b0770386d9fda3935c8b3b4523169ca4c99fa78
=== RUN   FuzzRangeproof/9b135e479c31151695b5dc3b4658260665c7f233
=== RUN   FuzzRangeproof/9b611c3d6ae468612d2e526118f43025f854c1b2
=== RUN   FuzzRangeproof/9ba06070a33c37aea967c4a133aa168c786edd33
=== RUN   FuzzRangeproof/9c47c1df38cbfd243e091da8e361b4e0cbd53035
=== RUN   FuzzRangeproof/9d9c42089efb3f876e0e6758eddd6ed6f1a99f50
=== RUN   FuzzRangeproof/9df3f340b44e368c5d9abaf83b2afab709bbb9dc
=== RUN   FuzzRangeproof/9e542d4f6c8e9e4ae4dd0c9724a01c7710fa6e82
=== RUN   FuzzRangeproof/9e8cbafa20d5597580869a99f05e79f6d57f57cb
=== RUN   FuzzRangeproof/9fd64b085a1e23ed69a02e23f092bafb50aaba1f
=== RUN   FuzzRangeproof/a06ee9ef56953fdc247afe05cc54d6fd5418e25d
=== RUN   FuzzRangeproof/a0e7d97748070a4f984c53f011f1396d6648a38b
=== RUN   FuzzRangeproof/a0e9bb52a135457af49dde324d46f54e274e04a7
=== RUN   FuzzRangeproof/a10909c2cdcaf5adb7e6b092a4faba558b62bd96
=== RUN   FuzzRangeproof/a39dc5a688507118b8434de3151fa8c306ae9629
=== RUN   FuzzRangeproof/a4a2f4a40c5ba017f46a9885e282693ccdaea265
=== RUN   FuzzRangeproof/a4b4d29c6181e4a6c782b80af45f5d14693989f9
=== RUN   FuzzRangeproof/a51587631b947106b3882c1385c2a26ff694a615
=== RUN   FuzzRangeproof/a5a9872f0ab4004bca785e01abe6eefcb1a2b793
=== RUN   FuzzRangeproof/a61665cf3d017637359ba8784dc4f4633a8fcfbc
=== RUN   FuzzRangeproof/a82c63d10d472789ae13abee20bfc0854a0296e5
=== RUN   FuzzRangeproof/a82dd5bdb24e763050d3db68f96feae8d6320b88
=== RUN   FuzzRangeproof/a834ee46e0c54d3d330a308d1527f4c2f0ed676b
=== RUN   FuzzRangeproof/a84125c566b1f4ef1a1998602ca0e58489950edf
=== RUN   FuzzRangeproof/a921348638ec718c48a045313fffdcd54ce1ea28
=== RUN   FuzzRangeproof/a98dbd7e41e1de5d86ab901b640fe824a595c9f0
=== RUN   FuzzRangeproof/aa430206f5cb4ac2c245b1238d8a70432d8b1076
=== RUN   FuzzRangeproof/aa4c3a803474d33f8c8ab176d96713bad294cdd2
=== RUN   FuzzRangeproof/aa697fa39b85da93fc00543630275826de4fa08d
=== RUN   FuzzRangeproof/aaa1a2c16aa2986cee29f2c26cf3f4c6fbafa9f3
=== RUN   FuzzRangeproof/ab2c807812bb435894937f159714e5d258d694b6
=== RUN   FuzzRangeproof/ab4640d16551c03a64f91b3088917e46d88b8354
=== RUN   FuzzRangeproof/abef5ab07eabd9385a4c8dd8dc630974c602ef2f
=== RUN   FuzzRangeproof/ad2c5462abc784fed1e1d95bedc6f00370c47e9e
=== RUN   FuzzRangeproof/adea798ef77c1dfeddbd710476b096080e14ef78
=== RUN   FuzzRangeproof/ae6115e4c34fcd7bdc00096c6247cf51d9285b0c
=== RUN   FuzzRangeproof/ae6278ca6d144d7fa94e499aa405dd870a8dea20
=== RUN   FuzzRangeproof/af121c301f57a3771e8bf9358317f2d5f3655a85
=== RUN   FuzzRangeproof/af2809d103ebc49bf1b653784e98f345eb5846a3
=== RUN   FuzzRangeproof/af7879c19980b61b5712ea5872c1e122ead21724
=== RUN   FuzzRangeproof/af9474e900c79c16ed46394c6cd58a38e5b2525f
=== RUN   FuzzRangeproof/b01f86479e4d20859d6649d51a7cbfe5e65c2a07
=== RUN   FuzzRangeproof/b024a7a005ac42aac7faebc8543e1acb51f0a876
=== RUN   FuzzRangeproof/b2158693361825278fb1a5f9495cbd6136974b6a
=== RUN   FuzzRangeproof/b2491b03df9282712572ba0a3e85492e3be1178f
=== RUN   FuzzRangeproof/b2fcb6841d44610e1c540268a4096525f620a280
=== RUN   FuzzRangeproof/b402b4de89a05c312e67e98a555cd923ee7f9970
=== RUN   FuzzRangeproof/b40b5716ae9d1fb6b7ad53fc8dd2abcfb114406f
=== RUN   FuzzRangeproof/b52338e9a4c842c1872e3f3801dee637190bf448
=== RUN   FuzzRangeproof/b546946dc3b447a08119499bc2cbbc4cfcdda12c
=== RUN   FuzzRangeproof/b639eb53ec82f8bb395d80065539f03221f658d5
=== RUN   FuzzRangeproof/b6b832c1ba72d6a305696ea6ee53c691584a084a
=== RUN   FuzzRangeproof/b71600c9dd0fd758fadf23c431ac5ce7ec0d5f50
=== RUN   FuzzRangeproof/b7d2e8a0b2fe099a04de3e821aed9034ed14c288
=== RUN   FuzzRangeproof/b875e8725850c811651c52c5ddde83449bb1709a
=== RUN   FuzzRangeproof/b88ae529157f7ec597c583f1e9f903dcf321c473
=== RUN   FuzzRangeproof/b88d117e78fa52b935420ed8101b32e048900839
=== RUN   FuzzRangeproof/ba33bbe3939ace6ad3764ffc070f8846a1c34163
=== RUN   FuzzRangeproof/ba86b1659e9faa903ce5d6aaf51d80d498cfc4ad
=== RUN   FuzzRangeproof/bb20681a9edea93925b0b2f0bc75abbd7d107325
=== RUN   FuzzRangeproof/bbbc05732becd2efdd2f3b935eccc5029fdac65c
=== RUN   FuzzRangeproof/bc341a7e16eaa75852a3488244e8e3f2bb1bdca5
=== RUN   FuzzRangeproof/bc47f85894fd4c3abdbd6141411f21b49a8c17c1
=== RUN   FuzzRangeproof/bdddf578ee4cbd1912bac26989fc4fe996921f24
=== RUN   FuzzRangeproof/bde87213fae93d3bf35affb27771efe8633b11ab
=== RUN   FuzzRangeproof/bee061dc9b3c87d3ce19d8ded5cfb55b80c5aa78
=== RUN   FuzzRangeproof/bf26dc320d0773f8da0958d056a99f30da11c538
=== RUN   FuzzRangeproof/bfd8f10a56069581bb7d6ea198d8de98d0d27c74
=== RUN   FuzzRangeproof/c35f93930fed5f9746f65da4e47bd47241af6020
=== RUN   FuzzRangeproof/c545105ea752a820972adff6fee2633802f84aba
=== RUN   FuzzRangeproof/c556275d6370c93dbe46a17955e95a98b44ef28a
=== RUN   FuzzRangeproof/c5c1f5efb5e16db986988dffff78c3d4f2cc7bc0
=== RUN   FuzzRangeproof/c5fe170971f0500c8af3b48e4b236a0385a1397b
=== RUN   FuzzRangeproof/c694fca015a657b6abd851401331e2be8fb746fb
=== RUN   FuzzRangeproof/c6badf39ed72f108120a245dc860c53255df4794
=== RUN   FuzzRangeproof/c6e2dc9ccc763121877a7c58107915136e7a5e42
=== RUN   FuzzRangeproof/c7e6827449c81b97599794c6ec03babab148bdfc
=== RUN   FuzzRangeproof/c808b7a3744cab8d5650d2f6657efc0b864441ac
=== RUN   FuzzRangeproof/c83730b769827ef03bb900c8f2eb15f0f451339f
=== RUN   FuzzRangeproof/c8d83216abbd69d17aa8e2c80374345359589b15
=== RUN   FuzzRangeproof/c9521c532893a4e7e4ba2f74c405d888cd903086
=== RUN   FuzzRangeproof/caf4c91b4463445e68c4c9e811c7b6f8e5e50be9
=== RUN   FuzzRangeproof/cc098dd4458d38b4a7220a7f34a5a3bc4ae7fcec
=== RUN   FuzzRangeproof/cc7849d7ee8ef4943c4e4119e438c633ca7cbc2c
=== RUN   FuzzRangeproof/cc7af0f1532473056e8e47350670f865ea33e26f
=== RUN   FuzzRangeproof/cd7b434425c1c9c9365edf505bb410b6856d9865
=== RUN   FuzzRangeproof/cdb5f216708c268d3e2fa1b5588479d00c6d2435
=== RUN   FuzzRangeproof/ce3b511c51a64682aa391ad722c0cff08037bf14
=== RUN   FuzzRangeproof/cec2f6a98c9b53dee39e5a127a5f22b0b9b90aa7
=== RUN   FuzzRangeproof/cfb4af0fe38b08ff8051f9c2a60d503324ce67d0
=== RUN   FuzzRangeproof/cfd4faef911060165b28a91cdffa036f7dfa60c0
=== RUN   FuzzRangeproof/d13c61a35f88e85111d7bad8296222ecd7bac1bf
=== RUN   FuzzRangeproof/d141e238c078dfcdf27fc988dc6d774dd2f64793
=== RUN   FuzzRangeproof/d17fc273c7a3f76817589ff094bcc101b1b47b1b
=== RUN   FuzzRangeproof/d1accfddda6360ecc9ce569cc56394fb01ad60a4
=== RUN   FuzzRangeproof/d284fc406846b0e5945c612debf7fd0e6ac8e00f
=== RUN   FuzzRangeproof/d299670c197958fd4d58e23368b6801194590b05
=== RUN   FuzzRangeproof/d2d1456ae0dda0075f52987466a640fa888d378a
=== RUN   FuzzRangeproof/d32d7505f55d43584d548c4b5ed4ad7b2b1a9e84
=== RUN   FuzzRangeproof/d37a8914c8091bcca0d5ac6fdddfe502dd1faa65
=== RUN   FuzzRangeproof/d37fbaa414b7eda3323dee990a9c6e6ea4161245
=== RUN   FuzzRangeproof/d39f88cc33a33385aea775a0c989f24d6879521f
=== RUN   FuzzRangeproof/d3a5e43cb0fe129ea2b7f158fdee8a98945416c5
=== RUN   FuzzRangeproof/d3efb7a89fde62a94329c3b737105338037e551d
=== RUN   FuzzRangeproof/d3ff4f6b115fdaba63abd995b53f3000d3c74aee
=== RUN   FuzzRangeproof/d408de489be8e11f1ef6a6c2376f6bcd28cf2608
=== RUN   FuzzRangeproof/d42253cba45df4fed5a7830ca6576c24fb63bbcb
=== RUN   FuzzRangeproof/d4d012aee22c6725d680f12cfd6863c37aac5917
=== RUN   FuzzRangeproof/d4d29d4dbfbe7139587afee6b8bca8eb127c58c9
=== RUN   FuzzRangeproof/d505042805dafa4e919fa48be3f51497fa1b0461
=== RUN   FuzzRangeproof/d50e1e55115f3684fde04ffbacf0f8b93a4fc46e
=== RUN   FuzzRangeproof/d51f8bc338efcf6770cdcfc8c93602c96e7527f5
=== RUN   FuzzRangeproof/d60df4754c99184fb9e03c7b6ef6cbc2fa378b11
=== RUN   FuzzRangeproof/d637503dbfe70500099ec44be7ea3fc2b843d631
=== RUN   FuzzRangeproof/d662ce140789291b0220900fefe9c27888fdf172
=== RUN   FuzzRangeproof/d6c8c8f75be1b0f59a256c27135bccaf66b4c019
=== RUN   FuzzRangeproof/d6ed4c8d79748fb736312da53d347bdfc7e7ade6
=== RUN   FuzzRangeproof/d7189109374afe880029e174775843c834c77273
=== RUN   FuzzRangeproof/d760e32c27b0de9cb530e5728b749fcaf3a44c78
=== RUN   FuzzRangeproof/d7c8cc43a70f14cc82841ab3536dc3498255d7ee
=== RUN   FuzzRangeproof/d7fa15866134ac43c85719cd532042e8eb8e81bb
=== RUN   FuzzRangeproof/d8106dc2d858408197581aac8eda681a6d625603
=== RUN   FuzzRangeproof/d83bbd865091fc7516fc90eeb69555a2de9e9402
=== RUN   FuzzRangeproof/d8fcf715af51fa95231d37ef2ab5b80486f84e7d
=== RUN   FuzzRangeproof/da1be9364300c85832e55254eb1c2e47896b3c47
=== RUN   FuzzRangeproof/da58f1ee911432b1bee02ebaa04fff5d6ab00b19
=== RUN   FuzzRangeproof/da926bf052f121e7d453b35da0badf10a4ce9617
=== RUN   FuzzRangeproof/db3c2161f2d6e415e1dd30d1ec652a781b7021d8
=== RUN   FuzzRangeproof/dbd15b43f4c480d7c250012134b47e5fe9c26452
=== RUN   FuzzRangeproof/dc4a367585af14ea75d4b383c627af7129727986
=== RUN   FuzzRangeproof/dc950a51e3c2181b880fd120a74d58a5f15a33c9
=== RUN   FuzzRangeproof/de315eb5dc553d691a6fbd4ff8b608c9dad184e2
=== RUN   FuzzRangeproof/de768f41bb2c2915fb2f5715b36effcaf19eb3a9
=== RUN   FuzzRangeproof/de8043bba3965e78e744ec0eea4c345de97b76f8
=== RUN   FuzzRangeproof/dee3bdaadeb0c069011126720c3069aa361c8435
=== RUN   FuzzRangeproof/def0ce6d141c20592cd1acf08673a61b18715cee
=== RUN   FuzzRangeproof/deffae7cc2b197a44195be0240eb25012f5941ee
=== RUN   FuzzRangeproof/df47e9a3247fdfed07b7bc0d40e3842a56aac3a1
=== RUN   FuzzRangeproof/e00e81733880ab07c2add2da529b0d2286d31dbd
=== RUN   FuzzRangeproof/e06f0332f1e66e4579710c00f7ffbb1e8938eabc
=== RUN   FuzzRangeproof/e0897c5f21f7c45a6a887cf0195eca61566471f4
=== RUN   FuzzRangeproof/e173ed889f0ee5a92725c65149a7a537cc682ed2
=== RUN   FuzzRangeproof/e23be01e7f454d9e7d05cc04302c30d2010aaa1b
=== RUN   FuzzRangeproof/e3629330013c0cbd40f67b2cf58931db379a0a0f
=== RUN   FuzzRangeproof/e3c8bba58363718863e2f37d6c18647602544bf4
=== RUN   FuzzRangeproof/e42b500d99c9ff456716382d16d6b1351a4de819
=== RUN   FuzzRangeproof/e496cdbed513e5dcbcb697363d9974e551c2abc8
=== RUN   FuzzRangeproof/e4bc7066794e410510bc89f0202eb0cc0f21503e
=== RUN   FuzzRangeproof/e54a464852a1b8adf68316632953a1b590726435
=== RUN   FuzzRangeproof/e634a48786146e7f0a7599d2420dd9f53af4ac1e
=== RUN   FuzzRangeproof/e6764182650c046e44a58c064744b8076ad8e543
=== RUN   FuzzRangeproof/e7f12a7256071f2466b8d9b59aafd6b417a28af0
=== RUN   FuzzRangeproof/e87ce061db116d81f9ace233f919ccefb9e66edc
=== RUN   FuzzRangeproof/e8aa8c7f11fc2ec847289d573131b762e89fc68c
=== RUN   FuzzRangeproof/e91b9b9ab9e46e1a7d2726fa1fcfb0db2790c998
=== RUN   FuzzRangeproof/e984a326cdbea995056061b26aa0343bfd129657
=== RUN   FuzzRangeproof/e997f7edddbccb61b3fe50b97aa730eceb192a75
=== RUN   FuzzRangeproof/ea109149f92229bf1cd3a4514a04b1ee554fe606
=== RUN   FuzzRangeproof/ea532df434844b35f78ab818044c7339c7e9a785
=== RUN   FuzzRangeproof/ea6e1773b1aff5dfaf232443a45935396d7f5065
=== RUN   FuzzRangeproof/eb4bec7a2f7d610ca8521f7b9cee633c36a12c53
=== RUN   FuzzRangeproof/ece00e87aaef71789371011114dad73ccb2b526f
=== RUN   FuzzRangeproof/ed6cc288c3ef6edb0457f2d3fdce9dbda8434e48
=== RUN   FuzzRangeproof/ee31d14e1e5472baf18bd43263f31982879d7087
=== RUN   FuzzRangeproof/eed2fb4d5a804517e3781289a946c2d3b8763f23
=== RUN   FuzzRangeproof/eee7eccf11229604fd7ea16e77258a16d14184f1
=== RUN   FuzzRangeproof/f014dfd88fafbfc40ea10ce5c46f4dd37f6c694f
=== RUN   FuzzRangeproof/f0a3fc48539965070af8fc8a105b88b25fe9a0ec
=== RUN   FuzzRangeproof/f2b281100a9e58c16e475b9e11b275348ec736aa
=== RUN   FuzzRangeproof/f33ae4e130e80360bc3af49f69cf81b048c2cad5
=== RUN   FuzzRangeproof/f34afa18b283e41c1adc7d635379ff0e7a122432
=== RUN   FuzzRangeproof/f35a75bac0cc0594193388449e5fbbc603ea1b2a
=== RUN   FuzzRangeproof/f379f3dffc94f6e6e15cb6d554b6f9007c7deffe
=== RUN   FuzzRangeproof/f3c90bf423a85b0a5b088579cf92cfb516517aac
=== RUN   FuzzRangeproof/f44067490772feb1fb12285cde5201818b4fb18e
=== RUN   FuzzRangeproof/f4910882139e460af3b27c7795e054d0cce47b54
=== RUN   FuzzRangeproof/f4fefa06f77a8f0909ef5a2b6d23c1f61ddaf8d0
=== RUN   FuzzRangeproof/f53210c458868f773df9e629c00f1338560c3801
=== RUN   FuzzRangeproof/f5eafdbe65f8681ecc240538a9e8a67d9c079f3a
=== RUN   FuzzRangeproof/f5f1b96fd600184e02d3cadb4ce239871f7c7267
=== RUN   FuzzRangeproof/f5f921a4cbb1e8d9a7b14fbaed59fb8d6a5204ce
=== RUN   FuzzRangeproof/f66326400c18742253931dec4b5f792e1241a49c
=== RUN   FuzzRangeproof/f7246d6e151d1bb6a048bfd1de52b8af7fa3ac8a
=== RUN   FuzzRangeproof/f9e56805696dce1da6cc2cdac45b6ed252ff76f2
=== RUN   FuzzRangeproof/fa0cb8bda6e05ac955edaf3573f63ef3576414f0
=== RUN   FuzzRangeproof/fba33a42e3a49a32d26e7da405f8cfcc0cc2c0ae
=== RUN   FuzzRangeproof/fbd58761b419a08cfe41a3870383f9672301c8a6
=== RUN   FuzzRangeproof/fbe417d44d5276d12d57f1080a99e45f716db9a0
=== RUN   FuzzRangeproof/fcbac5eff718937832f1f06b1ef5cfd8c034363d
=== RUN   FuzzRangeproof/fcd3345f0a94e2167be84ad67b5f3a43ce161f1b
=== RUN   FuzzRangeproof/fcdf4c3deea7415d2c441349116811501b6cbde7
=== RUN   FuzzRangeproof/fd0899dadfaa220979a0e70e955e9f8bb5cc981d
=== RUN   FuzzRangeproof/fdc3985bc0b4300f164b27b6540a486cdfad5bc1
=== RUN   FuzzRangeproof/fe8616a982f5f9c9bc02a8867347612020280c50
=== RUN   FuzzRangeproof/fec485464571e0f9842c33d7a0aa83e06bad5468
=== RUN   FuzzRangeproof/fee56096a24966a7c82e456fdfc165daf5767c6b
=== RUN   FuzzRangeproof/feec06c672745dd397826ce8555068a171512805
=== RUN   FuzzRangeproof/ff4f9bd30f9c3cb832c0693a555e47f8088ac2a8
=== RUN   FuzzRangeproof/ff50ac90dff7294b63880147d529308b4198586e
=== RUN   FuzzRangeproof/ffbc310392d4a9625f11862498c83d49c9a1ff44
=== RUN   FuzzRangeproof/ffe7f187244f8bf118cc01f3dfe35b16763da2d8
--- PASS: FuzzRangeproof (0.39s)
    --- PASS: FuzzRangeproof/00585db560e06fdf36ec876e1fd2a11e18389d74 (0.00s)
    --- PASS: FuzzRangeproof/006d278a318173e1f4a500cd8c993cf14a66f0d0 (0.00s)
    --- PASS: FuzzRangeproof/01d22b6afbc604dfcef8f419510360a06c4a2e17 (0.00s)
    --- PASS: FuzzRangeproof/0393f01a4ccef9b7c9cd0918a5f234b9fb795d72 (0.00s)
    --- PASS: FuzzRangeproof/0405b99fc250e19c9642bab6a466ea06c01aa311 (0.00s)
    --- PASS: FuzzRangeproof/0430e8dde4c9f5078169bc7e612678597f6ac267 (0.00s)
    --- PASS: FuzzRangeproof/0489367b945d415e7c6d18267452c4a9396836bc (0.00s)
    --- PASS: FuzzRangeproof/05ebd3f6ecd0a7a5356170fade8de075e5b10115 (0.00s)
    --- PASS: FuzzRangeproof/063b6715163b289695af9a95334e2eeef2aad459 (0.00s)
    --- PASS: FuzzRangeproof/065cf3ceabe414429b9cbad1d009c92f04802291 (0.00s)
    --- PASS: FuzzRangeproof/0664020f413eb1c0d102b1bd37e383d9094b5abf (0.00s)
    --- PASS: FuzzRangeproof/06985b60cf18a7a078197ce703f41d258a9d9a20 (0.00s)
    --- PASS: FuzzRangeproof/07536c8f94afe1a1434c5e0c8cbf12d1d299040c (0.00s)
    --- PASS: FuzzRangeproof/091385be99b45f459a231582d583ec9f3fa3d194 (0.00s)
    --- PASS: FuzzRangeproof/092874f710d30193dc80bb413aa5896d8f81d2c9 (0.00s)
    --- PASS: FuzzRangeproof/098785ac204708d5446474e81c9f92d14650c265 (0.00s)
    --- PASS: FuzzRangeproof/09b06f3a83f17f684ddc3b1bd2ee80afa300bed5 (0.00s)
    --- PASS: FuzzRangeproof/0a48a2345ab058e3be67f0057d133954a5f648bc (0.00s)
    --- PASS: FuzzRangeproof/0a60be72baeb92a87e24ec83459e20a2360a304b (0.00s)
    --- PASS: FuzzRangeproof/0b2c3ce9eb064bf7ee5fae0368274868543eb045 (0.00s)
    --- PASS: FuzzRangeproof/0b5ff4199bf4f6fd4d66b8005dea87c23691ad24 (0.00s)
    --- PASS: FuzzRangeproof/0be4d2e533d19e256baae1eefbb7e1871d4eb7c3 (0.00s)
    --- PASS: FuzzRangeproof/0c00ac4ab9f801e494ce0b0731b3e4d7ccf2416a (0.00s)
    --- PASS: FuzzRangeproof/0c43e7166de2372610f62f9c534c3b370dc9cc81 (0.00s)
    --- PASS: FuzzRangeproof/0cb10eb2cc3d0ccdde163780f3df1532791b725e (0.00s)
    --- PASS: FuzzRangeproof/0d8b4c00935e5d8740cc354a2cb5183751db36f9 (0.00s)
    --- PASS: FuzzRangeproof/0ddfcd85837a5543e8c07e454a2ff7d8bc79a06a (0.00s)
    --- PASS: FuzzRangeproof/0de450dc21cdb703f00ac31a7ec55b7101085e32 (0.00s)
    --- PASS: FuzzRangeproof/0f2d9f4292d5c033edd16a2a72493b45888e10d4 (0.00s)
    --- PASS: FuzzRangeproof/0f38b546f2fa508e9a104a401b7ed6ff68849691 (0.00s)
    --- PASS: FuzzRangeproof/0f9e25e55730c26fff9213ac2c7c4a9e3d29dd3a (0.00s)
    --- PASS: FuzzRangeproof/10256093b27bca6eddd7c2cd679383198575369a (0.00s)
    --- PASS: FuzzRangeproof/1241882a02f315d05cb9131fdd07530aecdb2c02 (0.00s)
    --- PASS: FuzzRangeproof/12acb41d1bf235a00f3a008e527537c19ecdb8b2 (0.00s)
    --- PASS: FuzzRangeproof/143f7990588cd6fa609b3b9b43d5df1ede341ecd (0.00s)
    --- PASS: FuzzRangeproof/14f36421a983448e8983b826a659f67bae822653 (0.00s)
    --- PASS: FuzzRangeproof/1559743591376b20879733b2372880ba85caeb8d (0.00s)
    --- PASS: FuzzRangeproof/1598da970ca7468f27918d44bc861ec29c806a83 (0.00s)
    --- PASS: FuzzRangeproof/15ac6ab628e7c1f4fb7ad3d87bcd44492305a01b (0.00s)
    --- PASS: FuzzRangeproof/177efad0db68430287017c5241aebf0485a9c466 (0.00s)
    --- PASS: FuzzRangeproof/17d1fb8754b828d4fb5ed218522524e89d4c39f9 (0.00s)
    --- PASS: FuzzRangeproof/1857ddb24453fdf0dd846b25d96259e20da13978 (0.00s)
    --- PASS: FuzzRangeproof/18b30958754e973cb0b2d4deaf25d3497b5d6537 (0.00s)
    --- PASS: FuzzRangeproof/199b95f4f655b13555576cb1339139fba9fcf496 (0.00s)
    --- PASS: FuzzRangeproof/19a547a50a32f4bda42cd7719f18fb4b369e4899 (0.00s)
    --- PASS: FuzzRangeproof/19b29ed28a42783f16b8a629be5b639edc61f70b (0.00s)
    --- PASS: FuzzRangeproof/19ee26e89dc50fbded34feed4fb3a0dbabd7fb9c (0.00s)
    --- PASS: FuzzRangeproof/1a1c905495432af4cec9962794976894966fc2d5 (0.00s)
    --- PASS: FuzzRangeproof/1d5c8aca424e9a7ae5fa2382738632e9bf8fb21d (0.00s)
    --- PASS: FuzzRangeproof/1e028d28058d4614315d61a524de66c18d9ceee8 (0.00s)
    --- PASS: FuzzRangeproof/1e9e88fea285e185ba04790e997fb936f23ba2bf (0.00s)
    --- PASS: FuzzRangeproof/1eda1d506b49e6620050466bcd02ff6a4d498f16 (0.00s)
    --- PASS: FuzzRangeproof/1f81d4e2eed7bd5218d79ee316591e858a57f3af (0.00s)
    --- PASS: FuzzRangeproof/1ff88aefb287a9c39cf1d77e77a02eaff1780f16 (0.00s)
    --- PASS: FuzzRangeproof/21542c2cd2f91e063e4b7de87be8f097b0d573af (0.00s)
    --- PASS: FuzzRangeproof/21b7f8c5192e922adf67eeb0313695296b13615a (0.00s)
    --- PASS: FuzzRangeproof/22d4eeafaf89db86b7af3bfc0ede3c41c62a5e7d (0.00s)
    --- PASS: FuzzRangeproof/235a21339bcc53402be6bc525c0fa9597879a995 (0.00s)
    --- PASS: FuzzRangeproof/23e11be9f9ee4c5017fb79043db2ae28e24c19e1 (0.00s)
    --- PASS: FuzzRangeproof/240705ceb1b3d7ec24c74d5a5050c8932d0efe5c (0.00s)
    --- PASS: FuzzRangeproof/24c2b629d49dd540b64d9448675afea9715a4474 (0.00s)
    --- PASS: FuzzRangeproof/2500854afa591c61efccc1b2222e1f7be7dd360b (0.00s)
    --- PASS: FuzzRangeproof/255632b43e641d8389ed2430aa211d6ac215a775 (0.00s)
    --- PASS: FuzzRangeproof/256bbba7c37fc8d391f0276057d69b46aa61fe9a (0.00s)
    --- PASS: FuzzRangeproof/2677c2c830da4abd577c7a780be3331bf6c4b2ce (0.00s)
    --- PASS: FuzzRangeproof/278a7ac6c76c44893b2e9b6963b2de402df60112 (0.00s)
    --- PASS: FuzzRangeproof/27a07d43ff14ab7ae6b69a46b5017723ca89a630 (0.00s)
    --- PASS: FuzzRangeproof/28a58a9a7cd33a65faa08deaf4ac60849befd590 (0.00s)
    --- PASS: FuzzRangeproof/28b1d015a487d465518f5443ed2af37eaafda79b (0.00s)
    --- PASS: FuzzRangeproof/28c405c5a760416565d82efe84de74ed5b59517d (0.00s)
    --- PASS: FuzzRangeproof/297d5d9bf7c0bde7b37f11c7a2d420f943e446e2 (0.00s)
    --- PASS: FuzzRangeproof/29bd0ec8b2abb64c15d6dae7984bacb502302449 (0.00s)
    --- PASS: FuzzRangeproof/2a7a1fc9f06c0dda3f6f8cd4fa57116429897b94 (0.00s)
    --- PASS: FuzzRangeproof/2add5497d2efd19c1c1fa4aadd530a0d7d629303 (0.00s)
    --- PASS: FuzzRangeproof/2b02743b50cef28d3d3955fbb47010a02e6f2075 (0.00s)
    --- PASS: FuzzRangeproof/2be0ef7b9378035a14e46a0fa176e346c50a8e29 (0.00s)
    --- PASS: FuzzRangeproof/2bf412fbd8737b40a2ad9cf10fdf19a9e440407b (0.00s)
    --- PASS: FuzzRangeproof/2c6d6a8a80bd0af2f398ed7fdf0476587ea9cae1 (0.00s)
    --- PASS: FuzzRangeproof/2cd13b10dcb67c681e2499edbc009fe672fc96f6 (0.00s)
    --- PASS: FuzzRangeproof/2d48539625f00a7e2a90efd6d03d6ca15902d861 (0.00s)
    --- PASS: FuzzRangeproof/2dd76c257577a99cfd7d225905b69274a08e1da8 (0.00s)
    --- PASS: FuzzRangeproof/2e3329e032f2628948ad4deb83b2ccf269f9f9b1 (0.00s)
    --- PASS: FuzzRangeproof/2e8ba938691b6c6f844485780f6910d75ceb8d2d (0.00s)
    --- PASS: FuzzRangeproof/2ea5e7f51d95ebc60505ea4c599bfc57b93d39f2 (0.00s)
    --- PASS: FuzzRangeproof/2f5e0a183ebb165a0572cbd2cb558f06d3fa9279 (0.00s)
    --- PASS: FuzzRangeproof/3004c96d65c0040bea45a6802561695f81a16b05 (0.00s)
    --- PASS: FuzzRangeproof/30ca88b9c66687d0edec9f8b47e430de531528b5 (0.00s)
    --- PASS: FuzzRangeproof/3173532552077d0d796c3628ac35c76343dc3a04 (0.00s)
    --- PASS: FuzzRangeproof/3192dbd03afa2c72536f0b2090fcfa6fd034047b (0.00s)
    --- PASS: FuzzRangeproof/31b79393bf66b8633bd63249d48dcb4e9cdadb7c (0.00s)
    --- PASS: FuzzRangeproof/323d86e0dd461237620fa1b9edfb39f470f25b65 (0.00s)
    --- PASS: FuzzRangeproof/33146bab89e904439fd1e3e11bacacbd2f94067f (0.00s)
    --- PASS: FuzzRangeproof/33416c9ab1c8f1215fdeca9aa9c77aaec7863cff (0.00s)
    --- PASS: FuzzRangeproof/33d7a3241825a7d333d77e3a4cb5955684089745 (0.00s)
    --- PASS: FuzzRangeproof/34d8c49e3924188599de9c019a6a66170863fd20 (0.00s)
    --- PASS: FuzzRangeproof/3543d278422d527eaddd2ff1764ac97396c4abc6 (0.00s)
    --- PASS: FuzzRangeproof/356177c92730094229c06a51ab7302708297f025 (0.00s)
    --- PASS: FuzzRangeproof/3679d41df03065392d3004402383dd556142c70a (0.00s)
    --- PASS: FuzzRangeproof/37b2b647f1f9bb0126bd1ed194f4684cf8c7e204 (0.00s)
    --- PASS: FuzzRangeproof/37e49e04190e3afa6c8bd1dcb84b0361533e246f (0.00s)
    --- PASS: FuzzRangeproof/37fcccba9236cf72dcfe8720ca44220794a8f041 (0.00s)
    --- PASS: FuzzRangeproof/39283d40946cfd2d9a19590af1829baa754f3554 (0.00s)
    --- PASS: FuzzRangeproof/3956963db727531835424b769674168f3dc988e4 (0.00s)
    --- PASS: FuzzRangeproof/39bb16153e49d2bf7962f8a22e0662a682a56c04 (0.00s)
    --- PASS: FuzzRangeproof/3a89896710da580da096aa9d8ce5be3e14c6c9ac (0.00s)
    --- PASS: FuzzRangeproof/3b1116c64f764c3106441878c9a02e3b11c4e23f (0.00s)
    --- PASS: FuzzRangeproof/3bd22d3ce6f3988c60c60d96c8eab0d623d334b1 (0.00s)
    --- PASS: FuzzRangeproof/3c2b8729a74f6b7419c2e2e341cf52b7a7f948ea (0.00s)
    --- PASS: FuzzRangeproof/3d04743e7f9b4530373a39e75001608823d8c762 (0.00s)
    --- PASS: FuzzRangeproof/3db72494c58b7184207c6e23a6bae26d91aba508 (0.00s)
    --- PASS: FuzzRangeproof/3e15fae169b8d912285a2dd71598c54c0b22c656 (0.00s)
    --- PASS: FuzzRangeproof/3e348c1e9fdcfd0129d926aef361043602b1eb88 (0.00s)
    --- PASS: FuzzRangeproof/3eb7922c835f792e546c05556cc452192df6cc6e (0.00s)
    --- PASS: FuzzRangeproof/3fa75e08d2f6d5187189fcf3e984bd0affbd1740 (0.00s)
    --- PASS: FuzzRangeproof/3fe47c55ab43f43dbdaf484025a48daccf4b2d1b (0.00s)
    --- PASS: FuzzRangeproof/4005566a78674c6e5a4e64b8dab87b4ced5aad41 (0.00s)
    --- PASS: FuzzRangeproof/40976277bb1089702c78967a22af18f68b19334b (0.00s)
    --- PASS: FuzzRangeproof/40a45b04110b0cafc54ec52f92bf3af47335b745 (0.00s)
    --- PASS: FuzzRangeproof/40c503888caf4b4c2c0275d502439bbbf550a45e (0.00s)
    --- PASS: FuzzRangeproof/415ee3db3299e83fa867a7f5ec0d7ecbe466ac40 (0.00s)
    --- PASS: FuzzRangeproof/41bc9ade35bcc9c2a466f019dd6fc06890932e73 (0.00s)
    --- PASS: FuzzRangeproof/4334964e6b2f8c277cbf37fb7379f449bcc71e99 (0.00s)
    --- PASS: FuzzRangeproof/433edba76049ab33e221e757e62541b56d32310a (0.00s)
    --- PASS: FuzzRangeproof/435f935b105fde1cc51a060d59c03a428f41bef5 (0.00s)
    --- PASS: FuzzRangeproof/439758a0ab4c9a6829871513c37cb4f9608ea69e (0.00s)
    --- PASS: FuzzRangeproof/43dde46e46818d960dd621a8e158ee3b58b503c4 (0.00s)
    --- PASS: FuzzRangeproof/44703be5174757ba36377f9c654411320d7cabe8 (0.00s)
    --- PASS: FuzzRangeproof/448977404025adddf4082ae74228fda72737b820 (0.00s)
    --- PASS: FuzzRangeproof/448e26c2bbf7bacb43b80bc72fd37b1a233131fb (0.00s)
    --- PASS: FuzzRangeproof/449790cde81bd2f80c7a7aec994749b82646fa76 (0.00s)
    --- PASS: FuzzRangeproof/456ea979eed2a89babfac53d79cb5164e925bcc7 (0.00s)
    --- PASS: FuzzRangeproof/471496cc2a5a80a85060ed89ee59d7de787fd438 (0.00s)
    --- PASS: FuzzRangeproof/47d0f319b248b44bcb37d5338ba5fc3430a5a3a1 (0.00s)
    --- PASS: FuzzRangeproof/47efa5f45f78e49bf295d8accf133d59cf20e964 (0.00s)
    --- PASS: FuzzRangeproof/486882c1724ae4a69b95a1b10cb1d57293cb3af6 (0.00s)
    --- PASS: FuzzRangeproof/48690cb53fc5d373ece2d6f194b628f5e675e5ff (0.00s)
    --- PASS: FuzzRangeproof/49c3aa28bfd5f883b715dc1b1257a36f2cf5892f (0.00s)
    --- PASS: FuzzRangeproof/49e78acca6215adf7ecf508451f28bc923832e6b (0.00s)
    --- PASS: FuzzRangeproof/4a07a2f7610404f2c089a7ac53eb929ea9505ecb (0.01s)
    --- PASS: FuzzRangeproof/4a2f38e8e6232a5e000a5cb3d9732ad95f846b76 (0.00s)
    --- PASS: FuzzRangeproof/4a6e4a6a54f1ed709724a006f9b8fde022843527 (0.00s)
    --- PASS: FuzzRangeproof/4a841185d8efaf2e2f95a995b9fda4f145d0417e (0.00s)
    --- PASS: FuzzRangeproof/4b5d2dc19b0954599500bdf3e67ab79ec83d712e (0.00s)
    --- PASS: FuzzRangeproof/4b8f1536333b0675b42879533ebee17281519f06 (0.00s)
    --- PASS: FuzzRangeproof/4baa8b65765c12542d53c02fb338076e4ad9be1c (0.00s)
    --- PASS: FuzzRangeproof/4c1b615abb52ea06d8edcc604499b6c214053551 (0.00s)
    --- PASS: FuzzRangeproof/4c1ef496434def85c1789fd430ed17d83e721089 (0.00s)
    --- PASS: FuzzRangeproof/4c9bd90f832bb576389a042b701bcbe542ab0089 (0.00s)
    --- PASS: FuzzRangeproof/4ce00aafe7eba742c85e69e2443d649d1ca267fb (0.00s)
    --- PASS: FuzzRangeproof/4dad3baa9e23b4f655365a31c93cce83b520fea3 (0.00s)
    --- PASS: FuzzRangeproof/4df0f89903e83ab5bc31359b2f6d1a85288197ef (0.00s)
    --- PASS: FuzzRangeproof/4e0fc283e3321b12029794ed8edb6b31e50be687 (0.00s)
    --- PASS: FuzzRangeproof/4e7bff4b213bad88a94ddb3a31af7e890e0a6213 (0.00s)
    --- PASS: FuzzRangeproof/4e9596c9f9cf3338f56fc794e672a24a93f43775 (0.00s)
    --- PASS: FuzzRangeproof/4ed486a5218caa1f0a9d6e486441812e324999ee (0.00s)
    --- PASS: FuzzRangeproof/4f62fab0b7305919e4048fac702214f56e7e6def (0.00s)
    --- PASS: FuzzRangeproof/4f8c6480cbf91dc12cc127ca5f3329e5f794f025 (0.00s)
    --- PASS: FuzzRangeproof/507a1ef803fe25d8838adafaf12ee239176ac066 (0.00s)
    --- PASS: FuzzRangeproof/50aa094340a99fd53590380d0e2f6efc15a08b6b (0.00s)
    --- PASS: FuzzRangeproof/513af9037095ee25314c143124fc8b10fe4943ed (0.00s)
    --- PASS: FuzzRangeproof/52bc6bf938a48f8e5f527c2b9367bbf4dcd8182f (0.00s)
    --- PASS: FuzzRangeproof/52c2ea6d599a7075a32d74bfd7265be4be2d6745 (0.00s)
    --- PASS: FuzzRangeproof/531d70641989bb73ad2bae1ebe0308f83d51b724 (0.00s)
    --- PASS: FuzzRangeproof/53270664e2e8775a4ac36e4b6a9cf79be21c5458 (0.00s)
    --- PASS: FuzzRangeproof/532f1791aa2abee616bda1d84a5366378c83556c (0.00s)
    --- PASS: FuzzRangeproof/549f45f1e65312482b7e4759b37c4fd2929a1efb (0.00s)
    --- PASS: FuzzRangeproof/54a3ed0aa931b8a2c6666be8f3460ce0c9cde050 (0.00s)
    --- PASS: FuzzRangeproof/5558f117689676b461bf2ebf0200464a987d22c0 (0.00s)
    --- PASS: FuzzRangeproof/56049a6c902706877266573184d302fceaba866a (0.00s)
    --- PASS: FuzzRangeproof/565681df869bab75e4cc0bf791bcd99e906757e8 (0.00s)
    --- PASS: FuzzRangeproof/56d23d9c5508edce4855076bf8b12647ce64946d (0.00s)
    --- PASS: FuzzRangeproof/570e12d7f5132b5f676189f221bee6fb16d9487f (0.00s)
    --- PASS: FuzzRangeproof/58b5ec0750a0b6701ce4fede8d570d43b48beed0 (0.00s)
    --- PASS: FuzzRangeproof/58df8581bb8b0373ef85c19692e857016b3ccf22 (0.00s)
    --- PASS: FuzzRangeproof/5990a887874f5bb5b80e3be22f7e05d6d3b8cc4d (0.00s)
    --- PASS: FuzzRangeproof/59c780e8fde6ca858bee16a0b927d2dd1803a7d5 (0.00s)
    --- PASS: FuzzRangeproof/5a5a732afc57b6e656fd2fbce2e2b5088586e242 (0.00s)
    --- PASS: FuzzRangeproof/5ac5348838c4588df70d06328958cd71ccc76338 (0.01s)
    --- PASS: FuzzRangeproof/5b31ac3ff858be235b794335fa0ad6d08c1d5954 (0.00s)
    --- PASS: FuzzRangeproof/5b8cc3899554491a16e7a8af91898e2ec867025d (0.00s)
    --- PASS: FuzzRangeproof/5c0b0ec000d51843ca99ce4c09183b49c1594487 (0.00s)
    --- PASS: FuzzRangeproof/5c3e1cb586dc470fd4b16c80e6486ab87178f694 (0.00s)
    --- PASS: FuzzRangeproof/5c518afe1b9fca579e0bbd19b25ab903608b5dae (0.00s)
    --- PASS: FuzzRangeproof/5c7dd9736ef53bf509e7e6d83283a16be8ca639d (0.00s)
    --- PASS: FuzzRangeproof/5d786287c8ffeb3adfcbea9afd166d0bf1702b05 (0.00s)
    --- PASS: FuzzRangeproof/6023e4ab3bcd8541286cdf5202391b79851f4319 (0.00s)
    --- PASS: FuzzRangeproof/60988a41c4f10f4f822576fc07e8125712fd741e (0.00s)
    --- PASS: FuzzRangeproof/612abf4c15087ee7873760eb5f62fb6e98d654ad (0.00s)
    --- PASS: FuzzRangeproof/6178878dad59788ff509a13f8b79657304d989f9 (0.00s)
    --- PASS: FuzzRangeproof/61838f4307beb7379712eabf87fdbe9cc6f51785 (0.00s)
    --- PASS: FuzzRangeproof/61840bdb03dd236b21da43dbef1aeeb2460663a2 (0.00s)
    --- PASS: FuzzRangeproof/619ab042246f6288425c451c42cdb3674edaced1 (0.00s)
    --- PASS: FuzzRangeproof/61b1fcb6380e36edd032dd3f90644a4d66743bfd (0.00s)
    --- PASS: FuzzRangeproof/6347f01a4fc7a78cad13982c4d9a4ade86ed9c59 (0.00s)
    --- PASS: FuzzRangeproof/634d014766aeba9ce59d76eaab6a42a382625b13 (0.00s)
    --- PASS: FuzzRangeproof/6359bd9d5ed13661e79ad998fcfc60c12b83f0ae (0.00s)
    --- PASS: FuzzRangeproof/636211341eb1223e3f7efe219f1654e8b05181da (0.00s)
    --- PASS: FuzzRangeproof/6363ea30174e04527d0f0b2ac1dd17976aa004e5 (0.00s)
    --- PASS: FuzzRangeproof/64df849c072a9402a4d0b26fc6110ad9a100fff5 (0.00s)
    --- PASS: FuzzRangeproof/6503d119c7871453b4b239cd820e2121577ae895 (0.00s)
    --- PASS: FuzzRangeproof/65b19913c8aa12a6cee2272e54a64a690541ba90 (0.00s)
    --- PASS: FuzzRangeproof/6656117890080112debfd1f9dd5b1ce84d63e32e (0.00s)
    --- PASS: FuzzRangeproof/66ef3ee47894909b6ccae735a0c5eb3caa23cd69 (0.00s)
    --- PASS: FuzzRangeproof/67a29b41056009dd92996345ef525cc282950803 (0.00s)
    --- PASS: FuzzRangeproof/67d60d997cfd7bf9354496d40c6fc0c23bfa6b13 (0.00s)
    --- PASS: FuzzRangeproof/68d0141d427dd1a91158d72d2502a0a9e20fd99f (0.00s)
    --- PASS: FuzzRangeproof/6b52d9e804878f5e60eeed3476b13a10bb973829 (0.00s)
    --- PASS: FuzzRangeproof/6bcacdd549499d92fc9d79462967cedda8a9bfed (0.00s)
    --- PASS: FuzzRangeproof/6bdfba46b13cc06e9e163332adf541314d790c6d (0.00s)
    --- PASS: FuzzRangeproof/6c28b668220dbc1369d51b703328c85f2e1f7a28 (0.00s)
    --- PASS: FuzzRangeproof/6d5aa7c7c789484701720832e6d7741fd732a63f (0.00s)
    --- PASS: FuzzRangeproof/6d8c6343ebfea46a3461df158760f06110af435a (0.00s)
    --- PASS: FuzzRangeproof/6f6ea1a246cdbf2ebc803199639d771d662229b9 (0.00s)
    --- PASS: FuzzRangeproof/6f86a0fb42bb368df4ed9b8242fe4f9de06f2cd0 (0.00s)
    --- PASS: FuzzRangeproof/6fc2d2ccec9c3bc79e0020fa56a1789c364e7113 (0.00s)
    --- PASS: FuzzRangeproof/710b251663ceab4fbdacc26a08c210f26f50ab68 (0.00s)
    --- PASS: FuzzRangeproof/715d90307e3d81d758fe57740482e09af0ac9639 (0.00s)
    --- PASS: FuzzRangeproof/71788b9e8ee361f73262e3b3400b8da478d43ace (0.00s)
    --- PASS: FuzzRangeproof/717e5ebbf713bbd21ef19894d524830a3c3f5916 (0.00s)
    --- PASS: FuzzRangeproof/71d05580e33a2e72ae77aa5d8b13f27e1237d617 (0.00s)
    --- PASS: FuzzRangeproof/7279eb0e4d5604681ebd7beca2af70f81a1a3200 (0.00s)
    --- PASS: FuzzRangeproof/7281d9f1f8b5d0b738038f58c8518c039e4e0469 (0.00s)
    --- PASS: FuzzRangeproof/73011659e6b8d786ccc468deb7f1748d02bfa6d8 (0.00s)
    --- PASS: FuzzRangeproof/73965aac5cae8697069125a0925d9905656a75dc (0.00s)
    --- PASS: FuzzRangeproof/7425d9cc61b24d38ce14dafdc91b3ee65ff1153c (0.00s)
    --- PASS: FuzzRangeproof/74562623d15859b6a47065e0f98ce1202fb56506 (0.00s)
    --- PASS: FuzzRangeproof/74d5360d48802e4ef24ed5d48ef00e99850013f3 (0.00s)
    --- PASS: FuzzRangeproof/75e2b691f8053fe40434e3c3ae3c93d706f887aa (0.00s)
    --- PASS: FuzzRangeproof/760fa7f1bc1524c55a34af65ef4c4c59940b216e (0.00s)
    --- PASS: FuzzRangeproof/76207f71578df9c848837f3d2ebba8e37ba0be93 (0.00s)
    --- PASS: FuzzRangeproof/7621d99c477a30566502e581ccba253a5b55dac7 (0.00s)
    --- PASS: FuzzRangeproof/773c3c62a807f3640af2fdb01301cef5f060913e (0.00s)
    --- PASS: FuzzRangeproof/77a9839f24b5495654b2336e6140239615d5ad12 (0.00s)
    --- PASS: FuzzRangeproof/77d33ab2ff15439d4a9747cacae538a941e86be9 (0.00s)
    --- PASS: FuzzRangeproof/77f829eb4f32e1f366ac1d4407ce70f69d2dba3c (0.00s)
    --- PASS: FuzzRangeproof/781e98bc367619ef050bbe461d3dd9f2072d4773 (0.00s)
    --- PASS: FuzzRangeproof/788f72dd1fc827bbbf43385aa74508f2fc4984df (0.00s)
    --- PASS: FuzzRangeproof/79067782d0f1dc8e9a0e964e5e98146aa6d36fb5 (0.00s)
    --- PASS: FuzzRangeproof/79e7bc8a2f582d201fe9af0a34acd2b704d31424 (0.00s)
    --- PASS: FuzzRangeproof/7b0dc77667c6019af2321ad569cb72e0a77e5e9f (0.00s)
    --- PASS: FuzzRangeproof/7b9a6b0f6ea5d1bf29ceaf09cd852f9fe65a2edd (0.00s)
    --- PASS: FuzzRangeproof/7bb1863bebf3e36acedde0cd21d0250e6a72caef (0.00s)
    --- PASS: FuzzRangeproof/7bcc6a8c34d37898084b6600837fd111a882a9f5 (0.00s)
    --- PASS: FuzzRangeproof/7ca6edcf7e506785be855271b4a157e2e893c0ae (0.00s)
    --- PASS: FuzzRangeproof/7ccc8f5766af0ce4754fc5feeda7364ad2899a43 (0.00s)
    --- PASS: FuzzRangeproof/7d820a83dbd6f6359be86ca6a380bbe1bd447407 (0.00s)
    --- PASS: FuzzRangeproof/7df48fdc64455552985bdaf2f06724d3c0138365 (0.00s)
    --- PASS: FuzzRangeproof/7e23618ac9af7f088fb7d87135cfbf63f68831e9 (0.00s)
    --- PASS: FuzzRangeproof/7e62d3d5dc899863af8803239ab4c3c3dcf7dd72 (0.00s)
    --- PASS: FuzzRangeproof/804213f2ffc55517bc8eaca63a852d5e0b1be346 (0.00s)
    --- PASS: FuzzRangeproof/80af3009210981eea0f897bb1d0e5ab734d4cd18 (0.00s)
    --- PASS: FuzzRangeproof/8114d3e42a42e110d8334148ccb1a0f9d78829d1 (0.00s)
    --- PASS: FuzzRangeproof/81f9cd6b41d34aad22b8bd79ea24f9eafc1d0a92 (0.00s)
    --- PASS: FuzzRangeproof/82c03864e31616e0da1531f6b013995aa46af375 (0.00s)
    --- PASS: FuzzRangeproof/82e94e18fda45d60fdc9852ea2378061a57818fb (0.00s)
    --- PASS: FuzzRangeproof/838694bfa807eebaf572976f25701359d5021331 (0.00s)
    --- PASS: FuzzRangeproof/843e5cbce34c5f9ae2c10c933b79f349220d87a0 (0.00s)
    --- PASS: FuzzRangeproof/846b6f367ae7e677b75f3f16abb339e5f02d9cdc (0.00s)
    --- PASS: FuzzRangeproof/84e729543b2adf6cc0e3dee485ae406c3bbce441 (0.00s)
    --- PASS: FuzzRangeproof/85faeff0f2102570d12d26fc86e26b3a9351767f (0.00s)
    --- PASS: FuzzRangeproof/8621035a780906d8ca387a21293659b9682dde91 (0.00s)
    --- PASS: FuzzRangeproof/86a216d080b3bcba31badb3bef6dc8206a658d18 (0.00s)
    --- PASS: FuzzRangeproof/876d1cf75ad29ce4ccbab832a84cf592c3c5b7f7 (0.00s)
    --- PASS: FuzzRangeproof/883b8bdb8f9c1482a232fbf7c3160479475bbea8 (0.00s)
    --- PASS: FuzzRangeproof/8853a2876f1ab8914de689f0715d57c53d4df1b7 (0.00s)
    --- PASS: FuzzRangeproof/888467eb9c57530a746c41e4aa957dfe2ef1eec3 (0.00s)
    --- PASS: FuzzRangeproof/88e784571f55ab938d1403d63015f1d66c6f0e70 (0.00s)
    --- PASS: FuzzRangeproof/8b1664f8b2dbbac02fda8b93f367f069a62f44f0 (0.00s)
    --- PASS: FuzzRangeproof/8bebc849f08b65ca23128c313f418bf049941b92 (0.00s)
    --- PASS: FuzzRangeproof/8c39098adad0f71c842dc345014a9f3710057012 (0.00s)
    --- PASS: FuzzRangeproof/8cde08ef0e2fa469cef5a53bc70a6dd2bab0326e (0.00s)
    --- PASS: FuzzRangeproof/8d47039fca90711b937fcd5ca0d61a1331db77ea (0.00s)
    --- PASS: FuzzRangeproof/8d4f21987063639d730493573544c1b4fc9459c6 (0.00s)
    --- PASS: FuzzRangeproof/8e8ec37a6875802de2e53ea712ffa956dabc3d0d (0.00s)
    --- PASS: FuzzRangeproof/8eb2e4161c0782713019b0cb0c5194a79d6f5a18 (0.00s)
    --- PASS: FuzzRangeproof/8fda8e5130d690769cc73155167cc4cdf41c1e58 (0.00s)
    --- PASS: FuzzRangeproof/91231b5c311abd9d3928579559aca090924a68c8 (0.00s)
    --- PASS: FuzzRangeproof/9180804fe1191770e9e9276bb1cc73a6d120afb1 (0.00s)
    --- PASS: FuzzRangeproof/92ce4657f157bc164b80e47905367d72a46eeed8 (0.00s)
    --- PASS: FuzzRangeproof/93a11b249d8f6364d34624b1d955af1d257380a6 (0.00s)
    --- PASS: FuzzRangeproof/93bcb3ff7e96cc11f7f605e78acae0944e4f060a (0.00s)
    --- PASS: FuzzRangeproof/9469e6814025e301cf7caea2116bce40ec66df01 (0.00s)
    --- PASS: FuzzRangeproof/94ac3a2cf67cd17a71b0838e45defa4702d897c3 (0.00s)
    --- PASS: FuzzRangeproof/94fd4a9d63e45a4ef9f4c2e01b28ea6a757cf53b (0.00s)
    --- PASS: FuzzRangeproof/9513e71e7b0cf177b3edadba19c16ad51fb39e35 (0.00s)
    --- PASS: FuzzRangeproof/9535b40e46d8903c838ea361964fa7e8971f9b5e (0.00s)
    --- PASS: FuzzRangeproof/95ff2a7b6bd120a1377ded873266647a52375635 (0.00s)
    --- PASS: FuzzRangeproof/96010cc3bfa22f278754634901497dd138417716 (0.00s)
    --- PASS: FuzzRangeproof/9675ad2e7f614ea72cd501a142df7ce6ba43660b (0.00s)
    --- PASS: FuzzRangeproof/96b08f7c5822bed7a91d1f32397bddbc2e107c18 (0.00s)
    --- PASS: FuzzRangeproof/9731752e4efc05008c1dada22c6b8390a5e27ab5 (0.00s)
    --- PASS: FuzzRangeproof/97661e82272a73da51018afddc71e8bfab935d2b (0.00s)
    --- PASS: FuzzRangeproof/9798df891fe3206bf3b8b1952bf0b625c1c067c4 (0.00s)
    --- PASS: FuzzRangeproof/98c95e10195f7355f3112c01db5986833f76efc8 (0.00s)
    --- PASS: FuzzRangeproof/9977a88564869ae8387db712084d2e33c3fee83b (0.00s)
    --- PASS: FuzzRangeproof/9ae0bdb17f2e6f326cfcb1cb37b3cbc434d6c62e (0.00s)
    --- PASS: FuzzRangeproof/9af502f2416eaffa27dd7aef6c76ca20fb3411cc (0.00s)
    --- PASS: FuzzRangeproof/9b0770386d9fda3935c8b3b4523169ca4c99fa78 (0.00s)
    --- PASS: FuzzRangeproof/9b135e479c31151695b5dc3b4658260665c7f233 (0.00s)
    --- PASS: FuzzRangeproof/9b611c3d6ae468612d2e526118f43025f854c1b2 (0.00s)
    --- PASS: FuzzRangeproof/9ba06070a33c37aea967c4a133aa168c786edd33 (0.00s)
    --- PASS: FuzzRangeproof/9c47c1df38cbfd243e091da8e361b4e0cbd53035 (0.00s)
    --- PASS: FuzzRangeproof/9d9c42089efb3f876e0e6758eddd6ed6f1a99f50 (0.00s)
    --- PASS: FuzzRangeproof/9df3f340b44e368c5d9abaf83b2afab709bbb9dc (0.00s)
    --- PASS: FuzzRangeproof/9e542d4f6c8e9e4ae4dd0c9724a01c7710fa6e82 (0.00s)
    --- PASS: FuzzRangeproof/9e8cbafa20d5597580869a99f05e79f6d57f57cb (0.00s)
    --- PASS: FuzzRangeproof/9fd64b085a1e23ed69a02e23f092bafb50aaba1f (0.00s)
    --- PASS: FuzzRangeproof/a06ee9ef56953fdc247afe05cc54d6fd5418e25d (0.00s)
    --- PASS: FuzzRangeproof/a0e7d97748070a4f984c53f011f1396d6648a38b (0.00s)
    --- PASS: FuzzRangeproof/a0e9bb52a135457af49dde324d46f54e274e04a7 (0.00s)
    --- PASS: FuzzRangeproof/a10909c2cdcaf5adb7e6b092a4faba558b62bd96 (0.00s)
    --- PASS: FuzzRangeproof/a39dc5a688507118b8434de3151fa8c306ae9629 (0.00s)
    --- PASS: FuzzRangeproof/a4a2f4a40c5ba017f46a9885e282693ccdaea265 (0.00s)
    --- PASS: FuzzRangeproof/a4b4d29c6181e4a6c782b80af45f5d14693989f9 (0.00s)
    --- PASS: FuzzRangeproof/a51587631b947106b3882c1385c2a26ff694a615 (0.00s)
    --- PASS: FuzzRangeproof/a5a9872f0ab4004bca785e01abe6eefcb1a2b793 (0.00s)
    --- PASS: FuzzRangeproof/a61665cf3d017637359ba8784dc4f4633a8fcfbc (0.00s)
    --- PASS: FuzzRangeproof/a82c63d10d472789ae13abee20bfc0854a0296e5 (0.00s)
    --- PASS: FuzzRangeproof/a82dd5bdb24e763050d3db68f96feae8d6320b88 (0.00s)
    --- PASS: FuzzRangeproof/a834ee46e0c54d3d330a308d1527f4c2f0ed676b (0.00s)
    --- PASS: FuzzRangeproof/a84125c566b1f4ef1a1998602ca0e58489950edf (0.00s)
    --- PASS: FuzzRangeproof/a921348638ec718c48a045313fffdcd54ce1ea28 (0.00s)
    --- PASS: FuzzRangeproof/a98dbd7e41e1de5d86ab901b640fe824a595c9f0 (0.00s)
    --- PASS: FuzzRangeproof/aa430206f5cb4ac2c245b1238d8a70432d8b1076 (0.00s)
    --- PASS: FuzzRangeproof/aa4c3a803474d33f8c8ab176d96713bad294cdd2 (0.00s)
    --- PASS: FuzzRangeproof/aa697fa39b85da93fc00543630275826de4fa08d (0.00s)
    --- PASS: FuzzRangeproof/aaa1a2c16aa2986cee29f2c26cf3f4c6fbafa9f3 (0.00s)
    --- PASS: FuzzRangeproof/ab2c807812bb435894937f159714e5d258d694b6 (0.00s)
    --- PASS: FuzzRangeproof/ab4640d16551c03a64f91b3088917e46d88b8354 (0.00s)
    --- PASS: FuzzRangeproof/abef5ab07eabd9385a4c8dd8dc630974c602ef2f (0.00s)
    --- PASS: FuzzRangeproof/ad2c5462abc784fed1e1d95bedc6f00370c47e9e (0.00s)
    --- PASS: FuzzRangeproof/adea798ef77c1dfeddbd710476b096080e14ef78 (0.00s)
    --- PASS: FuzzRangeproof/ae6115e4c34fcd7bdc00096c6247cf51d9285b0c (0.00s)
    --- PASS: FuzzRangeproof/ae6278ca6d144d7fa94e499aa405dd870a8dea20 (0.00s)
    --- PASS: FuzzRangeproof/af121c301f57a3771e8bf9358317f2d5f3655a85 (0.00s)
    --- PASS: FuzzRangeproof/af2809d103ebc49bf1b653784e98f345eb5846a3 (0.00s)
    --- PASS: FuzzRangeproof/af7879c19980b61b5712ea5872c1e122ead21724 (0.00s)
    --- PASS: FuzzRangeproof/af9474e900c79c16ed46394c6cd58a38e5b2525f (0.00s)
    --- PASS: FuzzRangeproof/b01f86479e4d20859d6649d51a7cbfe5e65c2a07 (0.00s)
    --- PASS: FuzzRangeproof/b024a7a005ac42aac7faebc8543e1acb51f0a876 (0.00s)
    --- PASS: FuzzRangeproof/b2158693361825278fb1a5f9495cbd6136974b6a (0.00s)
    --- PASS: FuzzRangeproof/b2491b03df9282712572ba0a3e85492e3be1178f (0.00s)
    --- PASS: FuzzRangeproof/b2fcb6841d44610e1c540268a4096525f620a280 (0.00s)
    --- PASS: FuzzRangeproof/b402b4de89a05c312e67e98a555cd923ee7f9970 (0.00s)
    --- PASS: FuzzRangeproof/b40b5716ae9d1fb6b7ad53fc8dd2abcfb114406f (0.00s)
    --- PASS: FuzzRangeproof/b52338e9a4c842c1872e3f3801dee637190bf448 (0.00s)
    --- PASS: FuzzRangeproof/b546946dc3b447a08119499bc2cbbc4cfcdda12c (0.00s)
    --- PASS: FuzzRangeproof/b639eb53ec82f8bb395d80065539f03221f658d5 (0.00s)
    --- PASS: FuzzRangeproof/b6b832c1ba72d6a305696ea6ee53c691584a084a (0.00s)
    --- PASS: FuzzRangeproof/b71600c9dd0fd758fadf23c431ac5ce7ec0d5f50 (0.00s)
    --- PASS: FuzzRangeproof/b7d2e8a0b2fe099a04de3e821aed9034ed14c288 (0.00s)
    --- PASS: FuzzRangeproof/b875e8725850c811651c52c5ddde83449bb1709a (0.00s)
    --- PASS: FuzzRangeproof/b88ae529157f7ec597c583f1e9f903dcf321c473 (0.00s)
    --- PASS: FuzzRangeproof/b88d117e78fa52b935420ed8101b32e048900839 (0.00s)
    --- PASS: FuzzRangeproof/ba33bbe3939ace6ad3764ffc070f8846a1c34163 (0.00s)
    --- PASS: FuzzRangeproof/ba86b1659e9faa903ce5d6aaf51d80d498cfc4ad (0.00s)
    --- PASS: FuzzRangeproof/bb20681a9edea93925b0b2f0bc75abbd7d107325 (0.00s)
    --- PASS: FuzzRangeproof/bbbc05732becd2efdd2f3b935eccc5029fdac65c (0.00s)
    --- PASS: FuzzRangeproof/bc341a7e16eaa75852a3488244e8e3f2bb1bdca5 (0.00s)
    --- PASS: FuzzRangeproof/bc47f85894fd4c3abdbd6141411f21b49a8c17c1 (0.00s)
    --- PASS: FuzzRangeproof/bdddf578ee4cbd1912bac26989fc4fe996921f24 (0.00s)
    --- PASS: FuzzRangeproof/bde87213fae93d3bf35affb27771efe8633b11ab (0.00s)
    --- PASS: FuzzRangeproof/bee061dc9b3c87d3ce19d8ded5cfb55b80c5aa78 (0.00s)
    --- PASS: FuzzRangeproof/bf26dc320d0773f8da0958d056a99f30da11c538 (0.00s)
    --- PASS: FuzzRangeproof/bfd8f10a56069581bb7d6ea198d8de98d0d27c74 (0.00s)
    --- PASS: FuzzRangeproof/c35f93930fed5f9746f65da4e47bd47241af6020 (0.00s)
    --- PASS: FuzzRangeproof/c545105ea752a820972adff6fee2633802f84aba (0.00s)
    --- PASS: FuzzRangeproof/c556275d6370c93dbe46a17955e95a98b44ef28a (0.00s)
    --- PASS: FuzzRangeproof/c5c1f5efb5e16db986988dffff78c3d4f2cc7bc0 (0.00s)
    --- PASS: FuzzRangeproof/c5fe170971f0500c8af3b48e4b236a0385a1397b (0.00s)
    --- PASS: FuzzRangeproof/c694fca015a657b6abd851401331e2be8fb746fb (0.00s)
    --- PASS: FuzzRangeproof/c6badf39ed72f108120a245dc860c53255df4794 (0.00s)
    --- PASS: FuzzRangeproof/c6e2dc9ccc763121877a7c58107915136e7a5e42 (0.00s)
    --- PASS: FuzzRangeproof/c7e6827449c81b97599794c6ec03babab148bdfc (0.00s)
    --- PASS: FuzzRangeproof/c808b7a3744cab8d5650d2f6657efc0b864441ac (0.00s)
    --- PASS: FuzzRangeproof/c83730b769827ef03bb900c8f2eb15f0f451339f (0.00s)
    --- PASS: FuzzRangeproof/c8d83216abbd69d17aa8e2c80374345359589b15 (0.00s)
    --- PASS: FuzzRangeproof/c9521c532893a4e7e4ba2f74c405d888cd903086 (0.00s)
    --- PASS: FuzzRangeproof/caf4c91b4463445e68c4c9e811c7b6f8e5e50be9 (0.00s)
    --- PASS: FuzzRangeproof/cc098dd4458d38b4a7220a7f34a5a3bc4ae7fcec (0.00s)
    --- PASS: FuzzRangeproof/cc7849d7ee8ef4943c4e4119e438c633ca7cbc2c (0.00s)
    --- PASS: FuzzRangeproof/cc7af0f1532473056e8e47350670f865ea33e26f (0.00s)
    --- PASS: FuzzRangeproof/cd7b434425c1c9c9365edf505bb410b6856d9865 (0.00s)
    --- PASS: FuzzRangeproof/cdb5f216708c268d3e2fa1b5588479d00c6d2435 (0.00s)
    --- PASS: FuzzRangeproof/ce3b511c51a64682aa391ad722c0cff08037bf14 (0.00s)
    --- PASS: FuzzRangeproof/cec2f6a98c9b53dee39e5a127a5f22b0b9b90aa7 (0.00s)
    --- PASS: FuzzRangeproof/cfb4af0fe38b08ff8051f9c2a60d503324ce67d0 (0.00s)
    --- PASS: FuzzRangeproof/cfd4faef911060165b28a91cdffa036f7dfa60c0 (0.00s)
    --- PASS: FuzzRangeproof/d13c61a35f88e85111d7bad8296222ecd7bac1bf (0.00s)
    --- PASS: FuzzRangeproof/d141e238c078dfcdf27fc988dc6d774dd2f64793 (0.00s)
    --- PASS: FuzzRangeproof/d17fc273c7a3f76817589ff094bcc101b1b47b1b (0.00s)
    --- PASS: FuzzRangeproof/d1accfddda6360ecc9ce569cc56394fb01ad60a4 (0.00s)
    --- PASS: FuzzRangeproof/d284fc406846b0e5945c612debf7fd0e6ac8e00f (0.00s)
    --- PASS: FuzzRangeproof/d299670c197958fd4d58e23368b6801194590b05 (0.00s)
    --- PASS: FuzzRangeproof/d2d1456ae0dda0075f52987466a640fa888d378a (0.00s)
    --- PASS: FuzzRangeproof/d32d7505f55d43584d548c4b5ed4ad7b2b1a9e84 (0.00s)
    --- PASS: FuzzRangeproof/d37a8914c8091bcca0d5ac6fdddfe502dd1faa65 (0.00s)
    --- PASS: FuzzRangeproof/d37fbaa414b7eda3323dee990a9c6e6ea4161245 (0.00s)
    --- PASS: FuzzRangeproof/d39f88cc33a33385aea775a0c989f24d6879521f (0.00s)
    --- PASS: FuzzRangeproof/d3a5e43cb0fe129ea2b7f158fdee8a98945416c5 (0.00s)
    --- PASS: FuzzRangeproof/d3efb7a89fde62a94329c3b737105338037e551d (0.00s)
    --- PASS: FuzzRangeproof/d3ff4f6b115fdaba63abd995b53f3000d3c74aee (0.00s)
    --- PASS: FuzzRangeproof/d408de489be8e11f1ef6a6c2376f6bcd28cf2608 (0.00s)
    --- PASS: FuzzRangeproof/d42253cba45df4fed5a7830ca6576c24fb63bbcb (0.00s)
    --- PASS: FuzzRangeproof/d4d012aee22c6725d680f12cfd6863c37aac5917 (0.00s)
    --- PASS: FuzzRangeproof/d4d29d4dbfbe7139587afee6b8bca8eb127c58c9 (0.00s)
    --- PASS: FuzzRangeproof/d505042805dafa4e919fa48be3f51497fa1b0461 (0.00s)
    --- PASS: FuzzRangeproof/d50e1e55115f3684fde04ffbacf0f8b93a4fc46e (0.00s)
    --- PASS: FuzzRangeproof/d51f8bc338efcf6770cdcfc8c93602c96e7527f5 (0.00s)
    --- PASS: FuzzRangeproof/d60df4754c99184fb9e03c7b6ef6cbc2fa378b11 (0.00s)
    --- PASS: FuzzRangeproof/d637503dbfe70500099ec44be7ea3fc2b843d631 (0.00s)
    --- PASS: FuzzRangeproof/d662ce140789291b0220900fefe9c27888fdf172 (0.00s)
    --- PASS: FuzzRangeproof/d6c8c8f75be1b0f59a256c27135bccaf66b4c019 (0.00s)
    --- PASS: FuzzRangeproof/d6ed4c8d79748fb736312da53d347bdfc7e7ade6 (0.00s)
    --- PASS: FuzzRangeproof/d7189109374afe880029e174775843c834c77273 (0.00s)
    --- PASS: FuzzRangeproof/d760e32c27b0de9cb530e5728b749fcaf3a44c78 (0.00s)
    --- PASS: FuzzRangeproof/d7c8cc43a70f14cc82841ab3536dc3498255d7ee (0.00s)
    --- PASS: FuzzRangeproof/d7fa15866134ac43c85719cd532042e8eb8e81bb (0.00s)
    --- PASS: FuzzRangeproof/d8106dc2d858408197581aac8eda681a6d625603 (0.00s)
    --- PASS: FuzzRangeproof/d83bbd865091fc7516fc90eeb69555a2de9e9402 (0.00s)
    --- PASS: FuzzRangeproof/d8fcf715af51fa95231d37ef2ab5b80486f84e7d (0.00s)
    --- PASS: FuzzRangeproof/da1be9364300c85832e55254eb1c2e47896b3c47 (0.00s)
    --- PASS: FuzzRangeproof/da58f1ee911432b1bee02ebaa04fff5d6ab00b19 (0.00s)
    --- PASS: FuzzRangeproof/da926bf052f121e7d453b35da0badf10a4ce9617 (0.00s)
    --- PASS: FuzzRangeproof/db3c2161f2d6e415e1dd30d1ec652a781b7021d8 (0.00s)
    --- PASS: FuzzRangeproof/dbd15b43f4c480d7c250012134b47e5fe9c26452 (0.00s)
    --- PASS: FuzzRangeproof/dc4a367585af14ea75d4b383c627af7129727986 (0.00s)
    --- PASS: FuzzRangeproof/dc950a51e3c2181b880fd120a74d58a5f15a33c9 (0.01s)
    --- PASS: FuzzRangeproof/de315eb5dc553d691a6fbd4ff8b608c9dad184e2 (0.00s)
    --- PASS: FuzzRangeproof/de768f41bb2c2915fb2f5715b36effcaf19eb3a9 (0.00s)
    --- PASS: FuzzRangeproof/de8043bba3965e78e744ec0eea4c345de97b76f8 (0.00s)
    --- PASS: FuzzRangeproof/dee3bdaadeb0c069011126720c3069aa361c8435 (0.00s)
    --- PASS: FuzzRangeproof/def0ce6d141c20592cd1acf08673a61b18715cee (0.00s)
    --- PASS: FuzzRangeproof/deffae7cc2b197a44195be0240eb25012f5941ee (0.00s)
    --- PASS: FuzzRangeproof/df47e9a3247fdfed07b7bc0d40e3842a56aac3a1 (0.00s)
    --- PASS: FuzzRangeproof/e00e81733880ab07c2add2da529b0d2286d31dbd (0.00s)
    --- PASS: FuzzRangeproof/e06f0332f1e66e4579710c00f7ffbb1e8938eabc (0.00s)
    --- PASS: FuzzRangeproof/e0897c5f21f7c45a6a887cf0195eca61566471f4 (0.00s)
    --- PASS: FuzzRangeproof/e173ed889f0ee5a92725c65149a7a537cc682ed2 (0.00s)
    --- PASS: FuzzRangeproof/e23be01e7f454d9e7d05cc04302c30d2010aaa1b (0.00s)
    --- PASS: FuzzRangeproof/e3629330013c0cbd40f67b2cf58931db379a0a0f (0.00s)
    --- PASS: FuzzRangeproof/e3c8bba58363718863e2f37d6c18647602544bf4 (0.00s)
    --- PASS: FuzzRangeproof/e42b500d99c9ff456716382d16d6b1351a4de819 (0.00s)
    --- PASS: FuzzRangeproof/e496cdbed513e5dcbcb697363d9974e551c2abc8 (0.00s)
    --- PASS: FuzzRangeproof/e4bc7066794e410510bc89f0202eb0cc0f21503e (0.00s)
    --- PASS: FuzzRangeproof/e54a464852a1b8adf68316632953a1b590726435 (0.00s)
    --- PASS: FuzzRangeproof/e634a48786146e7f0a7599d2420dd9f53af4ac1e (0.00s)
    --- PASS: FuzzRangeproof/e6764182650c046e44a58c064744b8076ad8e543 (0.00s)
    --- PASS: FuzzRangeproof/e7f12a7256071f2466b8d9b59aafd6b417a28af0 (0.00s)
    --- PASS: FuzzRangeproof/e87ce061db116d81f9ace233f919ccefb9e66edc (0.00s)
    --- PASS: FuzzRangeproof/e8aa8c7f11fc2ec847289d573131b762e89fc68c (0.00s)
    --- PASS: FuzzRangeproof/e91b9b9ab9e46e1a7d2726fa1fcfb0db2790c998 (0.00s)
    --- PASS: FuzzRangeproof/e984a326cdbea995056061b26aa0343bfd129657 (0.00s)
    --- PASS: FuzzRangeproof/e997f7edddbccb61b3fe50b97aa730eceb192a75 (0.00s)
    --- PASS: FuzzRangeproof/ea109149f92229bf1cd3a4514a04b1ee554fe606 (0.00s)
    --- PASS: FuzzRangeproof/ea532df434844b35f78ab818044c7339c7e9a785 (0.00s)
    --- PASS: FuzzRangeproof/ea6e1773b1aff5dfaf232443a45935396d7f5065 (0.00s)
    --- PASS: FuzzRangeproof/eb4bec7a2f7d610ca8521f7b9cee633c36a12c53 (0.00s)
    --- PASS: FuzzRangeproof/ece00e87aaef71789371011114dad73ccb2b526f (0.00s)
    --- PASS: FuzzRangeproof/ed6cc288c3ef6edb0457f2d3fdce9dbda8434e48 (0.00s)
    --- PASS: FuzzRangeproof/ee31d14e1e5472baf18bd43263f31982879d7087 (0.00s)
    --- PASS: FuzzRangeproof/eed2fb4d5a804517e3781289a946c2d3b8763f23 (0.00s)
    --- PASS: FuzzRangeproof/eee7eccf11229604fd7ea16e77258a16d14184f1 (0.00s)
    --- PASS: FuzzRangeproof/f014dfd88fafbfc40ea10ce5c46f4dd37f6c694f (0.00s)
    --- PASS: FuzzRangeproof/f0a3fc48539965070af8fc8a105b88b25fe9a0ec (0.00s)
    --- PASS: FuzzRangeproof/f2b281100a9e58c16e475b9e11b275348ec736aa (0.00s)
    --- PASS: FuzzRangeproof/f33ae4e130e80360bc3af49f69cf81b048c2cad5 (0.00s)
    --- PASS: FuzzRangeproof/f34afa18b283e41c1adc7d635379ff0e7a122432 (0.00s)
    --- PASS: FuzzRangeproof/f35a75bac0cc0594193388449e5fbbc603ea1b2a (0.00s)
    --- PASS: FuzzRangeproof/f379f3dffc94f6e6e15cb6d554b6f9007c7deffe (0.00s)
    --- PASS: FuzzRangeproof/f3c90bf423a85b0a5b088579cf92cfb516517aac (0.00s)
    --- PASS: FuzzRangeproof/f44067490772feb1fb12285cde5201818b4fb18e (0.00s)
    --- PASS: FuzzRangeproof/f4910882139e460af3b27c7795e054d0cce47b54 (0.00s)
    --- PASS: FuzzRangeproof/f4fefa06f77a8f0909ef5a2b6d23c1f61ddaf8d0 (0.00s)
    --- PASS: FuzzRangeproof/f53210c458868f773df9e629c00f1338560c3801 (0.00s)
    --- PASS: FuzzRangeproof/f5eafdbe65f8681ecc240538a9e8a67d9c079f3a (0.00s)
    --- PASS: FuzzRangeproof/f5f1b96fd600184e02d3cadb4ce239871f7c7267 (0.00s)
    --- PASS: FuzzRangeproof/f5f921a4cbb1e8d9a7b14fbaed59fb8d6a5204ce (0.00s)
    --- PASS: FuzzRangeproof/f66326400c18742253931dec4b5f792e1241a49c (0.00s)
    --- PASS: FuzzRangeproof/f7246d6e151d1bb6a048bfd1de52b8af7fa3ac8a (0.00s)
    --- PASS: FuzzRangeproof/f9e56805696dce1da6cc2cdac45b6ed252ff76f2 (0.00s)
    --- PASS: FuzzRangeproof/fa0cb8bda6e05ac955edaf3573f63ef3576414f0 (0.00s)
    --- PASS: FuzzRangeproof/fba33a42e3a49a32d26e7da405f8cfcc0cc2c0ae (0.00s)
    --- PASS: FuzzRangeproof/fbd58761b419a08cfe41a3870383f9672301c8a6 (0.00s)
    --- PASS: FuzzRangeproof/fbe417d44d5276d12d57f1080a99e45f716db9a0 (0.00s)
    --- PASS: FuzzRangeproof/fcbac5eff718937832f1f06b1ef5cfd8c034363d (0.00s)
    --- PASS: FuzzRangeproof/fcd3345f0a94e2167be84ad67b5f3a43ce161f1b (0.00s)
    --- PASS: FuzzRangeproof/fcdf4c3deea7415d2c441349116811501b6cbde7 (0.00s)
    --- PASS: FuzzRangeproof/fd0899dadfaa220979a0e70e955e9f8bb5cc981d (0.00s)
    --- PASS: FuzzRangeproof/fdc3985bc0b4300f164b27b6540a486cdfad5bc1 (0.00s)
    --- PASS: FuzzRangeproof/fe8616a982f5f9c9bc02a8867347612020280c50 (0.00s)
    --- PASS: FuzzRangeproof/fec485464571e0f9842c33d7a0aa83e06bad5468 (0.00s)
    --- PASS: FuzzRangeproof/fee56096a24966a7c82e456fdfc165daf5767c6b (0.00s)
    --- PASS: FuzzRangeproof/feec06c672745dd397826ce8555068a171512805 (0.00s)
    --- PASS: FuzzRangeproof/ff4f9bd30f9c3cb832c0693a555e47f8088ac2a8 (0.00s)
    --- PASS: FuzzRangeproof/ff50ac90dff7294b63880147d529308b4198586e (0.00s)
    --- PASS: FuzzRangeproof/ffbc310392d4a9625f11862498c83d49c9a1ff44 (0.00s)
    --- PASS: FuzzRangeproof/ffe7f187244f8bf118cc01f3dfe35b16763da2d8 (0.00s)
PASS
coverage: 93.3% of statements
ok  	github.com/morph-l2/go-ethereum/tests/fuzzers/rangeproof	0.427s	coverage: 93.3% of statements
	github.com/morph-l2/go-ethereum/tests/fuzzers/rangeproof/debug		coverage: 0.0% of statements
