=== RUN   FuzzRlp
=== RUN   FuzzRlp/0027d106e4e39868809092bc0432dab36e7e97a3
=== RUN   FuzzRlp/006bef3473252db4075af93c28422cba28081806
=== RUN   FuzzRlp/00f0a1e5bcc9e63a74e8d29eb91aed3ba31b17e0
=== RUN   FuzzRlp/020601dcc3cb39e306917d195b09633141bae478
=== RUN   FuzzRlp/03903657777b81905186a80f47b275dae45e0ffd
=== RUN   FuzzRlp/03f0ece0dc4b3b6de8ee1c682060d69e16d3f00c
=== RUN   FuzzRlp/04c5bd9ca1040d4087eeeecd72717b17b5544029
=== RUN   FuzzRlp/04f358c896e703ffeabb5185635a9439d6ecd2f0
=== RUN   FuzzRlp/04f8ccab2175ceac547547dd6b24beae14d6087c
=== RUN   FuzzRlp/0536e0a165017eaeee4d24bfee38244d8f2ed50b
=== RUN   FuzzRlp/059520e53356d747b1404639405e8a159c6a8706
=== RUN   FuzzRlp/075bf6749f1a7b62a7b6d795fe96042856ac25a1
=== RUN   FuzzRlp/079566dc2d287f8c33773552132024312fd65ed6
=== RUN   FuzzRlp/08bba2a6481c405e9a03289b1743f40857c90a54
=== RUN   FuzzRlp/08f01147a3c3e346c3bcbe87a5bd2e05c0e0657e
=== RUN   FuzzRlp/094f8321b9ab09af333e5b23ed1d85ceb38e0dc5
=== RUN   FuzzRlp/0a0b9aad1a17cc7c29033b1e3e7dda70ce9a0e30
=== RUN   FuzzRlp/0a32ba2b2439ad3b33efec276d0220629a26db33
=== RUN   FuzzRlp/0bac35fcca618e9c0d3b294f1878305eff8badef
=== RUN   FuzzRlp/0be677dea86e933b972f8b3ff1e83fc7dd213834
=== RUN   FuzzRlp/0c473685dcce31881cafcca06cebce51456a2f82
=== RUN   FuzzRlp/0c4d5706332809ebc00438e2d616a34062d5cc34
=== RUN   FuzzRlp/0c9f0b5579a3cf82d7bedb9721a05be7f0c6d3ec
=== RUN   FuzzRlp/0d10be892bf0d186bab9cc38623198c05890440d
=== RUN   FuzzRlp/0d9668983690ff4a0b2e34fdd7094bbcb5c43bb5
=== RUN   FuzzRlp/0f4912550bc592fc8b505c4e9d50e45a48b27b48
=== RUN   FuzzRlp/10cf65012788cb8c9b53619a02dc5ca177ca3ea9
=== RUN   FuzzRlp/115aa323ba4a8b78e66d9dac5f2a7a4d6a2129ed
=== RUN   FuzzRlp/124ccd69b23e36de9ee6a4e3d4a4f089eb76f5fb
=== RUN   FuzzRlp/126b13b2c7a8bdca42bc1a46fc300bae11356872
=== RUN   FuzzRlp/13264f5811e99a122de22bf80af8f7b37e529c33
=== RUN   FuzzRlp/13929ba778975a61020204d3324c85b57e9de5a7
=== RUN   FuzzRlp/139bfaa54da00eb6a4eee4691b9b3926a8be7857
=== RUN   FuzzRlp/13e025b30facf5f2d63c8e87539808b21362c8a3
=== RUN   FuzzRlp/17484d6e77b880338429875874eec4323431229d
=== RUN   FuzzRlp/1797626e53cdcabe4b9c03ae13a1c9c348c45ece
=== RUN   FuzzRlp/18fa4d7ab464491efe23bca7efd4d4efcb4e9a5a
=== RUN   FuzzRlp/197606a058f9fba3b3d6cdb8af8d984b73216255
=== RUN   FuzzRlp/19fd30b26bff54121892a59c622e8c0aa073f238
=== RUN   FuzzRlp/1a0e90a49b2fdd7aaf28eb5fe137bceec774278b
=== RUN   FuzzRlp/1adf6609936082e62a41bfe4ded1a9455008ec1e
=== RUN   FuzzRlp/1b17c836121f0d79fd6307db6154d6776a0e709e
=== RUN   FuzzRlp/1bb08be0548655c46aa2d681ed7a41c2fdf1b5b1
=== RUN   FuzzRlp/1c54c9ab7a806155992f7da7883d6345b7a5c0f4
=== RUN   FuzzRlp/1ea9debeba9db4499138f95bb2a4fa8eb49a1cf6
=== RUN   FuzzRlp/1ed1a1fb5d0f1776d5544254e4a4a2ddeaf49371
=== RUN   FuzzRlp/1fcd488cbf92dd0e1e8d6e7ec65a6e58408e0e44
=== RUN   FuzzRlp/21a413b4aeb3aa2182e5ab93330ba9e7240e4b47
=== RUN   FuzzRlp/22d89bf1f1019c615dbc76a478ae7013706cb210
=== RUN   FuzzRlp/233dc89df8eb0466369c1fa4949f77da027b9e44
=== RUN   FuzzRlp/2445e8671bb10c18d3338ef0705acdbe3c247469
=== RUN   FuzzRlp/24d0427e504481c0b6f2e2516e52991749065888
=== RUN   FuzzRlp/253d44c6d4204680a62ae8c3e345a9616a4256c1
=== RUN   FuzzRlp/2558e15062b204a500bad5a12f59b6548276b35a
=== RUN   FuzzRlp/256a14e17e0899706dd206df4a2e440efb4fc136
=== RUN   FuzzRlp/26613ebf4e098aec0ee6502d68404a26deefbdd8
=== RUN   FuzzRlp/28f5b241063fadd0d175cb28a32f7ec5b8cd8a9c
=== RUN   FuzzRlp/295f39531b854e384aeda5044dee773d9186b595
=== RUN   FuzzRlp/29b1d1501486a77e50a6437b3feb442accdeceaf
=== RUN   FuzzRlp/2b7f277e0e8b9c9aa56c05c39004e8e09247b05e
=== RUN   FuzzRlp/2d6fec097f07359c2f2ca59490d7a3dcb52f5e24
=== RUN   FuzzRlp/2e086cc73ab1c1e92759cf093d988a93f276bd9b
=== RUN   FuzzRlp/2e14a5071afbe9517406c4ed2f44b8bbeab72d78
=== RUN   FuzzRlp/2e1d49b92be0cb6c8961dfc7e2886f3951cc3e44
=== RUN   FuzzRlp/2fec111120ad578cf095cd1fd4a4c24f726ce9c9
=== RUN   FuzzRlp/2ff4903593d88ab973ed0034bcf1fa743b63a187
=== RUN   FuzzRlp/322cc4a8f9a0c93af73e430d505a8cd13a568b00
=== RUN   FuzzRlp/32d7a23b6f074fb73771c162557615a047d8f370
=== RUN   FuzzRlp/33942254db5a593f6c9e02b4e5102cc4ddff5581
=== RUN   FuzzRlp/359caa2151054a582be7c5f069109b29803be223
=== RUN   FuzzRlp/35e2ead4de6504206656fd059ff22549081648d3
=== RUN   FuzzRlp/367544f74607fc4c4e568d80ae68d5b34ce74156
=== RUN   FuzzRlp/36905c1b610ec126b699472098493a1b601c733b
=== RUN   FuzzRlp/3725725bc1822d99fdd66ae4f49843bc557d9814
=== RUN   FuzzRlp/374811ebdc51a8f2c9f5ddf67b8d915fca0c9dfe
=== RUN   FuzzRlp/37767a4029533c184e2b195130795569dea0174f
=== RUN   FuzzRlp/37fdfeb9e61c87ff43757b2b0a529d61c4c89935
=== RUN   FuzzRlp/38a4950ab599fbff86aa8f55fd306bccd24fc8d4
=== RUN   FuzzRlp/39225949512f06df29bf20f52ac5d7207cdcc98c
=== RUN   FuzzRlp/393a8022923bde52ba1489699e7085b16d231863
=== RUN   FuzzRlp/3a5bd9a31b12c7af559bb795845ad2b294b73644
=== RUN   FuzzRlp/3c39ed8df8d7903491812b13dfd81d988879dab9
=== RUN   FuzzRlp/3d7ac760a2cf23780a9327cdf9f6dbc4a0d7b281
=== RUN   FuzzRlp/40ce51224572c6033e4e84f23742a5c83572b82e
=== RUN   FuzzRlp/41bf0bc2e438fdcf15277b62dc56545c6c3a3ef0
=== RUN   FuzzRlp/41c15705a17eb80a15e5578746e738d29354c7a4
=== RUN   FuzzRlp/4297f1063515a1627172445d1fd95000d3d9eb6e
=== RUN   FuzzRlp/447c5bab0979a486c8db198eec055f0dd7fd9782
=== RUN   FuzzRlp/44ef090c63b9e220df88728507ef603cd46205b1
=== RUN   FuzzRlp/4643db30750657d31d41d95d4204798573285141
=== RUN   FuzzRlp/46de02311a78f6d5920dd49c6618b76e438bbafb
=== RUN   FuzzRlp/491e48a44a1bae0c5be299934bb097b4fd7386fd
=== RUN   FuzzRlp/4a286cc9cef3fbcd696ace31caae7da22f18aacb
=== RUN   FuzzRlp/4a3b1f7609f5b6fd3425a5f273c66506bde4e582
=== RUN   FuzzRlp/4c5efb622ad0e862979cba6361c586108db8ec3c
=== RUN   FuzzRlp/4e77b28505c6592b6d0859ded7e66387f0547662
=== RUN   FuzzRlp/4ecce0098b9ceb7f2da78779a478ae0bd75171d6
=== RUN   FuzzRlp/4f5b7771b469878f716fa226f8935ce654949955
=== RUN   FuzzRlp/529a72c5c8b03d64f51412eb0bbf2707d2a85a3a
=== RUN   FuzzRlp/53477f368c3ed9e7684a4770528a48c3697f71b3
=== RUN   FuzzRlp/53bff597eee9ce510ed2ab2e64c05505b7a9bf25
=== RUN   FuzzRlp/54230c4c6e3c3d0e63e0dbee107057a1ba8d8ace
=== RUN   FuzzRlp/54b3da1f0e371fcfd368e6b5fd2163812d17421d
=== RUN   FuzzRlp/55f1b3b0319ffdd176dea6101014e2681e55f1aa
=== RUN   FuzzRlp/56153f44c2c1016d177a9ba6e4726ba03a01af68
=== RUN   FuzzRlp/56217e388d883f07dc484b6fb5c59d5409215f6c
=== RUN   FuzzRlp/57f938f2ceec71d9d1556f0adf960e6641e555cc
=== RUN   FuzzRlp/589fa6551b5f37371600128b60d96e608defe1f6
=== RUN   FuzzRlp/59d77f81484be4c5262e58824a02bcf54a335ee5
=== RUN   FuzzRlp/59e3fbaf992bc80587fe37ffa6f6a311d3fc9996
=== RUN   FuzzRlp/5a16cdd7e985b280fc7e2903984badf9814280d7
=== RUN   FuzzRlp/5b1a70d62b022762e91542df0d2874a41d3354b6
=== RUN   FuzzRlp/5b2abe5592230de3e09ad851f9e10013a707d5b5
=== RUN   FuzzRlp/5b45420b4cf3e5a2f7f4bfb144ff4ffb92478ff6
=== RUN   FuzzRlp/5c7e94b263b7c6b81c490be18ac27d03568420b8
=== RUN   FuzzRlp/5cfda998b3b0ba2951cd9de8682745ede78e1796
=== RUN   FuzzRlp/5dfdac44fdc5d01316d31612e069e2320c9937a5
=== RUN   FuzzRlp/5e8e1c702e25a75239d2ac9ea9dc788e31b11051
=== RUN   FuzzRlp/5eb5dca6f1779600ca34ffa29c075faa88f79de8
=== RUN   FuzzRlp/5edf5e18db58789626130ec58f1ceae8a6f5599e
=== RUN   FuzzRlp/5fdc25dfb1d449a951cbbfa6313c1e307815e0f8
=== RUN   FuzzRlp/60c7749f1b51101a34ae6e97239765f8ed9a2604
=== RUN   FuzzRlp/6197b3de45c8a8ecb696f707ca45986eb5e01b2a
=== RUN   FuzzRlp/61bf5e4296595a4cd148b3be9b02680614d33150
=== RUN   FuzzRlp/625be0f6bc6f71e2ee0d6ae453b9a42f876f0e29
=== RUN   FuzzRlp/632a92857a82b095f40e8d8fbf48ea44091a5017
=== RUN   FuzzRlp/63ffca00d1b7737f35cfa717bf57e051ef2fca08
=== RUN   FuzzRlp/649eac6ea3d9e2e34137c56b72aeae01e38f0dc5
=== RUN   FuzzRlp/656fda4ed07d742d7d8e5a25816e1d44e3753ca3
=== RUN   FuzzRlp/657f58b818172c7dbd4ff5ccfdcec4ac875d8bb2
=== RUN   FuzzRlp/65a09a906e17cb0881cda91353a23ce034a16e62
=== RUN   FuzzRlp/67616a79d784f045629597ec23a5d97a53244ce2
=== RUN   FuzzRlp/6a74f3c45847b95e55d8206c85f76f8cdea0fa68
=== RUN   FuzzRlp/6a9d432869ac886826ef263040efcdddea8af268
=== RUN   FuzzRlp/6b924eddec6f1d936cc68096bcd648f5a0b50484
=== RUN   FuzzRlp/6c6571a7c1269ec0f6bb1628274205d85d99a8aa
=== RUN   FuzzRlp/6d4bf42a1a0b11c2a810c82b9fdd083487362685
=== RUN   FuzzRlp/6dadc275f618ca8ff9d82e4b436d1f7e3c44cab9
=== RUN   FuzzRlp/6df0697e7493d91916e66092dd30692c9c426e90
=== RUN   FuzzRlp/704dff00488aadb835a8c15a629aca3ff809805d
=== RUN   FuzzRlp/706cf3f87fd9e25df35a3d32ddb3c17138bc5a07
=== RUN   FuzzRlp/711cabb18735949e9c5259fe495e9a13ae02a80e
=== RUN   FuzzRlp/71bd48d70997725e0e13a074607016bebdb6fc0a
=== RUN   FuzzRlp/71ea6295982c55f830dd7017462739bb819b8bab
=== RUN   FuzzRlp/72b9e8013ba10708f36813ba093b4c8a6dcc4362
=== RUN   FuzzRlp/7351ed3499585e901cd593f02f71e8c50e11e918
=== RUN   FuzzRlp/73bbfe7a186cfe8c8a493ee80e0fce47c4e78282
=== RUN   FuzzRlp/743f9772da7c863ebb6613a3364519e2682ce6d8
=== RUN   FuzzRlp/74606cbcae94df492c12cd3660eb302748425a9b
=== RUN   FuzzRlp/74d83eff3b27b465ee6905940e468b2cbe216fa6
=== RUN   FuzzRlp/75567af61716b3f0677e60ca52cea4cced29fd14
=== RUN   FuzzRlp/764214536c896ab132faa93ee7b22e347958c52f
=== RUN   FuzzRlp/76eef0d1d986dfe6c5ab985cf3a38b12dda6690f
=== RUN   FuzzRlp/777a6508427c739e17ea56522822618e860baeaa
=== RUN   FuzzRlp/77bf861e79db529ae3544700efbb314a2834c317
=== RUN   FuzzRlp/7861cfa2156250327b052e7da53aef85eec87eb9
=== RUN   FuzzRlp/7acf4545caa09f481b0c07ca14556d4f225cbc24
=== RUN   FuzzRlp/7d92d3c48920255ba4856e1d07a08a2cd1f6e26c
=== RUN   FuzzRlp/7dbf5e443e1ce10404ef039b599f04671efe583b
=== RUN   FuzzRlp/7e2d242c6633e2868468de32676053af5c9ca0f3
=== RUN   FuzzRlp/7eb819189a99b5f89ca08a67d7937b4b4787d6d0
=== RUN   FuzzRlp/82e35fcc48b876df5b78f1e73a86f6b0feef9464
=== RUN   FuzzRlp/8307a298fdb66737ad0e4c95410c57ca8493c8ff
=== RUN   FuzzRlp/830be37855f27d02b6e11935afd9920c0921e3db
=== RUN   FuzzRlp/8571f0b1ff5b3b329bb6602391fc797a7275fb97
=== RUN   FuzzRlp/85d7fabaa240893e6e880a18dc83bb151ef11596
=== RUN   FuzzRlp/865428f51349ba09fdcc06798f103f987210298e
=== RUN   FuzzRlp/87aaf55fa3ab36b8d8e24c673958507894641499
=== RUN   FuzzRlp/88557d9d8c4b26d172aa7e65d442b64d10dc1150
=== RUN   FuzzRlp/8899cf60419fe4c76d3abf42530f5697e197aba1
=== RUN   FuzzRlp/8a3b0a7e2263dd479dde5b572033b015f89c1c37
=== RUN   FuzzRlp/8a5de668803b42c499bfdc4dd9065120080c902d
=== RUN   FuzzRlp/8c2912ea88d2cd3e29014439ef1253eb6811035f
=== RUN   FuzzRlp/8dad9358bd3d807cd77874b3e9cd7b081d5f5692
=== RUN   FuzzRlp/8db7b93100a2580d5fcd89542f79c27014bc15bb
=== RUN   FuzzRlp/8dcf428bd36c34a263fc9713b84a7341ce7ee348
=== RUN   FuzzRlp/8eca7cac79961645ea886cbc2a9e0ba189f15208
=== RUN   FuzzRlp/8f3739e654fdcafab212b8823e152b1e2e4f7712
=== RUN   FuzzRlp/8f5b3b90add6e0acf6ad76905b3dd11e6689c7af
=== RUN   FuzzRlp/8f95d0c0a2d82dd605cc5cf2ba7fc8063a847286
=== RUN   FuzzRlp/9069ca78e7450a285173431b3e52c5c25299e473
=== RUN   FuzzRlp/910035d7023c65bf47467243e38d272b411055ad
=== RUN   FuzzRlp/95314142c75f8ac10fe9d7f12252aa1cb2dbb869
=== RUN   FuzzRlp/959c9544af63f49d3c3c0843a4711a7602bf2258
=== RUN   FuzzRlp/95b29a4dfe41e088c80ff1d643320dd6386fc177
=== RUN   FuzzRlp/96bf2ac8b00bdf9f782ac927c0ce4837e748ba3e
=== RUN   FuzzRlp/9a2a491b39a6427f1a79a74798bae5521beb3c09
=== RUN   FuzzRlp/9a8cc606fd7dee0b66187ec583bd20cc8c82f739
=== RUN   FuzzRlp/9d847bed3aeb513b3d28281a0c6ec9b170785995
=== RUN   FuzzRlp/9ef5a4a854c25e95a9497d5f1644d8e404a27110
=== RUN   FuzzRlp/9f3170593f4c3c9dfba3312c4a586955058e3867
=== RUN   FuzzRlp/9f4130dc1bc76fad442fb6536fa579cd9297bc9c
=== RUN   FuzzRlp/9f5c568eb39a7b75079147416bc9ebc906261688
=== RUN   FuzzRlp/9fa7938566fea6b86e5088dad0947c3a2da891d5
=== RUN   FuzzRlp/a012d386ec1e7e9a652e840f1f38a07edcd5e9be
=== RUN   FuzzRlp/a098b0a468e482643a063099c51e6c53b6192077
=== RUN   FuzzRlp/a323deaf9bdae1d1a19f5fdd6407a801d4f4c5e3
=== RUN   FuzzRlp/a3c66323b0c9d3e134968394ebc3c8e2d66e547c
=== RUN   FuzzRlp/a4202c66488c961283e02e759dc6793d31433d85
=== RUN   FuzzRlp/a4728348499bba929864cf98444d47cebb5e7c87
=== RUN   FuzzRlp/a4c0231dcce26db2000d19fd2fb5e544c6d36adb
=== RUN   FuzzRlp/a5c9aee94de62aabfcf2ca4c3fa8e05c74177a98
=== RUN   FuzzRlp/a5e440572bf34999369571123f14828b00e4baf5
=== RUN   FuzzRlp/a84d5850cb972cd95c283756c5d12a8820693f66
=== RUN   FuzzRlp/a95a709c7a9c6386bd4212e9e8c87a13128934af
=== RUN   FuzzRlp/a979ef10cc6f6a36df6b8a323307ee3bb2e2db9c
=== RUN   FuzzRlp/aa473f8b0c2baeb911f78e9030481ca3dfb9053a
=== RUN   FuzzRlp/ad50ea21fb71638680191819438c7d7cd07cedbb
=== RUN   FuzzRlp/ade18e95812499157379f70f53fbb9ef777ff268
=== RUN   FuzzRlp/af9e1dc2c277e832c004bdf1a62b8a8184e5e085
=== RUN   FuzzRlp/b0a393922e8655c3aa26f774107773833e10d957
=== RUN   FuzzRlp/b19cb1ac671ad9e9cb4a4454d1e1518b3e9a0169
=== RUN   FuzzRlp/b1bb9df521c694095fea53725ffdadc082f33080
=== RUN   FuzzRlp/b20a4ecd0c058c55b873ac3d2c2ed7c9ae3b85b3
=== RUN   FuzzRlp/b5b3723a7ca58789baeee055c833e6ec72e1d7fa
=== RUN   FuzzRlp/b6b22043f7023d0d9e2b5e866abe000ca36a63fc
=== RUN   FuzzRlp/b6f348d9f2c61e7c826e55063e904b17b3296613
=== RUN   FuzzRlp/b7801a8723b1599823dbc730ee6ef316d7d29bf8
=== RUN   FuzzRlp/b7fd1df50cf5b56c73be434c4e6a0b48bb531419
=== RUN   FuzzRlp/b800913b6205ed91f5acf233189e0b768eac953c
=== RUN   FuzzRlp/b90cbfda54e4bef6089cb50ff8f275cf2242d6b3
=== RUN   FuzzRlp/ba2f9242c4f5c9273b62274262307bbae7a976db
=== RUN   FuzzRlp/beaad9457739086208aff071d29f09ab51c1e622
=== RUN   FuzzRlp/bf110d1ecb9482638a9e8164095ec6ab892a3e50
=== RUN   FuzzRlp/bf5e6b98981ca42938dd6e18d3b87a2504a7f7bc
=== RUN   FuzzRlp/bf9dd3fa858abeb8d707211da114f76164d1885c
=== RUN   FuzzRlp/bfa50749152f8657d019dd20e249ee9e427cc8e8
=== RUN   FuzzRlp/c0195507494dc16035c255de7b9a550b02bb900c
=== RUN   FuzzRlp/c02a5a269889e627a2958d396e0c6ba6faf9b2ff
=== RUN   FuzzRlp/c0558695502c8dcea7487076a946232d905be2df
=== RUN   FuzzRlp/c10d2eced3551314fcf38c48f19c1ddc441448e1
=== RUN   FuzzRlp/c179ca110386bd6a18b9b56edc395e027b1d364e
=== RUN   FuzzRlp/c1ceafebb1f520bb4b874bd84e08831c7feafb5d
=== RUN   FuzzRlp/c21d2345bce535d64f00830e7a8e4d8a247817f9
=== RUN   FuzzRlp/c3854cfceb8ac39f6455b06fa46334938e1e01ba
=== RUN   FuzzRlp/c3f1c6e982c49bd939315120648e89590abfeab8
=== RUN   FuzzRlp/c53c11242b675d4ff41b1c0588fa9fd50b8bc39e
=== RUN   FuzzRlp/c63ac18520fedcfd56514d9d1425973c3d3dd076
=== RUN   FuzzRlp/c643a93636cc7ab03be5567183bec9b61d6686cc
=== RUN   FuzzRlp/c654e0076a6a729a54d493b65d00a3d6dcd5e2f2
=== RUN   FuzzRlp/c6706025b130e383d4939a6b3e35632611b6ee5c
=== RUN   FuzzRlp/c7902800af2cc3ab79d8319fb6a8038c4a7bd932
=== RUN   FuzzRlp/c81dd855c02cebb66ad78d335f898264849c68c3
=== RUN   FuzzRlp/cb89089ee596b3340a3e2fd365615490f1f2022a
=== RUN   FuzzRlp/ccf171ca9cbee680e921af1e9deb0cc72e67a691
=== RUN   FuzzRlp/cd8d7425a7f43297da878d363be862fbb9404a7b
=== RUN   FuzzRlp/cddc95e941bdf109a04113e6702c880d0a9c8a2c
=== RUN   FuzzRlp/ce256b9e1eeba75b6649ddc2a1b08bc976991235
=== RUN   FuzzRlp/ce4f4931d2662e30baab50c35879aa03126b6a01
=== RUN   FuzzRlp/cecf791ff99b4f3ddd47db3c384c2952585451cd
=== RUN   FuzzRlp/d0a4871faac4fd559f0065075b40642532c21ee3
=== RUN   FuzzRlp/d19bfaabfacbfab77a3a0f6cbd203188f91cb2df
=== RUN   FuzzRlp/d417ac259db85c1ebc32274ca2f997e7ce754a22
=== RUN   FuzzRlp/d43425373f1f4e0d1ae9e0cb6512498e773ace02
=== RUN   FuzzRlp/d4cf18c737e63c6a906bb36803170a1d4744e4ef
=== RUN   FuzzRlp/d51e3e02b8da100b21fcbf841658cb5b3302e0f0
=== RUN   FuzzRlp/d55af029a9d1a3ed9db47b65d711b3a250596c42
=== RUN   FuzzRlp/d7880fdc782a7387766c5f516344f5baf55cc6c9
=== RUN   FuzzRlp/d86639420e7f9096421a45e46b933febcbc53907
=== RUN   FuzzRlp/d8e6a7e2fc463977866d4e5af9b73fd88dbf37c3
=== RUN   FuzzRlp/d9ae215d03793a7098e9861f7b7946f79c81804d
=== RUN   FuzzRlp/da66180699cf86a08be25d9bf73d22d048382d17
=== RUN   FuzzRlp/dac3f34a04d28f8ae4f9a99c3be7dbafd17078f5
=== RUN   FuzzRlp/dae13db19583e7c781ab44326b15e2919b567681
=== RUN   FuzzRlp/db491030416878e38ed8549a9207dfc2c9241e91
=== RUN   FuzzRlp/db60a915a82f23ccc8313ad880f8366af8cecb01
=== RUN   FuzzRlp/db8ae534e02ee526824aff4897b9160690823a8f
=== RUN   FuzzRlp/dbb2098759328c5c352218d98cff504c6c1b317f
=== RUN   FuzzRlp/dbe95e0ec9f222eb9c24c8adc90176583cec72bc
=== RUN   FuzzRlp/dcd5608daaedfc82fd49d08c3d0b46638457f78e
=== RUN   FuzzRlp/de7420a61d055ce1294e8267a4d893098f4de254
=== RUN   FuzzRlp/de7ea0c7d15169761474c046ea5e3829b4d11b91
=== RUN   FuzzRlp/df26fcaa4951f4809302e661c879ebcda5574643
=== RUN   FuzzRlp/df94a4c26ff72995aca8cee8a4d9cd0504ce9b15
=== RUN   FuzzRlp/dfe7947972811efa9599f1f19b85720601cded14
=== RUN   FuzzRlp/e0045842ade67e74ec9120197c3803edfe1552d1
=== RUN   FuzzRlp/e106f4a332251bddcf976ea797fc1d75a8a7c6bf
=== RUN   FuzzRlp/e187b6db150700579643c053377a8cb81adb3f46
=== RUN   FuzzRlp/e203aaae0707d253a171ffa89954c2979f8a3598
=== RUN   FuzzRlp/e27615190849320d89f13badda47031683109fe6
=== RUN   FuzzRlp/e3debb69142e64be9e983d4313ae68963df154cd
=== RUN   FuzzRlp/e4b360f89f06d949946f1589f5d19f0f469f839f
=== RUN   FuzzRlp/e50e51e5bebe253bc6c19953a7075b57062e696a
=== RUN   FuzzRlp/e68abea05ba9ef1bd4be44551850cb12fe8d1aad
=== RUN   FuzzRlp/e7dc76019817a6589bf92097a4e77f12ca90645a
=== RUN   FuzzRlp/e90513782241ea20fce3c78ba6aa0da20d73296d
=== RUN   FuzzRlp/e98bb2512eff4539cd835ae37177bcd4e912c3e0
=== RUN   FuzzRlp/ea487ad221d3355366ed66f118c614b1ad0b6720
=== RUN   FuzzRlp/eb8325e7bb5c13fa12af543996114c8ff2e995c4
=== RUN   FuzzRlp/eb8a5098fcfcdc0a00d1266f214746b11be4d84e
=== RUN   FuzzRlp/ebc4da43d1db75aa6e273ee0d6f41a975e9e4226
=== RUN   FuzzRlp/eca3f0603ddbffe215e8bdcefa66f148705190ff
=== RUN   FuzzRlp/ee4c2d2994057a43ecb0dc9df3a4e9b07016eced
=== RUN   FuzzRlp/ef5a67af540679941f0ffdfc5720733ed9d888c7
=== RUN   FuzzRlp/efcaec436ae12e882cb28241c650a527cb44500b
=== RUN   FuzzRlp/f052495ffbd3863697b1b446faa8bcc2d76f3ae9
=== RUN   FuzzRlp/f0533ffe2f99aa5280d5465a0f171c071b69fb9c
=== RUN   FuzzRlp/f0a0b6fdb8afbc221116f3a6704014e376100987
=== RUN   FuzzRlp/f0ba5acf450fe938eaefeec4573199e6a515349f
=== RUN   FuzzRlp/f0d5f6e120f5cbab546a902393b30f059b6a49b4
=== RUN   FuzzRlp/f152cb527ee1f9e2243817298003f417067b96fd
=== RUN   FuzzRlp/f155f4705c68a30f6738ee63283dbf86717cf5eb
=== RUN   FuzzRlp/f38a3fef3f971a70226fa9604ba06633de03537d
=== RUN   FuzzRlp/f3eca2af37d687c48157735419a6f021d2f05b5a
=== RUN   FuzzRlp/f40b2a646ebb9216d4af96309964962d084311ff
=== RUN   FuzzRlp/f4514894956cc6d8aa08398aec3de0a22cbca023
=== RUN   FuzzRlp/f4b2dd174842141cbd96f8cd5c5227401f729b32
=== RUN   FuzzRlp/f7226573c5361552088631b9f90591e9714c73b9
=== RUN   FuzzRlp/f744349ab8bb3aad58588ade64ac61cfbc9bcb9f
=== RUN   FuzzRlp/f89417bc5eb6c6ef4c2ee012a1ce0317a328f074
=== RUN   FuzzRlp/f992da53bfd4d3d56b9b6737b08b6dc70ffd8e05
=== RUN   FuzzRlp/fb2336196d29dad9d01dbf797ea9cc4d68a6e5a4
=== RUN   FuzzRlp/fbf594905249a508a260f9a1622915b2e3b0bcd2
=== RUN   FuzzRlp/fc792932fc08439c0ac51d6f5f1ec70eb744ad70
=== RUN   FuzzRlp/fca9120036856b6911ba0446e920ce755ac95a4d
=== RUN   FuzzRlp/fcf11c328f712e53a290b353090390f62dd8909f
=== RUN   FuzzRlp/fd0d95c37cd5fcb365e6acd28b91302ee9e2fc99
=== RUN   FuzzRlp/fdb304b4ca663beb3ec0f4226f86afee693b7f2d
=== RUN   FuzzRlp/ff292f9a26c288c5422ba38cddea09b80f154cd2
=== RUN   FuzzRlp/ff5c8949533972ad7a82ff8584d3e39af301fe89
--- PASS: FuzzRlp (0.02s)
    --- PASS: FuzzRlp/0027d106e4e39868809092bc0432dab36e7e97a3 (0.00s)
    --- PASS: FuzzRlp/006bef3473252db4075af93c28422cba28081806 (0.00s)
    --- PASS: FuzzRlp/00f0a1e5bcc9e63a74e8d29eb91aed3ba31b17e0 (0.00s)
    --- PASS: FuzzRlp/020601dcc3cb39e306917d195b09633141bae478 (0.00s)
    --- PASS: FuzzRlp/03903657777b81905186a80f47b275dae45e0ffd (0.00s)
    --- PASS: FuzzRlp/03f0ece0dc4b3b6de8ee1c682060d69e16d3f00c (0.00s)
    --- PASS: FuzzRlp/04c5bd9ca1040d4087eeeecd72717b17b5544029 (0.00s)
    --- PASS: FuzzRlp/04f358c896e703ffeabb5185635a9439d6ecd2f0 (0.00s)
    --- PASS: FuzzRlp/04f8ccab2175ceac547547dd6b24beae14d6087c (0.00s)
    --- PASS: FuzzRlp/0536e0a165017eaeee4d24bfee38244d8f2ed50b (0.00s)
    --- PASS: FuzzRlp/059520e53356d747b1404639405e8a159c6a8706 (0.00s)
    --- PASS: FuzzRlp/075bf6749f1a7b62a7b6d795fe96042856ac25a1 (0.00s)
    --- PASS: FuzzRlp/079566dc2d287f8c33773552132024312fd65ed6 (0.00s)
    --- PASS: FuzzRlp/08bba2a6481c405e9a03289b1743f40857c90a54 (0.00s)
    --- PASS: FuzzRlp/08f01147a3c3e346c3bcbe87a5bd2e05c0e0657e (0.00s)
    --- PASS: FuzzRlp/094f8321b9ab09af333e5b23ed1d85ceb38e0dc5 (0.00s)
    --- PASS: FuzzRlp/0a0b9aad1a17cc7c29033b1e3e7dda70ce9a0e30 (0.00s)
    --- PASS: FuzzRlp/0a32ba2b2439ad3b33efec276d0220629a26db33 (0.00s)
    --- PASS: FuzzRlp/0bac35fcca618e9c0d3b294f1878305eff8badef (0.00s)
    --- PASS: FuzzRlp/0be677dea86e933b972f8b3ff1e83fc7dd213834 (0.00s)
    --- PASS: FuzzRlp/0c473685dcce31881cafcca06cebce51456a2f82 (0.00s)
    --- PASS: FuzzRlp/0c4d5706332809ebc00438e2d616a34062d5cc34 (0.00s)
    --- PASS: FuzzRlp/0c9f0b5579a3cf82d7bedb9721a05be7f0c6d3ec (0.00s)
    --- PASS: FuzzRlp/0d10be892bf0d186bab9cc38623198c05890440d (0.00s)
    --- PASS: FuzzRlp/0d9668983690ff4a0b2e34fdd7094bbcb5c43bb5 (0.00s)
    --- PASS: FuzzRlp/0f4912550bc592fc8b505c4e9d50e45a48b27b48 (0.00s)
    --- PASS: FuzzRlp/10cf65012788cb8c9b53619a02dc5ca177ca3ea9 (0.00s)
    --- PASS: FuzzRlp/115aa323ba4a8b78e66d9dac5f2a7a4d6a2129ed (0.00s)
    --- PASS: FuzzRlp/124ccd69b23e36de9ee6a4e3d4a4f089eb76f5fb (0.00s)
    --- PASS: FuzzRlp/126b13b2c7a8bdca42bc1a46fc300bae11356872 (0.00s)
    --- PASS: FuzzRlp/13264f5811e99a122de22bf80af8f7b37e529c33 (0.00s)
    --- PASS: FuzzRlp/13929ba778975a61020204d3324c85b57e9de5a7 (0.00s)
    --- PASS: FuzzRlp/139bfaa54da00eb6a4eee4691b9b3926a8be7857 (0.00s)
    --- PASS: FuzzRlp/13e025b30facf5f2d63c8e87539808b21362c8a3 (0.00s)
    --- PASS: FuzzRlp/17484d6e77b880338429875874eec4323431229d (0.00s)
    --- PASS: FuzzRlp/1797626e53cdcabe4b9c03ae13a1c9c348c45ece (0.00s)
    --- PASS: FuzzRlp/18fa4d7ab464491efe23bca7efd4d4efcb4e9a5a (0.00s)
    --- PASS: FuzzRlp/197606a058f9fba3b3d6cdb8af8d984b73216255 (0.00s)
    --- PASS: FuzzRlp/19fd30b26bff54121892a59c622e8c0aa073f238 (0.00s)
    --- PASS: FuzzRlp/1a0e90a49b2fdd7aaf28eb5fe137bceec774278b (0.00s)
    --- PASS: FuzzRlp/1adf6609936082e62a41bfe4ded1a9455008ec1e (0.00s)
    --- PASS: FuzzRlp/1b17c836121f0d79fd6307db6154d6776a0e709e (0.00s)
    --- PASS: FuzzRlp/1bb08be0548655c46aa2d681ed7a41c2fdf1b5b1 (0.00s)
    --- PASS: FuzzRlp/1c54c9ab7a806155992f7da7883d6345b7a5c0f4 (0.00s)
    --- PASS: FuzzRlp/1ea9debeba9db4499138f95bb2a4fa8eb49a1cf6 (0.00s)
    --- PASS: FuzzRlp/1ed1a1fb5d0f1776d5544254e4a4a2ddeaf49371 (0.00s)
    --- PASS: FuzzRlp/1fcd488cbf92dd0e1e8d6e7ec65a6e58408e0e44 (0.00s)
    --- PASS: FuzzRlp/21a413b4aeb3aa2182e5ab93330ba9e7240e4b47 (0.00s)
    --- PASS: FuzzRlp/22d89bf1f1019c615dbc76a478ae7013706cb210 (0.00s)
    --- PASS: FuzzRlp/233dc89df8eb0466369c1fa4949f77da027b9e44 (0.00s)
    --- PASS: FuzzRlp/2445e8671bb10c18d3338ef0705acdbe3c247469 (0.00s)
    --- PASS: FuzzRlp/24d0427e504481c0b6f2e2516e52991749065888 (0.00s)
    --- PASS: FuzzRlp/253d44c6d4204680a62ae8c3e345a9616a4256c1 (0.00s)
    --- PASS: FuzzRlp/2558e15062b204a500bad5a12f59b6548276b35a (0.00s)
    --- PASS: FuzzRlp/256a14e17e0899706dd206df4a2e440efb4fc136 (0.00s)
    --- PASS: FuzzRlp/26613ebf4e098aec0ee6502d68404a26deefbdd8 (0.00s)
    --- PASS: FuzzRlp/28f5b241063fadd0d175cb28a32f7ec5b8cd8a9c (0.00s)
    --- PASS: FuzzRlp/295f39531b854e384aeda5044dee773d9186b595 (0.00s)
    --- PASS: FuzzRlp/29b1d1501486a77e50a6437b3feb442accdeceaf (0.00s)
    --- PASS: FuzzRlp/2b7f277e0e8b9c9aa56c05c39004e8e09247b05e (0.00s)
    --- PASS: FuzzRlp/2d6fec097f07359c2f2ca59490d7a3dcb52f5e24 (0.00s)
    --- PASS: FuzzRlp/2e086cc73ab1c1e92759cf093d988a93f276bd9b (0.00s)
    --- PASS: FuzzRlp/2e14a5071afbe9517406c4ed2f44b8bbeab72d78 (0.00s)
    --- PASS: FuzzRlp/2e1d49b92be0cb6c8961dfc7e2886f3951cc3e44 (0.00s)
    --- PASS: FuzzRlp/2fec111120ad578cf095cd1fd4a4c24f726ce9c9 (0.00s)
    --- PASS: FuzzRlp/2ff4903593d88ab973ed0034bcf1fa743b63a187 (0.00s)
    --- PASS: FuzzRlp/322cc4a8f9a0c93af73e430d505a8cd13a568b00 (0.00s)
    --- PASS: FuzzRlp/32d7a23b6f074fb73771c162557615a047d8f370 (0.00s)
    --- PASS: FuzzRlp/33942254db5a593f6c9e02b4e5102cc4ddff5581 (0.00s)
    --- PASS: FuzzRlp/359caa2151054a582be7c5f069109b29803be223 (0.00s)
    --- PASS: FuzzRlp/35e2ead4de6504206656fd059ff22549081648d3 (0.00s)
    --- PASS: FuzzRlp/367544f74607fc4c4e568d80ae68d5b34ce74156 (0.00s)
    --- PASS: FuzzRlp/36905c1b610ec126b699472098493a1b601c733b (0.00s)
    --- PASS: FuzzRlp/3725725bc1822d99fdd66ae4f49843bc557d9814 (0.00s)
    --- PASS: FuzzRlp/374811ebdc51a8f2c9f5ddf67b8d915fca0c9dfe (0.00s)
    --- PASS: FuzzRlp/37767a4029533c184e2b195130795569dea0174f (0.00s)
    --- PASS: FuzzRlp/37fdfeb9e61c87ff43757b2b0a529d61c4c89935 (0.00s)
    --- PASS: FuzzRlp/38a4950ab599fbff86aa8f55fd306bccd24fc8d4 (0.00s)
    --- PASS: FuzzRlp/39225949512f06df29bf20f52ac5d7207cdcc98c (0.00s)
    --- PASS: FuzzRlp/393a8022923bde52ba1489699e7085b16d231863 (0.00s)
    --- PASS: FuzzRlp/3a5bd9a31b12c7af559bb795845ad2b294b73644 (0.00s)
    --- PASS: FuzzRlp/3c39ed8df8d7903491812b13dfd81d988879dab9 (0.00s)
    --- PASS: FuzzRlp/3d7ac760a2cf23780a9327cdf9f6dbc4a0d7b281 (0.00s)
    --- PASS: FuzzRlp/40ce51224572c6033e4e84f23742a5c83572b82e (0.00s)
    --- PASS: FuzzRlp/41bf0bc2e438fdcf15277b62dc56545c6c3a3ef0 (0.00s)
    --- PASS: FuzzRlp/41c15705a17eb80a15e5578746e738d29354c7a4 (0.00s)
    --- PASS: FuzzRlp/4297f1063515a1627172445d1fd95000d3d9eb6e (0.00s)
    --- PASS: FuzzRlp/447c5bab0979a486c8db198eec055f0dd7fd9782 (0.00s)
    --- PASS: FuzzRlp/44ef090c63b9e220df88728507ef603cd46205b1 (0.00s)
    --- PASS: FuzzRlp/4643db30750657d31d41d95d4204798573285141 (0.00s)
    --- PASS: FuzzRlp/46de02311a78f6d5920dd49c6618b76e438bbafb (0.00s)
    --- PASS: FuzzRlp/491e48a44a1bae0c5be299934bb097b4fd7386fd (0.00s)
    --- PASS: FuzzRlp/4a286cc9cef3fbcd696ace31caae7da22f18aacb (0.00s)
    --- PASS: FuzzRlp/4a3b1f7609f5b6fd3425a5f273c66506bde4e582 (0.00s)
    --- PASS: FuzzRlp/4c5efb622ad0e862979cba6361c586108db8ec3c (0.00s)
    --- PASS: FuzzRlp/4e77b28505c6592b6d0859ded7e66387f0547662 (0.00s)
    --- PASS: FuzzRlp/4ecce0098b9ceb7f2da78779a478ae0bd75171d6 (0.00s)
    --- PASS: FuzzRlp/4f5b7771b469878f716fa226f8935ce654949955 (0.00s)
    --- PASS: FuzzRlp/529a72c5c8b03d64f51412eb0bbf2707d2a85a3a (0.00s)
    --- PASS: FuzzRlp/53477f368c3ed9e7684a4770528a48c3697f71b3 (0.00s)
    --- PASS: FuzzRlp/53bff597eee9ce510ed2ab2e64c05505b7a9bf25 (0.00s)
    --- PASS: FuzzRlp/54230c4c6e3c3d0e63e0dbee107057a1ba8d8ace (0.00s)
    --- PASS: FuzzRlp/54b3da1f0e371fcfd368e6b5fd2163812d17421d (0.00s)
    --- PASS: FuzzRlp/55f1b3b0319ffdd176dea6101014e2681e55f1aa (0.00s)
    --- PASS: FuzzRlp/56153f44c2c1016d177a9ba6e4726ba03a01af68 (0.00s)
    --- PASS: FuzzRlp/56217e388d883f07dc484b6fb5c59d5409215f6c (0.00s)
    --- PASS: FuzzRlp/57f938f2ceec71d9d1556f0adf960e6641e555cc (0.00s)
    --- PASS: FuzzRlp/589fa6551b5f37371600128b60d96e608defe1f6 (0.00s)
    --- PASS: FuzzRlp/59d77f81484be4c5262e58824a02bcf54a335ee5 (0.00s)
    --- PASS: FuzzRlp/59e3fbaf992bc80587fe37ffa6f6a311d3fc9996 (0.00s)
    --- PASS: FuzzRlp/5a16cdd7e985b280fc7e2903984badf9814280d7 (0.00s)
    --- PASS: FuzzRlp/5b1a70d62b022762e91542df0d2874a41d3354b6 (0.00s)
    --- PASS: FuzzRlp/5b2abe5592230de3e09ad851f9e10013a707d5b5 (0.00s)
    --- PASS: FuzzRlp/5b45420b4cf3e5a2f7f4bfb144ff4ffb92478ff6 (0.00s)
    --- PASS: FuzzRlp/5c7e94b263b7c6b81c490be18ac27d03568420b8 (0.00s)
    --- PASS: FuzzRlp/5cfda998b3b0ba2951cd9de8682745ede78e1796 (0.00s)
    --- PASS: FuzzRlp/5dfdac44fdc5d01316d31612e069e2320c9937a5 (0.00s)
    --- PASS: FuzzRlp/5e8e1c702e25a75239d2ac9ea9dc788e31b11051 (0.00s)
    --- PASS: FuzzRlp/5eb5dca6f1779600ca34ffa29c075faa88f79de8 (0.00s)
    --- PASS: FuzzRlp/5edf5e18db58789626130ec58f1ceae8a6f5599e (0.00s)
    --- PASS: FuzzRlp/5fdc25dfb1d449a951cbbfa6313c1e307815e0f8 (0.00s)
    --- PASS: FuzzRlp/60c7749f1b51101a34ae6e97239765f8ed9a2604 (0.00s)
    --- PASS: FuzzRlp/6197b3de45c8a8ecb696f707ca45986eb5e01b2a (0.00s)
    --- PASS: FuzzRlp/61bf5e4296595a4cd148b3be9b02680614d33150 (0.00s)
    --- PASS: FuzzRlp/625be0f6bc6f71e2ee0d6ae453b9a42f876f0e29 (0.00s)
    --- PASS: FuzzRlp/632a92857a82b095f40e8d8fbf48ea44091a5017 (0.00s)
    --- PASS: FuzzRlp/63ffca00d1b7737f35cfa717bf57e051ef2fca08 (0.00s)
    --- PASS: FuzzRlp/649eac6ea3d9e2e34137c56b72aeae01e38f0dc5 (0.00s)
    --- PASS: FuzzRlp/656fda4ed07d742d7d8e5a25816e1d44e3753ca3 (0.00s)
    --- PASS: FuzzRlp/657f58b818172c7dbd4ff5ccfdcec4ac875d8bb2 (0.00s)
    --- PASS: FuzzRlp/65a09a906e17cb0881cda91353a23ce034a16e62 (0.00s)
    --- PASS: FuzzRlp/67616a79d784f045629597ec23a5d97a53244ce2 (0.00s)
    --- PASS: FuzzRlp/6a74f3c45847b95e55d8206c85f76f8cdea0fa68 (0.00s)
    --- PASS: FuzzRlp/6a9d432869ac886826ef263040efcdddea8af268 (0.00s)
    --- PASS: FuzzRlp/6b924eddec6f1d936cc68096bcd648f5a0b50484 (0.00s)
    --- PASS: FuzzRlp/6c6571a7c1269ec0f6bb1628274205d85d99a8aa (0.00s)
    --- PASS: FuzzRlp/6d4bf42a1a0b11c2a810c82b9fdd083487362685 (0.00s)
    --- PASS: FuzzRlp/6dadc275f618ca8ff9d82e4b436d1f7e3c44cab9 (0.00s)
    --- PASS: FuzzRlp/6df0697e7493d91916e66092dd30692c9c426e90 (0.00s)
    --- PASS: FuzzRlp/704dff00488aadb835a8c15a629aca3ff809805d (0.00s)
    --- PASS: FuzzRlp/706cf3f87fd9e25df35a3d32ddb3c17138bc5a07 (0.00s)
    --- PASS: FuzzRlp/711cabb18735949e9c5259fe495e9a13ae02a80e (0.00s)
    --- PASS: FuzzRlp/71bd48d70997725e0e13a074607016bebdb6fc0a (0.00s)
    --- PASS: FuzzRlp/71ea6295982c55f830dd7017462739bb819b8bab (0.00s)
    --- PASS: FuzzRlp/72b9e8013ba10708f36813ba093b4c8a6dcc4362 (0.00s)
    --- PASS: FuzzRlp/7351ed3499585e901cd593f02f71e8c50e11e918 (0.00s)
    --- PASS: FuzzRlp/73bbfe7a186cfe8c8a493ee80e0fce47c4e78282 (0.00s)
    --- PASS: FuzzRlp/743f9772da7c863ebb6613a3364519e2682ce6d8 (0.00s)
    --- PASS: FuzzRlp/74606cbcae94df492c12cd3660eb302748425a9b (0.00s)
    --- PASS: FuzzRlp/74d83eff3b27b465ee6905940e468b2cbe216fa6 (0.00s)
    --- PASS: FuzzRlp/75567af61716b3f0677e60ca52cea4cced29fd14 (0.00s)
    --- PASS: FuzzRlp/764214536c896ab132faa93ee7b22e347958c52f (0.00s)
    --- PASS: FuzzRlp/76eef0d1d986dfe6c5ab985cf3a38b12dda6690f (0.00s)
    --- PASS: FuzzRlp/777a6508427c739e17ea56522822618e860baeaa (0.00s)
    --- PASS: FuzzRlp/77bf861e79db529ae3544700efbb314a2834c317 (0.00s)
    --- PASS: FuzzRlp/7861cfa2156250327b052e7da53aef85eec87eb9 (0.00s)
    --- PASS: FuzzRlp/7acf4545caa09f481b0c07ca14556d4f225cbc24 (0.00s)
    --- PASS: FuzzRlp/7d92d3c48920255ba4856e1d07a08a2cd1f6e26c (0.00s)
    --- PASS: FuzzRlp/7dbf5e443e1ce10404ef039b599f04671efe583b (0.00s)
    --- PASS: FuzzRlp/7e2d242c6633e2868468de32676053af5c9ca0f3 (0.00s)
    --- PASS: FuzzRlp/7eb819189a99b5f89ca08a67d7937b4b4787d6d0 (0.00s)
    --- PASS: FuzzRlp/82e35fcc48b876df5b78f1e73a86f6b0feef9464 (0.00s)
    --- PASS: FuzzRlp/8307a298fdb66737ad0e4c95410c57ca8493c8ff (0.00s)
    --- PASS: FuzzRlp/830be37855f27d02b6e11935afd9920c0921e3db (0.00s)
    --- PASS: FuzzRlp/8571f0b1ff5b3b329bb6602391fc797a7275fb97 (0.00s)
    --- PASS: FuzzRlp/85d7fabaa240893e6e880a18dc83bb151ef11596 (0.00s)
    --- PASS: FuzzRlp/865428f51349ba09fdcc06798f103f987210298e (0.00s)
    --- PASS: FuzzRlp/87aaf55fa3ab36b8d8e24c673958507894641499 (0.00s)
    --- PASS: FuzzRlp/88557d9d8c4b26d172aa7e65d442b64d10dc1150 (0.00s)
    --- PASS: FuzzRlp/8899cf60419fe4c76d3abf42530f5697e197aba1 (0.00s)
    --- PASS: FuzzRlp/8a3b0a7e2263dd479dde5b572033b015f89c1c37 (0.00s)
    --- PASS: FuzzRlp/8a5de668803b42c499bfdc4dd9065120080c902d (0.00s)
    --- PASS: FuzzRlp/8c2912ea88d2cd3e29014439ef1253eb6811035f (0.00s)
    --- PASS: FuzzRlp/8dad9358bd3d807cd77874b3e9cd7b081d5f5692 (0.00s)
    --- PASS: FuzzRlp/8db7b93100a2580d5fcd89542f79c27014bc15bb (0.00s)
    --- PASS: FuzzRlp/8dcf428bd36c34a263fc9713b84a7341ce7ee348 (0.00s)
    --- PASS: FuzzRlp/8eca7cac79961645ea886cbc2a9e0ba189f15208 (0.00s)
    --- PASS: FuzzRlp/8f3739e654fdcafab212b8823e152b1e2e4f7712 (0.00s)
    --- PASS: FuzzRlp/8f5b3b90add6e0acf6ad76905b3dd11e6689c7af (0.00s)
    --- PASS: FuzzRlp/8f95d0c0a2d82dd605cc5cf2ba7fc8063a847286 (0.00s)
    --- PASS: FuzzRlp/9069ca78e7450a285173431b3e52c5c25299e473 (0.00s)
    --- PASS: FuzzRlp/910035d7023c65bf47467243e38d272b411055ad (0.00s)
    --- PASS: FuzzRlp/95314142c75f8ac10fe9d7f12252aa1cb2dbb869 (0.00s)
    --- PASS: FuzzRlp/959c9544af63f49d3c3c0843a4711a7602bf2258 (0.00s)
    --- PASS: FuzzRlp/95b29a4dfe41e088c80ff1d643320dd6386fc177 (0.00s)
    --- PASS: FuzzRlp/96bf2ac8b00bdf9f782ac927c0ce4837e748ba3e (0.00s)
    --- PASS: FuzzRlp/9a2a491b39a6427f1a79a74798bae5521beb3c09 (0.00s)
    --- PASS: FuzzRlp/9a8cc606fd7dee0b66187ec583bd20cc8c82f739 (0.00s)
    --- PASS: FuzzRlp/9d847bed3aeb513b3d28281a0c6ec9b170785995 (0.00s)
    --- PASS: FuzzRlp/9ef5a4a854c25e95a9497d5f1644d8e404a27110 (0.00s)
    --- PASS: FuzzRlp/9f3170593f4c3c9dfba3312c4a586955058e3867 (0.00s)
    --- PASS: FuzzRlp/9f4130dc1bc76fad442fb6536fa579cd9297bc9c (0.00s)
    --- PASS: FuzzRlp/9f5c568eb39a7b75079147416bc9ebc906261688 (0.00s)
    --- PASS: FuzzRlp/9fa7938566fea6b86e5088dad0947c3a2da891d5 (0.00s)
    --- PASS: FuzzRlp/a012d386ec1e7e9a652e840f1f38a07edcd5e9be (0.00s)
    --- PASS: FuzzRlp/a098b0a468e482643a063099c51e6c53b6192077 (0.00s)
    --- PASS: FuzzRlp/a323deaf9bdae1d1a19f5fdd6407a801d4f4c5e3 (0.00s)
    --- PASS: FuzzRlp/a3c66323b0c9d3e134968394ebc3c8e2d66e547c (0.00s)
    --- PASS: FuzzRlp/a4202c66488c961283e02e759dc6793d31433d85 (0.00s)
    --- PASS: FuzzRlp/a4728348499bba929864cf98444d47cebb5e7c87 (0.00s)
    --- PASS: FuzzRlp/a4c0231dcce26db2000d19fd2fb5e544c6d36adb (0.00s)
    --- PASS: FuzzRlp/a5c9aee94de62aabfcf2ca4c3fa8e05c74177a98 (0.00s)
    --- PASS: FuzzRlp/a5e440572bf34999369571123f14828b00e4baf5 (0.00s)
    --- PASS: FuzzRlp/a84d5850cb972cd95c283756c5d12a8820693f66 (0.00s)
    --- PASS: FuzzRlp/a95a709c7a9c6386bd4212e9e8c87a13128934af (0.00s)
    --- PASS: FuzzRlp/a979ef10cc6f6a36df6b8a323307ee3bb2e2db9c (0.00s)
    --- PASS: FuzzRlp/aa473f8b0c2baeb911f78e9030481ca3dfb9053a (0.00s)
    --- PASS: FuzzRlp/ad50ea21fb71638680191819438c7d7cd07cedbb (0.00s)
    --- PASS: FuzzRlp/ade18e95812499157379f70f53fbb9ef777ff268 (0.00s)
    --- PASS: FuzzRlp/af9e1dc2c277e832c004bdf1a62b8a8184e5e085 (0.00s)
    --- PASS: FuzzRlp/b0a393922e8655c3aa26f774107773833e10d957 (0.00s)
    --- PASS: FuzzRlp/b19cb1ac671ad9e9cb4a4454d1e1518b3e9a0169 (0.00s)
    --- PASS: FuzzRlp/b1bb9df521c694095fea53725ffdadc082f33080 (0.00s)
    --- PASS: FuzzRlp/b20a4ecd0c058c55b873ac3d2c2ed7c9ae3b85b3 (0.00s)
    --- PASS: FuzzRlp/b5b3723a7ca58789baeee055c833e6ec72e1d7fa (0.00s)
    --- PASS: FuzzRlp/b6b22043f7023d0d9e2b5e866abe000ca36a63fc (0.00s)
    --- PASS: FuzzRlp/b6f348d9f2c61e7c826e55063e904b17b3296613 (0.00s)
    --- PASS: FuzzRlp/b7801a8723b1599823dbc730ee6ef316d7d29bf8 (0.00s)
    --- PASS: FuzzRlp/b7fd1df50cf5b56c73be434c4e6a0b48bb531419 (0.00s)
    --- PASS: FuzzRlp/b800913b6205ed91f5acf233189e0b768eac953c (0.00s)
    --- PASS: FuzzRlp/b90cbfda54e4bef6089cb50ff8f275cf2242d6b3 (0.00s)
    --- PASS: FuzzRlp/ba2f9242c4f5c9273b62274262307bbae7a976db (0.00s)
    --- PASS: FuzzRlp/beaad9457739086208aff071d29f09ab51c1e622 (0.00s)
    --- PASS: FuzzRlp/bf110d1ecb9482638a9e8164095ec6ab892a3e50 (0.00s)
    --- PASS: FuzzRlp/bf5e6b98981ca42938dd6e18d3b87a2504a7f7bc (0.00s)
    --- PASS: FuzzRlp/bf9dd3fa858abeb8d707211da114f76164d1885c (0.00s)
    --- PASS: FuzzRlp/bfa50749152f8657d019dd20e249ee9e427cc8e8 (0.00s)
    --- PASS: FuzzRlp/c0195507494dc16035c255de7b9a550b02bb900c (0.00s)
    --- PASS: FuzzRlp/c02a5a269889e627a2958d396e0c6ba6faf9b2ff (0.00s)
    --- PASS: FuzzRlp/c0558695502c8dcea7487076a946232d905be2df (0.00s)
    --- PASS: FuzzRlp/c10d2eced3551314fcf38c48f19c1ddc441448e1 (0.00s)
    --- PASS: FuzzRlp/c179ca110386bd6a18b9b56edc395e027b1d364e (0.00s)
    --- PASS: FuzzRlp/c1ceafebb1f520bb4b874bd84e08831c7feafb5d (0.00s)
    --- PASS: FuzzRlp/c21d2345bce535d64f00830e7a8e4d8a247817f9 (0.00s)
    --- PASS: FuzzRlp/c3854cfceb8ac39f6455b06fa46334938e1e01ba (0.00s)
    --- PASS: FuzzRlp/c3f1c6e982c49bd939315120648e89590abfeab8 (0.00s)
    --- PASS: FuzzRlp/c53c11242b675d4ff41b1c0588fa9fd50b8bc39e (0.00s)
    --- PASS: FuzzRlp/c63ac18520fedcfd56514d9d1425973c3d3dd076 (0.00s)
    --- PASS: FuzzRlp/c643a93636cc7ab03be5567183bec9b61d6686cc (0.00s)
    --- PASS: FuzzRlp/c654e0076a6a729a54d493b65d00a3d6dcd5e2f2 (0.00s)
    --- PASS: FuzzRlp/c6706025b130e383d4939a6b3e35632611b6ee5c (0.00s)
    --- PASS: FuzzRlp/c7902800af2cc3ab79d8319fb6a8038c4a7bd932 (0.00s)
    --- PASS: FuzzRlp/c81dd855c02cebb66ad78d335f898264849c68c3 (0.00s)
    --- PASS: FuzzRlp/cb89089ee596b3340a3e2fd365615490f1f2022a (0.00s)
    --- PASS: FuzzRlp/ccf171ca9cbee680e921af1e9deb0cc72e67a691 (0.00s)
    --- PASS: FuzzRlp/cd8d7425a7f43297da878d363be862fbb9404a7b (0.00s)
    --- PASS: FuzzRlp/cddc95e941bdf109a04113e6702c880d0a9c8a2c (0.00s)
    --- PASS: FuzzRlp/ce256b9e1eeba75b6649ddc2a1b08bc976991235 (0.00s)
    --- PASS: FuzzRlp/ce4f4931d2662e30baab50c35879aa03126b6a01 (0.00s)
    --- PASS: FuzzRlp/cecf791ff99b4f3ddd47db3c384c2952585451cd (0.00s)
    --- PASS: FuzzRlp/d0a4871faac4fd559f0065075b40642532c21ee3 (0.00s)
    --- PASS: FuzzRlp/d19bfaabfacbfab77a3a0f6cbd203188f91cb2df (0.00s)
    --- PASS: FuzzRlp/d417ac259db85c1ebc32274ca2f997e7ce754a22 (0.00s)
    --- PASS: FuzzRlp/d43425373f1f4e0d1ae9e0cb6512498e773ace02 (0.00s)
    --- PASS: FuzzRlp/d4cf18c737e63c6a906bb36803170a1d4744e4ef (0.00s)
    --- PASS: FuzzRlp/d51e3e02b8da100b21fcbf841658cb5b3302e0f0 (0.00s)
    --- PASS: FuzzRlp/d55af029a9d1a3ed9db47b65d711b3a250596c42 (0.00s)
    --- PASS: FuzzRlp/d7880fdc782a7387766c5f516344f5baf55cc6c9 (0.00s)
    --- PASS: FuzzRlp/d86639420e7f9096421a45e46b933febcbc53907 (0.00s)
    --- PASS: FuzzRlp/d8e6a7e2fc463977866d4e5af9b73fd88dbf37c3 (0.00s)
    --- PASS: FuzzRlp/d9ae215d03793a7098e9861f7b7946f79c81804d (0.00s)
    --- PASS: FuzzRlp/da66180699cf86a08be25d9bf73d22d048382d17 (0.00s)
    --- PASS: FuzzRlp/dac3f34a04d28f8ae4f9a99c3be7dbafd17078f5 (0.00s)
    --- PASS: FuzzRlp/dae13db19583e7c781ab44326b15e2919b567681 (0.00s)
    --- PASS: FuzzRlp/db491030416878e38ed8549a9207dfc2c9241e91 (0.00s)
    --- PASS: FuzzRlp/db60a915a82f23ccc8313ad880f8366af8cecb01 (0.00s)
    --- PASS: FuzzRlp/db8ae534e02ee526824aff4897b9160690823a8f (0.00s)
    --- PASS: FuzzRlp/dbb2098759328c5c352218d98cff504c6c1b317f (0.00s)
    --- PASS: FuzzRlp/dbe95e0ec9f222eb9c24c8adc90176583cec72bc (0.00s)
    --- PASS: FuzzRlp/dcd5608daaedfc82fd49d08c3d0b46638457f78e (0.00s)
    --- PASS: FuzzRlp/de7420a61d055ce1294e8267a4d893098f4de254 (0.00s)
    --- PASS: FuzzRlp/de7ea0c7d15169761474c046ea5e3829b4d11b91 (0.00s)
    --- PASS: FuzzRlp/df26fcaa4951f4809302e661c879ebcda5574643 (0.00s)
    --- PASS: FuzzRlp/df94a4c26ff72995aca8cee8a4d9cd0504ce9b15 (0.00s)
    --- PASS: FuzzRlp/dfe7947972811efa9599f1f19b85720601cded14 (0.00s)
    --- PASS: FuzzRlp/e0045842ade67e74ec9120197c3803edfe1552d1 (0.00s)
    --- PASS: FuzzRlp/e106f4a332251bddcf976ea797fc1d75a8a7c6bf (0.00s)
    --- PASS: FuzzRlp/e187b6db150700579643c053377a8cb81adb3f46 (0.00s)
    --- PASS: FuzzRlp/e203aaae0707d253a171ffa89954c2979f8a3598 (0.00s)
    --- PASS: FuzzRlp/e27615190849320d89f13badda47031683109fe6 (0.00s)
    --- PASS: FuzzRlp/e3debb69142e64be9e983d4313ae68963df154cd (0.00s)
    --- PASS: FuzzRlp/e4b360f89f06d949946f1589f5d19f0f469f839f (0.00s)
    --- PASS: FuzzRlp/e50e51e5bebe253bc6c19953a7075b57062e696a (0.00s)
    --- PASS: FuzzRlp/e68abea05ba9ef1bd4be44551850cb12fe8d1aad (0.00s)
    --- PASS: FuzzRlp/e7dc76019817a6589bf92097a4e77f12ca90645a (0.00s)
    --- PASS: FuzzRlp/e90513782241ea20fce3c78ba6aa0da20d73296d (0.00s)
    --- PASS: FuzzRlp/e98bb2512eff4539cd835ae37177bcd4e912c3e0 (0.00s)
    --- PASS: FuzzRlp/ea487ad221d3355366ed66f118c614b1ad0b6720 (0.00s)
    --- PASS: FuzzRlp/eb8325e7bb5c13fa12af543996114c8ff2e995c4 (0.00s)
    --- PASS: FuzzRlp/eb8a5098fcfcdc0a00d1266f214746b11be4d84e (0.00s)
    --- PASS: FuzzRlp/ebc4da43d1db75aa6e273ee0d6f41a975e9e4226 (0.00s)
    --- PASS: FuzzRlp/eca3f0603ddbffe215e8bdcefa66f148705190ff (0.00s)
    --- PASS: FuzzRlp/ee4c2d2994057a43ecb0dc9df3a4e9b07016eced (0.00s)
    --- PASS: FuzzRlp/ef5a67af540679941f0ffdfc5720733ed9d888c7 (0.00s)
    --- PASS: FuzzRlp/efcaec436ae12e882cb28241c650a527cb44500b (0.00s)
    --- PASS: FuzzRlp/f052495ffbd3863697b1b446faa8bcc2d76f3ae9 (0.00s)
    --- PASS: FuzzRlp/f0533ffe2f99aa5280d5465a0f171c071b69fb9c (0.00s)
    --- PASS: FuzzRlp/f0a0b6fdb8afbc221116f3a6704014e376100987 (0.00s)
    --- PASS: FuzzRlp/f0ba5acf450fe938eaefeec4573199e6a515349f (0.00s)
    --- PASS: FuzzRlp/f0d5f6e120f5cbab546a902393b30f059b6a49b4 (0.00s)
    --- PASS: FuzzRlp/f152cb527ee1f9e2243817298003f417067b96fd (0.00s)
    --- PASS: FuzzRlp/f155f4705c68a30f6738ee63283dbf86717cf5eb (0.00s)
    --- PASS: FuzzRlp/f38a3fef3f971a70226fa9604ba06633de03537d (0.00s)
    --- PASS: FuzzRlp/f3eca2af37d687c48157735419a6f021d2f05b5a (0.00s)
    --- PASS: FuzzRlp/f40b2a646ebb9216d4af96309964962d084311ff (0.00s)
    --- PASS: FuzzRlp/f4514894956cc6d8aa08398aec3de0a22cbca023 (0.00s)
    --- PASS: FuzzRlp/f4b2dd174842141cbd96f8cd5c5227401f729b32 (0.00s)
    --- PASS: FuzzRlp/f7226573c5361552088631b9f90591e9714c73b9 (0.00s)
    --- PASS: FuzzRlp/f744349ab8bb3aad58588ade64ac61cfbc9bcb9f (0.00s)
    --- PASS: FuzzRlp/f89417bc5eb6c6ef4c2ee012a1ce0317a328f074 (0.00s)
    --- PASS: FuzzRlp/f992da53bfd4d3d56b9b6737b08b6dc70ffd8e05 (0.00s)
    --- PASS: FuzzRlp/fb2336196d29dad9d01dbf797ea9cc4d68a6e5a4 (0.00s)
    --- PASS: FuzzRlp/fbf594905249a508a260f9a1622915b2e3b0bcd2 (0.00s)
    --- PASS: FuzzRlp/fc792932fc08439c0ac51d6f5f1ec70eb744ad70 (0.00s)
    --- PASS: FuzzRlp/fca9120036856b6911ba0446e920ce755ac95a4d (0.00s)
    --- PASS: FuzzRlp/fcf11c328f712e53a290b353090390f62dd8909f (0.00s)
    --- PASS: FuzzRlp/fd0d95c37cd5fcb365e6acd28b91302ee9e2fc99 (0.00s)
    --- PASS: FuzzRlp/fdb304b4ca663beb3ec0f4226f86afee693b7f2d (0.00s)
    --- PASS: FuzzRlp/ff292f9a26c288c5422ba38cddea09b80f154cd2 (0.00s)
    --- PASS: FuzzRlp/ff5c8949533972ad7a82ff8584d3e39af301fe89 (0.00s)
PASS
coverage: 93.6% of statements
ok  	github.com/morph-l2/go-ethereum/tests/fuzzers/rlp	0.038s	coverage: 93.6% of statements
