=== RUN   FuzzRuntime
=== RUN   FuzzRuntime/012deedc05dc86680ddc7a1e124484f002a321bf
=== RUN   FuzzRuntime/024beacf374d8db72efdf02e9fa95380da0522b9
=== RUN   FuzzRuntime/02aa69a2f01f2b307620fffc5097403e41203ee4
=== RUN   FuzzRuntime/0362464d16e0743c27904f0136b5ee46144ebfe3
=== RUN   FuzzRuntime/03cbd159356f90066702c6da886c5aa938c8920e
=== RUN   FuzzRuntime/09558a2792ac3d88c4d7a59ca5f2face0cb91cbd
=== RUN   FuzzRuntime/0ad6866c1210d5a579503f4f3d53966721f6c500
=== RUN   FuzzRuntime/0b01b9c95c28af687996b646aa063349d27d06c4
=== RUN   FuzzRuntime/0b135083c7c0cebe4aa9ce91ba31985d38f75a0b
=== RUN   FuzzRuntime/0c4a5b3f87c03b8820d8f482d1e0bf4a160b3eef
=== RUN   FuzzRuntime/0cd06dd9725017538d3891e0adaa9ec20e633352
=== RUN   FuzzRuntime/0ebc2ec5554208255c88e9c5e69b52ff2d267367
=== RUN   FuzzRuntime/0f0fcb7aa7ef5edaacee8d5ee100af48a88674b2
=== RUN   FuzzRuntime/0f14719725b3c2f3b2b219e0b1744660d852c129
=== RUN   FuzzRuntime/0f1c005fed95d453ee8e4f26efa1d93ccd90d3ac
=== RUN   FuzzRuntime/0fa07121ebd8ff2f71bcb32ab51e85ab922c12a1
=== RUN   FuzzRuntime/10151a40939ffd3b3a1ca0870eb6e32997917ebc
=== RUN   FuzzRuntime/10fe8dc16a962dd5f0b5c4f7689a6494a2aa8c50
=== RUN   FuzzRuntime/11843876b3a81d3faf851ec0ab3851d3c4b87a61
=== RUN   FuzzRuntime/129ccb4d10b2753922883562cd85741a8b4dc1b0
=== RUN   FuzzRuntime/14f27ccf99f7f3fcd651ecea58b07ca87271eca8
=== RUN   FuzzRuntime/151d02d884312fbff72899f195236d1304bb9fee
=== RUN   FuzzRuntime/16cc6d5b88ef21e6424d646b461455c42d0fbea2
=== RUN   FuzzRuntime/186a0515f73e3cec3faa666f529260e8718febe0
=== RUN   FuzzRuntime/188fafd433d4ff28aed463cbce8746e4df446df7
=== RUN   FuzzRuntime/1972102c7dbbfd50a54db8e344a9e61d881054a5
=== RUN   FuzzRuntime/198ed7f4b3c27ec860d30f0a9310a270c81a6136
=== RUN   FuzzRuntime/19be922ff8b47b83ac4fd76830443302287966d5
=== RUN   FuzzRuntime/1a756495374149d23ca520f9e37249af89b5ce83
=== RUN   FuzzRuntime/1d466c506dda8c25e9b41a020ab76237ab6df301
=== RUN   FuzzRuntime/1d9f7dbfcca7ff1862777bd98e10bc4b08b58c6d
=== RUN   FuzzRuntime/1fefd9ba97b36df646d22b784b424f62ee706a31
=== RUN   FuzzRuntime/20690e7650421eedb73654308166e696f1a9ea4d
=== RUN   FuzzRuntime/20f92f71dc9d725cf018880f7e11650c6b4a420a
=== RUN   FuzzRuntime/2153f4bbfce86c38671d0c91ab7c6f4f3751789d
=== RUN   FuzzRuntime/22bb3f55cfde22ad739c01999e03aa05966b0403
=== RUN   FuzzRuntime/23557d91924a66abfe234a25374ba0ae5c47fe2a
=== RUN   FuzzRuntime/250886570d3daa518772ffd0895525792d1b660c
=== RUN   FuzzRuntime/257ae0b24513847d922869118bcc6057fbe2f51c
=== RUN   FuzzRuntime/27fbd115b91c880ec720ee113a57313ddb022f50
=== RUN   FuzzRuntime/29d0d40292153c7adc17f198f013e2e08c8bf70d
=== RUN   FuzzRuntime/2ec021cf49d50e7ef5647f47f38ce839ae3e2a16
=== RUN   FuzzRuntime/30846640cc28b11273ff6c45a5737f660ce4df1c
=== RUN   FuzzRuntime/30c6ca72970df38711899aabbb6efdc09e2612e1
=== RUN   FuzzRuntime/31f4b56d0dddd2a2f1f73ec4102a92d60dc7892e
=== RUN   FuzzRuntime/3288306020301570b0fda9c6f92e5fcf5c9b58a8
=== RUN   FuzzRuntime/3298bec9f71b7cd715ede7242749bf9dd823cb30
=== RUN   FuzzRuntime/32d7d2c78ad8a26c26619e29612f942cbc086720
=== RUN   FuzzRuntime/33cef9b81cd75af599714bf4bb9811393d6cbd88
=== RUN   FuzzRuntime/341b602c4548f0771bc83b921579f7475b193a79
=== RUN   FuzzRuntime/34269edfb6aa757f72f176763a81edb7a5907b41
=== RUN   FuzzRuntime/3575cf2fce2304a660f32e7e857a1842cb1e7338
=== RUN   FuzzRuntime/35b78fac4c10f809860f8b9f79292a70feae62fb
=== RUN   FuzzRuntime/369a6811c07087f2dad3ed0c7b4ae1a2d30f2d0b
=== RUN   FuzzRuntime/3790bedff5d151c5899e2b69787ea5e8e4ed6573
=== RUN   FuzzRuntime/381292a3480dd8b6d5ad565280c23a74b9ffa576
=== RUN   FuzzRuntime/3868fe8f458a14722794f57c77aa68841838b114
=== RUN   FuzzRuntime/38fab5a3bfe46973821b8bd19ad637c070fdf6cb
=== RUN   FuzzRuntime/39a3cdf61f48449cd7d0f20fd23930eab11679bc
=== RUN   FuzzRuntime/39a3f87a8481e8cd2976b1d28780a4590831048e
=== RUN   FuzzRuntime/39b20b0026ca7d87cba6ee05ba9ca814afb697bc
=== RUN   FuzzRuntime/3a6265f12aea26921118b982c7d139eb75f38774
=== RUN   FuzzRuntime/3d073c90e92efa098f26f944ec7a0c5cc7037d0f
=== RUN   FuzzRuntime/3e29d8f4d1328cf047f2c429125c3871515de689
=== RUN   FuzzRuntime/3ea49c4178f2e63e86e1ed03fe2438aeaac40896
=== RUN   FuzzRuntime/406051a46e3123b1972fd5a8549b120ba30a48e1
=== RUN   FuzzRuntime/428049d3c9acdbede07255ab045272057e7d5511
=== RUN   FuzzRuntime/42e91f7859bb6e75b351e832fde5ed02095ee8f6
=== RUN   FuzzRuntime/44870f2c177173578cb75cec865ae0ca0704273a
=== RUN   FuzzRuntime/4578731d4abc228de06c480018e96dfbf516d146
=== RUN   FuzzRuntime/45bef2e494b0d4771e7f640f35ca2278a1718f5d
=== RUN   FuzzRuntime/45fc773ffb790ec9eec2a023749c7504080f2e41
=== RUN   FuzzRuntime/47120580f2bd8e190cd2004a9681848d09ce3d34
=== RUN   FuzzRuntime/487c51d7836345a53a463e066ed4cdde1ae3282a
=== RUN   FuzzRuntime/4a88e607d4ad65ed9def93ac1610a0acf1242a79
=== RUN   FuzzRuntime/4ace05adf07d51ed781f495ce034f212642ccf50
=== RUN   FuzzRuntime/4bafbd4b6e0d546844e4fa46bc7feeda802ce95f
=== RUN   FuzzRuntime/4c120c89cc52ac060960ca8cfc19ba3cfdf32442
=== RUN   FuzzRuntime/4c30444151d58503e4cdef43e4b72262b93340bd
=== RUN   FuzzRuntime/4d154f69de918b06cb188cd3c5afd74f3e3fe5eb
=== RUN   FuzzRuntime/4d1b3c839a86752af958331aeed3b07108282e98
=== RUN   FuzzRuntime/4d38476c841239eeb8444b952f0372a5f656f816
=== RUN   FuzzRuntime/4d38d044531793327b36821c2b150b1009c52efe
=== RUN   FuzzRuntime/4e0b34720e233ae55f23303fde1afe651b345a33
=== RUN   FuzzRuntime/4f2c50c302ad7665cac3331538cab3460acccb0b
=== RUN   FuzzRuntime/4fb7616c51a437d09c688bf88000109395be506a
=== RUN   FuzzRuntime/504078742292b6d14c16e79321ce8da39e646b42
=== RUN   FuzzRuntime/50831ce84e036631169967ac4dd9f5fcfb887e35
=== RUN   FuzzRuntime/51433842ee23b70523b79eebcd83cb8a868d14a2
=== RUN   FuzzRuntime/51f56ace14f1aecf7d973785ea680c09f2598196
=== RUN   FuzzRuntime/5220915863615dd81195ca199b74da080e3e3f94
=== RUN   FuzzRuntime/52670889f74201cb9d67502ddd6ff9e71a060f94
=== RUN   FuzzRuntime/537adddb147cd39c11f658f1f6bfd5990b09d033
=== RUN   FuzzRuntime/5387cfef3f4e44f4e4bccdafa0646d6e822a1881
=== RUN   FuzzRuntime/53da93a692e4ef4ac6d83e3d3ff0e85f532f1a7d
=== RUN   FuzzRuntime/54cf69d27f25e5910bf38a66aeeacfd639121bc4
=== RUN   FuzzRuntime/58caa13a065b289ba970bb29bfe21d50678f67c0
=== RUN   FuzzRuntime/5a5981f0ec8e3efdcb2092b59b29f3fffad79ff7
=== RUN   FuzzRuntime/5ac43ebb07bd88ad33b15d317d79b4e24f561d7b
=== RUN   FuzzRuntime/5ba2328b636fecf2ad333e33406a8a9dba3ff02f
=== RUN   FuzzRuntime/5bbbe33b628f103664a1a69208fd90b3a6579b5b
=== RUN   FuzzRuntime/5c0a0f2c5b59789f1e2118630ee0839d32a3f16d
=== RUN   FuzzRuntime/5c9c4266a8838476a66800464800d893867ec1b5
=== RUN   FuzzRuntime/5d1009f078d682c03973964377351d06c8150272
=== RUN   FuzzRuntime/5d2b3f42994d7ab12765762df00eb4c9672fc32f
=== RUN   FuzzRuntime/5db995e70b853e53d646f98547863dbd2ce9d411
=== RUN   FuzzRuntime/5dbfdd6c20566ff31313d39003307216e0512512
=== RUN   FuzzRuntime/5dcaa2d8d3c9ca404708e8a873b00b7f017adc6f
=== RUN   FuzzRuntime/60a8ed5dde91bd07933fbab940432e9460843767
=== RUN   FuzzRuntime/611e10346c63308924f5f97925fff475b0521109
=== RUN   FuzzRuntime/614110916353803d66f6226e6f423b1ba9104668
=== RUN   FuzzRuntime/61bb369e61d3c2f173ce1b274cc58761c2950ee1
=== RUN   FuzzRuntime/63a995b30e65eedbfb66732055f47b27d66b1ff2
=== RUN   FuzzRuntime/63f32abd64fab8a9fe564279295e76ffe031246d
=== RUN   FuzzRuntime/644514b407a05d95026de19d951c43b60288f551
=== RUN   FuzzRuntime/645111bf1b9c4871ef8215c936b57e5877e701eb
=== RUN   FuzzRuntime/654b7aaba8131f379f1f5e6af852a2e02fdf1b11
=== RUN   FuzzRuntime/65e8c450470d8017723b54ddad2f84e0f2062d13
=== RUN   FuzzRuntime/66932335d7d02daecd72905173f529f3cbdc20a4
=== RUN   FuzzRuntime/66b59cb62dd66d8ac782c3ec4556b2ca1d731a20
=== RUN   FuzzRuntime/66f298f68acc50230b9cde74730c6e7400b1af3c
=== RUN   FuzzRuntime/685ece151b1e0bb69dd5fd7fa5e751c4e1acbe5b
=== RUN   FuzzRuntime/68658c6267b74915e69db4b1db8bdb50b0d50810
=== RUN   FuzzRuntime/686d2387731c95ac55af4df09730340b3b4a4e5b
=== RUN   FuzzRuntime/692fe42461bcb73d933ff9319bfedf778fa7cebd
=== RUN   FuzzRuntime/69ace889a83570d7577697f7a207af8ab0b1b6c7
=== RUN   FuzzRuntime/69de515652b0460458aa9f926d84d6e74b9f82c1
=== RUN   FuzzRuntime/6aa569b281e46a19613857507c632998f56dd712
=== RUN   FuzzRuntime/6c71aab5a6e362fcd985e5de34fbd87974dfddce
=== RUN   FuzzRuntime/6d8687c570f1dfd4a3758e53e0050378c50e8a3c
=== RUN   FuzzRuntime/6d8e0c2a6e0809a0fdc33104ebe9f7785909950a
=== RUN   FuzzRuntime/6f44e7290ba3928c34558bc72e7666a6f07dc3c9
=== RUN   FuzzRuntime/6f651f114d0b30cb1e4343eb44cefa6eb42dbf78
=== RUN   FuzzRuntime/70798052bc3d7b9eb027d5d31b3aaddc7835e4d1
=== RUN   FuzzRuntime/71853c6197a6a7f222db0f1978c7cb232b87c5ee
=== RUN   FuzzRuntime/723b2f795d7a026ce4765403076a3de53b7b61e2
=== RUN   FuzzRuntime/728dea7cdf4ac81691f957658f46192685d8801d
=== RUN   FuzzRuntime/72a6be829dbca6b041ebc15cd6676da4ae961588
=== RUN   FuzzRuntime/734e223b53fa622153757dfe467aaa8113dafa7c
=== RUN   FuzzRuntime/7435c243531ffc3e671ca7aeb6c408695472b282
=== RUN   FuzzRuntime/74bd435f72d1a43425fe66d88881a5d56006d8dc
=== RUN   FuzzRuntime/76c4adea84fc79dd8737502d97c8f9314c5497b8
=== RUN   FuzzRuntime/76ed40b7d9325148e3ed316c8129e71754916b21
=== RUN   FuzzRuntime/7701091fd59fcce496adb136e6b193d811c71698
=== RUN   FuzzRuntime/7723f210ea187a866d0798ee799df59f7f2e5da7
=== RUN   FuzzRuntime/799934998cffb5af09b4fa7d14992946a81fc87d
=== RUN   FuzzRuntime/7ac38ae57a0e874f459e813af1a0fa7302629517
=== RUN   FuzzRuntime/7b322c69a66558c374667d993b696443f02eb1cb
=== RUN   FuzzRuntime/7cc3938c3de11265e3e712318c82d38030abd15f
=== RUN   FuzzRuntime/7d5898d3984210057e916220ad74e55060c7802a
=== RUN   FuzzRuntime/7d88a4bcf7f0b193a3a363a9659a706b9f827936
=== RUN   FuzzRuntime/7d8e329735f88cda5fa1abbd16d4a150fbee2940
=== RUN   FuzzRuntime/7db5cc99e1ebcd9840ca012bdf82b19714b68631
=== RUN   FuzzRuntime/7e9035c4a9fff03494992f01c0bfc7d74e94ec49
=== RUN   FuzzRuntime/7ea9f7986e285a59340b72995118ed526c874e13
=== RUN   FuzzRuntime/802f09254698c9e73b78f9c13a6a6f2f47b215ed
=== RUN   FuzzRuntime/802ff1853220a5383a9f0a2297862f7c5089ba6a
=== RUN   FuzzRuntime/8036348d633bdbd2d1f5c96e6494a460cd00a951
=== RUN   FuzzRuntime/81cb37f99fe0dd2a3cf51eb0cbb367d608787d8a
=== RUN   FuzzRuntime/828b48c634eae2d48e7a7f2771bc89d9f5c31c94
=== RUN   FuzzRuntime/830c3b7114fd69be1d0ba4c85a74e84f137aed2a
=== RUN   FuzzRuntime/866f85884a81d8f3e7de5103acbd5333791c919c
=== RUN   FuzzRuntime/867b27edd4749218b9e12a263b3ac752770a0a40
=== RUN   FuzzRuntime/87b2d9ac7256bc05e4f30c3379f60b1c221558c0
=== RUN   FuzzRuntime/88af8d71127a9fb215b1c70cfda08b06d1e02e25
=== RUN   FuzzRuntime/8a968ea850d86e2c2528a7b0e7c9207c4cb0e1e4
=== RUN   FuzzRuntime/8aa0d15e1e3844d1ef71e1a99ff49f4615f0960f
=== RUN   FuzzRuntime/8ab31d6f2c771aebcbdfe7a9aa87add84f1203a2
=== RUN   FuzzRuntime/8b47483f21ec268a50208b7a855ba839fe54d358
=== RUN   FuzzRuntime/8b9227df28035dd89083f818bd51f596942bc360
=== RUN   FuzzRuntime/8bedb8b1cd937601edae400e3f533d5bb665f26d
=== RUN   FuzzRuntime/8bef0c40a62a7fa430e1e2ad96c93818d79daf4d
=== RUN   FuzzRuntime/8cf45a2db7736b4ede03492db3681a511d8d0747
=== RUN   FuzzRuntime/8ef68b34d03a2a14682771ce175b6f4048401a8e
=== RUN   FuzzRuntime/8f206d42e624517e483d9b4a77daa56158c60ab4
=== RUN   FuzzRuntime/8fbd9bde5e6361077fdc9787d7d64857aa4eee88
=== RUN   FuzzRuntime/8fd5a8d878ce7a6530424d348219d6577fd15480
=== RUN   FuzzRuntime/922b8092c02938ebb445a3904a608cb115e4c329
=== RUN   FuzzRuntime/942c273107d433041f2d02bd541c7029f72023f6
=== RUN   FuzzRuntime/9462a029c8d90c39bc3cc163bc3ddab97372f0d6
=== RUN   FuzzRuntime/94948894228b10dec2a9353db9bb156eddc43f9b
=== RUN   FuzzRuntime/95079147d9cbb9a7fcccba1502e772ac7fc17e05
=== RUN   FuzzRuntime/950bf4315e54dcf7e467b7411a52ae8cec120c8a
=== RUN   FuzzRuntime/95432f4a3f1efdb52420f26e9a35ef460d967966
=== RUN   FuzzRuntime/957ffbb628c0ca65f8db5676c5424c89a6b0d908
=== RUN   FuzzRuntime/96ab01a5aac89ffb58bf716ca6d8ddcf3e3c9ce9
=== RUN   FuzzRuntime/971d8aaeabdb8d3f2eb3011ed54c3752ce69689f
=== RUN   FuzzRuntime/9ab7e49997a8d19acbf3e77efaf23b3f681e86ac
=== RUN   FuzzRuntime/9afa7d0fc90b6f0785ef8234277d3ddba128fb07
=== RUN   FuzzRuntime/9b3ac5ef8c0cf68085ffa04a7b412e3166cb0686
=== RUN   FuzzRuntime/9d69539fbd967947763013e1f14ac58ee94fe38c
=== RUN   FuzzRuntime/9e8ea7311803d0d4ac20b0204ac9b7c7e7dbc48f
=== RUN   FuzzRuntime/9ef1208d91bd6764c467f34545eb77492cf0cab0
=== RUN   FuzzRuntime/9efab66861a31565f9184949a1bf779f0194bbc3
=== RUN   FuzzRuntime/9f1b629e0b5c4d6ec618d237062a51d1c71c87f8
=== RUN   FuzzRuntime/a04f6a156224cb4dfe398559015503b855fa08c5
=== RUN   FuzzRuntime/a09993c5149637784f9c62a264d929bfc8f4afb0
=== RUN   FuzzRuntime/a1511f06742b07e1e9a1e5baecd9aaa29c6f1612
=== RUN   FuzzRuntime/a4a67e465d48f6bf4b4dae07734156a8ccc90324
=== RUN   FuzzRuntime/a628bac085be484df360e70599614c5fc7a36ef4
=== RUN   FuzzRuntime/a6b75a39a40164065fda9c77fe7552c88e2fc3fc
=== RUN   FuzzRuntime/a7293be4dc0543439b22b0c40dfb7ee6a7d974fc
=== RUN   FuzzRuntime/a7297c70ceb28170ad7838a32adefda1997b19f9
=== RUN   FuzzRuntime/a77b7f6de5bfe56ee0f5635248e77158ac764da8
=== RUN   FuzzRuntime/a8844eb6b2419992a715004288a1389606926452
=== RUN   FuzzRuntime/a93a8d232f847d40094320fbeb54be4dd512ef8f
=== RUN   FuzzRuntime/a9e566e799afd1f9185eb72951277aa903d05972
=== RUN   FuzzRuntime/ac5f7bddd2198de224dccad25f310833df0ec4e1
=== RUN   FuzzRuntime/ad38742b47b5c1853f29593c2ebc9e98ceb48211
=== RUN   FuzzRuntime/ad5721bc923cfe5819cb024da57d6f030bac5a57
=== RUN   FuzzRuntime/adc414aaf74a08d20d4460338bb052a8bcfe7db4
=== RUN   FuzzRuntime/adc83b19e793491b1c6ea0fd8b46cd9f32e592fc
=== RUN   FuzzRuntime/adc8ff5ba5396d4a2862f023b65c0f0ee0faf2bf
=== RUN   FuzzRuntime/aec9c2c524c408b2dd3f922a8bfd426fe6dfe1fa
=== RUN   FuzzRuntime/aed6de23c6145b8027c715098c40ff9f45fea0b6
=== RUN   FuzzRuntime/aeffc24dd95c81b2c92778defa5c4751d521eed2
=== RUN   FuzzRuntime/b07498c84bfc2c3869f30eb3692d9d63d6860771
=== RUN   FuzzRuntime/b268b4ae519dd0282e05eca78f7abbab9487fd08
=== RUN   FuzzRuntime/b2cf76a3abf691236eef9dedcc119eb8d56eab74
=== RUN   FuzzRuntime/b33098b9d44350e723dd614152a37ef189cc9f1c
=== RUN   FuzzRuntime/b3e6634eb8d91054642532dd3b17027ffb7c2e90
=== RUN   FuzzRuntime/b50c9bc371743f150f964a343a9bea982b710bb9
=== RUN   FuzzRuntime/b59c712896d671af816ff79e1fcc9bfc5a759dff
=== RUN   FuzzRuntime/b5ffd468aac773504562119126ac3320756f2936
=== RUN   FuzzRuntime/b60854eb786760b9d07cf774e24c02137c3545a2
=== RUN   FuzzRuntime/b6abb64e0d2df222cafddd36fc6f97bd5ac64b0b
=== RUN   FuzzRuntime/b7144a01af4f285ced31d5e04968f5b1c7decc8b
=== RUN   FuzzRuntime/b7214e02dcaf64ee2beb23fdc12405894186e212
=== RUN   FuzzRuntime/b7ba159fc3c9c4639328f9c50d8a97d2324d56b5
=== RUN   FuzzRuntime/b7ca6ce641802e94ed1911998e1fc821ce4073b7
=== RUN   FuzzRuntime/b7cffcfa84f79f65fb78babdb2d5e7258c9c32e9
=== RUN   FuzzRuntime/b7e21472e3b3488efe7bb929ba20c57c25eff6c3
=== RUN   FuzzRuntime/b7e4737b1628dfc34e8e904fa5c14dc6160748b9
=== RUN   FuzzRuntime/b814dfb419a0022c46884ee3d506ebb790522da8
=== RUN   FuzzRuntime/b844ad5c2c9f0e11d0a9f0738377a8e69135b326
=== RUN   FuzzRuntime/b8b85ceba3c2bbf5881eb194e2a9c03dd184aac5
=== RUN   FuzzRuntime/b8d0af5142cd5e29043321dc51592657b53272cc
=== RUN   FuzzRuntime/b8dee30dbdfdf47f38a2508fe14fb792a8d1897e
=== RUN   FuzzRuntime/bab820dda1199f2f63034bfcc0517cecf32ae4cf
=== RUN   FuzzRuntime/baf802aee4865704689d00a01cd864cc6752244f
=== RUN   FuzzRuntime/bb980a579f3d49beb545e123d159244f6bd62ea4
=== RUN   FuzzRuntime/bc2e032b14bd2f018656788e66a06184712aec4b
=== RUN   FuzzRuntime/bce1adacdea42c4224cb4939d3c80a0a3bb51314
=== RUN   FuzzRuntime/bcfca40f43d5385f74423317df43a505d4ee58aa
=== RUN   FuzzRuntime/beb5def7c3b02ddaf5a2e8d910f3befee60128f7
=== RUN   FuzzRuntime/bf83d2072d52a24b7f6e82496a7a20916c54d590
=== RUN   FuzzRuntime/bf87c9a93460b3aa80cbcc36757c8c052d6cd840
=== RUN   FuzzRuntime/bfd22ce1eeae2cbdfa2957a80c6d579676a62f52
=== RUN   FuzzRuntime/bfdfba8897e1b9180ed639d63188393930c806ec
=== RUN   FuzzRuntime/bff0f8b7841171e1f3ec6447e0191317769dc385
=== RUN   FuzzRuntime/c088971fd35603439d0dae1ca5dede043b271eb9
=== RUN   FuzzRuntime/c230dd51236f419476dfdbd4a3ea2eff18e4045a
=== RUN   FuzzRuntime/c3edb941448689e6cf89e6d5f7d56bc39a2c84b1
=== RUN   FuzzRuntime/c548da65bb3a1e9bd90f20fd1d752bd5b17e0c77
=== RUN   FuzzRuntime/c601908ae7e8390e0dc66f210d7314638a7cf1f2
=== RUN   FuzzRuntime/c606806cbf0a3f889a31108559e75ddc9a11b941
=== RUN   FuzzRuntime/c7fb7cc58007eca652adb7816b83a609e0117e41
=== RUN   FuzzRuntime/c84fda16db70d7049d542c8eb90fc53f587477d4
=== RUN   FuzzRuntime/c85b9f2bb3147fa96898e14427d576fe1ad304d4
=== RUN   FuzzRuntime/c9d725156146a41e20a76586798e14f482174ada
=== RUN   FuzzRuntime/cbab127949bc5a4d84277b82812eeb93cb34d60d
=== RUN   FuzzRuntime/cc5030f3416b7f19ad4c25cb9aa686c6e10c33c7
=== RUN   FuzzRuntime/cd71d1578dfcfd7b1338641969e2886f35927666
=== RUN   FuzzRuntime/cff92f186e2d2c5eb3d94fe990d41f29daab2609
=== RUN   FuzzRuntime/d060fdea9c40dfffff781ac8b2038d1fa312efe4
=== RUN   FuzzRuntime/d0e725a1ccf7090bfc4037b2f8138318e3197ea1
=== RUN   FuzzRuntime/d1570783fc50e48827c85c681936ea0bfe716139
=== RUN   FuzzRuntime/d18fc9799cb999e9a5b478bd103f1f51f2c8e67b
=== RUN   FuzzRuntime/d1b92d088793c513bc4871876e86bb0c4d0cdf3c
=== RUN   FuzzRuntime/d2bb11cc8139413ce72f72559a5b8c94e75e8d6e
=== RUN   FuzzRuntime/d392a3ed60bd9aadd810c8d886e50b46909e46a6
=== RUN   FuzzRuntime/d3a258def9d92840990c59c30e29c2a9c9e4b2a6
=== RUN   FuzzRuntime/d5794ba023eced97ca43f3b78ba3fb6ca928a175
=== RUN   FuzzRuntime/d6849e735415a38f840c311b36e63ba387f25ae1
=== RUN   FuzzRuntime/d7bb4173a08e3ca891e4a6c886dd10411f00fa8c
=== RUN   FuzzRuntime/d8aa070c2862ec727f6d3227369089568828844a
=== RUN   FuzzRuntime/d903013dfba232a56a7303d04cb44707adf8113f
=== RUN   FuzzRuntime/d903548c5250ca5b8453ebc93cbf3d09c890d6cf
=== RUN   FuzzRuntime/d9501bcc9f40c5f7e41378b32f84cd0466e658fa
=== RUN   FuzzRuntime/d999005043c5177fe871826366fb1ef68dde945c
=== RUN   FuzzRuntime/dd6fbe879791a6e5d5dd7be064f5c67952c42543
=== RUN   FuzzRuntime/deecdaaf18a2944f9ba2c442b9716426fb154905
=== RUN   FuzzRuntime/e05c49bad32b4db289ae4bdfdf885a20b31972c2
=== RUN   FuzzRuntime/e1408129d627296e9fb097978a82567e3f82b106
=== RUN   FuzzRuntime/e24e5e147de907a48503721d1fc92e9fa111e7be
=== RUN   FuzzRuntime/e4669b9dba4ce65d20cc8adc12e118016dece692
=== RUN   FuzzRuntime/e471ffe6b610e2a3e6db9a802253a35f51c14e5a
=== RUN   FuzzRuntime/e55dc3e57ea6f4c2db86d4fb76b92632b7717e79
=== RUN   FuzzRuntime/e56f868d901d9a58e790633fe388a2e631e94356
=== RUN   FuzzRuntime/e5cca28bb0b09918b89829246cc9cbd64c216a0a
=== RUN   FuzzRuntime/e5f4dd4b0dc568b6401126a0b7a234ac7e9594c9
=== RUN   FuzzRuntime/e6356af0d8e703760281cc1fd09191283bae313f
=== RUN   FuzzRuntime/e6824f3a261b9c619357be90688bc99b08999c43
=== RUN   FuzzRuntime/e69f7162dfcfa095e714af8b9061715135a25ba5
=== RUN   FuzzRuntime/e918eeacca212fc32a08b12e1dc9e4135fcdcb75
=== RUN   FuzzRuntime/ed0936b8c93bbbc928315617b5f78e84a06c574e
=== RUN   FuzzRuntime/ee2c854519e8221a2b663b99812b53b5f0305555
=== RUN   FuzzRuntime/ef17e4909ae86ed590f27f10ef06c42cc1f63b75
=== RUN   FuzzRuntime/f0841923729efc5948cfabac83410fe41d882b58
=== RUN   FuzzRuntime/f0beca2624a111b69e722b8de7ccee5844c37e86
=== RUN   FuzzRuntime/f103edad25a23344dd35a696f3f9d7b2904a1adc
=== RUN   FuzzRuntime/f1f319b5486c0c96da649670d4e88393b86402cb
=== RUN   FuzzRuntime/f206752b605d73444a66aeb9e61d6b48280c16db
=== RUN   FuzzRuntime/f2c7b98dc31a8d6ab7392421800ca5fb585cc85e
=== RUN   FuzzRuntime/f3b2b919d42bf9a2b633c46aca3cd2dc32b8d211
=== RUN   FuzzRuntime/f47463111ac8691ca0bc7750e6a10255aa4984c6
=== RUN   FuzzRuntime/f4888be820f7f9816a213520a7b75ab362b869dd
=== RUN   FuzzRuntime/f658a5c51fc61b4a53f186dfcae9b6db13f1b35c
=== RUN   FuzzRuntime/f6dc61a041d1100090cc1c1a19828326058b7ca3
=== RUN   FuzzRuntime/f7783f3f747fb11b726a10a004d5c7ac0a33ee93
=== RUN   FuzzRuntime/f8537945c5139d439d93fbad3c3ba91134fd236d
=== RUN   FuzzRuntime/f9692fdd8ff1a3fb60e55d46f00ef4e38ee5a3fc
=== RUN   FuzzRuntime/fb1e8dae6f4b8be1d10cb7911e81c57e03680fe1
=== RUN   FuzzRuntime/fbd4de4385f27dfd4b10f70fb1f67e10c4af2de1
=== RUN   FuzzRuntime/fc4b57fa459e3685e4a8f98b13421e8a36eb20c7
=== RUN   FuzzRuntime/fcf776465ff8db35119b214908c1978378192f9a
=== RUN   FuzzRuntime/fd98e075f9181331f5086f52ac455a7410a10b26
=== RUN   FuzzRuntime/fe83240b6e3c77fea3cc38c168e104b799e95fe2
=== RUN   FuzzRuntime/feede6964115f148fd7e52d4b5bdfd1a98e4a084
--- PASS: FuzzRuntime (0.06s)
    --- PASS: FuzzRuntime/012deedc05dc86680ddc7a1e124484f002a321bf (0.00s)
    --- PASS: FuzzRuntime/024beacf374d8db72efdf02e9fa95380da0522b9 (0.00s)
    --- PASS: FuzzRuntime/02aa69a2f01f2b307620fffc5097403e41203ee4 (0.00s)
    --- PASS: FuzzRuntime/0362464d16e0743c27904f0136b5ee46144ebfe3 (0.00s)
    --- PASS: FuzzRuntime/03cbd159356f90066702c6da886c5aa938c8920e (0.00s)
    --- PASS: FuzzRuntime/09558a2792ac3d88c4d7a59ca5f2face0cb91cbd (0.00s)
    --- PASS: FuzzRuntime/0ad6866c1210d5a579503f4f3d53966721f6c500 (0.00s)
    --- PASS: FuzzRuntime/0b01b9c95c28af687996b646aa063349d27d06c4 (0.00s)
    --- PASS: FuzzRuntime/0b135083c7c0cebe4aa9ce91ba31985d38f75a0b (0.00s)
    --- PASS: FuzzRuntime/0c4a5b3f87c03b8820d8f482d1e0bf4a160b3eef (0.00s)
    --- PASS: FuzzRuntime/0cd06dd9725017538d3891e0adaa9ec20e633352 (0.00s)
    --- PASS: FuzzRuntime/0ebc2ec5554208255c88e9c5e69b52ff2d267367 (0.00s)
    --- PASS: FuzzRuntime/0f0fcb7aa7ef5edaacee8d5ee100af48a88674b2 (0.00s)
    --- PASS: FuzzRuntime/0f14719725b3c2f3b2b219e0b1744660d852c129 (0.00s)
    --- PASS: FuzzRuntime/0f1c005fed95d453ee8e4f26efa1d93ccd90d3ac (0.00s)
    --- PASS: FuzzRuntime/0fa07121ebd8ff2f71bcb32ab51e85ab922c12a1 (0.00s)
    --- PASS: FuzzRuntime/10151a40939ffd3b3a1ca0870eb6e32997917ebc (0.00s)
    --- PASS: FuzzRuntime/10fe8dc16a962dd5f0b5c4f7689a6494a2aa8c50 (0.00s)
    --- PASS: FuzzRuntime/11843876b3a81d3faf851ec0ab3851d3c4b87a61 (0.00s)
    --- PASS: FuzzRuntime/129ccb4d10b2753922883562cd85741a8b4dc1b0 (0.00s)
    --- PASS: FuzzRuntime/14f27ccf99f7f3fcd651ecea58b07ca87271eca8 (0.00s)
    --- PASS: FuzzRuntime/151d02d884312fbff72899f195236d1304bb9fee (0.00s)
    --- PASS: FuzzRuntime/16cc6d5b88ef21e6424d646b461455c42d0fbea2 (0.00s)
    --- PASS: FuzzRuntime/186a0515f73e3cec3faa666f529260e8718febe0 (0.00s)
    --- PASS: FuzzRuntime/188fafd433d4ff28aed463cbce8746e4df446df7 (0.00s)
    --- PASS: FuzzRuntime/1972102c7dbbfd50a54db8e344a9e61d881054a5 (0.00s)
    --- PASS: FuzzRuntime/198ed7f4b3c27ec860d30f0a9310a270c81a6136 (0.00s)
    --- PASS: FuzzRuntime/19be922ff8b47b83ac4fd76830443302287966d5 (0.00s)
    --- PASS: FuzzRuntime/1a756495374149d23ca520f9e37249af89b5ce83 (0.00s)
    --- PASS: FuzzRuntime/1d466c506dda8c25e9b41a020ab76237ab6df301 (0.00s)
    --- PASS: FuzzRuntime/1d9f7dbfcca7ff1862777bd98e10bc4b08b58c6d (0.00s)
    --- PASS: FuzzRuntime/1fefd9ba97b36df646d22b784b424f62ee706a31 (0.00s)
    --- PASS: FuzzRuntime/20690e7650421eedb73654308166e696f1a9ea4d (0.00s)
    --- PASS: FuzzRuntime/20f92f71dc9d725cf018880f7e11650c6b4a420a (0.00s)
    --- PASS: FuzzRuntime/2153f4bbfce86c38671d0c91ab7c6f4f3751789d (0.00s)
    --- PASS: FuzzRuntime/22bb3f55cfde22ad739c01999e03aa05966b0403 (0.00s)
    --- PASS: FuzzRuntime/23557d91924a66abfe234a25374ba0ae5c47fe2a (0.00s)
    --- PASS: FuzzRuntime/250886570d3daa518772ffd0895525792d1b660c (0.00s)
    --- PASS: FuzzRuntime/257ae0b24513847d922869118bcc6057fbe2f51c (0.00s)
    --- PASS: FuzzRuntime/27fbd115b91c880ec720ee113a57313ddb022f50 (0.00s)
    --- PASS: FuzzRuntime/29d0d40292153c7adc17f198f013e2e08c8bf70d (0.00s)
    --- PASS: FuzzRuntime/2ec021cf49d50e7ef5647f47f38ce839ae3e2a16 (0.00s)
    --- PASS: FuzzRuntime/30846640cc28b11273ff6c45a5737f660ce4df1c (0.00s)
    --- PASS: FuzzRuntime/30c6ca72970df38711899aabbb6efdc09e2612e1 (0.00s)
    --- PASS: FuzzRuntime/31f4b56d0dddd2a2f1f73ec4102a92d60dc7892e (0.00s)
    --- PASS: FuzzRuntime/3288306020301570b0fda9c6f92e5fcf5c9b58a8 (0.00s)
    --- PASS: FuzzRuntime/3298bec9f71b7cd715ede7242749bf9dd823cb30 (0.00s)
    --- PASS: FuzzRuntime/32d7d2c78ad8a26c26619e29612f942cbc086720 (0.00s)
    --- PASS: FuzzRuntime/33cef9b81cd75af599714bf4bb9811393d6cbd88 (0.00s)
    --- PASS: FuzzRuntime/341b602c4548f0771bc83b921579f7475b193a79 (0.00s)
    --- PASS: FuzzRuntime/34269edfb6aa757f72f176763a81edb7a5907b41 (0.00s)
    --- PASS: FuzzRuntime/3575cf2fce2304a660f32e7e857a1842cb1e7338 (0.00s)
    --- PASS: FuzzRuntime/35b78fac4c10f809860f8b9f79292a70feae62fb (0.00s)
    --- PASS: FuzzRuntime/369a6811c07087f2dad3ed0c7b4ae1a2d30f2d0b (0.00s)
    --- PASS: FuzzRuntime/3790bedff5d151c5899e2b69787ea5e8e4ed6573 (0.00s)
    --- PASS: FuzzRuntime/381292a3480dd8b6d5ad565280c23a74b9ffa576 (0.00s)
    --- PASS: FuzzRuntime/3868fe8f458a14722794f57c77aa68841838b114 (0.00s)
    --- PASS: FuzzRuntime/38fab5a3bfe46973821b8bd19ad637c070fdf6cb (0.00s)
    --- PASS: FuzzRuntime/39a3cdf61f48449cd7d0f20fd23930eab11679bc (0.00s)
    --- PASS: FuzzRuntime/39a3f87a8481e8cd2976b1d28780a4590831048e (0.00s)
    --- PASS: FuzzRuntime/39b20b0026ca7d87cba6ee05ba9ca814afb697bc (0.00s)
    --- PASS: FuzzRuntime/3a6265f12aea26921118b982c7d139eb75f38774 (0.00s)
    --- PASS: FuzzRuntime/3d073c90e92efa098f26f944ec7a0c5cc7037d0f (0.00s)
    --- PASS: FuzzRuntime/3e29d8f4d1328cf047f2c429125c3871515de689 (0.00s)
    --- PASS: FuzzRuntime/3ea49c4178f2e63e86e1ed03fe2438aeaac40896 (0.00s)
    --- PASS: FuzzRuntime/406051a46e3123b1972fd5a8549b120ba30a48e1 (0.00s)
    --- PASS: FuzzRuntime/428049d3c9acdbede07255ab045272057e7d5511 (0.00s)
    --- PASS: FuzzRuntime/42e91f7859bb6e75b351e832fde5ed02095ee8f6 (0.00s)
    --- PASS: FuzzRuntime/44870f2c177173578cb75cec865ae0ca0704273a (0.00s)
    --- PASS: FuzzRuntime/4578731d4abc228de06c480018e96dfbf516d146 (0.00s)
    --- PASS: FuzzRuntime/45bef2e494b0d4771e7f640f35ca2278a1718f5d (0.00s)
    --- PASS: FuzzRuntime/45fc773ffb790ec9eec2a023749c7504080f2e41 (0.00s)
    --- PASS: FuzzRuntime/47120580f2bd8e190cd2004a9681848d09ce3d34 (0.00s)
    --- PASS: FuzzRuntime/487c51d7836345a53a463e066ed4cdde1ae3282a (0.00s)
    --- PASS: FuzzRuntime/4a88e607d4ad65ed9def93ac1610a0acf1242a79 (0.00s)
    --- PASS: FuzzRuntime/4ace05adf07d51ed781f495ce034f212642ccf50 (0.00s)
    --- PASS: FuzzRuntime/4bafbd4b6e0d546844e4fa46bc7feeda802ce95f (0.00s)
    --- PASS: FuzzRuntime/4c120c89cc52ac060960ca8cfc19ba3cfdf32442 (0.00s)
    --- PASS: FuzzRuntime/4c30444151d58503e4cdef43e4b72262b93340bd (0.00s)
    --- PASS: FuzzRuntime/4d154f69de918b06cb188cd3c5afd74f3e3fe5eb (0.00s)
    --- PASS: FuzzRuntime/4d1b3c839a86752af958331aeed3b07108282e98 (0.00s)
    --- PASS: FuzzRuntime/4d38476c841239eeb8444b952f0372a5f656f816 (0.00s)
    --- PASS: FuzzRuntime/4d38d044531793327b36821c2b150b1009c52efe (0.00s)
    --- PASS: FuzzRuntime/4e0b34720e233ae55f23303fde1afe651b345a33 (0.00s)
    --- PASS: FuzzRuntime/4f2c50c302ad7665cac3331538cab3460acccb0b (0.00s)
    --- PASS: FuzzRuntime/4fb7616c51a437d09c688bf88000109395be506a (0.00s)
    --- PASS: FuzzRuntime/504078742292b6d14c16e79321ce8da39e646b42 (0.00s)
    --- PASS: FuzzRuntime/50831ce84e036631169967ac4dd9f5fcfb887e35 (0.00s)
    --- PASS: FuzzRuntime/51433842ee23b70523b79eebcd83cb8a868d14a2 (0.00s)
    --- PASS: FuzzRuntime/51f56ace14f1aecf7d973785ea680c09f2598196 (0.00s)
    --- PASS: FuzzRuntime/5220915863615dd81195ca199b74da080e3e3f94 (0.00s)
    --- PASS: FuzzRuntime/52670889f74201cb9d67502ddd6ff9e71a060f94 (0.00s)
    --- PASS: FuzzRuntime/537adddb147cd39c11f658f1f6bfd5990b09d033 (0.00s)
    --- PASS: FuzzRuntime/5387cfef3f4e44f4e4bccdafa0646d6e822a1881 (0.00s)
    --- PASS: FuzzRuntime/53da93a692e4ef4ac6d83e3d3ff0e85f532f1a7d (0.00s)
    --- PASS: FuzzRuntime/54cf69d27f25e5910bf38a66aeeacfd639121bc4 (0.00s)
    --- PASS: FuzzRuntime/58caa13a065b289ba970bb29bfe21d50678f67c0 (0.00s)
    --- PASS: FuzzRuntime/5a5981f0ec8e3efdcb2092b59b29f3fffad79ff7 (0.00s)
    --- PASS: FuzzRuntime/5ac43ebb07bd88ad33b15d317d79b4e24f561d7b (0.00s)
    --- PASS: FuzzRuntime/5ba2328b636fecf2ad333e33406a8a9dba3ff02f (0.00s)
    --- PASS: FuzzRuntime/5bbbe33b628f103664a1a69208fd90b3a6579b5b (0.00s)
    --- PASS: FuzzRuntime/5c0a0f2c5b59789f1e2118630ee0839d32a3f16d (0.00s)
    --- PASS: FuzzRuntime/5c9c4266a8838476a66800464800d893867ec1b5 (0.00s)
    --- PASS: FuzzRuntime/5d1009f078d682c03973964377351d06c8150272 (0.00s)
    --- PASS: FuzzRuntime/5d2b3f42994d7ab12765762df00eb4c9672fc32f (0.00s)
    --- PASS: FuzzRuntime/5db995e70b853e53d646f98547863dbd2ce9d411 (0.00s)
    --- PASS: FuzzRuntime/5dbfdd6c20566ff31313d39003307216e0512512 (0.00s)
    --- PASS: FuzzRuntime/5dcaa2d8d3c9ca404708e8a873b00b7f017adc6f (0.00s)
    --- PASS: FuzzRuntime/60a8ed5dde91bd07933fbab940432e9460843767 (0.00s)
    --- PASS: FuzzRuntime/611e10346c63308924f5f97925fff475b0521109 (0.00s)
    --- PASS: FuzzRuntime/614110916353803d66f6226e6f423b1ba9104668 (0.00s)
    --- PASS: FuzzRuntime/61bb369e61d3c2f173ce1b274cc58761c2950ee1 (0.00s)
    --- PASS: FuzzRuntime/63a995b30e65eedbfb66732055f47b27d66b1ff2 (0.00s)
    --- PASS: FuzzRuntime/63f32abd64fab8a9fe564279295e76ffe031246d (0.00s)
    --- PASS: FuzzRuntime/644514b407a05d95026de19d951c43b60288f551 (0.00s)
    --- PASS: FuzzRuntime/645111bf1b9c4871ef8215c936b57e5877e701eb (0.00s)
    --- PASS: FuzzRuntime/654b7aaba8131f379f1f5e6af852a2e02fdf1b11 (0.00s)
    --- PASS: FuzzRuntime/65e8c450470d8017723b54ddad2f84e0f2062d13 (0.00s)
    --- PASS: FuzzRuntime/66932335d7d02daecd72905173f529f3cbdc20a4 (0.00s)
    --- PASS: FuzzRuntime/66b59cb62dd66d8ac782c3ec4556b2ca1d731a20 (0.00s)
    --- PASS: FuzzRuntime/66f298f68acc50230b9cde74730c6e7400b1af3c (0.00s)
    --- PASS: FuzzRuntime/685ece151b1e0bb69dd5fd7fa5e751c4e1acbe5b (0.00s)
    --- PASS: FuzzRuntime/68658c6267b74915e69db4b1db8bdb50b0d50810 (0.00s)
    --- PASS: FuzzRuntime/686d2387731c95ac55af4df09730340b3b4a4e5b (0.00s)
    --- PASS: FuzzRuntime/692fe42461bcb73d933ff9319bfedf778fa7cebd (0.00s)
    --- PASS: FuzzRuntime/69ace889a83570d7577697f7a207af8ab0b1b6c7 (0.00s)
    --- PASS: FuzzRuntime/69de515652b0460458aa9f926d84d6e74b9f82c1 (0.00s)
    --- PASS: FuzzRuntime/6aa569b281e46a19613857507c632998f56dd712 (0.00s)
    --- PASS: FuzzRuntime/6c71aab5a6e362fcd985e5de34fbd87974dfddce (0.00s)
    --- PASS: FuzzRuntime/6d8687c570f1dfd4a3758e53e0050378c50e8a3c (0.00s)
    --- PASS: FuzzRuntime/6d8e0c2a6e0809a0fdc33104ebe9f7785909950a (0.00s)
    --- PASS: FuzzRuntime/6f44e7290ba3928c34558bc72e7666a6f07dc3c9 (0.00s)
    --- PASS: FuzzRuntime/6f651f114d0b30cb1e4343eb44cefa6eb42dbf78 (0.00s)
    --- PASS: FuzzRuntime/70798052bc3d7b9eb027d5d31b3aaddc7835e4d1 (0.00s)
    --- PASS: FuzzRuntime/71853c6197a6a7f222db0f1978c7cb232b87c5ee (0.00s)
    --- PASS: FuzzRuntime/723b2f795d7a026ce4765403076a3de53b7b61e2 (0.00s)
    --- PASS: FuzzRuntime/728dea7cdf4ac81691f957658f46192685d8801d (0.00s)
    --- PASS: FuzzRuntime/72a6be829dbca6b041ebc15cd6676da4ae961588 (0.00s)
    --- PASS: FuzzRuntime/734e223b53fa622153757dfe467aaa8113dafa7c (0.00s)
    --- PASS: FuzzRuntime/7435c243531ffc3e671ca7aeb6c408695472b282 (0.00s)
    --- PASS: FuzzRuntime/74bd435f72d1a43425fe66d88881a5d56006d8dc (0.00s)
    --- PASS: FuzzRuntime/76c4adea84fc79dd8737502d97c8f9314c5497b8 (0.00s)
    --- PASS: FuzzRuntime/76ed40b7d9325148e3ed316c8129e71754916b21 (0.00s)
    --- PASS: FuzzRuntime/7701091fd59fcce496adb136e6b193d811c71698 (0.00s)
    --- PASS: FuzzRuntime/7723f210ea187a866d0798ee799df59f7f2e5da7 (0.00s)
    --- PASS: FuzzRuntime/799934998cffb5af09b4fa7d14992946a81fc87d (0.00s)
    --- PASS: FuzzRuntime/7ac38ae57a0e874f459e813af1a0fa7302629517 (0.00s)
    --- PASS: FuzzRuntime/7b322c69a66558c374667d993b696443f02eb1cb (0.00s)
    --- PASS: FuzzRuntime/7cc3938c3de11265e3e712318c82d38030abd15f (0.00s)
    --- PASS: FuzzRuntime/7d5898d3984210057e916220ad74e55060c7802a (0.00s)
    --- PASS: FuzzRuntime/7d88a4bcf7f0b193a3a363a9659a706b9f827936 (0.00s)
    --- PASS: FuzzRuntime/7d8e329735f88cda5fa1abbd16d4a150fbee2940 (0.00s)
    --- PASS: FuzzRuntime/7db5cc99e1ebcd9840ca012bdf82b19714b68631 (0.00s)
    --- PASS: FuzzRuntime/7e9035c4a9fff03494992f01c0bfc7d74e94ec49 (0.00s)
    --- PASS: FuzzRuntime/7ea9f7986e285a59340b72995118ed526c874e13 (0.00s)
    --- PASS: FuzzRuntime/802f09254698c9e73b78f9c13a6a6f2f47b215ed (0.00s)
    --- PASS: FuzzRuntime/802ff1853220a5383a9f0a2297862f7c5089ba6a (0.00s)
    --- PASS: FuzzRuntime/8036348d633bdbd2d1f5c96e6494a460cd00a951 (0.00s)
    --- PASS: FuzzRuntime/81cb37f99fe0dd2a3cf51eb0cbb367d608787d8a (0.00s)
    --- PASS: FuzzRuntime/828b48c634eae2d48e7a7f2771bc89d9f5c31c94 (0.00s)
    --- PASS: FuzzRuntime/830c3b7114fd69be1d0ba4c85a74e84f137aed2a (0.00s)
    --- PASS: FuzzRuntime/866f85884a81d8f3e7de5103acbd5333791c919c (0.00s)
    --- PASS: FuzzRuntime/867b27edd4749218b9e12a263b3ac752770a0a40 (0.00s)
    --- PASS: FuzzRuntime/87b2d9ac7256bc05e4f30c3379f60b1c221558c0 (0.00s)
    --- PASS: FuzzRuntime/88af8d71127a9fb215b1c70cfda08b06d1e02e25 (0.00s)
    --- PASS: FuzzRuntime/8a968ea850d86e2c2528a7b0e7c9207c4cb0e1e4 (0.00s)
    --- PASS: FuzzRuntime/8aa0d15e1e3844d1ef71e1a99ff49f4615f0960f (0.00s)
    --- PASS: FuzzRuntime/8ab31d6f2c771aebcbdfe7a9aa87add84f1203a2 (0.00s)
    --- PASS: FuzzRuntime/8b47483f21ec268a50208b7a855ba839fe54d358 (0.00s)
    --- PASS: FuzzRuntime/8b9227df28035dd89083f818bd51f596942bc360 (0.00s)
    --- PASS: FuzzRuntime/8bedb8b1cd937601edae400e3f533d5bb665f26d (0.00s)
    --- PASS: FuzzRuntime/8bef0c40a62a7fa430e1e2ad96c93818d79daf4d (0.00s)
    --- PASS: FuzzRuntime/8cf45a2db7736b4ede03492db3681a511d8d0747 (0.00s)
    --- PASS: FuzzRuntime/8ef68b34d03a2a14682771ce175b6f4048401a8e (0.00s)
    --- PASS: FuzzRuntime/8f206d42e624517e483d9b4a77daa56158c60ab4 (0.00s)
    --- PASS: FuzzRuntime/8fbd9bde5e6361077fdc9787d7d64857aa4eee88 (0.00s)
    --- PASS: FuzzRuntime/8fd5a8d878ce7a6530424d348219d6577fd15480 (0.00s)
    --- PASS: FuzzRuntime/922b8092c02938ebb445a3904a608cb115e4c329 (0.00s)
    --- PASS: FuzzRuntime/942c273107d433041f2d02bd541c7029f72023f6 (0.00s)
    --- PASS: FuzzRuntime/9462a029c8d90c39bc3cc163bc3ddab97372f0d6 (0.00s)
    --- PASS: FuzzRuntime/94948894228b10dec2a9353db9bb156eddc43f9b (0.00s)
    --- PASS: FuzzRuntime/95079147d9cbb9a7fcccba1502e772ac7fc17e05 (0.00s)
    --- PASS: FuzzRuntime/950bf4315e54dcf7e467b7411a52ae8cec120c8a (0.00s)
    --- PASS: FuzzRuntime/95432f4a3f1efdb52420f26e9a35ef460d967966 (0.00s)
    --- PASS: FuzzRuntime/957ffbb628c0ca65f8db5676c5424c89a6b0d908 (0.00s)
    --- PASS: FuzzRuntime/96ab01a5aac89ffb58bf716ca6d8ddcf3e3c9ce9 (0.00s)
    --- PASS: FuzzRuntime/971d8aaeabdb8d3f2eb3011ed54c3752ce69689f (0.00s)
    --- PASS: FuzzRuntime/9ab7e49997a8d19acbf3e77efaf23b3f681e86ac (0.00s)
    --- PASS: FuzzRuntime/9afa7d0fc90b6f0785ef8234277d3ddba128fb07 (0.00s)
    --- PASS: FuzzRuntime/9b3ac5ef8c0cf68085ffa04a7b412e3166cb0686 (0.00s)
    --- PASS: FuzzRuntime/9d69539fbd967947763013e1f14ac58ee94fe38c (0.00s)
    --- PASS: FuzzRuntime/9e8ea7311803d0d4ac20b0204ac9b7c7e7dbc48f (0.00s)
    --- PASS: FuzzRuntime/9ef1208d91bd6764c467f34545eb77492cf0cab0 (0.00s)
    --- PASS: FuzzRuntime/9efab66861a31565f9184949a1bf779f0194bbc3 (0.00s)
    --- PASS: FuzzRuntime/9f1b629e0b5c4d6ec618d237062a51d1c71c87f8 (0.00s)
    --- PASS: FuzzRuntime/a04f6a156224cb4dfe398559015503b855fa08c5 (0.00s)
    --- PASS: FuzzRuntime/a09993c5149637784f9c62a264d929bfc8f4afb0 (0.00s)
    --- PASS: FuzzRuntime/a1511f06742b07e1e9a1e5baecd9aaa29c6f1612 (0.00s)
    --- PASS: FuzzRuntime/a4a67e465d48f6bf4b4dae07734156a8ccc90324 (0.00s)
    --- PASS: FuzzRuntime/a628bac085be484df360e70599614c5fc7a36ef4 (0.00s)
    --- PASS: FuzzRuntime/a6b75a39a40164065fda9c77fe7552c88e2fc3fc (0.00s)
    --- PASS: FuzzRuntime/a7293be4dc0543439b22b0c40dfb7ee6a7d974fc (0.00s)
    --- PASS: FuzzRuntime/a7297c70ceb28170ad7838a32adefda1997b19f9 (0.00s)
    --- PASS: FuzzRuntime/a77b7f6de5bfe56ee0f5635248e77158ac764da8 (0.00s)
    --- PASS: FuzzRuntime/a8844eb6b2419992a715004288a1389606926452 (0.00s)
    --- PASS: FuzzRuntime/a93a8d232f847d40094320fbeb54be4dd512ef8f (0.00s)
    --- PASS: FuzzRuntime/a9e566e799afd1f9185eb72951277aa903d05972 (0.00s)
    --- PASS: FuzzRuntime/ac5f7bddd2198de224dccad25f310833df0ec4e1 (0.00s)
    --- PASS: FuzzRuntime/ad38742b47b5c1853f29593c2ebc9e98ceb48211 (0.00s)
    --- PASS: FuzzRuntime/ad5721bc923cfe5819cb024da57d6f030bac5a57 (0.00s)
    --- PASS: FuzzRuntime/adc414aaf74a08d20d4460338bb052a8bcfe7db4 (0.00s)
    --- PASS: FuzzRuntime/adc83b19e793491b1c6ea0fd8b46cd9f32e592fc (0.00s)
    --- PASS: FuzzRuntime/adc8ff5ba5396d4a2862f023b65c0f0ee0faf2bf (0.00s)
    --- PASS: FuzzRuntime/aec9c2c524c408b2dd3f922a8bfd426fe6dfe1fa (0.00s)
    --- PASS: FuzzRuntime/aed6de23c6145b8027c715098c40ff9f45fea0b6 (0.00s)
    --- PASS: FuzzRuntime/aeffc24dd95c81b2c92778defa5c4751d521eed2 (0.00s)
    --- PASS: FuzzRuntime/b07498c84bfc2c3869f30eb3692d9d63d6860771 (0.00s)
    --- PASS: FuzzRuntime/b268b4ae519dd0282e05eca78f7abbab9487fd08 (0.00s)
    --- PASS: FuzzRuntime/b2cf76a3abf691236eef9dedcc119eb8d56eab74 (0.00s)
    --- PASS: FuzzRuntime/b33098b9d44350e723dd614152a37ef189cc9f1c (0.00s)
    --- PASS: FuzzRuntime/b3e6634eb8d91054642532dd3b17027ffb7c2e90 (0.00s)
    --- PASS: FuzzRuntime/b50c9bc371743f150f964a343a9bea982b710bb9 (0.00s)
    --- PASS: FuzzRuntime/b59c712896d671af816ff79e1fcc9bfc5a759dff (0.00s)
    --- PASS: FuzzRuntime/b5ffd468aac773504562119126ac3320756f2936 (0.00s)
    --- PASS: FuzzRuntime/b60854eb786760b9d07cf774e24c02137c3545a2 (0.00s)
    --- PASS: FuzzRuntime/b6abb64e0d2df222cafddd36fc6f97bd5ac64b0b (0.00s)
    --- PASS: FuzzRuntime/b7144a01af4f285ced31d5e04968f5b1c7decc8b (0.00s)
    --- PASS: FuzzRuntime/b7214e02dcaf64ee2beb23fdc12405894186e212 (0.00s)
    --- PASS: FuzzRuntime/b7ba159fc3c9c4639328f9c50d8a97d2324d56b5 (0.00s)
    --- PASS: FuzzRuntime/b7ca6ce641802e94ed1911998e1fc821ce4073b7 (0.00s)
    --- PASS: FuzzRuntime/b7cffcfa84f79f65fb78babdb2d5e7258c9c32e9 (0.00s)
    --- PASS: FuzzRuntime/b7e21472e3b3488efe7bb929ba20c57c25eff6c3 (0.00s)
    --- PASS: FuzzRuntime/b7e4737b1628dfc34e8e904fa5c14dc6160748b9 (0.00s)
    --- PASS: FuzzRuntime/b814dfb419a0022c46884ee3d506ebb790522da8 (0.00s)
    --- PASS: FuzzRuntime/b844ad5c2c9f0e11d0a9f0738377a8e69135b326 (0.00s)
    --- PASS: FuzzRuntime/b8b85ceba3c2bbf5881eb194e2a9c03dd184aac5 (0.00s)
    --- PASS: FuzzRuntime/b8d0af5142cd5e29043321dc51592657b53272cc (0.00s)
    --- PASS: FuzzRuntime/b8dee30dbdfdf47f38a2508fe14fb792a8d1897e (0.00s)
    --- PASS: FuzzRuntime/bab820dda1199f2f63034bfcc0517cecf32ae4cf (0.00s)
    --- PASS: FuzzRuntime/baf802aee4865704689d00a01cd864cc6752244f (0.00s)
    --- PASS: FuzzRuntime/bb980a579f3d49beb545e123d159244f6bd62ea4 (0.00s)
    --- PASS: FuzzRuntime/bc2e032b14bd2f018656788e66a06184712aec4b (0.00s)
    --- PASS: FuzzRuntime/bce1adacdea42c4224cb4939d3c80a0a3bb51314 (0.00s)
    --- PASS: FuzzRuntime/bcfca40f43d5385f74423317df43a505d4ee58aa (0.00s)
    --- PASS: FuzzRuntime/beb5def7c3b02ddaf5a2e8d910f3befee60128f7 (0.00s)
    --- PASS: FuzzRuntime/bf83d2072d52a24b7f6e82496a7a20916c54d590 (0.00s)
    --- PASS: FuzzRuntime/bf87c9a93460b3aa80cbcc36757c8c052d6cd840 (0.00s)
    --- PASS: FuzzRuntime/bfd22ce1eeae2cbdfa2957a80c6d579676a62f52 (0.00s)
    --- PASS: FuzzRuntime/bfdfba8897e1b9180ed639d63188393930c806ec (0.00s)
    --- PASS: FuzzRuntime/bff0f8b7841171e1f3ec6447e0191317769dc385 (0.00s)
    --- PASS: FuzzRuntime/c088971fd35603439d0dae1ca5dede043b271eb9 (0.00s)
    --- PASS: FuzzRuntime/c230dd51236f419476dfdbd4a3ea2eff18e4045a (0.00s)
    --- PASS: FuzzRuntime/c3edb941448689e6cf89e6d5f7d56bc39a2c84b1 (0.00s)
    --- PASS: FuzzRuntime/c548da65bb3a1e9bd90f20fd1d752bd5b17e0c77 (0.00s)
    --- PASS: FuzzRuntime/c601908ae7e8390e0dc66f210d7314638a7cf1f2 (0.00s)
    --- PASS: FuzzRuntime/c606806cbf0a3f889a31108559e75ddc9a11b941 (0.00s)
    --- PASS: FuzzRuntime/c7fb7cc58007eca652adb7816b83a609e0117e41 (0.00s)
    --- PASS: FuzzRuntime/c84fda16db70d7049d542c8eb90fc53f587477d4 (0.00s)
    --- PASS: FuzzRuntime/c85b9f2bb3147fa96898e14427d576fe1ad304d4 (0.00s)
    --- PASS: FuzzRuntime/c9d725156146a41e20a76586798e14f482174ada (0.00s)
    --- PASS: FuzzRuntime/cbab127949bc5a4d84277b82812eeb93cb34d60d (0.00s)
    --- PASS: FuzzRuntime/cc5030f3416b7f19ad4c25cb9aa686c6e10c33c7 (0.00s)
    --- PASS: FuzzRuntime/cd71d1578dfcfd7b1338641969e2886f35927666 (0.00s)
    --- PASS: FuzzRuntime/cff92f186e2d2c5eb3d94fe990d41f29daab2609 (0.00s)
    --- PASS: FuzzRuntime/d060fdea9c40dfffff781ac8b2038d1fa312efe4 (0.00s)
    --- PASS: FuzzRuntime/d0e725a1ccf7090bfc4037b2f8138318e3197ea1 (0.00s)
    --- PASS: FuzzRuntime/d1570783fc50e48827c85c681936ea0bfe716139 (0.00s)
    --- PASS: FuzzRuntime/d18fc9799cb999e9a5b478bd103f1f51f2c8e67b (0.00s)
    --- PASS: FuzzRuntime/d1b92d088793c513bc4871876e86bb0c4d0cdf3c (0.00s)
    --- PASS: FuzzRuntime/d2bb11cc8139413ce72f72559a5b8c94e75e8d6e (0.00s)
    --- PASS: FuzzRuntime/d392a3ed60bd9aadd810c8d886e50b46909e46a6 (0.00s)
    --- PASS: FuzzRuntime/d3a258def9d92840990c59c30e29c2a9c9e4b2a6 (0.00s)
    --- PASS: FuzzRuntime/d5794ba023eced97ca43f3b78ba3fb6ca928a175 (0.00s)
    --- PASS: FuzzRuntime/d6849e735415a38f840c311b36e63ba387f25ae1 (0.00s)
    --- PASS: FuzzRuntime/d7bb4173a08e3ca891e4a6c886dd10411f00fa8c (0.00s)
    --- PASS: FuzzRuntime/d8aa070c2862ec727f6d3227369089568828844a (0.00s)
    --- PASS: FuzzRuntime/d903013dfba232a56a7303d04cb44707adf8113f (0.00s)
    --- PASS: FuzzRuntime/d903548c5250ca5b8453ebc93cbf3d09c890d6cf (0.00s)
    --- PASS: FuzzRuntime/d9501bcc9f40c5f7e41378b32f84cd0466e658fa (0.00s)
    --- PASS: FuzzRuntime/d999005043c5177fe871826366fb1ef68dde945c (0.00s)
    --- PASS: FuzzRuntime/dd6fbe879791a6e5d5dd7be064f5c67952c42543 (0.00s)
    --- PASS: FuzzRuntime/deecdaaf18a2944f9ba2c442b9716426fb154905 (0.00s)
    --- PASS: FuzzRuntime/e05c49bad32b4db289ae4bdfdf885a20b31972c2 (0.00s)
    --- PASS: FuzzRuntime/e1408129d627296e9fb097978a82567e3f82b106 (0.00s)
    --- PASS: FuzzRuntime/e24e5e147de907a48503721d1fc92e9fa111e7be (0.00s)
    --- PASS: FuzzRuntime/e4669b9dba4ce65d20cc8adc12e118016dece692 (0.00s)
    --- PASS: FuzzRuntime/e471ffe6b610e2a3e6db9a802253a35f51c14e5a (0.00s)
    --- PASS: FuzzRuntime/e55dc3e57ea6f4c2db86d4fb76b92632b7717e79 (0.00s)
    --- PASS: FuzzRuntime/e56f868d901d9a58e790633fe388a2e631e94356 (0.00s)
    --- PASS: FuzzRuntime/e5cca28bb0b09918b89829246cc9cbd64c216a0a (0.00s)
    --- PASS: FuzzRuntime/e5f4dd4b0dc568b6401126a0b7a234ac7e9594c9 (0.00s)
    --- PASS: FuzzRuntime/e6356af0d8e703760281cc1fd09191283bae313f (0.00s)
    --- PASS: FuzzRuntime/e6824f3a261b9c619357be90688bc99b08999c43 (0.00s)
    --- PASS: FuzzRuntime/e69f7162dfcfa095e714af8b9061715135a25ba5 (0.00s)
    --- PASS: FuzzRuntime/e918eeacca212fc32a08b12e1dc9e4135fcdcb75 (0.00s)
    --- PASS: FuzzRuntime/ed0936b8c93bbbc928315617b5f78e84a06c574e (0.00s)
    --- PASS: FuzzRuntime/ee2c854519e8221a2b663b99812b53b5f0305555 (0.00s)
    --- PASS: FuzzRuntime/ef17e4909ae86ed590f27f10ef06c42cc1f63b75 (0.00s)
    --- PASS: FuzzRuntime/f0841923729efc5948cfabac83410fe41d882b58 (0.00s)
    --- PASS: FuzzRuntime/f0beca2624a111b69e722b8de7ccee5844c37e86 (0.00s)
    --- PASS: FuzzRuntime/f103edad25a23344dd35a696f3f9d7b2904a1adc (0.00s)
    --- PASS: FuzzRuntime/f1f319b5486c0c96da649670d4e88393b86402cb (0.00s)
    --- PASS: FuzzRuntime/f206752b605d73444a66aeb9e61d6b48280c16db (0.00s)
    --- PASS: FuzzRuntime/f2c7b98dc31a8d6ab7392421800ca5fb585cc85e (0.00s)
    --- PASS: FuzzRuntime/f3b2b919d42bf9a2b633c46aca3cd2dc32b8d211 (0.00s)
    --- PASS: FuzzRuntime/f47463111ac8691ca0bc7750e6a10255aa4984c6 (0.00s)
    --- PASS: FuzzRuntime/f4888be820f7f9816a213520a7b75ab362b869dd (0.00s)
    --- PASS: FuzzRuntime/f658a5c51fc61b4a53f186dfcae9b6db13f1b35c (0.00s)
    --- PASS: FuzzRuntime/f6dc61a041d1100090cc1c1a19828326058b7ca3 (0.00s)
    --- PASS: FuzzRuntime/f7783f3f747fb11b726a10a004d5c7ac0a33ee93 (0.00s)
    --- PASS: FuzzRuntime/f8537945c5139d439d93fbad3c3ba91134fd236d (0.00s)
    --- PASS: FuzzRuntime/f9692fdd8ff1a3fb60e55d46f00ef4e38ee5a3fc (0.00s)
    --- PASS: FuzzRuntime/fb1e8dae6f4b8be1d10cb7911e81c57e03680fe1 (0.00s)
    --- PASS: FuzzRuntime/fbd4de4385f27dfd4b10f70fb1f67e10c4af2de1 (0.00s)
    --- PASS: FuzzRuntime/fc4b57fa459e3685e4a8f98b13421e8a36eb20c7 (0.00s)
    --- PASS: FuzzRuntime/fcf776465ff8db35119b214908c1978378192f9a (0.00s)
    --- PASS: FuzzRuntime/fd98e075f9181331f5086f52ac455a7410a10b26 (0.00s)
    --- PASS: FuzzRuntime/fe83240b6e3c77fea3cc38c168e104b799e95fe2 (0.00s)
    --- PASS: FuzzRuntime/feede6964115f148fd7e52d4b5bdfd1a98e4a084 (0.00s)
PASS
coverage: 100.0% of statements
ok  	github.com/morph-l2/go-ethereum/tests/fuzzers/runtime	0.107s	coverage: 100.0% of statements
