=== RUN   FuzzStacktrie
=== RUN   FuzzStacktrie/00fd1d57a3467976067ddcafc713792723ceda64
=== RUN   FuzzStacktrie/013e841401c15e9ec5663ec049345100e68a55c1
=== RUN   FuzzStacktrie/0161034281c4abb258693cb1bb328130d024dc82
=== RUN   FuzzStacktrie/01cf5b4d9d2dcf79d0287b10a0460941da096135
=== RUN   FuzzStacktrie/03b1f74fe78b176e0727d06a378c7bce65776d63
=== RUN   FuzzStacktrie/04534fc2d8df9fae7f533dcad6b255fec1314f64
=== RUN   FuzzStacktrie/07d34a56a50dcc3461dfe2559086d7e38cd3d31b
=== RUN   FuzzStacktrie/08ee4719072582cddead28dc766573076351b706
=== RUN   FuzzStacktrie/0a38d4d5177fe69140d45e4d0e1d76f2badb0949
=== RUN   FuzzStacktrie/0aa2ae06143b09f57888e2ebef43d78425647caf
=== RUN   FuzzStacktrie/0b289d33c520010d0734b48dfee0b3fb56dbb3b6
=== RUN   FuzzStacktrie/0b31e447a6ba50e5c10d6f43a2fa63cce34871d6
=== RUN   FuzzStacktrie/0b4d65aab459a67c7e648c05822d3eb672189b74
=== RUN   FuzzStacktrie/0bcea17025e45e174c3e57bc8350188a1633e628
=== RUN   FuzzStacktrie/0cba67c917e72e48627dc28c4091c1b837708119
=== RUN   FuzzStacktrie/0e94a5fa4cf294b0cb8d96fd7f3429d5ff29ccc3
=== RUN   FuzzStacktrie/0e9bd61634f7d782fd8630034dc56619b7612e67
=== RUN   FuzzStacktrie/11554db8c357314784048c79fb252ac9febbdc3b
=== RUN   FuzzStacktrie/12c1c3894699a2f47207a3c336d43ea53b7803d4
=== RUN   FuzzStacktrie/12c44f405f3de9ce7e42aa1078134261153f1209
=== RUN   FuzzStacktrie/133c2b4133f514f35b68094995207f8bb4907e6e
=== RUN   FuzzStacktrie/14b3e79dec8c473300bdd42c2957039cb1bd84f1
=== RUN   FuzzStacktrie/16d2eae16eca736f930b93d96e5ca8eee3ac79c8
=== RUN   FuzzStacktrie/187d197a330586b00bc33c6c966775e9870344d3
=== RUN   FuzzStacktrie/18b2985b95d2279871c28a61b0e47a9bc853c46d
=== RUN   FuzzStacktrie/1c0451b48a5ff923b1dceed03f8874e6fd76d1b5
=== RUN   FuzzStacktrie/1c661af784e0ece037e64f9e24008ab4c2e93039
=== RUN   FuzzStacktrie/1c7c6b38b1243c27e6d4046de0a1a0fc7cae36ab
=== RUN   FuzzStacktrie/1c87c6c2e510469f756a097f712db08b9b01a86e
=== RUN   FuzzStacktrie/1d9492f93a03112b7526061a6df8ef143bf86971
=== RUN   FuzzStacktrie/1ebfe11398e1ef007e239d7f51a804a0b9da9d1f
=== RUN   FuzzStacktrie/2023327f24ed52d69bb999c3a242bcec5a7d5c74
=== RUN   FuzzStacktrie/20efff3d40ea93d2f15b3d284722d642aa181a94
=== RUN   FuzzStacktrie/21b465bf1c403fc55e95a61c965dd422edd0afc8
=== RUN   FuzzStacktrie/21d7d75fba159f5ccfefb21b0fa9ca128b842879
=== RUN   FuzzStacktrie/2323cf4604086c9dd7368727531005b78faf42f8
=== RUN   FuzzStacktrie/2370e05566acadd8ecb04034c12e36729c894f84
=== RUN   FuzzStacktrie/238d584b44722c76a122858fd5cf2a8c578e5595
=== RUN   FuzzStacktrie/239c54e8888fb2ae06f5b2742c2eca7e24e94214
=== RUN   FuzzStacktrie/24590ded5eafedd082b8475975f9330645d77527
=== RUN   FuzzStacktrie/25a62792a97307d80a64bea3cb6f21b327dce00c
=== RUN   FuzzStacktrie/25edcc2a0b3a17cba157192a5dd9830b99063726
=== RUN   FuzzStacktrie/2645da2a4c034f9be17e3a194a9ad43d4af79e4f
=== RUN   FuzzStacktrie/27bc8a06888eb6f25ba118580f807ed7561b09c9
=== RUN   FuzzStacktrie/28bccb73e0c16a519c7afb3ba6ff795a42e0d372
=== RUN   FuzzStacktrie/292e4d4bc9403cad66be7e933efdcac3e30a0c2b
=== RUN   FuzzStacktrie/29c0c546ede93ee9f2a78b62e153fa3568237fb9
=== RUN   FuzzStacktrie/2a24d011efa8077d852d7a8803bd1244788a3ac5
=== RUN   FuzzStacktrie/2befa825543ce7f02f8ee3e183ee903183adf440
=== RUN   FuzzStacktrie/2cde3e98d9329345003d2e9dc2d38a4b83545b03
=== RUN   FuzzStacktrie/2d2627afe9156625c5527f1dbf285f517b9cba13
=== RUN   FuzzStacktrie/2d3446cdb72c1a1fe4d8c952e95a6f87b8f8b023
=== RUN   FuzzStacktrie/2f310103f03f04224dc3f60626e15cb15dedb4ac
=== RUN   FuzzStacktrie/2f33f6d198daef71cb8df49c4e3c3102aee5f8b1
=== RUN   FuzzStacktrie/2fdbc60f7056246c89e8090e9765898892397d2a
=== RUN   FuzzStacktrie/302c54ac203e8f5349f9407ffd41e4e154f37f62
=== RUN   FuzzStacktrie/31bf56af27d392279861c6aeaf2b12136b06d6e1
=== RUN   FuzzStacktrie/32bc02ca92f46a41eb2f9d960dc4c9b88c77bd8e
=== RUN   FuzzStacktrie/3673f428e525745113ef3836ea12c3c1673b85e9
=== RUN   FuzzStacktrie/38c79650760b68868b5d86e5effc6119542d72fa
=== RUN   FuzzStacktrie/38e128252b92ea1f87b80c86fa872e24a5cf95e1
=== RUN   FuzzStacktrie/398c3ea22e4db60868492f5dc7ab76c1e6c03f86
=== RUN   FuzzStacktrie/39ed3e42fc4f1cae57f372e3cf0a8b78bb9c2970
=== RUN   FuzzStacktrie/3b6446437e269c89d24b3e36b0ffdc1c8c8b306b
=== RUN   FuzzStacktrie/3cf01e7fcaac1bdda8017ccfa18bdc84f0f14394
=== RUN   FuzzStacktrie/3cff17f800564622dc71c28a504bc0fdbf24ba5c
=== RUN   FuzzStacktrie/3d2abcb472700c0cbe408e809afbcd00114a8ffe
=== RUN   FuzzStacktrie/3d7cb115c6354172eb62dde34160c213a418d511
=== RUN   FuzzStacktrie/41488a644ddb89f9118f1e716764982a57b286e6
=== RUN   FuzzStacktrie/42718c1cb7cb1f6d7d103ca698e01ea41d539cf9
=== RUN   FuzzStacktrie/4391688b34c8a101edc15821cbb47435b6619c9d
=== RUN   FuzzStacktrie/44a24b15b6069724275480c5a80e2f63396aa1fb
=== RUN   FuzzStacktrie/44e482bed9a00ecd907b60ff663874ac69889cfa
=== RUN   FuzzStacktrie/45dd0e189c91ca579f29ab47306635924531101b
=== RUN   FuzzStacktrie/4726d90e930dd7a857cd0239938fdad3e4fda600
=== RUN   FuzzStacktrie/473b739de165c65d9594bd4f37f0a38d2ecb58ba
=== RUN   FuzzStacktrie/47cd54559e4e2082b09d70252d546818778b7149
=== RUN   FuzzStacktrie/4a792077ab1af0ef64837a58a6b3e8e853846bfb
=== RUN   FuzzStacktrie/4bdbc846df25f790bcea32ed00760760ffada47b
=== RUN   FuzzStacktrie/4bf0adf8496a3b3a5bdb57e1f7cc47daef575cc4
=== RUN   FuzzStacktrie/4bf8940ef832fc6a4b7aa4c5efc55c28f62ab8af
=== RUN   FuzzStacktrie/4e475ee9a19618c535444255801af4f09872d6b5
=== RUN   FuzzStacktrie/5252c3198228152e358e89e40ee3e79b9a76477a
=== RUN   FuzzStacktrie/52d3e1e0644d1d51114d212589573178615a24f1
=== RUN   FuzzStacktrie/540744384516f5b0d27709c9872963197178cb92
=== RUN   FuzzStacktrie/540745eab0709f9311acd481b7e388fa88de76e3
=== RUN   FuzzStacktrie/55d48cfcf13e03496290a4eafa3b9584dc7a63f4
=== RUN   FuzzStacktrie/57441ae260c6feda32b5efa6f66096f81e3a2037
=== RUN   FuzzStacktrie/57911b0feef56840d3994feaccb509073de17493
=== RUN   FuzzStacktrie/58617bde2285a32c3fbc72a145ec03991d5373a3
=== RUN   FuzzStacktrie/5893d6d6683eaa2ea638e687688ef3d114b8d607
=== RUN   FuzzStacktrie/593c41a738f2be21f4948059e1eb62e3d231f43b
=== RUN   FuzzStacktrie/5ba93c9db0cff93f52b521d7420e43f6eda2784f
=== RUN   FuzzStacktrie/5bf4b82cb36903328e9879d863d01475a84b091b
=== RUN   FuzzStacktrie/5e022fb95a17fdc6e6b6b39c70cfef167f3ed80a
=== RUN   FuzzStacktrie/5e446d75e4204eac1f2545770987ce424612ad27
=== RUN   FuzzStacktrie/613ce22713f5e6e9d385aaa01bf0eac90746a8f1
=== RUN   FuzzStacktrie/616cfc61796d702579d26d5b73f56cf0ce18482b
=== RUN   FuzzStacktrie/642c0f1798d3ee72be1bb814ce27bf215c658b00
=== RUN   FuzzStacktrie/642d275486e85b26782441f7c2215c78ce16dbe9
=== RUN   FuzzStacktrie/643c3ed276d00f0827951d4c9c3be5de93ca1d30
=== RUN   FuzzStacktrie/6551d328d7331376084833540f29cb514bc98585
=== RUN   FuzzStacktrie/6920f26410280355d98b7dc3a64ee3a9fa5ffc53
=== RUN   FuzzStacktrie/6a24f4245125ccad373e7ac1fbd33557569e1876
=== RUN   FuzzStacktrie/6bec85f0f0408d4abc501bd61c7cfa7e8fd03f77
=== RUN   FuzzStacktrie/6c78da2b77a4fb3c82b54e52d7ff76c1607d534c
=== RUN   FuzzStacktrie/6e61b339cef02c7cb18b1afe7a99986c7a605422
=== RUN   FuzzStacktrie/6eac0791bfda9a0fc0b134246596ef85d0f6f513
=== RUN   FuzzStacktrie/6fe8a62e4aa9369d2910ab016e91a7dd952ac8b0
=== RUN   FuzzStacktrie/71853c6197a6a7f222db0f1978c7cb232b87c5ee
=== RUN   FuzzStacktrie/7229f518d2796bbe703b17dcccf9c8c4b194379e
=== RUN   FuzzStacktrie/73e3c484e7caf4ff71ee738eef6bb7114a766af1
=== RUN   FuzzStacktrie/73e5e996631068eca6e51ed335fdf1603681da28
=== RUN   FuzzStacktrie/74ae8f761f0641e1ab0a4532446850865bb4e784
=== RUN   FuzzStacktrie/759f0cf2658c959a072197d2c6558620c7a9a76d
=== RUN   FuzzStacktrie/760029f02f995933b8369f92fec7c5047a7f7de3
=== RUN   FuzzStacktrie/761850f7e74a2d2cca022f7881e6ea73013b1c77
=== RUN   FuzzStacktrie/766f91447e0695e6a7c329cc8b54b488d1e43564
=== RUN   FuzzStacktrie/799c796c80ecad4320a5cd4a6f966cd861e5a936
=== RUN   FuzzStacktrie/79fdb12020b1bf204295b78fabfb61f5274c7bf1
=== RUN   FuzzStacktrie/7a09d4ca382f5efb72b62682ecfc12a91ffb4e58
=== RUN   FuzzStacktrie/7a47d80a32ee6b749077e492d23406f4a447c69c
=== RUN   FuzzStacktrie/7b568b6943eabeedf6b65b84091241bf41c63baa
=== RUN   FuzzStacktrie/7b6b412924cc9b2a71dc97d202880640bf476978
=== RUN   FuzzStacktrie/7b8309f7f68459b159bf7d9317d197b0d83a2583
=== RUN   FuzzStacktrie/7b9385e8526286ac290f60d3dc1ff6640f90ff87
=== RUN   FuzzStacktrie/7c980f4037e1730c91d43a3e57e957120fca0170
=== RUN   FuzzStacktrie/7d3b00c877f61bed4cdd0bcd75a428a012d4e4e6
=== RUN   FuzzStacktrie/7deb946b4f3314a678000f082650d33af6c3e33a
=== RUN   FuzzStacktrie/7ea74ed2301b06d5bf93bf346a57a63035794904
=== RUN   FuzzStacktrie/7f196bfe353a8bdaf27b28e047cdf22d9e77b7cd
=== RUN   FuzzStacktrie/7faa1f5534b40829621c98fdebc2bac7a4912105
=== RUN   FuzzStacktrie/8085dfe10c2deca9bbf3e10d52bdfa6bfc70cddd
=== RUN   FuzzStacktrie/80a770cb2c9efe5597ee633da9bfc5575ca9817b
=== RUN   FuzzStacktrie/8137c16fccca5d7d3c759c0022399de12d472024
=== RUN   FuzzStacktrie/8154d1d06c00c70c42a927aa82d4ac42fac4cbe8
=== RUN   FuzzStacktrie/81f45e7aefd05fcdd6bba967eafdbef3d1316d0b
=== RUN   FuzzStacktrie/8466fa62fe0c8a0aaa023ce9fb84be161f452c8b
=== RUN   FuzzStacktrie/859da0b5df5c40a9b7d0b997714cae933a6cb510
=== RUN   FuzzStacktrie/86233784ad57117f204fbaffebc164453a7930d9
=== RUN   FuzzStacktrie/876c8ab5dbe2c20814b906463f81c8468c2af41f
=== RUN   FuzzStacktrie/8a58feb9f630e2100df83e409a9c9950bc2d7f40
=== RUN   FuzzStacktrie/8ad12a73ca6d299eacac7f0f81316a3f298ab1dd
=== RUN   FuzzStacktrie/8cebd96cafe12079ae688bc7d664c3d0fdd3e842
=== RUN   FuzzStacktrie/9198c12deed380a8e5f74e9f35a4253dd32fbf15
=== RUN   FuzzStacktrie/926a055309fecb555b6caa617abe13cee8b12949
=== RUN   FuzzStacktrie/9280aa369ccce6081b72f64a2c02cbeb9fac3e25
=== RUN   FuzzStacktrie/92860224a76f38fd40ebe61199c21d3447ae8844
=== RUN   FuzzStacktrie/9299a23c37148d72166413e0335c6692c11f1a66
=== RUN   FuzzStacktrie/9434d2309f2785b88f87d4e41bc672a90cb26024
=== RUN   FuzzStacktrie/94f936115470ce0083d3ac1289544eb041828a27
=== RUN   FuzzStacktrie/9654f344210cfedd3e7e96ef68bf2211f09eee04
=== RUN   FuzzStacktrie/969a9f18cc81b7ffda7c545e4b17fb130afbe642
=== RUN   FuzzStacktrie/972aeb0dcef66a0074f1ff1329a37cf96e034278
=== RUN   FuzzStacktrie/9876e744ff6a4cbb819547dc3a842eab27091df0
=== RUN   FuzzStacktrie/9998b5acdad77f2b2576bf065342223dae8297ea
=== RUN   FuzzStacktrie/9cd4ced12b0b232a3eb6c97fe30aaa72e704ef55
=== RUN   FuzzStacktrie/9e5d3af7bb5770249469c4bcdd8f396fabac9090
=== RUN   FuzzStacktrie/9e5e8ff014871ab5171fb37e449384fdbb03c02e
=== RUN   FuzzStacktrie/a0a7ff6a8ec08de8260a6dc6bb42f6dbfdfa5a23
=== RUN   FuzzStacktrie/a0f5b99c2186d369c93bd61583a76033bcfe09a4
=== RUN   FuzzStacktrie/a206198d17dbc707105d0c06dc46507b42144690
=== RUN   FuzzStacktrie/a21c44980db2b1d0dc9ae815a36801a925f75506
=== RUN   FuzzStacktrie/a312e1b4e8c2fa80df19fb4d4336ae469b1beb8f
=== RUN   FuzzStacktrie/a5c35045beacde89d5c2351c6ee34d7e1d0b05fe
=== RUN   FuzzStacktrie/a5c89d597b89e4e10dd0ccadbafb4566580910ca
=== RUN   FuzzStacktrie/a780c58f6972f7c9f788294477be83ba51527d0f
=== RUN   FuzzStacktrie/a86683045fd687b2bdfe7409660d876a63b0c4f0
=== RUN   FuzzStacktrie/a8910ee8e60c9a804d2570585011bed323c70a7e
=== RUN   FuzzStacktrie/a98f8679fadf526fa74ff1c850eda3e732489aad
=== RUN   FuzzStacktrie/ab285e60c41b0df24a625c03d3e04476ecb50d0f
=== RUN   FuzzStacktrie/ab3efc23190098b494b42391a1d7081e8674301d
=== RUN   FuzzStacktrie/abe2b5461ca53d7e7509ae4f1c8c791808db6806
=== RUN   FuzzStacktrie/ac678e83a64f5d13bc9aa5b25517e5202aa3bda1
=== RUN   FuzzStacktrie/ac70c5ece8fd1c71c3e6964a12e05539cd1de0c5
=== RUN   FuzzStacktrie/ac8b050f6a950be57fd4abdc2fb16c7d447f903f
=== RUN   FuzzStacktrie/acca1c72f237b819aa595850fb52133219737c98
=== RUN   FuzzStacktrie/acd0270c3ff0fd277640f0422ea811e0e01a492a
=== RUN   FuzzStacktrie/ad1f2be02fdff4a11b4d6ae3a20d5357e0ed1ccd
=== RUN   FuzzStacktrie/ae59e1ff7fb6a77ce207c747887b8fa472215233
=== RUN   FuzzStacktrie/af18ef11ed971cb8f6486e1e097ab81a4a969fc9
=== RUN   FuzzStacktrie/afe0ffc062c7cb177dfc552c355beb0226afe68a
=== RUN   FuzzStacktrie/b1f3974fd56156144cd7ce2b9134171c91f61b3c
=== RUN   FuzzStacktrie/b200c4abe1112c7034f65e999afe1a11e3f651dd
=== RUN   FuzzStacktrie/b2404f3f1bf7497d3504c7e8ac0a0eda9b9b2485
=== RUN   FuzzStacktrie/b25badfe23ca9f4f548d82a54d79b11051eaeb13
=== RUN   FuzzStacktrie/b3931965e168198f13d659f061f3bc340ecebd17
=== RUN   FuzzStacktrie/b3c65e075eb04162a55367dd1d1c0484c8c314b0
=== RUN   FuzzStacktrie/b3d986cf05e8b3e86a0f575bc3e0e428409267fc
=== RUN   FuzzStacktrie/b46aab2f267acbbeb91f2c5131bd7d68464e32b3
=== RUN   FuzzStacktrie/b49f7520cbc151d698c5969d654cd8765527e88e
=== RUN   FuzzStacktrie/b6a0809787f5c98d01639954b9cd7c2596232fe6
=== RUN   FuzzStacktrie/b7cec09eb24883363f7136d5386e520dccf5029c
=== RUN   FuzzStacktrie/ba9eb4fbfcec4441e1ed8b0e757407bcf4871807
=== RUN   FuzzStacktrie/bb50059a6183a349744921ec5027ad8c9aea39d4
=== RUN   FuzzStacktrie/bb56c519c474e79209d19b93c4d81ec9126a3dc2
=== RUN   FuzzStacktrie/bb759368eca93cd5bc30a8633327d5dfe1a2dc1e
=== RUN   FuzzStacktrie/bb8a552bc06244d31f5673c0568df50f287cefd8
=== RUN   FuzzStacktrie/bd9b995b141986e0ea982b89ed17bcf6b9f13ab9
=== RUN   FuzzStacktrie/be970fe861e68b56a72f379d614ef1218d7562fd
=== RUN   FuzzStacktrie/bebadb40a257c9d9f133813c40ef0119a50d82b7
=== RUN   FuzzStacktrie/bebb4e99ec14a37ccbf1eb140fe7956b3f755708
=== RUN   FuzzStacktrie/bfd6ce0aa1653bd445eabedb4393a4c9d053bb9b
=== RUN   FuzzStacktrie/c18030c13f9941033aeb609695d23a71e458de5b
=== RUN   FuzzStacktrie/c1c6520cb29a0bc27ad2f10cd470d9bb757159fe
=== RUN   FuzzStacktrie/c36596e068a4a0bd8df410fd2eea5789821c42d1
=== RUN   FuzzStacktrie/c3b47a2cf9ce6dc6642884c1bb46a2103dae7acb
=== RUN   FuzzStacktrie/c5935e0b689c6e43b12d5eabd432ce5dc4376ca3
=== RUN   FuzzStacktrie/c701f62b89701e39e9e0c07e3f846a681afbf4a9
=== RUN   FuzzStacktrie/c75bafe301673a32a7c4c976e8490a1992111164
=== RUN   FuzzStacktrie/c75cee87817e52947b0c9147b49f7bd69219041f
=== RUN   FuzzStacktrie/c770a5f9424810f629226496b5a757029f16beb0
=== RUN   FuzzStacktrie/c7dcb99b303934decc6faa59823db5ce6634d199
=== RUN   FuzzStacktrie/cabf8a2495e118edea9300fb8de9cae3969c8021
=== RUN   FuzzStacktrie/cb5da891cc442425d98015155c07974875024d6e
=== RUN   FuzzStacktrie/cb612aeffc3080c73e86b5149d1f8eee14278f7b
=== RUN   FuzzStacktrie/cc7b1e8647ca4f0a9c6fb9f5ed13ca745b7455cb
=== RUN   FuzzStacktrie/cf8d8bda7e81fdfef96207bb8888ee2c4f81e760
=== RUN   FuzzStacktrie/d07959d10e024709b14a91a8954f81d464a4a249
=== RUN   FuzzStacktrie/d26bd442a2ef91430367cd9055ea178b39700b69
=== RUN   FuzzStacktrie/d2f2dedb1647c2d4465faa2cd29706e9384f73cc
=== RUN   FuzzStacktrie/d2f94f01d557cc687e1a8c1ffc4e7649c837fe03
=== RUN   FuzzStacktrie/d3547eb3d729b9f542f932e6845e4b3843e030fb
=== RUN   FuzzStacktrie/d5a1d89dd8ef87697329c7281929f1a228b41a27
=== RUN   FuzzStacktrie/d5de5beebe59284ff40c9dc031be8d4f68529576
=== RUN   FuzzStacktrie/d6cd4eab0acb2e85e4bb0b1d0d77a6016ef3b3d8
=== RUN   FuzzStacktrie/d7021e00380982ba83a34e79a0f95b2201a8e61e
=== RUN   FuzzStacktrie/d74d4d9a8fa370efb73e9cbe79f5b225439749fe
=== RUN   FuzzStacktrie/da8afaa5c84cf1b2b7f41f40cf38f9262ab1aeb2
=== RUN   FuzzStacktrie/daea79340d3e119bc7bbc7900f3c094d2e250740
=== RUN   FuzzStacktrie/dd652cc3f9575a1c02c97a506a1f2b41f961e517
=== RUN   FuzzStacktrie/de399d592fcdc88580e823d79e67cd358d9d584c
=== RUN   FuzzStacktrie/df9aacd4c54d214d79d6d99f95079dcd21408cd1
=== RUN   FuzzStacktrie/dfdb1f64a13fa36a2339bd7a27e92f19cc2f9ab7
=== RUN   FuzzStacktrie/e0ff44af8746773b867818ef2e7baec5045cfd6c
=== RUN   FuzzStacktrie/e3bac004f99feed8ff8c70da0fa794738c93d941
=== RUN   FuzzStacktrie/e78c21c2d3ceb88e66508be6168b34568f46ca78
=== RUN   FuzzStacktrie/e7ac74094add8578762b739565ee23ccd3d81722
=== RUN   FuzzStacktrie/e8cf85cbae487d9747d2b74a613a69ee3d231e57
=== RUN   FuzzStacktrie/e8f76d645782d7c6ab248694b8419fd41de80a1c
=== RUN   FuzzStacktrie/e98e8943b33be187f899b2e895bb9397ab5c6518
=== RUN   FuzzStacktrie/ebbcc22717185c13650f36396cc859bdd11c4b5d
=== RUN   FuzzStacktrie/ec6eb5ccaff687e032801bcf56392fb934c57acb
=== RUN   FuzzStacktrie/f0e7373747ed3ff351b26ed0bca410c3af50af5c
=== RUN   FuzzStacktrie/f0f3e296cb47e6d9f464eb218cf6aac66937f6b3
=== RUN   FuzzStacktrie/f139fa75b9324ab29c3b5eb7bc3db406a685febf
=== RUN   FuzzStacktrie/f151497f11bec7b4da4fccd9ef1e2477289aba61
=== RUN   FuzzStacktrie/f1def443a9fffc24a7302f32ba362d89fbd6e5ee
=== RUN   FuzzStacktrie/f1fbd781fc0a18e3715205a89f659f9580368ee5
=== RUN   FuzzStacktrie/f2368fc877b00b0f6c714c4ee7c090ef343a4d10
=== RUN   FuzzStacktrie/f3ebc9cdd06b183df7fdc8b4c0ac6412ccdb5648
=== RUN   FuzzStacktrie/f69690b72f305a8b76bc5c6c1df2775f269f32f4
=== RUN   FuzzStacktrie/f6a0ad96e37e7d8dfc7b13a93d7bee11f466830e
=== RUN   FuzzStacktrie/f709d4b94273e1082bf59a986d1ae5a933c97533
=== RUN   FuzzStacktrie/f8205191885cecf435bebaa8bf8800b023028ace
=== RUN   FuzzStacktrie/f9e08bf8675ebacff07ab2b43ced4becf23558c1
=== RUN   FuzzStacktrie/fbaeb9706759b8411dc2a09262642af2da262e44
=== RUN   FuzzStacktrie/fc0eef9fbb4ecf26dd6cdaa87b51b88a3fda5bb3
=== RUN   FuzzStacktrie/fd3a92babb387e78c218cffb451d5f278793d0b1
=== RUN   FuzzStacktrie/feaab6ced0bb9aac1847e99a29d284ea1c98ba2f
=== RUN   FuzzStacktrie/fec17dcb1568440439b46b8554b78ae4f953c10f
=== RUN   FuzzStacktrie/ff4722ef16bc11f85b73005c7257adff93e84b26
--- PASS: FuzzStacktrie (0.11s)
    --- PASS: FuzzStacktrie/00fd1d57a3467976067ddcafc713792723ceda64 (0.00s)
    --- PASS: FuzzStacktrie/013e841401c15e9ec5663ec049345100e68a55c1 (0.00s)
    --- PASS: FuzzStacktrie/0161034281c4abb258693cb1bb328130d024dc82 (0.00s)
    --- PASS: FuzzStacktrie/01cf5b4d9d2dcf79d0287b10a0460941da096135 (0.00s)
    --- PASS: FuzzStacktrie/03b1f74fe78b176e0727d06a378c7bce65776d63 (0.00s)
    --- PASS: FuzzStacktrie/04534fc2d8df9fae7f533dcad6b255fec1314f64 (0.00s)
    --- PASS: FuzzStacktrie/07d34a56a50dcc3461dfe2559086d7e38cd3d31b (0.00s)
    --- PASS: FuzzStacktrie/08ee4719072582cddead28dc766573076351b706 (0.00s)
    --- PASS: FuzzStacktrie/0a38d4d5177fe69140d45e4d0e1d76f2badb0949 (0.00s)
    --- PASS: FuzzStacktrie/0aa2ae06143b09f57888e2ebef43d78425647caf (0.00s)
    --- PASS: FuzzStacktrie/0b289d33c520010d0734b48dfee0b3fb56dbb3b6 (0.00s)
    --- PASS: FuzzStacktrie/0b31e447a6ba50e5c10d6f43a2fa63cce34871d6 (0.00s)
    --- PASS: FuzzStacktrie/0b4d65aab459a67c7e648c05822d3eb672189b74 (0.00s)
    --- PASS: FuzzStacktrie/0bcea17025e45e174c3e57bc8350188a1633e628 (0.00s)
    --- PASS: FuzzStacktrie/0cba67c917e72e48627dc28c4091c1b837708119 (0.00s)
    --- PASS: FuzzStacktrie/0e94a5fa4cf294b0cb8d96fd7f3429d5ff29ccc3 (0.00s)
    --- PASS: FuzzStacktrie/0e9bd61634f7d782fd8630034dc56619b7612e67 (0.00s)
    --- PASS: FuzzStacktrie/11554db8c357314784048c79fb252ac9febbdc3b (0.00s)
    --- PASS: FuzzStacktrie/12c1c3894699a2f47207a3c336d43ea53b7803d4 (0.00s)
    --- PASS: FuzzStacktrie/12c44f405f3de9ce7e42aa1078134261153f1209 (0.00s)
    --- PASS: FuzzStacktrie/133c2b4133f514f35b68094995207f8bb4907e6e (0.00s)
    --- PASS: FuzzStacktrie/14b3e79dec8c473300bdd42c2957039cb1bd84f1 (0.00s)
    --- PASS: FuzzStacktrie/16d2eae16eca736f930b93d96e5ca8eee3ac79c8 (0.00s)
    --- PASS: FuzzStacktrie/187d197a330586b00bc33c6c966775e9870344d3 (0.00s)
    --- PASS: FuzzStacktrie/18b2985b95d2279871c28a61b0e47a9bc853c46d (0.00s)
    --- PASS: FuzzStacktrie/1c0451b48a5ff923b1dceed03f8874e6fd76d1b5 (0.00s)
    --- PASS: FuzzStacktrie/1c661af784e0ece037e64f9e24008ab4c2e93039 (0.00s)
    --- PASS: FuzzStacktrie/1c7c6b38b1243c27e6d4046de0a1a0fc7cae36ab (0.00s)
    --- PASS: FuzzStacktrie/1c87c6c2e510469f756a097f712db08b9b01a86e (0.00s)
    --- PASS: FuzzStacktrie/1d9492f93a03112b7526061a6df8ef143bf86971 (0.00s)
    --- PASS: FuzzStacktrie/1ebfe11398e1ef007e239d7f51a804a0b9da9d1f (0.00s)
    --- PASS: FuzzStacktrie/2023327f24ed52d69bb999c3a242bcec5a7d5c74 (0.00s)
    --- PASS: FuzzStacktrie/20efff3d40ea93d2f15b3d284722d642aa181a94 (0.00s)
    --- PASS: FuzzStacktrie/21b465bf1c403fc55e95a61c965dd422edd0afc8 (0.00s)
    --- PASS: FuzzStacktrie/21d7d75fba159f5ccfefb21b0fa9ca128b842879 (0.00s)
    --- PASS: FuzzStacktrie/2323cf4604086c9dd7368727531005b78faf42f8 (0.00s)
    --- PASS: FuzzStacktrie/2370e05566acadd8ecb04034c12e36729c894f84 (0.00s)
    --- PASS: FuzzStacktrie/238d584b44722c76a122858fd5cf2a8c578e5595 (0.00s)
    --- PASS: FuzzStacktrie/239c54e8888fb2ae06f5b2742c2eca7e24e94214 (0.00s)
    --- PASS: FuzzStacktrie/24590ded5eafedd082b8475975f9330645d77527 (0.00s)
    --- PASS: FuzzStacktrie/25a62792a97307d80a64bea3cb6f21b327dce00c (0.00s)
    --- PASS: FuzzStacktrie/25edcc2a0b3a17cba157192a5dd9830b99063726 (0.00s)
    --- PASS: FuzzStacktrie/2645da2a4c034f9be17e3a194a9ad43d4af79e4f (0.00s)
    --- PASS: FuzzStacktrie/27bc8a06888eb6f25ba118580f807ed7561b09c9 (0.00s)
    --- PASS: FuzzStacktrie/28bccb73e0c16a519c7afb3ba6ff795a42e0d372 (0.00s)
    --- PASS: FuzzStacktrie/292e4d4bc9403cad66be7e933efdcac3e30a0c2b (0.00s)
    --- PASS: FuzzStacktrie/29c0c546ede93ee9f2a78b62e153fa3568237fb9 (0.00s)
    --- PASS: FuzzStacktrie/2a24d011efa8077d852d7a8803bd1244788a3ac5 (0.00s)
    --- PASS: FuzzStacktrie/2befa825543ce7f02f8ee3e183ee903183adf440 (0.00s)
    --- PASS: FuzzStacktrie/2cde3e98d9329345003d2e9dc2d38a4b83545b03 (0.00s)
    --- PASS: FuzzStacktrie/2d2627afe9156625c5527f1dbf285f517b9cba13 (0.00s)
    --- PASS: FuzzStacktrie/2d3446cdb72c1a1fe4d8c952e95a6f87b8f8b023 (0.00s)
    --- PASS: FuzzStacktrie/2f310103f03f04224dc3f60626e15cb15dedb4ac (0.00s)
    --- PASS: FuzzStacktrie/2f33f6d198daef71cb8df49c4e3c3102aee5f8b1 (0.00s)
    --- PASS: FuzzStacktrie/2fdbc60f7056246c89e8090e9765898892397d2a (0.00s)
    --- PASS: FuzzStacktrie/302c54ac203e8f5349f9407ffd41e4e154f37f62 (0.00s)
    --- PASS: FuzzStacktrie/31bf56af27d392279861c6aeaf2b12136b06d6e1 (0.00s)
    --- PASS: FuzzStacktrie/32bc02ca92f46a41eb2f9d960dc4c9b88c77bd8e (0.00s)
    --- PASS: FuzzStacktrie/3673f428e525745113ef3836ea12c3c1673b85e9 (0.00s)
    --- PASS: FuzzStacktrie/38c79650760b68868b5d86e5effc6119542d72fa (0.00s)
    --- PASS: FuzzStacktrie/38e128252b92ea1f87b80c86fa872e24a5cf95e1 (0.00s)
    --- PASS: FuzzStacktrie/398c3ea22e4db60868492f5dc7ab76c1e6c03f86 (0.00s)
    --- PASS: FuzzStacktrie/39ed3e42fc4f1cae57f372e3cf0a8b78bb9c2970 (0.00s)
    --- PASS: FuzzStacktrie/3b6446437e269c89d24b3e36b0ffdc1c8c8b306b (0.00s)
    --- PASS: FuzzStacktrie/3cf01e7fcaac1bdda8017ccfa18bdc84f0f14394 (0.00s)
    --- PASS: FuzzStacktrie/3cff17f800564622dc71c28a504bc0fdbf24ba5c (0.00s)
    --- PASS: FuzzStacktrie/3d2abcb472700c0cbe408e809afbcd00114a8ffe (0.00s)
    --- PASS: FuzzStacktrie/3d7cb115c6354172eb62dde34160c213a418d511 (0.00s)
    --- PASS: FuzzStacktrie/41488a644ddb89f9118f1e716764982a57b286e6 (0.00s)
    --- PASS: FuzzStacktrie/42718c1cb7cb1f6d7d103ca698e01ea41d539cf9 (0.00s)
    --- PASS: FuzzStacktrie/4391688b34c8a101edc15821cbb47435b6619c9d (0.00s)
    --- PASS: FuzzStacktrie/44a24b15b6069724275480c5a80e2f63396aa1fb (0.00s)
    --- PASS: FuzzStacktrie/44e482bed9a00ecd907b60ff663874ac69889cfa (0.00s)
    --- PASS: FuzzStacktrie/45dd0e189c91ca579f29ab47306635924531101b (0.00s)
    --- PASS: FuzzStacktrie/4726d90e930dd7a857cd0239938fdad3e4fda600 (0.00s)
    --- PASS: FuzzStacktrie/473b739de165c65d9594bd4f37f0a38d2ecb58ba (0.00s)
    --- PASS: FuzzStacktrie/47cd54559e4e2082b09d70252d546818778b7149 (0.00s)
    --- PASS: FuzzStacktrie/4a792077ab1af0ef64837a58a6b3e8e853846bfb (0.00s)
    --- PASS: FuzzStacktrie/4bdbc846df25f790bcea32ed00760760ffada47b (0.00s)
    --- PASS: FuzzStacktrie/4bf0adf8496a3b3a5bdb57e1f7cc47daef575cc4 (0.00s)
    --- PASS: FuzzStacktrie/4bf8940ef832fc6a4b7aa4c5efc55c28f62ab8af (0.00s)
    --- PASS: FuzzStacktrie/4e475ee9a19618c535444255801af4f09872d6b5 (0.00s)
    --- PASS: FuzzStacktrie/5252c3198228152e358e89e40ee3e79b9a76477a (0.00s)
    --- PASS: FuzzStacktrie/52d3e1e0644d1d51114d212589573178615a24f1 (0.00s)
    --- PASS: FuzzStacktrie/540744384516f5b0d27709c9872963197178cb92 (0.00s)
    --- PASS: FuzzStacktrie/540745eab0709f9311acd481b7e388fa88de76e3 (0.00s)
    --- PASS: FuzzStacktrie/55d48cfcf13e03496290a4eafa3b9584dc7a63f4 (0.00s)
    --- PASS: FuzzStacktrie/57441ae260c6feda32b5efa6f66096f81e3a2037 (0.00s)
    --- PASS: FuzzStacktrie/57911b0feef56840d3994feaccb509073de17493 (0.00s)
    --- PASS: FuzzStacktrie/58617bde2285a32c3fbc72a145ec03991d5373a3 (0.00s)
    --- PASS: FuzzStacktrie/5893d6d6683eaa2ea638e687688ef3d114b8d607 (0.00s)
    --- PASS: FuzzStacktrie/593c41a738f2be21f4948059e1eb62e3d231f43b (0.00s)
    --- PASS: FuzzStacktrie/5ba93c9db0cff93f52b521d7420e43f6eda2784f (0.00s)
    --- PASS: FuzzStacktrie/5bf4b82cb36903328e9879d863d01475a84b091b (0.00s)
    --- PASS: FuzzStacktrie/5e022fb95a17fdc6e6b6b39c70cfef167f3ed80a (0.00s)
    --- PASS: FuzzStacktrie/5e446d75e4204eac1f2545770987ce424612ad27 (0.00s)
    --- PASS: FuzzStacktrie/613ce22713f5e6e9d385aaa01bf0eac90746a8f1 (0.00s)
    --- PASS: FuzzStacktrie/616cfc61796d702579d26d5b73f56cf0ce18482b (0.00s)
    --- PASS: FuzzStacktrie/642c0f1798d3ee72be1bb814ce27bf215c658b00 (0.00s)
    --- PASS: FuzzStacktrie/642d275486e85b26782441f7c2215c78ce16dbe9 (0.00s)
    --- PASS: FuzzStacktrie/643c3ed276d00f0827951d4c9c3be5de93ca1d30 (0.00s)
    --- PASS: FuzzStacktrie/6551d328d7331376084833540f29cb514bc98585 (0.00s)
    --- PASS: FuzzStacktrie/6920f26410280355d98b7dc3a64ee3a9fa5ffc53 (0.00s)
    --- PASS: FuzzStacktrie/6a24f4245125ccad373e7ac1fbd33557569e1876 (0.00s)
    --- PASS: FuzzStacktrie/6bec85f0f0408d4abc501bd61c7cfa7e8fd03f77 (0.00s)
    --- PASS: FuzzStacktrie/6c78da2b77a4fb3c82b54e52d7ff76c1607d534c (0.00s)
    --- PASS: FuzzStacktrie/6e61b339cef02c7cb18b1afe7a99986c7a605422 (0.00s)
    --- PASS: FuzzStacktrie/6eac0791bfda9a0fc0b134246596ef85d0f6f513 (0.00s)
    --- PASS: FuzzStacktrie/6fe8a62e4aa9369d2910ab016e91a7dd952ac8b0 (0.00s)
    --- PASS: FuzzStacktrie/71853c6197a6a7f222db0f1978c7cb232b87c5ee (0.00s)
    --- PASS: FuzzStacktrie/7229f518d2796bbe703b17dcccf9c8c4b194379e (0.00s)
    --- PASS: FuzzStacktrie/73e3c484e7caf4ff71ee738eef6bb7114a766af1 (0.00s)
    --- PASS: FuzzStacktrie/73e5e996631068eca6e51ed335fdf1603681da28 (0.00s)
    --- PASS: FuzzStacktrie/74ae8f761f0641e1ab0a4532446850865bb4e784 (0.00s)
    --- PASS: FuzzStacktrie/759f0cf2658c959a072197d2c6558620c7a9a76d (0.00s)
    --- PASS: FuzzStacktrie/760029f02f995933b8369f92fec7c5047a7f7de3 (0.00s)
    --- PASS: FuzzStacktrie/761850f7e74a2d2cca022f7881e6ea73013b1c77 (0.00s)
    --- PASS: FuzzStacktrie/766f91447e0695e6a7c329cc8b54b488d1e43564 (0.00s)
    --- PASS: FuzzStacktrie/799c796c80ecad4320a5cd4a6f966cd861e5a936 (0.00s)
    --- PASS: FuzzStacktrie/79fdb12020b1bf204295b78fabfb61f5274c7bf1 (0.00s)
    --- PASS: FuzzStacktrie/7a09d4ca382f5efb72b62682ecfc12a91ffb4e58 (0.00s)
    --- PASS: FuzzStacktrie/7a47d80a32ee6b749077e492d23406f4a447c69c (0.00s)
    --- PASS: FuzzStacktrie/7b568b6943eabeedf6b65b84091241bf41c63baa (0.00s)
    --- PASS: FuzzStacktrie/7b6b412924cc9b2a71dc97d202880640bf476978 (0.00s)
    --- PASS: FuzzStacktrie/7b8309f7f68459b159bf7d9317d197b0d83a2583 (0.00s)
    --- PASS: FuzzStacktrie/7b9385e8526286ac290f60d3dc1ff6640f90ff87 (0.00s)
    --- PASS: FuzzStacktrie/7c980f4037e1730c91d43a3e57e957120fca0170 (0.00s)
    --- PASS: FuzzStacktrie/7d3b00c877f61bed4cdd0bcd75a428a012d4e4e6 (0.00s)
    --- PASS: FuzzStacktrie/7deb946b4f3314a678000f082650d33af6c3e33a (0.00s)
    --- PASS: FuzzStacktrie/7ea74ed2301b06d5bf93bf346a57a63035794904 (0.00s)
    --- PASS: FuzzStacktrie/7f196bfe353a8bdaf27b28e047cdf22d9e77b7cd (0.00s)
    --- PASS: FuzzStacktrie/7faa1f5534b40829621c98fdebc2bac7a4912105 (0.00s)
    --- PASS: FuzzStacktrie/8085dfe10c2deca9bbf3e10d52bdfa6bfc70cddd (0.00s)
    --- PASS: FuzzStacktrie/80a770cb2c9efe5597ee633da9bfc5575ca9817b (0.00s)
    --- PASS: FuzzStacktrie/8137c16fccca5d7d3c759c0022399de12d472024 (0.00s)
    --- PASS: FuzzStacktrie/8154d1d06c00c70c42a927aa82d4ac42fac4cbe8 (0.00s)
    --- PASS: FuzzStacktrie/81f45e7aefd05fcdd6bba967eafdbef3d1316d0b (0.00s)
    --- PASS: FuzzStacktrie/8466fa62fe0c8a0aaa023ce9fb84be161f452c8b (0.00s)
    --- PASS: FuzzStacktrie/859da0b5df5c40a9b7d0b997714cae933a6cb510 (0.00s)
    --- PASS: FuzzStacktrie/86233784ad57117f204fbaffebc164453a7930d9 (0.00s)
    --- PASS: FuzzStacktrie/876c8ab5dbe2c20814b906463f81c8468c2af41f (0.00s)
    --- PASS: FuzzStacktrie/8a58feb9f630e2100df83e409a9c9950bc2d7f40 (0.00s)
    --- PASS: FuzzStacktrie/8ad12a73ca6d299eacac7f0f81316a3f298ab1dd (0.00s)
    --- PASS: FuzzStacktrie/8cebd96cafe12079ae688bc7d664c3d0fdd3e842 (0.00s)
    --- PASS: FuzzStacktrie/9198c12deed380a8e5f74e9f35a4253dd32fbf15 (0.00s)
    --- PASS: FuzzStacktrie/926a055309fecb555b6caa617abe13cee8b12949 (0.00s)
    --- PASS: FuzzStacktrie/9280aa369ccce6081b72f64a2c02cbeb9fac3e25 (0.00s)
    --- PASS: FuzzStacktrie/92860224a76f38fd40ebe61199c21d3447ae8844 (0.00s)
    --- PASS: FuzzStacktrie/9299a23c37148d72166413e0335c6692c11f1a66 (0.00s)
    --- PASS: FuzzStacktrie/9434d2309f2785b88f87d4e41bc672a90cb26024 (0.00s)
    --- PASS: FuzzStacktrie/94f936115470ce0083d3ac1289544eb041828a27 (0.00s)
    --- PASS: FuzzStacktrie/9654f344210cfedd3e7e96ef68bf2211f09eee04 (0.00s)
    --- PASS: FuzzStacktrie/969a9f18cc81b7ffda7c545e4b17fb130afbe642 (0.00s)
    --- PASS: FuzzStacktrie/972aeb0dcef66a0074f1ff1329a37cf96e034278 (0.00s)
    --- PASS: FuzzStacktrie/9876e744ff6a4cbb819547dc3a842eab27091df0 (0.00s)
    --- PASS: FuzzStacktrie/9998b5acdad77f2b2576bf065342223dae8297ea (0.00s)
    --- PASS: FuzzStacktrie/9cd4ced12b0b232a3eb6c97fe30aaa72e704ef55 (0.00s)
    --- PASS: FuzzStacktrie/9e5d3af7bb5770249469c4bcdd8f396fabac9090 (0.00s)
    --- PASS: FuzzStacktrie/9e5e8ff014871ab5171fb37e449384fdbb03c02e (0.00s)
    --- PASS: FuzzStacktrie/a0a7ff6a8ec08de8260a6dc6bb42f6dbfdfa5a23 (0.00s)
    --- PASS: FuzzStacktrie/a0f5b99c2186d369c93bd61583a76033bcfe09a4 (0.00s)
    --- PASS: FuzzStacktrie/a206198d17dbc707105d0c06dc46507b42144690 (0.00s)
    --- PASS: FuzzStacktrie/a21c44980db2b1d0dc9ae815a36801a925f75506 (0.00s)
    --- PASS: FuzzStacktrie/a312e1b4e8c2fa80df19fb4d4336ae469b1beb8f (0.00s)
    --- PASS: FuzzStacktrie/a5c35045beacde89d5c2351c6ee34d7e1d0b05fe (0.00s)
    --- PASS: FuzzStacktrie/a5c89d597b89e4e10dd0ccadbafb4566580910ca (0.00s)
    --- PASS: FuzzStacktrie/a780c58f6972f7c9f788294477be83ba51527d0f (0.00s)
    --- PASS: FuzzStacktrie/a86683045fd687b2bdfe7409660d876a63b0c4f0 (0.00s)
    --- PASS: FuzzStacktrie/a8910ee8e60c9a804d2570585011bed323c70a7e (0.00s)
    --- PASS: FuzzStacktrie/a98f8679fadf526fa74ff1c850eda3e732489aad (0.00s)
    --- PASS: FuzzStacktrie/ab285e60c41b0df24a625c03d3e04476ecb50d0f (0.00s)
    --- PASS: FuzzStacktrie/ab3efc23190098b494b42391a1d7081e8674301d (0.00s)
    --- PASS: FuzzStacktrie/abe2b5461ca53d7e7509ae4f1c8c791808db6806 (0.00s)
    --- PASS: FuzzStacktrie/ac678e83a64f5d13bc9aa5b25517e5202aa3bda1 (0.00s)
    --- PASS: FuzzStacktrie/ac70c5ece8fd1c71c3e6964a12e05539cd1de0c5 (0.00s)
    --- PASS: FuzzStacktrie/ac8b050f6a950be57fd4abdc2fb16c7d447f903f (0.00s)
    --- PASS: FuzzStacktrie/acca1c72f237b819aa595850fb52133219737c98 (0.00s)
    --- PASS: FuzzStacktrie/acd0270c3ff0fd277640f0422ea811e0e01a492a (0.00s)
    --- PASS: FuzzStacktrie/ad1f2be02fdff4a11b4d6ae3a20d5357e0ed1ccd (0.00s)
    --- PASS: FuzzStacktrie/ae59e1ff7fb6a77ce207c747887b8fa472215233 (0.00s)
    --- PASS: FuzzStacktrie/af18ef11ed971cb8f6486e1e097ab81a4a969fc9 (0.00s)
    --- PASS: FuzzStacktrie/afe0ffc062c7cb177dfc552c355beb0226afe68a (0.00s)
    --- PASS: FuzzStacktrie/b1f3974fd56156144cd7ce2b9134171c91f61b3c (0.00s)
    --- PASS: FuzzStacktrie/b200c4abe1112c7034f65e999afe1a11e3f651dd (0.00s)
    --- PASS: FuzzStacktrie/b2404f3f1bf7497d3504c7e8ac0a0eda9b9b2485 (0.00s)
    --- PASS: FuzzStacktrie/b25badfe23ca9f4f548d82a54d79b11051eaeb13 (0.00s)
    --- PASS: FuzzStacktrie/b3931965e168198f13d659f061f3bc340ecebd17 (0.00s)
    --- PASS: FuzzStacktrie/b3c65e075eb04162a55367dd1d1c0484c8c314b0 (0.00s)
    --- PASS: FuzzStacktrie/b3d986cf05e8b3e86a0f575bc3e0e428409267fc (0.00s)
    --- PASS: FuzzStacktrie/b46aab2f267acbbeb91f2c5131bd7d68464e32b3 (0.00s)
    --- PASS: FuzzStacktrie/b49f7520cbc151d698c5969d654cd8765527e88e (0.00s)
    --- PASS: FuzzStacktrie/b6a0809787f5c98d01639954b9cd7c2596232fe6 (0.00s)
    --- PASS: FuzzStacktrie/b7cec09eb24883363f7136d5386e520dccf5029c (0.00s)
    --- PASS: FuzzStacktrie/ba9eb4fbfcec4441e1ed8b0e757407bcf4871807 (0.00s)
    --- PASS: FuzzStacktrie/bb50059a6183a349744921ec5027ad8c9aea39d4 (0.00s)
    --- PASS: FuzzStacktrie/bb56c519c474e79209d19b93c4d81ec9126a3dc2 (0.00s)
    --- PASS: FuzzStacktrie/bb759368eca93cd5bc30a8633327d5dfe1a2dc1e (0.00s)
    --- PASS: FuzzStacktrie/bb8a552bc06244d31f5673c0568df50f287cefd8 (0.00s)
    --- PASS: FuzzStacktrie/bd9b995b141986e0ea982b89ed17bcf6b9f13ab9 (0.00s)
    --- PASS: FuzzStacktrie/be970fe861e68b56a72f379d614ef1218d7562fd (0.00s)
    --- PASS: FuzzStacktrie/bebadb40a257c9d9f133813c40ef0119a50d82b7 (0.00s)
    --- PASS: FuzzStacktrie/bebb4e99ec14a37ccbf1eb140fe7956b3f755708 (0.00s)
    --- PASS: FuzzStacktrie/bfd6ce0aa1653bd445eabedb4393a4c9d053bb9b (0.00s)
    --- PASS: FuzzStacktrie/c18030c13f9941033aeb609695d23a71e458de5b (0.00s)
    --- PASS: FuzzStacktrie/c1c6520cb29a0bc27ad2f10cd470d9bb757159fe (0.00s)
    --- PASS: FuzzStacktrie/c36596e068a4a0bd8df410fd2eea5789821c42d1 (0.00s)
    --- PASS: FuzzStacktrie/c3b47a2cf9ce6dc6642884c1bb46a2103dae7acb (0.00s)
    --- PASS: FuzzStacktrie/c5935e0b689c6e43b12d5eabd432ce5dc4376ca3 (0.00s)
    --- PASS: FuzzStacktrie/c701f62b89701e39e9e0c07e3f846a681afbf4a9 (0.00s)
    --- PASS: FuzzStacktrie/c75bafe301673a32a7c4c976e8490a1992111164 (0.00s)
    --- PASS: FuzzStacktrie/c75cee87817e52947b0c9147b49f7bd69219041f (0.00s)
    --- PASS: FuzzStacktrie/c770a5f9424810f629226496b5a757029f16beb0 (0.00s)
    --- PASS: FuzzStacktrie/c7dcb99b303934decc6faa59823db5ce6634d199 (0.00s)
    --- PASS: FuzzStacktrie/cabf8a2495e118edea9300fb8de9cae3969c8021 (0.00s)
    --- PASS: FuzzStacktrie/cb5da891cc442425d98015155c07974875024d6e (0.00s)
    --- PASS: FuzzStacktrie/cb612aeffc3080c73e86b5149d1f8eee14278f7b (0.00s)
    --- PASS: FuzzStacktrie/cc7b1e8647ca4f0a9c6fb9f5ed13ca745b7455cb (0.00s)
    --- PASS: FuzzStacktrie/cf8d8bda7e81fdfef96207bb8888ee2c4f81e760 (0.00s)
    --- PASS: FuzzStacktrie/d07959d10e024709b14a91a8954f81d464a4a249 (0.00s)
    --- PASS: FuzzStacktrie/d26bd442a2ef91430367cd9055ea178b39700b69 (0.00s)
    --- PASS: FuzzStacktrie/d2f2dedb1647c2d4465faa2cd29706e9384f73cc (0.00s)
    --- PASS: FuzzStacktrie/d2f94f01d557cc687e1a8c1ffc4e7649c837fe03 (0.00s)
    --- PASS: FuzzStacktrie/d3547eb3d729b9f542f932e6845e4b3843e030fb (0.00s)
    --- PASS: FuzzStacktrie/d5a1d89dd8ef87697329c7281929f1a228b41a27 (0.00s)
    --- PASS: FuzzStacktrie/d5de5beebe59284ff40c9dc031be8d4f68529576 (0.00s)
    --- PASS: FuzzStacktrie/d6cd4eab0acb2e85e4bb0b1d0d77a6016ef3b3d8 (0.00s)
    --- PASS: FuzzStacktrie/d7021e00380982ba83a34e79a0f95b2201a8e61e (0.00s)
    --- PASS: FuzzStacktrie/d74d4d9a8fa370efb73e9cbe79f5b225439749fe (0.00s)
    --- PASS: FuzzStacktrie/da8afaa5c84cf1b2b7f41f40cf38f9262ab1aeb2 (0.00s)
    --- PASS: FuzzStacktrie/daea79340d3e119bc7bbc7900f3c094d2e250740 (0.00s)
    --- PASS: FuzzStacktrie/dd652cc3f9575a1c02c97a506a1f2b41f961e517 (0.00s)
    --- PASS: FuzzStacktrie/de399d592fcdc88580e823d79e67cd358d9d584c (0.00s)
    --- PASS: FuzzStacktrie/df9aacd4c54d214d79d6d99f95079dcd21408cd1 (0.00s)
    --- PASS: FuzzStacktrie/dfdb1f64a13fa36a2339bd7a27e92f19cc2f9ab7 (0.00s)
    --- PASS: FuzzStacktrie/e0ff44af8746773b867818ef2e7baec5045cfd6c (0.00s)
    --- PASS: FuzzStacktrie/e3bac004f99feed8ff8c70da0fa794738c93d941 (0.00s)
    --- PASS: FuzzStacktrie/e78c21c2d3ceb88e66508be6168b34568f46ca78 (0.00s)
    --- PASS: FuzzStacktrie/e7ac74094add8578762b739565ee23ccd3d81722 (0.00s)
    --- PASS: FuzzStacktrie/e8cf85cbae487d9747d2b74a613a69ee3d231e57 (0.00s)
    --- PASS: FuzzStacktrie/e8f76d645782d7c6ab248694b8419fd41de80a1c (0.00s)
    --- PASS: FuzzStacktrie/e98e8943b33be187f899b2e895bb9397ab5c6518 (0.00s)
    --- PASS: FuzzStacktrie/ebbcc22717185c13650f36396cc859bdd11c4b5d (0.00s)
    --- PASS: FuzzStacktrie/ec6eb5ccaff687e032801bcf56392fb934c57acb (0.00s)
    --- PASS: FuzzStacktrie/f0e7373747ed3ff351b26ed0bca410c3af50af5c (0.00s)
    --- PASS: FuzzStacktrie/f0f3e296cb47e6d9f464eb218cf6aac66937f6b3 (0.00s)
    --- PASS: FuzzStacktrie/f139fa75b9324ab29c3b5eb7bc3db406a685febf (0.00s)
    --- PASS: FuzzStacktrie/f151497f11bec7b4da4fccd9ef1e2477289aba61 (0.00s)
    --- PASS: FuzzStacktrie/f1def443a9fffc24a7302f32ba362d89fbd6e5ee (0.00s)
    --- PASS: FuzzStacktrie/f1fbd781fc0a18e3715205a89f659f9580368ee5 (0.00s)
    --- PASS: FuzzStacktrie/f2368fc877b00b0f6c714c4ee7c090ef343a4d10 (0.00s)
    --- PASS: FuzzStacktrie/f3ebc9cdd06b183df7fdc8b4c0ac6412ccdb5648 (0.00s)
    --- PASS: FuzzStacktrie/f69690b72f305a8b76bc5c6c1df2775f269f32f4 (0.00s)
    --- PASS: FuzzStacktrie/f6a0ad96e37e7d8dfc7b13a93d7bee11f466830e (0.00s)
    --- PASS: FuzzStacktrie/f709d4b94273e1082bf59a986d1ae5a933c97533 (0.00s)
    --- PASS: FuzzStacktrie/f8205191885cecf435bebaa8bf8800b023028ace (0.00s)
    --- PASS: FuzzStacktrie/f9e08bf8675ebacff07ab2b43ced4becf23558c1 (0.00s)
    --- PASS: FuzzStacktrie/fbaeb9706759b8411dc2a09262642af2da262e44 (0.00s)
    --- PASS: FuzzStacktrie/fc0eef9fbb4ecf26dd6cdaa87b51b88a3fda5bb3 (0.00s)
    --- PASS: FuzzStacktrie/fd3a92babb387e78c218cffb451d5f278793d0b1 (0.00s)
    --- PASS: FuzzStacktrie/feaab6ced0bb9aac1847e99a29d284ea1c98ba2f (0.00s)
    --- PASS: FuzzStacktrie/fec17dcb1568440439b46b8554b78ae4f953c10f (0.00s)
    --- PASS: FuzzStacktrie/ff4722ef16bc11f85b73005c7257adff93e84b26 (0.00s)
PASS
coverage: 75.0% of statements
ok  	github.com/morph-l2/go-ethereum/tests/fuzzers/stacktrie	0.150s	coverage: 75.0% of statements
	github.com/morph-l2/go-ethereum/tests/fuzzers/stacktrie/debug		coverage: 0.0% of statements
