=== RUN   FuzzTrie
=== RUN   FuzzTrie/00803fc4cc784a9068c42cf554b4d2a40f198c78
=== RUN   FuzzTrie/00986ddb935776d8f170a61df3ca871457f64b59
=== RUN   FuzzTrie/0101269af37a3dd13819c1bc2643ef8784c399be
=== RUN   FuzzTrie/0187eca04b1ff9d1f97a17e6559adae0e64b7f83
=== RUN   FuzzTrie/02726cf130d2dd1f5307207886aa957094564014
=== RUN   FuzzTrie/0272c428d52c3bd7bd6b82df393988f2468932e1
=== RUN   FuzzTrie/028513ea8e47087f7531ff3482a6f7b9beaf072a
=== RUN   FuzzTrie/036e23467d1281fda46224912d753616b81ba15d
=== RUN   FuzzTrie/045acaaba3272b4af5379584ef91a97b90f2e7aa
=== RUN   FuzzTrie/051db03223fa99d5b54b8482674fa2b1dbd983b4
=== RUN   FuzzTrie/053d68f11ba383beb450adbe888b0ecc7b18d71b
=== RUN   FuzzTrie/05cf64a942404cf53fd3d20bc91a34696b9efefd
=== RUN   FuzzTrie/060e03f24b0e4d60d92c7f1d1d1416fab019827e
=== RUN   FuzzTrie/06a0ba549484018d6f5b4c00853df3f9eb02ad95
=== RUN   FuzzTrie/07078c7b86a54e915004799893efd6785589131f
=== RUN   FuzzTrie/07cff40aa91e3848d898cbe295c433fcda4cfd06
=== RUN   FuzzTrie/089460a2108c5196116f36028d08a91b1dd437fd
=== RUN   FuzzTrie/08977f39589dd3cfba4f96b5ea99af69cd265027
=== RUN   FuzzTrie/08a2dcba04f2be271e054c55e6b7a168236e15f4
=== RUN   FuzzTrie/096f45d62149b222deabc513bb49d4a67925f8e6
=== RUN   FuzzTrie/09828806ac7a45fc5c6c4db4d05a8db8701061d6
=== RUN   FuzzTrie/09a50573c5d8c51b619160e51d21f520b6b18f1b
=== RUN   FuzzTrie/09ad3ca064f30fead890d6cba0dac232cd3f40e3
=== RUN   FuzzTrie/0a1352e19a2990b56de729b04f5df520de272789
=== RUN   FuzzTrie/0a8d0e8ab2053e8727ba5b75af55e931e69ef8c0
=== RUN   FuzzTrie/0b966b98c71501a98f14489e81377b34614a77bb
=== RUN   FuzzTrie/0c7d27da0a69a667821f553b61e120d8a7a57c2d
=== RUN   FuzzTrie/0d326dab6b38c25937bf7ae08d2f066815b29556
=== RUN   FuzzTrie/0e09affa677f78c6cbd5b0ab1ce02d1c7f38d707
=== RUN   FuzzTrie/0f10eff66f433b4196de422b89f5d6ac65a756d2
=== RUN   FuzzTrie/0f37712ede526e187147858534fec664f001665e
=== RUN   FuzzTrie/104fc6c809919e12f519c0f043c3e9bcb78785d1
=== RUN   FuzzTrie/10af23d734185c67b2a2dcb58ec9ec7db9acabb7
=== RUN   FuzzTrie/10b52965ed3ac1f57c6a32e8a9e1dd608bdc5431
=== RUN   FuzzTrie/1187cfdb1961829f86e828f51cd2c1c129b8cb22
=== RUN   FuzzTrie/11aa824a1d42745facab016035997111dee4edbf
=== RUN   FuzzTrie/11b0574c2122518c47a1fd3ca574c7ff5dc151a4
=== RUN   FuzzTrie/121357d511cda7b7048fb1798d3beabb475d3ba5
=== RUN   FuzzTrie/12accb6d5f1ac1cc8cbe7f2e9703edd42f9809ae
=== RUN   FuzzTrie/12ae9ee6ac3bdf67d2be69d14405697d01ff749a
=== RUN   FuzzTrie/1337d8f67230663cdfdb79ed00f14795d8df20b0
=== RUN   FuzzTrie/136bbf9021ec870647260fbb2c4e8847c2eb2530
=== RUN   FuzzTrie/1489c578278c260df50d1a0fc2a6f2c7a4528ad2
=== RUN   FuzzTrie/15a54e60d781bb64bec0ceaf70d3399864765114
=== RUN   FuzzTrie/160673f83890787a5b450d3a7ba6f0234ba37290
=== RUN   FuzzTrie/16225893ef6c661b2b9b9472c03b1bd1a0e105d2
=== RUN   FuzzTrie/16ce66aa03f778a538e53e9b3e8cb8ee18ead29f
=== RUN   FuzzTrie/18a2dad8b2ca4a5be7aa178b5c64ad7bdab334fe
=== RUN   FuzzTrie/1909e7677219d1b7adcfd1624dec85712c9cdc19
=== RUN   FuzzTrie/19389acb54ff957f8bcdecaecdea1654b773befc
=== RUN   FuzzTrie/198794fbc73dabe8d76c9c5ad98cad588e8d2ef6
=== RUN   FuzzTrie/19bd733526a97420532d8c833a43471bc5c8bdb7
=== RUN   FuzzTrie/1ad7bf47ae899aaf258d63c8cade1e3be75839cb
=== RUN   FuzzTrie/1b42c5f5eb18cc67b2633396c40dd3c565e24751
=== RUN   FuzzTrie/1bc9405c50124821ba5e46260d798dbcd1f3da7b
=== RUN   FuzzTrie/1bfe8b13a67ba2a1c07eea30931e08597c08aa90
=== RUN   FuzzTrie/1d3cce13e2084a01dccc80cb68388d2de1d16ef7
=== RUN   FuzzTrie/1d68e68081f86b5f016619e69de0dc72d7457c5c
=== RUN   FuzzTrie/1d9dddfad053ec422225cab1231b68890c033d5c
=== RUN   FuzzTrie/1fb096ece3bf59d83157a17ed1211ab2817552ab
=== RUN   FuzzTrie/20b9faf8e50ef62400444c46838c9f1f832b92d9
=== RUN   FuzzTrie/2157d670bc3db3f0608420d515cf6a892ff03e5c
=== RUN   FuzzTrie/226bc5e42072693717682b6b3756f17cde63da0f
=== RUN   FuzzTrie/228e2fbc5d11dfd3851f85173367475ad727afe2
=== RUN   FuzzTrie/23013e0b24a2a31eb17b814e778f6b54167bc4f3
=== RUN   FuzzTrie/2303a70d076fcaf173bdbb4469f070fd2fe94eb6
=== RUN   FuzzTrie/23d6287e6c19190dbc3bf692585ccb1925ee7ed6
=== RUN   FuzzTrie/23f5b279451f1a8c5e537b998a82103f4021cfa3
=== RUN   FuzzTrie/242ef02ac1b6ece7d01fa13365162533d519bb42
=== RUN   FuzzTrie/2488beb26aed18496b846e4e606422231c864a6d
=== RUN   FuzzTrie/25a673bf42e9fe83e9a9c45cd03e82cce5c908aa
=== RUN   FuzzTrie/25d9531c49166f00c4d7bccbf3f1b9bd2d258e3a
=== RUN   FuzzTrie/27b376c24243aa24bd4944381593a578a64e8ec9
=== RUN   FuzzTrie/27f1f04f8f47f1c0c6e20e85c89f74253715f02c
=== RUN   FuzzTrie/28005ce6ffd4c03345c0fd6401f7e8d14288e6cb
=== RUN   FuzzTrie/28f0a64f7b6f75fb03703835685e210bbaec9bd4
=== RUN   FuzzTrie/291723a6739955cecbe9b8ee661363fdf27c2ae6
=== RUN   FuzzTrie/2953b0100281f070e14db9eec925566c1c0b1a2a
=== RUN   FuzzTrie/2a59d0be5feb554915ccd69dfffa04f9198d517b
=== RUN   FuzzTrie/2b8d2c225bacffda0fe941435b4464f4c46ca5ad
=== RUN   FuzzTrie/2ba0c07fb5ee695f1aaf8ac78a73238f184cb395
=== RUN   FuzzTrie/2c6602c9d585f55e81467923ee61b1f4db0f52c7
=== RUN   FuzzTrie/2c6cc5af63551aa6dcc289e15ba80ab5ee6eda48
=== RUN   FuzzTrie/2cada7dbbdb41991f639749dcbb8b2807b02d176
=== RUN   FuzzTrie/2e11cc5c6ec572d493cf7a4499110d1a01c602a4
=== RUN   FuzzTrie/2e54559cd1271cff8e588773ff6b867fc02d1f52
=== RUN   FuzzTrie/2f9a5929d0b54a25037094855db81bfeaa4dfb8a
=== RUN   FuzzTrie/2fcc2b6ab10615ce9cb9eb019c6e19aeff0b5b8d
=== RUN   FuzzTrie/3078f1bdfd2e619eae01a24a56ff8fc39951ac75
=== RUN   FuzzTrie/30c5ffd5d316af0b1fac4beb8dffe81debd43a11
=== RUN   FuzzTrie/313f6d65892b237e3376697fcbb0c685b643cbd8
=== RUN   FuzzTrie/326d55c4cc7accf5b1413bfdbee9ddc2ed51e274
=== RUN   FuzzTrie/34dc02f33dcac174e95baa6fba06e6aa04edcd00
=== RUN   FuzzTrie/34ef096603b27e7552511046e87962a167f95178
=== RUN   FuzzTrie/35cf6fb64f769f3f00ae65c06c29e3faef067e25
=== RUN   FuzzTrie/36116b52e8df13a81ea53afd61b942c447ff6f22
=== RUN   FuzzTrie/361f22ab9ace89e4503248e32be612758d3fc967
=== RUN   FuzzTrie/376d033cf2d05f97fcdce15c9fda6606a428e78d
=== RUN   FuzzTrie/3777e33b50a5b69643b99de70228e341f9c8502f
=== RUN   FuzzTrie/383337ec1f31bf3a64ec6c376e80898291e84cbc
=== RUN   FuzzTrie/386c8f8ab734247ce19d5923efc2dabaa3de4a71
=== RUN   FuzzTrie/38c50abb3dd109a53dce3fbb533b63d5923f96fd
=== RUN   FuzzTrie/390d203bfd9db2bef7c0cb96a4396b5dcae76c71
=== RUN   FuzzTrie/392b72a2abc6424ce144df1532c4fcbd18f4acc1
=== RUN   FuzzTrie/3942c17d8e5fad034365b87d1e9f88e5f61a80aa
=== RUN   FuzzTrie/3946663e330e15ce14acb55a62100ea16d571f07
=== RUN   FuzzTrie/39cb152e467c4a955e0e9e9ade7507ee34255254
=== RUN   FuzzTrie/3a78d6ad2d0cc7a6bf50fd9d9424da88c64c3e87
=== RUN   FuzzTrie/3aba814656d3d8d2b6e3cba1b0ec483b194b4195
=== RUN   FuzzTrie/3b850f99a7f10809471910e8104991068c51564a
=== RUN   FuzzTrie/3bb33d6d996cb4c51fbcbe6f4a8e2e8988774a2f
=== RUN   FuzzTrie/3c6569c34279114fb8e4002b2b8d815c19d45750
=== RUN   FuzzTrie/3cec584a41a489db64974aa4ef22c96fa296efd0
=== RUN   FuzzTrie/3d07d7cf1fd34a8ac18859029e9a38213e13035b
=== RUN   FuzzTrie/3e756c6d070d43cb6307a709ee7c3ec8b699ba1f
=== RUN   FuzzTrie/3eba725f9b228640ca45609c63f5cb53aed7e1a4
=== RUN   FuzzTrie/3f0406023961627177d7b4ab77f0597a79be1bde
=== RUN   FuzzTrie/3f25fdb36394ba0b12df4bc13bc53081fc2271f4
=== RUN   FuzzTrie/4018b844e05bb2eba7fa499014ebb6dcf1ff7667
=== RUN   FuzzTrie/417349de9386183aeb8e1da9b7272ed69a646398
=== RUN   FuzzTrie/430cd763f3bc30d930ab1fe357bb5e31ac6d0b68
=== RUN   FuzzTrie/44e5d81e8d07fdd7c376211de1cc40bb9ecf190b
=== RUN   FuzzTrie/45a0e322bf19fc8d06b14114cab8c10ae502439d
=== RUN   FuzzTrie/45bb8e918e997afaedf8fee2a83c706c6ca9ee2f
=== RUN   FuzzTrie/464a834e187fe744dc0522f682be0e2efd28dd6e
=== RUN   FuzzTrie/475ddad9c0d6d20c154dc04d5c2421109cff22e1
=== RUN   FuzzTrie/487f1f2a49be5ea648be98771f1d67928fc223b1
=== RUN   FuzzTrie/48b5c7b483b9ddc6b8989ec66009b5492efc3ea5
=== RUN   FuzzTrie/4ab4f1950a55e3047d76c002d3de0cfbcffc9a0a
=== RUN   FuzzTrie/4ad9c0c753db4dd8f1789377c2816e16c6f97fcc
=== RUN   FuzzTrie/4b00e4b04e6bf9efd81c7ac61ca36d7a2458f352
=== RUN   FuzzTrie/4b18b926ea17c4b9feacd80753999526eb136853
=== RUN   FuzzTrie/4b2ea8761927b1b973832dff931db45b63b83dbd
=== RUN   FuzzTrie/4b956f0e40fff1d1b0fa3c5487e64d6e5bc9d129
=== RUN   FuzzTrie/4cae0aedac75a509b193e8056ace14dc1789fae8
=== RUN   FuzzTrie/4cc09200e83330635ae2028adf6123ed9d846230
=== RUN   FuzzTrie/4ccf3bf08acde3dcaed7772fc3053718eec8132e
=== RUN   FuzzTrie/4d0e7537f2adddfe243aa848f16ea4b831121798
=== RUN   FuzzTrie/4eeadd04e781c94797a4e202b05c81d5cbece385
=== RUN   FuzzTrie/4f73cf9de6a8263d92e77c8f99f99dda05c11ad5
=== RUN   FuzzTrie/51153491221e41e7042ccb61242a8497b1c10fdb
=== RUN   FuzzTrie/51f41d0fbfab8fb1a420c5307b89eff4977f5c82
=== RUN   FuzzTrie/5405f043177ecf30cba2d41d92c971b61ac5eb96
=== RUN   FuzzTrie/5407a5e63d8339809363889c69447c13cf468d7f
=== RUN   FuzzTrie/540d40a5639acdc0ea85767310fd6b9f499a84c3
=== RUN   FuzzTrie/5486827c5f7cf022a65d158e25181ba6281ed451
=== RUN   FuzzTrie/5587135716ac44f4e3119812558901313b7c45ac
=== RUN   FuzzTrie/559894dc0b39a8ea2d7c880c1c2f00a279d472f8
=== RUN   FuzzTrie/56b200566681ac21a1fb731bffaac509aa6192c7
=== RUN   FuzzTrie/57667f3a3f65270143b5bdf5451ee2ca040d643e
=== RUN   FuzzTrie/57688c517c511520a52fcf8072c61b22243edf46
=== RUN   FuzzTrie/57adc3ef76776ab8379afd15129fd9d85836d583
=== RUN   FuzzTrie/58ca756957b49b85cd3e8dbbc8c0f9dee03df1b9
=== RUN   FuzzTrie/598e6f694e8805ef4374c86e0e3523153c5b3f67
=== RUN   FuzzTrie/59e5cadf19dd1865a4769784c46320a998c2e4e5
=== RUN   FuzzTrie/5a36b28d8513fa4af56ec8c4c9dc25642a912f74
=== RUN   FuzzTrie/5ac1c67322be6ae76a8d171e3c8215b87cbae50c
=== RUN   FuzzTrie/5afbb8b8e6ec00651e46f6921cc83002aede96cb
=== RUN   FuzzTrie/5b21638b009ebb74d69ac354f3f47ebe8bbbe7a9
=== RUN   FuzzTrie/5c5c54f4c4f17e651535d31bc48fd7ee22babd59
=== RUN   FuzzTrie/5cb3d07e1ca29292131c4bf244c06c75ae75e9c7
=== RUN   FuzzTrie/5d6e124d7ee225d7601fe962ba284a62bbd47f01
=== RUN   FuzzTrie/5e1c98dd2cc60185b87978e42096935037b65eb9
=== RUN   FuzzTrie/5e85462e2965f3c5d8bbd8a4430ffd531fabc326
=== RUN   FuzzTrie/5f0407098fd9f1e15603ae05d894ebd1d674271e
=== RUN   FuzzTrie/5f7e96987c8bd3d3148a9af2cfa2689473672752
=== RUN   FuzzTrie/600ac0b071655bca97d0a81f5d66356d490e6ba2
=== RUN   FuzzTrie/601b590b76f1990e0ffbbb2d0f4e2d6253079b57
=== RUN   FuzzTrie/6069503e54bc1d7e0c26f11272ce17bbf27ce438
=== RUN   FuzzTrie/6243d31d22c4afbdb1c0b888a79e8c7e91313f02
=== RUN   FuzzTrie/62d1e578054bd1dccda5c44048cb685028b13a38
=== RUN   FuzzTrie/64940034b36be6f3bd176013bcb13a51cc542ec6
=== RUN   FuzzTrie/64f562b7be8264b547939f4e221d5809d8bc4899
=== RUN   FuzzTrie/660d895cf9260b07d5248aca18ab27f817f155c9
=== RUN   FuzzTrie/66775c2d637d4bca4fc0b90aeb8dadd012ad01d0
=== RUN   FuzzTrie/682ddbb090d0c13bf1eb5cc46e95bf05d596db5e
=== RUN   FuzzTrie/697af0a9fa5a576cad90d52829b3bb4cc4130a09
=== RUN   FuzzTrie/6997f4f828f14cc7c1ade8402d6fa7d5ccef9e40
=== RUN   FuzzTrie/6a04196d8046063fb3a7f6e3337cf60706cc9508
=== RUN   FuzzTrie/6a20d980f46a0ec8fd79d1e19aa0a45a84535adf
=== RUN   FuzzTrie/6a2a1155bf9a3f0db9f6877ca44c546131ade313
=== RUN   FuzzTrie/6ae053e4f48260fafe8b3d3639ec52be29e54ff3
=== RUN   FuzzTrie/6af03161014715a85dc19b5061e6dcbdd4648dea
=== RUN   FuzzTrie/6b7e4868bfe192854b5d70da68b983a75d8f8987
=== RUN   FuzzTrie/6bf158d4809f378850191051d1071ae0279b212e
=== RUN   FuzzTrie/6bf68d4b0af8f59570e64d2feca633b0db7a1314
=== RUN   FuzzTrie/6d5ec404dfe4e9d80f8a81858cd7350fe8ebdb94
=== RUN   FuzzTrie/6dc1b2bc993a864486a76783f4e9011437e8a971
=== RUN   FuzzTrie/6e18583efee98757f0034683754de10290af5a01
=== RUN   FuzzTrie/6e4258e395f187586fc736f4c30b3c5eca352c3b
=== RUN   FuzzTrie/6ea98deb19fd5b191497692c0ad4b72272e44b8c
=== RUN   FuzzTrie/6f07e28498bfcde2c4ce5fbb20a77572228b30f5
=== RUN   FuzzTrie/6fe35a5f4b5d8de1562aa4a2f871d45863f4530a
=== RUN   FuzzTrie/703567b35629dfe62278d4748f227be125c6c88a
=== RUN   FuzzTrie/71059ed0dc15024a467f39b60ded74c8537fb24e
=== RUN   FuzzTrie/7163be07d4ddafbe8714c5030a347c28a4d1b135
=== RUN   FuzzTrie/71fc7a040114634dcaeb84e40d2ad5f8ef29c393
=== RUN   FuzzTrie/72982fbd420299490c22fa5f89bf4301d44b352c
=== RUN   FuzzTrie/7312d1652f15273fbdaa488ee61d441709543f9c
=== RUN   FuzzTrie/73334058d1e06d52713598354e12c86b0324c4b0
=== RUN   FuzzTrie/73440c10a9e27de2334aa266ab093d5068555f5b
=== RUN   FuzzTrie/735b6fb0b9c1e113713ba205fa7a0622c534f736
=== RUN   FuzzTrie/764ace6ffd564d7d9a58c73dd55cc773483c6ea0
=== RUN   FuzzTrie/775e07305d0911c59c9b53af5c607a91d6f04a6e
=== RUN   FuzzTrie/77792befc71f8726418c83fbe10985599d376a93
=== RUN   FuzzTrie/782a1ba23c12df2c1bfc16ad0b02dda1ae447ac5
=== RUN   FuzzTrie/78596694ffe57df026af9fa6e0909409b58b0bad
=== RUN   FuzzTrie/787cb0f316d956b1d5941c4be3f62297b3b21d45
=== RUN   FuzzTrie/79c2d44af2f1f181c5e5c7de7e3f38aece156813
=== RUN   FuzzTrie/7aa7bb38a1a86e079bc49f1c4088369681176a91
=== RUN   FuzzTrie/7bcbc02c7ff5617a50cb7995c4f99f07280dae3b
=== RUN   FuzzTrie/7cf31f2afa86d7e18915de40456cffae981c6ad5
=== RUN   FuzzTrie/7d1a28bcc163b864154453910b1d62a0821b3735
=== RUN   FuzzTrie/7d300c6e32c82c8e19722eaa1e2577319891d1c6
=== RUN   FuzzTrie/7e220121fbebb69e7cc2aac76eea9c630e5a0588
=== RUN   FuzzTrie/7e243cc086bc8dc384343a0c10a9708e24243e52
=== RUN   FuzzTrie/7e46e85f670f808c490f63bfdd724964def41378
=== RUN   FuzzTrie/7e8f4e8a4fcb3a9deafcac0b65791e8cb8c04c83
=== RUN   FuzzTrie/7ea5c819fcf3596635cf85d670b4c4cfc4cfe06c
=== RUN   FuzzTrie/7ee50074c61e65c218a74041018487e534d75fa3
=== RUN   FuzzTrie/7f2953a22807e107a693dc26968d40dae6526962
=== RUN   FuzzTrie/7ff3a497458792a42f2f25bf87a8335536fb1d52
=== RUN   FuzzTrie/80ba74671ee87297437d98d47b3dff6614deb395
=== RUN   FuzzTrie/80bb3ac37a55690c534377914f16aee0f3bae993
=== RUN   FuzzTrie/81228da98495095fe4db0824e16e69e5a4560566
=== RUN   FuzzTrie/81385254d07b3a3dc18a3775e218cd30c1b46b82
=== RUN   FuzzTrie/82827025d0356f21d1333bb991406d23b5a9bb73
=== RUN   FuzzTrie/828f026ce14c5f122e8289e06e3d09f45580a5a2
=== RUN   FuzzTrie/8529bf5b53e6e9022e030ab58eac49e9b8ebfaa5
=== RUN   FuzzTrie/855f70ce9e0753ca36d7d0591147e9979af0cf71
=== RUN   FuzzTrie/8608489fc74c7a1da163651c4f116d151f84b14c
=== RUN   FuzzTrie/86661fa5628f3d9a1340a2e10ff3d537bfa59cf5
=== RUN   FuzzTrie/86b6d33336d34330bad41188f99c412828e12127
=== RUN   FuzzTrie/86ed80b2aca21da1c71894374f531ae78781e3b5
=== RUN   FuzzTrie/8702bccd3d1cf91f12c2df9fe1f9c4da0a1a6d77
=== RUN   FuzzTrie/88333413c84e804590802f088fe191b74a6a6f6a
=== RUN   FuzzTrie/8a231a6a6ff92f1a8da518a97538073040b9c7ec
=== RUN   FuzzTrie/8a44bf8ab65de99f491c7bfbea0e6ea2fd79e7e8
=== RUN   FuzzTrie/8b1058aa44fa139442653b9418e3c69d210a0f4f
=== RUN   FuzzTrie/8b5af787df40483d219e39bc613b6616a19e8e1e
=== RUN   FuzzTrie/8b8ae8de85edc6b57e4f48760a7f9251079db95d
=== RUN   FuzzTrie/8bfea5ce4176ac050a27fb7bc84e29490374ddb1
=== RUN   FuzzTrie/8d191465545a2d7e6ba2c1da56d28280116d24e9
=== RUN   FuzzTrie/8d866df96bb6e304e08a9220c706a92ac1b78a0d
=== RUN   FuzzTrie/8decfeddb9d6b0e05c452597fd3895b8671e49ed
=== RUN   FuzzTrie/8dff2fa3f20cb7322b804a0486b6e2adcc9013f2
=== RUN   FuzzTrie/8e01e98891e52206c1949a650373a8b9053bc90b
=== RUN   FuzzTrie/8e407381a5ace6fb32ad919d76ab132609b89373
=== RUN   FuzzTrie/8e7ee2ad81af8f88e59a34d99802c95846368b5d
=== RUN   FuzzTrie/8f6b1ce2327eaa8c406e2281eb0a8e120317e270
=== RUN   FuzzTrie/9002a32026332bee1d8ead33da254943bd8a18b8
=== RUN   FuzzTrie/901d1eaaf2bc88c892807bdcdd4f59839d151331
=== RUN   FuzzTrie/90b654e43bb15ba209507157ebaed9170d4b2ef5
=== RUN   FuzzTrie/90f5abee79661d67fa6b495d4496356fc6861eb6
=== RUN   FuzzTrie/91dd1deaee0da0c8ab5bd1b81baaaeb6f97d7b03
=== RUN   FuzzTrie/91ecd2c4e944a750ff7f2b2ef6d6854efcb3382f
=== RUN   FuzzTrie/9278b296e8af44e7aa607af57be3ef8a9f8ae952
=== RUN   FuzzTrie/92e1b18e91bbcb8801319f5d4e98f4f61cd1a74a
=== RUN   FuzzTrie/941557f5919d45ad1a02ae514f85d5e97c0a11e7
=== RUN   FuzzTrie/9543c7a5589543c6a1d0bc8e8b84cb459afc7bfa
=== RUN   FuzzTrie/977343b5855e40ab4c9bdc2914e5d8b9478497a4
=== RUN   FuzzTrie/97d4282faaf9a1cf5ad79a8e8c641c7603ea3948
=== RUN   FuzzTrie/9a54e3ccaf56d2cef4bad5aff616ca475952a4c8
=== RUN   FuzzTrie/9a8c0f039bbd08cc9b55e29072e51f2c1eba7af0
=== RUN   FuzzTrie/9ad128b4f407b8c7f86c6968fdcb1681d1d3d792
=== RUN   FuzzTrie/9b4c3503864441b526483bd39a52dd0e9751632a
=== RUN   FuzzTrie/9c6e434c3486984864d3aeef78aeb0c2cd4a8c2b
=== RUN   FuzzTrie/9c81300c66f2c0424fa5c13306dc1317a2a020b7
=== RUN   FuzzTrie/9d86b45ae087e87d78ac86664f17ef95e5cc9c04
=== RUN   FuzzTrie/9daee4bac647cb5367a6c5d17e56490fa924dcaf
=== RUN   FuzzTrie/9dc9cf66ca19cda7deb2495273c2f4b273012b0b
=== RUN   FuzzTrie/9e281c24fe40a52200bbf79cba51977dd7aeed54
=== RUN   FuzzTrie/9ec149a3f611eaf54a072ccdcdd290ac3e98dc9d
=== RUN   FuzzTrie/a0468b514cd6516728dc5d247677af3db664c74f
=== RUN   FuzzTrie/a1810447f2cb48c6ca24d441dace78b067f7a117
=== RUN   FuzzTrie/a1a14be0a1b503bf093abd71e8be755cb63f36ab
=== RUN   FuzzTrie/a1bad3aae909e341b61dafa92e835b358833de7a
=== RUN   FuzzTrie/a1cb61096013e71b0e3fce07e489f135564ebc01
=== RUN   FuzzTrie/a1cd42db93d2f4ef1e26bb4d22756609c4ffd631
=== RUN   FuzzTrie/a22396b6b245a2c7e109f5362591d8925e8c725c
=== RUN   FuzzTrie/a2510d76d0c2d0f9edddb7a4a79251be8100845c
=== RUN   FuzzTrie/a27977dcf790e63f29d5858533216b8c757d41e0
=== RUN   FuzzTrie/a27d3cc7242c850460dfdc0dd548f2bf197aaa0e
=== RUN   FuzzTrie/a363b19dec828f5cfcd38624fc46e6041726cb15
=== RUN   FuzzTrie/a3b3c104cd5b87adbca474ba14113146a481ec19
=== RUN   FuzzTrie/a3e712483bada46170a89a1b4b366cf719ddf6b5
=== RUN   FuzzTrie/a44c95097a591e3a9d17d7066e29abd69738e7fa
=== RUN   FuzzTrie/a4a36c8d17ff180af3adf73f4b0bb23fc32b9889
=== RUN   FuzzTrie/a687d4fc078639a35682ec9ff52c33db1c6c40be
=== RUN   FuzzTrie/a6d5583dd514cd753810071d31beb89112387add
=== RUN   FuzzTrie/a6dcdb8c1dd32ccf5060212807f30a6913abf784
=== RUN   FuzzTrie/a807187d9ad3d20e7a7fb9654a04c65026075e8a
=== RUN   FuzzTrie/a83bce59599eab402170a39468589445d3cce904
=== RUN   FuzzTrie/a8b7f981aa6dfda5a663e02e102e4484bae39481
=== RUN   FuzzTrie/a922af0d370da21c6b04d70554cfe9d40aead28c
=== RUN   FuzzTrie/a9e270603827d7750c7a24e45c8781aa8bc9c87a
=== RUN   FuzzTrie/aab5f47755a11e130b586fdceea5841c710c3380
=== RUN   FuzzTrie/aca07ea11b83c9cedda1ca36a393a65b0bc5e7d7
=== RUN   FuzzTrie/ad14a5caa90ae28a5901b8ddee7a54eb99a04c18
=== RUN   FuzzTrie/adab7b5cb413e63158f3cacc9562518f653c16d8
=== RUN   FuzzTrie/adc83b19e793491b1c6ea0fd8b46cd9f32e592fc
=== RUN   FuzzTrie/aefb2ca63b28dbd7409109c44e10166de73364a0
=== RUN   FuzzTrie/afa3f99627eeefe69a889c5867e34170058458bf
=== RUN   FuzzTrie/afbf164d70621f7e81fb435839d75d99c9ff0058
=== RUN   FuzzTrie/b04516e53e4ecdddbbb83cdba5b7ba960cabcf32
=== RUN   FuzzTrie/b0958f1fc8e2e686e8f2f8fedf1bf19449babf30
=== RUN   FuzzTrie/b12e194c0cdbbc3cf78c6f6428d2193850af3d45
=== RUN   FuzzTrie/b16d2739ac791fca31d89af754d957bee518ea10
=== RUN   FuzzTrie/b28da41b665cdce155fe66ad50d6ab2ebd396a8e
=== RUN   FuzzTrie/b2a215f23d94af8c9e8cb87c7ac76230a6c56202
=== RUN   FuzzTrie/b34b1cfd19ca0d75399d21fb794c939c566a914a
=== RUN   FuzzTrie/b509cb3e442cbb9c2d07cfabf7999a58e9f12649
=== RUN   FuzzTrie/b7a0c99ef57430effd527689d0b64477cf68d9ba
=== RUN   FuzzTrie/b8754ceeed00bbe282b13d3f5abeb2ece8e6373a
=== RUN   FuzzTrie/ba29a39a5db9f44c6057a39de6d7c9f45ef15b4f
=== RUN   FuzzTrie/babad5533b662b4dc63b3f7009a5db84f700f9d6
=== RUN   FuzzTrie/bb788a98250d26cbe713865bc0e7d0bffe649476
=== RUN   FuzzTrie/bc2558374666ca09e4f9f79b524d8074f946ba0d
=== RUN   FuzzTrie/bdc7fd01344afda285f5b0516fb6431f1ba6905a
=== RUN   FuzzTrie/bded7e40ffc1af61c759dee0bdd91cbfe4c7a984
=== RUN   FuzzTrie/be4da4ad37d3b3e8500809f899088f7addba15cc
=== RUN   FuzzTrie/be6c20e1d47d69c805482b7ea430574df0ab09f1
=== RUN   FuzzTrie/c0307618229bc1cd20a596a06d0ed232e4177843
=== RUN   FuzzTrie/c0436a32027f486aedff48ff6c261b65e5cb9158
=== RUN   FuzzTrie/c10b7df23fa3455b90a68fc834ad1e692f25ce62
=== RUN   FuzzTrie/c2ad1a696c519a848f3e21e9940121e6a4927455
=== RUN   FuzzTrie/c2eed644c4ff02ebc02cd32ae56f52e392ee2b4c
=== RUN   FuzzTrie/c3d3211e7cb4b5b80b8c372736ac05e001712186
=== RUN   FuzzTrie/c3ffdb3869d21f239eea7ddab2c12dc698eb3e51
=== RUN   FuzzTrie/c411632a91a35398e7d9663ec5d4f1251a4978d9
=== RUN   FuzzTrie/c43fa8ee05d07b1ce3efa8e2cbc745f012fc96a7
=== RUN   FuzzTrie/c47062c0bfab05ba73268d35819d6988c36d66b7
=== RUN   FuzzTrie/c642e72f699bca4fe702511f7fdc3d74a3fd91d7
=== RUN   FuzzTrie/c6ba68a89fce328b0544d8492c3053414c3fa733
=== RUN   FuzzTrie/c70ab774d2adbebbbd3e8e468f1837b30ae062e0
=== RUN   FuzzTrie/c756d1ecaa1af9631afdd8d5a5970526b890fda9
=== RUN   FuzzTrie/c86698e51341ead99a2c2d9f819f4c0f07ae69a9
=== RUN   FuzzTrie/c8e7b1affc40fb31727050fddb4425c43a781577
=== RUN   FuzzTrie/c92dd3a137e9d3bc62f759a110a6648cee046d20
=== RUN   FuzzTrie/ca497757dc4585bb6d38db692c794f7a64c60baa
=== RUN   FuzzTrie/cb3a45490daedd76f4b84591924b7bff672d78e4
=== RUN   FuzzTrie/cb53520f1ba40359225961f7b2342e34885fa34c
=== RUN   FuzzTrie/cbd1581b8b08428a695fa2b29a890bc0c52b05a9
=== RUN   FuzzTrie/cc55f9d632ce8a21c9cecb39e8b0b4a2ca5e3998
=== RUN   FuzzTrie/cd5ee792b994f0f7de9db6704b4693cde35fddab
=== RUN   FuzzTrie/cf257a97c1f8679f924fcc3f40f78e4cc60ab0f4
=== RUN   FuzzTrie/cfba3fafa5579ea0e8a0eea378733e2b1ec96cd7
=== RUN   FuzzTrie/d1a32ee28e4ff328aa866fc3a25fe8d2700defc7
=== RUN   FuzzTrie/d2396d6c158c859f6ffe66d6fcc6f5e2038cc607
=== RUN   FuzzTrie/d29e70e1e948dea4d8719a28ed2843e6f29ff266
=== RUN   FuzzTrie/d31638e45ab734192c801d62a18196c14aca4af2
=== RUN   FuzzTrie/d34f1c303ffa6de9b974c499b009a0301fddfd26
=== RUN   FuzzTrie/d39d5d141fbe807c21c3476069a59032a2caef7f
=== RUN   FuzzTrie/d529914804e19fe5b48cbd123e2bfd80f8dfe0a4
=== RUN   FuzzTrie/d7304a759e4b68ceab2bff2fa6cb35c18e3b75a5
=== RUN   FuzzTrie/d88c161fe976d4a4b96898364d67875b2bb07388
=== RUN   FuzzTrie/d88cdf0d4b0db6892d66e351bc8a8860f0c106bf
=== RUN   FuzzTrie/d8b08d06f8535a250dcc9a51390179698bc09e45
=== RUN   FuzzTrie/d8ec6fec2b29d72111128c9d6deb02bb72041565
=== RUN   FuzzTrie/d91fe078a6203dc28d183ddd38c03f7adf51beb6
=== RUN   FuzzTrie/d95bbdefd4cbaaa7bb5dc6a98f2c3dbf8866a861
=== RUN   FuzzTrie/d9a44a33cfba9087f37a7f9c83a6b66cd639fa42
=== RUN   FuzzTrie/db59d6a3e01bd4a6da67b9a11964b570be51e5a1
=== RUN   FuzzTrie/dbfc2eb2a72c2c4fb0bc01cb944a5275a8ac95f0
=== RUN   FuzzTrie/dcf5bf6c63ba8e32483f75660b3a6a0f5d764483
=== RUN   FuzzTrie/e05ed1a863f57bee7546097888ea4029a2714644
=== RUN   FuzzTrie/e060c656670e9650a1e066707a514ac96b6673f7
=== RUN   FuzzTrie/e23e4a8b35c7a8e3458b5f2236c15923c9963e62
=== RUN   FuzzTrie/e27f212ade58b5f642dc88965b9f1b87a1e0bcd8
=== RUN   FuzzTrie/e280b1a3c27b79de79c9ead0216dd84a2893e92f
=== RUN   FuzzTrie/e2a179ae6cc85bb15cee99934728bcc98a3b17b6
=== RUN   FuzzTrie/e2bf3c20a8c05f952edf9ffc4c061d3d9897d7b2
=== RUN   FuzzTrie/e4399f9361eb877b48cf8b86d118c8bcaadcb7e1
=== RUN   FuzzTrie/e47bce3c4e9eee619f61fd8b62e665dec97db800
=== RUN   FuzzTrie/e4a11d7a7117015157e6b17b35dd5f8de158c14f
=== RUN   FuzzTrie/e4e15574d5386cc87782944161b922c4900457b1
=== RUN   FuzzTrie/e522cb7aebe7529d187300c655675c4ae32a71b4
=== RUN   FuzzTrie/e59ab8dae9b1b8b7927acfdcced0097f86dc39a9
=== RUN   FuzzTrie/e5d8893e6556ffdd198c8b2cf1e8668b046d8560
=== RUN   FuzzTrie/e5f9beaa35eb0e9d003931c772089d920b774365
=== RUN   FuzzTrie/e6b457ae3ee49a142980d765042db00c386d7abb
=== RUN   FuzzTrie/e6beb200fd540d3ee51e0ff735f13ecdeaa0bdd5
=== RUN   FuzzTrie/e83317c49b60962a501290c1dfe6640354f9807c
=== RUN   FuzzTrie/e8538af2f4401d470fe69d012ea199950a0a9bc9
=== RUN   FuzzTrie/e8c5ae40c2bb2b9b8ea63820c6a1954b5d50493b
=== RUN   FuzzTrie/e8eaa9bd6ae90668600d27fa3f4ec28ccb6cbf63
=== RUN   FuzzTrie/eada2adf04ebb959f115ee2fd57ed97fee76ca14
=== RUN   FuzzTrie/eb1a928bc786c8a509a831c03a068060cdede847
=== RUN   FuzzTrie/ebf665dbb31843dd72250db24be0ceac7f46dd45
=== RUN   FuzzTrie/ec84d37fd43d278f32841aca2ebc16c5103c9516
=== RUN   FuzzTrie/ee0fc617978951e5edb05e6ec7b5e980686cb343
=== RUN   FuzzTrie/ee31e02fe981deb5081ddde0c62eb192799c4fb1
=== RUN   FuzzTrie/eebb52d6e5e4dc2f3fcc93099419163850101614
=== RUN   FuzzTrie/ef219b74b8d8e4afb5a798a53e66ac84fcb0c64c
=== RUN   FuzzTrie/f00ee068a3985c0452263dcab838fadc95443b0b
=== RUN   FuzzTrie/f01e94b0b79afa44ea087b6707c3bcc1bcb8f298
=== RUN   FuzzTrie/f02771a73bf4c9da8fde410e581f00c3373c9a43
=== RUN   FuzzTrie/f072efed7c0f117572a5c269b5808ac53ef54372
=== RUN   FuzzTrie/f0a9e72ba32bdcc05150f43ca3a5d50176b84ba8
=== RUN   FuzzTrie/f17530a1a4d604e277abfe184ced20a5f438b312
=== RUN   FuzzTrie/f188b4773f82c0e501c5758512bfe8b36943533d
=== RUN   FuzzTrie/f19b954e88dcbb8137c7718d62ee7502d4894575
=== RUN   FuzzTrie/f1ab90d681128646fb07f8a76454f6b029b8d551
=== RUN   FuzzTrie/f1d8c3ccac8a7f5bc6b65f5b2182376f1c318b02
=== RUN   FuzzTrie/f2a02dacd0e48e2ebfb9e8c991924ec1457242b2
=== RUN   FuzzTrie/f3d88b12240fe3bb07823fce659edb713c58848e
=== RUN   FuzzTrie/f456278de0ee573fa7e4cbef33dd890f69551312
=== RUN   FuzzTrie/f4811ecb42798e7bfed196157ad5ccdb1330e4ff
=== RUN   FuzzTrie/f545c9bfca27ba869f3917a5266fae59f3e9a8a5
=== RUN   FuzzTrie/f77c8a74b48ece85c7d7990e195ecea2b2a8569f
=== RUN   FuzzTrie/f7c43e80a116a41ef6a5608f946593ea43fa90a1
=== RUN   FuzzTrie/f8900470dc9af62b856b263acca302155ec60062
=== RUN   FuzzTrie/f97daf0cacf46c58cae7a6043ed1955ed096be51
=== RUN   FuzzTrie/f9dfb0d966345f0df749fd2b953003b60e92f816
=== RUN   FuzzTrie/f9eae61dc57bc6933ef9f1ef3010e852b885d91e
=== RUN   FuzzTrie/fabde2fa38ad836c1f0c32bc519ccb84f233f897
=== RUN   FuzzTrie/fae3bfc49a36da2a870eee23a21f9229e026136e
=== RUN   FuzzTrie/fc914d06f18a4c1d531b8d03213a7d44419144c9
=== RUN   FuzzTrie/fc98cf17052c2b76c8b8a3b24942bffafdb1f688
=== RUN   FuzzTrie/fcd7839b7ba867031203ea7fb9bc8b25354fb3d5
=== RUN   FuzzTrie/fd5d3bbd764c0e3c85375db59a68d04e4eb1428d
=== RUN   FuzzTrie/fe1b5d500d4f766eb0fd455fc7335634e930214f
=== RUN   FuzzTrie/fe5e4c6386eb2f9a8998c0367a805b239ee5be85
=== RUN   FuzzTrie/fe874afe43e330455bf1dfd18c46bb5d9e7521a6
=== RUN   FuzzTrie/fea0c4aa3e07528dfb97d03f5a0dc16f18bf26a3
=== RUN   FuzzTrie/fed9dcdea107ef0f89f8bc8983e8bd6e379b424a
=== RUN   FuzzTrie/ff4054959654b203b18c35d847e3b5495b4cfe7c
--- PASS: FuzzTrie (0.32s)
    --- PASS: FuzzTrie/00803fc4cc784a9068c42cf554b4d2a40f198c78 (0.00s)
    --- PASS: FuzzTrie/00986ddb935776d8f170a61df3ca871457f64b59 (0.00s)
    --- PASS: FuzzTrie/0101269af37a3dd13819c1bc2643ef8784c399be (0.00s)
    --- PASS: FuzzTrie/0187eca04b1ff9d1f97a17e6559adae0e64b7f83 (0.00s)
    --- PASS: FuzzTrie/02726cf130d2dd1f5307207886aa957094564014 (0.00s)
    --- PASS: FuzzTrie/0272c428d52c3bd7bd6b82df393988f2468932e1 (0.00s)
    --- PASS: FuzzTrie/028513ea8e47087f7531ff3482a6f7b9beaf072a (0.00s)
    --- PASS: FuzzTrie/036e23467d1281fda46224912d753616b81ba15d (0.00s)
    --- PASS: FuzzTrie/045acaaba3272b4af5379584ef91a97b90f2e7aa (0.00s)
    --- PASS: FuzzTrie/051db03223fa99d5b54b8482674fa2b1dbd983b4 (0.00s)
    --- PASS: FuzzTrie/053d68f11ba383beb450adbe888b0ecc7b18d71b (0.00s)
    --- PASS: FuzzTrie/05cf64a942404cf53fd3d20bc91a34696b9efefd (0.00s)
    --- PASS: FuzzTrie/060e03f24b0e4d60d92c7f1d1d1416fab019827e (0.00s)
    --- PASS: FuzzTrie/06a0ba549484018d6f5b4c00853df3f9eb02ad95 (0.00s)
    --- PASS: FuzzTrie/07078c7b86a54e915004799893efd6785589131f (0.00s)
    --- PASS: FuzzTrie/07cff40aa91e3848d898cbe295c433fcda4cfd06 (0.00s)
    --- PASS: FuzzTrie/089460a2108c5196116f36028d08a91b1dd437fd (0.00s)
    --- PASS: FuzzTrie/08977f39589dd3cfba4f96b5ea99af69cd265027 (0.00s)
    --- PASS: FuzzTrie/08a2dcba04f2be271e054c55e6b7a168236e15f4 (0.00s)
    --- PASS: FuzzTrie/096f45d62149b222deabc513bb49d4a67925f8e6 (0.00s)
    --- PASS: FuzzTrie/09828806ac7a45fc5c6c4db4d05a8db8701061d6 (0.00s)
    --- PASS: FuzzTrie/09a50573c5d8c51b619160e51d21f520b6b18f1b (0.00s)
    --- PASS: FuzzTrie/09ad3ca064f30fead890d6cba0dac232cd3f40e3 (0.00s)
    --- PASS: FuzzTrie/0a1352e19a2990b56de729b04f5df520de272789 (0.00s)
    --- PASS: FuzzTrie/0a8d0e8ab2053e8727ba5b75af55e931e69ef8c0 (0.00s)
    --- PASS: FuzzTrie/0b966b98c71501a98f14489e81377b34614a77bb (0.00s)
    --- PASS: FuzzTrie/0c7d27da0a69a667821f553b61e120d8a7a57c2d (0.00s)
    --- PASS: FuzzTrie/0d326dab6b38c25937bf7ae08d2f066815b29556 (0.00s)
    --- PASS: FuzzTrie/0e09affa677f78c6cbd5b0ab1ce02d1c7f38d707 (0.00s)
    --- PASS: FuzzTrie/0f10eff66f433b4196de422b89f5d6ac65a756d2 (0.00s)
    --- PASS: FuzzTrie/0f37712ede526e187147858534fec664f001665e (0.00s)
    --- PASS: FuzzTrie/104fc6c809919e12f519c0f043c3e9bcb78785d1 (0.00s)
    --- PASS: FuzzTrie/10af23d734185c67b2a2dcb58ec9ec7db9acabb7 (0.00s)
    --- PASS: FuzzTrie/10b52965ed3ac1f57c6a32e8a9e1dd608bdc5431 (0.00s)
    --- PASS: FuzzTrie/1187cfdb1961829f86e828f51cd2c1c129b8cb22 (0.01s)
    --- PASS: FuzzTrie/11aa824a1d42745facab016035997111dee4edbf (0.00s)
    --- PASS: FuzzTrie/11b0574c2122518c47a1fd3ca574c7ff5dc151a4 (0.00s)
    --- PASS: FuzzTrie/121357d511cda7b7048fb1798d3beabb475d3ba5 (0.00s)
    --- PASS: FuzzTrie/12accb6d5f1ac1cc8cbe7f2e9703edd42f9809ae (0.00s)
    --- PASS: FuzzTrie/12ae9ee6ac3bdf67d2be69d14405697d01ff749a (0.00s)
    --- PASS: FuzzTrie/1337d8f67230663cdfdb79ed00f14795d8df20b0 (0.00s)
    --- PASS: FuzzTrie/136bbf9021ec870647260fbb2c4e8847c2eb2530 (0.00s)
    --- PASS: FuzzTrie/1489c578278c260df50d1a0fc2a6f2c7a4528ad2 (0.00s)
    --- PASS: FuzzTrie/15a54e60d781bb64bec0ceaf70d3399864765114 (0.00s)
    --- PASS: FuzzTrie/160673f83890787a5b450d3a7ba6f0234ba37290 (0.00s)
    --- PASS: FuzzTrie/16225893ef6c661b2b9b9472c03b1bd1a0e105d2 (0.00s)
    --- PASS: FuzzTrie/16ce66aa03f778a538e53e9b3e8cb8ee18ead29f (0.00s)
    --- PASS: FuzzTrie/18a2dad8b2ca4a5be7aa178b5c64ad7bdab334fe (0.00s)
    --- PASS: FuzzTrie/1909e7677219d1b7adcfd1624dec85712c9cdc19 (0.00s)
    --- PASS: FuzzTrie/19389acb54ff957f8bcdecaecdea1654b773befc (0.00s)
    --- PASS: FuzzTrie/198794fbc73dabe8d76c9c5ad98cad588e8d2ef6 (0.00s)
    --- PASS: FuzzTrie/19bd733526a97420532d8c833a43471bc5c8bdb7 (0.00s)
    --- PASS: FuzzTrie/1ad7bf47ae899aaf258d63c8cade1e3be75839cb (0.00s)
    --- PASS: FuzzTrie/1b42c5f5eb18cc67b2633396c40dd3c565e24751 (0.00s)
    --- PASS: FuzzTrie/1bc9405c50124821ba5e46260d798dbcd1f3da7b (0.00s)
    --- PASS: FuzzTrie/1bfe8b13a67ba2a1c07eea30931e08597c08aa90 (0.00s)
    --- PASS: FuzzTrie/1d3cce13e2084a01dccc80cb68388d2de1d16ef7 (0.00s)
    --- PASS: FuzzTrie/1d68e68081f86b5f016619e69de0dc72d7457c5c (0.00s)
    --- PASS: FuzzTrie/1d9dddfad053ec422225cab1231b68890c033d5c (0.00s)
    --- PASS: FuzzTrie/1fb096ece3bf59d83157a17ed1211ab2817552ab (0.00s)
    --- PASS: FuzzTrie/20b9faf8e50ef62400444c46838c9f1f832b92d9 (0.00s)
    --- PASS: FuzzTrie/2157d670bc3db3f0608420d515cf6a892ff03e5c (0.00s)
    --- PASS: FuzzTrie/226bc5e42072693717682b6b3756f17cde63da0f (0.00s)
    --- PASS: FuzzTrie/228e2fbc5d11dfd3851f85173367475ad727afe2 (0.00s)
    --- PASS: FuzzTrie/23013e0b24a2a31eb17b814e778f6b54167bc4f3 (0.00s)
    --- PASS: FuzzTrie/2303a70d076fcaf173bdbb4469f070fd2fe94eb6 (0.00s)
    --- PASS: FuzzTrie/23d6287e6c19190dbc3bf692585ccb1925ee7ed6 (0.00s)
    --- PASS: FuzzTrie/23f5b279451f1a8c5e537b998a82103f4021cfa3 (0.00s)
    --- PASS: FuzzTrie/242ef02ac1b6ece7d01fa13365162533d519bb42 (0.00s)
    --- PASS: FuzzTrie/2488beb26aed18496b846e4e606422231c864a6d (0.00s)
    --- PASS: FuzzTrie/25a673bf42e9fe83e9a9c45cd03e82cce5c908aa (0.00s)
    --- PASS: FuzzTrie/25d9531c49166f00c4d7bccbf3f1b9bd2d258e3a (0.00s)
    --- PASS: FuzzTrie/27b376c24243aa24bd4944381593a578a64e8ec9 (0.00s)
    --- PASS: FuzzTrie/27f1f04f8f47f1c0c6e20e85c89f74253715f02c (0.00s)
    --- PASS: FuzzTrie/28005ce6ffd4c03345c0fd6401f7e8d14288e6cb (0.00s)
    --- PASS: FuzzTrie/28f0a64f7b6f75fb03703835685e210bbaec9bd4 (0.00s)
    --- PASS: FuzzTrie/291723a6739955cecbe9b8ee661363fdf27c2ae6 (0.00s)
    --- PASS: FuzzTrie/2953b0100281f070e14db9eec925566c1c0b1a2a (0.00s)
    --- PASS: FuzzTrie/2a59d0be5feb554915ccd69dfffa04f9198d517b (0.00s)
    --- PASS: FuzzTrie/2b8d2c225bacffda0fe941435b4464f4c46ca5ad (0.00s)
    --- PASS: FuzzTrie/2ba0c07fb5ee695f1aaf8ac78a73238f184cb395 (0.00s)
    --- PASS: FuzzTrie/2c6602c9d585f55e81467923ee61b1f4db0f52c7 (0.00s)
    --- PASS: FuzzTrie/2c6cc5af63551aa6dcc289e15ba80ab5ee6eda48 (0.01s)
    --- PASS: FuzzTrie/2cada7dbbdb41991f639749dcbb8b2807b02d176 (0.00s)
    --- PASS: FuzzTrie/2e11cc5c6ec572d493cf7a4499110d1a01c602a4 (0.00s)
    --- PASS: FuzzTrie/2e54559cd1271cff8e588773ff6b867fc02d1f52 (0.00s)
    --- PASS: FuzzTrie/2f9a5929d0b54a25037094855db81bfeaa4dfb8a (0.00s)
    --- PASS: FuzzTrie/2fcc2b6ab10615ce9cb9eb019c6e19aeff0b5b8d (0.00s)
    --- PASS: FuzzTrie/3078f1bdfd2e619eae01a24a56ff8fc39951ac75 (0.00s)
    --- PASS: FuzzTrie/30c5ffd5d316af0b1fac4beb8dffe81debd43a11 (0.00s)
    --- PASS: FuzzTrie/313f6d65892b237e3376697fcbb0c685b643cbd8 (0.00s)
    --- PASS: FuzzTrie/326d55c4cc7accf5b1413bfdbee9ddc2ed51e274 (0.00s)
    --- PASS: FuzzTrie/34dc02f33dcac174e95baa6fba06e6aa04edcd00 (0.00s)
    --- PASS: FuzzTrie/34ef096603b27e7552511046e87962a167f95178 (0.00s)
    --- PASS: FuzzTrie/35cf6fb64f769f3f00ae65c06c29e3faef067e25 (0.01s)
    --- PASS: FuzzTrie/36116b52e8df13a81ea53afd61b942c447ff6f22 (0.00s)
    --- PASS: FuzzTrie/361f22ab9ace89e4503248e32be612758d3fc967 (0.00s)
    --- PASS: FuzzTrie/376d033cf2d05f97fcdce15c9fda6606a428e78d (0.00s)
    --- PASS: FuzzTrie/3777e33b50a5b69643b99de70228e341f9c8502f (0.00s)
    --- PASS: FuzzTrie/383337ec1f31bf3a64ec6c376e80898291e84cbc (0.00s)
    --- PASS: FuzzTrie/386c8f8ab734247ce19d5923efc2dabaa3de4a71 (0.00s)
    --- PASS: FuzzTrie/38c50abb3dd109a53dce3fbb533b63d5923f96fd (0.00s)
    --- PASS: FuzzTrie/390d203bfd9db2bef7c0cb96a4396b5dcae76c71 (0.00s)
    --- PASS: FuzzTrie/392b72a2abc6424ce144df1532c4fcbd18f4acc1 (0.00s)
    --- PASS: FuzzTrie/3942c17d8e5fad034365b87d1e9f88e5f61a80aa (0.00s)
    --- PASS: FuzzTrie/3946663e330e15ce14acb55a62100ea16d571f07 (0.00s)
    --- PASS: FuzzTrie/39cb152e467c4a955e0e9e9ade7507ee34255254 (0.00s)
    --- PASS: FuzzTrie/3a78d6ad2d0cc7a6bf50fd9d9424da88c64c3e87 (0.00s)
    --- PASS: FuzzTrie/3aba814656d3d8d2b6e3cba1b0ec483b194b4195 (0.00s)
    --- PASS: FuzzTrie/3b850f99a7f10809471910e8104991068c51564a (0.00s)
    --- PASS: FuzzTrie/3bb33d6d996cb4c51fbcbe6f4a8e2e8988774a2f (0.00s)
    --- PASS: FuzzTrie/3c6569c34279114fb8e4002b2b8d815c19d45750 (0.00s)
    --- PASS: FuzzTrie/3cec584a41a489db64974aa4ef22c96fa296efd0 (0.00s)
    --- PASS: FuzzTrie/3d07d7cf1fd34a8ac18859029e9a38213e13035b (0.00s)
    --- PASS: FuzzTrie/3e756c6d070d43cb6307a709ee7c3ec8b699ba1f (0.00s)
    --- PASS: FuzzTrie/3eba725f9b228640ca45609c63f5cb53aed7e1a4 (0.00s)
    --- PASS: FuzzTrie/3f0406023961627177d7b4ab77f0597a79be1bde (0.01s)
    --- PASS: FuzzTrie/3f25fdb36394ba0b12df4bc13bc53081fc2271f4 (0.00s)
    --- PASS: FuzzTrie/4018b844e05bb2eba7fa499014ebb6dcf1ff7667 (0.00s)
    --- PASS: FuzzTrie/417349de9386183aeb8e1da9b7272ed69a646398 (0.00s)
    --- PASS: FuzzTrie/430cd763f3bc30d930ab1fe357bb5e31ac6d0b68 (0.01s)
    --- PASS: FuzzTrie/44e5d81e8d07fdd7c376211de1cc40bb9ecf190b (0.00s)
    --- PASS: FuzzTrie/45a0e322bf19fc8d06b14114cab8c10ae502439d (0.00s)
    --- PASS: FuzzTrie/45bb8e918e997afaedf8fee2a83c706c6ca9ee2f (0.00s)
    --- PASS: FuzzTrie/464a834e187fe744dc0522f682be0e2efd28dd6e (0.00s)
    --- PASS: FuzzTrie/475ddad9c0d6d20c154dc04d5c2421109cff22e1 (0.00s)
    --- PASS: FuzzTrie/487f1f2a49be5ea648be98771f1d67928fc223b1 (0.00s)
    --- PASS: FuzzTrie/48b5c7b483b9ddc6b8989ec66009b5492efc3ea5 (0.00s)
    --- PASS: FuzzTrie/4ab4f1950a55e3047d76c002d3de0cfbcffc9a0a (0.00s)
    --- PASS: FuzzTrie/4ad9c0c753db4dd8f1789377c2816e16c6f97fcc (0.00s)
    --- PASS: FuzzTrie/4b00e4b04e6bf9efd81c7ac61ca36d7a2458f352 (0.00s)
    --- PASS: FuzzTrie/4b18b926ea17c4b9feacd80753999526eb136853 (0.00s)
    --- PASS: FuzzTrie/4b2ea8761927b1b973832dff931db45b63b83dbd (0.00s)
    --- PASS: FuzzTrie/4b956f0e40fff1d1b0fa3c5487e64d6e5bc9d129 (0.00s)
    --- PASS: FuzzTrie/4cae0aedac75a509b193e8056ace14dc1789fae8 (0.00s)
    --- PASS: FuzzTrie/4cc09200e83330635ae2028adf6123ed9d846230 (0.00s)
    --- PASS: FuzzTrie/4ccf3bf08acde3dcaed7772fc3053718eec8132e (0.00s)
    --- PASS: FuzzTrie/4d0e7537f2adddfe243aa848f16ea4b831121798 (0.00s)
    --- PASS: FuzzTrie/4eeadd04e781c94797a4e202b05c81d5cbece385 (0.00s)
    --- PASS: FuzzTrie/4f73cf9de6a8263d92e77c8f99f99dda05c11ad5 (0.01s)
    --- PASS: FuzzTrie/51153491221e41e7042ccb61242a8497b1c10fdb (0.00s)
    --- PASS: FuzzTrie/51f41d0fbfab8fb1a420c5307b89eff4977f5c82 (0.00s)
    --- PASS: FuzzTrie/5405f043177ecf30cba2d41d92c971b61ac5eb96 (0.00s)
    --- PASS: FuzzTrie/5407a5e63d8339809363889c69447c13cf468d7f (0.00s)
    --- PASS: FuzzTrie/540d40a5639acdc0ea85767310fd6b9f499a84c3 (0.00s)
    --- PASS: FuzzTrie/5486827c5f7cf022a65d158e25181ba6281ed451 (0.00s)
    --- PASS: FuzzTrie/5587135716ac44f4e3119812558901313b7c45ac (0.00s)
    --- PASS: FuzzTrie/559894dc0b39a8ea2d7c880c1c2f00a279d472f8 (0.00s)
    --- PASS: FuzzTrie/56b200566681ac21a1fb731bffaac509aa6192c7 (0.00s)
    --- PASS: FuzzTrie/57667f3a3f65270143b5bdf5451ee2ca040d643e (0.00s)
    --- PASS: FuzzTrie/57688c517c511520a52fcf8072c61b22243edf46 (0.00s)
    --- PASS: FuzzTrie/57adc3ef76776ab8379afd15129fd9d85836d583 (0.00s)
    --- PASS: FuzzTrie/58ca756957b49b85cd3e8dbbc8c0f9dee03df1b9 (0.00s)
    --- PASS: FuzzTrie/598e6f694e8805ef4374c86e0e3523153c5b3f67 (0.00s)
    --- PASS: FuzzTrie/59e5cadf19dd1865a4769784c46320a998c2e4e5 (0.00s)
    --- PASS: FuzzTrie/5a36b28d8513fa4af56ec8c4c9dc25642a912f74 (0.00s)
    --- PASS: FuzzTrie/5ac1c67322be6ae76a8d171e3c8215b87cbae50c (0.00s)
    --- PASS: FuzzTrie/5afbb8b8e6ec00651e46f6921cc83002aede96cb (0.00s)
    --- PASS: FuzzTrie/5b21638b009ebb74d69ac354f3f47ebe8bbbe7a9 (0.00s)
    --- PASS: FuzzTrie/5c5c54f4c4f17e651535d31bc48fd7ee22babd59 (0.00s)
    --- PASS: FuzzTrie/5cb3d07e1ca29292131c4bf244c06c75ae75e9c7 (0.00s)
    --- PASS: FuzzTrie/5d6e124d7ee225d7601fe962ba284a62bbd47f01 (0.00s)
    --- PASS: FuzzTrie/5e1c98dd2cc60185b87978e42096935037b65eb9 (0.00s)
    --- PASS: FuzzTrie/5e85462e2965f3c5d8bbd8a4430ffd531fabc326 (0.00s)
    --- PASS: FuzzTrie/5f0407098fd9f1e15603ae05d894ebd1d674271e (0.00s)
    --- PASS: FuzzTrie/5f7e96987c8bd3d3148a9af2cfa2689473672752 (0.00s)
    --- PASS: FuzzTrie/600ac0b071655bca97d0a81f5d66356d490e6ba2 (0.00s)
    --- PASS: FuzzTrie/601b590b76f1990e0ffbbb2d0f4e2d6253079b57 (0.00s)
    --- PASS: FuzzTrie/6069503e54bc1d7e0c26f11272ce17bbf27ce438 (0.00s)
    --- PASS: FuzzTrie/6243d31d22c4afbdb1c0b888a79e8c7e91313f02 (0.00s)
    --- PASS: FuzzTrie/62d1e578054bd1dccda5c44048cb685028b13a38 (0.00s)
    --- PASS: FuzzTrie/64940034b36be6f3bd176013bcb13a51cc542ec6 (0.00s)
    --- PASS: FuzzTrie/64f562b7be8264b547939f4e221d5809d8bc4899 (0.00s)
    --- PASS: FuzzTrie/660d895cf9260b07d5248aca18ab27f817f155c9 (0.00s)
    --- PASS: FuzzTrie/66775c2d637d4bca4fc0b90aeb8dadd012ad01d0 (0.00s)
    --- PASS: FuzzTrie/682ddbb090d0c13bf1eb5cc46e95bf05d596db5e (0.00s)
    --- PASS: FuzzTrie/697af0a9fa5a576cad90d52829b3bb4cc4130a09 (0.00s)
    --- PASS: FuzzTrie/6997f4f828f14cc7c1ade8402d6fa7d5ccef9e40 (0.00s)
    --- PASS: FuzzTrie/6a04196d8046063fb3a7f6e3337cf60706cc9508 (0.00s)
    --- PASS: FuzzTrie/6a20d980f46a0ec8fd79d1e19aa0a45a84535adf (0.00s)
    --- PASS: FuzzTrie/6a2a1155bf9a3f0db9f6877ca44c546131ade313 (0.00s)
    --- PASS: FuzzTrie/6ae053e4f48260fafe8b3d3639ec52be29e54ff3 (0.00s)
    --- PASS: FuzzTrie/6af03161014715a85dc19b5061e6dcbdd4648dea (0.00s)
    --- PASS: FuzzTrie/6b7e4868bfe192854b5d70da68b983a75d8f8987 (0.00s)
    --- PASS: FuzzTrie/6bf158d4809f378850191051d1071ae0279b212e (0.00s)
    --- PASS: FuzzTrie/6bf68d4b0af8f59570e64d2feca633b0db7a1314 (0.00s)
    --- PASS: FuzzTrie/6d5ec404dfe4e9d80f8a81858cd7350fe8ebdb94 (0.00s)
    --- PASS: FuzzTrie/6dc1b2bc993a864486a76783f4e9011437e8a971 (0.00s)
    --- PASS: FuzzTrie/6e18583efee98757f0034683754de10290af5a01 (0.00s)
    --- PASS: FuzzTrie/6e4258e395f187586fc736f4c30b3c5eca352c3b (0.00s)
    --- PASS: FuzzTrie/6ea98deb19fd5b191497692c0ad4b72272e44b8c (0.00s)
    --- PASS: FuzzTrie/6f07e28498bfcde2c4ce5fbb20a77572228b30f5 (0.00s)
    --- PASS: FuzzTrie/6fe35a5f4b5d8de1562aa4a2f871d45863f4530a (0.00s)
    --- PASS: FuzzTrie/703567b35629dfe62278d4748f227be125c6c88a (0.00s)
    --- PASS: FuzzTrie/71059ed0dc15024a467f39b60ded74c8537fb24e (0.00s)
    --- PASS: FuzzTrie/7163be07d4ddafbe8714c5030a347c28a4d1b135 (0.00s)
    --- PASS: FuzzTrie/71fc7a040114634dcaeb84e40d2ad5f8ef29c393 (0.00s)
    --- PASS: FuzzTrie/72982fbd420299490c22fa5f89bf4301d44b352c (0.00s)
    --- PASS: FuzzTrie/7312d1652f15273fbdaa488ee61d441709543f9c (0.00s)
    --- PASS: FuzzTrie/73334058d1e06d52713598354e12c86b0324c4b0 (0.00s)
    --- PASS: FuzzTrie/73440c10a9e27de2334aa266ab093d5068555f5b (0.00s)
    --- PASS: FuzzTrie/735b6fb0b9c1e113713ba205fa7a0622c534f736 (0.00s)
    --- PASS: FuzzTrie/764ace6ffd564d7d9a58c73dd55cc773483c6ea0 (0.00s)
    --- PASS: FuzzTrie/775e07305d0911c59c9b53af5c607a91d6f04a6e (0.00s)
    --- PASS: FuzzTrie/77792befc71f8726418c83fbe10985599d376a93 (0.00s)
    --- PASS: FuzzTrie/782a1ba23c12df2c1bfc16ad0b02dda1ae447ac5 (0.00s)
    --- PASS: FuzzTrie/78596694ffe57df026af9fa6e0909409b58b0bad (0.00s)
    --- PASS: FuzzTrie/787cb0f316d956b1d5941c4be3f62297b3b21d45 (0.00s)
    --- PASS: FuzzTrie/79c2d44af2f1f181c5e5c7de7e3f38aece156813 (0.00s)
    --- PASS: FuzzTrie/7aa7bb38a1a86e079bc49f1c4088369681176a91 (0.00s)
    --- PASS: FuzzTrie/7bcbc02c7ff5617a50cb7995c4f99f07280dae3b (0.00s)
    --- PASS: FuzzTrie/7cf31f2afa86d7e18915de40456cffae981c6ad5 (0.00s)
    --- PASS: FuzzTrie/7d1a28bcc163b864154453910b1d62a0821b3735 (0.01s)
    --- PASS: FuzzTrie/7d300c6e32c82c8e19722eaa1e2577319891d1c6 (0.00s)
    --- PASS: FuzzTrie/7e220121fbebb69e7cc2aac76eea9c630e5a0588 (0.00s)
    --- PASS: FuzzTrie/7e243cc086bc8dc384343a0c10a9708e24243e52 (0.02s)
    --- PASS: FuzzTrie/7e46e85f670f808c490f63bfdd724964def41378 (0.00s)
    --- PASS: FuzzTrie/7e8f4e8a4fcb3a9deafcac0b65791e8cb8c04c83 (0.00s)
    --- PASS: FuzzTrie/7ea5c819fcf3596635cf85d670b4c4cfc4cfe06c (0.00s)
    --- PASS: FuzzTrie/7ee50074c61e65c218a74041018487e534d75fa3 (0.00s)
    --- PASS: FuzzTrie/7f2953a22807e107a693dc26968d40dae6526962 (0.01s)
    --- PASS: FuzzTrie/7ff3a497458792a42f2f25bf87a8335536fb1d52 (0.00s)
    --- PASS: FuzzTrie/80ba74671ee87297437d98d47b3dff6614deb395 (0.00s)
    --- PASS: FuzzTrie/80bb3ac37a55690c534377914f16aee0f3bae993 (0.00s)
    --- PASS: FuzzTrie/81228da98495095fe4db0824e16e69e5a4560566 (0.00s)
    --- PASS: FuzzTrie/81385254d07b3a3dc18a3775e218cd30c1b46b82 (0.00s)
    --- PASS: FuzzTrie/82827025d0356f21d1333bb991406d23b5a9bb73 (0.00s)
    --- PASS: FuzzTrie/828f026ce14c5f122e8289e06e3d09f45580a5a2 (0.00s)
    --- PASS: FuzzTrie/8529bf5b53e6e9022e030ab58eac49e9b8ebfaa5 (0.00s)
    --- PASS: FuzzTrie/855f70ce9e0753ca36d7d0591147e9979af0cf71 (0.00s)
    --- PASS: FuzzTrie/8608489fc74c7a1da163651c4f116d151f84b14c (0.00s)
    --- PASS: FuzzTrie/86661fa5628f3d9a1340a2e10ff3d537bfa59cf5 (0.00s)
    --- PASS: FuzzTrie/86b6d33336d34330bad41188f99c412828e12127 (0.00s)
    --- PASS: FuzzTrie/86ed80b2aca21da1c71894374f531ae78781e3b5 (0.00s)
    --- PASS: FuzzTrie/8702bccd3d1cf91f12c2df9fe1f9c4da0a1a6d77 (0.00s)
    --- PASS: FuzzTrie/88333413c84e804590802f088fe191b74a6a6f6a (0.00s)
    --- PASS: FuzzTrie/8a231a6a6ff92f1a8da518a97538073040b9c7ec (0.00s)
    --- PASS: FuzzTrie/8a44bf8ab65de99f491c7bfbea0e6ea2fd79e7e8 (0.00s)
    --- PASS: FuzzTrie/8b1058aa44fa139442653b9418e3c69d210a0f4f (0.00s)
    --- PASS: FuzzTrie/8b5af787df40483d219e39bc613b6616a19e8e1e (0.00s)
    --- PASS: FuzzTrie/8b8ae8de85edc6b57e4f48760a7f9251079db95d (0.00s)
    --- PASS: FuzzTrie/8bfea5ce4176ac050a27fb7bc84e29490374ddb1 (0.00s)
    --- PASS: FuzzTrie/8d191465545a2d7e6ba2c1da56d28280116d24e9 (0.00s)
    --- PASS: FuzzTrie/8d866df96bb6e304e08a9220c706a92ac1b78a0d (0.00s)
    --- PASS: FuzzTrie/8decfeddb9d6b0e05c452597fd3895b8671e49ed (0.00s)
    --- PASS: FuzzTrie/8dff2fa3f20cb7322b804a0486b6e2adcc9013f2 (0.00s)
    --- PASS: FuzzTrie/8e01e98891e52206c1949a650373a8b9053bc90b (0.00s)
    --- PASS: FuzzTrie/8e407381a5ace6fb32ad919d76ab132609b89373 (0.00s)
    --- PASS: FuzzTrie/8e7ee2ad81af8f88e59a34d99802c95846368b5d (0.00s)
    --- PASS: FuzzTrie/8f6b1ce2327eaa8c406e2281eb0a8e120317e270 (0.00s)
    --- PASS: FuzzTrie/9002a32026332bee1d8ead33da254943bd8a18b8 (0.00s)
    --- PASS: FuzzTrie/901d1eaaf2bc88c892807bdcdd4f59839d151331 (0.00s)
    --- PASS: FuzzTrie/90b654e43bb15ba209507157ebaed9170d4b2ef5 (0.00s)
    --- PASS: FuzzTrie/90f5abee79661d67fa6b495d4496356fc6861eb6 (0.00s)
    --- PASS: FuzzTrie/91dd1deaee0da0c8ab5bd1b81baaaeb6f97d7b03 (0.00s)
    --- PASS: FuzzTrie/91ecd2c4e944a750ff7f2b2ef6d6854efcb3382f (0.00s)
    --- PASS: FuzzTrie/9278b296e8af44e7aa607af57be3ef8a9f8ae952 (0.01s)
    --- PASS: FuzzTrie/92e1b18e91bbcb8801319f5d4e98f4f61cd1a74a (0.00s)
    --- PASS: FuzzTrie/941557f5919d45ad1a02ae514f85d5e97c0a11e7 (0.00s)
    --- PASS: FuzzTrie/9543c7a5589543c6a1d0bc8e8b84cb459afc7bfa (0.00s)
    --- PASS: FuzzTrie/977343b5855e40ab4c9bdc2914e5d8b9478497a4 (0.00s)
    --- PASS: FuzzTrie/97d4282faaf9a1cf5ad79a8e8c641c7603ea3948 (0.00s)
    --- PASS: FuzzTrie/9a54e3ccaf56d2cef4bad5aff616ca475952a4c8 (0.00s)
    --- PASS: FuzzTrie/9a8c0f039bbd08cc9b55e29072e51f2c1eba7af0 (0.00s)
    --- PASS: FuzzTrie/9ad128b4f407b8c7f86c6968fdcb1681d1d3d792 (0.00s)
    --- PASS: FuzzTrie/9b4c3503864441b526483bd39a52dd0e9751632a (0.00s)
    --- PASS: FuzzTrie/9c6e434c3486984864d3aeef78aeb0c2cd4a8c2b (0.00s)
    --- PASS: FuzzTrie/9c81300c66f2c0424fa5c13306dc1317a2a020b7 (0.00s)
    --- PASS: FuzzTrie/9d86b45ae087e87d78ac86664f17ef95e5cc9c04 (0.00s)
    --- PASS: FuzzTrie/9daee4bac647cb5367a6c5d17e56490fa924dcaf (0.00s)
    --- PASS: FuzzTrie/9dc9cf66ca19cda7deb2495273c2f4b273012b0b (0.00s)
    --- PASS: FuzzTrie/9e281c24fe40a52200bbf79cba51977dd7aeed54 (0.00s)
    --- PASS: FuzzTrie/9ec149a3f611eaf54a072ccdcdd290ac3e98dc9d (0.00s)
    --- PASS: FuzzTrie/a0468b514cd6516728dc5d247677af3db664c74f (0.00s)
    --- PASS: FuzzTrie/a1810447f2cb48c6ca24d441dace78b067f7a117 (0.00s)
    --- PASS: FuzzTrie/a1a14be0a1b503bf093abd71e8be755cb63f36ab (0.00s)
    --- PASS: FuzzTrie/a1bad3aae909e341b61dafa92e835b358833de7a (0.00s)
    --- PASS: FuzzTrie/a1cb61096013e71b0e3fce07e489f135564ebc01 (0.00s)
    --- PASS: FuzzTrie/a1cd42db93d2f4ef1e26bb4d22756609c4ffd631 (0.01s)
    --- PASS: FuzzTrie/a22396b6b245a2c7e109f5362591d8925e8c725c (0.00s)
    --- PASS: FuzzTrie/a2510d76d0c2d0f9edddb7a4a79251be8100845c (0.00s)
    --- PASS: FuzzTrie/a27977dcf790e63f29d5858533216b8c757d41e0 (0.00s)
    --- PASS: FuzzTrie/a27d3cc7242c850460dfdc0dd548f2bf197aaa0e (0.00s)
    --- PASS: FuzzTrie/a363b19dec828f5cfcd38624fc46e6041726cb15 (0.00s)
    --- PASS: FuzzTrie/a3b3c104cd5b87adbca474ba14113146a481ec19 (0.00s)
    --- PASS: FuzzTrie/a3e712483bada46170a89a1b4b366cf719ddf6b5 (0.00s)
    --- PASS: FuzzTrie/a44c95097a591e3a9d17d7066e29abd69738e7fa (0.00s)
    --- PASS: FuzzTrie/a4a36c8d17ff180af3adf73f4b0bb23fc32b9889 (0.00s)
    --- PASS: FuzzTrie/a687d4fc078639a35682ec9ff52c33db1c6c40be (0.00s)
    --- PASS: FuzzTrie/a6d5583dd514cd753810071d31beb89112387add (0.00s)
    --- PASS: FuzzTrie/a6dcdb8c1dd32ccf5060212807f30a6913abf784 (0.00s)
    --- PASS: FuzzTrie/a807187d9ad3d20e7a7fb9654a04c65026075e8a (0.00s)
    --- PASS: FuzzTrie/a83bce59599eab402170a39468589445d3cce904 (0.00s)
    --- PASS: FuzzTrie/a8b7f981aa6dfda5a663e02e102e4484bae39481 (0.00s)
    --- PASS: FuzzTrie/a922af0d370da21c6b04d70554cfe9d40aead28c (0.00s)
    --- PASS: FuzzTrie/a9e270603827d7750c7a24e45c8781aa8bc9c87a (0.00s)
    --- PASS: FuzzTrie/aab5f47755a11e130b586fdceea5841c710c3380 (0.00s)
    --- PASS: FuzzTrie/aca07ea11b83c9cedda1ca36a393a65b0bc5e7d7 (0.00s)
    --- PASS: FuzzTrie/ad14a5caa90ae28a5901b8ddee7a54eb99a04c18 (0.00s)
    --- PASS: FuzzTrie/adab7b5cb413e63158f3cacc9562518f653c16d8 (0.00s)
    --- PASS: FuzzTrie/adc83b19e793491b1c6ea0fd8b46cd9f32e592fc (0.00s)
    --- PASS: FuzzTrie/aefb2ca63b28dbd7409109c44e10166de73364a0 (0.00s)
    --- PASS: FuzzTrie/afa3f99627eeefe69a889c5867e34170058458bf (0.00s)
    --- PASS: FuzzTrie/afbf164d70621f7e81fb435839d75d99c9ff0058 (0.00s)
    --- PASS: FuzzTrie/b04516e53e4ecdddbbb83cdba5b7ba960cabcf32 (0.00s)
    --- PASS: FuzzTrie/b0958f1fc8e2e686e8f2f8fedf1bf19449babf30 (0.00s)
    --- PASS: FuzzTrie/b12e194c0cdbbc3cf78c6f6428d2193850af3d45 (0.00s)
    --- PASS: FuzzTrie/b16d2739ac791fca31d89af754d957bee518ea10 (0.00s)
    --- PASS: FuzzTrie/b28da41b665cdce155fe66ad50d6ab2ebd396a8e (0.00s)
    --- PASS: FuzzTrie/b2a215f23d94af8c9e8cb87c7ac76230a6c56202 (0.00s)
    --- PASS: FuzzTrie/b34b1cfd19ca0d75399d21fb794c939c566a914a (0.00s)
    --- PASS: FuzzTrie/b509cb3e442cbb9c2d07cfabf7999a58e9f12649 (0.00s)
    --- PASS: FuzzTrie/b7a0c99ef57430effd527689d0b64477cf68d9ba (0.00s)
    --- PASS: FuzzTrie/b8754ceeed00bbe282b13d3f5abeb2ece8e6373a (0.00s)
    --- PASS: FuzzTrie/ba29a39a5db9f44c6057a39de6d7c9f45ef15b4f (0.00s)
    --- PASS: FuzzTrie/babad5533b662b4dc63b3f7009a5db84f700f9d6 (0.00s)
    --- PASS: FuzzTrie/bb788a98250d26cbe713865bc0e7d0bffe649476 (0.00s)
    --- PASS: FuzzTrie/bc2558374666ca09e4f9f79b524d8074f946ba0d (0.00s)
    --- PASS: FuzzTrie/bdc7fd01344afda285f5b0516fb6431f1ba6905a (0.00s)
    --- PASS: FuzzTrie/bded7e40ffc1af61c759dee0bdd91cbfe4c7a984 (0.00s)
    --- PASS: FuzzTrie/be4da4ad37d3b3e8500809f899088f7addba15cc (0.00s)
    --- PASS: FuzzTrie/be6c20e1d47d69c805482b7ea430574df0ab09f1 (0.00s)
    --- PASS: FuzzTrie/c0307618229bc1cd20a596a06d0ed232e4177843 (0.00s)
    --- PASS: FuzzTrie/c0436a32027f486aedff48ff6c261b65e5cb9158 (0.00s)
    --- PASS: FuzzTrie/c10b7df23fa3455b90a68fc834ad1e692f25ce62 (0.00s)
    --- PASS: FuzzTrie/c2ad1a696c519a848f3e21e9940121e6a4927455 (0.00s)
    --- PASS: FuzzTrie/c2eed644c4ff02ebc02cd32ae56f52e392ee2b4c (0.00s)
    --- PASS: FuzzTrie/c3d3211e7cb4b5b80b8c372736ac05e001712186 (0.00s)
    --- PASS: FuzzTrie/c3ffdb3869d21f239eea7ddab2c12dc698eb3e51 (0.00s)
    --- PASS: FuzzTrie/c411632a91a35398e7d9663ec5d4f1251a4978d9 (0.00s)
    --- PASS: FuzzTrie/c43fa8ee05d07b1ce3efa8e2cbc745f012fc96a7 (0.00s)
    --- PASS: FuzzTrie/c47062c0bfab05ba73268d35819d6988c36d66b7 (0.00s)
    --- PASS: FuzzTrie/c642e72f699bca4fe702511f7fdc3d74a3fd91d7 (0.00s)
    --- PASS: FuzzTrie/c6ba68a89fce328b0544d8492c3053414c3fa733 (0.00s)
    --- PASS: FuzzTrie/c70ab774d2adbebbbd3e8e468f1837b30ae062e0 (0.00s)
    --- PASS: FuzzTrie/c756d1ecaa1af9631afdd8d5a5970526b890fda9 (0.00s)
    --- PASS: FuzzTrie/c86698e51341ead99a2c2d9f819f4c0f07ae69a9 (0.00s)
    --- PASS: FuzzTrie/c8e7b1affc40fb31727050fddb4425c43a781577 (0.00s)
    --- PASS: FuzzTrie/c92dd3a137e9d3bc62f759a110a6648cee046d20 (0.00s)
    --- PASS: FuzzTrie/ca497757dc4585bb6d38db692c794f7a64c60baa (0.01s)
    --- PASS: FuzzTrie/cb3a45490daedd76f4b84591924b7bff672d78e4 (0.00s)
    --- PASS: FuzzTrie/cb53520f1ba40359225961f7b2342e34885fa34c (0.00s)
    --- PASS: FuzzTrie/cbd1581b8b08428a695fa2b29a890bc0c52b05a9 (0.00s)
    --- PASS: FuzzTrie/cc55f9d632ce8a21c9cecb39e8b0b4a2ca5e3998 (0.00s)
    --- PASS: FuzzTrie/cd5ee792b994f0f7de9db6704b4693cde35fddab (0.00s)
    --- PASS: FuzzTrie/cf257a97c1f8679f924fcc3f40f78e4cc60ab0f4 (0.00s)
    --- PASS: FuzzTrie/cfba3fafa5579ea0e8a0eea378733e2b1ec96cd7 (0.00s)
    --- PASS: FuzzTrie/d1a32ee28e4ff328aa866fc3a25fe8d2700defc7 (0.00s)
    --- PASS: FuzzTrie/d2396d6c158c859f6ffe66d6fcc6f5e2038cc607 (0.00s)
    --- PASS: FuzzTrie/d29e70e1e948dea4d8719a28ed2843e6f29ff266 (0.00s)
    --- PASS: FuzzTrie/d31638e45ab734192c801d62a18196c14aca4af2 (0.00s)
    --- PASS: FuzzTrie/d34f1c303ffa6de9b974c499b009a0301fddfd26 (0.00s)
    --- PASS: FuzzTrie/d39d5d141fbe807c21c3476069a59032a2caef7f (0.00s)
    --- PASS: FuzzTrie/d529914804e19fe5b48cbd123e2bfd80f8dfe0a4 (0.00s)
    --- PASS: FuzzTrie/d7304a759e4b68ceab2bff2fa6cb35c18e3b75a5 (0.00s)
    --- PASS: FuzzTrie/d88c161fe976d4a4b96898364d67875b2bb07388 (0.00s)
    --- PASS: FuzzTrie/d88cdf0d4b0db6892d66e351bc8a8860f0c106bf (0.00s)
    --- PASS: FuzzTrie/d8b08d06f8535a250dcc9a51390179698bc09e45 (0.00s)
    --- PASS: FuzzTrie/d8ec6fec2b29d72111128c9d6deb02bb72041565 (0.00s)
    --- PASS: FuzzTrie/d91fe078a6203dc28d183ddd38c03f7adf51beb6 (0.02s)
    --- PASS: FuzzTrie/d95bbdefd4cbaaa7bb5dc6a98f2c3dbf8866a861 (0.00s)
    --- PASS: FuzzTrie/d9a44a33cfba9087f37a7f9c83a6b66cd639fa42 (0.00s)
    --- PASS: FuzzTrie/db59d6a3e01bd4a6da67b9a11964b570be51e5a1 (0.00s)
    --- PASS: FuzzTrie/dbfc2eb2a72c2c4fb0bc01cb944a5275a8ac95f0 (0.00s)
    --- PASS: FuzzTrie/dcf5bf6c63ba8e32483f75660b3a6a0f5d764483 (0.00s)
    --- PASS: FuzzTrie/e05ed1a863f57bee7546097888ea4029a2714644 (0.00s)
    --- PASS: FuzzTrie/e060c656670e9650a1e066707a514ac96b6673f7 (0.00s)
    --- PASS: FuzzTrie/e23e4a8b35c7a8e3458b5f2236c15923c9963e62 (0.00s)
    --- PASS: FuzzTrie/e27f212ade58b5f642dc88965b9f1b87a1e0bcd8 (0.00s)
    --- PASS: FuzzTrie/e280b1a3c27b79de79c9ead0216dd84a2893e92f (0.00s)
    --- PASS: FuzzTrie/e2a179ae6cc85bb15cee99934728bcc98a3b17b6 (0.00s)
    --- PASS: FuzzTrie/e2bf3c20a8c05f952edf9ffc4c061d3d9897d7b2 (0.00s)
    --- PASS: FuzzTrie/e4399f9361eb877b48cf8b86d118c8bcaadcb7e1 (0.00s)
    --- PASS: FuzzTrie/e47bce3c4e9eee619f61fd8b62e665dec97db800 (0.00s)
    --- PASS: FuzzTrie/e4a11d7a7117015157e6b17b35dd5f8de158c14f (0.00s)
    --- PASS: FuzzTrie/e4e15574d5386cc87782944161b922c4900457b1 (0.00s)
    --- PASS: FuzzTrie/e522cb7aebe7529d187300c655675c4ae32a71b4 (0.00s)
    --- PASS: FuzzTrie/e59ab8dae9b1b8b7927acfdcced0097f86dc39a9 (0.00s)
    --- PASS: FuzzTrie/e5d8893e6556ffdd198c8b2cf1e8668b046d8560 (0.00s)
    --- PASS: FuzzTrie/e5f9beaa35eb0e9d003931c772089d920b774365 (0.00s)
    --- PASS: FuzzTrie/e6b457ae3ee49a142980d765042db00c386d7abb (0.00s)
    --- PASS: FuzzTrie/e6beb200fd540d3ee51e0ff735f13ecdeaa0bdd5 (0.00s)
    --- PASS: FuzzTrie/e83317c49b60962a501290c1dfe6640354f9807c (0.00s)
    --- PASS: FuzzTrie/e8538af2f4401d470fe69d012ea199950a0a9bc9 (0.00s)
    --- PASS: FuzzTrie/e8c5ae40c2bb2b9b8ea63820c6a1954b5d50493b (0.00s)
    --- PASS: FuzzTrie/e8eaa9bd6ae90668600d27fa3f4ec28ccb6cbf63 (0.00s)
    --- PASS: FuzzTrie/eada2adf04ebb959f115ee2fd57ed97fee76ca14 (0.00s)
    --- PASS: FuzzTrie/eb1a928bc786c8a509a831c03a068060cdede847 (0.00s)
    --- PASS: FuzzTrie/ebf665dbb31843dd72250db24be0ceac7f46dd45 (0.00s)
    --- PASS: FuzzTrie/ec84d37fd43d278f32841aca2ebc16c5103c9516 (0.00s)
    --- PASS: FuzzTrie/ee0fc617978951e5edb05e6ec7b5e980686cb343 (0.00s)
    --- PASS: FuzzTrie/ee31e02fe981deb5081ddde0c62eb192799c4fb1 (0.00s)
    --- PASS: FuzzTrie/eebb52d6e5e4dc2f3fcc93099419163850101614 (0.00s)
    --- PASS: FuzzTrie/ef219b74b8d8e4afb5a798a53e66ac84fcb0c64c (0.00s)
    --- PASS: FuzzTrie/f00ee068a3985c0452263dcab838fadc95443b0b (0.00s)
    --- PASS: FuzzTrie/f01e94b0b79afa44ea087b6707c3bcc1bcb8f298 (0.00s)
    --- PASS: FuzzTrie/f02771a73bf4c9da8fde410e581f00c3373c9a43 (0.00s)
    --- PASS: FuzzTrie/f072efed7c0f117572a5c269b5808ac53ef54372 (0.00s)
    --- PASS: FuzzTrie/f0a9e72ba32bdcc05150f43ca3a5d50176b84ba8 (0.02s)
    --- PASS: FuzzTrie/f17530a1a4d604e277abfe184ced20a5f438b312 (0.00s)
    --- PASS: FuzzTrie/f188b4773f82c0e501c5758512bfe8b36943533d (0.00s)
    --- PASS: FuzzTrie/f19b954e88dcbb8137c7718d62ee7502d4894575 (0.00s)
    --- PASS: FuzzTrie/f1ab90d681128646fb07f8a76454f6b029b8d551 (0.00s)
    --- PASS: FuzzTrie/f1d8c3ccac8a7f5bc6b65f5b2182376f1c318b02 (0.00s)
    --- PASS: FuzzTrie/f2a02dacd0e48e2ebfb9e8c991924ec1457242b2 (0.00s)
    --- PASS: FuzzTrie/f3d88b12240fe3bb07823fce659edb713c58848e (0.00s)
    --- PASS: FuzzTrie/f456278de0ee573fa7e4cbef33dd890f69551312 (0.00s)
    --- PASS: FuzzTrie/f4811ecb42798e7bfed196157ad5ccdb1330e4ff (0.00s)
    --- PASS: FuzzTrie/f545c9bfca27ba869f3917a5266fae59f3e9a8a5 (0.00s)
    --- PASS: FuzzTrie/f77c8a74b48ece85c7d7990e195ecea2b2a8569f (0.00s)
    --- PASS: FuzzTrie/f7c43e80a116a41ef6a5608f946593ea43fa90a1 (0.00s)
    --- PASS: FuzzTrie/f8900470dc9af62b856b263acca302155ec60062 (0.01s)
    --- PASS: FuzzTrie/f97daf0cacf46c58cae7a6043ed1955ed096be51 (0.00s)
    --- PASS: FuzzTrie/f9dfb0d966345f0df749fd2b953003b60e92f816 (0.00s)
    --- PASS: FuzzTrie/f9eae61dc57bc6933ef9f1ef3010e852b885d91e (0.00s)
    --- PASS: FuzzTrie/fabde2fa38ad836c1f0c32bc519ccb84f233f897 (0.00s)
    --- PASS: FuzzTrie/fae3bfc49a36da2a870eee23a21f9229e026136e (0.00s)
    --- PASS: FuzzTrie/fc914d06f18a4c1d531b8d03213a7d44419144c9 (0.00s)
    --- PASS: FuzzTrie/fc98cf17052c2b76c8b8a3b24942bffafdb1f688 (0.00s)
    --- PASS: FuzzTrie/fcd7839b7ba867031203ea7fb9bc8b25354fb3d5 (0.00s)
    --- PASS: FuzzTrie/fd5d3bbd764c0e3c85375db59a68d04e4eb1428d (0.00s)
    --- PASS: FuzzTrie/fe1b5d500d4f766eb0fd455fc7335634e930214f (0.00s)
    --- PASS: FuzzTrie/fe5e4c6386eb2f9a8998c0367a805b239ee5be85 (0.00s)
    --- PASS: FuzzTrie/fe874afe43e330455bf1dfd18c46bb5d9e7521a6 (0.00s)
    --- PASS: FuzzTrie/fea0c4aa3e07528dfb97d03f5a0dc16f18bf26a3 (0.00s)
    --- PASS: FuzzTrie/fed9dcdea107ef0f89f8bc8983e8bd6e379b424a (0.00s)
    --- PASS: FuzzTrie/ff4054959654b203b18c35d847e3b5495b4cfe7c (0.01s)
PASS
coverage: 88.1% of statements
ok  	github.com/morph-l2/go-ethereum/tests/fuzzers/trie	0.359s	coverage: 88.1% of statements
