=== RUN   FuzzTxfetcher
=== RUN   FuzzTxfetcher/005c1b5db0d3d92d9126dd8e660e5c719d07acc3
=== RUN   FuzzTxfetcher/00714a09e3928679cf7ee111f296198bad3ab269
=== RUN   FuzzTxfetcher/00722bae718562d2f97f62e9d7c73a11b5a13788
=== RUN   FuzzTxfetcher/00c52c74fe197a34df43aea2e1feaaddeff4285a
=== RUN   FuzzTxfetcher/0112a0b5f20f59758bcdcf274004adc6616fd89d
=== RUN   FuzzTxfetcher/01aea54af5b9b2b9b4ae88d75b77baa468650b57
=== RUN   FuzzTxfetcher/01dcdbbf15b14c12629fc2d66a2c49c38071db90
=== RUN   FuzzTxfetcher/0220fdd9a3c42c7fb0d8bba8e0fff88186b8f02a
=== RUN   FuzzTxfetcher/0369476e392f25e7089a06222d2eedd691e083db
=== RUN   FuzzTxfetcher/040a32f892847ffa64aa35fba17890eb62fbd40d
=== RUN   FuzzTxfetcher/05028772d3bda337149c172a5d859c3bb41fb1ef
=== RUN   FuzzTxfetcher/05786059dc48d8d28df6420f51c2f8c1c7c10dbb
=== RUN   FuzzTxfetcher/06853eaa240a81e32dc885a7c978c190b38cd3e7
=== RUN   FuzzTxfetcher/06f5d91cae7c0b9e51df6e8fed81b82aafb479e5
=== RUN   FuzzTxfetcher/07350b33af8fcb150c709beaeacc34fd1c0684a4
=== RUN   FuzzTxfetcher/07cdb383ff29169ac723bb312a1ec185a1b9f5b9
=== RUN   FuzzTxfetcher/07cf8bcafabdd829aef30ed8fba6d15aac536413
=== RUN   FuzzTxfetcher/07f38ee413e79ec75301226b0ae41d34e5b1a1f1
=== RUN   FuzzTxfetcher/083ac16df6cf7afeca9fde7783b5ca6baa2abaed
=== RUN   FuzzTxfetcher/095145e8d82f7ac307c5b0f312181688d528c54d
=== RUN   FuzzTxfetcher/096f374881a39b8bc0c6fca699a8fc2f36128914
=== RUN   FuzzTxfetcher/097260a58aac772f9814ad81ba9206ee8d396a2a
=== RUN   FuzzTxfetcher/099276a89188bac6ba6dac3263fa355ab97a3fd9
=== RUN   FuzzTxfetcher/0997c9e0e843c02add0bd1e1dbd680448a140874
=== RUN   FuzzTxfetcher/0a1f05221c4bc9cf454d79b2225676554728e90c
=== RUN   FuzzTxfetcher/0a70e0bdf28d8bf77d96d6d3ec3f61e384a0fc95
=== RUN   FuzzTxfetcher/0b136501a6864deffd52764c650aedba0a087ff6
=== RUN   FuzzTxfetcher/0ba159d53369d0c40e1825b81b61e7796530cdc9
=== RUN   FuzzTxfetcher/0c1de871b4f19fe9c3b2c5efd6fc8108b07d00c4
=== RUN   FuzzTxfetcher/0c77c1055297b167d620e827be5f5c937d59e0f1
=== RUN   FuzzTxfetcher/0e1ec2fe22ab9e5d238555f43c877801ef01fc70
=== RUN   FuzzTxfetcher/0e8664b6479ffa48cffb1acb9dc2b99f2b624c97
=== RUN   FuzzTxfetcher/0eb222fae9060a3f14162992bb7bdd02a6556204
=== RUN   FuzzTxfetcher/0fb4363fef72a204778e7c24e846eff8719f8a65
=== RUN   FuzzTxfetcher/106b5d8debc0da0167772474590b6163cc75a263
=== RUN   FuzzTxfetcher/1078374664dc8a54ea3eb62a58fc4836e2cb5a83
=== RUN   FuzzTxfetcher/10c1c2c19d08fecac3617080c195b4e5ac37b535
=== RUN   FuzzTxfetcher/11e3e0e8828c5f692003a021400a7fd9fc69c59f
=== RUN   FuzzTxfetcher/12140e8b40616d02525edfad49b982147084d6eb
=== RUN   FuzzTxfetcher/12e786aa8f25f3d79a7d8de6c937936efcf8c185
=== RUN   FuzzTxfetcher/13d0862caea636970aa9473c4e35825b7d93afe9
=== RUN   FuzzTxfetcher/14027af7f9904fa3e7fcfa80a32110b3de46c75d
=== RUN   FuzzTxfetcher/141848848dfa936ae31ec4dfe28fc1c922b37894
=== RUN   FuzzTxfetcher/14b35a6eca4add248da9ae8d164a870b40de3bf2
=== RUN   FuzzTxfetcher/14cfaa8f709feef56e32394a4ef2871af840d12e
=== RUN   FuzzTxfetcher/14dbde3e81df68b00facd850f0e9653e0152a7b2
=== RUN   FuzzTxfetcher/154cafe65622222a0fdd1593d4f83c9e2f8616d4
=== RUN   FuzzTxfetcher/154ddca4323951857ee80f2b0d187a9cb1f5f19b
=== RUN   FuzzTxfetcher/15666d89878c52ec440c2a6e27f128527e6e5dcd
=== RUN   FuzzTxfetcher/15dc6334aab4372ebfd7dfb976ee628294f76013
=== RUN   FuzzTxfetcher/1613fdf71f8b0edcceb1760f3402b51e9cb0e95b
=== RUN   FuzzTxfetcher/16e981f3c617dd3c9b4c521cf1909b85c613bfef
=== RUN   FuzzTxfetcher/177af0f5a8966da2a36d643e4cd355475bb9adbd
=== RUN   FuzzTxfetcher/1801cb0d463619dbbcd1a6c5036f3418585782cd
=== RUN   FuzzTxfetcher/1843601847ef304ea4094d5725c5fcb49f65c798
=== RUN   FuzzTxfetcher/186bfce95929d4975e1e56fc279ad921fab5dc29
=== RUN   FuzzTxfetcher/1994a173d29005d9de0a295e78e41e735ec9b07c
=== RUN   FuzzTxfetcher/19a30004c09bed9a7299c80370274bd680583be8
=== RUN   FuzzTxfetcher/1a26e9d2b82b809667f6e8ac70e325626e418762
=== RUN   FuzzTxfetcher/1acdf216603841765b1c076f1ee2e9d573ede3a3
=== RUN   FuzzTxfetcher/1b40166eb73f565c61703b4a08d5424c55034c02
=== RUN   FuzzTxfetcher/1c36be16c08a631be0da21f5858e422232e3106f
=== RUN   FuzzTxfetcher/1c567f0e77979b541c360e16d2b241bb92396bca
=== RUN   FuzzTxfetcher/1d2cb5cadbc58c1aa52831e67b3fe085188cb2dd
=== RUN   FuzzTxfetcher/1d3cdff1b0b011c7f49d774b77e805587a681485
=== RUN   FuzzTxfetcher/1db062bd18abb6c28e334fea0e59d187b59e828a
=== RUN   FuzzTxfetcher/1e8899b2aecab2c5395e8115567d86c57037b2e0
=== RUN   FuzzTxfetcher/1ec619f2e40ee1b6fb81d6ff6761cd7e4841f9bc
=== RUN   FuzzTxfetcher/1edb3d200bc0f2692b5bf61d5af92b7e09c97add
=== RUN   FuzzTxfetcher/1f1691acb5153ea609144104dbf13129827cd206
=== RUN   FuzzTxfetcher/1f9298b26bc2eb2dbe5f788585c2720294bbbef5
=== RUN   FuzzTxfetcher/2033bbadef91d655f979214d654fdb9d733e67f3
=== RUN   FuzzTxfetcher/2060d278a1aec9e6bf3a92b4e2c203b3960a40a3
=== RUN   FuzzTxfetcher/207ab466c11915666d5da301c8e68c1d9a479bb9
=== RUN   FuzzTxfetcher/20b0d2b1c48b074d0454b6c9a4f6979d36a9a7c9
=== RUN   FuzzTxfetcher/20c360141ffff1305bf3d9d9ec6ea42003931a27
=== RUN   FuzzTxfetcher/21aaef064d33fcd04b0732cf5f597a83f12ddb05
=== RUN   FuzzTxfetcher/21d12dc7e3574f309ba243e045432a94326b17fe
=== RUN   FuzzTxfetcher/223b8d0d5c0cb790e1635133e39e7a95b8c86034
=== RUN   FuzzTxfetcher/229b50c79de762e74a23e9d3b2fb00010223c05d
=== RUN   FuzzTxfetcher/22d4c63c4fd19a7f7b12dcf636235888e852207b
=== RUN   FuzzTxfetcher/22fcb8c82f1794a5f4f8033fc7f8395cba1c01b8
=== RUN   FuzzTxfetcher/2319df25b73e2d5a9b2c7d4e2a7e1c7efe758c5f
=== RUN   FuzzTxfetcher/23581ddd1b24e85e0520ed6a8eb65100cedd2b3b
=== RUN   FuzzTxfetcher/23bf7181ae8e02e3e8838281a89fdfa774e1642a
=== RUN   FuzzTxfetcher/24e6e58951a924488d77f83f72c073ddde4fabb3
=== RUN   FuzzTxfetcher/2508f12c451549540b368e61889071b376393c4f
=== RUN   FuzzTxfetcher/2597c01f46fa511a691b9e9c86899d3bdf441155
=== RUN   FuzzTxfetcher/261f8a636cd7281f34966f4d46aa7fa84722644d
=== RUN   FuzzTxfetcher/265dd335a125d9040e9273948be5032475b269b5
=== RUN   FuzzTxfetcher/27ed54c84389a336843adea8b27c8695f9791d4a
=== RUN   FuzzTxfetcher/27f042fa9e2dad08e45e3396dd153808f9d6c1c2
=== RUN   FuzzTxfetcher/282d55a3af674c61cf294d4a08dab64b06c2d79c
=== RUN   FuzzTxfetcher/284cf0556201751e729b3b33ce082d456cc691d2
=== RUN   FuzzTxfetcher/28d245244e26ddd74f5a59346a1f98ebfb7a56d0
=== RUN   FuzzTxfetcher/28d6f1f218660b9dd9384c335fa1448c25071cf9
=== RUN   FuzzTxfetcher/29854ded72193a89569bfa51fa5f01b25018d1c7
=== RUN   FuzzTxfetcher/29afa591dd671c552c16ffc9c9f46d3175a3aff9
=== RUN   FuzzTxfetcher/2a6640ae12565f61aaa54c78511a06c429bef275
=== RUN   FuzzTxfetcher/2b20a51eef01063c84301622ba467c5c15db3120
=== RUN   FuzzTxfetcher/2baf2001cfce03b551fa97f1fa7c293728a47f24
=== RUN   FuzzTxfetcher/2bb73973291230b16ffb6bb477367ed033b6a838
=== RUN   FuzzTxfetcher/2ca66506aa62646f3044a2b632c9d7201132d802
=== RUN   FuzzTxfetcher/2ce12827f435f4afa45dbb42c7955ecaf005ca1e
=== RUN   FuzzTxfetcher/2d4acdd067080a54b607ca5e5477987a7c799a66
=== RUN   FuzzTxfetcher/2deb333659156463f22264924268f90c30cd305b
=== RUN   FuzzTxfetcher/2decab20ec83fdfaa3ddd41fde57ca925b865637
=== RUN   FuzzTxfetcher/2e4933d0dd00326a6d2e0063d8ea2808f0b3fe56
=== RUN   FuzzTxfetcher/2e60339cdd9c8de72d0acb3eb9dc125452f216c7
=== RUN   FuzzTxfetcher/2eb6b25a82a0467be5b31b374def959c064e7ecc
=== RUN   FuzzTxfetcher/2f06df48409a2524cc4934c589908002ef990ed4
=== RUN   FuzzTxfetcher/2f6b8e5aab297f1133a53731ab2ff010a589b83a
=== RUN   FuzzTxfetcher/2fae92cd31508964417d5ae28f5df6737b3f99e9
=== RUN   FuzzTxfetcher/307a7a5cfa848077ae5bd9dd5d19390f196d48ca
=== RUN   FuzzTxfetcher/30aecaaf8d1f1905518eb0b3196690be64164650
=== RUN   FuzzTxfetcher/3164794e9fddb0beedcac6fc4ef2306a0209b3ff
=== RUN   FuzzTxfetcher/3269c72110f0b5a22e49323df364ddb5b6a5cc38
=== RUN   FuzzTxfetcher/32a5a3f7d01ceb52084f45f9edecbcd5f0343808
=== RUN   FuzzTxfetcher/32bce1a0f0513ae5b5a566717786b82266973eef
=== RUN   FuzzTxfetcher/330a7718e48891dd1a0a270c123582188efaaef1
=== RUN   FuzzTxfetcher/332066b6dffa17e77a7d93ec63e1e1092bf6e2ee
=== RUN   FuzzTxfetcher/33bbb31363a512142959ae9750b74880a9c248ee
=== RUN   FuzzTxfetcher/349ee547a3654bc726fdd8888d05d921eccc45d7
=== RUN   FuzzTxfetcher/3594a2eba8b8f20a773eb1eac1b673965dd52fab
=== RUN   FuzzTxfetcher/35c9347a1b5a273a59d1c390f9680995c0d7f80a
=== RUN   FuzzTxfetcher/362946e3a5fffdac714293ccb1222f9546ace481
=== RUN   FuzzTxfetcher/36dd180f9189a7317de230556258e54252d424c7
=== RUN   FuzzTxfetcher/37af48df976cc8e9f63b19c6648aff37a715efd0
=== RUN   FuzzTxfetcher/382f281b62b15e0b824cb613dd3de43a6ee65549
=== RUN   FuzzTxfetcher/383f3c9df9c9bb7de000ac65145f8f330ee40c24
=== RUN   FuzzTxfetcher/388ba479b54ecf03f7ee92751e6ec1cfe4dbc23f
=== RUN   FuzzTxfetcher/3923ea25cdf642370f25610977214d5e6b7ad7fa
=== RUN   FuzzTxfetcher/393159003e9f5247be72a11508eb9a4e42294f3b
=== RUN   FuzzTxfetcher/3b81ae70a5ce8af208aa6c79d34580e95d66af9e
=== RUN   FuzzTxfetcher/3cbdc45d7ad5b1f40290f87cec79470bee90b9bf
=== RUN   FuzzTxfetcher/3ceffedd5496f51f1f9c3640cb1146a35e30a2cf
=== RUN   FuzzTxfetcher/3cf71c1e6ba891e5f9cc4bca3f2405eabf3cc5d0
=== RUN   FuzzTxfetcher/3d1ed919072163ebe5afa37d1feaedc752a31283
=== RUN   FuzzTxfetcher/3d9da192598a0e0fb95812d64d8a60aff8631e13
=== RUN   FuzzTxfetcher/3dbf970d39a7a644ebf54d46884ec92413524080
=== RUN   FuzzTxfetcher/3e7a07211800490aa413c9548125f49c7f3c9b5e
=== RUN   FuzzTxfetcher/3f22e3f9a4a2f9d5168fc4a13a20e3b9734f3486
=== RUN   FuzzTxfetcher/3f3676325c17c6565e03406e30fde57fcc980329
=== RUN   FuzzTxfetcher/3f976e676334817fbc7ec7c45327e506d5d8d0d7
=== RUN   FuzzTxfetcher/3faa12ebb69fe364fdd88d10d435eb0255eed4c7
=== RUN   FuzzTxfetcher/3fc92595ad4c742a999c8813cc3b7883dfe8c759
=== RUN   FuzzTxfetcher/3fdc7d0fd66080559a26b84e1e22598bfce3c7a0
=== RUN   FuzzTxfetcher/405166700c2647a9bc03462d5779addcaf9b6575
=== RUN   FuzzTxfetcher/410cbefb3cb38b770d77fa1f9e1b4bb3c265a44a
=== RUN   FuzzTxfetcher/41b7e77fed6bf6ce9f2bc7db088f2473eebe2148
=== RUN   FuzzTxfetcher/43cde23779697989f424266c9f3e4f48d59748ac
=== RUN   FuzzTxfetcher/449a29997772431975ebca90141b948a812d0152
=== RUN   FuzzTxfetcher/44a6c3df2a469ca9087ef9532e2d7cc67923939a
=== RUN   FuzzTxfetcher/4541c8777fd7322c583dc95113fd832b461ae2e3
=== RUN   FuzzTxfetcher/46f494e991b5b29961a0d6bb36b11cf541830b77
=== RUN   FuzzTxfetcher/4728bdb7393c4598651cba88b9ba0aff04a0dffe
=== RUN   FuzzTxfetcher/47fd68cd562ad116f54263f0cf53ba28b8547615
=== RUN   FuzzTxfetcher/48527644fe013b1a7a83b6ad27aba96558f14f61
=== RUN   FuzzTxfetcher/4a8235deea3fa70cbe77b19ed0791cf996a730a4
=== RUN   FuzzTxfetcher/4b24bc9af1bd6492f4ef260af9994af00551e17c
=== RUN   FuzzTxfetcher/4b2b8cc2a92fd27a0402810f9839af9026b7a386
=== RUN   FuzzTxfetcher/4b5dac70804108cfee7574862626617c53eb8268
=== RUN   FuzzTxfetcher/4b82fd2180b10f023603673b71293fb0768cce09
=== RUN   FuzzTxfetcher/4b865659e255093ae3beb3f1825f10a51c80acc7
=== RUN   FuzzTxfetcher/4bb6d2746709d31aec0dc640838e6eedad3f0647
=== RUN   FuzzTxfetcher/4c3a4185fb6215918aba04a55e36b38fad0e3080
=== RUN   FuzzTxfetcher/4c6c78570a5c11d70eb09a615f023c7c8901e794
=== RUN   FuzzTxfetcher/4ca0c4bd7b9f453dc7dba3c15cdfc8023f55d782
=== RUN   FuzzTxfetcher/4cc66e413833c6b1aa4f916f142bfe0b6b6fa634
=== RUN   FuzzTxfetcher/4d3963fdfd594d4cce6b0a244652511af535b9de
=== RUN   FuzzTxfetcher/4d3d36186982e2a65102b738e37a4780ed2482e8
=== RUN   FuzzTxfetcher/4d5db678960c9a5c1c1040c754ffdd1c00dfb73f
=== RUN   FuzzTxfetcher/4d5fa10f6a4ed3742c66d09c139f1a5d0f89d014
=== RUN   FuzzTxfetcher/4e1aa0f3bccf9f33448d6d1929a0c3b9b833c91f
=== RUN   FuzzTxfetcher/4e29f2a714e1f401023d75139c2d143882fe12d1
=== RUN   FuzzTxfetcher/4e47b06ad926de2e06e118a26a4bd75447f85062
=== RUN   FuzzTxfetcher/4ebb8b10cbb6e4a8295ba4b1adb197bfb9bbb78b
=== RUN   FuzzTxfetcher/4ef0ffaa5ae6dad8c347c9fee8627e36bcb0d853
=== RUN   FuzzTxfetcher/4f359fd92619526968b816a99ff1d81742252b8f
=== RUN   FuzzTxfetcher/4f7968cceb95a4f2287a4e3a7f62bb032e2091fb
=== RUN   FuzzTxfetcher/4f91a2a703dcc551cfdf302d8f94f6d7c6da1c44
=== RUN   FuzzTxfetcher/4f9d927b7af16dbdbcc7ca9d1be893964b91f0f7
=== RUN   FuzzTxfetcher/503bcf5ac96abe7634e2dc156441e50f4cb36180
=== RUN   FuzzTxfetcher/508e629f15f6dadeccc79b0a9f44760a5a38411c
=== RUN   FuzzTxfetcher/5115979325f930662f25a31a38c3016d37233b00
=== RUN   FuzzTxfetcher/519452f4ce108fa0f1d633df543cba44703d33a4
=== RUN   FuzzTxfetcher/52578683b3e082e2b387acbba44905bd374a04ff
=== RUN   FuzzTxfetcher/52e516333f5ebef70829339297c339da6ea00a2f
=== RUN   FuzzTxfetcher/52ea2bb2a200cbacf66330c5757d4d61ee1ae70b
=== RUN   FuzzTxfetcher/531d202d999f76b5e7e82b6a0aef1d180028ed6d
=== RUN   FuzzTxfetcher/5331332f0c4a7e094951d653a8a452160c9a6266
=== RUN   FuzzTxfetcher/5403ef52ad8011091b91d24dda8f5dfa1f1c0fbb
=== RUN   FuzzTxfetcher/546372507c7fd1d64a67099c27391ded517dabaf
=== RUN   FuzzTxfetcher/5477829b151baaba2fcf2d349ddd5f05e4c0bf8f
=== RUN   FuzzTxfetcher/55d5b215045f607460842675125cfc168bd500e1
=== RUN   FuzzTxfetcher/565578a218afcd9684c524f571b0d24935257805
=== RUN   FuzzTxfetcher/56631bc032b59963d384a8b82fbfc573965b49dc
=== RUN   FuzzTxfetcher/5683b108e44bbcded91dc94f67f801a5086d3dad
=== RUN   FuzzTxfetcher/56bdfb4473b057518eab62420e5721073a7fbc9d
=== RUN   FuzzTxfetcher/57033458f10d2d954d58bc59f8ec98c7b7581f4f
=== RUN   FuzzTxfetcher/571bbc9f1bfbe4da57625e84f2c3840fd6d3ad66
=== RUN   FuzzTxfetcher/598b24c609548b0d3f2a392fc66b4067fdf467b6
=== RUN   FuzzTxfetcher/59b599dcda9a346d45a76f998c0f1cdb7ece63ae
=== RUN   FuzzTxfetcher/59f132634923f36a9037a983a403a601b34d4ea6
=== RUN   FuzzTxfetcher/5a43ac9cf68e3b30ff0f79e66dd7b3666f5c0c53
=== RUN   FuzzTxfetcher/5a83998cb07f84780e2f8af3a468c3be5b68bba6
=== RUN   FuzzTxfetcher/5a9dbf3f97a0d9f564e5b6aa8bc2e3f5469ad073
=== RUN   FuzzTxfetcher/5af02447c229b9e7d4b5956658e48a8a9cf429bc
=== RUN   FuzzTxfetcher/5b554947680a4bb0704b47e63477f71b55bbea81
=== RUN   FuzzTxfetcher/5bdd39dde005d423dd8ede1c4d930326299df2f6
=== RUN   FuzzTxfetcher/5cc1dfe51516771bf1a5d17b8025462aa7d77e3e
=== RUN   FuzzTxfetcher/5dfa2aa750df927fa20853dd6034b4849cf910bb
=== RUN   FuzzTxfetcher/5eae773b6d15c8aa00c47f4b88024542b342c5ea
=== RUN   FuzzTxfetcher/5fa497a946e055004cbebf39d7355fce0243eed1
=== RUN   FuzzTxfetcher/5fcc17c3ff93672927103dbd4e32cdb5b28734ed
=== RUN   FuzzTxfetcher/5ff106e79b605840790c7598ebc253c799afbcfa
=== RUN   FuzzTxfetcher/605cc9c0a8dd709c184fe22714223f3e98a9223a
=== RUN   FuzzTxfetcher/61256dbb47fc4836e7122d046e7c5db40e3a81cf
=== RUN   FuzzTxfetcher/61742090980f7a73756aa5b28feb5410b262a05e
=== RUN   FuzzTxfetcher/61b615765adae31d1de1ee7ec6c6b25330f55005
=== RUN   FuzzTxfetcher/61b80dc5502f2aab8e7e29d0f6fb15cc0cd22320
=== RUN   FuzzTxfetcher/6206dd21c6c094b25645cea65b9020e2e171bfa1
=== RUN   FuzzTxfetcher/62c008198d71c21a528b0cf1bc7db290dfe3099d
=== RUN   FuzzTxfetcher/62e29231048a40a25d1ab02d4eb1af27b634845e
=== RUN   FuzzTxfetcher/6301236ff7fb4d4b7673a2cdcbfa0d1c1bea178a
=== RUN   FuzzTxfetcher/639fb6b2590a44fbaabb5dd2d37172ece31487ea
=== RUN   FuzzTxfetcher/63d2cfb84304b3306849fec19e8bd8ed367ca09c
=== RUN   FuzzTxfetcher/640f126a50c74d38fddc11112a43f0b7fc4e59a7
=== RUN   FuzzTxfetcher/643ddb6dbbaf6b03742ee7a09b4291e534d35992
=== RUN   FuzzTxfetcher/648e62628dac86d3bfbf97de9ac4cca7e6bd5f83
=== RUN   FuzzTxfetcher/64b8a69ca966af939967975c5deb71aeb3ea104b
=== RUN   FuzzTxfetcher/651f0e8ba51575f0815e426d63f415e33045725c
=== RUN   FuzzTxfetcher/653854587096fdb63073e403a70b53117287d288
=== RUN   FuzzTxfetcher/656a4d14baca6f387de518aa615e4183c194c40e
=== RUN   FuzzTxfetcher/656e5dbf22dc8e802b80821f5287f00e2a4e5622
=== RUN   FuzzTxfetcher/65a37d6f23b8811aeb7ea9f145b06086fcc069bf
=== RUN   FuzzTxfetcher/65bae260869420040942c591fda900f14c99f617
=== RUN   FuzzTxfetcher/65cdbdad1b8690756202bd7965c87daf30d087b4
=== RUN   FuzzTxfetcher/671c3b82e36c58862fd836a38a35ecad046b6baa
=== RUN   FuzzTxfetcher/67269d8c45bbe0f4d633e563d0443761adfaf950
=== RUN   FuzzTxfetcher/676ca01bbef2bd9ee4e6714bdeda9ff3b787dfb5
=== RUN   FuzzTxfetcher/6809d66f9c6fc5efa6398ec2a63a25b01d38c71b
=== RUN   FuzzTxfetcher/68e9e1f68c03f01af0183219e81514e8eb474101
=== RUN   FuzzTxfetcher/6a2919c2fac0233495c929ce70820556d1a717e4
=== RUN   FuzzTxfetcher/6a805a4e245d70bab859f95f2cedc424f2306a37
=== RUN   FuzzTxfetcher/6ab5d5a613f736deb57034f312169b457b73bf50
=== RUN   FuzzTxfetcher/6ae0f9d9c2c10664e6ee70bbff9bfc40a61a190c
=== RUN   FuzzTxfetcher/6b5662f32c4bd338aa1c4990e00fa98f1db981ce
=== RUN   FuzzTxfetcher/6b71251c1757dbcea5b943175f4cc697f0c268d1
=== RUN   FuzzTxfetcher/6be4343b7fb8c0dbfc324ace524322f7235939e4
=== RUN   FuzzTxfetcher/6c3fc619e6d91e86529a0c88cbcb74f6c1c7890c
=== RUN   FuzzTxfetcher/6cb93643c83d252c66be4ac09058d5d7009c916d
=== RUN   FuzzTxfetcher/6d7a64601dcc39ba97c600f1c9e9106407c3b844
=== RUN   FuzzTxfetcher/6e010b3668560a817d7a541839ea3d3394f405d2
=== RUN   FuzzTxfetcher/6e22108a4ab7e4f170f1e6a6ae5be52ebc488500
=== RUN   FuzzTxfetcher/6e4e078039de4f6b6ec9b15d8e1aeed5387046b7
=== RUN   FuzzTxfetcher/6fca347a7c14b2379ee3deea0bdfa75e905eba16
=== RUN   FuzzTxfetcher/6fe30139f97efd6c3daa2d8ae0badec72a906b70
=== RUN   FuzzTxfetcher/70175f546a2fe45998c3178fa16c24edc173f9ec
=== RUN   FuzzTxfetcher/7048711f74fe75cbf45af485adfb4b3c966ff23c
=== RUN   FuzzTxfetcher/707db2358caf50bf865020cdc52567317a651870
=== RUN   FuzzTxfetcher/70ceae9ba80287af918a2605ac153558b570f4b1
=== RUN   FuzzTxfetcher/70ec14810cbb9024e38b79557be222b7dba0c375
=== RUN   FuzzTxfetcher/716f02f172d13286e31e929c881d2c0dc9a4efe3
=== RUN   FuzzTxfetcher/71a716aca5483f5282821c4e82b61fcd89731c1f
=== RUN   FuzzTxfetcher/71aeff31c61f84cc9aed95a2c249f4d434f12b33
=== RUN   FuzzTxfetcher/71c4db8405d4590abaae832d55ab6f275ba32dfb
=== RUN   FuzzTxfetcher/741feccb928044bb1eb2cfc98335882ffad1f34b
=== RUN   FuzzTxfetcher/7605f9602a76b1af935723d537178ba841fdc695
=== RUN   FuzzTxfetcher/76ee8fa4fe2b2ab6a9895bca4ef4a3c0c833b12c
=== RUN   FuzzTxfetcher/76fc1954a6f7b18ea4ba4bbfb8c53dee2c243fe9
=== RUN   FuzzTxfetcher/77986029831ff7e025359d4f37738ee2b746ba00
=== RUN   FuzzTxfetcher/779e40e90b187ae936e55ae00fc97f81d741f6e0
=== RUN   FuzzTxfetcher/780645a96ad86b87ba141acf0178b9ddc06a140d
=== RUN   FuzzTxfetcher/786832a9f322766cdae2f543f97df8a78bb17b3c
=== RUN   FuzzTxfetcher/79c46a16c181f53884369950a7d3aacf29b7608b
=== RUN   FuzzTxfetcher/79f1e0ffea085f2c714ed6776819be2a6459251f
=== RUN   FuzzTxfetcher/7c1fc11632e7219fd12421b282a25f0fe8a00bf3
=== RUN   FuzzTxfetcher/7d926e258a89d4f49c2b080793f7d9d449b50d20
=== RUN   FuzzTxfetcher/7dcbc0183847c21d06f4a49edb0559c01d4ad69e
=== RUN   FuzzTxfetcher/7dd1057b928c29ed98697fc672b67785a1f8d70f
=== RUN   FuzzTxfetcher/7f3b7bd352d856a2d2dc5819b4a51eb1215ad636
=== RUN   FuzzTxfetcher/7f816b6e6e979d827cb680cc88caebff6d6ea45e
=== RUN   FuzzTxfetcher/803d0629f15d346f5d46e6c323e4ce6915a4dd84
=== RUN   FuzzTxfetcher/80fbc883bb35e72a299e8821bb01782df325d419
=== RUN   FuzzTxfetcher/8122fd6f7f43432b721ad6b93d9c145d93aac007
=== RUN   FuzzTxfetcher/82398eacacab86a8d0fa6ef3074f055b8795aad6
=== RUN   FuzzTxfetcher/845da65fc61d13667c95f659f3db54a61a8c3e38
=== RUN   FuzzTxfetcher/847622da8e20f4ae9939d2761a632719b0a636e7
=== RUN   FuzzTxfetcher/852a7b47e3f9d731be7f696145a7e19f770b5e8f
=== RUN   FuzzTxfetcher/8559b0ad92b40aacb12487a62ab2b3415c524320
=== RUN   FuzzTxfetcher/8592451509bffa1033a08beb3c856efc018c08a1
=== RUN   FuzzTxfetcher/859f19c6610323af009b445ed1a93158ea324844
=== RUN   FuzzTxfetcher/85e3507b875c1b0b914c919ee604cac3124d051b
=== RUN   FuzzTxfetcher/85fa8e087e5c0bb241265f37498d0e9065be507c
=== RUN   FuzzTxfetcher/85fd304c44bb68cbf181ebc43061abcaa0567e68
=== RUN   FuzzTxfetcher/865ad3281bfcf6a20006de66fc6bcf117c67b263
=== RUN   FuzzTxfetcher/86b2272ee775f01cc639d6cd0881b6c4918adcda
=== RUN   FuzzTxfetcher/870701088e02f3cffde6712619a766789d74656d
=== RUN   FuzzTxfetcher/873afc040598235c98a456fbbb3a199b48fe57cb
=== RUN   FuzzTxfetcher/877f6ba409ee44edfab47f97ce25aee0282ebb5a
=== RUN   FuzzTxfetcher/8876b994f5194055c194a63246d7e625b6e530b2
=== RUN   FuzzTxfetcher/88ef90c404705563c5e4263234234412778e62ed
=== RUN   FuzzTxfetcher/892f17ab657317341bb88ea110544e5f331f561b
=== RUN   FuzzTxfetcher/89bae81fcd1268507afa096c805e7981c9425d2e
=== RUN   FuzzTxfetcher/8a99b5a5f3123ed2e618646f8a71ae6a18daf4f0
=== RUN   FuzzTxfetcher/8b1e24c7954cf6c3c27dd58491d71db1df64ed05
=== RUN   FuzzTxfetcher/8b281617a10430e0892609714aabeab3b0d3ffd8
=== RUN   FuzzTxfetcher/8c48c89b00f0f086036f464cd48335db9ba69622
=== RUN   FuzzTxfetcher/8d6465fc341a721146d967add0c14eb8a8c8c2a9
=== RUN   FuzzTxfetcher/8dcd6420b525525b833e9907ee7c1237d268a8af
=== RUN   FuzzTxfetcher/8e7378a51a79f55408ec5d5de94340fb32d8a42a
=== RUN   FuzzTxfetcher/8e8e13b7711ebc7e26dfa409016a6d86cf4503ba
=== RUN   FuzzTxfetcher/8ec3f8f8f420f0668251ffb1c8ad21d682701fda
=== RUN   FuzzTxfetcher/8fa47227d28a913ca476ddfdfb92bf94041da215
=== RUN   FuzzTxfetcher/8fdbea5df05f78aaa0bfa673ff9ef1fc8479d2a7
=== RUN   FuzzTxfetcher/90444a8c68232e1e0635aa05428f3994cf372f9d
=== RUN   FuzzTxfetcher/9069ca78e7450a285173431b3e52c5c25299e473
=== RUN   FuzzTxfetcher/909b0c179d1aab58bea8212339454f96a039d20b
=== RUN   FuzzTxfetcher/917c321f7287adf61bcf6ce50b80c154055f851f
=== RUN   FuzzTxfetcher/91b60d1e53b0951e8e982237cfae5a7df2e77bcd
=== RUN   FuzzTxfetcher/920695be9e422dec8a02125fcf9d2ddadd20787c
=== RUN   FuzzTxfetcher/92d57e1b54a4b51e2616095fd9d2806dcdd51641
=== RUN   FuzzTxfetcher/937dffeb9952521603c09b943b366c603b5a4dc6
=== RUN   FuzzTxfetcher/941376e4c3cb6c6dbfef878b3a77e609f4a9683a
=== RUN   FuzzTxfetcher/9440f1a1a0bae730ddf9195498f03a4f14eac9e4
=== RUN   FuzzTxfetcher/949b0a7294e5e300bf0b9824d8c923837028dc81
=== RUN   FuzzTxfetcher/959b225eed54ad9102c5c011e8aee9fda5231759
=== RUN   FuzzTxfetcher/95d90fde1f80880b0eac4c5bf1466f45df679d4c
=== RUN   FuzzTxfetcher/960e9ebd9166c98cad44da788dc48eedbb9085a6
=== RUN   FuzzTxfetcher/9824029ce0279934aa050b5d1f39e3cf1686266d
=== RUN   FuzzTxfetcher/99c6fc730fd0d471ad8237580561cc13b531c02b
=== RUN   FuzzTxfetcher/99fe71c56c46a0aca638891faaacb317fb50a116
=== RUN   FuzzTxfetcher/9a418c6c943b6f6362a837436b1003d855f9580c
=== RUN   FuzzTxfetcher/9a8fd0f4766b54a24d9c57cd4a1d1e7efda62e5f
=== RUN   FuzzTxfetcher/9b7a2c1cd89caaea8cee673c526543a33f920639
=== RUN   FuzzTxfetcher/9b940a9b3e6413c6c95fb0a12d39c71d894d3c3b
=== RUN   FuzzTxfetcher/9cf246bd731bba143122f16ebd394abbfd9ef6fb
=== RUN   FuzzTxfetcher/9d7521b628e0d5a3199d15c56e80e98b7301b239
=== RUN   FuzzTxfetcher/9d7b3b47e940fdfbedda72deb03a8de9222792fb
=== RUN   FuzzTxfetcher/9d9599fa234de8a2e356f66103e9000188bbe291
=== RUN   FuzzTxfetcher/9dd51b940b502a8798476ff480d01838035ae05f
=== RUN   FuzzTxfetcher/9de59683e1f2b756243c4c4d01a2f4669ee4e1f3
=== RUN   FuzzTxfetcher/9df02a450bb94f31f3ab3387c1165d0847da73f1
=== RUN   FuzzTxfetcher/9e670ab159be4a8a39ba19c1105a88af8c065313
=== RUN   FuzzTxfetcher/9ecc6962a03abad071d32585f820325c070c215b
=== RUN   FuzzTxfetcher/9f04c6664ab91c1c3b717b5fe77a35f6e6366ddb
=== RUN   FuzzTxfetcher/9f1a4a0538eabb066996639c9428f835cd4d1685
=== RUN   FuzzTxfetcher/9f9e768625f207cc57fe89781edeef4dc2ebc394
=== RUN   FuzzTxfetcher/9fe0b7770f1989cd72ae20b2606ddae989ad3417
=== RUN   FuzzTxfetcher/a096929d1c8c346c2fd6b798221a6e17073b1e68
=== RUN   FuzzTxfetcher/a0a01b24a0a1eaeb1dfbef29f9f6eb7ca71dd170
=== RUN   FuzzTxfetcher/a1574ad8700d508e10076b550c52d70596e330d4
=== RUN   FuzzTxfetcher/a17cc455947552f77fbd0e39c7b2993ae6622bf4
=== RUN   FuzzTxfetcher/a1e4371234875bf970f3b1f0b09f20204187d8e1
=== RUN   FuzzTxfetcher/a24ba62cf70f8ef07422baf5ed67cdb1fcde1f27
=== RUN   FuzzTxfetcher/a27ed24ec59f4f290348becffb900bb49ee2c1fd
=== RUN   FuzzTxfetcher/a2be7d55c3dcea14b4f41ecb938a8080e96ece80
=== RUN   FuzzTxfetcher/a2f23a82ef1d97a0cc8432e4d230d230889ba354
=== RUN   FuzzTxfetcher/a31931703dd888c0a16490d7d9becec38501e453
=== RUN   FuzzTxfetcher/a3f5549b4c536526c7ac1e1f7a109e44b915a8d1
=== RUN   FuzzTxfetcher/a442bd03a2c7b02641ef359ed62be97b7933e103
=== RUN   FuzzTxfetcher/a4cdc1ab616845a4e30703f8f2c4ada414f05a66
=== RUN   FuzzTxfetcher/a4d7ed5872be23b554169a466a010e05ba8b4280
=== RUN   FuzzTxfetcher/a53570a1a58fcc1b2be3e7cf1b425746cbdda917
=== RUN   FuzzTxfetcher/a5610de786cc139189e62b4c205ef064cc6d0a99
=== RUN   FuzzTxfetcher/a78137fe5165adbb508bcde2b3536026cc183c69
=== RUN   FuzzTxfetcher/a79d70733533154ce2b4bcb88488cdf07161bc42
=== RUN   FuzzTxfetcher/a7a8285676b91d851591a1adeb30810e8310b898
=== RUN   FuzzTxfetcher/a7eac2a7a4d35bcbbe90db34ff5cbde17094717d
=== RUN   FuzzTxfetcher/a8200341399cfa553e47bd7eafe6c9c0319db898
=== RUN   FuzzTxfetcher/a8ac00e031cb8f613a49b89419f6eb2d2602118e
=== RUN   FuzzTxfetcher/a8cedf0c073889458a13b1775a75ed3f337d928e
=== RUN   FuzzTxfetcher/a8df12a94d97947095b1a0c2cae2b275f3da9383
=== RUN   FuzzTxfetcher/a8e8c98962985d6b7e8417d077b3faba6232482c
=== RUN   FuzzTxfetcher/a8e9f350d853c01f151aba1700ed9f124c044ab5
=== RUN   FuzzTxfetcher/aac9b857ff41ddef7e5e1f3c8e948bbf56c436ee
=== RUN   FuzzTxfetcher/aae5a1f5c43cf16d92f767868a4c91d36247d062
=== RUN   FuzzTxfetcher/ac06c55f701feff4e01f1c594847ba9d554a55af
=== RUN   FuzzTxfetcher/ac8a9659e425ede7b17430bae4ec2f09db16ff1e
=== RUN   FuzzTxfetcher/ad14333bb15fde5e61c148d0ecf499ffce0c7533
=== RUN   FuzzTxfetcher/ad41564fe5dde7810c20e74b7315396836a9aae1
=== RUN   FuzzTxfetcher/ad925016381727b7ecdb38c4aa2b151afa6a59ae
=== RUN   FuzzTxfetcher/ade13c5a60d9eef75bf8691a51efc3c4e7e0023a
=== RUN   FuzzTxfetcher/ae054036139b40c3d6c18d1da155a09ded0debce
=== RUN   FuzzTxfetcher/ae3fd89573de89a9f73044bb5c47c55c205853a7
=== RUN   FuzzTxfetcher/ae4bef5d3672a66580660cf7e2a0840b59685de0
=== RUN   FuzzTxfetcher/af214704064efe5fdd29dcdcbfad0421aac4ac26
=== RUN   FuzzTxfetcher/af862915136f71dbc2f70498390a277d8f1876b5
=== RUN   FuzzTxfetcher/b0a23f7c7f3c28ae4a4137c45bd5ec0ee437e7f7
=== RUN   FuzzTxfetcher/b12e4426bc3d1cbb13bc50fa8bb5f155d4155aca
=== RUN   FuzzTxfetcher/b1749ccad663df8f181bfa93076f9bfd2f34d5b8
=== RUN   FuzzTxfetcher/b2468d09a55d78b48cf4be3aaf1216e542c48973
=== RUN   FuzzTxfetcher/b25f3390ce61b1cef98863b3bcd40deb1f881a20
=== RUN   FuzzTxfetcher/b2ce764b9b023bada3d7ea88c6b67e82dc8725ab
=== RUN   FuzzTxfetcher/b2dc82832ac65386d9a87266567c321207b402f3
=== RUN   FuzzTxfetcher/b445c0d0bfb1427f9d7fbc2aae27cdaff1fc9abb
=== RUN   FuzzTxfetcher/b505ad9dc3e2f8a45dca5347951078f787d42054
=== RUN   FuzzTxfetcher/b522f2074fe4855f910de411430662b982397452
=== RUN   FuzzTxfetcher/b716dba57142295932441e62085b12734e765f69
=== RUN   FuzzTxfetcher/b7cc52d3d9c84209702b22d551741ef5dba1242c
=== RUN   FuzzTxfetcher/b7e7b01c67cef9edc93fc9b9359a1a2c2d1bf28c
=== RUN   FuzzTxfetcher/b8978d7267a0c1197f50876e7a1665633c58981a
=== RUN   FuzzTxfetcher/b8a431256334ac01d4a0f693dc5d4780a88bc281
=== RUN   FuzzTxfetcher/b91ae790b3eaade102b202ded194fe3b7394c9b6
=== RUN   FuzzTxfetcher/b94ec358ba7239ac192dd4aab9bb79836408cf09
=== RUN   FuzzTxfetcher/b9b8c4eb1217eeb6d0cfb4b0503b26073adb88d9
=== RUN   FuzzTxfetcher/ba907838dad7e67b4daab246700b9ceaaa853177
=== RUN   FuzzTxfetcher/baafb1247fbcc161fa0512a48c0aaee0553b74a4
=== RUN   FuzzTxfetcher/bc8962a9ceea86df8828972e4d544d8101426792
=== RUN   FuzzTxfetcher/bd14592a5d41353b81db6a84a95be0befa4b5814
=== RUN   FuzzTxfetcher/bdc94a04f42d8ed5d9c167e71468457b885a651a
=== RUN   FuzzTxfetcher/bdfa7846e2819b018fe50085156074891ee901b0
=== RUN   FuzzTxfetcher/be6e81999d3b80eaeba1f4872e9d4dd21f91a7bd
=== RUN   FuzzTxfetcher/becd7b8c9407b2337e416e27a23c46bfd8471f5a
=== RUN   FuzzTxfetcher/bf372555d10170f9e34a47f059ff302f67fcf7e3
=== RUN   FuzzTxfetcher/c00272b09d9130ac79a08e6b70f0760d5b4630d5
=== RUN   FuzzTxfetcher/c0706f1270b53f6be9d447332eeece658a906b00
=== RUN   FuzzTxfetcher/c0edb0a2e9882e9da7e7bfe206ab6d0e6f574eb1
=== RUN   FuzzTxfetcher/c0fb1fb15c20f54cff476aaa0294e2b175aec983
=== RUN   FuzzTxfetcher/c1756548b1c979600d6c58b0d716474e75b8c4a0
=== RUN   FuzzTxfetcher/c1889909dde4d1c8c4985a0a2eefc0286635aa99
=== RUN   FuzzTxfetcher/c29747346d8691d72a7e241ef156d3cb61452a73
=== RUN   FuzzTxfetcher/c2b5fd2e5f14418319d6e122db245c3ef2b53521
=== RUN   FuzzTxfetcher/c2cd358347513dcee2ea3006893b43c05720d76d
=== RUN   FuzzTxfetcher/c485c6c796b10e0ce9a7aa73803e52cb0f72da8e
=== RUN   FuzzTxfetcher/c4c2bd8f7f1bd50ee55dac8357ca972bcf7ee620
=== RUN   FuzzTxfetcher/c4e121c5311ce19da82d1a8891eafc203064fce2
=== RUN   FuzzTxfetcher/c4f7379a71525fb732a9a6977e520a94eb7467b9
=== RUN   FuzzTxfetcher/c59dffbdb68badf0d25102fb59c55c6d844b1fde
=== RUN   FuzzTxfetcher/c6132a6741f6af73ae06f514f2b921eab1de300a
=== RUN   FuzzTxfetcher/c617757280c6c7da46e3b0b09350fc88ec3a7bab
=== RUN   FuzzTxfetcher/c7124ed1138a82c4dd611ed87ec086d1a349dfb7
=== RUN   FuzzTxfetcher/c768562a46306fad30ad7b52510b16c7d7123b1b
=== RUN   FuzzTxfetcher/c7eaafa89b98d66ea10d0689683650b9c609b91d
=== RUN   FuzzTxfetcher/c93cf9a3822fcecb025e81a0ecfdd21caf5aaf8c
=== RUN   FuzzTxfetcher/c9488116582c28e037ff046d70db9d42dcfd7706
=== RUN   FuzzTxfetcher/c99f2443dfdfaeaa6d39eeebabb346623507468a
=== RUN   FuzzTxfetcher/c9bb0075ff096ef353e7ab1f2b3d3ca5801d5653
=== RUN   FuzzTxfetcher/ca19db28a9dfccfebd0c8adcf22af45110677b69
=== RUN   FuzzTxfetcher/ca62d71a0a42f7674ba946a0e841a0d487af9f0f
=== RUN   FuzzTxfetcher/cab926af66d09a2d897f0b1c6d370a354e31684a
=== RUN   FuzzTxfetcher/caf2d96dde93f50b26a6438b28f6e8e9e60fd827
=== RUN   FuzzTxfetcher/cb4a8db6ce5b17c2678a0aa8a97b6563aa9d77f3
=== RUN   FuzzTxfetcher/cb5bec7ea6fbbb0303cda73f3f0557b4a69a6b80
=== RUN   FuzzTxfetcher/cb9dab9661553a9feee2c00856f80af737c65224
=== RUN   FuzzTxfetcher/cbee8a7350153a9908d74f7c6783ddb6dba79df0
=== RUN   FuzzTxfetcher/cd57795ff44f8e46288e9ad329e9aeac30b9931f
=== RUN   FuzzTxfetcher/ce56d7765114800fdae0bb18fea8546f07ab1b4f
=== RUN   FuzzTxfetcher/cea89f56afcf32b5c2b5f335c4467503720729f4
=== RUN   FuzzTxfetcher/cf9dc19e0b523b3a770ed161a7944a9a65ee7407
=== RUN   FuzzTxfetcher/cfe04509581faa7a3c88059afd0cc051989c7231
=== RUN   FuzzTxfetcher/d08f88df745fa7950b104e4a707a31cfce7b5841
=== RUN   FuzzTxfetcher/d12a2b06b78306f66bab7b46b113745582bdcb61
=== RUN   FuzzTxfetcher/d2086f6d060921fcccc7d110da60805a919b5489
=== RUN   FuzzTxfetcher/d20cdae7da5d32f5f54b654ce86649d42b776044
=== RUN   FuzzTxfetcher/d277631ea7edae92dacee700baf22e0d1b4c5e28
=== RUN   FuzzTxfetcher/d422d56c4c25c80931b0b3379b869fa70ef0a4b7
=== RUN   FuzzTxfetcher/d4c1e56f12e05e52b782610b4901201bb03249e0
=== RUN   FuzzTxfetcher/d5c9581e2c84f0544f6f9fd1d8c922327d5e8f19
=== RUN   FuzzTxfetcher/d5d5228085d45b515eaed81ebf6ff40885bd34ee
=== RUN   FuzzTxfetcher/d60dc6aee212bd5152efd82e1c36b8fa19a1b3d0
=== RUN   FuzzTxfetcher/d6ecbed83c6dedf2308f27bda00535e2b8029945
=== RUN   FuzzTxfetcher/d6f25ec6654112c2952796481b48b584b111234a
=== RUN   FuzzTxfetcher/d7ceac588bd902a4e552cb42621dce850f10d2f6
=== RUN   FuzzTxfetcher/d7f7e32bd5e6ddbd4ec359ca10a5bdf7d1ac7664
=== RUN   FuzzTxfetcher/d880e7d1cde4f05c21361367c5bcee0aa312f279
=== RUN   FuzzTxfetcher/d89db447c60a23245451dcdc8dd3bc243ca345a4
=== RUN   FuzzTxfetcher/d9ea6892b169c6228547085f31d1edd8aa814832
=== RUN   FuzzTxfetcher/da1c48d112e800c493c4db8100c79c1dfcce033b
=== RUN   FuzzTxfetcher/dab99663cc509354477a655e4786ad75950c97ca
=== RUN   FuzzTxfetcher/db12aeff4b2199b604e0f8d4fd379c7e82fda748
=== RUN   FuzzTxfetcher/db454f91ab0b3da1de06a1c01d95773fd93b332b
=== RUN   FuzzTxfetcher/db840089aac2886d707d74c0736c80b981a33837
=== RUN   FuzzTxfetcher/dbb03babc149303a016d45b936f3e5ea0ffb53ac
=== RUN   FuzzTxfetcher/dbd2733632a6c117cd807b7f730f1643bb3cdd0f
=== RUN   FuzzTxfetcher/dbf8adb6f3e49b54eebf1afcc396494514a31838
=== RUN   FuzzTxfetcher/dc734c6da10ebd428090bb2ff01597b9add262c3
=== RUN   FuzzTxfetcher/dca32eaae9ed89aeb606594cdcf3adf95b337bc4
=== RUN   FuzzTxfetcher/dcca4fdd6dc4d098642490b3c0c4795a05405800
=== RUN   FuzzTxfetcher/dd6961c75f39f0a5bc6aff7b56dd2721cac0d2d1
=== RUN   FuzzTxfetcher/de8ba808bfe879677f32545d8c17b2edf86b30a4
=== RUN   FuzzTxfetcher/dea8e1cb6969fcc8b457c5186e04c542340ac645
=== RUN   FuzzTxfetcher/e033045362a0a1f87294b2385396dc97a84ea110
=== RUN   FuzzTxfetcher/e0acc006ccbd5842cee21a6f66b570c955c49f12
=== RUN   FuzzTxfetcher/e11abe6223c1757c8b7ce0ede136c859db0b0766
=== RUN   FuzzTxfetcher/e23ad1b5684e78832258dcc27438f7b19ce8ed6b
=== RUN   FuzzTxfetcher/e250d31fb924d35243aa0299c26dc1443826c121
=== RUN   FuzzTxfetcher/e2d11629ab8b39f8575be13f5239b3d8a150c8fc
=== RUN   FuzzTxfetcher/e2e12633c9b5b1d3f85d3ee2dbb9a9d45a20ba3b
=== RUN   FuzzTxfetcher/e35b7904d2dc9ae5d8fb7f5b62931516ca1889f0
=== RUN   FuzzTxfetcher/e38d6970db52e87fdf1ee2d336450769cd808e6b
=== RUN   FuzzTxfetcher/e3e3e8091b7827f38600c572d635bf635aef1446
=== RUN   FuzzTxfetcher/e3e70582b07b2a3f523b0c62279e838ab897ff3a
=== RUN   FuzzTxfetcher/e5056dac0845f5ced14b746c19b793aa46be578f
=== RUN   FuzzTxfetcher/e5142f64ba4fdea06df0e5492a04b16e53e8e105
=== RUN   FuzzTxfetcher/e64b7f92bd08af5b4b478c646b1eb5b465a13fbd
=== RUN   FuzzTxfetcher/e6967e4b74160f98e277931d68c4753873f06a5a
=== RUN   FuzzTxfetcher/e6cd8b6a9f755da93921b38921a5827fb07d0935
=== RUN   FuzzTxfetcher/e7914925075de3c8d8fdaa8369b4aff7c17fb67a
=== RUN   FuzzTxfetcher/e7ba76080b4d7013a8e42ccc475760d53214c514
=== RUN   FuzzTxfetcher/e7d2ca46eec446ea2153e1184e7bbc2686c021c0
=== RUN   FuzzTxfetcher/e804300cf810aac1af4b35dad672b7f03f2f34fa
=== RUN   FuzzTxfetcher/e8188ff7c6f9466cf315dddd9cedc4dc6d1eaf67
=== RUN   FuzzTxfetcher/ead6f28f6eed30eeb234733dac83baae09e2cd65
=== RUN   FuzzTxfetcher/eb13f6680074080f9ee68cb50ff940e653148f11
=== RUN   FuzzTxfetcher/eb3a99069c495b4775810a0ab577ace9356c35ae
=== RUN   FuzzTxfetcher/ebcdcb7effcc3f06e0d503638ac621de877fc554
=== RUN   FuzzTxfetcher/eef1ecb60235cf83b5d43d4de67ea6e41361bbbd
=== RUN   FuzzTxfetcher/f0b071eb1410c86ab4a90386dff768cc220c80c2
=== RUN   FuzzTxfetcher/f0f3990c23029c955fd0edc50846a08e82b8572c
=== RUN   FuzzTxfetcher/f1038c0592f150e8f2cb99a17de84366ae1c4e37
=== RUN   FuzzTxfetcher/f26533ae0335d9cef571523bd2fc9fb9980bbe1a
=== RUN   FuzzTxfetcher/f376f7b28f7e5ad283afd24c0022446c739a705e
=== RUN   FuzzTxfetcher/f38d877cd46f316a730eb2b6542fcd90bc69b27f
=== RUN   FuzzTxfetcher/f4426fc90f0176694bca2891af28ee1803593e28
=== RUN   FuzzTxfetcher/f465c6a8fca6866a26fa6dc417446255866a8bfb
=== RUN   FuzzTxfetcher/f5c8f651cb14830ffdc0bad26fa108c3ab735202
=== RUN   FuzzTxfetcher/f5f3f1f856d6bd3685fb92dc4032872bc46d8b35
=== RUN   FuzzTxfetcher/f6c571164fb21ac9035bc90add322ba4655d08ec
=== RUN   FuzzTxfetcher/f73e47fdb9c197d3a99bba97031e745b28605d26
=== RUN   FuzzTxfetcher/f76e25f5bff68d2d2c59c01a92e0fc3ff60f5ff7
=== RUN   FuzzTxfetcher/f7754fb156f1b07487bc64b15d169f975ebecd40
=== RUN   FuzzTxfetcher/f81bea1f96db29e4f65155333f1a55a08038ece1
=== RUN   FuzzTxfetcher/f8b541409f6064e951539aeae4e5d77bb9d64448
=== RUN   FuzzTxfetcher/f9d46c864e5b553dee2d9d794891d8e9c8b6d842
=== RUN   FuzzTxfetcher/fa8bad5374b2eed39f9d6f1449672c03b08bb238
=== RUN   FuzzTxfetcher/faa0a5b4443f68a6076631110fe7f4f623d956a5
=== RUN   FuzzTxfetcher/fc6f1ad0eb34cf641729f2172a0a85549d85a979
=== RUN   FuzzTxfetcher/fce3bfdffccb0f5ba9842ccd67736259a16225d5
=== RUN   FuzzTxfetcher/fd12aee4fe5bdb5f99c08365e2ef9cd664f78b31
=== RUN   FuzzTxfetcher/fd1b53a0115c577bcaaf4252801ec7c3fc7b3897
=== RUN   FuzzTxfetcher/fd25324884cca6945f65cc4a6e7a74311ea3e517
=== RUN   FuzzTxfetcher/fd36c39097d58cb1859289f13b6676bff6911f36
=== RUN   FuzzTxfetcher/fd6c62d93edff09134f8112c47ab86a8d917829b
=== RUN   FuzzTxfetcher/fd873932fb45aa7dcc3fa86179074e68a42c7d76
=== RUN   FuzzTxfetcher/fdb564e4fbec5fbb8847166897472d47bec484c5
=== RUN   FuzzTxfetcher/fdf84d83f0845ba21c2fc4325e1ccea54b02a731
=== RUN   FuzzTxfetcher/fedfc997d6c3eae4cd845a8f5937e7dd4c8cd3a2
=== RUN   FuzzTxfetcher/fef15022769153378c998f76d4c750841ae7d11c
=== RUN   FuzzTxfetcher/ff6c2c63e7f6b26c2a65f1a0b9f0c2c20999c28b
--- PASS: FuzzTxfetcher (0.11s)
    --- PASS: FuzzTxfetcher/005c1b5db0d3d92d9126dd8e660e5c719d07acc3 (0.00s)
    --- PASS: FuzzTxfetcher/00714a09e3928679cf7ee111f296198bad3ab269 (0.00s)
    --- PASS: FuzzTxfetcher/00722bae718562d2f97f62e9d7c73a11b5a13788 (0.00s)
    --- PASS: FuzzTxfetcher/00c52c74fe197a34df43aea2e1feaaddeff4285a (0.00s)
    --- PASS: FuzzTxfetcher/0112a0b5f20f59758bcdcf274004adc6616fd89d (0.00s)
    --- PASS: FuzzTxfetcher/01aea54af5b9b2b9b4ae88d75b77baa468650b57 (0.00s)
    --- PASS: FuzzTxfetcher/01dcdbbf15b14c12629fc2d66a2c49c38071db90 (0.00s)
    --- PASS: FuzzTxfetcher/0220fdd9a3c42c7fb0d8bba8e0fff88186b8f02a (0.00s)
    --- PASS: FuzzTxfetcher/0369476e392f25e7089a06222d2eedd691e083db (0.00s)
    --- PASS: FuzzTxfetcher/040a32f892847ffa64aa35fba17890eb62fbd40d (0.00s)
    --- PASS: FuzzTxfetcher/05028772d3bda337149c172a5d859c3bb41fb1ef (0.00s)
    --- PASS: FuzzTxfetcher/05786059dc48d8d28df6420f51c2f8c1c7c10dbb (0.00s)
    --- PASS: FuzzTxfetcher/06853eaa240a81e32dc885a7c978c190b38cd3e7 (0.00s)
    --- PASS: FuzzTxfetcher/06f5d91cae7c0b9e51df6e8fed81b82aafb479e5 (0.00s)
    --- PASS: FuzzTxfetcher/07350b33af8fcb150c709beaeacc34fd1c0684a4 (0.00s)
    --- PASS: FuzzTxfetcher/07cdb383ff29169ac723bb312a1ec185a1b9f5b9 (0.00s)
    --- PASS: FuzzTxfetcher/07cf8bcafabdd829aef30ed8fba6d15aac536413 (0.00s)
    --- PASS: FuzzTxfetcher/07f38ee413e79ec75301226b0ae41d34e5b1a1f1 (0.00s)
    --- PASS: FuzzTxfetcher/083ac16df6cf7afeca9fde7783b5ca6baa2abaed (0.00s)
    --- PASS: FuzzTxfetcher/095145e8d82f7ac307c5b0f312181688d528c54d (0.00s)
    --- PASS: FuzzTxfetcher/096f374881a39b8bc0c6fca699a8fc2f36128914 (0.00s)
    --- PASS: FuzzTxfetcher/097260a58aac772f9814ad81ba9206ee8d396a2a (0.00s)
    --- PASS: FuzzTxfetcher/099276a89188bac6ba6dac3263fa355ab97a3fd9 (0.00s)
    --- PASS: FuzzTxfetcher/0997c9e0e843c02add0bd1e1dbd680448a140874 (0.00s)
    --- PASS: FuzzTxfetcher/0a1f05221c4bc9cf454d79b2225676554728e90c (0.00s)
    --- PASS: FuzzTxfetcher/0a70e0bdf28d8bf77d96d6d3ec3f61e384a0fc95 (0.00s)
    --- PASS: FuzzTxfetcher/0b136501a6864deffd52764c650aedba0a087ff6 (0.00s)
    --- PASS: FuzzTxfetcher/0ba159d53369d0c40e1825b81b61e7796530cdc9 (0.00s)
    --- PASS: FuzzTxfetcher/0c1de871b4f19fe9c3b2c5efd6fc8108b07d00c4 (0.00s)
    --- PASS: FuzzTxfetcher/0c77c1055297b167d620e827be5f5c937d59e0f1 (0.00s)
    --- PASS: FuzzTxfetcher/0e1ec2fe22ab9e5d238555f43c877801ef01fc70 (0.00s)
    --- PASS: FuzzTxfetcher/0e8664b6479ffa48cffb1acb9dc2b99f2b624c97 (0.00s)
    --- PASS: FuzzTxfetcher/0eb222fae9060a3f14162992bb7bdd02a6556204 (0.00s)
    --- PASS: FuzzTxfetcher/0fb4363fef72a204778e7c24e846eff8719f8a65 (0.00s)
    --- PASS: FuzzTxfetcher/106b5d8debc0da0167772474590b6163cc75a263 (0.00s)
    --- PASS: FuzzTxfetcher/1078374664dc8a54ea3eb62a58fc4836e2cb5a83 (0.00s)
    --- PASS: FuzzTxfetcher/10c1c2c19d08fecac3617080c195b4e5ac37b535 (0.00s)
    --- PASS: FuzzTxfetcher/11e3e0e8828c5f692003a021400a7fd9fc69c59f (0.00s)
    --- PASS: FuzzTxfetcher/12140e8b40616d02525edfad49b982147084d6eb (0.00s)
    --- PASS: FuzzTxfetcher/12e786aa8f25f3d79a7d8de6c937936efcf8c185 (0.00s)
    --- PASS: FuzzTxfetcher/13d0862caea636970aa9473c4e35825b7d93afe9 (0.00s)
    --- PASS: FuzzTxfetcher/14027af7f9904fa3e7fcfa80a32110b3de46c75d (0.00s)
    --- PASS: FuzzTxfetcher/141848848dfa936ae31ec4dfe28fc1c922b37894 (0.00s)
    --- PASS: FuzzTxfetcher/14b35a6eca4add248da9ae8d164a870b40de3bf2 (0.00s)
    --- PASS: FuzzTxfetcher/14cfaa8f709feef56e32394a4ef2871af840d12e (0.00s)
    --- PASS: FuzzTxfetcher/14dbde3e81df68b00facd850f0e9653e0152a7b2 (0.00s)
    --- PASS: FuzzTxfetcher/154cafe65622222a0fdd1593d4f83c9e2f8616d4 (0.00s)
    --- PASS: FuzzTxfetcher/154ddca4323951857ee80f2b0d187a9cb1f5f19b (0.00s)
    --- PASS: FuzzTxfetcher/15666d89878c52ec440c2a6e27f128527e6e5dcd (0.00s)
    --- PASS: FuzzTxfetcher/15dc6334aab4372ebfd7dfb976ee628294f76013 (0.00s)
    --- PASS: FuzzTxfetcher/1613fdf71f8b0edcceb1760f3402b51e9cb0e95b (0.00s)
    --- PASS: FuzzTxfetcher/16e981f3c617dd3c9b4c521cf1909b85c613bfef (0.00s)
    --- PASS: FuzzTxfetcher/177af0f5a8966da2a36d643e4cd355475bb9adbd (0.00s)
    --- PASS: FuzzTxfetcher/1801cb0d463619dbbcd1a6c5036f3418585782cd (0.00s)
    --- PASS: FuzzTxfetcher/1843601847ef304ea4094d5725c5fcb49f65c798 (0.00s)
    --- PASS: FuzzTxfetcher/186bfce95929d4975e1e56fc279ad921fab5dc29 (0.00s)
    --- PASS: FuzzTxfetcher/1994a173d29005d9de0a295e78e41e735ec9b07c (0.00s)
    --- PASS: FuzzTxfetcher/19a30004c09bed9a7299c80370274bd680583be8 (0.00s)
    --- PASS: FuzzTxfetcher/1a26e9d2b82b809667f6e8ac70e325626e418762 (0.00s)
    --- PASS: FuzzTxfetcher/1acdf216603841765b1c076f1ee2e9d573ede3a3 (0.00s)
    --- PASS: FuzzTxfetcher/1b40166eb73f565c61703b4a08d5424c55034c02 (0.00s)
    --- PASS: FuzzTxfetcher/1c36be16c08a631be0da21f5858e422232e3106f (0.00s)
    --- PASS: FuzzTxfetcher/1c567f0e77979b541c360e16d2b241bb92396bca (0.00s)
    --- PASS: FuzzTxfetcher/1d2cb5cadbc58c1aa52831e67b3fe085188cb2dd (0.00s)
    --- PASS: FuzzTxfetcher/1d3cdff1b0b011c7f49d774b77e805587a681485 (0.00s)
    --- PASS: FuzzTxfetcher/1db062bd18abb6c28e334fea0e59d187b59e828a (0.00s)
    --- PASS: FuzzTxfetcher/1e8899b2aecab2c5395e8115567d86c57037b2e0 (0.00s)
    --- PASS: FuzzTxfetcher/1ec619f2e40ee1b6fb81d6ff6761cd7e4841f9bc (0.00s)
    --- PASS: FuzzTxfetcher/1edb3d200bc0f2692b5bf61d5af92b7e09c97add (0.00s)
    --- PASS: FuzzTxfetcher/1f1691acb5153ea609144104dbf13129827cd206 (0.00s)
    --- PASS: FuzzTxfetcher/1f9298b26bc2eb2dbe5f788585c2720294bbbef5 (0.00s)
    --- PASS: FuzzTxfetcher/2033bbadef91d655f979214d654fdb9d733e67f3 (0.00s)
    --- PASS: FuzzTxfetcher/2060d278a1aec9e6bf3a92b4e2c203b3960a40a3 (0.00s)
    --- PASS: FuzzTxfetcher/207ab466c11915666d5da301c8e68c1d9a479bb9 (0.00s)
    --- PASS: FuzzTxfetcher/20b0d2b1c48b074d0454b6c9a4f6979d36a9a7c9 (0.00s)
    --- PASS: FuzzTxfetcher/20c360141ffff1305bf3d9d9ec6ea42003931a27 (0.00s)
    --- PASS: FuzzTxfetcher/21aaef064d33fcd04b0732cf5f597a83f12ddb05 (0.00s)
    --- PASS: FuzzTxfetcher/21d12dc7e3574f309ba243e045432a94326b17fe (0.00s)
    --- PASS: FuzzTxfetcher/223b8d0d5c0cb790e1635133e39e7a95b8c86034 (0.00s)
    --- PASS: FuzzTxfetcher/229b50c79de762e74a23e9d3b2fb00010223c05d (0.00s)
    --- PASS: FuzzTxfetcher/22d4c63c4fd19a7f7b12dcf636235888e852207b (0.00s)
    --- PASS: FuzzTxfetcher/22fcb8c82f1794a5f4f8033fc7f8395cba1c01b8 (0.00s)
    --- PASS: FuzzTxfetcher/2319df25b73e2d5a9b2c7d4e2a7e1c7efe758c5f (0.00s)
    --- PASS: FuzzTxfetcher/23581ddd1b24e85e0520ed6a8eb65100cedd2b3b (0.00s)
    --- PASS: FuzzTxfetcher/23bf7181ae8e02e3e8838281a89fdfa774e1642a (0.00s)
    --- PASS: FuzzTxfetcher/24e6e58951a924488d77f83f72c073ddde4fabb3 (0.00s)
    --- PASS: FuzzTxfetcher/2508f12c451549540b368e61889071b376393c4f (0.00s)
    --- PASS: FuzzTxfetcher/2597c01f46fa511a691b9e9c86899d3bdf441155 (0.00s)
    --- PASS: FuzzTxfetcher/261f8a636cd7281f34966f4d46aa7fa84722644d (0.00s)
    --- PASS: FuzzTxfetcher/265dd335a125d9040e9273948be5032475b269b5 (0.00s)
    --- PASS: FuzzTxfetcher/27ed54c84389a336843adea8b27c8695f9791d4a (0.00s)
    --- PASS: FuzzTxfetcher/27f042fa9e2dad08e45e3396dd153808f9d6c1c2 (0.00s)
    --- PASS: FuzzTxfetcher/282d55a3af674c61cf294d4a08dab64b06c2d79c (0.00s)
    --- PASS: FuzzTxfetcher/284cf0556201751e729b3b33ce082d456cc691d2 (0.00s)
    --- PASS: FuzzTxfetcher/28d245244e26ddd74f5a59346a1f98ebfb7a56d0 (0.00s)
    --- PASS: FuzzTxfetcher/28d6f1f218660b9dd9384c335fa1448c25071cf9 (0.00s)
    --- PASS: FuzzTxfetcher/29854ded72193a89569bfa51fa5f01b25018d1c7 (0.00s)
    --- PASS: FuzzTxfetcher/29afa591dd671c552c16ffc9c9f46d3175a3aff9 (0.00s)
    --- PASS: FuzzTxfetcher/2a6640ae12565f61aaa54c78511a06c429bef275 (0.00s)
    --- PASS: FuzzTxfetcher/2b20a51eef01063c84301622ba467c5c15db3120 (0.00s)
    --- PASS: FuzzTxfetcher/2baf2001cfce03b551fa97f1fa7c293728a47f24 (0.00s)
    --- PASS: FuzzTxfetcher/2bb73973291230b16ffb6bb477367ed033b6a838 (0.00s)
    --- PASS: FuzzTxfetcher/2ca66506aa62646f3044a2b632c9d7201132d802 (0.00s)
    --- PASS: FuzzTxfetcher/2ce12827f435f4afa45dbb42c7955ecaf005ca1e (0.00s)
    --- PASS: FuzzTxfetcher/2d4acdd067080a54b607ca5e5477987a7c799a66 (0.00s)
    --- PASS: FuzzTxfetcher/2deb333659156463f22264924268f90c30cd305b (0.00s)
    --- PASS: FuzzTxfetcher/2decab20ec83fdfaa3ddd41fde57ca925b865637 (0.00s)
    --- PASS: FuzzTxfetcher/2e4933d0dd00326a6d2e0063d8ea2808f0b3fe56 (0.00s)
    --- PASS: FuzzTxfetcher/2e60339cdd9c8de72d0acb3eb9dc125452f216c7 (0.00s)
    --- PASS: FuzzTxfetcher/2eb6b25a82a0467be5b31b374def959c064e7ecc (0.00s)
    --- PASS: FuzzTxfetcher/2f06df48409a2524cc4934c589908002ef990ed4 (0.00s)
    --- PASS: FuzzTxfetcher/2f6b8e5aab297f1133a53731ab2ff010a589b83a (0.00s)
    --- PASS: FuzzTxfetcher/2fae92cd31508964417d5ae28f5df6737b3f99e9 (0.00s)
    --- PASS: FuzzTxfetcher/307a7a5cfa848077ae5bd9dd5d19390f196d48ca (0.00s)
    --- PASS: FuzzTxfetcher/30aecaaf8d1f1905518eb0b3196690be64164650 (0.00s)
    --- PASS: FuzzTxfetcher/3164794e9fddb0beedcac6fc4ef2306a0209b3ff (0.00s)
    --- PASS: FuzzTxfetcher/3269c72110f0b5a22e49323df364ddb5b6a5cc38 (0.00s)
    --- PASS: FuzzTxfetcher/32a5a3f7d01ceb52084f45f9edecbcd5f0343808 (0.00s)
    --- PASS: FuzzTxfetcher/32bce1a0f0513ae5b5a566717786b82266973eef (0.00s)
    --- PASS: FuzzTxfetcher/330a7718e48891dd1a0a270c123582188efaaef1 (0.00s)
    --- PASS: FuzzTxfetcher/332066b6dffa17e77a7d93ec63e1e1092bf6e2ee (0.00s)
    --- PASS: FuzzTxfetcher/33bbb31363a512142959ae9750b74880a9c248ee (0.00s)
    --- PASS: FuzzTxfetcher/349ee547a3654bc726fdd8888d05d921eccc45d7 (0.00s)
    --- PASS: FuzzTxfetcher/3594a2eba8b8f20a773eb1eac1b673965dd52fab (0.00s)
    --- PASS: FuzzTxfetcher/35c9347a1b5a273a59d1c390f9680995c0d7f80a (0.00s)
    --- PASS: FuzzTxfetcher/362946e3a5fffdac714293ccb1222f9546ace481 (0.00s)
    --- PASS: FuzzTxfetcher/36dd180f9189a7317de230556258e54252d424c7 (0.00s)
    --- PASS: FuzzTxfetcher/37af48df976cc8e9f63b19c6648aff37a715efd0 (0.00s)
    --- PASS: FuzzTxfetcher/382f281b62b15e0b824cb613dd3de43a6ee65549 (0.00s)
    --- PASS: FuzzTxfetcher/383f3c9df9c9bb7de000ac65145f8f330ee40c24 (0.00s)
    --- PASS: FuzzTxfetcher/388ba479b54ecf03f7ee92751e6ec1cfe4dbc23f (0.00s)
    --- PASS: FuzzTxfetcher/3923ea25cdf642370f25610977214d5e6b7ad7fa (0.00s)
    --- PASS: FuzzTxfetcher/393159003e9f5247be72a11508eb9a4e42294f3b (0.00s)
    --- PASS: FuzzTxfetcher/3b81ae70a5ce8af208aa6c79d34580e95d66af9e (0.00s)
    --- PASS: FuzzTxfetcher/3cbdc45d7ad5b1f40290f87cec79470bee90b9bf (0.00s)
    --- PASS: FuzzTxfetcher/3ceffedd5496f51f1f9c3640cb1146a35e30a2cf (0.00s)
    --- PASS: FuzzTxfetcher/3cf71c1e6ba891e5f9cc4bca3f2405eabf3cc5d0 (0.00s)
    --- PASS: FuzzTxfetcher/3d1ed919072163ebe5afa37d1feaedc752a31283 (0.00s)
    --- PASS: FuzzTxfetcher/3d9da192598a0e0fb95812d64d8a60aff8631e13 (0.00s)
    --- PASS: FuzzTxfetcher/3dbf970d39a7a644ebf54d46884ec92413524080 (0.00s)
    --- PASS: FuzzTxfetcher/3e7a07211800490aa413c9548125f49c7f3c9b5e (0.00s)
    --- PASS: FuzzTxfetcher/3f22e3f9a4a2f9d5168fc4a13a20e3b9734f3486 (0.00s)
    --- PASS: FuzzTxfetcher/3f3676325c17c6565e03406e30fde57fcc980329 (0.00s)
    --- PASS: FuzzTxfetcher/3f976e676334817fbc7ec7c45327e506d5d8d0d7 (0.00s)
    --- PASS: FuzzTxfetcher/3faa12ebb69fe364fdd88d10d435eb0255eed4c7 (0.00s)
    --- PASS: FuzzTxfetcher/3fc92595ad4c742a999c8813cc3b7883dfe8c759 (0.00s)
    --- PASS: FuzzTxfetcher/3fdc7d0fd66080559a26b84e1e22598bfce3c7a0 (0.00s)
    --- PASS: FuzzTxfetcher/405166700c2647a9bc03462d5779addcaf9b6575 (0.00s)
    --- PASS: FuzzTxfetcher/410cbefb3cb38b770d77fa1f9e1b4bb3c265a44a (0.00s)
    --- PASS: FuzzTxfetcher/41b7e77fed6bf6ce9f2bc7db088f2473eebe2148 (0.00s)
    --- PASS: FuzzTxfetcher/43cde23779697989f424266c9f3e4f48d59748ac (0.00s)
    --- PASS: FuzzTxfetcher/449a29997772431975ebca90141b948a812d0152 (0.00s)
    --- PASS: FuzzTxfetcher/44a6c3df2a469ca9087ef9532e2d7cc67923939a (0.00s)
    --- PASS: FuzzTxfetcher/4541c8777fd7322c583dc95113fd832b461ae2e3 (0.00s)
    --- PASS: FuzzTxfetcher/46f494e991b5b29961a0d6bb36b11cf541830b77 (0.00s)
    --- PASS: FuzzTxfetcher/4728bdb7393c4598651cba88b9ba0aff04a0dffe (0.00s)
    --- PASS: FuzzTxfetcher/47fd68cd562ad116f54263f0cf53ba28b8547615 (0.00s)
    --- PASS: FuzzTxfetcher/48527644fe013b1a7a83b6ad27aba96558f14f61 (0.00s)
    --- PASS: FuzzTxfetcher/4a8235deea3fa70cbe77b19ed0791cf996a730a4 (0.00s)
    --- PASS: FuzzTxfetcher/4b24bc9af1bd6492f4ef260af9994af00551e17c (0.00s)
    --- PASS: FuzzTxfetcher/4b2b8cc2a92fd27a0402810f9839af9026b7a386 (0.00s)
    --- PASS: FuzzTxfetcher/4b5dac70804108cfee7574862626617c53eb8268 (0.00s)
    --- PASS: FuzzTxfetcher/4b82fd2180b10f023603673b71293fb0768cce09 (0.00s)
    --- PASS: FuzzTxfetcher/4b865659e255093ae3beb3f1825f10a51c80acc7 (0.00s)
    --- PASS: FuzzTxfetcher/4bb6d2746709d31aec0dc640838e6eedad3f0647 (0.00s)
    --- PASS: FuzzTxfetcher/4c3a4185fb6215918aba04a55e36b38fad0e3080 (0.00s)
    --- PASS: FuzzTxfetcher/4c6c78570a5c11d70eb09a615f023c7c8901e794 (0.00s)
    --- PASS: FuzzTxfetcher/4ca0c4bd7b9f453dc7dba3c15cdfc8023f55d782 (0.00s)
    --- PASS: FuzzTxfetcher/4cc66e413833c6b1aa4f916f142bfe0b6b6fa634 (0.00s)
    --- PASS: FuzzTxfetcher/4d3963fdfd594d4cce6b0a244652511af535b9de (0.00s)
    --- PASS: FuzzTxfetcher/4d3d36186982e2a65102b738e37a4780ed2482e8 (0.00s)
    --- PASS: FuzzTxfetcher/4d5db678960c9a5c1c1040c754ffdd1c00dfb73f (0.00s)
    --- PASS: FuzzTxfetcher/4d5fa10f6a4ed3742c66d09c139f1a5d0f89d014 (0.00s)
    --- PASS: FuzzTxfetcher/4e1aa0f3bccf9f33448d6d1929a0c3b9b833c91f (0.00s)
    --- PASS: FuzzTxfetcher/4e29f2a714e1f401023d75139c2d143882fe12d1 (0.00s)
    --- PASS: FuzzTxfetcher/4e47b06ad926de2e06e118a26a4bd75447f85062 (0.00s)
    --- PASS: FuzzTxfetcher/4ebb8b10cbb6e4a8295ba4b1adb197bfb9bbb78b (0.00s)
    --- PASS: FuzzTxfetcher/4ef0ffaa5ae6dad8c347c9fee8627e36bcb0d853 (0.00s)
    --- PASS: FuzzTxfetcher/4f359fd92619526968b816a99ff1d81742252b8f (0.00s)
    --- PASS: FuzzTxfetcher/4f7968cceb95a4f2287a4e3a7f62bb032e2091fb (0.00s)
    --- PASS: FuzzTxfetcher/4f91a2a703dcc551cfdf302d8f94f6d7c6da1c44 (0.00s)
    --- PASS: FuzzTxfetcher/4f9d927b7af16dbdbcc7ca9d1be893964b91f0f7 (0.00s)
    --- PASS: FuzzTxfetcher/503bcf5ac96abe7634e2dc156441e50f4cb36180 (0.00s)
    --- PASS: FuzzTxfetcher/508e629f15f6dadeccc79b0a9f44760a5a38411c (0.00s)
    --- PASS: FuzzTxfetcher/5115979325f930662f25a31a38c3016d37233b00 (0.00s)
    --- PASS: FuzzTxfetcher/519452f4ce108fa0f1d633df543cba44703d33a4 (0.00s)
    --- PASS: FuzzTxfetcher/52578683b3e082e2b387acbba44905bd374a04ff (0.00s)
    --- PASS: FuzzTxfetcher/52e516333f5ebef70829339297c339da6ea00a2f (0.00s)
    --- PASS: FuzzTxfetcher/52ea2bb2a200cbacf66330c5757d4d61ee1ae70b (0.00s)
    --- PASS: FuzzTxfetcher/531d202d999f76b5e7e82b6a0aef1d180028ed6d (0.00s)
    --- PASS: FuzzTxfetcher/5331332f0c4a7e094951d653a8a452160c9a6266 (0.00s)
    --- PASS: FuzzTxfetcher/5403ef52ad8011091b91d24dda8f5dfa1f1c0fbb (0.00s)
    --- PASS: FuzzTxfetcher/546372507c7fd1d64a67099c27391ded517dabaf (0.00s)
    --- PASS: FuzzTxfetcher/5477829b151baaba2fcf2d349ddd5f05e4c0bf8f (0.00s)
    --- PASS: FuzzTxfetcher/55d5b215045f607460842675125cfc168bd500e1 (0.00s)
    --- PASS: FuzzTxfetcher/565578a218afcd9684c524f571b0d24935257805 (0.00s)
    --- PASS: FuzzTxfetcher/56631bc032b59963d384a8b82fbfc573965b49dc (0.00s)
    --- PASS: FuzzTxfetcher/5683b108e44bbcded91dc94f67f801a5086d3dad (0.00s)
    --- PASS: FuzzTxfetcher/56bdfb4473b057518eab62420e5721073a7fbc9d (0.00s)
    --- PASS: FuzzTxfetcher/57033458f10d2d954d58bc59f8ec98c7b7581f4f (0.00s)
    --- PASS: FuzzTxfetcher/571bbc9f1bfbe4da57625e84f2c3840fd6d3ad66 (0.00s)
    --- PASS: FuzzTxfetcher/598b24c609548b0d3f2a392fc66b4067fdf467b6 (0.00s)
    --- PASS: FuzzTxfetcher/59b599dcda9a346d45a76f998c0f1cdb7ece63ae (0.00s)
    --- PASS: FuzzTxfetcher/59f132634923f36a9037a983a403a601b34d4ea6 (0.00s)
    --- PASS: FuzzTxfetcher/5a43ac9cf68e3b30ff0f79e66dd7b3666f5c0c53 (0.00s)
    --- PASS: FuzzTxfetcher/5a83998cb07f84780e2f8af3a468c3be5b68bba6 (0.00s)
    --- PASS: FuzzTxfetcher/5a9dbf3f97a0d9f564e5b6aa8bc2e3f5469ad073 (0.00s)
    --- PASS: FuzzTxfetcher/5af02447c229b9e7d4b5956658e48a8a9cf429bc (0.00s)
    --- PASS: FuzzTxfetcher/5b554947680a4bb0704b47e63477f71b55bbea81 (0.00s)
    --- PASS: FuzzTxfetcher/5bdd39dde005d423dd8ede1c4d930326299df2f6 (0.00s)
    --- PASS: FuzzTxfetcher/5cc1dfe51516771bf1a5d17b8025462aa7d77e3e (0.00s)
    --- PASS: FuzzTxfetcher/5dfa2aa750df927fa20853dd6034b4849cf910bb (0.00s)
    --- PASS: FuzzTxfetcher/5eae773b6d15c8aa00c47f4b88024542b342c5ea (0.00s)
    --- PASS: FuzzTxfetcher/5fa497a946e055004cbebf39d7355fce0243eed1 (0.00s)
    --- PASS: FuzzTxfetcher/5fcc17c3ff93672927103dbd4e32cdb5b28734ed (0.00s)
    --- PASS: FuzzTxfetcher/5ff106e79b605840790c7598ebc253c799afbcfa (0.00s)
    --- PASS: FuzzTxfetcher/605cc9c0a8dd709c184fe22714223f3e98a9223a (0.00s)
    --- PASS: FuzzTxfetcher/61256dbb47fc4836e7122d046e7c5db40e3a81cf (0.00s)
    --- PASS: FuzzTxfetcher/61742090980f7a73756aa5b28feb5410b262a05e (0.00s)
    --- PASS: FuzzTxfetcher/61b615765adae31d1de1ee7ec6c6b25330f55005 (0.00s)
    --- PASS: FuzzTxfetcher/61b80dc5502f2aab8e7e29d0f6fb15cc0cd22320 (0.00s)
    --- PASS: FuzzTxfetcher/6206dd21c6c094b25645cea65b9020e2e171bfa1 (0.00s)
    --- PASS: FuzzTxfetcher/62c008198d71c21a528b0cf1bc7db290dfe3099d (0.00s)
    --- PASS: FuzzTxfetcher/62e29231048a40a25d1ab02d4eb1af27b634845e (0.00s)
    --- PASS: FuzzTxfetcher/6301236ff7fb4d4b7673a2cdcbfa0d1c1bea178a (0.00s)
    --- PASS: FuzzTxfetcher/639fb6b2590a44fbaabb5dd2d37172ece31487ea (0.00s)
    --- PASS: FuzzTxfetcher/63d2cfb84304b3306849fec19e8bd8ed367ca09c (0.00s)
    --- PASS: FuzzTxfetcher/640f126a50c74d38fddc11112a43f0b7fc4e59a7 (0.00s)
    --- PASS: FuzzTxfetcher/643ddb6dbbaf6b03742ee7a09b4291e534d35992 (0.00s)
    --- PASS: FuzzTxfetcher/648e62628dac86d3bfbf97de9ac4cca7e6bd5f83 (0.00s)
    --- PASS: FuzzTxfetcher/64b8a69ca966af939967975c5deb71aeb3ea104b (0.00s)
    --- PASS: FuzzTxfetcher/651f0e8ba51575f0815e426d63f415e33045725c (0.00s)
    --- PASS: FuzzTxfetcher/653854587096fdb63073e403a70b53117287d288 (0.00s)
    --- PASS: FuzzTxfetcher/656a4d14baca6f387de518aa615e4183c194c40e (0.00s)
    --- PASS: FuzzTxfetcher/656e5dbf22dc8e802b80821f5287f00e2a4e5622 (0.00s)
    --- PASS: FuzzTxfetcher/65a37d6f23b8811aeb7ea9f145b06086fcc069bf (0.00s)
    --- PASS: FuzzTxfetcher/65bae260869420040942c591fda900f14c99f617 (0.00s)
    --- PASS: FuzzTxfetcher/65cdbdad1b8690756202bd7965c87daf30d087b4 (0.00s)
    --- PASS: FuzzTxfetcher/671c3b82e36c58862fd836a38a35ecad046b6baa (0.00s)
    --- PASS: FuzzTxfetcher/67269d8c45bbe0f4d633e563d0443761adfaf950 (0.00s)
    --- PASS: FuzzTxfetcher/676ca01bbef2bd9ee4e6714bdeda9ff3b787dfb5 (0.00s)
    --- PASS: FuzzTxfetcher/6809d66f9c6fc5efa6398ec2a63a25b01d38c71b (0.00s)
    --- PASS: FuzzTxfetcher/68e9e1f68c03f01af0183219e81514e8eb474101 (0.00s)
    --- PASS: FuzzTxfetcher/6a2919c2fac0233495c929ce70820556d1a717e4 (0.00s)
    --- PASS: FuzzTxfetcher/6a805a4e245d70bab859f95f2cedc424f2306a37 (0.00s)
    --- PASS: FuzzTxfetcher/6ab5d5a613f736deb57034f312169b457b73bf50 (0.00s)
    --- PASS: FuzzTxfetcher/6ae0f9d9c2c10664e6ee70bbff9bfc40a61a190c (0.00s)
    --- PASS: FuzzTxfetcher/6b5662f32c4bd338aa1c4990e00fa98f1db981ce (0.00s)
    --- PASS: FuzzTxfetcher/6b71251c1757dbcea5b943175f4cc697f0c268d1 (0.00s)
    --- PASS: FuzzTxfetcher/6be4343b7fb8c0dbfc324ace524322f7235939e4 (0.00s)
    --- PASS: FuzzTxfetcher/6c3fc619e6d91e86529a0c88cbcb74f6c1c7890c (0.00s)
    --- PASS: FuzzTxfetcher/6cb93643c83d252c66be4ac09058d5d7009c916d (0.00s)
    --- PASS: FuzzTxfetcher/6d7a64601dcc39ba97c600f1c9e9106407c3b844 (0.00s)
    --- PASS: FuzzTxfetcher/6e010b3668560a817d7a541839ea3d3394f405d2 (0.00s)
    --- PASS: FuzzTxfetcher/6e22108a4ab7e4f170f1e6a6ae5be52ebc488500 (0.00s)
    --- PASS: FuzzTxfetcher/6e4e078039de4f6b6ec9b15d8e1aeed5387046b7 (0.00s)
    --- PASS: FuzzTxfetcher/6fca347a7c14b2379ee3deea0bdfa75e905eba16 (0.00s)
    --- PASS: FuzzTxfetcher/6fe30139f97efd6c3daa2d8ae0badec72a906b70 (0.00s)
    --- PASS: FuzzTxfetcher/70175f546a2fe45998c3178fa16c24edc173f9ec (0.00s)
    --- PASS: FuzzTxfetcher/7048711f74fe75cbf45af485adfb4b3c966ff23c (0.00s)
    --- PASS: FuzzTxfetcher/707db2358caf50bf865020cdc52567317a651870 (0.00s)
    --- PASS: FuzzTxfetcher/70ceae9ba80287af918a2605ac153558b570f4b1 (0.00s)
    --- PASS: FuzzTxfetcher/70ec14810cbb9024e38b79557be222b7dba0c375 (0.00s)
    --- PASS: FuzzTxfetcher/716f02f172d13286e31e929c881d2c0dc9a4efe3 (0.00s)
    --- PASS: FuzzTxfetcher/71a716aca5483f5282821c4e82b61fcd89731c1f (0.00s)
    --- PASS: FuzzTxfetcher/71aeff31c61f84cc9aed95a2c249f4d434f12b33 (0.00s)
    --- PASS: FuzzTxfetcher/71c4db8405d4590abaae832d55ab6f275ba32dfb (0.00s)
    --- PASS: FuzzTxfetcher/741feccb928044bb1eb2cfc98335882ffad1f34b (0.00s)
    --- PASS: FuzzTxfetcher/7605f9602a76b1af935723d537178ba841fdc695 (0.00s)
    --- PASS: FuzzTxfetcher/76ee8fa4fe2b2ab6a9895bca4ef4a3c0c833b12c (0.00s)
    --- PASS: FuzzTxfetcher/76fc1954a6f7b18ea4ba4bbfb8c53dee2c243fe9 (0.00s)
    --- PASS: FuzzTxfetcher/77986029831ff7e025359d4f37738ee2b746ba00 (0.00s)
    --- PASS: FuzzTxfetcher/779e40e90b187ae936e55ae00fc97f81d741f6e0 (0.00s)
    --- PASS: FuzzTxfetcher/780645a96ad86b87ba141acf0178b9ddc06a140d (0.00s)
    --- PASS: FuzzTxfetcher/786832a9f322766cdae2f543f97df8a78bb17b3c (0.00s)
    --- PASS: FuzzTxfetcher/79c46a16c181f53884369950a7d3aacf29b7608b (0.00s)
    --- PASS: FuzzTxfetcher/79f1e0ffea085f2c714ed6776819be2a6459251f (0.00s)
    --- PASS: FuzzTxfetcher/7c1fc11632e7219fd12421b282a25f0fe8a00bf3 (0.00s)
    --- PASS: FuzzTxfetcher/7d926e258a89d4f49c2b080793f7d9d449b50d20 (0.00s)
    --- PASS: FuzzTxfetcher/7dcbc0183847c21d06f4a49edb0559c01d4ad69e (0.00s)
    --- PASS: FuzzTxfetcher/7dd1057b928c29ed98697fc672b67785a1f8d70f (0.00s)
    --- PASS: FuzzTxfetcher/7f3b7bd352d856a2d2dc5819b4a51eb1215ad636 (0.00s)
    --- PASS: FuzzTxfetcher/7f816b6e6e979d827cb680cc88caebff6d6ea45e (0.00s)
    --- PASS: FuzzTxfetcher/803d0629f15d346f5d46e6c323e4ce6915a4dd84 (0.00s)
    --- PASS: FuzzTxfetcher/80fbc883bb35e72a299e8821bb01782df325d419 (0.00s)
    --- PASS: FuzzTxfetcher/8122fd6f7f43432b721ad6b93d9c145d93aac007 (0.00s)
    --- PASS: FuzzTxfetcher/82398eacacab86a8d0fa6ef3074f055b8795aad6 (0.00s)
    --- PASS: FuzzTxfetcher/845da65fc61d13667c95f659f3db54a61a8c3e38 (0.00s)
    --- PASS: FuzzTxfetcher/847622da8e20f4ae9939d2761a632719b0a636e7 (0.00s)
    --- PASS: FuzzTxfetcher/852a7b47e3f9d731be7f696145a7e19f770b5e8f (0.00s)
    --- PASS: FuzzTxfetcher/8559b0ad92b40aacb12487a62ab2b3415c524320 (0.00s)
    --- PASS: FuzzTxfetcher/8592451509bffa1033a08beb3c856efc018c08a1 (0.00s)
    --- PASS: FuzzTxfetcher/859f19c6610323af009b445ed1a93158ea324844 (0.00s)
    --- PASS: FuzzTxfetcher/85e3507b875c1b0b914c919ee604cac3124d051b (0.00s)
    --- PASS: FuzzTxfetcher/85fa8e087e5c0bb241265f37498d0e9065be507c (0.00s)
    --- PASS: FuzzTxfetcher/85fd304c44bb68cbf181ebc43061abcaa0567e68 (0.00s)
    --- PASS: FuzzTxfetcher/865ad3281bfcf6a20006de66fc6bcf117c67b263 (0.00s)
    --- PASS: FuzzTxfetcher/86b2272ee775f01cc639d6cd0881b6c4918adcda (0.00s)
    --- PASS: FuzzTxfetcher/870701088e02f3cffde6712619a766789d74656d (0.00s)
    --- PASS: FuzzTxfetcher/873afc040598235c98a456fbbb3a199b48fe57cb (0.00s)
    --- PASS: FuzzTxfetcher/877f6ba409ee44edfab47f97ce25aee0282ebb5a (0.00s)
    --- PASS: FuzzTxfetcher/8876b994f5194055c194a63246d7e625b6e530b2 (0.00s)
    --- PASS: FuzzTxfetcher/88ef90c404705563c5e4263234234412778e62ed (0.00s)
    --- PASS: FuzzTxfetcher/892f17ab657317341bb88ea110544e5f331f561b (0.00s)
    --- PASS: FuzzTxfetcher/89bae81fcd1268507afa096c805e7981c9425d2e (0.00s)
    --- PASS: FuzzTxfetcher/8a99b5a5f3123ed2e618646f8a71ae6a18daf4f0 (0.00s)
    --- PASS: FuzzTxfetcher/8b1e24c7954cf6c3c27dd58491d71db1df64ed05 (0.00s)
    --- PASS: FuzzTxfetcher/8b281617a10430e0892609714aabeab3b0d3ffd8 (0.00s)
    --- PASS: FuzzTxfetcher/8c48c89b00f0f086036f464cd48335db9ba69622 (0.00s)
    --- PASS: FuzzTxfetcher/8d6465fc341a721146d967add0c14eb8a8c8c2a9 (0.00s)
    --- PASS: FuzzTxfetcher/8dcd6420b525525b833e9907ee7c1237d268a8af (0.00s)
    --- PASS: FuzzTxfetcher/8e7378a51a79f55408ec5d5de94340fb32d8a42a (0.00s)
    --- PASS: FuzzTxfetcher/8e8e13b7711ebc7e26dfa409016a6d86cf4503ba (0.00s)
    --- PASS: FuzzTxfetcher/8ec3f8f8f420f0668251ffb1c8ad21d682701fda (0.00s)
    --- PASS: FuzzTxfetcher/8fa47227d28a913ca476ddfdfb92bf94041da215 (0.00s)
    --- PASS: FuzzTxfetcher/8fdbea5df05f78aaa0bfa673ff9ef1fc8479d2a7 (0.00s)
    --- PASS: FuzzTxfetcher/90444a8c68232e1e0635aa05428f3994cf372f9d (0.00s)
    --- PASS: FuzzTxfetcher/9069ca78e7450a285173431b3e52c5c25299e473 (0.00s)
    --- PASS: FuzzTxfetcher/909b0c179d1aab58bea8212339454f96a039d20b (0.00s)
    --- PASS: FuzzTxfetcher/917c321f7287adf61bcf6ce50b80c154055f851f (0.00s)
    --- PASS: FuzzTxfetcher/91b60d1e53b0951e8e982237cfae5a7df2e77bcd (0.00s)
    --- PASS: FuzzTxfetcher/920695be9e422dec8a02125fcf9d2ddadd20787c (0.00s)
    --- PASS: FuzzTxfetcher/92d57e1b54a4b51e2616095fd9d2806dcdd51641 (0.00s)
    --- PASS: FuzzTxfetcher/937dffeb9952521603c09b943b366c603b5a4dc6 (0.00s)
    --- PASS: FuzzTxfetcher/941376e4c3cb6c6dbfef878b3a77e609f4a9683a (0.00s)
    --- PASS: FuzzTxfetcher/9440f1a1a0bae730ddf9195498f03a4f14eac9e4 (0.00s)
    --- PASS: FuzzTxfetcher/949b0a7294e5e300bf0b9824d8c923837028dc81 (0.00s)
    --- PASS: FuzzTxfetcher/959b225eed54ad9102c5c011e8aee9fda5231759 (0.00s)
    --- PASS: FuzzTxfetcher/95d90fde1f80880b0eac4c5bf1466f45df679d4c (0.00s)
    --- PASS: FuzzTxfetcher/960e9ebd9166c98cad44da788dc48eedbb9085a6 (0.00s)
    --- PASS: FuzzTxfetcher/9824029ce0279934aa050b5d1f39e3cf1686266d (0.00s)
    --- PASS: FuzzTxfetcher/99c6fc730fd0d471ad8237580561cc13b531c02b (0.00s)
    --- PASS: FuzzTxfetcher/99fe71c56c46a0aca638891faaacb317fb50a116 (0.00s)
    --- PASS: FuzzTxfetcher/9a418c6c943b6f6362a837436b1003d855f9580c (0.00s)
    --- PASS: FuzzTxfetcher/9a8fd0f4766b54a24d9c57cd4a1d1e7efda62e5f (0.00s)
    --- PASS: FuzzTxfetcher/9b7a2c1cd89caaea8cee673c526543a33f920639 (0.00s)
    --- PASS: FuzzTxfetcher/9b940a9b3e6413c6c95fb0a12d39c71d894d3c3b (0.00s)
    --- PASS: FuzzTxfetcher/9cf246bd731bba143122f16ebd394abbfd9ef6fb (0.00s)
    --- PASS: FuzzTxfetcher/9d7521b628e0d5a3199d15c56e80e98b7301b239 (0.00s)
    --- PASS: FuzzTxfetcher/9d7b3b47e940fdfbedda72deb03a8de9222792fb (0.00s)
    --- PASS: FuzzTxfetcher/9d9599fa234de8a2e356f66103e9000188bbe291 (0.00s)
    --- PASS: FuzzTxfetcher/9dd51b940b502a8798476ff480d01838035ae05f (0.00s)
    --- PASS: FuzzTxfetcher/9de59683e1f2b756243c4c4d01a2f4669ee4e1f3 (0.00s)
    --- PASS: FuzzTxfetcher/9df02a450bb94f31f3ab3387c1165d0847da73f1 (0.00s)
    --- PASS: FuzzTxfetcher/9e670ab159be4a8a39ba19c1105a88af8c065313 (0.00s)
    --- PASS: FuzzTxfetcher/9ecc6962a03abad071d32585f820325c070c215b (0.00s)
    --- PASS: FuzzTxfetcher/9f04c6664ab91c1c3b717b5fe77a35f6e6366ddb (0.00s)
    --- PASS: FuzzTxfetcher/9f1a4a0538eabb066996639c9428f835cd4d1685 (0.00s)
    --- PASS: FuzzTxfetcher/9f9e768625f207cc57fe89781edeef4dc2ebc394 (0.00s)
    --- PASS: FuzzTxfetcher/9fe0b7770f1989cd72ae20b2606ddae989ad3417 (0.00s)
    --- PASS: FuzzTxfetcher/a096929d1c8c346c2fd6b798221a6e17073b1e68 (0.00s)
    --- PASS: FuzzTxfetcher/a0a01b24a0a1eaeb1dfbef29f9f6eb7ca71dd170 (0.00s)
    --- PASS: FuzzTxfetcher/a1574ad8700d508e10076b550c52d70596e330d4 (0.00s)
    --- PASS: FuzzTxfetcher/a17cc455947552f77fbd0e39c7b2993ae6622bf4 (0.00s)
    --- PASS: FuzzTxfetcher/a1e4371234875bf970f3b1f0b09f20204187d8e1 (0.00s)
    --- PASS: FuzzTxfetcher/a24ba62cf70f8ef07422baf5ed67cdb1fcde1f27 (0.00s)
    --- PASS: FuzzTxfetcher/a27ed24ec59f4f290348becffb900bb49ee2c1fd (0.00s)
    --- PASS: FuzzTxfetcher/a2be7d55c3dcea14b4f41ecb938a8080e96ece80 (0.00s)
    --- PASS: FuzzTxfetcher/a2f23a82ef1d97a0cc8432e4d230d230889ba354 (0.00s)
    --- PASS: FuzzTxfetcher/a31931703dd888c0a16490d7d9becec38501e453 (0.00s)
    --- PASS: FuzzTxfetcher/a3f5549b4c536526c7ac1e1f7a109e44b915a8d1 (0.00s)
    --- PASS: FuzzTxfetcher/a442bd03a2c7b02641ef359ed62be97b7933e103 (0.00s)
    --- PASS: FuzzTxfetcher/a4cdc1ab616845a4e30703f8f2c4ada414f05a66 (0.00s)
    --- PASS: FuzzTxfetcher/a4d7ed5872be23b554169a466a010e05ba8b4280 (0.00s)
    --- PASS: FuzzTxfetcher/a53570a1a58fcc1b2be3e7cf1b425746cbdda917 (0.00s)
    --- PASS: FuzzTxfetcher/a5610de786cc139189e62b4c205ef064cc6d0a99 (0.00s)
    --- PASS: FuzzTxfetcher/a78137fe5165adbb508bcde2b3536026cc183c69 (0.00s)
    --- PASS: FuzzTxfetcher/a79d70733533154ce2b4bcb88488cdf07161bc42 (0.00s)
    --- PASS: FuzzTxfetcher/a7a8285676b91d851591a1adeb30810e8310b898 (0.00s)
    --- PASS: FuzzTxfetcher/a7eac2a7a4d35bcbbe90db34ff5cbde17094717d (0.00s)
    --- PASS: FuzzTxfetcher/a8200341399cfa553e47bd7eafe6c9c0319db898 (0.00s)
    --- PASS: FuzzTxfetcher/a8ac00e031cb8f613a49b89419f6eb2d2602118e (0.00s)
    --- PASS: FuzzTxfetcher/a8cedf0c073889458a13b1775a75ed3f337d928e (0.00s)
    --- PASS: FuzzTxfetcher/a8df12a94d97947095b1a0c2cae2b275f3da9383 (0.00s)
    --- PASS: FuzzTxfetcher/a8e8c98962985d6b7e8417d077b3faba6232482c (0.00s)
    --- PASS: FuzzTxfetcher/a8e9f350d853c01f151aba1700ed9f124c044ab5 (0.00s)
    --- PASS: FuzzTxfetcher/aac9b857ff41ddef7e5e1f3c8e948bbf56c436ee (0.00s)
    --- PASS: FuzzTxfetcher/aae5a1f5c43cf16d92f767868a4c91d36247d062 (0.00s)
    --- PASS: FuzzTxfetcher/ac06c55f701feff4e01f1c594847ba9d554a55af (0.00s)
    --- PASS: FuzzTxfetcher/ac8a9659e425ede7b17430bae4ec2f09db16ff1e (0.00s)
    --- PASS: FuzzTxfetcher/ad14333bb15fde5e61c148d0ecf499ffce0c7533 (0.00s)
    --- PASS: FuzzTxfetcher/ad41564fe5dde7810c20e74b7315396836a9aae1 (0.00s)
    --- PASS: FuzzTxfetcher/ad925016381727b7ecdb38c4aa2b151afa6a59ae (0.00s)
    --- PASS: FuzzTxfetcher/ade13c5a60d9eef75bf8691a51efc3c4e7e0023a (0.00s)
    --- PASS: FuzzTxfetcher/ae054036139b40c3d6c18d1da155a09ded0debce (0.00s)
    --- PASS: FuzzTxfetcher/ae3fd89573de89a9f73044bb5c47c55c205853a7 (0.00s)
    --- PASS: FuzzTxfetcher/ae4bef5d3672a66580660cf7e2a0840b59685de0 (0.00s)
    --- PASS: FuzzTxfetcher/af214704064efe5fdd29dcdcbfad0421aac4ac26 (0.00s)
    --- PASS: FuzzTxfetcher/af862915136f71dbc2f70498390a277d8f1876b5 (0.00s)
    --- PASS: FuzzTxfetcher/b0a23f7c7f3c28ae4a4137c45bd5ec0ee437e7f7 (0.00s)
    --- PASS: FuzzTxfetcher/b12e4426bc3d1cbb13bc50fa8bb5f155d4155aca (0.00s)
    --- PASS: FuzzTxfetcher/b1749ccad663df8f181bfa93076f9bfd2f34d5b8 (0.00s)
    --- PASS: FuzzTxfetcher/b2468d09a55d78b48cf4be3aaf1216e542c48973 (0.00s)
    --- PASS: FuzzTxfetcher/b25f3390ce61b1cef98863b3bcd40deb1f881a20 (0.00s)
    --- PASS: FuzzTxfetcher/b2ce764b9b023bada3d7ea88c6b67e82dc8725ab (0.00s)
    --- PASS: FuzzTxfetcher/b2dc82832ac65386d9a87266567c321207b402f3 (0.00s)
    --- PASS: FuzzTxfetcher/b445c0d0bfb1427f9d7fbc2aae27cdaff1fc9abb (0.00s)
    --- PASS: FuzzTxfetcher/b505ad9dc3e2f8a45dca5347951078f787d42054 (0.00s)
    --- PASS: FuzzTxfetcher/b522f2074fe4855f910de411430662b982397452 (0.00s)
    --- PASS: FuzzTxfetcher/b716dba57142295932441e62085b12734e765f69 (0.00s)
    --- PASS: FuzzTxfetcher/b7cc52d3d9c84209702b22d551741ef5dba1242c (0.00s)
    --- PASS: FuzzTxfetcher/b7e7b01c67cef9edc93fc9b9359a1a2c2d1bf28c (0.00s)
    --- PASS: FuzzTxfetcher/b8978d7267a0c1197f50876e7a1665633c58981a (0.00s)
    --- PASS: FuzzTxfetcher/b8a431256334ac01d4a0f693dc5d4780a88bc281 (0.00s)
    --- PASS: FuzzTxfetcher/b91ae790b3eaade102b202ded194fe3b7394c9b6 (0.00s)
    --- PASS: FuzzTxfetcher/b94ec358ba7239ac192dd4aab9bb79836408cf09 (0.00s)
    --- PASS: FuzzTxfetcher/b9b8c4eb1217eeb6d0cfb4b0503b26073adb88d9 (0.00s)
    --- PASS: FuzzTxfetcher/ba907838dad7e67b4daab246700b9ceaaa853177 (0.00s)
    --- PASS: FuzzTxfetcher/baafb1247fbcc161fa0512a48c0aaee0553b74a4 (0.00s)
    --- PASS: FuzzTxfetcher/bc8962a9ceea86df8828972e4d544d8101426792 (0.00s)
    --- PASS: FuzzTxfetcher/bd14592a5d41353b81db6a84a95be0befa4b5814 (0.00s)
    --- PASS: FuzzTxfetcher/bdc94a04f42d8ed5d9c167e71468457b885a651a (0.00s)
    --- PASS: FuzzTxfetcher/bdfa7846e2819b018fe50085156074891ee901b0 (0.00s)
    --- PASS: FuzzTxfetcher/be6e81999d3b80eaeba1f4872e9d4dd21f91a7bd (0.00s)
    --- PASS: FuzzTxfetcher/becd7b8c9407b2337e416e27a23c46bfd8471f5a (0.00s)
    --- PASS: FuzzTxfetcher/bf372555d10170f9e34a47f059ff302f67fcf7e3 (0.00s)
    --- PASS: FuzzTxfetcher/c00272b09d9130ac79a08e6b70f0760d5b4630d5 (0.00s)
    --- PASS: FuzzTxfetcher/c0706f1270b53f6be9d447332eeece658a906b00 (0.00s)
    --- PASS: FuzzTxfetcher/c0edb0a2e9882e9da7e7bfe206ab6d0e6f574eb1 (0.00s)
    --- PASS: FuzzTxfetcher/c0fb1fb15c20f54cff476aaa0294e2b175aec983 (0.00s)
    --- PASS: FuzzTxfetcher/c1756548b1c979600d6c58b0d716474e75b8c4a0 (0.00s)
    --- PASS: FuzzTxfetcher/c1889909dde4d1c8c4985a0a2eefc0286635aa99 (0.00s)
    --- PASS: FuzzTxfetcher/c29747346d8691d72a7e241ef156d3cb61452a73 (0.00s)
    --- PASS: FuzzTxfetcher/c2b5fd2e5f14418319d6e122db245c3ef2b53521 (0.00s)
    --- PASS: FuzzTxfetcher/c2cd358347513dcee2ea3006893b43c05720d76d (0.00s)
    --- PASS: FuzzTxfetcher/c485c6c796b10e0ce9a7aa73803e52cb0f72da8e (0.00s)
    --- PASS: FuzzTxfetcher/c4c2bd8f7f1bd50ee55dac8357ca972bcf7ee620 (0.00s)
    --- PASS: FuzzTxfetcher/c4e121c5311ce19da82d1a8891eafc203064fce2 (0.00s)
    --- PASS: FuzzTxfetcher/c4f7379a71525fb732a9a6977e520a94eb7467b9 (0.00s)
    --- PASS: FuzzTxfetcher/c59dffbdb68badf0d25102fb59c55c6d844b1fde (0.00s)
    --- PASS: FuzzTxfetcher/c6132a6741f6af73ae06f514f2b921eab1de300a (0.00s)
    --- PASS: FuzzTxfetcher/c617757280c6c7da46e3b0b09350fc88ec3a7bab (0.00s)
    --- PASS: FuzzTxfetcher/c7124ed1138a82c4dd611ed87ec086d1a349dfb7 (0.00s)
    --- PASS: FuzzTxfetcher/c768562a46306fad30ad7b52510b16c7d7123b1b (0.00s)
    --- PASS: FuzzTxfetcher/c7eaafa89b98d66ea10d0689683650b9c609b91d (0.00s)
    --- PASS: FuzzTxfetcher/c93cf9a3822fcecb025e81a0ecfdd21caf5aaf8c (0.00s)
    --- PASS: FuzzTxfetcher/c9488116582c28e037ff046d70db9d42dcfd7706 (0.00s)
    --- PASS: FuzzTxfetcher/c99f2443dfdfaeaa6d39eeebabb346623507468a (0.00s)
    --- PASS: FuzzTxfetcher/c9bb0075ff096ef353e7ab1f2b3d3ca5801d5653 (0.00s)
    --- PASS: FuzzTxfetcher/ca19db28a9dfccfebd0c8adcf22af45110677b69 (0.00s)
    --- PASS: FuzzTxfetcher/ca62d71a0a42f7674ba946a0e841a0d487af9f0f (0.00s)
    --- PASS: FuzzTxfetcher/cab926af66d09a2d897f0b1c6d370a354e31684a (0.00s)
    --- PASS: FuzzTxfetcher/caf2d96dde93f50b26a6438b28f6e8e9e60fd827 (0.00s)
    --- PASS: FuzzTxfetcher/cb4a8db6ce5b17c2678a0aa8a97b6563aa9d77f3 (0.00s)
    --- PASS: FuzzTxfetcher/cb5bec7ea6fbbb0303cda73f3f0557b4a69a6b80 (0.00s)
    --- PASS: FuzzTxfetcher/cb9dab9661553a9feee2c00856f80af737c65224 (0.00s)
    --- PASS: FuzzTxfetcher/cbee8a7350153a9908d74f7c6783ddb6dba79df0 (0.00s)
    --- PASS: FuzzTxfetcher/cd57795ff44f8e46288e9ad329e9aeac30b9931f (0.00s)
    --- PASS: FuzzTxfetcher/ce56d7765114800fdae0bb18fea8546f07ab1b4f (0.00s)
    --- PASS: FuzzTxfetcher/cea89f56afcf32b5c2b5f335c4467503720729f4 (0.00s)
    --- PASS: FuzzTxfetcher/cf9dc19e0b523b3a770ed161a7944a9a65ee7407 (0.00s)
    --- PASS: FuzzTxfetcher/cfe04509581faa7a3c88059afd0cc051989c7231 (0.00s)
    --- PASS: FuzzTxfetcher/d08f88df745fa7950b104e4a707a31cfce7b5841 (0.00s)
    --- PASS: FuzzTxfetcher/d12a2b06b78306f66bab7b46b113745582bdcb61 (0.00s)
    --- PASS: FuzzTxfetcher/d2086f6d060921fcccc7d110da60805a919b5489 (0.00s)
    --- PASS: FuzzTxfetcher/d20cdae7da5d32f5f54b654ce86649d42b776044 (0.00s)
    --- PASS: FuzzTxfetcher/d277631ea7edae92dacee700baf22e0d1b4c5e28 (0.00s)
    --- PASS: FuzzTxfetcher/d422d56c4c25c80931b0b3379b869fa70ef0a4b7 (0.00s)
    --- PASS: FuzzTxfetcher/d4c1e56f12e05e52b782610b4901201bb03249e0 (0.00s)
    --- PASS: FuzzTxfetcher/d5c9581e2c84f0544f6f9fd1d8c922327d5e8f19 (0.00s)
    --- PASS: FuzzTxfetcher/d5d5228085d45b515eaed81ebf6ff40885bd34ee (0.00s)
    --- PASS: FuzzTxfetcher/d60dc6aee212bd5152efd82e1c36b8fa19a1b3d0 (0.00s)
    --- PASS: FuzzTxfetcher/d6ecbed83c6dedf2308f27bda00535e2b8029945 (0.00s)
    --- PASS: FuzzTxfetcher/d6f25ec6654112c2952796481b48b584b111234a (0.00s)
    --- PASS: FuzzTxfetcher/d7ceac588bd902a4e552cb42621dce850f10d2f6 (0.00s)
    --- PASS: FuzzTxfetcher/d7f7e32bd5e6ddbd4ec359ca10a5bdf7d1ac7664 (0.00s)
    --- PASS: FuzzTxfetcher/d880e7d1cde4f05c21361367c5bcee0aa312f279 (0.00s)
    --- PASS: FuzzTxfetcher/d89db447c60a23245451dcdc8dd3bc243ca345a4 (0.00s)
    --- PASS: FuzzTxfetcher/d9ea6892b169c6228547085f31d1edd8aa814832 (0.00s)
    --- PASS: FuzzTxfetcher/da1c48d112e800c493c4db8100c79c1dfcce033b (0.00s)
    --- PASS: FuzzTxfetcher/dab99663cc509354477a655e4786ad75950c97ca (0.00s)
    --- PASS: FuzzTxfetcher/db12aeff4b2199b604e0f8d4fd379c7e82fda748 (0.00s)
    --- PASS: FuzzTxfetcher/db454f91ab0b3da1de06a1c01d95773fd93b332b (0.00s)
    --- PASS: FuzzTxfetcher/db840089aac2886d707d74c0736c80b981a33837 (0.00s)
    --- PASS: FuzzTxfetcher/dbb03babc149303a016d45b936f3e5ea0ffb53ac (0.00s)
    --- PASS: FuzzTxfetcher/dbd2733632a6c117cd807b7f730f1643bb3cdd0f (0.00s)
    --- PASS: FuzzTxfetcher/dbf8adb6f3e49b54eebf1afcc396494514a31838 (0.00s)
    --- PASS: FuzzTxfetcher/dc734c6da10ebd428090bb2ff01597b9add262c3 (0.00s)
    --- PASS: FuzzTxfetcher/dca32eaae9ed89aeb606594cdcf3adf95b337bc4 (0.00s)
    --- PASS: FuzzTxfetcher/dcca4fdd6dc4d098642490b3c0c4795a05405800 (0.00s)
    --- PASS: FuzzTxfetcher/dd6961c75f39f0a5bc6aff7b56dd2721cac0d2d1 (0.00s)
    --- PASS: FuzzTxfetcher/de8ba808bfe879677f32545d8c17b2edf86b30a4 (0.00s)
    --- PASS: FuzzTxfetcher/dea8e1cb6969fcc8b457c5186e04c542340ac645 (0.00s)
    --- PASS: FuzzTxfetcher/e033045362a0a1f87294b2385396dc97a84ea110 (0.00s)
    --- PASS: FuzzTxfetcher/e0acc006ccbd5842cee21a6f66b570c955c49f12 (0.00s)
    --- PASS: FuzzTxfetcher/e11abe6223c1757c8b7ce0ede136c859db0b0766 (0.00s)
    --- PASS: FuzzTxfetcher/e23ad1b5684e78832258dcc27438f7b19ce8ed6b (0.00s)
    --- PASS: FuzzTxfetcher/e250d31fb924d35243aa0299c26dc1443826c121 (0.00s)
    --- PASS: FuzzTxfetcher/e2d11629ab8b39f8575be13f5239b3d8a150c8fc (0.00s)
    --- PASS: FuzzTxfetcher/e2e12633c9b5b1d3f85d3ee2dbb9a9d45a20ba3b (0.00s)
    --- PASS: FuzzTxfetcher/e35b7904d2dc9ae5d8fb7f5b62931516ca1889f0 (0.00s)
    --- PASS: FuzzTxfetcher/e38d6970db52e87fdf1ee2d336450769cd808e6b (0.00s)
    --- PASS: FuzzTxfetcher/e3e3e8091b7827f38600c572d635bf635aef1446 (0.00s)
    --- PASS: FuzzTxfetcher/e3e70582b07b2a3f523b0c62279e838ab897ff3a (0.00s)
    --- PASS: FuzzTxfetcher/e5056dac0845f5ced14b746c19b793aa46be578f (0.00s)
    --- PASS: FuzzTxfetcher/e5142f64ba4fdea06df0e5492a04b16e53e8e105 (0.00s)
    --- PASS: FuzzTxfetcher/e64b7f92bd08af5b4b478c646b1eb5b465a13fbd (0.00s)
    --- PASS: FuzzTxfetcher/e6967e4b74160f98e277931d68c4753873f06a5a (0.00s)
    --- PASS: FuzzTxfetcher/e6cd8b6a9f755da93921b38921a5827fb07d0935 (0.00s)
    --- PASS: FuzzTxfetcher/e7914925075de3c8d8fdaa8369b4aff7c17fb67a (0.00s)
    --- PASS: FuzzTxfetcher/e7ba76080b4d7013a8e42ccc475760d53214c514 (0.00s)
    --- PASS: FuzzTxfetcher/e7d2ca46eec446ea2153e1184e7bbc2686c021c0 (0.00s)
    --- PASS: FuzzTxfetcher/e804300cf810aac1af4b35dad672b7f03f2f34fa (0.00s)
    --- PASS: FuzzTxfetcher/e8188ff7c6f9466cf315dddd9cedc4dc6d1eaf67 (0.00s)
    --- PASS: FuzzTxfetcher/ead6f28f6eed30eeb234733dac83baae09e2cd65 (0.00s)
    --- PASS: FuzzTxfetcher/eb13f6680074080f9ee68cb50ff940e653148f11 (0.00s)
    --- PASS: FuzzTxfetcher/eb3a99069c495b4775810a0ab577ace9356c35ae (0.00s)
    --- PASS: FuzzTxfetcher/ebcdcb7effcc3f06e0d503638ac621de877fc554 (0.00s)
    --- PASS: FuzzTxfetcher/eef1ecb60235cf83b5d43d4de67ea6e41361bbbd (0.00s)
    --- PASS: FuzzTxfetcher/f0b071eb1410c86ab4a90386dff768cc220c80c2 (0.00s)
    --- PASS: FuzzTxfetcher/f0f3990c23029c955fd0edc50846a08e82b8572c (0.00s)
    --- PASS: FuzzTxfetcher/f1038c0592f150e8f2cb99a17de84366ae1c4e37 (0.00s)
    --- PASS: FuzzTxfetcher/f26533ae0335d9cef571523bd2fc9fb9980bbe1a (0.00s)
    --- PASS: FuzzTxfetcher/f376f7b28f7e5ad283afd24c0022446c739a705e (0.00s)
    --- PASS: FuzzTxfetcher/f38d877cd46f316a730eb2b6542fcd90bc69b27f (0.00s)
    --- PASS: FuzzTxfetcher/f4426fc90f0176694bca2891af28ee1803593e28 (0.00s)
    --- PASS: FuzzTxfetcher/f465c6a8fca6866a26fa6dc417446255866a8bfb (0.00s)
    --- PASS: FuzzTxfetcher/f5c8f651cb14830ffdc0bad26fa108c3ab735202 (0.00s)
    --- PASS: FuzzTxfetcher/f5f3f1f856d6bd3685fb92dc4032872bc46d8b35 (0.00s)
    --- PASS: FuzzTxfetcher/f6c571164fb21ac9035bc90add322ba4655d08ec (0.00s)
    --- PASS: FuzzTxfetcher/f73e47fdb9c197d3a99bba97031e745b28605d26 (0.00s)
    --- PASS: FuzzTxfetcher/f76e25f5bff68d2d2c59c01a92e0fc3ff60f5ff7 (0.00s)
    --- PASS: FuzzTxfetcher/f7754fb156f1b07487bc64b15d169f975ebecd40 (0.00s)
    --- PASS: FuzzTxfetcher/f81bea1f96db29e4f65155333f1a55a08038ece1 (0.00s)
    --- PASS: FuzzTxfetcher/f8b541409f6064e951539aeae4e5d77bb9d64448 (0.00s)
    --- PASS: FuzzTxfetcher/f9d46c864e5b553dee2d9d794891d8e9c8b6d842 (0.00s)
    --- PASS: FuzzTxfetcher/fa8bad5374b2eed39f9d6f1449672c03b08bb238 (0.00s)
    --- PASS: FuzzTxfetcher/faa0a5b4443f68a6076631110fe7f4f623d956a5 (0.00s)
    --- PASS: FuzzTxfetcher/fc6f1ad0eb34cf641729f2172a0a85549d85a979 (0.00s)
    --- PASS: FuzzTxfetcher/fce3bfdffccb0f5ba9842ccd67736259a16225d5 (0.00s)
    --- PASS: FuzzTxfetcher/fd12aee4fe5bdb5f99c08365e2ef9cd664f78b31 (0.00s)
    --- PASS: FuzzTxfetcher/fd1b53a0115c577bcaaf4252801ec7c3fc7b3897 (0.00s)
    --- PASS: FuzzTxfetcher/fd25324884cca6945f65cc4a6e7a74311ea3e517 (0.00s)
    --- PASS: FuzzTxfetcher/fd36c39097d58cb1859289f13b6676bff6911f36 (0.00s)
    --- PASS: FuzzTxfetcher/fd6c62d93edff09134f8112c47ab86a8d917829b (0.00s)
    --- PASS: FuzzTxfetcher/fd873932fb45aa7dcc3fa86179074e68a42c7d76 (0.00s)
    --- PASS: FuzzTxfetcher/fdb564e4fbec5fbb8847166897472d47bec484c5 (0.00s)
    --- PASS: FuzzTxfetcher/fdf84d83f0845ba21c2fc4325e1ccea54b02a731 (0.00s)
    --- PASS: FuzzTxfetcher/fedfc997d6c3eae4cd845a8f5937e7dd4c8cd3a2 (0.00s)
    --- PASS: FuzzTxfetcher/fef15022769153378c998f76d4c750841ae7d11c (0.00s)
    --- PASS: FuzzTxfetcher/ff6c2c63e7f6b26c2a65f1a0b9f0c2c20999c28b (0.00s)
PASS
coverage: 89.8% of statements
ok  	github.com/morph-l2/go-ethereum/tests/fuzzers/txfetcher	0.196s	coverage: 89.8% of statements
