=== RUN   FuzzVfluxClientPool
=== RUN   FuzzVfluxClientPool/0051fe208c849ade3450357c0e718561d5984fc4
=== RUN   FuzzVfluxClientPool/00657c6dbe36ab50d91b93e171d940f76df8e650
=== RUN   FuzzVfluxClientPool/008b3636c50a3ba6aafdcb2167c7d2276b0d211a
=== RUN   FuzzVfluxClientPool/00fb7ff52e1170178c11c1faa7b6d95cc732ee4b
=== RUN   FuzzVfluxClientPool/020796dd3172879d549210842e30fad9968c383f
=== RUN   FuzzVfluxClientPool/0304f651c345c6a74b08c7e83d3a06d91ea4932f
=== RUN   FuzzVfluxClientPool/03e89f5b88a2a0d7d078307ec5ef1afbea8e5207
=== RUN   FuzzVfluxClientPool/046ea0a76e5dab62bbdfddb29317d3ec776de7a5
=== RUN   FuzzVfluxClientPool/055007d0f7611fd131d88d07972cf847a50b05c9
=== RUN   FuzzVfluxClientPool/0579afea19e325ba70e8b3e34f60f3821d6f6760
=== RUN   FuzzVfluxClientPool/05cf58d245f30f0d800172173f1dbcfd3184aad8
=== RUN   FuzzVfluxClientPool/068649605966b550bcf442d26680ef22114b355e
=== RUN   FuzzVfluxClientPool/070fcd5b324e3560c989208331421a2d6bb71e39
=== RUN   FuzzVfluxClientPool/078e74f8f30c39e8894ad178bd7a411e2963e3ca
=== RUN   FuzzVfluxClientPool/0835348aaf98a024fd417d5f66f51e7e5dfdb338
=== RUN   FuzzVfluxClientPool/095e03e6a1afbde38a98d791ca6eeaff1fbcdbf0
=== RUN   FuzzVfluxClientPool/0973abe79922623bce6e4b3ed0545d8abe5226b1
=== RUN   FuzzVfluxClientPool/0b08ffa2dfb46b29221772467f41a6b95d4e04b2
=== RUN   FuzzVfluxClientPool/0c06ca5b109f979787f3a39a275b37b4c9bb765a
=== RUN   FuzzVfluxClientPool/0cd588956996e477813ee6487ce0ad25918ece34
=== RUN   FuzzVfluxClientPool/0d4f4cf1ef1ade8ff72eafc9af219a3af12983f4
=== RUN   FuzzVfluxClientPool/0dca1a147833da0342dfe722276cb88b743aae0c
=== RUN   FuzzVfluxClientPool/0e4bb0496f804a9f54a84a9209b4137d19c5bab9
=== RUN   FuzzVfluxClientPool/0ebc0a737c21ba0980522c83c1c512092d1bc64d
=== RUN   FuzzVfluxClientPool/0f9e9dfb80d5fc4086fc7e83bf12e1bc62943712
=== RUN   FuzzVfluxClientPool/108dffc2af5adf7c04f9b18e63cda22e4ffb1c48
=== RUN   FuzzVfluxClientPool/10dd0193fdc60bf948d39c8bff9aee1994bb42bb
=== RUN   FuzzVfluxClientPool/1178454df3f76538b5acebc1aceb315b0a18eeaa
=== RUN   FuzzVfluxClientPool/118e4ba550cb52b04944aa50595620beeb2630a9
=== RUN   FuzzVfluxClientPool/138c4c5b414f78eee27ef1df0cf9f83902a8448f
=== RUN   FuzzVfluxClientPool/146d67f78fd414ed2455c7e9e707f64d4e1e858a
=== RUN   FuzzVfluxClientPool/14725c0402198faedb6e1007082221c13e2354db
=== RUN   FuzzVfluxClientPool/148d391f838d0519981f90d5409a42bfa5f70643
=== RUN   FuzzVfluxClientPool/1516f0097c2f53aa5ee102ddd9fa99e512faeea4
=== RUN   FuzzVfluxClientPool/154c34838335a35b77917565fa49d5a0b2f4c5be
=== RUN   FuzzVfluxClientPool/15d4febb901ba51aa556b2b6d30558d5f2e089f7
=== RUN   FuzzVfluxClientPool/1662954ae34463e74091d0900506cafffae919ae
=== RUN   FuzzVfluxClientPool/174afad1f5dbd8640a2f305fd13b20e90a4a3e16
=== RUN   FuzzVfluxClientPool/1794809730273c57a5fec2e066e00b30f294a16a
=== RUN   FuzzVfluxClientPool/17cb734044b261973484ef3f07b7a9b9b30ebe85
=== RUN   FuzzVfluxClientPool/18199405915cab22c7e90bf6acf29eb1688576e6
=== RUN   FuzzVfluxClientPool/184e6c96642b4c13191bc75ba926cd5f13572155
=== RUN   FuzzVfluxClientPool/18917b4c731095c03ab6fc35cd2b94ad754e6a04
=== RUN   FuzzVfluxClientPool/18d3834c7342a173414ddfc0a93bc6832beb8571
=== RUN   FuzzVfluxClientPool/199c277a858a1f02ca1da3731ae904c793493e8e
=== RUN   FuzzVfluxClientPool/19e27789b165d7cafadf1f88298cbddd174c6849
=== RUN   FuzzVfluxClientPool/1a1750e666c4babe11177c2eb9808f48ae68a5a5
=== RUN   FuzzVfluxClientPool/1a1f1e94e75427ed7723b346e64816fa683a48f8
=== RUN   FuzzVfluxClientPool/1aa2b1ec779ddde7cfac6b03fb315558eda65f4f
=== RUN   FuzzVfluxClientPool/1acf2e360b1a8e0e7b333f7925679a674c08240b
=== RUN   FuzzVfluxClientPool/1b007d9f6d9ae654f2a02d4d0c63194b1d1e9f92
=== RUN   FuzzVfluxClientPool/1b9d742ad1541b5126fbad2d26cac6eab0f5548c
=== RUN   FuzzVfluxClientPool/1c17fe3e7b2c72ff2f74132c6da8a6721e941576
=== RUN   FuzzVfluxClientPool/1c6ca3563afe3f3c9e7c18798a1c71df17b756fb
=== RUN   FuzzVfluxClientPool/1d202b07879d94b1c9427afe2ec895efb4c9feb6
=== RUN   FuzzVfluxClientPool/1dc019b32a9ed2628bb76a2748ccb9ee78fa7b93
=== RUN   FuzzVfluxClientPool/1dce2b037eaea416790a32b60a02e7a75b473eb1
=== RUN   FuzzVfluxClientPool/1dd4f9f6c1ae29dcd8414089955156238a2055be
=== RUN   FuzzVfluxClientPool/1eb0d8de5dfa83c4227864923cdb4433fcab25b7
=== RUN   FuzzVfluxClientPool/1fcf25254ff4765e734f29b435a301079839edcb
=== RUN   FuzzVfluxClientPool/1ff889e39092b71e8bf157fda12410596bbd2d22
=== RUN   FuzzVfluxClientPool/200cbea3aca9024a104320065b5bf795ff967288
=== RUN   FuzzVfluxClientPool/200fb4890d7ea1c6b31fbe537ba331f3746b5267
=== RUN   FuzzVfluxClientPool/2136a8081d2bcafd300a22c8958069ad52d2822e
=== RUN   FuzzVfluxClientPool/21539c2ccde0d9710e6ebad13ddef36de6c78e9e
=== RUN   FuzzVfluxClientPool/21631962841348a1ebe2fa8fa7a1588ed42d0a25
=== RUN   FuzzVfluxClientPool/21a197a3e2c99af3bf49a0ebee53b914ca7b00ca
=== RUN   FuzzVfluxClientPool/21e317f237ca33736acd9a3b842356ccb23c54b2
=== RUN   FuzzVfluxClientPool/21fa45ba4a4ac8688d085a570cdda8c3b10d34b5
=== RUN   FuzzVfluxClientPool/2242239366534e12dee0b830d389c46a9705090b
=== RUN   FuzzVfluxClientPool/230a816e07bcc65e313997c0cd56ff2bcb3c3a74
=== RUN   FuzzVfluxClientPool/2422d72ef002536a62acf075d4c997a8e184cc0a
=== RUN   FuzzVfluxClientPool/24910dc7fb9ae507218abe9f5ae54ecbd3f62208
=== RUN   FuzzVfluxClientPool/24cd320f0b3c305c85c4ec26930a5156c0346f75
=== RUN   FuzzVfluxClientPool/24f99b0d6ce82e87f00899c6ba7a95f85cc2d80b
=== RUN   FuzzVfluxClientPool/253ea9e86621bead885bb0bcfa9057870fd767c8
=== RUN   FuzzVfluxClientPool/25a9aaa994c20dc6cbcfe738d4c3b8bf6507ac8b
=== RUN   FuzzVfluxClientPool/2607f5b4ec5b179d93ac1ee2c4e099963e633ee4
=== RUN   FuzzVfluxClientPool/29c3ba1af3284d02dbebe3a9b9f247379b59a629
=== RUN   FuzzVfluxClientPool/29ea859344357b76cb7d47aa770dbb8e86353548
=== RUN   FuzzVfluxClientPool/2a5a204fc134f780c411ba499eb260c37226dc5a
=== RUN   FuzzVfluxClientPool/2b54d4f263777e8c558a4a694f219ef7d2100d8d
=== RUN   FuzzVfluxClientPool/2b930c2a3d25a2c20571b387107e310cd200e7bd
=== RUN   FuzzVfluxClientPool/2ba190f5dc886c0edd7cf371fc4113a3c1b52acb
=== RUN   FuzzVfluxClientPool/2bdec4f0c4d02cf91484aeb77aa3c478da83011f
=== RUN   FuzzVfluxClientPool/2bdf91265c5689e3391faed9a4725c865092ac89
=== RUN   FuzzVfluxClientPool/2c1c223ce672da8294e02325d2b19a76739a4585
=== RUN   FuzzVfluxClientPool/2c6c71bae355979fbaf44c59d6a290cb6f49379f
=== RUN   FuzzVfluxClientPool/2c6e9c588c3716e2d6d7ecf07e789c22a08bdfd4
=== RUN   FuzzVfluxClientPool/2d13bbcad1243aa85cc84c9f341682a546d6cc74
=== RUN   FuzzVfluxClientPool/2dbbad292f67438addc0276b3d7dd92ed5c19a15
=== RUN   FuzzVfluxClientPool/2eca246685078166a82df61ab3c840ae4bd22004
=== RUN   FuzzVfluxClientPool/30ba2fa11a0106b8c121365bac5f12b9a41719d7
=== RUN   FuzzVfluxClientPool/31c374d3172840d199005ea4e9dc3958eeb7bb4e
=== RUN   FuzzVfluxClientPool/32a6cf4a3ffe26abbe90ccc1a80ba83a0e1ba428
=== RUN   FuzzVfluxClientPool/33111ae17acfd8000f0dc008a689b4e6a6cd16eb
=== RUN   FuzzVfluxClientPool/3327bcc37c17cc0773d0b0fcd0747f402c35d5ae
=== RUN   FuzzVfluxClientPool/33e9d1c2da20578cf60aec488afdff759aef82d4
=== RUN   FuzzVfluxClientPool/3432c5e2930bf10b9a1f1cc5f6fcc8d46c8420c9
=== RUN   FuzzVfluxClientPool/34386e8aa2a4f66188abab533db1c804d561084a
=== RUN   FuzzVfluxClientPool/352f11f0d2436ad06fd9d8cf2de1174da032434f
=== RUN   FuzzVfluxClientPool/3560a3d98efc1649513e9d773b9759e0372b7bb3
=== RUN   FuzzVfluxClientPool/35ff5127590f0317a618da9a139e3ca0c3803949
=== RUN   FuzzVfluxClientPool/36b6d86cd2162bc7b345ef1e9fedf3e4a36d27ec
=== RUN   FuzzVfluxClientPool/373ecaf40c8e5d5659ff30d7d74754de150aaa40
=== RUN   FuzzVfluxClientPool/37804cf737a9cfd772d16523afd4f9837e6a25a2
=== RUN   FuzzVfluxClientPool/3856451eac19234efd6d0ecd329121d58ce070d5
=== RUN   FuzzVfluxClientPool/385abe45ec35a55f17b2e3ee2c860dfab098d816
=== RUN   FuzzVfluxClientPool/39525b545d705272adabb307c35407ed6e365ede
=== RUN   FuzzVfluxClientPool/3a862eb170ba3825f3a5ab7ab88cbf512494147e
=== RUN   FuzzVfluxClientPool/3b39589e13c3f2df53b49e77e482cafa072e30c0
=== RUN   FuzzVfluxClientPool/3b9c1b57f637f9cd85a6b80e513b3d09442567dc
=== RUN   FuzzVfluxClientPool/3e3633bd7d40e8a9de2536aa04952b4ccdd762f9
=== RUN   FuzzVfluxClientPool/3e7d4f67fe5de9542ff7e891b1ed257ef251e69e
=== RUN   FuzzVfluxClientPool/3e86fefa82d973202205f0cc4b5b01099519edb3
=== RUN   FuzzVfluxClientPool/3f46bdfb54c877c6b5ca44030cd5003ab8090b50
=== RUN   FuzzVfluxClientPool/403b8749d620fb4a0f93b1f201669cfe033de7e6
=== RUN   FuzzVfluxClientPool/409b9d95078ade9b054d10febe4b3b41ea64e67d
=== RUN   FuzzVfluxClientPool/40f410d7c91420f07a70c8f60ba7f92a45d1b18b
=== RUN   FuzzVfluxClientPool/40faab1593b9a92d8b50bc9d7cec363d59d02a08
=== RUN   FuzzVfluxClientPool/41b6acf4aa978658c84dc69ac3eed746b2b3e86c
=== RUN   FuzzVfluxClientPool/421a2aafab785c92d69f0a52351c00412221d439
=== RUN   FuzzVfluxClientPool/4231bf2ed6724216a849e8df8dfbf6937792d0a8
=== RUN   FuzzVfluxClientPool/42f9a2b443ac30cc5d272fcc219bc0d9640c2115
=== RUN   FuzzVfluxClientPool/432253662be67b06a858845dd88f4e4403246a10
=== RUN   FuzzVfluxClientPool/4358dad3e704f3fbc0b4ec34ce0bc7b286c54f88
=== RUN   FuzzVfluxClientPool/436d37b5eaf264a29b0386990aca0fc8abe8b688
=== RUN   FuzzVfluxClientPool/43a9c825dc08cfd6401ee37a0031f02803e03e6b
=== RUN   FuzzVfluxClientPool/43d3a6c14cbccb807519b52049f8834ae1fc6da9
=== RUN   FuzzVfluxClientPool/4408c3ce75fe1a054fef9eaf70f77645e37da510
=== RUN   FuzzVfluxClientPool/446933d8d330be40d35f1ccea7882fc040deae17
=== RUN   FuzzVfluxClientPool/449258ef5177a460ba7bb178972048e243af1e8b
=== RUN   FuzzVfluxClientPool/44e61743f5d5fa6a8e0c91896b2526c2228d7324
=== RUN   FuzzVfluxClientPool/44f56ccb6cd47bbee38428aedc87a8672c303156
=== RUN   FuzzVfluxClientPool/4661a081417b9b6825d079f22760b447bf696f78
=== RUN   FuzzVfluxClientPool/46aa877753f1a2eda3b106267ac6f66ae4a18726
=== RUN   FuzzVfluxClientPool/470c5cb075467ee6d7c617f9fea09510ddb5bd3d
=== RUN   FuzzVfluxClientPool/47fef1174b92873cdbfbd3b46900d402a934e471
=== RUN   FuzzVfluxClientPool/48ab68735d8d1aa0a24fb588370780a0188d35fa
=== RUN   FuzzVfluxClientPool/4911fe5a675297b3989eee4ea1f493bdb362e164
=== RUN   FuzzVfluxClientPool/4929174fc5eaf3fa85f1971f21e88ad2354df7bc
=== RUN   FuzzVfluxClientPool/4938a3c33eab393aa7e098ea74e262ddc9fea5ca
=== RUN   FuzzVfluxClientPool/4968dee971dcd5b5474001ea14c1c8977e4636e6
=== RUN   FuzzVfluxClientPool/4989eea4ade7e6b3bdfd914a998f897f36ed72e1
=== RUN   FuzzVfluxClientPool/49d5a8f0c0726163937a54b610cb25fb318e05eb
=== RUN   FuzzVfluxClientPool/4ae28aaf8b0bd3cd7d79e4f9ec604da1d8c06170
=== RUN   FuzzVfluxClientPool/4b4c8c8f1dceb3a8a7c2c80601d74dff7c66b6aa
=== RUN   FuzzVfluxClientPool/4b7dddf4650eb37bcafe6ef3d9c315975b8f351f
=== RUN   FuzzVfluxClientPool/4c6f4e19ca3c6da9878b6783bfe05be01c66ba81
=== RUN   FuzzVfluxClientPool/4ca51928cff6811f392873d93d7ad2879c7ba956
=== RUN   FuzzVfluxClientPool/4cd6bf294bf9c317a767ec9937c34e4eb0a73af2
=== RUN   FuzzVfluxClientPool/4d3eccfada15b1cdb4ba9021d5c6a82df36ce94b
=== RUN   FuzzVfluxClientPool/4ddbf33673bf5369d74c24ff8cbeb8c6ae9b5eb8
=== RUN   FuzzVfluxClientPool/4e3405887b472fd1213e035c4e292663c7f738de
=== RUN   FuzzVfluxClientPool/4f88c7b0eaed1f70ff41d39aa5548ff22928de83
=== RUN   FuzzVfluxClientPool/4fac95d2f7a24815dda73bda6ffec697026a39c8
=== RUN   FuzzVfluxClientPool/507c0dd22664d5c610e21a9a33af32e2dae555da
=== RUN   FuzzVfluxClientPool/508a2ebd1cfaa43d3efcb5aa0cb0916b003c7ea2
=== RUN   FuzzVfluxClientPool/50d49b4b018b72ea8e8cbf918a26976f55dfe289
=== RUN   FuzzVfluxClientPool/51a48ea61b9cf369e397a652881ef457da988440
=== RUN   FuzzVfluxClientPool/51d5212fea6c4d0976165d4a5a480f31ab87c1db
=== RUN   FuzzVfluxClientPool/53e4bbd7c81dd9a03cb33df369f645c4cec5ad40
=== RUN   FuzzVfluxClientPool/546ce239dce3356cdcc41048e46899191b6c261b
=== RUN   FuzzVfluxClientPool/54aa281687878db8e2fa861b4dd7916472814f3d
=== RUN   FuzzVfluxClientPool/553b1fb0e814d6dc701035b74cdf13d4073ee247
=== RUN   FuzzVfluxClientPool/56301abd63630699a2196e2bf6a8adb5c706901b
=== RUN   FuzzVfluxClientPool/56568314420c7bc94846c5c598e6660b4933922e
=== RUN   FuzzVfluxClientPool/5663093852202aadaea6d5c7e60aac23301ad25c
=== RUN   FuzzVfluxClientPool/57510643c2a27cec9710b2238f9b273c1e51e703
=== RUN   FuzzVfluxClientPool/5877766299dd31ce60c9642177529b92493361f8
=== RUN   FuzzVfluxClientPool/587fff7e33f5aaebf0b6c17d28d88914a6429c14
=== RUN   FuzzVfluxClientPool/58af981514472806b2fdd06a29c40683642eabaf
=== RUN   FuzzVfluxClientPool/59ef5b266f57ab486e84a1f606f9dc32ce33de52
=== RUN   FuzzVfluxClientPool/5a7529a34f33646c1e47f1aab0b0e94ea6393b04
=== RUN   FuzzVfluxClientPool/5ac01d6e6fae96b7ae523412b5a311d0ddafcf9e
=== RUN   FuzzVfluxClientPool/5d774ed134eb70d7376a35dbb4993fc3d7fb6f20
=== RUN   FuzzVfluxClientPool/5de363f168398ae5ba70696aa462a0e6be82a9a2
=== RUN   FuzzVfluxClientPool/5f1de35901925ae57b9012c5dfd280a1f9699643
=== RUN   FuzzVfluxClientPool/5f7ca15765c73b575b08c7cdedcb520862e67047
=== RUN   FuzzVfluxClientPool/6043347d21ca3d2a9c0a4e7e56589e404332eff5
=== RUN   FuzzVfluxClientPool/60e18d9539ddeccbf7debcd64a088a5b74ec0799
=== RUN   FuzzVfluxClientPool/6126e47c87721de0d064ae573f432e5663579126
=== RUN   FuzzVfluxClientPool/622417020085758e76528a99805aad60d936878c
=== RUN   FuzzVfluxClientPool/62bd48df1473c0cb1d17e0ba01eb8c93f15597ca
=== RUN   FuzzVfluxClientPool/62ef7e093fc1c9dcedae8cc1b9d6fb4736c16969
=== RUN   FuzzVfluxClientPool/64a5853bd426d40e7591d77b1403c697870e770a
=== RUN   FuzzVfluxClientPool/64cec2884b4353ff44d230df55720dab1ac55dbb
=== RUN   FuzzVfluxClientPool/65d32cc0f474dfdca75dc4e7c1ce1c6ab96c0d74
=== RUN   FuzzVfluxClientPool/663d22a6d26fe6f771f0efe1346abeed251509ae
=== RUN   FuzzVfluxClientPool/67e4ccc62efaa7167bda9e8c313ac41648386919
=== RUN   FuzzVfluxClientPool/67f7239c562964dcff6ca635d869ac6bff638464
=== RUN   FuzzVfluxClientPool/6a6b6242ac250d09b4e5b6b5f43985b57ac7a531
=== RUN   FuzzVfluxClientPool/6ab65265892967227319c912861a012b83e3da94
=== RUN   FuzzVfluxClientPool/6b2739457d8b42b075905048912cef4693fd03ac
=== RUN   FuzzVfluxClientPool/6bb8839ed575870e062c06cfb6dd1d2507942af1
=== RUN   FuzzVfluxClientPool/6c53d4175005f60fba4a1f5528deeca82fe6de89
=== RUN   FuzzVfluxClientPool/6d04433b4fde27726aa0e7e4c3b7b1ee0fa05c81
=== RUN   FuzzVfluxClientPool/6d4bb275cee07fd519f253784cf2b7cf01fb2c65
=== RUN   FuzzVfluxClientPool/6e471d65a7d3ad2ae751f708416c2a52a424516b
=== RUN   FuzzVfluxClientPool/6e4a398c36ee9124ffc108ab53e82769e74c93f6
=== RUN   FuzzVfluxClientPool/6e884e0f79777cba3efd85a0761e5a6166d0f809
=== RUN   FuzzVfluxClientPool/6f24a8ba1cd516ae8f1664be6b5b78fb923d088d
=== RUN   FuzzVfluxClientPool/6f3b7d48b9f08c663995c1534e17f151da52975a
=== RUN   FuzzVfluxClientPool/6f4c2cfabe8c5a24b25a7c82e47881747bb332af
=== RUN   FuzzVfluxClientPool/6f5e27f101bf9829d6257ebab5db65890c460bb2
=== RUN   FuzzVfluxClientPool/6f7b84ea344b4898ca346c694b8cae3376a6ef38
=== RUN   FuzzVfluxClientPool/6fa8fb13a532a4e3846af45a0e130c1f41e41d18
=== RUN   FuzzVfluxClientPool/71259ce961e33588962883e6ed5013b54a532c1a
=== RUN   FuzzVfluxClientPool/7133084eb3fb172c64c894243ff89d6672aa96c8
=== RUN   FuzzVfluxClientPool/71853c6197a6a7f222db0f1978c7cb232b87c5ee
=== RUN   FuzzVfluxClientPool/7213c5651bf773821dcaa13fbcd57c83b3e1de6d
=== RUN   FuzzVfluxClientPool/732b4e37799c2184425b4fc82e75cc8141142327
=== RUN   FuzzVfluxClientPool/733d8a2f7382007dee471ab3a86510776025bf15
=== RUN   FuzzVfluxClientPool/736807af64b797b7ed36668c1f5c88d740e9e51b
=== RUN   FuzzVfluxClientPool/74875d95012e02776d36e365a8ee26a628db5ed6
=== RUN   FuzzVfluxClientPool/7502d64c00157ce2bbb095036e71069cdb490ab6
=== RUN   FuzzVfluxClientPool/752f949b8e7f4af528cc4e37923e16ae51f4cdf8
=== RUN   FuzzVfluxClientPool/768ab557ce5d4ddecfb77d6a96c585237cf2e429
=== RUN   FuzzVfluxClientPool/76928cdfb701d097ae3bafd5ac82c969839c47d7
=== RUN   FuzzVfluxClientPool/76e32a641aa944f5ba77c0e302c837d23d0275be
=== RUN   FuzzVfluxClientPool/77795a50fb632944b12fad2028ec132598ddb927
=== RUN   FuzzVfluxClientPool/7855f6cec548b227167e1adacad5da6dc6eb1ba8
=== RUN   FuzzVfluxClientPool/7939f82bd8999ca166ba79c4584acbc350d3708c
=== RUN   FuzzVfluxClientPool/794eb354a1a5ed0008b743dc4c874d4308faac18
=== RUN   FuzzVfluxClientPool/799640ed754d851bfc00025dc8babc946ea5c301
=== RUN   FuzzVfluxClientPool/7c7ad05597e940645dcc3f4148c7b17409a2e3a7
=== RUN   FuzzVfluxClientPool/7c85e83f2df796d8167659fff325cd7647934681
=== RUN   FuzzVfluxClientPool/7c8808812db5a97ceaa387c5c1e6578102171f33
=== RUN   FuzzVfluxClientPool/7c8befe36ed4fa27b5f9ca8818ddfb27f36f171f
=== RUN   FuzzVfluxClientPool/7c9f537cd802ec5e338e8937a7abccfd9a3fa870
=== RUN   FuzzVfluxClientPool/7da862d2cdd74caba68f96d8d95a2472e22f9855
=== RUN   FuzzVfluxClientPool/800c7938e3b761e0301ea9f05abff8d31f437886
=== RUN   FuzzVfluxClientPool/802ad0ce19998ba877f8a2055d277b7df1418eed
=== RUN   FuzzVfluxClientPool/80d8c5645f42eaa95d905004b0a0cc45453fb8ce
=== RUN   FuzzVfluxClientPool/810b8be6f366deab09dff7a659b72b3a375d82d6
=== RUN   FuzzVfluxClientPool/8113117231a9c3e5451c0f0836a0c71dfed73341
=== RUN   FuzzVfluxClientPool/8465c0b533c39a90c5f5b67f55c2a550d62352db
=== RUN   FuzzVfluxClientPool/84dd74685eaca1f802c8497da2749c40c06fa238
=== RUN   FuzzVfluxClientPool/84f9f676df1f342c027e2fddd9522995a74b9966
=== RUN   FuzzVfluxClientPool/85d9f20b9d1702227c26978d4646f4bdbf927a16
=== RUN   FuzzVfluxClientPool/85ffda262144b3a8e889563b396178e9994007e2
=== RUN   FuzzVfluxClientPool/8609a6cbd073bf8fe279cf28e26ed1270dc50e7e
=== RUN   FuzzVfluxClientPool/8763fe691eb7b3ff67c528c4c5885bb511289e9f
=== RUN   FuzzVfluxClientPool/876a2e1acf4ed75e45be9ef5245a4f0c3d2ec828
=== RUN   FuzzVfluxClientPool/87eddf4f274a17e9ad3b1a23fcc36b6f2d01c787
=== RUN   FuzzVfluxClientPool/8909630ffba6fe788463c61168ba9deea9351538
=== RUN   FuzzVfluxClientPool/894790e5d49dcf983608926056d59d74c2784ff1
=== RUN   FuzzVfluxClientPool/89bb040e1166209b04040ce5e078a702a6569228
=== RUN   FuzzVfluxClientPool/89edb6ffa000cc013deef0d2ccf0398f17754aec
=== RUN   FuzzVfluxClientPool/8a5b71b314ba1e2745b87a65dcb86fbaac00c311
=== RUN   FuzzVfluxClientPool/8a90fdb67fcfe86ab39f3afb55cb3b06a7654610
=== RUN   FuzzVfluxClientPool/8b4a0e5e627b1270150e82efe463cf069d6f296c
=== RUN   FuzzVfluxClientPool/8b77df574865b48c7f622e7befa83906cbacc6b7
=== RUN   FuzzVfluxClientPool/8c2421ebf571849f8deb8bfdd1788eec3f649970
=== RUN   FuzzVfluxClientPool/8cdc9730d9b4d928d7eaafbc130f7b53afabd9be
=== RUN   FuzzVfluxClientPool/8ce8ced432bf582f168bec78f76ef58344bcf87a
=== RUN   FuzzVfluxClientPool/8d5b2c9250ea1360bbf54fc6b30f63885a5fe857
=== RUN   FuzzVfluxClientPool/8d7b4e2e9038385139bab4f02b08cac241239fdb
=== RUN   FuzzVfluxClientPool/8f78e4cc1186f3f095c265ae37bd095b17815da9
=== RUN   FuzzVfluxClientPool/8fdb23da4f8959c63717ec6ce029e4eb133a1b65
=== RUN   FuzzVfluxClientPool/8fead96dcec27cb611d80649a32cd76dc3062fe0
=== RUN   FuzzVfluxClientPool/9001113b9bd020cd327000f2886a54c925d9eb00
=== RUN   FuzzVfluxClientPool/902fdbb37f95220a0171a52aec7af1b421281e34
=== RUN   FuzzVfluxClientPool/9163dbe6e33561c69ccdcf9d55d4cae1dcbfbccc
=== RUN   FuzzVfluxClientPool/91dddf820c4fbb7ff33de652dcf43372d8b253b5
=== RUN   FuzzVfluxClientPool/92127a49b1941ba14b5afc942f001274c15fdf74
=== RUN   FuzzVfluxClientPool/9280bd0b4f2fbb2633f6955591dd13a34944a101
=== RUN   FuzzVfluxClientPool/929f7c3cff1a49fbe2c8c482e0d10436e81e2c5d
=== RUN   FuzzVfluxClientPool/92aba29e915a98883cbce813d6743ff303a641a4
=== RUN   FuzzVfluxClientPool/93a1c9918798f71ff6f7727bacce24b1c1d083c8
=== RUN   FuzzVfluxClientPool/93b767d329812c489f6e22a9058fff7fc7ebd86b
=== RUN   FuzzVfluxClientPool/9478f617e5b21b9a6f11a8e08bc1a0070c510df9
=== RUN   FuzzVfluxClientPool/96e441e5ce48a414046f6d360ca778620a211c7e
=== RUN   FuzzVfluxClientPool/96f98216805a7706e933d90dacdb6e43fa48c794
=== RUN   FuzzVfluxClientPool/971feeffd91e36dd273b72e2de8f430d823a0aaf
=== RUN   FuzzVfluxClientPool/975d4745b7a58638abc20918e5252cf36cc79588
=== RUN   FuzzVfluxClientPool/97afed211de3f6eab5c952eeb96a5a1698a68af3
=== RUN   FuzzVfluxClientPool/9863765bbc23ca42e60f541980fd13a175c2fe6e
=== RUN   FuzzVfluxClientPool/9890b10ca417e7906b1621e78beed605444fa1a8
=== RUN   FuzzVfluxClientPool/999c03910170ab4eceb18b81b2e51d4b852489eb
=== RUN   FuzzVfluxClientPool/99b88da09652fca6f9d3d74f126b80655c3653cb
=== RUN   FuzzVfluxClientPool/9a2000dbfa7efee04aa990bba64004c4e36a70bd
=== RUN   FuzzVfluxClientPool/9a4167dfceeb6adeb93957ab918996b3ad7204e0
=== RUN   FuzzVfluxClientPool/9d5c4bca71738f7a247765fd082304e221a4749d
=== RUN   FuzzVfluxClientPool/9de17b954e09b1e556177c4dcfcc66e32a97a44e
=== RUN   FuzzVfluxClientPool/9e746deb15fc40624b95574a1cbfe5837c8a8028
=== RUN   FuzzVfluxClientPool/9f70d8a617cc1f5ac812031c605c3be327b40619
=== RUN   FuzzVfluxClientPool/9f7dc21f3a31efdf075b7645f803f500e308fbf9
=== RUN   FuzzVfluxClientPool/9fc2ac0bd03ea68b573af1a953ae048277e36b86
=== RUN   FuzzVfluxClientPool/9fca4ef0b9ba7e444f82dc741fd9abe6b5c9a8ff
=== RUN   FuzzVfluxClientPool/a067bc58c9886c3647a29cb2e80d0c412c2bead9
=== RUN   FuzzVfluxClientPool/a07ec60b58156936b0239d385214f84252e3ffda
=== RUN   FuzzVfluxClientPool/a10909c2cdcaf5adb7e6b092a4faba558b62bd96
=== RUN   FuzzVfluxClientPool/a1635d5fb121248d987047d22c0ea1d03986c96f
=== RUN   FuzzVfluxClientPool/a1fc03f1f7935359e115bd27c1ec9de7c711a0f1
=== RUN   FuzzVfluxClientPool/a2d9a48c5acd6ed8741490c2d54de9ac18cc0c00
=== RUN   FuzzVfluxClientPool/a2f90f879399ab8e16084f62933da1a6ddfc85cf
=== RUN   FuzzVfluxClientPool/a359ac77109cc1f58d9ae77233af1bb71f65aed8
=== RUN   FuzzVfluxClientPool/a3826a8e1929879213fdc5f1aba7639738f6e67d
=== RUN   FuzzVfluxClientPool/a467328ab181fb740c95140ead2ce84fca4bbd5d
=== RUN   FuzzVfluxClientPool/a4e506c833e00076d722c6f0e6c0b1965189e85c
=== RUN   FuzzVfluxClientPool/a57954a7953e763ee44e855e7a2ef00c7e7349b7
=== RUN   FuzzVfluxClientPool/a6202de85bce609a9c051dfa03baa7fbc5e9148a
=== RUN   FuzzVfluxClientPool/a659009528d4f51608518419d33f057ddde4fdb1
=== RUN   FuzzVfluxClientPool/a6b426d65ff7fc66891d5a8223d09001aa89d527
=== RUN   FuzzVfluxClientPool/a6ee95d3323f0eff8b539f7793a2ef63868e3afd
=== RUN   FuzzVfluxClientPool/a700d0330f675e9efa25cb1600f65382cd2a0cd9
=== RUN   FuzzVfluxClientPool/a7981c2fb097ec861a7bbe1b97fd1bdd1c6672ed
=== RUN   FuzzVfluxClientPool/a7bb6595fa4de25dc1e012aa3571011f7ea182c0
=== RUN   FuzzVfluxClientPool/a818fa9992b918c77999c07c0e0ba6961e276e12
=== RUN   FuzzVfluxClientPool/a86160ea75185548575e8fbd16c7fc4c2918f5e4
=== RUN   FuzzVfluxClientPool/a8e491a21d66ba7cef8dedb5ee6a5644882e1de4
=== RUN   FuzzVfluxClientPool/a9063d8974c56a6284161b7e3d1bc91d2516db4a
=== RUN   FuzzVfluxClientPool/a92b4af1efc3bb88425db431af80922c68cdefc2
=== RUN   FuzzVfluxClientPool/a99cf9cd6b47cdcb8c873293d84e770cd179378b
=== RUN   FuzzVfluxClientPool/a9b783b9500e31931214ceaa2675be333277a7a0
=== RUN   FuzzVfluxClientPool/ab07e767099e70949949d161e7df51e19819d824
=== RUN   FuzzVfluxClientPool/ab35e7e1423ee663a6db6ad5fbdc2bf60657a59c
=== RUN   FuzzVfluxClientPool/ac76081affcb7cf58bfe2939f54c551a9fd5eae3
=== RUN   FuzzVfluxClientPool/ad08fc06e1819196907041f9603f049df7933772
=== RUN   FuzzVfluxClientPool/adaf09496512e8d5ef6fc3003ba87028fc129083
=== RUN   FuzzVfluxClientPool/adc396ab9ac3da926d9f7e62a3d228ddc3d2fe92
=== RUN   FuzzVfluxClientPool/adc83b19e793491b1c6ea0fd8b46cd9f32e592fc
=== RUN   FuzzVfluxClientPool/ae32f72072c025c49539ddf3deebef692daee2ac
=== RUN   FuzzVfluxClientPool/ae364258cc6aa0e6ec1f76cfac23b14f31da9046
=== RUN   FuzzVfluxClientPool/aec1a5bac659487cb83e8b5df6b10a1262c698b1
=== RUN   FuzzVfluxClientPool/aefd4a84107545aa780d3e99a7e205716e998a70
=== RUN   FuzzVfluxClientPool/aff098342d6092baa4682a356ef7009cfede16aa
=== RUN   FuzzVfluxClientPool/b017ca067670ea5b0fdd80893727559fdadbb30c
=== RUN   FuzzVfluxClientPool/b053d5079d5da9b5e2b260b2193af4f64f5d2257
=== RUN   FuzzVfluxClientPool/b09fe2cec7e147bb72dd19922e555685ac1e9d36
=== RUN   FuzzVfluxClientPool/b0da945b471516e1a6d5120af7b80d1a2c9b2416
=== RUN   FuzzVfluxClientPool/b137bb1a6419fa0e7fe163a3fc205a0b8183d889
=== RUN   FuzzVfluxClientPool/b14d571396dc967a0d265dd6be7a35dd76966e60
=== RUN   FuzzVfluxClientPool/b17aceba4a9e006961bfd2a76c8198a55f9c2d5a
=== RUN   FuzzVfluxClientPool/b1bce81aebc2d7de95d095c887b7d714f3c323d8
=== RUN   FuzzVfluxClientPool/b21b23b18bb9b3c6948f6f269bf4adce18b373ea
=== RUN   FuzzVfluxClientPool/b268c973a0bc4942053cb3282929025b903054cb
=== RUN   FuzzVfluxClientPool/b29c66d886e30857baf40e2968dcaefe28e6e79a
=== RUN   FuzzVfluxClientPool/b2be80ccf5d75765324cd02905ca2ee6c720c1cf
=== RUN   FuzzVfluxClientPool/b30f97cf582716c4b18e495f52e958b9cd618ef6
=== RUN   FuzzVfluxClientPool/b371a64a8474ceaf85f2fea485616daccc28ebc7
=== RUN   FuzzVfluxClientPool/b3ab6d734476d6f0744d278922346080fa6a25dc
=== RUN   FuzzVfluxClientPool/b478adecc1ded36337766b4aa6e39abfe692ebea
=== RUN   FuzzVfluxClientPool/b4a4ec7af622143dc2f6abe945778816b9c5219c
=== RUN   FuzzVfluxClientPool/b4c931ed337d9e3f0681759deeb0a4ecda86f974
=== RUN   FuzzVfluxClientPool/b558a840fdb3462dd25fb29055e64cdd3d455cfb
=== RUN   FuzzVfluxClientPool/b67020ed1068252d7e6483dac4113e5097004e8e
=== RUN   FuzzVfluxClientPool/b67e2625439e7646703737137f5a56213d0911c3
=== RUN   FuzzVfluxClientPool/b69628c888bae2b9fb37456746aaf1a22ffe9147
=== RUN   FuzzVfluxClientPool/b77cd73b879660a860c2e8bc08c333c95714e514
=== RUN   FuzzVfluxClientPool/b79a0b442b06e5aaae67be77893c00248570f3f0
=== RUN   FuzzVfluxClientPool/b7bead5432f786003cdca20251c08f5b7dbf63ea
=== RUN   FuzzVfluxClientPool/b8144801794d7200c4800e497255b4855a3e5ce2
=== RUN   FuzzVfluxClientPool/b9234a42a89204c68c1fb35c26393aaa5226f88c
=== RUN   FuzzVfluxClientPool/b9be90bb47ca86376922c49509822cb6aa5793e5
=== RUN   FuzzVfluxClientPool/b9f2036f45b416ccaa28b14e2458819879512595
=== RUN   FuzzVfluxClientPool/be13d6fc52a7b52317acadaca8ebd808d24ea827
=== RUN   FuzzVfluxClientPool/bea60b695b614828ad61377340926f4e47f97717
=== RUN   FuzzVfluxClientPool/bf37f1538aa9a13fdafd5c4ae10de1d7e04b2d41
=== RUN   FuzzVfluxClientPool/bf5786c966b4ba67e1919491acf9e38bfafa8c2d
=== RUN   FuzzVfluxClientPool/bf77fe2b16dc3b5110ba23e1e61bd54e797f98d2
=== RUN   FuzzVfluxClientPool/c0ff2455f4a643ed1985de675f6e068a9bd03018
=== RUN   FuzzVfluxClientPool/c13a269e8420963dc8ae200f2c002be48e84d5ca
=== RUN   FuzzVfluxClientPool/c161f452ea45ab97d94eb7ecfe926bcb38a23455
=== RUN   FuzzVfluxClientPool/c222df125b5640ed6eaf07966d83c250e2e718e2
=== RUN   FuzzVfluxClientPool/c37949053aa599443466cb62455cd0729012995b
=== RUN   FuzzVfluxClientPool/c469022686d93feb4992c34920f434b0250c4795
=== RUN   FuzzVfluxClientPool/c5ee5dc3f76a5656fee93b966f4c34075ec52006
=== RUN   FuzzVfluxClientPool/c7e09e78a0aeffda8cbfe841df33ea4248cfc99f
=== RUN   FuzzVfluxClientPool/c8016bd3551759107f6efba9ffbe7ceec88e6d80
=== RUN   FuzzVfluxClientPool/c8897501f002e21530846ec0cf3be2cefdb35ccf
=== RUN   FuzzVfluxClientPool/c9187f699109de4a12fe9d585762cf9772315a75
=== RUN   FuzzVfluxClientPool/c97e78c4a53d0c9ca466766aa8107eeef49aa3db
=== RUN   FuzzVfluxClientPool/c99456ba6bc997df75933c1e06a03f95758a1f80
=== RUN   FuzzVfluxClientPool/c9f0d85240b5f6208ddae98ac9d9fe147fc9c52a
=== RUN   FuzzVfluxClientPool/ca07d4017da3cf19a12347b380b4c3660490d0f3
=== RUN   FuzzVfluxClientPool/ca1f1aa2edfdc35ac0b5d955b31c57344d54dccd
=== RUN   FuzzVfluxClientPool/ca20829bac416a37d17c5d51811c3d611d4ae9a9
=== RUN   FuzzVfluxClientPool/caa8eaeedad59ebd7af15f1f146df8f621af2805
=== RUN   FuzzVfluxClientPool/cab8d0b8851cfe22fbf60c614d789502d88345a1
=== RUN   FuzzVfluxClientPool/cb6b3d2771b570cb82f595ea5d06bc5ecd123816
=== RUN   FuzzVfluxClientPool/cb88c85fbc0a1214abbeea7da3d635d4bcfe019c
=== RUN   FuzzVfluxClientPool/cd29070bdb26fcc5c0eb5e1580dcece2c212c786
=== RUN   FuzzVfluxClientPool/ce4878618f01b83000789db09b22b523935b52a8
=== RUN   FuzzVfluxClientPool/ce6193f2a882c77b48589ca613bad88aad697b46
=== RUN   FuzzVfluxClientPool/ceab669a65595764076707f5f863a1896900e1af
=== RUN   FuzzVfluxClientPool/ceb4c5cee2a78f63c51e72d4197714e19a11e5ca
=== RUN   FuzzVfluxClientPool/cf364a0119d53c9adb9c188f79a421b4ed987df4
=== RUN   FuzzVfluxClientPool/cf7b2ebeaebd4a1e68e0a0ba1dd7f860746ba673
=== RUN   FuzzVfluxClientPool/cfbaef5efed9d3b4a99322ec29a6a6f284947324
=== RUN   FuzzVfluxClientPool/cff4c47cc452eff56dd6ebf565869074a84e4268
=== RUN   FuzzVfluxClientPool/d0005ec9e426bde33725504f582a5440927b805c
=== RUN   FuzzVfluxClientPool/d0ca0ad579cc843266b383b7d9c7ebd4c04e2abd
=== RUN   FuzzVfluxClientPool/d1f61217e5da44bd01dbd03cbc3bfa2542e737d1
=== RUN   FuzzVfluxClientPool/d22adeee952f5b1783ff31fb331505906997a97a
=== RUN   FuzzVfluxClientPool/d2c95a7cf39072231aafd96ee07a14db11b5a1ef
=== RUN   FuzzVfluxClientPool/d3397d75ccac5f6f7f53ebe8c5b525cfd854b5c5
=== RUN   FuzzVfluxClientPool/d35a12227eadf5105d70a93c53c45e107d13be1c
=== RUN   FuzzVfluxClientPool/d3b866a0c7d8b697c520c35faa029bc135d3d821
=== RUN   FuzzVfluxClientPool/d452ddc8deec94d1a5ab1eb0f26aa258b58da794
=== RUN   FuzzVfluxClientPool/d45ae2c256d5a7d67a41af74f8bf05f26537064d
=== RUN   FuzzVfluxClientPool/d4764f3c716958cf58c115c63855b8e8cb3668ed
=== RUN   FuzzVfluxClientPool/d4c7bb9af3ec0a53d01932f609f04460e0ddb8ac
=== RUN   FuzzVfluxClientPool/d54696eda6eab8f0d9034c3597747a21ab1231f6
=== RUN   FuzzVfluxClientPool/d55ac3617ebc3316a5992151af4486b07c73975a
=== RUN   FuzzVfluxClientPool/d5945a1308d1428b35557b78229c0dea1fb444e7
=== RUN   FuzzVfluxClientPool/d5cfd3915647d30c2d4a4b45e546eb7f2712da3e
=== RUN   FuzzVfluxClientPool/d613913e55eca43c0c8e9bc261cbca08d1a580c2
=== RUN   FuzzVfluxClientPool/d628f9675f0f184713c7a341865b15419855d7a5
=== RUN   FuzzVfluxClientPool/d6968ce2aa93e8dd6755d2eca519ea75b279a5f4
=== RUN   FuzzVfluxClientPool/d73c140891b27686b15a900dde943cebfea20710
=== RUN   FuzzVfluxClientPool/d76216d85dbd284fe339fe571e937173542db5cb
=== RUN   FuzzVfluxClientPool/d7ab712be04e0e7e5d8df0b5679d7c138dd4214c
=== RUN   FuzzVfluxClientPool/d87fc52a7ee7d7dac9b8eae3df3abab4c0a9c363
=== RUN   FuzzVfluxClientPool/d894d9bc6a38ebc4df2cc5529c26cde3345a9425
=== RUN   FuzzVfluxClientPool/d8b68b3e9a1733501b8dbbf206d6149e9184c664
=== RUN   FuzzVfluxClientPool/d901b0f5cb6595d93f5a253d6e13006f122e943a
=== RUN   FuzzVfluxClientPool/d914d3b819a44916153f87a6cbc86a90740666a4
=== RUN   FuzzVfluxClientPool/d935fd77505c9ea092290c9c0035e655d6ae524a
=== RUN   FuzzVfluxClientPool/d9387e2e11da77da587ddfbe307d3afbc2eb073e
=== RUN   FuzzVfluxClientPool/d98bf1757a0fa8183e784043d37b2eb555a61096
=== RUN   FuzzVfluxClientPool/d9ae78cb8814b584c3db2947b00bee721ff39077
=== RUN   FuzzVfluxClientPool/db0d48cb7e3d4daca90e015e082206a9dd6224aa
=== RUN   FuzzVfluxClientPool/dc11560a6fa4d6382e01fb08f9baf15edfeb007b
=== RUN   FuzzVfluxClientPool/dc167e60fb8cb5605248fe96166b7a76e133ef1d
=== RUN   FuzzVfluxClientPool/dc1b9aed4271d2cc272af96a64eb0e867f3dad39
=== RUN   FuzzVfluxClientPool/dc77488c5e304b6a1ee392cb4fd14f50bd71d032
=== RUN   FuzzVfluxClientPool/dcac5ccea22a32929dffc88bdce075c0fcc18f83
=== RUN   FuzzVfluxClientPool/dea2a15ac1136b703676c2ed1d494c5a1018396c
=== RUN   FuzzVfluxClientPool/dee58d8dee4404b68012082359f961a171a6ade6
=== RUN   FuzzVfluxClientPool/e09790ae56a48ef3ba59ccbab724bd80a5ea8459
=== RUN   FuzzVfluxClientPool/e0fd3e5e6271a0137377e8f6a577526f5561370a
=== RUN   FuzzVfluxClientPool/e134c013967d4e8e3400c29ce1a2683292fffaea
=== RUN   FuzzVfluxClientPool/e21081eba39c24b88530c58f8b2368a6a52812c2
=== RUN   FuzzVfluxClientPool/e26e2f196155b86ecd9cc59b8b50d4d4f08b7c51
=== RUN   FuzzVfluxClientPool/e29e6ae55b6e2ec8a1f351af824dbebd3b1d86d3
=== RUN   FuzzVfluxClientPool/e2e8dd7ef14331488d41ca7718f19724a2c70c83
=== RUN   FuzzVfluxClientPool/e31a41846a598df4012db05f6d2bbc616d22613b
=== RUN   FuzzVfluxClientPool/e45addcd534845fb0cee668be8813a00f33a890d
=== RUN   FuzzVfluxClientPool/e48bf44b41e879b03d12b4b3b5dbba26f9954dbb
=== RUN   FuzzVfluxClientPool/e58c67dbe9a6da7df0318369a0cc0133e001834d
=== RUN   FuzzVfluxClientPool/e5d3a11013c3ac6fbe46e028b779ded33677db41
=== RUN   FuzzVfluxClientPool/e5e0c8f64f0270d04a3526aa4cb579ae5ea9e247
=== RUN   FuzzVfluxClientPool/e60e3d0db14f4aeab7fc20ca619b0608f12ec240
=== RUN   FuzzVfluxClientPool/e65b8ff8ed26954aa46426306906490e69a79b08
=== RUN   FuzzVfluxClientPool/e676a99504b2dca398eeafe0fd233aff7f21f7dd
=== RUN   FuzzVfluxClientPool/e6d17436d60b0a305119fe823386de912c7c3ed5
=== RUN   FuzzVfluxClientPool/e749a6a58da0abcefff14023ea8a49cb8b83eece
=== RUN   FuzzVfluxClientPool/e7910d93e713eaf925a315604520627a25cd652a
=== RUN   FuzzVfluxClientPool/e798136fb0d85aa9c585eea66bf08b217cd8e48c
=== RUN   FuzzVfluxClientPool/e7e7ecef12c69a9b1a63bee975ce5fe603eec960
=== RUN   FuzzVfluxClientPool/e8188c1d592631f0235c221424e2cdcf068e6513
=== RUN   FuzzVfluxClientPool/e82e9b71bfcdd84a9461ebe958f36d0e7000edb0
=== RUN   FuzzVfluxClientPool/e87ad80e4447f6674feda6b40f7867b8ea0cfda9
=== RUN   FuzzVfluxClientPool/e8ac0535b72649f733780abf093131755737e49a
=== RUN   FuzzVfluxClientPool/e9262d59f21c562bccc04396ebba5415eb9c1681
=== RUN   FuzzVfluxClientPool/e957bd666e745132308c73c45328731b3aa355ad
=== RUN   FuzzVfluxClientPool/eabc0531da6eb6bc2ef70ace35f0db786b627301
=== RUN   FuzzVfluxClientPool/eaf4df937fe8767b79f00b1f2b70f42ab7bd7ec9
=== RUN   FuzzVfluxClientPool/ec0d1618844971ebf94f81470489b20fa0749837
=== RUN   FuzzVfluxClientPool/ec8fd3bca8895cf54cbd4ce7de6b0ab97a16fcd4
=== RUN   FuzzVfluxClientPool/ece0c54ddbdcdfd4b87ab0a0de4ac81ccc8833b6
=== RUN   FuzzVfluxClientPool/ed0f755dd38b92a685b292dadae06a20bc1ba02b
=== RUN   FuzzVfluxClientPool/ed314e1918821afc9318dc353f912a39618815b0
=== RUN   FuzzVfluxClientPool/ed40eb59a1e41c34f79e955bbf05b8f1b0885f0d
=== RUN   FuzzVfluxClientPool/ee3ea2d29c554b0c097e64c58cce19a5f604435b
=== RUN   FuzzVfluxClientPool/eece32e698db0b24ce65b866d1af3eb6a159bce8
=== RUN   FuzzVfluxClientPool/eed4e3e6ee8919a9684c28fefce9a7eceff18a9e
=== RUN   FuzzVfluxClientPool/eee83f7fb7d2200d40c3ab9fb85ec73fe1c396c3
=== RUN   FuzzVfluxClientPool/eefe4af69b7e584c17a4c1d740db55416bea8888
=== RUN   FuzzVfluxClientPool/ef1988e285f36442bda54d3f1fc97d1e052833c4
=== RUN   FuzzVfluxClientPool/ef7434a18e70e933e653cc2e573f7db0580cd4d9
=== RUN   FuzzVfluxClientPool/f25df3f8cd303364e9aa261c0ee7976f605e8482
=== RUN   FuzzVfluxClientPool/f29a1a00ed330b25b8bc41baa76bde5bb5c942a2
=== RUN   FuzzVfluxClientPool/f2a18a65dea53ca670e5beeac8a00df2abd57446
=== RUN   FuzzVfluxClientPool/f2d209e18749073c044b0aa41b2ece94a022ed0a
=== RUN   FuzzVfluxClientPool/f310e93866abbcc455504b1431d8f9be0eb53aa3
=== RUN   FuzzVfluxClientPool/f3b2c3efc65a22aa3d3ac510b8cb6899e4531fbb
=== RUN   FuzzVfluxClientPool/f4b7e254ce8224dbfbaf8a2a84fe649f2b6c9109
=== RUN   FuzzVfluxClientPool/f525bff271fcab202af8d672ab096a18ce56f566
=== RUN   FuzzVfluxClientPool/f5a5cd00a1f42ebfea0cfbe77567891f023d486e
=== RUN   FuzzVfluxClientPool/f5de20361f13164701d71181de710737ec9253be
=== RUN   FuzzVfluxClientPool/f608a9116519d7044cee76c59983bf016d28ca98
=== RUN   FuzzVfluxClientPool/f63be20f6f49405691d46876081267a7b3904069
=== RUN   FuzzVfluxClientPool/f64bb9ee773644e28e6cb90edc93b49b769b93c0
=== RUN   FuzzVfluxClientPool/f667742b49a25733dd1c31442ee7c1a88afd04b3
=== RUN   FuzzVfluxClientPool/f6f9cd961b19f5bf919bca16c33713aed1764f22
=== RUN   FuzzVfluxClientPool/f73b4dd63dbc85e6de087334349d4b89593cb64d
=== RUN   FuzzVfluxClientPool/f7560f5d810864c90c42d02937cc168530697d3d
=== RUN   FuzzVfluxClientPool/f7c0810fb27565fc8fe144eb361b5390a710bc0d
=== RUN   FuzzVfluxClientPool/f863e18531cd220d75b3786556c2a7c11f7a4019
=== RUN   FuzzVfluxClientPool/f899b344a72b10c2b14fbef178a98abb12d07481
=== RUN   FuzzVfluxClientPool/f9b10dbf181c92b6d29b30be43e5bbfe5e6d2cd3
=== RUN   FuzzVfluxClientPool/fab4f0f393499e4b15e1f57239e72d5bba7137a1
=== RUN   FuzzVfluxClientPool/fb9c61c2a59615814e979ca460e249b5003246a6
=== RUN   FuzzVfluxClientPool/fc0c074df512bef2cb5338f4f335c01ca033fb1b
=== RUN   FuzzVfluxClientPool/fc85a478111be789ed10639ac6e665b2a3f38e47
=== RUN   FuzzVfluxClientPool/fe233f254ec0dcfd1a0c1690eecece5bde594fd9
=== RUN   FuzzVfluxClientPool/fe2e98ca3425a06021c51e7f4418413c1e5b30be
=== RUN   FuzzVfluxClientPool/feb3d3d7938bddf68167561392d84b13cd0a3273
=== RUN   FuzzVfluxClientPool/ff203e2a4698e8d2eb0c540335a5a71f2a277cb4
=== RUN   FuzzVfluxClientPool/ff4005347b93244a5f10ca1bd9398abe9bcd5179
--- PASS: FuzzVfluxClientPool (0.47s)
    --- PASS: FuzzVfluxClientPool/0051fe208c849ade3450357c0e718561d5984fc4 (0.00s)
    --- PASS: FuzzVfluxClientPool/00657c6dbe36ab50d91b93e171d940f76df8e650 (0.00s)
    --- PASS: FuzzVfluxClientPool/008b3636c50a3ba6aafdcb2167c7d2276b0d211a (0.00s)
    --- PASS: FuzzVfluxClientPool/00fb7ff52e1170178c11c1faa7b6d95cc732ee4b (0.00s)
    --- PASS: FuzzVfluxClientPool/020796dd3172879d549210842e30fad9968c383f (0.00s)
    --- PASS: FuzzVfluxClientPool/0304f651c345c6a74b08c7e83d3a06d91ea4932f (0.00s)
    --- PASS: FuzzVfluxClientPool/03e89f5b88a2a0d7d078307ec5ef1afbea8e5207 (0.00s)
    --- PASS: FuzzVfluxClientPool/046ea0a76e5dab62bbdfddb29317d3ec776de7a5 (0.00s)
    --- PASS: FuzzVfluxClientPool/055007d0f7611fd131d88d07972cf847a50b05c9 (0.00s)
    --- PASS: FuzzVfluxClientPool/0579afea19e325ba70e8b3e34f60f3821d6f6760 (0.00s)
    --- PASS: FuzzVfluxClientPool/05cf58d245f30f0d800172173f1dbcfd3184aad8 (0.00s)
    --- PASS: FuzzVfluxClientPool/068649605966b550bcf442d26680ef22114b355e (0.00s)
    --- PASS: FuzzVfluxClientPool/070fcd5b324e3560c989208331421a2d6bb71e39 (0.00s)
    --- PASS: FuzzVfluxClientPool/078e74f8f30c39e8894ad178bd7a411e2963e3ca (0.00s)
    --- PASS: FuzzVfluxClientPool/0835348aaf98a024fd417d5f66f51e7e5dfdb338 (0.00s)
    --- PASS: FuzzVfluxClientPool/095e03e6a1afbde38a98d791ca6eeaff1fbcdbf0 (0.00s)
    --- PASS: FuzzVfluxClientPool/0973abe79922623bce6e4b3ed0545d8abe5226b1 (0.00s)
    --- PASS: FuzzVfluxClientPool/0b08ffa2dfb46b29221772467f41a6b95d4e04b2 (0.00s)
    --- PASS: FuzzVfluxClientPool/0c06ca5b109f979787f3a39a275b37b4c9bb765a (0.00s)
    --- PASS: FuzzVfluxClientPool/0cd588956996e477813ee6487ce0ad25918ece34 (0.00s)
    --- PASS: FuzzVfluxClientPool/0d4f4cf1ef1ade8ff72eafc9af219a3af12983f4 (0.00s)
    --- PASS: FuzzVfluxClientPool/0dca1a147833da0342dfe722276cb88b743aae0c (0.00s)
    --- PASS: FuzzVfluxClientPool/0e4bb0496f804a9f54a84a9209b4137d19c5bab9 (0.00s)
    --- PASS: FuzzVfluxClientPool/0ebc0a737c21ba0980522c83c1c512092d1bc64d (0.00s)
    --- PASS: FuzzVfluxClientPool/0f9e9dfb80d5fc4086fc7e83bf12e1bc62943712 (0.00s)
    --- PASS: FuzzVfluxClientPool/108dffc2af5adf7c04f9b18e63cda22e4ffb1c48 (0.00s)
    --- PASS: FuzzVfluxClientPool/10dd0193fdc60bf948d39c8bff9aee1994bb42bb (0.00s)
    --- PASS: FuzzVfluxClientPool/1178454df3f76538b5acebc1aceb315b0a18eeaa (0.00s)
    --- PASS: FuzzVfluxClientPool/118e4ba550cb52b04944aa50595620beeb2630a9 (0.00s)
    --- PASS: FuzzVfluxClientPool/138c4c5b414f78eee27ef1df0cf9f83902a8448f (0.00s)
    --- PASS: FuzzVfluxClientPool/146d67f78fd414ed2455c7e9e707f64d4e1e858a (0.00s)
    --- PASS: FuzzVfluxClientPool/14725c0402198faedb6e1007082221c13e2354db (0.00s)
    --- PASS: FuzzVfluxClientPool/148d391f838d0519981f90d5409a42bfa5f70643 (0.00s)
    --- PASS: FuzzVfluxClientPool/1516f0097c2f53aa5ee102ddd9fa99e512faeea4 (0.00s)
    --- PASS: FuzzVfluxClientPool/154c34838335a35b77917565fa49d5a0b2f4c5be (0.00s)
    --- PASS: FuzzVfluxClientPool/15d4febb901ba51aa556b2b6d30558d5f2e089f7 (0.00s)
    --- PASS: FuzzVfluxClientPool/1662954ae34463e74091d0900506cafffae919ae (0.00s)
    --- PASS: FuzzVfluxClientPool/174afad1f5dbd8640a2f305fd13b20e90a4a3e16 (0.00s)
    --- PASS: FuzzVfluxClientPool/1794809730273c57a5fec2e066e00b30f294a16a (0.00s)
    --- PASS: FuzzVfluxClientPool/17cb734044b261973484ef3f07b7a9b9b30ebe85 (0.00s)
    --- PASS: FuzzVfluxClientPool/18199405915cab22c7e90bf6acf29eb1688576e6 (0.00s)
    --- PASS: FuzzVfluxClientPool/184e6c96642b4c13191bc75ba926cd5f13572155 (0.00s)
    --- PASS: FuzzVfluxClientPool/18917b4c731095c03ab6fc35cd2b94ad754e6a04 (0.00s)
    --- PASS: FuzzVfluxClientPool/18d3834c7342a173414ddfc0a93bc6832beb8571 (0.00s)
    --- PASS: FuzzVfluxClientPool/199c277a858a1f02ca1da3731ae904c793493e8e (0.00s)
    --- PASS: FuzzVfluxClientPool/19e27789b165d7cafadf1f88298cbddd174c6849 (0.00s)
    --- PASS: FuzzVfluxClientPool/1a1750e666c4babe11177c2eb9808f48ae68a5a5 (0.00s)
    --- PASS: FuzzVfluxClientPool/1a1f1e94e75427ed7723b346e64816fa683a48f8 (0.00s)
    --- PASS: FuzzVfluxClientPool/1aa2b1ec779ddde7cfac6b03fb315558eda65f4f (0.00s)
    --- PASS: FuzzVfluxClientPool/1acf2e360b1a8e0e7b333f7925679a674c08240b (0.00s)
    --- PASS: FuzzVfluxClientPool/1b007d9f6d9ae654f2a02d4d0c63194b1d1e9f92 (0.00s)
    --- PASS: FuzzVfluxClientPool/1b9d742ad1541b5126fbad2d26cac6eab0f5548c (0.00s)
    --- PASS: FuzzVfluxClientPool/1c17fe3e7b2c72ff2f74132c6da8a6721e941576 (0.00s)
    --- PASS: FuzzVfluxClientPool/1c6ca3563afe3f3c9e7c18798a1c71df17b756fb (0.00s)
    --- PASS: FuzzVfluxClientPool/1d202b07879d94b1c9427afe2ec895efb4c9feb6 (0.00s)
    --- PASS: FuzzVfluxClientPool/1dc019b32a9ed2628bb76a2748ccb9ee78fa7b93 (0.00s)
    --- PASS: FuzzVfluxClientPool/1dce2b037eaea416790a32b60a02e7a75b473eb1 (0.00s)
    --- PASS: FuzzVfluxClientPool/1dd4f9f6c1ae29dcd8414089955156238a2055be (0.00s)
    --- PASS: FuzzVfluxClientPool/1eb0d8de5dfa83c4227864923cdb4433fcab25b7 (0.00s)
    --- PASS: FuzzVfluxClientPool/1fcf25254ff4765e734f29b435a301079839edcb (0.00s)
    --- PASS: FuzzVfluxClientPool/1ff889e39092b71e8bf157fda12410596bbd2d22 (0.00s)
    --- PASS: FuzzVfluxClientPool/200cbea3aca9024a104320065b5bf795ff967288 (0.00s)
    --- PASS: FuzzVfluxClientPool/200fb4890d7ea1c6b31fbe537ba331f3746b5267 (0.00s)
    --- PASS: FuzzVfluxClientPool/2136a8081d2bcafd300a22c8958069ad52d2822e (0.00s)
    --- PASS: FuzzVfluxClientPool/21539c2ccde0d9710e6ebad13ddef36de6c78e9e (0.00s)
    --- PASS: FuzzVfluxClientPool/21631962841348a1ebe2fa8fa7a1588ed42d0a25 (0.00s)
    --- PASS: FuzzVfluxClientPool/21a197a3e2c99af3bf49a0ebee53b914ca7b00ca (0.00s)
    --- PASS: FuzzVfluxClientPool/21e317f237ca33736acd9a3b842356ccb23c54b2 (0.00s)
    --- PASS: FuzzVfluxClientPool/21fa45ba4a4ac8688d085a570cdda8c3b10d34b5 (0.00s)
    --- PASS: FuzzVfluxClientPool/2242239366534e12dee0b830d389c46a9705090b (0.00s)
    --- PASS: FuzzVfluxClientPool/230a816e07bcc65e313997c0cd56ff2bcb3c3a74 (0.00s)
    --- PASS: FuzzVfluxClientPool/2422d72ef002536a62acf075d4c997a8e184cc0a (0.00s)
    --- PASS: FuzzVfluxClientPool/24910dc7fb9ae507218abe9f5ae54ecbd3f62208 (0.00s)
    --- PASS: FuzzVfluxClientPool/24cd320f0b3c305c85c4ec26930a5156c0346f75 (0.00s)
    --- PASS: FuzzVfluxClientPool/24f99b0d6ce82e87f00899c6ba7a95f85cc2d80b (0.00s)
    --- PASS: FuzzVfluxClientPool/253ea9e86621bead885bb0bcfa9057870fd767c8 (0.00s)
    --- PASS: FuzzVfluxClientPool/25a9aaa994c20dc6cbcfe738d4c3b8bf6507ac8b (0.00s)
    --- PASS: FuzzVfluxClientPool/2607f5b4ec5b179d93ac1ee2c4e099963e633ee4 (0.00s)
    --- PASS: FuzzVfluxClientPool/29c3ba1af3284d02dbebe3a9b9f247379b59a629 (0.00s)
    --- PASS: FuzzVfluxClientPool/29ea859344357b76cb7d47aa770dbb8e86353548 (0.00s)
    --- PASS: FuzzVfluxClientPool/2a5a204fc134f780c411ba499eb260c37226dc5a (0.00s)
    --- PASS: FuzzVfluxClientPool/2b54d4f263777e8c558a4a694f219ef7d2100d8d (0.00s)
    --- PASS: FuzzVfluxClientPool/2b930c2a3d25a2c20571b387107e310cd200e7bd (0.00s)
    --- PASS: FuzzVfluxClientPool/2ba190f5dc886c0edd7cf371fc4113a3c1b52acb (0.00s)
    --- PASS: FuzzVfluxClientPool/2bdec4f0c4d02cf91484aeb77aa3c478da83011f (0.00s)
    --- PASS: FuzzVfluxClientPool/2bdf91265c5689e3391faed9a4725c865092ac89 (0.00s)
    --- PASS: FuzzVfluxClientPool/2c1c223ce672da8294e02325d2b19a76739a4585 (0.00s)
    --- PASS: FuzzVfluxClientPool/2c6c71bae355979fbaf44c59d6a290cb6f49379f (0.00s)
    --- PASS: FuzzVfluxClientPool/2c6e9c588c3716e2d6d7ecf07e789c22a08bdfd4 (0.00s)
    --- PASS: FuzzVfluxClientPool/2d13bbcad1243aa85cc84c9f341682a546d6cc74 (0.00s)
    --- PASS: FuzzVfluxClientPool/2dbbad292f67438addc0276b3d7dd92ed5c19a15 (0.00s)
    --- PASS: FuzzVfluxClientPool/2eca246685078166a82df61ab3c840ae4bd22004 (0.00s)
    --- PASS: FuzzVfluxClientPool/30ba2fa11a0106b8c121365bac5f12b9a41719d7 (0.00s)
    --- PASS: FuzzVfluxClientPool/31c374d3172840d199005ea4e9dc3958eeb7bb4e (0.00s)
    --- PASS: FuzzVfluxClientPool/32a6cf4a3ffe26abbe90ccc1a80ba83a0e1ba428 (0.00s)
    --- PASS: FuzzVfluxClientPool/33111ae17acfd8000f0dc008a689b4e6a6cd16eb (0.00s)
    --- PASS: FuzzVfluxClientPool/3327bcc37c17cc0773d0b0fcd0747f402c35d5ae (0.00s)
    --- PASS: FuzzVfluxClientPool/33e9d1c2da20578cf60aec488afdff759aef82d4 (0.00s)
    --- PASS: FuzzVfluxClientPool/3432c5e2930bf10b9a1f1cc5f6fcc8d46c8420c9 (0.00s)
    --- PASS: FuzzVfluxClientPool/34386e8aa2a4f66188abab533db1c804d561084a (0.00s)
    --- PASS: FuzzVfluxClientPool/352f11f0d2436ad06fd9d8cf2de1174da032434f (0.00s)
    --- PASS: FuzzVfluxClientPool/3560a3d98efc1649513e9d773b9759e0372b7bb3 (0.00s)
    --- PASS: FuzzVfluxClientPool/35ff5127590f0317a618da9a139e3ca0c3803949 (0.00s)
    --- PASS: FuzzVfluxClientPool/36b6d86cd2162bc7b345ef1e9fedf3e4a36d27ec (0.00s)
    --- PASS: FuzzVfluxClientPool/373ecaf40c8e5d5659ff30d7d74754de150aaa40 (0.00s)
    --- PASS: FuzzVfluxClientPool/37804cf737a9cfd772d16523afd4f9837e6a25a2 (0.00s)
    --- PASS: FuzzVfluxClientPool/3856451eac19234efd6d0ecd329121d58ce070d5 (0.00s)
    --- PASS: FuzzVfluxClientPool/385abe45ec35a55f17b2e3ee2c860dfab098d816 (0.00s)
    --- PASS: FuzzVfluxClientPool/39525b545d705272adabb307c35407ed6e365ede (0.00s)
    --- PASS: FuzzVfluxClientPool/3a862eb170ba3825f3a5ab7ab88cbf512494147e (0.00s)
    --- PASS: FuzzVfluxClientPool/3b39589e13c3f2df53b49e77e482cafa072e30c0 (0.00s)
    --- PASS: FuzzVfluxClientPool/3b9c1b57f637f9cd85a6b80e513b3d09442567dc (0.00s)
    --- PASS: FuzzVfluxClientPool/3e3633bd7d40e8a9de2536aa04952b4ccdd762f9 (0.00s)
    --- PASS: FuzzVfluxClientPool/3e7d4f67fe5de9542ff7e891b1ed257ef251e69e (0.00s)
    --- PASS: FuzzVfluxClientPool/3e86fefa82d973202205f0cc4b5b01099519edb3 (0.00s)
    --- PASS: FuzzVfluxClientPool/3f46bdfb54c877c6b5ca44030cd5003ab8090b50 (0.00s)
    --- PASS: FuzzVfluxClientPool/403b8749d620fb4a0f93b1f201669cfe033de7e6 (0.00s)
    --- PASS: FuzzVfluxClientPool/409b9d95078ade9b054d10febe4b3b41ea64e67d (0.00s)
    --- PASS: FuzzVfluxClientPool/40f410d7c91420f07a70c8f60ba7f92a45d1b18b (0.00s)
    --- PASS: FuzzVfluxClientPool/40faab1593b9a92d8b50bc9d7cec363d59d02a08 (0.00s)
    --- PASS: FuzzVfluxClientPool/41b6acf4aa978658c84dc69ac3eed746b2b3e86c (0.00s)
    --- PASS: FuzzVfluxClientPool/421a2aafab785c92d69f0a52351c00412221d439 (0.00s)
    --- PASS: FuzzVfluxClientPool/4231bf2ed6724216a849e8df8dfbf6937792d0a8 (0.00s)
    --- PASS: FuzzVfluxClientPool/42f9a2b443ac30cc5d272fcc219bc0d9640c2115 (0.00s)
    --- PASS: FuzzVfluxClientPool/432253662be67b06a858845dd88f4e4403246a10 (0.00s)
    --- PASS: FuzzVfluxClientPool/4358dad3e704f3fbc0b4ec34ce0bc7b286c54f88 (0.00s)
    --- PASS: FuzzVfluxClientPool/436d37b5eaf264a29b0386990aca0fc8abe8b688 (0.00s)
    --- PASS: FuzzVfluxClientPool/43a9c825dc08cfd6401ee37a0031f02803e03e6b (0.00s)
    --- PASS: FuzzVfluxClientPool/43d3a6c14cbccb807519b52049f8834ae1fc6da9 (0.00s)
    --- PASS: FuzzVfluxClientPool/4408c3ce75fe1a054fef9eaf70f77645e37da510 (0.00s)
    --- PASS: FuzzVfluxClientPool/446933d8d330be40d35f1ccea7882fc040deae17 (0.00s)
    --- PASS: FuzzVfluxClientPool/449258ef5177a460ba7bb178972048e243af1e8b (0.00s)
    --- PASS: FuzzVfluxClientPool/44e61743f5d5fa6a8e0c91896b2526c2228d7324 (0.00s)
    --- PASS: FuzzVfluxClientPool/44f56ccb6cd47bbee38428aedc87a8672c303156 (0.00s)
    --- PASS: FuzzVfluxClientPool/4661a081417b9b6825d079f22760b447bf696f78 (0.00s)
    --- PASS: FuzzVfluxClientPool/46aa877753f1a2eda3b106267ac6f66ae4a18726 (0.00s)
    --- PASS: FuzzVfluxClientPool/470c5cb075467ee6d7c617f9fea09510ddb5bd3d (0.00s)
    --- PASS: FuzzVfluxClientPool/47fef1174b92873cdbfbd3b46900d402a934e471 (0.00s)
    --- PASS: FuzzVfluxClientPool/48ab68735d8d1aa0a24fb588370780a0188d35fa (0.00s)
    --- PASS: FuzzVfluxClientPool/4911fe5a675297b3989eee4ea1f493bdb362e164 (0.00s)
    --- PASS: FuzzVfluxClientPool/4929174fc5eaf3fa85f1971f21e88ad2354df7bc (0.00s)
    --- PASS: FuzzVfluxClientPool/4938a3c33eab393aa7e098ea74e262ddc9fea5ca (0.00s)
    --- PASS: FuzzVfluxClientPool/4968dee971dcd5b5474001ea14c1c8977e4636e6 (0.00s)
    --- PASS: FuzzVfluxClientPool/4989eea4ade7e6b3bdfd914a998f897f36ed72e1 (0.00s)
    --- PASS: FuzzVfluxClientPool/49d5a8f0c0726163937a54b610cb25fb318e05eb (0.00s)
    --- PASS: FuzzVfluxClientPool/4ae28aaf8b0bd3cd7d79e4f9ec604da1d8c06170 (0.00s)
    --- PASS: FuzzVfluxClientPool/4b4c8c8f1dceb3a8a7c2c80601d74dff7c66b6aa (0.00s)
    --- PASS: FuzzVfluxClientPool/4b7dddf4650eb37bcafe6ef3d9c315975b8f351f (0.00s)
    --- PASS: FuzzVfluxClientPool/4c6f4e19ca3c6da9878b6783bfe05be01c66ba81 (0.00s)
    --- PASS: FuzzVfluxClientPool/4ca51928cff6811f392873d93d7ad2879c7ba956 (0.00s)
    --- PASS: FuzzVfluxClientPool/4cd6bf294bf9c317a767ec9937c34e4eb0a73af2 (0.00s)
    --- PASS: FuzzVfluxClientPool/4d3eccfada15b1cdb4ba9021d5c6a82df36ce94b (0.00s)
    --- PASS: FuzzVfluxClientPool/4ddbf33673bf5369d74c24ff8cbeb8c6ae9b5eb8 (0.00s)
    --- PASS: FuzzVfluxClientPool/4e3405887b472fd1213e035c4e292663c7f738de (0.00s)
    --- PASS: FuzzVfluxClientPool/4f88c7b0eaed1f70ff41d39aa5548ff22928de83 (0.00s)
    --- PASS: FuzzVfluxClientPool/4fac95d2f7a24815dda73bda6ffec697026a39c8 (0.00s)
    --- PASS: FuzzVfluxClientPool/507c0dd22664d5c610e21a9a33af32e2dae555da (0.00s)
    --- PASS: FuzzVfluxClientPool/508a2ebd1cfaa43d3efcb5aa0cb0916b003c7ea2 (0.00s)
    --- PASS: FuzzVfluxClientPool/50d49b4b018b72ea8e8cbf918a26976f55dfe289 (0.00s)
    --- PASS: FuzzVfluxClientPool/51a48ea61b9cf369e397a652881ef457da988440 (0.00s)
    --- PASS: FuzzVfluxClientPool/51d5212fea6c4d0976165d4a5a480f31ab87c1db (0.00s)
    --- PASS: FuzzVfluxClientPool/53e4bbd7c81dd9a03cb33df369f645c4cec5ad40 (0.00s)
    --- PASS: FuzzVfluxClientPool/546ce239dce3356cdcc41048e46899191b6c261b (0.00s)
    --- PASS: FuzzVfluxClientPool/54aa281687878db8e2fa861b4dd7916472814f3d (0.00s)
    --- PASS: FuzzVfluxClientPool/553b1fb0e814d6dc701035b74cdf13d4073ee247 (0.00s)
    --- PASS: FuzzVfluxClientPool/56301abd63630699a2196e2bf6a8adb5c706901b (0.00s)
    --- PASS: FuzzVfluxClientPool/56568314420c7bc94846c5c598e6660b4933922e (0.00s)
    --- PASS: FuzzVfluxClientPool/5663093852202aadaea6d5c7e60aac23301ad25c (0.00s)
    --- PASS: FuzzVfluxClientPool/57510643c2a27cec9710b2238f9b273c1e51e703 (0.00s)
    --- PASS: FuzzVfluxClientPool/5877766299dd31ce60c9642177529b92493361f8 (0.00s)
    --- PASS: FuzzVfluxClientPool/587fff7e33f5aaebf0b6c17d28d88914a6429c14 (0.00s)
    --- PASS: FuzzVfluxClientPool/58af981514472806b2fdd06a29c40683642eabaf (0.00s)
    --- PASS: FuzzVfluxClientPool/59ef5b266f57ab486e84a1f606f9dc32ce33de52 (0.00s)
    --- PASS: FuzzVfluxClientPool/5a7529a34f33646c1e47f1aab0b0e94ea6393b04 (0.00s)
    --- PASS: FuzzVfluxClientPool/5ac01d6e6fae96b7ae523412b5a311d0ddafcf9e (0.00s)
    --- PASS: FuzzVfluxClientPool/5d774ed134eb70d7376a35dbb4993fc3d7fb6f20 (0.00s)
    --- PASS: FuzzVfluxClientPool/5de363f168398ae5ba70696aa462a0e6be82a9a2 (0.00s)
    --- PASS: FuzzVfluxClientPool/5f1de35901925ae57b9012c5dfd280a1f9699643 (0.00s)
    --- PASS: FuzzVfluxClientPool/5f7ca15765c73b575b08c7cdedcb520862e67047 (0.00s)
    --- PASS: FuzzVfluxClientPool/6043347d21ca3d2a9c0a4e7e56589e404332eff5 (0.00s)
    --- PASS: FuzzVfluxClientPool/60e18d9539ddeccbf7debcd64a088a5b74ec0799 (0.00s)
    --- PASS: FuzzVfluxClientPool/6126e47c87721de0d064ae573f432e5663579126 (0.00s)
    --- PASS: FuzzVfluxClientPool/622417020085758e76528a99805aad60d936878c (0.00s)
    --- PASS: FuzzVfluxClientPool/62bd48df1473c0cb1d17e0ba01eb8c93f15597ca (0.00s)
    --- PASS: FuzzVfluxClientPool/62ef7e093fc1c9dcedae8cc1b9d6fb4736c16969 (0.00s)
    --- PASS: FuzzVfluxClientPool/64a5853bd426d40e7591d77b1403c697870e770a (0.00s)
    --- PASS: FuzzVfluxClientPool/64cec2884b4353ff44d230df55720dab1ac55dbb (0.00s)
    --- PASS: FuzzVfluxClientPool/65d32cc0f474dfdca75dc4e7c1ce1c6ab96c0d74 (0.00s)
    --- PASS: FuzzVfluxClientPool/663d22a6d26fe6f771f0efe1346abeed251509ae (0.00s)
    --- PASS: FuzzVfluxClientPool/67e4ccc62efaa7167bda9e8c313ac41648386919 (0.00s)
    --- PASS: FuzzVfluxClientPool/67f7239c562964dcff6ca635d869ac6bff638464 (0.00s)
    --- PASS: FuzzVfluxClientPool/6a6b6242ac250d09b4e5b6b5f43985b57ac7a531 (0.00s)
    --- PASS: FuzzVfluxClientPool/6ab65265892967227319c912861a012b83e3da94 (0.00s)
    --- PASS: FuzzVfluxClientPool/6b2739457d8b42b075905048912cef4693fd03ac (0.00s)
    --- PASS: FuzzVfluxClientPool/6bb8839ed575870e062c06cfb6dd1d2507942af1 (0.00s)
    --- PASS: FuzzVfluxClientPool/6c53d4175005f60fba4a1f5528deeca82fe6de89 (0.00s)
    --- PASS: FuzzVfluxClientPool/6d04433b4fde27726aa0e7e4c3b7b1ee0fa05c81 (0.00s)
    --- PASS: FuzzVfluxClientPool/6d4bb275cee07fd519f253784cf2b7cf01fb2c65 (0.00s)
    --- PASS: FuzzVfluxClientPool/6e471d65a7d3ad2ae751f708416c2a52a424516b (0.00s)
    --- PASS: FuzzVfluxClientPool/6e4a398c36ee9124ffc108ab53e82769e74c93f6 (0.00s)
    --- PASS: FuzzVfluxClientPool/6e884e0f79777cba3efd85a0761e5a6166d0f809 (0.00s)
    --- PASS: FuzzVfluxClientPool/6f24a8ba1cd516ae8f1664be6b5b78fb923d088d (0.00s)
    --- PASS: FuzzVfluxClientPool/6f3b7d48b9f08c663995c1534e17f151da52975a (0.00s)
    --- PASS: FuzzVfluxClientPool/6f4c2cfabe8c5a24b25a7c82e47881747bb332af (0.00s)
    --- PASS: FuzzVfluxClientPool/6f5e27f101bf9829d6257ebab5db65890c460bb2 (0.00s)
    --- PASS: FuzzVfluxClientPool/6f7b84ea344b4898ca346c694b8cae3376a6ef38 (0.00s)
    --- PASS: FuzzVfluxClientPool/6fa8fb13a532a4e3846af45a0e130c1f41e41d18 (0.00s)
    --- PASS: FuzzVfluxClientPool/71259ce961e33588962883e6ed5013b54a532c1a (0.00s)
    --- PASS: FuzzVfluxClientPool/7133084eb3fb172c64c894243ff89d6672aa96c8 (0.00s)
    --- PASS: FuzzVfluxClientPool/71853c6197a6a7f222db0f1978c7cb232b87c5ee (0.00s)
    --- PASS: FuzzVfluxClientPool/7213c5651bf773821dcaa13fbcd57c83b3e1de6d (0.00s)
    --- PASS: FuzzVfluxClientPool/732b4e37799c2184425b4fc82e75cc8141142327 (0.00s)
    --- PASS: FuzzVfluxClientPool/733d8a2f7382007dee471ab3a86510776025bf15 (0.00s)
    --- PASS: FuzzVfluxClientPool/736807af64b797b7ed36668c1f5c88d740e9e51b (0.00s)
    --- PASS: FuzzVfluxClientPool/74875d95012e02776d36e365a8ee26a628db5ed6 (0.00s)
    --- PASS: FuzzVfluxClientPool/7502d64c00157ce2bbb095036e71069cdb490ab6 (0.00s)
    --- PASS: FuzzVfluxClientPool/752f949b8e7f4af528cc4e37923e16ae51f4cdf8 (0.00s)
    --- PASS: FuzzVfluxClientPool/768ab557ce5d4ddecfb77d6a96c585237cf2e429 (0.00s)
    --- PASS: FuzzVfluxClientPool/76928cdfb701d097ae3bafd5ac82c969839c47d7 (0.00s)
    --- PASS: FuzzVfluxClientPool/76e32a641aa944f5ba77c0e302c837d23d0275be (0.00s)
    --- PASS: FuzzVfluxClientPool/77795a50fb632944b12fad2028ec132598ddb927 (0.00s)
    --- PASS: FuzzVfluxClientPool/7855f6cec548b227167e1adacad5da6dc6eb1ba8 (0.00s)
    --- PASS: FuzzVfluxClientPool/7939f82bd8999ca166ba79c4584acbc350d3708c (0.00s)
    --- PASS: FuzzVfluxClientPool/794eb354a1a5ed0008b743dc4c874d4308faac18 (0.00s)
    --- PASS: FuzzVfluxClientPool/799640ed754d851bfc00025dc8babc946ea5c301 (0.00s)
    --- PASS: FuzzVfluxClientPool/7c7ad05597e940645dcc3f4148c7b17409a2e3a7 (0.00s)
    --- PASS: FuzzVfluxClientPool/7c85e83f2df796d8167659fff325cd7647934681 (0.00s)
    --- PASS: FuzzVfluxClientPool/7c8808812db5a97ceaa387c5c1e6578102171f33 (0.00s)
    --- PASS: FuzzVfluxClientPool/7c8befe36ed4fa27b5f9ca8818ddfb27f36f171f (0.00s)
    --- PASS: FuzzVfluxClientPool/7c9f537cd802ec5e338e8937a7abccfd9a3fa870 (0.00s)
    --- PASS: FuzzVfluxClientPool/7da862d2cdd74caba68f96d8d95a2472e22f9855 (0.00s)
    --- PASS: FuzzVfluxClientPool/800c7938e3b761e0301ea9f05abff8d31f437886 (0.00s)
    --- PASS: FuzzVfluxClientPool/802ad0ce19998ba877f8a2055d277b7df1418eed (0.00s)
    --- PASS: FuzzVfluxClientPool/80d8c5645f42eaa95d905004b0a0cc45453fb8ce (0.00s)
    --- PASS: FuzzVfluxClientPool/810b8be6f366deab09dff7a659b72b3a375d82d6 (0.00s)
    --- PASS: FuzzVfluxClientPool/8113117231a9c3e5451c0f0836a0c71dfed73341 (0.00s)
    --- PASS: FuzzVfluxClientPool/8465c0b533c39a90c5f5b67f55c2a550d62352db (0.00s)
    --- PASS: FuzzVfluxClientPool/84dd74685eaca1f802c8497da2749c40c06fa238 (0.00s)
    --- PASS: FuzzVfluxClientPool/84f9f676df1f342c027e2fddd9522995a74b9966 (0.00s)
    --- PASS: FuzzVfluxClientPool/85d9f20b9d1702227c26978d4646f4bdbf927a16 (0.00s)
    --- PASS: FuzzVfluxClientPool/85ffda262144b3a8e889563b396178e9994007e2 (0.00s)
    --- PASS: FuzzVfluxClientPool/8609a6cbd073bf8fe279cf28e26ed1270dc50e7e (0.00s)
    --- PASS: FuzzVfluxClientPool/8763fe691eb7b3ff67c528c4c5885bb511289e9f (0.00s)
    --- PASS: FuzzVfluxClientPool/876a2e1acf4ed75e45be9ef5245a4f0c3d2ec828 (0.00s)
    --- PASS: FuzzVfluxClientPool/87eddf4f274a17e9ad3b1a23fcc36b6f2d01c787 (0.00s)
    --- PASS: FuzzVfluxClientPool/8909630ffba6fe788463c61168ba9deea9351538 (0.00s)
    --- PASS: FuzzVfluxClientPool/894790e5d49dcf983608926056d59d74c2784ff1 (0.00s)
    --- PASS: FuzzVfluxClientPool/89bb040e1166209b04040ce5e078a702a6569228 (0.00s)
    --- PASS: FuzzVfluxClientPool/89edb6ffa000cc013deef0d2ccf0398f17754aec (0.00s)
    --- PASS: FuzzVfluxClientPool/8a5b71b314ba1e2745b87a65dcb86fbaac00c311 (0.00s)
    --- PASS: FuzzVfluxClientPool/8a90fdb67fcfe86ab39f3afb55cb3b06a7654610 (0.00s)
    --- PASS: FuzzVfluxClientPool/8b4a0e5e627b1270150e82efe463cf069d6f296c (0.00s)
    --- PASS: FuzzVfluxClientPool/8b77df574865b48c7f622e7befa83906cbacc6b7 (0.00s)
    --- PASS: FuzzVfluxClientPool/8c2421ebf571849f8deb8bfdd1788eec3f649970 (0.00s)
    --- PASS: FuzzVfluxClientPool/8cdc9730d9b4d928d7eaafbc130f7b53afabd9be (0.00s)
    --- PASS: FuzzVfluxClientPool/8ce8ced432bf582f168bec78f76ef58344bcf87a (0.00s)
    --- PASS: FuzzVfluxClientPool/8d5b2c9250ea1360bbf54fc6b30f63885a5fe857 (0.00s)
    --- PASS: FuzzVfluxClientPool/8d7b4e2e9038385139bab4f02b08cac241239fdb (0.00s)
    --- PASS: FuzzVfluxClientPool/8f78e4cc1186f3f095c265ae37bd095b17815da9 (0.00s)
    --- PASS: FuzzVfluxClientPool/8fdb23da4f8959c63717ec6ce029e4eb133a1b65 (0.00s)
    --- PASS: FuzzVfluxClientPool/8fead96dcec27cb611d80649a32cd76dc3062fe0 (0.00s)
    --- PASS: FuzzVfluxClientPool/9001113b9bd020cd327000f2886a54c925d9eb00 (0.00s)
    --- PASS: FuzzVfluxClientPool/902fdbb37f95220a0171a52aec7af1b421281e34 (0.00s)
    --- PASS: FuzzVfluxClientPool/9163dbe6e33561c69ccdcf9d55d4cae1dcbfbccc (0.00s)
    --- PASS: FuzzVfluxClientPool/91dddf820c4fbb7ff33de652dcf43372d8b253b5 (0.00s)
    --- PASS: FuzzVfluxClientPool/92127a49b1941ba14b5afc942f001274c15fdf74 (0.00s)
    --- PASS: FuzzVfluxClientPool/9280bd0b4f2fbb2633f6955591dd13a34944a101 (0.00s)
    --- PASS: FuzzVfluxClientPool/929f7c3cff1a49fbe2c8c482e0d10436e81e2c5d (0.00s)
    --- PASS: FuzzVfluxClientPool/92aba29e915a98883cbce813d6743ff303a641a4 (0.00s)
    --- PASS: FuzzVfluxClientPool/93a1c9918798f71ff6f7727bacce24b1c1d083c8 (0.00s)
    --- PASS: FuzzVfluxClientPool/93b767d329812c489f6e22a9058fff7fc7ebd86b (0.00s)
    --- PASS: FuzzVfluxClientPool/9478f617e5b21b9a6f11a8e08bc1a0070c510df9 (0.00s)
    --- PASS: FuzzVfluxClientPool/96e441e5ce48a414046f6d360ca778620a211c7e (0.00s)
    --- PASS: FuzzVfluxClientPool/96f98216805a7706e933d90dacdb6e43fa48c794 (0.00s)
    --- PASS: FuzzVfluxClientPool/971feeffd91e36dd273b72e2de8f430d823a0aaf (0.00s)
    --- PASS: FuzzVfluxClientPool/975d4745b7a58638abc20918e5252cf36cc79588 (0.00s)
    --- PASS: FuzzVfluxClientPool/97afed211de3f6eab5c952eeb96a5a1698a68af3 (0.00s)
    --- PASS: FuzzVfluxClientPool/9863765bbc23ca42e60f541980fd13a175c2fe6e (0.00s)
    --- PASS: FuzzVfluxClientPool/9890b10ca417e7906b1621e78beed605444fa1a8 (0.00s)
    --- PASS: FuzzVfluxClientPool/999c03910170ab4eceb18b81b2e51d4b852489eb (0.00s)
    --- PASS: FuzzVfluxClientPool/99b88da09652fca6f9d3d74f126b80655c3653cb (0.00s)
    --- PASS: FuzzVfluxClientPool/9a2000dbfa7efee04aa990bba64004c4e36a70bd (0.00s)
    --- PASS: FuzzVfluxClientPool/9a4167dfceeb6adeb93957ab918996b3ad7204e0 (0.00s)
    --- PASS: FuzzVfluxClientPool/9d5c4bca71738f7a247765fd082304e221a4749d (0.00s)
    --- PASS: FuzzVfluxClientPool/9de17b954e09b1e556177c4dcfcc66e32a97a44e (0.00s)
    --- PASS: FuzzVfluxClientPool/9e746deb15fc40624b95574a1cbfe5837c8a8028 (0.00s)
    --- PASS: FuzzVfluxClientPool/9f70d8a617cc1f5ac812031c605c3be327b40619 (0.00s)
    --- PASS: FuzzVfluxClientPool/9f7dc21f3a31efdf075b7645f803f500e308fbf9 (0.00s)
    --- PASS: FuzzVfluxClientPool/9fc2ac0bd03ea68b573af1a953ae048277e36b86 (0.00s)
    --- PASS: FuzzVfluxClientPool/9fca4ef0b9ba7e444f82dc741fd9abe6b5c9a8ff (0.00s)
    --- PASS: FuzzVfluxClientPool/a067bc58c9886c3647a29cb2e80d0c412c2bead9 (0.00s)
    --- PASS: FuzzVfluxClientPool/a07ec60b58156936b0239d385214f84252e3ffda (0.00s)
    --- PASS: FuzzVfluxClientPool/a10909c2cdcaf5adb7e6b092a4faba558b62bd96 (0.00s)
    --- PASS: FuzzVfluxClientPool/a1635d5fb121248d987047d22c0ea1d03986c96f (0.00s)
    --- PASS: FuzzVfluxClientPool/a1fc03f1f7935359e115bd27c1ec9de7c711a0f1 (0.00s)
    --- PASS: FuzzVfluxClientPool/a2d9a48c5acd6ed8741490c2d54de9ac18cc0c00 (0.00s)
    --- PASS: FuzzVfluxClientPool/a2f90f879399ab8e16084f62933da1a6ddfc85cf (0.00s)
    --- PASS: FuzzVfluxClientPool/a359ac77109cc1f58d9ae77233af1bb71f65aed8 (0.00s)
    --- PASS: FuzzVfluxClientPool/a3826a8e1929879213fdc5f1aba7639738f6e67d (0.00s)
    --- PASS: FuzzVfluxClientPool/a467328ab181fb740c95140ead2ce84fca4bbd5d (0.00s)
    --- PASS: FuzzVfluxClientPool/a4e506c833e00076d722c6f0e6c0b1965189e85c (0.00s)
    --- PASS: FuzzVfluxClientPool/a57954a7953e763ee44e855e7a2ef00c7e7349b7 (0.00s)
    --- PASS: FuzzVfluxClientPool/a6202de85bce609a9c051dfa03baa7fbc5e9148a (0.00s)
    --- PASS: FuzzVfluxClientPool/a659009528d4f51608518419d33f057ddde4fdb1 (0.00s)
    --- PASS: FuzzVfluxClientPool/a6b426d65ff7fc66891d5a8223d09001aa89d527 (0.00s)
    --- PASS: FuzzVfluxClientPool/a6ee95d3323f0eff8b539f7793a2ef63868e3afd (0.00s)
    --- PASS: FuzzVfluxClientPool/a700d0330f675e9efa25cb1600f65382cd2a0cd9 (0.00s)
    --- PASS: FuzzVfluxClientPool/a7981c2fb097ec861a7bbe1b97fd1bdd1c6672ed (0.00s)
    --- PASS: FuzzVfluxClientPool/a7bb6595fa4de25dc1e012aa3571011f7ea182c0 (0.00s)
    --- PASS: FuzzVfluxClientPool/a818fa9992b918c77999c07c0e0ba6961e276e12 (0.00s)
    --- PASS: FuzzVfluxClientPool/a86160ea75185548575e8fbd16c7fc4c2918f5e4 (0.00s)
    --- PASS: FuzzVfluxClientPool/a8e491a21d66ba7cef8dedb5ee6a5644882e1de4 (0.00s)
    --- PASS: FuzzVfluxClientPool/a9063d8974c56a6284161b7e3d1bc91d2516db4a (0.00s)
    --- PASS: FuzzVfluxClientPool/a92b4af1efc3bb88425db431af80922c68cdefc2 (0.00s)
    --- PASS: FuzzVfluxClientPool/a99cf9cd6b47cdcb8c873293d84e770cd179378b (0.00s)
    --- PASS: FuzzVfluxClientPool/a9b783b9500e31931214ceaa2675be333277a7a0 (0.00s)
    --- PASS: FuzzVfluxClientPool/ab07e767099e70949949d161e7df51e19819d824 (0.00s)
    --- PASS: FuzzVfluxClientPool/ab35e7e1423ee663a6db6ad5fbdc2bf60657a59c (0.00s)
    --- PASS: FuzzVfluxClientPool/ac76081affcb7cf58bfe2939f54c551a9fd5eae3 (0.00s)
    --- PASS: FuzzVfluxClientPool/ad08fc06e1819196907041f9603f049df7933772 (0.00s)
    --- PASS: FuzzVfluxClientPool/adaf09496512e8d5ef6fc3003ba87028fc129083 (0.00s)
    --- PASS: FuzzVfluxClientPool/adc396ab9ac3da926d9f7e62a3d228ddc3d2fe92 (0.00s)
    --- PASS: FuzzVfluxClientPool/adc83b19e793491b1c6ea0fd8b46cd9f32e592fc (0.00s)
    --- PASS: FuzzVfluxClientPool/ae32f72072c025c49539ddf3deebef692daee2ac (0.00s)
    --- PASS: FuzzVfluxClientPool/ae364258cc6aa0e6ec1f76cfac23b14f31da9046 (0.00s)
    --- PASS: FuzzVfluxClientPool/aec1a5bac659487cb83e8b5df6b10a1262c698b1 (0.00s)
    --- PASS: FuzzVfluxClientPool/aefd4a84107545aa780d3e99a7e205716e998a70 (0.00s)
    --- PASS: FuzzVfluxClientPool/aff098342d6092baa4682a356ef7009cfede16aa (0.00s)
    --- PASS: FuzzVfluxClientPool/b017ca067670ea5b0fdd80893727559fdadbb30c (0.00s)
    --- PASS: FuzzVfluxClientPool/b053d5079d5da9b5e2b260b2193af4f64f5d2257 (0.00s)
    --- PASS: FuzzVfluxClientPool/b09fe2cec7e147bb72dd19922e555685ac1e9d36 (0.00s)
    --- PASS: FuzzVfluxClientPool/b0da945b471516e1a6d5120af7b80d1a2c9b2416 (0.00s)
    --- PASS: FuzzVfluxClientPool/b137bb1a6419fa0e7fe163a3fc205a0b8183d889 (0.00s)
    --- PASS: FuzzVfluxClientPool/b14d571396dc967a0d265dd6be7a35dd76966e60 (0.00s)
    --- PASS: FuzzVfluxClientPool/b17aceba4a9e006961bfd2a76c8198a55f9c2d5a (0.00s)
    --- PASS: FuzzVfluxClientPool/b1bce81aebc2d7de95d095c887b7d714f3c323d8 (0.00s)
    --- PASS: FuzzVfluxClientPool/b21b23b18bb9b3c6948f6f269bf4adce18b373ea (0.00s)
    --- PASS: FuzzVfluxClientPool/b268c973a0bc4942053cb3282929025b903054cb (0.00s)
    --- PASS: FuzzVfluxClientPool/b29c66d886e30857baf40e2968dcaefe28e6e79a (0.00s)
    --- PASS: FuzzVfluxClientPool/b2be80ccf5d75765324cd02905ca2ee6c720c1cf (0.00s)
    --- PASS: FuzzVfluxClientPool/b30f97cf582716c4b18e495f52e958b9cd618ef6 (0.00s)
    --- PASS: FuzzVfluxClientPool/b371a64a8474ceaf85f2fea485616daccc28ebc7 (0.00s)
    --- PASS: FuzzVfluxClientPool/b3ab6d734476d6f0744d278922346080fa6a25dc (0.00s)
    --- PASS: FuzzVfluxClientPool/b478adecc1ded36337766b4aa6e39abfe692ebea (0.00s)
    --- PASS: FuzzVfluxClientPool/b4a4ec7af622143dc2f6abe945778816b9c5219c (0.00s)
    --- PASS: FuzzVfluxClientPool/b4c931ed337d9e3f0681759deeb0a4ecda86f974 (0.00s)
    --- PASS: FuzzVfluxClientPool/b558a840fdb3462dd25fb29055e64cdd3d455cfb (0.00s)
    --- PASS: FuzzVfluxClientPool/b67020ed1068252d7e6483dac4113e5097004e8e (0.00s)
    --- PASS: FuzzVfluxClientPool/b67e2625439e7646703737137f5a56213d0911c3 (0.00s)
    --- PASS: FuzzVfluxClientPool/b69628c888bae2b9fb37456746aaf1a22ffe9147 (0.00s)
    --- PASS: FuzzVfluxClientPool/b77cd73b879660a860c2e8bc08c333c95714e514 (0.00s)
    --- PASS: FuzzVfluxClientPool/b79a0b442b06e5aaae67be77893c00248570f3f0 (0.00s)
    --- PASS: FuzzVfluxClientPool/b7bead5432f786003cdca20251c08f5b7dbf63ea (0.00s)
    --- PASS: FuzzVfluxClientPool/b8144801794d7200c4800e497255b4855a3e5ce2 (0.00s)
    --- PASS: FuzzVfluxClientPool/b9234a42a89204c68c1fb35c26393aaa5226f88c (0.00s)
    --- PASS: FuzzVfluxClientPool/b9be90bb47ca86376922c49509822cb6aa5793e5 (0.00s)
    --- PASS: FuzzVfluxClientPool/b9f2036f45b416ccaa28b14e2458819879512595 (0.00s)
    --- PASS: FuzzVfluxClientPool/be13d6fc52a7b52317acadaca8ebd808d24ea827 (0.00s)
    --- PASS: FuzzVfluxClientPool/bea60b695b614828ad61377340926f4e47f97717 (0.00s)
    --- PASS: FuzzVfluxClientPool/bf37f1538aa9a13fdafd5c4ae10de1d7e04b2d41 (0.00s)
    --- PASS: FuzzVfluxClientPool/bf5786c966b4ba67e1919491acf9e38bfafa8c2d (0.00s)
    --- PASS: FuzzVfluxClientPool/bf77fe2b16dc3b5110ba23e1e61bd54e797f98d2 (0.00s)
    --- PASS: FuzzVfluxClientPool/c0ff2455f4a643ed1985de675f6e068a9bd03018 (0.00s)
    --- PASS: FuzzVfluxClientPool/c13a269e8420963dc8ae200f2c002be48e84d5ca (0.00s)
    --- PASS: FuzzVfluxClientPool/c161f452ea45ab97d94eb7ecfe926bcb38a23455 (0.00s)
    --- PASS: FuzzVfluxClientPool/c222df125b5640ed6eaf07966d83c250e2e718e2 (0.00s)
    --- PASS: FuzzVfluxClientPool/c37949053aa599443466cb62455cd0729012995b (0.00s)
    --- PASS: FuzzVfluxClientPool/c469022686d93feb4992c34920f434b0250c4795 (0.00s)
    --- PASS: FuzzVfluxClientPool/c5ee5dc3f76a5656fee93b966f4c34075ec52006 (0.00s)
    --- PASS: FuzzVfluxClientPool/c7e09e78a0aeffda8cbfe841df33ea4248cfc99f (0.00s)
    --- PASS: FuzzVfluxClientPool/c8016bd3551759107f6efba9ffbe7ceec88e6d80 (0.00s)
    --- PASS: FuzzVfluxClientPool/c8897501f002e21530846ec0cf3be2cefdb35ccf (0.00s)
    --- PASS: FuzzVfluxClientPool/c9187f699109de4a12fe9d585762cf9772315a75 (0.00s)
    --- PASS: FuzzVfluxClientPool/c97e78c4a53d0c9ca466766aa8107eeef49aa3db (0.00s)
    --- PASS: FuzzVfluxClientPool/c99456ba6bc997df75933c1e06a03f95758a1f80 (0.00s)
    --- PASS: FuzzVfluxClientPool/c9f0d85240b5f6208ddae98ac9d9fe147fc9c52a (0.00s)
    --- PASS: FuzzVfluxClientPool/ca07d4017da3cf19a12347b380b4c3660490d0f3 (0.00s)
    --- PASS: FuzzVfluxClientPool/ca1f1aa2edfdc35ac0b5d955b31c57344d54dccd (0.00s)
    --- PASS: FuzzVfluxClientPool/ca20829bac416a37d17c5d51811c3d611d4ae9a9 (0.00s)
    --- PASS: FuzzVfluxClientPool/caa8eaeedad59ebd7af15f1f146df8f621af2805 (0.00s)
    --- PASS: FuzzVfluxClientPool/cab8d0b8851cfe22fbf60c614d789502d88345a1 (0.00s)
    --- PASS: FuzzVfluxClientPool/cb6b3d2771b570cb82f595ea5d06bc5ecd123816 (0.00s)
    --- PASS: FuzzVfluxClientPool/cb88c85fbc0a1214abbeea7da3d635d4bcfe019c (0.00s)
    --- PASS: FuzzVfluxClientPool/cd29070bdb26fcc5c0eb5e1580dcece2c212c786 (0.00s)
    --- PASS: FuzzVfluxClientPool/ce4878618f01b83000789db09b22b523935b52a8 (0.00s)
    --- PASS: FuzzVfluxClientPool/ce6193f2a882c77b48589ca613bad88aad697b46 (0.00s)
    --- PASS: FuzzVfluxClientPool/ceab669a65595764076707f5f863a1896900e1af (0.00s)
    --- PASS: FuzzVfluxClientPool/ceb4c5cee2a78f63c51e72d4197714e19a11e5ca (0.00s)
    --- PASS: FuzzVfluxClientPool/cf364a0119d53c9adb9c188f79a421b4ed987df4 (0.00s)
    --- PASS: FuzzVfluxClientPool/cf7b2ebeaebd4a1e68e0a0ba1dd7f860746ba673 (0.00s)
    --- PASS: FuzzVfluxClientPool/cfbaef5efed9d3b4a99322ec29a6a6f284947324 (0.00s)
    --- PASS: FuzzVfluxClientPool/cff4c47cc452eff56dd6ebf565869074a84e4268 (0.00s)
    --- PASS: FuzzVfluxClientPool/d0005ec9e426bde33725504f582a5440927b805c (0.00s)
    --- PASS: FuzzVfluxClientPool/d0ca0ad579cc843266b383b7d9c7ebd4c04e2abd (0.00s)
    --- PASS: FuzzVfluxClientPool/d1f61217e5da44bd01dbd03cbc3bfa2542e737d1 (0.00s)
    --- PASS: FuzzVfluxClientPool/d22adeee952f5b1783ff31fb331505906997a97a (0.00s)
    --- PASS: FuzzVfluxClientPool/d2c95a7cf39072231aafd96ee07a14db11b5a1ef (0.00s)
    --- PASS: FuzzVfluxClientPool/d3397d75ccac5f6f7f53ebe8c5b525cfd854b5c5 (0.00s)
    --- PASS: FuzzVfluxClientPool/d35a12227eadf5105d70a93c53c45e107d13be1c (0.00s)
    --- PASS: FuzzVfluxClientPool/d3b866a0c7d8b697c520c35faa029bc135d3d821 (0.00s)
    --- PASS: FuzzVfluxClientPool/d452ddc8deec94d1a5ab1eb0f26aa258b58da794 (0.00s)
    --- PASS: FuzzVfluxClientPool/d45ae2c256d5a7d67a41af74f8bf05f26537064d (0.00s)
    --- PASS: FuzzVfluxClientPool/d4764f3c716958cf58c115c63855b8e8cb3668ed (0.00s)
    --- PASS: FuzzVfluxClientPool/d4c7bb9af3ec0a53d01932f609f04460e0ddb8ac (0.00s)
    --- PASS: FuzzVfluxClientPool/d54696eda6eab8f0d9034c3597747a21ab1231f6 (0.00s)
    --- PASS: FuzzVfluxClientPool/d55ac3617ebc3316a5992151af4486b07c73975a (0.00s)
    --- PASS: FuzzVfluxClientPool/d5945a1308d1428b35557b78229c0dea1fb444e7 (0.00s)
    --- PASS: FuzzVfluxClientPool/d5cfd3915647d30c2d4a4b45e546eb7f2712da3e (0.00s)
    --- PASS: FuzzVfluxClientPool/d613913e55eca43c0c8e9bc261cbca08d1a580c2 (0.00s)
    --- PASS: FuzzVfluxClientPool/d628f9675f0f184713c7a341865b15419855d7a5 (0.00s)
    --- PASS: FuzzVfluxClientPool/d6968ce2aa93e8dd6755d2eca519ea75b279a5f4 (0.00s)
    --- PASS: FuzzVfluxClientPool/d73c140891b27686b15a900dde943cebfea20710 (0.00s)
    --- PASS: FuzzVfluxClientPool/d76216d85dbd284fe339fe571e937173542db5cb (0.00s)
    --- PASS: FuzzVfluxClientPool/d7ab712be04e0e7e5d8df0b5679d7c138dd4214c (0.00s)
    --- PASS: FuzzVfluxClientPool/d87fc52a7ee7d7dac9b8eae3df3abab4c0a9c363 (0.00s)
    --- PASS: FuzzVfluxClientPool/d894d9bc6a38ebc4df2cc5529c26cde3345a9425 (0.00s)
    --- PASS: FuzzVfluxClientPool/d8b68b3e9a1733501b8dbbf206d6149e9184c664 (0.00s)
    --- PASS: FuzzVfluxClientPool/d901b0f5cb6595d93f5a253d6e13006f122e943a (0.00s)
    --- PASS: FuzzVfluxClientPool/d914d3b819a44916153f87a6cbc86a90740666a4 (0.00s)
    --- PASS: FuzzVfluxClientPool/d935fd77505c9ea092290c9c0035e655d6ae524a (0.00s)
    --- PASS: FuzzVfluxClientPool/d9387e2e11da77da587ddfbe307d3afbc2eb073e (0.00s)
    --- PASS: FuzzVfluxClientPool/d98bf1757a0fa8183e784043d37b2eb555a61096 (0.00s)
    --- PASS: FuzzVfluxClientPool/d9ae78cb8814b584c3db2947b00bee721ff39077 (0.00s)
    --- PASS: FuzzVfluxClientPool/db0d48cb7e3d4daca90e015e082206a9dd6224aa (0.00s)
    --- PASS: FuzzVfluxClientPool/dc11560a6fa4d6382e01fb08f9baf15edfeb007b (0.00s)
    --- PASS: FuzzVfluxClientPool/dc167e60fb8cb5605248fe96166b7a76e133ef1d (0.00s)
    --- PASS: FuzzVfluxClientPool/dc1b9aed4271d2cc272af96a64eb0e867f3dad39 (0.00s)
    --- PASS: FuzzVfluxClientPool/dc77488c5e304b6a1ee392cb4fd14f50bd71d032 (0.00s)
    --- PASS: FuzzVfluxClientPool/dcac5ccea22a32929dffc88bdce075c0fcc18f83 (0.00s)
    --- PASS: FuzzVfluxClientPool/dea2a15ac1136b703676c2ed1d494c5a1018396c (0.00s)
    --- PASS: FuzzVfluxClientPool/dee58d8dee4404b68012082359f961a171a6ade6 (0.00s)
    --- PASS: FuzzVfluxClientPool/e09790ae56a48ef3ba59ccbab724bd80a5ea8459 (0.00s)
    --- PASS: FuzzVfluxClientPool/e0fd3e5e6271a0137377e8f6a577526f5561370a (0.00s)
    --- PASS: FuzzVfluxClientPool/e134c013967d4e8e3400c29ce1a2683292fffaea (0.00s)
    --- PASS: FuzzVfluxClientPool/e21081eba39c24b88530c58f8b2368a6a52812c2 (0.00s)
    --- PASS: FuzzVfluxClientPool/e26e2f196155b86ecd9cc59b8b50d4d4f08b7c51 (0.00s)
    --- PASS: FuzzVfluxClientPool/e29e6ae55b6e2ec8a1f351af824dbebd3b1d86d3 (0.00s)
    --- PASS: FuzzVfluxClientPool/e2e8dd7ef14331488d41ca7718f19724a2c70c83 (0.00s)
    --- PASS: FuzzVfluxClientPool/e31a41846a598df4012db05f6d2bbc616d22613b (0.00s)
    --- PASS: FuzzVfluxClientPool/e45addcd534845fb0cee668be8813a00f33a890d (0.00s)
    --- PASS: FuzzVfluxClientPool/e48bf44b41e879b03d12b4b3b5dbba26f9954dbb (0.00s)
    --- PASS: FuzzVfluxClientPool/e58c67dbe9a6da7df0318369a0cc0133e001834d (0.00s)
    --- PASS: FuzzVfluxClientPool/e5d3a11013c3ac6fbe46e028b779ded33677db41 (0.00s)
    --- PASS: FuzzVfluxClientPool/e5e0c8f64f0270d04a3526aa4cb579ae5ea9e247 (0.00s)
    --- PASS: FuzzVfluxClientPool/e60e3d0db14f4aeab7fc20ca619b0608f12ec240 (0.00s)
    --- PASS: FuzzVfluxClientPool/e65b8ff8ed26954aa46426306906490e69a79b08 (0.00s)
    --- PASS: FuzzVfluxClientPool/e676a99504b2dca398eeafe0fd233aff7f21f7dd (0.00s)
    --- PASS: FuzzVfluxClientPool/e6d17436d60b0a305119fe823386de912c7c3ed5 (0.00s)
    --- PASS: FuzzVfluxClientPool/e749a6a58da0abcefff14023ea8a49cb8b83eece (0.00s)
    --- PASS: FuzzVfluxClientPool/e7910d93e713eaf925a315604520627a25cd652a (0.00s)
    --- PASS: FuzzVfluxClientPool/e798136fb0d85aa9c585eea66bf08b217cd8e48c (0.00s)
    --- PASS: FuzzVfluxClientPool/e7e7ecef12c69a9b1a63bee975ce5fe603eec960 (0.00s)
    --- PASS: FuzzVfluxClientPool/e8188c1d592631f0235c221424e2cdcf068e6513 (0.00s)
    --- PASS: FuzzVfluxClientPool/e82e9b71bfcdd84a9461ebe958f36d0e7000edb0 (0.00s)
    --- PASS: FuzzVfluxClientPool/e87ad80e4447f6674feda6b40f7867b8ea0cfda9 (0.00s)
    --- PASS: FuzzVfluxClientPool/e8ac0535b72649f733780abf093131755737e49a (0.00s)
    --- PASS: FuzzVfluxClientPool/e9262d59f21c562bccc04396ebba5415eb9c1681 (0.00s)
    --- PASS: FuzzVfluxClientPool/e957bd666e745132308c73c45328731b3aa355ad (0.00s)
    --- PASS: FuzzVfluxClientPool/eabc0531da6eb6bc2ef70ace35f0db786b627301 (0.00s)
    --- PASS: FuzzVfluxClientPool/eaf4df937fe8767b79f00b1f2b70f42ab7bd7ec9 (0.00s)
    --- PASS: FuzzVfluxClientPool/ec0d1618844971ebf94f81470489b20fa0749837 (0.00s)
    --- PASS: FuzzVfluxClientPool/ec8fd3bca8895cf54cbd4ce7de6b0ab97a16fcd4 (0.00s)
    --- PASS: FuzzVfluxClientPool/ece0c54ddbdcdfd4b87ab0a0de4ac81ccc8833b6 (0.00s)
    --- PASS: FuzzVfluxClientPool/ed0f755dd38b92a685b292dadae06a20bc1ba02b (0.00s)
    --- PASS: FuzzVfluxClientPool/ed314e1918821afc9318dc353f912a39618815b0 (0.00s)
    --- PASS: FuzzVfluxClientPool/ed40eb59a1e41c34f79e955bbf05b8f1b0885f0d (0.00s)
    --- PASS: FuzzVfluxClientPool/ee3ea2d29c554b0c097e64c58cce19a5f604435b (0.00s)
    --- PASS: FuzzVfluxClientPool/eece32e698db0b24ce65b866d1af3eb6a159bce8 (0.00s)
    --- PASS: FuzzVfluxClientPool/eed4e3e6ee8919a9684c28fefce9a7eceff18a9e (0.00s)
    --- PASS: FuzzVfluxClientPool/eee83f7fb7d2200d40c3ab9fb85ec73fe1c396c3 (0.00s)
    --- PASS: FuzzVfluxClientPool/eefe4af69b7e584c17a4c1d740db55416bea8888 (0.00s)
    --- PASS: FuzzVfluxClientPool/ef1988e285f36442bda54d3f1fc97d1e052833c4 (0.00s)
    --- PASS: FuzzVfluxClientPool/ef7434a18e70e933e653cc2e573f7db0580cd4d9 (0.00s)
    --- PASS: FuzzVfluxClientPool/f25df3f8cd303364e9aa261c0ee7976f605e8482 (0.00s)
    --- PASS: FuzzVfluxClientPool/f29a1a00ed330b25b8bc41baa76bde5bb5c942a2 (0.00s)
    --- PASS: FuzzVfluxClientPool/f2a18a65dea53ca670e5beeac8a00df2abd57446 (0.00s)
    --- PASS: FuzzVfluxClientPool/f2d209e18749073c044b0aa41b2ece94a022ed0a (0.00s)
    --- PASS: FuzzVfluxClientPool/f310e93866abbcc455504b1431d8f9be0eb53aa3 (0.00s)
    --- PASS: FuzzVfluxClientPool/f3b2c3efc65a22aa3d3ac510b8cb6899e4531fbb (0.00s)
    --- PASS: FuzzVfluxClientPool/f4b7e254ce8224dbfbaf8a2a84fe649f2b6c9109 (0.00s)
    --- PASS: FuzzVfluxClientPool/f525bff271fcab202af8d672ab096a18ce56f566 (0.00s)
    --- PASS: FuzzVfluxClientPool/f5a5cd00a1f42ebfea0cfbe77567891f023d486e (0.00s)
    --- PASS: FuzzVfluxClientPool/f5de20361f13164701d71181de710737ec9253be (0.00s)
    --- PASS: FuzzVfluxClientPool/f608a9116519d7044cee76c59983bf016d28ca98 (0.00s)
    --- PASS: FuzzVfluxClientPool/f63be20f6f49405691d46876081267a7b3904069 (0.00s)
    --- PASS: FuzzVfluxClientPool/f64bb9ee773644e28e6cb90edc93b49b769b93c0 (0.00s)
    --- PASS: FuzzVfluxClientPool/f667742b49a25733dd1c31442ee7c1a88afd04b3 (0.00s)
    --- PASS: FuzzVfluxClientPool/f6f9cd961b19f5bf919bca16c33713aed1764f22 (0.00s)
    --- PASS: FuzzVfluxClientPool/f73b4dd63dbc85e6de087334349d4b89593cb64d (0.00s)
    --- PASS: FuzzVfluxClientPool/f7560f5d810864c90c42d02937cc168530697d3d (0.00s)
    --- PASS: FuzzVfluxClientPool/f7c0810fb27565fc8fe144eb361b5390a710bc0d (0.00s)
    --- PASS: FuzzVfluxClientPool/f863e18531cd220d75b3786556c2a7c11f7a4019 (0.00s)
    --- PASS: FuzzVfluxClientPool/f899b344a72b10c2b14fbef178a98abb12d07481 (0.00s)
    --- PASS: FuzzVfluxClientPool/f9b10dbf181c92b6d29b30be43e5bbfe5e6d2cd3 (0.00s)
    --- PASS: FuzzVfluxClientPool/fab4f0f393499e4b15e1f57239e72d5bba7137a1 (0.00s)
    --- PASS: FuzzVfluxClientPool/fb9c61c2a59615814e979ca460e249b5003246a6 (0.00s)
    --- PASS: FuzzVfluxClientPool/fc0c074df512bef2cb5338f4f335c01ca033fb1b (0.00s)
    --- PASS: FuzzVfluxClientPool/fc85a478111be789ed10639ac6e665b2a3f38e47 (0.00s)
    --- PASS: FuzzVfluxClientPool/fe233f254ec0dcfd1a0c1690eecece5bde594fd9 (0.00s)
    --- PASS: FuzzVfluxClientPool/fe2e98ca3425a06021c51e7f4418413c1e5b30be (0.00s)
    --- PASS: FuzzVfluxClientPool/feb3d3d7938bddf68167561392d84b13cd0a3273 (0.00s)
    --- PASS: FuzzVfluxClientPool/ff203e2a4698e8d2eb0c540335a5a71f2a277cb4 (0.00s)
    --- PASS: FuzzVfluxClientPool/ff4005347b93244a5f10ca1bd9398abe9bcd5179 (0.00s)
PASS
coverage: 94.9% of statements
ok  	github.com/morph-l2/go-ethereum/tests/fuzzers/vflux	0.483s	coverage: 94.9% of statements
	github.com/morph-l2/go-ethereum/tests/fuzzers/vflux/debug		coverage: 0.0% of statements
