=== RUN   FuzzDifficulty
=== RUN   FuzzDifficulty/079efaac85a49719a3501f27989a1b395b24c52d
=== RUN   FuzzDifficulty/08574a33332dc6eb4759d7d16bddf81ea8b197bc
=== RUN   FuzzDifficulty/0a398dcbf4b6a8efb62b28d696bc1322d371c1db
=== RUN   FuzzDifficulty/14a8812c62bf277e3d56b3e2b4db0818d5701eba
=== RUN   FuzzDifficulty/1bd47e958ffcf83e8d1fbb0a612499d68c2ec972
=== RUN   FuzzDifficulty/1dcb98042f0a6618799ee5fa2ad349ba0f1bb54f
=== RUN   FuzzDifficulty/204aa6bea4aa2e71f0bc60d4848fdcc2eee2fead
=== RUN   FuzzDifficulty/2115e74df6c7f54c99432ee1f9340367b52c2f98
=== RUN   FuzzDifficulty/227eaf4c86f6ab7a222bf528772f6190c42d0ddb
=== RUN   FuzzDifficulty/232c2b47ecdbb849e3899124ebb9fc5474ab17c3
=== RUN   FuzzDifficulty/23b77269026478655532d235c25b4788e22c76b1
=== RUN   FuzzDifficulty/266b05d0a2e16b642af2d67045fabdffc1907d00
=== RUN   FuzzDifficulty/26d8c229c553be8c504dc6d047f0a9a029b40ab7
=== RUN   FuzzDifficulty/289fe294c164eca2ec6a7751db0ae5d72a8d104a
=== RUN   FuzzDifficulty/2996e7b33c51f21a98a9fd4eb18c59560129bee4
=== RUN   FuzzDifficulty/2f029ca093f39a0047220ce27b8a14b90e67593b
=== RUN   FuzzDifficulty/3099853020e58b20e18d4986feb08bf385ab18d6
=== RUN   FuzzDifficulty/37cbea6b8a8d7deac3d723961cb91b49830f2879
=== RUN   FuzzDifficulty/37d21307ebcd1247afe67bd0423c3ce044bc3d2e
=== RUN   FuzzDifficulty/38063bd0b51961237ce0338f50b2f70305da8a69
=== RUN   FuzzDifficulty/38d7e73609e9afb4fbf84c7271a7e54a4d7143d5
=== RUN   FuzzDifficulty/392b3b68444419d375d49ab3b395b96d9bd64582
=== RUN   FuzzDifficulty/39b3564e8ea1f55c15627e8a1841ae6a28e3203a
=== RUN   FuzzDifficulty/3ce0a1af90b6e7a3dd8d45e410884b588ea2d04c
=== RUN   FuzzDifficulty/40d16ebb4dabffcd5c7caa86f7211628c596261b
=== RUN   FuzzDifficulty/468345bee82a8ddeb8599e871c3b0add7a331fe1
=== RUN   FuzzDifficulty/47fe7225c49ced7b53b49147944c8f340834e391
=== RUN   FuzzDifficulty/4ab69b6671b90b702ffd6fd8dd2a7001344aef4e
=== RUN   FuzzDifficulty/4c01d9d39e88e2786823a29805f6b2c8b68d40cb
=== RUN   FuzzDifficulty/4d2c961d95444ee570ee3f436d4117f753765b81
=== RUN   FuzzDifficulty/4f3bda3e170086aa750190461703d6762a0d8f10
=== RUN   FuzzDifficulty/514b4734d695a41a770fb5f43c08489756feed3e
=== RUN   FuzzDifficulty/548144cd78a099b206972586bef40f4751a7899e
=== RUN   FuzzDifficulty/56d59eb861cd639f4f5b404b63e995ce4d6348d5
=== RUN   FuzzDifficulty/57caf7c404075393bd6a796b7c65d22cc8c4d511
=== RUN   FuzzDifficulty/5f27c9daa39421ceabf903221d9f7ba91a8bd9df
=== RUN   FuzzDifficulty/60cc4a421c8f09493078e0cca3e5482855f24dbe
=== RUN   FuzzDifficulty/6178a0dd65b62005586d62c0ed9de869f9dace40
=== RUN   FuzzDifficulty/65aadd90bb8c51c4c6e4d206d1140ccdbf03fab1
=== RUN   FuzzDifficulty/6eb98f06874b2095fd3047232991c8326fc5fc7f
=== RUN   FuzzDifficulty/6fbec6089f2ff0f03f08f9873ca71320906d105b
=== RUN   FuzzDifficulty/77ed7798c5cf79d226cd7c691658dc4c9fe5a47d
=== RUN   FuzzDifficulty/7c772e4905da8eaa7e37d6e0ef6f7c33d0597395
=== RUN   FuzzDifficulty/7cb8b13c41eb6c106a9bb4c65389f3d9958596c5
=== RUN   FuzzDifficulty/7eb9de462bceec4b180b4c30edc02103c620a160
=== RUN   FuzzDifficulty/825289294935c29698a06e6f721672f6f8042ef1
=== RUN   FuzzDifficulty/841c8c7328ced37c40c0ed4be5cd90fa6f50803c
=== RUN   FuzzDifficulty/8779280ca903a3b0855309efb833ee9a1b09b5c3
=== RUN   FuzzDifficulty/8b9e6d56f3cb54d9dfdff09086d715cf8fac785f
=== RUN   FuzzDifficulty/8c396bd768a0aba08f6d11afcbe172ad028a180f
=== RUN   FuzzDifficulty/8e164a3df57ac17b8cea60ce30446af102570e31
=== RUN   FuzzDifficulty/9069ca78e7450a285173431b3e52c5c25299e473
=== RUN   FuzzDifficulty/9309458aae807ebf209274c79043e15739144f42
=== RUN   FuzzDifficulty/94a9cd4ea3e710f31ca72dd692912ae967dbd3b1
=== RUN   FuzzDifficulty/95eccefe8e9cb92fcbfb1d4cb37a10ba89412eb2
=== RUN   FuzzDifficulty/964b7bec403d51b609027eea6a6ebf19c2614890
=== RUN   FuzzDifficulty/96db6380a13d172a9a136f64b7816c1ed5153277
=== RUN   FuzzDifficulty/9b9cd2324dae8f80333dacdf890324340b0aa4fc
=== RUN   FuzzDifficulty/9c53efcada1bc57aa9cc4d432a70a6d20aa4afad
=== RUN   FuzzDifficulty/9e89b00e25690f422222108217144f349a5f65cd
=== RUN   FuzzDifficulty/9e8f2b6a36dda275290db5e518950be3130bf08b
=== RUN   FuzzDifficulty/a787709508e1a178fd1298d658a32fd115b84f67
=== RUN   FuzzDifficulty/ab751551c71fdc8ca188efb95187ac32b6c247b5
=== RUN   FuzzDifficulty/ac744a16a9026ab883d4ef7377ec1c6b1118ccaa
=== RUN   FuzzDifficulty/ad9d143169ea1b0fccc9bf381157d8531e441878
=== RUN   FuzzDifficulty/adc83b19e793491b1c6ea0fd8b46cd9f32e592fc
=== RUN   FuzzDifficulty/aea0e2ab6b38334225f1c4061eda27430c1f2951
=== RUN   FuzzDifficulty/b0ae069999e64c11961c2a90f7219a15362c6201
=== RUN   FuzzDifficulty/b212c8726f1bf1b03b8ee43287edf1b6e1f28079
=== RUN   FuzzDifficulty/b38b2879a65618d4e892d3ae1264ba1ab3cf6447
=== RUN   FuzzDifficulty/b48c50ba4ea2a8d3451175d8d9ebd5db9af46584
=== RUN   FuzzDifficulty/b533330fb55d4cf43d549ce73786a6fa34d8b4cf
=== RUN   FuzzDifficulty/b5faee13233c8fafa222471a008783fd36e1bd4f
=== RUN   FuzzDifficulty/b7a28c34393bae60260d8fd980281b73c3b9b311
=== RUN   FuzzDifficulty/b7b5a8d9d4616feb00a37347b3ea580539068591
=== RUN   FuzzDifficulty/b9c055dd5d3929021f65276a4e96a616cc71644f
=== RUN   FuzzDifficulty/bb9ff939209226f5d387b4fdc30549f9ba8d66e3
=== RUN   FuzzDifficulty/bfee0cb483119b1fc73f8f961c914d0630280d73
=== RUN   FuzzDifficulty/c00c529f4902cd8592d693ec5681775766e15ac7
=== RUN   FuzzDifficulty/c5221206b722798d784e2dfbde8b7e3895872300
=== RUN   FuzzDifficulty/def1c0fca29d5a9998197b39d999c32a1d8501d0
=== RUN   FuzzDifficulty/e129eb0cea5c0033c01bab9266e881beaf3d84b2
=== RUN   FuzzDifficulty/e2f3755f165dc9c83b6975dc9aa6bfa8c7cde870
=== RUN   FuzzDifficulty/e852ee9f38d3c8230539c1a1cb9b47f4d28cbeff
=== RUN   FuzzDifficulty/f276a738453eb8299c9926038af5ad33efaa5756
=== RUN   FuzzDifficulty/f6f88747c4d63db08506edd15a268aafa22f0bc3
=== RUN   FuzzDifficulty/f9ba891768e2bb28ee9fbc54829fef1579a60830
=== RUN   FuzzDifficulty/fa3e1dff9229457fbccd7137c9d748891675b8f4
=== RUN   FuzzDifficulty/fc1b8bd542b97084b46fb18d485f3fd59d072fec
=== RUN   FuzzDifficulty/fc6b18b8e6b01835c2b226efe9c8cd0b4ffad30b
=== RUN   FuzzDifficulty/fde6b6282e0a7a6327ed6b6a422ec35441a9eb22
=== RUN   FuzzDifficulty/fe654f6624e2849d7d152c4d54213b8df4890b20
=== RUN   FuzzDifficulty/fefc96fe3c92677dccd2cee5ca4823080787e378
=== RUN   FuzzDifficulty/ff98a2d86b56756c85c97a863fdca08e7d9ec6d8
--- PASS: FuzzDifficulty (0.01s)
    --- PASS: FuzzDifficulty/079efaac85a49719a3501f27989a1b395b24c52d (0.00s)
    --- PASS: FuzzDifficulty/08574a33332dc6eb4759d7d16bddf81ea8b197bc (0.00s)
    --- PASS: FuzzDifficulty/0a398dcbf4b6a8efb62b28d696bc1322d371c1db (0.00s)
    --- PASS: FuzzDifficulty/14a8812c62bf277e3d56b3e2b4db0818d5701eba (0.00s)
    --- PASS: FuzzDifficulty/1bd47e958ffcf83e8d1fbb0a612499d68c2ec972 (0.00s)
    --- PASS: FuzzDifficulty/1dcb98042f0a6618799ee5fa2ad349ba0f1bb54f (0.00s)
    --- PASS: FuzzDifficulty/204aa6bea4aa2e71f0bc60d4848fdcc2eee2fead (0.00s)
    --- PASS: FuzzDifficulty/2115e74df6c7f54c99432ee1f9340367b52c2f98 (0.00s)
    --- PASS: FuzzDifficulty/227eaf4c86f6ab7a222bf528772f6190c42d0ddb (0.00s)
    --- PASS: FuzzDifficulty/232c2b47ecdbb849e3899124ebb9fc5474ab17c3 (0.00s)
    --- PASS: FuzzDifficulty/23b77269026478655532d235c25b4788e22c76b1 (0.00s)
    --- PASS: FuzzDifficulty/266b05d0a2e16b642af2d67045fabdffc1907d00 (0.00s)
    --- PASS: FuzzDifficulty/26d8c229c553be8c504dc6d047f0a9a029b40ab7 (0.00s)
    --- PASS: FuzzDifficulty/289fe294c164eca2ec6a7751db0ae5d72a8d104a (0.00s)
    --- PASS: FuzzDifficulty/2996e7b33c51f21a98a9fd4eb18c59560129bee4 (0.00s)
    --- PASS: FuzzDifficulty/2f029ca093f39a0047220ce27b8a14b90e67593b (0.00s)
    --- PASS: FuzzDifficulty/3099853020e58b20e18d4986feb08bf385ab18d6 (0.00s)
    --- PASS: FuzzDifficulty/37cbea6b8a8d7deac3d723961cb91b49830f2879 (0.00s)
    --- PASS: FuzzDifficulty/37d21307ebcd1247afe67bd0423c3ce044bc3d2e (0.00s)
    --- PASS: FuzzDifficulty/38063bd0b51961237ce0338f50b2f70305da8a69 (0.00s)
    --- PASS: FuzzDifficulty/38d7e73609e9afb4fbf84c7271a7e54a4d7143d5 (0.00s)
    --- PASS: FuzzDifficulty/392b3b68444419d375d49ab3b395b96d9bd64582 (0.00s)
    --- PASS: FuzzDifficulty/39b3564e8ea1f55c15627e8a1841ae6a28e3203a (0.00s)
    --- PASS: FuzzDifficulty/3ce0a1af90b6e7a3dd8d45e410884b588ea2d04c (0.00s)
    --- PASS: FuzzDifficulty/40d16ebb4dabffcd5c7caa86f7211628c596261b (0.00s)
    --- PASS: FuzzDifficulty/468345bee82a8ddeb8599e871c3b0add7a331fe1 (0.00s)
    --- PASS: FuzzDifficulty/47fe7225c49ced7b53b49147944c8f340834e391 (0.00s)
    --- PASS: FuzzDifficulty/4ab69b6671b90b702ffd6fd8dd2a7001344aef4e (0.00s)
    --- PASS: FuzzDifficulty/4c01d9d39e88e2786823a29805f6b2c8b68d40cb (0.00s)
    --- PASS: FuzzDifficulty/4d2c961d95444ee570ee3f436d4117f753765b81 (0.00s)
    --- PASS: FuzzDifficulty/4f3bda3e170086aa750190461703d6762a0d8f10 (0.00s)
    --- PASS: FuzzDifficulty/514b4734d695a41a770fb5f43c08489756feed3e (0.00s)
    --- PASS: FuzzDifficulty/548144cd78a099b206972586bef40f4751a7899e (0.00s)
    --- PASS: FuzzDifficulty/56d59eb861cd639f4f5b404b63e995ce4d6348d5 (0.00s)
    --- PASS: FuzzDifficulty/57caf7c404075393bd6a796b7c65d22cc8c4d511 (0.00s)
    --- PASS: FuzzDifficulty/5f27c9daa39421ceabf903221d9f7ba91a8bd9df (0.00s)
    --- PASS: FuzzDifficulty/60cc4a421c8f09493078e0cca3e5482855f24dbe (0.00s)
    --- PASS: FuzzDifficulty/6178a0dd65b62005586d62c0ed9de869f9dace40 (0.00s)
    --- PASS: FuzzDifficulty/65aadd90bb8c51c4c6e4d206d1140ccdbf03fab1 (0.00s)
    --- PASS: FuzzDifficulty/6eb98f06874b2095fd3047232991c8326fc5fc7f (0.00s)
    --- PASS: FuzzDifficulty/6fbec6089f2ff0f03f08f9873ca71320906d105b (0.00s)
    --- PASS: FuzzDifficulty/77ed7798c5cf79d226cd7c691658dc4c9fe5a47d (0.00s)
    --- PASS: FuzzDifficulty/7c772e4905da8eaa7e37d6e0ef6f7c33d0597395 (0.00s)
    --- PASS: FuzzDifficulty/7cb8b13c41eb6c106a9bb4c65389f3d9958596c5 (0.00s)
    --- PASS: FuzzDifficulty/7eb9de462bceec4b180b4c30edc02103c620a160 (0.00s)
    --- PASS: FuzzDifficulty/825289294935c29698a06e6f721672f6f8042ef1 (0.00s)
    --- PASS: FuzzDifficulty/841c8c7328ced37c40c0ed4be5cd90fa6f50803c (0.00s)
    --- PASS: FuzzDifficulty/8779280ca903a3b0855309efb833ee9a1b09b5c3 (0.00s)
    --- PASS: FuzzDifficulty/8b9e6d56f3cb54d9dfdff09086d715cf8fac785f (0.00s)
    --- PASS: FuzzDifficulty/8c396bd768a0aba08f6d11afcbe172ad028a180f (0.00s)
    --- PASS: FuzzDifficulty/8e164a3df57ac17b8cea60ce30446af102570e31 (0.00s)
    --- PASS: FuzzDifficulty/9069ca78e7450a285173431b3e52c5c25299e473 (0.00s)
    --- PASS: FuzzDifficulty/9309458aae807ebf209274c79043e15739144f42 (0.00s)
    --- PASS: FuzzDifficulty/94a9cd4ea3e710f31ca72dd692912ae967dbd3b1 (0.00s)
    --- PASS: FuzzDifficulty/95eccefe8e9cb92fcbfb1d4cb37a10ba89412eb2 (0.00s)
    --- PASS: FuzzDifficulty/964b7bec403d51b609027eea6a6ebf19c2614890 (0.00s)
    --- PASS: FuzzDifficulty/96db6380a13d172a9a136f64b7816c1ed5153277 (0.00s)
    --- PASS: FuzzDifficulty/9b9cd2324dae8f80333dacdf890324340b0aa4fc (0.00s)
    --- PASS: FuzzDifficulty/9c53efcada1bc57aa9cc4d432a70a6d20aa4afad (0.00s)
    --- PASS: FuzzDifficulty/9e89b00e25690f422222108217144f349a5f65cd (0.00s)
    --- PASS: FuzzDifficulty/9e8f2b6a36dda275290db5e518950be3130bf08b (0.00s)
    --- PASS: FuzzDifficulty/a787709508e1a178fd1298d658a32fd115b84f67 (0.00s)
    --- PASS: FuzzDifficulty/ab751551c71fdc8ca188efb95187ac32b6c247b5 (0.00s)
    --- PASS: FuzzDifficulty/ac744a16a9026ab883d4ef7377ec1c6b1118ccaa (0.00s)
    --- PASS: FuzzDifficulty/ad9d143169ea1b0fccc9bf381157d8531e441878 (0.00s)
    --- PASS: FuzzDifficulty/adc83b19e793491b1c6ea0fd8b46cd9f32e592fc (0.00s)
    --- PASS: FuzzDifficulty/aea0e2ab6b38334225f1c4061eda27430c1f2951 (0.00s)
    --- PASS: FuzzDifficulty/b0ae069999e64c11961c2a90f7219a15362c6201 (0.00s)
    --- PASS: FuzzDifficulty/b212c8726f1bf1b03b8ee43287edf1b6e1f28079 (0.00s)
    --- PASS: FuzzDifficulty/b38b2879a65618d4e892d3ae1264ba1ab3cf6447 (0.00s)
    --- PASS: FuzzDifficulty/b48c50ba4ea2a8d3451175d8d9ebd5db9af46584 (0.00s)
    --- PASS: FuzzDifficulty/b533330fb55d4cf43d549ce73786a6fa34d8b4cf (0.00s)
    --- PASS: FuzzDifficulty/b5faee13233c8fafa222471a008783fd36e1bd4f (0.00s)
    --- PASS: FuzzDifficulty/b7a28c34393bae60260d8fd980281b73c3b9b311 (0.00s)
    --- PASS: FuzzDifficulty/b7b5a8d9d4616feb00a37347b3ea580539068591 (0.00s)
    --- PASS: FuzzDifficulty/b9c055dd5d3929021f65276a4e96a616cc71644f (0.00s)
    --- PASS: FuzzDifficulty/bb9ff939209226f5d387b4fdc30549f9ba8d66e3 (0.00s)
    --- PASS: FuzzDifficulty/bfee0cb483119b1fc73f8f961c914d0630280d73 (0.00s)
    --- PASS: FuzzDifficulty/c00c529f4902cd8592d693ec5681775766e15ac7 (0.00s)
    --- PASS: FuzzDifficulty/c5221206b722798d784e2dfbde8b7e3895872300 (0.00s)
    --- PASS: FuzzDifficulty/def1c0fca29d5a9998197b39d999c32a1d8501d0 (0.00s)
    --- PASS: FuzzDifficulty/e129eb0cea5c0033c01bab9266e881beaf3d84b2 (0.00s)
    --- PASS: FuzzDifficulty/e2f3755f165dc9c83b6975dc9aa6bfa8c7cde870 (0.00s)
    --- PASS: FuzzDifficulty/e852ee9f38d3c8230539c1a1cb9b47f4d28cbeff (0.00s)
    --- PASS: FuzzDifficulty/f276a738453eb8299c9926038af5ad33efaa5756 (0.00s)
    --- PASS: FuzzDifficulty/f6f88747c4d63db08506edd15a268aafa22f0bc3 (0.00s)
    --- PASS: FuzzDifficulty/f9ba891768e2bb28ee9fbc54829fef1579a60830 (0.00s)
    --- PASS: FuzzDifficulty/fa3e1dff9229457fbccd7137c9d748891675b8f4 (0.00s)
    --- PASS: FuzzDifficulty/fc1b8bd542b97084b46fb18d485f3fd59d072fec (0.00s)
    --- PASS: FuzzDifficulty/fc6b18b8e6b01835c2b226efe9c8cd0b4ffad30b (0.00s)
    --- PASS: FuzzDifficulty/fde6b6282e0a7a6327ed6b6a422ec35441a9eb22 (0.00s)
    --- PASS: FuzzDifficulty/fe654f6624e2849d7d152c4d54213b8df4890b20 (0.00s)
    --- PASS: FuzzDifficulty/fefc96fe3c92677dccd2cee5ca4823080787e378 (0.00s)
    --- PASS: FuzzDifficulty/ff98a2d86b56756c85c97a863fdca08e7d9ec6d8 (0.00s)
PASS
coverage: 95.7% of statements
ok  	github.com/morph-l2/go-ethereum/tests/fuzzers/difficulty	0.045s	coverage: 95.7% of statements
	github.com/morph-l2/go-ethereum/tests/fuzzers/difficulty/debug		coverage: 0.0% of statements
