=== RUN   FuzzKeystore
=== RUN   FuzzKeystore/00110c873fdaa80ba4a9739185d3b47f465e5638
=== RUN   FuzzKeystore/01abe3c3898e1f7ec01ded7d5b99181fe10f43de
=== RUN   FuzzKeystore/04ec9bb0d76c6641905feffc4939382df4bbe225
=== RUN   FuzzKeystore/0506bef32693744a537cdb12f9a5c0d3b25ac6ec
=== RUN   FuzzKeystore/067a2302dfd6823292535f2de4adfdec152236ce
=== RUN   FuzzKeystore/06bf0e8db57e469a8171c81e1e581a79dd9ddfc3
=== RUN   FuzzKeystore/0a61eadaf2a071bb77c49c42162a687c6cd735f7
=== RUN   FuzzKeystore/0b6468f85aef227354461dede1de37331d25a2e4
=== RUN   FuzzKeystore/0c29caf1de617994fab1a3dba5b3f9f1ebb75c1a
=== RUN   FuzzKeystore/0dd362bb2b631fa20fbe411f7f6bddd0e2f6b66a
=== RUN   FuzzKeystore/101804383d3a4cc3d661fe9796ca4b93fc37f20c
=== RUN   FuzzKeystore/10a3d5ac957eb41956d8ff873883806470feb43d
=== RUN   FuzzKeystore/125437febf5a8b563b3945dcdf8f48a32cd3fd66
=== RUN   FuzzKeystore/137b3aaf7b709c177ffd5c84cf13648c612260bb
=== RUN   FuzzKeystore/13983bfef7941a48394ba0a7a417f96b8b6e0409
=== RUN   FuzzKeystore/1587dad219cb04dc91cfd6ac24fe07cf056937b4
=== RUN   FuzzKeystore/16e8d4cb324a9b2fe3c8cca902fb0ed0679d2be0
=== RUN   FuzzKeystore/198777161610f298c09e5de3f94886a51a17daff
=== RUN   FuzzKeystore/19da93cd7ba1241dc6f56006b8aa3939e1cf11e0
=== RUN   FuzzKeystore/1b65eb6632f22283ad2b2e82fff521cfe2cbfe18
=== RUN   FuzzKeystore/1e33cf4a2d1ab512c7ff3fcd86a759614a534d2e
=== RUN   FuzzKeystore/20efee395b022143bd57fcdc1f29b5542e7c2608
=== RUN   FuzzKeystore/210bbf0e7af5f6c3929df8bf19be9f34f3befda1
=== RUN   FuzzKeystore/217fe82943bffabde93c3bfabadaa3fd9902354f
=== RUN   FuzzKeystore/24cd1d1d6d87fa46c7201123fc65794f7d221ec8
=== RUN   FuzzKeystore/24dd8456b4d25c434b99a1b2f18d45e95d5c4abc
=== RUN   FuzzKeystore/267145b9c8771bcfd11ef313f9b2ebff6cc36d65
=== RUN   FuzzKeystore/26c2c68c478fd652fc3801f6c248e40dc4296f70
=== RUN   FuzzKeystore/271a7d26b2a8f0c1330806a24bfab677e7e6640e
=== RUN   FuzzKeystore/2868aed1cf063f9fc2c1ed758ea60a1d2fa005d4
=== RUN   FuzzKeystore/2acd4100dc910d8aebfcf3e048e47e72cbf9fb1e
=== RUN   FuzzKeystore/2e15d4b2730b9dbfb29b6d39e4ed93e6cc9d832a
=== RUN   FuzzKeystore/2e94b1027b84418967f6923576b181c921adb643
=== RUN   FuzzKeystore/3009e727acb1d75563f724b940ea61cf7e049e3a
=== RUN   FuzzKeystore/312eab1fb885fce6724d095b88aaec28605a1278
=== RUN   FuzzKeystore/3230b47ff6816628a2a48672a5d830211c9809fe
=== RUN   FuzzKeystore/3343ab5fa5af357e8c8aff4ca97bd1cac655c520
=== RUN   FuzzKeystore/3487aa4a2d6f32b1d70390705241a88c523856e1
=== RUN   FuzzKeystore/34e7702d33dcd4bd8c39891ce232a09a68386a40
=== RUN   FuzzKeystore/38577c7d5a4f45af7f78238082bcddba23b90f6c
=== RUN   FuzzKeystore/39112241d0112870d2e47f3f20a7e298b7015e59
=== RUN   FuzzKeystore/3a45168e896f33526536e63ece3be8c4021590df
=== RUN   FuzzKeystore/3b63ef4f2da0adf954d3eb147c6276533bedd608
=== RUN   FuzzKeystore/3c99367358de1d1c8435c805527c09a5bb13a690
=== RUN   FuzzKeystore/3d29448e50a142c295ae9e4d283688e9766d482e
=== RUN   FuzzKeystore/40021e9f272701d4bb15d91a2a174a72ff5ef2a9
=== RUN   FuzzKeystore/41a15c66d1c0ab6ed06c08e78657fc1dea2977a0
=== RUN   FuzzKeystore/4282c45ef295b514b010e788c8c15df181e10dc8
=== RUN   FuzzKeystore/4436cab26d21f51028769512ea4335d66e7e261b
=== RUN   FuzzKeystore/460db6a1c86f30097dd2714f603619071df8316c
=== RUN   FuzzKeystore/461647268939098648b5d26d43fc3c4eb8fea4f5
=== RUN   FuzzKeystore/46297833259ec88ba95b47f9f858501ea276018f
=== RUN   FuzzKeystore/482ca8602a69d3fa977f1bfec8f6f5d04e8fdd56
=== RUN   FuzzKeystore/492133f99d6ac52fcba7548947649165a604e021
=== RUN   FuzzKeystore/49a1093a8ec3483ce5eb590294f3d6f904fe4e89
=== RUN   FuzzKeystore/4cbb6cc14adad75854dd7a9980be6ebbe667169c
=== RUN   FuzzKeystore/4ce163b2d7c94eaf331a405d1a11d9612e1effc3
=== RUN   FuzzKeystore/4ee22ffacbafb6f5569a59767cf73e0b5eac7759
=== RUN   FuzzKeystore/5174b5da569ee562292d5eca5fbeb158f895a6e2
=== RUN   FuzzKeystore/5347c9463eaa59a0c109555eeb31901f4b7a56b9
=== RUN   FuzzKeystore/55fc956c9ebe9d1dd0aab7d459b7224e44be7dcb
=== RUN   FuzzKeystore/56c4c4019e19f2711f70644a101f9148c0c3a50b
=== RUN   FuzzKeystore/57e813d3a09f1c1a97f0297025512f59cddf48fe
=== RUN   FuzzKeystore/5af8e29a66af279fab5e26d82d63633b8a5baafe
=== RUN   FuzzKeystore/5e52902738e021c023d6805ac485a7a7ce83a38e
=== RUN   FuzzKeystore/5eb3bd1cc32f5f3c317b5d489aade415cdbe0284
=== RUN   FuzzKeystore/5ed9ffd97329e1c4742cb5df7e278b6a6b4679e1
=== RUN   FuzzKeystore/5eee9355a8bb7ee505b2b36816e3ded69272bf63
=== RUN   FuzzKeystore/606585f51f13ab1108bdc2a258e5bbee8b5ea6bc
=== RUN   FuzzKeystore/61b71ea4e06afb087d76aee928ef61ab2866d134
=== RUN   FuzzKeystore/6550053c753059208c00bc5112125f597b4a84c6
=== RUN   FuzzKeystore/659553fc0ef5527f55fb87cfdb8f3581041830ac
=== RUN   FuzzKeystore/686e5877c12b411b940f54618eb202784ec0afda
=== RUN   FuzzKeystore/6978f96e268c2f6e2efd2f0fcc45c8d9fd94791d
=== RUN   FuzzKeystore/6a6786ac85b50b30524cf1966fd80faff17c9d7b
=== RUN   FuzzKeystore/6b70f339777cba7a7f85a2f0aab139c1a36cbd8f
=== RUN   FuzzKeystore/6decd19803771f9c97c2144a47b8320ef5e65959
=== RUN   FuzzKeystore/6fd9ec6ce976a6cc4cc48df7a333789d6e770045
=== RUN   FuzzKeystore/704b20e3469f246c3330eb000af4a6407fedd194
=== RUN   FuzzKeystore/73243966fa8c06c2676caa5a957711b716868284
=== RUN   FuzzKeystore/7377da44bd9711ba00123fd59022958147f2729a
=== RUN   FuzzKeystore/73c2fd4dce576583f5fdff55d6fc359d808b9614
=== RUN   FuzzKeystore/75163939d8329697dacc010ed6e29ad204c04814
=== RUN   FuzzKeystore/759d262b5e5e4608c68c9e8c66f6dc144c2383dd
=== RUN   FuzzKeystore/7927b18e5bfd9da65d28ba7f24fb810aee81275f
=== RUN   FuzzKeystore/79503b95a6973b091b443af58772d0433028ce2f
=== RUN   FuzzKeystore/7fe04b8d94ddcdfa32b25c0b36fdd579d8bb086a
=== RUN   FuzzKeystore/8330856e2b0d87bdb461955b7b34367fd6d395a3
=== RUN   FuzzKeystore/837147700f7639b1dbbd47cc0f23bf89e3c0fe2a
=== RUN   FuzzKeystore/862eb1ffcd105f60c8be3f83b08145119e6209a6
=== RUN   FuzzKeystore/8631e92c8cc97728ea0e20e4a0579e0e4e43aac2
=== RUN   FuzzKeystore/869ed1ac372d5e27713236cfd5468c5c85467bed
=== RUN   FuzzKeystore/877b60b56822fcaea245823ca3061a8f53247512
=== RUN   FuzzKeystore/87fef0b17642f5958e58ee0a3d8154b3e8909bc4
=== RUN   FuzzKeystore/8899439dd7ff37e8e84bd28a6d1d857eee6901de
=== RUN   FuzzKeystore/8aa7be6a4e1ec6441e793035d582ad6af23b87a1
=== RUN   FuzzKeystore/908dd7c5e8c3bdb4ba71e5ff60bbda7d6e10b2f5
=== RUN   FuzzKeystore/91fa366e725485be5bdf0d7eaf2cfc81f9c865cd
=== RUN   FuzzKeystore/93b4db2d8e72ede598f1a0a034a5e308c8c996c0
=== RUN   FuzzKeystore/95415404056adc4502bffe33ff239446b1ecca3b
=== RUN   FuzzKeystore/9daf5649fa285b44537d135104b0d5939a152b51
=== RUN   FuzzKeystore/9e5e2b05964fb829bcac64e7f2e6a00ccb9ded79
=== RUN   FuzzKeystore/9f287edcfc8bcd8d410f8c47f3b185bd82e35ea6
=== RUN   FuzzKeystore/9f67917eb0eeff524b25122531680ade12a5e7d4
=== RUN   FuzzKeystore/9f7771c50c5cfa059299205f50eb42ff659a91cb
=== RUN   FuzzKeystore/a172e7f22204bf0642cf1b5c21aa6fc16cd95a71
=== RUN   FuzzKeystore/a448ad2870843e0a66f3ec5d550fff0b9f92725d
=== RUN   FuzzKeystore/a56a4a769d50f9145b525d9e008a9d949076f064
=== RUN   FuzzKeystore/a72b0c6723c6d7bd0a41cb2f0f2f2ed6a928d921
=== RUN   FuzzKeystore/aa9f5d0cd1aa551f9a635e974fd0b2a2a377bd22
=== RUN   FuzzKeystore/acc01276196d2f0373877289d5d3a85bb1256a06
=== RUN   FuzzKeystore/ad792e57b5286e934eae2cbe9ff15618768c2c49
=== RUN   FuzzKeystore/adc83b19e793491b1c6ea0fd8b46cd9f32e592fc
=== RUN   FuzzKeystore/b431841878a35a537aeca977070b8d36092e4512
=== RUN   FuzzKeystore/b5a37da0a55aaa8a02d994f5740f2edc0fe06226
=== RUN   FuzzKeystore/b79fca19387c3483f8981b93c6890e3201ae4b01
=== RUN   FuzzKeystore/b7f9abac70ac04320a95027d83a0916cc7700b00
=== RUN   FuzzKeystore/b96f76dd4fb4bdc6c24c19ce8381933aaca1a4f7
=== RUN   FuzzKeystore/bb4f62019d29d309356e13ffdd6d366ea8345a6e
=== RUN   FuzzKeystore/bb53262df074ef04aa3b4a487109a37e48237e8d
=== RUN   FuzzKeystore/bcce85d732b48853747847b09d51ddceca2c1a18
=== RUN   FuzzKeystore/bdacef20a7d2f9034e22ec168839f1b3cd2471e2
=== RUN   FuzzKeystore/be59fb00ae926cdc56dfa1b8a60795ee42b271c3
=== RUN   FuzzKeystore/bf1e785bd1549336137ed24f25a73dae92153d84
=== RUN   FuzzKeystore/c06df20cbf1b81b36ed0a931ca2b0ff33adab086
=== RUN   FuzzKeystore/c1ab034e7584af2ca32752f2d50a9ed310568a48
=== RUN   FuzzKeystore/c20b20111166c171ebeab15556eee44c41f56151
=== RUN   FuzzKeystore/c2e028335b46e81596d521dd0206a7171221e5e3
=== RUN   FuzzKeystore/c45382cbe18614a824a582890f2ce2e2cbf7ab6d
=== RUN   FuzzKeystore/c51a2226949e871980bb07e0d2bf50c53b480004
=== RUN   FuzzKeystore/c6cb71d555cb53811f614eaa5bbd3f9bf461271c
=== RUN   FuzzKeystore/cd7a29bcfbb7dd74f155d7e709772394e9f053bb
=== RUN   FuzzKeystore/d11706ab60c86aec465a29bc8b422146a1e6a2b0
=== RUN   FuzzKeystore/d1a8489268d7f01da2afe195958aefff2a0fb51d
=== RUN   FuzzKeystore/d2756c65ba996b9acd327ec04b8969880ce43eee
=== RUN   FuzzKeystore/d32ebce1c8750d5534cc971127e53feedf22cbd7
=== RUN   FuzzKeystore/d42414b42108de47bbde3f32ceda498cc63ea79f
=== RUN   FuzzKeystore/d79220652a5610db2ad2d6d4e5c593f847f06b52
=== RUN   FuzzKeystore/d869737c36c9e0ad2e56992e960d0971c078ff0e
=== RUN   FuzzKeystore/ddb208be6825c17c10590e5eea6efe46b6bcd13e
=== RUN   FuzzKeystore/dec9da450fb9795e541fc2de4b0d908c9dbb376e
=== RUN   FuzzKeystore/df0fd5eb1320876eb6b78d4009c62fb46d08ed6d
=== RUN   FuzzKeystore/df6e8dffa4c431e12011aa24288cc9f130c8c03c
=== RUN   FuzzKeystore/e0f9298c5862f0a60f57cc1863ba4f6f7739b221
=== RUN   FuzzKeystore/e19e36c7ae16f7f80a150c1f193e242291f4e5c8
=== RUN   FuzzKeystore/e3e409903a7028fba7684deb634be8a4a96beb74
=== RUN   FuzzKeystore/e5180211314c9590e66b5d84be62cf7543d65ba0
=== RUN   FuzzKeystore/e87f7080edbd800cc229427c35007d5ab1b44d5a
=== RUN   FuzzKeystore/e8a58e3fc7da21b00a571b7026b888dd97b807f8
=== RUN   FuzzKeystore/eb6facd4bbcd50589ab2acd098f28dfd0034526e
=== RUN   FuzzKeystore/eca0067c124a54e0a3e731a2e4caf6c6445e6893
=== RUN   FuzzKeystore/eecb44ebe49839c21760a5e2549629b8adee426b
=== RUN   FuzzKeystore/ef07deb98e584d4740f172cd455aadb417be83f2
=== RUN   FuzzKeystore/efb7a28342ff7c6a900932810b1ffa0d62d7da86
=== RUN   FuzzKeystore/efd728469beac666a465cbb0edaada622f7448ee
=== RUN   FuzzKeystore/efe3400977ab06eaca8e565e161fdc432366c6f7
=== RUN   FuzzKeystore/f0671f6fe6e21da1fb511953d41fd9d1671b71c9
=== RUN   FuzzKeystore/f2cfc13ace902e97bf30ca4df834eccffc89f87b
=== RUN   FuzzKeystore/f39e0da43adb6d68c760c3b66815d309193e2fd9
=== RUN   FuzzKeystore/f5e05e167e45465c4b0e37d911957bd80e7a0bef
=== RUN   FuzzKeystore/f821a01283256350c47fabcb07f4e46efdc36153
=== RUN   FuzzKeystore/fa1a0eede03a074c0cd4791b8c8da07baa4d9002
=== RUN   FuzzKeystore/fcff3be7bb21289749d893891dd2ab8bd363ec8a
=== RUN   FuzzKeystore/fd119ea2016cee35a64c823e16a98a75121dbd2f
=== RUN   FuzzKeystore/ff9319f5e9e65c4894a6fe7d3d44e461fe7d7e8b
--- PASS: FuzzKeystore (26.18s)
    --- PASS: FuzzKeystore/00110c873fdaa80ba4a9739185d3b47f465e5638 (0.16s)
    --- PASS: FuzzKeystore/01abe3c3898e1f7ec01ded7d5b99181fe10f43de (0.16s)
    --- PASS: FuzzKeystore/04ec9bb0d76c6641905feffc4939382df4bbe225 (0.16s)
    --- PASS: FuzzKeystore/0506bef32693744a537cdb12f9a5c0d3b25ac6ec (0.16s)
    --- PASS: FuzzKeystore/067a2302dfd6823292535f2de4adfdec152236ce (0.16s)
    --- PASS: FuzzKeystore/06bf0e8db57e469a8171c81e1e581a79dd9ddfc3 (0.16s)
    --- PASS: FuzzKeystore/0a61eadaf2a071bb77c49c42162a687c6cd735f7 (0.16s)
    --- PASS: FuzzKeystore/0b6468f85aef227354461dede1de37331d25a2e4 (0.16s)
    --- PASS: FuzzKeystore/0c29caf1de617994fab1a3dba5b3f9f1ebb75c1a (0.16s)
    --- PASS: FuzzKeystore/0dd362bb2b631fa20fbe411f7f6bddd0e2f6b66a (0.16s)
    --- PASS: FuzzKeystore/101804383d3a4cc3d661fe9796ca4b93fc37f20c (0.16s)
    --- PASS: FuzzKeystore/10a3d5ac957eb41956d8ff873883806470feb43d (0.16s)
    --- PASS: FuzzKeystore/125437febf5a8b563b3945dcdf8f48a32cd3fd66 (0.16s)
    --- PASS: FuzzKeystore/137b3aaf7b709c177ffd5c84cf13648c612260bb (0.16s)
    --- PASS: FuzzKeystore/13983bfef7941a48394ba0a7a417f96b8b6e0409 (0.16s)
    --- PASS: FuzzKeystore/1587dad219cb04dc91cfd6ac24fe07cf056937b4 (0.16s)
    --- PASS: FuzzKeystore/16e8d4cb324a9b2fe3c8cca902fb0ed0679d2be0 (0.16s)
    --- PASS: FuzzKeystore/198777161610f298c09e5de3f94886a51a17daff (0.16s)
    --- PASS: FuzzKeystore/19da93cd7ba1241dc6f56006b8aa3939e1cf11e0 (0.16s)
    --- PASS: FuzzKeystore/1b65eb6632f22283ad2b2e82fff521cfe2cbfe18 (0.16s)
    --- PASS: FuzzKeystore/1e33cf4a2d1ab512c7ff3fcd86a759614a534d2e (0.16s)
    --- PASS: FuzzKeystore/20efee395b022143bd57fcdc1f29b5542e7c2608 (0.16s)
    --- PASS: FuzzKeystore/210bbf0e7af5f6c3929df8bf19be9f34f3befda1 (0.18s)
    --- PASS: FuzzKeystore/217fe82943bffabde93c3bfabadaa3fd9902354f (0.16s)
    --- PASS: FuzzKeystore/24cd1d1d6d87fa46c7201123fc65794f7d221ec8 (0.16s)
    --- PASS: FuzzKeystore/24dd8456b4d25c434b99a1b2f18d45e95d5c4abc (0.16s)
    --- PASS: FuzzKeystore/267145b9c8771bcfd11ef313f9b2ebff6cc36d65 (0.16s)
    --- PASS: FuzzKeystore/26c2c68c478fd652fc3801f6c248e40dc4296f70 (0.16s)
    --- PASS: FuzzKeystore/271a7d26b2a8f0c1330806a24bfab677e7e6640e (0.16s)
    --- PASS: FuzzKeystore/2868aed1cf063f9fc2c1ed758ea60a1d2fa005d4 (0.16s)
    --- PASS: FuzzKeystore/2acd4100dc910d8aebfcf3e048e47e72cbf9fb1e (0.16s)
    --- PASS: FuzzKeystore/2e15d4b2730b9dbfb29b6d39e4ed93e6cc9d832a (0.16s)
    --- PASS: FuzzKeystore/2e94b1027b84418967f6923576b181c921adb643 (0.16s)
    --- PASS: FuzzKeystore/3009e727acb1d75563f724b940ea61cf7e049e3a (0.16s)
    --- PASS: FuzzKeystore/312eab1fb885fce6724d095b88aaec28605a1278 (0.16s)
    --- PASS: FuzzKeystore/3230b47ff6816628a2a48672a5d830211c9809fe (0.16s)
    --- PASS: FuzzKeystore/3343ab5fa5af357e8c8aff4ca97bd1cac655c520 (0.16s)
    --- PASS: FuzzKeystore/3487aa4a2d6f32b1d70390705241a88c523856e1 (0.16s)
    --- PASS: FuzzKeystore/34e7702d33dcd4bd8c39891ce232a09a68386a40 (0.16s)
    --- PASS: FuzzKeystore/38577c7d5a4f45af7f78238082bcddba23b90f6c (0.16s)
    --- PASS: FuzzKeystore/39112241d0112870d2e47f3f20a7e298b7015e59 (0.16s)
    --- PASS: FuzzKeystore/3a45168e896f33526536e63ece3be8c4021590df (0.16s)
    --- PASS: FuzzKeystore/3b63ef4f2da0adf954d3eb147c6276533bedd608 (0.16s)
    --- PASS: FuzzKeystore/3c99367358de1d1c8435c805527c09a5bb13a690 (0.16s)
    --- PASS: FuzzKeystore/3d29448e50a142c295ae9e4d283688e9766d482e (0.16s)
    --- PASS: FuzzKeystore/40021e9f272701d4bb15d91a2a174a72ff5ef2a9 (0.16s)
    --- PASS: FuzzKeystore/41a15c66d1c0ab6ed06c08e78657fc1dea2977a0 (0.16s)
    --- PASS: FuzzKeystore/4282c45ef295b514b010e788c8c15df181e10dc8 (0.16s)
    --- PASS: FuzzKeystore/4436cab26d21f51028769512ea4335d66e7e261b (0.16s)
    --- PASS: FuzzKeystore/460db6a1c86f30097dd2714f603619071df8316c (0.16s)
    --- PASS: FuzzKeystore/461647268939098648b5d26d43fc3c4eb8fea4f5 (0.16s)
    --- PASS: FuzzKeystore/46297833259ec88ba95b47f9f858501ea276018f (0.16s)
    --- PASS: FuzzKeystore/482ca8602a69d3fa977f1bfec8f6f5d04e8fdd56 (0.16s)
    --- PASS: FuzzKeystore/492133f99d6ac52fcba7548947649165a604e021 (0.16s)
    --- PASS: FuzzKeystore/49a1093a8ec3483ce5eb590294f3d6f904fe4e89 (0.16s)
    --- PASS: FuzzKeystore/4cbb6cc14adad75854dd7a9980be6ebbe667169c (0.16s)
    --- PASS: FuzzKeystore/4ce163b2d7c94eaf331a405d1a11d9612e1effc3 (0.16s)
    --- PASS: FuzzKeystore/4ee22ffacbafb6f5569a59767cf73e0b5eac7759 (0.16s)
    --- PASS: FuzzKeystore/5174b5da569ee562292d5eca5fbeb158f895a6e2 (0.16s)
    --- PASS: FuzzKeystore/5347c9463eaa59a0c109555eeb31901f4b7a56b9 (0.16s)
    --- PASS: FuzzKeystore/55fc956c9ebe9d1dd0aab7d459b7224e44be7dcb (0.16s)
    --- PASS: FuzzKeystore/56c4c4019e19f2711f70644a101f9148c0c3a50b (0.16s)
    --- PASS: FuzzKeystore/57e813d3a09f1c1a97f0297025512f59cddf48fe (0.16s)
    --- PASS: FuzzKeystore/5af8e29a66af279fab5e26d82d63633b8a5baafe (0.16s)
    --- PASS: FuzzKeystore/5e52902738e021c023d6805ac485a7a7ce83a38e (0.16s)
    --- PASS: FuzzKeystore/5eb3bd1cc32f5f3c317b5d489aade415cdbe0284 (0.16s)
    --- PASS: FuzzKeystore/5ed9ffd97329e1c4742cb5df7e278b6a6b4679e1 (0.16s)
    --- PASS: FuzzKeystore/5eee9355a8bb7ee505b2b36816e3ded69272bf63 (0.16s)
    --- PASS: FuzzKeystore/606585f51f13ab1108bdc2a258e5bbee8b5ea6bc (0.16s)
    --- PASS: FuzzKeystore/61b71ea4e06afb087d76aee928ef61ab2866d134 (0.16s)
    --- PASS: FuzzKeystore/6550053c753059208c00bc5112125f597b4a84c6 (0.16s)
    --- PASS: FuzzKeystore/659553fc0ef5527f55fb87cfdb8f3581041830ac (0.16s)
    --- PASS: FuzzKeystore/686e5877c12b411b940f54618eb202784ec0afda (0.16s)
    --- PASS: FuzzKeystore/6978f96e268c2f6e2efd2f0fcc45c8d9fd94791d (0.16s)
    --- PASS: FuzzKeystore/6a6786ac85b50b30524cf1966fd80faff17c9d7b (0.16s)
    --- PASS: FuzzKeystore/6b70f339777cba7a7f85a2f0aab139c1a36cbd8f (0.16s)
    --- PASS: FuzzKeystore/6decd19803771f9c97c2144a47b8320ef5e65959 (0.16s)
    --- PASS: FuzzKeystore/6fd9ec6ce976a6cc4cc48df7a333789d6e770045 (0.16s)
    --- PASS: FuzzKeystore/704b20e3469f246c3330eb000af4a6407fedd194 (0.16s)
    --- PASS: FuzzKeystore/73243966fa8c06c2676caa5a957711b716868284 (0.16s)
    --- PASS: FuzzKeystore/7377da44bd9711ba00123fd59022958147f2729a (0.16s)
    --- PASS: FuzzKeystore/73c2fd4dce576583f5fdff55d6fc359d808b9614 (0.16s)
    --- PASS: FuzzKeystore/75163939d8329697dacc010ed6e29ad204c04814 (0.16s)
    --- PASS: FuzzKeystore/759d262b5e5e4608c68c9e8c66f6dc144c2383dd (0.16s)
    --- PASS: FuzzKeystore/7927b18e5bfd9da65d28ba7f24fb810aee81275f (0.16s)
    --- PASS: FuzzKeystore/79503b95a6973b091b443af58772d0433028ce2f (0.16s)
    --- PASS: FuzzKeystore/7fe04b8d94ddcdfa32b25c0b36fdd579d8bb086a (0.16s)
    --- PASS: FuzzKeystore/8330856e2b0d87bdb461955b7b34367fd6d395a3 (0.16s)
    --- PASS: FuzzKeystore/837147700f7639b1dbbd47cc0f23bf89e3c0fe2a (0.16s)
    --- PASS: FuzzKeystore/862eb1ffcd105f60c8be3f83b08145119e6209a6 (0.16s)
    --- PASS: FuzzKeystore/8631e92c8cc97728ea0e20e4a0579e0e4e43aac2 (0.16s)
    --- PASS: FuzzKeystore/869ed1ac372d5e27713236cfd5468c5c85467bed (0.16s)
    --- PASS: FuzzKeystore/877b60b56822fcaea245823ca3061a8f53247512 (0.16s)
    --- PASS: FuzzKeystore/87fef0b17642f5958e58ee0a3d8154b3e8909bc4 (0.16s)
    --- PASS: FuzzKeystore/8899439dd7ff37e8e84bd28a6d1d857eee6901de (0.16s)
    --- PASS: FuzzKeystore/8aa7be6a4e1ec6441e793035d582ad6af23b87a1 (0.16s)
    --- PASS: FuzzKeystore/908dd7c5e8c3bdb4ba71e5ff60bbda7d6e10b2f5 (0.16s)
    --- PASS: FuzzKeystore/91fa366e725485be5bdf0d7eaf2cfc81f9c865cd (0.16s)
    --- PASS: FuzzKeystore/93b4db2d8e72ede598f1a0a034a5e308c8c996c0 (0.16s)
    --- PASS: FuzzKeystore/95415404056adc4502bffe33ff239446b1ecca3b (0.16s)
    --- PASS: FuzzKeystore/9daf5649fa285b44537d135104b0d5939a152b51 (0.16s)
    --- PASS: FuzzKeystore/9e5e2b05964fb829bcac64e7f2e6a00ccb9ded79 (0.16s)
    --- PASS: FuzzKeystore/9f287edcfc8bcd8d410f8c47f3b185bd82e35ea6 (0.16s)
    --- PASS: FuzzKeystore/9f67917eb0eeff524b25122531680ade12a5e7d4 (0.16s)
    --- PASS: FuzzKeystore/9f7771c50c5cfa059299205f50eb42ff659a91cb (0.16s)
    --- PASS: FuzzKeystore/a172e7f22204bf0642cf1b5c21aa6fc16cd95a71 (0.16s)
    --- PASS: FuzzKeystore/a448ad2870843e0a66f3ec5d550fff0b9f92725d (0.16s)
    --- PASS: FuzzKeystore/a56a4a769d50f9145b525d9e008a9d949076f064 (0.16s)
    --- PASS: FuzzKeystore/a72b0c6723c6d7bd0a41cb2f0f2f2ed6a928d921 (0.16s)
    --- PASS: FuzzKeystore/aa9f5d0cd1aa551f9a635e974fd0b2a2a377bd22 (0.16s)
    --- PASS: FuzzKeystore/acc01276196d2f0373877289d5d3a85bb1256a06 (0.16s)
    --- PASS: FuzzKeystore/ad792e57b5286e934eae2cbe9ff15618768c2c49 (0.16s)
    --- PASS: FuzzKeystore/adc83b19e793491b1c6ea0fd8b46cd9f32e592fc (0.16s)
    --- PASS: FuzzKeystore/b431841878a35a537aeca977070b8d36092e4512 (0.16s)
    --- PASS: FuzzKeystore/b5a37da0a55aaa8a02d994f5740f2edc0fe06226 (0.16s)
    --- PASS: FuzzKeystore/b79fca19387c3483f8981b93c6890e3201ae4b01 (0.16s)
    --- PASS: FuzzKeystore/b7f9abac70ac04320a95027d83a0916cc7700b00 (0.16s)
    --- PASS: FuzzKeystore/b96f76dd4fb4bdc6c24c19ce8381933aaca1a4f7 (0.16s)
    --- PASS: FuzzKeystore/bb4f62019d29d309356e13ffdd6d366ea8345a6e (0.16s)
    --- PASS: FuzzKeystore/bb53262df074ef04aa3b4a487109a37e48237e8d (0.16s)
    --- PASS: FuzzKeystore/bcce85d732b48853747847b09d51ddceca2c1a18 (0.16s)
    --- PASS: FuzzKeystore/bdacef20a7d2f9034e22ec168839f1b3cd2471e2 (0.16s)
    --- PASS: FuzzKeystore/be59fb00ae926cdc56dfa1b8a60795ee42b271c3 (0.16s)
    --- PASS: FuzzKeystore/bf1e785bd1549336137ed24f25a73dae92153d84 (0.16s)
    --- PASS: FuzzKeystore/c06df20cbf1b81b36ed0a931ca2b0ff33adab086 (0.16s)
    --- PASS: FuzzKeystore/c1ab034e7584af2ca32752f2d50a9ed310568a48 (0.16s)
    --- PASS: FuzzKeystore/c20b20111166c171ebeab15556eee44c41f56151 (0.16s)
    --- PASS: FuzzKeystore/c2e028335b46e81596d521dd0206a7171221e5e3 (0.16s)
    --- PASS: FuzzKeystore/c45382cbe18614a824a582890f2ce2e2cbf7ab6d (0.16s)
    --- PASS: FuzzKeystore/c51a2226949e871980bb07e0d2bf50c53b480004 (0.16s)
    --- PASS: FuzzKeystore/c6cb71d555cb53811f614eaa5bbd3f9bf461271c (0.16s)
    --- PASS: FuzzKeystore/cd7a29bcfbb7dd74f155d7e709772394e9f053bb (0.16s)
    --- PASS: FuzzKeystore/d11706ab60c86aec465a29bc8b422146a1e6a2b0 (0.16s)
    --- PASS: FuzzKeystore/d1a8489268d7f01da2afe195958aefff2a0fb51d (0.16s)
    --- PASS: FuzzKeystore/d2756c65ba996b9acd327ec04b8969880ce43eee (0.16s)
    --- PASS: FuzzKeystore/d32ebce1c8750d5534cc971127e53feedf22cbd7 (0.16s)
    --- PASS: FuzzKeystore/d42414b42108de47bbde3f32ceda498cc63ea79f (0.16s)
    --- PASS: FuzzKeystore/d79220652a5610db2ad2d6d4e5c593f847f06b52 (0.16s)
    --- PASS: FuzzKeystore/d869737c36c9e0ad2e56992e960d0971c078ff0e (0.16s)
    --- PASS: FuzzKeystore/ddb208be6825c17c10590e5eea6efe46b6bcd13e (0.16s)
    --- PASS: FuzzKeystore/dec9da450fb9795e541fc2de4b0d908c9dbb376e (0.16s)
    --- PASS: FuzzKeystore/df0fd5eb1320876eb6b78d4009c62fb46d08ed6d (0.16s)
    --- PASS: FuzzKeystore/df6e8dffa4c431e12011aa24288cc9f130c8c03c (0.16s)
    --- PASS: FuzzKeystore/e0f9298c5862f0a60f57cc1863ba4f6f7739b221 (0.16s)
    --- PASS: FuzzKeystore/e19e36c7ae16f7f80a150c1f193e242291f4e5c8 (0.16s)
    --- PASS: FuzzKeystore/e3e409903a7028fba7684deb634be8a4a96beb74 (0.16s)
    --- PASS: FuzzKeystore/e5180211314c9590e66b5d84be62cf7543d65ba0 (0.16s)
    --- PASS: FuzzKeystore/e87f7080edbd800cc229427c35007d5ab1b44d5a (0.16s)
    --- PASS: FuzzKeystore/e8a58e3fc7da21b00a571b7026b888dd97b807f8 (0.16s)
    --- PASS: FuzzKeystore/eb6facd4bbcd50589ab2acd098f28dfd0034526e (0.16s)
    --- PASS: FuzzKeystore/eca0067c124a54e0a3e731a2e4caf6c6445e6893 (0.16s)
    --- PASS: FuzzKeystore/eecb44ebe49839c21760a5e2549629b8adee426b (0.16s)
    --- PASS: FuzzKeystore/ef07deb98e584d4740f172cd455aadb417be83f2 (0.16s)
    --- PASS: FuzzKeystore/efb7a28342ff7c6a900932810b1ffa0d62d7da86 (0.16s)
    --- PASS: FuzzKeystore/efd728469beac666a465cbb0edaada622f7448ee (0.16s)
    --- PASS: FuzzKeystore/efe3400977ab06eaca8e565e161fdc432366c6f7 (0.16s)
    --- PASS: FuzzKeystore/f0671f6fe6e21da1fb511953d41fd9d1671b71c9 (0.16s)
    --- PASS: FuzzKeystore/f2cfc13ace902e97bf30ca4df834eccffc89f87b (0.16s)
    --- PASS: FuzzKeystore/f39e0da43adb6d68c760c3b66815d309193e2fd9 (0.16s)
    --- PASS: FuzzKeystore/f5e05e167e45465c4b0e37d911957bd80e7a0bef (0.16s)
    --- PASS: FuzzKeystore/f821a01283256350c47fabcb07f4e46efdc36153 (0.16s)
    --- PASS: FuzzKeystore/fa1a0eede03a074c0cd4791b8c8da07baa4d9002 (0.16s)
    --- PASS: FuzzKeystore/fcff3be7bb21289749d893891dd2ab8bd363ec8a (0.16s)
    --- PASS: FuzzKeystore/fd119ea2016cee35a64c823e16a98a75121dbd2f (0.16s)
    --- PASS: FuzzKeystore/ff9319f5e9e65c4894a6fe7d3d44e461fe7d7e8b (0.16s)
PASS
coverage: 75.0% of statements
ok  	github.com/morph-l2/go-ethereum/tests/fuzzers/keystore	26.202s	coverage: 75.0% of statements
