=== RUN   TestFuzzPair
    bn256_fuzz_test.go:23: 1000 iterations passed
--- PASS: TestFuzzPair (15.38s)
=== RUN   TestFuzzAdd
    bn256_fuzz_test.go:40: 1000 iterations passed
--- PASS: TestFuzzAdd (0.23s)
=== RUN   TestFuzzMul
    bn256_fuzz_test.go:57: 1000 iterations passed
--- PASS: TestFuzzMul (0.17s)
=== RUN   FuzzBn256Add
=== RUN   FuzzBn256Add/08d03111aabaacf7722f0521b86b8221e9736eec
=== RUN   FuzzBn256Add/098ceaaa5951fe30c8c849c34994bb0b649168d0
=== RUN   FuzzBn256Add/09aa338dfc6a24b4d3c7436a8a338ff22f7b7cec
=== RUN   FuzzBn256Add/09f6cc031622561d2cf4bb44e7cd51ba0231dbea
=== RUN   FuzzBn256Add/0b50c31cee1031d3536494dbbed4e66379a38824
=== RUN   FuzzBn256Add/0b7f19a45a98df61818d2b7a5b3130f1cc893e1e
=== RUN   FuzzBn256Add/0ba84e8b45a11667eb4a24fbc5fa1b8868dbdfb4
=== RUN   FuzzBn256Add/0cdd3026a9caa54e92dfeb49fdd2ce2a9de514f5
=== RUN   FuzzBn256Add/0e64e77cb5035101ae168150298f7abb0e3e01b7
=== RUN   FuzzBn256Add/0eb0df7e5fa68c24e113c28bb077f62723f5dce4
=== RUN   FuzzBn256Add/127ad7b9ee33688fc0f8febe6d28b00c6a7a9027
=== RUN   FuzzBn256Add/14058fb957d900f2e6a92f5f46e610f6076a2ced
=== RUN   FuzzBn256Add/199a827570b1a878265e9e40d286d5897c746a27
=== RUN   FuzzBn256Add/1af6c9bb408eb09ef9dc8309ee4ab15f1d15738e
=== RUN   FuzzBn256Add/1c448a675d0ea8681eedee66677eaa959907ac0b
=== RUN   FuzzBn256Add/1cc79c851d148e87fab582032674bda11d53ff8f
=== RUN   FuzzBn256Add/1e7b21e3d6f4a644dbf86ff36a24eb3945988011
=== RUN   FuzzBn256Add/21cf55c16de7684babc2709673a2b6e3d3a01613
=== RUN   FuzzBn256Add/234a31513aa2ac37e3e4234097c26c6fbebcac48
=== RUN   FuzzBn256Add/24b4af98fb55372a902c46ecd208e19e45d901b7
=== RUN   FuzzBn256Add/2585e6ffb406b55b6b7d4b34ba34abe5987eadd1
=== RUN   FuzzBn256Add/2614a358ca529c14995c0de74c46a5626c022ad9
=== RUN   FuzzBn256Add/2921346236600cc788c749d011d58830fbe84184
=== RUN   FuzzBn256Add/2989e9a64c80647466d38a103ed6c47a795d254e
=== RUN   FuzzBn256Add/299a4f5553ecea4d258d4ed492675bff6bbc7ddf
=== RUN   FuzzBn256Add/2ed3ce0129a65472a50d8ed6f9e08b4d993799fc
=== RUN   FuzzBn256Add/2fcf18e47e7a6753477799cbfffd80b07dec3ca5
=== RUN   FuzzBn256Add/315cd6b397b2d2cca21a7d6883abf81a9e5ce000
=== RUN   FuzzBn256Add/32a350ed5e58057beaaf1bd6b7404860fa7c5028
=== RUN   FuzzBn256Add/339a72a8c86275b95cd0e1495d5bf7893707e112
=== RUN   FuzzBn256Add/367b6620f262ee7155afaa5c8408d3c6d26a646b
=== RUN   FuzzBn256Add/38958c736bbd4ba9d02f092b2e30f3ce41e8ded8
=== RUN   FuzzBn256Add/3bdcd2c85dfe344fc87d12c6d415aa862026bf7f
=== RUN   FuzzBn256Add/3c5c8c222721fd0fa0a39631167bea453e010e59
=== RUN   FuzzBn256Add/3d999d2655905b99faf705cda760206322e42c33
=== RUN   FuzzBn256Add/3e358064169b8716dbc153d05ef410ebeea2a531
=== RUN   FuzzBn256Add/40b4db0f0b45e0d3bd8e60e6f55a7956b8717b8b
=== RUN   FuzzBn256Add/452df2b33422cdc52f4456d5ebd63783e4161e6e
=== RUN   FuzzBn256Add/463d9b3c07d8cca35bc2a2802d6523e4de782811
=== RUN   FuzzBn256Add/46973887482257d1e1d8c548340ea62ad5331ae6
=== RUN   FuzzBn256Add/48b7fa34e5dee36db3b847f03d05b4f7b6b154bc
=== RUN   FuzzBn256Add/4d54119e64b740fb74aa498e6feebf8cf914c534
=== RUN   FuzzBn256Add/4dbc04c6f989677890f90881fb3a1b97c4562868
=== RUN   FuzzBn256Add/4e8acb389585429bc5dddc53fae0b5e7d59d723b
=== RUN   FuzzBn256Add/50361f625f360b8a108ed1d71964d1185be81353
=== RUN   FuzzBn256Add/5df8f9075a982968b20be34bf133dfe0d85ecdf0
=== RUN   FuzzBn256Add/5f07f7d2dcc3756dde21178b42a3a192b8178f36
=== RUN   FuzzBn256Add/5fb03f929fad2e4e2e349e205652e9277bca6aca
=== RUN   FuzzBn256Add/60a7e20d0b55231cf64424acad3ec605719794e7
=== RUN   FuzzBn256Add/61c798938f105bf088bad14067107160590f7531
=== RUN   FuzzBn256Add/63e41fec2166e582221a66c53e8b6bb05e88b470
=== RUN   FuzzBn256Add/63e5496c3580aa666d1714061699ef4c28decbd6
=== RUN   FuzzBn256Add/647effab178085946632dab72fc74e66e722dcfb
=== RUN   FuzzBn256Add/67f2b56b70131f1466fc633e40b150b25a05686c
=== RUN   FuzzBn256Add/6823484d64a0e6e9e48d3b9326c7e01685cacd49
=== RUN   FuzzBn256Add/6881a35d740cdfd36561e9c7bed2b89bbeb472b0
=== RUN   FuzzBn256Add/6c53aa79eafb1564864c4d9b7fb19fb9f0fc8a02
=== RUN   FuzzBn256Add/6e3da0bb7ccb54246d904ee7d795c1d47ab6d4d4
=== RUN   FuzzBn256Add/6e5e3f41f8b32e78726033e801c36c37c31511bb
=== RUN   FuzzBn256Add/6edb116c5225a4d4300a7ee48e1e5933e0460888
=== RUN   FuzzBn256Add/71c1ee04a6b6011a6357e66336f2450250ccb7e8
=== RUN   FuzzBn256Add/72381bdfd60896e50218a1585259d856d249bd01
=== RUN   FuzzBn256Add/727e692d7c7734a48cf4472771689b7aed358354
=== RUN   FuzzBn256Add/72a225cec5678306e78fa317510ccfb1cd486ee8
=== RUN   FuzzBn256Add/7a7736709cac44913f4c6b1278e0b6e68181e9c6
=== RUN   FuzzBn256Add/7e15bb5c01e7dd56499e37c634cf791d3a519aee
=== RUN   FuzzBn256Add/7ea6c7960bdacd815d2a903c442da9ff7b72101e
=== RUN   FuzzBn256Add/7fd8ce1b5a14fd84913c4d92d43b5fe120596328
=== RUN   FuzzBn256Add/800c049d1810bfc30cf811a1176b99ddf30fdbc2
=== RUN   FuzzBn256Add/813bf10f4ada60cda440df5ac5d9adb650c03aac
=== RUN   FuzzBn256Add/84285caeca2eab2399e65321a906fcb8b5e31d49
=== RUN   FuzzBn256Add/84642889d1bcc8c21e461ba69ae3960eab8d2b77
=== RUN   FuzzBn256Add/86c4c225f09cd158d819759735779e62658b6341
=== RUN   FuzzBn256Add/87825b1b457b46109cfe0ae5b6fb56dfa50fe90d
=== RUN   FuzzBn256Add/8a524b4108e1228022dfeb682d4a5b435a2c6c86
=== RUN   FuzzBn256Add/8bb787ac99a16a7fdfd53c829dbf11c628aa39e4
=== RUN   FuzzBn256Add/8bd07bf48d3f1df6ecc54a1900af19a64fb66f4b
=== RUN   FuzzBn256Add/8c2b577e7b2f0a8df41b851c8fa333a4d3040595
=== RUN   FuzzBn256Add/8ca49e9a589d8a308ba67eef757262bd005fbabd
=== RUN   FuzzBn256Add/8daef31ac61de14ee199dcaba8cb01828882c451
=== RUN   FuzzBn256Add/8e541e15243c13643b29e477deedf75cd5bc11a0
=== RUN   FuzzBn256Add/8edb2388bf329959fbf4dad205655c15378d99f8
=== RUN   FuzzBn256Add/8f41fefa169755a11b29f82b80f3c50622bcfbae
=== RUN   FuzzBn256Add/9069ca78e7450a285173431b3e52c5c25299e473
=== RUN   FuzzBn256Add/921131d631f4f8cb2553a6b59f851ad77879591a
=== RUN   FuzzBn256Add/9b3742e207935d75ae533dee0c5cc63db318c26d
=== RUN   FuzzBn256Add/9bbcf6f4d20f4bd724d98019743a0fbe0d34b2e1
=== RUN   FuzzBn256Add/9be60254e63834ca2e6ab1618300f0db6198efdd
=== RUN   FuzzBn256Add/9ca6b7a4678f80e41223bb41808c3735819fe7a0
=== RUN   FuzzBn256Add/9d8539c5af6ab0e8d17ff4d8e5b8efb3292fd5f0
=== RUN   FuzzBn256Add/9fe263818316eb1cb10cddce44420b438353c549
=== RUN   FuzzBn256Add/a0fd3218689152a2a3910acba42075a5d8cefc5d
=== RUN   FuzzBn256Add/a210a5ae4212b6b3185890bcf1658fa26ed82da8
=== RUN   FuzzBn256Add/a6ce9dcc4cae002f362ea6d14ccbe0b8c99adcdf
=== RUN   FuzzBn256Add/a74d75f6926bc063063b62017764aa4935f6d233
=== RUN   FuzzBn256Add/a8085d42155a6ddc9bd9d0f8a1c5be19dabf84de
=== RUN   FuzzBn256Add/aa18e10af515ceb81a7643b60fd07efa7b3890fb
=== RUN   FuzzBn256Add/aaf25006e8e62dda8d3f32a6f78aa0de4f467a81
=== RUN   FuzzBn256Add/b2844615c2415256872a8fdb3d6c325f1eefcae4
=== RUN   FuzzBn256Add/b3b3d702fc5cbdf5f10bb177b819f6f9ad8514d5
=== RUN   FuzzBn256Add/b3ec9c0026c42673689cf91ee9d6ce39ddb095ce
=== RUN   FuzzBn256Add/b6bdac46305b5744e4c71c3fd34c331e3e0cae40
=== RUN   FuzzBn256Add/b77305e8c9f65785f0eedc5e6414bf4991b885a6
=== RUN   FuzzBn256Add/b7f0d7ae8cf3166766aedcbde22c6a56a4cc900b
=== RUN   FuzzBn256Add/b980efd5d79da59822a41289bd071ba956ca24d5
=== RUN   FuzzBn256Add/b98c44088483482202786b7fd5707d3b1b489382
=== RUN   FuzzBn256Add/b9c4668a765acbba79706244fb8b6e0f3c6e0633
=== RUN   FuzzBn256Add/bb97e7fe2eb38fa78e57e4ec65b5c22c61d4ac96
=== RUN   FuzzBn256Add/c6510edf24e15c75bc57d8014bae1b63e87f212a
=== RUN   FuzzBn256Add/c6b040534f6f5d62dfc080060c09effca102b0df
=== RUN   FuzzBn256Add/c91225e594d50ba63ebc4798d922f04a0c6cf8d3
=== RUN   FuzzBn256Add/ce0bdc4401da3e71e384e091243d867a65d4fcae
=== RUN   FuzzBn256Add/d2935d57d417b3bfff80a628b2e20b2d765d0faf
=== RUN   FuzzBn256Add/d3b1a8f53249e47a7ae51e2b1886aa6348c0d0ff
=== RUN   FuzzBn256Add/d470aca5a087da34bc75e06235836be5c87bb6b1
=== RUN   FuzzBn256Add/daf23d7866db9d4c437da30beb1a92fd3e3cfdf5
=== RUN   FuzzBn256Add/e6c7bed69d54a89dbe8c6aebd2abd1c6f61e3bd6
=== RUN   FuzzBn256Add/e7615c32fa78144d9ca5c8442dc38d023cc41042
=== RUN   FuzzBn256Add/e786bbb603cfcebc54ca1239d2e8a3c8ef48e648
=== RUN   FuzzBn256Add/e885550166feeb4e9fb91533625d3c9c1a242248
=== RUN   FuzzBn256Add/eb089835235c470db60b5c08609cc369c48f0460
=== RUN   FuzzBn256Add/ec5b5496b2fc0e7c0fc18151a5112a69242f1cb9
=== RUN   FuzzBn256Add/edd2923fcaf74c06b662aaa838efeab94e14ff21
=== RUN   FuzzBn256Add/ef028d3bbc0e1a7a0a27c7429c9d93cebaa97321
=== RUN   FuzzBn256Add/f09c0d9d104f90cdd93bca0279dc175356d5a267
=== RUN   FuzzBn256Add/f0b2cad66f200df308b869012ce06967b1073655
=== RUN   FuzzBn256Add/f24c3f6ffa4bb7ab853ddf66ae77316bba0d84d6
=== RUN   FuzzBn256Add/f26a38117d8fe4cae2d466b8a561d857e6b28af8
=== RUN   FuzzBn256Add/f4b42dd1274d3221c0c58c8c8f91e72aac9f98c3
=== RUN   FuzzBn256Add/f654394a43ce49f6711274ed9ae6c589999e14c4
=== RUN   FuzzBn256Add/f662f6fec9646bb26902ec443b30de8aad3a7406
=== RUN   FuzzBn256Add/f72087ead8d12a6da3c6584255292c9c3cd04b39
=== RUN   FuzzBn256Add/f7e9f9b726f64574092187447b1f19c1d05584e5
=== RUN   FuzzBn256Add/f983f930cc8ca419e914d920e3040b766886cc7e
=== RUN   FuzzBn256Add/fa54b916fb8a29fdeb7fd88a14c5b9d2e0733f6c
=== RUN   FuzzBn256Add/fb668bf4a9e00b911132ab155a03afeedb78b346
=== RUN   FuzzBn256Add/fba9ae8682f38856b0c4b3cc37b49a099fb52463
=== RUN   FuzzBn256Add/fd914d0685b683edcc1874b6838815030098acdd
=== RUN   FuzzBn256Add/fdb356d65f3b8c78028a9ebd470bc20033c1acb4
=== RUN   FuzzBn256Add/feb45c5e53db8b73f15a469c7d3965f4ce504cde
=== RUN   FuzzBn256Add/ff4193afaaf1f2e5591c3f0651855ce5858ed153
--- PASS: FuzzBn256Add (0.04s)
    --- PASS: FuzzBn256Add/08d03111aabaacf7722f0521b86b8221e9736eec (0.00s)
    --- PASS: FuzzBn256Add/098ceaaa5951fe30c8c849c34994bb0b649168d0 (0.00s)
    --- PASS: FuzzBn256Add/09aa338dfc6a24b4d3c7436a8a338ff22f7b7cec (0.00s)
    --- PASS: FuzzBn256Add/09f6cc031622561d2cf4bb44e7cd51ba0231dbea (0.00s)
    --- PASS: FuzzBn256Add/0b50c31cee1031d3536494dbbed4e66379a38824 (0.00s)
    --- PASS: FuzzBn256Add/0b7f19a45a98df61818d2b7a5b3130f1cc893e1e (0.00s)
    --- PASS: FuzzBn256Add/0ba84e8b45a11667eb4a24fbc5fa1b8868dbdfb4 (0.00s)
    --- PASS: FuzzBn256Add/0cdd3026a9caa54e92dfeb49fdd2ce2a9de514f5 (0.00s)
    --- PASS: FuzzBn256Add/0e64e77cb5035101ae168150298f7abb0e3e01b7 (0.00s)
    --- PASS: FuzzBn256Add/0eb0df7e5fa68c24e113c28bb077f62723f5dce4 (0.00s)
    --- PASS: FuzzBn256Add/127ad7b9ee33688fc0f8febe6d28b00c6a7a9027 (0.00s)
    --- PASS: FuzzBn256Add/14058fb957d900f2e6a92f5f46e610f6076a2ced (0.00s)
    --- PASS: FuzzBn256Add/199a827570b1a878265e9e40d286d5897c746a27 (0.00s)
    --- PASS: FuzzBn256Add/1af6c9bb408eb09ef9dc8309ee4ab15f1d15738e (0.00s)
    --- PASS: FuzzBn256Add/1c448a675d0ea8681eedee66677eaa959907ac0b (0.00s)
    --- PASS: FuzzBn256Add/1cc79c851d148e87fab582032674bda11d53ff8f (0.00s)
    --- PASS: FuzzBn256Add/1e7b21e3d6f4a644dbf86ff36a24eb3945988011 (0.00s)
    --- PASS: FuzzBn256Add/21cf55c16de7684babc2709673a2b6e3d3a01613 (0.00s)
    --- PASS: FuzzBn256Add/234a31513aa2ac37e3e4234097c26c6fbebcac48 (0.00s)
    --- PASS: FuzzBn256Add/24b4af98fb55372a902c46ecd208e19e45d901b7 (0.00s)
    --- PASS: FuzzBn256Add/2585e6ffb406b55b6b7d4b34ba34abe5987eadd1 (0.00s)
    --- PASS: FuzzBn256Add/2614a358ca529c14995c0de74c46a5626c022ad9 (0.00s)
    --- PASS: FuzzBn256Add/2921346236600cc788c749d011d58830fbe84184 (0.00s)
    --- PASS: FuzzBn256Add/2989e9a64c80647466d38a103ed6c47a795d254e (0.00s)
    --- PASS: FuzzBn256Add/299a4f5553ecea4d258d4ed492675bff6bbc7ddf (0.00s)
    --- PASS: FuzzBn256Add/2ed3ce0129a65472a50d8ed6f9e08b4d993799fc (0.00s)
    --- PASS: FuzzBn256Add/2fcf18e47e7a6753477799cbfffd80b07dec3ca5 (0.00s)
    --- PASS: FuzzBn256Add/315cd6b397b2d2cca21a7d6883abf81a9e5ce000 (0.00s)
    --- PASS: FuzzBn256Add/32a350ed5e58057beaaf1bd6b7404860fa7c5028 (0.00s)
    --- PASS: FuzzBn256Add/339a72a8c86275b95cd0e1495d5bf7893707e112 (0.00s)
    --- PASS: FuzzBn256Add/367b6620f262ee7155afaa5c8408d3c6d26a646b (0.00s)
    --- PASS: FuzzBn256Add/38958c736bbd4ba9d02f092b2e30f3ce41e8ded8 (0.00s)
    --- PASS: FuzzBn256Add/3bdcd2c85dfe344fc87d12c6d415aa862026bf7f (0.00s)
    --- PASS: FuzzBn256Add/3c5c8c222721fd0fa0a39631167bea453e010e59 (0.00s)
    --- PASS: FuzzBn256Add/3d999d2655905b99faf705cda760206322e42c33 (0.00s)
    --- PASS: FuzzBn256Add/3e358064169b8716dbc153d05ef410ebeea2a531 (0.00s)
    --- PASS: FuzzBn256Add/40b4db0f0b45e0d3bd8e60e6f55a7956b8717b8b (0.00s)
    --- PASS: FuzzBn256Add/452df2b33422cdc52f4456d5ebd63783e4161e6e (0.00s)
    --- PASS: FuzzBn256Add/463d9b3c07d8cca35bc2a2802d6523e4de782811 (0.00s)
    --- PASS: FuzzBn256Add/46973887482257d1e1d8c548340ea62ad5331ae6 (0.00s)
    --- PASS: FuzzBn256Add/48b7fa34e5dee36db3b847f03d05b4f7b6b154bc (0.00s)
    --- PASS: FuzzBn256Add/4d54119e64b740fb74aa498e6feebf8cf914c534 (0.00s)
    --- PASS: FuzzBn256Add/4dbc04c6f989677890f90881fb3a1b97c4562868 (0.00s)
    --- PASS: FuzzBn256Add/4e8acb389585429bc5dddc53fae0b5e7d59d723b (0.00s)
    --- PASS: FuzzBn256Add/50361f625f360b8a108ed1d71964d1185be81353 (0.00s)
    --- PASS: FuzzBn256Add/5df8f9075a982968b20be34bf133dfe0d85ecdf0 (0.00s)
    --- PASS: FuzzBn256Add/5f07f7d2dcc3756dde21178b42a3a192b8178f36 (0.00s)
    --- PASS: FuzzBn256Add/5fb03f929fad2e4e2e349e205652e9277bca6aca (0.00s)
    --- PASS: FuzzBn256Add/60a7e20d0b55231cf64424acad3ec605719794e7 (0.00s)
    --- PASS: FuzzBn256Add/61c798938f105bf088bad14067107160590f7531 (0.00s)
    --- PASS: FuzzBn256Add/63e41fec2166e582221a66c53e8b6bb05e88b470 (0.00s)
    --- PASS: FuzzBn256Add/63e5496c3580aa666d1714061699ef4c28decbd6 (0.00s)
    --- PASS: FuzzBn256Add/647effab178085946632dab72fc74e66e722dcfb (0.00s)
    --- PASS: FuzzBn256Add/67f2b56b70131f1466fc633e40b150b25a05686c (0.00s)
    --- PASS: FuzzBn256Add/6823484d64a0e6e9e48d3b9326c7e01685cacd49 (0.00s)
    --- PASS: FuzzBn256Add/6881a35d740cdfd36561e9c7bed2b89bbeb472b0 (0.00s)
    --- PASS: FuzzBn256Add/6c53aa79eafb1564864c4d9b7fb19fb9f0fc8a02 (0.00s)
    --- PASS: FuzzBn256Add/6e3da0bb7ccb54246d904ee7d795c1d47ab6d4d4 (0.00s)
    --- PASS: FuzzBn256Add/6e5e3f41f8b32e78726033e801c36c37c31511bb (0.00s)
    --- PASS: FuzzBn256Add/6edb116c5225a4d4300a7ee48e1e5933e0460888 (0.00s)
    --- PASS: FuzzBn256Add/71c1ee04a6b6011a6357e66336f2450250ccb7e8 (0.00s)
    --- PASS: FuzzBn256Add/72381bdfd60896e50218a1585259d856d249bd01 (0.00s)
    --- PASS: FuzzBn256Add/727e692d7c7734a48cf4472771689b7aed358354 (0.00s)
    --- PASS: FuzzBn256Add/72a225cec5678306e78fa317510ccfb1cd486ee8 (0.00s)
    --- PASS: FuzzBn256Add/7a7736709cac44913f4c6b1278e0b6e68181e9c6 (0.00s)
    --- PASS: FuzzBn256Add/7e15bb5c01e7dd56499e37c634cf791d3a519aee (0.00s)
    --- PASS: FuzzBn256Add/7ea6c7960bdacd815d2a903c442da9ff7b72101e (0.00s)
    --- PASS: FuzzBn256Add/7fd8ce1b5a14fd84913c4d92d43b5fe120596328 (0.00s)
    --- PASS: FuzzBn256Add/800c049d1810bfc30cf811a1176b99ddf30fdbc2 (0.00s)
    --- PASS: FuzzBn256Add/813bf10f4ada60cda440df5ac5d9adb650c03aac (0.00s)
    --- PASS: FuzzBn256Add/84285caeca2eab2399e65321a906fcb8b5e31d49 (0.00s)
    --- PASS: FuzzBn256Add/84642889d1bcc8c21e461ba69ae3960eab8d2b77 (0.00s)
    --- PASS: FuzzBn256Add/86c4c225f09cd158d819759735779e62658b6341 (0.00s)
    --- PASS: FuzzBn256Add/87825b1b457b46109cfe0ae5b6fb56dfa50fe90d (0.00s)
    --- PASS: FuzzBn256Add/8a524b4108e1228022dfeb682d4a5b435a2c6c86 (0.00s)
    --- PASS: FuzzBn256Add/8bb787ac99a16a7fdfd53c829dbf11c628aa39e4 (0.00s)
    --- PASS: FuzzBn256Add/8bd07bf48d3f1df6ecc54a1900af19a64fb66f4b (0.00s)
    --- PASS: FuzzBn256Add/8c2b577e7b2f0a8df41b851c8fa333a4d3040595 (0.00s)
    --- PASS: FuzzBn256Add/8ca49e9a589d8a308ba67eef757262bd005fbabd (0.00s)
    --- PASS: FuzzBn256Add/8daef31ac61de14ee199dcaba8cb01828882c451 (0.00s)
    --- PASS: FuzzBn256Add/8e541e15243c13643b29e477deedf75cd5bc11a0 (0.00s)
    --- PASS: FuzzBn256Add/8edb2388bf329959fbf4dad205655c15378d99f8 (0.00s)
    --- PASS: FuzzBn256Add/8f41fefa169755a11b29f82b80f3c50622bcfbae (0.00s)
    --- PASS: FuzzBn256Add/9069ca78e7450a285173431b3e52c5c25299e473 (0.00s)
    --- PASS: FuzzBn256Add/921131d631f4f8cb2553a6b59f851ad77879591a (0.00s)
    --- PASS: FuzzBn256Add/9b3742e207935d75ae533dee0c5cc63db318c26d (0.00s)
    --- PASS: FuzzBn256Add/9bbcf6f4d20f4bd724d98019743a0fbe0d34b2e1 (0.00s)
    --- PASS: FuzzBn256Add/9be60254e63834ca2e6ab1618300f0db6198efdd (0.00s)
    --- PASS: FuzzBn256Add/9ca6b7a4678f80e41223bb41808c3735819fe7a0 (0.00s)
    --- PASS: FuzzBn256Add/9d8539c5af6ab0e8d17ff4d8e5b8efb3292fd5f0 (0.00s)
    --- PASS: FuzzBn256Add/9fe263818316eb1cb10cddce44420b438353c549 (0.00s)
    --- PASS: FuzzBn256Add/a0fd3218689152a2a3910acba42075a5d8cefc5d (0.00s)
    --- PASS: FuzzBn256Add/a210a5ae4212b6b3185890bcf1658fa26ed82da8 (0.00s)
    --- PASS: FuzzBn256Add/a6ce9dcc4cae002f362ea6d14ccbe0b8c99adcdf (0.00s)
    --- PASS: FuzzBn256Add/a74d75f6926bc063063b62017764aa4935f6d233 (0.00s)
    --- PASS: FuzzBn256Add/a8085d42155a6ddc9bd9d0f8a1c5be19dabf84de (0.00s)
    --- PASS: FuzzBn256Add/aa18e10af515ceb81a7643b60fd07efa7b3890fb (0.00s)
    --- PASS: FuzzBn256Add/aaf25006e8e62dda8d3f32a6f78aa0de4f467a81 (0.00s)
    --- PASS: FuzzBn256Add/b2844615c2415256872a8fdb3d6c325f1eefcae4 (0.00s)
    --- PASS: FuzzBn256Add/b3b3d702fc5cbdf5f10bb177b819f6f9ad8514d5 (0.00s)
    --- PASS: FuzzBn256Add/b3ec9c0026c42673689cf91ee9d6ce39ddb095ce (0.00s)
    --- PASS: FuzzBn256Add/b6bdac46305b5744e4c71c3fd34c331e3e0cae40 (0.00s)
    --- PASS: FuzzBn256Add/b77305e8c9f65785f0eedc5e6414bf4991b885a6 (0.00s)
    --- PASS: FuzzBn256Add/b7f0d7ae8cf3166766aedcbde22c6a56a4cc900b (0.00s)
    --- PASS: FuzzBn256Add/b980efd5d79da59822a41289bd071ba956ca24d5 (0.00s)
    --- PASS: FuzzBn256Add/b98c44088483482202786b7fd5707d3b1b489382 (0.00s)
    --- PASS: FuzzBn256Add/b9c4668a765acbba79706244fb8b6e0f3c6e0633 (0.00s)
    --- PASS: FuzzBn256Add/bb97e7fe2eb38fa78e57e4ec65b5c22c61d4ac96 (0.00s)
    --- PASS: FuzzBn256Add/c6510edf24e15c75bc57d8014bae1b63e87f212a (0.00s)
    --- PASS: FuzzBn256Add/c6b040534f6f5d62dfc080060c09effca102b0df (0.00s)
    --- PASS: FuzzBn256Add/c91225e594d50ba63ebc4798d922f04a0c6cf8d3 (0.00s)
    --- PASS: FuzzBn256Add/ce0bdc4401da3e71e384e091243d867a65d4fcae (0.00s)
    --- PASS: FuzzBn256Add/d2935d57d417b3bfff80a628b2e20b2d765d0faf (0.00s)
    --- PASS: FuzzBn256Add/d3b1a8f53249e47a7ae51e2b1886aa6348c0d0ff (0.00s)
    --- PASS: FuzzBn256Add/d470aca5a087da34bc75e06235836be5c87bb6b1 (0.00s)
    --- PASS: FuzzBn256Add/daf23d7866db9d4c437da30beb1a92fd3e3cfdf5 (0.00s)
    --- PASS: FuzzBn256Add/e6c7bed69d54a89dbe8c6aebd2abd1c6f61e3bd6 (0.00s)
    --- PASS: FuzzBn256Add/e7615c32fa78144d9ca5c8442dc38d023cc41042 (0.00s)
    --- PASS: FuzzBn256Add/e786bbb603cfcebc54ca1239d2e8a3c8ef48e648 (0.00s)
    --- PASS: FuzzBn256Add/e885550166feeb4e9fb91533625d3c9c1a242248 (0.00s)
    --- PASS: FuzzBn256Add/eb089835235c470db60b5c08609cc369c48f0460 (0.00s)
    --- PASS: FuzzBn256Add/ec5b5496b2fc0e7c0fc18151a5112a69242f1cb9 (0.00s)
    --- PASS: FuzzBn256Add/edd2923fcaf74c06b662aaa838efeab94e14ff21 (0.00s)
    --- PASS: FuzzBn256Add/ef028d3bbc0e1a7a0a27c7429c9d93cebaa97321 (0.00s)
    --- PASS: FuzzBn256Add/f09c0d9d104f90cdd93bca0279dc175356d5a267 (0.00s)
    --- PASS: FuzzBn256Add/f0b2cad66f200df308b869012ce06967b1073655 (0.00s)
    --- PASS: FuzzBn256Add/f24c3f6ffa4bb7ab853ddf66ae77316bba0d84d6 (0.00s)
    --- PASS: FuzzBn256Add/f26a38117d8fe4cae2d466b8a561d857e6b28af8 (0.00s)
    --- PASS: FuzzBn256Add/f4b42dd1274d3221c0c58c8c8f91e72aac9f98c3 (0.00s)
    --- PASS: FuzzBn256Add/f654394a43ce49f6711274ed9ae6c589999e14c4 (0.00s)
    --- PASS: FuzzBn256Add/f662f6fec9646bb26902ec443b30de8aad3a7406 (0.00s)
    --- PASS: FuzzBn256Add/f72087ead8d12a6da3c6584255292c9c3cd04b39 (0.00s)
    --- PASS: FuzzBn256Add/f7e9f9b726f64574092187447b1f19c1d05584e5 (0.00s)
    --- PASS: FuzzBn256Add/f983f930cc8ca419e914d920e3040b766886cc7e (0.00s)
    --- PASS: FuzzBn256Add/fa54b916fb8a29fdeb7fd88a14c5b9d2e0733f6c (0.00s)
    --- PASS: FuzzBn256Add/fb668bf4a9e00b911132ab155a03afeedb78b346 (0.00s)
    --- PASS: FuzzBn256Add/fba9ae8682f38856b0c4b3cc37b49a099fb52463 (0.00s)
    --- PASS: FuzzBn256Add/fd914d0685b683edcc1874b6838815030098acdd (0.00s)
    --- PASS: FuzzBn256Add/fdb356d65f3b8c78028a9ebd470bc20033c1acb4 (0.00s)
    --- PASS: FuzzBn256Add/feb45c5e53db8b73f15a469c7d3965f4ce504cde (0.00s)
    --- PASS: FuzzBn256Add/ff4193afaaf1f2e5591c3f0651855ce5858ed153 (0.00s)
=== RUN   FuzzBn256Mul
=== RUN   FuzzBn256Mul/027a817abad09b8a3711e4a326689bc6055ef807
=== RUN   FuzzBn256Mul/04bfda3124a01310462a7aa16630d07c83727ce8
=== RUN   FuzzBn256Mul/05f395f04ff46dfae501af06e640e16107fd0d4f
=== RUN   FuzzBn256Mul/06608fa99c783b4a164319b2c10856297941d6a4
=== RUN   FuzzBn256Mul/07388214a6537956d3aee34b87f359263781c7e9
=== RUN   FuzzBn256Mul/075a132adc0bf2b82a3de7a87f67e3e9adbc02c9
=== RUN   FuzzBn256Mul/082623e59461e611e689a079adaaa4a9e9f4e9a1
=== RUN   FuzzBn256Mul/0831ce99f1931b5747340dcbba4b6136865c770e
=== RUN   FuzzBn256Mul/0a7894d40ca4cfe56107a71a399660ba177114a9
=== RUN   FuzzBn256Mul/0cb8718981148e9969237beaac94dade50b85266
=== RUN   FuzzBn256Mul/0d19f00e74a9ed8496673ca71bc1fd13507989af
=== RUN   FuzzBn256Mul/0daad51e4810d3f906969fb1ef47e59abeaaf201
=== RUN   FuzzBn256Mul/0f179f8ebf9f2e8db05d1b160f8fcb086fbbe92a
=== RUN   FuzzBn256Mul/0f2aead6c61400793b12a3b15edb42bd5828389a
=== RUN   FuzzBn256Mul/0f31923e40fb49d87b600ec739c280a0f2f0c1ed
=== RUN   FuzzBn256Mul/0f79f0b2362de41c5d2bc4288c79b6f7ff7cb57b
=== RUN   FuzzBn256Mul/0f970cfc8ff07023d2b24c676804d753dfc8bd46
=== RUN   FuzzBn256Mul/0fc09aec5473c08fc6de0b82508b0acb044feaaf
=== RUN   FuzzBn256Mul/0fd33cb2eb06053f8b700a093276e3ddcf6f476b
=== RUN   FuzzBn256Mul/105a79a425fe76a3fa43ecec0206337f66995c9b
=== RUN   FuzzBn256Mul/10db8de5c652edaab15681a5b84d2c9e677fb48a
=== RUN   FuzzBn256Mul/1360db1e71a8973dfeb18cd1a19ab19a571c6d9b
=== RUN   FuzzBn256Mul/15e1ead7d94d82eb5a24448ff52d4f4f0c7c8fde
=== RUN   FuzzBn256Mul/179f73a60f199c2803dfe20ae7f57472c942172b
=== RUN   FuzzBn256Mul/18f1ae9d2101cecf8b3c822e519c16375f93599c
=== RUN   FuzzBn256Mul/197891f1cc2f1d6ee04d08eaf9557a21e107fc6f
=== RUN   FuzzBn256Mul/19b99d92f7e9a516b835acb0fda5f32facd15957
=== RUN   FuzzBn256Mul/19c684111f728194c931f234f4ba03d476d74846
=== RUN   FuzzBn256Mul/1a4efb77125f4e0bbd899a5b79f27b73bd7a85a3
=== RUN   FuzzBn256Mul/1a9d058760bc89ba07d6fee9ec80b1a9b4a8cf51
=== RUN   FuzzBn256Mul/1ab20fda78ed59dba36d8b00c72a91478530c798
=== RUN   FuzzBn256Mul/1bfd035ed66457dc4b60e1a5b2a6ab4fba6c611d
=== RUN   FuzzBn256Mul/1c06aac01fe8fbd147ef327ff9e5e3e5a72c6879
=== RUN   FuzzBn256Mul/1c0f08f77294168907fa47346b00d0a3422fd26f
=== RUN   FuzzBn256Mul/1cd98b0caa7c64921e29fcc48b1425a21a42a229
=== RUN   FuzzBn256Mul/1f49d6f57eaeb1a856c72a523d2426da5af4a38a
=== RUN   FuzzBn256Mul/1fd2d2f6a1d4e49d0eb30b90c54677159bf6bcda
=== RUN   FuzzBn256Mul/20375eaf8f3ee4337135aff0d3c2d91ca5c4afa3
=== RUN   FuzzBn256Mul/251d2b370c1ef5567e70d6cf0376a7b53299b1e6
=== RUN   FuzzBn256Mul/25b18b81a29fa8802dd61816dd28a4bd6ffde8f0
=== RUN   FuzzBn256Mul/27692f833d9f03bfde01a25257d665cb57b2996e
=== RUN   FuzzBn256Mul/2813b9e03164cd2a523344decf640ff33da5a660
=== RUN   FuzzBn256Mul/28919075babe08c943cff3c852a18c2c41893bf8
=== RUN   FuzzBn256Mul/28f1bfc956eca597fb1b57ece151dd313ddbf629
=== RUN   FuzzBn256Mul/2909c85b11139490f6e3ea701bdefe4434a0e5ce
=== RUN   FuzzBn256Mul/294cd737ac72c199c904acb72f70b31e820fcc9c
=== RUN   FuzzBn256Mul/29a89728dfba31e6ccae8841ea0d2d850d92eea9
=== RUN   FuzzBn256Mul/29d51ac52977aa20707f2c5d30ab3be7d09cf651
=== RUN   FuzzBn256Mul/2b840ff8d6ce933d4b504e425485395b45319a9d
=== RUN   FuzzBn256Mul/2c62761ec6bde6b22f1fe02046f7c9b3354f264d
=== RUN   FuzzBn256Mul/2d16fbd733628cb8b431e2076d98f8b282a7e294
=== RUN   FuzzBn256Mul/2d28e47f06969efcb81af94d4455639041f11141
=== RUN   FuzzBn256Mul/2da3921cb0cd0730b0617baf2435adbe103f6a21
=== RUN   FuzzBn256Mul/2f5892e93137c932f22ecb4836bd6242c7c9d2ad
=== RUN   FuzzBn256Mul/30c08691de3c4daefc3663264443c994d5a753ea
=== RUN   FuzzBn256Mul/32011f1590b864d027184a6085f639c898f6b599
=== RUN   FuzzBn256Mul/322b7e6e6148f8275ce1cff8ffeb5af48d02326f
=== RUN   FuzzBn256Mul/355a2276f23fbf41056581fe084d671292702c50
=== RUN   FuzzBn256Mul/38f0323bdbaa096ba0960e1bcb470f111f6d7707
=== RUN   FuzzBn256Mul/392d6dac0f93aaa24696fb6553d6929883dc072f
=== RUN   FuzzBn256Mul/39b270b36f6fc83f9138506a1ff7db3672b1f95b
=== RUN   FuzzBn256Mul/3cdd6792a986947c6017ef96e8df051731478546
=== RUN   FuzzBn256Mul/3e4e842f0bc45de2250d83555d1cb84d3837eafe
=== RUN   FuzzBn256Mul/3fc9df75b95a680e504d42bd71bcd26cf99c5207
=== RUN   FuzzBn256Mul/4261054417a6e07c0f2e0eb32e8de71f8dce09e4
=== RUN   FuzzBn256Mul/4265d79473969c25de44a42a79d170167f77430c
=== RUN   FuzzBn256Mul/450d5f5801cffbb3a565d5f6e3b9c8c0e0d452ca
=== RUN   FuzzBn256Mul/4635cc0e7e4d0520ff3581c38d205cf61c2c3b79
=== RUN   FuzzBn256Mul/4674774701f47bbc3294cc56d022f97d3ad864ca
=== RUN   FuzzBn256Mul/472603f600ea4f2318f2aa3caf0f81b0939898be
=== RUN   FuzzBn256Mul/499d5856fd6e4bdb15c1cad4732e2b5d961ae69d
=== RUN   FuzzBn256Mul/4b1bb1ff5242bc271e54bba9d6ebf85702bef03d
=== RUN   FuzzBn256Mul/4b74d925db4152b413ad2aa568f25bca5a243ec8
=== RUN   FuzzBn256Mul/4cb650afb98927e6650b18ef59f006a471086ca5
=== RUN   FuzzBn256Mul/4cca43cadd2e2687b72e50b9751c5f82b49548d1
=== RUN   FuzzBn256Mul/4d162514da2c5a3a1619b488b34142d75d14e05f
=== RUN   FuzzBn256Mul/4ded838a99656c71f0be3e8bb3a93e98a63ab31f
=== RUN   FuzzBn256Mul/4ecd5d8dbe310dc28799c8faec334fd32584b4d1
=== RUN   FuzzBn256Mul/4ed665ca2f343541806cfcf18ec3dc98543cfc7a
=== RUN   FuzzBn256Mul/510cdf69e4427041bdd50127d1c9f4d1c0cd72ff
=== RUN   FuzzBn256Mul/52f16d3be75f5ab9ab06b0dd51c339b497853bec
=== RUN   FuzzBn256Mul/533fb75347e1980d25e8c5118be3466504167c42
=== RUN   FuzzBn256Mul/536bcd8a2ba34def0a250dab4b5457b3bb43ec99
=== RUN   FuzzBn256Mul/53fb256660e0964dd9eaa8efd83801af74c180e1
=== RUN   FuzzBn256Mul/540dd246f1997fa415794a8cef6967978c796267
=== RUN   FuzzBn256Mul/547aa3319342d96dc570f0cfcf9b35d7b8ad2aa4
=== RUN   FuzzBn256Mul/565698d085cb22e6f97fbeb80a0c0a17d9b420bc
=== RUN   FuzzBn256Mul/5a79f1ccb2ee393b6a149ed05b1654ab38620d7b
=== RUN   FuzzBn256Mul/5ae0d074dbb0b10f0e57c40f2d174099a5e8bebf
=== RUN   FuzzBn256Mul/5ebdda88b65fa98a2d11a061d0e2add05eafe4dd
=== RUN   FuzzBn256Mul/5ecb6d729e0a81f2e798820c165e5042d3d8fa86
=== RUN   FuzzBn256Mul/5f57324efc7dd1b117e93d6c58a4cb5f61e94a25
=== RUN   FuzzBn256Mul/6191184ea2c2eb3cffd502835fc21dec0768dbc7
=== RUN   FuzzBn256Mul/61efb07f4046aeb0adf42fd37109edfe1cbe0f5d
=== RUN   FuzzBn256Mul/644a0fd1fd18ae4a66eb01a3159eaf69feb513f8
=== RUN   FuzzBn256Mul/67475a1a964fd21abe8982729cda9c2f5e1ad7be
=== RUN   FuzzBn256Mul/67c673845c23fa46975c6b4bb33688147d3b9acf
=== RUN   FuzzBn256Mul/68fa63c05c53d9a5ae69ed034574ad0cd4699953
=== RUN   FuzzBn256Mul/696e51b992f9d68d3ef835afeb5e630ca13cd4cf
=== RUN   FuzzBn256Mul/6b2c0c139f1473af4e4ccc15f9f3089c90e8c74b
=== RUN   FuzzBn256Mul/6b40628983c32c26cb5a49b44ed13894ec6ec1be
=== RUN   FuzzBn256Mul/6b7870087b0e97b2f348c8c1946a8a4d589c002b
=== RUN   FuzzBn256Mul/6be67465a2ef223f22b5969a7dc60e232749376b
=== RUN   FuzzBn256Mul/6c62eb3bf055ac3be34d37c057317ed8a08f21ef
=== RUN   FuzzBn256Mul/6cd6b9b65a0a6a938093799f1cbcf031029112fa
=== RUN   FuzzBn256Mul/6f0699771fa24b1420ef3f22bbe5ad5af960d255
=== RUN   FuzzBn256Mul/7366e141f47d494401362f42b793d3c903a85b2c
=== RUN   FuzzBn256Mul/73da37b55fefba0f60d4116234a4ef309fd15c9b
=== RUN   FuzzBn256Mul/74198a9e02f38a40dc129a9f6438af3132b5dce0
=== RUN   FuzzBn256Mul/7450b7f8f76c4df9da21b64422188d642de2fb8d
=== RUN   FuzzBn256Mul/75929e8436915f48d62c76db3afa400404b01e9e
=== RUN   FuzzBn256Mul/77a031d504fbfc4eec9a548016af9b0d2f452917
=== RUN   FuzzBn256Mul/79b0b60d2d24e5cefd33633a4d3be5247887c639
=== RUN   FuzzBn256Mul/7a6ed11c16fad302c12a101a6e4fb5bedb1112bd
=== RUN   FuzzBn256Mul/7ad03b9c2554f9c14d3d6b06a52e41cb47765257
=== RUN   FuzzBn256Mul/7b181b3045d41d5f2b6894521fb44b1e90527994
=== RUN   FuzzBn256Mul/7b524af072c419b7238a6aaa54aa0918dff868d3
=== RUN   FuzzBn256Mul/7b7c0cffa483c363d5a7f4f2aac2e87783d34889
=== RUN   FuzzBn256Mul/7c90ce0de36397d933f4a14c1878811925f282f7
=== RUN   FuzzBn256Mul/7cc82fb53988e42e8cb86f8fa9265a50360cae14
=== RUN   FuzzBn256Mul/7d1d4d8b78a28b001730f20e58d76cd63f5a5514
=== RUN   FuzzBn256Mul/7d3a2d3245b16a4da92e65c0248c1879c8b0281f
=== RUN   FuzzBn256Mul/7d6758b46e31a5409c28b6202f041ddfdbd25986
=== RUN   FuzzBn256Mul/7dbd7c710918f7592aa7660c81d80c534d2d31f1
=== RUN   FuzzBn256Mul/7de743b28d2218308ac6d389ab75e61a2aeeee7a
=== RUN   FuzzBn256Mul/7f66c74c9e9dd4fdebdbd4bf2f6fe01f8de7ad41
=== RUN   FuzzBn256Mul/81c35e675c572db588a9a3c8e360424f844e0adc
=== RUN   FuzzBn256Mul/82b1852d49f6edec7c404de023040211a8db2910
=== RUN   FuzzBn256Mul/82f5924032ed564125e1473166db546d4d1a26db
=== RUN   FuzzBn256Mul/84b72695b64b7d1e11a7d73bcd71a1b8df37fe32
=== RUN   FuzzBn256Mul/84fb8319d1c6220b98faff00c65f219a191dee44
=== RUN   FuzzBn256Mul/8635e03057e37b554dc4a44e2535694241451f26
=== RUN   FuzzBn256Mul/865e3bcaadff3d8d01574e4d3511796c28f2fb51
=== RUN   FuzzBn256Mul/86b725422313581d1d11188de70ee4f969b03c23
=== RUN   FuzzBn256Mul/870e5ca4f85cd8423072347eb737526f966c7274
=== RUN   FuzzBn256Mul/89716606ba602aa86a286254a0b4635584c30390
=== RUN   FuzzBn256Mul/899266e88f7e4268bec1cf857bdc7b5f5d61a495
=== RUN   FuzzBn256Mul/8a4065d9105a835ed5a8f0760467c41bafc9ddcb
=== RUN   FuzzBn256Mul/8a933c49389cf7848b376ecfa9b302820eb16891
=== RUN   FuzzBn256Mul/8aba2802cc4ea45bf8122a58cac02d12668e1e60
=== RUN   FuzzBn256Mul/8b028260a42f3bb17136e5813db6cbe65b391de4
=== RUN   FuzzBn256Mul/8bc0ef2a5e95b646051e872fec205a6ec5ef51bc
=== RUN   FuzzBn256Mul/8dfe6a4969f6a4a471676362b583975e7e669c7b
=== RUN   FuzzBn256Mul/903b1922beab0ab7dfb9932b50ff40b4a00af41a
=== RUN   FuzzBn256Mul/903b34084805ffbcc4ea46e53c5e40d2beaa8706
=== RUN   FuzzBn256Mul/94193f3bdb92698b64293e5e629df5bf142dd9d2
=== RUN   FuzzBn256Mul/944f255379561e41bb9d116b9fb66ae4e06026e1
=== RUN   FuzzBn256Mul/95f8e20bccd39d4891a3f92dc09eb3e8f85b47c7
=== RUN   FuzzBn256Mul/96d8cf513b3e98d5807198e0735b7af5958bfc41
=== RUN   FuzzBn256Mul/98cb37e54e722a11c1374c795938049020c1dd49
=== RUN   FuzzBn256Mul/9ad6adfdc45ee2ec4b4aac20a1be60b0cd7c614d
=== RUN   FuzzBn256Mul/9cf2a71ae9f81ec326622897261275b5ccab8171
=== RUN   FuzzBn256Mul/9d43c2fe0a6497dbe5956b50217f059257948ff5
=== RUN   FuzzBn256Mul/9d97c4143a3277e487211ae41f5f232d123e24ab
=== RUN   FuzzBn256Mul/9e40d7eb0b0a7a08f12ecf5343bcabdbc4ad45bb
=== RUN   FuzzBn256Mul/9f533029b370345c753288d8055ddf25c5702ed5
=== RUN   FuzzBn256Mul/a06a39fd177d53e7fdb5bb8fbe5aab860f6d3274
=== RUN   FuzzBn256Mul/a099c58767ec4ba0571ec274fa6ee04d420d4f11
=== RUN   FuzzBn256Mul/a227f24de60212642de734fe3f0cfffd1c874061
=== RUN   FuzzBn256Mul/a254afb23a11fc1d352e21dbbe28183558ea63d9
=== RUN   FuzzBn256Mul/a2e5c8cff2e79a1fa6110bf19037f5ef765861be
=== RUN   FuzzBn256Mul/a3013393bad3cf8c821b84784fb72a601c1bea8d
=== RUN   FuzzBn256Mul/a5d7c45db74c4b85f5a626bf51cbe01184ad15cb
=== RUN   FuzzBn256Mul/a9ee61fb964068343d2357ae6a39546fbf46bd3b
=== RUN   FuzzBn256Mul/aa090601c215408f148f83687ae5c3b58933eef8
=== RUN   FuzzBn256Mul/aa93c056bfdd63615f49c41a37b5c50987710a1e
=== RUN   FuzzBn256Mul/ab8800b214ec0de9b7e63565061d41beea04d2c6
=== RUN   FuzzBn256Mul/ab9dce7e65dd78d33955d8610b0fe8c23d743d54
=== RUN   FuzzBn256Mul/abc0af90350e3a3ad0548c5d7c1527b628fd6101
=== RUN   FuzzBn256Mul/ac74951c13c3583ac13bfc69f021b34a5f3a152d
=== RUN   FuzzBn256Mul/ad1b61d22a9e613edfdefac32eff1b278d496cb6
=== RUN   FuzzBn256Mul/adc83b19e793491b1c6ea0fd8b46cd9f32e592fc
=== RUN   FuzzBn256Mul/adf9191cea0072af87d6be3cb4c52e4f19447e3a
=== RUN   FuzzBn256Mul/ae4da157237bd96cf53d2ffbedfafa14e8d13931
=== RUN   FuzzBn256Mul/af3ece59ac72bd8c165bc0985280e1ecd077c2e2
=== RUN   FuzzBn256Mul/af9869aa6c24fffb890fb40ddba6ab81d7e8e1ea
=== RUN   FuzzBn256Mul/b244178ba10a0f25cb1a0c222a742f5b73eaa330
=== RUN   FuzzBn256Mul/b2469a225f31e43eb91acaa9ad0a04b612588d2a
=== RUN   FuzzBn256Mul/b2e5558f24c76f2906744e3e81ac3d53cce1f8e0
=== RUN   FuzzBn256Mul/ba125dc8fe678dbdc6bc730f0c6fb8c8b8dc709a
=== RUN   FuzzBn256Mul/ba1652b7200618b51edcd43ea8626e7093830186
=== RUN   FuzzBn256Mul/ba21fd2e31e4ab825039efc2624b8b3d89a64c34
=== RUN   FuzzBn256Mul/baf301ad72fbff1de10d107e8757d68b5f30f691
=== RUN   FuzzBn256Mul/bccba9abe9e69a0726d3f73b8438ec956fd0d0c7
=== RUN   FuzzBn256Mul/bce6c92dce9287596f863086a64162b211f7df5d
=== RUN   FuzzBn256Mul/bd5fb7c0a913bf177523b4b3946df99e4531dfb2
=== RUN   FuzzBn256Mul/c009c477b05d83c7bece4656c5a42bd974906b09
=== RUN   FuzzBn256Mul/c02c6edc9516d57d715086d07e46aa4b1c1a7cda
=== RUN   FuzzBn256Mul/c0e5b61f9652d682a68e30fe89f3dcabceecceb3
=== RUN   FuzzBn256Mul/c27cc2f83da6684765081138a5e7d3ef85e8e95e
=== RUN   FuzzBn256Mul/c319e6910a325c0e5868bf4c21159839f5e6fa31
=== RUN   FuzzBn256Mul/c68ca1aec020a5c6dcedd5ca7d893ac3f131315f
=== RUN   FuzzBn256Mul/c7a0dcdfd09fea3152f14b35b8f236f127de7ae1
=== RUN   FuzzBn256Mul/c7b96411020f38c1b54e88899cdde447fb863fec
=== RUN   FuzzBn256Mul/c839b08b246c9d1b44a6a76e9dc1a5551b4f2296
=== RUN   FuzzBn256Mul/ca09c8aea2d7ba121ceb1c0d550a7cd6ff77b13c
=== RUN   FuzzBn256Mul/cb88472474115c4d6e528a925f5b80b8c457723b
=== RUN   FuzzBn256Mul/ce6d6edec703bcaa6eb7d4d08c34704ad1bfdf3f
=== RUN   FuzzBn256Mul/ce79307d9faca6f5d3270f7b24b585f87b98fb13
=== RUN   FuzzBn256Mul/cf8a947a681cd6cd649963f46528f2532ef3652f
=== RUN   FuzzBn256Mul/cf9a53abac82d384ad716de4776b6edeff810449
=== RUN   FuzzBn256Mul/d0c04f7f19922f2f32a215d61ee904c014c7bb4f
=== RUN   FuzzBn256Mul/d28e9f7317dd2addc047e7c855f31b39fa412892
=== RUN   FuzzBn256Mul/d29750a712a15b57ce3b9b4fdd685f08495cbb5b
=== RUN   FuzzBn256Mul/d44c28dc5c32e58ff41c2eb1f4db6d2b4d3c94ca
=== RUN   FuzzBn256Mul/d530e271ae1fcb92226ded611fd7000013214251
=== RUN   FuzzBn256Mul/d83b56d79f0bb354ee02942d7595d1184156e103
=== RUN   FuzzBn256Mul/daadab789106c60602d542d806817d018207e521
=== RUN   FuzzBn256Mul/dd5575da350a5f145dd6f4f62c71c40f7f1f1cb5
=== RUN   FuzzBn256Mul/de12a6ffbe4a8ddcd0cc477835636c37fe8bb7ef
=== RUN   FuzzBn256Mul/de219e4fbbaac328e15232eb76078fb24c8fac28
=== RUN   FuzzBn256Mul/dfd89047506cc6706b54ce917f2851f5d5385186
=== RUN   FuzzBn256Mul/e088bb604ba844ed5c33f8422d682473c6c67a9c
=== RUN   FuzzBn256Mul/e0b682e48760b14ca277064bd252d93fa810b7f0
=== RUN   FuzzBn256Mul/e143001667b205f4be484c63bbacdd7fd80921ac
=== RUN   FuzzBn256Mul/e2841b5cfda0e83b3549faefbf6e19fa259dd011
=== RUN   FuzzBn256Mul/e2dcb5e59971161c851060f0bd41529609bd25f8
=== RUN   FuzzBn256Mul/e501eedb0a57d562380071d988e8f247b59b1afe
=== RUN   FuzzBn256Mul/e5262dab3e5a015c819aee9542ce0e4e25c4b3ad
=== RUN   FuzzBn256Mul/e54fb88d42a31df9a42e561717fe7b983f6ed292
=== RUN   FuzzBn256Mul/e5f50a9b42f744e87cdee79bedebf9bff56870fb
=== RUN   FuzzBn256Mul/e7fdf11fcf15b763f627e921ceaf3458bfc57151
=== RUN   FuzzBn256Mul/eb2da0b08ef517e82de5eb92a6d3de4a4b5008ab
=== RUN   FuzzBn256Mul/eb3529818dda1be883383839b053ef17768535e9
=== RUN   FuzzBn256Mul/eb65667de5e78eb32720c4e43fb68b98ff367384
=== RUN   FuzzBn256Mul/ec696cd071a6d97535fce3940fc3cb2bf9dbaa2b
=== RUN   FuzzBn256Mul/ed29bd143484c4e529d76b0a11b3b069430c0122
=== RUN   FuzzBn256Mul/ed40a5d2d73d42c1e2e1d5a2525b709a0f754938
=== RUN   FuzzBn256Mul/f177ea1ac73da0189851512fcb07aa5cf1448287
=== RUN   FuzzBn256Mul/f1cd13b9889f5f45e1f4e82ef17a1c3dd2ba0b5e
=== RUN   FuzzBn256Mul/f371449e3d7d655c19c065d66ab840bf35849047
=== RUN   FuzzBn256Mul/f46aba5143f7d89298de3d1ce5b67163899918f3
=== RUN   FuzzBn256Mul/f4730fd2ed6a4bbbb4ae2f9aee64b9d06442b5c2
=== RUN   FuzzBn256Mul/f4978fb41bfecfbcb66ec5204b58712e6d7c5258
=== RUN   FuzzBn256Mul/f4b517cfeb60c2c2508ddb47d47584f723689359
=== RUN   FuzzBn256Mul/f847b8e97132ab8c9a86dfb9d03bf9dc8a7de0bb
=== RUN   FuzzBn256Mul/f8c0459d6d2863ed57c0263f924a9afe2700d141
=== RUN   FuzzBn256Mul/f9c1625bcbd2b504fe81eb78495b1dd19a046ac3
=== RUN   FuzzBn256Mul/f9cea122a24a016af0b7ce7266f977a8c7ebaf1c
=== RUN   FuzzBn256Mul/fb2ce230e49dc844636a33282679861d90b3dd70
=== RUN   FuzzBn256Mul/fd304bbc68e6aade0a7abc68d8339e40bdd0569e
=== RUN   FuzzBn256Mul/fd340a13cb5adecfe967b4e1bdf1594a589cebee
=== RUN   FuzzBn256Mul/fd66b0b79da95fdc0bf0fa41c0315d78159e2fa7
=== RUN   FuzzBn256Mul/fe2f998bcfd151f16c41a0d2146e69c387275196
=== RUN   FuzzBn256Mul/ff64e90fe39ad1736e1d065308386df3b45925ac
--- PASS: FuzzBn256Mul (0.32s)
    --- PASS: FuzzBn256Mul/027a817abad09b8a3711e4a326689bc6055ef807 (0.00s)
    --- PASS: FuzzBn256Mul/04bfda3124a01310462a7aa16630d07c83727ce8 (0.00s)
    --- PASS: FuzzBn256Mul/05f395f04ff46dfae501af06e640e16107fd0d4f (0.00s)
    --- PASS: FuzzBn256Mul/06608fa99c783b4a164319b2c10856297941d6a4 (0.00s)
    --- PASS: FuzzBn256Mul/07388214a6537956d3aee34b87f359263781c7e9 (0.00s)
    --- PASS: FuzzBn256Mul/075a132adc0bf2b82a3de7a87f67e3e9adbc02c9 (0.00s)
    --- PASS: FuzzBn256Mul/082623e59461e611e689a079adaaa4a9e9f4e9a1 (0.00s)
    --- PASS: FuzzBn256Mul/0831ce99f1931b5747340dcbba4b6136865c770e (0.00s)
    --- PASS: FuzzBn256Mul/0a7894d40ca4cfe56107a71a399660ba177114a9 (0.00s)
    --- PASS: FuzzBn256Mul/0cb8718981148e9969237beaac94dade50b85266 (0.01s)
    --- PASS: FuzzBn256Mul/0d19f00e74a9ed8496673ca71bc1fd13507989af (0.00s)
    --- PASS: FuzzBn256Mul/0daad51e4810d3f906969fb1ef47e59abeaaf201 (0.00s)
    --- PASS: FuzzBn256Mul/0f179f8ebf9f2e8db05d1b160f8fcb086fbbe92a (0.00s)
    --- PASS: FuzzBn256Mul/0f2aead6c61400793b12a3b15edb42bd5828389a (0.00s)
    --- PASS: FuzzBn256Mul/0f31923e40fb49d87b600ec739c280a0f2f0c1ed (0.00s)
    --- PASS: FuzzBn256Mul/0f79f0b2362de41c5d2bc4288c79b6f7ff7cb57b (0.00s)
    --- PASS: FuzzBn256Mul/0f970cfc8ff07023d2b24c676804d753dfc8bd46 (0.00s)
    --- PASS: FuzzBn256Mul/0fc09aec5473c08fc6de0b82508b0acb044feaaf (0.00s)
    --- PASS: FuzzBn256Mul/0fd33cb2eb06053f8b700a093276e3ddcf6f476b (0.00s)
    --- PASS: FuzzBn256Mul/105a79a425fe76a3fa43ecec0206337f66995c9b (0.00s)
    --- PASS: FuzzBn256Mul/10db8de5c652edaab15681a5b84d2c9e677fb48a (0.00s)
    --- PASS: FuzzBn256Mul/1360db1e71a8973dfeb18cd1a19ab19a571c6d9b (0.00s)
    --- PASS: FuzzBn256Mul/15e1ead7d94d82eb5a24448ff52d4f4f0c7c8fde (0.01s)
    --- PASS: FuzzBn256Mul/179f73a60f199c2803dfe20ae7f57472c942172b (0.00s)
    --- PASS: FuzzBn256Mul/18f1ae9d2101cecf8b3c822e519c16375f93599c (0.00s)
    --- PASS: FuzzBn256Mul/197891f1cc2f1d6ee04d08eaf9557a21e107fc6f (0.00s)
    --- PASS: FuzzBn256Mul/19b99d92f7e9a516b835acb0fda5f32facd15957 (0.00s)
    --- PASS: FuzzBn256Mul/19c684111f728194c931f234f4ba03d476d74846 (0.00s)
    --- PASS: FuzzBn256Mul/1a4efb77125f4e0bbd899a5b79f27b73bd7a85a3 (0.00s)
    --- PASS: FuzzBn256Mul/1a9d058760bc89ba07d6fee9ec80b1a9b4a8cf51 (0.00s)
    --- PASS: FuzzBn256Mul/1ab20fda78ed59dba36d8b00c72a91478530c798 (0.00s)
    --- PASS: FuzzBn256Mul/1bfd035ed66457dc4b60e1a5b2a6ab4fba6c611d (0.01s)
    --- PASS: FuzzBn256Mul/1c06aac01fe8fbd147ef327ff9e5e3e5a72c6879 (0.00s)
    --- PASS: FuzzBn256Mul/1c0f08f77294168907fa47346b00d0a3422fd26f (0.00s)
    --- PASS: FuzzBn256Mul/1cd98b0caa7c64921e29fcc48b1425a21a42a229 (0.00s)
    --- PASS: FuzzBn256Mul/1f49d6f57eaeb1a856c72a523d2426da5af4a38a (0.00s)
    --- PASS: FuzzBn256Mul/1fd2d2f6a1d4e49d0eb30b90c54677159bf6bcda (0.00s)
    --- PASS: FuzzBn256Mul/20375eaf8f3ee4337135aff0d3c2d91ca5c4afa3 (0.00s)
    --- PASS: FuzzBn256Mul/251d2b370c1ef5567e70d6cf0376a7b53299b1e6 (0.00s)
    --- PASS: FuzzBn256Mul/25b18b81a29fa8802dd61816dd28a4bd6ffde8f0 (0.00s)
    --- PASS: FuzzBn256Mul/27692f833d9f03bfde01a25257d665cb57b2996e (0.00s)
    --- PASS: FuzzBn256Mul/2813b9e03164cd2a523344decf640ff33da5a660 (0.00s)
    --- PASS: FuzzBn256Mul/28919075babe08c943cff3c852a18c2c41893bf8 (0.00s)
    --- PASS: FuzzBn256Mul/28f1bfc956eca597fb1b57ece151dd313ddbf629 (0.00s)
    --- PASS: FuzzBn256Mul/2909c85b11139490f6e3ea701bdefe4434a0e5ce (0.00s)
    --- PASS: FuzzBn256Mul/294cd737ac72c199c904acb72f70b31e820fcc9c (0.00s)
    --- PASS: FuzzBn256Mul/29a89728dfba31e6ccae8841ea0d2d850d92eea9 (0.00s)
    --- PASS: FuzzBn256Mul/29d51ac52977aa20707f2c5d30ab3be7d09cf651 (0.00s)
    --- PASS: FuzzBn256Mul/2b840ff8d6ce933d4b504e425485395b45319a9d (0.00s)
    --- PASS: FuzzBn256Mul/2c62761ec6bde6b22f1fe02046f7c9b3354f264d (0.00s)
    --- PASS: FuzzBn256Mul/2d16fbd733628cb8b431e2076d98f8b282a7e294 (0.00s)
    --- PASS: FuzzBn256Mul/2d28e47f06969efcb81af94d4455639041f11141 (0.00s)
    --- PASS: FuzzBn256Mul/2da3921cb0cd0730b0617baf2435adbe103f6a21 (0.00s)
    --- PASS: FuzzBn256Mul/2f5892e93137c932f22ecb4836bd6242c7c9d2ad (0.00s)
    --- PASS: FuzzBn256Mul/30c08691de3c4daefc3663264443c994d5a753ea (0.00s)
    --- PASS: FuzzBn256Mul/32011f1590b864d027184a6085f639c898f6b599 (0.00s)
    --- PASS: FuzzBn256Mul/322b7e6e6148f8275ce1cff8ffeb5af48d02326f (0.00s)
    --- PASS: FuzzBn256Mul/355a2276f23fbf41056581fe084d671292702c50 (0.00s)
    --- PASS: FuzzBn256Mul/38f0323bdbaa096ba0960e1bcb470f111f6d7707 (0.00s)
    --- PASS: FuzzBn256Mul/392d6dac0f93aaa24696fb6553d6929883dc072f (0.00s)
    --- PASS: FuzzBn256Mul/39b270b36f6fc83f9138506a1ff7db3672b1f95b (0.00s)
    --- PASS: FuzzBn256Mul/3cdd6792a986947c6017ef96e8df051731478546 (0.00s)
    --- PASS: FuzzBn256Mul/3e4e842f0bc45de2250d83555d1cb84d3837eafe (0.00s)
    --- PASS: FuzzBn256Mul/3fc9df75b95a680e504d42bd71bcd26cf99c5207 (0.00s)
    --- PASS: FuzzBn256Mul/4261054417a6e07c0f2e0eb32e8de71f8dce09e4 (0.00s)
    --- PASS: FuzzBn256Mul/4265d79473969c25de44a42a79d170167f77430c (0.00s)
    --- PASS: FuzzBn256Mul/450d5f5801cffbb3a565d5f6e3b9c8c0e0d452ca (0.00s)
    --- PASS: FuzzBn256Mul/4635cc0e7e4d0520ff3581c38d205cf61c2c3b79 (0.00s)
    --- PASS: FuzzBn256Mul/4674774701f47bbc3294cc56d022f97d3ad864ca (0.00s)
    --- PASS: FuzzBn256Mul/472603f600ea4f2318f2aa3caf0f81b0939898be (0.00s)
    --- PASS: FuzzBn256Mul/499d5856fd6e4bdb15c1cad4732e2b5d961ae69d (0.00s)
    --- PASS: FuzzBn256Mul/4b1bb1ff5242bc271e54bba9d6ebf85702bef03d (0.00s)
    --- PASS: FuzzBn256Mul/4b74d925db4152b413ad2aa568f25bca5a243ec8 (0.00s)
    --- PASS: FuzzBn256Mul/4cb650afb98927e6650b18ef59f006a471086ca5 (0.00s)
    --- PASS: FuzzBn256Mul/4cca43cadd2e2687b72e50b9751c5f82b49548d1 (0.00s)
    --- PASS: FuzzBn256Mul/4d162514da2c5a3a1619b488b34142d75d14e05f (0.00s)
    --- PASS: FuzzBn256Mul/4ded838a99656c71f0be3e8bb3a93e98a63ab31f (0.00s)
    --- PASS: FuzzBn256Mul/4ecd5d8dbe310dc28799c8faec334fd32584b4d1 (0.00s)
    --- PASS: FuzzBn256Mul/4ed665ca2f343541806cfcf18ec3dc98543cfc7a (0.00s)
    --- PASS: FuzzBn256Mul/510cdf69e4427041bdd50127d1c9f4d1c0cd72ff (0.00s)
    --- PASS: FuzzBn256Mul/52f16d3be75f5ab9ab06b0dd51c339b497853bec (0.01s)
    --- PASS: FuzzBn256Mul/533fb75347e1980d25e8c5118be3466504167c42 (0.00s)
    --- PASS: FuzzBn256Mul/536bcd8a2ba34def0a250dab4b5457b3bb43ec99 (0.00s)
    --- PASS: FuzzBn256Mul/53fb256660e0964dd9eaa8efd83801af74c180e1 (0.00s)
    --- PASS: FuzzBn256Mul/540dd246f1997fa415794a8cef6967978c796267 (0.00s)
    --- PASS: FuzzBn256Mul/547aa3319342d96dc570f0cfcf9b35d7b8ad2aa4 (0.00s)
    --- PASS: FuzzBn256Mul/565698d085cb22e6f97fbeb80a0c0a17d9b420bc (0.00s)
    --- PASS: FuzzBn256Mul/5a79f1ccb2ee393b6a149ed05b1654ab38620d7b (0.00s)
    --- PASS: FuzzBn256Mul/5ae0d074dbb0b10f0e57c40f2d174099a5e8bebf (0.00s)
    --- PASS: FuzzBn256Mul/5ebdda88b65fa98a2d11a061d0e2add05eafe4dd (0.00s)
    --- PASS: FuzzBn256Mul/5ecb6d729e0a81f2e798820c165e5042d3d8fa86 (0.00s)
    --- PASS: FuzzBn256Mul/5f57324efc7dd1b117e93d6c58a4cb5f61e94a25 (0.00s)
    --- PASS: FuzzBn256Mul/6191184ea2c2eb3cffd502835fc21dec0768dbc7 (0.00s)
    --- PASS: FuzzBn256Mul/61efb07f4046aeb0adf42fd37109edfe1cbe0f5d (0.00s)
    --- PASS: FuzzBn256Mul/644a0fd1fd18ae4a66eb01a3159eaf69feb513f8 (0.00s)
    --- PASS: FuzzBn256Mul/67475a1a964fd21abe8982729cda9c2f5e1ad7be (0.00s)
    --- PASS: FuzzBn256Mul/67c673845c23fa46975c6b4bb33688147d3b9acf (0.00s)
    --- PASS: FuzzBn256Mul/68fa63c05c53d9a5ae69ed034574ad0cd4699953 (0.00s)
    --- PASS: FuzzBn256Mul/696e51b992f9d68d3ef835afeb5e630ca13cd4cf (0.00s)
    --- PASS: FuzzBn256Mul/6b2c0c139f1473af4e4ccc15f9f3089c90e8c74b (0.00s)
    --- PASS: FuzzBn256Mul/6b40628983c32c26cb5a49b44ed13894ec6ec1be (0.00s)
    --- PASS: FuzzBn256Mul/6b7870087b0e97b2f348c8c1946a8a4d589c002b (0.00s)
    --- PASS: FuzzBn256Mul/6be67465a2ef223f22b5969a7dc60e232749376b (0.00s)
    --- PASS: FuzzBn256Mul/6c62eb3bf055ac3be34d37c057317ed8a08f21ef (0.00s)
    --- PASS: FuzzBn256Mul/6cd6b9b65a0a6a938093799f1cbcf031029112fa (0.00s)
    --- PASS: FuzzBn256Mul/6f0699771fa24b1420ef3f22bbe5ad5af960d255 (0.00s)
    --- PASS: FuzzBn256Mul/7366e141f47d494401362f42b793d3c903a85b2c (0.00s)
    --- PASS: FuzzBn256Mul/73da37b55fefba0f60d4116234a4ef309fd15c9b (0.00s)
    --- PASS: FuzzBn256Mul/74198a9e02f38a40dc129a9f6438af3132b5dce0 (0.00s)
    --- PASS: FuzzBn256Mul/7450b7f8f76c4df9da21b64422188d642de2fb8d (0.00s)
    --- PASS: FuzzBn256Mul/75929e8436915f48d62c76db3afa400404b01e9e (0.00s)
    --- PASS: FuzzBn256Mul/77a031d504fbfc4eec9a548016af9b0d2f452917 (0.00s)
    --- PASS: FuzzBn256Mul/79b0b60d2d24e5cefd33633a4d3be5247887c639 (0.00s)
    --- PASS: FuzzBn256Mul/7a6ed11c16fad302c12a101a6e4fb5bedb1112bd (0.00s)
    --- PASS: FuzzBn256Mul/7ad03b9c2554f9c14d3d6b06a52e41cb47765257 (0.00s)
    --- PASS: FuzzBn256Mul/7b181b3045d41d5f2b6894521fb44b1e90527994 (0.00s)
    --- PASS: FuzzBn256Mul/7b524af072c419b7238a6aaa54aa0918dff868d3 (0.00s)
    --- PASS: FuzzBn256Mul/7b7c0cffa483c363d5a7f4f2aac2e87783d34889 (0.00s)
    --- PASS: FuzzBn256Mul/7c90ce0de36397d933f4a14c1878811925f282f7 (0.00s)
    --- PASS: FuzzBn256Mul/7cc82fb53988e42e8cb86f8fa9265a50360cae14 (0.00s)
    --- PASS: FuzzBn256Mul/7d1d4d8b78a28b001730f20e58d76cd63f5a5514 (0.00s)
    --- PASS: FuzzBn256Mul/7d3a2d3245b16a4da92e65c0248c1879c8b0281f (0.01s)
    --- PASS: FuzzBn256Mul/7d6758b46e31a5409c28b6202f041ddfdbd25986 (0.00s)
    --- PASS: FuzzBn256Mul/7dbd7c710918f7592aa7660c81d80c534d2d31f1 (0.00s)
    --- PASS: FuzzBn256Mul/7de743b28d2218308ac6d389ab75e61a2aeeee7a (0.00s)
    --- PASS: FuzzBn256Mul/7f66c74c9e9dd4fdebdbd4bf2f6fe01f8de7ad41 (0.00s)
    --- PASS: FuzzBn256Mul/81c35e675c572db588a9a3c8e360424f844e0adc (0.00s)
    --- PASS: FuzzBn256Mul/82b1852d49f6edec7c404de023040211a8db2910 (0.00s)
    --- PASS: FuzzBn256Mul/82f5924032ed564125e1473166db546d4d1a26db (0.00s)
    --- PASS: FuzzBn256Mul/84b72695b64b7d1e11a7d73bcd71a1b8df37fe32 (0.00s)
    --- PASS: FuzzBn256Mul/84fb8319d1c6220b98faff00c65f219a191dee44 (0.00s)
    --- PASS: FuzzBn256Mul/8635e03057e37b554dc4a44e2535694241451f26 (0.00s)
    --- PASS: FuzzBn256Mul/865e3bcaadff3d8d01574e4d3511796c28f2fb51 (0.00s)
    --- PASS: FuzzBn256Mul/86b725422313581d1d11188de70ee4f969b03c23 (0.00s)
    --- PASS: FuzzBn256Mul/870e5ca4f85cd8423072347eb737526f966c7274 (0.00s)
    --- PASS: FuzzBn256Mul/89716606ba602aa86a286254a0b4635584c30390 (0.00s)
    --- PASS: FuzzBn256Mul/899266e88f7e4268bec1cf857bdc7b5f5d61a495 (0.00s)
    --- PASS: FuzzBn256Mul/8a4065d9105a835ed5a8f0760467c41bafc9ddcb (0.00s)
    --- PASS: FuzzBn256Mul/8a933c49389cf7848b376ecfa9b302820eb16891 (0.00s)
    --- PASS: FuzzBn256Mul/8aba2802cc4ea45bf8122a58cac02d12668e1e60 (0.00s)
    --- PASS: FuzzBn256Mul/8b028260a42f3bb17136e5813db6cbe65b391de4 (0.00s)
    --- PASS: FuzzBn256Mul/8bc0ef2a5e95b646051e872fec205a6ec5ef51bc (0.00s)
    --- PASS: FuzzBn256Mul/8dfe6a4969f6a4a471676362b583975e7e669c7b (0.00s)
    --- PASS: FuzzBn256Mul/903b1922beab0ab7dfb9932b50ff40b4a00af41a (0.00s)
    --- PASS: FuzzBn256Mul/903b34084805ffbcc4ea46e53c5e40d2beaa8706 (0.00s)
    --- PASS: FuzzBn256Mul/94193f3bdb92698b64293e5e629df5bf142dd9d2 (0.01s)
    --- PASS: FuzzBn256Mul/944f255379561e41bb9d116b9fb66ae4e06026e1 (0.00s)
    --- PASS: FuzzBn256Mul/95f8e20bccd39d4891a3f92dc09eb3e8f85b47c7 (0.00s)
    --- PASS: FuzzBn256Mul/96d8cf513b3e98d5807198e0735b7af5958bfc41 (0.00s)
    --- PASS: FuzzBn256Mul/98cb37e54e722a11c1374c795938049020c1dd49 (0.00s)
    --- PASS: FuzzBn256Mul/9ad6adfdc45ee2ec4b4aac20a1be60b0cd7c614d (0.00s)
    --- PASS: FuzzBn256Mul/9cf2a71ae9f81ec326622897261275b5ccab8171 (0.00s)
    --- PASS: FuzzBn256Mul/9d43c2fe0a6497dbe5956b50217f059257948ff5 (0.00s)
    --- PASS: FuzzBn256Mul/9d97c4143a3277e487211ae41f5f232d123e24ab (0.00s)
    --- PASS: FuzzBn256Mul/9e40d7eb0b0a7a08f12ecf5343bcabdbc4ad45bb (0.00s)
    --- PASS: FuzzBn256Mul/9f533029b370345c753288d8055ddf25c5702ed5 (0.00s)
    --- PASS: FuzzBn256Mul/a06a39fd177d53e7fdb5bb8fbe5aab860f6d3274 (0.00s)
    --- PASS: FuzzBn256Mul/a099c58767ec4ba0571ec274fa6ee04d420d4f11 (0.00s)
    --- PASS: FuzzBn256Mul/a227f24de60212642de734fe3f0cfffd1c874061 (0.00s)
    --- PASS: FuzzBn256Mul/a254afb23a11fc1d352e21dbbe28183558ea63d9 (0.00s)
    --- PASS: FuzzBn256Mul/a2e5c8cff2e79a1fa6110bf19037f5ef765861be (0.00s)
    --- PASS: FuzzBn256Mul/a3013393bad3cf8c821b84784fb72a601c1bea8d (0.00s)
    --- PASS: FuzzBn256Mul/a5d7c45db74c4b85f5a626bf51cbe01184ad15cb (0.00s)
    --- PASS: FuzzBn256Mul/a9ee61fb964068343d2357ae6a39546fbf46bd3b (0.00s)
    --- PASS: FuzzBn256Mul/aa090601c215408f148f83687ae5c3b58933eef8 (0.00s)
    --- PASS: FuzzBn256Mul/aa93c056bfdd63615f49c41a37b5c50987710a1e (0.00s)
    --- PASS: FuzzBn256Mul/ab8800b214ec0de9b7e63565061d41beea04d2c6 (0.00s)
    --- PASS: FuzzBn256Mul/ab9dce7e65dd78d33955d8610b0fe8c23d743d54 (0.00s)
    --- PASS: FuzzBn256Mul/abc0af90350e3a3ad0548c5d7c1527b628fd6101 (0.00s)
    --- PASS: FuzzBn256Mul/ac74951c13c3583ac13bfc69f021b34a5f3a152d (0.00s)
    --- PASS: FuzzBn256Mul/ad1b61d22a9e613edfdefac32eff1b278d496cb6 (0.00s)
    --- PASS: FuzzBn256Mul/adc83b19e793491b1c6ea0fd8b46cd9f32e592fc (0.00s)
    --- PASS: FuzzBn256Mul/adf9191cea0072af87d6be3cb4c52e4f19447e3a (0.00s)
    --- PASS: FuzzBn256Mul/ae4da157237bd96cf53d2ffbedfafa14e8d13931 (0.00s)
    --- PASS: FuzzBn256Mul/af3ece59ac72bd8c165bc0985280e1ecd077c2e2 (0.00s)
    --- PASS: FuzzBn256Mul/af9869aa6c24fffb890fb40ddba6ab81d7e8e1ea (0.00s)
    --- PASS: FuzzBn256Mul/b244178ba10a0f25cb1a0c222a742f5b73eaa330 (0.00s)
    --- PASS: FuzzBn256Mul/b2469a225f31e43eb91acaa9ad0a04b612588d2a (0.00s)
    --- PASS: FuzzBn256Mul/b2e5558f24c76f2906744e3e81ac3d53cce1f8e0 (0.00s)
    --- PASS: FuzzBn256Mul/ba125dc8fe678dbdc6bc730f0c6fb8c8b8dc709a (0.00s)
    --- PASS: FuzzBn256Mul/ba1652b7200618b51edcd43ea8626e7093830186 (0.00s)
    --- PASS: FuzzBn256Mul/ba21fd2e31e4ab825039efc2624b8b3d89a64c34 (0.00s)
    --- PASS: FuzzBn256Mul/baf301ad72fbff1de10d107e8757d68b5f30f691 (0.00s)
    --- PASS: FuzzBn256Mul/bccba9abe9e69a0726d3f73b8438ec956fd0d0c7 (0.00s)
    --- PASS: FuzzBn256Mul/bce6c92dce9287596f863086a64162b211f7df5d (0.00s)
    --- PASS: FuzzBn256Mul/bd5fb7c0a913bf177523b4b3946df99e4531dfb2 (0.00s)
    --- PASS: FuzzBn256Mul/c009c477b05d83c7bece4656c5a42bd974906b09 (0.00s)
    --- PASS: FuzzBn256Mul/c02c6edc9516d57d715086d07e46aa4b1c1a7cda (0.00s)
    --- PASS: FuzzBn256Mul/c0e5b61f9652d682a68e30fe89f3dcabceecceb3 (0.00s)
    --- PASS: FuzzBn256Mul/c27cc2f83da6684765081138a5e7d3ef85e8e95e (0.00s)
    --- PASS: FuzzBn256Mul/c319e6910a325c0e5868bf4c21159839f5e6fa31 (0.00s)
    --- PASS: FuzzBn256Mul/c68ca1aec020a5c6dcedd5ca7d893ac3f131315f (0.00s)
    --- PASS: FuzzBn256Mul/c7a0dcdfd09fea3152f14b35b8f236f127de7ae1 (0.00s)
    --- PASS: FuzzBn256Mul/c7b96411020f38c1b54e88899cdde447fb863fec (0.00s)
    --- PASS: FuzzBn256Mul/c839b08b246c9d1b44a6a76e9dc1a5551b4f2296 (0.00s)
    --- PASS: FuzzBn256Mul/ca09c8aea2d7ba121ceb1c0d550a7cd6ff77b13c (0.00s)
    --- PASS: FuzzBn256Mul/cb88472474115c4d6e528a925f5b80b8c457723b (0.00s)
    --- PASS: FuzzBn256Mul/ce6d6edec703bcaa6eb7d4d08c34704ad1bfdf3f (0.00s)
    --- PASS: FuzzBn256Mul/ce79307d9faca6f5d3270f7b24b585f87b98fb13 (0.01s)
    --- PASS: FuzzBn256Mul/cf8a947a681cd6cd649963f46528f2532ef3652f (0.00s)
    --- PASS: FuzzBn256Mul/cf9a53abac82d384ad716de4776b6edeff810449 (0.00s)
    --- PASS: FuzzBn256Mul/d0c04f7f19922f2f32a215d61ee904c014c7bb4f (0.00s)
    --- PASS: FuzzBn256Mul/d28e9f7317dd2addc047e7c855f31b39fa412892 (0.00s)
    --- PASS: FuzzBn256Mul/d29750a712a15b57ce3b9b4fdd685f08495cbb5b (0.00s)
    --- PASS: FuzzBn256Mul/d44c28dc5c32e58ff41c2eb1f4db6d2b4d3c94ca (0.00s)
    --- PASS: FuzzBn256Mul/d530e271ae1fcb92226ded611fd7000013214251 (0.00s)
    --- PASS: FuzzBn256Mul/d83b56d79f0bb354ee02942d7595d1184156e103 (0.00s)
    --- PASS: FuzzBn256Mul/daadab789106c60602d542d806817d018207e521 (0.00s)
    --- PASS: FuzzBn256Mul/dd5575da350a5f145dd6f4f62c71c40f7f1f1cb5 (0.00s)
    --- PASS: FuzzBn256Mul/de12a6ffbe4a8ddcd0cc477835636c37fe8bb7ef (0.00s)
    --- PASS: FuzzBn256Mul/de219e4fbbaac328e15232eb76078fb24c8fac28 (0.00s)
    --- PASS: FuzzBn256Mul/dfd89047506cc6706b54ce917f2851f5d5385186 (0.00s)
    --- PASS: FuzzBn256Mul/e088bb604ba844ed5c33f8422d682473c6c67a9c (0.00s)
    --- PASS: FuzzBn256Mul/e0b682e48760b14ca277064bd252d93fa810b7f0 (0.00s)
    --- PASS: FuzzBn256Mul/e143001667b205f4be484c63bbacdd7fd80921ac (0.00s)
    --- PASS: FuzzBn256Mul/e2841b5cfda0e83b3549faefbf6e19fa259dd011 (0.00s)
    --- PASS: FuzzBn256Mul/e2dcb5e59971161c851060f0bd41529609bd25f8 (0.00s)
    --- PASS: FuzzBn256Mul/e501eedb0a57d562380071d988e8f247b59b1afe (0.00s)
    --- PASS: FuzzBn256Mul/e5262dab3e5a015c819aee9542ce0e4e25c4b3ad (0.00s)
    --- PASS: FuzzBn256Mul/e54fb88d42a31df9a42e561717fe7b983f6ed292 (0.00s)
    --- PASS: FuzzBn256Mul/e5f50a9b42f744e87cdee79bedebf9bff56870fb (0.00s)
    --- PASS: FuzzBn256Mul/e7fdf11fcf15b763f627e921ceaf3458bfc57151 (0.00s)
    --- PASS: FuzzBn256Mul/eb2da0b08ef517e82de5eb92a6d3de4a4b5008ab (0.00s)
    --- PASS: FuzzBn256Mul/eb3529818dda1be883383839b053ef17768535e9 (0.00s)
    --- PASS: FuzzBn256Mul/eb65667de5e78eb32720c4e43fb68b98ff367384 (0.00s)
    --- PASS: FuzzBn256Mul/ec696cd071a6d97535fce3940fc3cb2bf9dbaa2b (0.00s)
    --- PASS: FuzzBn256Mul/ed29bd143484c4e529d76b0a11b3b069430c0122 (0.00s)
    --- PASS: FuzzBn256Mul/ed40a5d2d73d42c1e2e1d5a2525b709a0f754938 (0.00s)
    --- PASS: FuzzBn256Mul/f177ea1ac73da0189851512fcb07aa5cf1448287 (0.00s)
    --- PASS: FuzzBn256Mul/f1cd13b9889f5f45e1f4e82ef17a1c3dd2ba0b5e (0.00s)
    --- PASS: FuzzBn256Mul/f371449e3d7d655c19c065d66ab840bf35849047 (0.00s)
    --- PASS: FuzzBn256Mul/f46aba5143f7d89298de3d1ce5b67163899918f3 (0.00s)
    --- PASS: FuzzBn256Mul/f4730fd2ed6a4bbbb4ae2f9aee64b9d06442b5c2 (0.00s)
    --- PASS: FuzzBn256Mul/f4978fb41bfecfbcb66ec5204b58712e6d7c5258 (0.00s)
    --- PASS: FuzzBn256Mul/f4b517cfeb60c2c2508ddb47d47584f723689359 (0.00s)
    --- PASS: FuzzBn256Mul/f847b8e97132ab8c9a86dfb9d03bf9dc8a7de0bb (0.00s)
    --- PASS: FuzzBn256Mul/f8c0459d6d2863ed57c0263f924a9afe2700d141 (0.00s)
    --- PASS: FuzzBn256Mul/f9c1625bcbd2b504fe81eb78495b1dd19a046ac3 (0.00s)
    --- PASS: FuzzBn256Mul/f9cea122a24a016af0b7ce7266f977a8c7ebaf1c (0.00s)
    --- PASS: FuzzBn256Mul/fb2ce230e49dc844636a33282679861d90b3dd70 (0.00s)
    --- PASS: FuzzBn256Mul/fd304bbc68e6aade0a7abc68d8339e40bdd0569e (0.00s)
    --- PASS: FuzzBn256Mul/fd340a13cb5adecfe967b4e1bdf1594a589cebee (0.00s)
    --- PASS: FuzzBn256Mul/fd66b0b79da95fdc0bf0fa41c0315d78159e2fa7 (0.00s)
    --- PASS: FuzzBn256Mul/fe2f998bcfd151f16c41a0d2146e69c387275196 (0.00s)
    --- PASS: FuzzBn256Mul/ff64e90fe39ad1736e1d065308386df3b45925ac (0.00s)
=== RUN   FuzzBn256Pair
=== RUN   FuzzBn256Pair/017a066c4eef6c55eb527f8751aebea070a2a07a
=== RUN   FuzzBn256Pair/0183957fbee33fcefb5866b9675938669e5ca079
=== RUN   FuzzBn256Pair/0426027871357987964b82ca8411d498eb23d6f2
=== RUN   FuzzBn256Pair/058dd1720e413097d8388f6e15bf6bf9b7654c9c
=== RUN   FuzzBn256Pair/069d156996eb4e08370cb3fbb9aba9f7b922403a
=== RUN   FuzzBn256Pair/06e75f532a33d368d56aa763bbed3e876d949ab7
=== RUN   FuzzBn256Pair/088016e5864ff9eb9117e49d67cfd670f65d2a8a
=== RUN   FuzzBn256Pair/0aa15b4ddb5aaf26af948f18aebb9d68afaaaab3
=== RUN   FuzzBn256Pair/0aa7314c3e4122847b79bb9698c53baed51a4eaa
=== RUN   FuzzBn256Pair/0c38819c4e5b0027747cac6589373657f1da5032
=== RUN   FuzzBn256Pair/0d8e19a92b66293ea63f0d7767848942d0c75767
=== RUN   FuzzBn256Pair/0db252b2d346d70cfe777dcbeb47b205717a924f
=== RUN   FuzzBn256Pair/0dc2e4c776a6f3339cec871f98c11260843dbf3f
=== RUN   FuzzBn256Pair/10797f4f0683d6812628703f970ad10624065ebf
=== RUN   FuzzBn256Pair/107edf07f8a659ae8df78fc145d3ca1df660bea7
=== RUN   FuzzBn256Pair/10f0c7e55922a415512fcf834764ffef577dd5df
=== RUN   FuzzBn256Pair/1124111f2a091e6e12c72b8cbfa334505cf2006d
=== RUN   FuzzBn256Pair/11709903c573369092c96a1616af36137f4cdd76
=== RUN   FuzzBn256Pair/11e33d255e9b3213e3d15543bf330d9d3866ab5b
=== RUN   FuzzBn256Pair/125b7fb61f0f77b213d28f7aa110d008ef0cdaeb
=== RUN   FuzzBn256Pair/1483757169abaada7dfe1db69b54110437790f80
=== RUN   FuzzBn256Pair/14d748ef517e30a4531e05a0dbf70a5cd87fb471
=== RUN   FuzzBn256Pair/1542c45c0b6b03edb9d837bd3b6ab4247d4ff915
=== RUN   FuzzBn256Pair/16c5106393946c81ce92394179498a580c57b3c7
=== RUN   FuzzBn256Pair/16d2b88dcd107c891101e35bcc83e68b4d945fc1
=== RUN   FuzzBn256Pair/191d884179225873565b83fb33c467fb942cebfe
=== RUN   FuzzBn256Pair/1b79d8b1bbc3339d566a5aacee582ae841c0bbcc
=== RUN   FuzzBn256Pair/1d5c7ad85de85e8c87cdd50656f387386ed7f3a2
=== RUN   FuzzBn256Pair/1dd126c83de1a7537e7a13221f6572b4a6a8b6cf
=== RUN   FuzzBn256Pair/1e3df0c4ed6b242d760ee1cc52c29168bd4dc26c
=== RUN   FuzzBn256Pair/1e44e487643f44b60d9b245ac22ad0a303c9749e
=== RUN   FuzzBn256Pair/200f1f377d561233fd1c0bf412bca7b3f9eebdce
=== RUN   FuzzBn256Pair/20591357a43f901b2f6f13cc7ffc73808001db13
=== RUN   FuzzBn256Pair/21698315310be5b59c3d98955d94c249c43d2f37
=== RUN   FuzzBn256Pair/22ca078e0033090711babf790a09e89505873e48
=== RUN   FuzzBn256Pair/234eaa5c69540fc93f7eda30142e03948e8d04c8
=== RUN   FuzzBn256Pair/244f9e89f86bbb3d0a4aa1abb29a15e6c0e0ae8e
=== RUN   FuzzBn256Pair/2775852048d725870604c533179f660f106a6141
=== RUN   FuzzBn256Pair/28ac6f76261452bf4f7c77944780370de1d680ae
=== RUN   FuzzBn256Pair/2910859917884f994de47f514286423f6876473a
=== RUN   FuzzBn256Pair/2aae82b8b59cb111d1462a9da4b0ec17bb9a5fe2
=== RUN   FuzzBn256Pair/310612b1808936e3fb9d2773f0c02bd197caeae1
=== RUN   FuzzBn256Pair/33edc2f2763586182e116d8935015851655a7e12
=== RUN   FuzzBn256Pair/3503256af66c98760de7b12f151b6fc2cf644546
=== RUN   FuzzBn256Pair/3545d4a1f7f830b8e708eb525a6b1a9260cd4dbe
=== RUN   FuzzBn256Pair/368436a0aefcb0f891d39ca8541997e477955d5c
=== RUN   FuzzBn256Pair/377cb751a138574a1f92c1c8957fcf4104474113
=== RUN   FuzzBn256Pair/3b51e1bc27ad95854f38e7341cc9f8c4f673ac98
=== RUN   FuzzBn256Pair/3c22a66706bbb31e1d107cda2ca1bcd60c8b5d0f
=== RUN   FuzzBn256Pair/3c9942cf5a6f85d952502f6285f2d998809f8609
=== RUN   FuzzBn256Pair/3ccf3dd05587b7e010751a8382f5c7228e92f21e
=== RUN   FuzzBn256Pair/3ddae9852666a6a730aac2c3982cf128e4cc44e9
=== RUN   FuzzBn256Pair/3e2f0315fda9b50d5d1c8684c851ef54977ec04e
=== RUN   FuzzBn256Pair/3e377bb02b8bb967436aa78c1426d6f05db13b31
=== RUN   FuzzBn256Pair/42846c3ae7ec67b9918e4a452694ef8001d00e48
=== RUN   FuzzBn256Pair/43c39615d6de6a802e678ab5b9cc7db8ddb6d67b
=== RUN   FuzzBn256Pair/4618463e3d93c62c2a237ebd75d1e6632cee2644
=== RUN   FuzzBn256Pair/46eea60b329039f4559ed8c3a93559f19bc9c0b3
=== RUN   FuzzBn256Pair/49376acba9d527f355483fc34a5a69233f80fbc5
=== RUN   FuzzBn256Pair/493e63026d9b4a83313e046ebee309be345af0f2
=== RUN   FuzzBn256Pair/494e95c2952aaae5c01286e7f79857510e06ef55
=== RUN   FuzzBn256Pair/496e9b420e8c9e231c7367a26322611835fc3d11
=== RUN   FuzzBn256Pair/4ba768992cce6851ab17cb4ea767e4c9fed4723b
=== RUN   FuzzBn256Pair/4ce278d31ce4c9e5127df49f7c4b75f402cb0e94
=== RUN   FuzzBn256Pair/4ce5bcf2e3b7ae4aea0c0e139d7e3c73597fdcda
=== RUN   FuzzBn256Pair/4f3f5e4422b2490de900dc069e2120d00f1bd52a
=== RUN   FuzzBn256Pair/4f5d99a1e829d29320622ee82a399453541b20f6
=== RUN   FuzzBn256Pair/4fe0bd97bf05033a5ac48d2fddd73db13dcbfbe9
=== RUN   FuzzBn256Pair/505e6b5a79c7ee91c1a1ea66d00236ea1943f52e
=== RUN   FuzzBn256Pair/52dfe0eb47aaa0d8e57cbded14ee6ea465058a08
=== RUN   FuzzBn256Pair/54ec96f035f6fdb1947b942b85e1a79af4e28130
=== RUN   FuzzBn256Pair/58de4d79a45dadd9a77c5220fde9000351d5103d
=== RUN   FuzzBn256Pair/593511707ba03b93d86cf434b28e868b335fdbfb
=== RUN   FuzzBn256Pair/5a6adcaf91b5839ab9ca467bf6c37ddf6c7e6faf
=== RUN   FuzzBn256Pair/5b1359a59f7d95cf67c8b3b6cfcd379df6216886
=== RUN   FuzzBn256Pair/5b6dd6e90a571f23766b5658cb233b6112efb736
=== RUN   FuzzBn256Pair/5d93085b86688c2eb48686e00156e3c22e16232b
=== RUN   FuzzBn256Pair/5fecc262ecc9c77d5ad78b199cdbb398d6716fc8
=== RUN   FuzzBn256Pair/61975075b14083cc31540c96d600b5d2d2cc2c1e
=== RUN   FuzzBn256Pair/621823dc8e671112e3b73a2bacca61df54fdf853
=== RUN   FuzzBn256Pair/6381096b576a18a1c536fc1dbb934fae9592fcf0
=== RUN   FuzzBn256Pair/646368252a562d5e1e87c2328282f838b2b4db4b
=== RUN   FuzzBn256Pair/668fb29fee6309210e6b1046df5596518a50ccfe
=== RUN   FuzzBn256Pair/6832f6b18c0d369968feeca9b863a397f5d2bead
=== RUN   FuzzBn256Pair/68cd694d038b7b52ede2a3dc4ab6761e14e6c567
=== RUN   FuzzBn256Pair/6966a57662d2fbb71b855e6b47c63e0327f10854
=== RUN   FuzzBn256Pair/6a746de0b6e28c792c407750bcb54959fc84afc8
=== RUN   FuzzBn256Pair/6b51e61160f6926d5cb029574531f16a211e7b2c
=== RUN   FuzzBn256Pair/6bae92a8fd8ca4a1d1d0ab9b6c7f542d3518a02a
=== RUN   FuzzBn256Pair/6beed5f7b1991bd29ac85d7d9ba3521f721c87c2
=== RUN   FuzzBn256Pair/6cd1587175d9e05775bde088f3250e6516b57bb6
=== RUN   FuzzBn256Pair/6d7c4966ceecce387a5f32284de9819eab06befd
=== RUN   FuzzBn256Pair/6d9b892b06f09ae153e7beecd0436747276afbca
=== RUN   FuzzBn256Pair/6df1bf501389dd3b682f11e6fb05c77e7cd2da85
=== RUN   FuzzBn256Pair/6e12c70da00578f0f57405a641c3318da308641b
=== RUN   FuzzBn256Pair/6e46175c2c2407ca5df8cd406b7b9032d895b178
=== RUN   FuzzBn256Pair/6eb84197a42dc6a25767ce794426b6bd56b9fbbd
=== RUN   FuzzBn256Pair/6f6cf33519a35474ce5417722624758e3e9db4bc
=== RUN   FuzzBn256Pair/7118c8e5f9bc8b25a701ebe9629e7ae8961d6c2f
=== RUN   FuzzBn256Pair/71853c6197a6a7f222db0f1978c7cb232b87c5ee
=== RUN   FuzzBn256Pair/71a5f895449bc73e5eaa7da544df3272e4d77770
=== RUN   FuzzBn256Pair/71ad1d16c8a74fd585cfb1c43b84d47ec5fc3c16
=== RUN   FuzzBn256Pair/74607582b009ef50e1af3796e48a62fd981e99b2
=== RUN   FuzzBn256Pair/74becd820a30b51b07dc80fcbba2282a3b057bc2
=== RUN   FuzzBn256Pair/75bc113e82b60cfe6f72c7b3c0ec2a6767e071e6
=== RUN   FuzzBn256Pair/768886630d778945ba679e2ea8548cdb35faa395
=== RUN   FuzzBn256Pair/76af37d37f403e4b27989e8bbd3e2f7bac3c5975
=== RUN   FuzzBn256Pair/7751a5ee3b1ce449032d3eb63ae878e85f1d03e4
=== RUN   FuzzBn256Pair/7acaac104926b1a94273a686681966390148fd84
=== RUN   FuzzBn256Pair/7b1114d0ee3d6ddf44cbb615e278a1dff8fb9bd2
=== RUN   FuzzBn256Pair/7c1625ac9a5e213849ac133ba0ef3c7bf9b964d1
=== RUN   FuzzBn256Pair/7d0c9c9ca36998b656a2a33ebec452a1b29af531
=== RUN   FuzzBn256Pair/7db3392fe889f7f6124b0758e24f00d33aecd8ab
=== RUN   FuzzBn256Pair/81706ac06473a0ed3b656dc8e9ce81cc5d82b32e
=== RUN   FuzzBn256Pair/82605edcc9b12e7692045b36f183f3a4837ed0d1
=== RUN   FuzzBn256Pair/8496c25e670abfa38d4ef713753c9abe0575d86b
=== RUN   FuzzBn256Pair/86e817e8d586e2628ef65d2109e3478177d7f1ae
=== RUN   FuzzBn256Pair/872259939d3905616972da07503fcc9d3de0b047
=== RUN   FuzzBn256Pair/88cef2e9bd7f454b43cb06ba596f716b48ce8c72
=== RUN   FuzzBn256Pair/88e85b13dcdfc8ebf4616879f1626ce0eaa7ce80
=== RUN   FuzzBn256Pair/8a134a5d7e2accf4a8e61ffe94f3f1c0e8e317be
=== RUN   FuzzBn256Pair/8a9fec60e67788e6299078f84940c5002b39b729
=== RUN   FuzzBn256Pair/8b8edca699a3ee969b21f68db60a05ec8daee905
=== RUN   FuzzBn256Pair/8c96ccf8ebbc0fd77ebfca628d8dafe73b5fd2fb
=== RUN   FuzzBn256Pair/8f24f21f8fd1a67a0d978995ce7952e5fcea5310
=== RUN   FuzzBn256Pair/8f590fe72c6784a2d16c7eb0a550133819124619
=== RUN   FuzzBn256Pair/8fa378e28123b366c29430c3378f40ee37d4217e
=== RUN   FuzzBn256Pair/900f7c62b29de43b8ff2ffeb8140f0c68ac3f02f
=== RUN   FuzzBn256Pair/90a26e99e776a34273d09a29c1655720cb690b83
=== RUN   FuzzBn256Pair/90fd1d6a224fb34fe5bf5d1e14884a93dcf6417d
=== RUN   FuzzBn256Pair/927a6726f69b711d570644d1debc799b29c7417b
=== RUN   FuzzBn256Pair/92afdaf220ee35280ccdafcde2c9b920205006e3
=== RUN   FuzzBn256Pair/9424cb43a8bc419100c96d201c769f6b260ddd3f
=== RUN   FuzzBn256Pair/9586b9438056ab2f271605cc79b8a3463a0c658c
=== RUN   FuzzBn256Pair/959fcb67f53a209a519b803ed01085d99ae96e31
=== RUN   FuzzBn256Pair/9672dec1bf998aa2b6449f3e998ad2e1f1679026
=== RUN   FuzzBn256Pair/96edb4034299aa2502f399c3cac442acc247b52d
=== RUN   FuzzBn256Pair/9724ae0cda6f131bbd8cf8291e8d42ee8e63108c
=== RUN   FuzzBn256Pair/97aab0bebec10733646e2d959e17687facf68914
=== RUN   FuzzBn256Pair/97b120493e82adbc5f7a7c54f46774fe0a5ae843
=== RUN   FuzzBn256Pair/99c87dfa0589261d294c0bbe122296ccddcf7a9b
=== RUN   FuzzBn256Pair/99de9af1152521405a70650eafcf5053f79fe395
=== RUN   FuzzBn256Pair/9a27ee3107fa3c069b13c6c015e38675caa104a9
=== RUN   FuzzBn256Pair/9b0c68264c34dd126b54230da14249c9233b497a
=== RUN   FuzzBn256Pair/9cbfe3bd0e8691c8820aa746938c032676423a7a
=== RUN   FuzzBn256Pair/9d290add19840f732ec9cafd07c7cff31b9acabd
=== RUN   FuzzBn256Pair/9f2c6063cc065aebddc4285db7358becd663c7f4
=== RUN   FuzzBn256Pair/9fb95b4d25c1a08d1f331d04ac2a6a4a0057c323
=== RUN   FuzzBn256Pair/a05024d757ea459e6c5260fdd07a881f836b2177
=== RUN   FuzzBn256Pair/a0a3d97f85e74af96c0175f4c1bda9ca08e9a8d6
=== RUN   FuzzBn256Pair/a20c8055796223cf82f7f4e53dc050f7f7c02bcf
=== RUN   FuzzBn256Pair/a2329b5aeb0ee341af89ec14b02b1b57ed7094d0
=== RUN   FuzzBn256Pair/a2e3c2f977e1baf3493475900918bc9e178bc0d2
=== RUN   FuzzBn256Pair/a37786abb9477c97bfa90a1b4fa29552297fbb6c
=== RUN   FuzzBn256Pair/a4f0673c850c903a4cc02c8b3496ce937fbef6db
=== RUN   FuzzBn256Pair/a7021235a5adf948983f01f421b1b0c626feba2b
=== RUN   FuzzBn256Pair/a8881265df7a7ca8a40ad2ee8a52ecc209cc9ff0
=== RUN   FuzzBn256Pair/acb566730342f6c84731667c82881ca35442676f
=== RUN   FuzzBn256Pair/acc918ed6c9fc68b375683b9413b8cbbd524a8b7
=== RUN   FuzzBn256Pair/ad11c1d411c6dac8a5aa55531fcd3dc1905ef713
=== RUN   FuzzBn256Pair/ae7e40c6b5218fccb101b2a8854e53849507fb44
=== RUN   FuzzBn256Pair/aeae506cf3928ac00a1370e11a6e0e1f18e296b4
=== RUN   FuzzBn256Pair/aeb7ecf8c2ae52ca9f6ff11610287b14ed341afe
=== RUN   FuzzBn256Pair/b0127e0792c49c23fb50664cb7687ef2665cba40
=== RUN   FuzzBn256Pair/b29e9487936c66dfea7026bd4c1f1a56614091a1
=== RUN   FuzzBn256Pair/b5332fbb60650a0666466a31700c604a52d2b22e
=== RUN   FuzzBn256Pair/b58c9cab37654751b393e9514d15332c70e15021
=== RUN   FuzzBn256Pair/b5b8a13af4f43c0c6bd6caa1d59c5a70d1de5e82
=== RUN   FuzzBn256Pair/b6c6b27bc3a08444deb3062b45685da721e62ecb
=== RUN   FuzzBn256Pair/b6cdaa5993a88094f787cb4549f6101b20ab0f4f
=== RUN   FuzzBn256Pair/baba7bbe513b37b3d91a9796837208ff4bcf94f8
=== RUN   FuzzBn256Pair/bbd89f5f139c774609bf8a6e7a6b4f3451c9e306
=== RUN   FuzzBn256Pair/bd9a2a162ab5444a386f9473be1eccb6539807ac
=== RUN   FuzzBn256Pair/bff8b3a3ce304476a5eeb726a5c156a6a6b4efb3
=== RUN   FuzzBn256Pair/c24e6d0c4bb6211df536fb5b6da5e868e5416083
=== RUN   FuzzBn256Pair/c2a66a660b32618d5bf0b2295bde686343a58ee4
=== RUN   FuzzBn256Pair/c44bbb5bf01854272fbf9bd64764f6f86f9020b9
=== RUN   FuzzBn256Pair/c5adc4bf4491c8209fd03ecae78b07ccee0147e1
=== RUN   FuzzBn256Pair/c5c973450b45212975b1f8178a1785ab5ae0f808
=== RUN   FuzzBn256Pair/c7d879269fc857f0df50ce7d1f232267a84dc579
=== RUN   FuzzBn256Pair/c9677996d205c2f78cd1bfe50ec510ed04c1ff54
=== RUN   FuzzBn256Pair/cb49e671645af9c7fb9b6ef4227b0bec832d152f
=== RUN   FuzzBn256Pair/cd3ff1d558377ab4bac50aa3df29a84d800825cb
=== RUN   FuzzBn256Pair/ce6c0e64e58eb3927164b2fbdded639a9db98753
=== RUN   FuzzBn256Pair/d08d456b0cb30db21005a0160a4d3d872e3679f1
=== RUN   FuzzBn256Pair/d152824d4bc134f751044173c0595ad9fd861027
=== RUN   FuzzBn256Pair/d1cd4d562eda308da099ce766b802896c344d6ed
=== RUN   FuzzBn256Pair/d236ded6b74930b324f40ab175bd206f98dcc572
=== RUN   FuzzBn256Pair/d25bd8f1b9ac12a5e508178a897ba960b1183c8b
=== RUN   FuzzBn256Pair/d6c5227dd6481826fb4ec3549892d4da5180f3dd
=== RUN   FuzzBn256Pair/d70ef8e9df64a70d9890edf91743e3acc6821696
=== RUN   FuzzBn256Pair/d9e6a97f930b631bac4c16616f4b81d1fb1c1201
=== RUN   FuzzBn256Pair/da943408e9b9ba5d434ce443c59e4ad199f8f312
=== RUN   FuzzBn256Pair/dba229b2a5dafa162517f93045c30f5a826ade31
=== RUN   FuzzBn256Pair/dc724c20d3fa72f1a5919a1624375327922cb935
=== RUN   FuzzBn256Pair/dd2c79a40fde99db21084b511d37f748f3267f77
=== RUN   FuzzBn256Pair/dfe9b8114a76980f9d2ac7ebce9d5cd60791123c
=== RUN   FuzzBn256Pair/e1ba6361e5c85b9b0603c13354ea6ae00a82103d
=== RUN   FuzzBn256Pair/e2228345a89d7f0a6cd02cc8a27f55029bb601a9
=== RUN   FuzzBn256Pair/e273471e17fb8f1ca8234ef769235e36ee0c4f68
=== RUN   FuzzBn256Pair/e311d4392fe4ed2d6b6faa621af3c94337334e22
=== RUN   FuzzBn256Pair/e3cb226cbc7d9fdc2f6e2ce65f281a0b20452b20
=== RUN   FuzzBn256Pair/e527d0577860e23ceae0d3f0fc283cbd008d93f9
=== RUN   FuzzBn256Pair/e63b4e95236fc384bcf91680b91929a8f3ad8fce
=== RUN   FuzzBn256Pair/e64ba7edd4532eff9b608d6877c63eb35d3bb65e
=== RUN   FuzzBn256Pair/e720608da9663c0010d36d186de332edf868ea99
=== RUN   FuzzBn256Pair/e7744bf44d869382f130a7cf932ef1dd7fc5f1df
=== RUN   FuzzBn256Pair/e7ac7a04ed69a29025f8adfd5d6c258af7198f9c
=== RUN   FuzzBn256Pair/e9117abcd11035a565b8f178003ff730408f1b0f
=== RUN   FuzzBn256Pair/e9ca7406a66407bc14a1d376d57b03db46f39abc
=== RUN   FuzzBn256Pair/ea502655f37279fef1c496e5f6e05267ab91b41f
=== RUN   FuzzBn256Pair/eb3768afb58c803186d970654f58a5f03d55a023
=== RUN   FuzzBn256Pair/eb52a8b65a0113b0314a39c74ebd8391386f4352
=== RUN   FuzzBn256Pair/ec506b71c2f3402e30252aa27dec9253f8d1892c
=== RUN   FuzzBn256Pair/ed085dfe1fcb4c108187769debeedf0c8f0a7c7d
=== RUN   FuzzBn256Pair/ee38b627271d3f6775542224068bad7b65413ee3
=== RUN   FuzzBn256Pair/efedfcd649b20b2599e1b0173347b94e70d155cf
=== RUN   FuzzBn256Pair/f00c184cc3d089c4eb3dd38b69c4c8d3612dafb5
=== RUN   FuzzBn256Pair/f01e2cc5320044cbb4493253eecde9c43568234b
=== RUN   FuzzBn256Pair/f1531253a9ccea5a0fba70090542c11536499944
=== RUN   FuzzBn256Pair/f366a07ea35d1337bc2afc1e30c2aacab4361a0e
=== RUN   FuzzBn256Pair/f4313e1017dfced3729cbe9c1f4dd83c3ae0c527
=== RUN   FuzzBn256Pair/f4aadcb17df22081f48455c26217a4f584cf126c
=== RUN   FuzzBn256Pair/f762733e199a653d572f589c7a7f2c22ab9b6950
=== RUN   FuzzBn256Pair/f8bfd60376dc6aab6969355a298a14b40946c110
=== RUN   FuzzBn256Pair/f8cff33f05aa55dea0aaeaf9b0c5a131b1f259aa
=== RUN   FuzzBn256Pair/f92a848bda64d388d39e4c3be1b6007ba4beb7b1
=== RUN   FuzzBn256Pair/fae7a477c664b600dbcebb79ba02db3ffe2578c7
=== RUN   FuzzBn256Pair/fb3c6e4de85bd9eae26fdc63e75f10a7f39e850e
=== RUN   FuzzBn256Pair/fbc345d5ef6770edfd3f4041b2d7873c14577b40
=== RUN   FuzzBn256Pair/fec0680919471d6e4bb38e7693e34895e5beafb2
=== RUN   FuzzBn256Pair/ff2febf5ea7d8154e4a018076391f44c5e85a698
--- PASS: FuzzBn256Pair (1.38s)
    --- PASS: FuzzBn256Pair/017a066c4eef6c55eb527f8751aebea070a2a07a (0.02s)
    --- PASS: FuzzBn256Pair/0183957fbee33fcefb5866b9675938669e5ca079 (0.00s)
    --- PASS: FuzzBn256Pair/0426027871357987964b82ca8411d498eb23d6f2 (0.02s)
    --- PASS: FuzzBn256Pair/058dd1720e413097d8388f6e15bf6bf9b7654c9c (0.00s)
    --- PASS: FuzzBn256Pair/069d156996eb4e08370cb3fbb9aba9f7b922403a (0.00s)
    --- PASS: FuzzBn256Pair/06e75f532a33d368d56aa763bbed3e876d949ab7 (0.02s)
    --- PASS: FuzzBn256Pair/088016e5864ff9eb9117e49d67cfd670f65d2a8a (0.00s)
    --- PASS: FuzzBn256Pair/0aa15b4ddb5aaf26af948f18aebb9d68afaaaab3 (0.00s)
    --- PASS: FuzzBn256Pair/0aa7314c3e4122847b79bb9698c53baed51a4eaa (0.00s)
    --- PASS: FuzzBn256Pair/0c38819c4e5b0027747cac6589373657f1da5032 (0.00s)
    --- PASS: FuzzBn256Pair/0d8e19a92b66293ea63f0d7767848942d0c75767 (0.02s)
    --- PASS: FuzzBn256Pair/0db252b2d346d70cfe777dcbeb47b205717a924f (0.00s)
    --- PASS: FuzzBn256Pair/0dc2e4c776a6f3339cec871f98c11260843dbf3f (0.02s)
    --- PASS: FuzzBn256Pair/10797f4f0683d6812628703f970ad10624065ebf (0.02s)
    --- PASS: FuzzBn256Pair/107edf07f8a659ae8df78fc145d3ca1df660bea7 (0.00s)
    --- PASS: FuzzBn256Pair/10f0c7e55922a415512fcf834764ffef577dd5df (0.02s)
    --- PASS: FuzzBn256Pair/1124111f2a091e6e12c72b8cbfa334505cf2006d (0.00s)
    --- PASS: FuzzBn256Pair/11709903c573369092c96a1616af36137f4cdd76 (0.02s)
    --- PASS: FuzzBn256Pair/11e33d255e9b3213e3d15543bf330d9d3866ab5b (0.00s)
    --- PASS: FuzzBn256Pair/125b7fb61f0f77b213d28f7aa110d008ef0cdaeb (0.02s)
    --- PASS: FuzzBn256Pair/1483757169abaada7dfe1db69b54110437790f80 (0.02s)
    --- PASS: FuzzBn256Pair/14d748ef517e30a4531e05a0dbf70a5cd87fb471 (0.00s)
    --- PASS: FuzzBn256Pair/1542c45c0b6b03edb9d837bd3b6ab4247d4ff915 (0.00s)
    --- PASS: FuzzBn256Pair/16c5106393946c81ce92394179498a580c57b3c7 (0.00s)
    --- PASS: FuzzBn256Pair/16d2b88dcd107c891101e35bcc83e68b4d945fc1 (0.00s)
    --- PASS: FuzzBn256Pair/191d884179225873565b83fb33c467fb942cebfe (0.00s)
    --- PASS: FuzzBn256Pair/1b79d8b1bbc3339d566a5aacee582ae841c0bbcc (0.02s)
    --- PASS: FuzzBn256Pair/1d5c7ad85de85e8c87cdd50656f387386ed7f3a2 (0.00s)
    --- PASS: FuzzBn256Pair/1dd126c83de1a7537e7a13221f6572b4a6a8b6cf (0.00s)
    --- PASS: FuzzBn256Pair/1e3df0c4ed6b242d760ee1cc52c29168bd4dc26c (0.01s)
    --- PASS: FuzzBn256Pair/1e44e487643f44b60d9b245ac22ad0a303c9749e (0.02s)
    --- PASS: FuzzBn256Pair/200f1f377d561233fd1c0bf412bca7b3f9eebdce (0.00s)
    --- PASS: FuzzBn256Pair/20591357a43f901b2f6f13cc7ffc73808001db13 (0.02s)
    --- PASS: FuzzBn256Pair/21698315310be5b59c3d98955d94c249c43d2f37 (0.00s)
    --- PASS: FuzzBn256Pair/22ca078e0033090711babf790a09e89505873e48 (0.00s)
    --- PASS: FuzzBn256Pair/234eaa5c69540fc93f7eda30142e03948e8d04c8 (0.02s)
    --- PASS: FuzzBn256Pair/244f9e89f86bbb3d0a4aa1abb29a15e6c0e0ae8e (0.00s)
    --- PASS: FuzzBn256Pair/2775852048d725870604c533179f660f106a6141 (0.02s)
    --- PASS: FuzzBn256Pair/28ac6f76261452bf4f7c77944780370de1d680ae (0.02s)
    --- PASS: FuzzBn256Pair/2910859917884f994de47f514286423f6876473a (0.00s)
    --- PASS: FuzzBn256Pair/2aae82b8b59cb111d1462a9da4b0ec17bb9a5fe2 (0.00s)
    --- PASS: FuzzBn256Pair/310612b1808936e3fb9d2773f0c02bd197caeae1 (0.00s)
    --- PASS: FuzzBn256Pair/33edc2f2763586182e116d8935015851655a7e12 (0.00s)
    --- PASS: FuzzBn256Pair/3503256af66c98760de7b12f151b6fc2cf644546 (0.00s)
    --- PASS: FuzzBn256Pair/3545d4a1f7f830b8e708eb525a6b1a9260cd4dbe (0.02s)
    --- PASS: FuzzBn256Pair/368436a0aefcb0f891d39ca8541997e477955d5c (0.00s)
    --- PASS: FuzzBn256Pair/377cb751a138574a1f92c1c8957fcf4104474113 (0.02s)
    --- PASS: FuzzBn256Pair/3b51e1bc27ad95854f38e7341cc9f8c4f673ac98 (0.00s)
    --- PASS: FuzzBn256Pair/3c22a66706bbb31e1d107cda2ca1bcd60c8b5d0f (0.00s)
    --- PASS: FuzzBn256Pair/3c9942cf5a6f85d952502f6285f2d998809f8609 (0.00s)
    --- PASS: FuzzBn256Pair/3ccf3dd05587b7e010751a8382f5c7228e92f21e (0.02s)
    --- PASS: FuzzBn256Pair/3ddae9852666a6a730aac2c3982cf128e4cc44e9 (0.00s)
    --- PASS: FuzzBn256Pair/3e2f0315fda9b50d5d1c8684c851ef54977ec04e (0.00s)
    --- PASS: FuzzBn256Pair/3e377bb02b8bb967436aa78c1426d6f05db13b31 (0.00s)
    --- PASS: FuzzBn256Pair/42846c3ae7ec67b9918e4a452694ef8001d00e48 (0.00s)
    --- PASS: FuzzBn256Pair/43c39615d6de6a802e678ab5b9cc7db8ddb6d67b (0.00s)
    --- PASS: FuzzBn256Pair/4618463e3d93c62c2a237ebd75d1e6632cee2644 (0.00s)
    --- PASS: FuzzBn256Pair/46eea60b329039f4559ed8c3a93559f19bc9c0b3 (0.02s)
    --- PASS: FuzzBn256Pair/49376acba9d527f355483fc34a5a69233f80fbc5 (0.00s)
    --- PASS: FuzzBn256Pair/493e63026d9b4a83313e046ebee309be345af0f2 (0.00s)
    --- PASS: FuzzBn256Pair/494e95c2952aaae5c01286e7f79857510e06ef55 (0.01s)
    --- PASS: FuzzBn256Pair/496e9b420e8c9e231c7367a26322611835fc3d11 (0.02s)
    --- PASS: FuzzBn256Pair/4ba768992cce6851ab17cb4ea767e4c9fed4723b (0.00s)
    --- PASS: FuzzBn256Pair/4ce278d31ce4c9e5127df49f7c4b75f402cb0e94 (0.02s)
    --- PASS: FuzzBn256Pair/4ce5bcf2e3b7ae4aea0c0e139d7e3c73597fdcda (0.00s)
    --- PASS: FuzzBn256Pair/4f3f5e4422b2490de900dc069e2120d00f1bd52a (0.00s)
    --- PASS: FuzzBn256Pair/4f5d99a1e829d29320622ee82a399453541b20f6 (0.00s)
    --- PASS: FuzzBn256Pair/4fe0bd97bf05033a5ac48d2fddd73db13dcbfbe9 (0.00s)
    --- PASS: FuzzBn256Pair/505e6b5a79c7ee91c1a1ea66d00236ea1943f52e (0.00s)
    --- PASS: FuzzBn256Pair/52dfe0eb47aaa0d8e57cbded14ee6ea465058a08 (0.02s)
    --- PASS: FuzzBn256Pair/54ec96f035f6fdb1947b942b85e1a79af4e28130 (0.00s)
    --- PASS: FuzzBn256Pair/58de4d79a45dadd9a77c5220fde9000351d5103d (0.00s)
    --- PASS: FuzzBn256Pair/593511707ba03b93d86cf434b28e868b335fdbfb (0.00s)
    --- PASS: FuzzBn256Pair/5a6adcaf91b5839ab9ca467bf6c37ddf6c7e6faf (0.00s)
    --- PASS: FuzzBn256Pair/5b1359a59f7d95cf67c8b3b6cfcd379df6216886 (0.00s)
    --- PASS: FuzzBn256Pair/5b6dd6e90a571f23766b5658cb233b6112efb736 (0.00s)
    --- PASS: FuzzBn256Pair/5d93085b86688c2eb48686e00156e3c22e16232b (0.00s)
    --- PASS: FuzzBn256Pair/5fecc262ecc9c77d5ad78b199cdbb398d6716fc8 (0.02s)
    --- PASS: FuzzBn256Pair/61975075b14083cc31540c96d600b5d2d2cc2c1e (0.00s)
    --- PASS: FuzzBn256Pair/621823dc8e671112e3b73a2bacca61df54fdf853 (0.00s)
    --- PASS: FuzzBn256Pair/6381096b576a18a1c536fc1dbb934fae9592fcf0 (0.02s)
    --- PASS: FuzzBn256Pair/646368252a562d5e1e87c2328282f838b2b4db4b (0.02s)
    --- PASS: FuzzBn256Pair/668fb29fee6309210e6b1046df5596518a50ccfe (0.00s)
    --- PASS: FuzzBn256Pair/6832f6b18c0d369968feeca9b863a397f5d2bead (0.00s)
    --- PASS: FuzzBn256Pair/68cd694d038b7b52ede2a3dc4ab6761e14e6c567 (0.00s)
    --- PASS: FuzzBn256Pair/6966a57662d2fbb71b855e6b47c63e0327f10854 (0.00s)
    --- PASS: FuzzBn256Pair/6a746de0b6e28c792c407750bcb54959fc84afc8 (0.02s)
    --- PASS: FuzzBn256Pair/6b51e61160f6926d5cb029574531f16a211e7b2c (0.02s)
    --- PASS: FuzzBn256Pair/6bae92a8fd8ca4a1d1d0ab9b6c7f542d3518a02a (0.00s)
    --- PASS: FuzzBn256Pair/6beed5f7b1991bd29ac85d7d9ba3521f721c87c2 (0.00s)
    --- PASS: FuzzBn256Pair/6cd1587175d9e05775bde088f3250e6516b57bb6 (0.02s)
    --- PASS: FuzzBn256Pair/6d7c4966ceecce387a5f32284de9819eab06befd (0.00s)
    --- PASS: FuzzBn256Pair/6d9b892b06f09ae153e7beecd0436747276afbca (0.02s)
    --- PASS: FuzzBn256Pair/6df1bf501389dd3b682f11e6fb05c77e7cd2da85 (0.00s)
    --- PASS: FuzzBn256Pair/6e12c70da00578f0f57405a641c3318da308641b (0.02s)
    --- PASS: FuzzBn256Pair/6e46175c2c2407ca5df8cd406b7b9032d895b178 (0.00s)
    --- PASS: FuzzBn256Pair/6eb84197a42dc6a25767ce794426b6bd56b9fbbd (0.01s)
    --- PASS: FuzzBn256Pair/6f6cf33519a35474ce5417722624758e3e9db4bc (0.00s)
    --- PASS: FuzzBn256Pair/7118c8e5f9bc8b25a701ebe9629e7ae8961d6c2f (0.02s)
    --- PASS: FuzzBn256Pair/71853c6197a6a7f222db0f1978c7cb232b87c5ee (0.00s)
    --- PASS: FuzzBn256Pair/71a5f895449bc73e5eaa7da544df3272e4d77770 (0.00s)
    --- PASS: FuzzBn256Pair/71ad1d16c8a74fd585cfb1c43b84d47ec5fc3c16 (0.00s)
    --- PASS: FuzzBn256Pair/74607582b009ef50e1af3796e48a62fd981e99b2 (0.00s)
    --- PASS: FuzzBn256Pair/74becd820a30b51b07dc80fcbba2282a3b057bc2 (0.00s)
    --- PASS: FuzzBn256Pair/75bc113e82b60cfe6f72c7b3c0ec2a6767e071e6 (0.00s)
    --- PASS: FuzzBn256Pair/768886630d778945ba679e2ea8548cdb35faa395 (0.02s)
    --- PASS: FuzzBn256Pair/76af37d37f403e4b27989e8bbd3e2f7bac3c5975 (0.02s)
    --- PASS: FuzzBn256Pair/7751a5ee3b1ce449032d3eb63ae878e85f1d03e4 (0.00s)
    --- PASS: FuzzBn256Pair/7acaac104926b1a94273a686681966390148fd84 (0.02s)
    --- PASS: FuzzBn256Pair/7b1114d0ee3d6ddf44cbb615e278a1dff8fb9bd2 (0.02s)
    --- PASS: FuzzBn256Pair/7c1625ac9a5e213849ac133ba0ef3c7bf9b964d1 (0.00s)
    --- PASS: FuzzBn256Pair/7d0c9c9ca36998b656a2a33ebec452a1b29af531 (0.02s)
    --- PASS: FuzzBn256Pair/7db3392fe889f7f6124b0758e24f00d33aecd8ab (0.02s)
    --- PASS: FuzzBn256Pair/81706ac06473a0ed3b656dc8e9ce81cc5d82b32e (0.00s)
    --- PASS: FuzzBn256Pair/82605edcc9b12e7692045b36f183f3a4837ed0d1 (0.00s)
    --- PASS: FuzzBn256Pair/8496c25e670abfa38d4ef713753c9abe0575d86b (0.02s)
    --- PASS: FuzzBn256Pair/86e817e8d586e2628ef65d2109e3478177d7f1ae (0.00s)
    --- PASS: FuzzBn256Pair/872259939d3905616972da07503fcc9d3de0b047 (0.00s)
    --- PASS: FuzzBn256Pair/88cef2e9bd7f454b43cb06ba596f716b48ce8c72 (0.02s)
    --- PASS: FuzzBn256Pair/88e85b13dcdfc8ebf4616879f1626ce0eaa7ce80 (0.00s)
    --- PASS: FuzzBn256Pair/8a134a5d7e2accf4a8e61ffe94f3f1c0e8e317be (0.00s)
    --- PASS: FuzzBn256Pair/8a9fec60e67788e6299078f84940c5002b39b729 (0.02s)
    --- PASS: FuzzBn256Pair/8b8edca699a3ee969b21f68db60a05ec8daee905 (0.00s)
    --- PASS: FuzzBn256Pair/8c96ccf8ebbc0fd77ebfca628d8dafe73b5fd2fb (0.02s)
    --- PASS: FuzzBn256Pair/8f24f21f8fd1a67a0d978995ce7952e5fcea5310 (0.02s)
    --- PASS: FuzzBn256Pair/8f590fe72c6784a2d16c7eb0a550133819124619 (0.00s)
    --- PASS: FuzzBn256Pair/8fa378e28123b366c29430c3378f40ee37d4217e (0.00s)
    --- PASS: FuzzBn256Pair/900f7c62b29de43b8ff2ffeb8140f0c68ac3f02f (0.00s)
    --- PASS: FuzzBn256Pair/90a26e99e776a34273d09a29c1655720cb690b83 (0.01s)
    --- PASS: FuzzBn256Pair/90fd1d6a224fb34fe5bf5d1e14884a93dcf6417d (0.02s)
    --- PASS: FuzzBn256Pair/927a6726f69b711d570644d1debc799b29c7417b (0.02s)
    --- PASS: FuzzBn256Pair/92afdaf220ee35280ccdafcde2c9b920205006e3 (0.00s)
    --- PASS: FuzzBn256Pair/9424cb43a8bc419100c96d201c769f6b260ddd3f (0.00s)
    --- PASS: FuzzBn256Pair/9586b9438056ab2f271605cc79b8a3463a0c658c (0.02s)
    --- PASS: FuzzBn256Pair/959fcb67f53a209a519b803ed01085d99ae96e31 (0.02s)
    --- PASS: FuzzBn256Pair/9672dec1bf998aa2b6449f3e998ad2e1f1679026 (0.00s)
    --- PASS: FuzzBn256Pair/96edb4034299aa2502f399c3cac442acc247b52d (0.02s)
    --- PASS: FuzzBn256Pair/9724ae0cda6f131bbd8cf8291e8d42ee8e63108c (0.02s)
    --- PASS: FuzzBn256Pair/97aab0bebec10733646e2d959e17687facf68914 (0.02s)
    --- PASS: FuzzBn256Pair/97b120493e82adbc5f7a7c54f46774fe0a5ae843 (0.00s)
    --- PASS: FuzzBn256Pair/99c87dfa0589261d294c0bbe122296ccddcf7a9b (0.02s)
    --- PASS: FuzzBn256Pair/99de9af1152521405a70650eafcf5053f79fe395 (0.00s)
    --- PASS: FuzzBn256Pair/9a27ee3107fa3c069b13c6c015e38675caa104a9 (0.02s)
    --- PASS: FuzzBn256Pair/9b0c68264c34dd126b54230da14249c9233b497a (0.00s)
    --- PASS: FuzzBn256Pair/9cbfe3bd0e8691c8820aa746938c032676423a7a (0.00s)
    --- PASS: FuzzBn256Pair/9d290add19840f732ec9cafd07c7cff31b9acabd (0.00s)
    --- PASS: FuzzBn256Pair/9f2c6063cc065aebddc4285db7358becd663c7f4 (0.02s)
    --- PASS: FuzzBn256Pair/9fb95b4d25c1a08d1f331d04ac2a6a4a0057c323 (0.02s)
    --- PASS: FuzzBn256Pair/a05024d757ea459e6c5260fdd07a881f836b2177 (0.02s)
    --- PASS: FuzzBn256Pair/a0a3d97f85e74af96c0175f4c1bda9ca08e9a8d6 (0.00s)
    --- PASS: FuzzBn256Pair/a20c8055796223cf82f7f4e53dc050f7f7c02bcf (0.02s)
    --- PASS: FuzzBn256Pair/a2329b5aeb0ee341af89ec14b02b1b57ed7094d0 (0.02s)
    --- PASS: FuzzBn256Pair/a2e3c2f977e1baf3493475900918bc9e178bc0d2 (0.00s)
    --- PASS: FuzzBn256Pair/a37786abb9477c97bfa90a1b4fa29552297fbb6c (0.02s)
    --- PASS: FuzzBn256Pair/a4f0673c850c903a4cc02c8b3496ce937fbef6db (0.00s)
    --- PASS: FuzzBn256Pair/a7021235a5adf948983f01f421b1b0c626feba2b (0.00s)
    --- PASS: FuzzBn256Pair/a8881265df7a7ca8a40ad2ee8a52ecc209cc9ff0 (0.00s)
    --- PASS: FuzzBn256Pair/acb566730342f6c84731667c82881ca35442676f (0.00s)
    --- PASS: FuzzBn256Pair/acc918ed6c9fc68b375683b9413b8cbbd524a8b7 (0.01s)
    --- PASS: FuzzBn256Pair/ad11c1d411c6dac8a5aa55531fcd3dc1905ef713 (0.00s)
    --- PASS: FuzzBn256Pair/ae7e40c6b5218fccb101b2a8854e53849507fb44 (0.00s)
    --- PASS: FuzzBn256Pair/aeae506cf3928ac00a1370e11a6e0e1f18e296b4 (0.00s)
    --- PASS: FuzzBn256Pair/aeb7ecf8c2ae52ca9f6ff11610287b14ed341afe (0.00s)
    --- PASS: FuzzBn256Pair/b0127e0792c49c23fb50664cb7687ef2665cba40 (0.02s)
    --- PASS: FuzzBn256Pair/b29e9487936c66dfea7026bd4c1f1a56614091a1 (0.00s)
    --- PASS: FuzzBn256Pair/b5332fbb60650a0666466a31700c604a52d2b22e (0.00s)
    --- PASS: FuzzBn256Pair/b58c9cab37654751b393e9514d15332c70e15021 (0.00s)
    --- PASS: FuzzBn256Pair/b5b8a13af4f43c0c6bd6caa1d59c5a70d1de5e82 (0.00s)
    --- PASS: FuzzBn256Pair/b6c6b27bc3a08444deb3062b45685da721e62ecb (0.02s)
    --- PASS: FuzzBn256Pair/b6cdaa5993a88094f787cb4549f6101b20ab0f4f (0.00s)
    --- PASS: FuzzBn256Pair/baba7bbe513b37b3d91a9796837208ff4bcf94f8 (0.00s)
    --- PASS: FuzzBn256Pair/bbd89f5f139c774609bf8a6e7a6b4f3451c9e306 (0.00s)
    --- PASS: FuzzBn256Pair/bd9a2a162ab5444a386f9473be1eccb6539807ac (0.00s)
    --- PASS: FuzzBn256Pair/bff8b3a3ce304476a5eeb726a5c156a6a6b4efb3 (0.01s)
    --- PASS: FuzzBn256Pair/c24e6d0c4bb6211df536fb5b6da5e868e5416083 (0.02s)
    --- PASS: FuzzBn256Pair/c2a66a660b32618d5bf0b2295bde686343a58ee4 (0.00s)
    --- PASS: FuzzBn256Pair/c44bbb5bf01854272fbf9bd64764f6f86f9020b9 (0.02s)
    --- PASS: FuzzBn256Pair/c5adc4bf4491c8209fd03ecae78b07ccee0147e1 (0.02s)
    --- PASS: FuzzBn256Pair/c5c973450b45212975b1f8178a1785ab5ae0f808 (0.00s)
    --- PASS: FuzzBn256Pair/c7d879269fc857f0df50ce7d1f232267a84dc579 (0.00s)
    --- PASS: FuzzBn256Pair/c9677996d205c2f78cd1bfe50ec510ed04c1ff54 (0.00s)
    --- PASS: FuzzBn256Pair/cb49e671645af9c7fb9b6ef4227b0bec832d152f (0.00s)
    --- PASS: FuzzBn256Pair/cd3ff1d558377ab4bac50aa3df29a84d800825cb (0.00s)
    --- PASS: FuzzBn256Pair/ce6c0e64e58eb3927164b2fbdded639a9db98753 (0.00s)
    --- PASS: FuzzBn256Pair/d08d456b0cb30db21005a0160a4d3d872e3679f1 (0.00s)
    --- PASS: FuzzBn256Pair/d152824d4bc134f751044173c0595ad9fd861027 (0.00s)
    --- PASS: FuzzBn256Pair/d1cd4d562eda308da099ce766b802896c344d6ed (0.00s)
    --- PASS: FuzzBn256Pair/d236ded6b74930b324f40ab175bd206f98dcc572 (0.02s)
    --- PASS: FuzzBn256Pair/d25bd8f1b9ac12a5e508178a897ba960b1183c8b (0.02s)
    --- PASS: FuzzBn256Pair/d6c5227dd6481826fb4ec3549892d4da5180f3dd (0.02s)
    --- PASS: FuzzBn256Pair/d70ef8e9df64a70d9890edf91743e3acc6821696 (0.01s)
    --- PASS: FuzzBn256Pair/d9e6a97f930b631bac4c16616f4b81d1fb1c1201 (0.00s)
    --- PASS: FuzzBn256Pair/da943408e9b9ba5d434ce443c59e4ad199f8f312 (0.02s)
    --- PASS: FuzzBn256Pair/dba229b2a5dafa162517f93045c30f5a826ade31 (0.00s)
    --- PASS: FuzzBn256Pair/dc724c20d3fa72f1a5919a1624375327922cb935 (0.00s)
    --- PASS: FuzzBn256Pair/dd2c79a40fde99db21084b511d37f748f3267f77 (0.00s)
    --- PASS: FuzzBn256Pair/dfe9b8114a76980f9d2ac7ebce9d5cd60791123c (0.02s)
    --- PASS: FuzzBn256Pair/e1ba6361e5c85b9b0603c13354ea6ae00a82103d (0.00s)
    --- PASS: FuzzBn256Pair/e2228345a89d7f0a6cd02cc8a27f55029bb601a9 (0.00s)
    --- PASS: FuzzBn256Pair/e273471e17fb8f1ca8234ef769235e36ee0c4f68 (0.02s)
    --- PASS: FuzzBn256Pair/e311d4392fe4ed2d6b6faa621af3c94337334e22 (0.00s)
    --- PASS: FuzzBn256Pair/e3cb226cbc7d9fdc2f6e2ce65f281a0b20452b20 (0.02s)
    --- PASS: FuzzBn256Pair/e527d0577860e23ceae0d3f0fc283cbd008d93f9 (0.00s)
    --- PASS: FuzzBn256Pair/e63b4e95236fc384bcf91680b91929a8f3ad8fce (0.02s)
    --- PASS: FuzzBn256Pair/e64ba7edd4532eff9b608d6877c63eb35d3bb65e (0.00s)
    --- PASS: FuzzBn256Pair/e720608da9663c0010d36d186de332edf868ea99 (0.02s)
    --- PASS: FuzzBn256Pair/e7744bf44d869382f130a7cf932ef1dd7fc5f1df (0.02s)
    --- PASS: FuzzBn256Pair/e7ac7a04ed69a29025f8adfd5d6c258af7198f9c (0.00s)
    --- PASS: FuzzBn256Pair/e9117abcd11035a565b8f178003ff730408f1b0f (0.02s)
    --- PASS: FuzzBn256Pair/e9ca7406a66407bc14a1d376d57b03db46f39abc (0.02s)
    --- PASS: FuzzBn256Pair/ea502655f37279fef1c496e5f6e05267ab91b41f (0.00s)
    --- PASS: FuzzBn256Pair/eb3768afb58c803186d970654f58a5f03d55a023 (0.00s)
    --- PASS: FuzzBn256Pair/eb52a8b65a0113b0314a39c74ebd8391386f4352 (0.00s)
    --- PASS: FuzzBn256Pair/ec506b71c2f3402e30252aa27dec9253f8d1892c (0.02s)
    --- PASS: FuzzBn256Pair/ed085dfe1fcb4c108187769debeedf0c8f0a7c7d (0.00s)
    --- PASS: FuzzBn256Pair/ee38b627271d3f6775542224068bad7b65413ee3 (0.02s)
    --- PASS: FuzzBn256Pair/efedfcd649b20b2599e1b0173347b94e70d155cf (0.00s)
    --- PASS: FuzzBn256Pair/f00c184cc3d089c4eb3dd38b69c4c8d3612dafb5 (0.00s)
    --- PASS: FuzzBn256Pair/f01e2cc5320044cbb4493253eecde9c43568234b (0.00s)
    --- PASS: FuzzBn256Pair/f1531253a9ccea5a0fba70090542c11536499944 (0.00s)
    --- PASS: FuzzBn256Pair/f366a07ea35d1337bc2afc1e30c2aacab4361a0e (0.00s)
    --- PASS: FuzzBn256Pair/f4313e1017dfced3729cbe9c1f4dd83c3ae0c527 (0.00s)
    --- PASS: FuzzBn256Pair/f4aadcb17df22081f48455c26217a4f584cf126c (0.00s)
    --- PASS: FuzzBn256Pair/f762733e199a653d572f589c7a7f2c22ab9b6950 (0.00s)
    --- PASS: FuzzBn256Pair/f8bfd60376dc6aab6969355a298a14b40946c110 (0.02s)
    --- PASS: FuzzBn256Pair/f8cff33f05aa55dea0aaeaf9b0c5a131b1f259aa (0.02s)
    --- PASS: FuzzBn256Pair/f92a848bda64d388d39e4c3be1b6007ba4beb7b1 (0.00s)
    --- PASS: FuzzBn256Pair/fae7a477c664b600dbcebb79ba02db3ffe2578c7 (0.00s)
    --- PASS: FuzzBn256Pair/fb3c6e4de85bd9eae26fdc63e75f10a7f39e850e (0.00s)
    --- PASS: FuzzBn256Pair/fbc345d5ef6770edfd3f4041b2d7873c14577b40 (0.02s)
    --- PASS: FuzzBn256Pair/fec0680919471d6e4bb38e7693e34895e5beafb2 (0.01s)
    --- PASS: FuzzBn256Pair/ff2febf5ea7d8154e4a018076391f44c5e85a698 (0.00s)
PASS
coverage: 66.4% of statements
ok  	github.com/morph-l2/go-ethereum/tests/fuzzers/bn256	17.520s	coverage: 66.4% of statements
