=== RUN   FuzzDifficulty
=== RUN   FuzzDifficulty/02d117957690d1f10b8ab1eae2c0c9eed3dc95e3
=== RUN   FuzzDifficulty/05d7827805712b7ad70d3c4c1761c03f3ff08a07
=== RUN   FuzzDifficulty/079efaac85a49719a3501f27989a1b395b24c52d
=== RUN   FuzzDifficulty/08574a33332dc6eb4759d7d16bddf81ea8b197bc
=== RUN   FuzzDifficulty/0a398dcbf4b6a8efb62b28d696bc1322d371c1db
=== RUN   FuzzDifficulty/0e5ab6415b4409c5d13e2fab406e79e30fd95acf
=== RUN   FuzzDifficulty/114dafbff87ba094a349370066abd6841a88f010
=== RUN   FuzzDifficulty/117297fed94f2c4a58ebc46a2e74e254b3607d26
=== RUN   FuzzDifficulty/1dcb98042f0a6618799ee5fa2ad349ba0f1bb54f
=== RUN   FuzzDifficulty/204aa6bea4aa2e71f0bc60d4848fdcc2eee2fead
=== RUN   FuzzDifficulty/2115e74df6c7f54c99432ee1f9340367b52c2f98
=== RUN   FuzzDifficulty/227eaf4c86f6ab7a222bf528772f6190c42d0ddb
=== RUN   FuzzDifficulty/2f029ca093f39a0047220ce27b8a14b90e67593b
=== RUN   FuzzDifficulty/3099853020e58b20e18d4986feb08bf385ab18d6
=== RUN   FuzzDifficulty/3205a0f5b6305837323ea5ef5bf1803b763ab680
=== RUN   FuzzDifficulty/34e56eb68e4f68fe96b3c525291991440d77afd7
=== RUN   FuzzDifficulty/37cbea6b8a8d7deac3d723961cb91b49830f2879
=== RUN   FuzzDifficulty/37d21307ebcd1247afe67bd0423c3ce044bc3d2e
=== RUN   FuzzDifficulty/38063bd0b51961237ce0338f50b2f70305da8a69
=== RUN   FuzzDifficulty/392b3b68444419d375d49ab3b395b96d9bd64582
=== RUN   FuzzDifficulty/39b3564e8ea1f55c15627e8a1841ae6a28e3203a
=== RUN   FuzzDifficulty/3ce0a1af90b6e7a3dd8d45e410884b588ea2d04c
=== RUN   FuzzDifficulty/4516ad9034dc4531ebcaea3d5eb3fa17f96fd666
=== RUN   FuzzDifficulty/478ba519a17a6e1d5eb0a490128eb9baf209e5ab
=== RUN   FuzzDifficulty/4d2c961d95444ee570ee3f436d4117f753765b81
=== RUN   FuzzDifficulty/4f3bda3e170086aa750190461703d6762a0d8f10
=== RUN   FuzzDifficulty/55ee816cb996c5938a7f3fb5e8b65d320cae15a2
=== RUN   FuzzDifficulty/56d59eb861cd639f4f5b404b63e995ce4d6348d5
=== RUN   FuzzDifficulty/5f27c9daa39421ceabf903221d9f7ba91a8bd9df
=== RUN   FuzzDifficulty/60cc4a421c8f09493078e0cca3e5482855f24dbe
=== RUN   FuzzDifficulty/6178a0dd65b62005586d62c0ed9de869f9dace40
=== RUN   FuzzDifficulty/64af19af02c05703cdc7a73525073b066b500615
=== RUN   FuzzDifficulty/6a35fb824702a91e80fe06cfd0756d70d3da4e01
=== RUN   FuzzDifficulty/6eb98f06874b2095fd3047232991c8326fc5fc7f
=== RUN   FuzzDifficulty/6fbec6089f2ff0f03f08f9873ca71320906d105b
=== RUN   FuzzDifficulty/74511c832d49995e60348ab998f0071c38c6f66d
=== RUN   FuzzDifficulty/7b2de8f697d914e437a3133d405e79c9b935a31b
=== RUN   FuzzDifficulty/7be14b00489a4e93a9f733c9c812df3c19ee4deb
=== RUN   FuzzDifficulty/7c772e4905da8eaa7e37d6e0ef6f7c33d0597395
=== RUN   FuzzDifficulty/7cb8b13c41eb6c106a9bb4c65389f3d9958596c5
=== RUN   FuzzDifficulty/7eb9de462bceec4b180b4c30edc02103c620a160
=== RUN   FuzzDifficulty/825289294935c29698a06e6f721672f6f8042ef1
=== RUN   FuzzDifficulty/8779280ca903a3b0855309efb833ee9a1b09b5c3
=== RUN   FuzzDifficulty/8c396bd768a0aba08f6d11afcbe172ad028a180f
=== RUN   FuzzDifficulty/8e164a3df57ac17b8cea60ce30446af102570e31
=== RUN   FuzzDifficulty/9069ca78e7450a285173431b3e52c5c25299e473
=== RUN   FuzzDifficulty/9096fb6f8edefc77728160450438bc62c90163a2
=== RUN   FuzzDifficulty/9309458aae807ebf209274c79043e15739144f42
=== RUN   FuzzDifficulty/933afdd525f14b1312ab56bc717468bfac244337
=== RUN   FuzzDifficulty/93db4a07a7f63123b65f9f696945be87823fe849
=== RUN   FuzzDifficulty/94a9cd4ea3e710f31ca72dd692912ae967dbd3b1
=== RUN   FuzzDifficulty/95afb6031f5122d5face00251e804397fa6f9ab9
=== RUN   FuzzDifficulty/95eccefe8e9cb92fcbfb1d4cb37a10ba89412eb2
=== RUN   FuzzDifficulty/964b7bec403d51b609027eea6a6ebf19c2614890
=== RUN   FuzzDifficulty/9b9cd2324dae8f80333dacdf890324340b0aa4fc
=== RUN   FuzzDifficulty/9e89b00e25690f422222108217144f349a5f65cd
=== RUN   FuzzDifficulty/9e8f2b6a36dda275290db5e518950be3130bf08b
=== RUN   FuzzDifficulty/a1e1ac174634b29dbc60acdf15a3ebba030d9e87
=== RUN   FuzzDifficulty/ab751551c71fdc8ca188efb95187ac32b6c247b5
=== RUN   FuzzDifficulty/ac744a16a9026ab883d4ef7377ec1c6b1118ccaa
=== RUN   FuzzDifficulty/ad9d143169ea1b0fccc9bf381157d8531e441878
=== RUN   FuzzDifficulty/adc823678495ca54e8ce80d546df7729218d5915
=== RUN   FuzzDifficulty/adc83b19e793491b1c6ea0fd8b46cd9f32e592fc
=== RUN   FuzzDifficulty/b212c8726f1bf1b03b8ee43287edf1b6e1f28079
=== RUN   FuzzDifficulty/b38b2879a65618d4e892d3ae1264ba1ab3cf6447
=== RUN   FuzzDifficulty/b5faee13233c8fafa222471a008783fd36e1bd4f
=== RUN   FuzzDifficulty/b7a28c34393bae60260d8fd980281b73c3b9b311
=== RUN   FuzzDifficulty/b7b5a8d9d4616feb00a37347b3ea580539068591
=== RUN   FuzzDifficulty/b9c055dd5d3929021f65276a4e96a616cc71644f
=== RUN   FuzzDifficulty/bb62187f5a23d4f3c3b675d269c46cde707bcb11
=== RUN   FuzzDifficulty/bfee0cb483119b1fc73f8f961c914d0630280d73
=== RUN   FuzzDifficulty/bff34929f99a5303eba3e57455910f736ebdc3db
=== RUN   FuzzDifficulty/c2678cac5d6c65dec28d47a0512234d23f7bd671
=== RUN   FuzzDifficulty/c3f169da369c06bc8d8bbb617e4731d0a2835d5a
=== RUN   FuzzDifficulty/c5221206b722798d784e2dfbde8b7e3895872300
=== RUN   FuzzDifficulty/c9ef62ff8e0cab9166c0cf50aceecfd9eba600bb
=== RUN   FuzzDifficulty/cfa33bb61d0f44eccec8fa79418ca499deb1f23c
=== RUN   FuzzDifficulty/dc7120e40a4b73f698b12a3fa4e59c4d6979b1e0
=== RUN   FuzzDifficulty/def1c0fca29d5a9998197b39d999c32a1d8501d0
=== RUN   FuzzDifficulty/e129eb0cea5c0033c01bab9266e881beaf3d84b2
=== RUN   FuzzDifficulty/e852ee9f38d3c8230539c1a1cb9b47f4d28cbeff
=== RUN   FuzzDifficulty/e98209c86aefb33b555b17bb987eef0d8f58444f
=== RUN   FuzzDifficulty/f276a738453eb8299c9926038af5ad33efaa5756
=== RUN   FuzzDifficulty/f3618f96c7f101bf39e6ae619dc26196963961af
=== RUN   FuzzDifficulty/f651fe619d0848b872ca53e12af3f19db83a71df
=== RUN   FuzzDifficulty/f6f88747c4d63db08506edd15a268aafa22f0bc3
=== RUN   FuzzDifficulty/f9ba891768e2bb28ee9fbc54829fef1579a60830
=== RUN   FuzzDifficulty/fa3e1dff9229457fbccd7137c9d748891675b8f4
=== RUN   FuzzDifficulty/fc1b8bd542b97084b46fb18d485f3fd59d072fec
=== RUN   FuzzDifficulty/fe654f6624e2849d7d152c4d54213b8df4890b20
=== RUN   FuzzDifficulty/fefc96fe3c92677dccd2cee5ca4823080787e378
--- PASS: FuzzDifficulty (0.00s)
    --- PASS: FuzzDifficulty/02d117957690d1f10b8ab1eae2c0c9eed3dc95e3 (0.00s)
    --- PASS: FuzzDifficulty/05d7827805712b7ad70d3c4c1761c03f3ff08a07 (0.00s)
    --- PASS: FuzzDifficulty/079efaac85a49719a3501f27989a1b395b24c52d (0.00s)
    --- PASS: FuzzDifficulty/08574a33332dc6eb4759d7d16bddf81ea8b197bc (0.00s)
    --- PASS: FuzzDifficulty/0a398dcbf4b6a8efb62b28d696bc1322d371c1db (0.00s)
    --- PASS: FuzzDifficulty/0e5ab6415b4409c5d13e2fab406e79e30fd95acf (0.00s)
    --- PASS: FuzzDifficulty/114dafbff87ba094a349370066abd6841a88f010 (0.00s)
    --- PASS: FuzzDifficulty/117297fed94f2c4a58ebc46a2e74e254b3607d26 (0.00s)
    --- PASS: FuzzDifficulty/1dcb98042f0a6618799ee5fa2ad349ba0f1bb54f (0.00s)
    --- PASS: FuzzDifficulty/204aa6bea4aa2e71f0bc60d4848fdcc2eee2fead (0.00s)
    --- PASS: FuzzDifficulty/2115e74df6c7f54c99432ee1f9340367b52c2f98 (0.00s)
    --- PASS: FuzzDifficulty/227eaf4c86f6ab7a222bf528772f6190c42d0ddb (0.00s)
    --- PASS: FuzzDifficulty/2f029ca093f39a0047220ce27b8a14b90e67593b (0.00s)
    --- PASS: FuzzDifficulty/3099853020e58b20e18d4986feb08bf385ab18d6 (0.00s)
    --- PASS: FuzzDifficulty/3205a0f5b6305837323ea5ef5bf1803b763ab680 (0.00s)
    --- PASS: FuzzDifficulty/34e56eb68e4f68fe96b3c525291991440d77afd7 (0.00s)
    --- PASS: FuzzDifficulty/37cbea6b8a8d7deac3d723961cb91b49830f2879 (0.00s)
    --- PASS: FuzzDifficulty/37d21307ebcd1247afe67bd0423c3ce044bc3d2e (0.00s)
    --- PASS: FuzzDifficulty/38063bd0b51961237ce0338f50b2f70305da8a69 (0.00s)
    --- PASS: FuzzDifficulty/392b3b68444419d375d49ab3b395b96d9bd64582 (0.00s)
    --- PASS: FuzzDifficulty/39b3564e8ea1f55c15627e8a1841ae6a28e3203a (0.00s)
    --- PASS: FuzzDifficulty/3ce0a1af90b6e7a3dd8d45e410884b588ea2d04c (0.00s)
    --- PASS: FuzzDifficulty/4516ad9034dc4531ebcaea3d5eb3fa17f96fd666 (0.00s)
    --- PASS: FuzzDifficulty/478ba519a17a6e1d5eb0a490128eb9baf209e5ab (0.00s)
    --- PASS: FuzzDifficulty/4d2c961d95444ee570ee3f436d4117f753765b81 (0.00s)
    --- PASS: FuzzDifficulty/4f3bda3e170086aa750190461703d6762a0d8f10 (0.00s)
    --- PASS: FuzzDifficulty/55ee816cb996c5938a7f3fb5e8b65d320cae15a2 (0.00s)
    --- PASS: FuzzDifficulty/56d59eb861cd639f4f5b404b63e995ce4d6348d5 (0.00s)
    --- PASS: FuzzDifficulty/5f27c9daa39421ceabf903221d9f7ba91a8bd9df (0.00s)
    --- PASS: FuzzDifficulty/60cc4a421c8f09493078e0cca3e5482855f24dbe (0.00s)
    --- PASS: FuzzDifficulty/6178a0dd65b62005586d62c0ed9de869f9dace40 (0.00s)
    --- PASS: FuzzDifficulty/64af19af02c05703cdc7a73525073b066b500615 (0.00s)
    --- PASS: FuzzDifficulty/6a35fb824702a91e80fe06cfd0756d70d3da4e01 (0.00s)
    --- PASS: FuzzDifficulty/6eb98f06874b2095fd3047232991c8326fc5fc7f (0.00s)
    --- PASS: FuzzDifficulty/6fbec6089f2ff0f03f08f9873ca71320906d105b (0.00s)
    --- PASS: FuzzDifficulty/74511c832d49995e60348ab998f0071c38c6f66d (0.00s)
    --- PASS: FuzzDifficulty/7b2de8f697d914e437a3133d405e79c9b935a31b (0.00s)
    --- PASS: FuzzDifficulty/7be14b00489a4e93a9f733c9c812df3c19ee4deb (0.00s)
    --- PASS: FuzzDifficulty/7c772e4905da8eaa7e37d6e0ef6f7c33d0597395 (0.00s)
    --- PASS: FuzzDifficulty/7cb8b13c41eb6c106a9bb4c65389f3d9958596c5 (0.00s)
    --- PASS: FuzzDifficulty/7eb9de462bceec4b180b4c30edc02103c620a160 (0.00s)
    --- PASS: FuzzDifficulty/825289294935c29698a06e6f721672f6f8042ef1 (0.00s)
    --- PASS: FuzzDifficulty/8779280ca903a3b0855309efb833ee9a1b09b5c3 (0.00s)
    --- PASS: FuzzDifficulty/8c396bd768a0aba08f6d11afcbe172ad028a180f (0.00s)
    --- PASS: FuzzDifficulty/8e164a3df57ac17b8cea60ce30446af102570e31 (0.00s)
    --- PASS: FuzzDifficulty/9069ca78e7450a285173431b3e52c5c25299e473 (0.00s)
    --- PASS: FuzzDifficulty/9096fb6f8edefc77728160450438bc62c90163a2 (0.00s)
    --- PASS: FuzzDifficulty/9309458aae807ebf209274c79043e15739144f42 (0.00s)
    --- PASS: FuzzDifficulty/933afdd525f14b1312ab56bc717468bfac244337 (0.00s)
    --- PASS: FuzzDifficulty/93db4a07a7f63123b65f9f696945be87823fe849 (0.00s)
    --- PASS: FuzzDifficulty/94a9cd4ea3e710f31ca72dd692912ae967dbd3b1 (0.00s)
    --- PASS: FuzzDifficulty/95afb6031f5122d5face00251e804397fa6f9ab9 (0.00s)
    --- PASS: FuzzDifficulty/95eccefe8e9cb92fcbfb1d4cb37a10ba89412eb2 (0.00s)
    --- PASS: FuzzDifficulty/964b7bec403d51b609027eea6a6ebf19c2614890 (0.00s)
    --- PASS: FuzzDifficulty/9b9cd2324dae8f80333dacdf890324340b0aa4fc (0.00s)
    --- PASS: FuzzDifficulty/9e89b00e25690f422222108217144f349a5f65cd (0.00s)
    --- PASS: FuzzDifficulty/9e8f2b6a36dda275290db5e518950be3130bf08b (0.00s)
    --- PASS: FuzzDifficulty/a1e1ac174634b29dbc60acdf15a3ebba030d9e87 (0.00s)
    --- PASS: FuzzDifficulty/ab751551c71fdc8ca188efb95187ac32b6c247b5 (0.00s)
    --- PASS: FuzzDifficulty/ac744a16a9026ab883d4ef7377ec1c6b1118ccaa (0.00s)
    --- PASS: FuzzDifficulty/ad9d143169ea1b0fccc9bf381157d8531e441878 (0.00s)
    --- PASS: FuzzDifficulty/adc823678495ca54e8ce80d546df7729218d5915 (0.00s)
    --- PASS: FuzzDifficulty/adc83b19e793491b1c6ea0fd8b46cd9f32e592fc (0.00s)
    --- PASS: FuzzDifficulty/b212c8726f1bf1b03b8ee43287edf1b6e1f28079 (0.00s)
    --- PASS: FuzzDifficulty/b38b2879a65618d4e892d3ae1264ba1ab3cf6447 (0.00s)
    --- PASS: FuzzDifficulty/b5faee13233c8fafa222471a008783fd36e1bd4f (0.00s)
    --- PASS: FuzzDifficulty/b7a28c34393bae60260d8fd980281b73c3b9b311 (0.00s)
    --- PASS: FuzzDifficulty/b7b5a8d9d4616feb00a37347b3ea580539068591 (0.00s)
    --- PASS: FuzzDifficulty/b9c055dd5d3929021f65276a4e96a616cc71644f (0.00s)
    --- PASS: FuzzDifficulty/bb62187f5a23d4f3c3b675d269c46cde707bcb11 (0.00s)
    --- PASS: FuzzDifficulty/bfee0cb483119b1fc73f8f961c914d0630280d73 (0.00s)
    --- PASS: FuzzDifficulty/bff34929f99a5303eba3e57455910f736ebdc3db (0.00s)
    --- PASS: FuzzDifficulty/c2678cac5d6c65dec28d47a0512234d23f7bd671 (0.00s)
    --- PASS: FuzzDifficulty/c3f169da369c06bc8d8bbb617e4731d0a2835d5a (0.00s)
    --- PASS: FuzzDifficulty/c5221206b722798d784e2dfbde8b7e3895872300 (0.00s)
    --- PASS: FuzzDifficulty/c9ef62ff8e0cab9166c0cf50aceecfd9eba600bb (0.00s)
    --- PASS: FuzzDifficulty/cfa33bb61d0f44eccec8fa79418ca499deb1f23c (0.00s)
    --- PASS: FuzzDifficulty/dc7120e40a4b73f698b12a3fa4e59c4d6979b1e0 (0.00s)
    --- PASS: FuzzDifficulty/def1c0fca29d5a9998197b39d999c32a1d8501d0 (0.00s)
    --- PASS: FuzzDifficulty/e129eb0cea5c0033c01bab9266e881beaf3d84b2 (0.00s)
    --- PASS: FuzzDifficulty/e852ee9f38d3c8230539c1a1cb9b47f4d28cbeff (0.00s)
    --- PASS: FuzzDifficulty/e98209c86aefb33b555b17bb987eef0d8f58444f (0.00s)
    --- PASS: FuzzDifficulty/f276a738453eb8299c9926038af5ad33efaa5756 (0.00s)
    --- PASS: FuzzDifficulty/f3618f96c7f101bf39e6ae619dc26196963961af (0.00s)
    --- PASS: FuzzDifficulty/f651fe619d0848b872ca53e12af3f19db83a71df (0.00s)
    --- PASS: FuzzDifficulty/f6f88747c4d63db08506edd15a268aafa22f0bc3 (0.00s)
    --- PASS: FuzzDifficulty/f9ba891768e2bb28ee9fbc54829fef1579a60830 (0.00s)
    --- PASS: FuzzDifficulty/fa3e1dff9229457fbccd7137c9d748891675b8f4 (0.00s)
    --- PASS: FuzzDifficulty/fc1b8bd542b97084b46fb18d485f3fd59d072fec (0.00s)
    --- PASS: FuzzDifficulty/fe654f6624e2849d7d152c4d54213b8df4890b20 (0.00s)
    --- PASS: FuzzDifficulty/fefc96fe3c92677dccd2cee5ca4823080787e378 (0.00s)
PASS
coverage: 95.7% of statements
ok  	github.com/morph-l2/go-ethereum/tests/fuzzers/difficulty	0.045s	coverage: 95.7% of statements
	github.com/morph-l2/go-ethereum/tests/fuzzers/difficulty/debug		coverage: 0.0% of statements
