=== RUN   FuzzRangeproof
=== RUN   FuzzRangeproof/0047102bb405a58ce0d1d7e9c354fd1946904908
=== RUN   FuzzRangeproof/006d278a318173e1f4a500cd8c993cf14a66f0d0
=== RUN   FuzzRangeproof/0393f01a4ccef9b7c9cd0918a5f234b9fb795d72
=== RUN   FuzzRangeproof/0405b99fc250e19c9642bab6a466ea06c01aa311
=== RUN   FuzzRangeproof/0489367b945d415e7c6d18267452c4a9396836bc
=== RUN   FuzzRangeproof/0576e9a7b14868ad721efb1e1f6e1b3fa4e5079b
=== RUN   FuzzRangeproof/063b6715163b289695af9a95334e2eeef2aad459
=== RUN   FuzzRangeproof/065cf3ceabe414429b9cbad1d009c92f04802291
=== RUN   FuzzRangeproof/0664020f413eb1c0d102b1bd37e383d9094b5abf
=== RUN   FuzzRangeproof/06985b60cf18a7a078197ce703f41d258a9d9a20
=== RUN   FuzzRangeproof/07536c8f94afe1a1434c5e0c8cbf12d1d299040c
=== RUN   FuzzRangeproof/091385be99b45f459a231582d583ec9f3fa3d194
=== RUN   FuzzRangeproof/0b2c3ce9eb064bf7ee5fae0368274868543eb045
=== RUN   FuzzRangeproof/0b6b5c8a322bda096898de0faa233482072a9f58
=== RUN   FuzzRangeproof/0be4d2e533d19e256baae1eefbb7e1871d4eb7c3
=== RUN   FuzzRangeproof/0c00ac4ab9f801e494ce0b0731b3e4d7ccf2416a
=== RUN   FuzzRangeproof/0c6cc4057a531c35bbecbf6dadf172e3364fd258
=== RUN   FuzzRangeproof/0c7ca8b2b5a7fe3e07d7645181fd55be954da014
=== RUN   FuzzRangeproof/0c7d27b96b3114cf5f9299322ec2f40de7fb2456
=== RUN   FuzzRangeproof/0e8094dc875e69c73b55597701daa68fc1d58993
=== RUN   FuzzRangeproof/0f1930052a4728b76f889861f7d6be5321aa0ed2
=== RUN   FuzzRangeproof/0f2d9f4292d5c033edd16a2a72493b45888e10d4
=== RUN   FuzzRangeproof/0f38b546f2fa508e9a104a401b7ed6ff68849691
=== RUN   FuzzRangeproof/0f9e25e55730c26fff9213ac2c7c4a9e3d29dd3a
=== RUN   FuzzRangeproof/100475035f8cd9b925c3ac4500311a128ee4f765
=== RUN   FuzzRangeproof/1241882a02f315d05cb9131fdd07530aecdb2c02
=== RUN   FuzzRangeproof/130cca274f95236282b90d6818ba71ffc00f4ea6
=== RUN   FuzzRangeproof/1428c3e1400deeeb1259a8c31f2e77afbf35e13c
=== RUN   FuzzRangeproof/143f7990588cd6fa609b3b9b43d5df1ede341ecd
=== RUN   FuzzRangeproof/1559743591376b20879733b2372880ba85caeb8d
=== RUN   FuzzRangeproof/157ec1963587e579b7695e1b4349b3061328a211
=== RUN   FuzzRangeproof/1598da970ca7468f27918d44bc861ec29c806a83
=== RUN   FuzzRangeproof/159f4f68c82294452d4c49c84c3d2457ae7b4218
=== RUN   FuzzRangeproof/1714df6cf247d9ba6f114996bcf5f30612d9ef29
=== RUN   FuzzRangeproof/17d1fb8754b828d4fb5ed218522524e89d4c39f9
=== RUN   FuzzRangeproof/1857ddb24453fdf0dd846b25d96259e20da13978
=== RUN   FuzzRangeproof/1915aff9b327f292f33fd0b81d692497bf6f7fa7
=== RUN   FuzzRangeproof/19827654d089c4b5935bb5894042dfdb3cf4a9dc
=== RUN   FuzzRangeproof/199b95f4f655b13555576cb1339139fba9fcf496
=== RUN   FuzzRangeproof/1a1c905495432af4cec9962794976894966fc2d5
=== RUN   FuzzRangeproof/1b00517f1dc3184875f7b49e2e07e35bd557989b
=== RUN   FuzzRangeproof/1b6502412dc5bf6903f620f0af655fe42e11983c
=== RUN   FuzzRangeproof/1bb31b92f978dc85d95847cb0ed947f0a4144c1e
=== RUN   FuzzRangeproof/1c739eb20b58ea0bb7d45eea854e6fbafdcd0491
=== RUN   FuzzRangeproof/1d5c8aca424e9a7ae5fa2382738632e9bf8fb21d
=== RUN   FuzzRangeproof/1df1237d33720042173b699dfd3a2922e2b265fd
=== RUN   FuzzRangeproof/1e028d28058d4614315d61a524de66c18d9ceee8
=== RUN   FuzzRangeproof/1f81d4e2eed7bd5218d79ee316591e858a57f3af
=== RUN   FuzzRangeproof/1fbf405d53ee3b972aaaae1981d68de6d3a877a9
=== RUN   FuzzRangeproof/1ff88aefb287a9c39cf1d77e77a02eaff1780f16
=== RUN   FuzzRangeproof/200ec4ac4ed83e443d0f2f92021d1d007b3f92ba
=== RUN   FuzzRangeproof/208ee0c3756bdc7df5acdcea790c048fa9c57fcf
=== RUN   FuzzRangeproof/21542c2cd2f91e063e4b7de87be8f097b0d573af
=== RUN   FuzzRangeproof/22d4eeafaf89db86b7af3bfc0ede3c41c62a5e7d
=== RUN   FuzzRangeproof/235a21339bcc53402be6bc525c0fa9597879a995
=== RUN   FuzzRangeproof/23bb2597f20bc043dc8767566d19dac038ee48cf
=== RUN   FuzzRangeproof/23e11be9f9ee4c5017fb79043db2ae28e24c19e1
=== RUN   FuzzRangeproof/240705ceb1b3d7ec24c74d5a5050c8932d0efe5c
=== RUN   FuzzRangeproof/2429f9b68dd7638d8186e2d2241102468db6c08c
=== RUN   FuzzRangeproof/24e69c02fa5bd12d629554c4fa43876dc42d2bf0
=== RUN   FuzzRangeproof/2529513b578fab308e869309b43c416ded11f188
=== RUN   FuzzRangeproof/266df9b833ba9925ed727358a6a1fa3800f6900b
=== RUN   FuzzRangeproof/2677c2c830da4abd577c7a780be3331bf6c4b2ce
=== RUN   FuzzRangeproof/27a07d43ff14ab7ae6b69a46b5017723ca89a630
=== RUN   FuzzRangeproof/287df40159d84f0be82deee25e2f141f11802ff5
=== RUN   FuzzRangeproof/28a58a9a7cd33a65faa08deaf4ac60849befd590
=== RUN   FuzzRangeproof/292b5d3093ebf044326484c0c3ee57ebd8a6a3ed
=== RUN   FuzzRangeproof/297d5d9bf7c0bde7b37f11c7a2d420f943e446e2
=== RUN   FuzzRangeproof/29bd0ec8b2abb64c15d6dae7984bacb502302449
=== RUN   FuzzRangeproof/29cf823117aa4b3aceeb4738ec026119238de838
=== RUN   FuzzRangeproof/2a7a1fc9f06c0dda3f6f8cd4fa57116429897b94
=== RUN   FuzzRangeproof/2b02743b50cef28d3d3955fbb47010a02e6f2075
=== RUN   FuzzRangeproof/2b3939d33907815d14144c8209736f20aaede4ae
=== RUN   FuzzRangeproof/2b59004d39711022450d647364d23231aa265ee5
=== RUN   FuzzRangeproof/2be0ef7b9378035a14e46a0fa176e346c50a8e29
=== RUN   FuzzRangeproof/2bf412fbd8737b40a2ad9cf10fdf19a9e440407b
=== RUN   FuzzRangeproof/2bf9fdda0dc75215511b6bf2b5c1e5be837f4332
=== RUN   FuzzRangeproof/2c6d6a8a80bd0af2f398ed7fdf0476587ea9cae1
=== RUN   FuzzRangeproof/2cd13b10dcb67c681e2499edbc009fe672fc96f6
=== RUN   FuzzRangeproof/2d48539625f00a7e2a90efd6d03d6ca15902d861
=== RUN   FuzzRangeproof/2e3329e032f2628948ad4deb83b2ccf269f9f9b1
=== RUN   FuzzRangeproof/2e6f079b708dae583a436c5b2513da4c83a1e42d
=== RUN   FuzzRangeproof/2ea5e7f51d95ebc60505ea4c599bfc57b93d39f2
=== RUN   FuzzRangeproof/2f7653b7e87f0b9071d1d3fdad86eb62aca2f4a8
=== RUN   FuzzRangeproof/2ff2c607eed1662d1e01835c420ab055d6595425
=== RUN   FuzzRangeproof/30071ca3afd17f33d3c17616b78b5cfa2079fe47
=== RUN   FuzzRangeproof/300c0eb0c9591726f95ac9d96572bf6e565e18f5
=== RUN   FuzzRangeproof/30307271c629429163d4fc7fdc051b0617ae3c8d
=== RUN   FuzzRangeproof/30ca88b9c66687d0edec9f8b47e430de531528b5
=== RUN   FuzzRangeproof/3173532552077d0d796c3628ac35c76343dc3a04
=== RUN   FuzzRangeproof/31b79393bf66b8633bd63249d48dcb4e9cdadb7c
=== RUN   FuzzRangeproof/323d86e0dd461237620fa1b9edfb39f470f25b65
=== RUN   FuzzRangeproof/33416c9ab1c8f1215fdeca9aa9c77aaec7863cff
=== RUN   FuzzRangeproof/336449ea742cb05c4872026712fb90873eebc58c
=== RUN   FuzzRangeproof/33d7a3241825a7d333d77e3a4cb5955684089745
=== RUN   FuzzRangeproof/344ced7deb9f3d81d78b2d390889963b2faa69f6
=== RUN   FuzzRangeproof/34d8c49e3924188599de9c019a6a66170863fd20
=== RUN   FuzzRangeproof/356177c92730094229c06a51ab7302708297f025
=== RUN   FuzzRangeproof/35880cbca48da7b7299d8a878a1f9b3068a19cac
=== RUN   FuzzRangeproof/35e756744d0c55b30ccfcf708ae60d9b30f9ba42
=== RUN   FuzzRangeproof/37fcccba9236cf72dcfe8720ca44220794a8f041
=== RUN   FuzzRangeproof/3801d261e4160508c1d5d6f369e069be3cf02484
=== RUN   FuzzRangeproof/39283d40946cfd2d9a19590af1829baa754f3554
=== RUN   FuzzRangeproof/39bb16153e49d2bf7962f8a22e0662a682a56c04
=== RUN   FuzzRangeproof/3a89896710da580da096aa9d8ce5be3e14c6c9ac
=== RUN   FuzzRangeproof/3b8609f8ed2a8fe510e8d887fff5870f8a9f481b
=== RUN   FuzzRangeproof/3c2b8729a74f6b7419c2e2e341cf52b7a7f948ea
=== RUN   FuzzRangeproof/3de45a6ac4f527006292ca655e1bb0fc249ac507
=== RUN   FuzzRangeproof/3e15fae169b8d912285a2dd71598c54c0b22c656
=== RUN   FuzzRangeproof/3e348c1e9fdcfd0129d926aef361043602b1eb88
=== RUN   FuzzRangeproof/3e665462e081d6d3969aefd82152fdd3edad804c
=== RUN   FuzzRangeproof/3fa75e08d2f6d5187189fcf3e984bd0affbd1740
=== RUN   FuzzRangeproof/40a45b04110b0cafc54ec52f92bf3af47335b745
=== RUN   FuzzRangeproof/40bcba5bb2a9787244a6448cae020dfe0736eaff
=== RUN   FuzzRangeproof/40c503888caf4b4c2c0275d502439bbbf550a45e
=== RUN   FuzzRangeproof/424448f80f0b1e9c99d19e018c01cbad9c23db41
=== RUN   FuzzRangeproof/4334964e6b2f8c277cbf37fb7379f449bcc71e99
=== RUN   FuzzRangeproof/433edba76049ab33e221e757e62541b56d32310a
=== RUN   FuzzRangeproof/435f935b105fde1cc51a060d59c03a428f41bef5
=== RUN   FuzzRangeproof/439758a0ab4c9a6829871513c37cb4f9608ea69e
=== RUN   FuzzRangeproof/447108f976472497fd032201a386d5bead86787a
=== RUN   FuzzRangeproof/448977404025adddf4082ae74228fda72737b820
=== RUN   FuzzRangeproof/448e26c2bbf7bacb43b80bc72fd37b1a233131fb
=== RUN   FuzzRangeproof/4553b471e4a2f01476cc8e4ff557efe62ecfe4a1
=== RUN   FuzzRangeproof/456ea979eed2a89babfac53d79cb5164e925bcc7
=== RUN   FuzzRangeproof/46da33cbdb8418443959424ef956eff8ce730e12
=== RUN   FuzzRangeproof/46e7c67e181086800f826fd8898c2deb93e27c89
=== RUN   FuzzRangeproof/471496cc2a5a80a85060ed89ee59d7de787fd438
=== RUN   FuzzRangeproof/47d0f319b248b44bcb37d5338ba5fc3430a5a3a1
=== RUN   FuzzRangeproof/47efa5f45f78e49bf295d8accf133d59cf20e964
=== RUN   FuzzRangeproof/486882c1724ae4a69b95a1b10cb1d57293cb3af6
=== RUN   FuzzRangeproof/48690cb53fc5d373ece2d6f194b628f5e675e5ff
=== RUN   FuzzRangeproof/4a19f9fa8152ee2f13d1822002e9123042594fc3
=== RUN   FuzzRangeproof/4a6e4a6a54f1ed709724a006f9b8fde022843527
=== RUN   FuzzRangeproof/4b22921f211f7e10a7183ce30d9875ddb23732c3
=== RUN   FuzzRangeproof/4b8f1536333b0675b42879533ebee17281519f06
=== RUN   FuzzRangeproof/4b994365883c5e84e8fdbd52450803cb64c29841
=== RUN   FuzzRangeproof/4b9d1defc9b73acaf113e281b902312ae7573e02
=== RUN   FuzzRangeproof/4c1b615abb52ea06d8edcc604499b6c214053551
=== RUN   FuzzRangeproof/4ce00aafe7eba742c85e69e2443d649d1ca267fb
=== RUN   FuzzRangeproof/4d30d5cf31eda21f11c6ded4f8baca0052d1356b
=== RUN   FuzzRangeproof/4dad3baa9e23b4f655365a31c93cce83b520fea3
=== RUN   FuzzRangeproof/4df0f89903e83ab5bc31359b2f6d1a85288197ef
=== RUN   FuzzRangeproof/4e7bff4b213bad88a94ddb3a31af7e890e0a6213
=== RUN   FuzzRangeproof/4e9596c9f9cf3338f56fc794e672a24a93f43775
=== RUN   FuzzRangeproof/4ee46c283e0de9c009dfe9ef0f581fc449b6b912
=== RUN   FuzzRangeproof/4f1505516b27cc05de8b3ca218619e565ef99569
=== RUN   FuzzRangeproof/4f62fab0b7305919e4048fac702214f56e7e6def
=== RUN   FuzzRangeproof/5021ba3fc0e8fb0eb5ece8fa11e9d3a550e15e7f
=== RUN   FuzzRangeproof/507a1ef803fe25d8838adafaf12ee239176ac066
=== RUN   FuzzRangeproof/513af9037095ee25314c143124fc8b10fe4943ed
=== RUN   FuzzRangeproof/52bc6bf938a48f8e5f527c2b9367bbf4dcd8182f
=== RUN   FuzzRangeproof/52c2ea6d599a7075a32d74bfd7265be4be2d6745
=== RUN   FuzzRangeproof/531d70641989bb73ad2bae1ebe0308f83d51b724
=== RUN   FuzzRangeproof/532f1791aa2abee616bda1d84a5366378c83556c
=== RUN   FuzzRangeproof/535fc77ce0192ab6db0018bb22dd3fa13bddd353
=== RUN   FuzzRangeproof/549f45f1e65312482b7e4759b37c4fd2929a1efb
=== RUN   FuzzRangeproof/54a3ed0aa931b8a2c6666be8f3460ce0c9cde050
=== RUN   FuzzRangeproof/559980177c054f49f542cd4d8de6bd41d222fec7
=== RUN   FuzzRangeproof/55cea7d5944f4316f17fb855ebb83a7811b34104
=== RUN   FuzzRangeproof/570e12d7f5132b5f676189f221bee6fb16d9487f
=== RUN   FuzzRangeproof/574674b3b7d9f0c4af82085f1c07179e6831f3a5
=== RUN   FuzzRangeproof/5834c14e21bac7452515a108627ef3abf141b627
=== RUN   FuzzRangeproof/58b5ec0750a0b6701ce4fede8d570d43b48beed0
=== RUN   FuzzRangeproof/58df8581bb8b0373ef85c19692e857016b3ccf22
=== RUN   FuzzRangeproof/5990a887874f5bb5b80e3be22f7e05d6d3b8cc4d
=== RUN   FuzzRangeproof/59c780e8fde6ca858bee16a0b927d2dd1803a7d5
=== RUN   FuzzRangeproof/59f1f2aee047eff33492aa00e756ef8988004430
=== RUN   FuzzRangeproof/5a1ad85b906deaaefd778245b4e2a9980dba501b
=== RUN   FuzzRangeproof/5a4f1c42c56da9a6b1ed12e9d98d1c460f63f55e
=== RUN   FuzzRangeproof/5a5a732afc57b6e656fd2fbce2e2b5088586e242
=== RUN   FuzzRangeproof/5aa6de3efe1954f768366baf12792962369f79c1
=== RUN   FuzzRangeproof/5ac5348838c4588df70d06328958cd71ccc76338
=== RUN   FuzzRangeproof/5ae9a35b8e8a098c69be1b951c4292d69b455af7
=== RUN   FuzzRangeproof/5b8cc3899554491a16e7a8af91898e2ec867025d
=== RUN   FuzzRangeproof/5c0b0ec000d51843ca99ce4c09183b49c1594487
=== RUN   FuzzRangeproof/5c3e1cb586dc470fd4b16c80e6486ab87178f694
=== RUN   FuzzRangeproof/5c518afe1b9fca579e0bbd19b25ab903608b5dae
=== RUN   FuzzRangeproof/5c7dd9736ef53bf509e7e6d83283a16be8ca639d
=== RUN   FuzzRangeproof/5d786287c8ffeb3adfcbea9afd166d0bf1702b05
=== RUN   FuzzRangeproof/5f5bbafcc16b132d0e44b82c9485396ee6bc5bbe
=== RUN   FuzzRangeproof/6067315da5aeb74294ee5ea2cbea010126e99ce7
=== RUN   FuzzRangeproof/60988a41c4f10f4f822576fc07e8125712fd741e
=== RUN   FuzzRangeproof/60c7e98448e3943cc5a22a3a67b0dd770a67fc72
=== RUN   FuzzRangeproof/60f6f6490e06d1df49fa6f1b31115c009ed6b726
=== RUN   FuzzRangeproof/612154dd64ae5e36be136c71f7658e2d406fc3b1
=== RUN   FuzzRangeproof/612abf4c15087ee7873760eb5f62fb6e98d654ad
=== RUN   FuzzRangeproof/6178878dad59788ff509a13f8b79657304d989f9
=== RUN   FuzzRangeproof/61840bdb03dd236b21da43dbef1aeeb2460663a2
=== RUN   FuzzRangeproof/619ab042246f6288425c451c42cdb3674edaced1
=== RUN   FuzzRangeproof/636211341eb1223e3f7efe219f1654e8b05181da
=== RUN   FuzzRangeproof/63d415ed2df728d6b30512b8de78c4b58d7d1ba5
=== RUN   FuzzRangeproof/64ff142d8a0150640c8763d073cb99cbd483cf9b
=== RUN   FuzzRangeproof/6503d119c7871453b4b239cd820e2121577ae895
=== RUN   FuzzRangeproof/65b19913c8aa12a6cee2272e54a64a690541ba90
=== RUN   FuzzRangeproof/6656117890080112debfd1f9dd5b1ce84d63e32e
=== RUN   FuzzRangeproof/66ba21a8a1e23bbfa9bd8cb2984a073c64decb56
=== RUN   FuzzRangeproof/66ef3ee47894909b6ccae735a0c5eb3caa23cd69
=== RUN   FuzzRangeproof/6868424e87c8e5938c314f68415dc0343f3951f7
=== RUN   FuzzRangeproof/68d0141d427dd1a91158d72d2502a0a9e20fd99f
=== RUN   FuzzRangeproof/690d8dfe6880a50d28a210187547d0ac1ddb37da
=== RUN   FuzzRangeproof/69454a957fbc9357c5142836ee956bfb9ff76ab5
=== RUN   FuzzRangeproof/6990ba87d3b6499c00929f390fa8e25a624fa49d
=== RUN   FuzzRangeproof/6bcacdd549499d92fc9d79462967cedda8a9bfed
=== RUN   FuzzRangeproof/6bdfba46b13cc06e9e163332adf541314d790c6d
=== RUN   FuzzRangeproof/6c01e288a5030bb7a3ecd07ead49f5565089f056
=== RUN   FuzzRangeproof/6c18a2f157fea176754b527799e7cf0163b850ab
=== RUN   FuzzRangeproof/6d5aa7c7c789484701720832e6d7741fd732a63f
=== RUN   FuzzRangeproof/6d6c64eee0376055cef57803ab1ca9ebced8fea3
=== RUN   FuzzRangeproof/6d8c6343ebfea46a3461df158760f06110af435a
=== RUN   FuzzRangeproof/6dfc39681e70823f7541e3e3868bc997d2438c49
=== RUN   FuzzRangeproof/6e13ea011304192fcce3254a93067fc9e830ecf9
=== RUN   FuzzRangeproof/6e53900bcabe5e1e4673de5f4636ba2ce7896ff7
=== RUN   FuzzRangeproof/6fc8484212e1106fb27fb16845c8a0d8844098f2
=== RUN   FuzzRangeproof/70e6e4540975750efc26883db120bc5d7905b8e5
=== RUN   FuzzRangeproof/710b251663ceab4fbdacc26a08c210f26f50ab68
=== RUN   FuzzRangeproof/71788b9e8ee361f73262e3b3400b8da478d43ace
=== RUN   FuzzRangeproof/71d05580e33a2e72ae77aa5d8b13f27e1237d617
=== RUN   FuzzRangeproof/71f537da8241927b42efa8bd7a5d65dc454f8e88
=== RUN   FuzzRangeproof/7281d9f1f8b5d0b738038f58c8518c039e4e0469
=== RUN   FuzzRangeproof/73011659e6b8d786ccc468deb7f1748d02bfa6d8
=== RUN   FuzzRangeproof/738b83e65ea6b0e937ea4b43e02af88551e48027
=== RUN   FuzzRangeproof/7425d9cc61b24d38ce14dafdc91b3ee65ff1153c
=== RUN   FuzzRangeproof/74562623d15859b6a47065e0f98ce1202fb56506
=== RUN   FuzzRangeproof/74d5360d48802e4ef24ed5d48ef00e99850013f3
=== RUN   FuzzRangeproof/74f5320c112130d299e3a00b1de48ac1de4ed07c
=== RUN   FuzzRangeproof/757f625bf2aa08c9e35cb6d5f95fb5dda33c6ff0
=== RUN   FuzzRangeproof/7596c9d2c73acec6a3c6c25cf78af70e8048d504
=== RUN   FuzzRangeproof/75e2b691f8053fe40434e3c3ae3c93d706f887aa
=== RUN   FuzzRangeproof/760fa7f1bc1524c55a34af65ef4c4c59940b216e
=== RUN   FuzzRangeproof/7621d99c477a30566502e581ccba253a5b55dac7
=== RUN   FuzzRangeproof/77220fe9c7d6f3496aaea7527e3ae81eff8d026a
=== RUN   FuzzRangeproof/77a9839f24b5495654b2336e6140239615d5ad12
=== RUN   FuzzRangeproof/77f829eb4f32e1f366ac1d4407ce70f69d2dba3c
=== RUN   FuzzRangeproof/788f72dd1fc827bbbf43385aa74508f2fc4984df
=== RUN   FuzzRangeproof/79067782d0f1dc8e9a0e964e5e98146aa6d36fb5
=== RUN   FuzzRangeproof/792cefc8a1b5025e69dcabdc91daf7eaad6b8f80
=== RUN   FuzzRangeproof/797a3932c6ff81e3f6e6bc516fa5c5d92f64d7e8
=== RUN   FuzzRangeproof/7ad473e465877432717bef8f276984bec4f5fab1
=== RUN   FuzzRangeproof/7b0dc77667c6019af2321ad569cb72e0a77e5e9f
=== RUN   FuzzRangeproof/7b364c4989f0c4f6237532f80c9500df793dbbd1
=== RUN   FuzzRangeproof/7b6bbbdf00cef864e0c549d3e5c18517c9c2570a
=== RUN   FuzzRangeproof/7bb1863bebf3e36acedde0cd21d0250e6a72caef
=== RUN   FuzzRangeproof/7bcc6a8c34d37898084b6600837fd111a882a9f5
=== RUN   FuzzRangeproof/7c6e80632450ab3bd5a2ff2996d0b80bad26ba7c
=== RUN   FuzzRangeproof/7ccc8f5766af0ce4754fc5feeda7364ad2899a43
=== RUN   FuzzRangeproof/7d5b02f221f54ceccc1960af81d72a6ac0c61e02
=== RUN   FuzzRangeproof/7d820a83dbd6f6359be86ca6a380bbe1bd447407
=== RUN   FuzzRangeproof/7e23618ac9af7f088fb7d87135cfbf63f68831e9
=== RUN   FuzzRangeproof/7e53ef1f9e205ab23381a13147cca4293ebde1bf
=== RUN   FuzzRangeproof/7e62d3d5dc899863af8803239ab4c3c3dcf7dd72
=== RUN   FuzzRangeproof/7f1d6a3213f7931c15f7aa9ebb5bed8642781dd0
=== RUN   FuzzRangeproof/804213f2ffc55517bc8eaca63a852d5e0b1be346
=== RUN   FuzzRangeproof/80af3009210981eea0f897bb1d0e5ab734d4cd18
=== RUN   FuzzRangeproof/8114d3e42a42e110d8334148ccb1a0f9d78829d1
=== RUN   FuzzRangeproof/81f9cd6b41d34aad22b8bd79ea24f9eafc1d0a92
=== RUN   FuzzRangeproof/82e94e18fda45d60fdc9852ea2378061a57818fb
=== RUN   FuzzRangeproof/832198a09a3bf9a8936cb82ef766ed8768143068
=== RUN   FuzzRangeproof/8371bef5c6d1d587b0aa3e28df8f7536da831b22
=== RUN   FuzzRangeproof/8383ac650cb3af5a51c6724f28e4769a8de1791d
=== RUN   FuzzRangeproof/843e5cbce34c5f9ae2c10c933b79f349220d87a0
=== RUN   FuzzRangeproof/846b6f367ae7e677b75f3f16abb339e5f02d9cdc
=== RUN   FuzzRangeproof/8511fdd858f5af152fb9bb50a21c72402c5c1d46
=== RUN   FuzzRangeproof/85326cad59977aed254deec7100c02f98b8d4b5f
=== RUN   FuzzRangeproof/8621035a780906d8ca387a21293659b9682dde91
=== RUN   FuzzRangeproof/869da055c9d559e91b32f7b901580badb01a328f
=== RUN   FuzzRangeproof/86a216d080b3bcba31badb3bef6dc8206a658d18
=== RUN   FuzzRangeproof/876d1cf75ad29ce4ccbab832a84cf592c3c5b7f7
=== RUN   FuzzRangeproof/87dfb11ed4189acbebdd78228a0dab4b5fa6eb15
=== RUN   FuzzRangeproof/8853a2876f1ab8914de689f0715d57c53d4df1b7
=== RUN   FuzzRangeproof/890be2f8b24232676e64e1ae4a2be42316a73aa2
=== RUN   FuzzRangeproof/8b1664f8b2dbbac02fda8b93f367f069a62f44f0
=== RUN   FuzzRangeproof/8badf83f1a6b0524c2caa64cc02848eefe95d365
=== RUN   FuzzRangeproof/8bebc849f08b65ca23128c313f418bf049941b92
=== RUN   FuzzRangeproof/8ca3afb18937936dc0fc5b14f11d3672e234ccaf
=== RUN   FuzzRangeproof/8cde08ef0e2fa469cef5a53bc70a6dd2bab0326e
=== RUN   FuzzRangeproof/8d0a60f149981a263c0a097032307ddab2542293
=== RUN   FuzzRangeproof/8d47039fca90711b937fcd5ca0d61a1331db77ea
=== RUN   FuzzRangeproof/8d4c775dd45395acbe7c71d08c975a18f871a5d2
=== RUN   FuzzRangeproof/8ea6988871e725a5b0e491467e9b77e826552dcd
=== RUN   FuzzRangeproof/8eb2e4161c0782713019b0cb0c5194a79d6f5a18
=== RUN   FuzzRangeproof/8ecb27c94013dab8de157e1796ac2b87f07128cd
=== RUN   FuzzRangeproof/8fda8e5130d690769cc73155167cc4cdf41c1e58
=== RUN   FuzzRangeproof/90cefd3220ce70f7a67fe85a00c6c4c732ad4cb5
=== RUN   FuzzRangeproof/90ef66dd20831afafdefda43ce8cf75eba7b1858
=== RUN   FuzzRangeproof/92c27aea22a262c730cf07436d7f0142b5bb5ad3
=== RUN   FuzzRangeproof/92ce4657f157bc164b80e47905367d72a46eeed8
=== RUN   FuzzRangeproof/937cc223b61c28a19cac2819ae81c15248aa8f9f
=== RUN   FuzzRangeproof/93bcb3ff7e96cc11f7f605e78acae0944e4f060a
=== RUN   FuzzRangeproof/942cd4942ba362010c221621e4fa22c5ebe4312b
=== RUN   FuzzRangeproof/94817818d94f8588167060561968640f83dc697d
=== RUN   FuzzRangeproof/94bf722cb9b861866020ee41a69e207c1b3beed2
=== RUN   FuzzRangeproof/94fd4a9d63e45a4ef9f4c2e01b28ea6a757cf53b
=== RUN   FuzzRangeproof/9513e71e7b0cf177b3edadba19c16ad51fb39e35
=== RUN   FuzzRangeproof/9535b40e46d8903c838ea361964fa7e8971f9b5e
=== RUN   FuzzRangeproof/96010cc3bfa22f278754634901497dd138417716
=== RUN   FuzzRangeproof/96086a68c239ba8da2862771689653c22865ce9b
=== RUN   FuzzRangeproof/96b08f7c5822bed7a91d1f32397bddbc2e107c18
=== RUN   FuzzRangeproof/9731752e4efc05008c1dada22c6b8390a5e27ab5
=== RUN   FuzzRangeproof/97661e82272a73da51018afddc71e8bfab935d2b
=== RUN   FuzzRangeproof/977dff979b170fbd93873d68605bd61333b10ee7
=== RUN   FuzzRangeproof/9806c5f93e1f64c3a761202c5ad9984bcfd6b0df
=== RUN   FuzzRangeproof/987ddbbcc50606c98380044eb84523385a5eb863
=== RUN   FuzzRangeproof/989db591c29b04fee00a69f63e300d06558055e0
=== RUN   FuzzRangeproof/998fdd0b80d658f21b07cd9a40b22d6edd9f7e1f
=== RUN   FuzzRangeproof/99a2a333da3b08c1fcbb7f3f39194366b7f3e3aa
=== RUN   FuzzRangeproof/9a74f06459408cb4caed029920b4025e80cc721f
=== RUN   FuzzRangeproof/9ae0bdb17f2e6f326cfcb1cb37b3cbc434d6c62e
=== RUN   FuzzRangeproof/9af4d2a6fa5bf2fc35fb88478dd3a827d38a107e
=== RUN   FuzzRangeproof/9b0770386d9fda3935c8b3b4523169ca4c99fa78
=== RUN   FuzzRangeproof/9b135e479c31151695b5dc3b4658260665c7f233
=== RUN   FuzzRangeproof/9b611c3d6ae468612d2e526118f43025f854c1b2
=== RUN   FuzzRangeproof/9ba06070a33c37aea967c4a133aa168c786edd33
=== RUN   FuzzRangeproof/9c47c1df38cbfd243e091da8e361b4e0cbd53035
=== RUN   FuzzRangeproof/9c6b3813b9c5aca0d462720887e116346cc6cd77
=== RUN   FuzzRangeproof/9d0f7eb90355c4030b63deb8e86f01f30baa2f7e
=== RUN   FuzzRangeproof/9d742d3d42c33aef8e5695e3b33a6e8ed01c9871
=== RUN   FuzzRangeproof/9d9c42089efb3f876e0e6758eddd6ed6f1a99f50
=== RUN   FuzzRangeproof/9df3f340b44e368c5d9abaf83b2afab709bbb9dc
=== RUN   FuzzRangeproof/9e542d4f6c8e9e4ae4dd0c9724a01c7710fa6e82
=== RUN   FuzzRangeproof/9e8cbafa20d5597580869a99f05e79f6d57f57cb
=== RUN   FuzzRangeproof/9f9dd37742748834f91bad933240f7c1b163e108
=== RUN   FuzzRangeproof/9fd64b085a1e23ed69a02e23f092bafb50aaba1f
=== RUN   FuzzRangeproof/a06ee9ef56953fdc247afe05cc54d6fd5418e25d
=== RUN   FuzzRangeproof/a0e9bb52a135457af49dde324d46f54e274e04a7
=== RUN   FuzzRangeproof/a10909c2cdcaf5adb7e6b092a4faba558b62bd96
=== RUN   FuzzRangeproof/a1dfeffcb7382ad0257abfdab05c3b7be0422ccf
=== RUN   FuzzRangeproof/a29b3333cdcf0defce19c7502840b51df33f540e
=== RUN   FuzzRangeproof/a41e029fea88203fc0700b6af274e1dbc04bc070
=== RUN   FuzzRangeproof/a51587631b947106b3882c1385c2a26ff694a615
=== RUN   FuzzRangeproof/a516eb7a039c0c5e94deb357310a950fd35776f6
=== RUN   FuzzRangeproof/a56e0efcb911786680ac069bb6600bd1eca85cdb
=== RUN   FuzzRangeproof/a5a9872f0ab4004bca785e01abe6eefcb1a2b793
=== RUN   FuzzRangeproof/a82c63d10d472789ae13abee20bfc0854a0296e5
=== RUN   FuzzRangeproof/a82dd5bdb24e763050d3db68f96feae8d6320b88
=== RUN   FuzzRangeproof/a834ee46e0c54d3d330a308d1527f4c2f0ed676b
=== RUN   FuzzRangeproof/a921348638ec718c48a045313fffdcd54ce1ea28
=== RUN   FuzzRangeproof/a98dbd7e41e1de5d86ab901b640fe824a595c9f0
=== RUN   FuzzRangeproof/a9904cfabbb767dce968337309d730bbb983c6d3
=== RUN   FuzzRangeproof/aa430206f5cb4ac2c245b1238d8a70432d8b1076
=== RUN   FuzzRangeproof/aa4c3a803474d33f8c8ab176d96713bad294cdd2
=== RUN   FuzzRangeproof/aa697fa39b85da93fc00543630275826de4fa08d
=== RUN   FuzzRangeproof/ab2c807812bb435894937f159714e5d258d694b6
=== RUN   FuzzRangeproof/adc197110ae02e4763a02647a91d694741afc162
=== RUN   FuzzRangeproof/adea798ef77c1dfeddbd710476b096080e14ef78
=== RUN   FuzzRangeproof/ae6115e4c34fcd7bdc00096c6247cf51d9285b0c
=== RUN   FuzzRangeproof/ae6278ca6d144d7fa94e499aa405dd870a8dea20
=== RUN   FuzzRangeproof/aee6594b7fe441fa3d4ade476d5afbc98659a5e3
=== RUN   FuzzRangeproof/af121c301f57a3771e8bf9358317f2d5f3655a85
=== RUN   FuzzRangeproof/af2809d103ebc49bf1b653784e98f345eb5846a3
=== RUN   FuzzRangeproof/af7879c19980b61b5712ea5872c1e122ead21724
=== RUN   FuzzRangeproof/af9474e900c79c16ed46394c6cd58a38e5b2525f
=== RUN   FuzzRangeproof/afa48f6ed09bf15435d7b6f1c40aaf814cccd6f4
=== RUN   FuzzRangeproof/b0bc7488aa2c2faa5a20de976aca84c2de4d5d2f
=== RUN   FuzzRangeproof/b0dbff2cedfb3cc4f011314e59c9c4e2224fe732
=== RUN   FuzzRangeproof/b2158693361825278fb1a5f9495cbd6136974b6a
=== RUN   FuzzRangeproof/b3a2a6637b9ca25796ab43cdaa3516fc7a760df4
=== RUN   FuzzRangeproof/b402b4de89a05c312e67e98a555cd923ee7f9970
=== RUN   FuzzRangeproof/b40b5716ae9d1fb6b7ad53fc8dd2abcfb114406f
=== RUN   FuzzRangeproof/b43db3eb23e4488155aa21fbedf5402192be837d
=== RUN   FuzzRangeproof/b489ce57bde53993c3fd1d5dac158cd6e9b56129
=== RUN   FuzzRangeproof/b52338e9a4c842c1872e3f3801dee637190bf448
=== RUN   FuzzRangeproof/b5678886d024d6f5089695b405b19eb239d56575
=== RUN   FuzzRangeproof/b639eb53ec82f8bb395d80065539f03221f658d5
=== RUN   FuzzRangeproof/b7d2e8a0b2fe099a04de3e821aed9034ed14c288
=== RUN   FuzzRangeproof/b875e8725850c811651c52c5ddde83449bb1709a
=== RUN   FuzzRangeproof/b88ae529157f7ec597c583f1e9f903dcf321c473
=== RUN   FuzzRangeproof/b88d117e78fa52b935420ed8101b32e048900839
=== RUN   FuzzRangeproof/b8c52d60ad75df3f2df5f453f10d3f1f7d2eb68b
=== RUN   FuzzRangeproof/ba33bbe3939ace6ad3764ffc070f8846a1c34163
=== RUN   FuzzRangeproof/bb20681a9edea93925b0b2f0bc75abbd7d107325
=== RUN   FuzzRangeproof/bbbc05732becd2efdd2f3b935eccc5029fdac65c
=== RUN   FuzzRangeproof/bc341a7e16eaa75852a3488244e8e3f2bb1bdca5
=== RUN   FuzzRangeproof/be5981f62369e0832185ea9737c56c8159d55aea
=== RUN   FuzzRangeproof/be94c33726a0e8a9e1a29a5d605ba23d8d260a41
=== RUN   FuzzRangeproof/bfd8f10a56069581bb7d6ea198d8de98d0d27c74
=== RUN   FuzzRangeproof/c35ace1d74c73b9945142eda4a6690728bc4038f
=== RUN   FuzzRangeproof/c36652c12808d113769cc16d47dcd9fcd9af6f22
=== RUN   FuzzRangeproof/c4a0c63e37f5ba26430c4e7fa5ba38023544160e
=== RUN   FuzzRangeproof/c5c1f5efb5e16db986988dffff78c3d4f2cc7bc0
=== RUN   FuzzRangeproof/c5fe170971f0500c8af3b48e4b236a0385a1397b
=== RUN   FuzzRangeproof/c694fca015a657b6abd851401331e2be8fb746fb
=== RUN   FuzzRangeproof/c6e2dc9ccc763121877a7c58107915136e7a5e42
=== RUN   FuzzRangeproof/c808b7a3744cab8d5650d2f6657efc0b864441ac
=== RUN   FuzzRangeproof/c83730b769827ef03bb900c8f2eb15f0f451339f
=== RUN   FuzzRangeproof/c9521c532893a4e7e4ba2f74c405d888cd903086
=== RUN   FuzzRangeproof/c9c4cd6893bcfa42f6bc578bc7849926bd4fdceb
=== RUN   FuzzRangeproof/ca0e099156aafe0b555715b47e36d2c636e1c475
=== RUN   FuzzRangeproof/ca8cffaf31b1379499e26bbf6f76e35211beeb88
=== RUN   FuzzRangeproof/caf4c91b4463445e68c4c9e811c7b6f8e5e50be9
=== RUN   FuzzRangeproof/cb4e33f359e1b4d0bbf3ce2ca706fd95586a3e18
=== RUN   FuzzRangeproof/cb8d7f2735a1aa568de357394ac6f7140d289c00
=== RUN   FuzzRangeproof/cc098dd4458d38b4a7220a7f34a5a3bc4ae7fcec
=== RUN   FuzzRangeproof/cc7849d7ee8ef4943c4e4119e438c633ca7cbc2c
=== RUN   FuzzRangeproof/cc7af0f1532473056e8e47350670f865ea33e26f
=== RUN   FuzzRangeproof/cc96efc8eb209f094148f2c964d63febaab462e0
=== RUN   FuzzRangeproof/ccd2efbdb316f496de75285aa745ed3c7da4c723
=== RUN   FuzzRangeproof/cd7b434425c1c9c9365edf505bb410b6856d9865
=== RUN   FuzzRangeproof/cdb5f216708c268d3e2fa1b5588479d00c6d2435
=== RUN   FuzzRangeproof/ce3b511c51a64682aa391ad722c0cff08037bf14
=== RUN   FuzzRangeproof/cfb4af0fe38b08ff8051f9c2a60d503324ce67d0
=== RUN   FuzzRangeproof/cfe80fa13036bbc51f5de33135825f1d270451bb
=== RUN   FuzzRangeproof/d13c61a35f88e85111d7bad8296222ecd7bac1bf
=== RUN   FuzzRangeproof/d141e238c078dfcdf27fc988dc6d774dd2f64793
=== RUN   FuzzRangeproof/d1accfddda6360ecc9ce569cc56394fb01ad60a4
=== RUN   FuzzRangeproof/d209bde21aefaed4da94fcadfbbb8024e11778ec
=== RUN   FuzzRangeproof/d284fc406846b0e5945c612debf7fd0e6ac8e00f
=== RUN   FuzzRangeproof/d2d1456ae0dda0075f52987466a640fa888d378a
=== RUN   FuzzRangeproof/d30bbd3968fd544fc5e95ed4fd1b22d114e284a7
=== RUN   FuzzRangeproof/d31f555f0c86d0d2550d754de44567c0d59f7665
=== RUN   FuzzRangeproof/d32d7505f55d43584d548c4b5ed4ad7b2b1a9e84
=== RUN   FuzzRangeproof/d37a8914c8091bcca0d5ac6fdddfe502dd1faa65
=== RUN   FuzzRangeproof/d39f88cc33a33385aea775a0c989f24d6879521f
=== RUN   FuzzRangeproof/d3a5e43cb0fe129ea2b7f158fdee8a98945416c5
=== RUN   FuzzRangeproof/d3ff4f6b115fdaba63abd995b53f3000d3c74aee
=== RUN   FuzzRangeproof/d408de489be8e11f1ef6a6c2376f6bcd28cf2608
=== RUN   FuzzRangeproof/d42253cba45df4fed5a7830ca6576c24fb63bbcb
=== RUN   FuzzRangeproof/d478dc59ab5ad4c41124041cfbd360c1ba7dfef6
=== RUN   FuzzRangeproof/d4d012aee22c6725d680f12cfd6863c37aac5917
=== RUN   FuzzRangeproof/d4d29d4dbfbe7139587afee6b8bca8eb127c58c9
=== RUN   FuzzRangeproof/d505042805dafa4e919fa48be3f51497fa1b0461
=== RUN   FuzzRangeproof/d50e1e55115f3684fde04ffbacf0f8b93a4fc46e
=== RUN   FuzzRangeproof/d524619bc497267a1dab9299b4ced021056c040e
=== RUN   FuzzRangeproof/d5846f2d8ce189ab29b6675bbd7a2846533cfcbd
=== RUN   FuzzRangeproof/d5e01ad12b335de48776e2afa7453e2432d716ab
=== RUN   FuzzRangeproof/d60df4754c99184fb9e03c7b6ef6cbc2fa378b11
=== RUN   FuzzRangeproof/d662ce140789291b0220900fefe9c27888fdf172
=== RUN   FuzzRangeproof/d691ad71fd6643dcb62e326055d472b963ed36f4
=== RUN   FuzzRangeproof/d6bbb09ef62e416647c0e2f7e67903aa2f69a4ee
=== RUN   FuzzRangeproof/d6c8c8f75be1b0f59a256c27135bccaf66b4c019
=== RUN   FuzzRangeproof/d6ed4c8d79748fb736312da53d347bdfc7e7ade6
=== RUN   FuzzRangeproof/d7189109374afe880029e174775843c834c77273
=== RUN   FuzzRangeproof/d742f0a3c39e3ccba51402955579baf06117a461
=== RUN   FuzzRangeproof/d7fa15866134ac43c85719cd532042e8eb8e81bb
=== RUN   FuzzRangeproof/d8d6c9edcd6aca891d5dca7f32bd6f8463406462
=== RUN   FuzzRangeproof/d9770da3f7174d0b7ea2584e8555dbedeaa4ace4
=== RUN   FuzzRangeproof/da1be9364300c85832e55254eb1c2e47896b3c47
=== RUN   FuzzRangeproof/da4c684c01c0e85ea9079db6285cfaad91b57a82
=== RUN   FuzzRangeproof/da58f1ee911432b1bee02ebaa04fff5d6ab00b19
=== RUN   FuzzRangeproof/da926bf052f121e7d453b35da0badf10a4ce9617
=== RUN   FuzzRangeproof/db3c2161f2d6e415e1dd30d1ec652a781b7021d8
=== RUN   FuzzRangeproof/db9f5840e560e5166aaa9034fe8b890b2cf50a14
=== RUN   FuzzRangeproof/dc4a367585af14ea75d4b383c627af7129727986
=== RUN   FuzzRangeproof/de315eb5dc553d691a6fbd4ff8b608c9dad184e2
=== RUN   FuzzRangeproof/de768f41bb2c2915fb2f5715b36effcaf19eb3a9
=== RUN   FuzzRangeproof/de8043bba3965e78e744ec0eea4c345de97b76f8
=== RUN   FuzzRangeproof/dee3bdaadeb0c069011126720c3069aa361c8435
=== RUN   FuzzRangeproof/deffae7cc2b197a44195be0240eb25012f5941ee
=== RUN   FuzzRangeproof/df9c9b14a178241a9747ee60104773558204db81
=== RUN   FuzzRangeproof/e00e81733880ab07c2add2da529b0d2286d31dbd
=== RUN   FuzzRangeproof/e06f0332f1e66e4579710c00f7ffbb1e8938eabc
=== RUN   FuzzRangeproof/e173ed889f0ee5a92725c65149a7a537cc682ed2
=== RUN   FuzzRangeproof/e338a3223f830aa7851b2d0c0bec828eadfdaf81
=== RUN   FuzzRangeproof/e3629330013c0cbd40f67b2cf58931db379a0a0f
=== RUN   FuzzRangeproof/e3c8bba58363718863e2f37d6c18647602544bf4
=== RUN   FuzzRangeproof/e3f76d99706928982ef3924852e8eeb04a3b8b0d
=== RUN   FuzzRangeproof/e410ee1a2a0cc5ba3bfaae69a878fca79e54550c
=== RUN   FuzzRangeproof/e42b500d99c9ff456716382d16d6b1351a4de819
=== RUN   FuzzRangeproof/e496cdbed513e5dcbcb697363d9974e551c2abc8
=== RUN   FuzzRangeproof/e4bc7066794e410510bc89f0202eb0cc0f21503e
=== RUN   FuzzRangeproof/e54a464852a1b8adf68316632953a1b590726435
=== RUN   FuzzRangeproof/e5b42fcc11afc127d5e3d7d1448b282b0a22772a
=== RUN   FuzzRangeproof/e634a48786146e7f0a7599d2420dd9f53af4ac1e
=== RUN   FuzzRangeproof/e65739cca12c8ba0f2bbbfc65486c5faa1f3151e
=== RUN   FuzzRangeproof/e7f12a7256071f2466b8d9b59aafd6b417a28af0
=== RUN   FuzzRangeproof/e80e33354a5ba6cbea42baf18fa7d305eea22ee0
=== RUN   FuzzRangeproof/e8141f17ce66b56e6caf8265b4d5ddad694a5776
=== RUN   FuzzRangeproof/e87ce061db116d81f9ace233f919ccefb9e66edc
=== RUN   FuzzRangeproof/e8aa8c7f11fc2ec847289d573131b762e89fc68c
=== RUN   FuzzRangeproof/e91b9b9ab9e46e1a7d2726fa1fcfb0db2790c998
=== RUN   FuzzRangeproof/e984a326cdbea995056061b26aa0343bfd129657
=== RUN   FuzzRangeproof/e997f7edddbccb61b3fe50b97aa730eceb192a75
=== RUN   FuzzRangeproof/ea532df434844b35f78ab818044c7339c7e9a785
=== RUN   FuzzRangeproof/ea6e1773b1aff5dfaf232443a45935396d7f5065
=== RUN   FuzzRangeproof/eb305940924339f30bdf43864d88abd0a79774c4
=== RUN   FuzzRangeproof/ece00e87aaef71789371011114dad73ccb2b526f
=== RUN   FuzzRangeproof/ed338c9364e9d5997e1cb23a0969629b6b0d1dde
=== RUN   FuzzRangeproof/ed5a994b8ddbe68c1b8bffc8f804e1d4cb4f1b74
=== RUN   FuzzRangeproof/ed6fafd811053b138ea51839faa680a6277a6511
=== RUN   FuzzRangeproof/ed8e4e1ca3e620c6f39794ac844207fc587997eb
=== RUN   FuzzRangeproof/ee31d14e1e5472baf18bd43263f31982879d7087
=== RUN   FuzzRangeproof/ee7f53a8e9d15524af25c6b6fe9bfbfcde8108c6
=== RUN   FuzzRangeproof/eea295944711849da1252438f372af5e7d69a06f
=== RUN   FuzzRangeproof/f05083b05f0ab34a1b64529c42b994717d0f67db
=== RUN   FuzzRangeproof/f0a3fc48539965070af8fc8a105b88b25fe9a0ec
=== RUN   FuzzRangeproof/f25a12ae75ef7afc8687981df26ce577e9fbb90a
=== RUN   FuzzRangeproof/f34afa18b283e41c1adc7d635379ff0e7a122432
=== RUN   FuzzRangeproof/f35a75bac0cc0594193388449e5fbbc603ea1b2a
=== RUN   FuzzRangeproof/f379f3dffc94f6e6e15cb6d554b6f9007c7deffe
=== RUN   FuzzRangeproof/f3c90bf423a85b0a5b088579cf92cfb516517aac
=== RUN   FuzzRangeproof/f3d241350456dea1ee15854091a322860289d117
=== RUN   FuzzRangeproof/f3d267ad77346271b97479e629e61794f2db3528
=== RUN   FuzzRangeproof/f41238f6b277df86a82d776fc789fff1469c61fd
=== RUN   FuzzRangeproof/f44067490772feb1fb12285cde5201818b4fb18e
=== RUN   FuzzRangeproof/f4910882139e460af3b27c7795e054d0cce47b54
=== RUN   FuzzRangeproof/f53210c458868f773df9e629c00f1338560c3801
=== RUN   FuzzRangeproof/f5e6612aedd79905841d0400be0861d431866607
=== RUN   FuzzRangeproof/f5eafdbe65f8681ecc240538a9e8a67d9c079f3a
=== RUN   FuzzRangeproof/f5f1b96fd600184e02d3cadb4ce239871f7c7267
=== RUN   FuzzRangeproof/f5f921a4cbb1e8d9a7b14fbaed59fb8d6a5204ce
=== RUN   FuzzRangeproof/f66326400c18742253931dec4b5f792e1241a49c
=== RUN   FuzzRangeproof/f6aa339188cd6fbcdd931461de3386bda358205c
=== RUN   FuzzRangeproof/f7246d6e151d1bb6a048bfd1de52b8af7fa3ac8a
=== RUN   FuzzRangeproof/f7c8ad9e4d1aae2a4bb4004da5b55791bca425bc
=== RUN   FuzzRangeproof/f7fe5e219b215dd86fd1391d776d1c0ff9cf1057
=== RUN   FuzzRangeproof/f9b4f798fb1bb262322dd8753f0a538110a8a643
=== RUN   FuzzRangeproof/fa0cb8bda6e05ac955edaf3573f63ef3576414f0
=== RUN   FuzzRangeproof/fa9124434252d3e8ae54ada0d3ce326265567fc2
=== RUN   FuzzRangeproof/fba33a42e3a49a32d26e7da405f8cfcc0cc2c0ae
=== RUN   FuzzRangeproof/fba44b5abe6bb1e20cae50346f9095546e2baad0
=== RUN   FuzzRangeproof/fcbac5eff718937832f1f06b1ef5cfd8c034363d
=== RUN   FuzzRangeproof/fd7d3073d575c406e79ed0797c997cf37949f5ea
=== RUN   FuzzRangeproof/fda1616e9a61a19210c255c29b96690c15343d0c
=== RUN   FuzzRangeproof/fda8c1258336d6c1d8b1093bd509650d847ae7c8
=== RUN   FuzzRangeproof/fe4add7ecc13fb290309bcaf738da8d61f04ab7c
=== RUN   FuzzRangeproof/fe8616a982f5f9c9bc02a8867347612020280c50
=== RUN   FuzzRangeproof/fec485464571e0f9842c33d7a0aa83e06bad5468
=== RUN   FuzzRangeproof/fedfb8d2382d55f86050852e9242813ee03a284b
=== RUN   FuzzRangeproof/fee56096a24966a7c82e456fdfc165daf5767c6b
=== RUN   FuzzRangeproof/ff4f9bd30f9c3cb832c0693a555e47f8088ac2a8
=== RUN   FuzzRangeproof/ff50ac90dff7294b63880147d529308b4198586e
=== RUN   FuzzRangeproof/ffbc310392d4a9625f11862498c83d49c9a1ff44
=== RUN   FuzzRangeproof/ffc71ba58b7193d7e6f17f1c3904303ec606ed83
--- PASS: FuzzRangeproof (0.43s)
    --- PASS: FuzzRangeproof/0047102bb405a58ce0d1d7e9c354fd1946904908 (0.00s)
    --- PASS: FuzzRangeproof/006d278a318173e1f4a500cd8c993cf14a66f0d0 (0.00s)
    --- PASS: FuzzRangeproof/0393f01a4ccef9b7c9cd0918a5f234b9fb795d72 (0.00s)
    --- PASS: FuzzRangeproof/0405b99fc250e19c9642bab6a466ea06c01aa311 (0.00s)
    --- PASS: FuzzRangeproof/0489367b945d415e7c6d18267452c4a9396836bc (0.00s)
    --- PASS: FuzzRangeproof/0576e9a7b14868ad721efb1e1f6e1b3fa4e5079b (0.00s)
    --- PASS: FuzzRangeproof/063b6715163b289695af9a95334e2eeef2aad459 (0.00s)
    --- PASS: FuzzRangeproof/065cf3ceabe414429b9cbad1d009c92f04802291 (0.00s)
    --- PASS: FuzzRangeproof/0664020f413eb1c0d102b1bd37e383d9094b5abf (0.00s)
    --- PASS: FuzzRangeproof/06985b60cf18a7a078197ce703f41d258a9d9a20 (0.00s)
    --- PASS: FuzzRangeproof/07536c8f94afe1a1434c5e0c8cbf12d1d299040c (0.00s)
    --- PASS: FuzzRangeproof/091385be99b45f459a231582d583ec9f3fa3d194 (0.00s)
    --- PASS: FuzzRangeproof/0b2c3ce9eb064bf7ee5fae0368274868543eb045 (0.00s)
    --- PASS: FuzzRangeproof/0b6b5c8a322bda096898de0faa233482072a9f58 (0.00s)
    --- PASS: FuzzRangeproof/0be4d2e533d19e256baae1eefbb7e1871d4eb7c3 (0.00s)
    --- PASS: FuzzRangeproof/0c00ac4ab9f801e494ce0b0731b3e4d7ccf2416a (0.00s)
    --- PASS: FuzzRangeproof/0c6cc4057a531c35bbecbf6dadf172e3364fd258 (0.00s)
    --- PASS: FuzzRangeproof/0c7ca8b2b5a7fe3e07d7645181fd55be954da014 (0.00s)
    --- PASS: FuzzRangeproof/0c7d27b96b3114cf5f9299322ec2f40de7fb2456 (0.00s)
    --- PASS: FuzzRangeproof/0e8094dc875e69c73b55597701daa68fc1d58993 (0.00s)
    --- PASS: FuzzRangeproof/0f1930052a4728b76f889861f7d6be5321aa0ed2 (0.00s)
    --- PASS: FuzzRangeproof/0f2d9f4292d5c033edd16a2a72493b45888e10d4 (0.00s)
    --- PASS: FuzzRangeproof/0f38b546f2fa508e9a104a401b7ed6ff68849691 (0.00s)
    --- PASS: FuzzRangeproof/0f9e25e55730c26fff9213ac2c7c4a9e3d29dd3a (0.00s)
    --- PASS: FuzzRangeproof/100475035f8cd9b925c3ac4500311a128ee4f765 (0.00s)
    --- PASS: FuzzRangeproof/1241882a02f315d05cb9131fdd07530aecdb2c02 (0.00s)
    --- PASS: FuzzRangeproof/130cca274f95236282b90d6818ba71ffc00f4ea6 (0.00s)
    --- PASS: FuzzRangeproof/1428c3e1400deeeb1259a8c31f2e77afbf35e13c (0.00s)
    --- PASS: FuzzRangeproof/143f7990588cd6fa609b3b9b43d5df1ede341ecd (0.00s)
    --- PASS: FuzzRangeproof/1559743591376b20879733b2372880ba85caeb8d (0.00s)
    --- PASS: FuzzRangeproof/157ec1963587e579b7695e1b4349b3061328a211 (0.00s)
    --- PASS: FuzzRangeproof/1598da970ca7468f27918d44bc861ec29c806a83 (0.00s)
    --- PASS: FuzzRangeproof/159f4f68c82294452d4c49c84c3d2457ae7b4218 (0.00s)
    --- PASS: FuzzRangeproof/1714df6cf247d9ba6f114996bcf5f30612d9ef29 (0.00s)
    --- PASS: FuzzRangeproof/17d1fb8754b828d4fb5ed218522524e89d4c39f9 (0.00s)
    --- PASS: FuzzRangeproof/1857ddb24453fdf0dd846b25d96259e20da13978 (0.00s)
    --- PASS: FuzzRangeproof/1915aff9b327f292f33fd0b81d692497bf6f7fa7 (0.00s)
    --- PASS: FuzzRangeproof/19827654d089c4b5935bb5894042dfdb3cf4a9dc (0.00s)
    --- PASS: FuzzRangeproof/199b95f4f655b13555576cb1339139fba9fcf496 (0.00s)
    --- PASS: FuzzRangeproof/1a1c905495432af4cec9962794976894966fc2d5 (0.00s)
    --- PASS: FuzzRangeproof/1b00517f1dc3184875f7b49e2e07e35bd557989b (0.00s)
    --- PASS: FuzzRangeproof/1b6502412dc5bf6903f620f0af655fe42e11983c (0.00s)
    --- PASS: FuzzRangeproof/1bb31b92f978dc85d95847cb0ed947f0a4144c1e (0.00s)
    --- PASS: FuzzRangeproof/1c739eb20b58ea0bb7d45eea854e6fbafdcd0491 (0.00s)
    --- PASS: FuzzRangeproof/1d5c8aca424e9a7ae5fa2382738632e9bf8fb21d (0.00s)
    --- PASS: FuzzRangeproof/1df1237d33720042173b699dfd3a2922e2b265fd (0.00s)
    --- PASS: FuzzRangeproof/1e028d28058d4614315d61a524de66c18d9ceee8 (0.00s)
    --- PASS: FuzzRangeproof/1f81d4e2eed7bd5218d79ee316591e858a57f3af (0.00s)
    --- PASS: FuzzRangeproof/1fbf405d53ee3b972aaaae1981d68de6d3a877a9 (0.00s)
    --- PASS: FuzzRangeproof/1ff88aefb287a9c39cf1d77e77a02eaff1780f16 (0.00s)
    --- PASS: FuzzRangeproof/200ec4ac4ed83e443d0f2f92021d1d007b3f92ba (0.00s)
    --- PASS: FuzzRangeproof/208ee0c3756bdc7df5acdcea790c048fa9c57fcf (0.00s)
    --- PASS: FuzzRangeproof/21542c2cd2f91e063e4b7de87be8f097b0d573af (0.00s)
    --- PASS: FuzzRangeproof/22d4eeafaf89db86b7af3bfc0ede3c41c62a5e7d (0.00s)
    --- PASS: FuzzRangeproof/235a21339bcc53402be6bc525c0fa9597879a995 (0.00s)
    --- PASS: FuzzRangeproof/23bb2597f20bc043dc8767566d19dac038ee48cf (0.00s)
    --- PASS: FuzzRangeproof/23e11be9f9ee4c5017fb79043db2ae28e24c19e1 (0.00s)
    --- PASS: FuzzRangeproof/240705ceb1b3d7ec24c74d5a5050c8932d0efe5c (0.00s)
    --- PASS: FuzzRangeproof/2429f9b68dd7638d8186e2d2241102468db6c08c (0.00s)
    --- PASS: FuzzRangeproof/24e69c02fa5bd12d629554c4fa43876dc42d2bf0 (0.00s)
    --- PASS: FuzzRangeproof/2529513b578fab308e869309b43c416ded11f188 (0.00s)
    --- PASS: FuzzRangeproof/266df9b833ba9925ed727358a6a1fa3800f6900b (0.00s)
    --- PASS: FuzzRangeproof/2677c2c830da4abd577c7a780be3331bf6c4b2ce (0.00s)
    --- PASS: FuzzRangeproof/27a07d43ff14ab7ae6b69a46b5017723ca89a630 (0.00s)
    --- PASS: FuzzRangeproof/287df40159d84f0be82deee25e2f141f11802ff5 (0.00s)
    --- PASS: FuzzRangeproof/28a58a9a7cd33a65faa08deaf4ac60849befd590 (0.00s)
    --- PASS: FuzzRangeproof/292b5d3093ebf044326484c0c3ee57ebd8a6a3ed (0.00s)
    --- PASS: FuzzRangeproof/297d5d9bf7c0bde7b37f11c7a2d420f943e446e2 (0.00s)
    --- PASS: FuzzRangeproof/29bd0ec8b2abb64c15d6dae7984bacb502302449 (0.00s)
    --- PASS: FuzzRangeproof/29cf823117aa4b3aceeb4738ec026119238de838 (0.00s)
    --- PASS: FuzzRangeproof/2a7a1fc9f06c0dda3f6f8cd4fa57116429897b94 (0.00s)
    --- PASS: FuzzRangeproof/2b02743b50cef28d3d3955fbb47010a02e6f2075 (0.00s)
    --- PASS: FuzzRangeproof/2b3939d33907815d14144c8209736f20aaede4ae (0.00s)
    --- PASS: FuzzRangeproof/2b59004d39711022450d647364d23231aa265ee5 (0.00s)
    --- PASS: FuzzRangeproof/2be0ef7b9378035a14e46a0fa176e346c50a8e29 (0.00s)
    --- PASS: FuzzRangeproof/2bf412fbd8737b40a2ad9cf10fdf19a9e440407b (0.00s)
    --- PASS: FuzzRangeproof/2bf9fdda0dc75215511b6bf2b5c1e5be837f4332 (0.00s)
    --- PASS: FuzzRangeproof/2c6d6a8a80bd0af2f398ed7fdf0476587ea9cae1 (0.00s)
    --- PASS: FuzzRangeproof/2cd13b10dcb67c681e2499edbc009fe672fc96f6 (0.00s)
    --- PASS: FuzzRangeproof/2d48539625f00a7e2a90efd6d03d6ca15902d861 (0.00s)
    --- PASS: FuzzRangeproof/2e3329e032f2628948ad4deb83b2ccf269f9f9b1 (0.00s)
    --- PASS: FuzzRangeproof/2e6f079b708dae583a436c5b2513da4c83a1e42d (0.00s)
    --- PASS: FuzzRangeproof/2ea5e7f51d95ebc60505ea4c599bfc57b93d39f2 (0.00s)
    --- PASS: FuzzRangeproof/2f7653b7e87f0b9071d1d3fdad86eb62aca2f4a8 (0.00s)
    --- PASS: FuzzRangeproof/2ff2c607eed1662d1e01835c420ab055d6595425 (0.00s)
    --- PASS: FuzzRangeproof/30071ca3afd17f33d3c17616b78b5cfa2079fe47 (0.00s)
    --- PASS: FuzzRangeproof/300c0eb0c9591726f95ac9d96572bf6e565e18f5 (0.00s)
    --- PASS: FuzzRangeproof/30307271c629429163d4fc7fdc051b0617ae3c8d (0.00s)
    --- PASS: FuzzRangeproof/30ca88b9c66687d0edec9f8b47e430de531528b5 (0.00s)
    --- PASS: FuzzRangeproof/3173532552077d0d796c3628ac35c76343dc3a04 (0.00s)
    --- PASS: FuzzRangeproof/31b79393bf66b8633bd63249d48dcb4e9cdadb7c (0.00s)
    --- PASS: FuzzRangeproof/323d86e0dd461237620fa1b9edfb39f470f25b65 (0.00s)
    --- PASS: FuzzRangeproof/33416c9ab1c8f1215fdeca9aa9c77aaec7863cff (0.00s)
    --- PASS: FuzzRangeproof/336449ea742cb05c4872026712fb90873eebc58c (0.00s)
    --- PASS: FuzzRangeproof/33d7a3241825a7d333d77e3a4cb5955684089745 (0.00s)
    --- PASS: FuzzRangeproof/344ced7deb9f3d81d78b2d390889963b2faa69f6 (0.00s)
    --- PASS: FuzzRangeproof/34d8c49e3924188599de9c019a6a66170863fd20 (0.00s)
    --- PASS: FuzzRangeproof/356177c92730094229c06a51ab7302708297f025 (0.00s)
    --- PASS: FuzzRangeproof/35880cbca48da7b7299d8a878a1f9b3068a19cac (0.00s)
    --- PASS: FuzzRangeproof/35e756744d0c55b30ccfcf708ae60d9b30f9ba42 (0.00s)
    --- PASS: FuzzRangeproof/37fcccba9236cf72dcfe8720ca44220794a8f041 (0.00s)
    --- PASS: FuzzRangeproof/3801d261e4160508c1d5d6f369e069be3cf02484 (0.00s)
    --- PASS: FuzzRangeproof/39283d40946cfd2d9a19590af1829baa754f3554 (0.00s)
    --- PASS: FuzzRangeproof/39bb16153e49d2bf7962f8a22e0662a682a56c04 (0.00s)
    --- PASS: FuzzRangeproof/3a89896710da580da096aa9d8ce5be3e14c6c9ac (0.00s)
    --- PASS: FuzzRangeproof/3b8609f8ed2a8fe510e8d887fff5870f8a9f481b (0.00s)
    --- PASS: FuzzRangeproof/3c2b8729a74f6b7419c2e2e341cf52b7a7f948ea (0.00s)
    --- PASS: FuzzRangeproof/3de45a6ac4f527006292ca655e1bb0fc249ac507 (0.00s)
    --- PASS: FuzzRangeproof/3e15fae169b8d912285a2dd71598c54c0b22c656 (0.00s)
    --- PASS: FuzzRangeproof/3e348c1e9fdcfd0129d926aef361043602b1eb88 (0.00s)
    --- PASS: FuzzRangeproof/3e665462e081d6d3969aefd82152fdd3edad804c (0.00s)
    --- PASS: FuzzRangeproof/3fa75e08d2f6d5187189fcf3e984bd0affbd1740 (0.00s)
    --- PASS: FuzzRangeproof/40a45b04110b0cafc54ec52f92bf3af47335b745 (0.00s)
    --- PASS: FuzzRangeproof/40bcba5bb2a9787244a6448cae020dfe0736eaff (0.00s)
    --- PASS: FuzzRangeproof/40c503888caf4b4c2c0275d502439bbbf550a45e (0.00s)
    --- PASS: FuzzRangeproof/424448f80f0b1e9c99d19e018c01cbad9c23db41 (0.00s)
    --- PASS: FuzzRangeproof/4334964e6b2f8c277cbf37fb7379f449bcc71e99 (0.00s)
    --- PASS: FuzzRangeproof/433edba76049ab33e221e757e62541b56d32310a (0.00s)
    --- PASS: FuzzRangeproof/435f935b105fde1cc51a060d59c03a428f41bef5 (0.00s)
    --- PASS: FuzzRangeproof/439758a0ab4c9a6829871513c37cb4f9608ea69e (0.00s)
    --- PASS: FuzzRangeproof/447108f976472497fd032201a386d5bead86787a (0.00s)
    --- PASS: FuzzRangeproof/448977404025adddf4082ae74228fda72737b820 (0.00s)
    --- PASS: FuzzRangeproof/448e26c2bbf7bacb43b80bc72fd37b1a233131fb (0.00s)
    --- PASS: FuzzRangeproof/4553b471e4a2f01476cc8e4ff557efe62ecfe4a1 (0.00s)
    --- PASS: FuzzRangeproof/456ea979eed2a89babfac53d79cb5164e925bcc7 (0.00s)
    --- PASS: FuzzRangeproof/46da33cbdb8418443959424ef956eff8ce730e12 (0.00s)
    --- PASS: FuzzRangeproof/46e7c67e181086800f826fd8898c2deb93e27c89 (0.00s)
    --- PASS: FuzzRangeproof/471496cc2a5a80a85060ed89ee59d7de787fd438 (0.00s)
    --- PASS: FuzzRangeproof/47d0f319b248b44bcb37d5338ba5fc3430a5a3a1 (0.00s)
    --- PASS: FuzzRangeproof/47efa5f45f78e49bf295d8accf133d59cf20e964 (0.00s)
    --- PASS: FuzzRangeproof/486882c1724ae4a69b95a1b10cb1d57293cb3af6 (0.00s)
    --- PASS: FuzzRangeproof/48690cb53fc5d373ece2d6f194b628f5e675e5ff (0.00s)
    --- PASS: FuzzRangeproof/4a19f9fa8152ee2f13d1822002e9123042594fc3 (0.00s)
    --- PASS: FuzzRangeproof/4a6e4a6a54f1ed709724a006f9b8fde022843527 (0.00s)
    --- PASS: FuzzRangeproof/4b22921f211f7e10a7183ce30d9875ddb23732c3 (0.00s)
    --- PASS: FuzzRangeproof/4b8f1536333b0675b42879533ebee17281519f06 (0.00s)
    --- PASS: FuzzRangeproof/4b994365883c5e84e8fdbd52450803cb64c29841 (0.00s)
    --- PASS: FuzzRangeproof/4b9d1defc9b73acaf113e281b902312ae7573e02 (0.00s)
    --- PASS: FuzzRangeproof/4c1b615abb52ea06d8edcc604499b6c214053551 (0.00s)
    --- PASS: FuzzRangeproof/4ce00aafe7eba742c85e69e2443d649d1ca267fb (0.00s)
    --- PASS: FuzzRangeproof/4d30d5cf31eda21f11c6ded4f8baca0052d1356b (0.00s)
    --- PASS: FuzzRangeproof/4dad3baa9e23b4f655365a31c93cce83b520fea3 (0.00s)
    --- PASS: FuzzRangeproof/4df0f89903e83ab5bc31359b2f6d1a85288197ef (0.00s)
    --- PASS: FuzzRangeproof/4e7bff4b213bad88a94ddb3a31af7e890e0a6213 (0.00s)
    --- PASS: FuzzRangeproof/4e9596c9f9cf3338f56fc794e672a24a93f43775 (0.00s)
    --- PASS: FuzzRangeproof/4ee46c283e0de9c009dfe9ef0f581fc449b6b912 (0.00s)
    --- PASS: FuzzRangeproof/4f1505516b27cc05de8b3ca218619e565ef99569 (0.00s)
    --- PASS: FuzzRangeproof/4f62fab0b7305919e4048fac702214f56e7e6def (0.00s)
    --- PASS: FuzzRangeproof/5021ba3fc0e8fb0eb5ece8fa11e9d3a550e15e7f (0.00s)
    --- PASS: FuzzRangeproof/507a1ef803fe25d8838adafaf12ee239176ac066 (0.00s)
    --- PASS: FuzzRangeproof/513af9037095ee25314c143124fc8b10fe4943ed (0.00s)
    --- PASS: FuzzRangeproof/52bc6bf938a48f8e5f527c2b9367bbf4dcd8182f (0.00s)
    --- PASS: FuzzRangeproof/52c2ea6d599a7075a32d74bfd7265be4be2d6745 (0.00s)
    --- PASS: FuzzRangeproof/531d70641989bb73ad2bae1ebe0308f83d51b724 (0.00s)
    --- PASS: FuzzRangeproof/532f1791aa2abee616bda1d84a5366378c83556c (0.00s)
    --- PASS: FuzzRangeproof/535fc77ce0192ab6db0018bb22dd3fa13bddd353 (0.00s)
    --- PASS: FuzzRangeproof/549f45f1e65312482b7e4759b37c4fd2929a1efb (0.00s)
    --- PASS: FuzzRangeproof/54a3ed0aa931b8a2c6666be8f3460ce0c9cde050 (0.00s)
    --- PASS: FuzzRangeproof/559980177c054f49f542cd4d8de6bd41d222fec7 (0.00s)
    --- PASS: FuzzRangeproof/55cea7d5944f4316f17fb855ebb83a7811b34104 (0.00s)
    --- PASS: FuzzRangeproof/570e12d7f5132b5f676189f221bee6fb16d9487f (0.00s)
    --- PASS: FuzzRangeproof/574674b3b7d9f0c4af82085f1c07179e6831f3a5 (0.00s)
    --- PASS: FuzzRangeproof/5834c14e21bac7452515a108627ef3abf141b627 (0.00s)
    --- PASS: FuzzRangeproof/58b5ec0750a0b6701ce4fede8d570d43b48beed0 (0.00s)
    --- PASS: FuzzRangeproof/58df8581bb8b0373ef85c19692e857016b3ccf22 (0.00s)
    --- PASS: FuzzRangeproof/5990a887874f5bb5b80e3be22f7e05d6d3b8cc4d (0.00s)
    --- PASS: FuzzRangeproof/59c780e8fde6ca858bee16a0b927d2dd1803a7d5 (0.00s)
    --- PASS: FuzzRangeproof/59f1f2aee047eff33492aa00e756ef8988004430 (0.00s)
    --- PASS: FuzzRangeproof/5a1ad85b906deaaefd778245b4e2a9980dba501b (0.00s)
    --- PASS: FuzzRangeproof/5a4f1c42c56da9a6b1ed12e9d98d1c460f63f55e (0.00s)
    --- PASS: FuzzRangeproof/5a5a732afc57b6e656fd2fbce2e2b5088586e242 (0.00s)
    --- PASS: FuzzRangeproof/5aa6de3efe1954f768366baf12792962369f79c1 (0.00s)
    --- PASS: FuzzRangeproof/5ac5348838c4588df70d06328958cd71ccc76338 (0.00s)
    --- PASS: FuzzRangeproof/5ae9a35b8e8a098c69be1b951c4292d69b455af7 (0.00s)
    --- PASS: FuzzRangeproof/5b8cc3899554491a16e7a8af91898e2ec867025d (0.00s)
    --- PASS: FuzzRangeproof/5c0b0ec000d51843ca99ce4c09183b49c1594487 (0.00s)
    --- PASS: FuzzRangeproof/5c3e1cb586dc470fd4b16c80e6486ab87178f694 (0.00s)
    --- PASS: FuzzRangeproof/5c518afe1b9fca579e0bbd19b25ab903608b5dae (0.00s)
    --- PASS: FuzzRangeproof/5c7dd9736ef53bf509e7e6d83283a16be8ca639d (0.00s)
    --- PASS: FuzzRangeproof/5d786287c8ffeb3adfcbea9afd166d0bf1702b05 (0.00s)
    --- PASS: FuzzRangeproof/5f5bbafcc16b132d0e44b82c9485396ee6bc5bbe (0.00s)
    --- PASS: FuzzRangeproof/6067315da5aeb74294ee5ea2cbea010126e99ce7 (0.00s)
    --- PASS: FuzzRangeproof/60988a41c4f10f4f822576fc07e8125712fd741e (0.00s)
    --- PASS: FuzzRangeproof/60c7e98448e3943cc5a22a3a67b0dd770a67fc72 (0.00s)
    --- PASS: FuzzRangeproof/60f6f6490e06d1df49fa6f1b31115c009ed6b726 (0.00s)
    --- PASS: FuzzRangeproof/612154dd64ae5e36be136c71f7658e2d406fc3b1 (0.00s)
    --- PASS: FuzzRangeproof/612abf4c15087ee7873760eb5f62fb6e98d654ad (0.00s)
    --- PASS: FuzzRangeproof/6178878dad59788ff509a13f8b79657304d989f9 (0.00s)
    --- PASS: FuzzRangeproof/61840bdb03dd236b21da43dbef1aeeb2460663a2 (0.00s)
    --- PASS: FuzzRangeproof/619ab042246f6288425c451c42cdb3674edaced1 (0.00s)
    --- PASS: FuzzRangeproof/636211341eb1223e3f7efe219f1654e8b05181da (0.00s)
    --- PASS: FuzzRangeproof/63d415ed2df728d6b30512b8de78c4b58d7d1ba5 (0.00s)
    --- PASS: FuzzRangeproof/64ff142d8a0150640c8763d073cb99cbd483cf9b (0.00s)
    --- PASS: FuzzRangeproof/6503d119c7871453b4b239cd820e2121577ae895 (0.00s)
    --- PASS: FuzzRangeproof/65b19913c8aa12a6cee2272e54a64a690541ba90 (0.00s)
    --- PASS: FuzzRangeproof/6656117890080112debfd1f9dd5b1ce84d63e32e (0.00s)
    --- PASS: FuzzRangeproof/66ba21a8a1e23bbfa9bd8cb2984a073c64decb56 (0.00s)
    --- PASS: FuzzRangeproof/66ef3ee47894909b6ccae735a0c5eb3caa23cd69 (0.00s)
    --- PASS: FuzzRangeproof/6868424e87c8e5938c314f68415dc0343f3951f7 (0.00s)
    --- PASS: FuzzRangeproof/68d0141d427dd1a91158d72d2502a0a9e20fd99f (0.00s)
    --- PASS: FuzzRangeproof/690d8dfe6880a50d28a210187547d0ac1ddb37da (0.00s)
    --- PASS: FuzzRangeproof/69454a957fbc9357c5142836ee956bfb9ff76ab5 (0.00s)
    --- PASS: FuzzRangeproof/6990ba87d3b6499c00929f390fa8e25a624fa49d (0.00s)
    --- PASS: FuzzRangeproof/6bcacdd549499d92fc9d79462967cedda8a9bfed (0.00s)
    --- PASS: FuzzRangeproof/6bdfba46b13cc06e9e163332adf541314d790c6d (0.00s)
    --- PASS: FuzzRangeproof/6c01e288a5030bb7a3ecd07ead49f5565089f056 (0.00s)
    --- PASS: FuzzRangeproof/6c18a2f157fea176754b527799e7cf0163b850ab (0.00s)
    --- PASS: FuzzRangeproof/6d5aa7c7c789484701720832e6d7741fd732a63f (0.00s)
    --- PASS: FuzzRangeproof/6d6c64eee0376055cef57803ab1ca9ebced8fea3 (0.00s)
    --- PASS: FuzzRangeproof/6d8c6343ebfea46a3461df158760f06110af435a (0.00s)
    --- PASS: FuzzRangeproof/6dfc39681e70823f7541e3e3868bc997d2438c49 (0.01s)
    --- PASS: FuzzRangeproof/6e13ea011304192fcce3254a93067fc9e830ecf9 (0.00s)
    --- PASS: FuzzRangeproof/6e53900bcabe5e1e4673de5f4636ba2ce7896ff7 (0.00s)
    --- PASS: FuzzRangeproof/6fc8484212e1106fb27fb16845c8a0d8844098f2 (0.00s)
    --- PASS: FuzzRangeproof/70e6e4540975750efc26883db120bc5d7905b8e5 (0.00s)
    --- PASS: FuzzRangeproof/710b251663ceab4fbdacc26a08c210f26f50ab68 (0.00s)
    --- PASS: FuzzRangeproof/71788b9e8ee361f73262e3b3400b8da478d43ace (0.00s)
    --- PASS: FuzzRangeproof/71d05580e33a2e72ae77aa5d8b13f27e1237d617 (0.00s)
    --- PASS: FuzzRangeproof/71f537da8241927b42efa8bd7a5d65dc454f8e88 (0.00s)
    --- PASS: FuzzRangeproof/7281d9f1f8b5d0b738038f58c8518c039e4e0469 (0.00s)
    --- PASS: FuzzRangeproof/73011659e6b8d786ccc468deb7f1748d02bfa6d8 (0.00s)
    --- PASS: FuzzRangeproof/738b83e65ea6b0e937ea4b43e02af88551e48027 (0.00s)
    --- PASS: FuzzRangeproof/7425d9cc61b24d38ce14dafdc91b3ee65ff1153c (0.00s)
    --- PASS: FuzzRangeproof/74562623d15859b6a47065e0f98ce1202fb56506 (0.00s)
    --- PASS: FuzzRangeproof/74d5360d48802e4ef24ed5d48ef00e99850013f3 (0.00s)
    --- PASS: FuzzRangeproof/74f5320c112130d299e3a00b1de48ac1de4ed07c (0.00s)
    --- PASS: FuzzRangeproof/757f625bf2aa08c9e35cb6d5f95fb5dda33c6ff0 (0.00s)
    --- PASS: FuzzRangeproof/7596c9d2c73acec6a3c6c25cf78af70e8048d504 (0.00s)
    --- PASS: FuzzRangeproof/75e2b691f8053fe40434e3c3ae3c93d706f887aa (0.00s)
    --- PASS: FuzzRangeproof/760fa7f1bc1524c55a34af65ef4c4c59940b216e (0.00s)
    --- PASS: FuzzRangeproof/7621d99c477a30566502e581ccba253a5b55dac7 (0.00s)
    --- PASS: FuzzRangeproof/77220fe9c7d6f3496aaea7527e3ae81eff8d026a (0.00s)
    --- PASS: FuzzRangeproof/77a9839f24b5495654b2336e6140239615d5ad12 (0.00s)
    --- PASS: FuzzRangeproof/77f829eb4f32e1f366ac1d4407ce70f69d2dba3c (0.00s)
    --- PASS: FuzzRangeproof/788f72dd1fc827bbbf43385aa74508f2fc4984df (0.00s)
    --- PASS: FuzzRangeproof/79067782d0f1dc8e9a0e964e5e98146aa6d36fb5 (0.00s)
    --- PASS: FuzzRangeproof/792cefc8a1b5025e69dcabdc91daf7eaad6b8f80 (0.00s)
    --- PASS: FuzzRangeproof/797a3932c6ff81e3f6e6bc516fa5c5d92f64d7e8 (0.00s)
    --- PASS: FuzzRangeproof/7ad473e465877432717bef8f276984bec4f5fab1 (0.00s)
    --- PASS: FuzzRangeproof/7b0dc77667c6019af2321ad569cb72e0a77e5e9f (0.00s)
    --- PASS: FuzzRangeproof/7b364c4989f0c4f6237532f80c9500df793dbbd1 (0.00s)
    --- PASS: FuzzRangeproof/7b6bbbdf00cef864e0c549d3e5c18517c9c2570a (0.00s)
    --- PASS: FuzzRangeproof/7bb1863bebf3e36acedde0cd21d0250e6a72caef (0.00s)
    --- PASS: FuzzRangeproof/7bcc6a8c34d37898084b6600837fd111a882a9f5 (0.00s)
    --- PASS: FuzzRangeproof/7c6e80632450ab3bd5a2ff2996d0b80bad26ba7c (0.00s)
    --- PASS: FuzzRangeproof/7ccc8f5766af0ce4754fc5feeda7364ad2899a43 (0.00s)
    --- PASS: FuzzRangeproof/7d5b02f221f54ceccc1960af81d72a6ac0c61e02 (0.00s)
    --- PASS: FuzzRangeproof/7d820a83dbd6f6359be86ca6a380bbe1bd447407 (0.00s)
    --- PASS: FuzzRangeproof/7e23618ac9af7f088fb7d87135cfbf63f68831e9 (0.00s)
    --- PASS: FuzzRangeproof/7e53ef1f9e205ab23381a13147cca4293ebde1bf (0.00s)
    --- PASS: FuzzRangeproof/7e62d3d5dc899863af8803239ab4c3c3dcf7dd72 (0.00s)
    --- PASS: FuzzRangeproof/7f1d6a3213f7931c15f7aa9ebb5bed8642781dd0 (0.00s)
    --- PASS: FuzzRangeproof/804213f2ffc55517bc8eaca63a852d5e0b1be346 (0.00s)
    --- PASS: FuzzRangeproof/80af3009210981eea0f897bb1d0e5ab734d4cd18 (0.00s)
    --- PASS: FuzzRangeproof/8114d3e42a42e110d8334148ccb1a0f9d78829d1 (0.00s)
    --- PASS: FuzzRangeproof/81f9cd6b41d34aad22b8bd79ea24f9eafc1d0a92 (0.00s)
    --- PASS: FuzzRangeproof/82e94e18fda45d60fdc9852ea2378061a57818fb (0.00s)
    --- PASS: FuzzRangeproof/832198a09a3bf9a8936cb82ef766ed8768143068 (0.00s)
    --- PASS: FuzzRangeproof/8371bef5c6d1d587b0aa3e28df8f7536da831b22 (0.00s)
    --- PASS: FuzzRangeproof/8383ac650cb3af5a51c6724f28e4769a8de1791d (0.00s)
    --- PASS: FuzzRangeproof/843e5cbce34c5f9ae2c10c933b79f349220d87a0 (0.00s)
    --- PASS: FuzzRangeproof/846b6f367ae7e677b75f3f16abb339e5f02d9cdc (0.00s)
    --- PASS: FuzzRangeproof/8511fdd858f5af152fb9bb50a21c72402c5c1d46 (0.00s)
    --- PASS: FuzzRangeproof/85326cad59977aed254deec7100c02f98b8d4b5f (0.00s)
    --- PASS: FuzzRangeproof/8621035a780906d8ca387a21293659b9682dde91 (0.00s)
    --- PASS: FuzzRangeproof/869da055c9d559e91b32f7b901580badb01a328f (0.00s)
    --- PASS: FuzzRangeproof/86a216d080b3bcba31badb3bef6dc8206a658d18 (0.00s)
    --- PASS: FuzzRangeproof/876d1cf75ad29ce4ccbab832a84cf592c3c5b7f7 (0.00s)
    --- PASS: FuzzRangeproof/87dfb11ed4189acbebdd78228a0dab4b5fa6eb15 (0.00s)
    --- PASS: FuzzRangeproof/8853a2876f1ab8914de689f0715d57c53d4df1b7 (0.00s)
    --- PASS: FuzzRangeproof/890be2f8b24232676e64e1ae4a2be42316a73aa2 (0.00s)
    --- PASS: FuzzRangeproof/8b1664f8b2dbbac02fda8b93f367f069a62f44f0 (0.00s)
    --- PASS: FuzzRangeproof/8badf83f1a6b0524c2caa64cc02848eefe95d365 (0.00s)
    --- PASS: FuzzRangeproof/8bebc849f08b65ca23128c313f418bf049941b92 (0.00s)
    --- PASS: FuzzRangeproof/8ca3afb18937936dc0fc5b14f11d3672e234ccaf (0.00s)
    --- PASS: FuzzRangeproof/8cde08ef0e2fa469cef5a53bc70a6dd2bab0326e (0.00s)
    --- PASS: FuzzRangeproof/8d0a60f149981a263c0a097032307ddab2542293 (0.00s)
    --- PASS: FuzzRangeproof/8d47039fca90711b937fcd5ca0d61a1331db77ea (0.00s)
    --- PASS: FuzzRangeproof/8d4c775dd45395acbe7c71d08c975a18f871a5d2 (0.00s)
    --- PASS: FuzzRangeproof/8ea6988871e725a5b0e491467e9b77e826552dcd (0.00s)
    --- PASS: FuzzRangeproof/8eb2e4161c0782713019b0cb0c5194a79d6f5a18 (0.00s)
    --- PASS: FuzzRangeproof/8ecb27c94013dab8de157e1796ac2b87f07128cd (0.00s)
    --- PASS: FuzzRangeproof/8fda8e5130d690769cc73155167cc4cdf41c1e58 (0.00s)
    --- PASS: FuzzRangeproof/90cefd3220ce70f7a67fe85a00c6c4c732ad4cb5 (0.00s)
    --- PASS: FuzzRangeproof/90ef66dd20831afafdefda43ce8cf75eba7b1858 (0.00s)
    --- PASS: FuzzRangeproof/92c27aea22a262c730cf07436d7f0142b5bb5ad3 (0.00s)
    --- PASS: FuzzRangeproof/92ce4657f157bc164b80e47905367d72a46eeed8 (0.00s)
    --- PASS: FuzzRangeproof/937cc223b61c28a19cac2819ae81c15248aa8f9f (0.00s)
    --- PASS: FuzzRangeproof/93bcb3ff7e96cc11f7f605e78acae0944e4f060a (0.00s)
    --- PASS: FuzzRangeproof/942cd4942ba362010c221621e4fa22c5ebe4312b (0.00s)
    --- PASS: FuzzRangeproof/94817818d94f8588167060561968640f83dc697d (0.00s)
    --- PASS: FuzzRangeproof/94bf722cb9b861866020ee41a69e207c1b3beed2 (0.00s)
    --- PASS: FuzzRangeproof/94fd4a9d63e45a4ef9f4c2e01b28ea6a757cf53b (0.00s)
    --- PASS: FuzzRangeproof/9513e71e7b0cf177b3edadba19c16ad51fb39e35 (0.00s)
    --- PASS: FuzzRangeproof/9535b40e46d8903c838ea361964fa7e8971f9b5e (0.00s)
    --- PASS: FuzzRangeproof/96010cc3bfa22f278754634901497dd138417716 (0.00s)
    --- PASS: FuzzRangeproof/96086a68c239ba8da2862771689653c22865ce9b (0.00s)
    --- PASS: FuzzRangeproof/96b08f7c5822bed7a91d1f32397bddbc2e107c18 (0.00s)
    --- PASS: FuzzRangeproof/9731752e4efc05008c1dada22c6b8390a5e27ab5 (0.00s)
    --- PASS: FuzzRangeproof/97661e82272a73da51018afddc71e8bfab935d2b (0.00s)
    --- PASS: FuzzRangeproof/977dff979b170fbd93873d68605bd61333b10ee7 (0.00s)
    --- PASS: FuzzRangeproof/9806c5f93e1f64c3a761202c5ad9984bcfd6b0df (0.00s)
    --- PASS: FuzzRangeproof/987ddbbcc50606c98380044eb84523385a5eb863 (0.00s)
    --- PASS: FuzzRangeproof/989db591c29b04fee00a69f63e300d06558055e0 (0.00s)
    --- PASS: FuzzRangeproof/998fdd0b80d658f21b07cd9a40b22d6edd9f7e1f (0.00s)
    --- PASS: FuzzRangeproof/99a2a333da3b08c1fcbb7f3f39194366b7f3e3aa (0.00s)
    --- PASS: FuzzRangeproof/9a74f06459408cb4caed029920b4025e80cc721f (0.00s)
    --- PASS: FuzzRangeproof/9ae0bdb17f2e6f326cfcb1cb37b3cbc434d6c62e (0.00s)
    --- PASS: FuzzRangeproof/9af4d2a6fa5bf2fc35fb88478dd3a827d38a107e (0.00s)
    --- PASS: FuzzRangeproof/9b0770386d9fda3935c8b3b4523169ca4c99fa78 (0.00s)
    --- PASS: FuzzRangeproof/9b135e479c31151695b5dc3b4658260665c7f233 (0.00s)
    --- PASS: FuzzRangeproof/9b611c3d6ae468612d2e526118f43025f854c1b2 (0.00s)
    --- PASS: FuzzRangeproof/9ba06070a33c37aea967c4a133aa168c786edd33 (0.00s)
    --- PASS: FuzzRangeproof/9c47c1df38cbfd243e091da8e361b4e0cbd53035 (0.00s)
    --- PASS: FuzzRangeproof/9c6b3813b9c5aca0d462720887e116346cc6cd77 (0.00s)
    --- PASS: FuzzRangeproof/9d0f7eb90355c4030b63deb8e86f01f30baa2f7e (0.00s)
    --- PASS: FuzzRangeproof/9d742d3d42c33aef8e5695e3b33a6e8ed01c9871 (0.00s)
    --- PASS: FuzzRangeproof/9d9c42089efb3f876e0e6758eddd6ed6f1a99f50 (0.00s)
    --- PASS: FuzzRangeproof/9df3f340b44e368c5d9abaf83b2afab709bbb9dc (0.00s)
    --- PASS: FuzzRangeproof/9e542d4f6c8e9e4ae4dd0c9724a01c7710fa6e82 (0.00s)
    --- PASS: FuzzRangeproof/9e8cbafa20d5597580869a99f05e79f6d57f57cb (0.00s)
    --- PASS: FuzzRangeproof/9f9dd37742748834f91bad933240f7c1b163e108 (0.00s)
    --- PASS: FuzzRangeproof/9fd64b085a1e23ed69a02e23f092bafb50aaba1f (0.00s)
    --- PASS: FuzzRangeproof/a06ee9ef56953fdc247afe05cc54d6fd5418e25d (0.00s)
    --- PASS: FuzzRangeproof/a0e9bb52a135457af49dde324d46f54e274e04a7 (0.00s)
    --- PASS: FuzzRangeproof/a10909c2cdcaf5adb7e6b092a4faba558b62bd96 (0.00s)
    --- PASS: FuzzRangeproof/a1dfeffcb7382ad0257abfdab05c3b7be0422ccf (0.00s)
    --- PASS: FuzzRangeproof/a29b3333cdcf0defce19c7502840b51df33f540e (0.00s)
    --- PASS: FuzzRangeproof/a41e029fea88203fc0700b6af274e1dbc04bc070 (0.00s)
    --- PASS: FuzzRangeproof/a51587631b947106b3882c1385c2a26ff694a615 (0.00s)
    --- PASS: FuzzRangeproof/a516eb7a039c0c5e94deb357310a950fd35776f6 (0.00s)
    --- PASS: FuzzRangeproof/a56e0efcb911786680ac069bb6600bd1eca85cdb (0.00s)
    --- PASS: FuzzRangeproof/a5a9872f0ab4004bca785e01abe6eefcb1a2b793 (0.00s)
    --- PASS: FuzzRangeproof/a82c63d10d472789ae13abee20bfc0854a0296e5 (0.00s)
    --- PASS: FuzzRangeproof/a82dd5bdb24e763050d3db68f96feae8d6320b88 (0.00s)
    --- PASS: FuzzRangeproof/a834ee46e0c54d3d330a308d1527f4c2f0ed676b (0.00s)
    --- PASS: FuzzRangeproof/a921348638ec718c48a045313fffdcd54ce1ea28 (0.00s)
    --- PASS: FuzzRangeproof/a98dbd7e41e1de5d86ab901b640fe824a595c9f0 (0.00s)
    --- PASS: FuzzRangeproof/a9904cfabbb767dce968337309d730bbb983c6d3 (0.00s)
    --- PASS: FuzzRangeproof/aa430206f5cb4ac2c245b1238d8a70432d8b1076 (0.00s)
    --- PASS: FuzzRangeproof/aa4c3a803474d33f8c8ab176d96713bad294cdd2 (0.00s)
    --- PASS: FuzzRangeproof/aa697fa39b85da93fc00543630275826de4fa08d (0.00s)
    --- PASS: FuzzRangeproof/ab2c807812bb435894937f159714e5d258d694b6 (0.00s)
    --- PASS: FuzzRangeproof/adc197110ae02e4763a02647a91d694741afc162 (0.00s)
    --- PASS: FuzzRangeproof/adea798ef77c1dfeddbd710476b096080e14ef78 (0.00s)
    --- PASS: FuzzRangeproof/ae6115e4c34fcd7bdc00096c6247cf51d9285b0c (0.00s)
    --- PASS: FuzzRangeproof/ae6278ca6d144d7fa94e499aa405dd870a8dea20 (0.00s)
    --- PASS: FuzzRangeproof/aee6594b7fe441fa3d4ade476d5afbc98659a5e3 (0.00s)
    --- PASS: FuzzRangeproof/af121c301f57a3771e8bf9358317f2d5f3655a85 (0.00s)
    --- PASS: FuzzRangeproof/af2809d103ebc49bf1b653784e98f345eb5846a3 (0.00s)
    --- PASS: FuzzRangeproof/af7879c19980b61b5712ea5872c1e122ead21724 (0.00s)
    --- PASS: FuzzRangeproof/af9474e900c79c16ed46394c6cd58a38e5b2525f (0.00s)
    --- PASS: FuzzRangeproof/afa48f6ed09bf15435d7b6f1c40aaf814cccd6f4 (0.00s)
    --- PASS: FuzzRangeproof/b0bc7488aa2c2faa5a20de976aca84c2de4d5d2f (0.00s)
    --- PASS: FuzzRangeproof/b0dbff2cedfb3cc4f011314e59c9c4e2224fe732 (0.00s)
    --- PASS: FuzzRangeproof/b2158693361825278fb1a5f9495cbd6136974b6a (0.00s)
    --- PASS: FuzzRangeproof/b3a2a6637b9ca25796ab43cdaa3516fc7a760df4 (0.00s)
    --- PASS: FuzzRangeproof/b402b4de89a05c312e67e98a555cd923ee7f9970 (0.00s)
    --- PASS: FuzzRangeproof/b40b5716ae9d1fb6b7ad53fc8dd2abcfb114406f (0.00s)
    --- PASS: FuzzRangeproof/b43db3eb23e4488155aa21fbedf5402192be837d (0.00s)
    --- PASS: FuzzRangeproof/b489ce57bde53993c3fd1d5dac158cd6e9b56129 (0.00s)
    --- PASS: FuzzRangeproof/b52338e9a4c842c1872e3f3801dee637190bf448 (0.00s)
    --- PASS: FuzzRangeproof/b5678886d024d6f5089695b405b19eb239d56575 (0.00s)
    --- PASS: FuzzRangeproof/b639eb53ec82f8bb395d80065539f03221f658d5 (0.00s)
    --- PASS: FuzzRangeproof/b7d2e8a0b2fe099a04de3e821aed9034ed14c288 (0.00s)
    --- PASS: FuzzRangeproof/b875e8725850c811651c52c5ddde83449bb1709a (0.00s)
    --- PASS: FuzzRangeproof/b88ae529157f7ec597c583f1e9f903dcf321c473 (0.00s)
    --- PASS: FuzzRangeproof/b88d117e78fa52b935420ed8101b32e048900839 (0.00s)
    --- PASS: FuzzRangeproof/b8c52d60ad75df3f2df5f453f10d3f1f7d2eb68b (0.00s)
    --- PASS: FuzzRangeproof/ba33bbe3939ace6ad3764ffc070f8846a1c34163 (0.00s)
    --- PASS: FuzzRangeproof/bb20681a9edea93925b0b2f0bc75abbd7d107325 (0.00s)
    --- PASS: FuzzRangeproof/bbbc05732becd2efdd2f3b935eccc5029fdac65c (0.00s)
    --- PASS: FuzzRangeproof/bc341a7e16eaa75852a3488244e8e3f2bb1bdca5 (0.00s)
    --- PASS: FuzzRangeproof/be5981f62369e0832185ea9737c56c8159d55aea (0.00s)
    --- PASS: FuzzRangeproof/be94c33726a0e8a9e1a29a5d605ba23d8d260a41 (0.00s)
    --- PASS: FuzzRangeproof/bfd8f10a56069581bb7d6ea198d8de98d0d27c74 (0.00s)
    --- PASS: FuzzRangeproof/c35ace1d74c73b9945142eda4a6690728bc4038f (0.00s)
    --- PASS: FuzzRangeproof/c36652c12808d113769cc16d47dcd9fcd9af6f22 (0.00s)
    --- PASS: FuzzRangeproof/c4a0c63e37f5ba26430c4e7fa5ba38023544160e (0.00s)
    --- PASS: FuzzRangeproof/c5c1f5efb5e16db986988dffff78c3d4f2cc7bc0 (0.00s)
    --- PASS: FuzzRangeproof/c5fe170971f0500c8af3b48e4b236a0385a1397b (0.00s)
    --- PASS: FuzzRangeproof/c694fca015a657b6abd851401331e2be8fb746fb (0.00s)
    --- PASS: FuzzRangeproof/c6e2dc9ccc763121877a7c58107915136e7a5e42 (0.00s)
    --- PASS: FuzzRangeproof/c808b7a3744cab8d5650d2f6657efc0b864441ac (0.00s)
    --- PASS: FuzzRangeproof/c83730b769827ef03bb900c8f2eb15f0f451339f (0.00s)
    --- PASS: FuzzRangeproof/c9521c532893a4e7e4ba2f74c405d888cd903086 (0.00s)
    --- PASS: FuzzRangeproof/c9c4cd6893bcfa42f6bc578bc7849926bd4fdceb (0.00s)
    --- PASS: FuzzRangeproof/ca0e099156aafe0b555715b47e36d2c636e1c475 (0.00s)
    --- PASS: FuzzRangeproof/ca8cffaf31b1379499e26bbf6f76e35211beeb88 (0.00s)
    --- PASS: FuzzRangeproof/caf4c91b4463445e68c4c9e811c7b6f8e5e50be9 (0.00s)
    --- PASS: FuzzRangeproof/cb4e33f359e1b4d0bbf3ce2ca706fd95586a3e18 (0.00s)
    --- PASS: FuzzRangeproof/cb8d7f2735a1aa568de357394ac6f7140d289c00 (0.00s)
    --- PASS: FuzzRangeproof/cc098dd4458d38b4a7220a7f34a5a3bc4ae7fcec (0.00s)
    --- PASS: FuzzRangeproof/cc7849d7ee8ef4943c4e4119e438c633ca7cbc2c (0.00s)
    --- PASS: FuzzRangeproof/cc7af0f1532473056e8e47350670f865ea33e26f (0.00s)
    --- PASS: FuzzRangeproof/cc96efc8eb209f094148f2c964d63febaab462e0 (0.00s)
    --- PASS: FuzzRangeproof/ccd2efbdb316f496de75285aa745ed3c7da4c723 (0.00s)
    --- PASS: FuzzRangeproof/cd7b434425c1c9c9365edf505bb410b6856d9865 (0.00s)
    --- PASS: FuzzRangeproof/cdb5f216708c268d3e2fa1b5588479d00c6d2435 (0.00s)
    --- PASS: FuzzRangeproof/ce3b511c51a64682aa391ad722c0cff08037bf14 (0.00s)
    --- PASS: FuzzRangeproof/cfb4af0fe38b08ff8051f9c2a60d503324ce67d0 (0.00s)
    --- PASS: FuzzRangeproof/cfe80fa13036bbc51f5de33135825f1d270451bb (0.00s)
    --- PASS: FuzzRangeproof/d13c61a35f88e85111d7bad8296222ecd7bac1bf (0.00s)
    --- PASS: FuzzRangeproof/d141e238c078dfcdf27fc988dc6d774dd2f64793 (0.00s)
    --- PASS: FuzzRangeproof/d1accfddda6360ecc9ce569cc56394fb01ad60a4 (0.00s)
    --- PASS: FuzzRangeproof/d209bde21aefaed4da94fcadfbbb8024e11778ec (0.00s)
    --- PASS: FuzzRangeproof/d284fc406846b0e5945c612debf7fd0e6ac8e00f (0.00s)
    --- PASS: FuzzRangeproof/d2d1456ae0dda0075f52987466a640fa888d378a (0.00s)
    --- PASS: FuzzRangeproof/d30bbd3968fd544fc5e95ed4fd1b22d114e284a7 (0.00s)
    --- PASS: FuzzRangeproof/d31f555f0c86d0d2550d754de44567c0d59f7665 (0.00s)
    --- PASS: FuzzRangeproof/d32d7505f55d43584d548c4b5ed4ad7b2b1a9e84 (0.00s)
    --- PASS: FuzzRangeproof/d37a8914c8091bcca0d5ac6fdddfe502dd1faa65 (0.00s)
    --- PASS: FuzzRangeproof/d39f88cc33a33385aea775a0c989f24d6879521f (0.00s)
    --- PASS: FuzzRangeproof/d3a5e43cb0fe129ea2b7f158fdee8a98945416c5 (0.00s)
    --- PASS: FuzzRangeproof/d3ff4f6b115fdaba63abd995b53f3000d3c74aee (0.00s)
    --- PASS: FuzzRangeproof/d408de489be8e11f1ef6a6c2376f6bcd28cf2608 (0.00s)
    --- PASS: FuzzRangeproof/d42253cba45df4fed5a7830ca6576c24fb63bbcb (0.00s)
    --- PASS: FuzzRangeproof/d478dc59ab5ad4c41124041cfbd360c1ba7dfef6 (0.00s)
    --- PASS: FuzzRangeproof/d4d012aee22c6725d680f12cfd6863c37aac5917 (0.00s)
    --- PASS: FuzzRangeproof/d4d29d4dbfbe7139587afee6b8bca8eb127c58c9 (0.00s)
    --- PASS: FuzzRangeproof/d505042805dafa4e919fa48be3f51497fa1b0461 (0.01s)
    --- PASS: FuzzRangeproof/d50e1e55115f3684fde04ffbacf0f8b93a4fc46e (0.00s)
    --- PASS: FuzzRangeproof/d524619bc497267a1dab9299b4ced021056c040e (0.00s)
    --- PASS: FuzzRangeproof/d5846f2d8ce189ab29b6675bbd7a2846533cfcbd (0.00s)
    --- PASS: FuzzRangeproof/d5e01ad12b335de48776e2afa7453e2432d716ab (0.00s)
    --- PASS: FuzzRangeproof/d60df4754c99184fb9e03c7b6ef6cbc2fa378b11 (0.00s)
    --- PASS: FuzzRangeproof/d662ce140789291b0220900fefe9c27888fdf172 (0.00s)
    --- PASS: FuzzRangeproof/d691ad71fd6643dcb62e326055d472b963ed36f4 (0.00s)
    --- PASS: FuzzRangeproof/d6bbb09ef62e416647c0e2f7e67903aa2f69a4ee (0.00s)
    --- PASS: FuzzRangeproof/d6c8c8f75be1b0f59a256c27135bccaf66b4c019 (0.00s)
    --- PASS: FuzzRangeproof/d6ed4c8d79748fb736312da53d347bdfc7e7ade6 (0.00s)
    --- PASS: FuzzRangeproof/d7189109374afe880029e174775843c834c77273 (0.00s)
    --- PASS: FuzzRangeproof/d742f0a3c39e3ccba51402955579baf06117a461 (0.00s)
    --- PASS: FuzzRangeproof/d7fa15866134ac43c85719cd532042e8eb8e81bb (0.00s)
    --- PASS: FuzzRangeproof/d8d6c9edcd6aca891d5dca7f32bd6f8463406462 (0.00s)
    --- PASS: FuzzRangeproof/d9770da3f7174d0b7ea2584e8555dbedeaa4ace4 (0.00s)
    --- PASS: FuzzRangeproof/da1be9364300c85832e55254eb1c2e47896b3c47 (0.00s)
    --- PASS: FuzzRangeproof/da4c684c01c0e85ea9079db6285cfaad91b57a82 (0.00s)
    --- PASS: FuzzRangeproof/da58f1ee911432b1bee02ebaa04fff5d6ab00b19 (0.00s)
    --- PASS: FuzzRangeproof/da926bf052f121e7d453b35da0badf10a4ce9617 (0.00s)
    --- PASS: FuzzRangeproof/db3c2161f2d6e415e1dd30d1ec652a781b7021d8 (0.00s)
    --- PASS: FuzzRangeproof/db9f5840e560e5166aaa9034fe8b890b2cf50a14 (0.00s)
    --- PASS: FuzzRangeproof/dc4a367585af14ea75d4b383c627af7129727986 (0.00s)
    --- PASS: FuzzRangeproof/de315eb5dc553d691a6fbd4ff8b608c9dad184e2 (0.00s)
    --- PASS: FuzzRangeproof/de768f41bb2c2915fb2f5715b36effcaf19eb3a9 (0.00s)
    --- PASS: FuzzRangeproof/de8043bba3965e78e744ec0eea4c345de97b76f8 (0.00s)
    --- PASS: FuzzRangeproof/dee3bdaadeb0c069011126720c3069aa361c8435 (0.00s)
    --- PASS: FuzzRangeproof/deffae7cc2b197a44195be0240eb25012f5941ee (0.00s)
    --- PASS: FuzzRangeproof/df9c9b14a178241a9747ee60104773558204db81 (0.00s)
    --- PASS: FuzzRangeproof/e00e81733880ab07c2add2da529b0d2286d31dbd (0.00s)
    --- PASS: FuzzRangeproof/e06f0332f1e66e4579710c00f7ffbb1e8938eabc (0.00s)
    --- PASS: FuzzRangeproof/e173ed889f0ee5a92725c65149a7a537cc682ed2 (0.00s)
    --- PASS: FuzzRangeproof/e338a3223f830aa7851b2d0c0bec828eadfdaf81 (0.00s)
    --- PASS: FuzzRangeproof/e3629330013c0cbd40f67b2cf58931db379a0a0f (0.00s)
    --- PASS: FuzzRangeproof/e3c8bba58363718863e2f37d6c18647602544bf4 (0.00s)
    --- PASS: FuzzRangeproof/e3f76d99706928982ef3924852e8eeb04a3b8b0d (0.00s)
    --- PASS: FuzzRangeproof/e410ee1a2a0cc5ba3bfaae69a878fca79e54550c (0.00s)
    --- PASS: FuzzRangeproof/e42b500d99c9ff456716382d16d6b1351a4de819 (0.00s)
    --- PASS: FuzzRangeproof/e496cdbed513e5dcbcb697363d9974e551c2abc8 (0.00s)
    --- PASS: FuzzRangeproof/e4bc7066794e410510bc89f0202eb0cc0f21503e (0.00s)
    --- PASS: FuzzRangeproof/e54a464852a1b8adf68316632953a1b590726435 (0.00s)
    --- PASS: FuzzRangeproof/e5b42fcc11afc127d5e3d7d1448b282b0a22772a (0.00s)
    --- PASS: FuzzRangeproof/e634a48786146e7f0a7599d2420dd9f53af4ac1e (0.00s)
    --- PASS: FuzzRangeproof/e65739cca12c8ba0f2bbbfc65486c5faa1f3151e (0.00s)
    --- PASS: FuzzRangeproof/e7f12a7256071f2466b8d9b59aafd6b417a28af0 (0.00s)
    --- PASS: FuzzRangeproof/e80e33354a5ba6cbea42baf18fa7d305eea22ee0 (0.00s)
    --- PASS: FuzzRangeproof/e8141f17ce66b56e6caf8265b4d5ddad694a5776 (0.00s)
    --- PASS: FuzzRangeproof/e87ce061db116d81f9ace233f919ccefb9e66edc (0.00s)
    --- PASS: FuzzRangeproof/e8aa8c7f11fc2ec847289d573131b762e89fc68c (0.00s)
    --- PASS: FuzzRangeproof/e91b9b9ab9e46e1a7d2726fa1fcfb0db2790c998 (0.00s)
    --- PASS: FuzzRangeproof/e984a326cdbea995056061b26aa0343bfd129657 (0.00s)
    --- PASS: FuzzRangeproof/e997f7edddbccb61b3fe50b97aa730eceb192a75 (0.00s)
    --- PASS: FuzzRangeproof/ea532df434844b35f78ab818044c7339c7e9a785 (0.00s)
    --- PASS: FuzzRangeproof/ea6e1773b1aff5dfaf232443a45935396d7f5065 (0.00s)
    --- PASS: FuzzRangeproof/eb305940924339f30bdf43864d88abd0a79774c4 (0.00s)
    --- PASS: FuzzRangeproof/ece00e87aaef71789371011114dad73ccb2b526f (0.00s)
    --- PASS: FuzzRangeproof/ed338c9364e9d5997e1cb23a0969629b6b0d1dde (0.00s)
    --- PASS: FuzzRangeproof/ed5a994b8ddbe68c1b8bffc8f804e1d4cb4f1b74 (0.00s)
    --- PASS: FuzzRangeproof/ed6fafd811053b138ea51839faa680a6277a6511 (0.00s)
    --- PASS: FuzzRangeproof/ed8e4e1ca3e620c6f39794ac844207fc587997eb (0.00s)
    --- PASS: FuzzRangeproof/ee31d14e1e5472baf18bd43263f31982879d7087 (0.00s)
    --- PASS: FuzzRangeproof/ee7f53a8e9d15524af25c6b6fe9bfbfcde8108c6 (0.00s)
    --- PASS: FuzzRangeproof/eea295944711849da1252438f372af5e7d69a06f (0.00s)
    --- PASS: FuzzRangeproof/f05083b05f0ab34a1b64529c42b994717d0f67db (0.00s)
    --- PASS: FuzzRangeproof/f0a3fc48539965070af8fc8a105b88b25fe9a0ec (0.00s)
    --- PASS: FuzzRangeproof/f25a12ae75ef7afc8687981df26ce577e9fbb90a (0.00s)
    --- PASS: FuzzRangeproof/f34afa18b283e41c1adc7d635379ff0e7a122432 (0.00s)
    --- PASS: FuzzRangeproof/f35a75bac0cc0594193388449e5fbbc603ea1b2a (0.00s)
    --- PASS: FuzzRangeproof/f379f3dffc94f6e6e15cb6d554b6f9007c7deffe (0.00s)
    --- PASS: FuzzRangeproof/f3c90bf423a85b0a5b088579cf92cfb516517aac (0.00s)
    --- PASS: FuzzRangeproof/f3d241350456dea1ee15854091a322860289d117 (0.00s)
    --- PASS: FuzzRangeproof/f3d267ad77346271b97479e629e61794f2db3528 (0.00s)
    --- PASS: FuzzRangeproof/f41238f6b277df86a82d776fc789fff1469c61fd (0.00s)
    --- PASS: FuzzRangeproof/f44067490772feb1fb12285cde5201818b4fb18e (0.00s)
    --- PASS: FuzzRangeproof/f4910882139e460af3b27c7795e054d0cce47b54 (0.00s)
    --- PASS: FuzzRangeproof/f53210c458868f773df9e629c00f1338560c3801 (0.00s)
    --- PASS: FuzzRangeproof/f5e6612aedd79905841d0400be0861d431866607 (0.00s)
    --- PASS: FuzzRangeproof/f5eafdbe65f8681ecc240538a9e8a67d9c079f3a (0.00s)
    --- PASS: FuzzRangeproof/f5f1b96fd600184e02d3cadb4ce239871f7c7267 (0.00s)
    --- PASS: FuzzRangeproof/f5f921a4cbb1e8d9a7b14fbaed59fb8d6a5204ce (0.00s)
    --- PASS: FuzzRangeproof/f66326400c18742253931dec4b5f792e1241a49c (0.00s)
    --- PASS: FuzzRangeproof/f6aa339188cd6fbcdd931461de3386bda358205c (0.00s)
    --- PASS: FuzzRangeproof/f7246d6e151d1bb6a048bfd1de52b8af7fa3ac8a (0.00s)
    --- PASS: FuzzRangeproof/f7c8ad9e4d1aae2a4bb4004da5b55791bca425bc (0.00s)
    --- PASS: FuzzRangeproof/f7fe5e219b215dd86fd1391d776d1c0ff9cf1057 (0.00s)
    --- PASS: FuzzRangeproof/f9b4f798fb1bb262322dd8753f0a538110a8a643 (0.00s)
    --- PASS: FuzzRangeproof/fa0cb8bda6e05ac955edaf3573f63ef3576414f0 (0.00s)
    --- PASS: FuzzRangeproof/fa9124434252d3e8ae54ada0d3ce326265567fc2 (0.00s)
    --- PASS: FuzzRangeproof/fba33a42e3a49a32d26e7da405f8cfcc0cc2c0ae (0.00s)
    --- PASS: FuzzRangeproof/fba44b5abe6bb1e20cae50346f9095546e2baad0 (0.00s)
    --- PASS: FuzzRangeproof/fcbac5eff718937832f1f06b1ef5cfd8c034363d (0.00s)
    --- PASS: FuzzRangeproof/fd7d3073d575c406e79ed0797c997cf37949f5ea (0.00s)
    --- PASS: FuzzRangeproof/fda1616e9a61a19210c255c29b96690c15343d0c (0.00s)
    --- PASS: FuzzRangeproof/fda8c1258336d6c1d8b1093bd509650d847ae7c8 (0.00s)
    --- PASS: FuzzRangeproof/fe4add7ecc13fb290309bcaf738da8d61f04ab7c (0.00s)
    --- PASS: FuzzRangeproof/fe8616a982f5f9c9bc02a8867347612020280c50 (0.00s)
    --- PASS: FuzzRangeproof/fec485464571e0f9842c33d7a0aa83e06bad5468 (0.00s)
    --- PASS: FuzzRangeproof/fedfb8d2382d55f86050852e9242813ee03a284b (0.00s)
    --- PASS: FuzzRangeproof/fee56096a24966a7c82e456fdfc165daf5767c6b (0.00s)
    --- PASS: FuzzRangeproof/ff4f9bd30f9c3cb832c0693a555e47f8088ac2a8 (0.00s)
    --- PASS: FuzzRangeproof/ff50ac90dff7294b63880147d529308b4198586e (0.00s)
    --- PASS: FuzzRangeproof/ffbc310392d4a9625f11862498c83d49c9a1ff44 (0.00s)
    --- PASS: FuzzRangeproof/ffc71ba58b7193d7e6f17f1c3904303ec606ed83 (0.00s)
PASS
coverage: 93.3% of statements
ok  	github.com/morph-l2/go-ethereum/tests/fuzzers/rangeproof	0.474s	coverage: 93.3% of statements
	github.com/morph-l2/go-ethereum/tests/fuzzers/rangeproof/debug		coverage: 0.0% of statements
