=== RUN   TestFuzzer
--- PASS: TestFuzzer (0.01s)
=== RUN   FuzzSecp256k1
=== RUN   FuzzSecp256k1/005ca923269fe2b36e1f400f2990ad693e9b3aa8
=== RUN   FuzzSecp256k1/01b534070b0d5d42e72405a52ed0159c888b5a4e
=== RUN   FuzzSecp256k1/0211b2db7271b2ffc986bfa68886633d9d1fe7e4
=== RUN   FuzzSecp256k1/02615598903ca730d391681712f47b7710fd0dda
=== RUN   FuzzSecp256k1/04304acfbcb0b99cf977d2f3c491f00717427490
=== RUN   FuzzSecp256k1/071c9e091caacb3d148b370e9a70fa37396c2c07
=== RUN   FuzzSecp256k1/089a07ae7f5d0240a1fdfa1dd6e09f2ce4140cea
=== RUN   FuzzSecp256k1/0a2a3b92df686827c493e4d439bc5da4ee9639c2
=== RUN   FuzzSecp256k1/0afc3ba6b92a03a223185aedad457edce0d4f276
=== RUN   FuzzSecp256k1/0d1b0603be5699dddbc159d45f840bb40694ab79
=== RUN   FuzzSecp256k1/0f5b32304662179a482bd921c39f2038b1ffebe6
=== RUN   FuzzSecp256k1/0ff574c1acaa9925f7ff05eb34eed7f133abe6de
=== RUN   FuzzSecp256k1/1023ff56bcaccfe52b9ce3f1f51662a2f2a815e7
=== RUN   FuzzSecp256k1/1053591cf4479bd724d0d8a0d16cdc6eff6945c1
=== RUN   FuzzSecp256k1/11a09912dcf2927ce18c3a100aa43eb02340eead
=== RUN   FuzzSecp256k1/11cfba2c3df7a62f222c80b2ee0c7956c39e8c38
=== RUN   FuzzSecp256k1/11d3eac0682a82b9661b87873d75799e6ef7475d
=== RUN   FuzzSecp256k1/121abedc0f777153ac5db7a6e43e61ad039cdc45
=== RUN   FuzzSecp256k1/13a43a844cdcd74068b8cb7872acdaa0ac515db2
=== RUN   FuzzSecp256k1/147d7b358aa809d99ed8206d3c81d4f1b5d06298
=== RUN   FuzzSecp256k1/14915c61b99f4a13a3f1db6eb36974bc1b7fbe63
=== RUN   FuzzSecp256k1/15eb5078e924a36cf17e9d45a92ca38833e3e114
=== RUN   FuzzSecp256k1/1717c6b23687c9d9a4b10ad54c91938a78f6a801
=== RUN   FuzzSecp256k1/172afb391f7df21dbf98faa4ae7047f2d97072d5
=== RUN   FuzzSecp256k1/1ae8fe4ec19fabc70a140d4d2993299144cc1478
=== RUN   FuzzSecp256k1/1af389de6e185de7ffb4c1cfe34931a105e322ab
=== RUN   FuzzSecp256k1/1beb4b1d1904621c1700d6033aa586287465e345
=== RUN   FuzzSecp256k1/1c3a925f3f8c46ed93247912b5177e0034cdbe24
=== RUN   FuzzSecp256k1/1d03860b6123e582314fd501a188f86cb5f3b70c
=== RUN   FuzzSecp256k1/1d6f751809e082a4ede802941281a8b650fdc214
=== RUN   FuzzSecp256k1/20260503483c1641736ecec4d03add7fa59e8e33
=== RUN   FuzzSecp256k1/2030562bf9d67c6f371eb85504fe080db3d797d2
=== RUN   FuzzSecp256k1/20bd590a7054aeb457cc2f66fcc95a7ad6a6fad5
=== RUN   FuzzSecp256k1/225c29d61521473110f4e26a22a23f896ee5eced
=== RUN   FuzzSecp256k1/2352c1dfd4230007fe3743bca3d08571f9a2dd01
=== RUN   FuzzSecp256k1/23c91409dfa9b9c0d7ce997c3c285382a2218231
=== RUN   FuzzSecp256k1/24bb97e74ff208ac3ba2e8aa75269e13f0ffc7c2
=== RUN   FuzzSecp256k1/2735699520a345ff5e60e87be8494e30f816466b
=== RUN   FuzzSecp256k1/28c1494f8fa9c3f6927ac3ba961f7d1a486b9c1f
=== RUN   FuzzSecp256k1/2aea4511700ca5e250049878400e62015d4ae2d5
=== RUN   FuzzSecp256k1/2c96f9a6f89ea2788ec9c3a4b630fb2e44f4e36b
=== RUN   FuzzSecp256k1/2e2dbe092ec30dc84a8d9eb323a08492b6bdc498
=== RUN   FuzzSecp256k1/2ed3ce0129a65472a50d8ed6f9e08b4d993799fc
=== RUN   FuzzSecp256k1/30934ff736edecfe29c3d44193df05fe460d34f5
=== RUN   FuzzSecp256k1/313fabad7d38957770ac320dd2282d3db527f484
=== RUN   FuzzSecp256k1/3164794e9fddb0beedcac6fc4ef2306a0209b3ff
=== RUN   FuzzSecp256k1/32d300a3eee4a3b84e377d46b22d01cdd2839c4b
=== RUN   FuzzSecp256k1/33b47ca7ab108e9750ec646b5b9224c3aaf415cb
=== RUN   FuzzSecp256k1/37089828e13a8f6b9a2989881fee0a17001d8697
=== RUN   FuzzSecp256k1/3a7f5f812325a8d1a9c8f4d8b919cde372748dc1
=== RUN   FuzzSecp256k1/3a86f7dcb54371acd51eabc32e3deae16bfaa4ca
=== RUN   FuzzSecp256k1/3b376681f99763f15f10b9124b9b984adcde1666
=== RUN   FuzzSecp256k1/3b50cfb2aee67acbcee63eacc30a3d2f51645815
=== RUN   FuzzSecp256k1/3c6f074c7bf880dee5d9412904ff76ccdc48f718
=== RUN   FuzzSecp256k1/3ceaf1d0f3e8dc54ea3390f260a996a810747202
=== RUN   FuzzSecp256k1/3d894b2972c13d801ee580c33aa0d0bf9a6e2740
=== RUN   FuzzSecp256k1/3da89ee273be13437e7ecf760f3fbd4dc0e8d1fe
=== RUN   FuzzSecp256k1/3e8bc429697c61ab3877689d7f3797615777817c
=== RUN   FuzzSecp256k1/421b5d22ced47a6aa22ffe865ba588af6e3f82b0
=== RUN   FuzzSecp256k1/423beffda29e2e6d512d0faf886dd021d298622f
=== RUN   FuzzSecp256k1/4293d6f72e931aaddbe091339157f68437350da1
=== RUN   FuzzSecp256k1/4340ab51fa2f7911f5dd04a954e5c9673ad60ee8
=== RUN   FuzzSecp256k1/444822ecf2eef8b7518a7bed24dd5eea7209295a
=== RUN   FuzzSecp256k1/44d624d631818f7fbf68144a52d01203c23daa43
=== RUN   FuzzSecp256k1/452b23da15405e5aada518fe6c18bc0fdf412387
=== RUN   FuzzSecp256k1/4582a68d29607a82e388500e3b830f6ffe96415f
=== RUN   FuzzSecp256k1/4599927e3d413de25ecae6cec7f7611e0050c99a
=== RUN   FuzzSecp256k1/45c66502d88ba2129c2c73dc235df4f8b51a8e88
=== RUN   FuzzSecp256k1/46738511eae361dba2c2a7244b16b69a5a8a1162
=== RUN   FuzzSecp256k1/4c716d847b9082f7b77bf15c00880a90056c78e6
=== RUN   FuzzSecp256k1/503749d8cb7e390a5199c14058f0777f2b024842
=== RUN   FuzzSecp256k1/52a2cda58111077511849c241739f5186945acca
=== RUN   FuzzSecp256k1/52fb313795a8942695d1ffe59e10177833bf0668
=== RUN   FuzzSecp256k1/5406e35958d4c561136692cf82fbd812932e5866
=== RUN   FuzzSecp256k1/545f52beb62ba803fb585f2075d62dafd15acb3f
=== RUN   FuzzSecp256k1/54619edc3f170e8d951cd12d0bb3826ac0890496
=== RUN   FuzzSecp256k1/547a0e450baaf9a4e5e9b4dbb1e7f338f7cd60d9
=== RUN   FuzzSecp256k1/586d9ff8fa8bf8e5791c4f25ea072c4d96430e85
=== RUN   FuzzSecp256k1/58d91d1b54af191d42c8f3c4c1b25ca923e9defe
=== RUN   FuzzSecp256k1/5965aa0426ba58e5707753865ef2f2163ebc575f
=== RUN   FuzzSecp256k1/5fd0d403b44d9db62ed595b6f6a1fd297b589a7f
=== RUN   FuzzSecp256k1/6051e434425840225d2c3c1988974bbf30f74681
=== RUN   FuzzSecp256k1/60eaf54ece530aef60aac8d586e4fff97e5fa703
=== RUN   FuzzSecp256k1/61252b0538adae8d27ca4f94ae7c1a01f9c508e6
=== RUN   FuzzSecp256k1/62abb6d11b8724a5b6d2bbc0f0d53ce438937d73
=== RUN   FuzzSecp256k1/634474645f8db70e5bfe574ecbd9765fe6d17791
=== RUN   FuzzSecp256k1/6490e4a1a1137e4a0f7c31e80a3fa421521e5919
=== RUN   FuzzSecp256k1/64f14f5e72f5bacf3c461072d4d87190f5684248
=== RUN   FuzzSecp256k1/684d900f2208dd5463770cb5697aeafa2c811fb7
=== RUN   FuzzSecp256k1/6918d7ae0f1f6d02ca4a372a0dfc2c371281d199
=== RUN   FuzzSecp256k1/6a0c1f0feeabb4e074974266516ec884d9449dd0
=== RUN   FuzzSecp256k1/6aa3a5d85ec5919593ef957153cf8752da595af8
=== RUN   FuzzSecp256k1/6abfd431aaea17ac9124f753f1dbf3acaa7eafa5
=== RUN   FuzzSecp256k1/6aea0a4640f7866a1a89aedcc8d9827d3ec6e796
=== RUN   FuzzSecp256k1/6d2a4f3d07ebf238e860bc2372b1b6e189dedc90
=== RUN   FuzzSecp256k1/6d3779dc617e2c1649cd334953c7a7cea2b06b96
=== RUN   FuzzSecp256k1/6dcd81d12d8cb41f01868368d48aad514cc745ec
=== RUN   FuzzSecp256k1/6df3954ef38f661e55d7f314eb222f5d5b53805e
=== RUN   FuzzSecp256k1/6ea78d65770a66f8a714ebac392fb91707148a15
=== RUN   FuzzSecp256k1/759b2039e1c298eb4fb94f545902b62eea7947dc
=== RUN   FuzzSecp256k1/7944086159a46b2fbf898041f3e2cb58b5ff9b35
=== RUN   FuzzSecp256k1/7a963a918ea4036c5369df053e976d0e4652b798
=== RUN   FuzzSecp256k1/7c04372ed84f6a9ee77313b61a9c1eded2cc0850
=== RUN   FuzzSecp256k1/7d748013cb15b6e05e3c79f1a2ee199069483cbe
=== RUN   FuzzSecp256k1/7f70208797dac7a042ed5e785a44d5ae408d62b7
=== RUN   FuzzSecp256k1/7fa548ed0a0e408dc6c22a4f3d911268bab8d365
=== RUN   FuzzSecp256k1/800c92f87a5d45be24f2296f3e91d6ff44ddea2e
=== RUN   FuzzSecp256k1/81204a1493603d94c58318256e745319baf54271
=== RUN   FuzzSecp256k1/8219ccfca45d4d160ca147e0c4c6c89b6e00a6a8
=== RUN   FuzzSecp256k1/82b0a732824daf549d4358e334aacd2fa4c4a091
=== RUN   FuzzSecp256k1/8533e54514091e509b5d88acd81478268fdc4fdc
=== RUN   FuzzSecp256k1/8927b2b6b3aed0eb643129503f2b336de9d66092
=== RUN   FuzzSecp256k1/8c414a28da80090fee218e7b413553c0d58dab66
=== RUN   FuzzSecp256k1/8cbaa8cbefccbcfd9544140620c1541532d81e8b
=== RUN   FuzzSecp256k1/8d80fac7b386a1f81491e85d2ecd8278493b3a58
=== RUN   FuzzSecp256k1/8de57adccdbc31f983264ce61b956cdb722f3529
=== RUN   FuzzSecp256k1/8e9a395c5d2ed7dce08e0d43f775c9077412b7f9
=== RUN   FuzzSecp256k1/8f165556c3578cc8b571aa521d9b2f09116c4cb0
=== RUN   FuzzSecp256k1/8f8b0050c9f497280bcc9489af2f48505331c3bb
=== RUN   FuzzSecp256k1/8f962377f6dda70063fff2d94522913a1e642d05
=== RUN   FuzzSecp256k1/8fc3b1593fa52753882989a04c9df6000a81119a
=== RUN   FuzzSecp256k1/9069ca78e7450a285173431b3e52c5c25299e473
=== RUN   FuzzSecp256k1/914fbbc99b5fc4c84ed6efb6e8830c2a8aef88cb
=== RUN   FuzzSecp256k1/92d252cf6dc4301812fafb6d038aeb10afa86e9a
=== RUN   FuzzSecp256k1/93b9e19bc9bdc1903652637e226afa38615cc57f
=== RUN   FuzzSecp256k1/93deee3a7f948d00d2f3c068db57942cf2297ec2
=== RUN   FuzzSecp256k1/940e152914387c2be23f39047f23cf1c347f3c2d
=== RUN   FuzzSecp256k1/96a5be63bd57a9c8885096835b35acbb4f4616ed
=== RUN   FuzzSecp256k1/97f52745901ba2f8d2601a6fbb409aa9d47de036
=== RUN   FuzzSecp256k1/993e54d753b293dd73aa26d366b89755c335310d
=== RUN   FuzzSecp256k1/9a0c810a04c2a838071fde218d0a6deff5d8a466
=== RUN   FuzzSecp256k1/9a61f079df0244750292d6a53c9fe9e9dda3e849
=== RUN   FuzzSecp256k1/9c7afc194a764d0bc8d0bda2af08699492e80c61
=== RUN   FuzzSecp256k1/9d3a92314c7939290f2d35c166d7c97b4fa2c0d2
=== RUN   FuzzSecp256k1/9e9a317611e458a84216cb2fb6a00b0ba088aa9d
=== RUN   FuzzSecp256k1/9edcc56ede8a9c92d753f68ed52f17430c1316f9
=== RUN   FuzzSecp256k1/a55139c565a9be579e2eb29386f78a8c97a3158b
=== RUN   FuzzSecp256k1/a7cd10d1dc9d60482b62dde597800052b1ef2d75
=== RUN   FuzzSecp256k1/a7f7b23a9b0e7fecdbf2075126ce3271958aa140
=== RUN   FuzzSecp256k1/a9348925366aff0e87db41755a93fb8c9a53b8e2
=== RUN   FuzzSecp256k1/a9d08e63ce496ff62162783bf116e27c08f959ad
=== RUN   FuzzSecp256k1/acbc26065e49546c8cbbba75bcc7b068342fedc0
=== RUN   FuzzSecp256k1/adc83b19e793491b1c6ea0fd8b46cd9f32e592fc
=== RUN   FuzzSecp256k1/adf14e0ac0ea0a792487e44d2caf7da491f8f973
=== RUN   FuzzSecp256k1/ae32865bdea7ed9e699733f03a55ab772946bf10
=== RUN   FuzzSecp256k1/b020310a3fc50e80859fed2537af65c6ad0dce2b
=== RUN   FuzzSecp256k1/b1e4785cd5dcf8a9ac3e8ebf72d3f76f29ff0c66
=== RUN   FuzzSecp256k1/b3551718128dae4640a160634dece0e70d30b0f0
=== RUN   FuzzSecp256k1/b37823bbc8c87bf4f2b663fa77804097d050e352
=== RUN   FuzzSecp256k1/b3c2882da63d50056f88a289c46c9c11d90cdaae
=== RUN   FuzzSecp256k1/b715a64d7a622ba1dc8eb180c26addb007ed5857
=== RUN   FuzzSecp256k1/b7d0ea73042cc733bcf04ea920f8df5a415e29ea
=== RUN   FuzzSecp256k1/b809f0a9f3eaa4815ddfc8ff6e4406f9c640502b
=== RUN   FuzzSecp256k1/b85f4cf41c92c9c49216b5109ff3ae2aad2d3c43
=== RUN   FuzzSecp256k1/b881606a61c57daad89c8529589967e30d49a9f5
=== RUN   FuzzSecp256k1/b8c7fce0ad7832639df59ee4982a31e5d259e925
=== RUN   FuzzSecp256k1/bb8351c814f4776f359cbc867de102296623ea7d
=== RUN   FuzzSecp256k1/bba07eae746b1048bb81dde01edba98c0d65d835
=== RUN   FuzzSecp256k1/bd87a415f763db567fb325ce3094efb898790fe6
=== RUN   FuzzSecp256k1/c0149233392a81739f29cfa90af330568c232a69
=== RUN   FuzzSecp256k1/c284e850ea7c9f053b7fcf30204761c7f4c5d1d8
=== RUN   FuzzSecp256k1/c354680416531b9c92df80af73f4bfb6f5bf3a68
=== RUN   FuzzSecp256k1/c35848076aea23e72bf5b6c7af7a606f64166432
=== RUN   FuzzSecp256k1/c396e3a5f140e4dd39365785859695dd72146f88
=== RUN   FuzzSecp256k1/c54c8600545b848169cb742af5abbccff31b00b2
=== RUN   FuzzSecp256k1/c65d5a2b695827f7b4ab5fcd49d76c8e63d6af8d
=== RUN   FuzzSecp256k1/c770af60ea16b10ea21a8c66e9093231b1ef02f5
=== RUN   FuzzSecp256k1/c88d2cf0d0d6c4fbe7b958ed6fd59a64473f8b15
=== RUN   FuzzSecp256k1/c8f2ae125a9785f79c69662dad3b6b99c803acf2
=== RUN   FuzzSecp256k1/c9818d5d896f80c44dcdd3cb702b103f7375cd6e
=== RUN   FuzzSecp256k1/c9de6d35af194bdec7d7f75d64458f95e49b5b6b
=== RUN   FuzzSecp256k1/cbbf0d830bec749567ea05256bc279955d41c205
=== RUN   FuzzSecp256k1/cc42589990c3dc982bea39cdf80f5c88b1ad1332
=== RUN   FuzzSecp256k1/cc6b9d2f6a754c3365e4a94dfd4cb8e1fd797aa8
=== RUN   FuzzSecp256k1/cd3608f58f383a2eefb397f3f216c871d08ab521
=== RUN   FuzzSecp256k1/d36c16ae8df5de8d3c39c8d64a120626b0889762
=== RUN   FuzzSecp256k1/d486c70f13d63474c9b9447a268eace3f7770e2e
=== RUN   FuzzSecp256k1/d5ac5a1cfc19e0748a240dc0f92360d89ff17f41
=== RUN   FuzzSecp256k1/d67ce83fe9372713fbc700139c4d2311bf388c9e
=== RUN   FuzzSecp256k1/d693f593e45c321e53e2affb672c0895b0d8062d
=== RUN   FuzzSecp256k1/d79c0daa98cc91a560cafa0743482f4a476492c7
=== RUN   FuzzSecp256k1/d7eb0c55bf9920fb07c8f026b5ae4e7c12333d7d
=== RUN   FuzzSecp256k1/d9c5a0a72bf906285048ab93c61e76d2566337c8
=== RUN   FuzzSecp256k1/dc4b6c073a4cfc972e73b9f59a603882c90ee631
=== RUN   FuzzSecp256k1/dfb78912ce2f8b7354aea8186de7d09fde13ddab
=== RUN   FuzzSecp256k1/dfe73ef1b49b3a94f3404562b890d17f40163e0a
=== RUN   FuzzSecp256k1/e1c108a5782adeff0dee992963bc2aff6a9ed264
=== RUN   FuzzSecp256k1/e1d424626f99df6146a88cd1bf7e9f6007ff11ab
=== RUN   FuzzSecp256k1/e270e5ec62c55c2cb6ce07156dccf5e2730800b8
=== RUN   FuzzSecp256k1/e2d66d7e818c3a1ea7070a709edce9c39bfa582f
=== RUN   FuzzSecp256k1/e4c51fd29834324e2542d81a46b52948ce2c81ba
=== RUN   FuzzSecp256k1/e543fcfc205fad7ff3c9b39a6025dc2f37e18372
=== RUN   FuzzSecp256k1/e637a71e4a45e5cd43928cdf641cec5246d33d30
=== RUN   FuzzSecp256k1/e6a49d4f053b3ed8fd189299b2c81b4919dc2850
=== RUN   FuzzSecp256k1/e7903794183f136484a07cac91eebb66b101b5da
=== RUN   FuzzSecp256k1/eaca9cb4712e8eae15b811fb07080cb5ed1e22ad
=== RUN   FuzzSecp256k1/eb6161981fd9d33d64ed674708ea9eb1d030ab0d
=== RUN   FuzzSecp256k1/ecc460edade5f3309f30ac0906f843063beaf178
=== RUN   FuzzSecp256k1/ed5463be0994677b44af5eb253b717a2e67d46ba
=== RUN   FuzzSecp256k1/eda6443c55b0a32fa220d0037040687ebe2186bc
=== RUN   FuzzSecp256k1/ee5054d2c4423189feb05193693e714e243fe2e5
=== RUN   FuzzSecp256k1/f0e9530931bc046eac0ed84dd209a77189daed7b
=== RUN   FuzzSecp256k1/f274d5683859c55af345f25805f6b8a7c4cfc9c4
=== RUN   FuzzSecp256k1/f3226c6256dcc9053aa51af7ba7087e52fab2968
=== RUN   FuzzSecp256k1/f4ace2a6db96f9dcf1625b9f1adc5bf56d8ece86
=== RUN   FuzzSecp256k1/f4d5594b28db8c6415419959bba9ff03158c5957
=== RUN   FuzzSecp256k1/f578a6cbee164fe1423ccd156690c111384a306f
=== RUN   FuzzSecp256k1/f67a2ccb273783604e61eb30a3401ab770f513e0
=== RUN   FuzzSecp256k1/f6cd1ff9ba93395554a7c7eb03daec89570c3b5f
=== RUN   FuzzSecp256k1/f6d1d3f6da7b231c391dad85ac9b3335186a4574
=== RUN   FuzzSecp256k1/f953ec8f0a7ae7653bc18aed2736ce892dd42e0b
=== RUN   FuzzSecp256k1/fa2889da82b663e662057c026b93c26c51b0c47b
=== RUN   FuzzSecp256k1/fb421ef0b5e59381f6c7f676ceac897851d1d5bd
=== RUN   FuzzSecp256k1/fb72f1393dd8b8301e1bf83f5ee4570f0c8bb456
=== RUN   FuzzSecp256k1/fcbcf1b93d19dad48d7caf7c7cc88911703208e5
=== RUN   FuzzSecp256k1/fe216a938436dbe518b040371430f8d04a289806
--- PASS: FuzzSecp256k1 (0.03s)
    --- PASS: FuzzSecp256k1/005ca923269fe2b36e1f400f2990ad693e9b3aa8 (0.00s)
    --- PASS: FuzzSecp256k1/01b534070b0d5d42e72405a52ed0159c888b5a4e (0.00s)
    --- PASS: FuzzSecp256k1/0211b2db7271b2ffc986bfa68886633d9d1fe7e4 (0.00s)
    --- PASS: FuzzSecp256k1/02615598903ca730d391681712f47b7710fd0dda (0.00s)
    --- PASS: FuzzSecp256k1/04304acfbcb0b99cf977d2f3c491f00717427490 (0.00s)
    --- PASS: FuzzSecp256k1/071c9e091caacb3d148b370e9a70fa37396c2c07 (0.00s)
    --- PASS: FuzzSecp256k1/089a07ae7f5d0240a1fdfa1dd6e09f2ce4140cea (0.00s)
    --- PASS: FuzzSecp256k1/0a2a3b92df686827c493e4d439bc5da4ee9639c2 (0.00s)
    --- PASS: FuzzSecp256k1/0afc3ba6b92a03a223185aedad457edce0d4f276 (0.00s)
    --- PASS: FuzzSecp256k1/0d1b0603be5699dddbc159d45f840bb40694ab79 (0.00s)
    --- PASS: FuzzSecp256k1/0f5b32304662179a482bd921c39f2038b1ffebe6 (0.00s)
    --- PASS: FuzzSecp256k1/0ff574c1acaa9925f7ff05eb34eed7f133abe6de (0.00s)
    --- PASS: FuzzSecp256k1/1023ff56bcaccfe52b9ce3f1f51662a2f2a815e7 (0.00s)
    --- PASS: FuzzSecp256k1/1053591cf4479bd724d0d8a0d16cdc6eff6945c1 (0.00s)
    --- PASS: FuzzSecp256k1/11a09912dcf2927ce18c3a100aa43eb02340eead (0.00s)
    --- PASS: FuzzSecp256k1/11cfba2c3df7a62f222c80b2ee0c7956c39e8c38 (0.00s)
    --- PASS: FuzzSecp256k1/11d3eac0682a82b9661b87873d75799e6ef7475d (0.00s)
    --- PASS: FuzzSecp256k1/121abedc0f777153ac5db7a6e43e61ad039cdc45 (0.00s)
    --- PASS: FuzzSecp256k1/13a43a844cdcd74068b8cb7872acdaa0ac515db2 (0.00s)
    --- PASS: FuzzSecp256k1/147d7b358aa809d99ed8206d3c81d4f1b5d06298 (0.00s)
    --- PASS: FuzzSecp256k1/14915c61b99f4a13a3f1db6eb36974bc1b7fbe63 (0.00s)
    --- PASS: FuzzSecp256k1/15eb5078e924a36cf17e9d45a92ca38833e3e114 (0.00s)
    --- PASS: FuzzSecp256k1/1717c6b23687c9d9a4b10ad54c91938a78f6a801 (0.00s)
    --- PASS: FuzzSecp256k1/172afb391f7df21dbf98faa4ae7047f2d97072d5 (0.00s)
    --- PASS: FuzzSecp256k1/1ae8fe4ec19fabc70a140d4d2993299144cc1478 (0.00s)
    --- PASS: FuzzSecp256k1/1af389de6e185de7ffb4c1cfe34931a105e322ab (0.00s)
    --- PASS: FuzzSecp256k1/1beb4b1d1904621c1700d6033aa586287465e345 (0.00s)
    --- PASS: FuzzSecp256k1/1c3a925f3f8c46ed93247912b5177e0034cdbe24 (0.00s)
    --- PASS: FuzzSecp256k1/1d03860b6123e582314fd501a188f86cb5f3b70c (0.00s)
    --- PASS: FuzzSecp256k1/1d6f751809e082a4ede802941281a8b650fdc214 (0.00s)
    --- PASS: FuzzSecp256k1/20260503483c1641736ecec4d03add7fa59e8e33 (0.00s)
    --- PASS: FuzzSecp256k1/2030562bf9d67c6f371eb85504fe080db3d797d2 (0.00s)
    --- PASS: FuzzSecp256k1/20bd590a7054aeb457cc2f66fcc95a7ad6a6fad5 (0.00s)
    --- PASS: FuzzSecp256k1/225c29d61521473110f4e26a22a23f896ee5eced (0.00s)
    --- PASS: FuzzSecp256k1/2352c1dfd4230007fe3743bca3d08571f9a2dd01 (0.00s)
    --- PASS: FuzzSecp256k1/23c91409dfa9b9c0d7ce997c3c285382a2218231 (0.00s)
    --- PASS: FuzzSecp256k1/24bb97e74ff208ac3ba2e8aa75269e13f0ffc7c2 (0.00s)
    --- PASS: FuzzSecp256k1/2735699520a345ff5e60e87be8494e30f816466b (0.00s)
    --- PASS: FuzzSecp256k1/28c1494f8fa9c3f6927ac3ba961f7d1a486b9c1f (0.00s)
    --- PASS: FuzzSecp256k1/2aea4511700ca5e250049878400e62015d4ae2d5 (0.00s)
    --- PASS: FuzzSecp256k1/2c96f9a6f89ea2788ec9c3a4b630fb2e44f4e36b (0.00s)
    --- PASS: FuzzSecp256k1/2e2dbe092ec30dc84a8d9eb323a08492b6bdc498 (0.00s)
    --- PASS: FuzzSecp256k1/2ed3ce0129a65472a50d8ed6f9e08b4d993799fc (0.00s)
    --- PASS: FuzzSecp256k1/30934ff736edecfe29c3d44193df05fe460d34f5 (0.00s)
    --- PASS: FuzzSecp256k1/313fabad7d38957770ac320dd2282d3db527f484 (0.00s)
    --- PASS: FuzzSecp256k1/3164794e9fddb0beedcac6fc4ef2306a0209b3ff (0.00s)
    --- PASS: FuzzSecp256k1/32d300a3eee4a3b84e377d46b22d01cdd2839c4b (0.00s)
    --- PASS: FuzzSecp256k1/33b47ca7ab108e9750ec646b5b9224c3aaf415cb (0.00s)
    --- PASS: FuzzSecp256k1/37089828e13a8f6b9a2989881fee0a17001d8697 (0.00s)
    --- PASS: FuzzSecp256k1/3a7f5f812325a8d1a9c8f4d8b919cde372748dc1 (0.00s)
    --- PASS: FuzzSecp256k1/3a86f7dcb54371acd51eabc32e3deae16bfaa4ca (0.00s)
    --- PASS: FuzzSecp256k1/3b376681f99763f15f10b9124b9b984adcde1666 (0.00s)
    --- PASS: FuzzSecp256k1/3b50cfb2aee67acbcee63eacc30a3d2f51645815 (0.00s)
    --- PASS: FuzzSecp256k1/3c6f074c7bf880dee5d9412904ff76ccdc48f718 (0.00s)
    --- PASS: FuzzSecp256k1/3ceaf1d0f3e8dc54ea3390f260a996a810747202 (0.00s)
    --- PASS: FuzzSecp256k1/3d894b2972c13d801ee580c33aa0d0bf9a6e2740 (0.00s)
    --- PASS: FuzzSecp256k1/3da89ee273be13437e7ecf760f3fbd4dc0e8d1fe (0.00s)
    --- PASS: FuzzSecp256k1/3e8bc429697c61ab3877689d7f3797615777817c (0.00s)
    --- PASS: FuzzSecp256k1/421b5d22ced47a6aa22ffe865ba588af6e3f82b0 (0.00s)
    --- PASS: FuzzSecp256k1/423beffda29e2e6d512d0faf886dd021d298622f (0.00s)
    --- PASS: FuzzSecp256k1/4293d6f72e931aaddbe091339157f68437350da1 (0.00s)
    --- PASS: FuzzSecp256k1/4340ab51fa2f7911f5dd04a954e5c9673ad60ee8 (0.00s)
    --- PASS: FuzzSecp256k1/444822ecf2eef8b7518a7bed24dd5eea7209295a (0.00s)
    --- PASS: FuzzSecp256k1/44d624d631818f7fbf68144a52d01203c23daa43 (0.00s)
    --- PASS: FuzzSecp256k1/452b23da15405e5aada518fe6c18bc0fdf412387 (0.00s)
    --- PASS: FuzzSecp256k1/4582a68d29607a82e388500e3b830f6ffe96415f (0.00s)
    --- PASS: FuzzSecp256k1/4599927e3d413de25ecae6cec7f7611e0050c99a (0.00s)
    --- PASS: FuzzSecp256k1/45c66502d88ba2129c2c73dc235df4f8b51a8e88 (0.00s)
    --- PASS: FuzzSecp256k1/46738511eae361dba2c2a7244b16b69a5a8a1162 (0.00s)
    --- PASS: FuzzSecp256k1/4c716d847b9082f7b77bf15c00880a90056c78e6 (0.00s)
    --- PASS: FuzzSecp256k1/503749d8cb7e390a5199c14058f0777f2b024842 (0.00s)
    --- PASS: FuzzSecp256k1/52a2cda58111077511849c241739f5186945acca (0.00s)
    --- PASS: FuzzSecp256k1/52fb313795a8942695d1ffe59e10177833bf0668 (0.00s)
    --- PASS: FuzzSecp256k1/5406e35958d4c561136692cf82fbd812932e5866 (0.00s)
    --- PASS: FuzzSecp256k1/545f52beb62ba803fb585f2075d62dafd15acb3f (0.00s)
    --- PASS: FuzzSecp256k1/54619edc3f170e8d951cd12d0bb3826ac0890496 (0.00s)
    --- PASS: FuzzSecp256k1/547a0e450baaf9a4e5e9b4dbb1e7f338f7cd60d9 (0.00s)
    --- PASS: FuzzSecp256k1/586d9ff8fa8bf8e5791c4f25ea072c4d96430e85 (0.00s)
    --- PASS: FuzzSecp256k1/58d91d1b54af191d42c8f3c4c1b25ca923e9defe (0.00s)
    --- PASS: FuzzSecp256k1/5965aa0426ba58e5707753865ef2f2163ebc575f (0.00s)
    --- PASS: FuzzSecp256k1/5fd0d403b44d9db62ed595b6f6a1fd297b589a7f (0.00s)
    --- PASS: FuzzSecp256k1/6051e434425840225d2c3c1988974bbf30f74681 (0.00s)
    --- PASS: FuzzSecp256k1/60eaf54ece530aef60aac8d586e4fff97e5fa703 (0.00s)
    --- PASS: FuzzSecp256k1/61252b0538adae8d27ca4f94ae7c1a01f9c508e6 (0.00s)
    --- PASS: FuzzSecp256k1/62abb6d11b8724a5b6d2bbc0f0d53ce438937d73 (0.00s)
    --- PASS: FuzzSecp256k1/634474645f8db70e5bfe574ecbd9765fe6d17791 (0.00s)
    --- PASS: FuzzSecp256k1/6490e4a1a1137e4a0f7c31e80a3fa421521e5919 (0.00s)
    --- PASS: FuzzSecp256k1/64f14f5e72f5bacf3c461072d4d87190f5684248 (0.00s)
    --- PASS: FuzzSecp256k1/684d900f2208dd5463770cb5697aeafa2c811fb7 (0.00s)
    --- PASS: FuzzSecp256k1/6918d7ae0f1f6d02ca4a372a0dfc2c371281d199 (0.00s)
    --- PASS: FuzzSecp256k1/6a0c1f0feeabb4e074974266516ec884d9449dd0 (0.00s)
    --- PASS: FuzzSecp256k1/6aa3a5d85ec5919593ef957153cf8752da595af8 (0.00s)
    --- PASS: FuzzSecp256k1/6abfd431aaea17ac9124f753f1dbf3acaa7eafa5 (0.00s)
    --- PASS: FuzzSecp256k1/6aea0a4640f7866a1a89aedcc8d9827d3ec6e796 (0.00s)
    --- PASS: FuzzSecp256k1/6d2a4f3d07ebf238e860bc2372b1b6e189dedc90 (0.00s)
    --- PASS: FuzzSecp256k1/6d3779dc617e2c1649cd334953c7a7cea2b06b96 (0.00s)
    --- PASS: FuzzSecp256k1/6dcd81d12d8cb41f01868368d48aad514cc745ec (0.00s)
    --- PASS: FuzzSecp256k1/6df3954ef38f661e55d7f314eb222f5d5b53805e (0.00s)
    --- PASS: FuzzSecp256k1/6ea78d65770a66f8a714ebac392fb91707148a15 (0.00s)
    --- PASS: FuzzSecp256k1/759b2039e1c298eb4fb94f545902b62eea7947dc (0.00s)
    --- PASS: FuzzSecp256k1/7944086159a46b2fbf898041f3e2cb58b5ff9b35 (0.00s)
    --- PASS: FuzzSecp256k1/7a963a918ea4036c5369df053e976d0e4652b798 (0.00s)
    --- PASS: FuzzSecp256k1/7c04372ed84f6a9ee77313b61a9c1eded2cc0850 (0.00s)
    --- PASS: FuzzSecp256k1/7d748013cb15b6e05e3c79f1a2ee199069483cbe (0.00s)
    --- PASS: FuzzSecp256k1/7f70208797dac7a042ed5e785a44d5ae408d62b7 (0.00s)
    --- PASS: FuzzSecp256k1/7fa548ed0a0e408dc6c22a4f3d911268bab8d365 (0.00s)
    --- PASS: FuzzSecp256k1/800c92f87a5d45be24f2296f3e91d6ff44ddea2e (0.00s)
    --- PASS: FuzzSecp256k1/81204a1493603d94c58318256e745319baf54271 (0.00s)
    --- PASS: FuzzSecp256k1/8219ccfca45d4d160ca147e0c4c6c89b6e00a6a8 (0.00s)
    --- PASS: FuzzSecp256k1/82b0a732824daf549d4358e334aacd2fa4c4a091 (0.00s)
    --- PASS: FuzzSecp256k1/8533e54514091e509b5d88acd81478268fdc4fdc (0.00s)
    --- PASS: FuzzSecp256k1/8927b2b6b3aed0eb643129503f2b336de9d66092 (0.00s)
    --- PASS: FuzzSecp256k1/8c414a28da80090fee218e7b413553c0d58dab66 (0.00s)
    --- PASS: FuzzSecp256k1/8cbaa8cbefccbcfd9544140620c1541532d81e8b (0.00s)
    --- PASS: FuzzSecp256k1/8d80fac7b386a1f81491e85d2ecd8278493b3a58 (0.00s)
    --- PASS: FuzzSecp256k1/8de57adccdbc31f983264ce61b956cdb722f3529 (0.00s)
    --- PASS: FuzzSecp256k1/8e9a395c5d2ed7dce08e0d43f775c9077412b7f9 (0.00s)
    --- PASS: FuzzSecp256k1/8f165556c3578cc8b571aa521d9b2f09116c4cb0 (0.00s)
    --- PASS: FuzzSecp256k1/8f8b0050c9f497280bcc9489af2f48505331c3bb (0.00s)
    --- PASS: FuzzSecp256k1/8f962377f6dda70063fff2d94522913a1e642d05 (0.00s)
    --- PASS: FuzzSecp256k1/8fc3b1593fa52753882989a04c9df6000a81119a (0.00s)
    --- PASS: FuzzSecp256k1/9069ca78e7450a285173431b3e52c5c25299e473 (0.00s)
    --- PASS: FuzzSecp256k1/914fbbc99b5fc4c84ed6efb6e8830c2a8aef88cb (0.00s)
    --- PASS: FuzzSecp256k1/92d252cf6dc4301812fafb6d038aeb10afa86e9a (0.00s)
    --- PASS: FuzzSecp256k1/93b9e19bc9bdc1903652637e226afa38615cc57f (0.00s)
    --- PASS: FuzzSecp256k1/93deee3a7f948d00d2f3c068db57942cf2297ec2 (0.00s)
    --- PASS: FuzzSecp256k1/940e152914387c2be23f39047f23cf1c347f3c2d (0.00s)
    --- PASS: FuzzSecp256k1/96a5be63bd57a9c8885096835b35acbb4f4616ed (0.00s)
    --- PASS: FuzzSecp256k1/97f52745901ba2f8d2601a6fbb409aa9d47de036 (0.00s)
    --- PASS: FuzzSecp256k1/993e54d753b293dd73aa26d366b89755c335310d (0.00s)
    --- PASS: FuzzSecp256k1/9a0c810a04c2a838071fde218d0a6deff5d8a466 (0.00s)
    --- PASS: FuzzSecp256k1/9a61f079df0244750292d6a53c9fe9e9dda3e849 (0.00s)
    --- PASS: FuzzSecp256k1/9c7afc194a764d0bc8d0bda2af08699492e80c61 (0.00s)
    --- PASS: FuzzSecp256k1/9d3a92314c7939290f2d35c166d7c97b4fa2c0d2 (0.00s)
    --- PASS: FuzzSecp256k1/9e9a317611e458a84216cb2fb6a00b0ba088aa9d (0.00s)
    --- PASS: FuzzSecp256k1/9edcc56ede8a9c92d753f68ed52f17430c1316f9 (0.00s)
    --- PASS: FuzzSecp256k1/a55139c565a9be579e2eb29386f78a8c97a3158b (0.00s)
    --- PASS: FuzzSecp256k1/a7cd10d1dc9d60482b62dde597800052b1ef2d75 (0.00s)
    --- PASS: FuzzSecp256k1/a7f7b23a9b0e7fecdbf2075126ce3271958aa140 (0.00s)
    --- PASS: FuzzSecp256k1/a9348925366aff0e87db41755a93fb8c9a53b8e2 (0.00s)
    --- PASS: FuzzSecp256k1/a9d08e63ce496ff62162783bf116e27c08f959ad (0.00s)
    --- PASS: FuzzSecp256k1/acbc26065e49546c8cbbba75bcc7b068342fedc0 (0.00s)
    --- PASS: FuzzSecp256k1/adc83b19e793491b1c6ea0fd8b46cd9f32e592fc (0.00s)
    --- PASS: FuzzSecp256k1/adf14e0ac0ea0a792487e44d2caf7da491f8f973 (0.00s)
    --- PASS: FuzzSecp256k1/ae32865bdea7ed9e699733f03a55ab772946bf10 (0.00s)
    --- PASS: FuzzSecp256k1/b020310a3fc50e80859fed2537af65c6ad0dce2b (0.00s)
    --- PASS: FuzzSecp256k1/b1e4785cd5dcf8a9ac3e8ebf72d3f76f29ff0c66 (0.00s)
    --- PASS: FuzzSecp256k1/b3551718128dae4640a160634dece0e70d30b0f0 (0.00s)
    --- PASS: FuzzSecp256k1/b37823bbc8c87bf4f2b663fa77804097d050e352 (0.00s)
    --- PASS: FuzzSecp256k1/b3c2882da63d50056f88a289c46c9c11d90cdaae (0.00s)
    --- PASS: FuzzSecp256k1/b715a64d7a622ba1dc8eb180c26addb007ed5857 (0.00s)
    --- PASS: FuzzSecp256k1/b7d0ea73042cc733bcf04ea920f8df5a415e29ea (0.00s)
    --- PASS: FuzzSecp256k1/b809f0a9f3eaa4815ddfc8ff6e4406f9c640502b (0.00s)
    --- PASS: FuzzSecp256k1/b85f4cf41c92c9c49216b5109ff3ae2aad2d3c43 (0.00s)
    --- PASS: FuzzSecp256k1/b881606a61c57daad89c8529589967e30d49a9f5 (0.00s)
    --- PASS: FuzzSecp256k1/b8c7fce0ad7832639df59ee4982a31e5d259e925 (0.00s)
    --- PASS: FuzzSecp256k1/bb8351c814f4776f359cbc867de102296623ea7d (0.00s)
    --- PASS: FuzzSecp256k1/bba07eae746b1048bb81dde01edba98c0d65d835 (0.00s)
    --- PASS: FuzzSecp256k1/bd87a415f763db567fb325ce3094efb898790fe6 (0.00s)
    --- PASS: FuzzSecp256k1/c0149233392a81739f29cfa90af330568c232a69 (0.00s)
    --- PASS: FuzzSecp256k1/c284e850ea7c9f053b7fcf30204761c7f4c5d1d8 (0.00s)
    --- PASS: FuzzSecp256k1/c354680416531b9c92df80af73f4bfb6f5bf3a68 (0.00s)
    --- PASS: FuzzSecp256k1/c35848076aea23e72bf5b6c7af7a606f64166432 (0.00s)
    --- PASS: FuzzSecp256k1/c396e3a5f140e4dd39365785859695dd72146f88 (0.00s)
    --- PASS: FuzzSecp256k1/c54c8600545b848169cb742af5abbccff31b00b2 (0.00s)
    --- PASS: FuzzSecp256k1/c65d5a2b695827f7b4ab5fcd49d76c8e63d6af8d (0.00s)
    --- PASS: FuzzSecp256k1/c770af60ea16b10ea21a8c66e9093231b1ef02f5 (0.00s)
    --- PASS: FuzzSecp256k1/c88d2cf0d0d6c4fbe7b958ed6fd59a64473f8b15 (0.00s)
    --- PASS: FuzzSecp256k1/c8f2ae125a9785f79c69662dad3b6b99c803acf2 (0.00s)
    --- PASS: FuzzSecp256k1/c9818d5d896f80c44dcdd3cb702b103f7375cd6e (0.00s)
    --- PASS: FuzzSecp256k1/c9de6d35af194bdec7d7f75d64458f95e49b5b6b (0.00s)
    --- PASS: FuzzSecp256k1/cbbf0d830bec749567ea05256bc279955d41c205 (0.00s)
    --- PASS: FuzzSecp256k1/cc42589990c3dc982bea39cdf80f5c88b1ad1332 (0.00s)
    --- PASS: FuzzSecp256k1/cc6b9d2f6a754c3365e4a94dfd4cb8e1fd797aa8 (0.00s)
    --- PASS: FuzzSecp256k1/cd3608f58f383a2eefb397f3f216c871d08ab521 (0.00s)
    --- PASS: FuzzSecp256k1/d36c16ae8df5de8d3c39c8d64a120626b0889762 (0.00s)
    --- PASS: FuzzSecp256k1/d486c70f13d63474c9b9447a268eace3f7770e2e (0.00s)
    --- PASS: FuzzSecp256k1/d5ac5a1cfc19e0748a240dc0f92360d89ff17f41 (0.00s)
    --- PASS: FuzzSecp256k1/d67ce83fe9372713fbc700139c4d2311bf388c9e (0.00s)
    --- PASS: FuzzSecp256k1/d693f593e45c321e53e2affb672c0895b0d8062d (0.00s)
    --- PASS: FuzzSecp256k1/d79c0daa98cc91a560cafa0743482f4a476492c7 (0.00s)
    --- PASS: FuzzSecp256k1/d7eb0c55bf9920fb07c8f026b5ae4e7c12333d7d (0.00s)
    --- PASS: FuzzSecp256k1/d9c5a0a72bf906285048ab93c61e76d2566337c8 (0.00s)
    --- PASS: FuzzSecp256k1/dc4b6c073a4cfc972e73b9f59a603882c90ee631 (0.00s)
    --- PASS: FuzzSecp256k1/dfb78912ce2f8b7354aea8186de7d09fde13ddab (0.00s)
    --- PASS: FuzzSecp256k1/dfe73ef1b49b3a94f3404562b890d17f40163e0a (0.00s)
    --- PASS: FuzzSecp256k1/e1c108a5782adeff0dee992963bc2aff6a9ed264 (0.00s)
    --- PASS: FuzzSecp256k1/e1d424626f99df6146a88cd1bf7e9f6007ff11ab (0.00s)
    --- PASS: FuzzSecp256k1/e270e5ec62c55c2cb6ce07156dccf5e2730800b8 (0.00s)
    --- PASS: FuzzSecp256k1/e2d66d7e818c3a1ea7070a709edce9c39bfa582f (0.00s)
    --- PASS: FuzzSecp256k1/e4c51fd29834324e2542d81a46b52948ce2c81ba (0.00s)
    --- PASS: FuzzSecp256k1/e543fcfc205fad7ff3c9b39a6025dc2f37e18372 (0.00s)
    --- PASS: FuzzSecp256k1/e637a71e4a45e5cd43928cdf641cec5246d33d30 (0.00s)
    --- PASS: FuzzSecp256k1/e6a49d4f053b3ed8fd189299b2c81b4919dc2850 (0.00s)
    --- PASS: FuzzSecp256k1/e7903794183f136484a07cac91eebb66b101b5da (0.00s)
    --- PASS: FuzzSecp256k1/eaca9cb4712e8eae15b811fb07080cb5ed1e22ad (0.00s)
    --- PASS: FuzzSecp256k1/eb6161981fd9d33d64ed674708ea9eb1d030ab0d (0.00s)
    --- PASS: FuzzSecp256k1/ecc460edade5f3309f30ac0906f843063beaf178 (0.00s)
    --- PASS: FuzzSecp256k1/ed5463be0994677b44af5eb253b717a2e67d46ba (0.00s)
    --- PASS: FuzzSecp256k1/eda6443c55b0a32fa220d0037040687ebe2186bc (0.00s)
    --- PASS: FuzzSecp256k1/ee5054d2c4423189feb05193693e714e243fe2e5 (0.00s)
    --- PASS: FuzzSecp256k1/f0e9530931bc046eac0ed84dd209a77189daed7b (0.00s)
    --- PASS: FuzzSecp256k1/f274d5683859c55af345f25805f6b8a7c4cfc9c4 (0.00s)
    --- PASS: FuzzSecp256k1/f3226c6256dcc9053aa51af7ba7087e52fab2968 (0.00s)
    --- PASS: FuzzSecp256k1/f4ace2a6db96f9dcf1625b9f1adc5bf56d8ece86 (0.00s)
    --- PASS: FuzzSecp256k1/f4d5594b28db8c6415419959bba9ff03158c5957 (0.00s)
    --- PASS: FuzzSecp256k1/f578a6cbee164fe1423ccd156690c111384a306f (0.00s)
    --- PASS: FuzzSecp256k1/f67a2ccb273783604e61eb30a3401ab770f513e0 (0.00s)
    --- PASS: FuzzSecp256k1/f6cd1ff9ba93395554a7c7eb03daec89570c3b5f (0.00s)
    --- PASS: FuzzSecp256k1/f6d1d3f6da7b231c391dad85ac9b3335186a4574 (0.00s)
    --- PASS: FuzzSecp256k1/f953ec8f0a7ae7653bc18aed2736ce892dd42e0b (0.00s)
    --- PASS: FuzzSecp256k1/fa2889da82b663e662057c026b93c26c51b0c47b (0.00s)
    --- PASS: FuzzSecp256k1/fb421ef0b5e59381f6c7f676ceac897851d1d5bd (0.00s)
    --- PASS: FuzzSecp256k1/fb72f1393dd8b8301e1bf83f5ee4570f0c8bb456 (0.00s)
    --- PASS: FuzzSecp256k1/fcbcf1b93d19dad48d7caf7c7cc88911703208e5 (0.00s)
    --- PASS: FuzzSecp256k1/fe216a938436dbe518b040371430f8d04a289806 (0.00s)
PASS
coverage: 81.8% of statements
ok  	github.com/morph-l2/go-ethereum/tests/fuzzers/secp256k1	0.060s	coverage: 81.8% of statements
