=== RUN   FuzzTrie
=== RUN   FuzzTrie/00803fc4cc784a9068c42cf554b4d2a40f198c78
=== RUN   FuzzTrie/00986ddb935776d8f170a61df3ca871457f64b59
=== RUN   FuzzTrie/012c248f293c76e932d27a3b0121ec134c8429b5
=== RUN   FuzzTrie/012d011eba3427ab8aef1fc3c3d228611186354a
=== RUN   FuzzTrie/0394ffb7601576ac085668c59dabc4be1c486fb3
=== RUN   FuzzTrie/03df94439cae26724dfa2651b68ce2960a6de803
=== RUN   FuzzTrie/045acaaba3272b4af5379584ef91a97b90f2e7aa
=== RUN   FuzzTrie/04891209779be226498b0be4b1d73ac88fb3d618
=== RUN   FuzzTrie/053d68f11ba383beb450adbe888b0ecc7b18d71b
=== RUN   FuzzTrie/060e03f24b0e4d60d92c7f1d1d1416fab019827e
=== RUN   FuzzTrie/0663a7fcd79e63bcf07d43596ba02781c7144ee5
=== RUN   FuzzTrie/067a8008ae0244d4139d6214cad4b4e577aa832d
=== RUN   FuzzTrie/06a0ba549484018d6f5b4c00853df3f9eb02ad95
=== RUN   FuzzTrie/06c36eca3aaffbdc27732b60929a067bdb652d9f
=== RUN   FuzzTrie/06eba6571f88cbe03f742a01dc908bbbdc40ca3e
=== RUN   FuzzTrie/07a0157a02bbad795a81874c66bc533a2fd2db04
=== RUN   FuzzTrie/07d11798ea33e35ca4d94242226ad66c3b31f96c
=== RUN   FuzzTrie/0835b1cc343661c4034af838a623b1950a5df2ae
=== RUN   FuzzTrie/09006c068ec1fc39fb9be3e162a4e1e6ce93f182
=== RUN   FuzzTrie/09828806ac7a45fc5c6c4db4d05a8db8701061d6
=== RUN   FuzzTrie/09884273c53a8ba711ce68163469ecd3f51090e5
=== RUN   FuzzTrie/09ad3ca064f30fead890d6cba0dac232cd3f40e3
=== RUN   FuzzTrie/0a1eb97054ffdb13d15adbb0b19e19b84b892c28
=== RUN   FuzzTrie/0a8d0e8ab2053e8727ba5b75af55e931e69ef8c0
=== RUN   FuzzTrie/0b3b815a1180d8e5ebb50c135e1d298f2553fb65
=== RUN   FuzzTrie/0b3e3975d314da557803d2680aef7d02ea142cd7
=== RUN   FuzzTrie/0b84e05be1be994a69b30178072c6db552ce4b18
=== RUN   FuzzTrie/0b966b98c71501a98f14489e81377b34614a77bb
=== RUN   FuzzTrie/0c67b03851172103eb329fa3d8c374714b56022b
=== RUN   FuzzTrie/0c7d27da0a69a667821f553b61e120d8a7a57c2d
=== RUN   FuzzTrie/0e09affa677f78c6cbd5b0ab1ce02d1c7f38d707
=== RUN   FuzzTrie/0ec1ff2a87076ec1925941f3e3db7c25321bda3a
=== RUN   FuzzTrie/0f2ab62284918e1222c251200589aac79934d230
=== RUN   FuzzTrie/0fcb074283ad70cdf9950d0b9229ab097875c501
=== RUN   FuzzTrie/104fc6c809919e12f519c0f043c3e9bcb78785d1
=== RUN   FuzzTrie/10af23d734185c67b2a2dcb58ec9ec7db9acabb7
=== RUN   FuzzTrie/118ce034acd3e98dce7905ae88ce2fa718f3ceae
=== RUN   FuzzTrie/15cabf638a682fb6caa94d302087f990701143da
=== RUN   FuzzTrie/15e1492cb25f7299640e8f5b338e066828b70700
=== RUN   FuzzTrie/16225893ef6c661b2b9b9472c03b1bd1a0e105d2
=== RUN   FuzzTrie/169f33dcba7210317d0d38b33e0b88070452680b
=== RUN   FuzzTrie/172a423908f648816adcc7b9b65859d57c372d02
=== RUN   FuzzTrie/176c3d797597fcb573da9cd9629230b99d571492
=== RUN   FuzzTrie/19af1350cddeec9eb4fcceebd984a308c8e6cafe
=== RUN   FuzzTrie/19bd733526a97420532d8c833a43471bc5c8bdb7
=== RUN   FuzzTrie/1d68e68081f86b5f016619e69de0dc72d7457c5c
=== RUN   FuzzTrie/1d9dddfad053ec422225cab1231b68890c033d5c
=== RUN   FuzzTrie/1ea279afb8fec78104e7bf44651d22f86578b7c5
=== RUN   FuzzTrie/1fb096ece3bf59d83157a17ed1211ab2817552ab
=== RUN   FuzzTrie/1ffcd988ca23b7a03787b83d0cb87bf0303433e6
=== RUN   FuzzTrie/215a3dbcd5a9fe7475b8d7a7c4e705e1e69106da
=== RUN   FuzzTrie/21806e322c86d7a3795cd7f164d3302c0d48e40a
=== RUN   FuzzTrie/228e2fbc5d11dfd3851f85173367475ad727afe2
=== RUN   FuzzTrie/22dfe7f7bbc380d783ae5d76d23c5c21980f0163
=== RUN   FuzzTrie/22ef2d34c8447799c28aa647c2036836564d88a3
=== RUN   FuzzTrie/23013e0b24a2a31eb17b814e778f6b54167bc4f3
=== RUN   FuzzTrie/2303a70d076fcaf173bdbb4469f070fd2fe94eb6
=== RUN   FuzzTrie/23d6287e6c19190dbc3bf692585ccb1925ee7ed6
=== RUN   FuzzTrie/23f5b279451f1a8c5e537b998a82103f4021cfa3
=== RUN   FuzzTrie/249752c347b7e2cd6efe7a12e602088854981221
=== RUN   FuzzTrie/25a85bd1bb0bcba69e51a08ba5fa2a1dd1b36e70
=== RUN   FuzzTrie/25d9531c49166f00c4d7bccbf3f1b9bd2d258e3a
=== RUN   FuzzTrie/26c763c90cd3f161c655bb0450a0623dc4030dea
=== RUN   FuzzTrie/26c857e8c5ded81ceef2b494eab1e88eb2109545
=== RUN   FuzzTrie/279345700f228d484c015b83c3fdf612a7607a85
=== RUN   FuzzTrie/27f1f04f8f47f1c0c6e20e85c89f74253715f02c
=== RUN   FuzzTrie/28005ce6ffd4c03345c0fd6401f7e8d14288e6cb
=== RUN   FuzzTrie/289c0a7a55809f7873182dc6258a733b12a0c78f
=== RUN   FuzzTrie/28f0a64f7b6f75fb03703835685e210bbaec9bd4
=== RUN   FuzzTrie/29f3e4f0c3f476d5f2b621310b265d9154846404
=== RUN   FuzzTrie/2a414d978b1052316f588038b7c73b69d6dbdab4
=== RUN   FuzzTrie/2a4ec563ce8be781d073e90f3b0045c51d084671
=== RUN   FuzzTrie/2a59d0be5feb554915ccd69dfffa04f9198d517b
=== RUN   FuzzTrie/2a81c370cee81b133af6e9ca30c974da596f9b98
=== RUN   FuzzTrie/2ba0c07fb5ee695f1aaf8ac78a73238f184cb395
=== RUN   FuzzTrie/2ca2e91def39e50029b29c4cacdcad942f3f77b1
=== RUN   FuzzTrie/2daada1600e4f97935efb61a2d6fac1daf8793a8
=== RUN   FuzzTrie/2e8251372a29182a0a1e41f11f084aac413a95bd
=== RUN   FuzzTrie/2ef369d06a463b6c4f1db10806b375299c9fd682
=== RUN   FuzzTrie/2f2f565b90fac8a6487f398acf4989583465a726
=== RUN   FuzzTrie/2f31253ba1a3c6591a3741109c77609dee9fffbf
=== RUN   FuzzTrie/2f5e3efc36d82f79d20893b76f4b19f24d5880c7
=== RUN   FuzzTrie/2f91a1eb6dec86975bcf7c1709d267019a6a9a52
=== RUN   FuzzTrie/2f9a5929d0b54a25037094855db81bfeaa4dfb8a
=== RUN   FuzzTrie/2fc83de366a0d575a6a31c5badc87c28d05ceada
=== RUN   FuzzTrie/336c34bd3b6a99b40a5009e2404a32869674d2a1
=== RUN   FuzzTrie/34dc02f33dcac174e95baa6fba06e6aa04edcd00
=== RUN   FuzzTrie/34e71b49d9ce67d17011416d10b11b9c5d5ad964
=== RUN   FuzzTrie/34ef096603b27e7552511046e87962a167f95178
=== RUN   FuzzTrie/350eba6cb293421719133f9472a5bb700fafafd9
=== RUN   FuzzTrie/35dd5862e574b7f171409175c441802e1fe5bfe4
=== RUN   FuzzTrie/366d8f024710f55918d114619bc7c0df2be7d000
=== RUN   FuzzTrie/36a3bac8419a42060abfc830b4af51f39fb477e4
=== RUN   FuzzTrie/37683e74a7896d007b3f11404b08379e7553ea1e
=== RUN   FuzzTrie/376d033cf2d05f97fcdce15c9fda6606a428e78d
=== RUN   FuzzTrie/3777e33b50a5b69643b99de70228e341f9c8502f
=== RUN   FuzzTrie/3853dc63bb6a411b1fccccb3efec71b845a06218
=== RUN   FuzzTrie/3867eb4b0f853c39bc21932d69f876dd1d54c39b
=== RUN   FuzzTrie/390d203bfd9db2bef7c0cb96a4396b5dcae76c71
=== RUN   FuzzTrie/392b72a2abc6424ce144df1532c4fcbd18f4acc1
=== RUN   FuzzTrie/3946663e330e15ce14acb55a62100ea16d571f07
=== RUN   FuzzTrie/3a0cc05cc09cd5fa69db1ae3c47595b1096696ef
=== RUN   FuzzTrie/3a319d0aab97de9af5f2bd4c543054842427dff3
=== RUN   FuzzTrie/3b850f99a7f10809471910e8104991068c51564a
=== RUN   FuzzTrie/3bf712104826f9be25dd80d3219a8493bc9f00f2
=== RUN   FuzzTrie/3cb8f68d2f9b828c374bec8dc7366c25b4f09b3d
=== RUN   FuzzTrie/3e756c6d070d43cb6307a709ee7c3ec8b699ba1f
=== RUN   FuzzTrie/3e92a2d394cb91e8e841e2e38666988570b95233
=== RUN   FuzzTrie/4018b844e05bb2eba7fa499014ebb6dcf1ff7667
=== RUN   FuzzTrie/40326af09aef24e172dd5ada5197f6e5dd78d432
=== RUN   FuzzTrie/4150ffc4cec7cf5144d91a908b1ea9d383c8e721
=== RUN   FuzzTrie/415357993a093fef3f3d789320c98e265a6a0b49
=== RUN   FuzzTrie/417df88fb41803002f61ced9691bee1a08c51541
=== RUN   FuzzTrie/4315e7a79c87d53c00e31de7bfcc5819e7be29e1
=== RUN   FuzzTrie/4463bab8de317ae8b9ddefef909c6067cc29db9d
=== RUN   FuzzTrie/44e7d80daaabaa10740b3d43908fcde073f55f06
=== RUN   FuzzTrie/44eea29eeb3ee2cd1197a5e7241c0ee6a27680ee
=== RUN   FuzzTrie/454773afddf11a03acfd2dc88dabe69ace8c31c2
=== RUN   FuzzTrie/4577ec829ca761a58da376475d57e59126ae1fa1
=== RUN   FuzzTrie/459bcac1f06181af2933cd46d49e45712daba8b7
=== RUN   FuzzTrie/45a1d7cdc4dded195d4687ccab85b4c456283180
=== RUN   FuzzTrie/45bb8e918e997afaedf8fee2a83c706c6ca9ee2f
=== RUN   FuzzTrie/464a834e187fe744dc0522f682be0e2efd28dd6e
=== RUN   FuzzTrie/46a066d47cc1fdb715c26eaf0f0146bdb77e6ca6
=== RUN   FuzzTrie/4707033b1557ad8479637a04980888ba8e64a9fa
=== RUN   FuzzTrie/48a3f52e5cd95ab2401a0de4cf7f9816009b5c4b
=== RUN   FuzzTrie/49072ce455a8bebb5230e0d6fee3f3fc31e65619
=== RUN   FuzzTrie/4972c89ce05bc1c4ba6534a89a935ba00f40f3b8
=== RUN   FuzzTrie/4aed9aaaa282396c14f961994c5c7cdff1aee841
=== RUN   FuzzTrie/4b18b926ea17c4b9feacd80753999526eb136853
=== RUN   FuzzTrie/4c06a27d4cabfc21e69a5f30f34c72ac2e723a09
=== RUN   FuzzTrie/4c562de259528ede73f1218f5cfa43c41b656e9b
=== RUN   FuzzTrie/4cae0aedac75a509b193e8056ace14dc1789fae8
=== RUN   FuzzTrie/4cbfce0be1711c791dab7fd3a58fc6567c36d72e
=== RUN   FuzzTrie/4cd5c84de2894ed9a0f270d6f13120c2b4b6f8cf
=== RUN   FuzzTrie/4d0b5ec2cd2c0c4e083d3b4af6a96fd24fbce95d
=== RUN   FuzzTrie/4d40997b772cacea8c71698aea17d347c94e12ec
=== RUN   FuzzTrie/4f53fb6b8077d4331a5f0148448ac8a6db74af23
=== RUN   FuzzTrie/4fee6119c155f5c12fa8b9e38102f1b0d32bedeb
=== RUN   FuzzTrie/50a297b538f9c2a9d1906c5ef2ef60b06f14b797
=== RUN   FuzzTrie/51153491221e41e7042ccb61242a8497b1c10fdb
=== RUN   FuzzTrie/51245cbe23ae2e4dae4f5af710209bae91fc2c78
=== RUN   FuzzTrie/51505ace40c0589801a29dd07139d2658565b2f3
=== RUN   FuzzTrie/5372ccfcaa89999fb7a535eeb7594a795b54a751
=== RUN   FuzzTrie/539acbba3498a225e65e6094d0e4de2974ebe803
=== RUN   FuzzTrie/5405f043177ecf30cba2d41d92c971b61ac5eb96
=== RUN   FuzzTrie/540d40a5639acdc0ea85767310fd6b9f499a84c3
=== RUN   FuzzTrie/5486827c5f7cf022a65d158e25181ba6281ed451
=== RUN   FuzzTrie/54b8bb565ae5450d249eba02e4468014fc4122a6
=== RUN   FuzzTrie/5587135716ac44f4e3119812558901313b7c45ac
=== RUN   FuzzTrie/559894dc0b39a8ea2d7c880c1c2f00a279d472f8
=== RUN   FuzzTrie/55a61dd4b9b9bd59e77dd8ff090cd55241aefb54
=== RUN   FuzzTrie/56766cdb456661b2d87a3c7a8034fb8f3c617319
=== RUN   FuzzTrie/56c7f99dd1d542956530ba33792946d2fe2404d2
=== RUN   FuzzTrie/5740d0a288b7d159e1e1c66259b36f63d1a74924
=== RUN   FuzzTrie/578503d9b024585e7b5d7584e81cd748c6c18f1f
=== RUN   FuzzTrie/58aa019cddef2e33f404490bb92e8795c6f378bb
=== RUN   FuzzTrie/595fec09f60cd552462b1c5cadb6000df637a70c
=== RUN   FuzzTrie/59e5cadf19dd1865a4769784c46320a998c2e4e5
=== RUN   FuzzTrie/5a36b28d8513fa4af56ec8c4c9dc25642a912f74
=== RUN   FuzzTrie/5ac1c67322be6ae76a8d171e3c8215b87cbae50c
=== RUN   FuzzTrie/5b37316eedacdcb4b3f0a40a214b94f7055996f6
=== RUN   FuzzTrie/5b410253bf8032832eabe87079a45ff5082c7a93
=== RUN   FuzzTrie/5bcb8301307235a0aab620ad7a1454b06a6c93c1
=== RUN   FuzzTrie/5e5351ede7a2b001b1641d393cb659ceec0e3b40
=== RUN   FuzzTrie/5ecb4766aca54e20cc21888bef920f71e2fbffbb
=== RUN   FuzzTrie/5f0407098fd9f1e15603ae05d894ebd1d674271e
=== RUN   FuzzTrie/5f4615b87b3347118e0d17953f1737651c1d8f6f
=== RUN   FuzzTrie/600ac0b071655bca97d0a81f5d66356d490e6ba2
=== RUN   FuzzTrie/623c4986d5d038c389d8a3645b5f5ff99934b13b
=== RUN   FuzzTrie/6243d31d22c4afbdb1c0b888a79e8c7e91313f02
=== RUN   FuzzTrie/627e86f50e36aff1d112d81f4f82616190f37928
=== RUN   FuzzTrie/62d1e578054bd1dccda5c44048cb685028b13a38
=== RUN   FuzzTrie/62fd57e66f4d0520d2d4dd1d75a50a81f035267c
=== RUN   FuzzTrie/63bf5f4bf33c340d81f04953262d8d1f23998965
=== RUN   FuzzTrie/645c7a59ab69765706e0ed48f37adb6e3a004027
=== RUN   FuzzTrie/64940034b36be6f3bd176013bcb13a51cc542ec6
=== RUN   FuzzTrie/64f562b7be8264b547939f4e221d5809d8bc4899
=== RUN   FuzzTrie/661518e2330b5a9c42853b2497072ccd488fd55d
=== RUN   FuzzTrie/67d28a4b0854f9925cf234ff69eb743816cd9e5f
=== RUN   FuzzTrie/67ebc5c76dec1165a2ec9ebc52f92bfece9ad870
=== RUN   FuzzTrie/6927353613e07b262e4655c0ee0ab4c7e916168e
=== RUN   FuzzTrie/697304180cc40fe34bd1e62acf5feb0aaa5227e2
=== RUN   FuzzTrie/6997f4f828f14cc7c1ade8402d6fa7d5ccef9e40
=== RUN   FuzzTrie/6a04196d8046063fb3a7f6e3337cf60706cc9508
=== RUN   FuzzTrie/6a7d4612f64c69135bf0c05253fc47ecc248e327
=== RUN   FuzzTrie/6af446859b678b74ffc6111db54dec9e05b14841
=== RUN   FuzzTrie/6b1fe3add5ae2e8bfb9500833a0dde24d9def6c7
=== RUN   FuzzTrie/6b5a6204c2ae6e311e1686eb0e8aaf19f1e5719a
=== RUN   FuzzTrie/6b7e4868bfe192854b5d70da68b983a75d8f8987
=== RUN   FuzzTrie/6ba64fcb325ad1b838c7cd98a1276c0aca2081d5
=== RUN   FuzzTrie/6cd9cc0c96a44b74eb0122b946f93f843d7a9655
=== RUN   FuzzTrie/6d07f7d0e471e5fe82922ad52c56d85f9e269e66
=== RUN   FuzzTrie/6dc1b2bc993a864486a76783f4e9011437e8a971
=== RUN   FuzzTrie/6ea98deb19fd5b191497692c0ad4b72272e44b8c
=== RUN   FuzzTrie/6fd790713e4cc321a9b20ae9ef848134510e94be
=== RUN   FuzzTrie/703567b35629dfe62278d4748f227be125c6c88a
=== RUN   FuzzTrie/709a7503b42f9d9af9a72a1d0b5023b94fd94c4f
=== RUN   FuzzTrie/70b34045029840b5fc6891f5a362752b249bf24c
=== RUN   FuzzTrie/7122665dc5f7f2943cfb993a3058bc75236e601a
=== RUN   FuzzTrie/713f916c4a6e87bbbfc16e8adbc0062f0e1b2240
=== RUN   FuzzTrie/72982fbd420299490c22fa5f89bf4301d44b352c
=== RUN   FuzzTrie/72d3c92a44917280de3deb45e914f2a6a6c6586f
=== RUN   FuzzTrie/7312d1652f15273fbdaa488ee61d441709543f9c
=== RUN   FuzzTrie/7317a6c8c610f9a3d11ccae38dd44d6f27345ad9
=== RUN   FuzzTrie/7329ae45b2ad5c470d5e187f63eb7178096eaa7e
=== RUN   FuzzTrie/73440c10a9e27de2334aa266ab093d5068555f5b
=== RUN   FuzzTrie/74a8cab9932e99e95e355741a7f999135664200d
=== RUN   FuzzTrie/74aded3254842fef8f756fdab13aa2c4124b04e3
=== RUN   FuzzTrie/752e9e52f5e17f3839641783ef3accbf01a0c959
=== RUN   FuzzTrie/764ace6ffd564d7d9a58c73dd55cc773483c6ea0
=== RUN   FuzzTrie/787f8e74d88ace8c64924f7a4c838b9518c2a170
=== RUN   FuzzTrie/7a2b948d670d4fa2d6a363d46a9db1ae42f76899
=== RUN   FuzzTrie/7b6d1e6854a4330e9a753bf9b928f1bb93052784
=== RUN   FuzzTrie/7bcabdb440e92205e60a2e10e23fa6ebd90ee88d
=== RUN   FuzzTrie/7bf7e7a3d962786095142840c7a6c43b90829d01
=== RUN   FuzzTrie/7cc26eeb00fa9fb819df19ff6c8adde3b47f5cc8
=== RUN   FuzzTrie/7cf31f2afa86d7e18915de40456cffae981c6ad5
=== RUN   FuzzTrie/7d300c6e32c82c8e19722eaa1e2577319891d1c6
=== RUN   FuzzTrie/7d8501c85e24f9e2540f09ad0a2930459cca7a63
=== RUN   FuzzTrie/7e220121fbebb69e7cc2aac76eea9c630e5a0588
=== RUN   FuzzTrie/7e46e85f670f808c490f63bfdd724964def41378
=== RUN   FuzzTrie/7e8f4e8a4fcb3a9deafcac0b65791e8cb8c04c83
=== RUN   FuzzTrie/7ea5c819fcf3596635cf85d670b4c4cfc4cfe06c
=== RUN   FuzzTrie/7ef0fd612149ae9ed600ed183e48ea01caf10ff4
=== RUN   FuzzTrie/7f4c974419f194e82fe90324218530ddbdcd3278
=== RUN   FuzzTrie/7ff3a497458792a42f2f25bf87a8335536fb1d52
=== RUN   FuzzTrie/8135b8e4d21775bb846d30df0d09bfcc05ea4e94
=== RUN   FuzzTrie/817444e3fbd1bbccf60b62fa0d75943e60b8d7e5
=== RUN   FuzzTrie/81b92241bf257efcb18104c843e396cf3ae4b676
=== RUN   FuzzTrie/828f026ce14c5f122e8289e06e3d09f45580a5a2
=== RUN   FuzzTrie/83058ca0aac3a743b0dea87dbb79d86b9db3f47c
=== RUN   FuzzTrie/834c4c1a1075afbfe811f02634bdbef0e8a2d213
=== RUN   FuzzTrie/84eac454af9304af85e4d1d5b6f9835529400b0f
=== RUN   FuzzTrie/8504b8fa09e796f26392e3e993e1371d73b82910
=== RUN   FuzzTrie/855f70ce9e0753ca36d7d0591147e9979af0cf71
=== RUN   FuzzTrie/8596cbaa13cea3fed08cfec60500a3ffb9b9749b
=== RUN   FuzzTrie/86b6d33336d34330bad41188f99c412828e12127
=== RUN   FuzzTrie/872451aa8ce4c8c1733ef91925560aced5f72b1f
=== RUN   FuzzTrie/8779cd76330945af9d5869fd469dfae870c68be0
=== RUN   FuzzTrie/87f31e053e32b6b4e6c9b4e68f4d1e10e90a9206
=== RUN   FuzzTrie/88333413c84e804590802f088fe191b74a6a6f6a
=== RUN   FuzzTrie/886ad88919dd75b30826c32917c8604cf9dd2e3d
=== RUN   FuzzTrie/88b45020ffc7be95930faaee1f924fcdb4122c99
=== RUN   FuzzTrie/88cf546d7391ae8d97b57028962b9df0cbeb6e7f
=== RUN   FuzzTrie/88eef187b5fe8151b2bb3ef1fa878d3680f048a3
=== RUN   FuzzTrie/8a44bf8ab65de99f491c7bfbea0e6ea2fd79e7e8
=== RUN   FuzzTrie/8a74ec86995e5c08940fce65566519187966f2a5
=== RUN   FuzzTrie/8b1058aa44fa139442653b9418e3c69d210a0f4f
=== RUN   FuzzTrie/8b76df617093e5589b280fcc11494bee3b1f496b
=== RUN   FuzzTrie/8bdbf28b974d2e7bd9730ca07311649d7297d503
=== RUN   FuzzTrie/8c64b9ff40eb81ff0e785492073146912ce9bc10
=== RUN   FuzzTrie/8c72d9511ee1699d7b5041d841593da0b375f498
=== RUN   FuzzTrie/8d191465545a2d7e6ba2c1da56d28280116d24e9
=== RUN   FuzzTrie/8dd1cd9a6c44c16b2c572195b79bbf32533061dc
=== RUN   FuzzTrie/8dd2246d6415aadfaff5b734aeb85d15fea8b41f
=== RUN   FuzzTrie/8e3008107b7e1da48a65eeb5b0cabf3340173b54
=== RUN   FuzzTrie/8e407381a5ace6fb32ad919d76ab132609b89373
=== RUN   FuzzTrie/8f6b1ce2327eaa8c406e2281eb0a8e120317e270
=== RUN   FuzzTrie/8fd95a55473272b92e4c190ca30db267f9454fa0
=== RUN   FuzzTrie/90a7e9117afd6ca8d95b6ad5c8f9178bdf71104b
=== RUN   FuzzTrie/90f5abee79661d67fa6b495d4496356fc6861eb6
=== RUN   FuzzTrie/9110151f007d7683c11c9e23810bd9fb7531f47f
=== RUN   FuzzTrie/9140fe89d969b0bfb8e0f4c9536b4946fe0a2e70
=== RUN   FuzzTrie/917d75035bcc5a370e6cf09fd50d8ab76a23e023
=== RUN   FuzzTrie/9217d5a0422af0e96d5296bfa890e1245fb1799e
=== RUN   FuzzTrie/9313550e9b3bfabcb0a9dbd1719324bc2ca72feb
=== RUN   FuzzTrie/9430d39dee78c1af90d388dfe0559f0cacdf5635
=== RUN   FuzzTrie/94549717717404f73fbd9ed772af043c1ea993ab
=== RUN   FuzzTrie/948053c4e46c0c90ab89d85a92fff2b1bf4dc8d2
=== RUN   FuzzTrie/94cfc9c99517ba742279fd81514b9f37daf07ae3
=== RUN   FuzzTrie/9543c7a5589543c6a1d0bc8e8b84cb459afc7bfa
=== RUN   FuzzTrie/956688ecff26aedf2604b746039a3e6ff482bd83
=== RUN   FuzzTrie/95dad012d7315e061f9c686c29bc937071c6e05a
=== RUN   FuzzTrie/96eb5968577332e9ed98765dcf8d07a8005ace84
=== RUN   FuzzTrie/971f8e504da4b660ccb9d55669be43456b9e5bf6
=== RUN   FuzzTrie/973af8e7c06eb3865bb09ba71207c055b7029105
=== RUN   FuzzTrie/97d4282faaf9a1cf5ad79a8e8c641c7603ea3948
=== RUN   FuzzTrie/987b5fa1de66106d9b44995284eb1b6fbb9fb016
=== RUN   FuzzTrie/9a54e3ccaf56d2cef4bad5aff616ca475952a4c8
=== RUN   FuzzTrie/9a8c0f039bbd08cc9b55e29072e51f2c1eba7af0
=== RUN   FuzzTrie/9b4c3503864441b526483bd39a52dd0e9751632a
=== RUN   FuzzTrie/9b6004590e5dbf4c29074fcd43d13ee8a12aded0
=== RUN   FuzzTrie/9bb72083e932a8d03a2e75b19624bddc6d29757b
=== RUN   FuzzTrie/9c675346d00a737ea0290a7f2ddb0d4d01c65dd9
=== RUN   FuzzTrie/9c7e540f10b37d4c811519da7d70dd19c753f14d
=== RUN   FuzzTrie/9c81300c66f2c0424fa5c13306dc1317a2a020b7
=== RUN   FuzzTrie/9cbaff8813980490e5df3a5a8823b8b4c8186fe7
=== RUN   FuzzTrie/9d6f277f9d4d3ec7dad11251a334b0c9a85acdb0
=== RUN   FuzzTrie/9daee4bac647cb5367a6c5d17e56490fa924dcaf
=== RUN   FuzzTrie/9dc9cf66ca19cda7deb2495273c2f4b273012b0b
=== RUN   FuzzTrie/9df3e76430389733d2c6e018179df3e11cfe8b99
=== RUN   FuzzTrie/9f23b1dfec62b6e166fb0a10f7182a80765ea714
=== RUN   FuzzTrie/9f58de75a339d0c39784b0651ac536bedcba62e2
=== RUN   FuzzTrie/9f6fb1ba5d90f2c857e14510ceb523c05b4626f1
=== RUN   FuzzTrie/9ffe1b31f7aab5a2ad59223e327ddf2574f34dc4
=== RUN   FuzzTrie/a04196ba2ae2670325d86c642942c0c315799678
=== RUN   FuzzTrie/a0690cb19d98223ef2b1273a4b1796fd2281c8d1
=== RUN   FuzzTrie/a1810447f2cb48c6ca24d441dace78b067f7a117
=== RUN   FuzzTrie/a1cb61096013e71b0e3fce07e489f135564ebc01
=== RUN   FuzzTrie/a22396b6b245a2c7e109f5362591d8925e8c725c
=== RUN   FuzzTrie/a2510d76d0c2d0f9edddb7a4a79251be8100845c
=== RUN   FuzzTrie/a27d3cc7242c850460dfdc0dd548f2bf197aaa0e
=== RUN   FuzzTrie/a371fa544cd35e30012c26188184da4ae48d56a8
=== RUN   FuzzTrie/a3b3c104cd5b87adbca474ba14113146a481ec19
=== RUN   FuzzTrie/a4a36c8d17ff180af3adf73f4b0bb23fc32b9889
=== RUN   FuzzTrie/a687d4fc078639a35682ec9ff52c33db1c6c40be
=== RUN   FuzzTrie/a6ba6c20b70023101ac64774f9349f2a6cd27154
=== RUN   FuzzTrie/a764d163088a4981e9c130cec35a870819cea05f
=== RUN   FuzzTrie/a807187d9ad3d20e7a7fb9654a04c65026075e8a
=== RUN   FuzzTrie/a83bce59599eab402170a39468589445d3cce904
=== RUN   FuzzTrie/a8a6e5a23975b8a0464f33fc44222fbe940c503e
=== RUN   FuzzTrie/a8d338bfb49976c99df077f3f6fe41b869c9ef5f
=== RUN   FuzzTrie/aab5f47755a11e130b586fdceea5841c710c3380
=== RUN   FuzzTrie/ab3ed880b43c44a0e25534bbc73005974eb752e6
=== RUN   FuzzTrie/ab9522aad063e758ac7d28467b097fbac9a58c50
=== RUN   FuzzTrie/abe7403db556418db83f0afaf591b6b1a2dcf6ab
=== RUN   FuzzTrie/ac1ef0c7da28b1ea131aa9b33ec52bb949325902
=== RUN   FuzzTrie/ac29d877859cbe7901cd9fb3f0ee87a82c61ebef
=== RUN   FuzzTrie/adb723808277635850298418de4eadc634da5afa
=== RUN   FuzzTrie/adc83b19e793491b1c6ea0fd8b46cd9f32e592fc
=== RUN   FuzzTrie/ae195bc609b7557731ef02453ae4d51be423eb07
=== RUN   FuzzTrie/ae46bddbda1ff6846a62576c262eeac52523d826
=== RUN   FuzzTrie/aefb2ca63b28dbd7409109c44e10166de73364a0
=== RUN   FuzzTrie/afa3f99627eeefe69a889c5867e34170058458bf
=== RUN   FuzzTrie/afbf164d70621f7e81fb435839d75d99c9ff0058
=== RUN   FuzzTrie/b023cd086ee6437d29ebc3fef8dd474c6da8a5ef
=== RUN   FuzzTrie/b04516e53e4ecdddbbb83cdba5b7ba960cabcf32
=== RUN   FuzzTrie/b13149f3a3d99aebfcc6d64f92fc827f38c2635f
=== RUN   FuzzTrie/b16d2739ac791fca31d89af754d957bee518ea10
=== RUN   FuzzTrie/b1f8610c2b5107c205caf481a78ccbd5a8c40661
=== RUN   FuzzTrie/b20df7c2d0a2ae9f8acdbede7650f2923188028d
=== RUN   FuzzTrie/b30e649f5d262a4550e706d82d0f5b7347ce8270
=== RUN   FuzzTrie/b33005dc653d269f058a545992131417b3ae6b00
=== RUN   FuzzTrie/b34b1cfd19ca0d75399d21fb794c939c566a914a
=== RUN   FuzzTrie/b34dfda4afa58df4b5aa01cfe84851cb124b62bc
=== RUN   FuzzTrie/b533265576df990cf66f2ba1d0885bb922610a77
=== RUN   FuzzTrie/b64abb6200a81cf367df65e69b3b413618038a20
=== RUN   FuzzTrie/b672b976333172094c04e8271d9f65a2d8b97e97
=== RUN   FuzzTrie/b6774f0e422b035ae8ff88d497104352902621bb
=== RUN   FuzzTrie/b68d758b85583229ae4fd08dfaa0fa94aeb7e68e
=== RUN   FuzzTrie/b6fe320b8d41b60c6f6770bc38266bef46b0d24b
=== RUN   FuzzTrie/b7a0c99ef57430effd527689d0b64477cf68d9ba
=== RUN   FuzzTrie/b834eeba85c22f1776b96c1e786d5ebce2321417
=== RUN   FuzzTrie/b8e9deba7153b998033f3006784a5991315a0260
=== RUN   FuzzTrie/b8f609ceb2d3f89d428dcf06798e8772f73b3000
=== RUN   FuzzTrie/b9e19b31854d34548c12197f4bb05f1e8954463f
=== RUN   FuzzTrie/b9e6fc56f9432e13d288e203982f99335822cee2
=== RUN   FuzzTrie/bb36b81290495313b48f53b6d6eaa249ed63c5f9
=== RUN   FuzzTrie/bb94e89c1a19c3da8550c081d4bdefd982d7a91d
=== RUN   FuzzTrie/bc9c4ace31efa5a399186486bb72c2f9b660e6c1
=== RUN   FuzzTrie/bd2264b57f5e2bd5dd5aceaf2995c33c1d9ce347
=== RUN   FuzzTrie/bdfe4d83f9b843f71637b0b9403e66d815e3af50
=== RUN   FuzzTrie/bee038d36a0ffa4ebdfda22e9ccc4bb4440bf133
=== RUN   FuzzTrie/c0307618229bc1cd20a596a06d0ed232e4177843
=== RUN   FuzzTrie/c0b2b6095fd6ada90041743778fe4b8ee244ca76
=== RUN   FuzzTrie/c10b7df23fa3455b90a68fc834ad1e692f25ce62
=== RUN   FuzzTrie/c197b8b463ce443b5137167f5a73b61251df441e
=== RUN   FuzzTrie/c26c08aaf039a3f38f64593cbbb638c170b42c3e
=== RUN   FuzzTrie/c28f6f7e2b2a05ec20304e1be570ee2c7cb09c9c
=== RUN   FuzzTrie/c2ad1a696c519a848f3e21e9940121e6a4927455
=== RUN   FuzzTrie/c32922d9c8851e65d61babe8c54c225d9f13357a
=== RUN   FuzzTrie/c3515dc89f77b380d8a72047450132f8c42905cd
=== RUN   FuzzTrie/c411632a91a35398e7d9663ec5d4f1251a4978d9
=== RUN   FuzzTrie/c43fa8ee05d07b1ce3efa8e2cbc745f012fc96a7
=== RUN   FuzzTrie/c44fe93446adf3979d4868a81e2a01ade9502c39
=== RUN   FuzzTrie/c52095aff0324eeb97ed478f801888cdf78b554b
=== RUN   FuzzTrie/c5fb1f6569c34902cab8d3d374ee5cf4447e9631
=== RUN   FuzzTrie/c6ba68a89fce328b0544d8492c3053414c3fa733
=== RUN   FuzzTrie/c73c7915442933bc8a4e5f74b76bf9aa493f1c46
=== RUN   FuzzTrie/c756d1ecaa1af9631afdd8d5a5970526b890fda9
=== RUN   FuzzTrie/c8a78e72bed9d2f2c2dffb54b58633116dabd05d
=== RUN   FuzzTrie/c8c9f63499378faffd30f2cf02cad9502453166e
=== RUN   FuzzTrie/c92dd3a137e9d3bc62f759a110a6648cee046d20
=== RUN   FuzzTrie/c9663e9bb081ee880fb6e9368f05aece41d78eb5
=== RUN   FuzzTrie/cab2d47dfc5a10bc657f2a061012c652f2e81b6d
=== RUN   FuzzTrie/cb53520f1ba40359225961f7b2342e34885fa34c
=== RUN   FuzzTrie/cbdc78399e2f193a5a81a5f0c53598e0e702ebf7
=== RUN   FuzzTrie/cc64ccbd877271391e07c0547c76669970f2499d
=== RUN   FuzzTrie/ccb3b7c49af539f61a075203731f49bb502436ac
=== RUN   FuzzTrie/ce6a412a7e23681ab43846da3b3a10a94f1bc61c
=== RUN   FuzzTrie/ceb5ecbb1fa54f8f7031982fe5766d767f4527fd
=== RUN   FuzzTrie/ceec7c676a8f32dfa7bc37ad71c23ecc0120020c
=== RUN   FuzzTrie/cfb2498332a8d306c14a9836b0cc7f89eaf0db15
=== RUN   FuzzTrie/cfba3fafa5579ea0e8a0eea378733e2b1ec96cd7
=== RUN   FuzzTrie/d01b1b5c023a28a237e4287796ebbd0ff7125c3d
=== RUN   FuzzTrie/d0b9f74d4abd9ca40445643dd8cf29ab2db32df1
=== RUN   FuzzTrie/d0c01c003b86848067052afdb49ed38477cc3fc0
=== RUN   FuzzTrie/d0c8f6b6dd81364207866b3c702a4f861a00051f
=== RUN   FuzzTrie/d12d2096de0e8dbfc8fba9aa64b47ae57360f9b1
=== RUN   FuzzTrie/d2396d6c158c859f6ffe66d6fcc6f5e2038cc607
=== RUN   FuzzTrie/d326dfbcdd0d4a894bba23953c30e8870d88e06a
=== RUN   FuzzTrie/d393b4031815998d1e9e43f5ed6c31d9e039330d
=== RUN   FuzzTrie/d39d5d141fbe807c21c3476069a59032a2caef7f
=== RUN   FuzzTrie/d409c59193f6ce26648f641e6d6388be713eb562
=== RUN   FuzzTrie/d460d673806ce343c10e9a0ad746a639a4ac6df5
=== RUN   FuzzTrie/d51dbfb72060a22ca0be4cda5d941908e59af164
=== RUN   FuzzTrie/d6397063828c4730dfd4d099961cc5d497b5f500
=== RUN   FuzzTrie/d6a3b2c11e5ef7ef8012530721ccfd494cbf32aa
=== RUN   FuzzTrie/d7a1f53df82e5da75b9a243d2fbcf5f42b8a898a
=== RUN   FuzzTrie/d8b08d06f8535a250dcc9a51390179698bc09e45
=== RUN   FuzzTrie/d8ec6fec2b29d72111128c9d6deb02bb72041565
=== RUN   FuzzTrie/d92000b05d989062bace0f4794b96741d5930988
=== RUN   FuzzTrie/d972d63128fa499f173fd9614cdde4ef5d53c933
=== RUN   FuzzTrie/d99063280e48cbc3cb7ea1587f45c3cf7892631b
=== RUN   FuzzTrie/d9a44a33cfba9087f37a7f9c83a6b66cd639fa42
=== RUN   FuzzTrie/da15a7847f7f850cb5294f44b77bdc356f7a0c2b
=== RUN   FuzzTrie/da314606016e613d0a9e4eecadcdfa7cfc82162e
=== RUN   FuzzTrie/dbf5d1238e830a10d7ac3171caa0b797fbe5ad78
=== RUN   FuzzTrie/dbfc2eb2a72c2c4fb0bc01cb944a5275a8ac95f0
=== RUN   FuzzTrie/dc36a350ab10062f572451239229f927530a38c2
=== RUN   FuzzTrie/dc89c3edd59fbf641ad3ee2c5062c8c1f67a536b
=== RUN   FuzzTrie/dcf5bf6c63ba8e32483f75660b3a6a0f5d764483
=== RUN   FuzzTrie/dd7ab1c9c883f80b60724951903ee15f624aa0b0
=== RUN   FuzzTrie/de41666001986b547874e06701985c1f22d8a435
=== RUN   FuzzTrie/de43f064e32253c22c77f1a69d9aac0996c2e8d1
=== RUN   FuzzTrie/de59299464f40a48a1688e4d58416323f9784465
=== RUN   FuzzTrie/deca633530879ab99438247a3b5de310bd185c49
=== RUN   FuzzTrie/deeaf466887ba5b1de6788e354203160a181e3de
=== RUN   FuzzTrie/df9a6a0b57c346ab85fbfc43d2d4e91700572d15
=== RUN   FuzzTrie/e049dc7cea67e2d3398c35e97376b0df1de20c4c
=== RUN   FuzzTrie/e0ab7374ab4cd2fe3cb06a8ca1c208dec2294785
=== RUN   FuzzTrie/e2bf3c20a8c05f952edf9ffc4c061d3d9897d7b2
=== RUN   FuzzTrie/e3bc6ffb08f831cf0cdcc944538c49e9f1f6777b
=== RUN   FuzzTrie/e4a11d7a7117015157e6b17b35dd5f8de158c14f
=== RUN   FuzzTrie/e522cb7aebe7529d187300c655675c4ae32a71b4
=== RUN   FuzzTrie/e59890e95bc6356cdea7cda3450405be798950fc
=== RUN   FuzzTrie/e5f9beaa35eb0e9d003931c772089d920b774365
=== RUN   FuzzTrie/e6b457ae3ee49a142980d765042db00c386d7abb
=== RUN   FuzzTrie/e6bb5e7b748bde3bcf69e05e7b6d954f408185dd
=== RUN   FuzzTrie/e6beb200fd540d3ee51e0ff735f13ecdeaa0bdd5
=== RUN   FuzzTrie/e711c4e816fa716c58a802fba750551b40adad96
=== RUN   FuzzTrie/e7e0d91346c331487ab507c6ac4bd9ca7a9ad6ab
=== RUN   FuzzTrie/ea05ddd0c14e60718c8fc0d61adaf5cfc1b1d6a2
=== RUN   FuzzTrie/eada2adf04ebb959f115ee2fd57ed97fee76ca14
=== RUN   FuzzTrie/eb1a928bc786c8a509a831c03a068060cdede847
=== RUN   FuzzTrie/eb723d199faa0e31c3f912c030e2d4256f583d3a
=== RUN   FuzzTrie/eb9ceb2c2e301140fcbe425f086ad70ac6e4819d
=== RUN   FuzzTrie/ebbdc1ce609a77125f888c896116b0f9cb3c1fce
=== RUN   FuzzTrie/ec4b59ffee004c35d3078d079355b7c74c1c3cf5
=== RUN   FuzzTrie/ecde3d0751aeb5c745a67c256eec2c52b2557dd4
=== RUN   FuzzTrie/ed4fc6eb0669e469333b109f931c9abcb5c3b6d3
=== RUN   FuzzTrie/ed77356bf241fb796fb496355c5542fa255e2f36
=== RUN   FuzzTrie/ee11806cb7bd00ac5f6d150d2cc8f0bf5db43eb2
=== RUN   FuzzTrie/eebb52d6e5e4dc2f3fcc93099419163850101614
=== RUN   FuzzTrie/efc88032a15a9741337b71d73b3f1f5d5ccfe5bf
=== RUN   FuzzTrie/f02771a73bf4c9da8fde410e581f00c3373c9a43
=== RUN   FuzzTrie/f072efed7c0f117572a5c269b5808ac53ef54372
=== RUN   FuzzTrie/f188b4773f82c0e501c5758512bfe8b36943533d
=== RUN   FuzzTrie/f1ab90d681128646fb07f8a76454f6b029b8d551
=== RUN   FuzzTrie/f367ed92034804016a463d47ebb48f5aa232bab6
=== RUN   FuzzTrie/f3d88b12240fe3bb07823fce659edb713c58848e
=== RUN   FuzzTrie/f47519aec26e6b3bbcc4e44ad5db9802f7095544
=== RUN   FuzzTrie/f4c2146d493e57694511e3c531db71c8020687fb
=== RUN   FuzzTrie/f4f3b749be6f477366bc4884b2d3dceef725d1c9
=== RUN   FuzzTrie/f55a63fde3dab8f0afd735ca5bb6d106fe19b7c4
=== RUN   FuzzTrie/f68487cc966320688b14765f781b1b5c420da926
=== RUN   FuzzTrie/f6e1dc64e7f60d929bb19c38f8ab7594a41ed80a
=== RUN   FuzzTrie/f715472e7f8560b625716d908d60065f37ae3709
=== RUN   FuzzTrie/f7c43e80a116a41ef6a5608f946593ea43fa90a1
=== RUN   FuzzTrie/f972c10be15cc521af8d0a7a404c5efd86cc218a
=== RUN   FuzzTrie/fa426c6e2deca78d597da41e78fa00f8f9dd911b
=== RUN   FuzzTrie/fbe4c9d93bf37d268acb6067eab032de224de304
=== RUN   FuzzTrie/fbf000179e29468d8f6531cba28b5e2d2a65ee2c
=== RUN   FuzzTrie/fd3038ee9237463d1138a4bddbc275aebd7417f7
=== RUN   FuzzTrie/fd71938f2587cf5db5027b73e5906667f33015a5
=== RUN   FuzzTrie/fddc3b40fd79b6c5ad1c07982f50667b54550590
=== RUN   FuzzTrie/fe1b5d500d4f766eb0fd455fc7335634e930214f
=== RUN   FuzzTrie/fea0c4aa3e07528dfb97d03f5a0dc16f18bf26a3
=== RUN   FuzzTrie/feb3d3ea73e7ec306017c86434a6660ca3fae3a8
=== RUN   FuzzTrie/ff3ed48ac79d4279abe472daf402129cff86f353
--- PASS: FuzzTrie (0.43s)
    --- PASS: FuzzTrie/00803fc4cc784a9068c42cf554b4d2a40f198c78 (0.00s)
    --- PASS: FuzzTrie/00986ddb935776d8f170a61df3ca871457f64b59 (0.00s)
    --- PASS: FuzzTrie/012c248f293c76e932d27a3b0121ec134c8429b5 (0.00s)
    --- PASS: FuzzTrie/012d011eba3427ab8aef1fc3c3d228611186354a (0.00s)
    --- PASS: FuzzTrie/0394ffb7601576ac085668c59dabc4be1c486fb3 (0.00s)
    --- PASS: FuzzTrie/03df94439cae26724dfa2651b68ce2960a6de803 (0.00s)
    --- PASS: FuzzTrie/045acaaba3272b4af5379584ef91a97b90f2e7aa (0.00s)
    --- PASS: FuzzTrie/04891209779be226498b0be4b1d73ac88fb3d618 (0.00s)
    --- PASS: FuzzTrie/053d68f11ba383beb450adbe888b0ecc7b18d71b (0.00s)
    --- PASS: FuzzTrie/060e03f24b0e4d60d92c7f1d1d1416fab019827e (0.00s)
    --- PASS: FuzzTrie/0663a7fcd79e63bcf07d43596ba02781c7144ee5 (0.00s)
    --- PASS: FuzzTrie/067a8008ae0244d4139d6214cad4b4e577aa832d (0.00s)
    --- PASS: FuzzTrie/06a0ba549484018d6f5b4c00853df3f9eb02ad95 (0.00s)
    --- PASS: FuzzTrie/06c36eca3aaffbdc27732b60929a067bdb652d9f (0.00s)
    --- PASS: FuzzTrie/06eba6571f88cbe03f742a01dc908bbbdc40ca3e (0.00s)
    --- PASS: FuzzTrie/07a0157a02bbad795a81874c66bc533a2fd2db04 (0.00s)
    --- PASS: FuzzTrie/07d11798ea33e35ca4d94242226ad66c3b31f96c (0.00s)
    --- PASS: FuzzTrie/0835b1cc343661c4034af838a623b1950a5df2ae (0.00s)
    --- PASS: FuzzTrie/09006c068ec1fc39fb9be3e162a4e1e6ce93f182 (0.00s)
    --- PASS: FuzzTrie/09828806ac7a45fc5c6c4db4d05a8db8701061d6 (0.00s)
    --- PASS: FuzzTrie/09884273c53a8ba711ce68163469ecd3f51090e5 (0.00s)
    --- PASS: FuzzTrie/09ad3ca064f30fead890d6cba0dac232cd3f40e3 (0.00s)
    --- PASS: FuzzTrie/0a1eb97054ffdb13d15adbb0b19e19b84b892c28 (0.00s)
    --- PASS: FuzzTrie/0a8d0e8ab2053e8727ba5b75af55e931e69ef8c0 (0.00s)
    --- PASS: FuzzTrie/0b3b815a1180d8e5ebb50c135e1d298f2553fb65 (0.00s)
    --- PASS: FuzzTrie/0b3e3975d314da557803d2680aef7d02ea142cd7 (0.00s)
    --- PASS: FuzzTrie/0b84e05be1be994a69b30178072c6db552ce4b18 (0.00s)
    --- PASS: FuzzTrie/0b966b98c71501a98f14489e81377b34614a77bb (0.00s)
    --- PASS: FuzzTrie/0c67b03851172103eb329fa3d8c374714b56022b (0.00s)
    --- PASS: FuzzTrie/0c7d27da0a69a667821f553b61e120d8a7a57c2d (0.00s)
    --- PASS: FuzzTrie/0e09affa677f78c6cbd5b0ab1ce02d1c7f38d707 (0.00s)
    --- PASS: FuzzTrie/0ec1ff2a87076ec1925941f3e3db7c25321bda3a (0.02s)
    --- PASS: FuzzTrie/0f2ab62284918e1222c251200589aac79934d230 (0.00s)
    --- PASS: FuzzTrie/0fcb074283ad70cdf9950d0b9229ab097875c501 (0.00s)
    --- PASS: FuzzTrie/104fc6c809919e12f519c0f043c3e9bcb78785d1 (0.00s)
    --- PASS: FuzzTrie/10af23d734185c67b2a2dcb58ec9ec7db9acabb7 (0.00s)
    --- PASS: FuzzTrie/118ce034acd3e98dce7905ae88ce2fa718f3ceae (0.00s)
    --- PASS: FuzzTrie/15cabf638a682fb6caa94d302087f990701143da (0.00s)
    --- PASS: FuzzTrie/15e1492cb25f7299640e8f5b338e066828b70700 (0.00s)
    --- PASS: FuzzTrie/16225893ef6c661b2b9b9472c03b1bd1a0e105d2 (0.00s)
    --- PASS: FuzzTrie/169f33dcba7210317d0d38b33e0b88070452680b (0.00s)
    --- PASS: FuzzTrie/172a423908f648816adcc7b9b65859d57c372d02 (0.00s)
    --- PASS: FuzzTrie/176c3d797597fcb573da9cd9629230b99d571492 (0.00s)
    --- PASS: FuzzTrie/19af1350cddeec9eb4fcceebd984a308c8e6cafe (0.00s)
    --- PASS: FuzzTrie/19bd733526a97420532d8c833a43471bc5c8bdb7 (0.00s)
    --- PASS: FuzzTrie/1d68e68081f86b5f016619e69de0dc72d7457c5c (0.00s)
    --- PASS: FuzzTrie/1d9dddfad053ec422225cab1231b68890c033d5c (0.00s)
    --- PASS: FuzzTrie/1ea279afb8fec78104e7bf44651d22f86578b7c5 (0.00s)
    --- PASS: FuzzTrie/1fb096ece3bf59d83157a17ed1211ab2817552ab (0.00s)
    --- PASS: FuzzTrie/1ffcd988ca23b7a03787b83d0cb87bf0303433e6 (0.00s)
    --- PASS: FuzzTrie/215a3dbcd5a9fe7475b8d7a7c4e705e1e69106da (0.00s)
    --- PASS: FuzzTrie/21806e322c86d7a3795cd7f164d3302c0d48e40a (0.00s)
    --- PASS: FuzzTrie/228e2fbc5d11dfd3851f85173367475ad727afe2 (0.00s)
    --- PASS: FuzzTrie/22dfe7f7bbc380d783ae5d76d23c5c21980f0163 (0.00s)
    --- PASS: FuzzTrie/22ef2d34c8447799c28aa647c2036836564d88a3 (0.00s)
    --- PASS: FuzzTrie/23013e0b24a2a31eb17b814e778f6b54167bc4f3 (0.00s)
    --- PASS: FuzzTrie/2303a70d076fcaf173bdbb4469f070fd2fe94eb6 (0.00s)
    --- PASS: FuzzTrie/23d6287e6c19190dbc3bf692585ccb1925ee7ed6 (0.00s)
    --- PASS: FuzzTrie/23f5b279451f1a8c5e537b998a82103f4021cfa3 (0.00s)
    --- PASS: FuzzTrie/249752c347b7e2cd6efe7a12e602088854981221 (0.00s)
    --- PASS: FuzzTrie/25a85bd1bb0bcba69e51a08ba5fa2a1dd1b36e70 (0.00s)
    --- PASS: FuzzTrie/25d9531c49166f00c4d7bccbf3f1b9bd2d258e3a (0.00s)
    --- PASS: FuzzTrie/26c763c90cd3f161c655bb0450a0623dc4030dea (0.00s)
    --- PASS: FuzzTrie/26c857e8c5ded81ceef2b494eab1e88eb2109545 (0.00s)
    --- PASS: FuzzTrie/279345700f228d484c015b83c3fdf612a7607a85 (0.00s)
    --- PASS: FuzzTrie/27f1f04f8f47f1c0c6e20e85c89f74253715f02c (0.00s)
    --- PASS: FuzzTrie/28005ce6ffd4c03345c0fd6401f7e8d14288e6cb (0.00s)
    --- PASS: FuzzTrie/289c0a7a55809f7873182dc6258a733b12a0c78f (0.00s)
    --- PASS: FuzzTrie/28f0a64f7b6f75fb03703835685e210bbaec9bd4 (0.00s)
    --- PASS: FuzzTrie/29f3e4f0c3f476d5f2b621310b265d9154846404 (0.00s)
    --- PASS: FuzzTrie/2a414d978b1052316f588038b7c73b69d6dbdab4 (0.00s)
    --- PASS: FuzzTrie/2a4ec563ce8be781d073e90f3b0045c51d084671 (0.00s)
    --- PASS: FuzzTrie/2a59d0be5feb554915ccd69dfffa04f9198d517b (0.00s)
    --- PASS: FuzzTrie/2a81c370cee81b133af6e9ca30c974da596f9b98 (0.00s)
    --- PASS: FuzzTrie/2ba0c07fb5ee695f1aaf8ac78a73238f184cb395 (0.00s)
    --- PASS: FuzzTrie/2ca2e91def39e50029b29c4cacdcad942f3f77b1 (0.00s)
    --- PASS: FuzzTrie/2daada1600e4f97935efb61a2d6fac1daf8793a8 (0.00s)
    --- PASS: FuzzTrie/2e8251372a29182a0a1e41f11f084aac413a95bd (0.00s)
    --- PASS: FuzzTrie/2ef369d06a463b6c4f1db10806b375299c9fd682 (0.00s)
    --- PASS: FuzzTrie/2f2f565b90fac8a6487f398acf4989583465a726 (0.00s)
    --- PASS: FuzzTrie/2f31253ba1a3c6591a3741109c77609dee9fffbf (0.00s)
    --- PASS: FuzzTrie/2f5e3efc36d82f79d20893b76f4b19f24d5880c7 (0.00s)
    --- PASS: FuzzTrie/2f91a1eb6dec86975bcf7c1709d267019a6a9a52 (0.00s)
    --- PASS: FuzzTrie/2f9a5929d0b54a25037094855db81bfeaa4dfb8a (0.00s)
    --- PASS: FuzzTrie/2fc83de366a0d575a6a31c5badc87c28d05ceada (0.00s)
    --- PASS: FuzzTrie/336c34bd3b6a99b40a5009e2404a32869674d2a1 (0.00s)
    --- PASS: FuzzTrie/34dc02f33dcac174e95baa6fba06e6aa04edcd00 (0.00s)
    --- PASS: FuzzTrie/34e71b49d9ce67d17011416d10b11b9c5d5ad964 (0.00s)
    --- PASS: FuzzTrie/34ef096603b27e7552511046e87962a167f95178 (0.00s)
    --- PASS: FuzzTrie/350eba6cb293421719133f9472a5bb700fafafd9 (0.00s)
    --- PASS: FuzzTrie/35dd5862e574b7f171409175c441802e1fe5bfe4 (0.00s)
    --- PASS: FuzzTrie/366d8f024710f55918d114619bc7c0df2be7d000 (0.00s)
    --- PASS: FuzzTrie/36a3bac8419a42060abfc830b4af51f39fb477e4 (0.00s)
    --- PASS: FuzzTrie/37683e74a7896d007b3f11404b08379e7553ea1e (0.00s)
    --- PASS: FuzzTrie/376d033cf2d05f97fcdce15c9fda6606a428e78d (0.00s)
    --- PASS: FuzzTrie/3777e33b50a5b69643b99de70228e341f9c8502f (0.00s)
    --- PASS: FuzzTrie/3853dc63bb6a411b1fccccb3efec71b845a06218 (0.00s)
    --- PASS: FuzzTrie/3867eb4b0f853c39bc21932d69f876dd1d54c39b (0.00s)
    --- PASS: FuzzTrie/390d203bfd9db2bef7c0cb96a4396b5dcae76c71 (0.00s)
    --- PASS: FuzzTrie/392b72a2abc6424ce144df1532c4fcbd18f4acc1 (0.00s)
    --- PASS: FuzzTrie/3946663e330e15ce14acb55a62100ea16d571f07 (0.00s)
    --- PASS: FuzzTrie/3a0cc05cc09cd5fa69db1ae3c47595b1096696ef (0.00s)
    --- PASS: FuzzTrie/3a319d0aab97de9af5f2bd4c543054842427dff3 (0.00s)
    --- PASS: FuzzTrie/3b850f99a7f10809471910e8104991068c51564a (0.00s)
    --- PASS: FuzzTrie/3bf712104826f9be25dd80d3219a8493bc9f00f2 (0.00s)
    --- PASS: FuzzTrie/3cb8f68d2f9b828c374bec8dc7366c25b4f09b3d (0.00s)
    --- PASS: FuzzTrie/3e756c6d070d43cb6307a709ee7c3ec8b699ba1f (0.00s)
    --- PASS: FuzzTrie/3e92a2d394cb91e8e841e2e38666988570b95233 (0.00s)
    --- PASS: FuzzTrie/4018b844e05bb2eba7fa499014ebb6dcf1ff7667 (0.00s)
    --- PASS: FuzzTrie/40326af09aef24e172dd5ada5197f6e5dd78d432 (0.00s)
    --- PASS: FuzzTrie/4150ffc4cec7cf5144d91a908b1ea9d383c8e721 (0.00s)
    --- PASS: FuzzTrie/415357993a093fef3f3d789320c98e265a6a0b49 (0.00s)
    --- PASS: FuzzTrie/417df88fb41803002f61ced9691bee1a08c51541 (0.00s)
    --- PASS: FuzzTrie/4315e7a79c87d53c00e31de7bfcc5819e7be29e1 (0.00s)
    --- PASS: FuzzTrie/4463bab8de317ae8b9ddefef909c6067cc29db9d (0.00s)
    --- PASS: FuzzTrie/44e7d80daaabaa10740b3d43908fcde073f55f06 (0.00s)
    --- PASS: FuzzTrie/44eea29eeb3ee2cd1197a5e7241c0ee6a27680ee (0.00s)
    --- PASS: FuzzTrie/454773afddf11a03acfd2dc88dabe69ace8c31c2 (0.00s)
    --- PASS: FuzzTrie/4577ec829ca761a58da376475d57e59126ae1fa1 (0.00s)
    --- PASS: FuzzTrie/459bcac1f06181af2933cd46d49e45712daba8b7 (0.00s)
    --- PASS: FuzzTrie/45a1d7cdc4dded195d4687ccab85b4c456283180 (0.00s)
    --- PASS: FuzzTrie/45bb8e918e997afaedf8fee2a83c706c6ca9ee2f (0.00s)
    --- PASS: FuzzTrie/464a834e187fe744dc0522f682be0e2efd28dd6e (0.00s)
    --- PASS: FuzzTrie/46a066d47cc1fdb715c26eaf0f0146bdb77e6ca6 (0.00s)
    --- PASS: FuzzTrie/4707033b1557ad8479637a04980888ba8e64a9fa (0.00s)
    --- PASS: FuzzTrie/48a3f52e5cd95ab2401a0de4cf7f9816009b5c4b (0.00s)
    --- PASS: FuzzTrie/49072ce455a8bebb5230e0d6fee3f3fc31e65619 (0.00s)
    --- PASS: FuzzTrie/4972c89ce05bc1c4ba6534a89a935ba00f40f3b8 (0.00s)
    --- PASS: FuzzTrie/4aed9aaaa282396c14f961994c5c7cdff1aee841 (0.00s)
    --- PASS: FuzzTrie/4b18b926ea17c4b9feacd80753999526eb136853 (0.00s)
    --- PASS: FuzzTrie/4c06a27d4cabfc21e69a5f30f34c72ac2e723a09 (0.00s)
    --- PASS: FuzzTrie/4c562de259528ede73f1218f5cfa43c41b656e9b (0.00s)
    --- PASS: FuzzTrie/4cae0aedac75a509b193e8056ace14dc1789fae8 (0.00s)
    --- PASS: FuzzTrie/4cbfce0be1711c791dab7fd3a58fc6567c36d72e (0.00s)
    --- PASS: FuzzTrie/4cd5c84de2894ed9a0f270d6f13120c2b4b6f8cf (0.01s)
    --- PASS: FuzzTrie/4d0b5ec2cd2c0c4e083d3b4af6a96fd24fbce95d (0.00s)
    --- PASS: FuzzTrie/4d40997b772cacea8c71698aea17d347c94e12ec (0.00s)
    --- PASS: FuzzTrie/4f53fb6b8077d4331a5f0148448ac8a6db74af23 (0.00s)
    --- PASS: FuzzTrie/4fee6119c155f5c12fa8b9e38102f1b0d32bedeb (0.00s)
    --- PASS: FuzzTrie/50a297b538f9c2a9d1906c5ef2ef60b06f14b797 (0.00s)
    --- PASS: FuzzTrie/51153491221e41e7042ccb61242a8497b1c10fdb (0.00s)
    --- PASS: FuzzTrie/51245cbe23ae2e4dae4f5af710209bae91fc2c78 (0.00s)
    --- PASS: FuzzTrie/51505ace40c0589801a29dd07139d2658565b2f3 (0.01s)
    --- PASS: FuzzTrie/5372ccfcaa89999fb7a535eeb7594a795b54a751 (0.00s)
    --- PASS: FuzzTrie/539acbba3498a225e65e6094d0e4de2974ebe803 (0.00s)
    --- PASS: FuzzTrie/5405f043177ecf30cba2d41d92c971b61ac5eb96 (0.00s)
    --- PASS: FuzzTrie/540d40a5639acdc0ea85767310fd6b9f499a84c3 (0.00s)
    --- PASS: FuzzTrie/5486827c5f7cf022a65d158e25181ba6281ed451 (0.00s)
    --- PASS: FuzzTrie/54b8bb565ae5450d249eba02e4468014fc4122a6 (0.00s)
    --- PASS: FuzzTrie/5587135716ac44f4e3119812558901313b7c45ac (0.00s)
    --- PASS: FuzzTrie/559894dc0b39a8ea2d7c880c1c2f00a279d472f8 (0.00s)
    --- PASS: FuzzTrie/55a61dd4b9b9bd59e77dd8ff090cd55241aefb54 (0.00s)
    --- PASS: FuzzTrie/56766cdb456661b2d87a3c7a8034fb8f3c617319 (0.00s)
    --- PASS: FuzzTrie/56c7f99dd1d542956530ba33792946d2fe2404d2 (0.01s)
    --- PASS: FuzzTrie/5740d0a288b7d159e1e1c66259b36f63d1a74924 (0.00s)
    --- PASS: FuzzTrie/578503d9b024585e7b5d7584e81cd748c6c18f1f (0.00s)
    --- PASS: FuzzTrie/58aa019cddef2e33f404490bb92e8795c6f378bb (0.00s)
    --- PASS: FuzzTrie/595fec09f60cd552462b1c5cadb6000df637a70c (0.00s)
    --- PASS: FuzzTrie/59e5cadf19dd1865a4769784c46320a998c2e4e5 (0.00s)
    --- PASS: FuzzTrie/5a36b28d8513fa4af56ec8c4c9dc25642a912f74 (0.00s)
    --- PASS: FuzzTrie/5ac1c67322be6ae76a8d171e3c8215b87cbae50c (0.00s)
    --- PASS: FuzzTrie/5b37316eedacdcb4b3f0a40a214b94f7055996f6 (0.00s)
    --- PASS: FuzzTrie/5b410253bf8032832eabe87079a45ff5082c7a93 (0.00s)
    --- PASS: FuzzTrie/5bcb8301307235a0aab620ad7a1454b06a6c93c1 (0.00s)
    --- PASS: FuzzTrie/5e5351ede7a2b001b1641d393cb659ceec0e3b40 (0.00s)
    --- PASS: FuzzTrie/5ecb4766aca54e20cc21888bef920f71e2fbffbb (0.00s)
    --- PASS: FuzzTrie/5f0407098fd9f1e15603ae05d894ebd1d674271e (0.00s)
    --- PASS: FuzzTrie/5f4615b87b3347118e0d17953f1737651c1d8f6f (0.00s)
    --- PASS: FuzzTrie/600ac0b071655bca97d0a81f5d66356d490e6ba2 (0.00s)
    --- PASS: FuzzTrie/623c4986d5d038c389d8a3645b5f5ff99934b13b (0.01s)
    --- PASS: FuzzTrie/6243d31d22c4afbdb1c0b888a79e8c7e91313f02 (0.00s)
    --- PASS: FuzzTrie/627e86f50e36aff1d112d81f4f82616190f37928 (0.00s)
    --- PASS: FuzzTrie/62d1e578054bd1dccda5c44048cb685028b13a38 (0.00s)
    --- PASS: FuzzTrie/62fd57e66f4d0520d2d4dd1d75a50a81f035267c (0.00s)
    --- PASS: FuzzTrie/63bf5f4bf33c340d81f04953262d8d1f23998965 (0.00s)
    --- PASS: FuzzTrie/645c7a59ab69765706e0ed48f37adb6e3a004027 (0.02s)
    --- PASS: FuzzTrie/64940034b36be6f3bd176013bcb13a51cc542ec6 (0.00s)
    --- PASS: FuzzTrie/64f562b7be8264b547939f4e221d5809d8bc4899 (0.00s)
    --- PASS: FuzzTrie/661518e2330b5a9c42853b2497072ccd488fd55d (0.00s)
    --- PASS: FuzzTrie/67d28a4b0854f9925cf234ff69eb743816cd9e5f (0.00s)
    --- PASS: FuzzTrie/67ebc5c76dec1165a2ec9ebc52f92bfece9ad870 (0.00s)
    --- PASS: FuzzTrie/6927353613e07b262e4655c0ee0ab4c7e916168e (0.00s)
    --- PASS: FuzzTrie/697304180cc40fe34bd1e62acf5feb0aaa5227e2 (0.00s)
    --- PASS: FuzzTrie/6997f4f828f14cc7c1ade8402d6fa7d5ccef9e40 (0.00s)
    --- PASS: FuzzTrie/6a04196d8046063fb3a7f6e3337cf60706cc9508 (0.00s)
    --- PASS: FuzzTrie/6a7d4612f64c69135bf0c05253fc47ecc248e327 (0.00s)
    --- PASS: FuzzTrie/6af446859b678b74ffc6111db54dec9e05b14841 (0.00s)
    --- PASS: FuzzTrie/6b1fe3add5ae2e8bfb9500833a0dde24d9def6c7 (0.00s)
    --- PASS: FuzzTrie/6b5a6204c2ae6e311e1686eb0e8aaf19f1e5719a (0.00s)
    --- PASS: FuzzTrie/6b7e4868bfe192854b5d70da68b983a75d8f8987 (0.00s)
    --- PASS: FuzzTrie/6ba64fcb325ad1b838c7cd98a1276c0aca2081d5 (0.00s)
    --- PASS: FuzzTrie/6cd9cc0c96a44b74eb0122b946f93f843d7a9655 (0.00s)
    --- PASS: FuzzTrie/6d07f7d0e471e5fe82922ad52c56d85f9e269e66 (0.00s)
    --- PASS: FuzzTrie/6dc1b2bc993a864486a76783f4e9011437e8a971 (0.00s)
    --- PASS: FuzzTrie/6ea98deb19fd5b191497692c0ad4b72272e44b8c (0.00s)
    --- PASS: FuzzTrie/6fd790713e4cc321a9b20ae9ef848134510e94be (0.00s)
    --- PASS: FuzzTrie/703567b35629dfe62278d4748f227be125c6c88a (0.00s)
    --- PASS: FuzzTrie/709a7503b42f9d9af9a72a1d0b5023b94fd94c4f (0.00s)
    --- PASS: FuzzTrie/70b34045029840b5fc6891f5a362752b249bf24c (0.00s)
    --- PASS: FuzzTrie/7122665dc5f7f2943cfb993a3058bc75236e601a (0.00s)
    --- PASS: FuzzTrie/713f916c4a6e87bbbfc16e8adbc0062f0e1b2240 (0.00s)
    --- PASS: FuzzTrie/72982fbd420299490c22fa5f89bf4301d44b352c (0.00s)
    --- PASS: FuzzTrie/72d3c92a44917280de3deb45e914f2a6a6c6586f (0.00s)
    --- PASS: FuzzTrie/7312d1652f15273fbdaa488ee61d441709543f9c (0.00s)
    --- PASS: FuzzTrie/7317a6c8c610f9a3d11ccae38dd44d6f27345ad9 (0.01s)
    --- PASS: FuzzTrie/7329ae45b2ad5c470d5e187f63eb7178096eaa7e (0.00s)
    --- PASS: FuzzTrie/73440c10a9e27de2334aa266ab093d5068555f5b (0.00s)
    --- PASS: FuzzTrie/74a8cab9932e99e95e355741a7f999135664200d (0.00s)
    --- PASS: FuzzTrie/74aded3254842fef8f756fdab13aa2c4124b04e3 (0.00s)
    --- PASS: FuzzTrie/752e9e52f5e17f3839641783ef3accbf01a0c959 (0.00s)
    --- PASS: FuzzTrie/764ace6ffd564d7d9a58c73dd55cc773483c6ea0 (0.00s)
    --- PASS: FuzzTrie/787f8e74d88ace8c64924f7a4c838b9518c2a170 (0.00s)
    --- PASS: FuzzTrie/7a2b948d670d4fa2d6a363d46a9db1ae42f76899 (0.00s)
    --- PASS: FuzzTrie/7b6d1e6854a4330e9a753bf9b928f1bb93052784 (0.00s)
    --- PASS: FuzzTrie/7bcabdb440e92205e60a2e10e23fa6ebd90ee88d (0.00s)
    --- PASS: FuzzTrie/7bf7e7a3d962786095142840c7a6c43b90829d01 (0.00s)
    --- PASS: FuzzTrie/7cc26eeb00fa9fb819df19ff6c8adde3b47f5cc8 (0.01s)
    --- PASS: FuzzTrie/7cf31f2afa86d7e18915de40456cffae981c6ad5 (0.00s)
    --- PASS: FuzzTrie/7d300c6e32c82c8e19722eaa1e2577319891d1c6 (0.00s)
    --- PASS: FuzzTrie/7d8501c85e24f9e2540f09ad0a2930459cca7a63 (0.00s)
    --- PASS: FuzzTrie/7e220121fbebb69e7cc2aac76eea9c630e5a0588 (0.00s)
    --- PASS: FuzzTrie/7e46e85f670f808c490f63bfdd724964def41378 (0.00s)
    --- PASS: FuzzTrie/7e8f4e8a4fcb3a9deafcac0b65791e8cb8c04c83 (0.00s)
    --- PASS: FuzzTrie/7ea5c819fcf3596635cf85d670b4c4cfc4cfe06c (0.00s)
    --- PASS: FuzzTrie/7ef0fd612149ae9ed600ed183e48ea01caf10ff4 (0.00s)
    --- PASS: FuzzTrie/7f4c974419f194e82fe90324218530ddbdcd3278 (0.00s)
    --- PASS: FuzzTrie/7ff3a497458792a42f2f25bf87a8335536fb1d52 (0.00s)
    --- PASS: FuzzTrie/8135b8e4d21775bb846d30df0d09bfcc05ea4e94 (0.00s)
    --- PASS: FuzzTrie/817444e3fbd1bbccf60b62fa0d75943e60b8d7e5 (0.00s)
    --- PASS: FuzzTrie/81b92241bf257efcb18104c843e396cf3ae4b676 (0.00s)
    --- PASS: FuzzTrie/828f026ce14c5f122e8289e06e3d09f45580a5a2 (0.00s)
    --- PASS: FuzzTrie/83058ca0aac3a743b0dea87dbb79d86b9db3f47c (0.00s)
    --- PASS: FuzzTrie/834c4c1a1075afbfe811f02634bdbef0e8a2d213 (0.00s)
    --- PASS: FuzzTrie/84eac454af9304af85e4d1d5b6f9835529400b0f (0.00s)
    --- PASS: FuzzTrie/8504b8fa09e796f26392e3e993e1371d73b82910 (0.00s)
    --- PASS: FuzzTrie/855f70ce9e0753ca36d7d0591147e9979af0cf71 (0.00s)
    --- PASS: FuzzTrie/8596cbaa13cea3fed08cfec60500a3ffb9b9749b (0.00s)
    --- PASS: FuzzTrie/86b6d33336d34330bad41188f99c412828e12127 (0.00s)
    --- PASS: FuzzTrie/872451aa8ce4c8c1733ef91925560aced5f72b1f (0.01s)
    --- PASS: FuzzTrie/8779cd76330945af9d5869fd469dfae870c68be0 (0.00s)
    --- PASS: FuzzTrie/87f31e053e32b6b4e6c9b4e68f4d1e10e90a9206 (0.00s)
    --- PASS: FuzzTrie/88333413c84e804590802f088fe191b74a6a6f6a (0.00s)
    --- PASS: FuzzTrie/886ad88919dd75b30826c32917c8604cf9dd2e3d (0.00s)
    --- PASS: FuzzTrie/88b45020ffc7be95930faaee1f924fcdb4122c99 (0.00s)
    --- PASS: FuzzTrie/88cf546d7391ae8d97b57028962b9df0cbeb6e7f (0.00s)
    --- PASS: FuzzTrie/88eef187b5fe8151b2bb3ef1fa878d3680f048a3 (0.00s)
    --- PASS: FuzzTrie/8a44bf8ab65de99f491c7bfbea0e6ea2fd79e7e8 (0.00s)
    --- PASS: FuzzTrie/8a74ec86995e5c08940fce65566519187966f2a5 (0.00s)
    --- PASS: FuzzTrie/8b1058aa44fa139442653b9418e3c69d210a0f4f (0.00s)
    --- PASS: FuzzTrie/8b76df617093e5589b280fcc11494bee3b1f496b (0.00s)
    --- PASS: FuzzTrie/8bdbf28b974d2e7bd9730ca07311649d7297d503 (0.00s)
    --- PASS: FuzzTrie/8c64b9ff40eb81ff0e785492073146912ce9bc10 (0.00s)
    --- PASS: FuzzTrie/8c72d9511ee1699d7b5041d841593da0b375f498 (0.00s)
    --- PASS: FuzzTrie/8d191465545a2d7e6ba2c1da56d28280116d24e9 (0.00s)
    --- PASS: FuzzTrie/8dd1cd9a6c44c16b2c572195b79bbf32533061dc (0.00s)
    --- PASS: FuzzTrie/8dd2246d6415aadfaff5b734aeb85d15fea8b41f (0.00s)
    --- PASS: FuzzTrie/8e3008107b7e1da48a65eeb5b0cabf3340173b54 (0.00s)
    --- PASS: FuzzTrie/8e407381a5ace6fb32ad919d76ab132609b89373 (0.00s)
    --- PASS: FuzzTrie/8f6b1ce2327eaa8c406e2281eb0a8e120317e270 (0.00s)
    --- PASS: FuzzTrie/8fd95a55473272b92e4c190ca30db267f9454fa0 (0.00s)
    --- PASS: FuzzTrie/90a7e9117afd6ca8d95b6ad5c8f9178bdf71104b (0.00s)
    --- PASS: FuzzTrie/90f5abee79661d67fa6b495d4496356fc6861eb6 (0.00s)
    --- PASS: FuzzTrie/9110151f007d7683c11c9e23810bd9fb7531f47f (0.00s)
    --- PASS: FuzzTrie/9140fe89d969b0bfb8e0f4c9536b4946fe0a2e70 (0.00s)
    --- PASS: FuzzTrie/917d75035bcc5a370e6cf09fd50d8ab76a23e023 (0.00s)
    --- PASS: FuzzTrie/9217d5a0422af0e96d5296bfa890e1245fb1799e (0.00s)
    --- PASS: FuzzTrie/9313550e9b3bfabcb0a9dbd1719324bc2ca72feb (0.00s)
    --- PASS: FuzzTrie/9430d39dee78c1af90d388dfe0559f0cacdf5635 (0.00s)
    --- PASS: FuzzTrie/94549717717404f73fbd9ed772af043c1ea993ab (0.00s)
    --- PASS: FuzzTrie/948053c4e46c0c90ab89d85a92fff2b1bf4dc8d2 (0.00s)
    --- PASS: FuzzTrie/94cfc9c99517ba742279fd81514b9f37daf07ae3 (0.00s)
    --- PASS: FuzzTrie/9543c7a5589543c6a1d0bc8e8b84cb459afc7bfa (0.00s)
    --- PASS: FuzzTrie/956688ecff26aedf2604b746039a3e6ff482bd83 (0.00s)
    --- PASS: FuzzTrie/95dad012d7315e061f9c686c29bc937071c6e05a (0.00s)
    --- PASS: FuzzTrie/96eb5968577332e9ed98765dcf8d07a8005ace84 (0.00s)
    --- PASS: FuzzTrie/971f8e504da4b660ccb9d55669be43456b9e5bf6 (0.01s)
    --- PASS: FuzzTrie/973af8e7c06eb3865bb09ba71207c055b7029105 (0.00s)
    --- PASS: FuzzTrie/97d4282faaf9a1cf5ad79a8e8c641c7603ea3948 (0.00s)
    --- PASS: FuzzTrie/987b5fa1de66106d9b44995284eb1b6fbb9fb016 (0.00s)
    --- PASS: FuzzTrie/9a54e3ccaf56d2cef4bad5aff616ca475952a4c8 (0.00s)
    --- PASS: FuzzTrie/9a8c0f039bbd08cc9b55e29072e51f2c1eba7af0 (0.00s)
    --- PASS: FuzzTrie/9b4c3503864441b526483bd39a52dd0e9751632a (0.00s)
    --- PASS: FuzzTrie/9b6004590e5dbf4c29074fcd43d13ee8a12aded0 (0.00s)
    --- PASS: FuzzTrie/9bb72083e932a8d03a2e75b19624bddc6d29757b (0.00s)
    --- PASS: FuzzTrie/9c675346d00a737ea0290a7f2ddb0d4d01c65dd9 (0.00s)
    --- PASS: FuzzTrie/9c7e540f10b37d4c811519da7d70dd19c753f14d (0.00s)
    --- PASS: FuzzTrie/9c81300c66f2c0424fa5c13306dc1317a2a020b7 (0.00s)
    --- PASS: FuzzTrie/9cbaff8813980490e5df3a5a8823b8b4c8186fe7 (0.00s)
    --- PASS: FuzzTrie/9d6f277f9d4d3ec7dad11251a334b0c9a85acdb0 (0.00s)
    --- PASS: FuzzTrie/9daee4bac647cb5367a6c5d17e56490fa924dcaf (0.00s)
    --- PASS: FuzzTrie/9dc9cf66ca19cda7deb2495273c2f4b273012b0b (0.00s)
    --- PASS: FuzzTrie/9df3e76430389733d2c6e018179df3e11cfe8b99 (0.00s)
    --- PASS: FuzzTrie/9f23b1dfec62b6e166fb0a10f7182a80765ea714 (0.00s)
    --- PASS: FuzzTrie/9f58de75a339d0c39784b0651ac536bedcba62e2 (0.00s)
    --- PASS: FuzzTrie/9f6fb1ba5d90f2c857e14510ceb523c05b4626f1 (0.00s)
    --- PASS: FuzzTrie/9ffe1b31f7aab5a2ad59223e327ddf2574f34dc4 (0.00s)
    --- PASS: FuzzTrie/a04196ba2ae2670325d86c642942c0c315799678 (0.00s)
    --- PASS: FuzzTrie/a0690cb19d98223ef2b1273a4b1796fd2281c8d1 (0.00s)
    --- PASS: FuzzTrie/a1810447f2cb48c6ca24d441dace78b067f7a117 (0.00s)
    --- PASS: FuzzTrie/a1cb61096013e71b0e3fce07e489f135564ebc01 (0.00s)
    --- PASS: FuzzTrie/a22396b6b245a2c7e109f5362591d8925e8c725c (0.00s)
    --- PASS: FuzzTrie/a2510d76d0c2d0f9edddb7a4a79251be8100845c (0.00s)
    --- PASS: FuzzTrie/a27d3cc7242c850460dfdc0dd548f2bf197aaa0e (0.00s)
    --- PASS: FuzzTrie/a371fa544cd35e30012c26188184da4ae48d56a8 (0.00s)
    --- PASS: FuzzTrie/a3b3c104cd5b87adbca474ba14113146a481ec19 (0.00s)
    --- PASS: FuzzTrie/a4a36c8d17ff180af3adf73f4b0bb23fc32b9889 (0.00s)
    --- PASS: FuzzTrie/a687d4fc078639a35682ec9ff52c33db1c6c40be (0.00s)
    --- PASS: FuzzTrie/a6ba6c20b70023101ac64774f9349f2a6cd27154 (0.00s)
    --- PASS: FuzzTrie/a764d163088a4981e9c130cec35a870819cea05f (0.00s)
    --- PASS: FuzzTrie/a807187d9ad3d20e7a7fb9654a04c65026075e8a (0.00s)
    --- PASS: FuzzTrie/a83bce59599eab402170a39468589445d3cce904 (0.00s)
    --- PASS: FuzzTrie/a8a6e5a23975b8a0464f33fc44222fbe940c503e (0.01s)
    --- PASS: FuzzTrie/a8d338bfb49976c99df077f3f6fe41b869c9ef5f (0.00s)
    --- PASS: FuzzTrie/aab5f47755a11e130b586fdceea5841c710c3380 (0.00s)
    --- PASS: FuzzTrie/ab3ed880b43c44a0e25534bbc73005974eb752e6 (0.00s)
    --- PASS: FuzzTrie/ab9522aad063e758ac7d28467b097fbac9a58c50 (0.00s)
    --- PASS: FuzzTrie/abe7403db556418db83f0afaf591b6b1a2dcf6ab (0.00s)
    --- PASS: FuzzTrie/ac1ef0c7da28b1ea131aa9b33ec52bb949325902 (0.00s)
    --- PASS: FuzzTrie/ac29d877859cbe7901cd9fb3f0ee87a82c61ebef (0.00s)
    --- PASS: FuzzTrie/adb723808277635850298418de4eadc634da5afa (0.00s)
    --- PASS: FuzzTrie/adc83b19e793491b1c6ea0fd8b46cd9f32e592fc (0.00s)
    --- PASS: FuzzTrie/ae195bc609b7557731ef02453ae4d51be423eb07 (0.00s)
    --- PASS: FuzzTrie/ae46bddbda1ff6846a62576c262eeac52523d826 (0.00s)
    --- PASS: FuzzTrie/aefb2ca63b28dbd7409109c44e10166de73364a0 (0.00s)
    --- PASS: FuzzTrie/afa3f99627eeefe69a889c5867e34170058458bf (0.00s)
    --- PASS: FuzzTrie/afbf164d70621f7e81fb435839d75d99c9ff0058 (0.00s)
    --- PASS: FuzzTrie/b023cd086ee6437d29ebc3fef8dd474c6da8a5ef (0.00s)
    --- PASS: FuzzTrie/b04516e53e4ecdddbbb83cdba5b7ba960cabcf32 (0.00s)
    --- PASS: FuzzTrie/b13149f3a3d99aebfcc6d64f92fc827f38c2635f (0.02s)
    --- PASS: FuzzTrie/b16d2739ac791fca31d89af754d957bee518ea10 (0.00s)
    --- PASS: FuzzTrie/b1f8610c2b5107c205caf481a78ccbd5a8c40661 (0.00s)
    --- PASS: FuzzTrie/b20df7c2d0a2ae9f8acdbede7650f2923188028d (0.00s)
    --- PASS: FuzzTrie/b30e649f5d262a4550e706d82d0f5b7347ce8270 (0.00s)
    --- PASS: FuzzTrie/b33005dc653d269f058a545992131417b3ae6b00 (0.00s)
    --- PASS: FuzzTrie/b34b1cfd19ca0d75399d21fb794c939c566a914a (0.00s)
    --- PASS: FuzzTrie/b34dfda4afa58df4b5aa01cfe84851cb124b62bc (0.00s)
    --- PASS: FuzzTrie/b533265576df990cf66f2ba1d0885bb922610a77 (0.00s)
    --- PASS: FuzzTrie/b64abb6200a81cf367df65e69b3b413618038a20 (0.00s)
    --- PASS: FuzzTrie/b672b976333172094c04e8271d9f65a2d8b97e97 (0.00s)
    --- PASS: FuzzTrie/b6774f0e422b035ae8ff88d497104352902621bb (0.00s)
    --- PASS: FuzzTrie/b68d758b85583229ae4fd08dfaa0fa94aeb7e68e (0.00s)
    --- PASS: FuzzTrie/b6fe320b8d41b60c6f6770bc38266bef46b0d24b (0.00s)
    --- PASS: FuzzTrie/b7a0c99ef57430effd527689d0b64477cf68d9ba (0.00s)
    --- PASS: FuzzTrie/b834eeba85c22f1776b96c1e786d5ebce2321417 (0.00s)
    --- PASS: FuzzTrie/b8e9deba7153b998033f3006784a5991315a0260 (0.00s)
    --- PASS: FuzzTrie/b8f609ceb2d3f89d428dcf06798e8772f73b3000 (0.00s)
    --- PASS: FuzzTrie/b9e19b31854d34548c12197f4bb05f1e8954463f (0.00s)
    --- PASS: FuzzTrie/b9e6fc56f9432e13d288e203982f99335822cee2 (0.00s)
    --- PASS: FuzzTrie/bb36b81290495313b48f53b6d6eaa249ed63c5f9 (0.00s)
    --- PASS: FuzzTrie/bb94e89c1a19c3da8550c081d4bdefd982d7a91d (0.00s)
    --- PASS: FuzzTrie/bc9c4ace31efa5a399186486bb72c2f9b660e6c1 (0.00s)
    --- PASS: FuzzTrie/bd2264b57f5e2bd5dd5aceaf2995c33c1d9ce347 (0.00s)
    --- PASS: FuzzTrie/bdfe4d83f9b843f71637b0b9403e66d815e3af50 (0.00s)
    --- PASS: FuzzTrie/bee038d36a0ffa4ebdfda22e9ccc4bb4440bf133 (0.00s)
    --- PASS: FuzzTrie/c0307618229bc1cd20a596a06d0ed232e4177843 (0.00s)
    --- PASS: FuzzTrie/c0b2b6095fd6ada90041743778fe4b8ee244ca76 (0.00s)
    --- PASS: FuzzTrie/c10b7df23fa3455b90a68fc834ad1e692f25ce62 (0.00s)
    --- PASS: FuzzTrie/c197b8b463ce443b5137167f5a73b61251df441e (0.00s)
    --- PASS: FuzzTrie/c26c08aaf039a3f38f64593cbbb638c170b42c3e (0.00s)
    --- PASS: FuzzTrie/c28f6f7e2b2a05ec20304e1be570ee2c7cb09c9c (0.02s)
    --- PASS: FuzzTrie/c2ad1a696c519a848f3e21e9940121e6a4927455 (0.00s)
    --- PASS: FuzzTrie/c32922d9c8851e65d61babe8c54c225d9f13357a (0.00s)
    --- PASS: FuzzTrie/c3515dc89f77b380d8a72047450132f8c42905cd (0.00s)
    --- PASS: FuzzTrie/c411632a91a35398e7d9663ec5d4f1251a4978d9 (0.00s)
    --- PASS: FuzzTrie/c43fa8ee05d07b1ce3efa8e2cbc745f012fc96a7 (0.00s)
    --- PASS: FuzzTrie/c44fe93446adf3979d4868a81e2a01ade9502c39 (0.00s)
    --- PASS: FuzzTrie/c52095aff0324eeb97ed478f801888cdf78b554b (0.00s)
    --- PASS: FuzzTrie/c5fb1f6569c34902cab8d3d374ee5cf4447e9631 (0.00s)
    --- PASS: FuzzTrie/c6ba68a89fce328b0544d8492c3053414c3fa733 (0.00s)
    --- PASS: FuzzTrie/c73c7915442933bc8a4e5f74b76bf9aa493f1c46 (0.00s)
    --- PASS: FuzzTrie/c756d1ecaa1af9631afdd8d5a5970526b890fda9 (0.00s)
    --- PASS: FuzzTrie/c8a78e72bed9d2f2c2dffb54b58633116dabd05d (0.01s)
    --- PASS: FuzzTrie/c8c9f63499378faffd30f2cf02cad9502453166e (0.00s)
    --- PASS: FuzzTrie/c92dd3a137e9d3bc62f759a110a6648cee046d20 (0.00s)
    --- PASS: FuzzTrie/c9663e9bb081ee880fb6e9368f05aece41d78eb5 (0.00s)
    --- PASS: FuzzTrie/cab2d47dfc5a10bc657f2a061012c652f2e81b6d (0.00s)
    --- PASS: FuzzTrie/cb53520f1ba40359225961f7b2342e34885fa34c (0.00s)
    --- PASS: FuzzTrie/cbdc78399e2f193a5a81a5f0c53598e0e702ebf7 (0.00s)
    --- PASS: FuzzTrie/cc64ccbd877271391e07c0547c76669970f2499d (0.00s)
    --- PASS: FuzzTrie/ccb3b7c49af539f61a075203731f49bb502436ac (0.01s)
    --- PASS: FuzzTrie/ce6a412a7e23681ab43846da3b3a10a94f1bc61c (0.01s)
    --- PASS: FuzzTrie/ceb5ecbb1fa54f8f7031982fe5766d767f4527fd (0.00s)
    --- PASS: FuzzTrie/ceec7c676a8f32dfa7bc37ad71c23ecc0120020c (0.00s)
    --- PASS: FuzzTrie/cfb2498332a8d306c14a9836b0cc7f89eaf0db15 (0.00s)
    --- PASS: FuzzTrie/cfba3fafa5579ea0e8a0eea378733e2b1ec96cd7 (0.00s)
    --- PASS: FuzzTrie/d01b1b5c023a28a237e4287796ebbd0ff7125c3d (0.00s)
    --- PASS: FuzzTrie/d0b9f74d4abd9ca40445643dd8cf29ab2db32df1 (0.00s)
    --- PASS: FuzzTrie/d0c01c003b86848067052afdb49ed38477cc3fc0 (0.00s)
    --- PASS: FuzzTrie/d0c8f6b6dd81364207866b3c702a4f861a00051f (0.00s)
    --- PASS: FuzzTrie/d12d2096de0e8dbfc8fba9aa64b47ae57360f9b1 (0.01s)
    --- PASS: FuzzTrie/d2396d6c158c859f6ffe66d6fcc6f5e2038cc607 (0.00s)
    --- PASS: FuzzTrie/d326dfbcdd0d4a894bba23953c30e8870d88e06a (0.00s)
    --- PASS: FuzzTrie/d393b4031815998d1e9e43f5ed6c31d9e039330d (0.00s)
    --- PASS: FuzzTrie/d39d5d141fbe807c21c3476069a59032a2caef7f (0.00s)
    --- PASS: FuzzTrie/d409c59193f6ce26648f641e6d6388be713eb562 (0.01s)
    --- PASS: FuzzTrie/d460d673806ce343c10e9a0ad746a639a4ac6df5 (0.00s)
    --- PASS: FuzzTrie/d51dbfb72060a22ca0be4cda5d941908e59af164 (0.00s)
    --- PASS: FuzzTrie/d6397063828c4730dfd4d099961cc5d497b5f500 (0.00s)
    --- PASS: FuzzTrie/d6a3b2c11e5ef7ef8012530721ccfd494cbf32aa (0.00s)
    --- PASS: FuzzTrie/d7a1f53df82e5da75b9a243d2fbcf5f42b8a898a (0.00s)
    --- PASS: FuzzTrie/d8b08d06f8535a250dcc9a51390179698bc09e45 (0.00s)
    --- PASS: FuzzTrie/d8ec6fec2b29d72111128c9d6deb02bb72041565 (0.00s)
    --- PASS: FuzzTrie/d92000b05d989062bace0f4794b96741d5930988 (0.00s)
    --- PASS: FuzzTrie/d972d63128fa499f173fd9614cdde4ef5d53c933 (0.00s)
    --- PASS: FuzzTrie/d99063280e48cbc3cb7ea1587f45c3cf7892631b (0.00s)
    --- PASS: FuzzTrie/d9a44a33cfba9087f37a7f9c83a6b66cd639fa42 (0.00s)
    --- PASS: FuzzTrie/da15a7847f7f850cb5294f44b77bdc356f7a0c2b (0.00s)
    --- PASS: FuzzTrie/da314606016e613d0a9e4eecadcdfa7cfc82162e (0.00s)
    --- PASS: FuzzTrie/dbf5d1238e830a10d7ac3171caa0b797fbe5ad78 (0.00s)
    --- PASS: FuzzTrie/dbfc2eb2a72c2c4fb0bc01cb944a5275a8ac95f0 (0.00s)
    --- PASS: FuzzTrie/dc36a350ab10062f572451239229f927530a38c2 (0.00s)
    --- PASS: FuzzTrie/dc89c3edd59fbf641ad3ee2c5062c8c1f67a536b (0.01s)
    --- PASS: FuzzTrie/dcf5bf6c63ba8e32483f75660b3a6a0f5d764483 (0.00s)
    --- PASS: FuzzTrie/dd7ab1c9c883f80b60724951903ee15f624aa0b0 (0.02s)
    --- PASS: FuzzTrie/de41666001986b547874e06701985c1f22d8a435 (0.00s)
    --- PASS: FuzzTrie/de43f064e32253c22c77f1a69d9aac0996c2e8d1 (0.00s)
    --- PASS: FuzzTrie/de59299464f40a48a1688e4d58416323f9784465 (0.00s)
    --- PASS: FuzzTrie/deca633530879ab99438247a3b5de310bd185c49 (0.00s)
    --- PASS: FuzzTrie/deeaf466887ba5b1de6788e354203160a181e3de (0.00s)
    --- PASS: FuzzTrie/df9a6a0b57c346ab85fbfc43d2d4e91700572d15 (0.00s)
    --- PASS: FuzzTrie/e049dc7cea67e2d3398c35e97376b0df1de20c4c (0.00s)
    --- PASS: FuzzTrie/e0ab7374ab4cd2fe3cb06a8ca1c208dec2294785 (0.00s)
    --- PASS: FuzzTrie/e2bf3c20a8c05f952edf9ffc4c061d3d9897d7b2 (0.00s)
    --- PASS: FuzzTrie/e3bc6ffb08f831cf0cdcc944538c49e9f1f6777b (0.00s)
    --- PASS: FuzzTrie/e4a11d7a7117015157e6b17b35dd5f8de158c14f (0.00s)
    --- PASS: FuzzTrie/e522cb7aebe7529d187300c655675c4ae32a71b4 (0.00s)
    --- PASS: FuzzTrie/e59890e95bc6356cdea7cda3450405be798950fc (0.00s)
    --- PASS: FuzzTrie/e5f9beaa35eb0e9d003931c772089d920b774365 (0.00s)
    --- PASS: FuzzTrie/e6b457ae3ee49a142980d765042db00c386d7abb (0.00s)
    --- PASS: FuzzTrie/e6bb5e7b748bde3bcf69e05e7b6d954f408185dd (0.00s)
    --- PASS: FuzzTrie/e6beb200fd540d3ee51e0ff735f13ecdeaa0bdd5 (0.00s)
    --- PASS: FuzzTrie/e711c4e816fa716c58a802fba750551b40adad96 (0.00s)
    --- PASS: FuzzTrie/e7e0d91346c331487ab507c6ac4bd9ca7a9ad6ab (0.00s)
    --- PASS: FuzzTrie/ea05ddd0c14e60718c8fc0d61adaf5cfc1b1d6a2 (0.00s)
    --- PASS: FuzzTrie/eada2adf04ebb959f115ee2fd57ed97fee76ca14 (0.00s)
    --- PASS: FuzzTrie/eb1a928bc786c8a509a831c03a068060cdede847 (0.00s)
    --- PASS: FuzzTrie/eb723d199faa0e31c3f912c030e2d4256f583d3a (0.00s)
    --- PASS: FuzzTrie/eb9ceb2c2e301140fcbe425f086ad70ac6e4819d (0.00s)
    --- PASS: FuzzTrie/ebbdc1ce609a77125f888c896116b0f9cb3c1fce (0.00s)
    --- PASS: FuzzTrie/ec4b59ffee004c35d3078d079355b7c74c1c3cf5 (0.00s)
    --- PASS: FuzzTrie/ecde3d0751aeb5c745a67c256eec2c52b2557dd4 (0.00s)
    --- PASS: FuzzTrie/ed4fc6eb0669e469333b109f931c9abcb5c3b6d3 (0.00s)
    --- PASS: FuzzTrie/ed77356bf241fb796fb496355c5542fa255e2f36 (0.00s)
    --- PASS: FuzzTrie/ee11806cb7bd00ac5f6d150d2cc8f0bf5db43eb2 (0.00s)
    --- PASS: FuzzTrie/eebb52d6e5e4dc2f3fcc93099419163850101614 (0.00s)
    --- PASS: FuzzTrie/efc88032a15a9741337b71d73b3f1f5d5ccfe5bf (0.00s)
    --- PASS: FuzzTrie/f02771a73bf4c9da8fde410e581f00c3373c9a43 (0.00s)
    --- PASS: FuzzTrie/f072efed7c0f117572a5c269b5808ac53ef54372 (0.00s)
    --- PASS: FuzzTrie/f188b4773f82c0e501c5758512bfe8b36943533d (0.00s)
    --- PASS: FuzzTrie/f1ab90d681128646fb07f8a76454f6b029b8d551 (0.00s)
    --- PASS: FuzzTrie/f367ed92034804016a463d47ebb48f5aa232bab6 (0.00s)
    --- PASS: FuzzTrie/f3d88b12240fe3bb07823fce659edb713c58848e (0.00s)
    --- PASS: FuzzTrie/f47519aec26e6b3bbcc4e44ad5db9802f7095544 (0.00s)
    --- PASS: FuzzTrie/f4c2146d493e57694511e3c531db71c8020687fb (0.00s)
    --- PASS: FuzzTrie/f4f3b749be6f477366bc4884b2d3dceef725d1c9 (0.00s)
    --- PASS: FuzzTrie/f55a63fde3dab8f0afd735ca5bb6d106fe19b7c4 (0.00s)
    --- PASS: FuzzTrie/f68487cc966320688b14765f781b1b5c420da926 (0.01s)
    --- PASS: FuzzTrie/f6e1dc64e7f60d929bb19c38f8ab7594a41ed80a (0.00s)
    --- PASS: FuzzTrie/f715472e7f8560b625716d908d60065f37ae3709 (0.00s)
    --- PASS: FuzzTrie/f7c43e80a116a41ef6a5608f946593ea43fa90a1 (0.00s)
    --- PASS: FuzzTrie/f972c10be15cc521af8d0a7a404c5efd86cc218a (0.00s)
    --- PASS: FuzzTrie/fa426c6e2deca78d597da41e78fa00f8f9dd911b (0.00s)
    --- PASS: FuzzTrie/fbe4c9d93bf37d268acb6067eab032de224de304 (0.00s)
    --- PASS: FuzzTrie/fbf000179e29468d8f6531cba28b5e2d2a65ee2c (0.00s)
    --- PASS: FuzzTrie/fd3038ee9237463d1138a4bddbc275aebd7417f7 (0.00s)
    --- PASS: FuzzTrie/fd71938f2587cf5db5027b73e5906667f33015a5 (0.00s)
    --- PASS: FuzzTrie/fddc3b40fd79b6c5ad1c07982f50667b54550590 (0.00s)
    --- PASS: FuzzTrie/fe1b5d500d4f766eb0fd455fc7335634e930214f (0.00s)
    --- PASS: FuzzTrie/fea0c4aa3e07528dfb97d03f5a0dc16f18bf26a3 (0.00s)
    --- PASS: FuzzTrie/feb3d3ea73e7ec306017c86434a6660ca3fae3a8 (0.00s)
    --- PASS: FuzzTrie/ff3ed48ac79d4279abe472daf402129cff86f353 (0.00s)
PASS
coverage: 88.1% of statements
ok  	github.com/morph-l2/go-ethereum/tests/fuzzers/trie	0.465s	coverage: 88.1% of statements
