=== RUN   FuzzDifficulty
=== RUN   FuzzDifficulty/03840ea8497ae6edfd19809b7a0debb1d500917b
=== RUN   FuzzDifficulty/044fb82e8a44ad254b902757a5009ca66378aee3
=== RUN   FuzzDifficulty/079efaac85a49719a3501f27989a1b395b24c52d
=== RUN   FuzzDifficulty/08574a33332dc6eb4759d7d16bddf81ea8b197bc
=== RUN   FuzzDifficulty/0a398dcbf4b6a8efb62b28d696bc1322d371c1db
=== RUN   FuzzDifficulty/0be9bee5ceba0d3cfd55b9d64aedf044c42770ea
=== RUN   FuzzDifficulty/0e38548e40d6a8199f9439695f49288189add212
=== RUN   FuzzDifficulty/19291e94102c16ce0ed6c937ccfcd04745e3a2fb
=== RUN   FuzzDifficulty/1dcb98042f0a6618799ee5fa2ad349ba0f1bb54f
=== RUN   FuzzDifficulty/204aa6bea4aa2e71f0bc60d4848fdcc2eee2fead
=== RUN   FuzzDifficulty/20bb37230d112614f81f3bb7ec41efa07fa59b19
=== RUN   FuzzDifficulty/2115e74df6c7f54c99432ee1f9340367b52c2f98
=== RUN   FuzzDifficulty/23b77269026478655532d235c25b4788e22c76b1
=== RUN   FuzzDifficulty/245eb2413aed7965056de28d4400f71d2cd3d914
=== RUN   FuzzDifficulty/2996e7b33c51f21a98a9fd4eb18c59560129bee4
=== RUN   FuzzDifficulty/29daab6ff6c637c83fa4fb9285f70633137a8301
=== RUN   FuzzDifficulty/2a5635b3db10b6ab16b0820d0616dbeb4289a8ad
=== RUN   FuzzDifficulty/2cbba3db242bf44f374ecf1f7cb5aef3c9398424
=== RUN   FuzzDifficulty/2f029ca093f39a0047220ce27b8a14b90e67593b
=== RUN   FuzzDifficulty/2ff234aa75cfc232412ae9bebad1b93927e740af
=== RUN   FuzzDifficulty/3099853020e58b20e18d4986feb08bf385ab18d6
=== RUN   FuzzDifficulty/37cbea6b8a8d7deac3d723961cb91b49830f2879
=== RUN   FuzzDifficulty/37d21307ebcd1247afe67bd0423c3ce044bc3d2e
=== RUN   FuzzDifficulty/392b3b68444419d375d49ab3b395b96d9bd64582
=== RUN   FuzzDifficulty/3a1aee95dd7e5d60d26853778532500a6b597d8c
=== RUN   FuzzDifficulty/3ce0a1af90b6e7a3dd8d45e410884b588ea2d04c
=== RUN   FuzzDifficulty/47fe7225c49ced7b53b49147944c8f340834e391
=== RUN   FuzzDifficulty/4825cc8e84a55e10c35b71e8b5f18befd671548b
=== RUN   FuzzDifficulty/4ab69b6671b90b702ffd6fd8dd2a7001344aef4e
=== RUN   FuzzDifficulty/4d1ab55edd0fc6e0d99e8b43beb77528cb00aef9
=== RUN   FuzzDifficulty/4d2c961d95444ee570ee3f436d4117f753765b81
=== RUN   FuzzDifficulty/4f3bda3e170086aa750190461703d6762a0d8f10
=== RUN   FuzzDifficulty/54031e592d71baa358520367c58c4ae240582e1d
=== RUN   FuzzDifficulty/548144cd78a099b206972586bef40f4751a7899e
=== RUN   FuzzDifficulty/60cc4a421c8f09493078e0cca3e5482855f24dbe
=== RUN   FuzzDifficulty/6178a0dd65b62005586d62c0ed9de869f9dace40
=== RUN   FuzzDifficulty/6718c715ec242dfb1636f60968e8ae126f2bf327
=== RUN   FuzzDifficulty/6e97010169f2c3f21a50dcaf7c166ec526e49020
=== RUN   FuzzDifficulty/6eb98f06874b2095fd3047232991c8326fc5fc7f
=== RUN   FuzzDifficulty/6fbec6089f2ff0f03f08f9873ca71320906d105b
=== RUN   FuzzDifficulty/751fec1c3ca95c308b9dd9d87c7733dbce7554cb
=== RUN   FuzzDifficulty/797e1b6499af36690a5a03a1d435cf8550a8adf0
=== RUN   FuzzDifficulty/7c772e4905da8eaa7e37d6e0ef6f7c33d0597395
=== RUN   FuzzDifficulty/7d7231d1c73a0777386ec800e7765bb7b6434161
=== RUN   FuzzDifficulty/7f2642a954602c06f5e66b3f15bdd16074372a54
=== RUN   FuzzDifficulty/825289294935c29698a06e6f721672f6f8042ef1
=== RUN   FuzzDifficulty/84f672e54ab59e96085ebbb5cd02c283b5d410a5
=== RUN   FuzzDifficulty/869aab1332879b0aeff4af3c10745abe6165f8b6
=== RUN   FuzzDifficulty/8779280ca903a3b0855309efb833ee9a1b09b5c3
=== RUN   FuzzDifficulty/8a8ca9dccb64f10a44d39ac150fdfe0e54e5c8b6
=== RUN   FuzzDifficulty/8c396bd768a0aba08f6d11afcbe172ad028a180f
=== RUN   FuzzDifficulty/8e164a3df57ac17b8cea60ce30446af102570e31
=== RUN   FuzzDifficulty/9069ca78e7450a285173431b3e52c5c25299e473
=== RUN   FuzzDifficulty/9309458aae807ebf209274c79043e15739144f42
=== RUN   FuzzDifficulty/945b4aff0e2b7473950c81a60d57cbc5716ab324
=== RUN   FuzzDifficulty/95eccefe8e9cb92fcbfb1d4cb37a10ba89412eb2
=== RUN   FuzzDifficulty/964b7bec403d51b609027eea6a6ebf19c2614890
=== RUN   FuzzDifficulty/9949a9d24a8d71468d4f07b67dcbc19dd3a1270d
=== RUN   FuzzDifficulty/9e89b00e25690f422222108217144f349a5f65cd
=== RUN   FuzzDifficulty/9e8f2b6a36dda275290db5e518950be3130bf08b
=== RUN   FuzzDifficulty/a787709508e1a178fd1298d658a32fd115b84f67
=== RUN   FuzzDifficulty/aa0dc5aaf564a6d932d47c081b67f5401223e2ca
=== RUN   FuzzDifficulty/ab751551c71fdc8ca188efb95187ac32b6c247b5
=== RUN   FuzzDifficulty/abf7cb77f15628a7b36f006609e9ca3c4fb0ba40
=== RUN   FuzzDifficulty/ac744a16a9026ab883d4ef7377ec1c6b1118ccaa
=== RUN   FuzzDifficulty/ad9d143169ea1b0fccc9bf381157d8531e441878
=== RUN   FuzzDifficulty/adc83b19e793491b1c6ea0fd8b46cd9f32e592fc
=== RUN   FuzzDifficulty/b212c8726f1bf1b03b8ee43287edf1b6e1f28079
=== RUN   FuzzDifficulty/b38b2879a65618d4e892d3ae1264ba1ab3cf6447
=== RUN   FuzzDifficulty/b5faee13233c8fafa222471a008783fd36e1bd4f
=== RUN   FuzzDifficulty/b7a28c34393bae60260d8fd980281b73c3b9b311
=== RUN   FuzzDifficulty/b7b5a8d9d4616feb00a37347b3ea580539068591
=== RUN   FuzzDifficulty/b9c055dd5d3929021f65276a4e96a616cc71644f
=== RUN   FuzzDifficulty/bb9ff939209226f5d387b4fdc30549f9ba8d66e3
=== RUN   FuzzDifficulty/c1d038957440fd11a12544806a1d72b4061e9c32
=== RUN   FuzzDifficulty/c2a41fd096767731651e73103384bc3416b6a3d6
=== RUN   FuzzDifficulty/c5221206b722798d784e2dfbde8b7e3895872300
=== RUN   FuzzDifficulty/cf4c9feeb516562c565ce9817d490464d7272d42
=== RUN   FuzzDifficulty/ddc7fc87b869407b6a114b7491811cb28109a6a7
=== RUN   FuzzDifficulty/dff9cf0f5cbfacd91516dfce113f4ed7ecacdc4c
=== RUN   FuzzDifficulty/e11817de587419e94441bdb453f07ce982599921
=== RUN   FuzzDifficulty/e129eb0cea5c0033c01bab9266e881beaf3d84b2
=== RUN   FuzzDifficulty/e1a63bf5f970962daebf2ee531dc978948f02733
=== RUN   FuzzDifficulty/e2e022bf115e4fe21b1e9c4846a58e36c72229a4
=== RUN   FuzzDifficulty/e2f3755f165dc9c83b6975dc9aa6bfa8c7cde870
=== RUN   FuzzDifficulty/e64772442ed9f540c26537d6c641d6e7dd96fe36
=== RUN   FuzzDifficulty/e852ee9f38d3c8230539c1a1cb9b47f4d28cbeff
=== RUN   FuzzDifficulty/ea973d7582f64e4f107326943ff2bcc6c90d327e
=== RUN   FuzzDifficulty/ee2c96b696e977c287fcde059b8ada5590b45284
=== RUN   FuzzDifficulty/f276a738453eb8299c9926038af5ad33efaa5756
=== RUN   FuzzDifficulty/f6f88747c4d63db08506edd15a268aafa22f0bc3
=== RUN   FuzzDifficulty/f9017c1f6d8cc437b75f46facc151c52db73c47a
=== RUN   FuzzDifficulty/f9ba891768e2bb28ee9fbc54829fef1579a60830
=== RUN   FuzzDifficulty/fa3e1dff9229457fbccd7137c9d748891675b8f4
=== RUN   FuzzDifficulty/fc1b8bd542b97084b46fb18d485f3fd59d072fec
=== RUN   FuzzDifficulty/fde6b6282e0a7a6327ed6b6a422ec35441a9eb22
=== RUN   FuzzDifficulty/fe654f6624e2849d7d152c4d54213b8df4890b20
=== RUN   FuzzDifficulty/fefc96fe3c92677dccd2cee5ca4823080787e378
=== RUN   FuzzDifficulty/ff98a2d86b56756c85c97a863fdca08e7d9ec6d8
--- PASS: FuzzDifficulty (0.00s)
    --- PASS: FuzzDifficulty/03840ea8497ae6edfd19809b7a0debb1d500917b (0.00s)
    --- PASS: FuzzDifficulty/044fb82e8a44ad254b902757a5009ca66378aee3 (0.00s)
    --- PASS: FuzzDifficulty/079efaac85a49719a3501f27989a1b395b24c52d (0.00s)
    --- PASS: FuzzDifficulty/08574a33332dc6eb4759d7d16bddf81ea8b197bc (0.00s)
    --- PASS: FuzzDifficulty/0a398dcbf4b6a8efb62b28d696bc1322d371c1db (0.00s)
    --- PASS: FuzzDifficulty/0be9bee5ceba0d3cfd55b9d64aedf044c42770ea (0.00s)
    --- PASS: FuzzDifficulty/0e38548e40d6a8199f9439695f49288189add212 (0.00s)
    --- PASS: FuzzDifficulty/19291e94102c16ce0ed6c937ccfcd04745e3a2fb (0.00s)
    --- PASS: FuzzDifficulty/1dcb98042f0a6618799ee5fa2ad349ba0f1bb54f (0.00s)
    --- PASS: FuzzDifficulty/204aa6bea4aa2e71f0bc60d4848fdcc2eee2fead (0.00s)
    --- PASS: FuzzDifficulty/20bb37230d112614f81f3bb7ec41efa07fa59b19 (0.00s)
    --- PASS: FuzzDifficulty/2115e74df6c7f54c99432ee1f9340367b52c2f98 (0.00s)
    --- PASS: FuzzDifficulty/23b77269026478655532d235c25b4788e22c76b1 (0.00s)
    --- PASS: FuzzDifficulty/245eb2413aed7965056de28d4400f71d2cd3d914 (0.00s)
    --- PASS: FuzzDifficulty/2996e7b33c51f21a98a9fd4eb18c59560129bee4 (0.00s)
    --- PASS: FuzzDifficulty/29daab6ff6c637c83fa4fb9285f70633137a8301 (0.00s)
    --- PASS: FuzzDifficulty/2a5635b3db10b6ab16b0820d0616dbeb4289a8ad (0.00s)
    --- PASS: FuzzDifficulty/2cbba3db242bf44f374ecf1f7cb5aef3c9398424 (0.00s)
    --- PASS: FuzzDifficulty/2f029ca093f39a0047220ce27b8a14b90e67593b (0.00s)
    --- PASS: FuzzDifficulty/2ff234aa75cfc232412ae9bebad1b93927e740af (0.00s)
    --- PASS: FuzzDifficulty/3099853020e58b20e18d4986feb08bf385ab18d6 (0.00s)
    --- PASS: FuzzDifficulty/37cbea6b8a8d7deac3d723961cb91b49830f2879 (0.00s)
    --- PASS: FuzzDifficulty/37d21307ebcd1247afe67bd0423c3ce044bc3d2e (0.00s)
    --- PASS: FuzzDifficulty/392b3b68444419d375d49ab3b395b96d9bd64582 (0.00s)
    --- PASS: FuzzDifficulty/3a1aee95dd7e5d60d26853778532500a6b597d8c (0.00s)
    --- PASS: FuzzDifficulty/3ce0a1af90b6e7a3dd8d45e410884b588ea2d04c (0.00s)
    --- PASS: FuzzDifficulty/47fe7225c49ced7b53b49147944c8f340834e391 (0.00s)
    --- PASS: FuzzDifficulty/4825cc8e84a55e10c35b71e8b5f18befd671548b (0.00s)
    --- PASS: FuzzDifficulty/4ab69b6671b90b702ffd6fd8dd2a7001344aef4e (0.00s)
    --- PASS: FuzzDifficulty/4d1ab55edd0fc6e0d99e8b43beb77528cb00aef9 (0.00s)
    --- PASS: FuzzDifficulty/4d2c961d95444ee570ee3f436d4117f753765b81 (0.00s)
    --- PASS: FuzzDifficulty/4f3bda3e170086aa750190461703d6762a0d8f10 (0.00s)
    --- PASS: FuzzDifficulty/54031e592d71baa358520367c58c4ae240582e1d (0.00s)
    --- PASS: FuzzDifficulty/548144cd78a099b206972586bef40f4751a7899e (0.00s)
    --- PASS: FuzzDifficulty/60cc4a421c8f09493078e0cca3e5482855f24dbe (0.00s)
    --- PASS: FuzzDifficulty/6178a0dd65b62005586d62c0ed9de869f9dace40 (0.00s)
    --- PASS: FuzzDifficulty/6718c715ec242dfb1636f60968e8ae126f2bf327 (0.00s)
    --- PASS: FuzzDifficulty/6e97010169f2c3f21a50dcaf7c166ec526e49020 (0.00s)
    --- PASS: FuzzDifficulty/6eb98f06874b2095fd3047232991c8326fc5fc7f (0.00s)
    --- PASS: FuzzDifficulty/6fbec6089f2ff0f03f08f9873ca71320906d105b (0.00s)
    --- PASS: FuzzDifficulty/751fec1c3ca95c308b9dd9d87c7733dbce7554cb (0.00s)
    --- PASS: FuzzDifficulty/797e1b6499af36690a5a03a1d435cf8550a8adf0 (0.00s)
    --- PASS: FuzzDifficulty/7c772e4905da8eaa7e37d6e0ef6f7c33d0597395 (0.00s)
    --- PASS: FuzzDifficulty/7d7231d1c73a0777386ec800e7765bb7b6434161 (0.00s)
    --- PASS: FuzzDifficulty/7f2642a954602c06f5e66b3f15bdd16074372a54 (0.00s)
    --- PASS: FuzzDifficulty/825289294935c29698a06e6f721672f6f8042ef1 (0.00s)
    --- PASS: FuzzDifficulty/84f672e54ab59e96085ebbb5cd02c283b5d410a5 (0.00s)
    --- PASS: FuzzDifficulty/869aab1332879b0aeff4af3c10745abe6165f8b6 (0.00s)
    --- PASS: FuzzDifficulty/8779280ca903a3b0855309efb833ee9a1b09b5c3 (0.00s)
    --- PASS: FuzzDifficulty/8a8ca9dccb64f10a44d39ac150fdfe0e54e5c8b6 (0.00s)
    --- PASS: FuzzDifficulty/8c396bd768a0aba08f6d11afcbe172ad028a180f (0.00s)
    --- PASS: FuzzDifficulty/8e164a3df57ac17b8cea60ce30446af102570e31 (0.00s)
    --- PASS: FuzzDifficulty/9069ca78e7450a285173431b3e52c5c25299e473 (0.00s)
    --- PASS: FuzzDifficulty/9309458aae807ebf209274c79043e15739144f42 (0.00s)
    --- PASS: FuzzDifficulty/945b4aff0e2b7473950c81a60d57cbc5716ab324 (0.00s)
    --- PASS: FuzzDifficulty/95eccefe8e9cb92fcbfb1d4cb37a10ba89412eb2 (0.00s)
    --- PASS: FuzzDifficulty/964b7bec403d51b609027eea6a6ebf19c2614890 (0.00s)
    --- PASS: FuzzDifficulty/9949a9d24a8d71468d4f07b67dcbc19dd3a1270d (0.00s)
    --- PASS: FuzzDifficulty/9e89b00e25690f422222108217144f349a5f65cd (0.00s)
    --- PASS: FuzzDifficulty/9e8f2b6a36dda275290db5e518950be3130bf08b (0.00s)
    --- PASS: FuzzDifficulty/a787709508e1a178fd1298d658a32fd115b84f67 (0.00s)
    --- PASS: FuzzDifficulty/aa0dc5aaf564a6d932d47c081b67f5401223e2ca (0.00s)
    --- PASS: FuzzDifficulty/ab751551c71fdc8ca188efb95187ac32b6c247b5 (0.00s)
    --- PASS: FuzzDifficulty/abf7cb77f15628a7b36f006609e9ca3c4fb0ba40 (0.00s)
    --- PASS: FuzzDifficulty/ac744a16a9026ab883d4ef7377ec1c6b1118ccaa (0.00s)
    --- PASS: FuzzDifficulty/ad9d143169ea1b0fccc9bf381157d8531e441878 (0.00s)
    --- PASS: FuzzDifficulty/adc83b19e793491b1c6ea0fd8b46cd9f32e592fc (0.00s)
    --- PASS: FuzzDifficulty/b212c8726f1bf1b03b8ee43287edf1b6e1f28079 (0.00s)
    --- PASS: FuzzDifficulty/b38b2879a65618d4e892d3ae1264ba1ab3cf6447 (0.00s)
    --- PASS: FuzzDifficulty/b5faee13233c8fafa222471a008783fd36e1bd4f (0.00s)
    --- PASS: FuzzDifficulty/b7a28c34393bae60260d8fd980281b73c3b9b311 (0.00s)
    --- PASS: FuzzDifficulty/b7b5a8d9d4616feb00a37347b3ea580539068591 (0.00s)
    --- PASS: FuzzDifficulty/b9c055dd5d3929021f65276a4e96a616cc71644f (0.00s)
    --- PASS: FuzzDifficulty/bb9ff939209226f5d387b4fdc30549f9ba8d66e3 (0.00s)
    --- PASS: FuzzDifficulty/c1d038957440fd11a12544806a1d72b4061e9c32 (0.00s)
    --- PASS: FuzzDifficulty/c2a41fd096767731651e73103384bc3416b6a3d6 (0.00s)
    --- PASS: FuzzDifficulty/c5221206b722798d784e2dfbde8b7e3895872300 (0.00s)
    --- PASS: FuzzDifficulty/cf4c9feeb516562c565ce9817d490464d7272d42 (0.00s)
    --- PASS: FuzzDifficulty/ddc7fc87b869407b6a114b7491811cb28109a6a7 (0.00s)
    --- PASS: FuzzDifficulty/dff9cf0f5cbfacd91516dfce113f4ed7ecacdc4c (0.00s)
    --- PASS: FuzzDifficulty/e11817de587419e94441bdb453f07ce982599921 (0.00s)
    --- PASS: FuzzDifficulty/e129eb0cea5c0033c01bab9266e881beaf3d84b2 (0.00s)
    --- PASS: FuzzDifficulty/e1a63bf5f970962daebf2ee531dc978948f02733 (0.00s)
    --- PASS: FuzzDifficulty/e2e022bf115e4fe21b1e9c4846a58e36c72229a4 (0.00s)
    --- PASS: FuzzDifficulty/e2f3755f165dc9c83b6975dc9aa6bfa8c7cde870 (0.00s)
    --- PASS: FuzzDifficulty/e64772442ed9f540c26537d6c641d6e7dd96fe36 (0.00s)
    --- PASS: FuzzDifficulty/e852ee9f38d3c8230539c1a1cb9b47f4d28cbeff (0.00s)
    --- PASS: FuzzDifficulty/ea973d7582f64e4f107326943ff2bcc6c90d327e (0.00s)
    --- PASS: FuzzDifficulty/ee2c96b696e977c287fcde059b8ada5590b45284 (0.00s)
    --- PASS: FuzzDifficulty/f276a738453eb8299c9926038af5ad33efaa5756 (0.00s)
    --- PASS: FuzzDifficulty/f6f88747c4d63db08506edd15a268aafa22f0bc3 (0.00s)
    --- PASS: FuzzDifficulty/f9017c1f6d8cc437b75f46facc151c52db73c47a (0.00s)
    --- PASS: FuzzDifficulty/f9ba891768e2bb28ee9fbc54829fef1579a60830 (0.00s)
    --- PASS: FuzzDifficulty/fa3e1dff9229457fbccd7137c9d748891675b8f4 (0.00s)
    --- PASS: FuzzDifficulty/fc1b8bd542b97084b46fb18d485f3fd59d072fec (0.00s)
    --- PASS: FuzzDifficulty/fde6b6282e0a7a6327ed6b6a422ec35441a9eb22 (0.00s)
    --- PASS: FuzzDifficulty/fe654f6624e2849d7d152c4d54213b8df4890b20 (0.00s)
    --- PASS: FuzzDifficulty/fefc96fe3c92677dccd2cee5ca4823080787e378 (0.00s)
    --- PASS: FuzzDifficulty/ff98a2d86b56756c85c97a863fdca08e7d9ec6d8 (0.00s)
PASS
coverage: 95.7% of statements
ok  	github.com/morph-l2/go-ethereum/tests/fuzzers/difficulty	0.040s	coverage: 95.7% of statements
	github.com/morph-l2/go-ethereum/tests/fuzzers/difficulty/debug		coverage: 0.0% of statements
