=== RUN   FuzzKeystore
=== RUN   FuzzKeystore/01a6bc1efe4f54c05a0c856b82f639e496b69d1d
=== RUN   FuzzKeystore/01abe3c3898e1f7ec01ded7d5b99181fe10f43de
=== RUN   FuzzKeystore/036f2917ff3f335dd9f12871791357fb938d836c
=== RUN   FuzzKeystore/0506bef32693744a537cdb12f9a5c0d3b25ac6ec
=== RUN   FuzzKeystore/067a2302dfd6823292535f2de4adfdec152236ce
=== RUN   FuzzKeystore/06bf0e8db57e469a8171c81e1e581a79dd9ddfc3
=== RUN   FuzzKeystore/0949b96cd416d6907297c1cedcce38192eebfc6b
=== RUN   FuzzKeystore/0a4c4f17461c4dff1185bf66e3a042708163da67
=== RUN   FuzzKeystore/0a61eadaf2a071bb77c49c42162a687c6cd735f7
=== RUN   FuzzKeystore/0b6468f85aef227354461dede1de37331d25a2e4
=== RUN   FuzzKeystore/0c29caf1de617994fab1a3dba5b3f9f1ebb75c1a
=== RUN   FuzzKeystore/0c98276409324168bc4acbecabe173e8062e2c0f
=== RUN   FuzzKeystore/0dd362bb2b631fa20fbe411f7f6bddd0e2f6b66a
=== RUN   FuzzKeystore/0ff5ce2c289755d5cb65faf1b4d2e99a8fcaa840
=== RUN   FuzzKeystore/10a3d5ac957eb41956d8ff873883806470feb43d
=== RUN   FuzzKeystore/125437febf5a8b563b3945dcdf8f48a32cd3fd66
=== RUN   FuzzKeystore/137b3aaf7b709c177ffd5c84cf13648c612260bb
=== RUN   FuzzKeystore/1587dad219cb04dc91cfd6ac24fe07cf056937b4
=== RUN   FuzzKeystore/16e8d4cb324a9b2fe3c8cca902fb0ed0679d2be0
=== RUN   FuzzKeystore/19da93cd7ba1241dc6f56006b8aa3939e1cf11e0
=== RUN   FuzzKeystore/1b65eb6632f22283ad2b2e82fff521cfe2cbfe18
=== RUN   FuzzKeystore/1de22783a975c2a2579a0833fc59a8a68cb12010
=== RUN   FuzzKeystore/202a7d650d11451bc73115676036681c22150386
=== RUN   FuzzKeystore/2090bb38dde053a6339a7c1f519d45a4cf6e71d2
=== RUN   FuzzKeystore/20efee395b022143bd57fcdc1f29b5542e7c2608
=== RUN   FuzzKeystore/210bbf0e7af5f6c3929df8bf19be9f34f3befda1
=== RUN   FuzzKeystore/217fe82943bffabde93c3bfabadaa3fd9902354f
=== RUN   FuzzKeystore/2278370b86e1cac6929c4cc9053f545edb23d3c6
=== RUN   FuzzKeystore/22eb95998acf66d0ff16b15239a23e4d610ef6bf
=== RUN   FuzzKeystore/24c0070ff79c8b92c1605bbc9ad3b24a917d3dca
=== RUN   FuzzKeystore/24dd8456b4d25c434b99a1b2f18d45e95d5c4abc
=== RUN   FuzzKeystore/271a7d26b2a8f0c1330806a24bfab677e7e6640e
=== RUN   FuzzKeystore/27433a5dd5d3d5fad99fa5629a11c4581c18817d
=== RUN   FuzzKeystore/2868aed1cf063f9fc2c1ed758ea60a1d2fa005d4
=== RUN   FuzzKeystore/2971c60535ddfaefaedc96b7721b3b380d809f4d
=== RUN   FuzzKeystore/2acd4100dc910d8aebfcf3e048e47e72cbf9fb1e
=== RUN   FuzzKeystore/2e94b1027b84418967f6923576b181c921adb643
=== RUN   FuzzKeystore/2f719737f80d5aaedce362555673034e7b3164bd
=== RUN   FuzzKeystore/3009e727acb1d75563f724b940ea61cf7e049e3a
=== RUN   FuzzKeystore/30e25e3c787bd01c73223e54ef72f3458030d8e7
=== RUN   FuzzKeystore/312eab1fb885fce6724d095b88aaec28605a1278
=== RUN   FuzzKeystore/3343ab5fa5af357e8c8aff4ca97bd1cac655c520
=== RUN   FuzzKeystore/34e7702d33dcd4bd8c39891ce232a09a68386a40
=== RUN   FuzzKeystore/36e1ffdf46bb87fcbb3383189e3bdfa30544c627
=== RUN   FuzzKeystore/3a45168e896f33526536e63ece3be8c4021590df
=== RUN   FuzzKeystore/3ae61a7a1c67d00b3fa44fbeedb13929c253c58f
=== RUN   FuzzKeystore/3b63ef4f2da0adf954d3eb147c6276533bedd608
=== RUN   FuzzKeystore/3bdb1dbf0234538da058a3a791d79006995b5fc3
=== RUN   FuzzKeystore/3c2f66184f3b03e88002dcefdb4f721997135034
=== RUN   FuzzKeystore/3c99367358de1d1c8435c805527c09a5bb13a690
=== RUN   FuzzKeystore/3d29448e50a142c295ae9e4d283688e9766d482e
=== RUN   FuzzKeystore/41a15c66d1c0ab6ed06c08e78657fc1dea2977a0
=== RUN   FuzzKeystore/4282c45ef295b514b010e788c8c15df181e10dc8
=== RUN   FuzzKeystore/4436cab26d21f51028769512ea4335d66e7e261b
=== RUN   FuzzKeystore/461647268939098648b5d26d43fc3c4eb8fea4f5
=== RUN   FuzzKeystore/46297833259ec88ba95b47f9f858501ea276018f
=== RUN   FuzzKeystore/482ca8602a69d3fa977f1bfec8f6f5d04e8fdd56
=== RUN   FuzzKeystore/492133f99d6ac52fcba7548947649165a604e021
=== RUN   FuzzKeystore/49a1093a8ec3483ce5eb590294f3d6f904fe4e89
=== RUN   FuzzKeystore/4ce163b2d7c94eaf331a405d1a11d9612e1effc3
=== RUN   FuzzKeystore/4ee22ffacbafb6f5569a59767cf73e0b5eac7759
=== RUN   FuzzKeystore/5347c9463eaa59a0c109555eeb31901f4b7a56b9
=== RUN   FuzzKeystore/55fc956c9ebe9d1dd0aab7d459b7224e44be7dcb
=== RUN   FuzzKeystore/56c4c4019e19f2711f70644a101f9148c0c3a50b
=== RUN   FuzzKeystore/577ce27f0cfcd9861d79125fb79aac610ad4c472
=== RUN   FuzzKeystore/57e813d3a09f1c1a97f0297025512f59cddf48fe
=== RUN   FuzzKeystore/57f7e90d9c90707a4eca08288b52aeda8f155381
=== RUN   FuzzKeystore/5af8e29a66af279fab5e26d82d63633b8a5baafe
=== RUN   FuzzKeystore/5d828d0f4e3afd87248140f57c8f1baee2695ecc
=== RUN   FuzzKeystore/5e52902738e021c023d6805ac485a7a7ce83a38e
=== RUN   FuzzKeystore/5e74e09d37dcd3530713d04124fb27dfa6ca4b88
=== RUN   FuzzKeystore/5eacd3d2fb000116bd312d5e33427c1a9c0cc48f
=== RUN   FuzzKeystore/5eb3bd1cc32f5f3c317b5d489aade415cdbe0284
=== RUN   FuzzKeystore/5eee9355a8bb7ee505b2b36816e3ded69272bf63
=== RUN   FuzzKeystore/5fafd513cd639927facbcf0c99481f9aef846243
=== RUN   FuzzKeystore/606585f51f13ab1108bdc2a258e5bbee8b5ea6bc
=== RUN   FuzzKeystore/60671a30b958588c065a04e667c2d2bd2b1f8c18
=== RUN   FuzzKeystore/60adddd63006e4cc554671561363db50dd996e27
=== RUN   FuzzKeystore/61b71ea4e06afb087d76aee928ef61ab2866d134
=== RUN   FuzzKeystore/63d4cea241605fead946aca839fe058728069750
=== RUN   FuzzKeystore/67df9fead52a2559979f8fae3e1e71e6d45b5359
=== RUN   FuzzKeystore/686e5877c12b411b940f54618eb202784ec0afda
=== RUN   FuzzKeystore/694d1fb247597b327eef79ffe7d3dd9e988f4737
=== RUN   FuzzKeystore/6a6786ac85b50b30524cf1966fd80faff17c9d7b
=== RUN   FuzzKeystore/6b70f339777cba7a7f85a2f0aab139c1a36cbd8f
=== RUN   FuzzKeystore/6decd19803771f9c97c2144a47b8320ef5e65959
=== RUN   FuzzKeystore/6fd9ec6ce976a6cc4cc48df7a333789d6e770045
=== RUN   FuzzKeystore/702b6448c85f22419e36bbc9de7541b7bf992205
=== RUN   FuzzKeystore/704b20e3469f246c3330eb000af4a6407fedd194
=== RUN   FuzzKeystore/73243966fa8c06c2676caa5a957711b716868284
=== RUN   FuzzKeystore/7377da44bd9711ba00123fd59022958147f2729a
=== RUN   FuzzKeystore/73c2fd4dce576583f5fdff55d6fc359d808b9614
=== RUN   FuzzKeystore/74a571ff11524d58331ac7071a3af0e0d8d27ddd
=== RUN   FuzzKeystore/75163939d8329697dacc010ed6e29ad204c04814
=== RUN   FuzzKeystore/7927b18e5bfd9da65d28ba7f24fb810aee81275f
=== RUN   FuzzKeystore/79443719366ecec1d7d1730ac7226c63abd714e7
=== RUN   FuzzKeystore/79503b95a6973b091b443af58772d0433028ce2f
=== RUN   FuzzKeystore/7fe04b8d94ddcdfa32b25c0b36fdd579d8bb086a
=== RUN   FuzzKeystore/801d0ebf03b8bdefbfee51035904fcccbcf384c9
=== RUN   FuzzKeystore/8330856e2b0d87bdb461955b7b34367fd6d395a3
=== RUN   FuzzKeystore/837147700f7639b1dbbd47cc0f23bf89e3c0fe2a
=== RUN   FuzzKeystore/83f126a6bb2df3d86be870c63681ad325d90d48b
=== RUN   FuzzKeystore/853e9189feb616336c6e50fbac2f2128d6226c82
=== RUN   FuzzKeystore/862eb1ffcd105f60c8be3f83b08145119e6209a6
=== RUN   FuzzKeystore/8631e92c8cc97728ea0e20e4a0579e0e4e43aac2
=== RUN   FuzzKeystore/8681412c50a2586154e9eb3b15d2ec63f8b80a8d
=== RUN   FuzzKeystore/869ed1ac372d5e27713236cfd5468c5c85467bed
=== RUN   FuzzKeystore/877b60b56822fcaea245823ca3061a8f53247512
=== RUN   FuzzKeystore/87fef0b17642f5958e58ee0a3d8154b3e8909bc4
=== RUN   FuzzKeystore/881e8b452c858e061cb5ea7954698f5ec8e70201
=== RUN   FuzzKeystore/8899439dd7ff37e8e84bd28a6d1d857eee6901de
=== RUN   FuzzKeystore/88df15578ec94afda1ce6b9cb93a7cedb6b3f50b
=== RUN   FuzzKeystore/8aa7be6a4e1ec6441e793035d582ad6af23b87a1
=== RUN   FuzzKeystore/8dc133f692409227daaf36c9a493fbc4a60195bf
=== RUN   FuzzKeystore/8f28bc5649e8f0a506f2f19a3862dcce4ecf91b4
=== RUN   FuzzKeystore/908dd7c5e8c3bdb4ba71e5ff60bbda7d6e10b2f5
=== RUN   FuzzKeystore/91fa366e725485be5bdf0d7eaf2cfc81f9c865cd
=== RUN   FuzzKeystore/93b4db2d8e72ede598f1a0a034a5e308c8c996c0
=== RUN   FuzzKeystore/95415404056adc4502bffe33ff239446b1ecca3b
=== RUN   FuzzKeystore/9756a934e2c7ace777516ecf09398c2a21574fa8
=== RUN   FuzzKeystore/9e5e2b05964fb829bcac64e7f2e6a00ccb9ded79
=== RUN   FuzzKeystore/9f287edcfc8bcd8d410f8c47f3b185bd82e35ea6
=== RUN   FuzzKeystore/9f67917eb0eeff524b25122531680ade12a5e7d4
=== RUN   FuzzKeystore/9f7771c50c5cfa059299205f50eb42ff659a91cb
=== RUN   FuzzKeystore/a172e7f22204bf0642cf1b5c21aa6fc16cd95a71
=== RUN   FuzzKeystore/a448ad2870843e0a66f3ec5d550fff0b9f92725d
=== RUN   FuzzKeystore/a56a4a769d50f9145b525d9e008a9d949076f064
=== RUN   FuzzKeystore/a72b0c6723c6d7bd0a41cb2f0f2f2ed6a928d921
=== RUN   FuzzKeystore/aa9f5d0cd1aa551f9a635e974fd0b2a2a377bd22
=== RUN   FuzzKeystore/ac914cf0adb161586d3fc0a3e22ecf4f7e9f57e6
=== RUN   FuzzKeystore/acc01276196d2f0373877289d5d3a85bb1256a06
=== RUN   FuzzKeystore/ad792e57b5286e934eae2cbe9ff15618768c2c49
=== RUN   FuzzKeystore/ad92a3c142460563258ab83c8a654a94ba43b318
=== RUN   FuzzKeystore/adc83b19e793491b1c6ea0fd8b46cd9f32e592fc
=== RUN   FuzzKeystore/b431841878a35a537aeca977070b8d36092e4512
=== RUN   FuzzKeystore/b5a37da0a55aaa8a02d994f5740f2edc0fe06226
=== RUN   FuzzKeystore/b6af95e6e197895b4c116798bd68c76dbdd69bb7
=== RUN   FuzzKeystore/b7ba41a1e9eb720847fd1601b0e075e3f0aa62cf
=== RUN   FuzzKeystore/b7f9abac70ac04320a95027d83a0916cc7700b00
=== RUN   FuzzKeystore/b822c784dd16c5380461e86482dd620a9c3cd2e9
=== RUN   FuzzKeystore/b96f76dd4fb4bdc6c24c19ce8381933aaca1a4f7
=== RUN   FuzzKeystore/bb4f62019d29d309356e13ffdd6d366ea8345a6e
=== RUN   FuzzKeystore/bcce85d732b48853747847b09d51ddceca2c1a18
=== RUN   FuzzKeystore/bcf2a0a6f50d301f0bf239ab950c947d4d2acecf
=== RUN   FuzzKeystore/bdacef20a7d2f9034e22ec168839f1b3cd2471e2
=== RUN   FuzzKeystore/be59fb00ae926cdc56dfa1b8a60795ee42b271c3
=== RUN   FuzzKeystore/bea2f2adf3f3fafb0cb8634902753f42f5c70c72
=== RUN   FuzzKeystore/c06df20cbf1b81b36ed0a931ca2b0ff33adab086
=== RUN   FuzzKeystore/c20b20111166c171ebeab15556eee44c41f56151
=== RUN   FuzzKeystore/c2e028335b46e81596d521dd0206a7171221e5e3
=== RUN   FuzzKeystore/c45382cbe18614a824a582890f2ce2e2cbf7ab6d
=== RUN   FuzzKeystore/c51a2226949e871980bb07e0d2bf50c53b480004
=== RUN   FuzzKeystore/c5cddb2b61057251fb170878ab491db6bf0b15c0
=== RUN   FuzzKeystore/c6cb71d555cb53811f614eaa5bbd3f9bf461271c
=== RUN   FuzzKeystore/cd444a8186a54164f5de5d06789c02e27b3c1f40
=== RUN   FuzzKeystore/cd7a29bcfbb7dd74f155d7e709772394e9f053bb
=== RUN   FuzzKeystore/d11706ab60c86aec465a29bc8b422146a1e6a2b0
=== RUN   FuzzKeystore/d2756c65ba996b9acd327ec04b8969880ce43eee
=== RUN   FuzzKeystore/d42414b42108de47bbde3f32ceda498cc63ea79f
=== RUN   FuzzKeystore/d79220652a5610db2ad2d6d4e5c593f847f06b52
=== RUN   FuzzKeystore/d869737c36c9e0ad2e56992e960d0971c078ff0e
=== RUN   FuzzKeystore/d9f120e0907918dfe70c07e706590d75e4d890dd
=== RUN   FuzzKeystore/ddb208be6825c17c10590e5eea6efe46b6bcd13e
=== RUN   FuzzKeystore/dec9da450fb9795e541fc2de4b0d908c9dbb376e
=== RUN   FuzzKeystore/df0fd5eb1320876eb6b78d4009c62fb46d08ed6d
=== RUN   FuzzKeystore/df6e8dffa4c431e12011aa24288cc9f130c8c03c
=== RUN   FuzzKeystore/df824c30ffff7899686f51fc98b77f10468bfc16
=== RUN   FuzzKeystore/e0f9298c5862f0a60f57cc1863ba4f6f7739b221
=== RUN   FuzzKeystore/e0fdbb01f0c23ca1838f71c2eaa558e0cc86323b
=== RUN   FuzzKeystore/e2adfa650260d2da856de199f430ca2295d90510
=== RUN   FuzzKeystore/e3e409903a7028fba7684deb634be8a4a96beb74
=== RUN   FuzzKeystore/e439acc88898a3ccdde6919bab34cf1a17f86e01
=== RUN   FuzzKeystore/e4e29d32ccf4755cef2d4a96455434123d68f3ae
=== RUN   FuzzKeystore/e5180211314c9590e66b5d84be62cf7543d65ba0
=== RUN   FuzzKeystore/e54f368a93fa2916096b0ee8b6cabf7aa38e3c5f
=== RUN   FuzzKeystore/e6c4a2eba593d05dec52ab2651171295491d82ac
=== RUN   FuzzKeystore/e87f7080edbd800cc229427c35007d5ab1b44d5a
=== RUN   FuzzKeystore/eb6facd4bbcd50589ab2acd098f28dfd0034526e
=== RUN   FuzzKeystore/eca0067c124a54e0a3e731a2e4caf6c6445e6893
=== RUN   FuzzKeystore/edb5b57b1cc5ef0b0e08c0a58e5035b0755e2934
=== RUN   FuzzKeystore/eecb44ebe49839c21760a5e2549629b8adee426b
=== RUN   FuzzKeystore/ef07deb98e584d4740f172cd455aadb417be83f2
=== RUN   FuzzKeystore/efb7a28342ff7c6a900932810b1ffa0d62d7da86
=== RUN   FuzzKeystore/efd728469beac666a465cbb0edaada622f7448ee
=== RUN   FuzzKeystore/efe3400977ab06eaca8e565e161fdc432366c6f7
=== RUN   FuzzKeystore/effc072904f90c6fbd02e62b66d89ccda650f504
=== RUN   FuzzKeystore/f0671f6fe6e21da1fb511953d41fd9d1671b71c9
=== RUN   FuzzKeystore/f1852266bdc4227566db463502ba2503edd1585a
=== RUN   FuzzKeystore/f2cfc13ace902e97bf30ca4df834eccffc89f87b
=== RUN   FuzzKeystore/f5e05e167e45465c4b0e37d911957bd80e7a0bef
=== RUN   FuzzKeystore/f821a01283256350c47fabcb07f4e46efdc36153
=== RUN   FuzzKeystore/f98bea3b31662bf17412ea902bea28a1d12e6be9
=== RUN   FuzzKeystore/fcff3be7bb21289749d893891dd2ab8bd363ec8a
=== RUN   FuzzKeystore/fd119ea2016cee35a64c823e16a98a75121dbd2f
=== RUN   FuzzKeystore/fefcfefb119ed39164e5d7bf911bc06e1801614e
=== RUN   FuzzKeystore/ff9319f5e9e65c4894a6fe7d3d44e461fe7d7e8b
--- PASS: FuzzKeystore (30.65s)
    --- PASS: FuzzKeystore/01a6bc1efe4f54c05a0c856b82f639e496b69d1d (0.16s)
    --- PASS: FuzzKeystore/01abe3c3898e1f7ec01ded7d5b99181fe10f43de (0.16s)
    --- PASS: FuzzKeystore/036f2917ff3f335dd9f12871791357fb938d836c (0.16s)
    --- PASS: FuzzKeystore/0506bef32693744a537cdb12f9a5c0d3b25ac6ec (0.15s)
    --- PASS: FuzzKeystore/067a2302dfd6823292535f2de4adfdec152236ce (0.16s)
    --- PASS: FuzzKeystore/06bf0e8db57e469a8171c81e1e581a79dd9ddfc3 (0.15s)
    --- PASS: FuzzKeystore/0949b96cd416d6907297c1cedcce38192eebfc6b (0.16s)
    --- PASS: FuzzKeystore/0a4c4f17461c4dff1185bf66e3a042708163da67 (0.16s)
    --- PASS: FuzzKeystore/0a61eadaf2a071bb77c49c42162a687c6cd735f7 (0.16s)
    --- PASS: FuzzKeystore/0b6468f85aef227354461dede1de37331d25a2e4 (0.16s)
    --- PASS: FuzzKeystore/0c29caf1de617994fab1a3dba5b3f9f1ebb75c1a (0.15s)
    --- PASS: FuzzKeystore/0c98276409324168bc4acbecabe173e8062e2c0f (0.15s)
    --- PASS: FuzzKeystore/0dd362bb2b631fa20fbe411f7f6bddd0e2f6b66a (0.16s)
    --- PASS: FuzzKeystore/0ff5ce2c289755d5cb65faf1b4d2e99a8fcaa840 (0.16s)
    --- PASS: FuzzKeystore/10a3d5ac957eb41956d8ff873883806470feb43d (0.16s)
    --- PASS: FuzzKeystore/125437febf5a8b563b3945dcdf8f48a32cd3fd66 (0.16s)
    --- PASS: FuzzKeystore/137b3aaf7b709c177ffd5c84cf13648c612260bb (0.17s)
    --- PASS: FuzzKeystore/1587dad219cb04dc91cfd6ac24fe07cf056937b4 (0.17s)
    --- PASS: FuzzKeystore/16e8d4cb324a9b2fe3c8cca902fb0ed0679d2be0 (0.16s)
    --- PASS: FuzzKeystore/19da93cd7ba1241dc6f56006b8aa3939e1cf11e0 (0.16s)
    --- PASS: FuzzKeystore/1b65eb6632f22283ad2b2e82fff521cfe2cbfe18 (0.16s)
    --- PASS: FuzzKeystore/1de22783a975c2a2579a0833fc59a8a68cb12010 (0.16s)
    --- PASS: FuzzKeystore/202a7d650d11451bc73115676036681c22150386 (0.16s)
    --- PASS: FuzzKeystore/2090bb38dde053a6339a7c1f519d45a4cf6e71d2 (0.16s)
    --- PASS: FuzzKeystore/20efee395b022143bd57fcdc1f29b5542e7c2608 (0.16s)
    --- PASS: FuzzKeystore/210bbf0e7af5f6c3929df8bf19be9f34f3befda1 (0.16s)
    --- PASS: FuzzKeystore/217fe82943bffabde93c3bfabadaa3fd9902354f (0.16s)
    --- PASS: FuzzKeystore/2278370b86e1cac6929c4cc9053f545edb23d3c6 (0.16s)
    --- PASS: FuzzKeystore/22eb95998acf66d0ff16b15239a23e4d610ef6bf (0.16s)
    --- PASS: FuzzKeystore/24c0070ff79c8b92c1605bbc9ad3b24a917d3dca (0.16s)
    --- PASS: FuzzKeystore/24dd8456b4d25c434b99a1b2f18d45e95d5c4abc (0.16s)
    --- PASS: FuzzKeystore/271a7d26b2a8f0c1330806a24bfab677e7e6640e (0.16s)
    --- PASS: FuzzKeystore/27433a5dd5d3d5fad99fa5629a11c4581c18817d (0.16s)
    --- PASS: FuzzKeystore/2868aed1cf063f9fc2c1ed758ea60a1d2fa005d4 (0.16s)
    --- PASS: FuzzKeystore/2971c60535ddfaefaedc96b7721b3b380d809f4d (0.16s)
    --- PASS: FuzzKeystore/2acd4100dc910d8aebfcf3e048e47e72cbf9fb1e (0.16s)
    --- PASS: FuzzKeystore/2e94b1027b84418967f6923576b181c921adb643 (0.16s)
    --- PASS: FuzzKeystore/2f719737f80d5aaedce362555673034e7b3164bd (0.16s)
    --- PASS: FuzzKeystore/3009e727acb1d75563f724b940ea61cf7e049e3a (0.16s)
    --- PASS: FuzzKeystore/30e25e3c787bd01c73223e54ef72f3458030d8e7 (0.16s)
    --- PASS: FuzzKeystore/312eab1fb885fce6724d095b88aaec28605a1278 (0.16s)
    --- PASS: FuzzKeystore/3343ab5fa5af357e8c8aff4ca97bd1cac655c520 (0.16s)
    --- PASS: FuzzKeystore/34e7702d33dcd4bd8c39891ce232a09a68386a40 (0.16s)
    --- PASS: FuzzKeystore/36e1ffdf46bb87fcbb3383189e3bdfa30544c627 (0.16s)
    --- PASS: FuzzKeystore/3a45168e896f33526536e63ece3be8c4021590df (0.16s)
    --- PASS: FuzzKeystore/3ae61a7a1c67d00b3fa44fbeedb13929c253c58f (0.16s)
    --- PASS: FuzzKeystore/3b63ef4f2da0adf954d3eb147c6276533bedd608 (0.16s)
    --- PASS: FuzzKeystore/3bdb1dbf0234538da058a3a791d79006995b5fc3 (0.15s)
    --- PASS: FuzzKeystore/3c2f66184f3b03e88002dcefdb4f721997135034 (0.15s)
    --- PASS: FuzzKeystore/3c99367358de1d1c8435c805527c09a5bb13a690 (0.15s)
    --- PASS: FuzzKeystore/3d29448e50a142c295ae9e4d283688e9766d482e (0.16s)
    --- PASS: FuzzKeystore/41a15c66d1c0ab6ed06c08e78657fc1dea2977a0 (0.16s)
    --- PASS: FuzzKeystore/4282c45ef295b514b010e788c8c15df181e10dc8 (0.16s)
    --- PASS: FuzzKeystore/4436cab26d21f51028769512ea4335d66e7e261b (0.16s)
    --- PASS: FuzzKeystore/461647268939098648b5d26d43fc3c4eb8fea4f5 (0.16s)
    --- PASS: FuzzKeystore/46297833259ec88ba95b47f9f858501ea276018f (0.15s)
    --- PASS: FuzzKeystore/482ca8602a69d3fa977f1bfec8f6f5d04e8fdd56 (0.16s)
    --- PASS: FuzzKeystore/492133f99d6ac52fcba7548947649165a604e021 (0.16s)
    --- PASS: FuzzKeystore/49a1093a8ec3483ce5eb590294f3d6f904fe4e89 (0.18s)
    --- PASS: FuzzKeystore/4ce163b2d7c94eaf331a405d1a11d9612e1effc3 (0.16s)
    --- PASS: FuzzKeystore/4ee22ffacbafb6f5569a59767cf73e0b5eac7759 (0.16s)
    --- PASS: FuzzKeystore/5347c9463eaa59a0c109555eeb31901f4b7a56b9 (0.16s)
    --- PASS: FuzzKeystore/55fc956c9ebe9d1dd0aab7d459b7224e44be7dcb (0.16s)
    --- PASS: FuzzKeystore/56c4c4019e19f2711f70644a101f9148c0c3a50b (0.16s)
    --- PASS: FuzzKeystore/577ce27f0cfcd9861d79125fb79aac610ad4c472 (0.16s)
    --- PASS: FuzzKeystore/57e813d3a09f1c1a97f0297025512f59cddf48fe (0.15s)
    --- PASS: FuzzKeystore/57f7e90d9c90707a4eca08288b52aeda8f155381 (0.16s)
    --- PASS: FuzzKeystore/5af8e29a66af279fab5e26d82d63633b8a5baafe (0.16s)
    --- PASS: FuzzKeystore/5d828d0f4e3afd87248140f57c8f1baee2695ecc (0.16s)
    --- PASS: FuzzKeystore/5e52902738e021c023d6805ac485a7a7ce83a38e (0.16s)
    --- PASS: FuzzKeystore/5e74e09d37dcd3530713d04124fb27dfa6ca4b88 (0.16s)
    --- PASS: FuzzKeystore/5eacd3d2fb000116bd312d5e33427c1a9c0cc48f (0.16s)
    --- PASS: FuzzKeystore/5eb3bd1cc32f5f3c317b5d489aade415cdbe0284 (0.16s)
    --- PASS: FuzzKeystore/5eee9355a8bb7ee505b2b36816e3ded69272bf63 (0.16s)
    --- PASS: FuzzKeystore/5fafd513cd639927facbcf0c99481f9aef846243 (0.16s)
    --- PASS: FuzzKeystore/606585f51f13ab1108bdc2a258e5bbee8b5ea6bc (0.15s)
    --- PASS: FuzzKeystore/60671a30b958588c065a04e667c2d2bd2b1f8c18 (0.16s)
    --- PASS: FuzzKeystore/60adddd63006e4cc554671561363db50dd996e27 (0.16s)
    --- PASS: FuzzKeystore/61b71ea4e06afb087d76aee928ef61ab2866d134 (0.16s)
    --- PASS: FuzzKeystore/63d4cea241605fead946aca839fe058728069750 (0.16s)
    --- PASS: FuzzKeystore/67df9fead52a2559979f8fae3e1e71e6d45b5359 (0.16s)
    --- PASS: FuzzKeystore/686e5877c12b411b940f54618eb202784ec0afda (0.16s)
    --- PASS: FuzzKeystore/694d1fb247597b327eef79ffe7d3dd9e988f4737 (0.16s)
    --- PASS: FuzzKeystore/6a6786ac85b50b30524cf1966fd80faff17c9d7b (0.16s)
    --- PASS: FuzzKeystore/6b70f339777cba7a7f85a2f0aab139c1a36cbd8f (0.16s)
    --- PASS: FuzzKeystore/6decd19803771f9c97c2144a47b8320ef5e65959 (0.16s)
    --- PASS: FuzzKeystore/6fd9ec6ce976a6cc4cc48df7a333789d6e770045 (0.16s)
    --- PASS: FuzzKeystore/702b6448c85f22419e36bbc9de7541b7bf992205 (0.16s)
    --- PASS: FuzzKeystore/704b20e3469f246c3330eb000af4a6407fedd194 (0.16s)
    --- PASS: FuzzKeystore/73243966fa8c06c2676caa5a957711b716868284 (0.16s)
    --- PASS: FuzzKeystore/7377da44bd9711ba00123fd59022958147f2729a (0.16s)
    --- PASS: FuzzKeystore/73c2fd4dce576583f5fdff55d6fc359d808b9614 (0.16s)
    --- PASS: FuzzKeystore/74a571ff11524d58331ac7071a3af0e0d8d27ddd (0.16s)
    --- PASS: FuzzKeystore/75163939d8329697dacc010ed6e29ad204c04814 (0.16s)
    --- PASS: FuzzKeystore/7927b18e5bfd9da65d28ba7f24fb810aee81275f (0.16s)
    --- PASS: FuzzKeystore/79443719366ecec1d7d1730ac7226c63abd714e7 (0.16s)
    --- PASS: FuzzKeystore/79503b95a6973b091b443af58772d0433028ce2f (0.16s)
    --- PASS: FuzzKeystore/7fe04b8d94ddcdfa32b25c0b36fdd579d8bb086a (0.16s)
    --- PASS: FuzzKeystore/801d0ebf03b8bdefbfee51035904fcccbcf384c9 (0.16s)
    --- PASS: FuzzKeystore/8330856e2b0d87bdb461955b7b34367fd6d395a3 (0.15s)
    --- PASS: FuzzKeystore/837147700f7639b1dbbd47cc0f23bf89e3c0fe2a (0.16s)
    --- PASS: FuzzKeystore/83f126a6bb2df3d86be870c63681ad325d90d48b (0.15s)
    --- PASS: FuzzKeystore/853e9189feb616336c6e50fbac2f2128d6226c82 (0.16s)
    --- PASS: FuzzKeystore/862eb1ffcd105f60c8be3f83b08145119e6209a6 (0.16s)
    --- PASS: FuzzKeystore/8631e92c8cc97728ea0e20e4a0579e0e4e43aac2 (0.16s)
    --- PASS: FuzzKeystore/8681412c50a2586154e9eb3b15d2ec63f8b80a8d (0.16s)
    --- PASS: FuzzKeystore/869ed1ac372d5e27713236cfd5468c5c85467bed (0.16s)
    --- PASS: FuzzKeystore/877b60b56822fcaea245823ca3061a8f53247512 (0.16s)
    --- PASS: FuzzKeystore/87fef0b17642f5958e58ee0a3d8154b3e8909bc4 (0.16s)
    --- PASS: FuzzKeystore/881e8b452c858e061cb5ea7954698f5ec8e70201 (0.16s)
    --- PASS: FuzzKeystore/8899439dd7ff37e8e84bd28a6d1d857eee6901de (0.16s)
    --- PASS: FuzzKeystore/88df15578ec94afda1ce6b9cb93a7cedb6b3f50b (0.16s)
    --- PASS: FuzzKeystore/8aa7be6a4e1ec6441e793035d582ad6af23b87a1 (0.16s)
    --- PASS: FuzzKeystore/8dc133f692409227daaf36c9a493fbc4a60195bf (0.16s)
    --- PASS: FuzzKeystore/8f28bc5649e8f0a506f2f19a3862dcce4ecf91b4 (0.16s)
    --- PASS: FuzzKeystore/908dd7c5e8c3bdb4ba71e5ff60bbda7d6e10b2f5 (0.16s)
    --- PASS: FuzzKeystore/91fa366e725485be5bdf0d7eaf2cfc81f9c865cd (0.16s)
    --- PASS: FuzzKeystore/93b4db2d8e72ede598f1a0a034a5e308c8c996c0 (0.15s)
    --- PASS: FuzzKeystore/95415404056adc4502bffe33ff239446b1ecca3b (0.16s)
    --- PASS: FuzzKeystore/9756a934e2c7ace777516ecf09398c2a21574fa8 (0.16s)
    --- PASS: FuzzKeystore/9e5e2b05964fb829bcac64e7f2e6a00ccb9ded79 (0.16s)
    --- PASS: FuzzKeystore/9f287edcfc8bcd8d410f8c47f3b185bd82e35ea6 (0.16s)
    --- PASS: FuzzKeystore/9f67917eb0eeff524b25122531680ade12a5e7d4 (0.15s)
    --- PASS: FuzzKeystore/9f7771c50c5cfa059299205f50eb42ff659a91cb (0.16s)
    --- PASS: FuzzKeystore/a172e7f22204bf0642cf1b5c21aa6fc16cd95a71 (0.15s)
    --- PASS: FuzzKeystore/a448ad2870843e0a66f3ec5d550fff0b9f92725d (0.15s)
    --- PASS: FuzzKeystore/a56a4a769d50f9145b525d9e008a9d949076f064 (0.16s)
    --- PASS: FuzzKeystore/a72b0c6723c6d7bd0a41cb2f0f2f2ed6a928d921 (0.16s)
    --- PASS: FuzzKeystore/aa9f5d0cd1aa551f9a635e974fd0b2a2a377bd22 (0.16s)
    --- PASS: FuzzKeystore/ac914cf0adb161586d3fc0a3e22ecf4f7e9f57e6 (0.16s)
    --- PASS: FuzzKeystore/acc01276196d2f0373877289d5d3a85bb1256a06 (0.16s)
    --- PASS: FuzzKeystore/ad792e57b5286e934eae2cbe9ff15618768c2c49 (0.16s)
    --- PASS: FuzzKeystore/ad92a3c142460563258ab83c8a654a94ba43b318 (0.16s)
    --- PASS: FuzzKeystore/adc83b19e793491b1c6ea0fd8b46cd9f32e592fc (0.15s)
    --- PASS: FuzzKeystore/b431841878a35a537aeca977070b8d36092e4512 (0.16s)
    --- PASS: FuzzKeystore/b5a37da0a55aaa8a02d994f5740f2edc0fe06226 (0.16s)
    --- PASS: FuzzKeystore/b6af95e6e197895b4c116798bd68c76dbdd69bb7 (0.16s)
    --- PASS: FuzzKeystore/b7ba41a1e9eb720847fd1601b0e075e3f0aa62cf (0.15s)
    --- PASS: FuzzKeystore/b7f9abac70ac04320a95027d83a0916cc7700b00 (0.16s)
    --- PASS: FuzzKeystore/b822c784dd16c5380461e86482dd620a9c3cd2e9 (0.16s)
    --- PASS: FuzzKeystore/b96f76dd4fb4bdc6c24c19ce8381933aaca1a4f7 (0.16s)
    --- PASS: FuzzKeystore/bb4f62019d29d309356e13ffdd6d366ea8345a6e (0.16s)
    --- PASS: FuzzKeystore/bcce85d732b48853747847b09d51ddceca2c1a18 (0.16s)
    --- PASS: FuzzKeystore/bcf2a0a6f50d301f0bf239ab950c947d4d2acecf (0.16s)
    --- PASS: FuzzKeystore/bdacef20a7d2f9034e22ec168839f1b3cd2471e2 (0.16s)
    --- PASS: FuzzKeystore/be59fb00ae926cdc56dfa1b8a60795ee42b271c3 (0.16s)
    --- PASS: FuzzKeystore/bea2f2adf3f3fafb0cb8634902753f42f5c70c72 (0.16s)
    --- PASS: FuzzKeystore/c06df20cbf1b81b36ed0a931ca2b0ff33adab086 (0.16s)
    --- PASS: FuzzKeystore/c20b20111166c171ebeab15556eee44c41f56151 (0.16s)
    --- PASS: FuzzKeystore/c2e028335b46e81596d521dd0206a7171221e5e3 (0.16s)
    --- PASS: FuzzKeystore/c45382cbe18614a824a582890f2ce2e2cbf7ab6d (0.16s)
    --- PASS: FuzzKeystore/c51a2226949e871980bb07e0d2bf50c53b480004 (0.16s)
    --- PASS: FuzzKeystore/c5cddb2b61057251fb170878ab491db6bf0b15c0 (0.16s)
    --- PASS: FuzzKeystore/c6cb71d555cb53811f614eaa5bbd3f9bf461271c (0.16s)
    --- PASS: FuzzKeystore/cd444a8186a54164f5de5d06789c02e27b3c1f40 (0.16s)
    --- PASS: FuzzKeystore/cd7a29bcfbb7dd74f155d7e709772394e9f053bb (0.16s)
    --- PASS: FuzzKeystore/d11706ab60c86aec465a29bc8b422146a1e6a2b0 (0.16s)
    --- PASS: FuzzKeystore/d2756c65ba996b9acd327ec04b8969880ce43eee (0.15s)
    --- PASS: FuzzKeystore/d42414b42108de47bbde3f32ceda498cc63ea79f (0.16s)
    --- PASS: FuzzKeystore/d79220652a5610db2ad2d6d4e5c593f847f06b52 (0.16s)
    --- PASS: FuzzKeystore/d869737c36c9e0ad2e56992e960d0971c078ff0e (0.16s)
    --- PASS: FuzzKeystore/d9f120e0907918dfe70c07e706590d75e4d890dd (0.16s)
    --- PASS: FuzzKeystore/ddb208be6825c17c10590e5eea6efe46b6bcd13e (0.16s)
    --- PASS: FuzzKeystore/dec9da450fb9795e541fc2de4b0d908c9dbb376e (0.16s)
    --- PASS: FuzzKeystore/df0fd5eb1320876eb6b78d4009c62fb46d08ed6d (0.16s)
    --- PASS: FuzzKeystore/df6e8dffa4c431e12011aa24288cc9f130c8c03c (0.16s)
    --- PASS: FuzzKeystore/df824c30ffff7899686f51fc98b77f10468bfc16 (0.16s)
    --- PASS: FuzzKeystore/e0f9298c5862f0a60f57cc1863ba4f6f7739b221 (0.16s)
    --- PASS: FuzzKeystore/e0fdbb01f0c23ca1838f71c2eaa558e0cc86323b (0.16s)
    --- PASS: FuzzKeystore/e2adfa650260d2da856de199f430ca2295d90510 (0.16s)
    --- PASS: FuzzKeystore/e3e409903a7028fba7684deb634be8a4a96beb74 (0.16s)
    --- PASS: FuzzKeystore/e439acc88898a3ccdde6919bab34cf1a17f86e01 (0.16s)
    --- PASS: FuzzKeystore/e4e29d32ccf4755cef2d4a96455434123d68f3ae (0.16s)
    --- PASS: FuzzKeystore/e5180211314c9590e66b5d84be62cf7543d65ba0 (0.16s)
    --- PASS: FuzzKeystore/e54f368a93fa2916096b0ee8b6cabf7aa38e3c5f (0.16s)
    --- PASS: FuzzKeystore/e6c4a2eba593d05dec52ab2651171295491d82ac (0.16s)
    --- PASS: FuzzKeystore/e87f7080edbd800cc229427c35007d5ab1b44d5a (0.16s)
    --- PASS: FuzzKeystore/eb6facd4bbcd50589ab2acd098f28dfd0034526e (0.16s)
    --- PASS: FuzzKeystore/eca0067c124a54e0a3e731a2e4caf6c6445e6893 (0.16s)
    --- PASS: FuzzKeystore/edb5b57b1cc5ef0b0e08c0a58e5035b0755e2934 (0.16s)
    --- PASS: FuzzKeystore/eecb44ebe49839c21760a5e2549629b8adee426b (0.16s)
    --- PASS: FuzzKeystore/ef07deb98e584d4740f172cd455aadb417be83f2 (0.16s)
    --- PASS: FuzzKeystore/efb7a28342ff7c6a900932810b1ffa0d62d7da86 (0.16s)
    --- PASS: FuzzKeystore/efd728469beac666a465cbb0edaada622f7448ee (0.16s)
    --- PASS: FuzzKeystore/efe3400977ab06eaca8e565e161fdc432366c6f7 (0.16s)
    --- PASS: FuzzKeystore/effc072904f90c6fbd02e62b66d89ccda650f504 (0.16s)
    --- PASS: FuzzKeystore/f0671f6fe6e21da1fb511953d41fd9d1671b71c9 (0.16s)
    --- PASS: FuzzKeystore/f1852266bdc4227566db463502ba2503edd1585a (0.16s)
    --- PASS: FuzzKeystore/f2cfc13ace902e97bf30ca4df834eccffc89f87b (0.16s)
    --- PASS: FuzzKeystore/f5e05e167e45465c4b0e37d911957bd80e7a0bef (0.15s)
    --- PASS: FuzzKeystore/f821a01283256350c47fabcb07f4e46efdc36153 (0.16s)
    --- PASS: FuzzKeystore/f98bea3b31662bf17412ea902bea28a1d12e6be9 (0.16s)
    --- PASS: FuzzKeystore/fcff3be7bb21289749d893891dd2ab8bd363ec8a (0.16s)
    --- PASS: FuzzKeystore/fd119ea2016cee35a64c823e16a98a75121dbd2f (0.15s)
    --- PASS: FuzzKeystore/fefcfefb119ed39164e5d7bf911bc06e1801614e (0.16s)
    --- PASS: FuzzKeystore/ff9319f5e9e65c4894a6fe7d3d44e461fe7d7e8b (0.16s)
PASS
coverage: 75.0% of statements
ok  	github.com/morph-l2/go-ethereum/tests/fuzzers/keystore	30.667s	coverage: 75.0% of statements
