=== RUN   FuzzRangeproof
=== RUN   FuzzRangeproof/00585db560e06fdf36ec876e1fd2a11e18389d74
=== RUN   FuzzRangeproof/00e7d10354990b65a7da63b6828e6e2ade984901
=== RUN   FuzzRangeproof/0116dbf9e78c29a61392fd1f404dd7b4b90d8e7a
=== RUN   FuzzRangeproof/026a647d03582da371b6e612e4bee343bc8ac7e1
=== RUN   FuzzRangeproof/0393f01a4ccef9b7c9cd0918a5f234b9fb795d72
=== RUN   FuzzRangeproof/0489367b945d415e7c6d18267452c4a9396836bc
=== RUN   FuzzRangeproof/04dc2c79ad56fe660ea971dcf54176cd45380b39
=== RUN   FuzzRangeproof/05ebd3f6ecd0a7a5356170fade8de075e5b10115
=== RUN   FuzzRangeproof/061b8c3fd21c8a4195b5f4821b2a0cd6a628c90d
=== RUN   FuzzRangeproof/063b6715163b289695af9a95334e2eeef2aad459
=== RUN   FuzzRangeproof/065cf3ceabe414429b9cbad1d009c92f04802291
=== RUN   FuzzRangeproof/0664020f413eb1c0d102b1bd37e383d9094b5abf
=== RUN   FuzzRangeproof/06985b60cf18a7a078197ce703f41d258a9d9a20
=== RUN   FuzzRangeproof/070f65c99413af55557c3bd89cfe3f4bbe903a80
=== RUN   FuzzRangeproof/07536c8f94afe1a1434c5e0c8cbf12d1d299040c
=== RUN   FuzzRangeproof/07c6c4e3a2a136e769614019c9e810e5f636507a
=== RUN   FuzzRangeproof/086060c25824fe516099a9570f558b4f0fd1b681
=== RUN   FuzzRangeproof/08dac3c373c88fa568caf24648b996e2b4651173
=== RUN   FuzzRangeproof/08ef08315c679200d65fcb1fe441497a0cd7f71b
=== RUN   FuzzRangeproof/091385be99b45f459a231582d583ec9f3fa3d194
=== RUN   FuzzRangeproof/09496212beb5dd4742b2bf545f5091a4413ca641
=== RUN   FuzzRangeproof/0961f90daf8963017521ce04a5716f797da4ca7a
=== RUN   FuzzRangeproof/097ae98951457de0fa2ec6939d1b798f00313384
=== RUN   FuzzRangeproof/09b06f3a83f17f684ddc3b1bd2ee80afa300bed5
=== RUN   FuzzRangeproof/0a4de39f1100b4f8e876aa8abf50e0ec52f34413
=== RUN   FuzzRangeproof/0b2c3ce9eb064bf7ee5fae0368274868543eb045
=== RUN   FuzzRangeproof/0b5ff4199bf4f6fd4d66b8005dea87c23691ad24
=== RUN   FuzzRangeproof/0bbaa28900f034cb1f864a4408a00dcc2ae823ef
=== RUN   FuzzRangeproof/0c43e7166de2372610f62f9c534c3b370dc9cc81
=== RUN   FuzzRangeproof/0cebac4c9eff947ead78035d5944fb3ca3424842
=== RUN   FuzzRangeproof/0de450dc21cdb703f00ac31a7ec55b7101085e32
=== RUN   FuzzRangeproof/0e51612d6a8190d44a31200f0fc7ea08b6ebff3b
=== RUN   FuzzRangeproof/0e9086b37b2dd943c6290641d5002e782c4c28af
=== RUN   FuzzRangeproof/0f072871ef2292de19ccfb7198d61a1ca99bd41e
=== RUN   FuzzRangeproof/0f2d9f4292d5c033edd16a2a72493b45888e10d4
=== RUN   FuzzRangeproof/0f38b546f2fa508e9a104a401b7ed6ff68849691
=== RUN   FuzzRangeproof/0fcf160d724cef2a10e5fdea1abb56f65d6a5c02
=== RUN   FuzzRangeproof/1110c064337e346934c0bb285cb3119d1127b877
=== RUN   FuzzRangeproof/1248bd848e511adcccedd55ccde9b0c5241c869c
=== RUN   FuzzRangeproof/12acb41d1bf235a00f3a008e527537c19ecdb8b2
=== RUN   FuzzRangeproof/12d056b8c6736a6624a14b7a4348d1e80bd62bb3
=== RUN   FuzzRangeproof/13325f0fa7d807e1e8d800dc0664773061354c1c
=== RUN   FuzzRangeproof/143f7990588cd6fa609b3b9b43d5df1ede341ecd
=== RUN   FuzzRangeproof/1559743591376b20879733b2372880ba85caeb8d
=== RUN   FuzzRangeproof/1648c6a706e6856dce05da841cdc20f0d676b8d5
=== RUN   FuzzRangeproof/1795df29324a647a80412eec741d2dd87dbd1429
=== RUN   FuzzRangeproof/17c2baadfbe40852da2ebaf76d6d28cfa1673719
=== RUN   FuzzRangeproof/17d1fb8754b828d4fb5ed218522524e89d4c39f9
=== RUN   FuzzRangeproof/17f1fefaf60b68993d66ca8389b56cd154b9c22c
=== RUN   FuzzRangeproof/1857ddb24453fdf0dd846b25d96259e20da13978
=== RUN   FuzzRangeproof/186cb83821eea5e80e7a5b9e0c4eeb62827dbebc
=== RUN   FuzzRangeproof/18be0f4d9c8ee202b7cf5474d6d463d4b9f7fe92
=== RUN   FuzzRangeproof/195824e66c4dfee605dc1ebb25b2b12dcea93f2b
=== RUN   FuzzRangeproof/1973d4a5380562ec93f1d988cc4348053a12f696
=== RUN   FuzzRangeproof/199b95f4f655b13555576cb1339139fba9fcf496
=== RUN   FuzzRangeproof/19e4f6eb4c956002070b47477f49675ec59b9f6d
=== RUN   FuzzRangeproof/19ee26e89dc50fbded34feed4fb3a0dbabd7fb9c
=== RUN   FuzzRangeproof/1a1c905495432af4cec9962794976894966fc2d5
=== RUN   FuzzRangeproof/1b4738798814b85f88669e393a3c5672afa4e5e3
=== RUN   FuzzRangeproof/1bb3103572b00f4eb424a46821ca191f88223a73
=== RUN   FuzzRangeproof/1c6c4b5e8cb2fdb66888cb3048fbce3dcbb6b41b
=== RUN   FuzzRangeproof/1cc797f0627f5e1bbec20211aac9870bb83f1519
=== RUN   FuzzRangeproof/1d0146d95bea0411d1e4666c86816acb0d35f652
=== RUN   FuzzRangeproof/1d52ce51586c8c6b0263ca6dc7f90ddbb06e3acd
=== RUN   FuzzRangeproof/1d5c8aca424e9a7ae5fa2382738632e9bf8fb21d
=== RUN   FuzzRangeproof/1d757ae2e9e8a67139ec8051026582ea6495faf9
=== RUN   FuzzRangeproof/1e028d28058d4614315d61a524de66c18d9ceee8
=== RUN   FuzzRangeproof/1e3389f5ac727bb48f952de151d755029a38c359
=== RUN   FuzzRangeproof/1e692495eb3c34f94a57a78a843e0129e8b3d0b6
=== RUN   FuzzRangeproof/1eda1d506b49e6620050466bcd02ff6a4d498f16
=== RUN   FuzzRangeproof/1edee428814f62681ae404b89f1a6c2955a9d0f4
=== RUN   FuzzRangeproof/1f1e138979d3570a1949634e76bd15a98989e93b
=== RUN   FuzzRangeproof/1f81d4e2eed7bd5218d79ee316591e858a57f3af
=== RUN   FuzzRangeproof/1fcb1d3643c94e5b6eafc3d1da364b2d1392cc9f
=== RUN   FuzzRangeproof/1ff88aefb287a9c39cf1d77e77a02eaff1780f16
=== RUN   FuzzRangeproof/210821f8209f16fea1e0b128a3e820b2ba26b080
=== RUN   FuzzRangeproof/21542c2cd2f91e063e4b7de87be8f097b0d573af
=== RUN   FuzzRangeproof/22a01fedceb4a17d292c26e85548fa6eb825b019
=== RUN   FuzzRangeproof/22d4eeafaf89db86b7af3bfc0ede3c41c62a5e7d
=== RUN   FuzzRangeproof/2347b98aadd379e7dff0b23357de2affcab63712
=== RUN   FuzzRangeproof/235a21339bcc53402be6bc525c0fa9597879a995
=== RUN   FuzzRangeproof/240705ceb1b3d7ec24c74d5a5050c8932d0efe5c
=== RUN   FuzzRangeproof/24ba232d8cf46d0537f1b92f34f3193a73405f86
=== RUN   FuzzRangeproof/2500854afa591c61efccc1b2222e1f7be7dd360b
=== RUN   FuzzRangeproof/2523d5312987a9694a93068c63d8c1562c049b7c
=== RUN   FuzzRangeproof/2677c2c830da4abd577c7a780be3331bf6c4b2ce
=== RUN   FuzzRangeproof/27a07d43ff14ab7ae6b69a46b5017723ca89a630
=== RUN   FuzzRangeproof/28123ecaf13691edeb9164f26f3c4502a9358b63
=== RUN   FuzzRangeproof/28a58a9a7cd33a65faa08deaf4ac60849befd590
=== RUN   FuzzRangeproof/28edeef0927ac117cedfe4e584911a47ecf1a8c9
=== RUN   FuzzRangeproof/292d6fb6e84ba4d5fcd01a59292175d970c7241e
=== RUN   FuzzRangeproof/295fb1cf3d8f498f6cd65c3c898661b1758483e8
=== RUN   FuzzRangeproof/297d5d9bf7c0bde7b37f11c7a2d420f943e446e2
=== RUN   FuzzRangeproof/2993c872ecb059c9295c13cb2f97105354479d59
=== RUN   FuzzRangeproof/2a0812708e4b93ef85c456ecd03226cc12ede903
=== RUN   FuzzRangeproof/2a7a1fc9f06c0dda3f6f8cd4fa57116429897b94
=== RUN   FuzzRangeproof/2add5497d2efd19c1c1fa4aadd530a0d7d629303
=== RUN   FuzzRangeproof/2ae38d6ac8aae68573e63c9cdf18550917180e15
=== RUN   FuzzRangeproof/2b506a3cd98fe9ccf96ca29ea5806c90d81a35c2
=== RUN   FuzzRangeproof/2c6d6a8a80bd0af2f398ed7fdf0476587ea9cae1
=== RUN   FuzzRangeproof/2cd13b10dcb67c681e2499edbc009fe672fc96f6
=== RUN   FuzzRangeproof/2d3bfdb3449281f7f93c96ae75ec0fc2da9f75b4
=== RUN   FuzzRangeproof/2d48539625f00a7e2a90efd6d03d6ca15902d861
=== RUN   FuzzRangeproof/2dc8222e8bc84f9b378dd6edd46c45f87cd98f41
=== RUN   FuzzRangeproof/2de1d725d829723b21edb08d0340aac48509e25b
=== RUN   FuzzRangeproof/2e3329e032f2628948ad4deb83b2ccf269f9f9b1
=== RUN   FuzzRangeproof/2e8ba938691b6c6f844485780f6910d75ceb8d2d
=== RUN   FuzzRangeproof/2ea5e7f51d95ebc60505ea4c599bfc57b93d39f2
=== RUN   FuzzRangeproof/2f5e0a183ebb165a0572cbd2cb558f06d3fa9279
=== RUN   FuzzRangeproof/3004c96d65c0040bea45a6802561695f81a16b05
=== RUN   FuzzRangeproof/3173532552077d0d796c3628ac35c76343dc3a04
=== RUN   FuzzRangeproof/3192dbd03afa2c72536f0b2090fcfa6fd034047b
=== RUN   FuzzRangeproof/31b79393bf66b8633bd63249d48dcb4e9cdadb7c
=== RUN   FuzzRangeproof/323d86e0dd461237620fa1b9edfb39f470f25b65
=== RUN   FuzzRangeproof/33416c9ab1c8f1215fdeca9aa9c77aaec7863cff
=== RUN   FuzzRangeproof/33d7a3241825a7d333d77e3a4cb5955684089745
=== RUN   FuzzRangeproof/34d8c49e3924188599de9c019a6a66170863fd20
=== RUN   FuzzRangeproof/3543d278422d527eaddd2ff1764ac97396c4abc6
=== RUN   FuzzRangeproof/356177c92730094229c06a51ab7302708297f025
=== RUN   FuzzRangeproof/360b5bcbc5c78624beea5a85b4e263fc33308435
=== RUN   FuzzRangeproof/3610ceccd31b6f4ba24411fa4246660dfcbb86b6
=== RUN   FuzzRangeproof/3679d41df03065392d3004402383dd556142c70a
=== RUN   FuzzRangeproof/37b2b647f1f9bb0126bd1ed194f4684cf8c7e204
=== RUN   FuzzRangeproof/37fcccba9236cf72dcfe8720ca44220794a8f041
=== RUN   FuzzRangeproof/3857d9f7325283395afebae9be7fd17692f234da
=== RUN   FuzzRangeproof/3886f25fe5d518f50dc809c2d4a0afedc3483093
=== RUN   FuzzRangeproof/38a2517e728edfc3e6b76164f4b4a1d7c37c27d1
=== RUN   FuzzRangeproof/390dc7a51d60e9d7780f2ca2cc6c05feb4aa69f1
=== RUN   FuzzRangeproof/39283d40946cfd2d9a19590af1829baa754f3554
=== RUN   FuzzRangeproof/3956963db727531835424b769674168f3dc988e4
=== RUN   FuzzRangeproof/39bb16153e49d2bf7962f8a22e0662a682a56c04
=== RUN   FuzzRangeproof/39f2140535237a08c97fe57c0525ff051a4b3796
=== RUN   FuzzRangeproof/3b1116c64f764c3106441878c9a02e3b11c4e23f
=== RUN   FuzzRangeproof/3b1c31aea1ab5b732e1c23ca29be9f0d3877ff1f
=== RUN   FuzzRangeproof/3c7142d9c650902794516a4384f83602dbf44a6f
=== RUN   FuzzRangeproof/3d04743e7f9b4530373a39e75001608823d8c762
=== RUN   FuzzRangeproof/3d456c13e4dc5f2da3975a05f8e7b28652d28f29
=== RUN   FuzzRangeproof/3de56c8e9fb164488f0d8e86cc0b186e858f82d1
=== RUN   FuzzRangeproof/3df368a5e5eb25c83c8bde4f16bbc49bfa6269ea
=== RUN   FuzzRangeproof/3e15fae169b8d912285a2dd71598c54c0b22c656
=== RUN   FuzzRangeproof/3e348c1e9fdcfd0129d926aef361043602b1eb88
=== RUN   FuzzRangeproof/3fe47c55ab43f43dbdaf484025a48daccf4b2d1b
=== RUN   FuzzRangeproof/40976277bb1089702c78967a22af18f68b19334b
=== RUN   FuzzRangeproof/40a45b04110b0cafc54ec52f92bf3af47335b745
=== RUN   FuzzRangeproof/40c503888caf4b4c2c0275d502439bbbf550a45e
=== RUN   FuzzRangeproof/40e80cc2a91a8fb262e94d75e6232af37ecb41bf
=== RUN   FuzzRangeproof/415ee3db3299e83fa867a7f5ec0d7ecbe466ac40
=== RUN   FuzzRangeproof/41fb2e1cf99d381ca74eefe6ad1222d6690799fb
=== RUN   FuzzRangeproof/4257a94f8ca764a6725ed246c06ce3a8b5d798ac
=== RUN   FuzzRangeproof/42b573d526d3adf45e7711780ad62b71e480a74d
=== RUN   FuzzRangeproof/4334964e6b2f8c277cbf37fb7379f449bcc71e99
=== RUN   FuzzRangeproof/435f935b105fde1cc51a060d59c03a428f41bef5
=== RUN   FuzzRangeproof/439758a0ab4c9a6829871513c37cb4f9608ea69e
=== RUN   FuzzRangeproof/441f8fdeb413cba72de6b242670ce2b77c569345
=== RUN   FuzzRangeproof/448977404025adddf4082ae74228fda72737b820
=== RUN   FuzzRangeproof/449790cde81bd2f80c7a7aec994749b82646fa76
=== RUN   FuzzRangeproof/44ceca6bc98dc46dbebefbe1613b0b7ebb3da7d0
=== RUN   FuzzRangeproof/450b86833bc4ca2a04457b91bda3d832d88c83ce
=== RUN   FuzzRangeproof/456ea979eed2a89babfac53d79cb5164e925bcc7
=== RUN   FuzzRangeproof/45baa35140888b2912233d1f1b25372e56cb5dfe
=== RUN   FuzzRangeproof/45bb2fc55ef0a55863c2782f8bd88d309789a749
=== RUN   FuzzRangeproof/471496cc2a5a80a85060ed89ee59d7de787fd438
=== RUN   FuzzRangeproof/47427e1a1ef94ec6c8e17aef858125f7488ce657
=== RUN   FuzzRangeproof/47d0f319b248b44bcb37d5338ba5fc3430a5a3a1
=== RUN   FuzzRangeproof/486882c1724ae4a69b95a1b10cb1d57293cb3af6
=== RUN   FuzzRangeproof/495c30d6cda38044dfeede514f8b7893b2ef8fcb
=== RUN   FuzzRangeproof/49e78acca6215adf7ecf508451f28bc923832e6b
=== RUN   FuzzRangeproof/4a6e4a6a54f1ed709724a006f9b8fde022843527
=== RUN   FuzzRangeproof/4aa058fc9d483c1e27d0f2f497d93e0fc9440041
=== RUN   FuzzRangeproof/4b5fba4d8a0d312c9db10d912f2cf1440b8c3bef
=== RUN   FuzzRangeproof/4b8f1536333b0675b42879533ebee17281519f06
=== RUN   FuzzRangeproof/4baa8b65765c12542d53c02fb338076e4ad9be1c
=== RUN   FuzzRangeproof/4c1b615abb52ea06d8edcc604499b6c214053551
=== RUN   FuzzRangeproof/4c1ef496434def85c1789fd430ed17d83e721089
=== RUN   FuzzRangeproof/4ce00aafe7eba742c85e69e2443d649d1ca267fb
=== RUN   FuzzRangeproof/4dad3baa9e23b4f655365a31c93cce83b520fea3
=== RUN   FuzzRangeproof/4df0f89903e83ab5bc31359b2f6d1a85288197ef
=== RUN   FuzzRangeproof/4dfc0580129b79026c29add4f3b4e1338c11547a
=== RUN   FuzzRangeproof/4f339e9523573706f8f51a9c3456cabd1afe83bb
=== RUN   FuzzRangeproof/4f62fab0b7305919e4048fac702214f56e7e6def
=== RUN   FuzzRangeproof/4f8c6480cbf91dc12cc127ca5f3329e5f794f025
=== RUN   FuzzRangeproof/50aa094340a99fd53590380d0e2f6efc15a08b6b
=== RUN   FuzzRangeproof/50b76fb2902647e523e2c972a50f1e425fcad039
=== RUN   FuzzRangeproof/513af9037095ee25314c143124fc8b10fe4943ed
=== RUN   FuzzRangeproof/5281ebf3a65dee955e805d31e32118da6e042123
=== RUN   FuzzRangeproof/52c2ea6d599a7075a32d74bfd7265be4be2d6745
=== RUN   FuzzRangeproof/532f1791aa2abee616bda1d84a5366378c83556c
=== RUN   FuzzRangeproof/53a0a06c5ea0ee03d2b586d5128bb059c3b8dd98
=== RUN   FuzzRangeproof/53ca7c394d0a98c81b65e8c80a87d4a54a4b359b
=== RUN   FuzzRangeproof/549f45f1e65312482b7e4759b37c4fd2929a1efb
=== RUN   FuzzRangeproof/54a3ed0aa931b8a2c6666be8f3460ce0c9cde050
=== RUN   FuzzRangeproof/54df992ffc2ccfdef8738ec9474bbedd6f27b455
=== RUN   FuzzRangeproof/5558f117689676b461bf2ebf0200464a987d22c0
=== RUN   FuzzRangeproof/56049a6c902706877266573184d302fceaba866a
=== RUN   FuzzRangeproof/565681df869bab75e4cc0bf791bcd99e906757e8
=== RUN   FuzzRangeproof/56d23d9c5508edce4855076bf8b12647ce64946d
=== RUN   FuzzRangeproof/570e12d7f5132b5f676189f221bee6fb16d9487f
=== RUN   FuzzRangeproof/5989a1f5e56e4194f39c2745fa3997bb9e8e900b
=== RUN   FuzzRangeproof/5990a887874f5bb5b80e3be22f7e05d6d3b8cc4d
=== RUN   FuzzRangeproof/5a9d5f99ff2db68995c2251eb70387fa2531b39a
=== RUN   FuzzRangeproof/5ac5348838c4588df70d06328958cd71ccc76338
=== RUN   FuzzRangeproof/5b31ac3ff858be235b794335fa0ad6d08c1d5954
=== RUN   FuzzRangeproof/5b8cc3899554491a16e7a8af91898e2ec867025d
=== RUN   FuzzRangeproof/5bf2d018372e64456e737e7aa1a8178dc6ac12d3
=== RUN   FuzzRangeproof/5c0b0ec000d51843ca99ce4c09183b49c1594487
=== RUN   FuzzRangeproof/5c3e1cb586dc470fd4b16c80e6486ab87178f694
=== RUN   FuzzRangeproof/5c7dd9736ef53bf509e7e6d83283a16be8ca639d
=== RUN   FuzzRangeproof/5d760dcaf1d13ec1ec333b6bf1360dc008427229
=== RUN   FuzzRangeproof/5e3ee4ece4b80817b3b9df131eb6e1fab61aa98d
=== RUN   FuzzRangeproof/5ee507e4d91267db8ae4391a1917358f6dfbd6ab
=== RUN   FuzzRangeproof/5f60fc774b88097ee8404faa2071f7eb106a37be
=== RUN   FuzzRangeproof/5f7fdef4e4a7d3dcf4cc0d1566a0ec534bb4ed9c
=== RUN   FuzzRangeproof/5fe25ebb8b8126916ddd620e8b0ac48ff2d0c123
=== RUN   FuzzRangeproof/60988a41c4f10f4f822576fc07e8125712fd741e
=== RUN   FuzzRangeproof/60e03553003113c4e01af55c8f17143aadd773f8
=== RUN   FuzzRangeproof/612abf4c15087ee7873760eb5f62fb6e98d654ad
=== RUN   FuzzRangeproof/61838f4307beb7379712eabf87fdbe9cc6f51785
=== RUN   FuzzRangeproof/61840bdb03dd236b21da43dbef1aeeb2460663a2
=== RUN   FuzzRangeproof/61ce1cf93d9f1e125142fccf930f6a3d3a1b8cef
=== RUN   FuzzRangeproof/6295956d5fc48f30b2d34fb9ae3ca268bd4e4b9c
=== RUN   FuzzRangeproof/6347f01a4fc7a78cad13982c4d9a4ade86ed9c59
=== RUN   FuzzRangeproof/6359bd9d5ed13661e79ad998fcfc60c12b83f0ae
=== RUN   FuzzRangeproof/636211341eb1223e3f7efe219f1654e8b05181da
=== RUN   FuzzRangeproof/63d9753557d469a60c810627679b838c3260de65
=== RUN   FuzzRangeproof/63e55173400395c28fc4f09cf827d783af977c27
=== RUN   FuzzRangeproof/6503d119c7871453b4b239cd820e2121577ae895
=== RUN   FuzzRangeproof/650e2c5ce57321824ee106716008983959a99f4c
=== RUN   FuzzRangeproof/6656117890080112debfd1f9dd5b1ce84d63e32e
=== RUN   FuzzRangeproof/6718530a2dffd01bd016b7e7a094bd98dffe0f9d
=== RUN   FuzzRangeproof/67432e5d831991ad589c2a94b8748c8bde00a25b
=== RUN   FuzzRangeproof/67d60d997cfd7bf9354496d40c6fc0c23bfa6b13
=== RUN   FuzzRangeproof/67ee71114988ae2e52b2a4dadb846ca80d180654
=== RUN   FuzzRangeproof/67f202f49ae677c1b31f349d45e537d43e685ca0
=== RUN   FuzzRangeproof/68d0141d427dd1a91158d72d2502a0a9e20fd99f
=== RUN   FuzzRangeproof/693c2641feadb2b060eceeec63b794b3eecbac79
=== RUN   FuzzRangeproof/6a05a9bfa07e74c85b904586964602597920a445
=== RUN   FuzzRangeproof/6ac4c6bab7269bd3eebb3930c5f30691d734af55
=== RUN   FuzzRangeproof/6b52d9e804878f5e60eeed3476b13a10bb973829
=== RUN   FuzzRangeproof/6bcacdd549499d92fc9d79462967cedda8a9bfed
=== RUN   FuzzRangeproof/6bdfba46b13cc06e9e163332adf541314d790c6d
=== RUN   FuzzRangeproof/6c1a2990605c0a682d5637367306464a076b6b9e
=== RUN   FuzzRangeproof/6d3571327fd1e0b4772daf410647840c2b36af2a
=== RUN   FuzzRangeproof/6d38a8f824bafbb0c55b2b4a905d1320c5369514
=== RUN   FuzzRangeproof/6d5aa7c7c789484701720832e6d7741fd732a63f
=== RUN   FuzzRangeproof/6d8c6343ebfea46a3461df158760f06110af435a
=== RUN   FuzzRangeproof/6efbe9c9c2645838a05d0e9dd01137d39a602dc5
=== RUN   FuzzRangeproof/6f776ec79cef1c87f3776fd17ad6a67f71652f1e
=== RUN   FuzzRangeproof/6fc2d2ccec9c3bc79e0020fa56a1789c364e7113
=== RUN   FuzzRangeproof/6fe88261e112c4b787ed275abfeea0676b61da86
=== RUN   FuzzRangeproof/6fed3e0439b0faa73b9527ed182739ab7af55346
=== RUN   FuzzRangeproof/70bc7e3127a44a2fc0745a2834f30678be2d65f7
=== RUN   FuzzRangeproof/710b251663ceab4fbdacc26a08c210f26f50ab68
=== RUN   FuzzRangeproof/715d90307e3d81d758fe57740482e09af0ac9639
=== RUN   FuzzRangeproof/717e5ebbf713bbd21ef19894d524830a3c3f5916
=== RUN   FuzzRangeproof/71d05580e33a2e72ae77aa5d8b13f27e1237d617
=== RUN   FuzzRangeproof/7279eb0e4d5604681ebd7beca2af70f81a1a3200
=== RUN   FuzzRangeproof/7281d9f1f8b5d0b738038f58c8518c039e4e0469
=== RUN   FuzzRangeproof/72ebdc0e07eadcd83f652ecbfb72518e5eb7e122
=== RUN   FuzzRangeproof/73792f8d86e167388abcee20451a7da41c177c36
=== RUN   FuzzRangeproof/73a987499dddec91e5c0e078d55e2656cfe483b0
=== RUN   FuzzRangeproof/740a5674ebf35c065a3605faa7148f4a3c8681eb
=== RUN   FuzzRangeproof/7425d9cc61b24d38ce14dafdc91b3ee65ff1153c
=== RUN   FuzzRangeproof/74562623d15859b6a47065e0f98ce1202fb56506
=== RUN   FuzzRangeproof/74d5360d48802e4ef24ed5d48ef00e99850013f3
=== RUN   FuzzRangeproof/75e2b691f8053fe40434e3c3ae3c93d706f887aa
=== RUN   FuzzRangeproof/760fa7f1bc1524c55a34af65ef4c4c59940b216e
=== RUN   FuzzRangeproof/7621d99c477a30566502e581ccba253a5b55dac7
=== RUN   FuzzRangeproof/766bed832eab3b17d3f76ba7ddacbc0cb1a2a4fa
=== RUN   FuzzRangeproof/773c3c62a807f3640af2fdb01301cef5f060913e
=== RUN   FuzzRangeproof/77667635516f2c82c40bca7482ea53d97c284fa8
=== RUN   FuzzRangeproof/77a9839f24b5495654b2336e6140239615d5ad12
=== RUN   FuzzRangeproof/77d33ab2ff15439d4a9747cacae538a941e86be9
=== RUN   FuzzRangeproof/781e98bc367619ef050bbe461d3dd9f2072d4773
=== RUN   FuzzRangeproof/788f72dd1fc827bbbf43385aa74508f2fc4984df
=== RUN   FuzzRangeproof/79067782d0f1dc8e9a0e964e5e98146aa6d36fb5
=== RUN   FuzzRangeproof/79e7bc8a2f582d201fe9af0a34acd2b704d31424
=== RUN   FuzzRangeproof/7b0dc77667c6019af2321ad569cb72e0a77e5e9f
=== RUN   FuzzRangeproof/7b9a6b0f6ea5d1bf29ceaf09cd852f9fe65a2edd
=== RUN   FuzzRangeproof/7bb1863bebf3e36acedde0cd21d0250e6a72caef
=== RUN   FuzzRangeproof/7ca6edcf7e506785be855271b4a157e2e893c0ae
=== RUN   FuzzRangeproof/7ccc8f5766af0ce4754fc5feeda7364ad2899a43
=== RUN   FuzzRangeproof/7d4f9c3aa4feabc342677564094f041d53d2c116
=== RUN   FuzzRangeproof/7d820a83dbd6f6359be86ca6a380bbe1bd447407
=== RUN   FuzzRangeproof/7e23618ac9af7f088fb7d87135cfbf63f68831e9
=== RUN   FuzzRangeproof/7e62d3d5dc899863af8803239ab4c3c3dcf7dd72
=== RUN   FuzzRangeproof/7f13d4591f89dbacdaf2b3660b4250bd4df9c76b
=== RUN   FuzzRangeproof/7fb912ea13d5833d78f1b081cfcf53e36534e513
=== RUN   FuzzRangeproof/7ffa964175b4ab98af6b1ef60a3f38693547896a
=== RUN   FuzzRangeproof/804213f2ffc55517bc8eaca63a852d5e0b1be346
=== RUN   FuzzRangeproof/80af3009210981eea0f897bb1d0e5ab734d4cd18
=== RUN   FuzzRangeproof/8114d3e42a42e110d8334148ccb1a0f9d78829d1
=== RUN   FuzzRangeproof/81f9cd6b41d34aad22b8bd79ea24f9eafc1d0a92
=== RUN   FuzzRangeproof/82c03864e31616e0da1531f6b013995aa46af375
=== RUN   FuzzRangeproof/82e94e18fda45d60fdc9852ea2378061a57818fb
=== RUN   FuzzRangeproof/8304c8da20eebe631bebe657f09b88850377cccd
=== RUN   FuzzRangeproof/83530523de54fb609f50481948a33daeb5f25bb5
=== RUN   FuzzRangeproof/843e5cbce34c5f9ae2c10c933b79f349220d87a0
=== RUN   FuzzRangeproof/846b6f367ae7e677b75f3f16abb339e5f02d9cdc
=== RUN   FuzzRangeproof/84e729543b2adf6cc0e3dee485ae406c3bbce441
=== RUN   FuzzRangeproof/84f57b08213eb845b4779441067f9c2e429c9f2e
=== RUN   FuzzRangeproof/85faeff0f2102570d12d26fc86e26b3a9351767f
=== RUN   FuzzRangeproof/8621035a780906d8ca387a21293659b9682dde91
=== RUN   FuzzRangeproof/86b04f1d5fd4cbf32075e932c97175748555c3c0
=== RUN   FuzzRangeproof/86df73e7555be160c07f556c1a5eb7b0d0cc08b8
=== RUN   FuzzRangeproof/875c4bf9c78a9013515e6306cc8897863099f5e6
=== RUN   FuzzRangeproof/87fc19f8d2270aa4068799889ddb43641fa2bca2
=== RUN   FuzzRangeproof/8853a2876f1ab8914de689f0715d57c53d4df1b7
=== RUN   FuzzRangeproof/88c0dcb5ce097509f1c04930bc418250bdafa159
=== RUN   FuzzRangeproof/88e784571f55ab938d1403d63015f1d66c6f0e70
=== RUN   FuzzRangeproof/8b1664f8b2dbbac02fda8b93f367f069a62f44f0
=== RUN   FuzzRangeproof/8babb2bb040ad89a53d9ec3711289f41fb78a3d9
=== RUN   FuzzRangeproof/8bebc849f08b65ca23128c313f418bf049941b92
=== RUN   FuzzRangeproof/8bfbc5794279e95ae7108e4acfcab7e6ede6570b
=== RUN   FuzzRangeproof/8cde08ef0e2fa469cef5a53bc70a6dd2bab0326e
=== RUN   FuzzRangeproof/8d1ff190852558115dae0549df70972936403374
=== RUN   FuzzRangeproof/8d47039fca90711b937fcd5ca0d61a1331db77ea
=== RUN   FuzzRangeproof/8e6127d93a648de227e917e5ca357e04da8b7981
=== RUN   FuzzRangeproof/8e946a0a4644e9e276972bf072d5e0433869e513
=== RUN   FuzzRangeproof/8f371a76a78584fb27ff18e87bcfc1bbb658afda
=== RUN   FuzzRangeproof/904f5dfcb2d81e743994c9479470da7f224e2d54
=== RUN   FuzzRangeproof/907af0a2216505d3ed158b97298ce1afd3bb948b
=== RUN   FuzzRangeproof/90e4684db28da74ca5cd0f03fb7b39e9e96db714
=== RUN   FuzzRangeproof/91231b5c311abd9d3928579559aca090924a68c8
=== RUN   FuzzRangeproof/93a89bc500c13c8e8f02b8f76630cf0dd5e34c2d
=== RUN   FuzzRangeproof/93bcb3ff7e96cc11f7f605e78acae0944e4f060a
=== RUN   FuzzRangeproof/9469e6814025e301cf7caea2116bce40ec66df01
=== RUN   FuzzRangeproof/94ac3a2cf67cd17a71b0838e45defa4702d897c3
=== RUN   FuzzRangeproof/9513e71e7b0cf177b3edadba19c16ad51fb39e35
=== RUN   FuzzRangeproof/9524a3381087ed28f480de75aca15692a4996bb9
=== RUN   FuzzRangeproof/9535b40e46d8903c838ea361964fa7e8971f9b5e
=== RUN   FuzzRangeproof/95ff2a7b6bd120a1377ded873266647a52375635
=== RUN   FuzzRangeproof/969a911233cc330006348d8a76d47db8e0cc9105
=== RUN   FuzzRangeproof/96b08f7c5822bed7a91d1f32397bddbc2e107c18
=== RUN   FuzzRangeproof/9731752e4efc05008c1dada22c6b8390a5e27ab5
=== RUN   FuzzRangeproof/9798df891fe3206bf3b8b1952bf0b625c1c067c4
=== RUN   FuzzRangeproof/985926b84c013570fff12fe996772cf47fb76895
=== RUN   FuzzRangeproof/98686a991ef725d27296f3f25eca3f5491c64e0c
=== RUN   FuzzRangeproof/98c95e10195f7355f3112c01db5986833f76efc8
=== RUN   FuzzRangeproof/98d6343b0ebb111ffb4a1c30d3481aaf404461a0
=== RUN   FuzzRangeproof/9977a88564869ae8387db712084d2e33c3fee83b
=== RUN   FuzzRangeproof/99c286ccd7bc4e14d9a0f9f31d8da2085650a64c
=== RUN   FuzzRangeproof/9ae0bdb17f2e6f326cfcb1cb37b3cbc434d6c62e
=== RUN   FuzzRangeproof/9b0770386d9fda3935c8b3b4523169ca4c99fa78
=== RUN   FuzzRangeproof/9b611c3d6ae468612d2e526118f43025f854c1b2
=== RUN   FuzzRangeproof/9bccfd30e2263ce4797414c443c028b0250230b5
=== RUN   FuzzRangeproof/9c47c1df38cbfd243e091da8e361b4e0cbd53035
=== RUN   FuzzRangeproof/9d9c42089efb3f876e0e6758eddd6ed6f1a99f50
=== RUN   FuzzRangeproof/9df3f340b44e368c5d9abaf83b2afab709bbb9dc
=== RUN   FuzzRangeproof/9e542d4f6c8e9e4ae4dd0c9724a01c7710fa6e82
=== RUN   FuzzRangeproof/9e8cbafa20d5597580869a99f05e79f6d57f57cb
=== RUN   FuzzRangeproof/9fbbb5cf6ff948963ee85f36466122a00dba79ba
=== RUN   FuzzRangeproof/9fca6451be4c68e492b3b4b3dcfd5ebe233cc841
=== RUN   FuzzRangeproof/9fd64b085a1e23ed69a02e23f092bafb50aaba1f
=== RUN   FuzzRangeproof/a096e9f5717c751543dd1f4452e190c4a9d95345
=== RUN   FuzzRangeproof/a10909c2cdcaf5adb7e6b092a4faba558b62bd96
=== RUN   FuzzRangeproof/a1a592b9c141f2cd09d30f174e21093fbe3f6d56
=== RUN   FuzzRangeproof/a1d1cc08c1f30e8b6764bba29919f98428178461
=== RUN   FuzzRangeproof/a2c73a3cedcca390890551afd02188230d6566e3
=== RUN   FuzzRangeproof/a39dc5a688507118b8434de3151fa8c306ae9629
=== RUN   FuzzRangeproof/a51587631b947106b3882c1385c2a26ff694a615
=== RUN   FuzzRangeproof/a5696d082d62ef017c0267ff65a9bbd88ee0d360
=== RUN   FuzzRangeproof/a61665cf3d017637359ba8784dc4f4633a8fcfbc
=== RUN   FuzzRangeproof/a8269ab3c7a370f9f21df2b32d9754b763c60e99
=== RUN   FuzzRangeproof/a82dd5bdb24e763050d3db68f96feae8d6320b88
=== RUN   FuzzRangeproof/a834ee46e0c54d3d330a308d1527f4c2f0ed676b
=== RUN   FuzzRangeproof/a921348638ec718c48a045313fffdcd54ce1ea28
=== RUN   FuzzRangeproof/a98dbd7e41e1de5d86ab901b640fe824a595c9f0
=== RUN   FuzzRangeproof/aa430206f5cb4ac2c245b1238d8a70432d8b1076
=== RUN   FuzzRangeproof/aa4c3a803474d33f8c8ab176d96713bad294cdd2
=== RUN   FuzzRangeproof/aa697fa39b85da93fc00543630275826de4fa08d
=== RUN   FuzzRangeproof/aaa1a2c16aa2986cee29f2c26cf3f4c6fbafa9f3
=== RUN   FuzzRangeproof/ab4640d16551c03a64f91b3088917e46d88b8354
=== RUN   FuzzRangeproof/ac807d7ba17915d8087f17671174d5b08634eb6f
=== RUN   FuzzRangeproof/ada613ae29c682a294f35c8bb7b4c8e39a987d8e
=== RUN   FuzzRangeproof/adea798ef77c1dfeddbd710476b096080e14ef78
=== RUN   FuzzRangeproof/af121c301f57a3771e8bf9358317f2d5f3655a85
=== RUN   FuzzRangeproof/af2809d103ebc49bf1b653784e98f345eb5846a3
=== RUN   FuzzRangeproof/af7478341582a63f5b23c9fa4d1fe56c8e4196cc
=== RUN   FuzzRangeproof/af9474e900c79c16ed46394c6cd58a38e5b2525f
=== RUN   FuzzRangeproof/b01ea3c262e311c23361403a0a209966158a3d36
=== RUN   FuzzRangeproof/b14be64b7125e57367eb3303162cecfbb178d2aa
=== RUN   FuzzRangeproof/b2158693361825278fb1a5f9495cbd6136974b6a
=== RUN   FuzzRangeproof/b2491b03df9282712572ba0a3e85492e3be1178f
=== RUN   FuzzRangeproof/b2fcb6841d44610e1c540268a4096525f620a280
=== RUN   FuzzRangeproof/b3e709ae8976e316db4d083f1e884658b8150849
=== RUN   FuzzRangeproof/b402b4de89a05c312e67e98a555cd923ee7f9970
=== RUN   FuzzRangeproof/b405112f4399eadcff916fc504e947f8b8655ee6
=== RUN   FuzzRangeproof/b40b5716ae9d1fb6b7ad53fc8dd2abcfb114406f
=== RUN   FuzzRangeproof/b4122f5fe67babf13815493136821142284f3d9a
=== RUN   FuzzRangeproof/b44f6a4caa0f2cef158893784da2741e8823764b
=== RUN   FuzzRangeproof/b52338e9a4c842c1872e3f3801dee637190bf448
=== RUN   FuzzRangeproof/b546946dc3b447a08119499bc2cbbc4cfcdda12c
=== RUN   FuzzRangeproof/b6898bb0f19e9f8e0d90818c89ceb706c5484550
=== RUN   FuzzRangeproof/b70e2f82fde446e52a4bc8b657733efe9214a498
=== RUN   FuzzRangeproof/b7532c4b98588084b6111aaaa5b3302e27e4cc47
=== RUN   FuzzRangeproof/b7d2e8a0b2fe099a04de3e821aed9034ed14c288
=== RUN   FuzzRangeproof/b7f33ba325fe3a5b759770f421351645a00ff5fb
=== RUN   FuzzRangeproof/b875e8725850c811651c52c5ddde83449bb1709a
=== RUN   FuzzRangeproof/b88ae529157f7ec597c583f1e9f903dcf321c473
=== RUN   FuzzRangeproof/b88d117e78fa52b935420ed8101b32e048900839
=== RUN   FuzzRangeproof/b997086ec73cd08b3fc2bc0ce6531bdff6f93cec
=== RUN   FuzzRangeproof/ba33bbe3939ace6ad3764ffc070f8846a1c34163
=== RUN   FuzzRangeproof/ba5303b102f5b988d7774e1aba973f0cfd962463
=== RUN   FuzzRangeproof/bae925fc158545b3830c41c6d9a37a348b48ed20
=== RUN   FuzzRangeproof/bb00175754cde846ee27155d946b547f09cb1430
=== RUN   FuzzRangeproof/bb20681a9edea93925b0b2f0bc75abbd7d107325
=== RUN   FuzzRangeproof/bb3a06b4f3c48ba03eee457174e096e417951ad2
=== RUN   FuzzRangeproof/bbbc05732becd2efdd2f3b935eccc5029fdac65c
=== RUN   FuzzRangeproof/bc341a7e16eaa75852a3488244e8e3f2bb1bdca5
=== RUN   FuzzRangeproof/bcbd16cc7ff432f9dcb57030752c91199dd2b4bf
=== RUN   FuzzRangeproof/bcc25c4db6673f445160a86498852c8e5ac8c53d
=== RUN   FuzzRangeproof/bd74c7d67d8d816ec5a2c1a29891baec9b925cca
=== RUN   FuzzRangeproof/bd80b27b195ff07ae28ee23dc76754ac4d05f885
=== RUN   FuzzRangeproof/bde87213fae93d3bf35affb27771efe8633b11ab
=== RUN   FuzzRangeproof/bdfba1348306df97c266517e0752a6525131c9df
=== RUN   FuzzRangeproof/be1d04974789c8aebbe6949d1a98f4a42ea28d4b
=== RUN   FuzzRangeproof/bee061dc9b3c87d3ce19d8ded5cfb55b80c5aa78
=== RUN   FuzzRangeproof/bf622a76a69966cb6c18837ce83288511b19ca67
=== RUN   FuzzRangeproof/bfd8f10a56069581bb7d6ea198d8de98d0d27c74
=== RUN   FuzzRangeproof/c039633ab3ad15b2aacd215434c04c7ad77d5b80
=== RUN   FuzzRangeproof/c0d0c337f238c45cff2d702b43bf08ae19b715a1
=== RUN   FuzzRangeproof/c2203d0549b631a9383627287bdb8994346ab1e5
=== RUN   FuzzRangeproof/c32dc1cb44266ea4b28ec6522bf9f5f7ab91d3c3
=== RUN   FuzzRangeproof/c5113659bda4109a70f7a321145a1354d0c50755
=== RUN   FuzzRangeproof/c529deac8ecff4a1c561f89b103fa356ae4aad3b
=== RUN   FuzzRangeproof/c545105ea752a820972adff6fee2633802f84aba
=== RUN   FuzzRangeproof/c5c1f5efb5e16db986988dffff78c3d4f2cc7bc0
=== RUN   FuzzRangeproof/c5fe170971f0500c8af3b48e4b236a0385a1397b
=== RUN   FuzzRangeproof/c694fca015a657b6abd851401331e2be8fb746fb
=== RUN   FuzzRangeproof/c69e1ba5f549c32c6cd65c4fb938895845630701
=== RUN   FuzzRangeproof/c6c9bdc234945401beeb0828f6f4ad3233a48e16
=== RUN   FuzzRangeproof/c8140fc034f36ead39b8c9fbfbfb5eca4c57f0ad
=== RUN   FuzzRangeproof/c83730b769827ef03bb900c8f2eb15f0f451339f
=== RUN   FuzzRangeproof/c90a6553c5ff146d947582c3a4b54f79b0a822a1
=== RUN   FuzzRangeproof/c98219aebbad52f1e37a8243ba3cf41c3f227db0
=== RUN   FuzzRangeproof/cad4fe9ed778684c3405c4dee83356760b44b194
=== RUN   FuzzRangeproof/caf4c91b4463445e68c4c9e811c7b6f8e5e50be9
=== RUN   FuzzRangeproof/cbb37a5c154bfc68fc79b9cc3eb3f0ab6d52a4b1
=== RUN   FuzzRangeproof/cc098dd4458d38b4a7220a7f34a5a3bc4ae7fcec
=== RUN   FuzzRangeproof/cc7af0f1532473056e8e47350670f865ea33e26f
=== RUN   FuzzRangeproof/ccd092fbd3640d07b91a454bf3dd883c3c7563cd
=== RUN   FuzzRangeproof/cd349ae8c86f182b95f8f1f6ca920cf4c7b10eb3
=== RUN   FuzzRangeproof/cd7b434425c1c9c9365edf505bb410b6856d9865
=== RUN   FuzzRangeproof/ce97553e9bf176d9d0899d294e3215326b879c57
=== RUN   FuzzRangeproof/cf2fdc239c4fa11fb9b1901b82a11c585b7bf7fc
=== RUN   FuzzRangeproof/cf3abcc343bb6dd4d9d8eb01d4e4b7e84d2a1de0
=== RUN   FuzzRangeproof/cfb4af0fe38b08ff8051f9c2a60d503324ce67d0
=== RUN   FuzzRangeproof/cfb748ecd1a4fd27059cc3160f9b70c94a8e142e
=== RUN   FuzzRangeproof/d0269d56d67a6ab941de8731e56f5940a14f7892
=== RUN   FuzzRangeproof/d141e238c078dfcdf27fc988dc6d774dd2f64793
=== RUN   FuzzRangeproof/d16318fe7eb2c1b02879975f2b279203899bbd79
=== RUN   FuzzRangeproof/d17fc273c7a3f76817589ff094bcc101b1b47b1b
=== RUN   FuzzRangeproof/d1accfddda6360ecc9ce569cc56394fb01ad60a4
=== RUN   FuzzRangeproof/d299670c197958fd4d58e23368b6801194590b05
=== RUN   FuzzRangeproof/d31f8f9154a3e4237bc154bb3b2b6f3aa9f21382
=== RUN   FuzzRangeproof/d32d7505f55d43584d548c4b5ed4ad7b2b1a9e84
=== RUN   FuzzRangeproof/d37fbaa414b7eda3323dee990a9c6e6ea4161245
=== RUN   FuzzRangeproof/d39f88cc33a33385aea775a0c989f24d6879521f
=== RUN   FuzzRangeproof/d3ff4f6b115fdaba63abd995b53f3000d3c74aee
=== RUN   FuzzRangeproof/d408de489be8e11f1ef6a6c2376f6bcd28cf2608
=== RUN   FuzzRangeproof/d42253cba45df4fed5a7830ca6576c24fb63bbcb
=== RUN   FuzzRangeproof/d4d012aee22c6725d680f12cfd6863c37aac5917
=== RUN   FuzzRangeproof/d4d29d4dbfbe7139587afee6b8bca8eb127c58c9
=== RUN   FuzzRangeproof/d50e1e55115f3684fde04ffbacf0f8b93a4fc46e
=== RUN   FuzzRangeproof/d5cb724bfae225288adeadbd1986df8d66a88dbd
=== RUN   FuzzRangeproof/d637503dbfe70500099ec44be7ea3fc2b843d631
=== RUN   FuzzRangeproof/d6c8c8f75be1b0f59a256c27135bccaf66b4c019
=== RUN   FuzzRangeproof/d6ed4c8d79748fb736312da53d347bdfc7e7ade6
=== RUN   FuzzRangeproof/d7189109374afe880029e174775843c834c77273
=== RUN   FuzzRangeproof/d760e32c27b0de9cb530e5728b749fcaf3a44c78
=== RUN   FuzzRangeproof/d8106dc2d858408197581aac8eda681a6d625603
=== RUN   FuzzRangeproof/d83bbd865091fc7516fc90eeb69555a2de9e9402
=== RUN   FuzzRangeproof/d95313ac95cffd8394ddfb3d545b1d9fc6a7a862
=== RUN   FuzzRangeproof/da1be9364300c85832e55254eb1c2e47896b3c47
=== RUN   FuzzRangeproof/da58f1ee911432b1bee02ebaa04fff5d6ab00b19
=== RUN   FuzzRangeproof/da926bf052f121e7d453b35da0badf10a4ce9617
=== RUN   FuzzRangeproof/db3c2161f2d6e415e1dd30d1ec652a781b7021d8
=== RUN   FuzzRangeproof/dbd15b43f4c480d7c250012134b47e5fe9c26452
=== RUN   FuzzRangeproof/dbd3307524b691475c1b3bed17e5c15c4793cdc3
=== RUN   FuzzRangeproof/dc1832ab2056e3685699f9596706bf88aafac9b9
=== RUN   FuzzRangeproof/dc2cd993f9e4e6931ae9a72de2f43c593bb08ca4
=== RUN   FuzzRangeproof/dc4a367585af14ea75d4b383c627af7129727986
=== RUN   FuzzRangeproof/de315eb5dc553d691a6fbd4ff8b608c9dad184e2
=== RUN   FuzzRangeproof/de8043bba3965e78e744ec0eea4c345de97b76f8
=== RUN   FuzzRangeproof/def0ce6d141c20592cd1acf08673a61b18715cee
=== RUN   FuzzRangeproof/df6117db341603d9c0fdbc8600924f87fff53372
=== RUN   FuzzRangeproof/e00e81733880ab07c2add2da529b0d2286d31dbd
=== RUN   FuzzRangeproof/e06f0332f1e66e4579710c00f7ffbb1e8938eabc
=== RUN   FuzzRangeproof/e170dafa46d1de885c31831fa7e8208305a6a8cd
=== RUN   FuzzRangeproof/e2ca46e95aa25fda5bc876e839f8c63d6b6c273b
=== RUN   FuzzRangeproof/e2cf762f43e922b39881c3820358402b0872d4bb
=== RUN   FuzzRangeproof/e3629330013c0cbd40f67b2cf58931db379a0a0f
=== RUN   FuzzRangeproof/e42b500d99c9ff456716382d16d6b1351a4de819
=== RUN   FuzzRangeproof/e496cdbed513e5dcbcb697363d9974e551c2abc8
=== RUN   FuzzRangeproof/e4bc7066794e410510bc89f0202eb0cc0f21503e
=== RUN   FuzzRangeproof/e54a464852a1b8adf68316632953a1b590726435
=== RUN   FuzzRangeproof/e6764182650c046e44a58c064744b8076ad8e543
=== RUN   FuzzRangeproof/e6acfe5a12742343118876caf48f87e0e8a9901f
=== RUN   FuzzRangeproof/e6ae7b8769b51076b73ff371e01e9d09a7aa9ff1
=== RUN   FuzzRangeproof/e6ff4ed547b11fd8c6ed127872941427d5430b2e
=== RUN   FuzzRangeproof/e7f12a7256071f2466b8d9b59aafd6b417a28af0
=== RUN   FuzzRangeproof/e87ce061db116d81f9ace233f919ccefb9e66edc
=== RUN   FuzzRangeproof/e88f4549be89b29d3fe8b8a2aad1b8c03eb4e319
=== RUN   FuzzRangeproof/e8aa8c7f11fc2ec847289d573131b762e89fc68c
=== RUN   FuzzRangeproof/e91b9b9ab9e46e1a7d2726fa1fcfb0db2790c998
=== RUN   FuzzRangeproof/e984a326cdbea995056061b26aa0343bfd129657
=== RUN   FuzzRangeproof/ea109149f92229bf1cd3a4514a04b1ee554fe606
=== RUN   FuzzRangeproof/ea532df434844b35f78ab818044c7339c7e9a785
=== RUN   FuzzRangeproof/ea6e1773b1aff5dfaf232443a45935396d7f5065
=== RUN   FuzzRangeproof/eb4bec7a2f7d610ca8521f7b9cee633c36a12c53
=== RUN   FuzzRangeproof/eb7295245549a1db8872e5a4c99efa127ab85fc8
=== RUN   FuzzRangeproof/eb83a798a61beab58d60ff64ae891fa5a8cd9185
=== RUN   FuzzRangeproof/ec4f4fbb033b7753f84b5222c47a9f867cb8ac38
=== RUN   FuzzRangeproof/ece00e87aaef71789371011114dad73ccb2b526f
=== RUN   FuzzRangeproof/ed7beb308f4d84d1235321dcf3a0bfbf4f40d927
=== RUN   FuzzRangeproof/edf36dea303b3189dd2ed38bdd441f31fb1cf132
=== RUN   FuzzRangeproof/ee180754c39f79cc52f14d6e146197a4e3db8c1c
=== RUN   FuzzRangeproof/ef72fdb349b80bc36f5fb61eb6c526b7fc6d8080
=== RUN   FuzzRangeproof/efa3bc367915cd7af4507d5039a11e150e1b8845
=== RUN   FuzzRangeproof/efb86179fc72c6d573fccff9ee60f727ccc57538
=== RUN   FuzzRangeproof/f014dfd88fafbfc40ea10ce5c46f4dd37f6c694f
=== RUN   FuzzRangeproof/f12e09cd4dd78ebbfad01c24af1aec1afb23df58
=== RUN   FuzzRangeproof/f33ae4e130e80360bc3af49f69cf81b048c2cad5
=== RUN   FuzzRangeproof/f35a75bac0cc0594193388449e5fbbc603ea1b2a
=== RUN   FuzzRangeproof/f379f3dffc94f6e6e15cb6d554b6f9007c7deffe
=== RUN   FuzzRangeproof/f3c90bf423a85b0a5b088579cf92cfb516517aac
=== RUN   FuzzRangeproof/f44067490772feb1fb12285cde5201818b4fb18e
=== RUN   FuzzRangeproof/f4910882139e460af3b27c7795e054d0cce47b54
=== RUN   FuzzRangeproof/f53210c458868f773df9e629c00f1338560c3801
=== RUN   FuzzRangeproof/f53e37b55c4fcebdfdadf7053721cb79cf680435
=== RUN   FuzzRangeproof/f5eafdbe65f8681ecc240538a9e8a67d9c079f3a
=== RUN   FuzzRangeproof/f5f1b96fd600184e02d3cadb4ce239871f7c7267
=== RUN   FuzzRangeproof/f5f921a4cbb1e8d9a7b14fbaed59fb8d6a5204ce
=== RUN   FuzzRangeproof/f61e7eb4572900d4f505db27003bc93ae0592932
=== RUN   FuzzRangeproof/f66326400c18742253931dec4b5f792e1241a49c
=== RUN   FuzzRangeproof/f7246d6e151d1bb6a048bfd1de52b8af7fa3ac8a
=== RUN   FuzzRangeproof/fa0cb8bda6e05ac955edaf3573f63ef3576414f0
=== RUN   FuzzRangeproof/fa6f3ba4224026eb14914ac4a8b4f119664e1f61
=== RUN   FuzzRangeproof/fa9bb888a25725300f22424342dd245960712568
=== RUN   FuzzRangeproof/face4072eda307f759d642ab69cc6f4dc3699742
=== RUN   FuzzRangeproof/fbc2ad5ed1a66d6558ed44675176de8a72960d56
=== RUN   FuzzRangeproof/fc7f6d824e78543114fbc63c45040ba2ed8ab860
=== RUN   FuzzRangeproof/fc9b590897602557739c0be59a1ff83b1e2b33ca
=== RUN   FuzzRangeproof/fcbac5eff718937832f1f06b1ef5cfd8c034363d
=== RUN   FuzzRangeproof/fcd3345f0a94e2167be84ad67b5f3a43ce161f1b
=== RUN   FuzzRangeproof/fd0899dadfaa220979a0e70e955e9f8bb5cc981d
=== RUN   FuzzRangeproof/fd0e957ce8f1a2da569e16dd98b10abf163b1259
=== RUN   FuzzRangeproof/fd2168cce6803a879bbb503312a0ebed419b95ee
=== RUN   FuzzRangeproof/fd63f26afc0c68a49f159e02db899683491e179b
=== RUN   FuzzRangeproof/fdc3985bc0b4300f164b27b6540a486cdfad5bc1
=== RUN   FuzzRangeproof/fe212b20d8633b00e528455c9a1b2435bf2dd96d
=== RUN   FuzzRangeproof/fe8616a982f5f9c9bc02a8867347612020280c50
=== RUN   FuzzRangeproof/fec485464571e0f9842c33d7a0aa83e06bad5468
=== RUN   FuzzRangeproof/feec06c672745dd397826ce8555068a171512805
=== RUN   FuzzRangeproof/ff4f9bd30f9c3cb832c0693a555e47f8088ac2a8
=== RUN   FuzzRangeproof/ff50ac90dff7294b63880147d529308b4198586e
=== RUN   FuzzRangeproof/ffbc310392d4a9625f11862498c83d49c9a1ff44
=== RUN   FuzzRangeproof/ffc4fd723a37044a12ac3df275062d5a563866a9
--- PASS: FuzzRangeproof (0.43s)
    --- PASS: FuzzRangeproof/00585db560e06fdf36ec876e1fd2a11e18389d74 (0.00s)
    --- PASS: FuzzRangeproof/00e7d10354990b65a7da63b6828e6e2ade984901 (0.00s)
    --- PASS: FuzzRangeproof/0116dbf9e78c29a61392fd1f404dd7b4b90d8e7a (0.00s)
    --- PASS: FuzzRangeproof/026a647d03582da371b6e612e4bee343bc8ac7e1 (0.00s)
    --- PASS: FuzzRangeproof/0393f01a4ccef9b7c9cd0918a5f234b9fb795d72 (0.00s)
    --- PASS: FuzzRangeproof/0489367b945d415e7c6d18267452c4a9396836bc (0.00s)
    --- PASS: FuzzRangeproof/04dc2c79ad56fe660ea971dcf54176cd45380b39 (0.00s)
    --- PASS: FuzzRangeproof/05ebd3f6ecd0a7a5356170fade8de075e5b10115 (0.00s)
    --- PASS: FuzzRangeproof/061b8c3fd21c8a4195b5f4821b2a0cd6a628c90d (0.00s)
    --- PASS: FuzzRangeproof/063b6715163b289695af9a95334e2eeef2aad459 (0.00s)
    --- PASS: FuzzRangeproof/065cf3ceabe414429b9cbad1d009c92f04802291 (0.00s)
    --- PASS: FuzzRangeproof/0664020f413eb1c0d102b1bd37e383d9094b5abf (0.00s)
    --- PASS: FuzzRangeproof/06985b60cf18a7a078197ce703f41d258a9d9a20 (0.00s)
    --- PASS: FuzzRangeproof/070f65c99413af55557c3bd89cfe3f4bbe903a80 (0.00s)
    --- PASS: FuzzRangeproof/07536c8f94afe1a1434c5e0c8cbf12d1d299040c (0.00s)
    --- PASS: FuzzRangeproof/07c6c4e3a2a136e769614019c9e810e5f636507a (0.00s)
    --- PASS: FuzzRangeproof/086060c25824fe516099a9570f558b4f0fd1b681 (0.00s)
    --- PASS: FuzzRangeproof/08dac3c373c88fa568caf24648b996e2b4651173 (0.00s)
    --- PASS: FuzzRangeproof/08ef08315c679200d65fcb1fe441497a0cd7f71b (0.00s)
    --- PASS: FuzzRangeproof/091385be99b45f459a231582d583ec9f3fa3d194 (0.00s)
    --- PASS: FuzzRangeproof/09496212beb5dd4742b2bf545f5091a4413ca641 (0.00s)
    --- PASS: FuzzRangeproof/0961f90daf8963017521ce04a5716f797da4ca7a (0.00s)
    --- PASS: FuzzRangeproof/097ae98951457de0fa2ec6939d1b798f00313384 (0.00s)
    --- PASS: FuzzRangeproof/09b06f3a83f17f684ddc3b1bd2ee80afa300bed5 (0.00s)
    --- PASS: FuzzRangeproof/0a4de39f1100b4f8e876aa8abf50e0ec52f34413 (0.00s)
    --- PASS: FuzzRangeproof/0b2c3ce9eb064bf7ee5fae0368274868543eb045 (0.00s)
    --- PASS: FuzzRangeproof/0b5ff4199bf4f6fd4d66b8005dea87c23691ad24 (0.00s)
    --- PASS: FuzzRangeproof/0bbaa28900f034cb1f864a4408a00dcc2ae823ef (0.00s)
    --- PASS: FuzzRangeproof/0c43e7166de2372610f62f9c534c3b370dc9cc81 (0.00s)
    --- PASS: FuzzRangeproof/0cebac4c9eff947ead78035d5944fb3ca3424842 (0.00s)
    --- PASS: FuzzRangeproof/0de450dc21cdb703f00ac31a7ec55b7101085e32 (0.00s)
    --- PASS: FuzzRangeproof/0e51612d6a8190d44a31200f0fc7ea08b6ebff3b (0.00s)
    --- PASS: FuzzRangeproof/0e9086b37b2dd943c6290641d5002e782c4c28af (0.00s)
    --- PASS: FuzzRangeproof/0f072871ef2292de19ccfb7198d61a1ca99bd41e (0.00s)
    --- PASS: FuzzRangeproof/0f2d9f4292d5c033edd16a2a72493b45888e10d4 (0.00s)
    --- PASS: FuzzRangeproof/0f38b546f2fa508e9a104a401b7ed6ff68849691 (0.00s)
    --- PASS: FuzzRangeproof/0fcf160d724cef2a10e5fdea1abb56f65d6a5c02 (0.00s)
    --- PASS: FuzzRangeproof/1110c064337e346934c0bb285cb3119d1127b877 (0.00s)
    --- PASS: FuzzRangeproof/1248bd848e511adcccedd55ccde9b0c5241c869c (0.00s)
    --- PASS: FuzzRangeproof/12acb41d1bf235a00f3a008e527537c19ecdb8b2 (0.00s)
    --- PASS: FuzzRangeproof/12d056b8c6736a6624a14b7a4348d1e80bd62bb3 (0.00s)
    --- PASS: FuzzRangeproof/13325f0fa7d807e1e8d800dc0664773061354c1c (0.00s)
    --- PASS: FuzzRangeproof/143f7990588cd6fa609b3b9b43d5df1ede341ecd (0.00s)
    --- PASS: FuzzRangeproof/1559743591376b20879733b2372880ba85caeb8d (0.00s)
    --- PASS: FuzzRangeproof/1648c6a706e6856dce05da841cdc20f0d676b8d5 (0.00s)
    --- PASS: FuzzRangeproof/1795df29324a647a80412eec741d2dd87dbd1429 (0.00s)
    --- PASS: FuzzRangeproof/17c2baadfbe40852da2ebaf76d6d28cfa1673719 (0.00s)
    --- PASS: FuzzRangeproof/17d1fb8754b828d4fb5ed218522524e89d4c39f9 (0.00s)
    --- PASS: FuzzRangeproof/17f1fefaf60b68993d66ca8389b56cd154b9c22c (0.00s)
    --- PASS: FuzzRangeproof/1857ddb24453fdf0dd846b25d96259e20da13978 (0.00s)
    --- PASS: FuzzRangeproof/186cb83821eea5e80e7a5b9e0c4eeb62827dbebc (0.00s)
    --- PASS: FuzzRangeproof/18be0f4d9c8ee202b7cf5474d6d463d4b9f7fe92 (0.00s)
    --- PASS: FuzzRangeproof/195824e66c4dfee605dc1ebb25b2b12dcea93f2b (0.00s)
    --- PASS: FuzzRangeproof/1973d4a5380562ec93f1d988cc4348053a12f696 (0.00s)
    --- PASS: FuzzRangeproof/199b95f4f655b13555576cb1339139fba9fcf496 (0.00s)
    --- PASS: FuzzRangeproof/19e4f6eb4c956002070b47477f49675ec59b9f6d (0.00s)
    --- PASS: FuzzRangeproof/19ee26e89dc50fbded34feed4fb3a0dbabd7fb9c (0.00s)
    --- PASS: FuzzRangeproof/1a1c905495432af4cec9962794976894966fc2d5 (0.00s)
    --- PASS: FuzzRangeproof/1b4738798814b85f88669e393a3c5672afa4e5e3 (0.00s)
    --- PASS: FuzzRangeproof/1bb3103572b00f4eb424a46821ca191f88223a73 (0.00s)
    --- PASS: FuzzRangeproof/1c6c4b5e8cb2fdb66888cb3048fbce3dcbb6b41b (0.00s)
    --- PASS: FuzzRangeproof/1cc797f0627f5e1bbec20211aac9870bb83f1519 (0.00s)
    --- PASS: FuzzRangeproof/1d0146d95bea0411d1e4666c86816acb0d35f652 (0.00s)
    --- PASS: FuzzRangeproof/1d52ce51586c8c6b0263ca6dc7f90ddbb06e3acd (0.00s)
    --- PASS: FuzzRangeproof/1d5c8aca424e9a7ae5fa2382738632e9bf8fb21d (0.00s)
    --- PASS: FuzzRangeproof/1d757ae2e9e8a67139ec8051026582ea6495faf9 (0.00s)
    --- PASS: FuzzRangeproof/1e028d28058d4614315d61a524de66c18d9ceee8 (0.00s)
    --- PASS: FuzzRangeproof/1e3389f5ac727bb48f952de151d755029a38c359 (0.00s)
    --- PASS: FuzzRangeproof/1e692495eb3c34f94a57a78a843e0129e8b3d0b6 (0.00s)
    --- PASS: FuzzRangeproof/1eda1d506b49e6620050466bcd02ff6a4d498f16 (0.00s)
    --- PASS: FuzzRangeproof/1edee428814f62681ae404b89f1a6c2955a9d0f4 (0.00s)
    --- PASS: FuzzRangeproof/1f1e138979d3570a1949634e76bd15a98989e93b (0.00s)
    --- PASS: FuzzRangeproof/1f81d4e2eed7bd5218d79ee316591e858a57f3af (0.00s)
    --- PASS: FuzzRangeproof/1fcb1d3643c94e5b6eafc3d1da364b2d1392cc9f (0.00s)
    --- PASS: FuzzRangeproof/1ff88aefb287a9c39cf1d77e77a02eaff1780f16 (0.00s)
    --- PASS: FuzzRangeproof/210821f8209f16fea1e0b128a3e820b2ba26b080 (0.00s)
    --- PASS: FuzzRangeproof/21542c2cd2f91e063e4b7de87be8f097b0d573af (0.00s)
    --- PASS: FuzzRangeproof/22a01fedceb4a17d292c26e85548fa6eb825b019 (0.00s)
    --- PASS: FuzzRangeproof/22d4eeafaf89db86b7af3bfc0ede3c41c62a5e7d (0.00s)
    --- PASS: FuzzRangeproof/2347b98aadd379e7dff0b23357de2affcab63712 (0.00s)
    --- PASS: FuzzRangeproof/235a21339bcc53402be6bc525c0fa9597879a995 (0.00s)
    --- PASS: FuzzRangeproof/240705ceb1b3d7ec24c74d5a5050c8932d0efe5c (0.00s)
    --- PASS: FuzzRangeproof/24ba232d8cf46d0537f1b92f34f3193a73405f86 (0.00s)
    --- PASS: FuzzRangeproof/2500854afa591c61efccc1b2222e1f7be7dd360b (0.00s)
    --- PASS: FuzzRangeproof/2523d5312987a9694a93068c63d8c1562c049b7c (0.00s)
    --- PASS: FuzzRangeproof/2677c2c830da4abd577c7a780be3331bf6c4b2ce (0.00s)
    --- PASS: FuzzRangeproof/27a07d43ff14ab7ae6b69a46b5017723ca89a630 (0.00s)
    --- PASS: FuzzRangeproof/28123ecaf13691edeb9164f26f3c4502a9358b63 (0.00s)
    --- PASS: FuzzRangeproof/28a58a9a7cd33a65faa08deaf4ac60849befd590 (0.00s)
    --- PASS: FuzzRangeproof/28edeef0927ac117cedfe4e584911a47ecf1a8c9 (0.00s)
    --- PASS: FuzzRangeproof/292d6fb6e84ba4d5fcd01a59292175d970c7241e (0.00s)
    --- PASS: FuzzRangeproof/295fb1cf3d8f498f6cd65c3c898661b1758483e8 (0.00s)
    --- PASS: FuzzRangeproof/297d5d9bf7c0bde7b37f11c7a2d420f943e446e2 (0.00s)
    --- PASS: FuzzRangeproof/2993c872ecb059c9295c13cb2f97105354479d59 (0.00s)
    --- PASS: FuzzRangeproof/2a0812708e4b93ef85c456ecd03226cc12ede903 (0.00s)
    --- PASS: FuzzRangeproof/2a7a1fc9f06c0dda3f6f8cd4fa57116429897b94 (0.00s)
    --- PASS: FuzzRangeproof/2add5497d2efd19c1c1fa4aadd530a0d7d629303 (0.00s)
    --- PASS: FuzzRangeproof/2ae38d6ac8aae68573e63c9cdf18550917180e15 (0.00s)
    --- PASS: FuzzRangeproof/2b506a3cd98fe9ccf96ca29ea5806c90d81a35c2 (0.00s)
    --- PASS: FuzzRangeproof/2c6d6a8a80bd0af2f398ed7fdf0476587ea9cae1 (0.00s)
    --- PASS: FuzzRangeproof/2cd13b10dcb67c681e2499edbc009fe672fc96f6 (0.00s)
    --- PASS: FuzzRangeproof/2d3bfdb3449281f7f93c96ae75ec0fc2da9f75b4 (0.00s)
    --- PASS: FuzzRangeproof/2d48539625f00a7e2a90efd6d03d6ca15902d861 (0.00s)
    --- PASS: FuzzRangeproof/2dc8222e8bc84f9b378dd6edd46c45f87cd98f41 (0.00s)
    --- PASS: FuzzRangeproof/2de1d725d829723b21edb08d0340aac48509e25b (0.00s)
    --- PASS: FuzzRangeproof/2e3329e032f2628948ad4deb83b2ccf269f9f9b1 (0.00s)
    --- PASS: FuzzRangeproof/2e8ba938691b6c6f844485780f6910d75ceb8d2d (0.00s)
    --- PASS: FuzzRangeproof/2ea5e7f51d95ebc60505ea4c599bfc57b93d39f2 (0.00s)
    --- PASS: FuzzRangeproof/2f5e0a183ebb165a0572cbd2cb558f06d3fa9279 (0.00s)
    --- PASS: FuzzRangeproof/3004c96d65c0040bea45a6802561695f81a16b05 (0.00s)
    --- PASS: FuzzRangeproof/3173532552077d0d796c3628ac35c76343dc3a04 (0.00s)
    --- PASS: FuzzRangeproof/3192dbd03afa2c72536f0b2090fcfa6fd034047b (0.00s)
    --- PASS: FuzzRangeproof/31b79393bf66b8633bd63249d48dcb4e9cdadb7c (0.00s)
    --- PASS: FuzzRangeproof/323d86e0dd461237620fa1b9edfb39f470f25b65 (0.00s)
    --- PASS: FuzzRangeproof/33416c9ab1c8f1215fdeca9aa9c77aaec7863cff (0.00s)
    --- PASS: FuzzRangeproof/33d7a3241825a7d333d77e3a4cb5955684089745 (0.00s)
    --- PASS: FuzzRangeproof/34d8c49e3924188599de9c019a6a66170863fd20 (0.00s)
    --- PASS: FuzzRangeproof/3543d278422d527eaddd2ff1764ac97396c4abc6 (0.00s)
    --- PASS: FuzzRangeproof/356177c92730094229c06a51ab7302708297f025 (0.00s)
    --- PASS: FuzzRangeproof/360b5bcbc5c78624beea5a85b4e263fc33308435 (0.00s)
    --- PASS: FuzzRangeproof/3610ceccd31b6f4ba24411fa4246660dfcbb86b6 (0.00s)
    --- PASS: FuzzRangeproof/3679d41df03065392d3004402383dd556142c70a (0.00s)
    --- PASS: FuzzRangeproof/37b2b647f1f9bb0126bd1ed194f4684cf8c7e204 (0.00s)
    --- PASS: FuzzRangeproof/37fcccba9236cf72dcfe8720ca44220794a8f041 (0.00s)
    --- PASS: FuzzRangeproof/3857d9f7325283395afebae9be7fd17692f234da (0.00s)
    --- PASS: FuzzRangeproof/3886f25fe5d518f50dc809c2d4a0afedc3483093 (0.00s)
    --- PASS: FuzzRangeproof/38a2517e728edfc3e6b76164f4b4a1d7c37c27d1 (0.00s)
    --- PASS: FuzzRangeproof/390dc7a51d60e9d7780f2ca2cc6c05feb4aa69f1 (0.00s)
    --- PASS: FuzzRangeproof/39283d40946cfd2d9a19590af1829baa754f3554 (0.00s)
    --- PASS: FuzzRangeproof/3956963db727531835424b769674168f3dc988e4 (0.00s)
    --- PASS: FuzzRangeproof/39bb16153e49d2bf7962f8a22e0662a682a56c04 (0.00s)
    --- PASS: FuzzRangeproof/39f2140535237a08c97fe57c0525ff051a4b3796 (0.00s)
    --- PASS: FuzzRangeproof/3b1116c64f764c3106441878c9a02e3b11c4e23f (0.00s)
    --- PASS: FuzzRangeproof/3b1c31aea1ab5b732e1c23ca29be9f0d3877ff1f (0.00s)
    --- PASS: FuzzRangeproof/3c7142d9c650902794516a4384f83602dbf44a6f (0.00s)
    --- PASS: FuzzRangeproof/3d04743e7f9b4530373a39e75001608823d8c762 (0.00s)
    --- PASS: FuzzRangeproof/3d456c13e4dc5f2da3975a05f8e7b28652d28f29 (0.00s)
    --- PASS: FuzzRangeproof/3de56c8e9fb164488f0d8e86cc0b186e858f82d1 (0.00s)
    --- PASS: FuzzRangeproof/3df368a5e5eb25c83c8bde4f16bbc49bfa6269ea (0.00s)
    --- PASS: FuzzRangeproof/3e15fae169b8d912285a2dd71598c54c0b22c656 (0.00s)
    --- PASS: FuzzRangeproof/3e348c1e9fdcfd0129d926aef361043602b1eb88 (0.00s)
    --- PASS: FuzzRangeproof/3fe47c55ab43f43dbdaf484025a48daccf4b2d1b (0.00s)
    --- PASS: FuzzRangeproof/40976277bb1089702c78967a22af18f68b19334b (0.00s)
    --- PASS: FuzzRangeproof/40a45b04110b0cafc54ec52f92bf3af47335b745 (0.00s)
    --- PASS: FuzzRangeproof/40c503888caf4b4c2c0275d502439bbbf550a45e (0.00s)
    --- PASS: FuzzRangeproof/40e80cc2a91a8fb262e94d75e6232af37ecb41bf (0.00s)
    --- PASS: FuzzRangeproof/415ee3db3299e83fa867a7f5ec0d7ecbe466ac40 (0.00s)
    --- PASS: FuzzRangeproof/41fb2e1cf99d381ca74eefe6ad1222d6690799fb (0.00s)
    --- PASS: FuzzRangeproof/4257a94f8ca764a6725ed246c06ce3a8b5d798ac (0.00s)
    --- PASS: FuzzRangeproof/42b573d526d3adf45e7711780ad62b71e480a74d (0.00s)
    --- PASS: FuzzRangeproof/4334964e6b2f8c277cbf37fb7379f449bcc71e99 (0.00s)
    --- PASS: FuzzRangeproof/435f935b105fde1cc51a060d59c03a428f41bef5 (0.00s)
    --- PASS: FuzzRangeproof/439758a0ab4c9a6829871513c37cb4f9608ea69e (0.00s)
    --- PASS: FuzzRangeproof/441f8fdeb413cba72de6b242670ce2b77c569345 (0.00s)
    --- PASS: FuzzRangeproof/448977404025adddf4082ae74228fda72737b820 (0.00s)
    --- PASS: FuzzRangeproof/449790cde81bd2f80c7a7aec994749b82646fa76 (0.00s)
    --- PASS: FuzzRangeproof/44ceca6bc98dc46dbebefbe1613b0b7ebb3da7d0 (0.00s)
    --- PASS: FuzzRangeproof/450b86833bc4ca2a04457b91bda3d832d88c83ce (0.00s)
    --- PASS: FuzzRangeproof/456ea979eed2a89babfac53d79cb5164e925bcc7 (0.00s)
    --- PASS: FuzzRangeproof/45baa35140888b2912233d1f1b25372e56cb5dfe (0.00s)
    --- PASS: FuzzRangeproof/45bb2fc55ef0a55863c2782f8bd88d309789a749 (0.00s)
    --- PASS: FuzzRangeproof/471496cc2a5a80a85060ed89ee59d7de787fd438 (0.00s)
    --- PASS: FuzzRangeproof/47427e1a1ef94ec6c8e17aef858125f7488ce657 (0.00s)
    --- PASS: FuzzRangeproof/47d0f319b248b44bcb37d5338ba5fc3430a5a3a1 (0.00s)
    --- PASS: FuzzRangeproof/486882c1724ae4a69b95a1b10cb1d57293cb3af6 (0.00s)
    --- PASS: FuzzRangeproof/495c30d6cda38044dfeede514f8b7893b2ef8fcb (0.01s)
    --- PASS: FuzzRangeproof/49e78acca6215adf7ecf508451f28bc923832e6b (0.00s)
    --- PASS: FuzzRangeproof/4a6e4a6a54f1ed709724a006f9b8fde022843527 (0.00s)
    --- PASS: FuzzRangeproof/4aa058fc9d483c1e27d0f2f497d93e0fc9440041 (0.00s)
    --- PASS: FuzzRangeproof/4b5fba4d8a0d312c9db10d912f2cf1440b8c3bef (0.00s)
    --- PASS: FuzzRangeproof/4b8f1536333b0675b42879533ebee17281519f06 (0.00s)
    --- PASS: FuzzRangeproof/4baa8b65765c12542d53c02fb338076e4ad9be1c (0.00s)
    --- PASS: FuzzRangeproof/4c1b615abb52ea06d8edcc604499b6c214053551 (0.00s)
    --- PASS: FuzzRangeproof/4c1ef496434def85c1789fd430ed17d83e721089 (0.00s)
    --- PASS: FuzzRangeproof/4ce00aafe7eba742c85e69e2443d649d1ca267fb (0.00s)
    --- PASS: FuzzRangeproof/4dad3baa9e23b4f655365a31c93cce83b520fea3 (0.00s)
    --- PASS: FuzzRangeproof/4df0f89903e83ab5bc31359b2f6d1a85288197ef (0.00s)
    --- PASS: FuzzRangeproof/4dfc0580129b79026c29add4f3b4e1338c11547a (0.00s)
    --- PASS: FuzzRangeproof/4f339e9523573706f8f51a9c3456cabd1afe83bb (0.00s)
    --- PASS: FuzzRangeproof/4f62fab0b7305919e4048fac702214f56e7e6def (0.00s)
    --- PASS: FuzzRangeproof/4f8c6480cbf91dc12cc127ca5f3329e5f794f025 (0.00s)
    --- PASS: FuzzRangeproof/50aa094340a99fd53590380d0e2f6efc15a08b6b (0.00s)
    --- PASS: FuzzRangeproof/50b76fb2902647e523e2c972a50f1e425fcad039 (0.00s)
    --- PASS: FuzzRangeproof/513af9037095ee25314c143124fc8b10fe4943ed (0.00s)
    --- PASS: FuzzRangeproof/5281ebf3a65dee955e805d31e32118da6e042123 (0.00s)
    --- PASS: FuzzRangeproof/52c2ea6d599a7075a32d74bfd7265be4be2d6745 (0.00s)
    --- PASS: FuzzRangeproof/532f1791aa2abee616bda1d84a5366378c83556c (0.00s)
    --- PASS: FuzzRangeproof/53a0a06c5ea0ee03d2b586d5128bb059c3b8dd98 (0.00s)
    --- PASS: FuzzRangeproof/53ca7c394d0a98c81b65e8c80a87d4a54a4b359b (0.00s)
    --- PASS: FuzzRangeproof/549f45f1e65312482b7e4759b37c4fd2929a1efb (0.00s)
    --- PASS: FuzzRangeproof/54a3ed0aa931b8a2c6666be8f3460ce0c9cde050 (0.00s)
    --- PASS: FuzzRangeproof/54df992ffc2ccfdef8738ec9474bbedd6f27b455 (0.00s)
    --- PASS: FuzzRangeproof/5558f117689676b461bf2ebf0200464a987d22c0 (0.00s)
    --- PASS: FuzzRangeproof/56049a6c902706877266573184d302fceaba866a (0.00s)
    --- PASS: FuzzRangeproof/565681df869bab75e4cc0bf791bcd99e906757e8 (0.00s)
    --- PASS: FuzzRangeproof/56d23d9c5508edce4855076bf8b12647ce64946d (0.00s)
    --- PASS: FuzzRangeproof/570e12d7f5132b5f676189f221bee6fb16d9487f (0.00s)
    --- PASS: FuzzRangeproof/5989a1f5e56e4194f39c2745fa3997bb9e8e900b (0.00s)
    --- PASS: FuzzRangeproof/5990a887874f5bb5b80e3be22f7e05d6d3b8cc4d (0.00s)
    --- PASS: FuzzRangeproof/5a9d5f99ff2db68995c2251eb70387fa2531b39a (0.00s)
    --- PASS: FuzzRangeproof/5ac5348838c4588df70d06328958cd71ccc76338 (0.00s)
    --- PASS: FuzzRangeproof/5b31ac3ff858be235b794335fa0ad6d08c1d5954 (0.00s)
    --- PASS: FuzzRangeproof/5b8cc3899554491a16e7a8af91898e2ec867025d (0.00s)
    --- PASS: FuzzRangeproof/5bf2d018372e64456e737e7aa1a8178dc6ac12d3 (0.00s)
    --- PASS: FuzzRangeproof/5c0b0ec000d51843ca99ce4c09183b49c1594487 (0.00s)
    --- PASS: FuzzRangeproof/5c3e1cb586dc470fd4b16c80e6486ab87178f694 (0.00s)
    --- PASS: FuzzRangeproof/5c7dd9736ef53bf509e7e6d83283a16be8ca639d (0.00s)
    --- PASS: FuzzRangeproof/5d760dcaf1d13ec1ec333b6bf1360dc008427229 (0.00s)
    --- PASS: FuzzRangeproof/5e3ee4ece4b80817b3b9df131eb6e1fab61aa98d (0.00s)
    --- PASS: FuzzRangeproof/5ee507e4d91267db8ae4391a1917358f6dfbd6ab (0.00s)
    --- PASS: FuzzRangeproof/5f60fc774b88097ee8404faa2071f7eb106a37be (0.00s)
    --- PASS: FuzzRangeproof/5f7fdef4e4a7d3dcf4cc0d1566a0ec534bb4ed9c (0.00s)
    --- PASS: FuzzRangeproof/5fe25ebb8b8126916ddd620e8b0ac48ff2d0c123 (0.00s)
    --- PASS: FuzzRangeproof/60988a41c4f10f4f822576fc07e8125712fd741e (0.00s)
    --- PASS: FuzzRangeproof/60e03553003113c4e01af55c8f17143aadd773f8 (0.00s)
    --- PASS: FuzzRangeproof/612abf4c15087ee7873760eb5f62fb6e98d654ad (0.00s)
    --- PASS: FuzzRangeproof/61838f4307beb7379712eabf87fdbe9cc6f51785 (0.00s)
    --- PASS: FuzzRangeproof/61840bdb03dd236b21da43dbef1aeeb2460663a2 (0.00s)
    --- PASS: FuzzRangeproof/61ce1cf93d9f1e125142fccf930f6a3d3a1b8cef (0.00s)
    --- PASS: FuzzRangeproof/6295956d5fc48f30b2d34fb9ae3ca268bd4e4b9c (0.00s)
    --- PASS: FuzzRangeproof/6347f01a4fc7a78cad13982c4d9a4ade86ed9c59 (0.00s)
    --- PASS: FuzzRangeproof/6359bd9d5ed13661e79ad998fcfc60c12b83f0ae (0.00s)
    --- PASS: FuzzRangeproof/636211341eb1223e3f7efe219f1654e8b05181da (0.00s)
    --- PASS: FuzzRangeproof/63d9753557d469a60c810627679b838c3260de65 (0.00s)
    --- PASS: FuzzRangeproof/63e55173400395c28fc4f09cf827d783af977c27 (0.00s)
    --- PASS: FuzzRangeproof/6503d119c7871453b4b239cd820e2121577ae895 (0.00s)
    --- PASS: FuzzRangeproof/650e2c5ce57321824ee106716008983959a99f4c (0.00s)
    --- PASS: FuzzRangeproof/6656117890080112debfd1f9dd5b1ce84d63e32e (0.00s)
    --- PASS: FuzzRangeproof/6718530a2dffd01bd016b7e7a094bd98dffe0f9d (0.00s)
    --- PASS: FuzzRangeproof/67432e5d831991ad589c2a94b8748c8bde00a25b (0.00s)
    --- PASS: FuzzRangeproof/67d60d997cfd7bf9354496d40c6fc0c23bfa6b13 (0.00s)
    --- PASS: FuzzRangeproof/67ee71114988ae2e52b2a4dadb846ca80d180654 (0.00s)
    --- PASS: FuzzRangeproof/67f202f49ae677c1b31f349d45e537d43e685ca0 (0.00s)
    --- PASS: FuzzRangeproof/68d0141d427dd1a91158d72d2502a0a9e20fd99f (0.00s)
    --- PASS: FuzzRangeproof/693c2641feadb2b060eceeec63b794b3eecbac79 (0.00s)
    --- PASS: FuzzRangeproof/6a05a9bfa07e74c85b904586964602597920a445 (0.00s)
    --- PASS: FuzzRangeproof/6ac4c6bab7269bd3eebb3930c5f30691d734af55 (0.00s)
    --- PASS: FuzzRangeproof/6b52d9e804878f5e60eeed3476b13a10bb973829 (0.00s)
    --- PASS: FuzzRangeproof/6bcacdd549499d92fc9d79462967cedda8a9bfed (0.00s)
    --- PASS: FuzzRangeproof/6bdfba46b13cc06e9e163332adf541314d790c6d (0.00s)
    --- PASS: FuzzRangeproof/6c1a2990605c0a682d5637367306464a076b6b9e (0.00s)
    --- PASS: FuzzRangeproof/6d3571327fd1e0b4772daf410647840c2b36af2a (0.00s)
    --- PASS: FuzzRangeproof/6d38a8f824bafbb0c55b2b4a905d1320c5369514 (0.00s)
    --- PASS: FuzzRangeproof/6d5aa7c7c789484701720832e6d7741fd732a63f (0.00s)
    --- PASS: FuzzRangeproof/6d8c6343ebfea46a3461df158760f06110af435a (0.00s)
    --- PASS: FuzzRangeproof/6efbe9c9c2645838a05d0e9dd01137d39a602dc5 (0.00s)
    --- PASS: FuzzRangeproof/6f776ec79cef1c87f3776fd17ad6a67f71652f1e (0.00s)
    --- PASS: FuzzRangeproof/6fc2d2ccec9c3bc79e0020fa56a1789c364e7113 (0.00s)
    --- PASS: FuzzRangeproof/6fe88261e112c4b787ed275abfeea0676b61da86 (0.00s)
    --- PASS: FuzzRangeproof/6fed3e0439b0faa73b9527ed182739ab7af55346 (0.00s)
    --- PASS: FuzzRangeproof/70bc7e3127a44a2fc0745a2834f30678be2d65f7 (0.00s)
    --- PASS: FuzzRangeproof/710b251663ceab4fbdacc26a08c210f26f50ab68 (0.00s)
    --- PASS: FuzzRangeproof/715d90307e3d81d758fe57740482e09af0ac9639 (0.00s)
    --- PASS: FuzzRangeproof/717e5ebbf713bbd21ef19894d524830a3c3f5916 (0.00s)
    --- PASS: FuzzRangeproof/71d05580e33a2e72ae77aa5d8b13f27e1237d617 (0.00s)
    --- PASS: FuzzRangeproof/7279eb0e4d5604681ebd7beca2af70f81a1a3200 (0.00s)
    --- PASS: FuzzRangeproof/7281d9f1f8b5d0b738038f58c8518c039e4e0469 (0.00s)
    --- PASS: FuzzRangeproof/72ebdc0e07eadcd83f652ecbfb72518e5eb7e122 (0.00s)
    --- PASS: FuzzRangeproof/73792f8d86e167388abcee20451a7da41c177c36 (0.00s)
    --- PASS: FuzzRangeproof/73a987499dddec91e5c0e078d55e2656cfe483b0 (0.00s)
    --- PASS: FuzzRangeproof/740a5674ebf35c065a3605faa7148f4a3c8681eb (0.00s)
    --- PASS: FuzzRangeproof/7425d9cc61b24d38ce14dafdc91b3ee65ff1153c (0.00s)
    --- PASS: FuzzRangeproof/74562623d15859b6a47065e0f98ce1202fb56506 (0.00s)
    --- PASS: FuzzRangeproof/74d5360d48802e4ef24ed5d48ef00e99850013f3 (0.00s)
    --- PASS: FuzzRangeproof/75e2b691f8053fe40434e3c3ae3c93d706f887aa (0.00s)
    --- PASS: FuzzRangeproof/760fa7f1bc1524c55a34af65ef4c4c59940b216e (0.00s)
    --- PASS: FuzzRangeproof/7621d99c477a30566502e581ccba253a5b55dac7 (0.00s)
    --- PASS: FuzzRangeproof/766bed832eab3b17d3f76ba7ddacbc0cb1a2a4fa (0.00s)
    --- PASS: FuzzRangeproof/773c3c62a807f3640af2fdb01301cef5f060913e (0.00s)
    --- PASS: FuzzRangeproof/77667635516f2c82c40bca7482ea53d97c284fa8 (0.00s)
    --- PASS: FuzzRangeproof/77a9839f24b5495654b2336e6140239615d5ad12 (0.00s)
    --- PASS: FuzzRangeproof/77d33ab2ff15439d4a9747cacae538a941e86be9 (0.00s)
    --- PASS: FuzzRangeproof/781e98bc367619ef050bbe461d3dd9f2072d4773 (0.00s)
    --- PASS: FuzzRangeproof/788f72dd1fc827bbbf43385aa74508f2fc4984df (0.00s)
    --- PASS: FuzzRangeproof/79067782d0f1dc8e9a0e964e5e98146aa6d36fb5 (0.00s)
    --- PASS: FuzzRangeproof/79e7bc8a2f582d201fe9af0a34acd2b704d31424 (0.00s)
    --- PASS: FuzzRangeproof/7b0dc77667c6019af2321ad569cb72e0a77e5e9f (0.00s)
    --- PASS: FuzzRangeproof/7b9a6b0f6ea5d1bf29ceaf09cd852f9fe65a2edd (0.00s)
    --- PASS: FuzzRangeproof/7bb1863bebf3e36acedde0cd21d0250e6a72caef (0.00s)
    --- PASS: FuzzRangeproof/7ca6edcf7e506785be855271b4a157e2e893c0ae (0.00s)
    --- PASS: FuzzRangeproof/7ccc8f5766af0ce4754fc5feeda7364ad2899a43 (0.00s)
    --- PASS: FuzzRangeproof/7d4f9c3aa4feabc342677564094f041d53d2c116 (0.00s)
    --- PASS: FuzzRangeproof/7d820a83dbd6f6359be86ca6a380bbe1bd447407 (0.00s)
    --- PASS: FuzzRangeproof/7e23618ac9af7f088fb7d87135cfbf63f68831e9 (0.00s)
    --- PASS: FuzzRangeproof/7e62d3d5dc899863af8803239ab4c3c3dcf7dd72 (0.00s)
    --- PASS: FuzzRangeproof/7f13d4591f89dbacdaf2b3660b4250bd4df9c76b (0.00s)
    --- PASS: FuzzRangeproof/7fb912ea13d5833d78f1b081cfcf53e36534e513 (0.00s)
    --- PASS: FuzzRangeproof/7ffa964175b4ab98af6b1ef60a3f38693547896a (0.00s)
    --- PASS: FuzzRangeproof/804213f2ffc55517bc8eaca63a852d5e0b1be346 (0.00s)
    --- PASS: FuzzRangeproof/80af3009210981eea0f897bb1d0e5ab734d4cd18 (0.00s)
    --- PASS: FuzzRangeproof/8114d3e42a42e110d8334148ccb1a0f9d78829d1 (0.00s)
    --- PASS: FuzzRangeproof/81f9cd6b41d34aad22b8bd79ea24f9eafc1d0a92 (0.00s)
    --- PASS: FuzzRangeproof/82c03864e31616e0da1531f6b013995aa46af375 (0.00s)
    --- PASS: FuzzRangeproof/82e94e18fda45d60fdc9852ea2378061a57818fb (0.00s)
    --- PASS: FuzzRangeproof/8304c8da20eebe631bebe657f09b88850377cccd (0.00s)
    --- PASS: FuzzRangeproof/83530523de54fb609f50481948a33daeb5f25bb5 (0.00s)
    --- PASS: FuzzRangeproof/843e5cbce34c5f9ae2c10c933b79f349220d87a0 (0.00s)
    --- PASS: FuzzRangeproof/846b6f367ae7e677b75f3f16abb339e5f02d9cdc (0.00s)
    --- PASS: FuzzRangeproof/84e729543b2adf6cc0e3dee485ae406c3bbce441 (0.00s)
    --- PASS: FuzzRangeproof/84f57b08213eb845b4779441067f9c2e429c9f2e (0.00s)
    --- PASS: FuzzRangeproof/85faeff0f2102570d12d26fc86e26b3a9351767f (0.00s)
    --- PASS: FuzzRangeproof/8621035a780906d8ca387a21293659b9682dde91 (0.00s)
    --- PASS: FuzzRangeproof/86b04f1d5fd4cbf32075e932c97175748555c3c0 (0.00s)
    --- PASS: FuzzRangeproof/86df73e7555be160c07f556c1a5eb7b0d0cc08b8 (0.00s)
    --- PASS: FuzzRangeproof/875c4bf9c78a9013515e6306cc8897863099f5e6 (0.00s)
    --- PASS: FuzzRangeproof/87fc19f8d2270aa4068799889ddb43641fa2bca2 (0.00s)
    --- PASS: FuzzRangeproof/8853a2876f1ab8914de689f0715d57c53d4df1b7 (0.00s)
    --- PASS: FuzzRangeproof/88c0dcb5ce097509f1c04930bc418250bdafa159 (0.00s)
    --- PASS: FuzzRangeproof/88e784571f55ab938d1403d63015f1d66c6f0e70 (0.00s)
    --- PASS: FuzzRangeproof/8b1664f8b2dbbac02fda8b93f367f069a62f44f0 (0.00s)
    --- PASS: FuzzRangeproof/8babb2bb040ad89a53d9ec3711289f41fb78a3d9 (0.00s)
    --- PASS: FuzzRangeproof/8bebc849f08b65ca23128c313f418bf049941b92 (0.00s)
    --- PASS: FuzzRangeproof/8bfbc5794279e95ae7108e4acfcab7e6ede6570b (0.00s)
    --- PASS: FuzzRangeproof/8cde08ef0e2fa469cef5a53bc70a6dd2bab0326e (0.00s)
    --- PASS: FuzzRangeproof/8d1ff190852558115dae0549df70972936403374 (0.00s)
    --- PASS: FuzzRangeproof/8d47039fca90711b937fcd5ca0d61a1331db77ea (0.00s)
    --- PASS: FuzzRangeproof/8e6127d93a648de227e917e5ca357e04da8b7981 (0.00s)
    --- PASS: FuzzRangeproof/8e946a0a4644e9e276972bf072d5e0433869e513 (0.00s)
    --- PASS: FuzzRangeproof/8f371a76a78584fb27ff18e87bcfc1bbb658afda (0.00s)
    --- PASS: FuzzRangeproof/904f5dfcb2d81e743994c9479470da7f224e2d54 (0.00s)
    --- PASS: FuzzRangeproof/907af0a2216505d3ed158b97298ce1afd3bb948b (0.00s)
    --- PASS: FuzzRangeproof/90e4684db28da74ca5cd0f03fb7b39e9e96db714 (0.00s)
    --- PASS: FuzzRangeproof/91231b5c311abd9d3928579559aca090924a68c8 (0.00s)
    --- PASS: FuzzRangeproof/93a89bc500c13c8e8f02b8f76630cf0dd5e34c2d (0.00s)
    --- PASS: FuzzRangeproof/93bcb3ff7e96cc11f7f605e78acae0944e4f060a (0.00s)
    --- PASS: FuzzRangeproof/9469e6814025e301cf7caea2116bce40ec66df01 (0.00s)
    --- PASS: FuzzRangeproof/94ac3a2cf67cd17a71b0838e45defa4702d897c3 (0.00s)
    --- PASS: FuzzRangeproof/9513e71e7b0cf177b3edadba19c16ad51fb39e35 (0.00s)
    --- PASS: FuzzRangeproof/9524a3381087ed28f480de75aca15692a4996bb9 (0.00s)
    --- PASS: FuzzRangeproof/9535b40e46d8903c838ea361964fa7e8971f9b5e (0.00s)
    --- PASS: FuzzRangeproof/95ff2a7b6bd120a1377ded873266647a52375635 (0.00s)
    --- PASS: FuzzRangeproof/969a911233cc330006348d8a76d47db8e0cc9105 (0.00s)
    --- PASS: FuzzRangeproof/96b08f7c5822bed7a91d1f32397bddbc2e107c18 (0.00s)
    --- PASS: FuzzRangeproof/9731752e4efc05008c1dada22c6b8390a5e27ab5 (0.00s)
    --- PASS: FuzzRangeproof/9798df891fe3206bf3b8b1952bf0b625c1c067c4 (0.00s)
    --- PASS: FuzzRangeproof/985926b84c013570fff12fe996772cf47fb76895 (0.00s)
    --- PASS: FuzzRangeproof/98686a991ef725d27296f3f25eca3f5491c64e0c (0.00s)
    --- PASS: FuzzRangeproof/98c95e10195f7355f3112c01db5986833f76efc8 (0.00s)
    --- PASS: FuzzRangeproof/98d6343b0ebb111ffb4a1c30d3481aaf404461a0 (0.00s)
    --- PASS: FuzzRangeproof/9977a88564869ae8387db712084d2e33c3fee83b (0.00s)
    --- PASS: FuzzRangeproof/99c286ccd7bc4e14d9a0f9f31d8da2085650a64c (0.00s)
    --- PASS: FuzzRangeproof/9ae0bdb17f2e6f326cfcb1cb37b3cbc434d6c62e (0.00s)
    --- PASS: FuzzRangeproof/9b0770386d9fda3935c8b3b4523169ca4c99fa78 (0.00s)
    --- PASS: FuzzRangeproof/9b611c3d6ae468612d2e526118f43025f854c1b2 (0.00s)
    --- PASS: FuzzRangeproof/9bccfd30e2263ce4797414c443c028b0250230b5 (0.00s)
    --- PASS: FuzzRangeproof/9c47c1df38cbfd243e091da8e361b4e0cbd53035 (0.00s)
    --- PASS: FuzzRangeproof/9d9c42089efb3f876e0e6758eddd6ed6f1a99f50 (0.00s)
    --- PASS: FuzzRangeproof/9df3f340b44e368c5d9abaf83b2afab709bbb9dc (0.00s)
    --- PASS: FuzzRangeproof/9e542d4f6c8e9e4ae4dd0c9724a01c7710fa6e82 (0.00s)
    --- PASS: FuzzRangeproof/9e8cbafa20d5597580869a99f05e79f6d57f57cb (0.00s)
    --- PASS: FuzzRangeproof/9fbbb5cf6ff948963ee85f36466122a00dba79ba (0.00s)
    --- PASS: FuzzRangeproof/9fca6451be4c68e492b3b4b3dcfd5ebe233cc841 (0.00s)
    --- PASS: FuzzRangeproof/9fd64b085a1e23ed69a02e23f092bafb50aaba1f (0.00s)
    --- PASS: FuzzRangeproof/a096e9f5717c751543dd1f4452e190c4a9d95345 (0.00s)
    --- PASS: FuzzRangeproof/a10909c2cdcaf5adb7e6b092a4faba558b62bd96 (0.00s)
    --- PASS: FuzzRangeproof/a1a592b9c141f2cd09d30f174e21093fbe3f6d56 (0.00s)
    --- PASS: FuzzRangeproof/a1d1cc08c1f30e8b6764bba29919f98428178461 (0.00s)
    --- PASS: FuzzRangeproof/a2c73a3cedcca390890551afd02188230d6566e3 (0.00s)
    --- PASS: FuzzRangeproof/a39dc5a688507118b8434de3151fa8c306ae9629 (0.00s)
    --- PASS: FuzzRangeproof/a51587631b947106b3882c1385c2a26ff694a615 (0.00s)
    --- PASS: FuzzRangeproof/a5696d082d62ef017c0267ff65a9bbd88ee0d360 (0.00s)
    --- PASS: FuzzRangeproof/a61665cf3d017637359ba8784dc4f4633a8fcfbc (0.00s)
    --- PASS: FuzzRangeproof/a8269ab3c7a370f9f21df2b32d9754b763c60e99 (0.00s)
    --- PASS: FuzzRangeproof/a82dd5bdb24e763050d3db68f96feae8d6320b88 (0.00s)
    --- PASS: FuzzRangeproof/a834ee46e0c54d3d330a308d1527f4c2f0ed676b (0.00s)
    --- PASS: FuzzRangeproof/a921348638ec718c48a045313fffdcd54ce1ea28 (0.00s)
    --- PASS: FuzzRangeproof/a98dbd7e41e1de5d86ab901b640fe824a595c9f0 (0.00s)
    --- PASS: FuzzRangeproof/aa430206f5cb4ac2c245b1238d8a70432d8b1076 (0.00s)
    --- PASS: FuzzRangeproof/aa4c3a803474d33f8c8ab176d96713bad294cdd2 (0.00s)
    --- PASS: FuzzRangeproof/aa697fa39b85da93fc00543630275826de4fa08d (0.00s)
    --- PASS: FuzzRangeproof/aaa1a2c16aa2986cee29f2c26cf3f4c6fbafa9f3 (0.00s)
    --- PASS: FuzzRangeproof/ab4640d16551c03a64f91b3088917e46d88b8354 (0.00s)
    --- PASS: FuzzRangeproof/ac807d7ba17915d8087f17671174d5b08634eb6f (0.00s)
    --- PASS: FuzzRangeproof/ada613ae29c682a294f35c8bb7b4c8e39a987d8e (0.00s)
    --- PASS: FuzzRangeproof/adea798ef77c1dfeddbd710476b096080e14ef78 (0.00s)
    --- PASS: FuzzRangeproof/af121c301f57a3771e8bf9358317f2d5f3655a85 (0.00s)
    --- PASS: FuzzRangeproof/af2809d103ebc49bf1b653784e98f345eb5846a3 (0.00s)
    --- PASS: FuzzRangeproof/af7478341582a63f5b23c9fa4d1fe56c8e4196cc (0.00s)
    --- PASS: FuzzRangeproof/af9474e900c79c16ed46394c6cd58a38e5b2525f (0.00s)
    --- PASS: FuzzRangeproof/b01ea3c262e311c23361403a0a209966158a3d36 (0.00s)
    --- PASS: FuzzRangeproof/b14be64b7125e57367eb3303162cecfbb178d2aa (0.00s)
    --- PASS: FuzzRangeproof/b2158693361825278fb1a5f9495cbd6136974b6a (0.00s)
    --- PASS: FuzzRangeproof/b2491b03df9282712572ba0a3e85492e3be1178f (0.00s)
    --- PASS: FuzzRangeproof/b2fcb6841d44610e1c540268a4096525f620a280 (0.00s)
    --- PASS: FuzzRangeproof/b3e709ae8976e316db4d083f1e884658b8150849 (0.00s)
    --- PASS: FuzzRangeproof/b402b4de89a05c312e67e98a555cd923ee7f9970 (0.00s)
    --- PASS: FuzzRangeproof/b405112f4399eadcff916fc504e947f8b8655ee6 (0.00s)
    --- PASS: FuzzRangeproof/b40b5716ae9d1fb6b7ad53fc8dd2abcfb114406f (0.00s)
    --- PASS: FuzzRangeproof/b4122f5fe67babf13815493136821142284f3d9a (0.00s)
    --- PASS: FuzzRangeproof/b44f6a4caa0f2cef158893784da2741e8823764b (0.00s)
    --- PASS: FuzzRangeproof/b52338e9a4c842c1872e3f3801dee637190bf448 (0.00s)
    --- PASS: FuzzRangeproof/b546946dc3b447a08119499bc2cbbc4cfcdda12c (0.00s)
    --- PASS: FuzzRangeproof/b6898bb0f19e9f8e0d90818c89ceb706c5484550 (0.00s)
    --- PASS: FuzzRangeproof/b70e2f82fde446e52a4bc8b657733efe9214a498 (0.00s)
    --- PASS: FuzzRangeproof/b7532c4b98588084b6111aaaa5b3302e27e4cc47 (0.00s)
    --- PASS: FuzzRangeproof/b7d2e8a0b2fe099a04de3e821aed9034ed14c288 (0.00s)
    --- PASS: FuzzRangeproof/b7f33ba325fe3a5b759770f421351645a00ff5fb (0.00s)
    --- PASS: FuzzRangeproof/b875e8725850c811651c52c5ddde83449bb1709a (0.00s)
    --- PASS: FuzzRangeproof/b88ae529157f7ec597c583f1e9f903dcf321c473 (0.00s)
    --- PASS: FuzzRangeproof/b88d117e78fa52b935420ed8101b32e048900839 (0.00s)
    --- PASS: FuzzRangeproof/b997086ec73cd08b3fc2bc0ce6531bdff6f93cec (0.00s)
    --- PASS: FuzzRangeproof/ba33bbe3939ace6ad3764ffc070f8846a1c34163 (0.00s)
    --- PASS: FuzzRangeproof/ba5303b102f5b988d7774e1aba973f0cfd962463 (0.00s)
    --- PASS: FuzzRangeproof/bae925fc158545b3830c41c6d9a37a348b48ed20 (0.00s)
    --- PASS: FuzzRangeproof/bb00175754cde846ee27155d946b547f09cb1430 (0.00s)
    --- PASS: FuzzRangeproof/bb20681a9edea93925b0b2f0bc75abbd7d107325 (0.00s)
    --- PASS: FuzzRangeproof/bb3a06b4f3c48ba03eee457174e096e417951ad2 (0.00s)
    --- PASS: FuzzRangeproof/bbbc05732becd2efdd2f3b935eccc5029fdac65c (0.00s)
    --- PASS: FuzzRangeproof/bc341a7e16eaa75852a3488244e8e3f2bb1bdca5 (0.00s)
    --- PASS: FuzzRangeproof/bcbd16cc7ff432f9dcb57030752c91199dd2b4bf (0.00s)
    --- PASS: FuzzRangeproof/bcc25c4db6673f445160a86498852c8e5ac8c53d (0.00s)
    --- PASS: FuzzRangeproof/bd74c7d67d8d816ec5a2c1a29891baec9b925cca (0.00s)
    --- PASS: FuzzRangeproof/bd80b27b195ff07ae28ee23dc76754ac4d05f885 (0.00s)
    --- PASS: FuzzRangeproof/bde87213fae93d3bf35affb27771efe8633b11ab (0.00s)
    --- PASS: FuzzRangeproof/bdfba1348306df97c266517e0752a6525131c9df (0.00s)
    --- PASS: FuzzRangeproof/be1d04974789c8aebbe6949d1a98f4a42ea28d4b (0.00s)
    --- PASS: FuzzRangeproof/bee061dc9b3c87d3ce19d8ded5cfb55b80c5aa78 (0.00s)
    --- PASS: FuzzRangeproof/bf622a76a69966cb6c18837ce83288511b19ca67 (0.00s)
    --- PASS: FuzzRangeproof/bfd8f10a56069581bb7d6ea198d8de98d0d27c74 (0.00s)
    --- PASS: FuzzRangeproof/c039633ab3ad15b2aacd215434c04c7ad77d5b80 (0.00s)
    --- PASS: FuzzRangeproof/c0d0c337f238c45cff2d702b43bf08ae19b715a1 (0.00s)
    --- PASS: FuzzRangeproof/c2203d0549b631a9383627287bdb8994346ab1e5 (0.00s)
    --- PASS: FuzzRangeproof/c32dc1cb44266ea4b28ec6522bf9f5f7ab91d3c3 (0.00s)
    --- PASS: FuzzRangeproof/c5113659bda4109a70f7a321145a1354d0c50755 (0.00s)
    --- PASS: FuzzRangeproof/c529deac8ecff4a1c561f89b103fa356ae4aad3b (0.00s)
    --- PASS: FuzzRangeproof/c545105ea752a820972adff6fee2633802f84aba (0.00s)
    --- PASS: FuzzRangeproof/c5c1f5efb5e16db986988dffff78c3d4f2cc7bc0 (0.00s)
    --- PASS: FuzzRangeproof/c5fe170971f0500c8af3b48e4b236a0385a1397b (0.00s)
    --- PASS: FuzzRangeproof/c694fca015a657b6abd851401331e2be8fb746fb (0.00s)
    --- PASS: FuzzRangeproof/c69e1ba5f549c32c6cd65c4fb938895845630701 (0.00s)
    --- PASS: FuzzRangeproof/c6c9bdc234945401beeb0828f6f4ad3233a48e16 (0.00s)
    --- PASS: FuzzRangeproof/c8140fc034f36ead39b8c9fbfbfb5eca4c57f0ad (0.00s)
    --- PASS: FuzzRangeproof/c83730b769827ef03bb900c8f2eb15f0f451339f (0.00s)
    --- PASS: FuzzRangeproof/c90a6553c5ff146d947582c3a4b54f79b0a822a1 (0.00s)
    --- PASS: FuzzRangeproof/c98219aebbad52f1e37a8243ba3cf41c3f227db0 (0.00s)
    --- PASS: FuzzRangeproof/cad4fe9ed778684c3405c4dee83356760b44b194 (0.00s)
    --- PASS: FuzzRangeproof/caf4c91b4463445e68c4c9e811c7b6f8e5e50be9 (0.00s)
    --- PASS: FuzzRangeproof/cbb37a5c154bfc68fc79b9cc3eb3f0ab6d52a4b1 (0.00s)
    --- PASS: FuzzRangeproof/cc098dd4458d38b4a7220a7f34a5a3bc4ae7fcec (0.00s)
    --- PASS: FuzzRangeproof/cc7af0f1532473056e8e47350670f865ea33e26f (0.00s)
    --- PASS: FuzzRangeproof/ccd092fbd3640d07b91a454bf3dd883c3c7563cd (0.00s)
    --- PASS: FuzzRangeproof/cd349ae8c86f182b95f8f1f6ca920cf4c7b10eb3 (0.00s)
    --- PASS: FuzzRangeproof/cd7b434425c1c9c9365edf505bb410b6856d9865 (0.00s)
    --- PASS: FuzzRangeproof/ce97553e9bf176d9d0899d294e3215326b879c57 (0.00s)
    --- PASS: FuzzRangeproof/cf2fdc239c4fa11fb9b1901b82a11c585b7bf7fc (0.00s)
    --- PASS: FuzzRangeproof/cf3abcc343bb6dd4d9d8eb01d4e4b7e84d2a1de0 (0.00s)
    --- PASS: FuzzRangeproof/cfb4af0fe38b08ff8051f9c2a60d503324ce67d0 (0.00s)
    --- PASS: FuzzRangeproof/cfb748ecd1a4fd27059cc3160f9b70c94a8e142e (0.00s)
    --- PASS: FuzzRangeproof/d0269d56d67a6ab941de8731e56f5940a14f7892 (0.00s)
    --- PASS: FuzzRangeproof/d141e238c078dfcdf27fc988dc6d774dd2f64793 (0.00s)
    --- PASS: FuzzRangeproof/d16318fe7eb2c1b02879975f2b279203899bbd79 (0.00s)
    --- PASS: FuzzRangeproof/d17fc273c7a3f76817589ff094bcc101b1b47b1b (0.00s)
    --- PASS: FuzzRangeproof/d1accfddda6360ecc9ce569cc56394fb01ad60a4 (0.00s)
    --- PASS: FuzzRangeproof/d299670c197958fd4d58e23368b6801194590b05 (0.00s)
    --- PASS: FuzzRangeproof/d31f8f9154a3e4237bc154bb3b2b6f3aa9f21382 (0.00s)
    --- PASS: FuzzRangeproof/d32d7505f55d43584d548c4b5ed4ad7b2b1a9e84 (0.00s)
    --- PASS: FuzzRangeproof/d37fbaa414b7eda3323dee990a9c6e6ea4161245 (0.00s)
    --- PASS: FuzzRangeproof/d39f88cc33a33385aea775a0c989f24d6879521f (0.00s)
    --- PASS: FuzzRangeproof/d3ff4f6b115fdaba63abd995b53f3000d3c74aee (0.00s)
    --- PASS: FuzzRangeproof/d408de489be8e11f1ef6a6c2376f6bcd28cf2608 (0.00s)
    --- PASS: FuzzRangeproof/d42253cba45df4fed5a7830ca6576c24fb63bbcb (0.00s)
    --- PASS: FuzzRangeproof/d4d012aee22c6725d680f12cfd6863c37aac5917 (0.00s)
    --- PASS: FuzzRangeproof/d4d29d4dbfbe7139587afee6b8bca8eb127c58c9 (0.00s)
    --- PASS: FuzzRangeproof/d50e1e55115f3684fde04ffbacf0f8b93a4fc46e (0.00s)
    --- PASS: FuzzRangeproof/d5cb724bfae225288adeadbd1986df8d66a88dbd (0.00s)
    --- PASS: FuzzRangeproof/d637503dbfe70500099ec44be7ea3fc2b843d631 (0.00s)
    --- PASS: FuzzRangeproof/d6c8c8f75be1b0f59a256c27135bccaf66b4c019 (0.00s)
    --- PASS: FuzzRangeproof/d6ed4c8d79748fb736312da53d347bdfc7e7ade6 (0.00s)
    --- PASS: FuzzRangeproof/d7189109374afe880029e174775843c834c77273 (0.00s)
    --- PASS: FuzzRangeproof/d760e32c27b0de9cb530e5728b749fcaf3a44c78 (0.00s)
    --- PASS: FuzzRangeproof/d8106dc2d858408197581aac8eda681a6d625603 (0.00s)
    --- PASS: FuzzRangeproof/d83bbd865091fc7516fc90eeb69555a2de9e9402 (0.00s)
    --- PASS: FuzzRangeproof/d95313ac95cffd8394ddfb3d545b1d9fc6a7a862 (0.00s)
    --- PASS: FuzzRangeproof/da1be9364300c85832e55254eb1c2e47896b3c47 (0.00s)
    --- PASS: FuzzRangeproof/da58f1ee911432b1bee02ebaa04fff5d6ab00b19 (0.00s)
    --- PASS: FuzzRangeproof/da926bf052f121e7d453b35da0badf10a4ce9617 (0.00s)
    --- PASS: FuzzRangeproof/db3c2161f2d6e415e1dd30d1ec652a781b7021d8 (0.00s)
    --- PASS: FuzzRangeproof/dbd15b43f4c480d7c250012134b47e5fe9c26452 (0.00s)
    --- PASS: FuzzRangeproof/dbd3307524b691475c1b3bed17e5c15c4793cdc3 (0.00s)
    --- PASS: FuzzRangeproof/dc1832ab2056e3685699f9596706bf88aafac9b9 (0.00s)
    --- PASS: FuzzRangeproof/dc2cd993f9e4e6931ae9a72de2f43c593bb08ca4 (0.00s)
    --- PASS: FuzzRangeproof/dc4a367585af14ea75d4b383c627af7129727986 (0.00s)
    --- PASS: FuzzRangeproof/de315eb5dc553d691a6fbd4ff8b608c9dad184e2 (0.00s)
    --- PASS: FuzzRangeproof/de8043bba3965e78e744ec0eea4c345de97b76f8 (0.00s)
    --- PASS: FuzzRangeproof/def0ce6d141c20592cd1acf08673a61b18715cee (0.00s)
    --- PASS: FuzzRangeproof/df6117db341603d9c0fdbc8600924f87fff53372 (0.00s)
    --- PASS: FuzzRangeproof/e00e81733880ab07c2add2da529b0d2286d31dbd (0.00s)
    --- PASS: FuzzRangeproof/e06f0332f1e66e4579710c00f7ffbb1e8938eabc (0.00s)
    --- PASS: FuzzRangeproof/e170dafa46d1de885c31831fa7e8208305a6a8cd (0.00s)
    --- PASS: FuzzRangeproof/e2ca46e95aa25fda5bc876e839f8c63d6b6c273b (0.00s)
    --- PASS: FuzzRangeproof/e2cf762f43e922b39881c3820358402b0872d4bb (0.00s)
    --- PASS: FuzzRangeproof/e3629330013c0cbd40f67b2cf58931db379a0a0f (0.00s)
    --- PASS: FuzzRangeproof/e42b500d99c9ff456716382d16d6b1351a4de819 (0.00s)
    --- PASS: FuzzRangeproof/e496cdbed513e5dcbcb697363d9974e551c2abc8 (0.00s)
    --- PASS: FuzzRangeproof/e4bc7066794e410510bc89f0202eb0cc0f21503e (0.00s)
    --- PASS: FuzzRangeproof/e54a464852a1b8adf68316632953a1b590726435 (0.00s)
    --- PASS: FuzzRangeproof/e6764182650c046e44a58c064744b8076ad8e543 (0.00s)
    --- PASS: FuzzRangeproof/e6acfe5a12742343118876caf48f87e0e8a9901f (0.00s)
    --- PASS: FuzzRangeproof/e6ae7b8769b51076b73ff371e01e9d09a7aa9ff1 (0.00s)
    --- PASS: FuzzRangeproof/e6ff4ed547b11fd8c6ed127872941427d5430b2e (0.00s)
    --- PASS: FuzzRangeproof/e7f12a7256071f2466b8d9b59aafd6b417a28af0 (0.00s)
    --- PASS: FuzzRangeproof/e87ce061db116d81f9ace233f919ccefb9e66edc (0.00s)
    --- PASS: FuzzRangeproof/e88f4549be89b29d3fe8b8a2aad1b8c03eb4e319 (0.00s)
    --- PASS: FuzzRangeproof/e8aa8c7f11fc2ec847289d573131b762e89fc68c (0.00s)
    --- PASS: FuzzRangeproof/e91b9b9ab9e46e1a7d2726fa1fcfb0db2790c998 (0.00s)
    --- PASS: FuzzRangeproof/e984a326cdbea995056061b26aa0343bfd129657 (0.00s)
    --- PASS: FuzzRangeproof/ea109149f92229bf1cd3a4514a04b1ee554fe606 (0.00s)
    --- PASS: FuzzRangeproof/ea532df434844b35f78ab818044c7339c7e9a785 (0.00s)
    --- PASS: FuzzRangeproof/ea6e1773b1aff5dfaf232443a45935396d7f5065 (0.00s)
    --- PASS: FuzzRangeproof/eb4bec7a2f7d610ca8521f7b9cee633c36a12c53 (0.00s)
    --- PASS: FuzzRangeproof/eb7295245549a1db8872e5a4c99efa127ab85fc8 (0.00s)
    --- PASS: FuzzRangeproof/eb83a798a61beab58d60ff64ae891fa5a8cd9185 (0.00s)
    --- PASS: FuzzRangeproof/ec4f4fbb033b7753f84b5222c47a9f867cb8ac38 (0.00s)
    --- PASS: FuzzRangeproof/ece00e87aaef71789371011114dad73ccb2b526f (0.00s)
    --- PASS: FuzzRangeproof/ed7beb308f4d84d1235321dcf3a0bfbf4f40d927 (0.00s)
    --- PASS: FuzzRangeproof/edf36dea303b3189dd2ed38bdd441f31fb1cf132 (0.00s)
    --- PASS: FuzzRangeproof/ee180754c39f79cc52f14d6e146197a4e3db8c1c (0.00s)
    --- PASS: FuzzRangeproof/ef72fdb349b80bc36f5fb61eb6c526b7fc6d8080 (0.00s)
    --- PASS: FuzzRangeproof/efa3bc367915cd7af4507d5039a11e150e1b8845 (0.00s)
    --- PASS: FuzzRangeproof/efb86179fc72c6d573fccff9ee60f727ccc57538 (0.00s)
    --- PASS: FuzzRangeproof/f014dfd88fafbfc40ea10ce5c46f4dd37f6c694f (0.00s)
    --- PASS: FuzzRangeproof/f12e09cd4dd78ebbfad01c24af1aec1afb23df58 (0.00s)
    --- PASS: FuzzRangeproof/f33ae4e130e80360bc3af49f69cf81b048c2cad5 (0.00s)
    --- PASS: FuzzRangeproof/f35a75bac0cc0594193388449e5fbbc603ea1b2a (0.00s)
    --- PASS: FuzzRangeproof/f379f3dffc94f6e6e15cb6d554b6f9007c7deffe (0.00s)
    --- PASS: FuzzRangeproof/f3c90bf423a85b0a5b088579cf92cfb516517aac (0.00s)
    --- PASS: FuzzRangeproof/f44067490772feb1fb12285cde5201818b4fb18e (0.00s)
    --- PASS: FuzzRangeproof/f4910882139e460af3b27c7795e054d0cce47b54 (0.00s)
    --- PASS: FuzzRangeproof/f53210c458868f773df9e629c00f1338560c3801 (0.00s)
    --- PASS: FuzzRangeproof/f53e37b55c4fcebdfdadf7053721cb79cf680435 (0.00s)
    --- PASS: FuzzRangeproof/f5eafdbe65f8681ecc240538a9e8a67d9c079f3a (0.00s)
    --- PASS: FuzzRangeproof/f5f1b96fd600184e02d3cadb4ce239871f7c7267 (0.00s)
    --- PASS: FuzzRangeproof/f5f921a4cbb1e8d9a7b14fbaed59fb8d6a5204ce (0.00s)
    --- PASS: FuzzRangeproof/f61e7eb4572900d4f505db27003bc93ae0592932 (0.00s)
    --- PASS: FuzzRangeproof/f66326400c18742253931dec4b5f792e1241a49c (0.00s)
    --- PASS: FuzzRangeproof/f7246d6e151d1bb6a048bfd1de52b8af7fa3ac8a (0.00s)
    --- PASS: FuzzRangeproof/fa0cb8bda6e05ac955edaf3573f63ef3576414f0 (0.00s)
    --- PASS: FuzzRangeproof/fa6f3ba4224026eb14914ac4a8b4f119664e1f61 (0.00s)
    --- PASS: FuzzRangeproof/fa9bb888a25725300f22424342dd245960712568 (0.00s)
    --- PASS: FuzzRangeproof/face4072eda307f759d642ab69cc6f4dc3699742 (0.00s)
    --- PASS: FuzzRangeproof/fbc2ad5ed1a66d6558ed44675176de8a72960d56 (0.00s)
    --- PASS: FuzzRangeproof/fc7f6d824e78543114fbc63c45040ba2ed8ab860 (0.00s)
    --- PASS: FuzzRangeproof/fc9b590897602557739c0be59a1ff83b1e2b33ca (0.00s)
    --- PASS: FuzzRangeproof/fcbac5eff718937832f1f06b1ef5cfd8c034363d (0.00s)
    --- PASS: FuzzRangeproof/fcd3345f0a94e2167be84ad67b5f3a43ce161f1b (0.00s)
    --- PASS: FuzzRangeproof/fd0899dadfaa220979a0e70e955e9f8bb5cc981d (0.00s)
    --- PASS: FuzzRangeproof/fd0e957ce8f1a2da569e16dd98b10abf163b1259 (0.00s)
    --- PASS: FuzzRangeproof/fd2168cce6803a879bbb503312a0ebed419b95ee (0.00s)
    --- PASS: FuzzRangeproof/fd63f26afc0c68a49f159e02db899683491e179b (0.00s)
    --- PASS: FuzzRangeproof/fdc3985bc0b4300f164b27b6540a486cdfad5bc1 (0.00s)
    --- PASS: FuzzRangeproof/fe212b20d8633b00e528455c9a1b2435bf2dd96d (0.00s)
    --- PASS: FuzzRangeproof/fe8616a982f5f9c9bc02a8867347612020280c50 (0.00s)
    --- PASS: FuzzRangeproof/fec485464571e0f9842c33d7a0aa83e06bad5468 (0.00s)
    --- PASS: FuzzRangeproof/feec06c672745dd397826ce8555068a171512805 (0.00s)
    --- PASS: FuzzRangeproof/ff4f9bd30f9c3cb832c0693a555e47f8088ac2a8 (0.00s)
    --- PASS: FuzzRangeproof/ff50ac90dff7294b63880147d529308b4198586e (0.00s)
    --- PASS: FuzzRangeproof/ffbc310392d4a9625f11862498c83d49c9a1ff44 (0.00s)
    --- PASS: FuzzRangeproof/ffc4fd723a37044a12ac3df275062d5a563866a9 (0.00s)
PASS
coverage: 93.3% of statements
ok  	github.com/morph-l2/go-ethereum/tests/fuzzers/rangeproof	0.470s	coverage: 93.3% of statements
	github.com/morph-l2/go-ethereum/tests/fuzzers/rangeproof/debug		coverage: 0.0% of statements
