=== RUN   TestReplicate
--- PASS: TestReplicate (0.00s)
=== RUN   TestGenerateCorpus
--- PASS: TestGenerateCorpus (0.00s)
=== RUN   FuzzABI
=== RUN   FuzzABI/002f6a87439db3b1aadf7f839e7d68653ce65d2a
=== RUN   FuzzABI/00db215ffef3ca47f7f18617e6f1705f6c47c152
=== RUN   FuzzABI/0181888bf46ab8bf14b84c8bc3c572a7cd4af7a6
=== RUN   FuzzABI/01ad1cff98d6315779c98cc169f688688f3c7429
=== RUN   FuzzABI/02827d63aab10326e1be8379baa67d557174adcb
=== RUN   FuzzABI/035fbaa7974b2154fc40c7c5c8d3e44ee91159b7
=== RUN   FuzzABI/03e07eea52f8292845d808c8d4d53d719fffa4fa
=== RUN   FuzzABI/043bfd70bb2c1c078159a7d41e5c113b808eab5d
=== RUN   FuzzABI/044f92f5f3373bcbf824e71b93c579a22d9783ee
=== RUN   FuzzABI/05b11540c361515ba0689b978d8b601f81e06951
=== RUN   FuzzABI/05f86da1bfbe2868e00988add9036e8921ab4f0a
=== RUN   FuzzABI/06b4f7d9288bc7eb14136256b3cf7d7d835725f1
=== RUN   FuzzABI/0815bea2818135cc17a28d7e6428a0eb780b8e5f
=== RUN   FuzzABI/08e171905f0ef320b885a54d04af017bbe0d1a56
=== RUN   FuzzABI/09903659e8c17dc0dbb4a3023d309632c3a2b28b
=== RUN   FuzzABI/0ab797bbe9d8b19ae2b889f5b9914649a6cfdcb2
=== RUN   FuzzABI/0acba59a1670f066c1a62485cd220cbc449a71ff
=== RUN   FuzzABI/0ada2b51d68dd222f739263d29edb6b669e0527e
=== RUN   FuzzABI/0b6eb9c1e4b35f75c4486247084346ffabc16026
=== RUN   FuzzABI/0b98010cb79dc529e559db70381a33803998af21
=== RUN   FuzzABI/0bdac048167fff400e52175975baa29941589eb2
=== RUN   FuzzABI/0c6d2307ae34440d9f8fd0911c0643669d0903c8
=== RUN   FuzzABI/0c99c725cf84f2351a59f4a6323cc235d3108380
=== RUN   FuzzABI/0ccd69f7828fcb8397fdc6e9fbf0cbb68c38bef5
=== RUN   FuzzABI/0cee277d84deec2e2d26ea9880510361db54aedf
=== RUN   FuzzABI/0d2e4f2b6f7f9a227eeb1e4897b40ac113f093a1
=== RUN   FuzzABI/0f0286d661aba304acecbe538c4b8bc5bb56e302
=== RUN   FuzzABI/0fcf8b9a00f37e5f69fff264f09c86c8dd9c956b
=== RUN   FuzzABI/11168ae26cc33fe5491505a47954d1ec9d701152
=== RUN   FuzzABI/1178b8b65f574c1008461c5bf1a58877bef33cc9
=== RUN   FuzzABI/11b7c853deacac0333f6dae0489b722cfe08aed7
=== RUN   FuzzABI/12a32950c12d7f7aaadc532ab48742083f4d208b
=== RUN   FuzzABI/12bc5eb7752b94d5452339390d7e742e69d24227
=== RUN   FuzzABI/138ed1d42b196ef625d03c2a22323750b3b7f28a
=== RUN   FuzzABI/13a99a772fcd3310925777ccba89252f9f4a367c
=== RUN   FuzzABI/141c6242d7be6cc6bb9a53e47e15f04044fa469f
=== RUN   FuzzABI/148a95c38960c8efaed5283672964ecfba0441d6
=== RUN   FuzzABI/14b2b42a8b696797bc7110fb16f806a7fde3a7d1
=== RUN   FuzzABI/14d96cb7308d2378fb508cbc0d2b6c07060e16c2
=== RUN   FuzzABI/14da80aec851480ba59d806c1dc72891080b4d52
=== RUN   FuzzABI/154359c5ce32d6df11fed2a6ebc71ccc1680b75c
=== RUN   FuzzABI/15b26ed530ff4c37f23b27fb458fa25a076379c6
=== RUN   FuzzABI/169b8a35ac5d0635fe569c0ad410f58f42f6ca8e
=== RUN   FuzzABI/172fc5c44155ea00ca6ba7608aa18176dafda34b
=== RUN   FuzzABI/181ec03d98c479f5c7434a5cb43d90490d2eff81
=== RUN   FuzzABI/1879a6879d7a0d744326388691fc2c48150a4f7e
=== RUN   FuzzABI/197be6861ad2157ddaf3eff1a658cecfc88d8d2a
=== RUN   FuzzABI/1a47e82e0d828fde8f2416d96a4845ce82917162
=== RUN   FuzzABI/1b38bdb0f208c8cca8ce1cfa330521227d9642c3
=== RUN   FuzzABI/1bbc93a4ac4e6b9f4e17cf0b770339eec8b15f03
=== RUN   FuzzABI/1ca407a2a6dd62f2ee3dd292278dc6ef37b504f0
=== RUN   FuzzABI/1cd9f57e9f336c5db0619201263d207ba6134a4d
=== RUN   FuzzABI/1e1428b385572f3bcd995181b7e1885698fc661d
=== RUN   FuzzABI/1eada056a19878f05c158ed4807f4b604bbcf8f6
=== RUN   FuzzABI/1edd61430644fc7e52860f36193359fba45810e1
=== RUN   FuzzABI/1ef08f5dd814b281038d37f9fe2c5b46237d3f05
=== RUN   FuzzABI/1f71cdd53ad9f6aa590d215641e48dc594a02dbf
=== RUN   FuzzABI/1fe9d5e94d5765bad7bcada0ee448fd340589fff
=== RUN   FuzzABI/2078acd47c6e91d5443226fe8675a71cadc06d23
=== RUN   FuzzABI/20c4d1baecb8604188364120f492921a4c5b614e
=== RUN   FuzzABI/21a5c557c4c1e5130f4ff665f11fd962a48e79dd
=== RUN   FuzzABI/21e376e77e0357d5ddbad26c29961fd9a280889d
=== RUN   FuzzABI/225d8e9c2c06458b92fc1990eeda27d345374b08
=== RUN   FuzzABI/22ee978171a2634a50c4329865426128c45a723d
=== RUN   FuzzABI/232cb5e3959599fb602ef644e15765ef85e6cf60
=== RUN   FuzzABI/236b32f50cdf264be88fe7ebd25c4e407bdcfe33
=== RUN   FuzzABI/239220334ab7e9f0e9b6c8e48a9d80cdb768f04d
=== RUN   FuzzABI/2427ec105107d8dcbbc38259af098d5619ac092b
=== RUN   FuzzABI/243fd58a7780737c5d9859c0faa3e43d660f7cd0
=== RUN   FuzzABI/24807e947f959334d6b5a35c66d3b5d936adf961
=== RUN   FuzzABI/2532b623fa51ef90f55a9da5483002a888708ed3
=== RUN   FuzzABI/257e3499087611f637a56d32d6ae9290165eabfa
=== RUN   FuzzABI/2611c022505cc02e4e596e39880713bc27264037
=== RUN   FuzzABI/264228a15dba4785a120b38f9e25dd42d7b92e1d
=== RUN   FuzzABI/26e343fc540c68bba76f782be79951f4de6cd69e
=== RUN   FuzzABI/275cd3bbbe259df553cb5292e9a3f2b874d4b92a
=== RUN   FuzzABI/278deffdf2f04f4a01ac8147dbd594f3ea344b81
=== RUN   FuzzABI/27bbf6bd2722ff6819556a815ac6faf7f36d2c35
=== RUN   FuzzABI/27eed0fa6cc8691849b4e06a4055ed7d143ebc63
=== RUN   FuzzABI/28174e98a35acc5bd2607914e123f4d9b7db78f0
=== RUN   FuzzABI/28655952f7a22304b54cd6d34ba63773317872ff
=== RUN   FuzzABI/28aabd55ccb5691c69b587dba09f27ae20d0bfaa
=== RUN   FuzzABI/28f9de9ce19705282b038d0aa87bf9b93c9c457e
=== RUN   FuzzABI/2b0208964fefd092989157fe527bf21d9657e391
=== RUN   FuzzABI/2e5a737f1eb3aa34c813198508f20fa8b8d35148
=== RUN   FuzzABI/2ebf5cd38bb7f6e4fdde01ffb8e9a7764e51255c
=== RUN   FuzzABI/2efe96df628b86ad9c062576180c173a49a061ee
=== RUN   FuzzABI/2f959ee414fd821922280a2ba9a5cfad70b0d701
=== RUN   FuzzABI/2feccb157f7fd5ac0d533eff34f86b28b27d9537
=== RUN   FuzzABI/3040b7e60c3dc07be5cc538d70b5a527034c55a0
=== RUN   FuzzABI/3080326454d2812ff11f6153ec7652cc8b42c802
=== RUN   FuzzABI/3289454ca3fd67f6a8261d6236519e6a2fa9fde3
=== RUN   FuzzABI/337d1f571230492513d94830f494bb26a4df80ff
=== RUN   FuzzABI/33c3ce7dd60c1872f2d2cc5975c7958ce71b1ac1
=== RUN   FuzzABI/33fd2b3ad56792b9950c1935e9bb157d97ab4833
=== RUN   FuzzABI/342591f8dcdc03b4f20496ec7ad8776ce4ef4d73
=== RUN   FuzzABI/34daeaae70dc0f331a060f18f4ddf71277f430ae
=== RUN   FuzzABI/35a2e591e211c6c184ed2be98783425f7f812b99
=== RUN   FuzzABI/365fde497bff5ebf6027ac5458aa9d101ce3ec94
=== RUN   FuzzABI/36986d1830bdef6e31fc19c6d5564190dd6fb6bd
=== RUN   FuzzABI/36d9f3fe37ba3e9153c09c36b3b14d667ee74e9b
=== RUN   FuzzABI/3715803e0e708b2084989c4836bbc852d21b78d1
=== RUN   FuzzABI/37c870f3bc397650426f6552d2f6e91e4acd47f6
=== RUN   FuzzABI/38879b51ba1f9ef21a58bc2ce23c8dc172f5088c
=== RUN   FuzzABI/3a0f6bb84df56b14575f5e3b679d346920149e66
=== RUN   FuzzABI/3b39c5ce4b2f72ff873695e456872e64d44e1f53
=== RUN   FuzzABI/3b4cfda20f1b69b1dd4926537354918e1fb3a1ff
=== RUN   FuzzABI/3c83bea7abe1c97eae6ab2b690c91844582c6bb3
=== RUN   FuzzABI/3f622c4d595cbd938be478f5846382c7eb2b70d9
=== RUN   FuzzABI/3f8ae7a94f1bcab404fa9ef6870c4d5cd69a955f
=== RUN   FuzzABI/40fbb4ea36d2db635c5da5392f516d0ef00b356e
=== RUN   FuzzABI/411d547776e1001e82a04dcb10b9af86916af68b
=== RUN   FuzzABI/413098aa2e3219415ffe8be0f86fb0403c53def2
=== RUN   FuzzABI/414e73eb560e4e91fce6870efc8ee88b368576f8
=== RUN   FuzzABI/4264fe53dc4f5717c41620fb24e6e63febe84189
=== RUN   FuzzABI/430854fb53b1bc8db3fbe890caa92078cb9248db
=== RUN   FuzzABI/431fad3c33a481f02248038620d8764f6fab0994
=== RUN   FuzzABI/43f731820fa375fbd20e2bf4e18a4e91b8325037
=== RUN   FuzzABI/44a165b8fc5c35f02a6e975140388502cf087d6b
=== RUN   FuzzABI/44f264d8445a5b35124cb49dd9b166a0727b0d31
=== RUN   FuzzABI/45e5fcdffd681adb67f982cdb12bc91dcaad5a6f
=== RUN   FuzzABI/45fa147df5b1e789a980308774482c5fbd37de24
=== RUN   FuzzABI/460d00dfafb1f7187c4137482df8114e51e30bc4
=== RUN   FuzzABI/4618a9215ff29196409df1bfc0966919e5c7de26
=== RUN   FuzzABI/465269831c8991d083ab4d80190940f575e02f69
=== RUN   FuzzABI/468acfd1a710fcf0702582eb7c6472508dad7014
=== RUN   FuzzABI/46918fa56efff10083cf6661db9d6d19ee420dc9
=== RUN   FuzzABI/46cfbc5221579aa3fefe26887afb6962d6371e7d
=== RUN   FuzzABI/47098c8472224ff53bdfd625b7769aec20be12ad
=== RUN   FuzzABI/47342a37b62fddc19ca12d7113c62c7689ffec16
=== RUN   FuzzABI/47fc7ab8d3c011b2aba05164d159d864c18290c8
=== RUN   FuzzABI/48e2139f2af98b8c73a3776a93cc035a031316ed
=== RUN   FuzzABI/49453ecff9dc40364558554c0a117435cb397d2a
=== RUN   FuzzABI/49ae43f2e181e0b87ee8f6a323bdbc4a5f5b81b3
=== RUN   FuzzABI/4a83c5652e0ee864008aa0bd56fce3e0ca42c137
=== RUN   FuzzABI/4ace1b37203a44aabc0bb1a2b7237b2868fbf854
=== RUN   FuzzABI/4b4daae88f9f56ad5b95003bbe2d08ba990605a2
=== RUN   FuzzABI/4c776ffc0d1d50f4f3a45f54b5adc4e85e68f270
=== RUN   FuzzABI/4c99c0453f13a7b14c44c6ef5465b513c5830eda
=== RUN   FuzzABI/4d0f458acd35b548b5b1880cfdb703555e34cc13
=== RUN   FuzzABI/4d856e7fe1677a3be582b9ce2623a0630944a9ae
=== RUN   FuzzABI/4db14454baf5786a65e672eeeaf2a7ee2688cc20
=== RUN   FuzzABI/4de0bef3735d9c01b555ecd2fe8548f376659867
=== RUN   FuzzABI/4df12a7f513afe8cf5cc5eb51a4c79ed10cf0b41
=== RUN   FuzzABI/4df6f6a847a1f39c971e50fc03e0d8d70088e84f
=== RUN   FuzzABI/4e2caf7c44617be0d498b5b57a1f9709cdbf4668
=== RUN   FuzzABI/4ecb51f095b8549de2ae3c63d5414994c70a2ecd
=== RUN   FuzzABI/4f9a2758f621f6678715953ed1ae64275147392d
=== RUN   FuzzABI/4fe12866e7ab4a6cf0ec049aaed10018c0220e7b
=== RUN   FuzzABI/508dc276b92fa4fd6a8898c2e6b9187acecbfd88
=== RUN   FuzzABI/50bbc6384f985bd3a7092178c3cab75949a9f0a1
=== RUN   FuzzABI/50fecc14f9c95a0f34aad6190ebb69e8b8a15a54
=== RUN   FuzzABI/513ddd54bfd5e3943efb85c9d0fb22d487e3f3c9
=== RUN   FuzzABI/521d13884b80509eaa65795f59e2298f4f2a66f4
=== RUN   FuzzABI/5280ad7e5320cba6f01c4270dbe022d9d7f91561
=== RUN   FuzzABI/534cf227ba1571e8658d726bd854aec1e0c409ca
=== RUN   FuzzABI/54f75bf0686f7969bf82a05a6d5fefc2fd7a5aec
=== RUN   FuzzABI/55ad0cf6bcb9ae7e46d0e8b5c982b895b567594b
=== RUN   FuzzABI/5642e899fb4c5c3607f6ed1310998c0f7214cce9
=== RUN   FuzzABI/568726a121957ba9034ee958803eaa6e1c8d6d81
=== RUN   FuzzABI/572fe1b83bd40c3943870d3a1d6408c275a9152d
=== RUN   FuzzABI/57865264ff47e53da0ef3713da94be29dca25d33
=== RUN   FuzzABI/57e4f42e4a9d7ac04a2cec0d5ba12b7ef36bcbe4
=== RUN   FuzzABI/582931fd4f177dd7f1644204cc287c0080cf5efd
=== RUN   FuzzABI/59c4e9db259075e608f5bb42b918c0f762081ebc
=== RUN   FuzzABI/59cc0ee2384a1482c31529de941df641cb4e5102
=== RUN   FuzzABI/59ef013baf5ad2d038d6cf2c9415a59c3d273647
=== RUN   FuzzABI/5b04d2e023f803b7886eaf8c1026d81c66bfdc46
=== RUN   FuzzABI/5c7e2f023a8a31ff5db34b7930ffdaa048498af6
=== RUN   FuzzABI/5d0240c6eeb9ff69f7bc4e0f7c94f095ce5cba9c
=== RUN   FuzzABI/5d25e986624cf23b6e5d6bbe323ff618040a7328
=== RUN   FuzzABI/5d9acf9a4088649b5bb490d5867b226fbf84c4e1
=== RUN   FuzzABI/5e88a3a03a8260829e348432e99b70c09211ec60
=== RUN   FuzzABI/5ff46430f52e30a1aa0f09873c819661bcc7e7a5
=== RUN   FuzzABI/5ffc74cf54b684491452203c2d8826a243223394
=== RUN   FuzzABI/61f26cfc174b241266c010d5b6a8391200b47052
=== RUN   FuzzABI/6234b1c212508ff632f3795b81c58f7bf76fb2ff
=== RUN   FuzzABI/6371dc20fa3b055a6c0973836204a23023a4aad3
=== RUN   FuzzABI/645f4f7f7cee033d7789e03fb8f0d7fa3ca09a16
=== RUN   FuzzABI/649f424f27878c2bce8927e4de035b624c765931
=== RUN   FuzzABI/64ac0ba99e906af2cce9b4430e357272fc2a7ff9
=== RUN   FuzzABI/653854587096fdb63073e403a70b53117287d288
=== RUN   FuzzABI/65f95c0d164108602b4c569c5c8f4ca77443a414
=== RUN   FuzzABI/66f9a40e9b9c24ae58ed53e45b520860c2ab24f7
=== RUN   FuzzABI/6795e2f05fb9654632e3c5351225c7b467cf8c31
=== RUN   FuzzABI/67c404ce71d47b4e2fbc8cb65ea7bd7363c93d72
=== RUN   FuzzABI/687c8006749711e0916b4ee57f5719ce3708e458
=== RUN   FuzzABI/68d06695d001de149b028999596344aa4a293c05
=== RUN   FuzzABI/69b1f75aa67a615ffdd0f4ae1fc2313d6d1b3879
=== RUN   FuzzABI/6ac523385d55d698132d07d91c7c8a07c54f3c80
=== RUN   FuzzABI/6b602272dce99e7e5d7d1b78b29da785c9957bd6
=== RUN   FuzzABI/6b899eb5fc0ce766dd98e52ee0d106e0cd308f90
=== RUN   FuzzABI/6bfdddd1bbe3b5fbf215c18e45944b80da470543
=== RUN   FuzzABI/6c80b4fafb0b1ad1a0b5cc35d9e01db0ea65c353
=== RUN   FuzzABI/6daa5d1c7d4a9573660547ff25c3c36a6b90409b
=== RUN   FuzzABI/6e576b178614899c22f0f7ab444aa78b7dbd0558
=== RUN   FuzzABI/6e620c398a2a1a8df67d57f4522f65784c7ad1d4
=== RUN   FuzzABI/6f12d80fd2473bbb684dc7fbf635e517b13a00e4
=== RUN   FuzzABI/6fd107acf7adbf47769c69c19176031f0584e381
=== RUN   FuzzABI/700fb0877e0e8b33edf5c55bc3c7759389d9f217
=== RUN   FuzzABI/7073ee81bb25a928b9cde0a8c600270f2bee0d3f
=== RUN   FuzzABI/709d55c79d1871fdfc2ecda3662c240e054a5892
=== RUN   FuzzABI/71853c6197a6a7f222db0f1978c7cb232b87c5ee
=== RUN   FuzzABI/71c91723f37b5232e5c41fcbb24da0e3f0d379a1
=== RUN   FuzzABI/72a9e5746670d43878e1bec6991e1f947cba0eaf
=== RUN   FuzzABI/73223767e481c8921369c3b47b700a54e381d0c0
=== RUN   FuzzABI/7361cec23ca2c1ea13f373796cb28bc9bc34da23
=== RUN   FuzzABI/73e8e25bb41c6f9b365dc7a41d847287e1ac97a2
=== RUN   FuzzABI/73f7c71736059ccade9c5e942be1178e3da8aa0c
=== RUN   FuzzABI/7444adef0d414f6635719de9f3a99ea71fe77895
=== RUN   FuzzABI/747ecc670018e8cc32c68347461f35990d81cc29
=== RUN   FuzzABI/7494075240b9d8493ae4fabdfa5ee735a1ee8b91
=== RUN   FuzzABI/74b96ea5a596e4379b5e1a560a466967cce271cb
=== RUN   FuzzABI/75591f7bf98fe2c45dab5423880ac99c66e6aeea
=== RUN   FuzzABI/7562d3f4f0352a8deaded56541e08cc58062a7d3
=== RUN   FuzzABI/75e0eec87cb7e7bfed9ac7aabc703fa6443e4c50
=== RUN   FuzzABI/76a5aa8aad381be5960e9b7a9df565d32801fac4
=== RUN   FuzzABI/77554484a565d840f710a85a2b07511396690b24
=== RUN   FuzzABI/7758087eb1071ac46da8e3ee43a880f92d8bf100
=== RUN   FuzzABI/77a3c7d25fb5f7eff4203ca9262737cb51990d28
=== RUN   FuzzABI/77bf7f80d1e55b23f31d39d7b54b07bb19f3d2ee
=== RUN   FuzzABI/785885b4f7b3164dd488b85cd333f473d72cf478
=== RUN   FuzzABI/787fa7aa901f61b187898b55b048fd83c443b5a9
=== RUN   FuzzABI/78ffa584cb88b4135169ee9c8e725d5c9bed4cac
=== RUN   FuzzABI/7b0340eed93670a792c5a8be37949be498177ae1
=== RUN   FuzzABI/7b89710ed032ce9a51da7285d15f506b7346ce4a
=== RUN   FuzzABI/7c7d674c776fc0d4fb723e187bac8e909d24c775
=== RUN   FuzzABI/7ce5370119007862b3f4faab894c7b82bbbe8e61
=== RUN   FuzzABI/7d26a0e42a48f40325287e8230fea0d3225412fe
=== RUN   FuzzABI/7de9f760c3bfb82e89d4894c104bef5312c3295b
=== RUN   FuzzABI/7ef236a92775f68bb3990dc01836a122603ec4ed
=== RUN   FuzzABI/8230155740cdbca0fd1290e916f9b124cce005ec
=== RUN   FuzzABI/82b4c21e331d0d32d476d3df154967c34f297c25
=== RUN   FuzzABI/834a8994783442041cd55fda7434f8893c33d22e
=== RUN   FuzzABI/85e53271e14006f0265921d02d4d736cdc580b0b
=== RUN   FuzzABI/865fd6e7ce72911970bec0236b1f14cb130725b6
=== RUN   FuzzABI/867f609157282c4007a181a6cefafcf62dfc9f6d
=== RUN   FuzzABI/86d6f457ee593375edca6513740e475adaa8ca1e
=== RUN   FuzzABI/8787f732b44374c9b89e2e53906f7cfcc56e3303
=== RUN   FuzzABI/8832aef6a9fa5bd3158666156ba92eebb80a47bf
=== RUN   FuzzABI/88aef0109a22880ad132ad852dfdc3c4ce2eabb8
=== RUN   FuzzABI/88e151b3f416ac21be86c8aac394b73f0e1c22cc
=== RUN   FuzzABI/891aa84cb1608b7b30e840ab8cb7971435f4e4b6
=== RUN   FuzzABI/89b173eabb5c4e1e1a0ef93efb5ff1efc3c65c32
=== RUN   FuzzABI/89e005425c9378d479b6304c6d0e69e98558e2d9
=== RUN   FuzzABI/8a09e254fc5b958d15d8692e3cddad74ad98aed9
=== RUN   FuzzABI/8a56143d6527a91b99fa449153485b450853d60e
=== RUN   FuzzABI/8a6b1cb98f320783d865f42b42b2034ff6391a2c
=== RUN   FuzzABI/8aee3f278486d58199ebb803e6ff685f9f146362
=== RUN   FuzzABI/8b0c411a10f30da217cc5a178cfd63cf646a4dca
=== RUN   FuzzABI/8b11c370f43b47a4ef8dd32346034a18188b4e33
=== RUN   FuzzABI/8baebc9e7b006280b881350f17095f0a856578b6
=== RUN   FuzzABI/8baf72a7d09426161675f17e94131965f4f78789
=== RUN   FuzzABI/8c8396a0c9576b50bab47afc41dff68abcfda948
=== RUN   FuzzABI/8c8433b0980ef18214cfa1a493243deb922a85d7
=== RUN   FuzzABI/8cde45dd8414432476ee3fb4cabe670e3abae101
=== RUN   FuzzABI/8ddf2726e3e80cd9fe039af461031d0daad453c8
=== RUN   FuzzABI/8e722a51e6a5cfdb59aff49eb1c9cb96f8ad3ade
=== RUN   FuzzABI/8fe449ffa8b1873bb945e8836dc5b3d44c197ce6
=== RUN   FuzzABI/9069ca78e7450a285173431b3e52c5c25299e473
=== RUN   FuzzABI/90d2784d4095f1ed214e51ef24fde569bdd2cb3f
=== RUN   FuzzABI/90fc82007f8f130ecb6a3964708bd79447709673
=== RUN   FuzzABI/92739299264b40bcf2ca856915a1b8cfbf8dbff2
=== RUN   FuzzABI/92a5c838376f05f088ea90d8000c9ffa94c8ffb1
=== RUN   FuzzABI/92ba74f40c06c545bf7b0393944a53391f81f585
=== RUN   FuzzABI/92df4bb47712863c1d378de7575c51654b7e9494
=== RUN   FuzzABI/936462c97f1836efddd2a9a958575d8207b8dc22
=== RUN   FuzzABI/93701fa5ccc79a2aa18ae62e54ea7f617d3e99df
=== RUN   FuzzABI/94022e24663232a6a01e7cd63f3f96128f42c36f
=== RUN   FuzzABI/95f3d85a45ca4fc7d3f74238e5800101ce6f2705
=== RUN   FuzzABI/96ad8944a5a2175347d0e5d2297de03f0fc0325d
=== RUN   FuzzABI/97046b907d1203b6573cabe1182cd8b7faecfb58
=== RUN   FuzzABI/980b700a01b812041eed172abb123d15d2bdd457
=== RUN   FuzzABI/98eec5980ce1c7cef75ce4709102e7fc27ade71e
=== RUN   FuzzABI/98f2cd3cfdf8b2908c2daddbc2c0aad7d0eed8a4
=== RUN   FuzzABI/99c40ab5f7f9d59be8a749b90833a61893844fab
=== RUN   FuzzABI/9b11615f8fc7593856653415132cb3c8c94847b6
=== RUN   FuzzABI/9b27e9ffab0ea36e22c4f96603f443123aea2864
=== RUN   FuzzABI/9b56dc24e32c985a812b8be595d32db9f174b559
=== RUN   FuzzABI/9bb4e62076ef58986e61dab1d0611d0bb8c2e3e8
=== RUN   FuzzABI/9db65a227f16a9de50f8f3df0b5296b481bf9abe
=== RUN   FuzzABI/9dc753c98dceb622e6d6f3ff519958db6dfa42e4
=== RUN   FuzzABI/9dfdba759b606005003e530f1a44db80bc6c08b9
=== RUN   FuzzABI/9e075b264f41bee04d7974ba8402b8417e81333f
=== RUN   FuzzABI/9edcbbc6b490371f52ef1ecf3a919fa253c45e21
=== RUN   FuzzABI/9f12d55514420b9d160d052f93648c4e036bd18c
=== RUN   FuzzABI/9fd388575e355c4d95299a40514824d1b3c4f9ff
=== RUN   FuzzABI/9fec8119c14c28fa6b74e535725bd3718913c325
=== RUN   FuzzABI/a1fd70d8b50e701b4eb03a30a232d391ee9dafae
=== RUN   FuzzABI/a44b4b3917dc2c30169f80238635721edfda6e68
=== RUN   FuzzABI/a54e2554c7b815d177ea91d5159bbb5b86574c29
=== RUN   FuzzABI/a59b427fcd2c18f32e235e3d7f11a6c8a615d655
=== RUN   FuzzABI/a64e1cba52901eb7048a217959d6fcc5451d27c3
=== RUN   FuzzABI/a6c446f3d6c38c9b2b5b6770723a6d3e83bfe7c3
=== RUN   FuzzABI/a78b647989e72882c9d78ed850b74c1df1ff520e
=== RUN   FuzzABI/a7b69a68e9d546c2d8b9e72ca82bcbcf2b9e56d1
=== RUN   FuzzABI/a8443b567aec324462c1209a609344d233f2190f
=== RUN   FuzzABI/a9a9bb1ee0e72aa0fa9cec6a9d4e906c9c7b45d7
=== RUN   FuzzABI/a9b64c49e16d3388c7d5b62ab7ad1bf691834ded
=== RUN   FuzzABI/aa9373aabf8e7274e15404e98dc24c34b90f12a5
=== RUN   FuzzABI/ab0688435506b6ec051a00832edbecf9e662164f
=== RUN   FuzzABI/ab2d1f93ca42c0cd88c1136fa596f26d8365662b
=== RUN   FuzzABI/ac5dc7bbce3d92088d96211415f6f5120698815e
=== RUN   FuzzABI/acb62947425f8a36e97036417e7501d90b65fae3
=== RUN   FuzzABI/ad9cd66e8300e82ce0a9253c8005f40976729c46
=== RUN   FuzzABI/afb5afe9920dcfae9f683806582e559c784335bc
=== RUN   FuzzABI/b00aaf046f76e0804bffede552fcac81dd8fbd4c
=== RUN   FuzzABI/b0705b4a931d7c0fb6f7aa323171f201e2624d58
=== RUN   FuzzABI/b0ff2c13ce9b9a80c7fb7385c41962cdeccdb7a9
=== RUN   FuzzABI/b197e45948cb53f01d16a50c6537be29bb0dd05d
=== RUN   FuzzABI/b1eb2b064a6de7516be29e19c437a5059613a52f
=== RUN   FuzzABI/b201c04fc182c4c47ec67e5e2557257c52410b85
=== RUN   FuzzABI/b21ed79b92bd4a986c6f7e2e50d0291f9fedca08
=== RUN   FuzzABI/b26fc7c5f6a335dc7ab45d73cd56bf94414fdc23
=== RUN   FuzzABI/b2bd3b494af67c1c82cf0b2bb24f1e763a156086
=== RUN   FuzzABI/b2dc4876cb70d91ce91008db33181e2335e987d7
=== RUN   FuzzABI/b468787126edf6688e67acb16405a867c74ff29a
=== RUN   FuzzABI/b54ecdc029f1db3a0f27e961885268a4a815d8a6
=== RUN   FuzzABI/b60c16e84b34c3b51a25bae3298e3f079aaca9b3
=== RUN   FuzzABI/b70fb6cf8e87dd9148b8fe3eed9d8b7e27471b74
=== RUN   FuzzABI/b814fc009cc9a9b8800e4ac6620106a02248d686
=== RUN   FuzzABI/b86b6d0b1d40d64ab3ca9c1f50b16a75c130ab14
=== RUN   FuzzABI/b8e2f2020e7cff41cd1ccc7c22a0b0909af6cd7b
=== RUN   FuzzABI/b8fc3af365fc752dc671332e23095486a876f446
=== RUN   FuzzABI/b9f68f4780ae3c5120f88dfb32e7c740f07ee19c
=== RUN   FuzzABI/ba7f46ce07dac74fd54b074b94ec7d5c3c7f7e2d
=== RUN   FuzzABI/baf45ddd103be2381916c2bb94f55c2cd9df9b2d
=== RUN   FuzzABI/bb7119d6915388f99d1d2a18c12955c690a84e5d
=== RUN   FuzzABI/bdc2b7cfe1f8501fee01beb627207544ce0466ab
=== RUN   FuzzABI/be694067820409a383ca206f9ef3b63a128ececb
=== RUN   FuzzABI/bf027a936ea37922a4fb8c67e6a201ba8105bf81
=== RUN   FuzzABI/bff09ffb182bcaaad3552a4c4a7974a87dd0bebe
=== RUN   FuzzABI/c039bc052e079becc5895db3259f22d2b932009d
=== RUN   FuzzABI/c1787e49dcd03ca8aa7673680fe4cc3a597514af
=== RUN   FuzzABI/c369e192efaf177e64b2143719481dcef5d21b3f
=== RUN   FuzzABI/c44a38ea9514d09697c2049c1e88c89763564760
=== RUN   FuzzABI/c4ae71795f41444e12ff5cd3c6ab8454e06af5a9
=== RUN   FuzzABI/c55d81f6a9bf0e11d378bc2da81ac56b238b59d4
=== RUN   FuzzABI/c66541c11df95a14abf84133a1a4cabd60ccfec7
=== RUN   FuzzABI/c7f2a6b5a895b9c396d124a2d3dc2d7941b35556
=== RUN   FuzzABI/c80b6d18fd20b05cc765fed35a1be2e1bc30b9b7
=== RUN   FuzzABI/c8592b25ebc1ee958d178f6dc9d48fbde875dc4d
=== RUN   FuzzABI/c8cb183e63c89e28c0c02829f14728f1eb5a2968
=== RUN   FuzzABI/c96917b1a40aa02ded87b6981bb6a5041bd05344
=== RUN   FuzzABI/c9e923aabe66c0e34ba3f4dcb695074fbcd321de
=== RUN   FuzzABI/cb2cb7636fc63bd52dc1b145605e416308552e4d
=== RUN   FuzzABI/cb49053ee5f47506f100df79a183deeaace33b5e
=== RUN   FuzzABI/cb8d5ffcdc0f0af573a08fed86f0efa33c20f831
=== RUN   FuzzABI/cc7d41dff11ded2505be926c8d0563a2e1575f7c
=== RUN   FuzzABI/ccece0a0a2118624e947147f8602e8785dc7b144
=== RUN   FuzzABI/cd7c1793d90f00606646395adb2767c7afc4f599
=== RUN   FuzzABI/cdc90bf22d8dd90086af7e0e28803fded38aa49c
=== RUN   FuzzABI/cfa2dc51c2b556c1bf8e1b06d276ebeff56c57f8
=== RUN   FuzzABI/cfd800ba0ac51145138202c5d117ad1bb082532e
=== RUN   FuzzABI/d0820876237d7715724040f3c7846c4023ee2058
=== RUN   FuzzABI/d1c5e912599b4e5545778ef658ffde6490c463cb
=== RUN   FuzzABI/d2aba7690b2c88cd115c4f48464e6f8fdbc3966c
=== RUN   FuzzABI/d36500fb10fe5940943f285399aaa6524fd032cb
=== RUN   FuzzABI/d38426a6e65c1915253655d83c9df0157cadbdb5
=== RUN   FuzzABI/d3d839d6d669aee4a5e002bceaa899be9c9f1e71
=== RUN   FuzzABI/d4174d707e53c0f935165829b65e891be53b2e2d
=== RUN   FuzzABI/d4a588d40f95af9b9e175ac85fbbbb16cc90edae
=== RUN   FuzzABI/d4ae1e9ad7ab5439d270109aa3b2e767523a1cb7
=== RUN   FuzzABI/d773bec7816a9cd89ebf074291311f983d3d1216
=== RUN   FuzzABI/d7e39674953424f76b81fd22e6a7c662ec7a95ea
=== RUN   FuzzABI/d85920a4dceb9fc946b3495ebd5bad7d94eb7672
=== RUN   FuzzABI/dc1e916b8c2f3d91f12a0d6a9599f52eb6315d53
=== RUN   FuzzABI/ddd00548ac3eebe2be19565bd8079d6eb4a85a00
=== RUN   FuzzABI/deb5fb3a23f59d416f63483444070c665e6c27d8
=== RUN   FuzzABI/df0236b0877ad5c02fd7213db8dfe16d83825fc7
=== RUN   FuzzABI/df2db7228bde8537d2477f3e4d46f7710f221a1a
=== RUN   FuzzABI/df49505d1345980cf02a219cf4f784642cac6e0c
=== RUN   FuzzABI/e065349fea3a5a8b7863fcd9417eb6fd02c5bca3
=== RUN   FuzzABI/e0cd0c4ed9e7555c9e24570e09623da51101be59
=== RUN   FuzzABI/e1b97c28539b5b0a5e2cad08b85bd6c11812034a
=== RUN   FuzzABI/e28a2c9699600e18e3cd7f6d1494236ee0ec3c57
=== RUN   FuzzABI/e28b08c19a8bc57d957fc226851aa946e5ae31bf
=== RUN   FuzzABI/e31abcaf981d73ab114e0a49a21ea47b90d819e0
=== RUN   FuzzABI/e3e4151de39cceb0851e18b1e17f16cd6e00039c
=== RUN   FuzzABI/e43213ce39807c9e2e757088fff5e07590fa4aa3
=== RUN   FuzzABI/e4640181d9d9e29fea6dc255303bf906e55b5d50
=== RUN   FuzzABI/e4af8176475cabdf08fd7b1fd18d4395c0367746
=== RUN   FuzzABI/e52445046481041ac114bac41e09dce13a68ea54
=== RUN   FuzzABI/e5b5cabbeec6b06de7adcb1c462f446ba6ed75eb
=== RUN   FuzzABI/e6317fb1b090af0f719ac5b5aa1073e13e04995d
=== RUN   FuzzABI/e66d732c4860facd69eb7b76fbf3f32175908377
=== RUN   FuzzABI/e7d468757f8c4cd0d65d9804c059f110b59282c6
=== RUN   FuzzABI/e7dd378aabe6853fa1228440d997f5a1f54abc59
=== RUN   FuzzABI/e89a60d30b7aff9510ca89a85b8ab3068c23cf25
=== RUN   FuzzABI/e8b4e1021d2ec614399c9e584012508aedd56841
=== RUN   FuzzABI/e94c5939c36f1a177bbbe883d3345f4e755a9722
=== RUN   FuzzABI/e9c98624ea6d239e2d210f264a4cbfdcd208288b
=== RUN   FuzzABI/ea77fe2ff943fc8d9475f29d70ad1efb4130ff70
=== RUN   FuzzABI/ea985ddf6dcd4d2d309e35714a90e6f8852e087d
=== RUN   FuzzABI/ead482b7bcc1052b789d2443d6dedf9872f63c54
=== RUN   FuzzABI/eaeef6a6ea54944ecebff85564f96eb1a9f9fb2f
=== RUN   FuzzABI/eb7a47a2c2b71475cff7068694d13030d36fbd07
=== RUN   FuzzABI/ec2857aa0a6f350e94b54204a92d6c000839e107
=== RUN   FuzzABI/ec2b0f0d1047a45c638d349f0cb130a13099a21b
=== RUN   FuzzABI/ec41b41ade01192939b00f96df11519b4ac0f6e0
=== RUN   FuzzABI/ec4e889d87707ef312a0a038fe3867618812f0b5
=== RUN   FuzzABI/ec77ab592b6b14866661ffc329b5ab88d18b438b
=== RUN   FuzzABI/ed2dee03f178fccd197a4effbfde18baa449f1b0
=== RUN   FuzzABI/ed2f0021bab014535495d077b6ac524d357ac922
=== RUN   FuzzABI/ed4eb6c3b60ea73543dbf540d8cb96e60a47ce75
=== RUN   FuzzABI/ede6322a7b5c7e4490956b67d8df243a017b9c9d
=== RUN   FuzzABI/edfffa222b4ba079e2fc625c70be80ef4e73ae5e
=== RUN   FuzzABI/eee79f36f82c37f5c031de564aee5f082a33f456
=== RUN   FuzzABI/ef8ed54e58187c4f396985b8000d136c8d1e7f9b
=== RUN   FuzzABI/f02bed4de8b9d3c16b510219e63f630e5cc46d5f
=== RUN   FuzzABI/f1884f383f1736f4f8565ec17d17c41bb3bb9b69
=== RUN   FuzzABI/f3471638426d89d1428ffb497a45f3cc434edf0d
=== RUN   FuzzABI/f411b3992983ff2766f17b7e0455e5868ed00ebb
=== RUN   FuzzABI/f46d1b51aa95340e048d515eb427dd4d8f9a010c
=== RUN   FuzzABI/f5b17137ae2df3ce572b6612f62216bac9de8818
=== RUN   FuzzABI/f6a452c6a28f52cb705fe3e4d69603ef1ce94eae
=== RUN   FuzzABI/f79b690f84c8fa825320aa1c30e7b907fedc43fe
=== RUN   FuzzABI/f79e372ef8caa340e2473bb7b6b38ecdcaf7ea42
=== RUN   FuzzABI/f9598a2ccf38f43a4922d580dd4ef4c3625c4371
=== RUN   FuzzABI/fbe1c0e0059bc6d684109319187ccd8bf3da8ea9
=== RUN   FuzzABI/fdb4520ff3f0e43cf16fb4765eea0085e1af57f7
=== RUN   FuzzABI/fe97e74d6bef88466aba3eb470c1f305d3148f7e
--- PASS: FuzzABI (0.09s)
    --- PASS: FuzzABI/002f6a87439db3b1aadf7f839e7d68653ce65d2a (0.00s)
    --- PASS: FuzzABI/00db215ffef3ca47f7f18617e6f1705f6c47c152 (0.00s)
    --- PASS: FuzzABI/0181888bf46ab8bf14b84c8bc3c572a7cd4af7a6 (0.00s)
    --- PASS: FuzzABI/01ad1cff98d6315779c98cc169f688688f3c7429 (0.00s)
    --- PASS: FuzzABI/02827d63aab10326e1be8379baa67d557174adcb (0.00s)
    --- PASS: FuzzABI/035fbaa7974b2154fc40c7c5c8d3e44ee91159b7 (0.00s)
    --- PASS: FuzzABI/03e07eea52f8292845d808c8d4d53d719fffa4fa (0.00s)
    --- PASS: FuzzABI/043bfd70bb2c1c078159a7d41e5c113b808eab5d (0.00s)
    --- PASS: FuzzABI/044f92f5f3373bcbf824e71b93c579a22d9783ee (0.00s)
    --- PASS: FuzzABI/05b11540c361515ba0689b978d8b601f81e06951 (0.00s)
    --- PASS: FuzzABI/05f86da1bfbe2868e00988add9036e8921ab4f0a (0.00s)
    --- PASS: FuzzABI/06b4f7d9288bc7eb14136256b3cf7d7d835725f1 (0.00s)
    --- PASS: FuzzABI/0815bea2818135cc17a28d7e6428a0eb780b8e5f (0.00s)
    --- PASS: FuzzABI/08e171905f0ef320b885a54d04af017bbe0d1a56 (0.00s)
    --- PASS: FuzzABI/09903659e8c17dc0dbb4a3023d309632c3a2b28b (0.00s)
    --- PASS: FuzzABI/0ab797bbe9d8b19ae2b889f5b9914649a6cfdcb2 (0.00s)
    --- PASS: FuzzABI/0acba59a1670f066c1a62485cd220cbc449a71ff (0.00s)
    --- PASS: FuzzABI/0ada2b51d68dd222f739263d29edb6b669e0527e (0.00s)
    --- PASS: FuzzABI/0b6eb9c1e4b35f75c4486247084346ffabc16026 (0.00s)
    --- PASS: FuzzABI/0b98010cb79dc529e559db70381a33803998af21 (0.00s)
    --- PASS: FuzzABI/0bdac048167fff400e52175975baa29941589eb2 (0.00s)
    --- PASS: FuzzABI/0c6d2307ae34440d9f8fd0911c0643669d0903c8 (0.00s)
    --- PASS: FuzzABI/0c99c725cf84f2351a59f4a6323cc235d3108380 (0.00s)
    --- PASS: FuzzABI/0ccd69f7828fcb8397fdc6e9fbf0cbb68c38bef5 (0.00s)
    --- PASS: FuzzABI/0cee277d84deec2e2d26ea9880510361db54aedf (0.00s)
    --- PASS: FuzzABI/0d2e4f2b6f7f9a227eeb1e4897b40ac113f093a1 (0.00s)
    --- PASS: FuzzABI/0f0286d661aba304acecbe538c4b8bc5bb56e302 (0.00s)
    --- PASS: FuzzABI/0fcf8b9a00f37e5f69fff264f09c86c8dd9c956b (0.00s)
    --- PASS: FuzzABI/11168ae26cc33fe5491505a47954d1ec9d701152 (0.00s)
    --- PASS: FuzzABI/1178b8b65f574c1008461c5bf1a58877bef33cc9 (0.00s)
    --- PASS: FuzzABI/11b7c853deacac0333f6dae0489b722cfe08aed7 (0.00s)
    --- PASS: FuzzABI/12a32950c12d7f7aaadc532ab48742083f4d208b (0.00s)
    --- PASS: FuzzABI/12bc5eb7752b94d5452339390d7e742e69d24227 (0.00s)
    --- PASS: FuzzABI/138ed1d42b196ef625d03c2a22323750b3b7f28a (0.00s)
    --- PASS: FuzzABI/13a99a772fcd3310925777ccba89252f9f4a367c (0.00s)
    --- PASS: FuzzABI/141c6242d7be6cc6bb9a53e47e15f04044fa469f (0.00s)
    --- PASS: FuzzABI/148a95c38960c8efaed5283672964ecfba0441d6 (0.00s)
    --- PASS: FuzzABI/14b2b42a8b696797bc7110fb16f806a7fde3a7d1 (0.00s)
    --- PASS: FuzzABI/14d96cb7308d2378fb508cbc0d2b6c07060e16c2 (0.00s)
    --- PASS: FuzzABI/14da80aec851480ba59d806c1dc72891080b4d52 (0.00s)
    --- PASS: FuzzABI/154359c5ce32d6df11fed2a6ebc71ccc1680b75c (0.00s)
    --- PASS: FuzzABI/15b26ed530ff4c37f23b27fb458fa25a076379c6 (0.00s)
    --- PASS: FuzzABI/169b8a35ac5d0635fe569c0ad410f58f42f6ca8e (0.00s)
    --- PASS: FuzzABI/172fc5c44155ea00ca6ba7608aa18176dafda34b (0.00s)
    --- PASS: FuzzABI/181ec03d98c479f5c7434a5cb43d90490d2eff81 (0.00s)
    --- PASS: FuzzABI/1879a6879d7a0d744326388691fc2c48150a4f7e (0.00s)
    --- PASS: FuzzABI/197be6861ad2157ddaf3eff1a658cecfc88d8d2a (0.00s)
    --- PASS: FuzzABI/1a47e82e0d828fde8f2416d96a4845ce82917162 (0.00s)
    --- PASS: FuzzABI/1b38bdb0f208c8cca8ce1cfa330521227d9642c3 (0.00s)
    --- PASS: FuzzABI/1bbc93a4ac4e6b9f4e17cf0b770339eec8b15f03 (0.00s)
    --- PASS: FuzzABI/1ca407a2a6dd62f2ee3dd292278dc6ef37b504f0 (0.00s)
    --- PASS: FuzzABI/1cd9f57e9f336c5db0619201263d207ba6134a4d (0.00s)
    --- PASS: FuzzABI/1e1428b385572f3bcd995181b7e1885698fc661d (0.00s)
    --- PASS: FuzzABI/1eada056a19878f05c158ed4807f4b604bbcf8f6 (0.00s)
    --- PASS: FuzzABI/1edd61430644fc7e52860f36193359fba45810e1 (0.00s)
    --- PASS: FuzzABI/1ef08f5dd814b281038d37f9fe2c5b46237d3f05 (0.00s)
    --- PASS: FuzzABI/1f71cdd53ad9f6aa590d215641e48dc594a02dbf (0.00s)
    --- PASS: FuzzABI/1fe9d5e94d5765bad7bcada0ee448fd340589fff (0.00s)
    --- PASS: FuzzABI/2078acd47c6e91d5443226fe8675a71cadc06d23 (0.00s)
    --- PASS: FuzzABI/20c4d1baecb8604188364120f492921a4c5b614e (0.00s)
    --- PASS: FuzzABI/21a5c557c4c1e5130f4ff665f11fd962a48e79dd (0.00s)
    --- PASS: FuzzABI/21e376e77e0357d5ddbad26c29961fd9a280889d (0.00s)
    --- PASS: FuzzABI/225d8e9c2c06458b92fc1990eeda27d345374b08 (0.00s)
    --- PASS: FuzzABI/22ee978171a2634a50c4329865426128c45a723d (0.00s)
    --- PASS: FuzzABI/232cb5e3959599fb602ef644e15765ef85e6cf60 (0.00s)
    --- PASS: FuzzABI/236b32f50cdf264be88fe7ebd25c4e407bdcfe33 (0.00s)
    --- PASS: FuzzABI/239220334ab7e9f0e9b6c8e48a9d80cdb768f04d (0.00s)
    --- PASS: FuzzABI/2427ec105107d8dcbbc38259af098d5619ac092b (0.00s)
    --- PASS: FuzzABI/243fd58a7780737c5d9859c0faa3e43d660f7cd0 (0.00s)
    --- PASS: FuzzABI/24807e947f959334d6b5a35c66d3b5d936adf961 (0.00s)
    --- PASS: FuzzABI/2532b623fa51ef90f55a9da5483002a888708ed3 (0.00s)
    --- PASS: FuzzABI/257e3499087611f637a56d32d6ae9290165eabfa (0.00s)
    --- PASS: FuzzABI/2611c022505cc02e4e596e39880713bc27264037 (0.00s)
    --- PASS: FuzzABI/264228a15dba4785a120b38f9e25dd42d7b92e1d (0.00s)
    --- PASS: FuzzABI/26e343fc540c68bba76f782be79951f4de6cd69e (0.00s)
    --- PASS: FuzzABI/275cd3bbbe259df553cb5292e9a3f2b874d4b92a (0.00s)
    --- PASS: FuzzABI/278deffdf2f04f4a01ac8147dbd594f3ea344b81 (0.00s)
    --- PASS: FuzzABI/27bbf6bd2722ff6819556a815ac6faf7f36d2c35 (0.00s)
    --- PASS: FuzzABI/27eed0fa6cc8691849b4e06a4055ed7d143ebc63 (0.00s)
    --- PASS: FuzzABI/28174e98a35acc5bd2607914e123f4d9b7db78f0 (0.00s)
    --- PASS: FuzzABI/28655952f7a22304b54cd6d34ba63773317872ff (0.00s)
    --- PASS: FuzzABI/28aabd55ccb5691c69b587dba09f27ae20d0bfaa (0.00s)
    --- PASS: FuzzABI/28f9de9ce19705282b038d0aa87bf9b93c9c457e (0.00s)
    --- PASS: FuzzABI/2b0208964fefd092989157fe527bf21d9657e391 (0.00s)
    --- PASS: FuzzABI/2e5a737f1eb3aa34c813198508f20fa8b8d35148 (0.00s)
    --- PASS: FuzzABI/2ebf5cd38bb7f6e4fdde01ffb8e9a7764e51255c (0.00s)
    --- PASS: FuzzABI/2efe96df628b86ad9c062576180c173a49a061ee (0.00s)
    --- PASS: FuzzABI/2f959ee414fd821922280a2ba9a5cfad70b0d701 (0.00s)
    --- PASS: FuzzABI/2feccb157f7fd5ac0d533eff34f86b28b27d9537 (0.00s)
    --- PASS: FuzzABI/3040b7e60c3dc07be5cc538d70b5a527034c55a0 (0.00s)
    --- PASS: FuzzABI/3080326454d2812ff11f6153ec7652cc8b42c802 (0.00s)
    --- PASS: FuzzABI/3289454ca3fd67f6a8261d6236519e6a2fa9fde3 (0.00s)
    --- PASS: FuzzABI/337d1f571230492513d94830f494bb26a4df80ff (0.00s)
    --- PASS: FuzzABI/33c3ce7dd60c1872f2d2cc5975c7958ce71b1ac1 (0.00s)
    --- PASS: FuzzABI/33fd2b3ad56792b9950c1935e9bb157d97ab4833 (0.00s)
    --- PASS: FuzzABI/342591f8dcdc03b4f20496ec7ad8776ce4ef4d73 (0.00s)
    --- PASS: FuzzABI/34daeaae70dc0f331a060f18f4ddf71277f430ae (0.00s)
    --- PASS: FuzzABI/35a2e591e211c6c184ed2be98783425f7f812b99 (0.00s)
    --- PASS: FuzzABI/365fde497bff5ebf6027ac5458aa9d101ce3ec94 (0.00s)
    --- PASS: FuzzABI/36986d1830bdef6e31fc19c6d5564190dd6fb6bd (0.00s)
    --- PASS: FuzzABI/36d9f3fe37ba3e9153c09c36b3b14d667ee74e9b (0.00s)
    --- PASS: FuzzABI/3715803e0e708b2084989c4836bbc852d21b78d1 (0.00s)
    --- PASS: FuzzABI/37c870f3bc397650426f6552d2f6e91e4acd47f6 (0.00s)
    --- PASS: FuzzABI/38879b51ba1f9ef21a58bc2ce23c8dc172f5088c (0.00s)
    --- PASS: FuzzABI/3a0f6bb84df56b14575f5e3b679d346920149e66 (0.00s)
    --- PASS: FuzzABI/3b39c5ce4b2f72ff873695e456872e64d44e1f53 (0.00s)
    --- PASS: FuzzABI/3b4cfda20f1b69b1dd4926537354918e1fb3a1ff (0.00s)
    --- PASS: FuzzABI/3c83bea7abe1c97eae6ab2b690c91844582c6bb3 (0.00s)
    --- PASS: FuzzABI/3f622c4d595cbd938be478f5846382c7eb2b70d9 (0.00s)
    --- PASS: FuzzABI/3f8ae7a94f1bcab404fa9ef6870c4d5cd69a955f (0.00s)
    --- PASS: FuzzABI/40fbb4ea36d2db635c5da5392f516d0ef00b356e (0.00s)
    --- PASS: FuzzABI/411d547776e1001e82a04dcb10b9af86916af68b (0.00s)
    --- PASS: FuzzABI/413098aa2e3219415ffe8be0f86fb0403c53def2 (0.00s)
    --- PASS: FuzzABI/414e73eb560e4e91fce6870efc8ee88b368576f8 (0.00s)
    --- PASS: FuzzABI/4264fe53dc4f5717c41620fb24e6e63febe84189 (0.00s)
    --- PASS: FuzzABI/430854fb53b1bc8db3fbe890caa92078cb9248db (0.00s)
    --- PASS: FuzzABI/431fad3c33a481f02248038620d8764f6fab0994 (0.00s)
    --- PASS: FuzzABI/43f731820fa375fbd20e2bf4e18a4e91b8325037 (0.00s)
    --- PASS: FuzzABI/44a165b8fc5c35f02a6e975140388502cf087d6b (0.00s)
    --- PASS: FuzzABI/44f264d8445a5b35124cb49dd9b166a0727b0d31 (0.00s)
    --- PASS: FuzzABI/45e5fcdffd681adb67f982cdb12bc91dcaad5a6f (0.00s)
    --- PASS: FuzzABI/45fa147df5b1e789a980308774482c5fbd37de24 (0.00s)
    --- PASS: FuzzABI/460d00dfafb1f7187c4137482df8114e51e30bc4 (0.00s)
    --- PASS: FuzzABI/4618a9215ff29196409df1bfc0966919e5c7de26 (0.00s)
    --- PASS: FuzzABI/465269831c8991d083ab4d80190940f575e02f69 (0.00s)
    --- PASS: FuzzABI/468acfd1a710fcf0702582eb7c6472508dad7014 (0.00s)
    --- PASS: FuzzABI/46918fa56efff10083cf6661db9d6d19ee420dc9 (0.00s)
    --- PASS: FuzzABI/46cfbc5221579aa3fefe26887afb6962d6371e7d (0.00s)
    --- PASS: FuzzABI/47098c8472224ff53bdfd625b7769aec20be12ad (0.00s)
    --- PASS: FuzzABI/47342a37b62fddc19ca12d7113c62c7689ffec16 (0.00s)
    --- PASS: FuzzABI/47fc7ab8d3c011b2aba05164d159d864c18290c8 (0.00s)
    --- PASS: FuzzABI/48e2139f2af98b8c73a3776a93cc035a031316ed (0.00s)
    --- PASS: FuzzABI/49453ecff9dc40364558554c0a117435cb397d2a (0.00s)
    --- PASS: FuzzABI/49ae43f2e181e0b87ee8f6a323bdbc4a5f5b81b3 (0.00s)
    --- PASS: FuzzABI/4a83c5652e0ee864008aa0bd56fce3e0ca42c137 (0.00s)
    --- PASS: FuzzABI/4ace1b37203a44aabc0bb1a2b7237b2868fbf854 (0.00s)
    --- PASS: FuzzABI/4b4daae88f9f56ad5b95003bbe2d08ba990605a2 (0.00s)
    --- PASS: FuzzABI/4c776ffc0d1d50f4f3a45f54b5adc4e85e68f270 (0.00s)
    --- PASS: FuzzABI/4c99c0453f13a7b14c44c6ef5465b513c5830eda (0.00s)
    --- PASS: FuzzABI/4d0f458acd35b548b5b1880cfdb703555e34cc13 (0.00s)
    --- PASS: FuzzABI/4d856e7fe1677a3be582b9ce2623a0630944a9ae (0.00s)
    --- PASS: FuzzABI/4db14454baf5786a65e672eeeaf2a7ee2688cc20 (0.00s)
    --- PASS: FuzzABI/4de0bef3735d9c01b555ecd2fe8548f376659867 (0.00s)
    --- PASS: FuzzABI/4df12a7f513afe8cf5cc5eb51a4c79ed10cf0b41 (0.00s)
    --- PASS: FuzzABI/4df6f6a847a1f39c971e50fc03e0d8d70088e84f (0.00s)
    --- PASS: FuzzABI/4e2caf7c44617be0d498b5b57a1f9709cdbf4668 (0.00s)
    --- PASS: FuzzABI/4ecb51f095b8549de2ae3c63d5414994c70a2ecd (0.00s)
    --- PASS: FuzzABI/4f9a2758f621f6678715953ed1ae64275147392d (0.00s)
    --- PASS: FuzzABI/4fe12866e7ab4a6cf0ec049aaed10018c0220e7b (0.00s)
    --- PASS: FuzzABI/508dc276b92fa4fd6a8898c2e6b9187acecbfd88 (0.00s)
    --- PASS: FuzzABI/50bbc6384f985bd3a7092178c3cab75949a9f0a1 (0.00s)
    --- PASS: FuzzABI/50fecc14f9c95a0f34aad6190ebb69e8b8a15a54 (0.00s)
    --- PASS: FuzzABI/513ddd54bfd5e3943efb85c9d0fb22d487e3f3c9 (0.00s)
    --- PASS: FuzzABI/521d13884b80509eaa65795f59e2298f4f2a66f4 (0.00s)
    --- PASS: FuzzABI/5280ad7e5320cba6f01c4270dbe022d9d7f91561 (0.00s)
    --- PASS: FuzzABI/534cf227ba1571e8658d726bd854aec1e0c409ca (0.00s)
    --- PASS: FuzzABI/54f75bf0686f7969bf82a05a6d5fefc2fd7a5aec (0.00s)
    --- PASS: FuzzABI/55ad0cf6bcb9ae7e46d0e8b5c982b895b567594b (0.00s)
    --- PASS: FuzzABI/5642e899fb4c5c3607f6ed1310998c0f7214cce9 (0.00s)
    --- PASS: FuzzABI/568726a121957ba9034ee958803eaa6e1c8d6d81 (0.00s)
    --- PASS: FuzzABI/572fe1b83bd40c3943870d3a1d6408c275a9152d (0.00s)
    --- PASS: FuzzABI/57865264ff47e53da0ef3713da94be29dca25d33 (0.00s)
    --- PASS: FuzzABI/57e4f42e4a9d7ac04a2cec0d5ba12b7ef36bcbe4 (0.00s)
    --- PASS: FuzzABI/582931fd4f177dd7f1644204cc287c0080cf5efd (0.00s)
    --- PASS: FuzzABI/59c4e9db259075e608f5bb42b918c0f762081ebc (0.00s)
    --- PASS: FuzzABI/59cc0ee2384a1482c31529de941df641cb4e5102 (0.00s)
    --- PASS: FuzzABI/59ef013baf5ad2d038d6cf2c9415a59c3d273647 (0.00s)
    --- PASS: FuzzABI/5b04d2e023f803b7886eaf8c1026d81c66bfdc46 (0.00s)
    --- PASS: FuzzABI/5c7e2f023a8a31ff5db34b7930ffdaa048498af6 (0.00s)
    --- PASS: FuzzABI/5d0240c6eeb9ff69f7bc4e0f7c94f095ce5cba9c (0.00s)
    --- PASS: FuzzABI/5d25e986624cf23b6e5d6bbe323ff618040a7328 (0.00s)
    --- PASS: FuzzABI/5d9acf9a4088649b5bb490d5867b226fbf84c4e1 (0.00s)
    --- PASS: FuzzABI/5e88a3a03a8260829e348432e99b70c09211ec60 (0.00s)
    --- PASS: FuzzABI/5ff46430f52e30a1aa0f09873c819661bcc7e7a5 (0.00s)
    --- PASS: FuzzABI/5ffc74cf54b684491452203c2d8826a243223394 (0.00s)
    --- PASS: FuzzABI/61f26cfc174b241266c010d5b6a8391200b47052 (0.00s)
    --- PASS: FuzzABI/6234b1c212508ff632f3795b81c58f7bf76fb2ff (0.00s)
    --- PASS: FuzzABI/6371dc20fa3b055a6c0973836204a23023a4aad3 (0.00s)
    --- PASS: FuzzABI/645f4f7f7cee033d7789e03fb8f0d7fa3ca09a16 (0.00s)
    --- PASS: FuzzABI/649f424f27878c2bce8927e4de035b624c765931 (0.00s)
    --- PASS: FuzzABI/64ac0ba99e906af2cce9b4430e357272fc2a7ff9 (0.00s)
    --- PASS: FuzzABI/653854587096fdb63073e403a70b53117287d288 (0.00s)
    --- PASS: FuzzABI/65f95c0d164108602b4c569c5c8f4ca77443a414 (0.00s)
    --- PASS: FuzzABI/66f9a40e9b9c24ae58ed53e45b520860c2ab24f7 (0.00s)
    --- PASS: FuzzABI/6795e2f05fb9654632e3c5351225c7b467cf8c31 (0.00s)
    --- PASS: FuzzABI/67c404ce71d47b4e2fbc8cb65ea7bd7363c93d72 (0.00s)
    --- PASS: FuzzABI/687c8006749711e0916b4ee57f5719ce3708e458 (0.00s)
    --- PASS: FuzzABI/68d06695d001de149b028999596344aa4a293c05 (0.00s)
    --- PASS: FuzzABI/69b1f75aa67a615ffdd0f4ae1fc2313d6d1b3879 (0.00s)
    --- PASS: FuzzABI/6ac523385d55d698132d07d91c7c8a07c54f3c80 (0.00s)
    --- PASS: FuzzABI/6b602272dce99e7e5d7d1b78b29da785c9957bd6 (0.00s)
    --- PASS: FuzzABI/6b899eb5fc0ce766dd98e52ee0d106e0cd308f90 (0.00s)
    --- PASS: FuzzABI/6bfdddd1bbe3b5fbf215c18e45944b80da470543 (0.00s)
    --- PASS: FuzzABI/6c80b4fafb0b1ad1a0b5cc35d9e01db0ea65c353 (0.00s)
    --- PASS: FuzzABI/6daa5d1c7d4a9573660547ff25c3c36a6b90409b (0.00s)
    --- PASS: FuzzABI/6e576b178614899c22f0f7ab444aa78b7dbd0558 (0.00s)
    --- PASS: FuzzABI/6e620c398a2a1a8df67d57f4522f65784c7ad1d4 (0.00s)
    --- PASS: FuzzABI/6f12d80fd2473bbb684dc7fbf635e517b13a00e4 (0.00s)
    --- PASS: FuzzABI/6fd107acf7adbf47769c69c19176031f0584e381 (0.00s)
    --- PASS: FuzzABI/700fb0877e0e8b33edf5c55bc3c7759389d9f217 (0.00s)
    --- PASS: FuzzABI/7073ee81bb25a928b9cde0a8c600270f2bee0d3f (0.00s)
    --- PASS: FuzzABI/709d55c79d1871fdfc2ecda3662c240e054a5892 (0.00s)
    --- PASS: FuzzABI/71853c6197a6a7f222db0f1978c7cb232b87c5ee (0.00s)
    --- PASS: FuzzABI/71c91723f37b5232e5c41fcbb24da0e3f0d379a1 (0.00s)
    --- PASS: FuzzABI/72a9e5746670d43878e1bec6991e1f947cba0eaf (0.00s)
    --- PASS: FuzzABI/73223767e481c8921369c3b47b700a54e381d0c0 (0.00s)
    --- PASS: FuzzABI/7361cec23ca2c1ea13f373796cb28bc9bc34da23 (0.00s)
    --- PASS: FuzzABI/73e8e25bb41c6f9b365dc7a41d847287e1ac97a2 (0.00s)
    --- PASS: FuzzABI/73f7c71736059ccade9c5e942be1178e3da8aa0c (0.00s)
    --- PASS: FuzzABI/7444adef0d414f6635719de9f3a99ea71fe77895 (0.00s)
    --- PASS: FuzzABI/747ecc670018e8cc32c68347461f35990d81cc29 (0.00s)
    --- PASS: FuzzABI/7494075240b9d8493ae4fabdfa5ee735a1ee8b91 (0.00s)
    --- PASS: FuzzABI/74b96ea5a596e4379b5e1a560a466967cce271cb (0.00s)
    --- PASS: FuzzABI/75591f7bf98fe2c45dab5423880ac99c66e6aeea (0.00s)
    --- PASS: FuzzABI/7562d3f4f0352a8deaded56541e08cc58062a7d3 (0.00s)
    --- PASS: FuzzABI/75e0eec87cb7e7bfed9ac7aabc703fa6443e4c50 (0.00s)
    --- PASS: FuzzABI/76a5aa8aad381be5960e9b7a9df565d32801fac4 (0.00s)
    --- PASS: FuzzABI/77554484a565d840f710a85a2b07511396690b24 (0.00s)
    --- PASS: FuzzABI/7758087eb1071ac46da8e3ee43a880f92d8bf100 (0.00s)
    --- PASS: FuzzABI/77a3c7d25fb5f7eff4203ca9262737cb51990d28 (0.00s)
    --- PASS: FuzzABI/77bf7f80d1e55b23f31d39d7b54b07bb19f3d2ee (0.00s)
    --- PASS: FuzzABI/785885b4f7b3164dd488b85cd333f473d72cf478 (0.00s)
    --- PASS: FuzzABI/787fa7aa901f61b187898b55b048fd83c443b5a9 (0.00s)
    --- PASS: FuzzABI/78ffa584cb88b4135169ee9c8e725d5c9bed4cac (0.00s)
    --- PASS: FuzzABI/7b0340eed93670a792c5a8be37949be498177ae1 (0.00s)
    --- PASS: FuzzABI/7b89710ed032ce9a51da7285d15f506b7346ce4a (0.00s)
    --- PASS: FuzzABI/7c7d674c776fc0d4fb723e187bac8e909d24c775 (0.00s)
    --- PASS: FuzzABI/7ce5370119007862b3f4faab894c7b82bbbe8e61 (0.00s)
    --- PASS: FuzzABI/7d26a0e42a48f40325287e8230fea0d3225412fe (0.00s)
    --- PASS: FuzzABI/7de9f760c3bfb82e89d4894c104bef5312c3295b (0.00s)
    --- PASS: FuzzABI/7ef236a92775f68bb3990dc01836a122603ec4ed (0.00s)
    --- PASS: FuzzABI/8230155740cdbca0fd1290e916f9b124cce005ec (0.00s)
    --- PASS: FuzzABI/82b4c21e331d0d32d476d3df154967c34f297c25 (0.00s)
    --- PASS: FuzzABI/834a8994783442041cd55fda7434f8893c33d22e (0.00s)
    --- PASS: FuzzABI/85e53271e14006f0265921d02d4d736cdc580b0b (0.00s)
    --- PASS: FuzzABI/865fd6e7ce72911970bec0236b1f14cb130725b6 (0.00s)
    --- PASS: FuzzABI/867f609157282c4007a181a6cefafcf62dfc9f6d (0.00s)
    --- PASS: FuzzABI/86d6f457ee593375edca6513740e475adaa8ca1e (0.00s)
    --- PASS: FuzzABI/8787f732b44374c9b89e2e53906f7cfcc56e3303 (0.00s)
    --- PASS: FuzzABI/8832aef6a9fa5bd3158666156ba92eebb80a47bf (0.00s)
    --- PASS: FuzzABI/88aef0109a22880ad132ad852dfdc3c4ce2eabb8 (0.00s)
    --- PASS: FuzzABI/88e151b3f416ac21be86c8aac394b73f0e1c22cc (0.00s)
    --- PASS: FuzzABI/891aa84cb1608b7b30e840ab8cb7971435f4e4b6 (0.00s)
    --- PASS: FuzzABI/89b173eabb5c4e1e1a0ef93efb5ff1efc3c65c32 (0.00s)
    --- PASS: FuzzABI/89e005425c9378d479b6304c6d0e69e98558e2d9 (0.00s)
    --- PASS: FuzzABI/8a09e254fc5b958d15d8692e3cddad74ad98aed9 (0.00s)
    --- PASS: FuzzABI/8a56143d6527a91b99fa449153485b450853d60e (0.00s)
    --- PASS: FuzzABI/8a6b1cb98f320783d865f42b42b2034ff6391a2c (0.00s)
    --- PASS: FuzzABI/8aee3f278486d58199ebb803e6ff685f9f146362 (0.00s)
    --- PASS: FuzzABI/8b0c411a10f30da217cc5a178cfd63cf646a4dca (0.00s)
    --- PASS: FuzzABI/8b11c370f43b47a4ef8dd32346034a18188b4e33 (0.00s)
    --- PASS: FuzzABI/8baebc9e7b006280b881350f17095f0a856578b6 (0.00s)
    --- PASS: FuzzABI/8baf72a7d09426161675f17e94131965f4f78789 (0.00s)
    --- PASS: FuzzABI/8c8396a0c9576b50bab47afc41dff68abcfda948 (0.00s)
    --- PASS: FuzzABI/8c8433b0980ef18214cfa1a493243deb922a85d7 (0.00s)
    --- PASS: FuzzABI/8cde45dd8414432476ee3fb4cabe670e3abae101 (0.00s)
    --- PASS: FuzzABI/8ddf2726e3e80cd9fe039af461031d0daad453c8 (0.00s)
    --- PASS: FuzzABI/8e722a51e6a5cfdb59aff49eb1c9cb96f8ad3ade (0.00s)
    --- PASS: FuzzABI/8fe449ffa8b1873bb945e8836dc5b3d44c197ce6 (0.00s)
    --- PASS: FuzzABI/9069ca78e7450a285173431b3e52c5c25299e473 (0.00s)
    --- PASS: FuzzABI/90d2784d4095f1ed214e51ef24fde569bdd2cb3f (0.00s)
    --- PASS: FuzzABI/90fc82007f8f130ecb6a3964708bd79447709673 (0.00s)
    --- PASS: FuzzABI/92739299264b40bcf2ca856915a1b8cfbf8dbff2 (0.00s)
    --- PASS: FuzzABI/92a5c838376f05f088ea90d8000c9ffa94c8ffb1 (0.00s)
    --- PASS: FuzzABI/92ba74f40c06c545bf7b0393944a53391f81f585 (0.00s)
    --- PASS: FuzzABI/92df4bb47712863c1d378de7575c51654b7e9494 (0.00s)
    --- PASS: FuzzABI/936462c97f1836efddd2a9a958575d8207b8dc22 (0.00s)
    --- PASS: FuzzABI/93701fa5ccc79a2aa18ae62e54ea7f617d3e99df (0.00s)
    --- PASS: FuzzABI/94022e24663232a6a01e7cd63f3f96128f42c36f (0.00s)
    --- PASS: FuzzABI/95f3d85a45ca4fc7d3f74238e5800101ce6f2705 (0.00s)
    --- PASS: FuzzABI/96ad8944a5a2175347d0e5d2297de03f0fc0325d (0.00s)
    --- PASS: FuzzABI/97046b907d1203b6573cabe1182cd8b7faecfb58 (0.00s)
    --- PASS: FuzzABI/980b700a01b812041eed172abb123d15d2bdd457 (0.00s)
    --- PASS: FuzzABI/98eec5980ce1c7cef75ce4709102e7fc27ade71e (0.00s)
    --- PASS: FuzzABI/98f2cd3cfdf8b2908c2daddbc2c0aad7d0eed8a4 (0.00s)
    --- PASS: FuzzABI/99c40ab5f7f9d59be8a749b90833a61893844fab (0.00s)
    --- PASS: FuzzABI/9b11615f8fc7593856653415132cb3c8c94847b6 (0.00s)
    --- PASS: FuzzABI/9b27e9ffab0ea36e22c4f96603f443123aea2864 (0.00s)
    --- PASS: FuzzABI/9b56dc24e32c985a812b8be595d32db9f174b559 (0.00s)
    --- PASS: FuzzABI/9bb4e62076ef58986e61dab1d0611d0bb8c2e3e8 (0.00s)
    --- PASS: FuzzABI/9db65a227f16a9de50f8f3df0b5296b481bf9abe (0.00s)
    --- PASS: FuzzABI/9dc753c98dceb622e6d6f3ff519958db6dfa42e4 (0.00s)
    --- PASS: FuzzABI/9dfdba759b606005003e530f1a44db80bc6c08b9 (0.00s)
    --- PASS: FuzzABI/9e075b264f41bee04d7974ba8402b8417e81333f (0.00s)
    --- PASS: FuzzABI/9edcbbc6b490371f52ef1ecf3a919fa253c45e21 (0.00s)
    --- PASS: FuzzABI/9f12d55514420b9d160d052f93648c4e036bd18c (0.00s)
    --- PASS: FuzzABI/9fd388575e355c4d95299a40514824d1b3c4f9ff (0.00s)
    --- PASS: FuzzABI/9fec8119c14c28fa6b74e535725bd3718913c325 (0.00s)
    --- PASS: FuzzABI/a1fd70d8b50e701b4eb03a30a232d391ee9dafae (0.00s)
    --- PASS: FuzzABI/a44b4b3917dc2c30169f80238635721edfda6e68 (0.00s)
    --- PASS: FuzzABI/a54e2554c7b815d177ea91d5159bbb5b86574c29 (0.00s)
    --- PASS: FuzzABI/a59b427fcd2c18f32e235e3d7f11a6c8a615d655 (0.00s)
    --- PASS: FuzzABI/a64e1cba52901eb7048a217959d6fcc5451d27c3 (0.00s)
    --- PASS: FuzzABI/a6c446f3d6c38c9b2b5b6770723a6d3e83bfe7c3 (0.00s)
    --- PASS: FuzzABI/a78b647989e72882c9d78ed850b74c1df1ff520e (0.00s)
    --- PASS: FuzzABI/a7b69a68e9d546c2d8b9e72ca82bcbcf2b9e56d1 (0.00s)
    --- PASS: FuzzABI/a8443b567aec324462c1209a609344d233f2190f (0.00s)
    --- PASS: FuzzABI/a9a9bb1ee0e72aa0fa9cec6a9d4e906c9c7b45d7 (0.00s)
    --- PASS: FuzzABI/a9b64c49e16d3388c7d5b62ab7ad1bf691834ded (0.00s)
    --- PASS: FuzzABI/aa9373aabf8e7274e15404e98dc24c34b90f12a5 (0.00s)
    --- PASS: FuzzABI/ab0688435506b6ec051a00832edbecf9e662164f (0.00s)
    --- PASS: FuzzABI/ab2d1f93ca42c0cd88c1136fa596f26d8365662b (0.00s)
    --- PASS: FuzzABI/ac5dc7bbce3d92088d96211415f6f5120698815e (0.00s)
    --- PASS: FuzzABI/acb62947425f8a36e97036417e7501d90b65fae3 (0.00s)
    --- PASS: FuzzABI/ad9cd66e8300e82ce0a9253c8005f40976729c46 (0.00s)
    --- PASS: FuzzABI/afb5afe9920dcfae9f683806582e559c784335bc (0.00s)
    --- PASS: FuzzABI/b00aaf046f76e0804bffede552fcac81dd8fbd4c (0.00s)
    --- PASS: FuzzABI/b0705b4a931d7c0fb6f7aa323171f201e2624d58 (0.00s)
    --- PASS: FuzzABI/b0ff2c13ce9b9a80c7fb7385c41962cdeccdb7a9 (0.00s)
    --- PASS: FuzzABI/b197e45948cb53f01d16a50c6537be29bb0dd05d (0.00s)
    --- PASS: FuzzABI/b1eb2b064a6de7516be29e19c437a5059613a52f (0.00s)
    --- PASS: FuzzABI/b201c04fc182c4c47ec67e5e2557257c52410b85 (0.00s)
    --- PASS: FuzzABI/b21ed79b92bd4a986c6f7e2e50d0291f9fedca08 (0.00s)
    --- PASS: FuzzABI/b26fc7c5f6a335dc7ab45d73cd56bf94414fdc23 (0.00s)
    --- PASS: FuzzABI/b2bd3b494af67c1c82cf0b2bb24f1e763a156086 (0.00s)
    --- PASS: FuzzABI/b2dc4876cb70d91ce91008db33181e2335e987d7 (0.00s)
    --- PASS: FuzzABI/b468787126edf6688e67acb16405a867c74ff29a (0.00s)
    --- PASS: FuzzABI/b54ecdc029f1db3a0f27e961885268a4a815d8a6 (0.00s)
    --- PASS: FuzzABI/b60c16e84b34c3b51a25bae3298e3f079aaca9b3 (0.00s)
    --- PASS: FuzzABI/b70fb6cf8e87dd9148b8fe3eed9d8b7e27471b74 (0.00s)
    --- PASS: FuzzABI/b814fc009cc9a9b8800e4ac6620106a02248d686 (0.00s)
    --- PASS: FuzzABI/b86b6d0b1d40d64ab3ca9c1f50b16a75c130ab14 (0.00s)
    --- PASS: FuzzABI/b8e2f2020e7cff41cd1ccc7c22a0b0909af6cd7b (0.00s)
    --- PASS: FuzzABI/b8fc3af365fc752dc671332e23095486a876f446 (0.00s)
    --- PASS: FuzzABI/b9f68f4780ae3c5120f88dfb32e7c740f07ee19c (0.00s)
    --- PASS: FuzzABI/ba7f46ce07dac74fd54b074b94ec7d5c3c7f7e2d (0.00s)
    --- PASS: FuzzABI/baf45ddd103be2381916c2bb94f55c2cd9df9b2d (0.00s)
    --- PASS: FuzzABI/bb7119d6915388f99d1d2a18c12955c690a84e5d (0.00s)
    --- PASS: FuzzABI/bdc2b7cfe1f8501fee01beb627207544ce0466ab (0.00s)
    --- PASS: FuzzABI/be694067820409a383ca206f9ef3b63a128ececb (0.00s)
    --- PASS: FuzzABI/bf027a936ea37922a4fb8c67e6a201ba8105bf81 (0.00s)
    --- PASS: FuzzABI/bff09ffb182bcaaad3552a4c4a7974a87dd0bebe (0.00s)
    --- PASS: FuzzABI/c039bc052e079becc5895db3259f22d2b932009d (0.00s)
    --- PASS: FuzzABI/c1787e49dcd03ca8aa7673680fe4cc3a597514af (0.00s)
    --- PASS: FuzzABI/c369e192efaf177e64b2143719481dcef5d21b3f (0.00s)
    --- PASS: FuzzABI/c44a38ea9514d09697c2049c1e88c89763564760 (0.00s)
    --- PASS: FuzzABI/c4ae71795f41444e12ff5cd3c6ab8454e06af5a9 (0.00s)
    --- PASS: FuzzABI/c55d81f6a9bf0e11d378bc2da81ac56b238b59d4 (0.00s)
    --- PASS: FuzzABI/c66541c11df95a14abf84133a1a4cabd60ccfec7 (0.00s)
    --- PASS: FuzzABI/c7f2a6b5a895b9c396d124a2d3dc2d7941b35556 (0.00s)
    --- PASS: FuzzABI/c80b6d18fd20b05cc765fed35a1be2e1bc30b9b7 (0.00s)
    --- PASS: FuzzABI/c8592b25ebc1ee958d178f6dc9d48fbde875dc4d (0.00s)
    --- PASS: FuzzABI/c8cb183e63c89e28c0c02829f14728f1eb5a2968 (0.00s)
    --- PASS: FuzzABI/c96917b1a40aa02ded87b6981bb6a5041bd05344 (0.00s)
    --- PASS: FuzzABI/c9e923aabe66c0e34ba3f4dcb695074fbcd321de (0.00s)
    --- PASS: FuzzABI/cb2cb7636fc63bd52dc1b145605e416308552e4d (0.00s)
    --- PASS: FuzzABI/cb49053ee5f47506f100df79a183deeaace33b5e (0.00s)
    --- PASS: FuzzABI/cb8d5ffcdc0f0af573a08fed86f0efa33c20f831 (0.00s)
    --- PASS: FuzzABI/cc7d41dff11ded2505be926c8d0563a2e1575f7c (0.00s)
    --- PASS: FuzzABI/ccece0a0a2118624e947147f8602e8785dc7b144 (0.00s)
    --- PASS: FuzzABI/cd7c1793d90f00606646395adb2767c7afc4f599 (0.00s)
    --- PASS: FuzzABI/cdc90bf22d8dd90086af7e0e28803fded38aa49c (0.00s)
    --- PASS: FuzzABI/cfa2dc51c2b556c1bf8e1b06d276ebeff56c57f8 (0.00s)
    --- PASS: FuzzABI/cfd800ba0ac51145138202c5d117ad1bb082532e (0.00s)
    --- PASS: FuzzABI/d0820876237d7715724040f3c7846c4023ee2058 (0.00s)
    --- PASS: FuzzABI/d1c5e912599b4e5545778ef658ffde6490c463cb (0.00s)
    --- PASS: FuzzABI/d2aba7690b2c88cd115c4f48464e6f8fdbc3966c (0.00s)
    --- PASS: FuzzABI/d36500fb10fe5940943f285399aaa6524fd032cb (0.00s)
    --- PASS: FuzzABI/d38426a6e65c1915253655d83c9df0157cadbdb5 (0.00s)
    --- PASS: FuzzABI/d3d839d6d669aee4a5e002bceaa899be9c9f1e71 (0.00s)
    --- PASS: FuzzABI/d4174d707e53c0f935165829b65e891be53b2e2d (0.00s)
    --- PASS: FuzzABI/d4a588d40f95af9b9e175ac85fbbbb16cc90edae (0.00s)
    --- PASS: FuzzABI/d4ae1e9ad7ab5439d270109aa3b2e767523a1cb7 (0.00s)
    --- PASS: FuzzABI/d773bec7816a9cd89ebf074291311f983d3d1216 (0.00s)
    --- PASS: FuzzABI/d7e39674953424f76b81fd22e6a7c662ec7a95ea (0.00s)
    --- PASS: FuzzABI/d85920a4dceb9fc946b3495ebd5bad7d94eb7672 (0.00s)
    --- PASS: FuzzABI/dc1e916b8c2f3d91f12a0d6a9599f52eb6315d53 (0.00s)
    --- PASS: FuzzABI/ddd00548ac3eebe2be19565bd8079d6eb4a85a00 (0.00s)
    --- PASS: FuzzABI/deb5fb3a23f59d416f63483444070c665e6c27d8 (0.00s)
    --- PASS: FuzzABI/df0236b0877ad5c02fd7213db8dfe16d83825fc7 (0.00s)
    --- PASS: FuzzABI/df2db7228bde8537d2477f3e4d46f7710f221a1a (0.00s)
    --- PASS: FuzzABI/df49505d1345980cf02a219cf4f784642cac6e0c (0.00s)
    --- PASS: FuzzABI/e065349fea3a5a8b7863fcd9417eb6fd02c5bca3 (0.00s)
    --- PASS: FuzzABI/e0cd0c4ed9e7555c9e24570e09623da51101be59 (0.00s)
    --- PASS: FuzzABI/e1b97c28539b5b0a5e2cad08b85bd6c11812034a (0.00s)
    --- PASS: FuzzABI/e28a2c9699600e18e3cd7f6d1494236ee0ec3c57 (0.00s)
    --- PASS: FuzzABI/e28b08c19a8bc57d957fc226851aa946e5ae31bf (0.00s)
    --- PASS: FuzzABI/e31abcaf981d73ab114e0a49a21ea47b90d819e0 (0.00s)
    --- PASS: FuzzABI/e3e4151de39cceb0851e18b1e17f16cd6e00039c (0.00s)
    --- PASS: FuzzABI/e43213ce39807c9e2e757088fff5e07590fa4aa3 (0.00s)
    --- PASS: FuzzABI/e4640181d9d9e29fea6dc255303bf906e55b5d50 (0.00s)
    --- PASS: FuzzABI/e4af8176475cabdf08fd7b1fd18d4395c0367746 (0.00s)
    --- PASS: FuzzABI/e52445046481041ac114bac41e09dce13a68ea54 (0.00s)
    --- PASS: FuzzABI/e5b5cabbeec6b06de7adcb1c462f446ba6ed75eb (0.00s)
    --- PASS: FuzzABI/e6317fb1b090af0f719ac5b5aa1073e13e04995d (0.00s)
    --- PASS: FuzzABI/e66d732c4860facd69eb7b76fbf3f32175908377 (0.00s)
    --- PASS: FuzzABI/e7d468757f8c4cd0d65d9804c059f110b59282c6 (0.00s)
    --- PASS: FuzzABI/e7dd378aabe6853fa1228440d997f5a1f54abc59 (0.00s)
    --- PASS: FuzzABI/e89a60d30b7aff9510ca89a85b8ab3068c23cf25 (0.00s)
    --- PASS: FuzzABI/e8b4e1021d2ec614399c9e584012508aedd56841 (0.00s)
    --- PASS: FuzzABI/e94c5939c36f1a177bbbe883d3345f4e755a9722 (0.00s)
    --- PASS: FuzzABI/e9c98624ea6d239e2d210f264a4cbfdcd208288b (0.00s)
    --- PASS: FuzzABI/ea77fe2ff943fc8d9475f29d70ad1efb4130ff70 (0.00s)
    --- PASS: FuzzABI/ea985ddf6dcd4d2d309e35714a90e6f8852e087d (0.00s)
    --- PASS: FuzzABI/ead482b7bcc1052b789d2443d6dedf9872f63c54 (0.00s)
    --- PASS: FuzzABI/eaeef6a6ea54944ecebff85564f96eb1a9f9fb2f (0.00s)
    --- PASS: FuzzABI/eb7a47a2c2b71475cff7068694d13030d36fbd07 (0.00s)
    --- PASS: FuzzABI/ec2857aa0a6f350e94b54204a92d6c000839e107 (0.00s)
    --- PASS: FuzzABI/ec2b0f0d1047a45c638d349f0cb130a13099a21b (0.00s)
    --- PASS: FuzzABI/ec41b41ade01192939b00f96df11519b4ac0f6e0 (0.00s)
    --- PASS: FuzzABI/ec4e889d87707ef312a0a038fe3867618812f0b5 (0.00s)
    --- PASS: FuzzABI/ec77ab592b6b14866661ffc329b5ab88d18b438b (0.00s)
    --- PASS: FuzzABI/ed2dee03f178fccd197a4effbfde18baa449f1b0 (0.00s)
    --- PASS: FuzzABI/ed2f0021bab014535495d077b6ac524d357ac922 (0.00s)
    --- PASS: FuzzABI/ed4eb6c3b60ea73543dbf540d8cb96e60a47ce75 (0.00s)
    --- PASS: FuzzABI/ede6322a7b5c7e4490956b67d8df243a017b9c9d (0.00s)
    --- PASS: FuzzABI/edfffa222b4ba079e2fc625c70be80ef4e73ae5e (0.00s)
    --- PASS: FuzzABI/eee79f36f82c37f5c031de564aee5f082a33f456 (0.00s)
    --- PASS: FuzzABI/ef8ed54e58187c4f396985b8000d136c8d1e7f9b (0.00s)
    --- PASS: FuzzABI/f02bed4de8b9d3c16b510219e63f630e5cc46d5f (0.00s)
    --- PASS: FuzzABI/f1884f383f1736f4f8565ec17d17c41bb3bb9b69 (0.00s)
    --- PASS: FuzzABI/f3471638426d89d1428ffb497a45f3cc434edf0d (0.00s)
    --- PASS: FuzzABI/f411b3992983ff2766f17b7e0455e5868ed00ebb (0.00s)
    --- PASS: FuzzABI/f46d1b51aa95340e048d515eb427dd4d8f9a010c (0.00s)
    --- PASS: FuzzABI/f5b17137ae2df3ce572b6612f62216bac9de8818 (0.00s)
    --- PASS: FuzzABI/f6a452c6a28f52cb705fe3e4d69603ef1ce94eae (0.00s)
    --- PASS: FuzzABI/f79b690f84c8fa825320aa1c30e7b907fedc43fe (0.00s)
    --- PASS: FuzzABI/f79e372ef8caa340e2473bb7b6b38ecdcaf7ea42 (0.00s)
    --- PASS: FuzzABI/f9598a2ccf38f43a4922d580dd4ef4c3625c4371 (0.00s)
    --- PASS: FuzzABI/fbe1c0e0059bc6d684109319187ccd8bf3da8ea9 (0.00s)
    --- PASS: FuzzABI/fdb4520ff3f0e43cf16fb4765eea0085e1af57f7 (0.00s)
    --- PASS: FuzzABI/fe97e74d6bef88466aba3eb470c1f305d3148f7e (0.00s)
PASS
coverage: 83.3% of statements
ok  	github.com/morph-l2/go-ethereum/tests/fuzzers/abi	0.109s	coverage: 83.3% of statements
