=== RUN   TestF
=== RUN   TestF/test_vector_0
--- PASS: TestF (0.00s)
    --- PASS: TestF/test_vector_0 (0.00s)
=== RUN   TestHashes
    blake2b_test.go:31: AVX2 version
    blake2b_test.go:36: AVX version
    blake2b_test.go:41: SSE4 version
    blake2b_test.go:45: generic version
--- PASS: TestHashes (0.00s)
=== RUN   TestHashes2X
    blake2b_test.go:55: AVX2 version
    blake2b_test.go:60: AVX version
    blake2b_test.go:65: SSE4 version
    blake2b_test.go:69: generic version
--- PASS: TestHashes2X (0.02s)
=== RUN   TestMarshal
--- PASS: TestMarshal (0.00s)
=== RUN   TestSelfTest
--- PASS: TestSelfTest (0.00s)
=== RUN   FuzzBlake2bF
=== RUN   FuzzBlake2bF/06456ceea2d4c9ae2863cc68280daeea7bec363d
=== RUN   FuzzBlake2bF/15b7f4d979c20b8749f8f4080b87f7ab239eaca9
=== RUN   FuzzBlake2bF/172afb391f7df21dbf98faa4ae7047f2d97072d5
=== RUN   FuzzBlake2bF/26ebcdeca1172f01b5f8b6d5afb023d95aa4796b
=== RUN   FuzzBlake2bF/29e2dcfbb16f63bb0254df7585a15bb6fb5e927d
=== RUN   FuzzBlake2bF/371be6d0c3a23561399efb9dd8d14c04ba20e411
=== RUN   FuzzBlake2bF/44b178fca87662189195df839ce61e75a5498204
=== RUN   FuzzBlake2bF/4dcf498b5c797b62b5bd949d52d46538202b2274
=== RUN   FuzzBlake2bF/4dd54dce0dd37cf6ac7f6ffd62f749c42da68ba7
=== RUN   FuzzBlake2bF/545f94c4d63270ffaa44367cbdf4967d83f39756
=== RUN   FuzzBlake2bF/742d928f3c014f30900039add9f108de51cbc236
=== RUN   FuzzBlake2bF/85e53271e14006f0265921d02d4d736cdc580b0b
=== RUN   FuzzBlake2bF/9069ca78e7450a285173431b3e52c5c25299e473
=== RUN   FuzzBlake2bF/d1770d9a7c578aee91c53135023d97c2f796d04d
=== RUN   FuzzBlake2bF/f7c960c51bbec06e41168bbc373b8b8c0e784907
--- PASS: FuzzBlake2bF (0.00s)
    --- PASS: FuzzBlake2bF/06456ceea2d4c9ae2863cc68280daeea7bec363d (0.00s)
    --- PASS: FuzzBlake2bF/15b7f4d979c20b8749f8f4080b87f7ab239eaca9 (0.00s)
    --- PASS: FuzzBlake2bF/172afb391f7df21dbf98faa4ae7047f2d97072d5 (0.00s)
    --- PASS: FuzzBlake2bF/26ebcdeca1172f01b5f8b6d5afb023d95aa4796b (0.00s)
    --- PASS: FuzzBlake2bF/29e2dcfbb16f63bb0254df7585a15bb6fb5e927d (0.00s)
    --- PASS: FuzzBlake2bF/371be6d0c3a23561399efb9dd8d14c04ba20e411 (0.00s)
    --- PASS: FuzzBlake2bF/44b178fca87662189195df839ce61e75a5498204 (0.00s)
    --- PASS: FuzzBlake2bF/4dcf498b5c797b62b5bd949d52d46538202b2274 (0.00s)
    --- PASS: FuzzBlake2bF/4dd54dce0dd37cf6ac7f6ffd62f749c42da68ba7 (0.00s)
    --- PASS: FuzzBlake2bF/545f94c4d63270ffaa44367cbdf4967d83f39756 (0.00s)
    --- PASS: FuzzBlake2bF/742d928f3c014f30900039add9f108de51cbc236 (0.00s)
    --- PASS: FuzzBlake2bF/85e53271e14006f0265921d02d4d736cdc580b0b (0.00s)
    --- PASS: FuzzBlake2bF/9069ca78e7450a285173431b3e52c5c25299e473 (0.00s)
    --- PASS: FuzzBlake2bF/d1770d9a7c578aee91c53135023d97c2f796d04d (0.00s)
    --- PASS: FuzzBlake2bF/f7c960c51bbec06e41168bbc373b8b8c0e784907 (0.00s)
PASS
coverage: 84.6% of statements
ok  	github.com/morph-l2/go-ethereum/crypto/blake2b	0.032s	coverage: 84.6% of statements
