=== RUN   FuzzRangeproof
=== RUN   FuzzRangeproof/009812cc8de55a17a941ba75380005ed124c50e0
=== RUN   FuzzRangeproof/00e7d10354990b65a7da63b6828e6e2ade984901
=== RUN   FuzzRangeproof/0116dbf9e78c29a61392fd1f404dd7b4b90d8e7a
=== RUN   FuzzRangeproof/0165e7ca04c6480de757babcc5cdab2196026cba
=== RUN   FuzzRangeproof/026a647d03582da371b6e612e4bee343bc8ac7e1
=== RUN   FuzzRangeproof/02712ba01fae5ac82a3e17092bf11437da224f01
=== RUN   FuzzRangeproof/033b58b98d78cd01ac68181e3054c8ac7abf4e97
=== RUN   FuzzRangeproof/037d0c3da5274cfbfc709fb842e408f5350bf7b3
=== RUN   FuzzRangeproof/0393f01a4ccef9b7c9cd0918a5f234b9fb795d72
=== RUN   FuzzRangeproof/03ce7014f34a18af1774618096fa996a8f7c707a
=== RUN   FuzzRangeproof/04a0f8d362c0ac9115dcf0f266599e00a1a4d995
=== RUN   FuzzRangeproof/04d1b72c8ffcfd76e3f29195fae4b9c109aa833d
=== RUN   FuzzRangeproof/05b92bdf5e474f1e03218bc55a6d02aa3ead9350
=== RUN   FuzzRangeproof/060b3063b38229b757b5b19ddeeb86f9e59ea656
=== RUN   FuzzRangeproof/063b6715163b289695af9a95334e2eeef2aad459
=== RUN   FuzzRangeproof/065cf3ceabe414429b9cbad1d009c92f04802291
=== RUN   FuzzRangeproof/0664020f413eb1c0d102b1bd37e383d9094b5abf
=== RUN   FuzzRangeproof/0688d21e262ed6b469db0f0f8dfa1fda6dd10325
=== RUN   FuzzRangeproof/070f65c99413af55557c3bd89cfe3f4bbe903a80
=== RUN   FuzzRangeproof/07536c8f94afe1a1434c5e0c8cbf12d1d299040c
=== RUN   FuzzRangeproof/091385be99b45f459a231582d583ec9f3fa3d194
=== RUN   FuzzRangeproof/09496212beb5dd4742b2bf545f5091a4413ca641
=== RUN   FuzzRangeproof/0b09c1d7cb81091893fea8ea97d08c69c40ca2ac
=== RUN   FuzzRangeproof/0b26d91c8beceb2cef53ac960bf83fed5e7ae1a3
=== RUN   FuzzRangeproof/0b2c3ce9eb064bf7ee5fae0368274868543eb045
=== RUN   FuzzRangeproof/0b5ff4199bf4f6fd4d66b8005dea87c23691ad24
=== RUN   FuzzRangeproof/0bbaa28900f034cb1f864a4408a00dcc2ae823ef
=== RUN   FuzzRangeproof/0c4077eae4a6840fdc7820bda8ead8f859c70fab
=== RUN   FuzzRangeproof/0c43e7166de2372610f62f9c534c3b370dc9cc81
=== RUN   FuzzRangeproof/0cb1f8b954cc35992c8a4f583cf3a317d44cb549
=== RUN   FuzzRangeproof/0cebac4c9eff947ead78035d5944fb3ca3424842
=== RUN   FuzzRangeproof/0ced4fb8debc8e4de74411dfe4af44d074316a5f
=== RUN   FuzzRangeproof/0d54a9e4c035817d44a8e8b0484bdd15755cf9b2
=== RUN   FuzzRangeproof/0dd624215c2b0242c4365fcbba178dc9d21d541a
=== RUN   FuzzRangeproof/0de450dc21cdb703f00ac31a7ec55b7101085e32
=== RUN   FuzzRangeproof/0e9086b37b2dd943c6290641d5002e782c4c28af
=== RUN   FuzzRangeproof/0f072871ef2292de19ccfb7198d61a1ca99bd41e
=== RUN   FuzzRangeproof/0f2d9f4292d5c033edd16a2a72493b45888e10d4
=== RUN   FuzzRangeproof/0f38b546f2fa508e9a104a401b7ed6ff68849691
=== RUN   FuzzRangeproof/10597d186aae318b598199f356c3f2fb41c663cb
=== RUN   FuzzRangeproof/112d5f85f69067cf983e1d761f64740883c3da6b
=== RUN   FuzzRangeproof/11bd33b5519e6e840f9b9e3674b530bdc2dbe56b
=== RUN   FuzzRangeproof/11c6af138aa045bcae1717c90bf04ab023b2d8b1
=== RUN   FuzzRangeproof/126cfd00dece7ddd7a63785650645aba34445169
=== RUN   FuzzRangeproof/1283830f97d07baa12647840ca73a454c074ae5b
=== RUN   FuzzRangeproof/12acb41d1bf235a00f3a008e527537c19ecdb8b2
=== RUN   FuzzRangeproof/1341141e26fb070cf4ca72423f4f86ce836e9a77
=== RUN   FuzzRangeproof/139540d65948e76e3be98eb68f4044e70f8a5768
=== RUN   FuzzRangeproof/13e629f9d49f4b0e6b02de5d71ab8dbabdf6e5ec
=== RUN   FuzzRangeproof/143f7990588cd6fa609b3b9b43d5df1ede341ecd
=== RUN   FuzzRangeproof/1559743591376b20879733b2372880ba85caeb8d
=== RUN   FuzzRangeproof/176a375507f6ce24ad128493e04e56d2cd43543a
=== RUN   FuzzRangeproof/17d1fb8754b828d4fb5ed218522524e89d4c39f9
=== RUN   FuzzRangeproof/17f1fefaf60b68993d66ca8389b56cd154b9c22c
=== RUN   FuzzRangeproof/1857ddb24453fdf0dd846b25d96259e20da13978
=== RUN   FuzzRangeproof/18e6ae772f7a964faa38fa4b016dbe6f23877201
=== RUN   FuzzRangeproof/1944a605056486a6aa565bbc340d99d560ae829e
=== RUN   FuzzRangeproof/1955915426a220ea482e651f7659665f6d2461e3
=== RUN   FuzzRangeproof/195824e66c4dfee605dc1ebb25b2b12dcea93f2b
=== RUN   FuzzRangeproof/1967448fa42a7fd174531f598bb15627f16cd5ff
=== RUN   FuzzRangeproof/196ad4fd0e7e8a348d01335d4bb382808423d4e4
=== RUN   FuzzRangeproof/19e4f6eb4c956002070b47477f49675ec59b9f6d
=== RUN   FuzzRangeproof/1a1c905495432af4cec9962794976894966fc2d5
=== RUN   FuzzRangeproof/1a71069a13edab217010537aca655e9f4ef7e579
=== RUN   FuzzRangeproof/1ab857729a7abc2d88eaa6e5db54044ec6f4cbd7
=== RUN   FuzzRangeproof/1bafece23c2a7c1d1d935ce2faf21dd8dcf7def7
=== RUN   FuzzRangeproof/1c17d06e0ea24423016f156c4086ac6516316e55
=== RUN   FuzzRangeproof/1d757ae2e9e8a67139ec8051026582ea6495faf9
=== RUN   FuzzRangeproof/1df6eba26fff8ce1435d27ee3f30be7985e61d85
=== RUN   FuzzRangeproof/1e028d28058d4614315d61a524de66c18d9ceee8
=== RUN   FuzzRangeproof/1e3389f5ac727bb48f952de151d755029a38c359
=== RUN   FuzzRangeproof/1e71336e56761b0835c8c21e1c70a3a900b0898c
=== RUN   FuzzRangeproof/1eb40ff2ddff0fe5e40e024c9a8651c14f4623c7
=== RUN   FuzzRangeproof/1edee428814f62681ae404b89f1a6c2955a9d0f4
=== RUN   FuzzRangeproof/1f32a8a262dc12dfca386567c25daae4d19102ad
=== RUN   FuzzRangeproof/1f81d4e2eed7bd5218d79ee316591e858a57f3af
=== RUN   FuzzRangeproof/1ff88aefb287a9c39cf1d77e77a02eaff1780f16
=== RUN   FuzzRangeproof/2000f291e975256d3f0e5bda9a9af91e8ed41723
=== RUN   FuzzRangeproof/20226a8e70598058702e1d32e470baa2d7007db1
=== RUN   FuzzRangeproof/20e8405236a724ab9407155f57b2c5912e76dcf6
=== RUN   FuzzRangeproof/2192c304a994c3478c5011af70605be9a5f3ad29
=== RUN   FuzzRangeproof/2226b4d3300ee2dc3072305b44da793c5423d2ce
=== RUN   FuzzRangeproof/22d5ad48daa2ed1775ccc93a4e70731aae8602df
=== RUN   FuzzRangeproof/235a21339bcc53402be6bc525c0fa9597879a995
=== RUN   FuzzRangeproof/241257524af4d54cf6a957e41a33129256cb734f
=== RUN   FuzzRangeproof/24ba232d8cf46d0537f1b92f34f3193a73405f86
=== RUN   FuzzRangeproof/2505aead4ca6cd491ac9c01e22115a26bc12da7d
=== RUN   FuzzRangeproof/259945e6fc57847c928ff9f5f9ca9552ee2b1267
=== RUN   FuzzRangeproof/2677c2c830da4abd577c7a780be3331bf6c4b2ce
=== RUN   FuzzRangeproof/27a07d43ff14ab7ae6b69a46b5017723ca89a630
=== RUN   FuzzRangeproof/28123ecaf13691edeb9164f26f3c4502a9358b63
=== RUN   FuzzRangeproof/28d47d187443eaec8507bdbc8077b1bb536775fb
=== RUN   FuzzRangeproof/292d6fb6e84ba4d5fcd01a59292175d970c7241e
=== RUN   FuzzRangeproof/297d5d9bf7c0bde7b37f11c7a2d420f943e446e2
=== RUN   FuzzRangeproof/2993c872ecb059c9295c13cb2f97105354479d59
=== RUN   FuzzRangeproof/2a3b01a28b0700d519dd0e9d0f1fc2293dd58485
=== RUN   FuzzRangeproof/2a7a1fc9f06c0dda3f6f8cd4fa57116429897b94
=== RUN   FuzzRangeproof/2aca57cf8ac9ac36bb7c3812137d7126638ece9e
=== RUN   FuzzRangeproof/2ae38d6ac8aae68573e63c9cdf18550917180e15
=== RUN   FuzzRangeproof/2b506a3cd98fe9ccf96ca29ea5806c90d81a35c2
=== RUN   FuzzRangeproof/2b693657380198a170506cb7d09bc60de1d31550
=== RUN   FuzzRangeproof/2c5da155f87a74fc4a0c489257e9a39dc77b4d36
=== RUN   FuzzRangeproof/2c6227086a55200872762e41a47e5a0ad9b3e6cf
=== RUN   FuzzRangeproof/2c6d6a8a80bd0af2f398ed7fdf0476587ea9cae1
=== RUN   FuzzRangeproof/2cd13b10dcb67c681e2499edbc009fe672fc96f6
=== RUN   FuzzRangeproof/2d48539625f00a7e2a90efd6d03d6ca15902d861
=== RUN   FuzzRangeproof/2d72c6ce68e1829f662e99138d2d025b7d0fe018
=== RUN   FuzzRangeproof/2dcdb30873440191b54bcad3f5eff93a5b20bf9e
=== RUN   FuzzRangeproof/2e3329e032f2628948ad4deb83b2ccf269f9f9b1
=== RUN   FuzzRangeproof/2e7efb92d3afe6f5f55d78550b494370fd98979d
=== RUN   FuzzRangeproof/2e8ba938691b6c6f844485780f6910d75ceb8d2d
=== RUN   FuzzRangeproof/2f26df464148d7313ab9543e1b9c58674abc2d66
=== RUN   FuzzRangeproof/2f5e0a183ebb165a0572cbd2cb558f06d3fa9279
=== RUN   FuzzRangeproof/3004c96d65c0040bea45a6802561695f81a16b05
=== RUN   FuzzRangeproof/300d7535500141ca5979cc42e2654a3999e14651
=== RUN   FuzzRangeproof/30b289ae034b80a581eff57f5ae1da0f1f0b9314
=== RUN   FuzzRangeproof/3173532552077d0d796c3628ac35c76343dc3a04
=== RUN   FuzzRangeproof/3192dbd03afa2c72536f0b2090fcfa6fd034047b
=== RUN   FuzzRangeproof/31b79393bf66b8633bd63249d48dcb4e9cdadb7c
=== RUN   FuzzRangeproof/31fef152aa432924c184f76ea7f497c90f252315
=== RUN   FuzzRangeproof/323d86e0dd461237620fa1b9edfb39f470f25b65
=== RUN   FuzzRangeproof/32af3a8b8b7f853b4181a35d84c610254173b2f8
=== RUN   FuzzRangeproof/335ae136780e7ccd0324e893e0c603e60a3b9878
=== RUN   FuzzRangeproof/33d7a3241825a7d333d77e3a4cb5955684089745
=== RUN   FuzzRangeproof/345de718457111c9692e9d709e9c5595b37f21b3
=== RUN   FuzzRangeproof/348364eba066bac2df919b362d68dbdf9d29b86b
=== RUN   FuzzRangeproof/34d8c49e3924188599de9c019a6a66170863fd20
=== RUN   FuzzRangeproof/356719967f9120b6180459e7bc645c710a6b61e6
=== RUN   FuzzRangeproof/359ce04bc751878e488560effd897c1a42b6d27f
=== RUN   FuzzRangeproof/35dc26ef2f196f4d67fcceb1f5e92152051fdd02
=== RUN   FuzzRangeproof/360b5bcbc5c78624beea5a85b4e263fc33308435
=== RUN   FuzzRangeproof/3679d41df03065392d3004402383dd556142c70a
=== RUN   FuzzRangeproof/37b2b647f1f9bb0126bd1ed194f4684cf8c7e204
=== RUN   FuzzRangeproof/37fcccba9236cf72dcfe8720ca44220794a8f041
=== RUN   FuzzRangeproof/3857d9f7325283395afebae9be7fd17692f234da
=== RUN   FuzzRangeproof/387f70bed156bbabb4741569af7d0eb4e0965d8f
=== RUN   FuzzRangeproof/39283d40946cfd2d9a19590af1829baa754f3554
=== RUN   FuzzRangeproof/39a12d7c4581f1b887083f493de9e103724d04ee
=== RUN   FuzzRangeproof/3b3d79acd7dfc5ff9ae62818461f0e0d8f2e7902
=== RUN   FuzzRangeproof/3ba980f9a768b0f22112fae07345886fc9ddb700
=== RUN   FuzzRangeproof/3c752022634b6061f4752b29cafd50b76f8adb6d
=== RUN   FuzzRangeproof/3d04743e7f9b4530373a39e75001608823d8c762
=== RUN   FuzzRangeproof/3e26ff1f72c9bebd713ea2d7d0237216cda21d08
=== RUN   FuzzRangeproof/3e348c1e9fdcfd0129d926aef361043602b1eb88
=== RUN   FuzzRangeproof/3e58c9c7fdf78699c9925736a8863699db3a87fd
=== RUN   FuzzRangeproof/3e6bbcb340378d626d35a9bc9cc4fc99c2383479
=== RUN   FuzzRangeproof/3f9e5e09f3a6ed2ed5f43f18f4e5e0fda82a542f
=== RUN   FuzzRangeproof/40a45b04110b0cafc54ec52f92bf3af47335b745
=== RUN   FuzzRangeproof/40c503888caf4b4c2c0275d502439bbbf550a45e
=== RUN   FuzzRangeproof/40e80cc2a91a8fb262e94d75e6232af37ecb41bf
=== RUN   FuzzRangeproof/41fb2e1cf99d381ca74eefe6ad1222d6690799fb
=== RUN   FuzzRangeproof/422d06e3ba61d39aa234e118282be14d0ae086fd
=== RUN   FuzzRangeproof/430c9973014ec94417bafb5f371602f0c7a1224a
=== RUN   FuzzRangeproof/439758a0ab4c9a6829871513c37cb4f9608ea69e
=== RUN   FuzzRangeproof/441f8fdeb413cba72de6b242670ce2b77c569345
=== RUN   FuzzRangeproof/4476fad1149c83ae490c4f69b2656e60bfb2242c
=== RUN   FuzzRangeproof/448977404025adddf4082ae74228fda72737b820
=== RUN   FuzzRangeproof/44ceca6bc98dc46dbebefbe1613b0b7ebb3da7d0
=== RUN   FuzzRangeproof/45baa35140888b2912233d1f1b25372e56cb5dfe
=== RUN   FuzzRangeproof/45bb2fc55ef0a55863c2782f8bd88d309789a749
=== RUN   FuzzRangeproof/460af2f976dea5387dcefe355b5c160aee2b26f1
=== RUN   FuzzRangeproof/471496cc2a5a80a85060ed89ee59d7de787fd438
=== RUN   FuzzRangeproof/47427e1a1ef94ec6c8e17aef858125f7488ce657
=== RUN   FuzzRangeproof/47d0f319b248b44bcb37d5338ba5fc3430a5a3a1
=== RUN   FuzzRangeproof/489b4cdbbc6ec284d22b0736d91b4d9cbb628b45
=== RUN   FuzzRangeproof/490c1a0fb475019cd9d55f56676e10effd95dd77
=== RUN   FuzzRangeproof/497605b0741f2bffb0438049b61db4824bb406cb
=== RUN   FuzzRangeproof/49e78acca6215adf7ecf508451f28bc923832e6b
=== RUN   FuzzRangeproof/49f3ddb4b0c56b1a9ec381500889032aaf0d63a4
=== RUN   FuzzRangeproof/4a2122ae287054389eb898c5a9d9364132448376
=== RUN   FuzzRangeproof/4a6e4a6a54f1ed709724a006f9b8fde022843527
=== RUN   FuzzRangeproof/4aa058fc9d483c1e27d0f2f497d93e0fc9440041
=== RUN   FuzzRangeproof/4b2bd5e16988622132f865ae15f3fb5754f96d58
=== RUN   FuzzRangeproof/4b5fba4d8a0d312c9db10d912f2cf1440b8c3bef
=== RUN   FuzzRangeproof/4bcd727e2ad8c7d03a97bb1dc31f262a54936664
=== RUN   FuzzRangeproof/4c060366f3fcc7d8878f90b4071251c69a8a9748
=== RUN   FuzzRangeproof/4c0bc86fd010d6c95820d34b2f2d0f9bff0f99db
=== RUN   FuzzRangeproof/4c1b615abb52ea06d8edcc604499b6c214053551
=== RUN   FuzzRangeproof/4c1ef496434def85c1789fd430ed17d83e721089
=== RUN   FuzzRangeproof/4ce00aafe7eba742c85e69e2443d649d1ca267fb
=== RUN   FuzzRangeproof/4dad3baa9e23b4f655365a31c93cce83b520fea3
=== RUN   FuzzRangeproof/4dd6f7697699068d6dd79b4c2b97bb6233a6f12d
=== RUN   FuzzRangeproof/4e3cd62a9679f87dc9d21f8fc0be600152e58d4e
=== RUN   FuzzRangeproof/4e8ec5fdcbcbf41d53acfcb0c56efcd4ce25ef3a
=== RUN   FuzzRangeproof/4edd7673b51ca87d293ef70bccb34b1b0f6853ce
=== RUN   FuzzRangeproof/4f0262c9a880a8191fe001715a40a9f3da3de8ad
=== RUN   FuzzRangeproof/4f62fab0b7305919e4048fac702214f56e7e6def
=== RUN   FuzzRangeproof/4ff2f008618e83e8815d36448a8a3b56107c7032
=== RUN   FuzzRangeproof/508215365b137b0157c66a89750ab3bf68646af7
=== RUN   FuzzRangeproof/50aa094340a99fd53590380d0e2f6efc15a08b6b
=== RUN   FuzzRangeproof/513af9037095ee25314c143124fc8b10fe4943ed
=== RUN   FuzzRangeproof/52a51399a846bc42b1e560d08b1389e51808f4ac
=== RUN   FuzzRangeproof/532f1791aa2abee616bda1d84a5366378c83556c
=== RUN   FuzzRangeproof/53354616a948dad5a923e563f578e79d55b2b88f
=== RUN   FuzzRangeproof/533a14678627cb4a9cde952939ad8f7c5ed87cb9
=== RUN   FuzzRangeproof/549f45f1e65312482b7e4759b37c4fd2929a1efb
=== RUN   FuzzRangeproof/54a3ed0aa931b8a2c6666be8f3460ce0c9cde050
=== RUN   FuzzRangeproof/54d11991822ab29274fe9e3b6d22de9b173aa47e
=== RUN   FuzzRangeproof/54df992ffc2ccfdef8738ec9474bbedd6f27b455
=== RUN   FuzzRangeproof/5558f117689676b461bf2ebf0200464a987d22c0
=== RUN   FuzzRangeproof/563f33a7188e52305535ec8f4ab9e373992b11ac
=== RUN   FuzzRangeproof/564f48bcf976616417f2f2731e8672ea377faef4
=== RUN   FuzzRangeproof/56d23d9c5508edce4855076bf8b12647ce64946d
=== RUN   FuzzRangeproof/5990a887874f5bb5b80e3be22f7e05d6d3b8cc4d
=== RUN   FuzzRangeproof/5a9d5c9b09e3641a1abdbc606b4ce2c8342e39c5
=== RUN   FuzzRangeproof/5ac5348838c4588df70d06328958cd71ccc76338
=== RUN   FuzzRangeproof/5b31ac3ff858be235b794335fa0ad6d08c1d5954
=== RUN   FuzzRangeproof/5b8cc3899554491a16e7a8af91898e2ec867025d
=== RUN   FuzzRangeproof/5bdb9520d0b31b7f846478b5ccd592d79006978d
=== RUN   FuzzRangeproof/5c7dd9736ef53bf509e7e6d83283a16be8ca639d
=== RUN   FuzzRangeproof/5d1eaa1a5bbd39e299f669a8047ddd64834c296b
=== RUN   FuzzRangeproof/5dd2bea8f3a263aad5087b00b35b9e85747b1217
=== RUN   FuzzRangeproof/5dda362a93572d901c30b8d2f68046d428f4ab8a
=== RUN   FuzzRangeproof/5e2d74d7ab209e8866f0c2a53e6fd6e27f578afe
=== RUN   FuzzRangeproof/5eb52674c200e0873762cf7815923c7718b84006
=== RUN   FuzzRangeproof/5ee507e4d91267db8ae4391a1917358f6dfbd6ab
=== RUN   FuzzRangeproof/5f60fc774b88097ee8404faa2071f7eb106a37be
=== RUN   FuzzRangeproof/5f8d270b60d521071ad2593333df2dc57b58844f
=== RUN   FuzzRangeproof/5fd0d23017d0a6666868271eeba4703dd9cc144b
=== RUN   FuzzRangeproof/606a94753249481bdb69a760f472a1257dd530a5
=== RUN   FuzzRangeproof/60988a41c4f10f4f822576fc07e8125712fd741e
=== RUN   FuzzRangeproof/60a79a878299a3f0f88f875c52d34d611638622c
=== RUN   FuzzRangeproof/612abf4c15087ee7873760eb5f62fb6e98d654ad
=== RUN   FuzzRangeproof/61838f4307beb7379712eabf87fdbe9cc6f51785
=== RUN   FuzzRangeproof/61840bdb03dd236b21da43dbef1aeeb2460663a2
=== RUN   FuzzRangeproof/61ba000fd047896c5ab584de6488dbbf855b451e
=== RUN   FuzzRangeproof/6295956d5fc48f30b2d34fb9ae3ca268bd4e4b9c
=== RUN   FuzzRangeproof/62d50823d36b81c7fa475d78f7449abaf0ad9fc8
=== RUN   FuzzRangeproof/6347f01a4fc7a78cad13982c4d9a4ade86ed9c59
=== RUN   FuzzRangeproof/636211341eb1223e3f7efe219f1654e8b05181da
=== RUN   FuzzRangeproof/63d9753557d469a60c810627679b838c3260de65
=== RUN   FuzzRangeproof/64987ad2e2e1608798b758dc1ab36570c355fd8f
=== RUN   FuzzRangeproof/64c2376f1fa52d707937dd2e19412bda0c6dd12b
=== RUN   FuzzRangeproof/6503d119c7871453b4b239cd820e2121577ae895
=== RUN   FuzzRangeproof/656e2076298af3da2b174441209c164a6afc2628
=== RUN   FuzzRangeproof/6593805f2697e0dd311c56c841673527ae3aecee
=== RUN   FuzzRangeproof/6674d492bdbdf8b3db46e9f6b8a08ed91add0d12
=== RUN   FuzzRangeproof/6689b0bf5ed6a11f560f6a1bf70291765eb44f93
=== RUN   FuzzRangeproof/6718530a2dffd01bd016b7e7a094bd98dffe0f9d
=== RUN   FuzzRangeproof/67432e5d831991ad589c2a94b8748c8bde00a25b
=== RUN   FuzzRangeproof/67d60d997cfd7bf9354496d40c6fc0c23bfa6b13
=== RUN   FuzzRangeproof/693e8e2278a3385b911d23e2df6abba8263cc37e
=== RUN   FuzzRangeproof/695942fb5c616bb8f974d374a745ccc29ed9aa38
=== RUN   FuzzRangeproof/6987eb3470a2f15e7719482a9fa201fb11807467
=== RUN   FuzzRangeproof/69a14509150f6f9b3a5596a1b1ac11365bc2a00b
=== RUN   FuzzRangeproof/6ac4c6bab7269bd3eebb3930c5f30691d734af55
=== RUN   FuzzRangeproof/6bdfba46b13cc06e9e163332adf541314d790c6d
=== RUN   FuzzRangeproof/6d0e7aecf8dd396de2c4c45bc601b0569df4dc36
=== RUN   FuzzRangeproof/6d38a8f824bafbb0c55b2b4a905d1320c5369514
=== RUN   FuzzRangeproof/6d5aa7c7c789484701720832e6d7741fd732a63f
=== RUN   FuzzRangeproof/6d8c6343ebfea46a3461df158760f06110af435a
=== RUN   FuzzRangeproof/6e159c30bd00618a7ee90a60f6c51346b1965a5e
=== RUN   FuzzRangeproof/6ec619abb7049c07c9b4f41a33b7a50dd972f30e
=== RUN   FuzzRangeproof/6fc2d2ccec9c3bc79e0020fa56a1789c364e7113
=== RUN   FuzzRangeproof/6fd5f83bfb467967ab54638b93496addbe10ff58
=== RUN   FuzzRangeproof/6fe88261e112c4b787ed275abfeea0676b61da86
=== RUN   FuzzRangeproof/70b01295a66746d78021113f66c3fe104fc5c8c9
=== RUN   FuzzRangeproof/70c1a2d4fd3efe0360010c76f04ef2c241c7af61
=== RUN   FuzzRangeproof/710b251663ceab4fbdacc26a08c210f26f50ab68
=== RUN   FuzzRangeproof/715d90307e3d81d758fe57740482e09af0ac9639
=== RUN   FuzzRangeproof/71a992e69a4afdfb62d4fa068a271f7ff577b349
=== RUN   FuzzRangeproof/71c737f97f40072c957be48b690d264a8cb611ab
=== RUN   FuzzRangeproof/71f6ddace08465ebc38f68e286fe5b47fa936308
=== RUN   FuzzRangeproof/7281d9f1f8b5d0b738038f58c8518c039e4e0469
=== RUN   FuzzRangeproof/72ab6ea1a80a6b17e21611801390915a2d379558
=== RUN   FuzzRangeproof/72c1df45343df0305c02f40b01fce2a5d888c300
=== RUN   FuzzRangeproof/72dc62b40f33a970c2bad67fea79faba6f8705f0
=== RUN   FuzzRangeproof/72ebdc0e07eadcd83f652ecbfb72518e5eb7e122
=== RUN   FuzzRangeproof/7348ed1b3dc335fb050035ff451f29c2577e06d3
=== RUN   FuzzRangeproof/73a987499dddec91e5c0e078d55e2656cfe483b0
=== RUN   FuzzRangeproof/7425d9cc61b24d38ce14dafdc91b3ee65ff1153c
=== RUN   FuzzRangeproof/74562623d15859b6a47065e0f98ce1202fb56506
=== RUN   FuzzRangeproof/75e2b691f8053fe40434e3c3ae3c93d706f887aa
=== RUN   FuzzRangeproof/760fa7f1bc1524c55a34af65ef4c4c59940b216e
=== RUN   FuzzRangeproof/7621d99c477a30566502e581ccba253a5b55dac7
=== RUN   FuzzRangeproof/7631787005e9c21d568a14fbca81641670bc447c
=== RUN   FuzzRangeproof/76be82a3940b4fad617a0f757f38a21acac8b853
=== RUN   FuzzRangeproof/76ec7a0d4b24b479a108d2f34fb2d2f4aee7ee93
=== RUN   FuzzRangeproof/7815c1c443318e99b8f11c6cad5481e1c3443154
=== RUN   FuzzRangeproof/781e98bc367619ef050bbe461d3dd9f2072d4773
=== RUN   FuzzRangeproof/78d6112f5a91864f7d3f17efbbbb0c546b9355bc
=== RUN   FuzzRangeproof/797a54fd3a3ebce12c6f770e790f62a619e34a98
=== RUN   FuzzRangeproof/79979640dbd27079bae13a6316ada03612f3f2bf
=== RUN   FuzzRangeproof/7b0dc77667c6019af2321ad569cb72e0a77e5e9f
=== RUN   FuzzRangeproof/7b9853429563790b7a95a3e9b9da4f875a1f8be9
=== RUN   FuzzRangeproof/7b9a6b0f6ea5d1bf29ceaf09cd852f9fe65a2edd
=== RUN   FuzzRangeproof/7ccc8f5766af0ce4754fc5feeda7364ad2899a43
=== RUN   FuzzRangeproof/7d4f9c3aa4feabc342677564094f041d53d2c116
=== RUN   FuzzRangeproof/7d820a83dbd6f6359be86ca6a380bbe1bd447407
=== RUN   FuzzRangeproof/7e23618ac9af7f088fb7d87135cfbf63f68831e9
=== RUN   FuzzRangeproof/7e62d3d5dc899863af8803239ab4c3c3dcf7dd72
=== RUN   FuzzRangeproof/7e64319afdb75d216bbe3f0ba2842ca74502245b
=== RUN   FuzzRangeproof/7ea7a719580922d10fef122afa4cbde31fed62c5
=== RUN   FuzzRangeproof/7ef555bd74368260d199a57346b779dc01878033
=== RUN   FuzzRangeproof/7f3c944bf38852762e32eb3621c5096b6759b06e
=== RUN   FuzzRangeproof/7fb912ea13d5833d78f1b081cfcf53e36534e513
=== RUN   FuzzRangeproof/7ffa964175b4ab98af6b1ef60a3f38693547896a
=== RUN   FuzzRangeproof/8020116651dc6418d935c67eebceb7f051567b39
=== RUN   FuzzRangeproof/804213f2ffc55517bc8eaca63a852d5e0b1be346
=== RUN   FuzzRangeproof/80af3009210981eea0f897bb1d0e5ab734d4cd18
=== RUN   FuzzRangeproof/81f9cd6b41d34aad22b8bd79ea24f9eafc1d0a92
=== RUN   FuzzRangeproof/82b25f7f12be3ce10cf0f236f5c97611f60fbf89
=== RUN   FuzzRangeproof/82c03864e31616e0da1531f6b013995aa46af375
=== RUN   FuzzRangeproof/8304c8da20eebe631bebe657f09b88850377cccd
=== RUN   FuzzRangeproof/83530523de54fb609f50481948a33daeb5f25bb5
=== RUN   FuzzRangeproof/840d8a80c7a52b0fc17e19156c5b72c8c0e9abef
=== RUN   FuzzRangeproof/843e5cbce34c5f9ae2c10c933b79f349220d87a0
=== RUN   FuzzRangeproof/845fc5f4b38dd9e53549b8a2e6d655120cb5d1be
=== RUN   FuzzRangeproof/84e729543b2adf6cc0e3dee485ae406c3bbce441
=== RUN   FuzzRangeproof/84fc2e9c06e2109d7c546fdc21db49a5453a61d5
=== RUN   FuzzRangeproof/85bd41e5fe0aca58549e71273af556b14ebc6443
=== RUN   FuzzRangeproof/85d5b3a5ec48afdb5dea25903d1beb9491be4f34
=== RUN   FuzzRangeproof/85faeff0f2102570d12d26fc86e26b3a9351767f
=== RUN   FuzzRangeproof/8621035a780906d8ca387a21293659b9682dde91
=== RUN   FuzzRangeproof/86240f047e63250603857a5c348ebfe1e5c807ca
=== RUN   FuzzRangeproof/87999b2420b6e6ebece9f994c63c31d3bf710e26
=== RUN   FuzzRangeproof/87e22d9146370a4c4ded0b356c691a524c37ccd2
=== RUN   FuzzRangeproof/8853a2876f1ab8914de689f0715d57c53d4df1b7
=== RUN   FuzzRangeproof/885eda80e9182fc182b05ba2852e6c368203a8da
=== RUN   FuzzRangeproof/88c0dcb5ce097509f1c04930bc418250bdafa159
=== RUN   FuzzRangeproof/88e784571f55ab938d1403d63015f1d66c6f0e70
=== RUN   FuzzRangeproof/89bd8c3595f60f44f3262a8bee821cf0d9f1dbff
=== RUN   FuzzRangeproof/8aa6921fb2a7c1688e080cb52ab1ced356c8af54
=== RUN   FuzzRangeproof/8b1664f8b2dbbac02fda8b93f367f069a62f44f0
=== RUN   FuzzRangeproof/8bbbcb109c6edb18f3b80310e9efdfc587cacc1d
=== RUN   FuzzRangeproof/8bfbc5794279e95ae7108e4acfcab7e6ede6570b
=== RUN   FuzzRangeproof/8cde08ef0e2fa469cef5a53bc70a6dd2bab0326e
=== RUN   FuzzRangeproof/8d0cbfb43a389635f80c8b58420df406cef2dd5e
=== RUN   FuzzRangeproof/8d1ff190852558115dae0549df70972936403374
=== RUN   FuzzRangeproof/8d47039fca90711b937fcd5ca0d61a1331db77ea
=== RUN   FuzzRangeproof/8e262df49e59a94e9ceff9c95a1e2b7e37eac4a3
=== RUN   FuzzRangeproof/8e8b47c0af75d71833751924a0fdb193ea6cca80
=== RUN   FuzzRangeproof/8f0d7366ae69ff14ead318abca477c366476ec94
=== RUN   FuzzRangeproof/8f371a76a78584fb27ff18e87bcfc1bbb658afda
=== RUN   FuzzRangeproof/9017aa35451d41c3a079e8f2a3b2f580baadb3ed
=== RUN   FuzzRangeproof/9070615dc28eaa861d44ae804ad00217939e56d9
=== RUN   FuzzRangeproof/907af0a2216505d3ed158b97298ce1afd3bb948b
=== RUN   FuzzRangeproof/90dea1c2d59a624f22bd686ab1d2baf40a537a3b
=== RUN   FuzzRangeproof/91231b5c311abd9d3928579559aca090924a68c8
=== RUN   FuzzRangeproof/9132976fafa0488015190715dcb7f5db88228676
=== RUN   FuzzRangeproof/93a89bc500c13c8e8f02b8f76630cf0dd5e34c2d
=== RUN   FuzzRangeproof/93bcb3ff7e96cc11f7f605e78acae0944e4f060a
=== RUN   FuzzRangeproof/9469e6814025e301cf7caea2116bce40ec66df01
=== RUN   FuzzRangeproof/94ac3a2cf67cd17a71b0838e45defa4702d897c3
=== RUN   FuzzRangeproof/94d7c9c1bd30363e5085714349930e5e8e4bbaf7
=== RUN   FuzzRangeproof/9513e71e7b0cf177b3edadba19c16ad51fb39e35
=== RUN   FuzzRangeproof/9524a3381087ed28f480de75aca15692a4996bb9
=== RUN   FuzzRangeproof/95ae6b5b1eaa65f11a1c779364c8527abde40f81
=== RUN   FuzzRangeproof/95ff2a7b6bd120a1377ded873266647a52375635
=== RUN   FuzzRangeproof/966e7c8c9c3dd4de7587a2cf18bc46a079823d04
=== RUN   FuzzRangeproof/9731752e4efc05008c1dada22c6b8390a5e27ab5
=== RUN   FuzzRangeproof/9798df891fe3206bf3b8b1952bf0b625c1c067c4
=== RUN   FuzzRangeproof/985926b84c013570fff12fe996772cf47fb76895
=== RUN   FuzzRangeproof/98686a991ef725d27296f3f25eca3f5491c64e0c
=== RUN   FuzzRangeproof/988cd9ab7c9c2741c82cf004c281b9a9c7966713
=== RUN   FuzzRangeproof/98d6343b0ebb111ffb4a1c30d3481aaf404461a0
=== RUN   FuzzRangeproof/98f15cfe59ab88e2057d389cfe5eb8218e6974b8
=== RUN   FuzzRangeproof/9977a88564869ae8387db712084d2e33c3fee83b
=== RUN   FuzzRangeproof/99c286ccd7bc4e14d9a0f9f31d8da2085650a64c
=== RUN   FuzzRangeproof/9a40ab95c540973f8f27c679f0ffdc3ea51029ba
=== RUN   FuzzRangeproof/9a94578a5143eecfa1e46c722079732ddd703a6d
=== RUN   FuzzRangeproof/9ae0bdb17f2e6f326cfcb1cb37b3cbc434d6c62e
=== RUN   FuzzRangeproof/9b611c3d6ae468612d2e526118f43025f854c1b2
=== RUN   FuzzRangeproof/9bfb0e4649a9fcf430d5bb232f356a787e716c55
=== RUN   FuzzRangeproof/9c47c1df38cbfd243e091da8e361b4e0cbd53035
=== RUN   FuzzRangeproof/9d9c42089efb3f876e0e6758eddd6ed6f1a99f50
=== RUN   FuzzRangeproof/9e8cbafa20d5597580869a99f05e79f6d57f57cb
=== RUN   FuzzRangeproof/9fc1b499bc800dddeb7a4b5c034a8b691a7ef381
=== RUN   FuzzRangeproof/9fd64b085a1e23ed69a02e23f092bafb50aaba1f
=== RUN   FuzzRangeproof/a096f00f15e417588c046fc4ad5700adc9e843a1
=== RUN   FuzzRangeproof/a10909c2cdcaf5adb7e6b092a4faba558b62bd96
=== RUN   FuzzRangeproof/a13f587512cdb3d44a8d6cf4a65935d321fdf609
=== RUN   FuzzRangeproof/a1e96e41e601082766587a8d8e76210c479cca7f
=== RUN   FuzzRangeproof/a32e840452721ad753e3ca0d19b10b15217701f5
=== RUN   FuzzRangeproof/a39094512a801c10526fa87f372368a8e933ff87
=== RUN   FuzzRangeproof/a39dc5a688507118b8434de3151fa8c306ae9629
=== RUN   FuzzRangeproof/a3c5e9af317678ba8fc9f329ac236431c12fd69f
=== RUN   FuzzRangeproof/a3ce7d32c32de06b507881a26a22c41fcda9e526
=== RUN   FuzzRangeproof/a45e64ff7319f829dd4e6f00ba6a27679f4cb7d2
=== RUN   FuzzRangeproof/a4bcdef9f30d305c376fc0f22f9ab34e9b053746
=== RUN   FuzzRangeproof/a58506854c07cfb03f2d27b6d2ce8fa9e8965aa3
=== RUN   FuzzRangeproof/a8267528c641ea63a3dc1fe44a751cbdd7e15aa4
=== RUN   FuzzRangeproof/a82dd5bdb24e763050d3db68f96feae8d6320b88
=== RUN   FuzzRangeproof/a8332eb049a96c4f7ba8e3721b9fdd1cf3ff0b00
=== RUN   FuzzRangeproof/a834ee46e0c54d3d330a308d1527f4c2f0ed676b
=== RUN   FuzzRangeproof/a921348638ec718c48a045313fffdcd54ce1ea28
=== RUN   FuzzRangeproof/a98dbd7e41e1de5d86ab901b640fe824a595c9f0
=== RUN   FuzzRangeproof/aa430206f5cb4ac2c245b1238d8a70432d8b1076
=== RUN   FuzzRangeproof/aa4c3a803474d33f8c8ab176d96713bad294cdd2
=== RUN   FuzzRangeproof/aa697fa39b85da93fc00543630275826de4fa08d
=== RUN   FuzzRangeproof/ab4640d16551c03a64f91b3088917e46d88b8354
=== RUN   FuzzRangeproof/ab8c52f06bdaddb2ce7ebca46fad326dfb39de89
=== RUN   FuzzRangeproof/ac807d7ba17915d8087f17671174d5b08634eb6f
=== RUN   FuzzRangeproof/adea798ef77c1dfeddbd710476b096080e14ef78
=== RUN   FuzzRangeproof/ae29d9f60641701ac8629853c75e586c3b756c57
=== RUN   FuzzRangeproof/af121c301f57a3771e8bf9358317f2d5f3655a85
=== RUN   FuzzRangeproof/af7478341582a63f5b23c9fa4d1fe56c8e4196cc
=== RUN   FuzzRangeproof/af9474e900c79c16ed46394c6cd58a38e5b2525f
=== RUN   FuzzRangeproof/b2491b03df9282712572ba0a3e85492e3be1178f
=== RUN   FuzzRangeproof/b2fcb6841d44610e1c540268a4096525f620a280
=== RUN   FuzzRangeproof/b36da74c9f29570fbcc21944ff007686d7d40af2
=== RUN   FuzzRangeproof/b402b4de89a05c312e67e98a555cd923ee7f9970
=== RUN   FuzzRangeproof/b4060bcce1bfb4e99e2184b6a0b16938482752a5
=== RUN   FuzzRangeproof/b4122f5fe67babf13815493136821142284f3d9a
=== RUN   FuzzRangeproof/b48371e3f91790260cd84e4b2029fe37ecfe8c9f
=== RUN   FuzzRangeproof/b5023c7270d50d698af275d831e75b70109e2045
=== RUN   FuzzRangeproof/b52338e9a4c842c1872e3f3801dee637190bf448
=== RUN   FuzzRangeproof/b546946dc3b447a08119499bc2cbbc4cfcdda12c
=== RUN   FuzzRangeproof/b5f75406f15ff1ec855d6a0bd39ddd4d582bc365
=== RUN   FuzzRangeproof/b630985f13914f9b2427101e61657900f1c50511
=== RUN   FuzzRangeproof/b65704fbab90277d45bfc42a66a584efbbe82e7d
=== RUN   FuzzRangeproof/b7532c4b98588084b6111aaaa5b3302e27e4cc47
=== RUN   FuzzRangeproof/b7d2e8a0b2fe099a04de3e821aed9034ed14c288
=== RUN   FuzzRangeproof/b7f33ba325fe3a5b759770f421351645a00ff5fb
=== RUN   FuzzRangeproof/b875e8725850c811651c52c5ddde83449bb1709a
=== RUN   FuzzRangeproof/b88d117e78fa52b935420ed8101b32e048900839
=== RUN   FuzzRangeproof/b8a0c685d2cae73db18ed2e206836cbb6254a06b
=== RUN   FuzzRangeproof/ba33bbe3939ace6ad3764ffc070f8846a1c34163
=== RUN   FuzzRangeproof/ba5303b102f5b988d7774e1aba973f0cfd962463
=== RUN   FuzzRangeproof/bb00175754cde846ee27155d946b547f09cb1430
=== RUN   FuzzRangeproof/bb20681a9edea93925b0b2f0bc75abbd7d107325
=== RUN   FuzzRangeproof/bb3a06b4f3c48ba03eee457174e096e417951ad2
=== RUN   FuzzRangeproof/bb4393268d6537d73cd74e1b3f6702233d1d1e0d
=== RUN   FuzzRangeproof/bbbc05732becd2efdd2f3b935eccc5029fdac65c
=== RUN   FuzzRangeproof/bc62b269b9d500f93c3b891453314b6306700508
=== RUN   FuzzRangeproof/bcac35dd5e4d5599978778043d6a8522fa55147a
=== RUN   FuzzRangeproof/bcbd16cc7ff432f9dcb57030752c91199dd2b4bf
=== RUN   FuzzRangeproof/bcc25c4db6673f445160a86498852c8e5ac8c53d
=== RUN   FuzzRangeproof/bd7537a84c807971a6e54e67b94c1c9b077ea594
=== RUN   FuzzRangeproof/bd97cb4494ff9dc067e44280292fb411b22d40f0
=== RUN   FuzzRangeproof/bde87213fae93d3bf35affb27771efe8633b11ab
=== RUN   FuzzRangeproof/bed8cb93c98f4f570491cdd554b5c1481b072269
=== RUN   FuzzRangeproof/bf622a76a69966cb6c18837ce83288511b19ca67
=== RUN   FuzzRangeproof/c15371783505d2f2ec0ea20fdb4746e93c1a431c
=== RUN   FuzzRangeproof/c18c33d0899061b84eb06d6aee274a8a7d8e65d2
=== RUN   FuzzRangeproof/c340f32c1336c77395841793bc0a486f1bcf25e5
=== RUN   FuzzRangeproof/c3e56bc5552bc3030c14d6386e25fea314ebe527
=== RUN   FuzzRangeproof/c4dd882be306bad9f155694083ddc1cbab95faba
=== RUN   FuzzRangeproof/c523336559a8e07e2fb1b8286e3a941496ccd0c8
=== RUN   FuzzRangeproof/c54c61f808c84a65bc90544ba8149ee7a9764d39
=== RUN   FuzzRangeproof/c5c1f5efb5e16db986988dffff78c3d4f2cc7bc0
=== RUN   FuzzRangeproof/c5fa0c054a400ae8c32cabf5604c8c4ec4b7e4d0
=== RUN   FuzzRangeproof/c5fe170971f0500c8af3b48e4b236a0385a1397b
=== RUN   FuzzRangeproof/c8140fc034f36ead39b8c9fbfbfb5eca4c57f0ad
=== RUN   FuzzRangeproof/c90a6553c5ff146d947582c3a4b54f79b0a822a1
=== RUN   FuzzRangeproof/c928b8cd0391f688cf015615a50f272c299306ae
=== RUN   FuzzRangeproof/cad4fe9ed778684c3405c4dee83356760b44b194
=== RUN   FuzzRangeproof/caf4c91b4463445e68c4c9e811c7b6f8e5e50be9
=== RUN   FuzzRangeproof/cb4bb292ae298bd2d514d7e1c8c74e02522436d0
=== RUN   FuzzRangeproof/cbaa7fb39de30c60472cef6783a03a9f19c4006e
=== RUN   FuzzRangeproof/cc098dd4458d38b4a7220a7f34a5a3bc4ae7fcec
=== RUN   FuzzRangeproof/cc7af0f1532473056e8e47350670f865ea33e26f
=== RUN   FuzzRangeproof/cd7b434425c1c9c9365edf505bb410b6856d9865
=== RUN   FuzzRangeproof/ce97553e9bf176d9d0899d294e3215326b879c57
=== RUN   FuzzRangeproof/cf2fdc239c4fa11fb9b1901b82a11c585b7bf7fc
=== RUN   FuzzRangeproof/cf3abcc343bb6dd4d9d8eb01d4e4b7e84d2a1de0
=== RUN   FuzzRangeproof/d141e238c078dfcdf27fc988dc6d774dd2f64793
=== RUN   FuzzRangeproof/d17481cc9cb7ef2a3b717cf67c04b8852baff324
=== RUN   FuzzRangeproof/d17fc273c7a3f76817589ff094bcc101b1b47b1b
=== RUN   FuzzRangeproof/d1accfddda6360ecc9ce569cc56394fb01ad60a4
=== RUN   FuzzRangeproof/d299670c197958fd4d58e23368b6801194590b05
=== RUN   FuzzRangeproof/d2ff1c24014a483cf163215765ae0bef8c6c5ecd
=== RUN   FuzzRangeproof/d323db51f330cf0482acdfb114a1b56a1706f5bb
=== RUN   FuzzRangeproof/d32d7505f55d43584d548c4b5ed4ad7b2b1a9e84
=== RUN   FuzzRangeproof/d33db0e89b8636c0289adc8f9cb7f589f05a268c
=== RUN   FuzzRangeproof/d37fbaa414b7eda3323dee990a9c6e6ea4161245
=== RUN   FuzzRangeproof/d39f88cc33a33385aea775a0c989f24d6879521f
=== RUN   FuzzRangeproof/d3ff4f6b115fdaba63abd995b53f3000d3c74aee
=== RUN   FuzzRangeproof/d42253cba45df4fed5a7830ca6576c24fb63bbcb
=== RUN   FuzzRangeproof/d4696af9ceabdd1aa05badfe17a4c73174465f87
=== RUN   FuzzRangeproof/d4d012aee22c6725d680f12cfd6863c37aac5917
=== RUN   FuzzRangeproof/d5b7aa6dfe7c24697019e5b52f741f0cad8b6385
=== RUN   FuzzRangeproof/d637503dbfe70500099ec44be7ea3fc2b843d631
=== RUN   FuzzRangeproof/d6ed4c8d79748fb736312da53d347bdfc7e7ade6
=== RUN   FuzzRangeproof/d7189109374afe880029e174775843c834c77273
=== RUN   FuzzRangeproof/d760e32c27b0de9cb530e5728b749fcaf3a44c78
=== RUN   FuzzRangeproof/d7922daa7f69dd3396b031a44a19451f9159d4c7
=== RUN   FuzzRangeproof/d8106dc2d858408197581aac8eda681a6d625603
=== RUN   FuzzRangeproof/d83bbd865091fc7516fc90eeb69555a2de9e9402
=== RUN   FuzzRangeproof/da926bf052f121e7d453b35da0badf10a4ce9617
=== RUN   FuzzRangeproof/db3c2161f2d6e415e1dd30d1ec652a781b7021d8
=== RUN   FuzzRangeproof/dbd15b43f4c480d7c250012134b47e5fe9c26452
=== RUN   FuzzRangeproof/dbdfd0e409726f2111d25dbdda204cd07d79c851
=== RUN   FuzzRangeproof/dc4a367585af14ea75d4b383c627af7129727986
=== RUN   FuzzRangeproof/de315eb5dc553d691a6fbd4ff8b608c9dad184e2
=== RUN   FuzzRangeproof/de586422332c3470a0617afde38dbf5c7eea9bcc
=== RUN   FuzzRangeproof/de8043bba3965e78e744ec0eea4c345de97b76f8
=== RUN   FuzzRangeproof/def0ce6d141c20592cd1acf08673a61b18715cee
=== RUN   FuzzRangeproof/df5f02f96fffc0f77764cd275b17e19ebe6d6f9a
=== RUN   FuzzRangeproof/df6117db341603d9c0fdbc8600924f87fff53372
=== RUN   FuzzRangeproof/e00e81733880ab07c2add2da529b0d2286d31dbd
=== RUN   FuzzRangeproof/e02c06eeab441d0510e42d02247b4f3b37ba9317
=== RUN   FuzzRangeproof/e2733d48819504a7fad8c255b11f16f8ac0e900b
=== RUN   FuzzRangeproof/e2b287f6e8cbadf03f116bee52c9814d4cfbbf78
=== RUN   FuzzRangeproof/e2d848542d3d7c27cabbc3ff94493e7d0a36d7fb
=== RUN   FuzzRangeproof/e326f6721c2e0ba6f82d5d877a4dea2d903ab287
=== RUN   FuzzRangeproof/e35cc0c7a633925eb3a632c9f644fa69e5477221
=== RUN   FuzzRangeproof/e3629330013c0cbd40f67b2cf58931db379a0a0f
=== RUN   FuzzRangeproof/e3780035dcf992a6b43c4da03880fa977339a60f
=== RUN   FuzzRangeproof/e42b500d99c9ff456716382d16d6b1351a4de819
=== RUN   FuzzRangeproof/e52031f65670a42931701cc77c411fc8b2dccec4
=== RUN   FuzzRangeproof/e53740c90d8b6f6c61bed553e8531b620ce4ed67
=== RUN   FuzzRangeproof/e699d03cccde51439fd9cae02d3e67673cc2e4f8
=== RUN   FuzzRangeproof/e6ff4ed547b11fd8c6ed127872941427d5430b2e
=== RUN   FuzzRangeproof/e70a527d6a9bf0d7e10f430a3218f86282852cee
=== RUN   FuzzRangeproof/e7f12a7256071f2466b8d9b59aafd6b417a28af0
=== RUN   FuzzRangeproof/e88f4549be89b29d3fe8b8a2aad1b8c03eb4e319
=== RUN   FuzzRangeproof/e8aa8c7f11fc2ec847289d573131b762e89fc68c
=== RUN   FuzzRangeproof/e91b9b9ab9e46e1a7d2726fa1fcfb0db2790c998
=== RUN   FuzzRangeproof/e984a326cdbea995056061b26aa0343bfd129657
=== RUN   FuzzRangeproof/ea532df434844b35f78ab818044c7339c7e9a785
=== RUN   FuzzRangeproof/ea6e1773b1aff5dfaf232443a45935396d7f5065
=== RUN   FuzzRangeproof/eb4bec7a2f7d610ca8521f7b9cee633c36a12c53
=== RUN   FuzzRangeproof/eb6e7b711af1208e95a30f52c9b5109a3b711ba0
=== RUN   FuzzRangeproof/ece00e87aaef71789371011114dad73ccb2b526f
=== RUN   FuzzRangeproof/edf20cb61c8cc5a42104b1872d8d945b6c36f213
=== RUN   FuzzRangeproof/edf36dea303b3189dd2ed38bdd441f31fb1cf132
=== RUN   FuzzRangeproof/ee180754c39f79cc52f14d6e146197a4e3db8c1c
=== RUN   FuzzRangeproof/ee2f31b995825d1ac03750e365b41f1faffa706b
=== RUN   FuzzRangeproof/ef72fdb349b80bc36f5fb61eb6c526b7fc6d8080
=== RUN   FuzzRangeproof/ef7d21d57265c4a19b476732f4177dd1cb676333
=== RUN   FuzzRangeproof/efa3bc367915cd7af4507d5039a11e150e1b8845
=== RUN   FuzzRangeproof/f014dfd88fafbfc40ea10ce5c46f4dd37f6c694f
=== RUN   FuzzRangeproof/f05eaa6ca8c53be58f430f9a3bf9299982ea1d18
=== RUN   FuzzRangeproof/f1082eae7aebb2c7675912da9df152d12f705687
=== RUN   FuzzRangeproof/f35a75bac0cc0594193388449e5fbbc603ea1b2a
=== RUN   FuzzRangeproof/f36d95ea5b2c1ceb3e0e192f9678ed8cf7355d63
=== RUN   FuzzRangeproof/f36def8f48614c0b36682cd5f71dd04705755d5b
=== RUN   FuzzRangeproof/f379f3dffc94f6e6e15cb6d554b6f9007c7deffe
=== RUN   FuzzRangeproof/f393914456e0da1a0d16046375beb3503736671e
=== RUN   FuzzRangeproof/f3c90bf423a85b0a5b088579cf92cfb516517aac
=== RUN   FuzzRangeproof/f44067490772feb1fb12285cde5201818b4fb18e
=== RUN   FuzzRangeproof/f4910882139e460af3b27c7795e054d0cce47b54
=== RUN   FuzzRangeproof/f5f1b96fd600184e02d3cadb4ce239871f7c7267
=== RUN   FuzzRangeproof/f61e7eb4572900d4f505db27003bc93ae0592932
=== RUN   FuzzRangeproof/f64467736e8edddb76e122b64baeaf0ad1d3f4fd
=== RUN   FuzzRangeproof/f66326400c18742253931dec4b5f792e1241a49c
=== RUN   FuzzRangeproof/f7246d6e151d1bb6a048bfd1de52b8af7fa3ac8a
=== RUN   FuzzRangeproof/f779ea8067528583a21eb83ffc487784027f1ba1
=== RUN   FuzzRangeproof/f7cbf05836dc27294c1bba6cae96e049de466e25
=== RUN   FuzzRangeproof/f8a59f06f62e26c1c2e924863e1ac3971f540c0b
=== RUN   FuzzRangeproof/fa03d7ceb5ec3ae7ff38f6c7437cefce720faa0a
=== RUN   FuzzRangeproof/fa0cb8bda6e05ac955edaf3573f63ef3576414f0
=== RUN   FuzzRangeproof/fa9bb888a25725300f22424342dd245960712568
=== RUN   FuzzRangeproof/fb396d0075a1ae0870174c213f0d22e2eb97264f
=== RUN   FuzzRangeproof/fba78ae88390036cab38c07d6a7b67e57af33044
=== RUN   FuzzRangeproof/fbaf74165fe1e4b57a4d4b1c2f4b0cbc554d3bf5
=== RUN   FuzzRangeproof/fcbac5eff718937832f1f06b1ef5cfd8c034363d
=== RUN   FuzzRangeproof/fd2168cce6803a879bbb503312a0ebed419b95ee
=== RUN   FuzzRangeproof/fd63f26afc0c68a49f159e02db899683491e179b
=== RUN   FuzzRangeproof/fe212b20d8633b00e528455c9a1b2435bf2dd96d
=== RUN   FuzzRangeproof/fec485464571e0f9842c33d7a0aa83e06bad5468
=== RUN   FuzzRangeproof/ff11b9fcf2c8c518ea9c690b168652af2f7bfd92
=== RUN   FuzzRangeproof/ff4f9bd30f9c3cb832c0693a555e47f8088ac2a8
=== RUN   FuzzRangeproof/ff50ac90dff7294b63880147d529308b4198586e
=== RUN   FuzzRangeproof/ffbc310392d4a9625f11862498c83d49c9a1ff44
--- PASS: FuzzRangeproof (0.43s)
    --- PASS: FuzzRangeproof/009812cc8de55a17a941ba75380005ed124c50e0 (0.00s)
    --- PASS: FuzzRangeproof/00e7d10354990b65a7da63b6828e6e2ade984901 (0.00s)
    --- PASS: FuzzRangeproof/0116dbf9e78c29a61392fd1f404dd7b4b90d8e7a (0.00s)
    --- PASS: FuzzRangeproof/0165e7ca04c6480de757babcc5cdab2196026cba (0.00s)
    --- PASS: FuzzRangeproof/026a647d03582da371b6e612e4bee343bc8ac7e1 (0.00s)
    --- PASS: FuzzRangeproof/02712ba01fae5ac82a3e17092bf11437da224f01 (0.00s)
    --- PASS: FuzzRangeproof/033b58b98d78cd01ac68181e3054c8ac7abf4e97 (0.00s)
    --- PASS: FuzzRangeproof/037d0c3da5274cfbfc709fb842e408f5350bf7b3 (0.00s)
    --- PASS: FuzzRangeproof/0393f01a4ccef9b7c9cd0918a5f234b9fb795d72 (0.00s)
    --- PASS: FuzzRangeproof/03ce7014f34a18af1774618096fa996a8f7c707a (0.00s)
    --- PASS: FuzzRangeproof/04a0f8d362c0ac9115dcf0f266599e00a1a4d995 (0.00s)
    --- PASS: FuzzRangeproof/04d1b72c8ffcfd76e3f29195fae4b9c109aa833d (0.00s)
    --- PASS: FuzzRangeproof/05b92bdf5e474f1e03218bc55a6d02aa3ead9350 (0.00s)
    --- PASS: FuzzRangeproof/060b3063b38229b757b5b19ddeeb86f9e59ea656 (0.00s)
    --- PASS: FuzzRangeproof/063b6715163b289695af9a95334e2eeef2aad459 (0.00s)
    --- PASS: FuzzRangeproof/065cf3ceabe414429b9cbad1d009c92f04802291 (0.00s)
    --- PASS: FuzzRangeproof/0664020f413eb1c0d102b1bd37e383d9094b5abf (0.00s)
    --- PASS: FuzzRangeproof/0688d21e262ed6b469db0f0f8dfa1fda6dd10325 (0.00s)
    --- PASS: FuzzRangeproof/070f65c99413af55557c3bd89cfe3f4bbe903a80 (0.00s)
    --- PASS: FuzzRangeproof/07536c8f94afe1a1434c5e0c8cbf12d1d299040c (0.00s)
    --- PASS: FuzzRangeproof/091385be99b45f459a231582d583ec9f3fa3d194 (0.00s)
    --- PASS: FuzzRangeproof/09496212beb5dd4742b2bf545f5091a4413ca641 (0.00s)
    --- PASS: FuzzRangeproof/0b09c1d7cb81091893fea8ea97d08c69c40ca2ac (0.00s)
    --- PASS: FuzzRangeproof/0b26d91c8beceb2cef53ac960bf83fed5e7ae1a3 (0.00s)
    --- PASS: FuzzRangeproof/0b2c3ce9eb064bf7ee5fae0368274868543eb045 (0.00s)
    --- PASS: FuzzRangeproof/0b5ff4199bf4f6fd4d66b8005dea87c23691ad24 (0.00s)
    --- PASS: FuzzRangeproof/0bbaa28900f034cb1f864a4408a00dcc2ae823ef (0.00s)
    --- PASS: FuzzRangeproof/0c4077eae4a6840fdc7820bda8ead8f859c70fab (0.00s)
    --- PASS: FuzzRangeproof/0c43e7166de2372610f62f9c534c3b370dc9cc81 (0.00s)
    --- PASS: FuzzRangeproof/0cb1f8b954cc35992c8a4f583cf3a317d44cb549 (0.00s)
    --- PASS: FuzzRangeproof/0cebac4c9eff947ead78035d5944fb3ca3424842 (0.00s)
    --- PASS: FuzzRangeproof/0ced4fb8debc8e4de74411dfe4af44d074316a5f (0.00s)
    --- PASS: FuzzRangeproof/0d54a9e4c035817d44a8e8b0484bdd15755cf9b2 (0.00s)
    --- PASS: FuzzRangeproof/0dd624215c2b0242c4365fcbba178dc9d21d541a (0.00s)
    --- PASS: FuzzRangeproof/0de450dc21cdb703f00ac31a7ec55b7101085e32 (0.00s)
    --- PASS: FuzzRangeproof/0e9086b37b2dd943c6290641d5002e782c4c28af (0.00s)
    --- PASS: FuzzRangeproof/0f072871ef2292de19ccfb7198d61a1ca99bd41e (0.00s)
    --- PASS: FuzzRangeproof/0f2d9f4292d5c033edd16a2a72493b45888e10d4 (0.00s)
    --- PASS: FuzzRangeproof/0f38b546f2fa508e9a104a401b7ed6ff68849691 (0.00s)
    --- PASS: FuzzRangeproof/10597d186aae318b598199f356c3f2fb41c663cb (0.00s)
    --- PASS: FuzzRangeproof/112d5f85f69067cf983e1d761f64740883c3da6b (0.00s)
    --- PASS: FuzzRangeproof/11bd33b5519e6e840f9b9e3674b530bdc2dbe56b (0.01s)
    --- PASS: FuzzRangeproof/11c6af138aa045bcae1717c90bf04ab023b2d8b1 (0.00s)
    --- PASS: FuzzRangeproof/126cfd00dece7ddd7a63785650645aba34445169 (0.00s)
    --- PASS: FuzzRangeproof/1283830f97d07baa12647840ca73a454c074ae5b (0.00s)
    --- PASS: FuzzRangeproof/12acb41d1bf235a00f3a008e527537c19ecdb8b2 (0.00s)
    --- PASS: FuzzRangeproof/1341141e26fb070cf4ca72423f4f86ce836e9a77 (0.00s)
    --- PASS: FuzzRangeproof/139540d65948e76e3be98eb68f4044e70f8a5768 (0.00s)
    --- PASS: FuzzRangeproof/13e629f9d49f4b0e6b02de5d71ab8dbabdf6e5ec (0.00s)
    --- PASS: FuzzRangeproof/143f7990588cd6fa609b3b9b43d5df1ede341ecd (0.00s)
    --- PASS: FuzzRangeproof/1559743591376b20879733b2372880ba85caeb8d (0.00s)
    --- PASS: FuzzRangeproof/176a375507f6ce24ad128493e04e56d2cd43543a (0.00s)
    --- PASS: FuzzRangeproof/17d1fb8754b828d4fb5ed218522524e89d4c39f9 (0.00s)
    --- PASS: FuzzRangeproof/17f1fefaf60b68993d66ca8389b56cd154b9c22c (0.00s)
    --- PASS: FuzzRangeproof/1857ddb24453fdf0dd846b25d96259e20da13978 (0.00s)
    --- PASS: FuzzRangeproof/18e6ae772f7a964faa38fa4b016dbe6f23877201 (0.00s)
    --- PASS: FuzzRangeproof/1944a605056486a6aa565bbc340d99d560ae829e (0.00s)
    --- PASS: FuzzRangeproof/1955915426a220ea482e651f7659665f6d2461e3 (0.00s)
    --- PASS: FuzzRangeproof/195824e66c4dfee605dc1ebb25b2b12dcea93f2b (0.00s)
    --- PASS: FuzzRangeproof/1967448fa42a7fd174531f598bb15627f16cd5ff (0.00s)
    --- PASS: FuzzRangeproof/196ad4fd0e7e8a348d01335d4bb382808423d4e4 (0.00s)
    --- PASS: FuzzRangeproof/19e4f6eb4c956002070b47477f49675ec59b9f6d (0.00s)
    --- PASS: FuzzRangeproof/1a1c905495432af4cec9962794976894966fc2d5 (0.00s)
    --- PASS: FuzzRangeproof/1a71069a13edab217010537aca655e9f4ef7e579 (0.00s)
    --- PASS: FuzzRangeproof/1ab857729a7abc2d88eaa6e5db54044ec6f4cbd7 (0.00s)
    --- PASS: FuzzRangeproof/1bafece23c2a7c1d1d935ce2faf21dd8dcf7def7 (0.00s)
    --- PASS: FuzzRangeproof/1c17d06e0ea24423016f156c4086ac6516316e55 (0.00s)
    --- PASS: FuzzRangeproof/1d757ae2e9e8a67139ec8051026582ea6495faf9 (0.00s)
    --- PASS: FuzzRangeproof/1df6eba26fff8ce1435d27ee3f30be7985e61d85 (0.00s)
    --- PASS: FuzzRangeproof/1e028d28058d4614315d61a524de66c18d9ceee8 (0.00s)
    --- PASS: FuzzRangeproof/1e3389f5ac727bb48f952de151d755029a38c359 (0.00s)
    --- PASS: FuzzRangeproof/1e71336e56761b0835c8c21e1c70a3a900b0898c (0.00s)
    --- PASS: FuzzRangeproof/1eb40ff2ddff0fe5e40e024c9a8651c14f4623c7 (0.00s)
    --- PASS: FuzzRangeproof/1edee428814f62681ae404b89f1a6c2955a9d0f4 (0.00s)
    --- PASS: FuzzRangeproof/1f32a8a262dc12dfca386567c25daae4d19102ad (0.00s)
    --- PASS: FuzzRangeproof/1f81d4e2eed7bd5218d79ee316591e858a57f3af (0.00s)
    --- PASS: FuzzRangeproof/1ff88aefb287a9c39cf1d77e77a02eaff1780f16 (0.00s)
    --- PASS: FuzzRangeproof/2000f291e975256d3f0e5bda9a9af91e8ed41723 (0.00s)
    --- PASS: FuzzRangeproof/20226a8e70598058702e1d32e470baa2d7007db1 (0.00s)
    --- PASS: FuzzRangeproof/20e8405236a724ab9407155f57b2c5912e76dcf6 (0.00s)
    --- PASS: FuzzRangeproof/2192c304a994c3478c5011af70605be9a5f3ad29 (0.00s)
    --- PASS: FuzzRangeproof/2226b4d3300ee2dc3072305b44da793c5423d2ce (0.00s)
    --- PASS: FuzzRangeproof/22d5ad48daa2ed1775ccc93a4e70731aae8602df (0.01s)
    --- PASS: FuzzRangeproof/235a21339bcc53402be6bc525c0fa9597879a995 (0.00s)
    --- PASS: FuzzRangeproof/241257524af4d54cf6a957e41a33129256cb734f (0.00s)
    --- PASS: FuzzRangeproof/24ba232d8cf46d0537f1b92f34f3193a73405f86 (0.00s)
    --- PASS: FuzzRangeproof/2505aead4ca6cd491ac9c01e22115a26bc12da7d (0.00s)
    --- PASS: FuzzRangeproof/259945e6fc57847c928ff9f5f9ca9552ee2b1267 (0.00s)
    --- PASS: FuzzRangeproof/2677c2c830da4abd577c7a780be3331bf6c4b2ce (0.00s)
    --- PASS: FuzzRangeproof/27a07d43ff14ab7ae6b69a46b5017723ca89a630 (0.00s)
    --- PASS: FuzzRangeproof/28123ecaf13691edeb9164f26f3c4502a9358b63 (0.00s)
    --- PASS: FuzzRangeproof/28d47d187443eaec8507bdbc8077b1bb536775fb (0.00s)
    --- PASS: FuzzRangeproof/292d6fb6e84ba4d5fcd01a59292175d970c7241e (0.00s)
    --- PASS: FuzzRangeproof/297d5d9bf7c0bde7b37f11c7a2d420f943e446e2 (0.00s)
    --- PASS: FuzzRangeproof/2993c872ecb059c9295c13cb2f97105354479d59 (0.00s)
    --- PASS: FuzzRangeproof/2a3b01a28b0700d519dd0e9d0f1fc2293dd58485 (0.00s)
    --- PASS: FuzzRangeproof/2a7a1fc9f06c0dda3f6f8cd4fa57116429897b94 (0.00s)
    --- PASS: FuzzRangeproof/2aca57cf8ac9ac36bb7c3812137d7126638ece9e (0.00s)
    --- PASS: FuzzRangeproof/2ae38d6ac8aae68573e63c9cdf18550917180e15 (0.00s)
    --- PASS: FuzzRangeproof/2b506a3cd98fe9ccf96ca29ea5806c90d81a35c2 (0.00s)
    --- PASS: FuzzRangeproof/2b693657380198a170506cb7d09bc60de1d31550 (0.00s)
    --- PASS: FuzzRangeproof/2c5da155f87a74fc4a0c489257e9a39dc77b4d36 (0.00s)
    --- PASS: FuzzRangeproof/2c6227086a55200872762e41a47e5a0ad9b3e6cf (0.00s)
    --- PASS: FuzzRangeproof/2c6d6a8a80bd0af2f398ed7fdf0476587ea9cae1 (0.00s)
    --- PASS: FuzzRangeproof/2cd13b10dcb67c681e2499edbc009fe672fc96f6 (0.00s)
    --- PASS: FuzzRangeproof/2d48539625f00a7e2a90efd6d03d6ca15902d861 (0.00s)
    --- PASS: FuzzRangeproof/2d72c6ce68e1829f662e99138d2d025b7d0fe018 (0.00s)
    --- PASS: FuzzRangeproof/2dcdb30873440191b54bcad3f5eff93a5b20bf9e (0.00s)
    --- PASS: FuzzRangeproof/2e3329e032f2628948ad4deb83b2ccf269f9f9b1 (0.00s)
    --- PASS: FuzzRangeproof/2e7efb92d3afe6f5f55d78550b494370fd98979d (0.00s)
    --- PASS: FuzzRangeproof/2e8ba938691b6c6f844485780f6910d75ceb8d2d (0.00s)
    --- PASS: FuzzRangeproof/2f26df464148d7313ab9543e1b9c58674abc2d66 (0.00s)
    --- PASS: FuzzRangeproof/2f5e0a183ebb165a0572cbd2cb558f06d3fa9279 (0.00s)
    --- PASS: FuzzRangeproof/3004c96d65c0040bea45a6802561695f81a16b05 (0.00s)
    --- PASS: FuzzRangeproof/300d7535500141ca5979cc42e2654a3999e14651 (0.00s)
    --- PASS: FuzzRangeproof/30b289ae034b80a581eff57f5ae1da0f1f0b9314 (0.00s)
    --- PASS: FuzzRangeproof/3173532552077d0d796c3628ac35c76343dc3a04 (0.00s)
    --- PASS: FuzzRangeproof/3192dbd03afa2c72536f0b2090fcfa6fd034047b (0.00s)
    --- PASS: FuzzRangeproof/31b79393bf66b8633bd63249d48dcb4e9cdadb7c (0.00s)
    --- PASS: FuzzRangeproof/31fef152aa432924c184f76ea7f497c90f252315 (0.00s)
    --- PASS: FuzzRangeproof/323d86e0dd461237620fa1b9edfb39f470f25b65 (0.00s)
    --- PASS: FuzzRangeproof/32af3a8b8b7f853b4181a35d84c610254173b2f8 (0.00s)
    --- PASS: FuzzRangeproof/335ae136780e7ccd0324e893e0c603e60a3b9878 (0.00s)
    --- PASS: FuzzRangeproof/33d7a3241825a7d333d77e3a4cb5955684089745 (0.00s)
    --- PASS: FuzzRangeproof/345de718457111c9692e9d709e9c5595b37f21b3 (0.00s)
    --- PASS: FuzzRangeproof/348364eba066bac2df919b362d68dbdf9d29b86b (0.00s)
    --- PASS: FuzzRangeproof/34d8c49e3924188599de9c019a6a66170863fd20 (0.00s)
    --- PASS: FuzzRangeproof/356719967f9120b6180459e7bc645c710a6b61e6 (0.00s)
    --- PASS: FuzzRangeproof/359ce04bc751878e488560effd897c1a42b6d27f (0.00s)
    --- PASS: FuzzRangeproof/35dc26ef2f196f4d67fcceb1f5e92152051fdd02 (0.00s)
    --- PASS: FuzzRangeproof/360b5bcbc5c78624beea5a85b4e263fc33308435 (0.00s)
    --- PASS: FuzzRangeproof/3679d41df03065392d3004402383dd556142c70a (0.00s)
    --- PASS: FuzzRangeproof/37b2b647f1f9bb0126bd1ed194f4684cf8c7e204 (0.00s)
    --- PASS: FuzzRangeproof/37fcccba9236cf72dcfe8720ca44220794a8f041 (0.00s)
    --- PASS: FuzzRangeproof/3857d9f7325283395afebae9be7fd17692f234da (0.00s)
    --- PASS: FuzzRangeproof/387f70bed156bbabb4741569af7d0eb4e0965d8f (0.00s)
    --- PASS: FuzzRangeproof/39283d40946cfd2d9a19590af1829baa754f3554 (0.00s)
    --- PASS: FuzzRangeproof/39a12d7c4581f1b887083f493de9e103724d04ee (0.00s)
    --- PASS: FuzzRangeproof/3b3d79acd7dfc5ff9ae62818461f0e0d8f2e7902 (0.00s)
    --- PASS: FuzzRangeproof/3ba980f9a768b0f22112fae07345886fc9ddb700 (0.00s)
    --- PASS: FuzzRangeproof/3c752022634b6061f4752b29cafd50b76f8adb6d (0.00s)
    --- PASS: FuzzRangeproof/3d04743e7f9b4530373a39e75001608823d8c762 (0.00s)
    --- PASS: FuzzRangeproof/3e26ff1f72c9bebd713ea2d7d0237216cda21d08 (0.00s)
    --- PASS: FuzzRangeproof/3e348c1e9fdcfd0129d926aef361043602b1eb88 (0.00s)
    --- PASS: FuzzRangeproof/3e58c9c7fdf78699c9925736a8863699db3a87fd (0.00s)
    --- PASS: FuzzRangeproof/3e6bbcb340378d626d35a9bc9cc4fc99c2383479 (0.00s)
    --- PASS: FuzzRangeproof/3f9e5e09f3a6ed2ed5f43f18f4e5e0fda82a542f (0.00s)
    --- PASS: FuzzRangeproof/40a45b04110b0cafc54ec52f92bf3af47335b745 (0.00s)
    --- PASS: FuzzRangeproof/40c503888caf4b4c2c0275d502439bbbf550a45e (0.00s)
    --- PASS: FuzzRangeproof/40e80cc2a91a8fb262e94d75e6232af37ecb41bf (0.00s)
    --- PASS: FuzzRangeproof/41fb2e1cf99d381ca74eefe6ad1222d6690799fb (0.00s)
    --- PASS: FuzzRangeproof/422d06e3ba61d39aa234e118282be14d0ae086fd (0.00s)
    --- PASS: FuzzRangeproof/430c9973014ec94417bafb5f371602f0c7a1224a (0.00s)
    --- PASS: FuzzRangeproof/439758a0ab4c9a6829871513c37cb4f9608ea69e (0.00s)
    --- PASS: FuzzRangeproof/441f8fdeb413cba72de6b242670ce2b77c569345 (0.00s)
    --- PASS: FuzzRangeproof/4476fad1149c83ae490c4f69b2656e60bfb2242c (0.00s)
    --- PASS: FuzzRangeproof/448977404025adddf4082ae74228fda72737b820 (0.00s)
    --- PASS: FuzzRangeproof/44ceca6bc98dc46dbebefbe1613b0b7ebb3da7d0 (0.00s)
    --- PASS: FuzzRangeproof/45baa35140888b2912233d1f1b25372e56cb5dfe (0.00s)
    --- PASS: FuzzRangeproof/45bb2fc55ef0a55863c2782f8bd88d309789a749 (0.00s)
    --- PASS: FuzzRangeproof/460af2f976dea5387dcefe355b5c160aee2b26f1 (0.00s)
    --- PASS: FuzzRangeproof/471496cc2a5a80a85060ed89ee59d7de787fd438 (0.00s)
    --- PASS: FuzzRangeproof/47427e1a1ef94ec6c8e17aef858125f7488ce657 (0.00s)
    --- PASS: FuzzRangeproof/47d0f319b248b44bcb37d5338ba5fc3430a5a3a1 (0.00s)
    --- PASS: FuzzRangeproof/489b4cdbbc6ec284d22b0736d91b4d9cbb628b45 (0.00s)
    --- PASS: FuzzRangeproof/490c1a0fb475019cd9d55f56676e10effd95dd77 (0.00s)
    --- PASS: FuzzRangeproof/497605b0741f2bffb0438049b61db4824bb406cb (0.00s)
    --- PASS: FuzzRangeproof/49e78acca6215adf7ecf508451f28bc923832e6b (0.00s)
    --- PASS: FuzzRangeproof/49f3ddb4b0c56b1a9ec381500889032aaf0d63a4 (0.00s)
    --- PASS: FuzzRangeproof/4a2122ae287054389eb898c5a9d9364132448376 (0.00s)
    --- PASS: FuzzRangeproof/4a6e4a6a54f1ed709724a006f9b8fde022843527 (0.00s)
    --- PASS: FuzzRangeproof/4aa058fc9d483c1e27d0f2f497d93e0fc9440041 (0.00s)
    --- PASS: FuzzRangeproof/4b2bd5e16988622132f865ae15f3fb5754f96d58 (0.00s)
    --- PASS: FuzzRangeproof/4b5fba4d8a0d312c9db10d912f2cf1440b8c3bef (0.00s)
    --- PASS: FuzzRangeproof/4bcd727e2ad8c7d03a97bb1dc31f262a54936664 (0.00s)
    --- PASS: FuzzRangeproof/4c060366f3fcc7d8878f90b4071251c69a8a9748 (0.00s)
    --- PASS: FuzzRangeproof/4c0bc86fd010d6c95820d34b2f2d0f9bff0f99db (0.00s)
    --- PASS: FuzzRangeproof/4c1b615abb52ea06d8edcc604499b6c214053551 (0.00s)
    --- PASS: FuzzRangeproof/4c1ef496434def85c1789fd430ed17d83e721089 (0.00s)
    --- PASS: FuzzRangeproof/4ce00aafe7eba742c85e69e2443d649d1ca267fb (0.00s)
    --- PASS: FuzzRangeproof/4dad3baa9e23b4f655365a31c93cce83b520fea3 (0.00s)
    --- PASS: FuzzRangeproof/4dd6f7697699068d6dd79b4c2b97bb6233a6f12d (0.00s)
    --- PASS: FuzzRangeproof/4e3cd62a9679f87dc9d21f8fc0be600152e58d4e (0.00s)
    --- PASS: FuzzRangeproof/4e8ec5fdcbcbf41d53acfcb0c56efcd4ce25ef3a (0.00s)
    --- PASS: FuzzRangeproof/4edd7673b51ca87d293ef70bccb34b1b0f6853ce (0.00s)
    --- PASS: FuzzRangeproof/4f0262c9a880a8191fe001715a40a9f3da3de8ad (0.00s)
    --- PASS: FuzzRangeproof/4f62fab0b7305919e4048fac702214f56e7e6def (0.00s)
    --- PASS: FuzzRangeproof/4ff2f008618e83e8815d36448a8a3b56107c7032 (0.00s)
    --- PASS: FuzzRangeproof/508215365b137b0157c66a89750ab3bf68646af7 (0.00s)
    --- PASS: FuzzRangeproof/50aa094340a99fd53590380d0e2f6efc15a08b6b (0.00s)
    --- PASS: FuzzRangeproof/513af9037095ee25314c143124fc8b10fe4943ed (0.00s)
    --- PASS: FuzzRangeproof/52a51399a846bc42b1e560d08b1389e51808f4ac (0.00s)
    --- PASS: FuzzRangeproof/532f1791aa2abee616bda1d84a5366378c83556c (0.00s)
    --- PASS: FuzzRangeproof/53354616a948dad5a923e563f578e79d55b2b88f (0.00s)
    --- PASS: FuzzRangeproof/533a14678627cb4a9cde952939ad8f7c5ed87cb9 (0.00s)
    --- PASS: FuzzRangeproof/549f45f1e65312482b7e4759b37c4fd2929a1efb (0.00s)
    --- PASS: FuzzRangeproof/54a3ed0aa931b8a2c6666be8f3460ce0c9cde050 (0.00s)
    --- PASS: FuzzRangeproof/54d11991822ab29274fe9e3b6d22de9b173aa47e (0.00s)
    --- PASS: FuzzRangeproof/54df992ffc2ccfdef8738ec9474bbedd6f27b455 (0.00s)
    --- PASS: FuzzRangeproof/5558f117689676b461bf2ebf0200464a987d22c0 (0.00s)
    --- PASS: FuzzRangeproof/563f33a7188e52305535ec8f4ab9e373992b11ac (0.00s)
    --- PASS: FuzzRangeproof/564f48bcf976616417f2f2731e8672ea377faef4 (0.00s)
    --- PASS: FuzzRangeproof/56d23d9c5508edce4855076bf8b12647ce64946d (0.00s)
    --- PASS: FuzzRangeproof/5990a887874f5bb5b80e3be22f7e05d6d3b8cc4d (0.00s)
    --- PASS: FuzzRangeproof/5a9d5c9b09e3641a1abdbc606b4ce2c8342e39c5 (0.00s)
    --- PASS: FuzzRangeproof/5ac5348838c4588df70d06328958cd71ccc76338 (0.00s)
    --- PASS: FuzzRangeproof/5b31ac3ff858be235b794335fa0ad6d08c1d5954 (0.00s)
    --- PASS: FuzzRangeproof/5b8cc3899554491a16e7a8af91898e2ec867025d (0.00s)
    --- PASS: FuzzRangeproof/5bdb9520d0b31b7f846478b5ccd592d79006978d (0.00s)
    --- PASS: FuzzRangeproof/5c7dd9736ef53bf509e7e6d83283a16be8ca639d (0.00s)
    --- PASS: FuzzRangeproof/5d1eaa1a5bbd39e299f669a8047ddd64834c296b (0.00s)
    --- PASS: FuzzRangeproof/5dd2bea8f3a263aad5087b00b35b9e85747b1217 (0.00s)
    --- PASS: FuzzRangeproof/5dda362a93572d901c30b8d2f68046d428f4ab8a (0.00s)
    --- PASS: FuzzRangeproof/5e2d74d7ab209e8866f0c2a53e6fd6e27f578afe (0.00s)
    --- PASS: FuzzRangeproof/5eb52674c200e0873762cf7815923c7718b84006 (0.01s)
    --- PASS: FuzzRangeproof/5ee507e4d91267db8ae4391a1917358f6dfbd6ab (0.00s)
    --- PASS: FuzzRangeproof/5f60fc774b88097ee8404faa2071f7eb106a37be (0.00s)
    --- PASS: FuzzRangeproof/5f8d270b60d521071ad2593333df2dc57b58844f (0.00s)
    --- PASS: FuzzRangeproof/5fd0d23017d0a6666868271eeba4703dd9cc144b (0.00s)
    --- PASS: FuzzRangeproof/606a94753249481bdb69a760f472a1257dd530a5 (0.00s)
    --- PASS: FuzzRangeproof/60988a41c4f10f4f822576fc07e8125712fd741e (0.00s)
    --- PASS: FuzzRangeproof/60a79a878299a3f0f88f875c52d34d611638622c (0.00s)
    --- PASS: FuzzRangeproof/612abf4c15087ee7873760eb5f62fb6e98d654ad (0.00s)
    --- PASS: FuzzRangeproof/61838f4307beb7379712eabf87fdbe9cc6f51785 (0.00s)
    --- PASS: FuzzRangeproof/61840bdb03dd236b21da43dbef1aeeb2460663a2 (0.00s)
    --- PASS: FuzzRangeproof/61ba000fd047896c5ab584de6488dbbf855b451e (0.00s)
    --- PASS: FuzzRangeproof/6295956d5fc48f30b2d34fb9ae3ca268bd4e4b9c (0.00s)
    --- PASS: FuzzRangeproof/62d50823d36b81c7fa475d78f7449abaf0ad9fc8 (0.00s)
    --- PASS: FuzzRangeproof/6347f01a4fc7a78cad13982c4d9a4ade86ed9c59 (0.00s)
    --- PASS: FuzzRangeproof/636211341eb1223e3f7efe219f1654e8b05181da (0.00s)
    --- PASS: FuzzRangeproof/63d9753557d469a60c810627679b838c3260de65 (0.00s)
    --- PASS: FuzzRangeproof/64987ad2e2e1608798b758dc1ab36570c355fd8f (0.00s)
    --- PASS: FuzzRangeproof/64c2376f1fa52d707937dd2e19412bda0c6dd12b (0.00s)
    --- PASS: FuzzRangeproof/6503d119c7871453b4b239cd820e2121577ae895 (0.00s)
    --- PASS: FuzzRangeproof/656e2076298af3da2b174441209c164a6afc2628 (0.00s)
    --- PASS: FuzzRangeproof/6593805f2697e0dd311c56c841673527ae3aecee (0.00s)
    --- PASS: FuzzRangeproof/6674d492bdbdf8b3db46e9f6b8a08ed91add0d12 (0.00s)
    --- PASS: FuzzRangeproof/6689b0bf5ed6a11f560f6a1bf70291765eb44f93 (0.00s)
    --- PASS: FuzzRangeproof/6718530a2dffd01bd016b7e7a094bd98dffe0f9d (0.00s)
    --- PASS: FuzzRangeproof/67432e5d831991ad589c2a94b8748c8bde00a25b (0.00s)
    --- PASS: FuzzRangeproof/67d60d997cfd7bf9354496d40c6fc0c23bfa6b13 (0.00s)
    --- PASS: FuzzRangeproof/693e8e2278a3385b911d23e2df6abba8263cc37e (0.00s)
    --- PASS: FuzzRangeproof/695942fb5c616bb8f974d374a745ccc29ed9aa38 (0.00s)
    --- PASS: FuzzRangeproof/6987eb3470a2f15e7719482a9fa201fb11807467 (0.00s)
    --- PASS: FuzzRangeproof/69a14509150f6f9b3a5596a1b1ac11365bc2a00b (0.00s)
    --- PASS: FuzzRangeproof/6ac4c6bab7269bd3eebb3930c5f30691d734af55 (0.00s)
    --- PASS: FuzzRangeproof/6bdfba46b13cc06e9e163332adf541314d790c6d (0.00s)
    --- PASS: FuzzRangeproof/6d0e7aecf8dd396de2c4c45bc601b0569df4dc36 (0.00s)
    --- PASS: FuzzRangeproof/6d38a8f824bafbb0c55b2b4a905d1320c5369514 (0.00s)
    --- PASS: FuzzRangeproof/6d5aa7c7c789484701720832e6d7741fd732a63f (0.00s)
    --- PASS: FuzzRangeproof/6d8c6343ebfea46a3461df158760f06110af435a (0.00s)
    --- PASS: FuzzRangeproof/6e159c30bd00618a7ee90a60f6c51346b1965a5e (0.00s)
    --- PASS: FuzzRangeproof/6ec619abb7049c07c9b4f41a33b7a50dd972f30e (0.00s)
    --- PASS: FuzzRangeproof/6fc2d2ccec9c3bc79e0020fa56a1789c364e7113 (0.00s)
    --- PASS: FuzzRangeproof/6fd5f83bfb467967ab54638b93496addbe10ff58 (0.00s)
    --- PASS: FuzzRangeproof/6fe88261e112c4b787ed275abfeea0676b61da86 (0.00s)
    --- PASS: FuzzRangeproof/70b01295a66746d78021113f66c3fe104fc5c8c9 (0.00s)
    --- PASS: FuzzRangeproof/70c1a2d4fd3efe0360010c76f04ef2c241c7af61 (0.00s)
    --- PASS: FuzzRangeproof/710b251663ceab4fbdacc26a08c210f26f50ab68 (0.00s)
    --- PASS: FuzzRangeproof/715d90307e3d81d758fe57740482e09af0ac9639 (0.00s)
    --- PASS: FuzzRangeproof/71a992e69a4afdfb62d4fa068a271f7ff577b349 (0.00s)
    --- PASS: FuzzRangeproof/71c737f97f40072c957be48b690d264a8cb611ab (0.00s)
    --- PASS: FuzzRangeproof/71f6ddace08465ebc38f68e286fe5b47fa936308 (0.00s)
    --- PASS: FuzzRangeproof/7281d9f1f8b5d0b738038f58c8518c039e4e0469 (0.00s)
    --- PASS: FuzzRangeproof/72ab6ea1a80a6b17e21611801390915a2d379558 (0.00s)
    --- PASS: FuzzRangeproof/72c1df45343df0305c02f40b01fce2a5d888c300 (0.00s)
    --- PASS: FuzzRangeproof/72dc62b40f33a970c2bad67fea79faba6f8705f0 (0.00s)
    --- PASS: FuzzRangeproof/72ebdc0e07eadcd83f652ecbfb72518e5eb7e122 (0.00s)
    --- PASS: FuzzRangeproof/7348ed1b3dc335fb050035ff451f29c2577e06d3 (0.00s)
    --- PASS: FuzzRangeproof/73a987499dddec91e5c0e078d55e2656cfe483b0 (0.00s)
    --- PASS: FuzzRangeproof/7425d9cc61b24d38ce14dafdc91b3ee65ff1153c (0.00s)
    --- PASS: FuzzRangeproof/74562623d15859b6a47065e0f98ce1202fb56506 (0.00s)
    --- PASS: FuzzRangeproof/75e2b691f8053fe40434e3c3ae3c93d706f887aa (0.00s)
    --- PASS: FuzzRangeproof/760fa7f1bc1524c55a34af65ef4c4c59940b216e (0.00s)
    --- PASS: FuzzRangeproof/7621d99c477a30566502e581ccba253a5b55dac7 (0.00s)
    --- PASS: FuzzRangeproof/7631787005e9c21d568a14fbca81641670bc447c (0.00s)
    --- PASS: FuzzRangeproof/76be82a3940b4fad617a0f757f38a21acac8b853 (0.00s)
    --- PASS: FuzzRangeproof/76ec7a0d4b24b479a108d2f34fb2d2f4aee7ee93 (0.00s)
    --- PASS: FuzzRangeproof/7815c1c443318e99b8f11c6cad5481e1c3443154 (0.00s)
    --- PASS: FuzzRangeproof/781e98bc367619ef050bbe461d3dd9f2072d4773 (0.00s)
    --- PASS: FuzzRangeproof/78d6112f5a91864f7d3f17efbbbb0c546b9355bc (0.00s)
    --- PASS: FuzzRangeproof/797a54fd3a3ebce12c6f770e790f62a619e34a98 (0.00s)
    --- PASS: FuzzRangeproof/79979640dbd27079bae13a6316ada03612f3f2bf (0.00s)
    --- PASS: FuzzRangeproof/7b0dc77667c6019af2321ad569cb72e0a77e5e9f (0.00s)
    --- PASS: FuzzRangeproof/7b9853429563790b7a95a3e9b9da4f875a1f8be9 (0.00s)
    --- PASS: FuzzRangeproof/7b9a6b0f6ea5d1bf29ceaf09cd852f9fe65a2edd (0.00s)
    --- PASS: FuzzRangeproof/7ccc8f5766af0ce4754fc5feeda7364ad2899a43 (0.00s)
    --- PASS: FuzzRangeproof/7d4f9c3aa4feabc342677564094f041d53d2c116 (0.00s)
    --- PASS: FuzzRangeproof/7d820a83dbd6f6359be86ca6a380bbe1bd447407 (0.00s)
    --- PASS: FuzzRangeproof/7e23618ac9af7f088fb7d87135cfbf63f68831e9 (0.00s)
    --- PASS: FuzzRangeproof/7e62d3d5dc899863af8803239ab4c3c3dcf7dd72 (0.00s)
    --- PASS: FuzzRangeproof/7e64319afdb75d216bbe3f0ba2842ca74502245b (0.00s)
    --- PASS: FuzzRangeproof/7ea7a719580922d10fef122afa4cbde31fed62c5 (0.00s)
    --- PASS: FuzzRangeproof/7ef555bd74368260d199a57346b779dc01878033 (0.00s)
    --- PASS: FuzzRangeproof/7f3c944bf38852762e32eb3621c5096b6759b06e (0.00s)
    --- PASS: FuzzRangeproof/7fb912ea13d5833d78f1b081cfcf53e36534e513 (0.00s)
    --- PASS: FuzzRangeproof/7ffa964175b4ab98af6b1ef60a3f38693547896a (0.00s)
    --- PASS: FuzzRangeproof/8020116651dc6418d935c67eebceb7f051567b39 (0.00s)
    --- PASS: FuzzRangeproof/804213f2ffc55517bc8eaca63a852d5e0b1be346 (0.00s)
    --- PASS: FuzzRangeproof/80af3009210981eea0f897bb1d0e5ab734d4cd18 (0.00s)
    --- PASS: FuzzRangeproof/81f9cd6b41d34aad22b8bd79ea24f9eafc1d0a92 (0.00s)
    --- PASS: FuzzRangeproof/82b25f7f12be3ce10cf0f236f5c97611f60fbf89 (0.00s)
    --- PASS: FuzzRangeproof/82c03864e31616e0da1531f6b013995aa46af375 (0.00s)
    --- PASS: FuzzRangeproof/8304c8da20eebe631bebe657f09b88850377cccd (0.00s)
    --- PASS: FuzzRangeproof/83530523de54fb609f50481948a33daeb5f25bb5 (0.00s)
    --- PASS: FuzzRangeproof/840d8a80c7a52b0fc17e19156c5b72c8c0e9abef (0.01s)
    --- PASS: FuzzRangeproof/843e5cbce34c5f9ae2c10c933b79f349220d87a0 (0.00s)
    --- PASS: FuzzRangeproof/845fc5f4b38dd9e53549b8a2e6d655120cb5d1be (0.00s)
    --- PASS: FuzzRangeproof/84e729543b2adf6cc0e3dee485ae406c3bbce441 (0.00s)
    --- PASS: FuzzRangeproof/84fc2e9c06e2109d7c546fdc21db49a5453a61d5 (0.00s)
    --- PASS: FuzzRangeproof/85bd41e5fe0aca58549e71273af556b14ebc6443 (0.00s)
    --- PASS: FuzzRangeproof/85d5b3a5ec48afdb5dea25903d1beb9491be4f34 (0.01s)
    --- PASS: FuzzRangeproof/85faeff0f2102570d12d26fc86e26b3a9351767f (0.00s)
    --- PASS: FuzzRangeproof/8621035a780906d8ca387a21293659b9682dde91 (0.00s)
    --- PASS: FuzzRangeproof/86240f047e63250603857a5c348ebfe1e5c807ca (0.00s)
    --- PASS: FuzzRangeproof/87999b2420b6e6ebece9f994c63c31d3bf710e26 (0.00s)
    --- PASS: FuzzRangeproof/87e22d9146370a4c4ded0b356c691a524c37ccd2 (0.00s)
    --- PASS: FuzzRangeproof/8853a2876f1ab8914de689f0715d57c53d4df1b7 (0.00s)
    --- PASS: FuzzRangeproof/885eda80e9182fc182b05ba2852e6c368203a8da (0.00s)
    --- PASS: FuzzRangeproof/88c0dcb5ce097509f1c04930bc418250bdafa159 (0.00s)
    --- PASS: FuzzRangeproof/88e784571f55ab938d1403d63015f1d66c6f0e70 (0.00s)
    --- PASS: FuzzRangeproof/89bd8c3595f60f44f3262a8bee821cf0d9f1dbff (0.00s)
    --- PASS: FuzzRangeproof/8aa6921fb2a7c1688e080cb52ab1ced356c8af54 (0.00s)
    --- PASS: FuzzRangeproof/8b1664f8b2dbbac02fda8b93f367f069a62f44f0 (0.00s)
    --- PASS: FuzzRangeproof/8bbbcb109c6edb18f3b80310e9efdfc587cacc1d (0.00s)
    --- PASS: FuzzRangeproof/8bfbc5794279e95ae7108e4acfcab7e6ede6570b (0.00s)
    --- PASS: FuzzRangeproof/8cde08ef0e2fa469cef5a53bc70a6dd2bab0326e (0.00s)
    --- PASS: FuzzRangeproof/8d0cbfb43a389635f80c8b58420df406cef2dd5e (0.00s)
    --- PASS: FuzzRangeproof/8d1ff190852558115dae0549df70972936403374 (0.00s)
    --- PASS: FuzzRangeproof/8d47039fca90711b937fcd5ca0d61a1331db77ea (0.00s)
    --- PASS: FuzzRangeproof/8e262df49e59a94e9ceff9c95a1e2b7e37eac4a3 (0.00s)
    --- PASS: FuzzRangeproof/8e8b47c0af75d71833751924a0fdb193ea6cca80 (0.00s)
    --- PASS: FuzzRangeproof/8f0d7366ae69ff14ead318abca477c366476ec94 (0.00s)
    --- PASS: FuzzRangeproof/8f371a76a78584fb27ff18e87bcfc1bbb658afda (0.00s)
    --- PASS: FuzzRangeproof/9017aa35451d41c3a079e8f2a3b2f580baadb3ed (0.00s)
    --- PASS: FuzzRangeproof/9070615dc28eaa861d44ae804ad00217939e56d9 (0.00s)
    --- PASS: FuzzRangeproof/907af0a2216505d3ed158b97298ce1afd3bb948b (0.00s)
    --- PASS: FuzzRangeproof/90dea1c2d59a624f22bd686ab1d2baf40a537a3b (0.00s)
    --- PASS: FuzzRangeproof/91231b5c311abd9d3928579559aca090924a68c8 (0.00s)
    --- PASS: FuzzRangeproof/9132976fafa0488015190715dcb7f5db88228676 (0.00s)
    --- PASS: FuzzRangeproof/93a89bc500c13c8e8f02b8f76630cf0dd5e34c2d (0.00s)
    --- PASS: FuzzRangeproof/93bcb3ff7e96cc11f7f605e78acae0944e4f060a (0.00s)
    --- PASS: FuzzRangeproof/9469e6814025e301cf7caea2116bce40ec66df01 (0.00s)
    --- PASS: FuzzRangeproof/94ac3a2cf67cd17a71b0838e45defa4702d897c3 (0.00s)
    --- PASS: FuzzRangeproof/94d7c9c1bd30363e5085714349930e5e8e4bbaf7 (0.00s)
    --- PASS: FuzzRangeproof/9513e71e7b0cf177b3edadba19c16ad51fb39e35 (0.00s)
    --- PASS: FuzzRangeproof/9524a3381087ed28f480de75aca15692a4996bb9 (0.00s)
    --- PASS: FuzzRangeproof/95ae6b5b1eaa65f11a1c779364c8527abde40f81 (0.00s)
    --- PASS: FuzzRangeproof/95ff2a7b6bd120a1377ded873266647a52375635 (0.00s)
    --- PASS: FuzzRangeproof/966e7c8c9c3dd4de7587a2cf18bc46a079823d04 (0.00s)
    --- PASS: FuzzRangeproof/9731752e4efc05008c1dada22c6b8390a5e27ab5 (0.00s)
    --- PASS: FuzzRangeproof/9798df891fe3206bf3b8b1952bf0b625c1c067c4 (0.00s)
    --- PASS: FuzzRangeproof/985926b84c013570fff12fe996772cf47fb76895 (0.00s)
    --- PASS: FuzzRangeproof/98686a991ef725d27296f3f25eca3f5491c64e0c (0.00s)
    --- PASS: FuzzRangeproof/988cd9ab7c9c2741c82cf004c281b9a9c7966713 (0.00s)
    --- PASS: FuzzRangeproof/98d6343b0ebb111ffb4a1c30d3481aaf404461a0 (0.00s)
    --- PASS: FuzzRangeproof/98f15cfe59ab88e2057d389cfe5eb8218e6974b8 (0.00s)
    --- PASS: FuzzRangeproof/9977a88564869ae8387db712084d2e33c3fee83b (0.00s)
    --- PASS: FuzzRangeproof/99c286ccd7bc4e14d9a0f9f31d8da2085650a64c (0.00s)
    --- PASS: FuzzRangeproof/9a40ab95c540973f8f27c679f0ffdc3ea51029ba (0.00s)
    --- PASS: FuzzRangeproof/9a94578a5143eecfa1e46c722079732ddd703a6d (0.00s)
    --- PASS: FuzzRangeproof/9ae0bdb17f2e6f326cfcb1cb37b3cbc434d6c62e (0.00s)
    --- PASS: FuzzRangeproof/9b611c3d6ae468612d2e526118f43025f854c1b2 (0.00s)
    --- PASS: FuzzRangeproof/9bfb0e4649a9fcf430d5bb232f356a787e716c55 (0.00s)
    --- PASS: FuzzRangeproof/9c47c1df38cbfd243e091da8e361b4e0cbd53035 (0.00s)
    --- PASS: FuzzRangeproof/9d9c42089efb3f876e0e6758eddd6ed6f1a99f50 (0.00s)
    --- PASS: FuzzRangeproof/9e8cbafa20d5597580869a99f05e79f6d57f57cb (0.00s)
    --- PASS: FuzzRangeproof/9fc1b499bc800dddeb7a4b5c034a8b691a7ef381 (0.00s)
    --- PASS: FuzzRangeproof/9fd64b085a1e23ed69a02e23f092bafb50aaba1f (0.00s)
    --- PASS: FuzzRangeproof/a096f00f15e417588c046fc4ad5700adc9e843a1 (0.00s)
    --- PASS: FuzzRangeproof/a10909c2cdcaf5adb7e6b092a4faba558b62bd96 (0.00s)
    --- PASS: FuzzRangeproof/a13f587512cdb3d44a8d6cf4a65935d321fdf609 (0.00s)
    --- PASS: FuzzRangeproof/a1e96e41e601082766587a8d8e76210c479cca7f (0.00s)
    --- PASS: FuzzRangeproof/a32e840452721ad753e3ca0d19b10b15217701f5 (0.00s)
    --- PASS: FuzzRangeproof/a39094512a801c10526fa87f372368a8e933ff87 (0.00s)
    --- PASS: FuzzRangeproof/a39dc5a688507118b8434de3151fa8c306ae9629 (0.00s)
    --- PASS: FuzzRangeproof/a3c5e9af317678ba8fc9f329ac236431c12fd69f (0.00s)
    --- PASS: FuzzRangeproof/a3ce7d32c32de06b507881a26a22c41fcda9e526 (0.00s)
    --- PASS: FuzzRangeproof/a45e64ff7319f829dd4e6f00ba6a27679f4cb7d2 (0.00s)
    --- PASS: FuzzRangeproof/a4bcdef9f30d305c376fc0f22f9ab34e9b053746 (0.00s)
    --- PASS: FuzzRangeproof/a58506854c07cfb03f2d27b6d2ce8fa9e8965aa3 (0.00s)
    --- PASS: FuzzRangeproof/a8267528c641ea63a3dc1fe44a751cbdd7e15aa4 (0.00s)
    --- PASS: FuzzRangeproof/a82dd5bdb24e763050d3db68f96feae8d6320b88 (0.00s)
    --- PASS: FuzzRangeproof/a8332eb049a96c4f7ba8e3721b9fdd1cf3ff0b00 (0.00s)
    --- PASS: FuzzRangeproof/a834ee46e0c54d3d330a308d1527f4c2f0ed676b (0.00s)
    --- PASS: FuzzRangeproof/a921348638ec718c48a045313fffdcd54ce1ea28 (0.00s)
    --- PASS: FuzzRangeproof/a98dbd7e41e1de5d86ab901b640fe824a595c9f0 (0.00s)
    --- PASS: FuzzRangeproof/aa430206f5cb4ac2c245b1238d8a70432d8b1076 (0.00s)
    --- PASS: FuzzRangeproof/aa4c3a803474d33f8c8ab176d96713bad294cdd2 (0.00s)
    --- PASS: FuzzRangeproof/aa697fa39b85da93fc00543630275826de4fa08d (0.00s)
    --- PASS: FuzzRangeproof/ab4640d16551c03a64f91b3088917e46d88b8354 (0.00s)
    --- PASS: FuzzRangeproof/ab8c52f06bdaddb2ce7ebca46fad326dfb39de89 (0.00s)
    --- PASS: FuzzRangeproof/ac807d7ba17915d8087f17671174d5b08634eb6f (0.00s)
    --- PASS: FuzzRangeproof/adea798ef77c1dfeddbd710476b096080e14ef78 (0.00s)
    --- PASS: FuzzRangeproof/ae29d9f60641701ac8629853c75e586c3b756c57 (0.00s)
    --- PASS: FuzzRangeproof/af121c301f57a3771e8bf9358317f2d5f3655a85 (0.00s)
    --- PASS: FuzzRangeproof/af7478341582a63f5b23c9fa4d1fe56c8e4196cc (0.00s)
    --- PASS: FuzzRangeproof/af9474e900c79c16ed46394c6cd58a38e5b2525f (0.00s)
    --- PASS: FuzzRangeproof/b2491b03df9282712572ba0a3e85492e3be1178f (0.00s)
    --- PASS: FuzzRangeproof/b2fcb6841d44610e1c540268a4096525f620a280 (0.00s)
    --- PASS: FuzzRangeproof/b36da74c9f29570fbcc21944ff007686d7d40af2 (0.00s)
    --- PASS: FuzzRangeproof/b402b4de89a05c312e67e98a555cd923ee7f9970 (0.00s)
    --- PASS: FuzzRangeproof/b4060bcce1bfb4e99e2184b6a0b16938482752a5 (0.00s)
    --- PASS: FuzzRangeproof/b4122f5fe67babf13815493136821142284f3d9a (0.00s)
    --- PASS: FuzzRangeproof/b48371e3f91790260cd84e4b2029fe37ecfe8c9f (0.00s)
    --- PASS: FuzzRangeproof/b5023c7270d50d698af275d831e75b70109e2045 (0.00s)
    --- PASS: FuzzRangeproof/b52338e9a4c842c1872e3f3801dee637190bf448 (0.00s)
    --- PASS: FuzzRangeproof/b546946dc3b447a08119499bc2cbbc4cfcdda12c (0.00s)
    --- PASS: FuzzRangeproof/b5f75406f15ff1ec855d6a0bd39ddd4d582bc365 (0.00s)
    --- PASS: FuzzRangeproof/b630985f13914f9b2427101e61657900f1c50511 (0.00s)
    --- PASS: FuzzRangeproof/b65704fbab90277d45bfc42a66a584efbbe82e7d (0.00s)
    --- PASS: FuzzRangeproof/b7532c4b98588084b6111aaaa5b3302e27e4cc47 (0.00s)
    --- PASS: FuzzRangeproof/b7d2e8a0b2fe099a04de3e821aed9034ed14c288 (0.00s)
    --- PASS: FuzzRangeproof/b7f33ba325fe3a5b759770f421351645a00ff5fb (0.00s)
    --- PASS: FuzzRangeproof/b875e8725850c811651c52c5ddde83449bb1709a (0.00s)
    --- PASS: FuzzRangeproof/b88d117e78fa52b935420ed8101b32e048900839 (0.00s)
    --- PASS: FuzzRangeproof/b8a0c685d2cae73db18ed2e206836cbb6254a06b (0.00s)
    --- PASS: FuzzRangeproof/ba33bbe3939ace6ad3764ffc070f8846a1c34163 (0.00s)
    --- PASS: FuzzRangeproof/ba5303b102f5b988d7774e1aba973f0cfd962463 (0.00s)
    --- PASS: FuzzRangeproof/bb00175754cde846ee27155d946b547f09cb1430 (0.00s)
    --- PASS: FuzzRangeproof/bb20681a9edea93925b0b2f0bc75abbd7d107325 (0.00s)
    --- PASS: FuzzRangeproof/bb3a06b4f3c48ba03eee457174e096e417951ad2 (0.00s)
    --- PASS: FuzzRangeproof/bb4393268d6537d73cd74e1b3f6702233d1d1e0d (0.00s)
    --- PASS: FuzzRangeproof/bbbc05732becd2efdd2f3b935eccc5029fdac65c (0.00s)
    --- PASS: FuzzRangeproof/bc62b269b9d500f93c3b891453314b6306700508 (0.00s)
    --- PASS: FuzzRangeproof/bcac35dd5e4d5599978778043d6a8522fa55147a (0.00s)
    --- PASS: FuzzRangeproof/bcbd16cc7ff432f9dcb57030752c91199dd2b4bf (0.00s)
    --- PASS: FuzzRangeproof/bcc25c4db6673f445160a86498852c8e5ac8c53d (0.00s)
    --- PASS: FuzzRangeproof/bd7537a84c807971a6e54e67b94c1c9b077ea594 (0.00s)
    --- PASS: FuzzRangeproof/bd97cb4494ff9dc067e44280292fb411b22d40f0 (0.00s)
    --- PASS: FuzzRangeproof/bde87213fae93d3bf35affb27771efe8633b11ab (0.00s)
    --- PASS: FuzzRangeproof/bed8cb93c98f4f570491cdd554b5c1481b072269 (0.00s)
    --- PASS: FuzzRangeproof/bf622a76a69966cb6c18837ce83288511b19ca67 (0.00s)
    --- PASS: FuzzRangeproof/c15371783505d2f2ec0ea20fdb4746e93c1a431c (0.00s)
    --- PASS: FuzzRangeproof/c18c33d0899061b84eb06d6aee274a8a7d8e65d2 (0.00s)
    --- PASS: FuzzRangeproof/c340f32c1336c77395841793bc0a486f1bcf25e5 (0.00s)
    --- PASS: FuzzRangeproof/c3e56bc5552bc3030c14d6386e25fea314ebe527 (0.00s)
    --- PASS: FuzzRangeproof/c4dd882be306bad9f155694083ddc1cbab95faba (0.00s)
    --- PASS: FuzzRangeproof/c523336559a8e07e2fb1b8286e3a941496ccd0c8 (0.00s)
    --- PASS: FuzzRangeproof/c54c61f808c84a65bc90544ba8149ee7a9764d39 (0.00s)
    --- PASS: FuzzRangeproof/c5c1f5efb5e16db986988dffff78c3d4f2cc7bc0 (0.00s)
    --- PASS: FuzzRangeproof/c5fa0c054a400ae8c32cabf5604c8c4ec4b7e4d0 (0.00s)
    --- PASS: FuzzRangeproof/c5fe170971f0500c8af3b48e4b236a0385a1397b (0.00s)
    --- PASS: FuzzRangeproof/c8140fc034f36ead39b8c9fbfbfb5eca4c57f0ad (0.00s)
    --- PASS: FuzzRangeproof/c90a6553c5ff146d947582c3a4b54f79b0a822a1 (0.00s)
    --- PASS: FuzzRangeproof/c928b8cd0391f688cf015615a50f272c299306ae (0.00s)
    --- PASS: FuzzRangeproof/cad4fe9ed778684c3405c4dee83356760b44b194 (0.00s)
    --- PASS: FuzzRangeproof/caf4c91b4463445e68c4c9e811c7b6f8e5e50be9 (0.00s)
    --- PASS: FuzzRangeproof/cb4bb292ae298bd2d514d7e1c8c74e02522436d0 (0.00s)
    --- PASS: FuzzRangeproof/cbaa7fb39de30c60472cef6783a03a9f19c4006e (0.00s)
    --- PASS: FuzzRangeproof/cc098dd4458d38b4a7220a7f34a5a3bc4ae7fcec (0.00s)
    --- PASS: FuzzRangeproof/cc7af0f1532473056e8e47350670f865ea33e26f (0.00s)
    --- PASS: FuzzRangeproof/cd7b434425c1c9c9365edf505bb410b6856d9865 (0.00s)
    --- PASS: FuzzRangeproof/ce97553e9bf176d9d0899d294e3215326b879c57 (0.00s)
    --- PASS: FuzzRangeproof/cf2fdc239c4fa11fb9b1901b82a11c585b7bf7fc (0.00s)
    --- PASS: FuzzRangeproof/cf3abcc343bb6dd4d9d8eb01d4e4b7e84d2a1de0 (0.00s)
    --- PASS: FuzzRangeproof/d141e238c078dfcdf27fc988dc6d774dd2f64793 (0.00s)
    --- PASS: FuzzRangeproof/d17481cc9cb7ef2a3b717cf67c04b8852baff324 (0.00s)
    --- PASS: FuzzRangeproof/d17fc273c7a3f76817589ff094bcc101b1b47b1b (0.00s)
    --- PASS: FuzzRangeproof/d1accfddda6360ecc9ce569cc56394fb01ad60a4 (0.00s)
    --- PASS: FuzzRangeproof/d299670c197958fd4d58e23368b6801194590b05 (0.00s)
    --- PASS: FuzzRangeproof/d2ff1c24014a483cf163215765ae0bef8c6c5ecd (0.00s)
    --- PASS: FuzzRangeproof/d323db51f330cf0482acdfb114a1b56a1706f5bb (0.00s)
    --- PASS: FuzzRangeproof/d32d7505f55d43584d548c4b5ed4ad7b2b1a9e84 (0.00s)
    --- PASS: FuzzRangeproof/d33db0e89b8636c0289adc8f9cb7f589f05a268c (0.00s)
    --- PASS: FuzzRangeproof/d37fbaa414b7eda3323dee990a9c6e6ea4161245 (0.00s)
    --- PASS: FuzzRangeproof/d39f88cc33a33385aea775a0c989f24d6879521f (0.00s)
    --- PASS: FuzzRangeproof/d3ff4f6b115fdaba63abd995b53f3000d3c74aee (0.00s)
    --- PASS: FuzzRangeproof/d42253cba45df4fed5a7830ca6576c24fb63bbcb (0.00s)
    --- PASS: FuzzRangeproof/d4696af9ceabdd1aa05badfe17a4c73174465f87 (0.00s)
    --- PASS: FuzzRangeproof/d4d012aee22c6725d680f12cfd6863c37aac5917 (0.00s)
    --- PASS: FuzzRangeproof/d5b7aa6dfe7c24697019e5b52f741f0cad8b6385 (0.00s)
    --- PASS: FuzzRangeproof/d637503dbfe70500099ec44be7ea3fc2b843d631 (0.00s)
    --- PASS: FuzzRangeproof/d6ed4c8d79748fb736312da53d347bdfc7e7ade6 (0.00s)
    --- PASS: FuzzRangeproof/d7189109374afe880029e174775843c834c77273 (0.00s)
    --- PASS: FuzzRangeproof/d760e32c27b0de9cb530e5728b749fcaf3a44c78 (0.00s)
    --- PASS: FuzzRangeproof/d7922daa7f69dd3396b031a44a19451f9159d4c7 (0.00s)
    --- PASS: FuzzRangeproof/d8106dc2d858408197581aac8eda681a6d625603 (0.00s)
    --- PASS: FuzzRangeproof/d83bbd865091fc7516fc90eeb69555a2de9e9402 (0.00s)
    --- PASS: FuzzRangeproof/da926bf052f121e7d453b35da0badf10a4ce9617 (0.00s)
    --- PASS: FuzzRangeproof/db3c2161f2d6e415e1dd30d1ec652a781b7021d8 (0.00s)
    --- PASS: FuzzRangeproof/dbd15b43f4c480d7c250012134b47e5fe9c26452 (0.00s)
    --- PASS: FuzzRangeproof/dbdfd0e409726f2111d25dbdda204cd07d79c851 (0.00s)
    --- PASS: FuzzRangeproof/dc4a367585af14ea75d4b383c627af7129727986 (0.00s)
    --- PASS: FuzzRangeproof/de315eb5dc553d691a6fbd4ff8b608c9dad184e2 (0.00s)
    --- PASS: FuzzRangeproof/de586422332c3470a0617afde38dbf5c7eea9bcc (0.00s)
    --- PASS: FuzzRangeproof/de8043bba3965e78e744ec0eea4c345de97b76f8 (0.00s)
    --- PASS: FuzzRangeproof/def0ce6d141c20592cd1acf08673a61b18715cee (0.00s)
    --- PASS: FuzzRangeproof/df5f02f96fffc0f77764cd275b17e19ebe6d6f9a (0.00s)
    --- PASS: FuzzRangeproof/df6117db341603d9c0fdbc8600924f87fff53372 (0.00s)
    --- PASS: FuzzRangeproof/e00e81733880ab07c2add2da529b0d2286d31dbd (0.00s)
    --- PASS: FuzzRangeproof/e02c06eeab441d0510e42d02247b4f3b37ba9317 (0.00s)
    --- PASS: FuzzRangeproof/e2733d48819504a7fad8c255b11f16f8ac0e900b (0.00s)
    --- PASS: FuzzRangeproof/e2b287f6e8cbadf03f116bee52c9814d4cfbbf78 (0.00s)
    --- PASS: FuzzRangeproof/e2d848542d3d7c27cabbc3ff94493e7d0a36d7fb (0.00s)
    --- PASS: FuzzRangeproof/e326f6721c2e0ba6f82d5d877a4dea2d903ab287 (0.00s)
    --- PASS: FuzzRangeproof/e35cc0c7a633925eb3a632c9f644fa69e5477221 (0.00s)
    --- PASS: FuzzRangeproof/e3629330013c0cbd40f67b2cf58931db379a0a0f (0.00s)
    --- PASS: FuzzRangeproof/e3780035dcf992a6b43c4da03880fa977339a60f (0.00s)
    --- PASS: FuzzRangeproof/e42b500d99c9ff456716382d16d6b1351a4de819 (0.00s)
    --- PASS: FuzzRangeproof/e52031f65670a42931701cc77c411fc8b2dccec4 (0.00s)
    --- PASS: FuzzRangeproof/e53740c90d8b6f6c61bed553e8531b620ce4ed67 (0.00s)
    --- PASS: FuzzRangeproof/e699d03cccde51439fd9cae02d3e67673cc2e4f8 (0.00s)
    --- PASS: FuzzRangeproof/e6ff4ed547b11fd8c6ed127872941427d5430b2e (0.00s)
    --- PASS: FuzzRangeproof/e70a527d6a9bf0d7e10f430a3218f86282852cee (0.00s)
    --- PASS: FuzzRangeproof/e7f12a7256071f2466b8d9b59aafd6b417a28af0 (0.00s)
    --- PASS: FuzzRangeproof/e88f4549be89b29d3fe8b8a2aad1b8c03eb4e319 (0.00s)
    --- PASS: FuzzRangeproof/e8aa8c7f11fc2ec847289d573131b762e89fc68c (0.00s)
    --- PASS: FuzzRangeproof/e91b9b9ab9e46e1a7d2726fa1fcfb0db2790c998 (0.00s)
    --- PASS: FuzzRangeproof/e984a326cdbea995056061b26aa0343bfd129657 (0.00s)
    --- PASS: FuzzRangeproof/ea532df434844b35f78ab818044c7339c7e9a785 (0.00s)
    --- PASS: FuzzRangeproof/ea6e1773b1aff5dfaf232443a45935396d7f5065 (0.00s)
    --- PASS: FuzzRangeproof/eb4bec7a2f7d610ca8521f7b9cee633c36a12c53 (0.00s)
    --- PASS: FuzzRangeproof/eb6e7b711af1208e95a30f52c9b5109a3b711ba0 (0.00s)
    --- PASS: FuzzRangeproof/ece00e87aaef71789371011114dad73ccb2b526f (0.00s)
    --- PASS: FuzzRangeproof/edf20cb61c8cc5a42104b1872d8d945b6c36f213 (0.00s)
    --- PASS: FuzzRangeproof/edf36dea303b3189dd2ed38bdd441f31fb1cf132 (0.00s)
    --- PASS: FuzzRangeproof/ee180754c39f79cc52f14d6e146197a4e3db8c1c (0.00s)
    --- PASS: FuzzRangeproof/ee2f31b995825d1ac03750e365b41f1faffa706b (0.00s)
    --- PASS: FuzzRangeproof/ef72fdb349b80bc36f5fb61eb6c526b7fc6d8080 (0.00s)
    --- PASS: FuzzRangeproof/ef7d21d57265c4a19b476732f4177dd1cb676333 (0.00s)
    --- PASS: FuzzRangeproof/efa3bc367915cd7af4507d5039a11e150e1b8845 (0.00s)
    --- PASS: FuzzRangeproof/f014dfd88fafbfc40ea10ce5c46f4dd37f6c694f (0.00s)
    --- PASS: FuzzRangeproof/f05eaa6ca8c53be58f430f9a3bf9299982ea1d18 (0.00s)
    --- PASS: FuzzRangeproof/f1082eae7aebb2c7675912da9df152d12f705687 (0.00s)
    --- PASS: FuzzRangeproof/f35a75bac0cc0594193388449e5fbbc603ea1b2a (0.00s)
    --- PASS: FuzzRangeproof/f36d95ea5b2c1ceb3e0e192f9678ed8cf7355d63 (0.00s)
    --- PASS: FuzzRangeproof/f36def8f48614c0b36682cd5f71dd04705755d5b (0.00s)
    --- PASS: FuzzRangeproof/f379f3dffc94f6e6e15cb6d554b6f9007c7deffe (0.00s)
    --- PASS: FuzzRangeproof/f393914456e0da1a0d16046375beb3503736671e (0.00s)
    --- PASS: FuzzRangeproof/f3c90bf423a85b0a5b088579cf92cfb516517aac (0.00s)
    --- PASS: FuzzRangeproof/f44067490772feb1fb12285cde5201818b4fb18e (0.00s)
    --- PASS: FuzzRangeproof/f4910882139e460af3b27c7795e054d0cce47b54 (0.00s)
    --- PASS: FuzzRangeproof/f5f1b96fd600184e02d3cadb4ce239871f7c7267 (0.00s)
    --- PASS: FuzzRangeproof/f61e7eb4572900d4f505db27003bc93ae0592932 (0.00s)
    --- PASS: FuzzRangeproof/f64467736e8edddb76e122b64baeaf0ad1d3f4fd (0.00s)
    --- PASS: FuzzRangeproof/f66326400c18742253931dec4b5f792e1241a49c (0.00s)
    --- PASS: FuzzRangeproof/f7246d6e151d1bb6a048bfd1de52b8af7fa3ac8a (0.00s)
    --- PASS: FuzzRangeproof/f779ea8067528583a21eb83ffc487784027f1ba1 (0.00s)
    --- PASS: FuzzRangeproof/f7cbf05836dc27294c1bba6cae96e049de466e25 (0.00s)
    --- PASS: FuzzRangeproof/f8a59f06f62e26c1c2e924863e1ac3971f540c0b (0.00s)
    --- PASS: FuzzRangeproof/fa03d7ceb5ec3ae7ff38f6c7437cefce720faa0a (0.00s)
    --- PASS: FuzzRangeproof/fa0cb8bda6e05ac955edaf3573f63ef3576414f0 (0.00s)
    --- PASS: FuzzRangeproof/fa9bb888a25725300f22424342dd245960712568 (0.00s)
    --- PASS: FuzzRangeproof/fb396d0075a1ae0870174c213f0d22e2eb97264f (0.00s)
    --- PASS: FuzzRangeproof/fba78ae88390036cab38c07d6a7b67e57af33044 (0.00s)
    --- PASS: FuzzRangeproof/fbaf74165fe1e4b57a4d4b1c2f4b0cbc554d3bf5 (0.00s)
    --- PASS: FuzzRangeproof/fcbac5eff718937832f1f06b1ef5cfd8c034363d (0.00s)
    --- PASS: FuzzRangeproof/fd2168cce6803a879bbb503312a0ebed419b95ee (0.00s)
    --- PASS: FuzzRangeproof/fd63f26afc0c68a49f159e02db899683491e179b (0.00s)
    --- PASS: FuzzRangeproof/fe212b20d8633b00e528455c9a1b2435bf2dd96d (0.00s)
    --- PASS: FuzzRangeproof/fec485464571e0f9842c33d7a0aa83e06bad5468 (0.00s)
    --- PASS: FuzzRangeproof/ff11b9fcf2c8c518ea9c690b168652af2f7bfd92 (0.00s)
    --- PASS: FuzzRangeproof/ff4f9bd30f9c3cb832c0693a555e47f8088ac2a8 (0.00s)
    --- PASS: FuzzRangeproof/ff50ac90dff7294b63880147d529308b4198586e (0.00s)
    --- PASS: FuzzRangeproof/ffbc310392d4a9625f11862498c83d49c9a1ff44 (0.00s)
PASS
coverage: 93.3% of statements
ok  	github.com/morph-l2/go-ethereum/tests/fuzzers/rangeproof	0.471s	coverage: 93.3% of statements
	github.com/morph-l2/go-ethereum/tests/fuzzers/rangeproof/debug		coverage: 0.0% of statements
