=== RUN   TestFuzzer
--- PASS: TestFuzzer (0.01s)
=== RUN   FuzzSecp256k1
=== RUN   FuzzSecp256k1/023d4acd29ed32313832226eb0a28e38918d431c
=== RUN   FuzzSecp256k1/053f6747a06506106506cc2879520785bd07f85e
=== RUN   FuzzSecp256k1/07047db5fd9ace991c54d331c8c790e5ce281b61
=== RUN   FuzzSecp256k1/0cccfff5d4fa77b4ae77e7aca54088c3cd587fff
=== RUN   FuzzSecp256k1/0f3539599bea39dc3525c13b4bc1f0c3aa68f96f
=== RUN   FuzzSecp256k1/0fd41b080b4b26f3d29a855d9fc6be979af7a02e
=== RUN   FuzzSecp256k1/0ff574c1acaa9925f7ff05eb34eed7f133abe6de
=== RUN   FuzzSecp256k1/11d3eac0682a82b9661b87873d75799e6ef7475d
=== RUN   FuzzSecp256k1/137564deb03054ec46e2b62e2b3b46dc9ec1ef7a
=== RUN   FuzzSecp256k1/147d7b358aa809d99ed8206d3c81d4f1b5d06298
=== RUN   FuzzSecp256k1/14915c61b99f4a13a3f1db6eb36974bc1b7fbe63
=== RUN   FuzzSecp256k1/1533d777ebbfd06082b2979683926a256910e801
=== RUN   FuzzSecp256k1/158fe69ea8cd60c732c56e53b37d7b9496966cd5
=== RUN   FuzzSecp256k1/15d4f716d0bb60ba5b3c2315b21ed670d59710c7
=== RUN   FuzzSecp256k1/1c3a925f3f8c46ed93247912b5177e0034cdbe24
=== RUN   FuzzSecp256k1/21a47c84c7ea1721cefee4c681ef54975927e803
=== RUN   FuzzSecp256k1/225c29d61521473110f4e26a22a23f896ee5eced
=== RUN   FuzzSecp256k1/2352c1dfd4230007fe3743bca3d08571f9a2dd01
=== RUN   FuzzSecp256k1/244ea769291768424e97ed0c38b3ec5394609fe3
=== RUN   FuzzSecp256k1/24bb97e74ff208ac3ba2e8aa75269e13f0ffc7c2
=== RUN   FuzzSecp256k1/2645aad2614f9d51b9f574eb0f33e79b4a9d6776
=== RUN   FuzzSecp256k1/2aea4511700ca5e250049878400e62015d4ae2d5
=== RUN   FuzzSecp256k1/2ed3ce0129a65472a50d8ed6f9e08b4d993799fc
=== RUN   FuzzSecp256k1/2f0a75c7499ec246153b897f82d54ea5fb187a01
=== RUN   FuzzSecp256k1/3164794e9fddb0beedcac6fc4ef2306a0209b3ff
=== RUN   FuzzSecp256k1/328ef446bf9aef279cf93f13e688d6ff56d2fc9e
=== RUN   FuzzSecp256k1/359ba6caa502891e3e3e432be424e56445a887f6
=== RUN   FuzzSecp256k1/36a5dabfbb289cd89867089b8984562ef512a30a
=== RUN   FuzzSecp256k1/3b376681f99763f15f10b9124b9b984adcde1666
=== RUN   FuzzSecp256k1/3b50cfb2aee67acbcee63eacc30a3d2f51645815
=== RUN   FuzzSecp256k1/3c6f074c7bf880dee5d9412904ff76ccdc48f718
=== RUN   FuzzSecp256k1/3cecd41adbbdbbc6ef9681e3222a1b43069c0e50
=== RUN   FuzzSecp256k1/42d81b274dd233d6fe2bd4f3f789a48f82cafe03
=== RUN   FuzzSecp256k1/42fff0975e6a19624bc82bdb2aa8f85ca3d6b981
=== RUN   FuzzSecp256k1/45c66502d88ba2129c2c73dc235df4f8b51a8e88
=== RUN   FuzzSecp256k1/46738511eae361dba2c2a7244b16b69a5a8a1162
=== RUN   FuzzSecp256k1/48406c0d9a2053f11e907b4f7512e9d7e017d708
=== RUN   FuzzSecp256k1/4c6717ed5b7e4f5ec8f0bc87c388ee142b83b864
=== RUN   FuzzSecp256k1/4c716d847b9082f7b77bf15c00880a90056c78e6
=== RUN   FuzzSecp256k1/4eb66100d56965dca64c3f8b02d5345928cc1252
=== RUN   FuzzSecp256k1/4ff962299777ed8f68f60fb82fb166643aeacf29
=== RUN   FuzzSecp256k1/5135c69c6aca6f4aad9cd65660398fc3a7bce387
=== RUN   FuzzSecp256k1/53090b503f7988dc201b277de05a97a8dcc9de53
=== RUN   FuzzSecp256k1/5406e35958d4c561136692cf82fbd812932e5866
=== RUN   FuzzSecp256k1/54619edc3f170e8d951cd12d0bb3826ac0890496
=== RUN   FuzzSecp256k1/586d9ff8fa8bf8e5791c4f25ea072c4d96430e85
=== RUN   FuzzSecp256k1/58d91d1b54af191d42c8f3c4c1b25ca923e9defe
=== RUN   FuzzSecp256k1/5ec351eba1233b0c07b6a143d6691eaea4ce4a44
=== RUN   FuzzSecp256k1/6051e434425840225d2c3c1988974bbf30f74681
=== RUN   FuzzSecp256k1/61252b0538adae8d27ca4f94ae7c1a01f9c508e6
=== RUN   FuzzSecp256k1/63b5030b84188e75f22b0decf9345a663c9449b0
=== RUN   FuzzSecp256k1/63edfc1ce4da62219765948b250fc5ed92291204
=== RUN   FuzzSecp256k1/64f14f5e72f5bacf3c461072d4d87190f5684248
=== RUN   FuzzSecp256k1/66b9dc0ef05d10005dcc77996e02ff1bf04598ae
=== RUN   FuzzSecp256k1/6aea0a4640f7866a1a89aedcc8d9827d3ec6e796
=== RUN   FuzzSecp256k1/6b1458087bf2416f7eb659c851c8c4c822c01264
=== RUN   FuzzSecp256k1/6cd8a214b99a39e3afebce38a45ad5bcc9687f8f
=== RUN   FuzzSecp256k1/700fbfc11b957596fbef7d335f1d206af70eefa1
=== RUN   FuzzSecp256k1/7319a696c8c55129687be28a5150393bc2291bd1
=== RUN   FuzzSecp256k1/76c62ca6298f6a47fd2cac7054b5faca99312887
=== RUN   FuzzSecp256k1/7957ffc405305ea8df32c870dd51129338b4e610
=== RUN   FuzzSecp256k1/7bb804f82c4dc304ab85daf3be664cc18408057b
=== RUN   FuzzSecp256k1/7c7b5746f61fa1ea505f178223f20d2f841a5de4
=== RUN   FuzzSecp256k1/7d97d6db80d3d0c210fd9bb472ade85795e00ec4
=== RUN   FuzzSecp256k1/7fa1a209465c5860c4f9ebcb4db9d373e14b6041
=== RUN   FuzzSecp256k1/8640b4e0dc4d293c5fa9dd6aecc7e21388453007
=== RUN   FuzzSecp256k1/9069ca78e7450a285173431b3e52c5c25299e473
=== RUN   FuzzSecp256k1/91dc48583e26f096ce4eb39a61931a2c51027401
=== RUN   FuzzSecp256k1/92891a6aaf77c60daa58c6f218c589463654b346
=== RUN   FuzzSecp256k1/97beec2c2eb4c66777dc4644bbab1e473fe9fd24
=== RUN   FuzzSecp256k1/98fdf5f1f24b7108f7be7143f24d82658aa9c2ea
=== RUN   FuzzSecp256k1/a214c0ced2e4e109c3836c5b2d0707519dac2c7c
=== RUN   FuzzSecp256k1/a7f7b23a9b0e7fecdbf2075126ce3271958aa140
=== RUN   FuzzSecp256k1/ac59102c961ee0026c2efc0c06aaabc6d204fe14
=== RUN   FuzzSecp256k1/adc83b19e793491b1c6ea0fd8b46cd9f32e592fc
=== RUN   FuzzSecp256k1/b020310a3fc50e80859fed2537af65c6ad0dce2b
=== RUN   FuzzSecp256k1/b0dc223174de52830793774618a4f81d18dcaf4d
=== RUN   FuzzSecp256k1/b3c2882da63d50056f88a289c46c9c11d90cdaae
=== RUN   FuzzSecp256k1/b809f0a9f3eaa4815ddfc8ff6e4406f9c640502b
=== RUN   FuzzSecp256k1/bb8351c814f4776f359cbc867de102296623ea7d
=== RUN   FuzzSecp256k1/bba07eae746b1048bb81dde01edba98c0d65d835
=== RUN   FuzzSecp256k1/bbc86bc2ed1047e4db3805c21a64b9138c016576
=== RUN   FuzzSecp256k1/bc1ea541436088ea2e31029e18e5789b7a44df3a
=== RUN   FuzzSecp256k1/c4790c5252b48d8d99ad5c843e40f6d1ae9cd8ac
=== RUN   FuzzSecp256k1/c6f6c24ca9c134e3bc312c503b44715b1075a85b
=== RUN   FuzzSecp256k1/c7995689b90849a39f02a94bc1e2a44e89dd6ab8
=== RUN   FuzzSecp256k1/c9de6d35af194bdec7d7f75d64458f95e49b5b6b
=== RUN   FuzzSecp256k1/ce5e5ffd96ae5940130edc18f988e35e87d0dd91
=== RUN   FuzzSecp256k1/d36c16ae8df5de8d3c39c8d64a120626b0889762
=== RUN   FuzzSecp256k1/d7b90660ed287ad12bac19dd0e1fd31d7a024b1c
=== RUN   FuzzSecp256k1/d96b980a6befc2c2a08ddf4c4236ac284b20ebfd
=== RUN   FuzzSecp256k1/e1d424626f99df6146a88cd1bf7e9f6007ff11ab
=== RUN   FuzzSecp256k1/e4c51fd29834324e2542d81a46b52948ce2c81ba
=== RUN   FuzzSecp256k1/e6a49d4f053b3ed8fd189299b2c81b4919dc2850
=== RUN   FuzzSecp256k1/eaf487eb5be7aa4f75a3fd8ecbaa54e07412c2eb
=== RUN   FuzzSecp256k1/f19555beb11eb2c347f3b65431c9e7df452f3923
=== RUN   FuzzSecp256k1/f274d5683859c55af345f25805f6b8a7c4cfc9c4
=== RUN   FuzzSecp256k1/f6d1d3f6da7b231c391dad85ac9b3335186a4574
=== RUN   FuzzSecp256k1/f88d55560b754d41d75c51dc405f58816910298c
=== RUN   FuzzSecp256k1/f953ec8f0a7ae7653bc18aed2736ce892dd42e0b
=== RUN   FuzzSecp256k1/fba39172a0cc06d61efa1fb49644e6984e56f99e
=== RUN   FuzzSecp256k1/fefc96fe3c92677dccd2cee5ca4823080787e378
--- PASS: FuzzSecp256k1 (0.02s)
    --- PASS: FuzzSecp256k1/023d4acd29ed32313832226eb0a28e38918d431c (0.00s)
    --- PASS: FuzzSecp256k1/053f6747a06506106506cc2879520785bd07f85e (0.00s)
    --- PASS: FuzzSecp256k1/07047db5fd9ace991c54d331c8c790e5ce281b61 (0.00s)
    --- PASS: FuzzSecp256k1/0cccfff5d4fa77b4ae77e7aca54088c3cd587fff (0.00s)
    --- PASS: FuzzSecp256k1/0f3539599bea39dc3525c13b4bc1f0c3aa68f96f (0.00s)
    --- PASS: FuzzSecp256k1/0fd41b080b4b26f3d29a855d9fc6be979af7a02e (0.00s)
    --- PASS: FuzzSecp256k1/0ff574c1acaa9925f7ff05eb34eed7f133abe6de (0.00s)
    --- PASS: FuzzSecp256k1/11d3eac0682a82b9661b87873d75799e6ef7475d (0.00s)
    --- PASS: FuzzSecp256k1/137564deb03054ec46e2b62e2b3b46dc9ec1ef7a (0.00s)
    --- PASS: FuzzSecp256k1/147d7b358aa809d99ed8206d3c81d4f1b5d06298 (0.00s)
    --- PASS: FuzzSecp256k1/14915c61b99f4a13a3f1db6eb36974bc1b7fbe63 (0.00s)
    --- PASS: FuzzSecp256k1/1533d777ebbfd06082b2979683926a256910e801 (0.00s)
    --- PASS: FuzzSecp256k1/158fe69ea8cd60c732c56e53b37d7b9496966cd5 (0.00s)
    --- PASS: FuzzSecp256k1/15d4f716d0bb60ba5b3c2315b21ed670d59710c7 (0.00s)
    --- PASS: FuzzSecp256k1/1c3a925f3f8c46ed93247912b5177e0034cdbe24 (0.00s)
    --- PASS: FuzzSecp256k1/21a47c84c7ea1721cefee4c681ef54975927e803 (0.00s)
    --- PASS: FuzzSecp256k1/225c29d61521473110f4e26a22a23f896ee5eced (0.00s)
    --- PASS: FuzzSecp256k1/2352c1dfd4230007fe3743bca3d08571f9a2dd01 (0.00s)
    --- PASS: FuzzSecp256k1/244ea769291768424e97ed0c38b3ec5394609fe3 (0.00s)
    --- PASS: FuzzSecp256k1/24bb97e74ff208ac3ba2e8aa75269e13f0ffc7c2 (0.00s)
    --- PASS: FuzzSecp256k1/2645aad2614f9d51b9f574eb0f33e79b4a9d6776 (0.00s)
    --- PASS: FuzzSecp256k1/2aea4511700ca5e250049878400e62015d4ae2d5 (0.00s)
    --- PASS: FuzzSecp256k1/2ed3ce0129a65472a50d8ed6f9e08b4d993799fc (0.00s)
    --- PASS: FuzzSecp256k1/2f0a75c7499ec246153b897f82d54ea5fb187a01 (0.00s)
    --- PASS: FuzzSecp256k1/3164794e9fddb0beedcac6fc4ef2306a0209b3ff (0.00s)
    --- PASS: FuzzSecp256k1/328ef446bf9aef279cf93f13e688d6ff56d2fc9e (0.00s)
    --- PASS: FuzzSecp256k1/359ba6caa502891e3e3e432be424e56445a887f6 (0.00s)
    --- PASS: FuzzSecp256k1/36a5dabfbb289cd89867089b8984562ef512a30a (0.00s)
    --- PASS: FuzzSecp256k1/3b376681f99763f15f10b9124b9b984adcde1666 (0.00s)
    --- PASS: FuzzSecp256k1/3b50cfb2aee67acbcee63eacc30a3d2f51645815 (0.00s)
    --- PASS: FuzzSecp256k1/3c6f074c7bf880dee5d9412904ff76ccdc48f718 (0.00s)
    --- PASS: FuzzSecp256k1/3cecd41adbbdbbc6ef9681e3222a1b43069c0e50 (0.00s)
    --- PASS: FuzzSecp256k1/42d81b274dd233d6fe2bd4f3f789a48f82cafe03 (0.00s)
    --- PASS: FuzzSecp256k1/42fff0975e6a19624bc82bdb2aa8f85ca3d6b981 (0.00s)
    --- PASS: FuzzSecp256k1/45c66502d88ba2129c2c73dc235df4f8b51a8e88 (0.00s)
    --- PASS: FuzzSecp256k1/46738511eae361dba2c2a7244b16b69a5a8a1162 (0.00s)
    --- PASS: FuzzSecp256k1/48406c0d9a2053f11e907b4f7512e9d7e017d708 (0.00s)
    --- PASS: FuzzSecp256k1/4c6717ed5b7e4f5ec8f0bc87c388ee142b83b864 (0.00s)
    --- PASS: FuzzSecp256k1/4c716d847b9082f7b77bf15c00880a90056c78e6 (0.00s)
    --- PASS: FuzzSecp256k1/4eb66100d56965dca64c3f8b02d5345928cc1252 (0.00s)
    --- PASS: FuzzSecp256k1/4ff962299777ed8f68f60fb82fb166643aeacf29 (0.00s)
    --- PASS: FuzzSecp256k1/5135c69c6aca6f4aad9cd65660398fc3a7bce387 (0.00s)
    --- PASS: FuzzSecp256k1/53090b503f7988dc201b277de05a97a8dcc9de53 (0.00s)
    --- PASS: FuzzSecp256k1/5406e35958d4c561136692cf82fbd812932e5866 (0.00s)
    --- PASS: FuzzSecp256k1/54619edc3f170e8d951cd12d0bb3826ac0890496 (0.00s)
    --- PASS: FuzzSecp256k1/586d9ff8fa8bf8e5791c4f25ea072c4d96430e85 (0.00s)
    --- PASS: FuzzSecp256k1/58d91d1b54af191d42c8f3c4c1b25ca923e9defe (0.00s)
    --- PASS: FuzzSecp256k1/5ec351eba1233b0c07b6a143d6691eaea4ce4a44 (0.00s)
    --- PASS: FuzzSecp256k1/6051e434425840225d2c3c1988974bbf30f74681 (0.00s)
    --- PASS: FuzzSecp256k1/61252b0538adae8d27ca4f94ae7c1a01f9c508e6 (0.00s)
    --- PASS: FuzzSecp256k1/63b5030b84188e75f22b0decf9345a663c9449b0 (0.00s)
    --- PASS: FuzzSecp256k1/63edfc1ce4da62219765948b250fc5ed92291204 (0.00s)
    --- PASS: FuzzSecp256k1/64f14f5e72f5bacf3c461072d4d87190f5684248 (0.00s)
    --- PASS: FuzzSecp256k1/66b9dc0ef05d10005dcc77996e02ff1bf04598ae (0.00s)
    --- PASS: FuzzSecp256k1/6aea0a4640f7866a1a89aedcc8d9827d3ec6e796 (0.00s)
    --- PASS: FuzzSecp256k1/6b1458087bf2416f7eb659c851c8c4c822c01264 (0.00s)
    --- PASS: FuzzSecp256k1/6cd8a214b99a39e3afebce38a45ad5bcc9687f8f (0.00s)
    --- PASS: FuzzSecp256k1/700fbfc11b957596fbef7d335f1d206af70eefa1 (0.00s)
    --- PASS: FuzzSecp256k1/7319a696c8c55129687be28a5150393bc2291bd1 (0.00s)
    --- PASS: FuzzSecp256k1/76c62ca6298f6a47fd2cac7054b5faca99312887 (0.00s)
    --- PASS: FuzzSecp256k1/7957ffc405305ea8df32c870dd51129338b4e610 (0.00s)
    --- PASS: FuzzSecp256k1/7bb804f82c4dc304ab85daf3be664cc18408057b (0.00s)
    --- PASS: FuzzSecp256k1/7c7b5746f61fa1ea505f178223f20d2f841a5de4 (0.00s)
    --- PASS: FuzzSecp256k1/7d97d6db80d3d0c210fd9bb472ade85795e00ec4 (0.00s)
    --- PASS: FuzzSecp256k1/7fa1a209465c5860c4f9ebcb4db9d373e14b6041 (0.00s)
    --- PASS: FuzzSecp256k1/8640b4e0dc4d293c5fa9dd6aecc7e21388453007 (0.00s)
    --- PASS: FuzzSecp256k1/9069ca78e7450a285173431b3e52c5c25299e473 (0.00s)
    --- PASS: FuzzSecp256k1/91dc48583e26f096ce4eb39a61931a2c51027401 (0.00s)
    --- PASS: FuzzSecp256k1/92891a6aaf77c60daa58c6f218c589463654b346 (0.00s)
    --- PASS: FuzzSecp256k1/97beec2c2eb4c66777dc4644bbab1e473fe9fd24 (0.00s)
    --- PASS: FuzzSecp256k1/98fdf5f1f24b7108f7be7143f24d82658aa9c2ea (0.00s)
    --- PASS: FuzzSecp256k1/a214c0ced2e4e109c3836c5b2d0707519dac2c7c (0.00s)
    --- PASS: FuzzSecp256k1/a7f7b23a9b0e7fecdbf2075126ce3271958aa140 (0.00s)
    --- PASS: FuzzSecp256k1/ac59102c961ee0026c2efc0c06aaabc6d204fe14 (0.00s)
    --- PASS: FuzzSecp256k1/adc83b19e793491b1c6ea0fd8b46cd9f32e592fc (0.00s)
    --- PASS: FuzzSecp256k1/b020310a3fc50e80859fed2537af65c6ad0dce2b (0.00s)
    --- PASS: FuzzSecp256k1/b0dc223174de52830793774618a4f81d18dcaf4d (0.00s)
    --- PASS: FuzzSecp256k1/b3c2882da63d50056f88a289c46c9c11d90cdaae (0.00s)
    --- PASS: FuzzSecp256k1/b809f0a9f3eaa4815ddfc8ff6e4406f9c640502b (0.00s)
    --- PASS: FuzzSecp256k1/bb8351c814f4776f359cbc867de102296623ea7d (0.00s)
    --- PASS: FuzzSecp256k1/bba07eae746b1048bb81dde01edba98c0d65d835 (0.00s)
    --- PASS: FuzzSecp256k1/bbc86bc2ed1047e4db3805c21a64b9138c016576 (0.00s)
    --- PASS: FuzzSecp256k1/bc1ea541436088ea2e31029e18e5789b7a44df3a (0.00s)
    --- PASS: FuzzSecp256k1/c4790c5252b48d8d99ad5c843e40f6d1ae9cd8ac (0.00s)
    --- PASS: FuzzSecp256k1/c6f6c24ca9c134e3bc312c503b44715b1075a85b (0.00s)
    --- PASS: FuzzSecp256k1/c7995689b90849a39f02a94bc1e2a44e89dd6ab8 (0.00s)
    --- PASS: FuzzSecp256k1/c9de6d35af194bdec7d7f75d64458f95e49b5b6b (0.00s)
    --- PASS: FuzzSecp256k1/ce5e5ffd96ae5940130edc18f988e35e87d0dd91 (0.00s)
    --- PASS: FuzzSecp256k1/d36c16ae8df5de8d3c39c8d64a120626b0889762 (0.00s)
    --- PASS: FuzzSecp256k1/d7b90660ed287ad12bac19dd0e1fd31d7a024b1c (0.00s)
    --- PASS: FuzzSecp256k1/d96b980a6befc2c2a08ddf4c4236ac284b20ebfd (0.00s)
    --- PASS: FuzzSecp256k1/e1d424626f99df6146a88cd1bf7e9f6007ff11ab (0.00s)
    --- PASS: FuzzSecp256k1/e4c51fd29834324e2542d81a46b52948ce2c81ba (0.00s)
    --- PASS: FuzzSecp256k1/e6a49d4f053b3ed8fd189299b2c81b4919dc2850 (0.00s)
    --- PASS: FuzzSecp256k1/eaf487eb5be7aa4f75a3fd8ecbaa54e07412c2eb (0.00s)
    --- PASS: FuzzSecp256k1/f19555beb11eb2c347f3b65431c9e7df452f3923 (0.00s)
    --- PASS: FuzzSecp256k1/f274d5683859c55af345f25805f6b8a7c4cfc9c4 (0.00s)
    --- PASS: FuzzSecp256k1/f6d1d3f6da7b231c391dad85ac9b3335186a4574 (0.00s)
    --- PASS: FuzzSecp256k1/f88d55560b754d41d75c51dc405f58816910298c (0.00s)
    --- PASS: FuzzSecp256k1/f953ec8f0a7ae7653bc18aed2736ce892dd42e0b (0.00s)
    --- PASS: FuzzSecp256k1/fba39172a0cc06d61efa1fb49644e6984e56f99e (0.00s)
    --- PASS: FuzzSecp256k1/fefc96fe3c92677dccd2cee5ca4823080787e378 (0.00s)
PASS
coverage: 81.8% of statements
ok  	github.com/morph-l2/go-ethereum/tests/fuzzers/secp256k1	0.040s	coverage: 81.8% of statements
