=== RUN   TestReplicate
--- PASS: TestReplicate (0.00s)
=== RUN   TestGenerateCorpus
--- PASS: TestGenerateCorpus (0.00s)
=== RUN   FuzzABI
=== RUN   FuzzABI/00e37754cf131310d52a7dbb65a788e9676bd29f
=== RUN   FuzzABI/011e667f2c9ea633275b8f67cfa556216c1f90f0
=== RUN   FuzzABI/02759f98111cc5b7ab7112b00d4878f0e4043537
=== RUN   FuzzABI/0296a5c63cd2e7a8808e0113981d7b9d73ee1689
=== RUN   FuzzABI/02ca5d03df0eee263711d236ead3675532dabf0a
=== RUN   FuzzABI/03b61c9a92a512bfa4e8223a5a667f889796c05a
=== RUN   FuzzABI/04afe47e45e4dfe3ff91a357b8d421911531a573
=== RUN   FuzzABI/04ff0351c2e2d8ef8abedc3c853714f95472604d
=== RUN   FuzzABI/05169313aa4b7b76957e571ae03e6a979104986b
=== RUN   FuzzABI/062712b9db5fe9ffdd9e3968c081683f75325fe0
=== RUN   FuzzABI/062fe3dcb2fc732518aa95add5021552c9dccd33
=== RUN   FuzzABI/06e492a673688dc1c54e169a4592c1d3892c0501
=== RUN   FuzzABI/0768bf483422316b36cddb226b356a93a0178d3d
=== RUN   FuzzABI/094931dd36d225572ab26134ca66836f036e687b
=== RUN   FuzzABI/0a0256ef6805ac3508668ff5fac34abdc48ede3e
=== RUN   FuzzABI/0ada2b51d68dd222f739263d29edb6b669e0527e
=== RUN   FuzzABI/0b7921d7fb57d817905e57ead30917d079a356e9
=== RUN   FuzzABI/0c6d64554ac399cdf95c14160dc67e880867cca9
=== RUN   FuzzABI/0ccd69f7828fcb8397fdc6e9fbf0cbb68c38bef5
=== RUN   FuzzABI/0d2e4f2b6f7f9a227eeb1e4897b40ac113f093a1
=== RUN   FuzzABI/0d83cc2214ce5b3b4a1e14d35ffa928904ccf80a
=== RUN   FuzzABI/0e9a997cd90b9e5638096cc0590e82091cdf5c35
=== RUN   FuzzABI/0f0baf6b22d5fca13b7dc1459afaee68dd0f72bf
=== RUN   FuzzABI/0f375e2cf46cf89b8eb7ee8b5b716c26245c4733
=== RUN   FuzzABI/0fcf8b9a00f37e5f69fff264f09c86c8dd9c956b
=== RUN   FuzzABI/112422f74b4a2e5e2c56262095fb3f32be3c819a
=== RUN   FuzzABI/117fdc75639848d6dfc9217f1684f2f515550c72
=== RUN   FuzzABI/119b401e7f87a94aca05526c1583b841900b4177
=== RUN   FuzzABI/12a32950c12d7f7aaadc532ab48742083f4d208b
=== RUN   FuzzABI/12a8cf7f94a0c29bad6e877a0f7607f24d749fc8
=== RUN   FuzzABI/12dabca58baeec31a3714a30e45bfc3fb83fdc0e
=== RUN   FuzzABI/139e39fc2658a0dccb8a1edea445b324acf9ef0f
=== RUN   FuzzABI/14524ee2e0157c6115d83e11a2f5a92538861d2b
=== RUN   FuzzABI/14684da08087bbb86fa8083135d06a460641593e
=== RUN   FuzzABI/154359c5ce32d6df11fed2a6ebc71ccc1680b75c
=== RUN   FuzzABI/18c96436fac1c265ca59d7ec7defb23f9ecbcfa6
=== RUN   FuzzABI/190aced13e99ec67d50b187fec9680afdf484bbe
=== RUN   FuzzABI/1b2bde4722ffb584b166f41d1e42da5619f386f5
=== RUN   FuzzABI/1ba746a95e9be3560a46e0b91130729481d903cb
=== RUN   FuzzABI/1c26cbea0c1372861573c7ec12019d8f91d25dde
=== RUN   FuzzABI/1c800f2dabfc3c9bb2050bffbb6adcb2ab4f4a3b
=== RUN   FuzzABI/1cce0311495a07d0fe956f45cf1f39c0658897b0
=== RUN   FuzzABI/1d8ac92a5b018526247c546c09810440c5a5b931
=== RUN   FuzzABI/1dcba180689f5270b054f4afb8919eaca85fc5c3
=== RUN   FuzzABI/1e1428b385572f3bcd995181b7e1885698fc661d
=== RUN   FuzzABI/1eada056a19878f05c158ed4807f4b604bbcf8f6
=== RUN   FuzzABI/1fe9d5e94d5765bad7bcada0ee448fd340589fff
=== RUN   FuzzABI/2078acd47c6e91d5443226fe8675a71cadc06d23
=== RUN   FuzzABI/215edab395b070f69c2f5542ab98ba031a8cc3f2
=== RUN   FuzzABI/217840b8c1675f32cc3163d4e9005ffc1e89d9f3
=== RUN   FuzzABI/21aec46b2f6f76364fc251d27115627a8f96abc8
=== RUN   FuzzABI/21e376e77e0357d5ddbad26c29961fd9a280889d
=== RUN   FuzzABI/223bd8b80a57cb539cb8c79b345071a6a5dbcab8
=== RUN   FuzzABI/225d8e9c2c06458b92fc1990eeda27d345374b08
=== RUN   FuzzABI/231ccf591a5e02093f1506c19eb3610dea6e3c85
=== RUN   FuzzABI/23aa2c4c4745ca3e2627e6babe4d07a51f1b2a3d
=== RUN   FuzzABI/250360961b47426d2bee8edce8fc7c7c04a17214
=== RUN   FuzzABI/259fe8a56c4abf1afa707bfb97a7e65125574a8d
=== RUN   FuzzABI/2702b502fc09eec1248b891aebee94788f0379b9
=== RUN   FuzzABI/272be016492573973a4f6b64b0377ffdd142950d
=== RUN   FuzzABI/275cd3bbbe259df553cb5292e9a3f2b874d4b92a
=== RUN   FuzzABI/28174e98a35acc5bd2607914e123f4d9b7db78f0
=== RUN   FuzzABI/29680a199f17ae6e7cceb95ebe141c2201e211dd
=== RUN   FuzzABI/296dc248117cedd6372496a24ec2b6cfc32c93e8
=== RUN   FuzzABI/29d2accc83b5f67bfe912f9e1e2017cb3eb9948b
=== RUN   FuzzABI/2a2e4bebc1f8a4f23473ea63a4e50fedd136deee
=== RUN   FuzzABI/2a7c75c1542323431ccda46fa61e7637a13f54b7
=== RUN   FuzzABI/2b544a11e8be760e9e478fa9614fceaf9622cead
=== RUN   FuzzABI/2cda3c5751526ccec9dde63ae9d2f9ecb75a5c51
=== RUN   FuzzABI/2e4760b88a5e2c49b8cc41916ce8578a5d4cd502
=== RUN   FuzzABI/305ea6f3d91d46aada721cea59845ba3f1a6c04f
=== RUN   FuzzABI/3064f4b8ef9d22774ff7cb89d609d7f9a20dff2e
=== RUN   FuzzABI/30e323639fd5ade77fd9d4ee0e7a7349ac3fca98
=== RUN   FuzzABI/30e74ac2a1e619db34092d01c644f0426cc90cc6
=== RUN   FuzzABI/30e9378c842175332412088191e34a74a8cdacad
=== RUN   FuzzABI/313f706b2d3913336d79e700f1a9c11a02aa6ff1
=== RUN   FuzzABI/31ddd3c48ae2d75b48b2fb3ddd7eeedd3be65e8b
=== RUN   FuzzABI/323ae8c78fd79b5275d3ea3202dc7e7cc431dd06
=== RUN   FuzzABI/32881d4b0492e53a4ce296b43869bfa7385f98ca
=== RUN   FuzzABI/3289454ca3fd67f6a8261d6236519e6a2fa9fde3
=== RUN   FuzzABI/32bfa06582cf01c8a14d4a31278a1e20873629fc
=== RUN   FuzzABI/32fb9c27d5b1b870db650fe2a96e7c0470652824
=== RUN   FuzzABI/331cc10375aafdc8f7984fb55185120b42628ff1
=== RUN   FuzzABI/33d65e5de20308b81ff0041568a5560af66bf652
=== RUN   FuzzABI/340aa0ceea01489b0d4736dd08e18a34c3f75a07
=== RUN   FuzzABI/34c2681d58c00d3047ae2f8ad1215f3c91f0a4bf
=== RUN   FuzzABI/34d1b6c69de2a21f3064e5f398f73900d589478f
=== RUN   FuzzABI/34daeaae70dc0f331a060f18f4ddf71277f430ae
=== RUN   FuzzABI/36a2bc20f0c1cf989c9de92f16f67d049d5a71f2
=== RUN   FuzzABI/36a2dd3f726daa842c396de0c745516f052fdbb2
=== RUN   FuzzABI/37563e4decf574aafc58cb161c0ec6cd0bf403c5
=== RUN   FuzzABI/38879b51ba1f9ef21a58bc2ce23c8dc172f5088c
=== RUN   FuzzABI/39c8cd1a7edc0ceae08d3d56800e926cede5ec10
=== RUN   FuzzABI/39f199edbd51c917e6d93c23d42e25769ae0ccc1
=== RUN   FuzzABI/3ae5f9ec6681cb3e5666a8ff7fe06a07b0226ee4
=== RUN   FuzzABI/3bb59d3c2cf04c59f981d81d5dbc6c054a1c2abb
=== RUN   FuzzABI/3c83bea7abe1c97eae6ab2b690c91844582c6bb3
=== RUN   FuzzABI/3d75f7b4a2fe7fe7277724ce9f692c34ff954264
=== RUN   FuzzABI/3d801d94087fbfc8075e51a8c5a9020273c93c4b
=== RUN   FuzzABI/3dbb8ff2104bfc3780150204bd57c20677bc7c02
=== RUN   FuzzABI/3dbeb187d55b3a7efa92d328cba7caafadd79871
=== RUN   FuzzABI/3dd4afc4de911844febf2bbfead31945db847f02
=== RUN   FuzzABI/3e7f8e555bd69261d9de568c9369266b1323b820
=== RUN   FuzzABI/43add99f354bbc0d11a2bef5fc796bcddf9c5ab8
=== RUN   FuzzABI/43be7e33333b504c051fa1df92139a7441ab97b9
=== RUN   FuzzABI/4618a9215ff29196409df1bfc0966919e5c7de26
=== RUN   FuzzABI/464e3b5298f17bb9810844cdd5316ddb97cdfa47
=== RUN   FuzzABI/464fe612d4e4df4404d8730d6238f1820e040dd9
=== RUN   FuzzABI/46714b637b4c416d2f421b1e066b88fe5cbf4767
=== RUN   FuzzABI/46cfbc5221579aa3fefe26887afb6962d6371e7d
=== RUN   FuzzABI/47098c8472224ff53bdfd625b7769aec20be12ad
=== RUN   FuzzABI/473348a3b47b24c84cfc8a2ee5451917a680493d
=== RUN   FuzzABI/47b2ad7d7b2dec54e316bb3987b48dda93185d78
=== RUN   FuzzABI/486796b7e69428be4d36317cb2dde030dfa23d58
=== RUN   FuzzABI/48d4d0874071729a316981839fd3f13abe0b1f0b
=== RUN   FuzzABI/492a45a82dbd1c3d33f6051642d450944b340527
=== RUN   FuzzABI/49351b608e247eb20e4483bdff1c88e22f2de42f
=== RUN   FuzzABI/49ea44c16f51678281daea42a2d1904549e9b199
=== RUN   FuzzABI/4af5ee67404a69baf1251bd36253566aa5f64b99
=== RUN   FuzzABI/4b3e5bbc4677b74993db0aae1ac460db19a40329
=== RUN   FuzzABI/4c2288299c81fb8faedc864b08d86ef1858d5e15
=== RUN   FuzzABI/4d0f92d47b501be50ebf60b66c5fea41d4b1f6a2
=== RUN   FuzzABI/4d16d208f3ff91f75c90b97f0e4e5c9f9a2f2d58
=== RUN   FuzzABI/4df12a7f513afe8cf5cc5eb51a4c79ed10cf0b41
=== RUN   FuzzABI/4df6f6a847a1f39c971e50fc03e0d8d70088e84f
=== RUN   FuzzABI/4e312c73a304ada77b3aca759d60633b00e22f99
=== RUN   FuzzABI/4e716e4df4635376bfb84ecf5a46a27095e986f4
=== RUN   FuzzABI/4ec32257d39d14a44271bf97294f8fa4c8422d73
=== RUN   FuzzABI/52cf595cb845f46c8a118bb674c6a913f8101bae
=== RUN   FuzzABI/5321a84b77d2e8d158a813e0ec8d0cca4971f259
=== RUN   FuzzABI/55868218971cbe3d48c76439013d2f625a64d536
=== RUN   FuzzABI/55ed5f5c7842d99ac6ec6ab054980d3110a4dfc3
=== RUN   FuzzABI/568726a121957ba9034ee958803eaa6e1c8d6d81
=== RUN   FuzzABI/584d01845f0c7098dbd77b89c581b389964012ce
=== RUN   FuzzABI/59e96fa34594959529555c26fb1de1a0951dcba6
=== RUN   FuzzABI/5a0c8ff28c2fbbf11ddb66848bbb1982fd9828c3
=== RUN   FuzzABI/5a935a0bc774ab8fd701b152f7bfd3f5d7d5cec6
=== RUN   FuzzABI/5cfaaf90c9a25157549417c783a3dba958d2c76c
=== RUN   FuzzABI/5f701d9da02e0e1a6320e3d63964f7039f7ff7e7
=== RUN   FuzzABI/5ffc74cf54b684491452203c2d8826a243223394
=== RUN   FuzzABI/60a9b2b6058dd8acf1215f425479e0c8d3e08403
=== RUN   FuzzABI/6156a27b4b58019ae467b174f4cc53688e296073
=== RUN   FuzzABI/61e6b43660fad9108e58f1f23f10d6f698ce4a7a
=== RUN   FuzzABI/620aec68710a1ac04d2d1a8487a591aaa0a93422
=== RUN   FuzzABI/628674043b560ca47a191d2dd4af5d2864ad552f
=== RUN   FuzzABI/637832821bfaee9b250980d2c556e1a0ff25379c
=== RUN   FuzzABI/63c55706ef2beb57e3b3bc2673deb38055246c6d
=== RUN   FuzzABI/6616884d57c082e50e65e5ce3d77c40683433cea
=== RUN   FuzzABI/66a4cf06148c9e923e963e14bd0e813537abb026
=== RUN   FuzzABI/671ad4898d137ff57e37d0881db966c37684412b
=== RUN   FuzzABI/67c404ce71d47b4e2fbc8cb65ea7bd7363c93d72
=== RUN   FuzzABI/6806406af874521354408e0e3563fe45cb1bfb0e
=== RUN   FuzzABI/68372e22a565223620e753c6d8345979ac840be2
=== RUN   FuzzABI/6879fd1d30e653cb3026bff44064d357dabeca41
=== RUN   FuzzABI/6896d6d4c9c4cbf4fabf3c04480aedbedc9410dd
=== RUN   FuzzABI/6ac523385d55d698132d07d91c7c8a07c54f3c80
=== RUN   FuzzABI/6b602272dce99e7e5d7d1b78b29da785c9957bd6
=== RUN   FuzzABI/6bbe420f6674ba8406f6f276155fa69939c578e9
=== RUN   FuzzABI/6c80b4fafb0b1ad1a0b5cc35d9e01db0ea65c353
=== RUN   FuzzABI/6c9a371d32da644368cd9d83a27e34e9642e1561
=== RUN   FuzzABI/6cc020d7e742fc3c9339ffd3508b7194fc98ba2c
=== RUN   FuzzABI/6db1073e0554db9e8298c1e3e0c77736e968abe9
=== RUN   FuzzABI/6e974947f86fe0084564eb8d867d65c8d2803212
=== RUN   FuzzABI/6f7fd93e1a40c71cb843b7eee7ec75a92e3c89ac
=== RUN   FuzzABI/709d55c79d1871fdfc2ecda3662c240e054a5892
=== RUN   FuzzABI/715091163c2aa4989a39b3f568f54454e938d8cf
=== RUN   FuzzABI/71853c6197a6a7f222db0f1978c7cb232b87c5ee
=== RUN   FuzzABI/72ff53784aacfc1e15a6a815a2a826cdc3b64cb3
=== RUN   FuzzABI/7341b9c7ac4a4cc220918ad6df22c6676d169107
=== RUN   FuzzABI/73a238ac019cbe21e2ee9af976ca18d5814cc672
=== RUN   FuzzABI/73c0c5da209a1d65f658e17705540bb005aacbdb
=== RUN   FuzzABI/74044c4aa11b543ed356141001eaa5bcaa5fc60a
=== RUN   FuzzABI/743ed0fadcbaef7ce3e662b3937aef6c4b3d9f75
=== RUN   FuzzABI/7444adef0d414f6635719de9f3a99ea71fe77895
=== RUN   FuzzABI/7562d3f4f0352a8deaded56541e08cc58062a7d3
=== RUN   FuzzABI/763590cae6e9dfc79c9a7287b5d7d6b39e21b252
=== RUN   FuzzABI/7689894a5a43b41a81b84d243eb7b649e8030644
=== RUN   FuzzABI/7740ca8bfa110622addea364505b0ac18cc540c3
=== RUN   FuzzABI/77b5090c39c7b4aafa5ffafe10c8ef79b948e06a
=== RUN   FuzzABI/77c82437ae9208b4855c8ba3302f4223bd4c4bf9
=== RUN   FuzzABI/782a6e579f7f436f453e3d46bab336eb0aa59de9
=== RUN   FuzzABI/782ce2d416a593eebe12fa62d07f0432fff78e68
=== RUN   FuzzABI/7936c2ae70c49c6631a93f121471524f02ee803b
=== RUN   FuzzABI/79cda3e927643e1d059f378af085633cdeab5a93
=== RUN   FuzzABI/7ab6bd1dbee76872b588a302c0e3a88a900adaa6
=== RUN   FuzzABI/7c67f4da7b27ff563e49a5fee452fdbdc2406bdb
=== RUN   FuzzABI/7ce6d3cb9a5a8e4cfe88ffc086afdb1241100cc7
=== RUN   FuzzABI/8020c682c627d1ff50c84352882a0da2746770dc
=== RUN   FuzzABI/80c3ed54ec177e0ccede3f25fe11c49bafa1abf0
=== RUN   FuzzABI/81a9ff5c270854fba5c7cd353c724aa4d7ec3924
=== RUN   FuzzABI/8228e76224cdf4ed5af8d468ca144f860a5b356e
=== RUN   FuzzABI/82b4c21e331d0d32d476d3df154967c34f297c25
=== RUN   FuzzABI/82dcf9cfb70ce5851b22d13a3f29ce8d300ef5eb
=== RUN   FuzzABI/836f31120c7425c08f703cfa453b27ca61fd0008
=== RUN   FuzzABI/83b5d952d93fbf0f2ec72e656deecc2fcd5fe6ee
=== RUN   FuzzABI/844320e21009979a36bffd4d1d5b4b87d1ad80ca
=== RUN   FuzzABI/85183da3ce413886bdf443ff412852efa8ef4de1
=== RUN   FuzzABI/85d953f30a00b063a3e9d5446f6996c468a4b64e
=== RUN   FuzzABI/85e53271e14006f0265921d02d4d736cdc580b0b
=== RUN   FuzzABI/861f3b04670212ef7f81805cd20eb647c5a0382f
=== RUN   FuzzABI/86b0f4b72b56868ac3c205bf037984069f5199b2
=== RUN   FuzzABI/86c6d39da3e56f25255b3f4af2168b7eb40d3382
=== RUN   FuzzABI/86d6f457ee593375edca6513740e475adaa8ca1e
=== RUN   FuzzABI/86dad949a7b597859c2457af03df7ff83e867743
=== RUN   FuzzABI/8832aef6a9fa5bd3158666156ba92eebb80a47bf
=== RUN   FuzzABI/885d02c520ac3df1d037d76f7ab403f96021462b
=== RUN   FuzzABI/8a26a57fa88192ae5ec79f18d980d422c4d6e407
=== RUN   FuzzABI/8a84ec858cf951d8c65eea598b346f3ba3897430
=== RUN   FuzzABI/8ad52b3afbb33f6731abd8ca507b3bf013ad4b66
=== RUN   FuzzABI/8b57dc182cbe7a68b5f8d27a02edf811a81c5b94
=== RUN   FuzzABI/8cc8bde03a38399f34a14f4fc438f43dfdd3b5dc
=== RUN   FuzzABI/8de648968ebad13d206d391357e8a77a87a409f9
=== RUN   FuzzABI/8f49bccd249e038e76709d7a594de5749d7c137b
=== RUN   FuzzABI/8fdb37403a9a5c361ca5a38877ffffa5edf17097
=== RUN   FuzzABI/9011001aafe7ca127239d989abd5922b996dfc63
=== RUN   FuzzABI/9069ca78e7450a285173431b3e52c5c25299e473
=== RUN   FuzzABI/90d2784d4095f1ed214e51ef24fde569bdd2cb3f
=== RUN   FuzzABI/922bcbf35e4d05398fdb5741d4c508c917ca1701
=== RUN   FuzzABI/928eafc9a86a07b112a3316809f36e67c81905b4
=== RUN   FuzzABI/92db30ad9827765f87defc5254e2fdf14e844977
=== RUN   FuzzABI/9319255152163b0a58f2bbd022deb1c333a6bb7c
=== RUN   FuzzABI/936462c97f1836efddd2a9a958575d8207b8dc22
=== RUN   FuzzABI/93f63ba0f7983e94a2a987b6380e0cf8b32c630e
=== RUN   FuzzABI/94022e24663232a6a01e7cd63f3f96128f42c36f
=== RUN   FuzzABI/95548187a45035daf934a04dcb1b92f8b491c67f
=== RUN   FuzzABI/95e2863880dada71d9c24f86dbfd5954bf5cff23
=== RUN   FuzzABI/95f3d85a45ca4fc7d3f74238e5800101ce6f2705
=== RUN   FuzzABI/97046b907d1203b6573cabe1182cd8b7faecfb58
=== RUN   FuzzABI/97b192a8b294475ad158eb2f33270d5b1726c1b4
=== RUN   FuzzABI/98dcc20d8f77b375d96621e72ead394ef3eb51fb
=== RUN   FuzzABI/99150ff9d357662796735608894ca6e1cc5b66d0
=== RUN   FuzzABI/9ab18769ba4bf52f6550322c2ac0329ae5c12e79
=== RUN   FuzzABI/9b95afd2dbc12e5ef30072cf1b0c65d4704f5070
=== RUN   FuzzABI/9c331f064fb9bf159c3f816a208f6e807822df9d
=== RUN   FuzzABI/9c9d4983207890d1403d261456dd12111724e4b0
=== RUN   FuzzABI/9d04ef6e0ba15695f885baa88dd6d344b7635318
=== RUN   FuzzABI/9d46b1d84dd145e93066120f7f10a53f1badd6de
=== RUN   FuzzABI/9d5b5eeca3af9fb346af34c10573b8adb9c22c86
=== RUN   FuzzABI/9ed39dec46d00214c65fc4e37b987ef6d1500d8f
=== RUN   FuzzABI/9edcbbc6b490371f52ef1ecf3a919fa253c45e21
=== RUN   FuzzABI/9f6b9a081708bac1ddca8312173a1b0077970ebb
=== RUN   FuzzABI/9f90d4a5bc169b4e2bc8285a0bd8bc8c8821fd92
=== RUN   FuzzABI/9fec8119c14c28fa6b74e535725bd3718913c325
=== RUN   FuzzABI/9ff5ddb720189b9bcdaf21282da913656a82cb22
=== RUN   FuzzABI/a18e3502951d558a701717a8ff1cf385181d0df9
=== RUN   FuzzABI/a1cb02163f10653bbe6d35e80eca3dea9dd4ba1a
=== RUN   FuzzABI/a21e82e7708e4e9feec3b6889389632932dd6466
=== RUN   FuzzABI/a31e362c1229eb94f37d87af568b8ac9d1a3e6fb
=== RUN   FuzzABI/a3c33ca3ecb4fe8643b2367e3803fd2f99371a8e
=== RUN   FuzzABI/a3e71ba5b9e293ed673c89339dc28ba4cd6927c2
=== RUN   FuzzABI/a536acd67b0fdc1d4a14eae6de3264ba012f4ced
=== RUN   FuzzABI/a56bca95a045c971cf616d240cd4a518a8043baa
=== RUN   FuzzABI/a5b242411566468117cf6f0bbbc5b504fd7f3963
=== RUN   FuzzABI/a5df0ca07375361649dffcf555fb9c7ff45a9248
=== RUN   FuzzABI/a6c446f3d6c38c9b2b5b6770723a6d3e83bfe7c3
=== RUN   FuzzABI/a782420f9c4ed3e367011b8c039b01b76a5a7b98
=== RUN   FuzzABI/aa22e4cdb32e8c15c166812c0a6db005cb33f644
=== RUN   FuzzABI/aa9b2dee18a89b5262aa20e862b0005dd1bda199
=== RUN   FuzzABI/abacdc51ad39333fb998f9d8b912aaf2c613d56a
=== RUN   FuzzABI/acde31cfd696e586a93d59cc74bd6f819daded96
=== RUN   FuzzABI/ae2f69dc51cfdc28a68418f31941f84de21bee37
=== RUN   FuzzABI/ae33188d89df31c6d3ff5884d4636de781404b2d
=== RUN   FuzzABI/ae4f0f7eba8306b7b7af58477a2e08c664f9519a
=== RUN   FuzzABI/af7d13093d5b8c77d3f10d054b4677035c873a6c
=== RUN   FuzzABI/b0705b4a931d7c0fb6f7aa323171f201e2624d58
=== RUN   FuzzABI/b0dd6077251b26a66c8760e5f657cc4037cc0ee6
=== RUN   FuzzABI/b11a5db78e77f0a29064216d1e88d5f0529df31a
=== RUN   FuzzABI/b13823d6481e478d6b23d9d27752d2431bb1e77b
=== RUN   FuzzABI/b197e45948cb53f01d16a50c6537be29bb0dd05d
=== RUN   FuzzABI/b19a3822b38439e04cd7fc72a770f0dc0575cf81
=== RUN   FuzzABI/b1af499d0f2ee03d3a4d26ea1f3e9a5e3a9e2dde
=== RUN   FuzzABI/b1d2158fe9c8c47cd5e1364c8e8b765276006a37
=== RUN   FuzzABI/b2dc4876cb70d91ce91008db33181e2335e987d7
=== RUN   FuzzABI/b394092fd97b225a5b5a4492d33395768ab6279f
=== RUN   FuzzABI/b45a3d44c4d0ab80d0c7f434b286dc5ce4862845
=== RUN   FuzzABI/b463da8f6e4bfc0d2bea2b34e4b72e196990f5c8
=== RUN   FuzzABI/b56a69d93b93ae68d64863c74c28ad67be959963
=== RUN   FuzzABI/b8cfb661961e5a1bad755457d295026e440e83c6
=== RUN   FuzzABI/b902117f3953385e1237ef6401cb29f22f58ad66
=== RUN   FuzzABI/bb1a7e40e324a727f15e23f5b5f15c41d7385373
=== RUN   FuzzABI/bbadfbef7cb928c8307eda64030f52353a5f7082
=== RUN   FuzzABI/bc4b8b80e66a4a2189ddd82e13d6769977d092a4
=== RUN   FuzzABI/bc5bf89c5805f1cbeed98b215617ad99d0611152
=== RUN   FuzzABI/bce955129f7e770360f8b82dcafcab1e797d7cc6
=== RUN   FuzzABI/bd3f8def986f958a70a28b2b1a913682357eeab0
=== RUN   FuzzABI/bda51bc2e29d9fec6b136529df6e9fc120b15963
=== RUN   FuzzABI/bdc132599434575b09ecb1e7c19782d1078a6101
=== RUN   FuzzABI/bdf5492abdc460a18c64c65db8da5dbed9ef575c
=== RUN   FuzzABI/bf63febcfa1dc6f30242ff5d6e5bb7dde5ac4211
=== RUN   FuzzABI/bff09ffb182bcaaad3552a4c4a7974a87dd0bebe
=== RUN   FuzzABI/c00ee551c5dcf09aebaf4fc61efea0d2d3d54e2c
=== RUN   FuzzABI/c1040f285de7b5c6b6194fcb6b1447e93107232a
=== RUN   FuzzABI/c334c67b9cdca483235008f0ee38753686894fcb
=== RUN   FuzzABI/c36bd88368ee1661d21721b7a903ed2657d42408
=== RUN   FuzzABI/c6b0fdcfebca174dd213da47c2022a1264977717
=== RUN   FuzzABI/c80b6d18fd20b05cc765fed35a1be2e1bc30b9b7
=== RUN   FuzzABI/c8b6b526dc5c65ea1afa4983df7611379d68a1da
=== RUN   FuzzABI/c920b3d030072b55ee54cf94667835c5e8d404fc
=== RUN   FuzzABI/c932418a43e6006c1b326dca7e8dee2347f3943e
=== RUN   FuzzABI/c945439ec655fcacbfcc7b968c8d2548dbca1c54
=== RUN   FuzzABI/cc3fb31745e8b9185bdb4ed71a198b99528518ea
=== RUN   FuzzABI/cc7bb78fd5a2222b0109411a5237eebaeea718d0
=== RUN   FuzzABI/cc80c8bdb0d48451e36fd6f4c1cfa791aa35ec90
=== RUN   FuzzABI/cc811a8971b4dcc9897e6fad46259efb0fe95582
=== RUN   FuzzABI/cd46cde8da8dd5fa7d1fdcc5721571d0b66b2cd6
=== RUN   FuzzABI/cd57e3f73cd016b31bbc56dc9740283d72d0d6b4
=== RUN   FuzzABI/ce23fc3a8c6fd82291fb38c4f5d879e411b1fc96
=== RUN   FuzzABI/cfad321c3353dc2aa0040bd71a8716435bc4c331
=== RUN   FuzzABI/d0605730d93c517e30c61caf157f4f1671e18884
=== RUN   FuzzABI/d151fff971e962d7a7f14dc94cd087d0e075fa3a
=== RUN   FuzzABI/d31a71bf5620c180b76f3a866e4ec651cac4439c
=== RUN   FuzzABI/d3b4cafebe972774414a68be8119d5f62f786da9
=== RUN   FuzzABI/d3f9dcb5f07eda178565b23d306ebb204fcc3c85
=== RUN   FuzzABI/d4e3b6679d7aa348a03383ca62e5c7dc8315d089
=== RUN   FuzzABI/d6b297b9f8f19f78622772fb05e3ee69f6f0bf05
=== RUN   FuzzABI/d73ab1ba0104c116c22e842898a029c341b8556c
=== RUN   FuzzABI/d7561674d9759d79eee3bcfb7606ce56d9d2583e
=== RUN   FuzzABI/d773bec7816a9cd89ebf074291311f983d3d1216
=== RUN   FuzzABI/d79d1af3a3b53d5c1dd0bdd426a043ce95d66484
=== RUN   FuzzABI/d7f51ec6cbe7a258284fe816a6a48375f02dcec7
=== RUN   FuzzABI/d89bc5da21ca9458fbdf52ce3b255cfccf8a8b97
=== RUN   FuzzABI/da043564efcd673e5f962e32f5646fee2d62fad7
=== RUN   FuzzABI/dae2019a0fd01d2dbbe18c58f63eb1b64cd11162
=== RUN   FuzzABI/dae2c4eee3e04d8c62f03c827e91e93a94827bb7
=== RUN   FuzzABI/db68ac653e38c2ecdb66ae54c674bae0949a4d79
=== RUN   FuzzABI/dc6ef94ceb6699ec82dbb8efc7cae273db427f77
=== RUN   FuzzABI/de3f3a803a632d38b9c404ca55aa443b8c4e5d17
=== RUN   FuzzABI/e05f439de40816fef075835012b2a61dbccf533e
=== RUN   FuzzABI/e098edbf3d233e5572e8a497d9ef11989526b594
=== RUN   FuzzABI/e0a2fe015ccab3a384a376078865fdb85dd8d977
=== RUN   FuzzABI/e0d80fdce18ad31ba7d591247610b4b64d089e64
=== RUN   FuzzABI/e12e8a40ba6fd0eea787d8eabd559c67e2ade3c6
=== RUN   FuzzABI/e18300be7747ae35bfd0436bfe6b0fbf4ac6da74
=== RUN   FuzzABI/e19d1bb783e64c5eb5ef346f46cb551445df2a0b
=== RUN   FuzzABI/e1e2c9ec2fa9a15366e10ad8280e118bebd95819
=== RUN   FuzzABI/e23b4cd67886e42912d732d8490256d7e924f420
=== RUN   FuzzABI/e298be3d1e0861ef205f14f834300797d1e98b58
=== RUN   FuzzABI/e42b945b55b32651208328601a32812ae9de96c8
=== RUN   FuzzABI/e4c388e59ac18362661bb6093365edf80f740403
=== RUN   FuzzABI/e5ab2f99eb226cde7783d0e9db8b694ff1410253
=== RUN   FuzzABI/e5b5cabbeec6b06de7adcb1c462f446ba6ed75eb
=== RUN   FuzzABI/e5c2873f7497312b27622fa30cfb3eca5d9fa62a
=== RUN   FuzzABI/e5e1ea72894787e9985db5e9d4227d948b2c334f
=== RUN   FuzzABI/e5ff79ba4dbf9459c4f5907cd278eefbeb729fda
=== RUN   FuzzABI/e6e5aa87d72033b58aa320b80dc04ce923f20d27
=== RUN   FuzzABI/e6ec7b703e7e02ffaf3c2980a55bc2c841ed9c65
=== RUN   FuzzABI/e7a47f536f334e4c5d1e87c8c40787af7f673093
=== RUN   FuzzABI/e7dd378aabe6853fa1228440d997f5a1f54abc59
=== RUN   FuzzABI/e94c5939c36f1a177bbbe883d3345f4e755a9722
=== RUN   FuzzABI/e9e3967eb2c70ee3c96e171168b9fd7398332832
=== RUN   FuzzABI/ea4a2eb4222b6598808f5183e5fdea7b7c9bb822
=== RUN   FuzzABI/eaa2963883367820fedd9e44c8e545e68e1e10cc
=== RUN   FuzzABI/eb7a47a2c2b71475cff7068694d13030d36fbd07
=== RUN   FuzzABI/eba732b312bd582a42afae6afffba2fae6fde0ac
=== RUN   FuzzABI/ebb3d6a5f9c149a60b877f25615d070f784ff041
=== RUN   FuzzABI/ebb41fcd70c5ff18ddcb7ceca593700dc6d9e490
=== RUN   FuzzABI/ec08b6b17988f16d9c3b084b3e5378b9e48f92db
=== RUN   FuzzABI/edca40370562edd310d9a97391425ff9fe21dab5
=== RUN   FuzzABI/ee098bf5f5c5cd0a5667ac8725ed780bcd37ee3b
=== RUN   FuzzABI/eeb6a0cc2eedca8d63cc58ab396acdf718426b10
=== RUN   FuzzABI/eee1d1fc26406686f62c8674f5d7bd77d196225a
=== RUN   FuzzABI/eee79f36f82c37f5c031de564aee5f082a33f456
=== RUN   FuzzABI/ef3fcd60d9825b17b390f68b7c347936b186286c
=== RUN   FuzzABI/f07ac5ab9eafcd1d29144df3300deccfc2917850
=== RUN   FuzzABI/f0aba1c6555e372b5924ef6d26e477a5c5181588
=== RUN   FuzzABI/f1bff23719be4508dec42e0c6bd44aad9c452887
=== RUN   FuzzABI/f3228d7e07722b65393581a8c529d6a65164ff20
=== RUN   FuzzABI/f360f34fa756dd9a79d2ae9e37f6e228c06c539f
=== RUN   FuzzABI/f36d2336fc7cad4acdc2ef6df19cbfe90d346ea6
=== RUN   FuzzABI/f475f606026a3b665b9de6d7be98d8e6579dbe6c
=== RUN   FuzzABI/f4fe227fd5d65937075b9206d875a92a24b81f23
=== RUN   FuzzABI/f5486afc71756a7848b03258a3f01bb9113da14c
=== RUN   FuzzABI/f577bdced13b9daae3bd1cdd844a5d1b2bff66b6
=== RUN   FuzzABI/f587ebb472202dc290dec798554ea4667d4dde42
=== RUN   FuzzABI/f694573d9137ab9e1317420d9a8b86cee0e4dc2c
=== RUN   FuzzABI/f72a29c21b2e570e171a9061e081ee8e5f69f610
=== RUN   FuzzABI/f73bd23c85f71f7cef836a5797784e87d8e5486c
=== RUN   FuzzABI/f87d198a4943fa702139bf73541347f23e9e52db
=== RUN   FuzzABI/f8955d74246fb3a2a9ca8c325f39858ac4985d3e
=== RUN   FuzzABI/f8d8dff20165a5ee937b09e562b11bb60fc28790
=== RUN   FuzzABI/f90a449101725ec4134f89526044b439f8ff23dc
=== RUN   FuzzABI/f9598a2ccf38f43a4922d580dd4ef4c3625c4371
=== RUN   FuzzABI/f96983dc9d04a6fccc676eaae3811c8f8f3299be
=== RUN   FuzzABI/f98354457c396613809e8552c8b5c3a563800117
=== RUN   FuzzABI/fa99ddb1b990757ea724e0e4721586458a1c21ce
=== RUN   FuzzABI/faa82acaef1bf304361411e876324a9309a018da
=== RUN   FuzzABI/fb5485cef5dfa6593c2cb30c3195d2343454d80f
=== RUN   FuzzABI/fca6230d8640b369c812b4d7c8d7df4ba7e36480
=== RUN   FuzzABI/fe97e74d6bef88466aba3eb470c1f305d3148f7e
=== RUN   FuzzABI/feefc1303fc61b1390e803f03c842d335b037a6c
=== RUN   FuzzABI/ff45ab135ce4e988e4061c8310dffec6d97d434f
=== RUN   FuzzABI/ffc24c4bc82fcf4cc71d805197a96af0d9e9af30
--- PASS: FuzzABI (0.09s)
    --- PASS: FuzzABI/00e37754cf131310d52a7dbb65a788e9676bd29f (0.00s)
    --- PASS: FuzzABI/011e667f2c9ea633275b8f67cfa556216c1f90f0 (0.00s)
    --- PASS: FuzzABI/02759f98111cc5b7ab7112b00d4878f0e4043537 (0.00s)
    --- PASS: FuzzABI/0296a5c63cd2e7a8808e0113981d7b9d73ee1689 (0.00s)
    --- PASS: FuzzABI/02ca5d03df0eee263711d236ead3675532dabf0a (0.00s)
    --- PASS: FuzzABI/03b61c9a92a512bfa4e8223a5a667f889796c05a (0.00s)
    --- PASS: FuzzABI/04afe47e45e4dfe3ff91a357b8d421911531a573 (0.00s)
    --- PASS: FuzzABI/04ff0351c2e2d8ef8abedc3c853714f95472604d (0.00s)
    --- PASS: FuzzABI/05169313aa4b7b76957e571ae03e6a979104986b (0.00s)
    --- PASS: FuzzABI/062712b9db5fe9ffdd9e3968c081683f75325fe0 (0.00s)
    --- PASS: FuzzABI/062fe3dcb2fc732518aa95add5021552c9dccd33 (0.00s)
    --- PASS: FuzzABI/06e492a673688dc1c54e169a4592c1d3892c0501 (0.00s)
    --- PASS: FuzzABI/0768bf483422316b36cddb226b356a93a0178d3d (0.00s)
    --- PASS: FuzzABI/094931dd36d225572ab26134ca66836f036e687b (0.00s)
    --- PASS: FuzzABI/0a0256ef6805ac3508668ff5fac34abdc48ede3e (0.00s)
    --- PASS: FuzzABI/0ada2b51d68dd222f739263d29edb6b669e0527e (0.00s)
    --- PASS: FuzzABI/0b7921d7fb57d817905e57ead30917d079a356e9 (0.00s)
    --- PASS: FuzzABI/0c6d64554ac399cdf95c14160dc67e880867cca9 (0.00s)
    --- PASS: FuzzABI/0ccd69f7828fcb8397fdc6e9fbf0cbb68c38bef5 (0.00s)
    --- PASS: FuzzABI/0d2e4f2b6f7f9a227eeb1e4897b40ac113f093a1 (0.00s)
    --- PASS: FuzzABI/0d83cc2214ce5b3b4a1e14d35ffa928904ccf80a (0.00s)
    --- PASS: FuzzABI/0e9a997cd90b9e5638096cc0590e82091cdf5c35 (0.00s)
    --- PASS: FuzzABI/0f0baf6b22d5fca13b7dc1459afaee68dd0f72bf (0.00s)
    --- PASS: FuzzABI/0f375e2cf46cf89b8eb7ee8b5b716c26245c4733 (0.00s)
    --- PASS: FuzzABI/0fcf8b9a00f37e5f69fff264f09c86c8dd9c956b (0.00s)
    --- PASS: FuzzABI/112422f74b4a2e5e2c56262095fb3f32be3c819a (0.00s)
    --- PASS: FuzzABI/117fdc75639848d6dfc9217f1684f2f515550c72 (0.00s)
    --- PASS: FuzzABI/119b401e7f87a94aca05526c1583b841900b4177 (0.00s)
    --- PASS: FuzzABI/12a32950c12d7f7aaadc532ab48742083f4d208b (0.00s)
    --- PASS: FuzzABI/12a8cf7f94a0c29bad6e877a0f7607f24d749fc8 (0.00s)
    --- PASS: FuzzABI/12dabca58baeec31a3714a30e45bfc3fb83fdc0e (0.00s)
    --- PASS: FuzzABI/139e39fc2658a0dccb8a1edea445b324acf9ef0f (0.00s)
    --- PASS: FuzzABI/14524ee2e0157c6115d83e11a2f5a92538861d2b (0.00s)
    --- PASS: FuzzABI/14684da08087bbb86fa8083135d06a460641593e (0.00s)
    --- PASS: FuzzABI/154359c5ce32d6df11fed2a6ebc71ccc1680b75c (0.00s)
    --- PASS: FuzzABI/18c96436fac1c265ca59d7ec7defb23f9ecbcfa6 (0.00s)
    --- PASS: FuzzABI/190aced13e99ec67d50b187fec9680afdf484bbe (0.00s)
    --- PASS: FuzzABI/1b2bde4722ffb584b166f41d1e42da5619f386f5 (0.00s)
    --- PASS: FuzzABI/1ba746a95e9be3560a46e0b91130729481d903cb (0.00s)
    --- PASS: FuzzABI/1c26cbea0c1372861573c7ec12019d8f91d25dde (0.00s)
    --- PASS: FuzzABI/1c800f2dabfc3c9bb2050bffbb6adcb2ab4f4a3b (0.00s)
    --- PASS: FuzzABI/1cce0311495a07d0fe956f45cf1f39c0658897b0 (0.00s)
    --- PASS: FuzzABI/1d8ac92a5b018526247c546c09810440c5a5b931 (0.00s)
    --- PASS: FuzzABI/1dcba180689f5270b054f4afb8919eaca85fc5c3 (0.00s)
    --- PASS: FuzzABI/1e1428b385572f3bcd995181b7e1885698fc661d (0.00s)
    --- PASS: FuzzABI/1eada056a19878f05c158ed4807f4b604bbcf8f6 (0.00s)
    --- PASS: FuzzABI/1fe9d5e94d5765bad7bcada0ee448fd340589fff (0.00s)
    --- PASS: FuzzABI/2078acd47c6e91d5443226fe8675a71cadc06d23 (0.00s)
    --- PASS: FuzzABI/215edab395b070f69c2f5542ab98ba031a8cc3f2 (0.00s)
    --- PASS: FuzzABI/217840b8c1675f32cc3163d4e9005ffc1e89d9f3 (0.00s)
    --- PASS: FuzzABI/21aec46b2f6f76364fc251d27115627a8f96abc8 (0.00s)
    --- PASS: FuzzABI/21e376e77e0357d5ddbad26c29961fd9a280889d (0.00s)
    --- PASS: FuzzABI/223bd8b80a57cb539cb8c79b345071a6a5dbcab8 (0.00s)
    --- PASS: FuzzABI/225d8e9c2c06458b92fc1990eeda27d345374b08 (0.00s)
    --- PASS: FuzzABI/231ccf591a5e02093f1506c19eb3610dea6e3c85 (0.00s)
    --- PASS: FuzzABI/23aa2c4c4745ca3e2627e6babe4d07a51f1b2a3d (0.00s)
    --- PASS: FuzzABI/250360961b47426d2bee8edce8fc7c7c04a17214 (0.00s)
    --- PASS: FuzzABI/259fe8a56c4abf1afa707bfb97a7e65125574a8d (0.00s)
    --- PASS: FuzzABI/2702b502fc09eec1248b891aebee94788f0379b9 (0.00s)
    --- PASS: FuzzABI/272be016492573973a4f6b64b0377ffdd142950d (0.00s)
    --- PASS: FuzzABI/275cd3bbbe259df553cb5292e9a3f2b874d4b92a (0.00s)
    --- PASS: FuzzABI/28174e98a35acc5bd2607914e123f4d9b7db78f0 (0.00s)
    --- PASS: FuzzABI/29680a199f17ae6e7cceb95ebe141c2201e211dd (0.00s)
    --- PASS: FuzzABI/296dc248117cedd6372496a24ec2b6cfc32c93e8 (0.00s)
    --- PASS: FuzzABI/29d2accc83b5f67bfe912f9e1e2017cb3eb9948b (0.00s)
    --- PASS: FuzzABI/2a2e4bebc1f8a4f23473ea63a4e50fedd136deee (0.00s)
    --- PASS: FuzzABI/2a7c75c1542323431ccda46fa61e7637a13f54b7 (0.00s)
    --- PASS: FuzzABI/2b544a11e8be760e9e478fa9614fceaf9622cead (0.00s)
    --- PASS: FuzzABI/2cda3c5751526ccec9dde63ae9d2f9ecb75a5c51 (0.00s)
    --- PASS: FuzzABI/2e4760b88a5e2c49b8cc41916ce8578a5d4cd502 (0.00s)
    --- PASS: FuzzABI/305ea6f3d91d46aada721cea59845ba3f1a6c04f (0.00s)
    --- PASS: FuzzABI/3064f4b8ef9d22774ff7cb89d609d7f9a20dff2e (0.00s)
    --- PASS: FuzzABI/30e323639fd5ade77fd9d4ee0e7a7349ac3fca98 (0.00s)
    --- PASS: FuzzABI/30e74ac2a1e619db34092d01c644f0426cc90cc6 (0.00s)
    --- PASS: FuzzABI/30e9378c842175332412088191e34a74a8cdacad (0.00s)
    --- PASS: FuzzABI/313f706b2d3913336d79e700f1a9c11a02aa6ff1 (0.00s)
    --- PASS: FuzzABI/31ddd3c48ae2d75b48b2fb3ddd7eeedd3be65e8b (0.00s)
    --- PASS: FuzzABI/323ae8c78fd79b5275d3ea3202dc7e7cc431dd06 (0.00s)
    --- PASS: FuzzABI/32881d4b0492e53a4ce296b43869bfa7385f98ca (0.00s)
    --- PASS: FuzzABI/3289454ca3fd67f6a8261d6236519e6a2fa9fde3 (0.00s)
    --- PASS: FuzzABI/32bfa06582cf01c8a14d4a31278a1e20873629fc (0.00s)
    --- PASS: FuzzABI/32fb9c27d5b1b870db650fe2a96e7c0470652824 (0.00s)
    --- PASS: FuzzABI/331cc10375aafdc8f7984fb55185120b42628ff1 (0.00s)
    --- PASS: FuzzABI/33d65e5de20308b81ff0041568a5560af66bf652 (0.00s)
    --- PASS: FuzzABI/340aa0ceea01489b0d4736dd08e18a34c3f75a07 (0.00s)
    --- PASS: FuzzABI/34c2681d58c00d3047ae2f8ad1215f3c91f0a4bf (0.00s)
    --- PASS: FuzzABI/34d1b6c69de2a21f3064e5f398f73900d589478f (0.00s)
    --- PASS: FuzzABI/34daeaae70dc0f331a060f18f4ddf71277f430ae (0.00s)
    --- PASS: FuzzABI/36a2bc20f0c1cf989c9de92f16f67d049d5a71f2 (0.00s)
    --- PASS: FuzzABI/36a2dd3f726daa842c396de0c745516f052fdbb2 (0.00s)
    --- PASS: FuzzABI/37563e4decf574aafc58cb161c0ec6cd0bf403c5 (0.00s)
    --- PASS: FuzzABI/38879b51ba1f9ef21a58bc2ce23c8dc172f5088c (0.00s)
    --- PASS: FuzzABI/39c8cd1a7edc0ceae08d3d56800e926cede5ec10 (0.00s)
    --- PASS: FuzzABI/39f199edbd51c917e6d93c23d42e25769ae0ccc1 (0.00s)
    --- PASS: FuzzABI/3ae5f9ec6681cb3e5666a8ff7fe06a07b0226ee4 (0.00s)
    --- PASS: FuzzABI/3bb59d3c2cf04c59f981d81d5dbc6c054a1c2abb (0.00s)
    --- PASS: FuzzABI/3c83bea7abe1c97eae6ab2b690c91844582c6bb3 (0.00s)
    --- PASS: FuzzABI/3d75f7b4a2fe7fe7277724ce9f692c34ff954264 (0.00s)
    --- PASS: FuzzABI/3d801d94087fbfc8075e51a8c5a9020273c93c4b (0.00s)
    --- PASS: FuzzABI/3dbb8ff2104bfc3780150204bd57c20677bc7c02 (0.00s)
    --- PASS: FuzzABI/3dbeb187d55b3a7efa92d328cba7caafadd79871 (0.00s)
    --- PASS: FuzzABI/3dd4afc4de911844febf2bbfead31945db847f02 (0.00s)
    --- PASS: FuzzABI/3e7f8e555bd69261d9de568c9369266b1323b820 (0.00s)
    --- PASS: FuzzABI/43add99f354bbc0d11a2bef5fc796bcddf9c5ab8 (0.00s)
    --- PASS: FuzzABI/43be7e33333b504c051fa1df92139a7441ab97b9 (0.00s)
    --- PASS: FuzzABI/4618a9215ff29196409df1bfc0966919e5c7de26 (0.00s)
    --- PASS: FuzzABI/464e3b5298f17bb9810844cdd5316ddb97cdfa47 (0.00s)
    --- PASS: FuzzABI/464fe612d4e4df4404d8730d6238f1820e040dd9 (0.00s)
    --- PASS: FuzzABI/46714b637b4c416d2f421b1e066b88fe5cbf4767 (0.00s)
    --- PASS: FuzzABI/46cfbc5221579aa3fefe26887afb6962d6371e7d (0.00s)
    --- PASS: FuzzABI/47098c8472224ff53bdfd625b7769aec20be12ad (0.00s)
    --- PASS: FuzzABI/473348a3b47b24c84cfc8a2ee5451917a680493d (0.00s)
    --- PASS: FuzzABI/47b2ad7d7b2dec54e316bb3987b48dda93185d78 (0.00s)
    --- PASS: FuzzABI/486796b7e69428be4d36317cb2dde030dfa23d58 (0.00s)
    --- PASS: FuzzABI/48d4d0874071729a316981839fd3f13abe0b1f0b (0.00s)
    --- PASS: FuzzABI/492a45a82dbd1c3d33f6051642d450944b340527 (0.00s)
    --- PASS: FuzzABI/49351b608e247eb20e4483bdff1c88e22f2de42f (0.00s)
    --- PASS: FuzzABI/49ea44c16f51678281daea42a2d1904549e9b199 (0.00s)
    --- PASS: FuzzABI/4af5ee67404a69baf1251bd36253566aa5f64b99 (0.00s)
    --- PASS: FuzzABI/4b3e5bbc4677b74993db0aae1ac460db19a40329 (0.00s)
    --- PASS: FuzzABI/4c2288299c81fb8faedc864b08d86ef1858d5e15 (0.00s)
    --- PASS: FuzzABI/4d0f92d47b501be50ebf60b66c5fea41d4b1f6a2 (0.00s)
    --- PASS: FuzzABI/4d16d208f3ff91f75c90b97f0e4e5c9f9a2f2d58 (0.00s)
    --- PASS: FuzzABI/4df12a7f513afe8cf5cc5eb51a4c79ed10cf0b41 (0.00s)
    --- PASS: FuzzABI/4df6f6a847a1f39c971e50fc03e0d8d70088e84f (0.00s)
    --- PASS: FuzzABI/4e312c73a304ada77b3aca759d60633b00e22f99 (0.00s)
    --- PASS: FuzzABI/4e716e4df4635376bfb84ecf5a46a27095e986f4 (0.00s)
    --- PASS: FuzzABI/4ec32257d39d14a44271bf97294f8fa4c8422d73 (0.00s)
    --- PASS: FuzzABI/52cf595cb845f46c8a118bb674c6a913f8101bae (0.00s)
    --- PASS: FuzzABI/5321a84b77d2e8d158a813e0ec8d0cca4971f259 (0.00s)
    --- PASS: FuzzABI/55868218971cbe3d48c76439013d2f625a64d536 (0.00s)
    --- PASS: FuzzABI/55ed5f5c7842d99ac6ec6ab054980d3110a4dfc3 (0.00s)
    --- PASS: FuzzABI/568726a121957ba9034ee958803eaa6e1c8d6d81 (0.00s)
    --- PASS: FuzzABI/584d01845f0c7098dbd77b89c581b389964012ce (0.00s)
    --- PASS: FuzzABI/59e96fa34594959529555c26fb1de1a0951dcba6 (0.00s)
    --- PASS: FuzzABI/5a0c8ff28c2fbbf11ddb66848bbb1982fd9828c3 (0.00s)
    --- PASS: FuzzABI/5a935a0bc774ab8fd701b152f7bfd3f5d7d5cec6 (0.00s)
    --- PASS: FuzzABI/5cfaaf90c9a25157549417c783a3dba958d2c76c (0.00s)
    --- PASS: FuzzABI/5f701d9da02e0e1a6320e3d63964f7039f7ff7e7 (0.00s)
    --- PASS: FuzzABI/5ffc74cf54b684491452203c2d8826a243223394 (0.00s)
    --- PASS: FuzzABI/60a9b2b6058dd8acf1215f425479e0c8d3e08403 (0.00s)
    --- PASS: FuzzABI/6156a27b4b58019ae467b174f4cc53688e296073 (0.00s)
    --- PASS: FuzzABI/61e6b43660fad9108e58f1f23f10d6f698ce4a7a (0.00s)
    --- PASS: FuzzABI/620aec68710a1ac04d2d1a8487a591aaa0a93422 (0.00s)
    --- PASS: FuzzABI/628674043b560ca47a191d2dd4af5d2864ad552f (0.00s)
    --- PASS: FuzzABI/637832821bfaee9b250980d2c556e1a0ff25379c (0.00s)
    --- PASS: FuzzABI/63c55706ef2beb57e3b3bc2673deb38055246c6d (0.00s)
    --- PASS: FuzzABI/6616884d57c082e50e65e5ce3d77c40683433cea (0.00s)
    --- PASS: FuzzABI/66a4cf06148c9e923e963e14bd0e813537abb026 (0.00s)
    --- PASS: FuzzABI/671ad4898d137ff57e37d0881db966c37684412b (0.00s)
    --- PASS: FuzzABI/67c404ce71d47b4e2fbc8cb65ea7bd7363c93d72 (0.00s)
    --- PASS: FuzzABI/6806406af874521354408e0e3563fe45cb1bfb0e (0.00s)
    --- PASS: FuzzABI/68372e22a565223620e753c6d8345979ac840be2 (0.00s)
    --- PASS: FuzzABI/6879fd1d30e653cb3026bff44064d357dabeca41 (0.00s)
    --- PASS: FuzzABI/6896d6d4c9c4cbf4fabf3c04480aedbedc9410dd (0.00s)
    --- PASS: FuzzABI/6ac523385d55d698132d07d91c7c8a07c54f3c80 (0.00s)
    --- PASS: FuzzABI/6b602272dce99e7e5d7d1b78b29da785c9957bd6 (0.00s)
    --- PASS: FuzzABI/6bbe420f6674ba8406f6f276155fa69939c578e9 (0.00s)
    --- PASS: FuzzABI/6c80b4fafb0b1ad1a0b5cc35d9e01db0ea65c353 (0.00s)
    --- PASS: FuzzABI/6c9a371d32da644368cd9d83a27e34e9642e1561 (0.00s)
    --- PASS: FuzzABI/6cc020d7e742fc3c9339ffd3508b7194fc98ba2c (0.00s)
    --- PASS: FuzzABI/6db1073e0554db9e8298c1e3e0c77736e968abe9 (0.00s)
    --- PASS: FuzzABI/6e974947f86fe0084564eb8d867d65c8d2803212 (0.00s)
    --- PASS: FuzzABI/6f7fd93e1a40c71cb843b7eee7ec75a92e3c89ac (0.00s)
    --- PASS: FuzzABI/709d55c79d1871fdfc2ecda3662c240e054a5892 (0.00s)
    --- PASS: FuzzABI/715091163c2aa4989a39b3f568f54454e938d8cf (0.00s)
    --- PASS: FuzzABI/71853c6197a6a7f222db0f1978c7cb232b87c5ee (0.00s)
    --- PASS: FuzzABI/72ff53784aacfc1e15a6a815a2a826cdc3b64cb3 (0.00s)
    --- PASS: FuzzABI/7341b9c7ac4a4cc220918ad6df22c6676d169107 (0.00s)
    --- PASS: FuzzABI/73a238ac019cbe21e2ee9af976ca18d5814cc672 (0.00s)
    --- PASS: FuzzABI/73c0c5da209a1d65f658e17705540bb005aacbdb (0.00s)
    --- PASS: FuzzABI/74044c4aa11b543ed356141001eaa5bcaa5fc60a (0.00s)
    --- PASS: FuzzABI/743ed0fadcbaef7ce3e662b3937aef6c4b3d9f75 (0.00s)
    --- PASS: FuzzABI/7444adef0d414f6635719de9f3a99ea71fe77895 (0.00s)
    --- PASS: FuzzABI/7562d3f4f0352a8deaded56541e08cc58062a7d3 (0.00s)
    --- PASS: FuzzABI/763590cae6e9dfc79c9a7287b5d7d6b39e21b252 (0.00s)
    --- PASS: FuzzABI/7689894a5a43b41a81b84d243eb7b649e8030644 (0.00s)
    --- PASS: FuzzABI/7740ca8bfa110622addea364505b0ac18cc540c3 (0.00s)
    --- PASS: FuzzABI/77b5090c39c7b4aafa5ffafe10c8ef79b948e06a (0.00s)
    --- PASS: FuzzABI/77c82437ae9208b4855c8ba3302f4223bd4c4bf9 (0.00s)
    --- PASS: FuzzABI/782a6e579f7f436f453e3d46bab336eb0aa59de9 (0.00s)
    --- PASS: FuzzABI/782ce2d416a593eebe12fa62d07f0432fff78e68 (0.00s)
    --- PASS: FuzzABI/7936c2ae70c49c6631a93f121471524f02ee803b (0.00s)
    --- PASS: FuzzABI/79cda3e927643e1d059f378af085633cdeab5a93 (0.00s)
    --- PASS: FuzzABI/7ab6bd1dbee76872b588a302c0e3a88a900adaa6 (0.00s)
    --- PASS: FuzzABI/7c67f4da7b27ff563e49a5fee452fdbdc2406bdb (0.00s)
    --- PASS: FuzzABI/7ce6d3cb9a5a8e4cfe88ffc086afdb1241100cc7 (0.00s)
    --- PASS: FuzzABI/8020c682c627d1ff50c84352882a0da2746770dc (0.00s)
    --- PASS: FuzzABI/80c3ed54ec177e0ccede3f25fe11c49bafa1abf0 (0.00s)
    --- PASS: FuzzABI/81a9ff5c270854fba5c7cd353c724aa4d7ec3924 (0.00s)
    --- PASS: FuzzABI/8228e76224cdf4ed5af8d468ca144f860a5b356e (0.00s)
    --- PASS: FuzzABI/82b4c21e331d0d32d476d3df154967c34f297c25 (0.00s)
    --- PASS: FuzzABI/82dcf9cfb70ce5851b22d13a3f29ce8d300ef5eb (0.00s)
    --- PASS: FuzzABI/836f31120c7425c08f703cfa453b27ca61fd0008 (0.00s)
    --- PASS: FuzzABI/83b5d952d93fbf0f2ec72e656deecc2fcd5fe6ee (0.00s)
    --- PASS: FuzzABI/844320e21009979a36bffd4d1d5b4b87d1ad80ca (0.00s)
    --- PASS: FuzzABI/85183da3ce413886bdf443ff412852efa8ef4de1 (0.00s)
    --- PASS: FuzzABI/85d953f30a00b063a3e9d5446f6996c468a4b64e (0.00s)
    --- PASS: FuzzABI/85e53271e14006f0265921d02d4d736cdc580b0b (0.00s)
    --- PASS: FuzzABI/861f3b04670212ef7f81805cd20eb647c5a0382f (0.00s)
    --- PASS: FuzzABI/86b0f4b72b56868ac3c205bf037984069f5199b2 (0.00s)
    --- PASS: FuzzABI/86c6d39da3e56f25255b3f4af2168b7eb40d3382 (0.00s)
    --- PASS: FuzzABI/86d6f457ee593375edca6513740e475adaa8ca1e (0.00s)
    --- PASS: FuzzABI/86dad949a7b597859c2457af03df7ff83e867743 (0.00s)
    --- PASS: FuzzABI/8832aef6a9fa5bd3158666156ba92eebb80a47bf (0.00s)
    --- PASS: FuzzABI/885d02c520ac3df1d037d76f7ab403f96021462b (0.00s)
    --- PASS: FuzzABI/8a26a57fa88192ae5ec79f18d980d422c4d6e407 (0.00s)
    --- PASS: FuzzABI/8a84ec858cf951d8c65eea598b346f3ba3897430 (0.00s)
    --- PASS: FuzzABI/8ad52b3afbb33f6731abd8ca507b3bf013ad4b66 (0.00s)
    --- PASS: FuzzABI/8b57dc182cbe7a68b5f8d27a02edf811a81c5b94 (0.00s)
    --- PASS: FuzzABI/8cc8bde03a38399f34a14f4fc438f43dfdd3b5dc (0.00s)
    --- PASS: FuzzABI/8de648968ebad13d206d391357e8a77a87a409f9 (0.00s)
    --- PASS: FuzzABI/8f49bccd249e038e76709d7a594de5749d7c137b (0.00s)
    --- PASS: FuzzABI/8fdb37403a9a5c361ca5a38877ffffa5edf17097 (0.00s)
    --- PASS: FuzzABI/9011001aafe7ca127239d989abd5922b996dfc63 (0.00s)
    --- PASS: FuzzABI/9069ca78e7450a285173431b3e52c5c25299e473 (0.00s)
    --- PASS: FuzzABI/90d2784d4095f1ed214e51ef24fde569bdd2cb3f (0.00s)
    --- PASS: FuzzABI/922bcbf35e4d05398fdb5741d4c508c917ca1701 (0.00s)
    --- PASS: FuzzABI/928eafc9a86a07b112a3316809f36e67c81905b4 (0.00s)
    --- PASS: FuzzABI/92db30ad9827765f87defc5254e2fdf14e844977 (0.00s)
    --- PASS: FuzzABI/9319255152163b0a58f2bbd022deb1c333a6bb7c (0.00s)
    --- PASS: FuzzABI/936462c97f1836efddd2a9a958575d8207b8dc22 (0.00s)
    --- PASS: FuzzABI/93f63ba0f7983e94a2a987b6380e0cf8b32c630e (0.00s)
    --- PASS: FuzzABI/94022e24663232a6a01e7cd63f3f96128f42c36f (0.00s)
    --- PASS: FuzzABI/95548187a45035daf934a04dcb1b92f8b491c67f (0.00s)
    --- PASS: FuzzABI/95e2863880dada71d9c24f86dbfd5954bf5cff23 (0.00s)
    --- PASS: FuzzABI/95f3d85a45ca4fc7d3f74238e5800101ce6f2705 (0.00s)
    --- PASS: FuzzABI/97046b907d1203b6573cabe1182cd8b7faecfb58 (0.00s)
    --- PASS: FuzzABI/97b192a8b294475ad158eb2f33270d5b1726c1b4 (0.00s)
    --- PASS: FuzzABI/98dcc20d8f77b375d96621e72ead394ef3eb51fb (0.00s)
    --- PASS: FuzzABI/99150ff9d357662796735608894ca6e1cc5b66d0 (0.00s)
    --- PASS: FuzzABI/9ab18769ba4bf52f6550322c2ac0329ae5c12e79 (0.00s)
    --- PASS: FuzzABI/9b95afd2dbc12e5ef30072cf1b0c65d4704f5070 (0.00s)
    --- PASS: FuzzABI/9c331f064fb9bf159c3f816a208f6e807822df9d (0.00s)
    --- PASS: FuzzABI/9c9d4983207890d1403d261456dd12111724e4b0 (0.00s)
    --- PASS: FuzzABI/9d04ef6e0ba15695f885baa88dd6d344b7635318 (0.00s)
    --- PASS: FuzzABI/9d46b1d84dd145e93066120f7f10a53f1badd6de (0.00s)
    --- PASS: FuzzABI/9d5b5eeca3af9fb346af34c10573b8adb9c22c86 (0.00s)
    --- PASS: FuzzABI/9ed39dec46d00214c65fc4e37b987ef6d1500d8f (0.00s)
    --- PASS: FuzzABI/9edcbbc6b490371f52ef1ecf3a919fa253c45e21 (0.00s)
    --- PASS: FuzzABI/9f6b9a081708bac1ddca8312173a1b0077970ebb (0.00s)
    --- PASS: FuzzABI/9f90d4a5bc169b4e2bc8285a0bd8bc8c8821fd92 (0.00s)
    --- PASS: FuzzABI/9fec8119c14c28fa6b74e535725bd3718913c325 (0.00s)
    --- PASS: FuzzABI/9ff5ddb720189b9bcdaf21282da913656a82cb22 (0.00s)
    --- PASS: FuzzABI/a18e3502951d558a701717a8ff1cf385181d0df9 (0.00s)
    --- PASS: FuzzABI/a1cb02163f10653bbe6d35e80eca3dea9dd4ba1a (0.00s)
    --- PASS: FuzzABI/a21e82e7708e4e9feec3b6889389632932dd6466 (0.00s)
    --- PASS: FuzzABI/a31e362c1229eb94f37d87af568b8ac9d1a3e6fb (0.00s)
    --- PASS: FuzzABI/a3c33ca3ecb4fe8643b2367e3803fd2f99371a8e (0.00s)
    --- PASS: FuzzABI/a3e71ba5b9e293ed673c89339dc28ba4cd6927c2 (0.00s)
    --- PASS: FuzzABI/a536acd67b0fdc1d4a14eae6de3264ba012f4ced (0.00s)
    --- PASS: FuzzABI/a56bca95a045c971cf616d240cd4a518a8043baa (0.00s)
    --- PASS: FuzzABI/a5b242411566468117cf6f0bbbc5b504fd7f3963 (0.00s)
    --- PASS: FuzzABI/a5df0ca07375361649dffcf555fb9c7ff45a9248 (0.00s)
    --- PASS: FuzzABI/a6c446f3d6c38c9b2b5b6770723a6d3e83bfe7c3 (0.00s)
    --- PASS: FuzzABI/a782420f9c4ed3e367011b8c039b01b76a5a7b98 (0.00s)
    --- PASS: FuzzABI/aa22e4cdb32e8c15c166812c0a6db005cb33f644 (0.00s)
    --- PASS: FuzzABI/aa9b2dee18a89b5262aa20e862b0005dd1bda199 (0.00s)
    --- PASS: FuzzABI/abacdc51ad39333fb998f9d8b912aaf2c613d56a (0.00s)
    --- PASS: FuzzABI/acde31cfd696e586a93d59cc74bd6f819daded96 (0.00s)
    --- PASS: FuzzABI/ae2f69dc51cfdc28a68418f31941f84de21bee37 (0.00s)
    --- PASS: FuzzABI/ae33188d89df31c6d3ff5884d4636de781404b2d (0.00s)
    --- PASS: FuzzABI/ae4f0f7eba8306b7b7af58477a2e08c664f9519a (0.00s)
    --- PASS: FuzzABI/af7d13093d5b8c77d3f10d054b4677035c873a6c (0.00s)
    --- PASS: FuzzABI/b0705b4a931d7c0fb6f7aa323171f201e2624d58 (0.00s)
    --- PASS: FuzzABI/b0dd6077251b26a66c8760e5f657cc4037cc0ee6 (0.00s)
    --- PASS: FuzzABI/b11a5db78e77f0a29064216d1e88d5f0529df31a (0.00s)
    --- PASS: FuzzABI/b13823d6481e478d6b23d9d27752d2431bb1e77b (0.00s)
    --- PASS: FuzzABI/b197e45948cb53f01d16a50c6537be29bb0dd05d (0.00s)
    --- PASS: FuzzABI/b19a3822b38439e04cd7fc72a770f0dc0575cf81 (0.00s)
    --- PASS: FuzzABI/b1af499d0f2ee03d3a4d26ea1f3e9a5e3a9e2dde (0.00s)
    --- PASS: FuzzABI/b1d2158fe9c8c47cd5e1364c8e8b765276006a37 (0.00s)
    --- PASS: FuzzABI/b2dc4876cb70d91ce91008db33181e2335e987d7 (0.00s)
    --- PASS: FuzzABI/b394092fd97b225a5b5a4492d33395768ab6279f (0.00s)
    --- PASS: FuzzABI/b45a3d44c4d0ab80d0c7f434b286dc5ce4862845 (0.00s)
    --- PASS: FuzzABI/b463da8f6e4bfc0d2bea2b34e4b72e196990f5c8 (0.00s)
    --- PASS: FuzzABI/b56a69d93b93ae68d64863c74c28ad67be959963 (0.00s)
    --- PASS: FuzzABI/b8cfb661961e5a1bad755457d295026e440e83c6 (0.00s)
    --- PASS: FuzzABI/b902117f3953385e1237ef6401cb29f22f58ad66 (0.00s)
    --- PASS: FuzzABI/bb1a7e40e324a727f15e23f5b5f15c41d7385373 (0.00s)
    --- PASS: FuzzABI/bbadfbef7cb928c8307eda64030f52353a5f7082 (0.00s)
    --- PASS: FuzzABI/bc4b8b80e66a4a2189ddd82e13d6769977d092a4 (0.00s)
    --- PASS: FuzzABI/bc5bf89c5805f1cbeed98b215617ad99d0611152 (0.00s)
    --- PASS: FuzzABI/bce955129f7e770360f8b82dcafcab1e797d7cc6 (0.00s)
    --- PASS: FuzzABI/bd3f8def986f958a70a28b2b1a913682357eeab0 (0.00s)
    --- PASS: FuzzABI/bda51bc2e29d9fec6b136529df6e9fc120b15963 (0.00s)
    --- PASS: FuzzABI/bdc132599434575b09ecb1e7c19782d1078a6101 (0.00s)
    --- PASS: FuzzABI/bdf5492abdc460a18c64c65db8da5dbed9ef575c (0.00s)
    --- PASS: FuzzABI/bf63febcfa1dc6f30242ff5d6e5bb7dde5ac4211 (0.00s)
    --- PASS: FuzzABI/bff09ffb182bcaaad3552a4c4a7974a87dd0bebe (0.00s)
    --- PASS: FuzzABI/c00ee551c5dcf09aebaf4fc61efea0d2d3d54e2c (0.00s)
    --- PASS: FuzzABI/c1040f285de7b5c6b6194fcb6b1447e93107232a (0.00s)
    --- PASS: FuzzABI/c334c67b9cdca483235008f0ee38753686894fcb (0.00s)
    --- PASS: FuzzABI/c36bd88368ee1661d21721b7a903ed2657d42408 (0.00s)
    --- PASS: FuzzABI/c6b0fdcfebca174dd213da47c2022a1264977717 (0.00s)
    --- PASS: FuzzABI/c80b6d18fd20b05cc765fed35a1be2e1bc30b9b7 (0.00s)
    --- PASS: FuzzABI/c8b6b526dc5c65ea1afa4983df7611379d68a1da (0.00s)
    --- PASS: FuzzABI/c920b3d030072b55ee54cf94667835c5e8d404fc (0.00s)
    --- PASS: FuzzABI/c932418a43e6006c1b326dca7e8dee2347f3943e (0.00s)
    --- PASS: FuzzABI/c945439ec655fcacbfcc7b968c8d2548dbca1c54 (0.00s)
    --- PASS: FuzzABI/cc3fb31745e8b9185bdb4ed71a198b99528518ea (0.00s)
    --- PASS: FuzzABI/cc7bb78fd5a2222b0109411a5237eebaeea718d0 (0.00s)
    --- PASS: FuzzABI/cc80c8bdb0d48451e36fd6f4c1cfa791aa35ec90 (0.00s)
    --- PASS: FuzzABI/cc811a8971b4dcc9897e6fad46259efb0fe95582 (0.00s)
    --- PASS: FuzzABI/cd46cde8da8dd5fa7d1fdcc5721571d0b66b2cd6 (0.00s)
    --- PASS: FuzzABI/cd57e3f73cd016b31bbc56dc9740283d72d0d6b4 (0.00s)
    --- PASS: FuzzABI/ce23fc3a8c6fd82291fb38c4f5d879e411b1fc96 (0.00s)
    --- PASS: FuzzABI/cfad321c3353dc2aa0040bd71a8716435bc4c331 (0.00s)
    --- PASS: FuzzABI/d0605730d93c517e30c61caf157f4f1671e18884 (0.00s)
    --- PASS: FuzzABI/d151fff971e962d7a7f14dc94cd087d0e075fa3a (0.00s)
    --- PASS: FuzzABI/d31a71bf5620c180b76f3a866e4ec651cac4439c (0.00s)
    --- PASS: FuzzABI/d3b4cafebe972774414a68be8119d5f62f786da9 (0.00s)
    --- PASS: FuzzABI/d3f9dcb5f07eda178565b23d306ebb204fcc3c85 (0.00s)
    --- PASS: FuzzABI/d4e3b6679d7aa348a03383ca62e5c7dc8315d089 (0.00s)
    --- PASS: FuzzABI/d6b297b9f8f19f78622772fb05e3ee69f6f0bf05 (0.00s)
    --- PASS: FuzzABI/d73ab1ba0104c116c22e842898a029c341b8556c (0.00s)
    --- PASS: FuzzABI/d7561674d9759d79eee3bcfb7606ce56d9d2583e (0.00s)
    --- PASS: FuzzABI/d773bec7816a9cd89ebf074291311f983d3d1216 (0.00s)
    --- PASS: FuzzABI/d79d1af3a3b53d5c1dd0bdd426a043ce95d66484 (0.00s)
    --- PASS: FuzzABI/d7f51ec6cbe7a258284fe816a6a48375f02dcec7 (0.00s)
    --- PASS: FuzzABI/d89bc5da21ca9458fbdf52ce3b255cfccf8a8b97 (0.00s)
    --- PASS: FuzzABI/da043564efcd673e5f962e32f5646fee2d62fad7 (0.00s)
    --- PASS: FuzzABI/dae2019a0fd01d2dbbe18c58f63eb1b64cd11162 (0.00s)
    --- PASS: FuzzABI/dae2c4eee3e04d8c62f03c827e91e93a94827bb7 (0.00s)
    --- PASS: FuzzABI/db68ac653e38c2ecdb66ae54c674bae0949a4d79 (0.00s)
    --- PASS: FuzzABI/dc6ef94ceb6699ec82dbb8efc7cae273db427f77 (0.00s)
    --- PASS: FuzzABI/de3f3a803a632d38b9c404ca55aa443b8c4e5d17 (0.00s)
    --- PASS: FuzzABI/e05f439de40816fef075835012b2a61dbccf533e (0.00s)
    --- PASS: FuzzABI/e098edbf3d233e5572e8a497d9ef11989526b594 (0.00s)
    --- PASS: FuzzABI/e0a2fe015ccab3a384a376078865fdb85dd8d977 (0.00s)
    --- PASS: FuzzABI/e0d80fdce18ad31ba7d591247610b4b64d089e64 (0.00s)
    --- PASS: FuzzABI/e12e8a40ba6fd0eea787d8eabd559c67e2ade3c6 (0.00s)
    --- PASS: FuzzABI/e18300be7747ae35bfd0436bfe6b0fbf4ac6da74 (0.00s)
    --- PASS: FuzzABI/e19d1bb783e64c5eb5ef346f46cb551445df2a0b (0.00s)
    --- PASS: FuzzABI/e1e2c9ec2fa9a15366e10ad8280e118bebd95819 (0.00s)
    --- PASS: FuzzABI/e23b4cd67886e42912d732d8490256d7e924f420 (0.00s)
    --- PASS: FuzzABI/e298be3d1e0861ef205f14f834300797d1e98b58 (0.00s)
    --- PASS: FuzzABI/e42b945b55b32651208328601a32812ae9de96c8 (0.00s)
    --- PASS: FuzzABI/e4c388e59ac18362661bb6093365edf80f740403 (0.00s)
    --- PASS: FuzzABI/e5ab2f99eb226cde7783d0e9db8b694ff1410253 (0.00s)
    --- PASS: FuzzABI/e5b5cabbeec6b06de7adcb1c462f446ba6ed75eb (0.00s)
    --- PASS: FuzzABI/e5c2873f7497312b27622fa30cfb3eca5d9fa62a (0.00s)
    --- PASS: FuzzABI/e5e1ea72894787e9985db5e9d4227d948b2c334f (0.00s)
    --- PASS: FuzzABI/e5ff79ba4dbf9459c4f5907cd278eefbeb729fda (0.00s)
    --- PASS: FuzzABI/e6e5aa87d72033b58aa320b80dc04ce923f20d27 (0.00s)
    --- PASS: FuzzABI/e6ec7b703e7e02ffaf3c2980a55bc2c841ed9c65 (0.00s)
    --- PASS: FuzzABI/e7a47f536f334e4c5d1e87c8c40787af7f673093 (0.00s)
    --- PASS: FuzzABI/e7dd378aabe6853fa1228440d997f5a1f54abc59 (0.00s)
    --- PASS: FuzzABI/e94c5939c36f1a177bbbe883d3345f4e755a9722 (0.00s)
    --- PASS: FuzzABI/e9e3967eb2c70ee3c96e171168b9fd7398332832 (0.00s)
    --- PASS: FuzzABI/ea4a2eb4222b6598808f5183e5fdea7b7c9bb822 (0.00s)
    --- PASS: FuzzABI/eaa2963883367820fedd9e44c8e545e68e1e10cc (0.00s)
    --- PASS: FuzzABI/eb7a47a2c2b71475cff7068694d13030d36fbd07 (0.00s)
    --- PASS: FuzzABI/eba732b312bd582a42afae6afffba2fae6fde0ac (0.00s)
    --- PASS: FuzzABI/ebb3d6a5f9c149a60b877f25615d070f784ff041 (0.00s)
    --- PASS: FuzzABI/ebb41fcd70c5ff18ddcb7ceca593700dc6d9e490 (0.00s)
    --- PASS: FuzzABI/ec08b6b17988f16d9c3b084b3e5378b9e48f92db (0.00s)
    --- PASS: FuzzABI/edca40370562edd310d9a97391425ff9fe21dab5 (0.00s)
    --- PASS: FuzzABI/ee098bf5f5c5cd0a5667ac8725ed780bcd37ee3b (0.00s)
    --- PASS: FuzzABI/eeb6a0cc2eedca8d63cc58ab396acdf718426b10 (0.00s)
    --- PASS: FuzzABI/eee1d1fc26406686f62c8674f5d7bd77d196225a (0.00s)
    --- PASS: FuzzABI/eee79f36f82c37f5c031de564aee5f082a33f456 (0.00s)
    --- PASS: FuzzABI/ef3fcd60d9825b17b390f68b7c347936b186286c (0.00s)
    --- PASS: FuzzABI/f07ac5ab9eafcd1d29144df3300deccfc2917850 (0.00s)
    --- PASS: FuzzABI/f0aba1c6555e372b5924ef6d26e477a5c5181588 (0.00s)
    --- PASS: FuzzABI/f1bff23719be4508dec42e0c6bd44aad9c452887 (0.00s)
    --- PASS: FuzzABI/f3228d7e07722b65393581a8c529d6a65164ff20 (0.00s)
    --- PASS: FuzzABI/f360f34fa756dd9a79d2ae9e37f6e228c06c539f (0.00s)
    --- PASS: FuzzABI/f36d2336fc7cad4acdc2ef6df19cbfe90d346ea6 (0.00s)
    --- PASS: FuzzABI/f475f606026a3b665b9de6d7be98d8e6579dbe6c (0.00s)
    --- PASS: FuzzABI/f4fe227fd5d65937075b9206d875a92a24b81f23 (0.00s)
    --- PASS: FuzzABI/f5486afc71756a7848b03258a3f01bb9113da14c (0.00s)
    --- PASS: FuzzABI/f577bdced13b9daae3bd1cdd844a5d1b2bff66b6 (0.00s)
    --- PASS: FuzzABI/f587ebb472202dc290dec798554ea4667d4dde42 (0.00s)
    --- PASS: FuzzABI/f694573d9137ab9e1317420d9a8b86cee0e4dc2c (0.00s)
    --- PASS: FuzzABI/f72a29c21b2e570e171a9061e081ee8e5f69f610 (0.00s)
    --- PASS: FuzzABI/f73bd23c85f71f7cef836a5797784e87d8e5486c (0.00s)
    --- PASS: FuzzABI/f87d198a4943fa702139bf73541347f23e9e52db (0.00s)
    --- PASS: FuzzABI/f8955d74246fb3a2a9ca8c325f39858ac4985d3e (0.00s)
    --- PASS: FuzzABI/f8d8dff20165a5ee937b09e562b11bb60fc28790 (0.00s)
    --- PASS: FuzzABI/f90a449101725ec4134f89526044b439f8ff23dc (0.00s)
    --- PASS: FuzzABI/f9598a2ccf38f43a4922d580dd4ef4c3625c4371 (0.00s)
    --- PASS: FuzzABI/f96983dc9d04a6fccc676eaae3811c8f8f3299be (0.00s)
    --- PASS: FuzzABI/f98354457c396613809e8552c8b5c3a563800117 (0.00s)
    --- PASS: FuzzABI/fa99ddb1b990757ea724e0e4721586458a1c21ce (0.00s)
    --- PASS: FuzzABI/faa82acaef1bf304361411e876324a9309a018da (0.00s)
    --- PASS: FuzzABI/fb5485cef5dfa6593c2cb30c3195d2343454d80f (0.00s)
    --- PASS: FuzzABI/fca6230d8640b369c812b4d7c8d7df4ba7e36480 (0.00s)
    --- PASS: FuzzABI/fe97e74d6bef88466aba3eb470c1f305d3148f7e (0.00s)
    --- PASS: FuzzABI/feefc1303fc61b1390e803f03c842d335b037a6c (0.00s)
    --- PASS: FuzzABI/ff45ab135ce4e988e4061c8310dffec6d97d434f (0.00s)
    --- PASS: FuzzABI/ffc24c4bc82fcf4cc71d805197a96af0d9e9af30 (0.00s)
PASS
coverage: 83.3% of statements
ok  	github.com/morph-l2/go-ethereum/tests/fuzzers/abi	0.105s	coverage: 83.3% of statements
