=== RUN   TestF
=== RUN   TestF/test_vector_0
--- PASS: TestF (0.00s)
    --- PASS: TestF/test_vector_0 (0.00s)
=== RUN   TestHashes
    blake2b_test.go:31: AVX2 version
    blake2b_test.go:36: AVX version
    blake2b_test.go:41: SSE4 version
    blake2b_test.go:45: generic version
--- PASS: TestHashes (0.00s)
=== RUN   TestHashes2X
    blake2b_test.go:55: AVX2 version
    blake2b_test.go:60: AVX version
    blake2b_test.go:65: SSE4 version
    blake2b_test.go:69: generic version
--- PASS: TestHashes2X (0.02s)
=== RUN   TestMarshal
--- PASS: TestMarshal (0.00s)
=== RUN   TestSelfTest
--- PASS: TestSelfTest (0.00s)
=== RUN   FuzzBlake2bF
=== RUN   FuzzBlake2bF/06456ceea2d4c9ae2863cc68280daeea7bec363d
=== RUN   FuzzBlake2bF/1489f923c4dca729178b3e3233458550d8dddf29
=== RUN   FuzzBlake2bF/172afb391f7df21dbf98faa4ae7047f2d97072d5
=== RUN   FuzzBlake2bF/21ed4c7af50d987589a9029fc0422151be3a0fc2
=== RUN   FuzzBlake2bF/26ebcdeca1172f01b5f8b6d5afb023d95aa4796b
=== RUN   FuzzBlake2bF/277170bd1d4f9d9ea8ab37f6828d34cf7bf780c1
=== RUN   FuzzBlake2bF/29e2dcfbb16f63bb0254df7585a15bb6fb5e927d
=== RUN   FuzzBlake2bF/3d679631803702a7977a168b0ab254e3dccc1276
=== RUN   FuzzBlake2bF/3e6f7a769a652ebd756450d91d3b41db44d23309
=== RUN   FuzzBlake2bF/44b178fca87662189195df839ce61e75a5498204
=== RUN   FuzzBlake2bF/465ff0c89be4492c75a3771618e3ca612d9724c6
=== RUN   FuzzBlake2bF/4dcf498b5c797b62b5bd949d52d46538202b2274
=== RUN   FuzzBlake2bF/52a7ddd8f058ba9e0553b1c779356cc27480ae34
=== RUN   FuzzBlake2bF/545f94c4d63270ffaa44367cbdf4967d83f39756
=== RUN   FuzzBlake2bF/5ba93c9db0cff93f52b521d7420e43f6eda2784f
=== RUN   FuzzBlake2bF/9069ca78e7450a285173431b3e52c5c25299e473
=== RUN   FuzzBlake2bF/af72814aca22204e08e31aa37a2e5c7c69ae57b1
=== RUN   FuzzBlake2bF/af86429dd2ec9f6744ab5765dac8e6ae24b3ace3
=== RUN   FuzzBlake2bF/d1770d9a7c578aee91c53135023d97c2f796d04d
=== RUN   FuzzBlake2bF/d803a89c5942a5aa89da76a8dd3cde7b39455dfb
=== RUN   FuzzBlake2bF/daf3627386a702fba141cd331c1d88903ebbda78
=== RUN   FuzzBlake2bF/ee90a74b94cc3d9365042dba748b65f1236387fc
=== RUN   FuzzBlake2bF/f15172aa2fc1e91ca69f8a8c30a0b1b606052ea8
--- PASS: FuzzBlake2bF (0.00s)
    --- PASS: FuzzBlake2bF/06456ceea2d4c9ae2863cc68280daeea7bec363d (0.00s)
    --- PASS: FuzzBlake2bF/1489f923c4dca729178b3e3233458550d8dddf29 (0.00s)
    --- PASS: FuzzBlake2bF/172afb391f7df21dbf98faa4ae7047f2d97072d5 (0.00s)
    --- PASS: FuzzBlake2bF/21ed4c7af50d987589a9029fc0422151be3a0fc2 (0.00s)
    --- PASS: FuzzBlake2bF/26ebcdeca1172f01b5f8b6d5afb023d95aa4796b (0.00s)
    --- PASS: FuzzBlake2bF/277170bd1d4f9d9ea8ab37f6828d34cf7bf780c1 (0.00s)
    --- PASS: FuzzBlake2bF/29e2dcfbb16f63bb0254df7585a15bb6fb5e927d (0.00s)
    --- PASS: FuzzBlake2bF/3d679631803702a7977a168b0ab254e3dccc1276 (0.00s)
    --- PASS: FuzzBlake2bF/3e6f7a769a652ebd756450d91d3b41db44d23309 (0.00s)
    --- PASS: FuzzBlake2bF/44b178fca87662189195df839ce61e75a5498204 (0.00s)
    --- PASS: FuzzBlake2bF/465ff0c89be4492c75a3771618e3ca612d9724c6 (0.00s)
    --- PASS: FuzzBlake2bF/4dcf498b5c797b62b5bd949d52d46538202b2274 (0.00s)
    --- PASS: FuzzBlake2bF/52a7ddd8f058ba9e0553b1c779356cc27480ae34 (0.00s)
    --- PASS: FuzzBlake2bF/545f94c4d63270ffaa44367cbdf4967d83f39756 (0.00s)
    --- PASS: FuzzBlake2bF/5ba93c9db0cff93f52b521d7420e43f6eda2784f (0.00s)
    --- PASS: FuzzBlake2bF/9069ca78e7450a285173431b3e52c5c25299e473 (0.00s)
    --- PASS: FuzzBlake2bF/af72814aca22204e08e31aa37a2e5c7c69ae57b1 (0.00s)
    --- PASS: FuzzBlake2bF/af86429dd2ec9f6744ab5765dac8e6ae24b3ace3 (0.00s)
    --- PASS: FuzzBlake2bF/d1770d9a7c578aee91c53135023d97c2f796d04d (0.00s)
    --- PASS: FuzzBlake2bF/d803a89c5942a5aa89da76a8dd3cde7b39455dfb (0.00s)
    --- PASS: FuzzBlake2bF/daf3627386a702fba141cd331c1d88903ebbda78 (0.00s)
    --- PASS: FuzzBlake2bF/ee90a74b94cc3d9365042dba748b65f1236387fc (0.00s)
    --- PASS: FuzzBlake2bF/f15172aa2fc1e91ca69f8a8c30a0b1b606052ea8 (0.00s)
PASS
coverage: 84.6% of statements
ok  	github.com/morph-l2/go-ethereum/crypto/blake2b	0.031s	coverage: 84.6% of statements
