=== RUN   TestFuzzPair
    bn256_fuzz_test.go:23: 1000 iterations passed
--- PASS: TestFuzzPair (15.30s)
=== RUN   TestFuzzAdd
    bn256_fuzz_test.go:40: 1000 iterations passed
--- PASS: TestFuzzAdd (0.23s)
=== RUN   TestFuzzMul
    bn256_fuzz_test.go:57: 1000 iterations passed
--- PASS: TestFuzzMul (0.16s)
=== RUN   FuzzBn256Add
=== RUN   FuzzBn256Add/0063399df30f8f473452d34ddbbd55131c18c5e1
=== RUN   FuzzBn256Add/028086112a7a58f469b20689338b51b0241cfb8d
=== RUN   FuzzBn256Add/030fef7848d64c7fb789a057570b2fa1baf74ebf
=== RUN   FuzzBn256Add/0395c46fa4e6d9f869734916cbce938dfd73749a
=== RUN   FuzzBn256Add/08d03111aabaacf7722f0521b86b8221e9736eec
=== RUN   FuzzBn256Add/09aa338dfc6a24b4d3c7436a8a338ff22f7b7cec
=== RUN   FuzzBn256Add/09f6cc031622561d2cf4bb44e7cd51ba0231dbea
=== RUN   FuzzBn256Add/0cdd3026a9caa54e92dfeb49fdd2ce2a9de514f5
=== RUN   FuzzBn256Add/0e64e77cb5035101ae168150298f7abb0e3e01b7
=== RUN   FuzzBn256Add/0efbc0b236caa0ca6d445457daebbed44372f0ad
=== RUN   FuzzBn256Add/11646c694a6c1c5d4e62a0f81b96fe4ec42ef4f2
=== RUN   FuzzBn256Add/127ad7b9ee33688fc0f8febe6d28b00c6a7a9027
=== RUN   FuzzBn256Add/13448bffdb833f9252078c184877f2247e77c1b7
=== RUN   FuzzBn256Add/1529d91e64b5d39a544f3a7140f9fb48e936c049
=== RUN   FuzzBn256Add/198d2f5ec0eae2e3941b683ef26e76a10bc5b06d
=== RUN   FuzzBn256Add/199794c5d4b89bb5f3cde11b265cc49448b28efb
=== RUN   FuzzBn256Add/199a827570b1a878265e9e40d286d5897c746a27
=== RUN   FuzzBn256Add/1d85e2d1f7648bbd02d60b6ad2dcedddf8ee8124
=== RUN   FuzzBn256Add/234a31513aa2ac37e3e4234097c26c6fbebcac48
=== RUN   FuzzBn256Add/23d5df62a82227800049f28b11bcdc0b76a13a0a
=== RUN   FuzzBn256Add/23ecb73182ff5c7120694aa7341047ea21874b76
=== RUN   FuzzBn256Add/23f171688c09b45d53595f77ce5b5cfaf3e990a2
=== RUN   FuzzBn256Add/257a03b34959467991d66ce06f57f636f8699aac
=== RUN   FuzzBn256Add/2585e6ffb406b55b6b7d4b34ba34abe5987eadd1
=== RUN   FuzzBn256Add/299a4f5553ecea4d258d4ed492675bff6bbc7ddf
=== RUN   FuzzBn256Add/2b400a41187426fe082fdecd630e57e46bd5d9fd
=== RUN   FuzzBn256Add/2ed3ce0129a65472a50d8ed6f9e08b4d993799fc
=== RUN   FuzzBn256Add/2f028ee786f9fd244927e9b13961ff9b54ed3a1f
=== RUN   FuzzBn256Add/315cd6b397b2d2cca21a7d6883abf81a9e5ce000
=== RUN   FuzzBn256Add/367b6620f262ee7155afaa5c8408d3c6d26a646b
=== RUN   FuzzBn256Add/3bd9ebc10f3fec15725bb8d7521baf18df03980a
=== RUN   FuzzBn256Add/3c5c8c222721fd0fa0a39631167bea453e010e59
=== RUN   FuzzBn256Add/3d5a5db087605a337664f54b06e31a14bc1b789e
=== RUN   FuzzBn256Add/3e358064169b8716dbc153d05ef410ebeea2a531
=== RUN   FuzzBn256Add/3f7c1d1c08cf5132c4074c8bf9a477632a0c3b38
=== RUN   FuzzBn256Add/40b4db0f0b45e0d3bd8e60e6f55a7956b8717b8b
=== RUN   FuzzBn256Add/414c0e0a3e26b05e2f528be1e7275189bc794d42
=== RUN   FuzzBn256Add/41a2e00b408945ba695a6f246d0cf04bb0215c70
=== RUN   FuzzBn256Add/4227d2c339fb32a51267e7e2c98e49232c8cf5fa
=== RUN   FuzzBn256Add/452df2b33422cdc52f4456d5ebd63783e4161e6e
=== RUN   FuzzBn256Add/46727174eeb372d6d1639c70a5734712f44d0cc9
=== RUN   FuzzBn256Add/492395fcebadb632ddf489708484548b2686534e
=== RUN   FuzzBn256Add/4dbc04c6f989677890f90881fb3a1b97c4562868
=== RUN   FuzzBn256Add/4e2f7cf905317629cf6682f203baaf00fffae78a
=== RUN   FuzzBn256Add/4e8acb389585429bc5dddc53fae0b5e7d59d723b
=== RUN   FuzzBn256Add/50361f625f360b8a108ed1d71964d1185be81353
=== RUN   FuzzBn256Add/57bd1fcb605222623f8f4029e346d9f2ecf86f53
=== RUN   FuzzBn256Add/59ab690a83f91bf44e5a737dc0bf361d52428130
=== RUN   FuzzBn256Add/5fb03f929fad2e4e2e349e205652e9277bca6aca
=== RUN   FuzzBn256Add/60a7e20d0b55231cf64424acad3ec605719794e7
=== RUN   FuzzBn256Add/61c798938f105bf088bad14067107160590f7531
=== RUN   FuzzBn256Add/647effab178085946632dab72fc74e66e722dcfb
=== RUN   FuzzBn256Add/69ecc27780e74d2160c526cbd7ec62b112ef4338
=== RUN   FuzzBn256Add/6a2131aa43f49037e83d2f854a20d03879dcb468
=== RUN   FuzzBn256Add/6cb00fbd7b1ec0bd551e92048bd11f0efcdbeeec
=== RUN   FuzzBn256Add/6db5b92fec379adf3a51d8349f677c1d0e01ac3c
=== RUN   FuzzBn256Add/6dfc2eaf5af78f7bf618b0c06d65d27abe602ed8
=== RUN   FuzzBn256Add/6e3da0bb7ccb54246d904ee7d795c1d47ab6d4d4
=== RUN   FuzzBn256Add/6e5e3f41f8b32e78726033e801c36c37c31511bb
=== RUN   FuzzBn256Add/72381bdfd60896e50218a1585259d856d249bd01
=== RUN   FuzzBn256Add/72a225cec5678306e78fa317510ccfb1cd486ee8
=== RUN   FuzzBn256Add/74751988e72b3b9cdc9290b18733329bb1599caa
=== RUN   FuzzBn256Add/78c59e14cb10bbe475505f677d77989c268da542
=== RUN   FuzzBn256Add/7970beba10dae5c174d9b03d9d45ce37f3966867
=== RUN   FuzzBn256Add/7e15bb5c01e7dd56499e37c634cf791d3a519aee
=== RUN   FuzzBn256Add/7f7c6e23689051176d0a14a8f7ced02eeca46cdc
=== RUN   FuzzBn256Add/7ffe5c058ba786ddc8ccc2be3367ed671b9f2f9e
=== RUN   FuzzBn256Add/800c049d1810bfc30cf811a1176b99ddf30fdbc2
=== RUN   FuzzBn256Add/82524cd02e3f52aab6d9d39ee3837265b6d9bd2d
=== RUN   FuzzBn256Add/86c4c225f09cd158d819759735779e62658b6341
=== RUN   FuzzBn256Add/89cc0cc20862714e63815bb79bc096dd716ac2ec
=== RUN   FuzzBn256Add/8a524b4108e1228022dfeb682d4a5b435a2c6c86
=== RUN   FuzzBn256Add/8ac18479272b9c81f3f0b4e51287ff1d25a11a78
=== RUN   FuzzBn256Add/8bb787ac99a16a7fdfd53c829dbf11c628aa39e4
=== RUN   FuzzBn256Add/8c53d51fa37532ea2b556cb479a2ba79d96cd816
=== RUN   FuzzBn256Add/8daef31ac61de14ee199dcaba8cb01828882c451
=== RUN   FuzzBn256Add/8f41fefa169755a11b29f82b80f3c50622bcfbae
=== RUN   FuzzBn256Add/902a6c09bdd4eaffb642213a21e0fc7333197b14
=== RUN   FuzzBn256Add/9069ca78e7450a285173431b3e52c5c25299e473
=== RUN   FuzzBn256Add/921131d631f4f8cb2553a6b59f851ad77879591a
=== RUN   FuzzBn256Add/9680e0a5b3bf6dbe18cc92c7afc056933875f0b5
=== RUN   FuzzBn256Add/9891a5dab5882175c234c7b89e924c0f1d0d81aa
=== RUN   FuzzBn256Add/99ecd5867a3f9de32bc688ca54c6f9b6be46aba9
=== RUN   FuzzBn256Add/9bbcf6f4d20f4bd724d98019743a0fbe0d34b2e1
=== RUN   FuzzBn256Add/9be60254e63834ca2e6ab1618300f0db6198efdd
=== RUN   FuzzBn256Add/a2496c040e2e4ef5422c8054d7260fef8bb789d1
=== RUN   FuzzBn256Add/a2edae7e993851b82e19de5ed65914afb8db6328
=== RUN   FuzzBn256Add/a5b003df8fcef6968e139f56f7d733f4e1bca8ea
=== RUN   FuzzBn256Add/a68d54e368cccbf836ec074c36b5db4b1962a80e
=== RUN   FuzzBn256Add/a74d75f6926bc063063b62017764aa4935f6d233
=== RUN   FuzzBn256Add/a8085d42155a6ddc9bd9d0f8a1c5be19dabf84de
=== RUN   FuzzBn256Add/a9065ac8ade3a9c9a869f49c1b3bfffba9209e90
=== RUN   FuzzBn256Add/aa18e10af515ceb81a7643b60fd07efa7b3890fb
=== RUN   FuzzBn256Add/ab6f386595758ebb46df87a90193f30e6987056f
=== RUN   FuzzBn256Add/ad0c55c43c35b2594af024fa9d708cd70942e2fe
=== RUN   FuzzBn256Add/b2844615c2415256872a8fdb3d6c325f1eefcae4
=== RUN   FuzzBn256Add/b77305e8c9f65785f0eedc5e6414bf4991b885a6
=== RUN   FuzzBn256Add/b7f0d7ae8cf3166766aedcbde22c6a56a4cc900b
=== RUN   FuzzBn256Add/b8c3719fc85fe809c332f7a40c227c251cae00b4
=== RUN   FuzzBn256Add/b9c4668a765acbba79706244fb8b6e0f3c6e0633
=== RUN   FuzzBn256Add/bae04172a5b73d7f80199e9da6c969922d1b020f
=== RUN   FuzzBn256Add/bb3713f42a1a52c3661d6e558bf712676a180ef9
=== RUN   FuzzBn256Add/bd79bc7c935db940886ffe9c3f683d33987722cd
=== RUN   FuzzBn256Add/c6510edf24e15c75bc57d8014bae1b63e87f212a
=== RUN   FuzzBn256Add/c7425f6d261368defc9308e68f6e33ad400aeb0c
=== RUN   FuzzBn256Add/c7478ad366307275a578ad8c646906fbbfce3d0e
=== RUN   FuzzBn256Add/c78833c5bc8888ae82e8e40e6cd66ddd93d93274
=== RUN   FuzzBn256Add/cb14c7a32d91de0e3026bbc471b3118fbda1ab8a
=== RUN   FuzzBn256Add/ce0bdc4401da3e71e384e091243d867a65d4fcae
=== RUN   FuzzBn256Add/d06e8b84cf7856416358c303a34d0f0807145622
=== RUN   FuzzBn256Add/d3908df5f4d11e569eacd39b335c512034beadf6
=== RUN   FuzzBn256Add/d470aca5a087da34bc75e06235836be5c87bb6b1
=== RUN   FuzzBn256Add/d5e24c778dae60cc26a639cba297883042db6e4e
=== RUN   FuzzBn256Add/d7a48c675611ff34c057df90b9242e00dcf43dc6
=== RUN   FuzzBn256Add/d9add8321888b3a52953edfc9b2b8d47755452a5
=== RUN   FuzzBn256Add/daf23d7866db9d4c437da30beb1a92fd3e3cfdf5
=== RUN   FuzzBn256Add/e29079e2735e0d953f4b8107f0c1afe1c46049c1
=== RUN   FuzzBn256Add/e355b047e80346012e90bd6d103fac6d6f2318d7
=== RUN   FuzzBn256Add/e5a02d0045127496158ac80c6d01c1a7a902dd93
=== RUN   FuzzBn256Add/e7615c32fa78144d9ca5c8442dc38d023cc41042
=== RUN   FuzzBn256Add/e786bbb603cfcebc54ca1239d2e8a3c8ef48e648
=== RUN   FuzzBn256Add/e81c3951124dd06563f216a54ab54d9f460879a8
=== RUN   FuzzBn256Add/eb089835235c470db60b5c08609cc369c48f0460
=== RUN   FuzzBn256Add/ebc7276e2ae2806d5909befef40064f3211d5c36
=== RUN   FuzzBn256Add/ed16b0d82154eb459007c0f766fd10b5857f76c1
=== RUN   FuzzBn256Add/edb984f2456050f248382ad90ed8921364b77e5b
=== RUN   FuzzBn256Add/ef028d3bbc0e1a7a0a27c7429c9d93cebaa97321
=== RUN   FuzzBn256Add/f09c0d9d104f90cdd93bca0279dc175356d5a267
=== RUN   FuzzBn256Add/f2bcc7a58d67e20e41ec8994e1f6b5436f17d02d
=== RUN   FuzzBn256Add/f362f2dc85c8962d9ac107be7adb0ca94e62f40f
=== RUN   FuzzBn256Add/f493dfd3d2697cab5b3107de56132cc8fc3ecb7d
=== RUN   FuzzBn256Add/f4b42dd1274d3221c0c58c8c8f91e72aac9f98c3
=== RUN   FuzzBn256Add/f654394a43ce49f6711274ed9ae6c589999e14c4
=== RUN   FuzzBn256Add/f9732a27eb293cf962a4c3b9f0c3a13a0c7de38e
=== RUN   FuzzBn256Add/f983f930cc8ca419e914d920e3040b766886cc7e
=== RUN   FuzzBn256Add/fb60ac0fe27696b27a42d0ff918b9c8697af8a36
=== RUN   FuzzBn256Add/fb668bf4a9e00b911132ab155a03afeedb78b346
=== RUN   FuzzBn256Add/fba9ae8682f38856b0c4b3cc37b49a099fb52463
=== RUN   FuzzBn256Add/fdb356d65f3b8c78028a9ebd470bc20033c1acb4
=== RUN   FuzzBn256Add/feb45c5e53db8b73f15a469c7d3965f4ce504cde
--- PASS: FuzzBn256Add (0.04s)
    --- PASS: FuzzBn256Add/0063399df30f8f473452d34ddbbd55131c18c5e1 (0.00s)
    --- PASS: FuzzBn256Add/028086112a7a58f469b20689338b51b0241cfb8d (0.00s)
    --- PASS: FuzzBn256Add/030fef7848d64c7fb789a057570b2fa1baf74ebf (0.00s)
    --- PASS: FuzzBn256Add/0395c46fa4e6d9f869734916cbce938dfd73749a (0.00s)
    --- PASS: FuzzBn256Add/08d03111aabaacf7722f0521b86b8221e9736eec (0.00s)
    --- PASS: FuzzBn256Add/09aa338dfc6a24b4d3c7436a8a338ff22f7b7cec (0.00s)
    --- PASS: FuzzBn256Add/09f6cc031622561d2cf4bb44e7cd51ba0231dbea (0.00s)
    --- PASS: FuzzBn256Add/0cdd3026a9caa54e92dfeb49fdd2ce2a9de514f5 (0.00s)
    --- PASS: FuzzBn256Add/0e64e77cb5035101ae168150298f7abb0e3e01b7 (0.00s)
    --- PASS: FuzzBn256Add/0efbc0b236caa0ca6d445457daebbed44372f0ad (0.00s)
    --- PASS: FuzzBn256Add/11646c694a6c1c5d4e62a0f81b96fe4ec42ef4f2 (0.00s)
    --- PASS: FuzzBn256Add/127ad7b9ee33688fc0f8febe6d28b00c6a7a9027 (0.00s)
    --- PASS: FuzzBn256Add/13448bffdb833f9252078c184877f2247e77c1b7 (0.00s)
    --- PASS: FuzzBn256Add/1529d91e64b5d39a544f3a7140f9fb48e936c049 (0.00s)
    --- PASS: FuzzBn256Add/198d2f5ec0eae2e3941b683ef26e76a10bc5b06d (0.00s)
    --- PASS: FuzzBn256Add/199794c5d4b89bb5f3cde11b265cc49448b28efb (0.00s)
    --- PASS: FuzzBn256Add/199a827570b1a878265e9e40d286d5897c746a27 (0.00s)
    --- PASS: FuzzBn256Add/1d85e2d1f7648bbd02d60b6ad2dcedddf8ee8124 (0.00s)
    --- PASS: FuzzBn256Add/234a31513aa2ac37e3e4234097c26c6fbebcac48 (0.00s)
    --- PASS: FuzzBn256Add/23d5df62a82227800049f28b11bcdc0b76a13a0a (0.00s)
    --- PASS: FuzzBn256Add/23ecb73182ff5c7120694aa7341047ea21874b76 (0.00s)
    --- PASS: FuzzBn256Add/23f171688c09b45d53595f77ce5b5cfaf3e990a2 (0.00s)
    --- PASS: FuzzBn256Add/257a03b34959467991d66ce06f57f636f8699aac (0.00s)
    --- PASS: FuzzBn256Add/2585e6ffb406b55b6b7d4b34ba34abe5987eadd1 (0.00s)
    --- PASS: FuzzBn256Add/299a4f5553ecea4d258d4ed492675bff6bbc7ddf (0.00s)
    --- PASS: FuzzBn256Add/2b400a41187426fe082fdecd630e57e46bd5d9fd (0.00s)
    --- PASS: FuzzBn256Add/2ed3ce0129a65472a50d8ed6f9e08b4d993799fc (0.00s)
    --- PASS: FuzzBn256Add/2f028ee786f9fd244927e9b13961ff9b54ed3a1f (0.00s)
    --- PASS: FuzzBn256Add/315cd6b397b2d2cca21a7d6883abf81a9e5ce000 (0.00s)
    --- PASS: FuzzBn256Add/367b6620f262ee7155afaa5c8408d3c6d26a646b (0.00s)
    --- PASS: FuzzBn256Add/3bd9ebc10f3fec15725bb8d7521baf18df03980a (0.00s)
    --- PASS: FuzzBn256Add/3c5c8c222721fd0fa0a39631167bea453e010e59 (0.00s)
    --- PASS: FuzzBn256Add/3d5a5db087605a337664f54b06e31a14bc1b789e (0.00s)
    --- PASS: FuzzBn256Add/3e358064169b8716dbc153d05ef410ebeea2a531 (0.00s)
    --- PASS: FuzzBn256Add/3f7c1d1c08cf5132c4074c8bf9a477632a0c3b38 (0.00s)
    --- PASS: FuzzBn256Add/40b4db0f0b45e0d3bd8e60e6f55a7956b8717b8b (0.00s)
    --- PASS: FuzzBn256Add/414c0e0a3e26b05e2f528be1e7275189bc794d42 (0.00s)
    --- PASS: FuzzBn256Add/41a2e00b408945ba695a6f246d0cf04bb0215c70 (0.00s)
    --- PASS: FuzzBn256Add/4227d2c339fb32a51267e7e2c98e49232c8cf5fa (0.00s)
    --- PASS: FuzzBn256Add/452df2b33422cdc52f4456d5ebd63783e4161e6e (0.00s)
    --- PASS: FuzzBn256Add/46727174eeb372d6d1639c70a5734712f44d0cc9 (0.00s)
    --- PASS: FuzzBn256Add/492395fcebadb632ddf489708484548b2686534e (0.00s)
    --- PASS: FuzzBn256Add/4dbc04c6f989677890f90881fb3a1b97c4562868 (0.00s)
    --- PASS: FuzzBn256Add/4e2f7cf905317629cf6682f203baaf00fffae78a (0.00s)
    --- PASS: FuzzBn256Add/4e8acb389585429bc5dddc53fae0b5e7d59d723b (0.00s)
    --- PASS: FuzzBn256Add/50361f625f360b8a108ed1d71964d1185be81353 (0.00s)
    --- PASS: FuzzBn256Add/57bd1fcb605222623f8f4029e346d9f2ecf86f53 (0.00s)
    --- PASS: FuzzBn256Add/59ab690a83f91bf44e5a737dc0bf361d52428130 (0.00s)
    --- PASS: FuzzBn256Add/5fb03f929fad2e4e2e349e205652e9277bca6aca (0.00s)
    --- PASS: FuzzBn256Add/60a7e20d0b55231cf64424acad3ec605719794e7 (0.00s)
    --- PASS: FuzzBn256Add/61c798938f105bf088bad14067107160590f7531 (0.00s)
    --- PASS: FuzzBn256Add/647effab178085946632dab72fc74e66e722dcfb (0.00s)
    --- PASS: FuzzBn256Add/69ecc27780e74d2160c526cbd7ec62b112ef4338 (0.00s)
    --- PASS: FuzzBn256Add/6a2131aa43f49037e83d2f854a20d03879dcb468 (0.00s)
    --- PASS: FuzzBn256Add/6cb00fbd7b1ec0bd551e92048bd11f0efcdbeeec (0.00s)
    --- PASS: FuzzBn256Add/6db5b92fec379adf3a51d8349f677c1d0e01ac3c (0.00s)
    --- PASS: FuzzBn256Add/6dfc2eaf5af78f7bf618b0c06d65d27abe602ed8 (0.00s)
    --- PASS: FuzzBn256Add/6e3da0bb7ccb54246d904ee7d795c1d47ab6d4d4 (0.00s)
    --- PASS: FuzzBn256Add/6e5e3f41f8b32e78726033e801c36c37c31511bb (0.00s)
    --- PASS: FuzzBn256Add/72381bdfd60896e50218a1585259d856d249bd01 (0.00s)
    --- PASS: FuzzBn256Add/72a225cec5678306e78fa317510ccfb1cd486ee8 (0.00s)
    --- PASS: FuzzBn256Add/74751988e72b3b9cdc9290b18733329bb1599caa (0.00s)
    --- PASS: FuzzBn256Add/78c59e14cb10bbe475505f677d77989c268da542 (0.00s)
    --- PASS: FuzzBn256Add/7970beba10dae5c174d9b03d9d45ce37f3966867 (0.00s)
    --- PASS: FuzzBn256Add/7e15bb5c01e7dd56499e37c634cf791d3a519aee (0.00s)
    --- PASS: FuzzBn256Add/7f7c6e23689051176d0a14a8f7ced02eeca46cdc (0.00s)
    --- PASS: FuzzBn256Add/7ffe5c058ba786ddc8ccc2be3367ed671b9f2f9e (0.00s)
    --- PASS: FuzzBn256Add/800c049d1810bfc30cf811a1176b99ddf30fdbc2 (0.00s)
    --- PASS: FuzzBn256Add/82524cd02e3f52aab6d9d39ee3837265b6d9bd2d (0.00s)
    --- PASS: FuzzBn256Add/86c4c225f09cd158d819759735779e62658b6341 (0.00s)
    --- PASS: FuzzBn256Add/89cc0cc20862714e63815bb79bc096dd716ac2ec (0.00s)
    --- PASS: FuzzBn256Add/8a524b4108e1228022dfeb682d4a5b435a2c6c86 (0.00s)
    --- PASS: FuzzBn256Add/8ac18479272b9c81f3f0b4e51287ff1d25a11a78 (0.00s)
    --- PASS: FuzzBn256Add/8bb787ac99a16a7fdfd53c829dbf11c628aa39e4 (0.00s)
    --- PASS: FuzzBn256Add/8c53d51fa37532ea2b556cb479a2ba79d96cd816 (0.00s)
    --- PASS: FuzzBn256Add/8daef31ac61de14ee199dcaba8cb01828882c451 (0.00s)
    --- PASS: FuzzBn256Add/8f41fefa169755a11b29f82b80f3c50622bcfbae (0.00s)
    --- PASS: FuzzBn256Add/902a6c09bdd4eaffb642213a21e0fc7333197b14 (0.00s)
    --- PASS: FuzzBn256Add/9069ca78e7450a285173431b3e52c5c25299e473 (0.00s)
    --- PASS: FuzzBn256Add/921131d631f4f8cb2553a6b59f851ad77879591a (0.00s)
    --- PASS: FuzzBn256Add/9680e0a5b3bf6dbe18cc92c7afc056933875f0b5 (0.00s)
    --- PASS: FuzzBn256Add/9891a5dab5882175c234c7b89e924c0f1d0d81aa (0.00s)
    --- PASS: FuzzBn256Add/99ecd5867a3f9de32bc688ca54c6f9b6be46aba9 (0.00s)
    --- PASS: FuzzBn256Add/9bbcf6f4d20f4bd724d98019743a0fbe0d34b2e1 (0.00s)
    --- PASS: FuzzBn256Add/9be60254e63834ca2e6ab1618300f0db6198efdd (0.00s)
    --- PASS: FuzzBn256Add/a2496c040e2e4ef5422c8054d7260fef8bb789d1 (0.00s)
    --- PASS: FuzzBn256Add/a2edae7e993851b82e19de5ed65914afb8db6328 (0.00s)
    --- PASS: FuzzBn256Add/a5b003df8fcef6968e139f56f7d733f4e1bca8ea (0.00s)
    --- PASS: FuzzBn256Add/a68d54e368cccbf836ec074c36b5db4b1962a80e (0.00s)
    --- PASS: FuzzBn256Add/a74d75f6926bc063063b62017764aa4935f6d233 (0.00s)
    --- PASS: FuzzBn256Add/a8085d42155a6ddc9bd9d0f8a1c5be19dabf84de (0.00s)
    --- PASS: FuzzBn256Add/a9065ac8ade3a9c9a869f49c1b3bfffba9209e90 (0.00s)
    --- PASS: FuzzBn256Add/aa18e10af515ceb81a7643b60fd07efa7b3890fb (0.00s)
    --- PASS: FuzzBn256Add/ab6f386595758ebb46df87a90193f30e6987056f (0.00s)
    --- PASS: FuzzBn256Add/ad0c55c43c35b2594af024fa9d708cd70942e2fe (0.00s)
    --- PASS: FuzzBn256Add/b2844615c2415256872a8fdb3d6c325f1eefcae4 (0.00s)
    --- PASS: FuzzBn256Add/b77305e8c9f65785f0eedc5e6414bf4991b885a6 (0.00s)
    --- PASS: FuzzBn256Add/b7f0d7ae8cf3166766aedcbde22c6a56a4cc900b (0.00s)
    --- PASS: FuzzBn256Add/b8c3719fc85fe809c332f7a40c227c251cae00b4 (0.00s)
    --- PASS: FuzzBn256Add/b9c4668a765acbba79706244fb8b6e0f3c6e0633 (0.00s)
    --- PASS: FuzzBn256Add/bae04172a5b73d7f80199e9da6c969922d1b020f (0.00s)
    --- PASS: FuzzBn256Add/bb3713f42a1a52c3661d6e558bf712676a180ef9 (0.00s)
    --- PASS: FuzzBn256Add/bd79bc7c935db940886ffe9c3f683d33987722cd (0.00s)
    --- PASS: FuzzBn256Add/c6510edf24e15c75bc57d8014bae1b63e87f212a (0.00s)
    --- PASS: FuzzBn256Add/c7425f6d261368defc9308e68f6e33ad400aeb0c (0.00s)
    --- PASS: FuzzBn256Add/c7478ad366307275a578ad8c646906fbbfce3d0e (0.00s)
    --- PASS: FuzzBn256Add/c78833c5bc8888ae82e8e40e6cd66ddd93d93274 (0.00s)
    --- PASS: FuzzBn256Add/cb14c7a32d91de0e3026bbc471b3118fbda1ab8a (0.00s)
    --- PASS: FuzzBn256Add/ce0bdc4401da3e71e384e091243d867a65d4fcae (0.00s)
    --- PASS: FuzzBn256Add/d06e8b84cf7856416358c303a34d0f0807145622 (0.00s)
    --- PASS: FuzzBn256Add/d3908df5f4d11e569eacd39b335c512034beadf6 (0.00s)
    --- PASS: FuzzBn256Add/d470aca5a087da34bc75e06235836be5c87bb6b1 (0.00s)
    --- PASS: FuzzBn256Add/d5e24c778dae60cc26a639cba297883042db6e4e (0.00s)
    --- PASS: FuzzBn256Add/d7a48c675611ff34c057df90b9242e00dcf43dc6 (0.00s)
    --- PASS: FuzzBn256Add/d9add8321888b3a52953edfc9b2b8d47755452a5 (0.00s)
    --- PASS: FuzzBn256Add/daf23d7866db9d4c437da30beb1a92fd3e3cfdf5 (0.00s)
    --- PASS: FuzzBn256Add/e29079e2735e0d953f4b8107f0c1afe1c46049c1 (0.00s)
    --- PASS: FuzzBn256Add/e355b047e80346012e90bd6d103fac6d6f2318d7 (0.00s)
    --- PASS: FuzzBn256Add/e5a02d0045127496158ac80c6d01c1a7a902dd93 (0.00s)
    --- PASS: FuzzBn256Add/e7615c32fa78144d9ca5c8442dc38d023cc41042 (0.00s)
    --- PASS: FuzzBn256Add/e786bbb603cfcebc54ca1239d2e8a3c8ef48e648 (0.00s)
    --- PASS: FuzzBn256Add/e81c3951124dd06563f216a54ab54d9f460879a8 (0.00s)
    --- PASS: FuzzBn256Add/eb089835235c470db60b5c08609cc369c48f0460 (0.00s)
    --- PASS: FuzzBn256Add/ebc7276e2ae2806d5909befef40064f3211d5c36 (0.00s)
    --- PASS: FuzzBn256Add/ed16b0d82154eb459007c0f766fd10b5857f76c1 (0.00s)
    --- PASS: FuzzBn256Add/edb984f2456050f248382ad90ed8921364b77e5b (0.00s)
    --- PASS: FuzzBn256Add/ef028d3bbc0e1a7a0a27c7429c9d93cebaa97321 (0.00s)
    --- PASS: FuzzBn256Add/f09c0d9d104f90cdd93bca0279dc175356d5a267 (0.00s)
    --- PASS: FuzzBn256Add/f2bcc7a58d67e20e41ec8994e1f6b5436f17d02d (0.00s)
    --- PASS: FuzzBn256Add/f362f2dc85c8962d9ac107be7adb0ca94e62f40f (0.00s)
    --- PASS: FuzzBn256Add/f493dfd3d2697cab5b3107de56132cc8fc3ecb7d (0.00s)
    --- PASS: FuzzBn256Add/f4b42dd1274d3221c0c58c8c8f91e72aac9f98c3 (0.00s)
    --- PASS: FuzzBn256Add/f654394a43ce49f6711274ed9ae6c589999e14c4 (0.00s)
    --- PASS: FuzzBn256Add/f9732a27eb293cf962a4c3b9f0c3a13a0c7de38e (0.00s)
    --- PASS: FuzzBn256Add/f983f930cc8ca419e914d920e3040b766886cc7e (0.00s)
    --- PASS: FuzzBn256Add/fb60ac0fe27696b27a42d0ff918b9c8697af8a36 (0.00s)
    --- PASS: FuzzBn256Add/fb668bf4a9e00b911132ab155a03afeedb78b346 (0.00s)
    --- PASS: FuzzBn256Add/fba9ae8682f38856b0c4b3cc37b49a099fb52463 (0.00s)
    --- PASS: FuzzBn256Add/fdb356d65f3b8c78028a9ebd470bc20033c1acb4 (0.00s)
    --- PASS: FuzzBn256Add/feb45c5e53db8b73f15a469c7d3965f4ce504cde (0.00s)
=== RUN   FuzzBn256Mul
=== RUN   FuzzBn256Mul/0312f5b981b9f1e000bcb755f6758d51c77d77c3
=== RUN   FuzzBn256Mul/04bfda3124a01310462a7aa16630d07c83727ce8
=== RUN   FuzzBn256Mul/0505fd6ea962bbeaf188aee7986ab56bc5227395
=== RUN   FuzzBn256Mul/053d00d7c320cfb063b1cecdc74075029c8c0557
=== RUN   FuzzBn256Mul/07388214a6537956d3aee34b87f359263781c7e9
=== RUN   FuzzBn256Mul/075a132adc0bf2b82a3de7a87f67e3e9adbc02c9
=== RUN   FuzzBn256Mul/08179525126824af65c65eec8f93e9e208537396
=== RUN   FuzzBn256Mul/082623e59461e611e689a079adaaa4a9e9f4e9a1
=== RUN   FuzzBn256Mul/09f49b3088241da3d899a1b81839be0e85a6982c
=== RUN   FuzzBn256Mul/0a0b69adf3afe5be66cc18bd990cb89a2a2c42f9
=== RUN   FuzzBn256Mul/0d19f00e74a9ed8496673ca71bc1fd13507989af
=== RUN   FuzzBn256Mul/0e4cc1765f43610270deae8fd1851275b8ab0863
=== RUN   FuzzBn256Mul/0f179f8ebf9f2e8db05d1b160f8fcb086fbbe92a
=== RUN   FuzzBn256Mul/0fc09aec5473c08fc6de0b82508b0acb044feaaf
=== RUN   FuzzBn256Mul/105a79a425fe76a3fa43ecec0206337f66995c9b
=== RUN   FuzzBn256Mul/10db8de5c652edaab15681a5b84d2c9e677fb48a
=== RUN   FuzzBn256Mul/1165a13720c6bc12ff4dd394d130a6db3b8353d6
=== RUN   FuzzBn256Mul/11c18b199956b92e76e35d6e30977af4692ba78c
=== RUN   FuzzBn256Mul/1207bc2038075e37d5dc2ba728b89a00ab92ad6e
=== RUN   FuzzBn256Mul/1360db1e71a8973dfeb18cd1a19ab19a571c6d9b
=== RUN   FuzzBn256Mul/1505722ee7c1337b742b33a8ee9f03127498f264
=== RUN   FuzzBn256Mul/197891f1cc2f1d6ee04d08eaf9557a21e107fc6f
=== RUN   FuzzBn256Mul/19b99d92f7e9a516b835acb0fda5f32facd15957
=== RUN   FuzzBn256Mul/1ade4d0c3bb26fc02b01b76be2fb291460ec848c
=== RUN   FuzzBn256Mul/1b0d72bb166533866a81399b730770f7f07aae1b
=== RUN   FuzzBn256Mul/1b43e7136791b2e44d3de9f59b55d97df8eef461
=== RUN   FuzzBn256Mul/1bda18def60566968c8f5bf7d92d2b7f21c006c3
=== RUN   FuzzBn256Mul/1c0f08f77294168907fa47346b00d0a3422fd26f
=== RUN   FuzzBn256Mul/1cd98b0caa7c64921e29fcc48b1425a21a42a229
=== RUN   FuzzBn256Mul/20375eaf8f3ee4337135aff0d3c2d91ca5c4afa3
=== RUN   FuzzBn256Mul/215cba02dae4e3cb1ca314dd9b218091d088e563
=== RUN   FuzzBn256Mul/2193cf3b1357fa028aa603925dcaf686acd61880
=== RUN   FuzzBn256Mul/21c9263bf5d31fe7492803ef65d2337aa54d0e9e
=== RUN   FuzzBn256Mul/23756f2b1d133229338ce7e9b4f0740c10db39f1
=== RUN   FuzzBn256Mul/25b18b81a29fa8802dd61816dd28a4bd6ffde8f0
=== RUN   FuzzBn256Mul/27692f833d9f03bfde01a25257d665cb57b2996e
=== RUN   FuzzBn256Mul/28919075babe08c943cff3c852a18c2c41893bf8
=== RUN   FuzzBn256Mul/2909c85b11139490f6e3ea701bdefe4434a0e5ce
=== RUN   FuzzBn256Mul/294cd737ac72c199c904acb72f70b31e820fcc9c
=== RUN   FuzzBn256Mul/295dd7b99e810b0193cf2ad156f3495d615732b6
=== RUN   FuzzBn256Mul/29a89728dfba31e6ccae8841ea0d2d850d92eea9
=== RUN   FuzzBn256Mul/2b840ff8d6ce933d4b504e425485395b45319a9d
=== RUN   FuzzBn256Mul/2ca8c4eec06244de890de078c1b0d7708584d921
=== RUN   FuzzBn256Mul/2e9a8448a1732510af1ee54063b276699d6fbd36
=== RUN   FuzzBn256Mul/30c08691de3c4daefc3663264443c994d5a753ea
=== RUN   FuzzBn256Mul/322b7e6e6148f8275ce1cff8ffeb5af48d02326f
=== RUN   FuzzBn256Mul/32df2a379112c470d16e4df0df6eaf224353a686
=== RUN   FuzzBn256Mul/342f6d2f21723cd4bb37a6ed46b3a1d0e4fad159
=== RUN   FuzzBn256Mul/355a2276f23fbf41056581fe084d671292702c50
=== RUN   FuzzBn256Mul/392d6dac0f93aaa24696fb6553d6929883dc072f
=== RUN   FuzzBn256Mul/398fb6b5982447741f04988bbd334dd5beb98d26
=== RUN   FuzzBn256Mul/39b270b36f6fc83f9138506a1ff7db3672b1f95b
=== RUN   FuzzBn256Mul/3aca897bd325f8ebe0a0b5c957a995e1d8d46418
=== RUN   FuzzBn256Mul/3aebdcb6014444c3d15596bf21aa56701becdd7e
=== RUN   FuzzBn256Mul/3cdd6792a986947c6017ef96e8df051731478546
=== RUN   FuzzBn256Mul/3fc9df75b95a680e504d42bd71bcd26cf99c5207
=== RUN   FuzzBn256Mul/40296ecd17cfde57a24a126434d37c6eed097c97
=== RUN   FuzzBn256Mul/418f9188ca706cb88983fc30bdbb7f344253ce59
=== RUN   FuzzBn256Mul/4265d79473969c25de44a42a79d170167f77430c
=== RUN   FuzzBn256Mul/4457c52a558e86a6defa101c22c52c69fb9af972
=== RUN   FuzzBn256Mul/4476b22c1ef2454b305cf4877e696996b5ec21ae
=== RUN   FuzzBn256Mul/44fc8ca1893ca7bd7c6cf701f1108327169070f7
=== RUN   FuzzBn256Mul/450d5f5801cffbb3a565d5f6e3b9c8c0e0d452ca
=== RUN   FuzzBn256Mul/477600bbc5c4e8e5c12b6bc8e7a823ad17871a60
=== RUN   FuzzBn256Mul/47ec64b4e3ecefb4e7d6372f88e4a4615f0213eb
=== RUN   FuzzBn256Mul/4b1bb1ff5242bc271e54bba9d6ebf85702bef03d
=== RUN   FuzzBn256Mul/4b2798ea4397f0dd835dd8e7b20dde0e01b4b1fa
=== RUN   FuzzBn256Mul/4b74d925db4152b413ad2aa568f25bca5a243ec8
=== RUN   FuzzBn256Mul/4cb650afb98927e6650b18ef59f006a471086ca5
=== RUN   FuzzBn256Mul/4d162514da2c5a3a1619b488b34142d75d14e05f
=== RUN   FuzzBn256Mul/4f8394665492877ffb2f39423ba11b6a7c551c3f
=== RUN   FuzzBn256Mul/50f94d1caad81cbb3e9d2215479571a537f6033d
=== RUN   FuzzBn256Mul/510cdf69e4427041bdd50127d1c9f4d1c0cd72ff
=== RUN   FuzzBn256Mul/5133dbf2e54848bb8ea2acd6a1a73f30461acfd4
=== RUN   FuzzBn256Mul/5351f92cfd24e171df85a89d856cd10d8b225a13
=== RUN   FuzzBn256Mul/536bcd8a2ba34def0a250dab4b5457b3bb43ec99
=== RUN   FuzzBn256Mul/53f94d1e080deb77281dad68d0f4a1e85811badc
=== RUN   FuzzBn256Mul/547aa3319342d96dc570f0cfcf9b35d7b8ad2aa4
=== RUN   FuzzBn256Mul/558c04b6c009591d2c5df7447e06c7ea2e644817
=== RUN   FuzzBn256Mul/565698d085cb22e6f97fbeb80a0c0a17d9b420bc
=== RUN   FuzzBn256Mul/56cdbe2bf62ebdf4ba5f91ccaf25234086995706
=== RUN   FuzzBn256Mul/58865acd10817dece47c7424eed65251e45c241f
=== RUN   FuzzBn256Mul/58a307ac558f86df3a582022a909b4ea617ef6b2
=== RUN   FuzzBn256Mul/590491e536e79f81fa06ef1a11034f31c1e0e0e4
=== RUN   FuzzBn256Mul/595626c182d92c4156f335c1dea08d1abe42eb1b
=== RUN   FuzzBn256Mul/5ae0d074dbb0b10f0e57c40f2d174099a5e8bebf
=== RUN   FuzzBn256Mul/6191184ea2c2eb3cffd502835fc21dec0768dbc7
=== RUN   FuzzBn256Mul/619664c3238e2f9fabb9a09fba9b2d8f34146084
=== RUN   FuzzBn256Mul/66cd344042dca8e62d7c559fd73b0cd6ec22e9b3
=== RUN   FuzzBn256Mul/682ea39e0ec022851f4363ce637eef2c8619aa8f
=== RUN   FuzzBn256Mul/690d2ac5e38f07873e9b26732c012a98ca0e50a9
=== RUN   FuzzBn256Mul/696e51b992f9d68d3ef835afeb5e630ca13cd4cf
=== RUN   FuzzBn256Mul/6b2c0c139f1473af4e4ccc15f9f3089c90e8c74b
=== RUN   FuzzBn256Mul/6b40628983c32c26cb5a49b44ed13894ec6ec1be
=== RUN   FuzzBn256Mul/6be67465a2ef223f22b5969a7dc60e232749376b
=== RUN   FuzzBn256Mul/6c4730b1fed686dcd1336d693217bc5aa561aee0
=== RUN   FuzzBn256Mul/6c62eb3bf055ac3be34d37c057317ed8a08f21ef
=== RUN   FuzzBn256Mul/6cd6b9b65a0a6a938093799f1cbcf031029112fa
=== RUN   FuzzBn256Mul/6dc3b52a8d8132f5730a93e1a39ab4d8feffbb5d
=== RUN   FuzzBn256Mul/6e2dfb041343054182a51339155cd069b3229e1d
=== RUN   FuzzBn256Mul/6f0699771fa24b1420ef3f22bbe5ad5af960d255
=== RUN   FuzzBn256Mul/7127450b8adf6a9b781fc276fbd7cf4c70cc2d55
=== RUN   FuzzBn256Mul/73da37b55fefba0f60d4116234a4ef309fd15c9b
=== RUN   FuzzBn256Mul/74198a9e02f38a40dc129a9f6438af3132b5dce0
=== RUN   FuzzBn256Mul/7450b7f8f76c4df9da21b64422188d642de2fb8d
=== RUN   FuzzBn256Mul/77a031d504fbfc4eec9a548016af9b0d2f452917
=== RUN   FuzzBn256Mul/77babc186498a33e9ac56c466267bd437fcaaf08
=== RUN   FuzzBn256Mul/78d67e30c9c50e5e4ed5aa912ac6b4d7eb77ce64
=== RUN   FuzzBn256Mul/78e164820f50be50e02c0653c890a4b0966c2cbb
=== RUN   FuzzBn256Mul/79b0b60d2d24e5cefd33633a4d3be5247887c639
=== RUN   FuzzBn256Mul/7a6ed11c16fad302c12a101a6e4fb5bedb1112bd
=== RUN   FuzzBn256Mul/7ad03b9c2554f9c14d3d6b06a52e41cb47765257
=== RUN   FuzzBn256Mul/7b16477cd3c8ebfcbdcee796323a1aa288f13e85
=== RUN   FuzzBn256Mul/7c90ce0de36397d933f4a14c1878811925f282f7
=== RUN   FuzzBn256Mul/7d050fd7671fe5e3b6b47154e2621b8040b4f2de
=== RUN   FuzzBn256Mul/7d6758b46e31a5409c28b6202f041ddfdbd25986
=== RUN   FuzzBn256Mul/7d6f17752513996f0fa3e6ca99dca7f8d541efb6
=== RUN   FuzzBn256Mul/7f5154e24e23df810ceeea8aa1d0dbd6bd92ce14
=== RUN   FuzzBn256Mul/803dbaedd4ebf16ccda0ef1c24294aab29505f2f
=== RUN   FuzzBn256Mul/80e401103536e33fb0755ca2b071d77e98cf013b
=== RUN   FuzzBn256Mul/823f654f1a22f8ac637319d4d6083880a17fde6a
=== RUN   FuzzBn256Mul/82f5924032ed564125e1473166db546d4d1a26db
=== RUN   FuzzBn256Mul/835b4fc76c0b66f4aa4dbeda6e9fc81bccc4a078
=== RUN   FuzzBn256Mul/84b72695b64b7d1e11a7d73bcd71a1b8df37fe32
=== RUN   FuzzBn256Mul/8620d2d38cefef304bfa258a105b3ff9424642b6
=== RUN   FuzzBn256Mul/8635e03057e37b554dc4a44e2535694241451f26
=== RUN   FuzzBn256Mul/8743f231c8d7c62275557138f742e30c3c21792e
=== RUN   FuzzBn256Mul/89716606ba602aa86a286254a0b4635584c30390
=== RUN   FuzzBn256Mul/8a498f2a4e77f5a732650f71a4056183be31cebe
=== RUN   FuzzBn256Mul/8a6ab0d6387935b51f0f260ebdd4d4f34476692f
=== RUN   FuzzBn256Mul/8a92f629f1315bc4b82e376f07fd1aa3286bba41
=== RUN   FuzzBn256Mul/8aba2802cc4ea45bf8122a58cac02d12668e1e60
=== RUN   FuzzBn256Mul/8bc0ef2a5e95b646051e872fec205a6ec5ef51bc
=== RUN   FuzzBn256Mul/8da539c82ae30f0063a9465ff60a0839839fefe3
=== RUN   FuzzBn256Mul/8e232527a3d038ea13aaed6a5a99baf517ea3bf7
=== RUN   FuzzBn256Mul/8fd9f285be4221886abfa02822ca815cab2f1fc7
=== RUN   FuzzBn256Mul/903b34084805ffbcc4ea46e53c5e40d2beaa8706
=== RUN   FuzzBn256Mul/92ddd337a833deb57a3782da188b435194fe1b36
=== RUN   FuzzBn256Mul/95f8e20bccd39d4891a3f92dc09eb3e8f85b47c7
=== RUN   FuzzBn256Mul/960903d2c6d7a2d05f68d0d19b1920d5834a03bc
=== RUN   FuzzBn256Mul/99f2075b0cfc97a013880b79205ef34fc8702501
=== RUN   FuzzBn256Mul/9ad6adfdc45ee2ec4b4aac20a1be60b0cd7c614d
=== RUN   FuzzBn256Mul/9bad588a39c8892392ef2ce06378a87a515cc5bf
=== RUN   FuzzBn256Mul/9f533029b370345c753288d8055ddf25c5702ed5
=== RUN   FuzzBn256Mul/a3a10580218ed6e52eda90651e575fa028d9a2d7
=== RUN   FuzzBn256Mul/a4507004c8e0293d6cefe2cd33767bf2e398b820
=== RUN   FuzzBn256Mul/a483fd5fbeda2adb2da454bbe787733de3df0489
=== RUN   FuzzBn256Mul/a5d7c45db74c4b85f5a626bf51cbe01184ad15cb
=== RUN   FuzzBn256Mul/a99a6a1b2fc25313c744a45a65a415d96e2f5b43
=== RUN   FuzzBn256Mul/aa691d726201546b33ed1695ac38ce399d50b5db
=== RUN   FuzzBn256Mul/ab8800b214ec0de9b7e63565061d41beea04d2c6
=== RUN   FuzzBn256Mul/abc0af90350e3a3ad0548c5d7c1527b628fd6101
=== RUN   FuzzBn256Mul/acff4453bd8e5580c1826ad96d2ab986e6ec7b8f
=== RUN   FuzzBn256Mul/ad01cd95fe4765ddf1df468ec90df64e94041d2d
=== RUN   FuzzBn256Mul/ad1b61d22a9e613edfdefac32eff1b278d496cb6
=== RUN   FuzzBn256Mul/ad6f37d46914fcd41b5d1f52c13350436a6f3159
=== RUN   FuzzBn256Mul/adc83b19e793491b1c6ea0fd8b46cd9f32e592fc
=== RUN   FuzzBn256Mul/ae0f4d36a59442a5f437d790d41906c14125bec0
=== RUN   FuzzBn256Mul/ae3e30f478b82b5fea8392c1fc6a6c95152e49d7
=== RUN   FuzzBn256Mul/ae5e6a00134a6c170b28caadbde5bf8a772bc821
=== RUN   FuzzBn256Mul/ae75e5ce7ab0f0b988b22af3b8c4f308c37a328d
=== RUN   FuzzBn256Mul/af3ece59ac72bd8c165bc0985280e1ecd077c2e2
=== RUN   FuzzBn256Mul/b16c442e514f1c9847fa7525c55df76b97fe725e
=== RUN   FuzzBn256Mul/b19a114094b30fbb76dfee8dcb5f97db627474b2
=== RUN   FuzzBn256Mul/b2469a225f31e43eb91acaa9ad0a04b612588d2a
=== RUN   FuzzBn256Mul/b31d55f2d3798216affec715aa40e33cef1a4e15
=== RUN   FuzzBn256Mul/b4f9b4725390e51452ed508eb46c8ae6e4ec1dba
=== RUN   FuzzBn256Mul/b651c97a54284da81410107065a3c426f6368f98
=== RUN   FuzzBn256Mul/ba125dc8fe678dbdc6bc730f0c6fb8c8b8dc709a
=== RUN   FuzzBn256Mul/ba1652b7200618b51edcd43ea8626e7093830186
=== RUN   FuzzBn256Mul/ba21fd2e31e4ab825039efc2624b8b3d89a64c34
=== RUN   FuzzBn256Mul/bc7b991a8faf2ce45f89223e5ceaafd9b5dce5c5
=== RUN   FuzzBn256Mul/bccba9abe9e69a0726d3f73b8438ec956fd0d0c7
=== RUN   FuzzBn256Mul/bce6c92dce9287596f863086a64162b211f7df5d
=== RUN   FuzzBn256Mul/bd5fb7c0a913bf177523b4b3946df99e4531dfb2
=== RUN   FuzzBn256Mul/bdbe5b9077c0d60a63f5946976ab70f1e8f2dd92
=== RUN   FuzzBn256Mul/bdc5b117c89130c6be8fb7f97c87b1934970a6d2
=== RUN   FuzzBn256Mul/c0e5b61f9652d682a68e30fe89f3dcabceecceb3
=== RUN   FuzzBn256Mul/c0fa81c3650ee99ea2d8ae236911eea309f6e77d
=== RUN   FuzzBn256Mul/c21df43ab0f70f616efb9dbbd15cc2f95304feb7
=== RUN   FuzzBn256Mul/c27cc2f83da6684765081138a5e7d3ef85e8e95e
=== RUN   FuzzBn256Mul/c2acdb8ba3688c95344246931915a362d2b26fbe
=== RUN   FuzzBn256Mul/c530ffbc52e27e4d6f77fdeda3067d7ac89a7f27
=== RUN   FuzzBn256Mul/c5f814a21c6473c55be25b20f43270f718d38269
=== RUN   FuzzBn256Mul/c68ca1aec020a5c6dcedd5ca7d893ac3f131315f
=== RUN   FuzzBn256Mul/c705b7feb615a54469309f140d474a08a6e484eb
=== RUN   FuzzBn256Mul/c76e479c856d67cf3df4c1c1261db03835445b0f
=== RUN   FuzzBn256Mul/c839b08b246c9d1b44a6a76e9dc1a5551b4f2296
=== RUN   FuzzBn256Mul/c87d4c6b2782228f57f93f3eaea203703f5494eb
=== RUN   FuzzBn256Mul/ca09c8aea2d7ba121ceb1c0d550a7cd6ff77b13c
=== RUN   FuzzBn256Mul/ccb311313f850806a1575632a4feacebb3cea0d8
=== RUN   FuzzBn256Mul/cd0a3ef6dc28b20a7dae899f03eac8dcf61c641c
=== RUN   FuzzBn256Mul/cd8f90efd4e39021d8017c0a76ae37c303789fdd
=== RUN   FuzzBn256Mul/ce6d6edec703bcaa6eb7d4d08c34704ad1bfdf3f
=== RUN   FuzzBn256Mul/cf8a947a681cd6cd649963f46528f2532ef3652f
=== RUN   FuzzBn256Mul/d011a9a4297d945fc2e92b02cbaab58da3bc501b
=== RUN   FuzzBn256Mul/d1acc6d5c26aa05990e3029b939005a17db9f67b
=== RUN   FuzzBn256Mul/d29750a712a15b57ce3b9b4fdd685f08495cbb5b
=== RUN   FuzzBn256Mul/d530e271ae1fcb92226ded611fd7000013214251
=== RUN   FuzzBn256Mul/d5922dfa4809d559fc48c67aa9544b625d72c74f
=== RUN   FuzzBn256Mul/d9bea62c130c1dbc66318ce6396d060b9d545025
=== RUN   FuzzBn256Mul/d9fb2c423e2c6fb9acacde04bb53a8cac453b0a1
=== RUN   FuzzBn256Mul/da5e77a44f162b8eec90b665a8b593fac592b6d3
=== RUN   FuzzBn256Mul/dbb35f0aadd35e4ee674b78dc2cb50284a674609
=== RUN   FuzzBn256Mul/dd2e83408a30fcc9466094de95a85df419196da8
=== RUN   FuzzBn256Mul/de219e4fbbaac328e15232eb76078fb24c8fac28
=== RUN   FuzzBn256Mul/e063adb3a40b004df23426f9e1e820a7cb26177d
=== RUN   FuzzBn256Mul/e088bb604ba844ed5c33f8422d682473c6c67a9c
=== RUN   FuzzBn256Mul/e143001667b205f4be484c63bbacdd7fd80921ac
=== RUN   FuzzBn256Mul/e2841b5cfda0e83b3549faefbf6e19fa259dd011
=== RUN   FuzzBn256Mul/e2dcb5e59971161c851060f0bd41529609bd25f8
=== RUN   FuzzBn256Mul/e436d92ef57408fa1dfef0201b7db7d3ee4b8967
=== RUN   FuzzBn256Mul/e5262dab3e5a015c819aee9542ce0e4e25c4b3ad
=== RUN   FuzzBn256Mul/e5f50a9b42f744e87cdee79bedebf9bff56870fb
=== RUN   FuzzBn256Mul/e64e40054406491e933331bb55e29b0426dd411e
=== RUN   FuzzBn256Mul/e7fdf11fcf15b763f627e921ceaf3458bfc57151
=== RUN   FuzzBn256Mul/e926b4cbc79f9eb8afb40ad6173b41ee334960d4
=== RUN   FuzzBn256Mul/eb3529818dda1be883383839b053ef17768535e9
=== RUN   FuzzBn256Mul/eb65667de5e78eb32720c4e43fb68b98ff367384
=== RUN   FuzzBn256Mul/ec696cd071a6d97535fce3940fc3cb2bf9dbaa2b
=== RUN   FuzzBn256Mul/eca70fa2be6162faa1cd0bbd6bb911898a9df6cc
=== RUN   FuzzBn256Mul/ed7ee7b62f179f00405d0485e3f2671ef3740444
=== RUN   FuzzBn256Mul/f46aba5143f7d89298de3d1ce5b67163899918f3
=== RUN   FuzzBn256Mul/f4730fd2ed6a4bbbb4ae2f9aee64b9d06442b5c2
=== RUN   FuzzBn256Mul/f4978fb41bfecfbcb66ec5204b58712e6d7c5258
=== RUN   FuzzBn256Mul/f5e29616bc44880fdf298976af76b4ded22dd9a5
=== RUN   FuzzBn256Mul/f6fd087ff4738a0ea1fcf7e21a707fb1fb4cffab
=== RUN   FuzzBn256Mul/f8c909d483313d314f6c42f0f71b2d547547e367
=== RUN   FuzzBn256Mul/f98bae5e6c9c23a2207d7e5f2c1b2aed47221a0d
=== RUN   FuzzBn256Mul/f9c1625bcbd2b504fe81eb78495b1dd19a046ac3
=== RUN   FuzzBn256Mul/f9cea122a24a016af0b7ce7266f977a8c7ebaf1c
=== RUN   FuzzBn256Mul/faa807fb58bb5c3fe92cdbb53bb3b2453e70330b
=== RUN   FuzzBn256Mul/fb23460ad99554d5bcdf963f84e980a7d8508123
=== RUN   FuzzBn256Mul/fb2ce230e49dc844636a33282679861d90b3dd70
=== RUN   FuzzBn256Mul/fd66b0b79da95fdc0bf0fa41c0315d78159e2fa7
--- PASS: FuzzBn256Mul (0.35s)
    --- PASS: FuzzBn256Mul/0312f5b981b9f1e000bcb755f6758d51c77d77c3 (0.00s)
    --- PASS: FuzzBn256Mul/04bfda3124a01310462a7aa16630d07c83727ce8 (0.00s)
    --- PASS: FuzzBn256Mul/0505fd6ea962bbeaf188aee7986ab56bc5227395 (0.00s)
    --- PASS: FuzzBn256Mul/053d00d7c320cfb063b1cecdc74075029c8c0557 (0.00s)
    --- PASS: FuzzBn256Mul/07388214a6537956d3aee34b87f359263781c7e9 (0.00s)
    --- PASS: FuzzBn256Mul/075a132adc0bf2b82a3de7a87f67e3e9adbc02c9 (0.00s)
    --- PASS: FuzzBn256Mul/08179525126824af65c65eec8f93e9e208537396 (0.00s)
    --- PASS: FuzzBn256Mul/082623e59461e611e689a079adaaa4a9e9f4e9a1 (0.00s)
    --- PASS: FuzzBn256Mul/09f49b3088241da3d899a1b81839be0e85a6982c (0.00s)
    --- PASS: FuzzBn256Mul/0a0b69adf3afe5be66cc18bd990cb89a2a2c42f9 (0.00s)
    --- PASS: FuzzBn256Mul/0d19f00e74a9ed8496673ca71bc1fd13507989af (0.00s)
    --- PASS: FuzzBn256Mul/0e4cc1765f43610270deae8fd1851275b8ab0863 (0.00s)
    --- PASS: FuzzBn256Mul/0f179f8ebf9f2e8db05d1b160f8fcb086fbbe92a (0.00s)
    --- PASS: FuzzBn256Mul/0fc09aec5473c08fc6de0b82508b0acb044feaaf (0.00s)
    --- PASS: FuzzBn256Mul/105a79a425fe76a3fa43ecec0206337f66995c9b (0.00s)
    --- PASS: FuzzBn256Mul/10db8de5c652edaab15681a5b84d2c9e677fb48a (0.00s)
    --- PASS: FuzzBn256Mul/1165a13720c6bc12ff4dd394d130a6db3b8353d6 (0.00s)
    --- PASS: FuzzBn256Mul/11c18b199956b92e76e35d6e30977af4692ba78c (0.00s)
    --- PASS: FuzzBn256Mul/1207bc2038075e37d5dc2ba728b89a00ab92ad6e (0.00s)
    --- PASS: FuzzBn256Mul/1360db1e71a8973dfeb18cd1a19ab19a571c6d9b (0.00s)
    --- PASS: FuzzBn256Mul/1505722ee7c1337b742b33a8ee9f03127498f264 (0.00s)
    --- PASS: FuzzBn256Mul/197891f1cc2f1d6ee04d08eaf9557a21e107fc6f (0.00s)
    --- PASS: FuzzBn256Mul/19b99d92f7e9a516b835acb0fda5f32facd15957 (0.00s)
    --- PASS: FuzzBn256Mul/1ade4d0c3bb26fc02b01b76be2fb291460ec848c (0.01s)
    --- PASS: FuzzBn256Mul/1b0d72bb166533866a81399b730770f7f07aae1b (0.00s)
    --- PASS: FuzzBn256Mul/1b43e7136791b2e44d3de9f59b55d97df8eef461 (0.00s)
    --- PASS: FuzzBn256Mul/1bda18def60566968c8f5bf7d92d2b7f21c006c3 (0.00s)
    --- PASS: FuzzBn256Mul/1c0f08f77294168907fa47346b00d0a3422fd26f (0.00s)
    --- PASS: FuzzBn256Mul/1cd98b0caa7c64921e29fcc48b1425a21a42a229 (0.00s)
    --- PASS: FuzzBn256Mul/20375eaf8f3ee4337135aff0d3c2d91ca5c4afa3 (0.00s)
    --- PASS: FuzzBn256Mul/215cba02dae4e3cb1ca314dd9b218091d088e563 (0.00s)
    --- PASS: FuzzBn256Mul/2193cf3b1357fa028aa603925dcaf686acd61880 (0.00s)
    --- PASS: FuzzBn256Mul/21c9263bf5d31fe7492803ef65d2337aa54d0e9e (0.00s)
    --- PASS: FuzzBn256Mul/23756f2b1d133229338ce7e9b4f0740c10db39f1 (0.00s)
    --- PASS: FuzzBn256Mul/25b18b81a29fa8802dd61816dd28a4bd6ffde8f0 (0.00s)
    --- PASS: FuzzBn256Mul/27692f833d9f03bfde01a25257d665cb57b2996e (0.00s)
    --- PASS: FuzzBn256Mul/28919075babe08c943cff3c852a18c2c41893bf8 (0.00s)
    --- PASS: FuzzBn256Mul/2909c85b11139490f6e3ea701bdefe4434a0e5ce (0.00s)
    --- PASS: FuzzBn256Mul/294cd737ac72c199c904acb72f70b31e820fcc9c (0.00s)
    --- PASS: FuzzBn256Mul/295dd7b99e810b0193cf2ad156f3495d615732b6 (0.00s)
    --- PASS: FuzzBn256Mul/29a89728dfba31e6ccae8841ea0d2d850d92eea9 (0.00s)
    --- PASS: FuzzBn256Mul/2b840ff8d6ce933d4b504e425485395b45319a9d (0.00s)
    --- PASS: FuzzBn256Mul/2ca8c4eec06244de890de078c1b0d7708584d921 (0.00s)
    --- PASS: FuzzBn256Mul/2e9a8448a1732510af1ee54063b276699d6fbd36 (0.00s)
    --- PASS: FuzzBn256Mul/30c08691de3c4daefc3663264443c994d5a753ea (0.00s)
    --- PASS: FuzzBn256Mul/322b7e6e6148f8275ce1cff8ffeb5af48d02326f (0.00s)
    --- PASS: FuzzBn256Mul/32df2a379112c470d16e4df0df6eaf224353a686 (0.00s)
    --- PASS: FuzzBn256Mul/342f6d2f21723cd4bb37a6ed46b3a1d0e4fad159 (0.00s)
    --- PASS: FuzzBn256Mul/355a2276f23fbf41056581fe084d671292702c50 (0.00s)
    --- PASS: FuzzBn256Mul/392d6dac0f93aaa24696fb6553d6929883dc072f (0.00s)
    --- PASS: FuzzBn256Mul/398fb6b5982447741f04988bbd334dd5beb98d26 (0.00s)
    --- PASS: FuzzBn256Mul/39b270b36f6fc83f9138506a1ff7db3672b1f95b (0.00s)
    --- PASS: FuzzBn256Mul/3aca897bd325f8ebe0a0b5c957a995e1d8d46418 (0.00s)
    --- PASS: FuzzBn256Mul/3aebdcb6014444c3d15596bf21aa56701becdd7e (0.00s)
    --- PASS: FuzzBn256Mul/3cdd6792a986947c6017ef96e8df051731478546 (0.00s)
    --- PASS: FuzzBn256Mul/3fc9df75b95a680e504d42bd71bcd26cf99c5207 (0.00s)
    --- PASS: FuzzBn256Mul/40296ecd17cfde57a24a126434d37c6eed097c97 (0.00s)
    --- PASS: FuzzBn256Mul/418f9188ca706cb88983fc30bdbb7f344253ce59 (0.00s)
    --- PASS: FuzzBn256Mul/4265d79473969c25de44a42a79d170167f77430c (0.00s)
    --- PASS: FuzzBn256Mul/4457c52a558e86a6defa101c22c52c69fb9af972 (0.01s)
    --- PASS: FuzzBn256Mul/4476b22c1ef2454b305cf4877e696996b5ec21ae (0.00s)
    --- PASS: FuzzBn256Mul/44fc8ca1893ca7bd7c6cf701f1108327169070f7 (0.00s)
    --- PASS: FuzzBn256Mul/450d5f5801cffbb3a565d5f6e3b9c8c0e0d452ca (0.00s)
    --- PASS: FuzzBn256Mul/477600bbc5c4e8e5c12b6bc8e7a823ad17871a60 (0.00s)
    --- PASS: FuzzBn256Mul/47ec64b4e3ecefb4e7d6372f88e4a4615f0213eb (0.00s)
    --- PASS: FuzzBn256Mul/4b1bb1ff5242bc271e54bba9d6ebf85702bef03d (0.00s)
    --- PASS: FuzzBn256Mul/4b2798ea4397f0dd835dd8e7b20dde0e01b4b1fa (0.00s)
    --- PASS: FuzzBn256Mul/4b74d925db4152b413ad2aa568f25bca5a243ec8 (0.00s)
    --- PASS: FuzzBn256Mul/4cb650afb98927e6650b18ef59f006a471086ca5 (0.00s)
    --- PASS: FuzzBn256Mul/4d162514da2c5a3a1619b488b34142d75d14e05f (0.00s)
    --- PASS: FuzzBn256Mul/4f8394665492877ffb2f39423ba11b6a7c551c3f (0.00s)
    --- PASS: FuzzBn256Mul/50f94d1caad81cbb3e9d2215479571a537f6033d (0.00s)
    --- PASS: FuzzBn256Mul/510cdf69e4427041bdd50127d1c9f4d1c0cd72ff (0.00s)
    --- PASS: FuzzBn256Mul/5133dbf2e54848bb8ea2acd6a1a73f30461acfd4 (0.00s)
    --- PASS: FuzzBn256Mul/5351f92cfd24e171df85a89d856cd10d8b225a13 (0.00s)
    --- PASS: FuzzBn256Mul/536bcd8a2ba34def0a250dab4b5457b3bb43ec99 (0.00s)
    --- PASS: FuzzBn256Mul/53f94d1e080deb77281dad68d0f4a1e85811badc (0.00s)
    --- PASS: FuzzBn256Mul/547aa3319342d96dc570f0cfcf9b35d7b8ad2aa4 (0.00s)
    --- PASS: FuzzBn256Mul/558c04b6c009591d2c5df7447e06c7ea2e644817 (0.00s)
    --- PASS: FuzzBn256Mul/565698d085cb22e6f97fbeb80a0c0a17d9b420bc (0.00s)
    --- PASS: FuzzBn256Mul/56cdbe2bf62ebdf4ba5f91ccaf25234086995706 (0.00s)
    --- PASS: FuzzBn256Mul/58865acd10817dece47c7424eed65251e45c241f (0.01s)
    --- PASS: FuzzBn256Mul/58a307ac558f86df3a582022a909b4ea617ef6b2 (0.00s)
    --- PASS: FuzzBn256Mul/590491e536e79f81fa06ef1a11034f31c1e0e0e4 (0.01s)
    --- PASS: FuzzBn256Mul/595626c182d92c4156f335c1dea08d1abe42eb1b (0.00s)
    --- PASS: FuzzBn256Mul/5ae0d074dbb0b10f0e57c40f2d174099a5e8bebf (0.00s)
    --- PASS: FuzzBn256Mul/6191184ea2c2eb3cffd502835fc21dec0768dbc7 (0.00s)
    --- PASS: FuzzBn256Mul/619664c3238e2f9fabb9a09fba9b2d8f34146084 (0.00s)
    --- PASS: FuzzBn256Mul/66cd344042dca8e62d7c559fd73b0cd6ec22e9b3 (0.00s)
    --- PASS: FuzzBn256Mul/682ea39e0ec022851f4363ce637eef2c8619aa8f (0.00s)
    --- PASS: FuzzBn256Mul/690d2ac5e38f07873e9b26732c012a98ca0e50a9 (0.00s)
    --- PASS: FuzzBn256Mul/696e51b992f9d68d3ef835afeb5e630ca13cd4cf (0.00s)
    --- PASS: FuzzBn256Mul/6b2c0c139f1473af4e4ccc15f9f3089c90e8c74b (0.00s)
    --- PASS: FuzzBn256Mul/6b40628983c32c26cb5a49b44ed13894ec6ec1be (0.00s)
    --- PASS: FuzzBn256Mul/6be67465a2ef223f22b5969a7dc60e232749376b (0.00s)
    --- PASS: FuzzBn256Mul/6c4730b1fed686dcd1336d693217bc5aa561aee0 (0.00s)
    --- PASS: FuzzBn256Mul/6c62eb3bf055ac3be34d37c057317ed8a08f21ef (0.00s)
    --- PASS: FuzzBn256Mul/6cd6b9b65a0a6a938093799f1cbcf031029112fa (0.00s)
    --- PASS: FuzzBn256Mul/6dc3b52a8d8132f5730a93e1a39ab4d8feffbb5d (0.00s)
    --- PASS: FuzzBn256Mul/6e2dfb041343054182a51339155cd069b3229e1d (0.00s)
    --- PASS: FuzzBn256Mul/6f0699771fa24b1420ef3f22bbe5ad5af960d255 (0.00s)
    --- PASS: FuzzBn256Mul/7127450b8adf6a9b781fc276fbd7cf4c70cc2d55 (0.00s)
    --- PASS: FuzzBn256Mul/73da37b55fefba0f60d4116234a4ef309fd15c9b (0.00s)
    --- PASS: FuzzBn256Mul/74198a9e02f38a40dc129a9f6438af3132b5dce0 (0.00s)
    --- PASS: FuzzBn256Mul/7450b7f8f76c4df9da21b64422188d642de2fb8d (0.00s)
    --- PASS: FuzzBn256Mul/77a031d504fbfc4eec9a548016af9b0d2f452917 (0.00s)
    --- PASS: FuzzBn256Mul/77babc186498a33e9ac56c466267bd437fcaaf08 (0.00s)
    --- PASS: FuzzBn256Mul/78d67e30c9c50e5e4ed5aa912ac6b4d7eb77ce64 (0.00s)
    --- PASS: FuzzBn256Mul/78e164820f50be50e02c0653c890a4b0966c2cbb (0.01s)
    --- PASS: FuzzBn256Mul/79b0b60d2d24e5cefd33633a4d3be5247887c639 (0.00s)
    --- PASS: FuzzBn256Mul/7a6ed11c16fad302c12a101a6e4fb5bedb1112bd (0.00s)
    --- PASS: FuzzBn256Mul/7ad03b9c2554f9c14d3d6b06a52e41cb47765257 (0.00s)
    --- PASS: FuzzBn256Mul/7b16477cd3c8ebfcbdcee796323a1aa288f13e85 (0.00s)
    --- PASS: FuzzBn256Mul/7c90ce0de36397d933f4a14c1878811925f282f7 (0.00s)
    --- PASS: FuzzBn256Mul/7d050fd7671fe5e3b6b47154e2621b8040b4f2de (0.00s)
    --- PASS: FuzzBn256Mul/7d6758b46e31a5409c28b6202f041ddfdbd25986 (0.00s)
    --- PASS: FuzzBn256Mul/7d6f17752513996f0fa3e6ca99dca7f8d541efb6 (0.00s)
    --- PASS: FuzzBn256Mul/7f5154e24e23df810ceeea8aa1d0dbd6bd92ce14 (0.00s)
    --- PASS: FuzzBn256Mul/803dbaedd4ebf16ccda0ef1c24294aab29505f2f (0.00s)
    --- PASS: FuzzBn256Mul/80e401103536e33fb0755ca2b071d77e98cf013b (0.00s)
    --- PASS: FuzzBn256Mul/823f654f1a22f8ac637319d4d6083880a17fde6a (0.00s)
    --- PASS: FuzzBn256Mul/82f5924032ed564125e1473166db546d4d1a26db (0.00s)
    --- PASS: FuzzBn256Mul/835b4fc76c0b66f4aa4dbeda6e9fc81bccc4a078 (0.00s)
    --- PASS: FuzzBn256Mul/84b72695b64b7d1e11a7d73bcd71a1b8df37fe32 (0.00s)
    --- PASS: FuzzBn256Mul/8620d2d38cefef304bfa258a105b3ff9424642b6 (0.00s)
    --- PASS: FuzzBn256Mul/8635e03057e37b554dc4a44e2535694241451f26 (0.00s)
    --- PASS: FuzzBn256Mul/8743f231c8d7c62275557138f742e30c3c21792e (0.00s)
    --- PASS: FuzzBn256Mul/89716606ba602aa86a286254a0b4635584c30390 (0.00s)
    --- PASS: FuzzBn256Mul/8a498f2a4e77f5a732650f71a4056183be31cebe (0.00s)
    --- PASS: FuzzBn256Mul/8a6ab0d6387935b51f0f260ebdd4d4f34476692f (0.00s)
    --- PASS: FuzzBn256Mul/8a92f629f1315bc4b82e376f07fd1aa3286bba41 (0.00s)
    --- PASS: FuzzBn256Mul/8aba2802cc4ea45bf8122a58cac02d12668e1e60 (0.00s)
    --- PASS: FuzzBn256Mul/8bc0ef2a5e95b646051e872fec205a6ec5ef51bc (0.00s)
    --- PASS: FuzzBn256Mul/8da539c82ae30f0063a9465ff60a0839839fefe3 (0.00s)
    --- PASS: FuzzBn256Mul/8e232527a3d038ea13aaed6a5a99baf517ea3bf7 (0.00s)
    --- PASS: FuzzBn256Mul/8fd9f285be4221886abfa02822ca815cab2f1fc7 (0.00s)
    --- PASS: FuzzBn256Mul/903b34084805ffbcc4ea46e53c5e40d2beaa8706 (0.00s)
    --- PASS: FuzzBn256Mul/92ddd337a833deb57a3782da188b435194fe1b36 (0.00s)
    --- PASS: FuzzBn256Mul/95f8e20bccd39d4891a3f92dc09eb3e8f85b47c7 (0.00s)
    --- PASS: FuzzBn256Mul/960903d2c6d7a2d05f68d0d19b1920d5834a03bc (0.00s)
    --- PASS: FuzzBn256Mul/99f2075b0cfc97a013880b79205ef34fc8702501 (0.01s)
    --- PASS: FuzzBn256Mul/9ad6adfdc45ee2ec4b4aac20a1be60b0cd7c614d (0.00s)
    --- PASS: FuzzBn256Mul/9bad588a39c8892392ef2ce06378a87a515cc5bf (0.00s)
    --- PASS: FuzzBn256Mul/9f533029b370345c753288d8055ddf25c5702ed5 (0.00s)
    --- PASS: FuzzBn256Mul/a3a10580218ed6e52eda90651e575fa028d9a2d7 (0.00s)
    --- PASS: FuzzBn256Mul/a4507004c8e0293d6cefe2cd33767bf2e398b820 (0.00s)
    --- PASS: FuzzBn256Mul/a483fd5fbeda2adb2da454bbe787733de3df0489 (0.00s)
    --- PASS: FuzzBn256Mul/a5d7c45db74c4b85f5a626bf51cbe01184ad15cb (0.00s)
    --- PASS: FuzzBn256Mul/a99a6a1b2fc25313c744a45a65a415d96e2f5b43 (0.00s)
    --- PASS: FuzzBn256Mul/aa691d726201546b33ed1695ac38ce399d50b5db (0.00s)
    --- PASS: FuzzBn256Mul/ab8800b214ec0de9b7e63565061d41beea04d2c6 (0.00s)
    --- PASS: FuzzBn256Mul/abc0af90350e3a3ad0548c5d7c1527b628fd6101 (0.00s)
    --- PASS: FuzzBn256Mul/acff4453bd8e5580c1826ad96d2ab986e6ec7b8f (0.00s)
    --- PASS: FuzzBn256Mul/ad01cd95fe4765ddf1df468ec90df64e94041d2d (0.00s)
    --- PASS: FuzzBn256Mul/ad1b61d22a9e613edfdefac32eff1b278d496cb6 (0.00s)
    --- PASS: FuzzBn256Mul/ad6f37d46914fcd41b5d1f52c13350436a6f3159 (0.00s)
    --- PASS: FuzzBn256Mul/adc83b19e793491b1c6ea0fd8b46cd9f32e592fc (0.00s)
    --- PASS: FuzzBn256Mul/ae0f4d36a59442a5f437d790d41906c14125bec0 (0.00s)
    --- PASS: FuzzBn256Mul/ae3e30f478b82b5fea8392c1fc6a6c95152e49d7 (0.00s)
    --- PASS: FuzzBn256Mul/ae5e6a00134a6c170b28caadbde5bf8a772bc821 (0.00s)
    --- PASS: FuzzBn256Mul/ae75e5ce7ab0f0b988b22af3b8c4f308c37a328d (0.00s)
    --- PASS: FuzzBn256Mul/af3ece59ac72bd8c165bc0985280e1ecd077c2e2 (0.00s)
    --- PASS: FuzzBn256Mul/b16c442e514f1c9847fa7525c55df76b97fe725e (0.00s)
    --- PASS: FuzzBn256Mul/b19a114094b30fbb76dfee8dcb5f97db627474b2 (0.00s)
    --- PASS: FuzzBn256Mul/b2469a225f31e43eb91acaa9ad0a04b612588d2a (0.00s)
    --- PASS: FuzzBn256Mul/b31d55f2d3798216affec715aa40e33cef1a4e15 (0.00s)
    --- PASS: FuzzBn256Mul/b4f9b4725390e51452ed508eb46c8ae6e4ec1dba (0.00s)
    --- PASS: FuzzBn256Mul/b651c97a54284da81410107065a3c426f6368f98 (0.00s)
    --- PASS: FuzzBn256Mul/ba125dc8fe678dbdc6bc730f0c6fb8c8b8dc709a (0.00s)
    --- PASS: FuzzBn256Mul/ba1652b7200618b51edcd43ea8626e7093830186 (0.00s)
    --- PASS: FuzzBn256Mul/ba21fd2e31e4ab825039efc2624b8b3d89a64c34 (0.00s)
    --- PASS: FuzzBn256Mul/bc7b991a8faf2ce45f89223e5ceaafd9b5dce5c5 (0.00s)
    --- PASS: FuzzBn256Mul/bccba9abe9e69a0726d3f73b8438ec956fd0d0c7 (0.00s)
    --- PASS: FuzzBn256Mul/bce6c92dce9287596f863086a64162b211f7df5d (0.00s)
    --- PASS: FuzzBn256Mul/bd5fb7c0a913bf177523b4b3946df99e4531dfb2 (0.00s)
    --- PASS: FuzzBn256Mul/bdbe5b9077c0d60a63f5946976ab70f1e8f2dd92 (0.00s)
    --- PASS: FuzzBn256Mul/bdc5b117c89130c6be8fb7f97c87b1934970a6d2 (0.00s)
    --- PASS: FuzzBn256Mul/c0e5b61f9652d682a68e30fe89f3dcabceecceb3 (0.00s)
    --- PASS: FuzzBn256Mul/c0fa81c3650ee99ea2d8ae236911eea309f6e77d (0.01s)
    --- PASS: FuzzBn256Mul/c21df43ab0f70f616efb9dbbd15cc2f95304feb7 (0.00s)
    --- PASS: FuzzBn256Mul/c27cc2f83da6684765081138a5e7d3ef85e8e95e (0.00s)
    --- PASS: FuzzBn256Mul/c2acdb8ba3688c95344246931915a362d2b26fbe (0.00s)
    --- PASS: FuzzBn256Mul/c530ffbc52e27e4d6f77fdeda3067d7ac89a7f27 (0.00s)
    --- PASS: FuzzBn256Mul/c5f814a21c6473c55be25b20f43270f718d38269 (0.00s)
    --- PASS: FuzzBn256Mul/c68ca1aec020a5c6dcedd5ca7d893ac3f131315f (0.00s)
    --- PASS: FuzzBn256Mul/c705b7feb615a54469309f140d474a08a6e484eb (0.01s)
    --- PASS: FuzzBn256Mul/c76e479c856d67cf3df4c1c1261db03835445b0f (0.00s)
    --- PASS: FuzzBn256Mul/c839b08b246c9d1b44a6a76e9dc1a5551b4f2296 (0.00s)
    --- PASS: FuzzBn256Mul/c87d4c6b2782228f57f93f3eaea203703f5494eb (0.00s)
    --- PASS: FuzzBn256Mul/ca09c8aea2d7ba121ceb1c0d550a7cd6ff77b13c (0.00s)
    --- PASS: FuzzBn256Mul/ccb311313f850806a1575632a4feacebb3cea0d8 (0.00s)
    --- PASS: FuzzBn256Mul/cd0a3ef6dc28b20a7dae899f03eac8dcf61c641c (0.00s)
    --- PASS: FuzzBn256Mul/cd8f90efd4e39021d8017c0a76ae37c303789fdd (0.00s)
    --- PASS: FuzzBn256Mul/ce6d6edec703bcaa6eb7d4d08c34704ad1bfdf3f (0.00s)
    --- PASS: FuzzBn256Mul/cf8a947a681cd6cd649963f46528f2532ef3652f (0.00s)
    --- PASS: FuzzBn256Mul/d011a9a4297d945fc2e92b02cbaab58da3bc501b (0.00s)
    --- PASS: FuzzBn256Mul/d1acc6d5c26aa05990e3029b939005a17db9f67b (0.00s)
    --- PASS: FuzzBn256Mul/d29750a712a15b57ce3b9b4fdd685f08495cbb5b (0.00s)
    --- PASS: FuzzBn256Mul/d530e271ae1fcb92226ded611fd7000013214251 (0.00s)
    --- PASS: FuzzBn256Mul/d5922dfa4809d559fc48c67aa9544b625d72c74f (0.00s)
    --- PASS: FuzzBn256Mul/d9bea62c130c1dbc66318ce6396d060b9d545025 (0.00s)
    --- PASS: FuzzBn256Mul/d9fb2c423e2c6fb9acacde04bb53a8cac453b0a1 (0.00s)
    --- PASS: FuzzBn256Mul/da5e77a44f162b8eec90b665a8b593fac592b6d3 (0.00s)
    --- PASS: FuzzBn256Mul/dbb35f0aadd35e4ee674b78dc2cb50284a674609 (0.01s)
    --- PASS: FuzzBn256Mul/dd2e83408a30fcc9466094de95a85df419196da8 (0.00s)
    --- PASS: FuzzBn256Mul/de219e4fbbaac328e15232eb76078fb24c8fac28 (0.00s)
    --- PASS: FuzzBn256Mul/e063adb3a40b004df23426f9e1e820a7cb26177d (0.00s)
    --- PASS: FuzzBn256Mul/e088bb604ba844ed5c33f8422d682473c6c67a9c (0.00s)
    --- PASS: FuzzBn256Mul/e143001667b205f4be484c63bbacdd7fd80921ac (0.00s)
    --- PASS: FuzzBn256Mul/e2841b5cfda0e83b3549faefbf6e19fa259dd011 (0.00s)
    --- PASS: FuzzBn256Mul/e2dcb5e59971161c851060f0bd41529609bd25f8 (0.00s)
    --- PASS: FuzzBn256Mul/e436d92ef57408fa1dfef0201b7db7d3ee4b8967 (0.00s)
    --- PASS: FuzzBn256Mul/e5262dab3e5a015c819aee9542ce0e4e25c4b3ad (0.00s)
    --- PASS: FuzzBn256Mul/e5f50a9b42f744e87cdee79bedebf9bff56870fb (0.00s)
    --- PASS: FuzzBn256Mul/e64e40054406491e933331bb55e29b0426dd411e (0.00s)
    --- PASS: FuzzBn256Mul/e7fdf11fcf15b763f627e921ceaf3458bfc57151 (0.00s)
    --- PASS: FuzzBn256Mul/e926b4cbc79f9eb8afb40ad6173b41ee334960d4 (0.00s)
    --- PASS: FuzzBn256Mul/eb3529818dda1be883383839b053ef17768535e9 (0.00s)
    --- PASS: FuzzBn256Mul/eb65667de5e78eb32720c4e43fb68b98ff367384 (0.00s)
    --- PASS: FuzzBn256Mul/ec696cd071a6d97535fce3940fc3cb2bf9dbaa2b (0.00s)
    --- PASS: FuzzBn256Mul/eca70fa2be6162faa1cd0bbd6bb911898a9df6cc (0.00s)
    --- PASS: FuzzBn256Mul/ed7ee7b62f179f00405d0485e3f2671ef3740444 (0.00s)
    --- PASS: FuzzBn256Mul/f46aba5143f7d89298de3d1ce5b67163899918f3 (0.00s)
    --- PASS: FuzzBn256Mul/f4730fd2ed6a4bbbb4ae2f9aee64b9d06442b5c2 (0.00s)
    --- PASS: FuzzBn256Mul/f4978fb41bfecfbcb66ec5204b58712e6d7c5258 (0.00s)
    --- PASS: FuzzBn256Mul/f5e29616bc44880fdf298976af76b4ded22dd9a5 (0.00s)
    --- PASS: FuzzBn256Mul/f6fd087ff4738a0ea1fcf7e21a707fb1fb4cffab (0.00s)
    --- PASS: FuzzBn256Mul/f8c909d483313d314f6c42f0f71b2d547547e367 (0.00s)
    --- PASS: FuzzBn256Mul/f98bae5e6c9c23a2207d7e5f2c1b2aed47221a0d (0.00s)
    --- PASS: FuzzBn256Mul/f9c1625bcbd2b504fe81eb78495b1dd19a046ac3 (0.00s)
    --- PASS: FuzzBn256Mul/f9cea122a24a016af0b7ce7266f977a8c7ebaf1c (0.00s)
    --- PASS: FuzzBn256Mul/faa807fb58bb5c3fe92cdbb53bb3b2453e70330b (0.00s)
    --- PASS: FuzzBn256Mul/fb23460ad99554d5bcdf963f84e980a7d8508123 (0.00s)
    --- PASS: FuzzBn256Mul/fb2ce230e49dc844636a33282679861d90b3dd70 (0.00s)
    --- PASS: FuzzBn256Mul/fd66b0b79da95fdc0bf0fa41c0315d78159e2fa7 (0.00s)
=== RUN   FuzzBn256Pair
=== RUN   FuzzBn256Pair/015969aff1cb7664627b5748f5c98f9565716d4f
=== RUN   FuzzBn256Pair/069d156996eb4e08370cb3fbb9aba9f7b922403a
=== RUN   FuzzBn256Pair/09733f045a18e16835f675f99bcfdd46624096de
=== RUN   FuzzBn256Pair/0d019b894cf53b712c5c62139069227471d2619a
=== RUN   FuzzBn256Pair/1092130ba1c606bf53413ef518668f1e44a10648
=== RUN   FuzzBn256Pair/10be83efe564abad1d3ada554c9952c365555ebf
=== RUN   FuzzBn256Pair/13cfd70823ae86e55de2a54f6491303564bb4162
=== RUN   FuzzBn256Pair/14922f88fd6c7d75752df77e749274ec98d38097
=== RUN   FuzzBn256Pair/1542c45c0b6b03edb9d837bd3b6ab4247d4ff915
=== RUN   FuzzBn256Pair/159259bda6fdc122e0f9265cc2a60db6bd40a204
=== RUN   FuzzBn256Pair/171d9454b0d253332fa62de37f3ac7d9e81d8cdb
=== RUN   FuzzBn256Pair/191d884179225873565b83fb33c467fb942cebfe
=== RUN   FuzzBn256Pair/192e5078123c436317e4c91a7f7ca43304b4a0b8
=== RUN   FuzzBn256Pair/1afe80f13fd76f7109401d807bcb464f5177b705
=== RUN   FuzzBn256Pair/1b91bd040ea7d65c6abd6353f7a941af840a5251
=== RUN   FuzzBn256Pair/1cacb71aa98a3f249d6bd340bd489ffc6b296e52
=== RUN   FuzzBn256Pair/1e5a58065d833d4258d403a94d423acd9cd8e0aa
=== RUN   FuzzBn256Pair/1fe7748a0f867bfc26567d18d7b16a20303c3f90
=== RUN   FuzzBn256Pair/20267d64560ffde0e225495e34119f13cb310af5
=== RUN   FuzzBn256Pair/208d79c402bfe9c1dcbd747b8bfddb2dd9d9af90
=== RUN   FuzzBn256Pair/21f1b8c7a47e4e65a273780fe84eeba09c385cd5
=== RUN   FuzzBn256Pair/2363b81ef74a59972f0afadeeaa6463de5bc9799
=== RUN   FuzzBn256Pair/2539c5a8623e38316ad8a7144a68a1934840513c
=== RUN   FuzzBn256Pair/26930e6ed978abdf6d9f4dcbd4f636da50955e3d
=== RUN   FuzzBn256Pair/26a5b418c37875a6499e2b03e6f19251fa385097
=== RUN   FuzzBn256Pair/2771fdeb9ff58993f8abdef8c87babdf980f3346
=== RUN   FuzzBn256Pair/294bb8911b372d2a8a3b50b2c522bc8513abdee2
=== RUN   FuzzBn256Pair/29a00c8bc988d29fba58550b5108324c9db11b36
=== RUN   FuzzBn256Pair/2aae82b8b59cb111d1462a9da4b0ec17bb9a5fe2
=== RUN   FuzzBn256Pair/2bbb30c94f39a5a5f03925b52f5955f0b2be18c3
=== RUN   FuzzBn256Pair/2c4ee6a2e6e5b7b25698a3680e38f62a01dfe9f5
=== RUN   FuzzBn256Pair/2f2786fdd02c3d2f6b09b4e5f6604a7a22144055
=== RUN   FuzzBn256Pair/2f9f29f2326aa75946d9af32b896336b112f3b82
=== RUN   FuzzBn256Pair/30236c419c1ccbdc49da570825148cb5ead2d67c
=== RUN   FuzzBn256Pair/31024805c17c517f8284597a11e22e43e691994c
=== RUN   FuzzBn256Pair/3915311cee5ed5ddbb5fd5ac374ae498939c4ab3
=== RUN   FuzzBn256Pair/395bd3ff609e5e69b4ebfa8c052dd3d1806cec54
=== RUN   FuzzBn256Pair/39e67e2e205e7f7e2eb2b3d64c9fa41296ed4e42
=== RUN   FuzzBn256Pair/3a7da942cb620c550fb74241eed4008a4af8c097
=== RUN   FuzzBn256Pair/3b2ed846604473445bac64f85a1983b0e957fc0b
=== RUN   FuzzBn256Pair/3c53dca84c4a949766ab9bb7067ba6330a08a366
=== RUN   FuzzBn256Pair/3ccc85c097950ebc5cb4c51bba1cdfe177e9d740
=== RUN   FuzzBn256Pair/3cddef106a85e3db77bc8502c6bbf37b733308ed
=== RUN   FuzzBn256Pair/3d57d962026e0a3ce5feb7af173897dbc564f8ae
=== RUN   FuzzBn256Pair/40f8c7fcd1de991f02260e15e25efadfa223a271
=== RUN   FuzzBn256Pair/414f0ccc1488599d2fb30977873bd3e659e674ff
=== RUN   FuzzBn256Pair/422758e236e0865aad0d74d65d818a2fea422f91
=== RUN   FuzzBn256Pair/422af5da6ff901ea28dfe193d5f800cddcf8c146
=== RUN   FuzzBn256Pair/44b153c70c600487654f63bb5e4c2bf75fd5f67e
=== RUN   FuzzBn256Pair/44d15c54f6000b9c9ddaf7ef5eeb68b2445c8545
=== RUN   FuzzBn256Pair/4577596a56bd65117110bdb424ee1a89f1280403
=== RUN   FuzzBn256Pair/4649900f8c47e0a978f1bd0a9765b585942c3c85
=== RUN   FuzzBn256Pair/47323761804518b19e713607ca7d52b20a431a8a
=== RUN   FuzzBn256Pair/47e66603cc0576cc289711d84abae337b01a3b7b
=== RUN   FuzzBn256Pair/48da7a7247b8e16cb0329df6bf0134d3d246be36
=== RUN   FuzzBn256Pair/496dcf318580cb5ab768a57999059c61a8ab3ced
=== RUN   FuzzBn256Pair/496e9b420e8c9e231c7367a26322611835fc3d11
=== RUN   FuzzBn256Pair/4a14dedf028b1d122af35189c7861e316002759d
=== RUN   FuzzBn256Pair/4b08126e71914b494a17e5be5ef53dfb2ffd00ae
=== RUN   FuzzBn256Pair/4b0f8c186218e207edb3667e1e14dac100361e09
=== RUN   FuzzBn256Pair/4b47ae2a47a4407df87bde8f0b73832a66625653
=== RUN   FuzzBn256Pair/4ef3e07f2e358b0d643d5a90146c6377168476f1
=== RUN   FuzzBn256Pair/521e842bf37a367c1d21ec0fc1339338e04ce127
=== RUN   FuzzBn256Pair/52a6799518ce381b2c4927921421798e266abbd1
=== RUN   FuzzBn256Pair/55f45239f2b64822b07a54f4bbfaa0f158c97a36
=== RUN   FuzzBn256Pair/58de4d79a45dadd9a77c5220fde9000351d5103d
=== RUN   FuzzBn256Pair/595d4591bca6f6e76e14b3c02f23c1bbac60f8a0
=== RUN   FuzzBn256Pair/5a2b483e9358f13da82518d1b8f324ce70395e6d
=== RUN   FuzzBn256Pair/5b1359a59f7d95cf67c8b3b6cfcd379df6216886
=== RUN   FuzzBn256Pair/5cd69d255bb871d286457a5cf1c9a7428f117c52
=== RUN   FuzzBn256Pair/5fecc262ecc9c77d5ad78b199cdbb398d6716fc8
=== RUN   FuzzBn256Pair/60a2ee0f8e22ffb465e51da6a77ba77fe600b748
=== RUN   FuzzBn256Pair/62afa399606b566061182b2005ad16a8477a30ad
=== RUN   FuzzBn256Pair/6337b63d8e3890f03ced2c1495fa0a4dbe32f882
=== RUN   FuzzBn256Pair/63d80e7f6adc1eba5184dff6e74e881ffa5d7894
=== RUN   FuzzBn256Pair/646368252a562d5e1e87c2328282f838b2b4db4b
=== RUN   FuzzBn256Pair/64b32a40b06235d9077436f26647db00431851cf
=== RUN   FuzzBn256Pair/64ca993a05269200e2d346d783ece41aae44ede7
=== RUN   FuzzBn256Pair/65713a034b006648e915621146058b0f8df2b94f
=== RUN   FuzzBn256Pair/663affeef4d30175fafa072a80a544435731cbe1
=== RUN   FuzzBn256Pair/668fb29fee6309210e6b1046df5596518a50ccfe
=== RUN   FuzzBn256Pair/66aad2a111807163d637050ffd3b71d7b5a1b22e
=== RUN   FuzzBn256Pair/6832f6b18c0d369968feeca9b863a397f5d2bead
=== RUN   FuzzBn256Pair/69118557447520821d533e8c17bdaa7f24e70c6e
=== RUN   FuzzBn256Pair/6bae92a8fd8ca4a1d1d0ab9b6c7f542d3518a02a
=== RUN   FuzzBn256Pair/6e32da91c122dcf259c10d4abd0b6ea6d02b1bfe
=== RUN   FuzzBn256Pair/6e46175c2c2407ca5df8cd406b7b9032d895b178
=== RUN   FuzzBn256Pair/6f7a2178e3624d3addefaefc1b12ef438c2c2859
=== RUN   FuzzBn256Pair/707bd80e2bbf0996dd175898d3958b7a288d6310
=== RUN   FuzzBn256Pair/70890bf4640a913d39adedbadf1fc6444e0d3fa0
=== RUN   FuzzBn256Pair/70cb54a1a9ee353504d674e8c4d0a05f5575a4ad
=== RUN   FuzzBn256Pair/7118c8e5f9bc8b25a701ebe9629e7ae8961d6c2f
=== RUN   FuzzBn256Pair/71853c6197a6a7f222db0f1978c7cb232b87c5ee
=== RUN   FuzzBn256Pair/71a5f895449bc73e5eaa7da544df3272e4d77770
=== RUN   FuzzBn256Pair/74607582b009ef50e1af3796e48a62fd981e99b2
=== RUN   FuzzBn256Pair/75b0848646ea2545f7c649bef6df6d8b96fe82c4
=== RUN   FuzzBn256Pair/75bc113e82b60cfe6f72c7b3c0ec2a6767e071e6
=== RUN   FuzzBn256Pair/768c9d35c6759b0762f45f604986c6190abe4c02
=== RUN   FuzzBn256Pair/79de7599338812105de3460b76c90c866e723cfe
=== RUN   FuzzBn256Pair/79e69310324308ae65999679508476eb10d42960
=== RUN   FuzzBn256Pair/7b6389a3dc588d84723f0f295f8183fe19f0c68e
=== RUN   FuzzBn256Pair/7bb6b1ad74d07d54cd6c66d1215884cd2a11e162
=== RUN   FuzzBn256Pair/7bbbc07cf4383259cda137e033ddb8f02a4372fc
=== RUN   FuzzBn256Pair/7bc661e7919bf14277fce76fe1877e060eece9fb
=== RUN   FuzzBn256Pair/7d6bfed3b5eb4421578a70b0c25f9a87e84587f8
=== RUN   FuzzBn256Pair/7db3392fe889f7f6124b0758e24f00d33aecd8ab
=== RUN   FuzzBn256Pair/7de8ca6721c6083c2313ee224802ef127bfc2bad
=== RUN   FuzzBn256Pair/7fa91f094498bffa3e84fa1732b6dd2a9e6c0fe9
=== RUN   FuzzBn256Pair/809b38fd54197e7a7e9071429a99c73dc5cebbc7
=== RUN   FuzzBn256Pair/816e1359d3f5f9fa25c85e86c0f7157495be1c8c
=== RUN   FuzzBn256Pair/8616748bd1655feedc5783b614e695c64fce645c
=== RUN   FuzzBn256Pair/8a9fec60e67788e6299078f84940c5002b39b729
=== RUN   FuzzBn256Pair/8b8635e9c285011f695eb65f2d6f00f98ed192f1
=== RUN   FuzzBn256Pair/8c51dac5c693f70e6a1c16378be161c2872ecc58
=== RUN   FuzzBn256Pair/8c6622efc3efb438d8a5882d6b9278930947f032
=== RUN   FuzzBn256Pair/8ef7120cc6e91c96583eda33f715a7c10eaf1707
=== RUN   FuzzBn256Pair/90fda039484564d26e4d9ed193b33f76f7c7ec3c
=== RUN   FuzzBn256Pair/918113e8d8671e112dfc8c846bead7f68e6cff2d
=== RUN   FuzzBn256Pair/9229658af34443168e8e471268f2bdcb2e8dfe43
=== RUN   FuzzBn256Pair/93478f4a8f4c58797d18001ad7024be04755229f
=== RUN   FuzzBn256Pair/93db3a150e42360b86775d25cd42937383e6f167
=== RUN   FuzzBn256Pair/94dd25d9023e59dae9b043c2532870ce8f62bf84
=== RUN   FuzzBn256Pair/9ad909a7b484d372d509c1b08ef4f47b14a656e2
=== RUN   FuzzBn256Pair/9ae14e557d14074f24fa50c3697cee08f6261b85
=== RUN   FuzzBn256Pair/9e1044f8c9b47786cd938100db4cfcc42b5ded5d
=== RUN   FuzzBn256Pair/a0a3d97f85e74af96c0175f4c1bda9ca08e9a8d6
=== RUN   FuzzBn256Pair/a1aeffe51cccea3b17076da647bb469b407a6f56
=== RUN   FuzzBn256Pair/a36a7c8e02833f3899927a67a6de078ec30d8dfe
=== RUN   FuzzBn256Pair/a36d0484990a8c8e35e73d3185bb510f8b8caba9
=== RUN   FuzzBn256Pair/a37786abb9477c97bfa90a1b4fa29552297fbb6c
=== RUN   FuzzBn256Pair/a7870ce289e44aad0284762669d9980fc4d52068
=== RUN   FuzzBn256Pair/a837981156a8e4cf72ad2aa63ac888ede9ce9ec9
=== RUN   FuzzBn256Pair/aa8cf55d426081cde19b2c8f01e01a3c805292a5
=== RUN   FuzzBn256Pair/ac0ed4cf91348748dbf59764aa84eea8eff8b53a
=== RUN   FuzzBn256Pair/aeb0d884fefe227a4f24f8177bc9a3d1a917cab1
=== RUN   FuzzBn256Pair/b0582a4dd39989ac6d95b28569dcb942bfd61729
=== RUN   FuzzBn256Pair/b21ad478d394b1676c85e66536328b7101569fec
=== RUN   FuzzBn256Pair/b29e9487936c66dfea7026bd4c1f1a56614091a1
=== RUN   FuzzBn256Pair/b45d4588c9af1f78bd4a8dde9016a8267f12905a
=== RUN   FuzzBn256Pair/b58c9cab37654751b393e9514d15332c70e15021
=== RUN   FuzzBn256Pair/b6c773b804f53cc7204967df499fc885ffc88990
=== RUN   FuzzBn256Pair/b6dd44c855c77cca3be6298c255086cd4f60040b
=== RUN   FuzzBn256Pair/b9320fea8dfc3bc255100e0150d540c403939532
=== RUN   FuzzBn256Pair/baa7a9279f7b2b9666b2d9d2c7157fd7db0aa68a
=== RUN   FuzzBn256Pair/baf863f16c444aa787064136014eb9ee3147e85f
=== RUN   FuzzBn256Pair/bb0393b4a03390b88b124994706170286e4db53d
=== RUN   FuzzBn256Pair/bbd89f5f139c774609bf8a6e7a6b4f3451c9e306
=== RUN   FuzzBn256Pair/bd41b7b14a6107e671692badc7c0c4ff5c8ee1f0
=== RUN   FuzzBn256Pair/c06a56c99bd830959dc892c5c3a8ab97de18728a
=== RUN   FuzzBn256Pair/c24e6d0c4bb6211df536fb5b6da5e868e5416083
=== RUN   FuzzBn256Pair/c263328bec827cc36b9e333419ba9dca8a038ef5
=== RUN   FuzzBn256Pair/c2d064c2f2be2d424ba2ca78493429a3e84798dd
=== RUN   FuzzBn256Pair/c4d5046b5775c16958c0ace63967c97fe1ac7a6f
=== RUN   FuzzBn256Pair/c52d2fbed3fb59e6aac39a419daa97c60a0965a3
=== RUN   FuzzBn256Pair/c530283c87b54d3143020e04e80d1f74e0c65aa1
=== RUN   FuzzBn256Pair/c6b208c2810959fda2276e66dc0e530e8054496b
=== RUN   FuzzBn256Pair/ca85503d1fec1b96ed51114202859422e82b2ae0
=== RUN   FuzzBn256Pair/ca8a947e902f4a69b9ea6b89e24f3d57da07b597
=== RUN   FuzzBn256Pair/cb3cef4c58e27a937b491f22dff0c753998c2326
=== RUN   FuzzBn256Pair/cc8149d69e8d64c11080e2b3eccab49eb10d34b5
=== RUN   FuzzBn256Pair/ce6c0e64e58eb3927164b2fbdded639a9db98753
=== RUN   FuzzBn256Pair/d08eb0375aafb809422b1405a262e8ffffea526a
=== RUN   FuzzBn256Pair/d3fddf20253ab65d413a2455d1c887c1bb061865
=== RUN   FuzzBn256Pair/d7e8ac0c185fcf78f52b712a2f7b8950fe886ffd
=== RUN   FuzzBn256Pair/d83a99a37e6f3812a40585f5c1d158a238d094e7
=== RUN   FuzzBn256Pair/d97994583000315a0b6b332dbe4b315be82f33ed
=== RUN   FuzzBn256Pair/d9ba1841a23d0367d39eeb5a5e65cd85ed896a77
=== RUN   FuzzBn256Pair/db3301cb2e68a7f3466904e1cd2315a070e5bc54
=== RUN   FuzzBn256Pair/db43ea203274cd85590b6d97c469fe23c0d443fc
=== RUN   FuzzBn256Pair/db84343f94ae96a48528e2baf5d86a72bc599ab7
=== RUN   FuzzBn256Pair/dbde99823efe99a999b4fc35acb7915172aeb645
=== RUN   FuzzBn256Pair/de2e276ace56b35dfc410b24dd5869919d95f617
=== RUN   FuzzBn256Pair/de4dde950e8ee9c8053a12a5f72420b80723945f
=== RUN   FuzzBn256Pair/e2458c7d9be32ed0185ab378a02e09a81b435bdf
=== RUN   FuzzBn256Pair/e28dfcd33749168eb8f402a508a94505bf858e07
=== RUN   FuzzBn256Pair/e333545c884c4da57455f4bcf3d342ef42270b84
=== RUN   FuzzBn256Pair/e4a4272006331a4f6953cb7d003a0170b4dd0e9e
=== RUN   FuzzBn256Pair/e527d0577860e23ceae0d3f0fc283cbd008d93f9
=== RUN   FuzzBn256Pair/e52f379e3444343a6e52318f7b49af8b6fa399d6
=== RUN   FuzzBn256Pair/e63b4e95236fc384bcf91680b91929a8f3ad8fce
=== RUN   FuzzBn256Pair/e64726d6e488826584d83404983315f5343b4395
=== RUN   FuzzBn256Pair/e64ba7edd4532eff9b608d6877c63eb35d3bb65e
=== RUN   FuzzBn256Pair/e7966141e3c86bb3a2059c9af95796cc59eadd3b
=== RUN   FuzzBn256Pair/e8ce9823f1c5d542c112d70ffa2e3f0c5f61fdf6
=== RUN   FuzzBn256Pair/eb6e0cbaf4caa4853004794195edeab2f9e21d6a
=== RUN   FuzzBn256Pair/ed1a2d0647e26780e9b938c68c621d257cc40dcf
=== RUN   FuzzBn256Pair/ee38b627271d3f6775542224068bad7b65413ee3
=== RUN   FuzzBn256Pair/f078c7733327702c765fd46a2e6252127f97cb45
=== RUN   FuzzBn256Pair/f0f6f3bac89c6cd02524530b4d3fd26cd0009c44
=== RUN   FuzzBn256Pair/f1d14e658598fdb069a7f9ff7ce7df695b5c8464
=== RUN   FuzzBn256Pair/f28f3404849e94e4ff6d220de3ec4fd9725b624e
=== RUN   FuzzBn256Pair/f2bc8658c1d6cd436c2aecc1fa609820e56dc5f5
=== RUN   FuzzBn256Pair/f348da71d3f0cda74729fac3923ba0fe19eb22c4
=== RUN   FuzzBn256Pair/f366a07ea35d1337bc2afc1e30c2aacab4361a0e
=== RUN   FuzzBn256Pair/f3f51808d02eca2fffe8105211aadd2353af2b3d
=== RUN   FuzzBn256Pair/f4541dd6c7b97afcac9f841e92a49371f2564eff
=== RUN   FuzzBn256Pair/f46adb4e7a2c6bb702221fe590a67f329f3540ef
=== RUN   FuzzBn256Pair/f57edf7258f755dbbf27f905a31e81e6cce844c5
=== RUN   FuzzBn256Pair/f89fa215ec01b2e7dc1c3d90e63be48ce9552d1b
=== RUN   FuzzBn256Pair/f8bfd60376dc6aab6969355a298a14b40946c110
=== RUN   FuzzBn256Pair/f9eb2eee205129daade2f19c97ba9f830d460be8
=== RUN   FuzzBn256Pair/fa4283b1441265666cd55f4cc7f4b0051d2e2ea2
=== RUN   FuzzBn256Pair/fb3c6e4de85bd9eae26fdc63e75f10a7f39e850e
=== RUN   FuzzBn256Pair/fec0680919471d6e4bb38e7693e34895e5beafb2
--- PASS: FuzzBn256Pair (2.12s)
    --- PASS: FuzzBn256Pair/015969aff1cb7664627b5748f5c98f9565716d4f (0.02s)
    --- PASS: FuzzBn256Pair/069d156996eb4e08370cb3fbb9aba9f7b922403a (0.00s)
    --- PASS: FuzzBn256Pair/09733f045a18e16835f675f99bcfdd46624096de (0.02s)
    --- PASS: FuzzBn256Pair/0d019b894cf53b712c5c62139069227471d2619a (0.02s)
    --- PASS: FuzzBn256Pair/1092130ba1c606bf53413ef518668f1e44a10648 (0.02s)
    --- PASS: FuzzBn256Pair/10be83efe564abad1d3ada554c9952c365555ebf (0.02s)
    --- PASS: FuzzBn256Pair/13cfd70823ae86e55de2a54f6491303564bb4162 (0.00s)
    --- PASS: FuzzBn256Pair/14922f88fd6c7d75752df77e749274ec98d38097 (0.00s)
    --- PASS: FuzzBn256Pair/1542c45c0b6b03edb9d837bd3b6ab4247d4ff915 (0.00s)
    --- PASS: FuzzBn256Pair/159259bda6fdc122e0f9265cc2a60db6bd40a204 (0.02s)
    --- PASS: FuzzBn256Pair/171d9454b0d253332fa62de37f3ac7d9e81d8cdb (0.02s)
    --- PASS: FuzzBn256Pair/191d884179225873565b83fb33c467fb942cebfe (0.00s)
    --- PASS: FuzzBn256Pair/192e5078123c436317e4c91a7f7ca43304b4a0b8 (0.02s)
    --- PASS: FuzzBn256Pair/1afe80f13fd76f7109401d807bcb464f5177b705 (0.00s)
    --- PASS: FuzzBn256Pair/1b91bd040ea7d65c6abd6353f7a941af840a5251 (0.01s)
    --- PASS: FuzzBn256Pair/1cacb71aa98a3f249d6bd340bd489ffc6b296e52 (0.02s)
    --- PASS: FuzzBn256Pair/1e5a58065d833d4258d403a94d423acd9cd8e0aa (0.02s)
    --- PASS: FuzzBn256Pair/1fe7748a0f867bfc26567d18d7b16a20303c3f90 (0.02s)
    --- PASS: FuzzBn256Pair/20267d64560ffde0e225495e34119f13cb310af5 (0.01s)
    --- PASS: FuzzBn256Pair/208d79c402bfe9c1dcbd747b8bfddb2dd9d9af90 (0.01s)
    --- PASS: FuzzBn256Pair/21f1b8c7a47e4e65a273780fe84eeba09c385cd5 (0.02s)
    --- PASS: FuzzBn256Pair/2363b81ef74a59972f0afadeeaa6463de5bc9799 (0.00s)
    --- PASS: FuzzBn256Pair/2539c5a8623e38316ad8a7144a68a1934840513c (0.00s)
    --- PASS: FuzzBn256Pair/26930e6ed978abdf6d9f4dcbd4f636da50955e3d (0.02s)
    --- PASS: FuzzBn256Pair/26a5b418c37875a6499e2b03e6f19251fa385097 (0.02s)
    --- PASS: FuzzBn256Pair/2771fdeb9ff58993f8abdef8c87babdf980f3346 (0.00s)
    --- PASS: FuzzBn256Pair/294bb8911b372d2a8a3b50b2c522bc8513abdee2 (0.02s)
    --- PASS: FuzzBn256Pair/29a00c8bc988d29fba58550b5108324c9db11b36 (0.02s)
    --- PASS: FuzzBn256Pair/2aae82b8b59cb111d1462a9da4b0ec17bb9a5fe2 (0.00s)
    --- PASS: FuzzBn256Pair/2bbb30c94f39a5a5f03925b52f5955f0b2be18c3 (0.02s)
    --- PASS: FuzzBn256Pair/2c4ee6a2e6e5b7b25698a3680e38f62a01dfe9f5 (0.02s)
    --- PASS: FuzzBn256Pair/2f2786fdd02c3d2f6b09b4e5f6604a7a22144055 (0.01s)
    --- PASS: FuzzBn256Pair/2f9f29f2326aa75946d9af32b896336b112f3b82 (0.02s)
    --- PASS: FuzzBn256Pair/30236c419c1ccbdc49da570825148cb5ead2d67c (0.02s)
    --- PASS: FuzzBn256Pair/31024805c17c517f8284597a11e22e43e691994c (0.00s)
    --- PASS: FuzzBn256Pair/3915311cee5ed5ddbb5fd5ac374ae498939c4ab3 (0.01s)
    --- PASS: FuzzBn256Pair/395bd3ff609e5e69b4ebfa8c052dd3d1806cec54 (0.02s)
    --- PASS: FuzzBn256Pair/39e67e2e205e7f7e2eb2b3d64c9fa41296ed4e42 (0.02s)
    --- PASS: FuzzBn256Pair/3a7da942cb620c550fb74241eed4008a4af8c097 (0.00s)
    --- PASS: FuzzBn256Pair/3b2ed846604473445bac64f85a1983b0e957fc0b (0.00s)
    --- PASS: FuzzBn256Pair/3c53dca84c4a949766ab9bb7067ba6330a08a366 (0.00s)
    --- PASS: FuzzBn256Pair/3ccc85c097950ebc5cb4c51bba1cdfe177e9d740 (0.02s)
    --- PASS: FuzzBn256Pair/3cddef106a85e3db77bc8502c6bbf37b733308ed (0.00s)
    --- PASS: FuzzBn256Pair/3d57d962026e0a3ce5feb7af173897dbc564f8ae (0.02s)
    --- PASS: FuzzBn256Pair/40f8c7fcd1de991f02260e15e25efadfa223a271 (0.00s)
    --- PASS: FuzzBn256Pair/414f0ccc1488599d2fb30977873bd3e659e674ff (0.02s)
    --- PASS: FuzzBn256Pair/422758e236e0865aad0d74d65d818a2fea422f91 (0.00s)
    --- PASS: FuzzBn256Pair/422af5da6ff901ea28dfe193d5f800cddcf8c146 (0.00s)
    --- PASS: FuzzBn256Pair/44b153c70c600487654f63bb5e4c2bf75fd5f67e (0.01s)
    --- PASS: FuzzBn256Pair/44d15c54f6000b9c9ddaf7ef5eeb68b2445c8545 (0.00s)
    --- PASS: FuzzBn256Pair/4577596a56bd65117110bdb424ee1a89f1280403 (0.02s)
    --- PASS: FuzzBn256Pair/4649900f8c47e0a978f1bd0a9765b585942c3c85 (0.02s)
    --- PASS: FuzzBn256Pair/47323761804518b19e713607ca7d52b20a431a8a (0.01s)
    --- PASS: FuzzBn256Pair/47e66603cc0576cc289711d84abae337b01a3b7b (0.02s)
    --- PASS: FuzzBn256Pair/48da7a7247b8e16cb0329df6bf0134d3d246be36 (0.00s)
    --- PASS: FuzzBn256Pair/496dcf318580cb5ab768a57999059c61a8ab3ced (0.02s)
    --- PASS: FuzzBn256Pair/496e9b420e8c9e231c7367a26322611835fc3d11 (0.02s)
    --- PASS: FuzzBn256Pair/4a14dedf028b1d122af35189c7861e316002759d (0.02s)
    --- PASS: FuzzBn256Pair/4b08126e71914b494a17e5be5ef53dfb2ffd00ae (0.02s)
    --- PASS: FuzzBn256Pair/4b0f8c186218e207edb3667e1e14dac100361e09 (0.01s)
    --- PASS: FuzzBn256Pair/4b47ae2a47a4407df87bde8f0b73832a66625653 (0.02s)
    --- PASS: FuzzBn256Pair/4ef3e07f2e358b0d643d5a90146c6377168476f1 (0.00s)
    --- PASS: FuzzBn256Pair/521e842bf37a367c1d21ec0fc1339338e04ce127 (0.02s)
    --- PASS: FuzzBn256Pair/52a6799518ce381b2c4927921421798e266abbd1 (0.00s)
    --- PASS: FuzzBn256Pair/55f45239f2b64822b07a54f4bbfaa0f158c97a36 (0.00s)
    --- PASS: FuzzBn256Pair/58de4d79a45dadd9a77c5220fde9000351d5103d (0.00s)
    --- PASS: FuzzBn256Pair/595d4591bca6f6e76e14b3c02f23c1bbac60f8a0 (0.02s)
    --- PASS: FuzzBn256Pair/5a2b483e9358f13da82518d1b8f324ce70395e6d (0.00s)
    --- PASS: FuzzBn256Pair/5b1359a59f7d95cf67c8b3b6cfcd379df6216886 (0.00s)
    --- PASS: FuzzBn256Pair/5cd69d255bb871d286457a5cf1c9a7428f117c52 (0.02s)
    --- PASS: FuzzBn256Pair/5fecc262ecc9c77d5ad78b199cdbb398d6716fc8 (0.02s)
    --- PASS: FuzzBn256Pair/60a2ee0f8e22ffb465e51da6a77ba77fe600b748 (0.02s)
    --- PASS: FuzzBn256Pair/62afa399606b566061182b2005ad16a8477a30ad (0.00s)
    --- PASS: FuzzBn256Pair/6337b63d8e3890f03ced2c1495fa0a4dbe32f882 (0.00s)
    --- PASS: FuzzBn256Pair/63d80e7f6adc1eba5184dff6e74e881ffa5d7894 (0.00s)
    --- PASS: FuzzBn256Pair/646368252a562d5e1e87c2328282f838b2b4db4b (0.02s)
    --- PASS: FuzzBn256Pair/64b32a40b06235d9077436f26647db00431851cf (0.02s)
    --- PASS: FuzzBn256Pair/64ca993a05269200e2d346d783ece41aae44ede7 (0.00s)
    --- PASS: FuzzBn256Pair/65713a034b006648e915621146058b0f8df2b94f (0.02s)
    --- PASS: FuzzBn256Pair/663affeef4d30175fafa072a80a544435731cbe1 (0.02s)
    --- PASS: FuzzBn256Pair/668fb29fee6309210e6b1046df5596518a50ccfe (0.00s)
    --- PASS: FuzzBn256Pair/66aad2a111807163d637050ffd3b71d7b5a1b22e (0.02s)
    --- PASS: FuzzBn256Pair/6832f6b18c0d369968feeca9b863a397f5d2bead (0.00s)
    --- PASS: FuzzBn256Pair/69118557447520821d533e8c17bdaa7f24e70c6e (0.02s)
    --- PASS: FuzzBn256Pair/6bae92a8fd8ca4a1d1d0ab9b6c7f542d3518a02a (0.00s)
    --- PASS: FuzzBn256Pair/6e32da91c122dcf259c10d4abd0b6ea6d02b1bfe (0.02s)
    --- PASS: FuzzBn256Pair/6e46175c2c2407ca5df8cd406b7b9032d895b178 (0.00s)
    --- PASS: FuzzBn256Pair/6f7a2178e3624d3addefaefc1b12ef438c2c2859 (0.00s)
    --- PASS: FuzzBn256Pair/707bd80e2bbf0996dd175898d3958b7a288d6310 (0.02s)
    --- PASS: FuzzBn256Pair/70890bf4640a913d39adedbadf1fc6444e0d3fa0 (0.02s)
    --- PASS: FuzzBn256Pair/70cb54a1a9ee353504d674e8c4d0a05f5575a4ad (0.00s)
    --- PASS: FuzzBn256Pair/7118c8e5f9bc8b25a701ebe9629e7ae8961d6c2f (0.02s)
    --- PASS: FuzzBn256Pair/71853c6197a6a7f222db0f1978c7cb232b87c5ee (0.00s)
    --- PASS: FuzzBn256Pair/71a5f895449bc73e5eaa7da544df3272e4d77770 (0.00s)
    --- PASS: FuzzBn256Pair/74607582b009ef50e1af3796e48a62fd981e99b2 (0.00s)
    --- PASS: FuzzBn256Pair/75b0848646ea2545f7c649bef6df6d8b96fe82c4 (0.01s)
    --- PASS: FuzzBn256Pair/75bc113e82b60cfe6f72c7b3c0ec2a6767e071e6 (0.00s)
    --- PASS: FuzzBn256Pair/768c9d35c6759b0762f45f604986c6190abe4c02 (0.00s)
    --- PASS: FuzzBn256Pair/79de7599338812105de3460b76c90c866e723cfe (0.02s)
    --- PASS: FuzzBn256Pair/79e69310324308ae65999679508476eb10d42960 (0.00s)
    --- PASS: FuzzBn256Pair/7b6389a3dc588d84723f0f295f8183fe19f0c68e (0.02s)
    --- PASS: FuzzBn256Pair/7bb6b1ad74d07d54cd6c66d1215884cd2a11e162 (0.02s)
    --- PASS: FuzzBn256Pair/7bbbc07cf4383259cda137e033ddb8f02a4372fc (0.00s)
    --- PASS: FuzzBn256Pair/7bc661e7919bf14277fce76fe1877e060eece9fb (0.02s)
    --- PASS: FuzzBn256Pair/7d6bfed3b5eb4421578a70b0c25f9a87e84587f8 (0.02s)
    --- PASS: FuzzBn256Pair/7db3392fe889f7f6124b0758e24f00d33aecd8ab (0.02s)
    --- PASS: FuzzBn256Pair/7de8ca6721c6083c2313ee224802ef127bfc2bad (0.02s)
    --- PASS: FuzzBn256Pair/7fa91f094498bffa3e84fa1732b6dd2a9e6c0fe9 (0.02s)
    --- PASS: FuzzBn256Pair/809b38fd54197e7a7e9071429a99c73dc5cebbc7 (0.00s)
    --- PASS: FuzzBn256Pair/816e1359d3f5f9fa25c85e86c0f7157495be1c8c (0.00s)
    --- PASS: FuzzBn256Pair/8616748bd1655feedc5783b614e695c64fce645c (0.02s)
    --- PASS: FuzzBn256Pair/8a9fec60e67788e6299078f84940c5002b39b729 (0.02s)
    --- PASS: FuzzBn256Pair/8b8635e9c285011f695eb65f2d6f00f98ed192f1 (0.02s)
    --- PASS: FuzzBn256Pair/8c51dac5c693f70e6a1c16378be161c2872ecc58 (0.02s)
    --- PASS: FuzzBn256Pair/8c6622efc3efb438d8a5882d6b9278930947f032 (0.01s)
    --- PASS: FuzzBn256Pair/8ef7120cc6e91c96583eda33f715a7c10eaf1707 (0.02s)
    --- PASS: FuzzBn256Pair/90fda039484564d26e4d9ed193b33f76f7c7ec3c (0.02s)
    --- PASS: FuzzBn256Pair/918113e8d8671e112dfc8c846bead7f68e6cff2d (0.02s)
    --- PASS: FuzzBn256Pair/9229658af34443168e8e471268f2bdcb2e8dfe43 (0.02s)
    --- PASS: FuzzBn256Pair/93478f4a8f4c58797d18001ad7024be04755229f (0.02s)
    --- PASS: FuzzBn256Pair/93db3a150e42360b86775d25cd42937383e6f167 (0.02s)
    --- PASS: FuzzBn256Pair/94dd25d9023e59dae9b043c2532870ce8f62bf84 (0.02s)
    --- PASS: FuzzBn256Pair/9ad909a7b484d372d509c1b08ef4f47b14a656e2 (0.02s)
    --- PASS: FuzzBn256Pair/9ae14e557d14074f24fa50c3697cee08f6261b85 (0.01s)
    --- PASS: FuzzBn256Pair/9e1044f8c9b47786cd938100db4cfcc42b5ded5d (0.00s)
    --- PASS: FuzzBn256Pair/a0a3d97f85e74af96c0175f4c1bda9ca08e9a8d6 (0.00s)
    --- PASS: FuzzBn256Pair/a1aeffe51cccea3b17076da647bb469b407a6f56 (0.02s)
    --- PASS: FuzzBn256Pair/a36a7c8e02833f3899927a67a6de078ec30d8dfe (0.00s)
    --- PASS: FuzzBn256Pair/a36d0484990a8c8e35e73d3185bb510f8b8caba9 (0.02s)
    --- PASS: FuzzBn256Pair/a37786abb9477c97bfa90a1b4fa29552297fbb6c (0.01s)
    --- PASS: FuzzBn256Pair/a7870ce289e44aad0284762669d9980fc4d52068 (0.02s)
    --- PASS: FuzzBn256Pair/a837981156a8e4cf72ad2aa63ac888ede9ce9ec9 (0.02s)
    --- PASS: FuzzBn256Pair/aa8cf55d426081cde19b2c8f01e01a3c805292a5 (0.02s)
    --- PASS: FuzzBn256Pair/ac0ed4cf91348748dbf59764aa84eea8eff8b53a (0.00s)
    --- PASS: FuzzBn256Pair/aeb0d884fefe227a4f24f8177bc9a3d1a917cab1 (0.01s)
    --- PASS: FuzzBn256Pair/b0582a4dd39989ac6d95b28569dcb942bfd61729 (0.02s)
    --- PASS: FuzzBn256Pair/b21ad478d394b1676c85e66536328b7101569fec (0.02s)
    --- PASS: FuzzBn256Pair/b29e9487936c66dfea7026bd4c1f1a56614091a1 (0.00s)
    --- PASS: FuzzBn256Pair/b45d4588c9af1f78bd4a8dde9016a8267f12905a (0.01s)
    --- PASS: FuzzBn256Pair/b58c9cab37654751b393e9514d15332c70e15021 (0.00s)
    --- PASS: FuzzBn256Pair/b6c773b804f53cc7204967df499fc885ffc88990 (0.02s)
    --- PASS: FuzzBn256Pair/b6dd44c855c77cca3be6298c255086cd4f60040b (0.02s)
    --- PASS: FuzzBn256Pair/b9320fea8dfc3bc255100e0150d540c403939532 (0.01s)
    --- PASS: FuzzBn256Pair/baa7a9279f7b2b9666b2d9d2c7157fd7db0aa68a (0.00s)
    --- PASS: FuzzBn256Pair/baf863f16c444aa787064136014eb9ee3147e85f (0.02s)
    --- PASS: FuzzBn256Pair/bb0393b4a03390b88b124994706170286e4db53d (0.02s)
    --- PASS: FuzzBn256Pair/bbd89f5f139c774609bf8a6e7a6b4f3451c9e306 (0.00s)
    --- PASS: FuzzBn256Pair/bd41b7b14a6107e671692badc7c0c4ff5c8ee1f0 (0.01s)
    --- PASS: FuzzBn256Pair/c06a56c99bd830959dc892c5c3a8ab97de18728a (0.02s)
    --- PASS: FuzzBn256Pair/c24e6d0c4bb6211df536fb5b6da5e868e5416083 (0.02s)
    --- PASS: FuzzBn256Pair/c263328bec827cc36b9e333419ba9dca8a038ef5 (0.02s)
    --- PASS: FuzzBn256Pair/c2d064c2f2be2d424ba2ca78493429a3e84798dd (0.02s)
    --- PASS: FuzzBn256Pair/c4d5046b5775c16958c0ace63967c97fe1ac7a6f (0.00s)
    --- PASS: FuzzBn256Pair/c52d2fbed3fb59e6aac39a419daa97c60a0965a3 (0.02s)
    --- PASS: FuzzBn256Pair/c530283c87b54d3143020e04e80d1f74e0c65aa1 (0.02s)
    --- PASS: FuzzBn256Pair/c6b208c2810959fda2276e66dc0e530e8054496b (0.02s)
    --- PASS: FuzzBn256Pair/ca85503d1fec1b96ed51114202859422e82b2ae0 (0.02s)
    --- PASS: FuzzBn256Pair/ca8a947e902f4a69b9ea6b89e24f3d57da07b597 (0.02s)
    --- PASS: FuzzBn256Pair/cb3cef4c58e27a937b491f22dff0c753998c2326 (0.02s)
    --- PASS: FuzzBn256Pair/cc8149d69e8d64c11080e2b3eccab49eb10d34b5 (0.00s)
    --- PASS: FuzzBn256Pair/ce6c0e64e58eb3927164b2fbdded639a9db98753 (0.00s)
    --- PASS: FuzzBn256Pair/d08eb0375aafb809422b1405a262e8ffffea526a (0.00s)
    --- PASS: FuzzBn256Pair/d3fddf20253ab65d413a2455d1c887c1bb061865 (0.00s)
    --- PASS: FuzzBn256Pair/d7e8ac0c185fcf78f52b712a2f7b8950fe886ffd (0.02s)
    --- PASS: FuzzBn256Pair/d83a99a37e6f3812a40585f5c1d158a238d094e7 (0.02s)
    --- PASS: FuzzBn256Pair/d97994583000315a0b6b332dbe4b315be82f33ed (0.01s)
    --- PASS: FuzzBn256Pair/d9ba1841a23d0367d39eeb5a5e65cd85ed896a77 (0.00s)
    --- PASS: FuzzBn256Pair/db3301cb2e68a7f3466904e1cd2315a070e5bc54 (0.02s)
    --- PASS: FuzzBn256Pair/db43ea203274cd85590b6d97c469fe23c0d443fc (0.02s)
    --- PASS: FuzzBn256Pair/db84343f94ae96a48528e2baf5d86a72bc599ab7 (0.02s)
    --- PASS: FuzzBn256Pair/dbde99823efe99a999b4fc35acb7915172aeb645 (0.02s)
    --- PASS: FuzzBn256Pair/de2e276ace56b35dfc410b24dd5869919d95f617 (0.00s)
    --- PASS: FuzzBn256Pair/de4dde950e8ee9c8053a12a5f72420b80723945f (0.02s)
    --- PASS: FuzzBn256Pair/e2458c7d9be32ed0185ab378a02e09a81b435bdf (0.02s)
    --- PASS: FuzzBn256Pair/e28dfcd33749168eb8f402a508a94505bf858e07 (0.02s)
    --- PASS: FuzzBn256Pair/e333545c884c4da57455f4bcf3d342ef42270b84 (0.00s)
    --- PASS: FuzzBn256Pair/e4a4272006331a4f6953cb7d003a0170b4dd0e9e (0.02s)
    --- PASS: FuzzBn256Pair/e527d0577860e23ceae0d3f0fc283cbd008d93f9 (0.00s)
    --- PASS: FuzzBn256Pair/e52f379e3444343a6e52318f7b49af8b6fa399d6 (0.00s)
    --- PASS: FuzzBn256Pair/e63b4e95236fc384bcf91680b91929a8f3ad8fce (0.01s)
    --- PASS: FuzzBn256Pair/e64726d6e488826584d83404983315f5343b4395 (0.02s)
    --- PASS: FuzzBn256Pair/e64ba7edd4532eff9b608d6877c63eb35d3bb65e (0.00s)
    --- PASS: FuzzBn256Pair/e7966141e3c86bb3a2059c9af95796cc59eadd3b (0.02s)
    --- PASS: FuzzBn256Pair/e8ce9823f1c5d542c112d70ffa2e3f0c5f61fdf6 (0.01s)
    --- PASS: FuzzBn256Pair/eb6e0cbaf4caa4853004794195edeab2f9e21d6a (0.02s)
    --- PASS: FuzzBn256Pair/ed1a2d0647e26780e9b938c68c621d257cc40dcf (0.02s)
    --- PASS: FuzzBn256Pair/ee38b627271d3f6775542224068bad7b65413ee3 (0.01s)
    --- PASS: FuzzBn256Pair/f078c7733327702c765fd46a2e6252127f97cb45 (0.02s)
    --- PASS: FuzzBn256Pair/f0f6f3bac89c6cd02524530b4d3fd26cd0009c44 (0.02s)
    --- PASS: FuzzBn256Pair/f1d14e658598fdb069a7f9ff7ce7df695b5c8464 (0.01s)
    --- PASS: FuzzBn256Pair/f28f3404849e94e4ff6d220de3ec4fd9725b624e (0.00s)
    --- PASS: FuzzBn256Pair/f2bc8658c1d6cd436c2aecc1fa609820e56dc5f5 (0.02s)
    --- PASS: FuzzBn256Pair/f348da71d3f0cda74729fac3923ba0fe19eb22c4 (0.02s)
    --- PASS: FuzzBn256Pair/f366a07ea35d1337bc2afc1e30c2aacab4361a0e (0.00s)
    --- PASS: FuzzBn256Pair/f3f51808d02eca2fffe8105211aadd2353af2b3d (0.00s)
    --- PASS: FuzzBn256Pair/f4541dd6c7b97afcac9f841e92a49371f2564eff (0.02s)
    --- PASS: FuzzBn256Pair/f46adb4e7a2c6bb702221fe590a67f329f3540ef (0.02s)
    --- PASS: FuzzBn256Pair/f57edf7258f755dbbf27f905a31e81e6cce844c5 (0.02s)
    --- PASS: FuzzBn256Pair/f89fa215ec01b2e7dc1c3d90e63be48ce9552d1b (0.02s)
    --- PASS: FuzzBn256Pair/f8bfd60376dc6aab6969355a298a14b40946c110 (0.02s)
    --- PASS: FuzzBn256Pair/f9eb2eee205129daade2f19c97ba9f830d460be8 (0.02s)
    --- PASS: FuzzBn256Pair/fa4283b1441265666cd55f4cc7f4b0051d2e2ea2 (0.02s)
    --- PASS: FuzzBn256Pair/fb3c6e4de85bd9eae26fdc63e75f10a7f39e850e (0.00s)
    --- PASS: FuzzBn256Pair/fec0680919471d6e4bb38e7693e34895e5beafb2 (0.01s)
PASS
coverage: 65.6% of statements
ok  	github.com/morph-l2/go-ethereum/tests/fuzzers/bn256	18.192s	coverage: 65.6% of statements
