=== RUN   FuzzDifficulty
=== RUN   FuzzDifficulty/0123e153284da412918d6a2a08510e589dbdbd18
=== RUN   FuzzDifficulty/01e1256d5b71512295583bd5164e8061319eedf6
=== RUN   FuzzDifficulty/03afa6ce4e21fae98f6618a5eae00f499c9ce5c4
=== RUN   FuzzDifficulty/042cb29031c5d19570f1cbdfdab9cfc901b7b2de
=== RUN   FuzzDifficulty/05134a9413ec683eba274ee090cf2ea2539d832b
=== RUN   FuzzDifficulty/05f471fdd5302ce44c7002711a498a368fbc0c7d
=== RUN   FuzzDifficulty/06313d8f9fc62f7d548979d5966887f29ec4675b
=== RUN   FuzzDifficulty/0647cd9dfdb46739f010af95acbe79a1628b1700
=== RUN   FuzzDifficulty/07b354f071611ad2f8fca025b289c3b47623eaa4
=== RUN   FuzzDifficulty/07b61217adbae90007bd2885a828ab7d74bc26a0
=== RUN   FuzzDifficulty/08574a33332dc6eb4759d7d16bddf81ea8b197bc
=== RUN   FuzzDifficulty/08d3018f9692b9b3938b6d6e3103d77fa8fe3046
=== RUN   FuzzDifficulty/090f9fa5d312b96e6218ac36d2c439838e9a82a2
=== RUN   FuzzDifficulty/0a398dcbf4b6a8efb62b28d696bc1322d371c1db
=== RUN   FuzzDifficulty/0b85411b176b88dd3f38a14f3a71200174a0bfd8
=== RUN   FuzzDifficulty/0f0a00f3a3cf9fcf4ec4d04a111fa0ac7c7e5bc2
=== RUN   FuzzDifficulty/0f33958caecc5e5821e8f999cc835e3783f05bd4
=== RUN   FuzzDifficulty/105c8ea2bf5c739c63daea14f3ce813cce7221b4
=== RUN   FuzzDifficulty/126ee1276452ae0aeacdd63ab4ad795b39fd830c
=== RUN   FuzzDifficulty/12971423cd3fd435bc1e9f666d449821458c4bee
=== RUN   FuzzDifficulty/13739fca3834f9640247ee7d0bcbe6811d4e850a
=== RUN   FuzzDifficulty/1396840e29ca17cabb2620d3fd4d443ab472dd74
=== RUN   FuzzDifficulty/1461eb1207b30a68b9467aac5d5e1dc5a308f973
=== RUN   FuzzDifficulty/157e50eca34bf8d7c97cac536f66ae844bf4f41b
=== RUN   FuzzDifficulty/15c4deec30a994754bce2cf9f3d71ae5383075b8
=== RUN   FuzzDifficulty/15eca869334ea70ede3c68f00cb60d83fceb5699
=== RUN   FuzzDifficulty/161fca588c15bb4a97b2ddf619fe1ae570965db1
=== RUN   FuzzDifficulty/177d33594ee0db6fa2da51b820d744dad51bbbf7
=== RUN   FuzzDifficulty/1a4ccef66360c4b4290a2f1ba87af33090b3b372
=== RUN   FuzzDifficulty/1a82e53233816afd175fbea7c0325251ba344110
=== RUN   FuzzDifficulty/1a8c148b5096ab16c4c84695b6f1a4385a0d19c2
=== RUN   FuzzDifficulty/1ac91e6d776cef67e8981817eb1d903db018a555
=== RUN   FuzzDifficulty/1ad4ea27e02f4bf61cbe56fdfa741805cca6e2be
=== RUN   FuzzDifficulty/1bfa84c27a389db64164328067a73e15a6c4efd9
=== RUN   FuzzDifficulty/1c1f55c29a65130f6fd2131fcdba633b562744a7
=== RUN   FuzzDifficulty/1d48442450d34d9ece3519a82a2b8bee7afade6a
=== RUN   FuzzDifficulty/1dcb98042f0a6618799ee5fa2ad349ba0f1bb54f
=== RUN   FuzzDifficulty/1e232084a9bd7477d5adb6b145d1d34f876ef971
=== RUN   FuzzDifficulty/204aa6bea4aa2e71f0bc60d4848fdcc2eee2fead
=== RUN   FuzzDifficulty/20c636db5fbf64653c8a114a5b8ed294146b60bc
=== RUN   FuzzDifficulty/2115e74df6c7f54c99432ee1f9340367b52c2f98
=== RUN   FuzzDifficulty/227434d90d9fd68fd659d36a560da9e00afde122
=== RUN   FuzzDifficulty/227eaf4c86f6ab7a222bf528772f6190c42d0ddb
=== RUN   FuzzDifficulty/23696bd20a30c72f878f6247f85ae39c25ae801e
=== RUN   FuzzDifficulty/2380f32c415121f1bee25874f1c7334e72441c20
=== RUN   FuzzDifficulty/2383de7cf704a2397da47be12ba25175fc3fbf96
=== RUN   FuzzDifficulty/25689e9e07f01de95d82530a0b4a5da195fe5884
=== RUN   FuzzDifficulty/267a523911e8c6621a116ddb415baa88ddb59b45
=== RUN   FuzzDifficulty/2791270f45952de7f10713d1c4b652e2fc28a4fd
=== RUN   FuzzDifficulty/29ebedb1b564789d9a5af18b687ab2af3f316a24
=== RUN   FuzzDifficulty/2a875f188d04362ae248648c3d35d0a337998455
=== RUN   FuzzDifficulty/2c297d324edaca4a13292436c2d6aee8a3d806c5
=== RUN   FuzzDifficulty/2c30c0bc77ad6fc4636b4a178e68741a858a63a3
=== RUN   FuzzDifficulty/2c5176b4d61c52f66eb8992da58a4b4c23632a1c
=== RUN   FuzzDifficulty/2e386f1996a8edc35a699c8c49d89ba6e80534d7
=== RUN   FuzzDifficulty/2ea586cd2585bc3b824b33e4cedfcce623ccf92e
=== RUN   FuzzDifficulty/2f029ca093f39a0047220ce27b8a14b90e67593b
=== RUN   FuzzDifficulty/2fa7c71e0a3732292926e07f30923267d1cf39d0
=== RUN   FuzzDifficulty/3023d4a79ba2105e0ed0a7b6ca566e7d02aba55a
=== RUN   FuzzDifficulty/304455ef0cf81311d6b69c41fd3df2d809977b7c
=== RUN   FuzzDifficulty/3099853020e58b20e18d4986feb08bf385ab18d6
=== RUN   FuzzDifficulty/309da96750d078945c89ec61e612d01ce716127a
=== RUN   FuzzDifficulty/31bd07d5f54605ff3353b524c4715c1ba8b72fd0
=== RUN   FuzzDifficulty/322c643ceb04eca4f8c41763e93a9bfb1c7f3ff4
=== RUN   FuzzDifficulty/32d40e5f054c5ece33c8a1101d0092996ba6205c
=== RUN   FuzzDifficulty/332de115556c38bb9bccfe8a5bef4dce2b1386ab
=== RUN   FuzzDifficulty/335e89e4dd12b12b32e05073d837f2586e67a0b3
=== RUN   FuzzDifficulty/352ee1dcc41dba024027d8a5b3acd0b867c5d984
=== RUN   FuzzDifficulty/37d21307ebcd1247afe67bd0423c3ce044bc3d2e
=== RUN   FuzzDifficulty/38063bd0b51961237ce0338f50b2f70305da8a69
=== RUN   FuzzDifficulty/392b3b68444419d375d49ab3b395b96d9bd64582
=== RUN   FuzzDifficulty/39b3564e8ea1f55c15627e8a1841ae6a28e3203a
=== RUN   FuzzDifficulty/3aa244ac0a88bc499e6eaa49194bbab2e71965bc
=== RUN   FuzzDifficulty/3abacfa5e2a7fd3d7531a1d87d380f10610dcb10
=== RUN   FuzzDifficulty/3b2a1f77f96e3f6985165545ecc8c7b4cda2d601
=== RUN   FuzzDifficulty/3b3770110851574007fdada29926a05c8f9ff3e0
=== RUN   FuzzDifficulty/3b975b1d8e3405a5d14eca9060835ea9ac879101
=== RUN   FuzzDifficulty/3c77ffc47e3d508588824354275e87827ad3d9da
=== RUN   FuzzDifficulty/3ce0a1af90b6e7a3dd8d45e410884b588ea2d04c
=== RUN   FuzzDifficulty/3dee373f3c32a48eedf401830fc6fec0315aba66
=== RUN   FuzzDifficulty/3e00e9640521820659da6da6952e3ebbecd89600
=== RUN   FuzzDifficulty/3f64875f3675b75360a1efa30a9b355665602237
=== RUN   FuzzDifficulty/3ffeadd8b6e6bfdfd39c748cf8919526af711ab4
=== RUN   FuzzDifficulty/424d1c3c055921743c7d2f719fa6aa256d96a1df
=== RUN   FuzzDifficulty/4279858d2dbcff88d0c7b74d08958ad921bc894a
=== RUN   FuzzDifficulty/42932b1b3f11ce049d0fb9b91faa797b99e5ee3c
=== RUN   FuzzDifficulty/431730e6a0e9296a8dd537ecd8cfafbf764e7907
=== RUN   FuzzDifficulty/43246a574e500bc750a66565c404965f31de8514
=== RUN   FuzzDifficulty/43c6aa84a5286141fa74ace73a2dc63010c1cb70
=== RUN   FuzzDifficulty/44fd46415321d3a7fb1dc60278e8435f9cf915f2
=== RUN   FuzzDifficulty/45988afae5624e14ac3f069646b1ecdfac70b960
=== RUN   FuzzDifficulty/45baf5156b66f351ac72bf82cf1a25e16882eada
=== RUN   FuzzDifficulty/46689bc10ac2a513d9fa5a9dd59229f6afff33c7
=== RUN   FuzzDifficulty/46d5dab0d0a64106c4374e8b4e24351ce7a91dcc
=== RUN   FuzzDifficulty/47955f51a5ba0c7304e0fbbaf08915e0ea1d4391
=== RUN   FuzzDifficulty/498e5dbf7fd3345d34bb55cfa4f1e67eaeb698ae
=== RUN   FuzzDifficulty/4babeb879db91f442fc454904fda012cf1719a67
=== RUN   FuzzDifficulty/4c777f4ce221687c05d4a3b52e87e5cb4921bad9
=== RUN   FuzzDifficulty/4d2c961d95444ee570ee3f436d4117f753765b81
=== RUN   FuzzDifficulty/4d64866de7dffff2b81c91b15514c50404f301f6
=== RUN   FuzzDifficulty/4e275a138cf4542ce29f8e1c56ae94d58587d1ab
=== RUN   FuzzDifficulty/4ed121717101c30c0a4f5ad97059ab88213d4746
=== RUN   FuzzDifficulty/4eda6e3c2d24ea0eb5b9493b16a2e6eeff4ee629
=== RUN   FuzzDifficulty/4f3bda3e170086aa750190461703d6762a0d8f10
=== RUN   FuzzDifficulty/50da141316b98fa9f0c56bb879531d1edf7c22d8
=== RUN   FuzzDifficulty/50f0bed3ed72af7e71d2127bd53a7b949de90428
=== RUN   FuzzDifficulty/5176aad8244602b2c4fb9ed275c7f64b96cf281a
=== RUN   FuzzDifficulty/5526dede47f4bd02b831160b5f748a32fcb3f612
=== RUN   FuzzDifficulty/568442d9c2f0ab49a710eea98c69eaa0946ca1c7
=== RUN   FuzzDifficulty/56d5a21669e4dcdb0f88bac3fdeed2aa44dea298
=== RUN   FuzzDifficulty/57c8799cb07ae80de391b22c2adb7c328af30b90
=== RUN   FuzzDifficulty/5865901f404fb388dd34488fd71d24e977ed8f76
=== RUN   FuzzDifficulty/58a0565a9140e543a32a3c022de13c18a4843708
=== RUN   FuzzDifficulty/59120b8bd363fa62f16adb0cafcf8993e73483b6
=== RUN   FuzzDifficulty/59b625043af54e85a5e266576c21f14d76903058
=== RUN   FuzzDifficulty/5aa5586ee3008d6de44308c585b6440b51840e6b
=== RUN   FuzzDifficulty/5b21f92f24773c3ddfeffb5d9f7c78cb88674bc2
=== RUN   FuzzDifficulty/5f0e82457b30b415548651d497e50258c825a1a1
=== RUN   FuzzDifficulty/5f27c9daa39421ceabf903221d9f7ba91a8bd9df
=== RUN   FuzzDifficulty/60cc4a421c8f09493078e0cca3e5482855f24dbe
=== RUN   FuzzDifficulty/60f2028e54bf6cba641489e833239474844d4f16
=== RUN   FuzzDifficulty/6244174e3b9f928b74dab9be71ebe039be1cef6f
=== RUN   FuzzDifficulty/643f5ac2187ad8b731abdecba241fa7be9c90e2d
=== RUN   FuzzDifficulty/64af19af02c05703cdc7a73525073b066b500615
=== RUN   FuzzDifficulty/6594b2c6b38a5fdb50048750a75ff75f61f3a09a
=== RUN   FuzzDifficulty/6685fc34d64bdf89791988881681fa9d6825c13c
=== RUN   FuzzDifficulty/686b13adf3a3216e5e672c485d95c8d25e0d79de
=== RUN   FuzzDifficulty/688ab69f8a24776d0524387fe21c051efd4b942f
=== RUN   FuzzDifficulty/69e45b6b0a1e48a209039ed59c13ae049521db03
=== RUN   FuzzDifficulty/6cb175b9b0a85e8da64b5ed1bf1a6d3f0786ba02
=== RUN   FuzzDifficulty/6e9a234c5c1fe8291f691086477cb9662b00f7c3
=== RUN   FuzzDifficulty/6eb98f06874b2095fd3047232991c8326fc5fc7f
=== RUN   FuzzDifficulty/6f47080fdcaf6c91c66addc2a6ec8335fa50c46b
=== RUN   FuzzDifficulty/7112620d1bfedb8f58b44d712e816e963ca8ee55
=== RUN   FuzzDifficulty/718828f88b970dc4281ea6c8280eed3239ca261f
=== RUN   FuzzDifficulty/71df10ac88e75f4e5819a53177da4a76b54ea684
=== RUN   FuzzDifficulty/722b71de703baa2182f529e2a8e07f39d9b56887
=== RUN   FuzzDifficulty/73dbc873adcf8ab3761984e7ce92a72798893ca3
=== RUN   FuzzDifficulty/76c4614b87e07d856e5c4085eada959fb29ab947
=== RUN   FuzzDifficulty/76e04b6912f9db18de40b23b0cb6863700896cc7
=== RUN   FuzzDifficulty/7872982389489d1ba2b28768cbb632542f6cf249
=== RUN   FuzzDifficulty/7a2950c672a339d8b8d4f1b2cba33437deaa894f
=== RUN   FuzzDifficulty/7a372da89c9b11234509efbe92295f624f5b3060
=== RUN   FuzzDifficulty/7b4e1868efbf22328d0bfebe5780fdb9fcfb4315
=== RUN   FuzzDifficulty/7b6eb8665306e7abb68a142d690d5669a4a5908e
=== RUN   FuzzDifficulty/7b7e7fb45ee80476a5b46edf52de74601c7abaa7
=== RUN   FuzzDifficulty/7bfc438db1ee8df2b9aab45c07d9b8c5a734e271
=== RUN   FuzzDifficulty/7d47fb505e2e9c4decf8165772ee0b492f275543
=== RUN   FuzzDifficulty/7d786d306dd3e20fd16cd971c80a0f18da3ba8f8
=== RUN   FuzzDifficulty/7f29d7fe4887f96077134c7e7bbf9069b5f821b8
=== RUN   FuzzDifficulty/7f5afe618bd68b2087d2c31ec340be72d61984fe
=== RUN   FuzzDifficulty/80d906e1c8bfd3b15da92d581cf0e549366d7039
=== RUN   FuzzDifficulty/81b5a499609f396899ef922e0ae732f4329f4629
=== RUN   FuzzDifficulty/825289294935c29698a06e6f721672f6f8042ef1
=== RUN   FuzzDifficulty/827837740d6c5223b173dfec4ed69bb27a283f02
=== RUN   FuzzDifficulty/82fe364f8cce794fe4c191c24512aa7cac1ae5c6
=== RUN   FuzzDifficulty/83b979c3bc387d112c4228d83f5eef91f887a330
=== RUN   FuzzDifficulty/843092a9a3cf6d8408307c0c3ebc8c1b6c0cee60
=== RUN   FuzzDifficulty/84b8502b108c1153055689a3fd924418d4b38c22
=== RUN   FuzzDifficulty/84deb095fd33f79fb81ad3d34bf1e2c6c0c48f91
=== RUN   FuzzDifficulty/860548029464d7ad66c54bacc2cd64cf1340f775
=== RUN   FuzzDifficulty/8779280ca903a3b0855309efb833ee9a1b09b5c3
=== RUN   FuzzDifficulty/87e1eac3498fd09c2a741a63788ebc8410c73cba
=== RUN   FuzzDifficulty/8ac293a9a9b802a7432437786b1ca5f1f947f9e4
=== RUN   FuzzDifficulty/8af93fb0614f09c680f1af8333842bb9bd511738
=== RUN   FuzzDifficulty/8b6b96c14cec17e06f5e266d30e9da1a5b50e349
=== RUN   FuzzDifficulty/8b6bf29cd2c1449c99f4fdfd81d73dd5912c02ea
=== RUN   FuzzDifficulty/8b7602d3127bb0ffd02e86c10243ae783ee0f7db
=== RUN   FuzzDifficulty/8c396bd768a0aba08f6d11afcbe172ad028a180f
=== RUN   FuzzDifficulty/8d08e0ab2bc6ea2a54e886001671d14622ee4da1
=== RUN   FuzzDifficulty/8e164a3df57ac17b8cea60ce30446af102570e31
=== RUN   FuzzDifficulty/8e3dc1af0bad2dc5a40b5648e2bd12e7491dce38
=== RUN   FuzzDifficulty/8fd6297a3f2086054d9225d4d00c4b05c0e2075e
=== RUN   FuzzDifficulty/9069ca78e7450a285173431b3e52c5c25299e473
=== RUN   FuzzDifficulty/90e444bc95f02adbc2efea04b6e74dfc29010613
=== RUN   FuzzDifficulty/90f38a5951eb3d7d6c6158f1d01ca85d93d904e2
=== RUN   FuzzDifficulty/9225f81202b04a9011a8bc9933a06eb48edf3ee3
=== RUN   FuzzDifficulty/9309458aae807ebf209274c79043e15739144f42
=== RUN   FuzzDifficulty/935463a3a6c6f1919b42cd3c750e8b87bec292e0
=== RUN   FuzzDifficulty/9358405028a21e4571b261878c15c76f28f171c2
=== RUN   FuzzDifficulty/93c1e065f3040117980bb46380cb15ee515ca5cd
=== RUN   FuzzDifficulty/94a9cd4ea3e710f31ca72dd692912ae967dbd3b1
=== RUN   FuzzDifficulty/9568158a61bbb2259067fe7ce4b0b8e5a63c0159
=== RUN   FuzzDifficulty/956d010115b2385c7824f6d02d0101a234729151
=== RUN   FuzzDifficulty/95afb6031f5122d5face00251e804397fa6f9ab9
=== RUN   FuzzDifficulty/964b7bec403d51b609027eea6a6ebf19c2614890
=== RUN   FuzzDifficulty/96ddb544f7db6562c7c83604bd9eda830b17f311
=== RUN   FuzzDifficulty/988cfde601f404fed76cb0673084b1b6f5ccb9c9
=== RUN   FuzzDifficulty/98acde40c5f7eeb6f363a06c408d567ca07f4656
=== RUN   FuzzDifficulty/99e84c09fe750838cc7bf8771370416e3d56fe27
=== RUN   FuzzDifficulty/9a0a610834c914853aef3ca1c03dc86fb458710c
=== RUN   FuzzDifficulty/9aefba5d1c0103ac5599f990313bf9ee7c12abd9
=== RUN   FuzzDifficulty/9bffa6af251bd8dba6bde914851a2ef09d6869c8
=== RUN   FuzzDifficulty/9c3f6622b6d1c4c5f9c05fa24d44d298f6f87b72
=== RUN   FuzzDifficulty/9c67f8720d3c1ad01ead4064ea8be17f2d10cd4e
=== RUN   FuzzDifficulty/9d685d02b32fd1b55e61213c8c6fecb9873b7896
=== RUN   FuzzDifficulty/9e89b00e25690f422222108217144f349a5f65cd
=== RUN   FuzzDifficulty/9e8f2b6a36dda275290db5e518950be3130bf08b
=== RUN   FuzzDifficulty/9f2b430479c08ba0cd9db055b1a00168f09fefab
=== RUN   FuzzDifficulty/9f9fbbff58e610ee11d093c3df1f7ce07620c831
=== RUN   FuzzDifficulty/9fe487a120a74c55110bdf6925ba228ea2298427
=== RUN   FuzzDifficulty/a56b74c8c036062f288fc4a04a2703353716915d
=== RUN   FuzzDifficulty/a5f53a648e94cd20d4ba56ec857fba1e3214cab3
=== RUN   FuzzDifficulty/a667590d1c5b3dc072255e11ade2d6960ec50846
=== RUN   FuzzDifficulty/a7258c4f6c5f0083fc2161e6d685e4441a5682f3
=== RUN   FuzzDifficulty/a72ad83a78afd06a16b61db1b470002a050784de
=== RUN   FuzzDifficulty/aa37acb88bca4057d8e53ede7fb5012dfaff870d
=== RUN   FuzzDifficulty/ab46ce49ef03f1691f0e15a735092e67b92b6e49
=== RUN   FuzzDifficulty/ab5c11c12f8e33f59d13ea23726c264ad781b037
=== RUN   FuzzDifficulty/ab751551c71fdc8ca188efb95187ac32b6c247b5
=== RUN   FuzzDifficulty/ac744a16a9026ab883d4ef7377ec1c6b1118ccaa
=== RUN   FuzzDifficulty/ad9d143169ea1b0fccc9bf381157d8531e441878
=== RUN   FuzzDifficulty/adc83b19e793491b1c6ea0fd8b46cd9f32e592fc
=== RUN   FuzzDifficulty/b212c8726f1bf1b03b8ee43287edf1b6e1f28079
=== RUN   FuzzDifficulty/b30a29d7d1f0eb030189e55fb7a959d6ba26a4e9
=== RUN   FuzzDifficulty/b39a1738742fd8cd6400a223a5c58e12476db474
=== RUN   FuzzDifficulty/b3f61d94a4fc5c13393e4f52c9314aac290ac489
=== RUN   FuzzDifficulty/b4d3a213117a0c4e333c787772988e96a5cc78f5
=== RUN   FuzzDifficulty/b55a1092ca09c5a333ac0a63e508180238f3278d
=== RUN   FuzzDifficulty/b7a28c34393bae60260d8fd980281b73c3b9b311
=== RUN   FuzzDifficulty/b7b5a8d9d4616feb00a37347b3ea580539068591
=== RUN   FuzzDifficulty/b94cbb19d11a6695e96c4cea356f3a350fdbe6eb
=== RUN   FuzzDifficulty/b95b9189e567422afd20a6078a4b0e233bf9e0ea
=== RUN   FuzzDifficulty/b9c055dd5d3929021f65276a4e96a616cc71644f
=== RUN   FuzzDifficulty/bac5b9856e69a271c780664ad5c9472d7d1ec5a9
=== RUN   FuzzDifficulty/bae0d14db4f2cf8b1ea5286c8772cefd123e8eab
=== RUN   FuzzDifficulty/bbaec62222503d158cb0310b7ed60f5a5937dd40
=== RUN   FuzzDifficulty/bc609348efd4a414ea4ed57d4c237cf58d740807
=== RUN   FuzzDifficulty/bc6f02deced990ee46879697d4fceb5cf1542768
=== RUN   FuzzDifficulty/bdc11f428d9d04fe8fe25f7ce7a31e4c4d595c26
=== RUN   FuzzDifficulty/be2943c88177933815b29c9dae51847d0665b32a
=== RUN   FuzzDifficulty/bff34929f99a5303eba3e57455910f736ebdc3db
=== RUN   FuzzDifficulty/c0cc80e126c1cc88fa8f024fa251a90c66c89f37
=== RUN   FuzzDifficulty/c2678cac5d6c65dec28d47a0512234d23f7bd671
=== RUN   FuzzDifficulty/c32b5996211c8fb80be8d5410254a83b810877b3
=== RUN   FuzzDifficulty/c5221206b722798d784e2dfbde8b7e3895872300
=== RUN   FuzzDifficulty/c5c49bdf9e1060602ea365e091d79988e7b5429d
=== RUN   FuzzDifficulty/c6818db946f78f2ed13c1637db36293dd4c62492
=== RUN   FuzzDifficulty/c990171dd9d0990b57e3eee39f88e79681e4336e
=== RUN   FuzzDifficulty/c9974f9e7f2a23c0ee6830248104d2d6f7bfa89c
=== RUN   FuzzDifficulty/cb269570ae21dc90be14b6b28d49e92dcdeda0e3
=== RUN   FuzzDifficulty/cc8f9fa5ae614b0259e1bd1a5bedd76bb68f5c30
=== RUN   FuzzDifficulty/cc9f2da96460a1e6fac4bda7e1fa2ee495e9dc39
=== RUN   FuzzDifficulty/cd67dfed18acdfbd884fce7618e5ecce46257f1c
=== RUN   FuzzDifficulty/cdd6d447dbbd9b2baad1478793c7f5e47556b239
=== RUN   FuzzDifficulty/cf8b2c86401f36820e2e20627cdfce74781a7c88
=== RUN   FuzzDifficulty/d216a8bae92fcd16281858d530883911f174fcb3
=== RUN   FuzzDifficulty/d40eca599addb53fbbf8122a3729480f6098b569
=== RUN   FuzzDifficulty/d471632921c2a9158a824ca0e0fe2a53e6e13590
=== RUN   FuzzDifficulty/d4b9b05dd15c887f2df163858949c4927af12ec7
=== RUN   FuzzDifficulty/d4e21dcf4176d6c3b2407a42c6a9172a117876d0
=== RUN   FuzzDifficulty/d52a9c92ec6d16cfc22bc544394b7c64285ddab3
=== RUN   FuzzDifficulty/d768e4390c86e0b53bf2a4a9a06e86711a5cc833
=== RUN   FuzzDifficulty/d7b05d8a4bae7063c2ba18b15eb6ae1a3f6f9669
=== RUN   FuzzDifficulty/da6c787991e3addc3578d35c3155e7b6eb01fd01
=== RUN   FuzzDifficulty/daf3718d1e47a23d0e530a9fd83c1838035152fa
=== RUN   FuzzDifficulty/dc7120e40a4b73f698b12a3fa4e59c4d6979b1e0
=== RUN   FuzzDifficulty/dcf79f2930e8850070af77ef818ac80cf2876ba5
=== RUN   FuzzDifficulty/def1c0fca29d5a9998197b39d999c32a1d8501d0
=== RUN   FuzzDifficulty/dfc0b4edd596384d53dea97aef30c5331d6375aa
=== RUN   FuzzDifficulty/e129eb0cea5c0033c01bab9266e881beaf3d84b2
=== RUN   FuzzDifficulty/e386c8f6c1c4bd348ec045f28ffe4467bfc6cc47
=== RUN   FuzzDifficulty/e397a09fca2aee6f180ec47a10d93888e5181f10
=== RUN   FuzzDifficulty/e58ad5459723a8366a22c6b1adb4e0204d32569f
=== RUN   FuzzDifficulty/e6de9a504435f5a595bfd24eefc3201711f108dc
=== RUN   FuzzDifficulty/e732e8fe77398c221722dbfc9e5811c7f183dc6d
=== RUN   FuzzDifficulty/e833ab90aee27baa3aa15f3accb1f05ce1710762
=== RUN   FuzzDifficulty/e852ee9f38d3c8230539c1a1cb9b47f4d28cbeff
=== RUN   FuzzDifficulty/e8bcbafff241899be5907eb241c5d9e6149c9354
=== RUN   FuzzDifficulty/e8d110ccdae1aa76f598b026045d3366d8482379
=== RUN   FuzzDifficulty/e92206fc1fa1d41d9ba3e58faf702537bde9f304
=== RUN   FuzzDifficulty/e9cc0cbce84721a2a7b45c685206985a0c2ce580
=== RUN   FuzzDifficulty/ea7c3aa25ab09e1d5b3844f50f757fcfd6639181
=== RUN   FuzzDifficulty/ea89bc49d86d0d9bb8b562932611a0d50729de11
=== RUN   FuzzDifficulty/eaf75d856424ff7e1e6c5adde46d51809ad32096
=== RUN   FuzzDifficulty/ed1d4d66e46f1f18a8b46f5286f27d3f6064c0fd
=== RUN   FuzzDifficulty/ee4df18ee6420c2515ce3fa75b486ff6903141c5
=== RUN   FuzzDifficulty/ef74f250714daf1c4cc68f102564455271140afe
=== RUN   FuzzDifficulty/f02ebbb85827d20eef2f522d69696f6b4fb8f806
=== RUN   FuzzDifficulty/f0b7370a5933d3c089d3ff1ec252b331ea311555
=== RUN   FuzzDifficulty/f154ab295e935e6ad058631cedcd1a89ecb4e9bb
=== RUN   FuzzDifficulty/f23ce6db163e8291e9a0490bd72b2c638a747be7
=== RUN   FuzzDifficulty/f276a738453eb8299c9926038af5ad33efaa5756
=== RUN   FuzzDifficulty/f3618f96c7f101bf39e6ae619dc26196963961af
=== RUN   FuzzDifficulty/f3f52725ae0b6c352540c2a784fc0bb5678c9cff
=== RUN   FuzzDifficulty/f4560a958158885bedd2247e5e7b1f3faa17a762
=== RUN   FuzzDifficulty/f6f88747c4d63db08506edd15a268aafa22f0bc3
=== RUN   FuzzDifficulty/f719db8c643c57658fab6ba71c3e8d2253fb46ad
=== RUN   FuzzDifficulty/f9ba891768e2bb28ee9fbc54829fef1579a60830
=== RUN   FuzzDifficulty/fa3e1dff9229457fbccd7137c9d748891675b8f4
=== RUN   FuzzDifficulty/fa9546b3ac70c56e8581b304efe464281b81f25b
=== RUN   FuzzDifficulty/fbe4219076900985f37fcb5ef27ef5364408f15e
=== RUN   FuzzDifficulty/fc1b8bd542b97084b46fb18d485f3fd59d072fec
=== RUN   FuzzDifficulty/fc28e9e7af16e13f3f400e7fd801985e980542d0
=== RUN   FuzzDifficulty/fcacec7eaeef6e73bc8eb38ee745f789ab57316a
=== RUN   FuzzDifficulty/fce91c9b51e3cfc252bdf9bd01e94493a8a8fa90
=== RUN   FuzzDifficulty/fe654f6624e2849d7d152c4d54213b8df4890b20
=== RUN   FuzzDifficulty/fec6864aa0cdc6845c49a75813409464cb469296
=== RUN   FuzzDifficulty/fede8cebec8a6c4687630e21642965c11214681f
=== RUN   FuzzDifficulty/fefc96fe3c92677dccd2cee5ca4823080787e378
=== RUN   FuzzDifficulty/ff134f1134e8af16d63873a7e9adf00f9b451858
=== RUN   FuzzDifficulty/ff9e339217f1bccd8bdccac6da530b9c07993ccc
--- PASS: FuzzDifficulty (0.02s)
    --- PASS: FuzzDifficulty/0123e153284da412918d6a2a08510e589dbdbd18 (0.00s)
    --- PASS: FuzzDifficulty/01e1256d5b71512295583bd5164e8061319eedf6 (0.00s)
    --- PASS: FuzzDifficulty/03afa6ce4e21fae98f6618a5eae00f499c9ce5c4 (0.00s)
    --- PASS: FuzzDifficulty/042cb29031c5d19570f1cbdfdab9cfc901b7b2de (0.00s)
    --- PASS: FuzzDifficulty/05134a9413ec683eba274ee090cf2ea2539d832b (0.00s)
    --- PASS: FuzzDifficulty/05f471fdd5302ce44c7002711a498a368fbc0c7d (0.00s)
    --- PASS: FuzzDifficulty/06313d8f9fc62f7d548979d5966887f29ec4675b (0.00s)
    --- PASS: FuzzDifficulty/0647cd9dfdb46739f010af95acbe79a1628b1700 (0.00s)
    --- PASS: FuzzDifficulty/07b354f071611ad2f8fca025b289c3b47623eaa4 (0.00s)
    --- PASS: FuzzDifficulty/07b61217adbae90007bd2885a828ab7d74bc26a0 (0.00s)
    --- PASS: FuzzDifficulty/08574a33332dc6eb4759d7d16bddf81ea8b197bc (0.00s)
    --- PASS: FuzzDifficulty/08d3018f9692b9b3938b6d6e3103d77fa8fe3046 (0.00s)
    --- PASS: FuzzDifficulty/090f9fa5d312b96e6218ac36d2c439838e9a82a2 (0.00s)
    --- PASS: FuzzDifficulty/0a398dcbf4b6a8efb62b28d696bc1322d371c1db (0.00s)
    --- PASS: FuzzDifficulty/0b85411b176b88dd3f38a14f3a71200174a0bfd8 (0.00s)
    --- PASS: FuzzDifficulty/0f0a00f3a3cf9fcf4ec4d04a111fa0ac7c7e5bc2 (0.00s)
    --- PASS: FuzzDifficulty/0f33958caecc5e5821e8f999cc835e3783f05bd4 (0.00s)
    --- PASS: FuzzDifficulty/105c8ea2bf5c739c63daea14f3ce813cce7221b4 (0.00s)
    --- PASS: FuzzDifficulty/126ee1276452ae0aeacdd63ab4ad795b39fd830c (0.00s)
    --- PASS: FuzzDifficulty/12971423cd3fd435bc1e9f666d449821458c4bee (0.00s)
    --- PASS: FuzzDifficulty/13739fca3834f9640247ee7d0bcbe6811d4e850a (0.00s)
    --- PASS: FuzzDifficulty/1396840e29ca17cabb2620d3fd4d443ab472dd74 (0.00s)
    --- PASS: FuzzDifficulty/1461eb1207b30a68b9467aac5d5e1dc5a308f973 (0.00s)
    --- PASS: FuzzDifficulty/157e50eca34bf8d7c97cac536f66ae844bf4f41b (0.00s)
    --- PASS: FuzzDifficulty/15c4deec30a994754bce2cf9f3d71ae5383075b8 (0.00s)
    --- PASS: FuzzDifficulty/15eca869334ea70ede3c68f00cb60d83fceb5699 (0.00s)
    --- PASS: FuzzDifficulty/161fca588c15bb4a97b2ddf619fe1ae570965db1 (0.00s)
    --- PASS: FuzzDifficulty/177d33594ee0db6fa2da51b820d744dad51bbbf7 (0.00s)
    --- PASS: FuzzDifficulty/1a4ccef66360c4b4290a2f1ba87af33090b3b372 (0.00s)
    --- PASS: FuzzDifficulty/1a82e53233816afd175fbea7c0325251ba344110 (0.00s)
    --- PASS: FuzzDifficulty/1a8c148b5096ab16c4c84695b6f1a4385a0d19c2 (0.00s)
    --- PASS: FuzzDifficulty/1ac91e6d776cef67e8981817eb1d903db018a555 (0.00s)
    --- PASS: FuzzDifficulty/1ad4ea27e02f4bf61cbe56fdfa741805cca6e2be (0.00s)
    --- PASS: FuzzDifficulty/1bfa84c27a389db64164328067a73e15a6c4efd9 (0.00s)
    --- PASS: FuzzDifficulty/1c1f55c29a65130f6fd2131fcdba633b562744a7 (0.00s)
    --- PASS: FuzzDifficulty/1d48442450d34d9ece3519a82a2b8bee7afade6a (0.00s)
    --- PASS: FuzzDifficulty/1dcb98042f0a6618799ee5fa2ad349ba0f1bb54f (0.00s)
    --- PASS: FuzzDifficulty/1e232084a9bd7477d5adb6b145d1d34f876ef971 (0.00s)
    --- PASS: FuzzDifficulty/204aa6bea4aa2e71f0bc60d4848fdcc2eee2fead (0.00s)
    --- PASS: FuzzDifficulty/20c636db5fbf64653c8a114a5b8ed294146b60bc (0.00s)
    --- PASS: FuzzDifficulty/2115e74df6c7f54c99432ee1f9340367b52c2f98 (0.00s)
    --- PASS: FuzzDifficulty/227434d90d9fd68fd659d36a560da9e00afde122 (0.00s)
    --- PASS: FuzzDifficulty/227eaf4c86f6ab7a222bf528772f6190c42d0ddb (0.00s)
    --- PASS: FuzzDifficulty/23696bd20a30c72f878f6247f85ae39c25ae801e (0.00s)
    --- PASS: FuzzDifficulty/2380f32c415121f1bee25874f1c7334e72441c20 (0.00s)
    --- PASS: FuzzDifficulty/2383de7cf704a2397da47be12ba25175fc3fbf96 (0.00s)
    --- PASS: FuzzDifficulty/25689e9e07f01de95d82530a0b4a5da195fe5884 (0.00s)
    --- PASS: FuzzDifficulty/267a523911e8c6621a116ddb415baa88ddb59b45 (0.00s)
    --- PASS: FuzzDifficulty/2791270f45952de7f10713d1c4b652e2fc28a4fd (0.00s)
    --- PASS: FuzzDifficulty/29ebedb1b564789d9a5af18b687ab2af3f316a24 (0.00s)
    --- PASS: FuzzDifficulty/2a875f188d04362ae248648c3d35d0a337998455 (0.00s)
    --- PASS: FuzzDifficulty/2c297d324edaca4a13292436c2d6aee8a3d806c5 (0.00s)
    --- PASS: FuzzDifficulty/2c30c0bc77ad6fc4636b4a178e68741a858a63a3 (0.00s)
    --- PASS: FuzzDifficulty/2c5176b4d61c52f66eb8992da58a4b4c23632a1c (0.00s)
    --- PASS: FuzzDifficulty/2e386f1996a8edc35a699c8c49d89ba6e80534d7 (0.00s)
    --- PASS: FuzzDifficulty/2ea586cd2585bc3b824b33e4cedfcce623ccf92e (0.00s)
    --- PASS: FuzzDifficulty/2f029ca093f39a0047220ce27b8a14b90e67593b (0.00s)
    --- PASS: FuzzDifficulty/2fa7c71e0a3732292926e07f30923267d1cf39d0 (0.00s)
    --- PASS: FuzzDifficulty/3023d4a79ba2105e0ed0a7b6ca566e7d02aba55a (0.00s)
    --- PASS: FuzzDifficulty/304455ef0cf81311d6b69c41fd3df2d809977b7c (0.00s)
    --- PASS: FuzzDifficulty/3099853020e58b20e18d4986feb08bf385ab18d6 (0.00s)
    --- PASS: FuzzDifficulty/309da96750d078945c89ec61e612d01ce716127a (0.00s)
    --- PASS: FuzzDifficulty/31bd07d5f54605ff3353b524c4715c1ba8b72fd0 (0.00s)
    --- PASS: FuzzDifficulty/322c643ceb04eca4f8c41763e93a9bfb1c7f3ff4 (0.00s)
    --- PASS: FuzzDifficulty/32d40e5f054c5ece33c8a1101d0092996ba6205c (0.00s)
    --- PASS: FuzzDifficulty/332de115556c38bb9bccfe8a5bef4dce2b1386ab (0.00s)
    --- PASS: FuzzDifficulty/335e89e4dd12b12b32e05073d837f2586e67a0b3 (0.00s)
    --- PASS: FuzzDifficulty/352ee1dcc41dba024027d8a5b3acd0b867c5d984 (0.00s)
    --- PASS: FuzzDifficulty/37d21307ebcd1247afe67bd0423c3ce044bc3d2e (0.00s)
    --- PASS: FuzzDifficulty/38063bd0b51961237ce0338f50b2f70305da8a69 (0.00s)
    --- PASS: FuzzDifficulty/392b3b68444419d375d49ab3b395b96d9bd64582 (0.00s)
    --- PASS: FuzzDifficulty/39b3564e8ea1f55c15627e8a1841ae6a28e3203a (0.00s)
    --- PASS: FuzzDifficulty/3aa244ac0a88bc499e6eaa49194bbab2e71965bc (0.00s)
    --- PASS: FuzzDifficulty/3abacfa5e2a7fd3d7531a1d87d380f10610dcb10 (0.00s)
    --- PASS: FuzzDifficulty/3b2a1f77f96e3f6985165545ecc8c7b4cda2d601 (0.00s)
    --- PASS: FuzzDifficulty/3b3770110851574007fdada29926a05c8f9ff3e0 (0.00s)
    --- PASS: FuzzDifficulty/3b975b1d8e3405a5d14eca9060835ea9ac879101 (0.00s)
    --- PASS: FuzzDifficulty/3c77ffc47e3d508588824354275e87827ad3d9da (0.00s)
    --- PASS: FuzzDifficulty/3ce0a1af90b6e7a3dd8d45e410884b588ea2d04c (0.00s)
    --- PASS: FuzzDifficulty/3dee373f3c32a48eedf401830fc6fec0315aba66 (0.00s)
    --- PASS: FuzzDifficulty/3e00e9640521820659da6da6952e3ebbecd89600 (0.00s)
    --- PASS: FuzzDifficulty/3f64875f3675b75360a1efa30a9b355665602237 (0.00s)
    --- PASS: FuzzDifficulty/3ffeadd8b6e6bfdfd39c748cf8919526af711ab4 (0.00s)
    --- PASS: FuzzDifficulty/424d1c3c055921743c7d2f719fa6aa256d96a1df (0.00s)
    --- PASS: FuzzDifficulty/4279858d2dbcff88d0c7b74d08958ad921bc894a (0.00s)
    --- PASS: FuzzDifficulty/42932b1b3f11ce049d0fb9b91faa797b99e5ee3c (0.00s)
    --- PASS: FuzzDifficulty/431730e6a0e9296a8dd537ecd8cfafbf764e7907 (0.00s)
    --- PASS: FuzzDifficulty/43246a574e500bc750a66565c404965f31de8514 (0.00s)
    --- PASS: FuzzDifficulty/43c6aa84a5286141fa74ace73a2dc63010c1cb70 (0.00s)
    --- PASS: FuzzDifficulty/44fd46415321d3a7fb1dc60278e8435f9cf915f2 (0.00s)
    --- PASS: FuzzDifficulty/45988afae5624e14ac3f069646b1ecdfac70b960 (0.00s)
    --- PASS: FuzzDifficulty/45baf5156b66f351ac72bf82cf1a25e16882eada (0.00s)
    --- PASS: FuzzDifficulty/46689bc10ac2a513d9fa5a9dd59229f6afff33c7 (0.00s)
    --- PASS: FuzzDifficulty/46d5dab0d0a64106c4374e8b4e24351ce7a91dcc (0.00s)
    --- PASS: FuzzDifficulty/47955f51a5ba0c7304e0fbbaf08915e0ea1d4391 (0.00s)
    --- PASS: FuzzDifficulty/498e5dbf7fd3345d34bb55cfa4f1e67eaeb698ae (0.00s)
    --- PASS: FuzzDifficulty/4babeb879db91f442fc454904fda012cf1719a67 (0.00s)
    --- PASS: FuzzDifficulty/4c777f4ce221687c05d4a3b52e87e5cb4921bad9 (0.00s)
    --- PASS: FuzzDifficulty/4d2c961d95444ee570ee3f436d4117f753765b81 (0.00s)
    --- PASS: FuzzDifficulty/4d64866de7dffff2b81c91b15514c50404f301f6 (0.00s)
    --- PASS: FuzzDifficulty/4e275a138cf4542ce29f8e1c56ae94d58587d1ab (0.00s)
    --- PASS: FuzzDifficulty/4ed121717101c30c0a4f5ad97059ab88213d4746 (0.00s)
    --- PASS: FuzzDifficulty/4eda6e3c2d24ea0eb5b9493b16a2e6eeff4ee629 (0.00s)
    --- PASS: FuzzDifficulty/4f3bda3e170086aa750190461703d6762a0d8f10 (0.00s)
    --- PASS: FuzzDifficulty/50da141316b98fa9f0c56bb879531d1edf7c22d8 (0.00s)
    --- PASS: FuzzDifficulty/50f0bed3ed72af7e71d2127bd53a7b949de90428 (0.00s)
    --- PASS: FuzzDifficulty/5176aad8244602b2c4fb9ed275c7f64b96cf281a (0.00s)
    --- PASS: FuzzDifficulty/5526dede47f4bd02b831160b5f748a32fcb3f612 (0.00s)
    --- PASS: FuzzDifficulty/568442d9c2f0ab49a710eea98c69eaa0946ca1c7 (0.00s)
    --- PASS: FuzzDifficulty/56d5a21669e4dcdb0f88bac3fdeed2aa44dea298 (0.00s)
    --- PASS: FuzzDifficulty/57c8799cb07ae80de391b22c2adb7c328af30b90 (0.00s)
    --- PASS: FuzzDifficulty/5865901f404fb388dd34488fd71d24e977ed8f76 (0.00s)
    --- PASS: FuzzDifficulty/58a0565a9140e543a32a3c022de13c18a4843708 (0.00s)
    --- PASS: FuzzDifficulty/59120b8bd363fa62f16adb0cafcf8993e73483b6 (0.00s)
    --- PASS: FuzzDifficulty/59b625043af54e85a5e266576c21f14d76903058 (0.00s)
    --- PASS: FuzzDifficulty/5aa5586ee3008d6de44308c585b6440b51840e6b (0.00s)
    --- PASS: FuzzDifficulty/5b21f92f24773c3ddfeffb5d9f7c78cb88674bc2 (0.00s)
    --- PASS: FuzzDifficulty/5f0e82457b30b415548651d497e50258c825a1a1 (0.00s)
    --- PASS: FuzzDifficulty/5f27c9daa39421ceabf903221d9f7ba91a8bd9df (0.00s)
    --- PASS: FuzzDifficulty/60cc4a421c8f09493078e0cca3e5482855f24dbe (0.00s)
    --- PASS: FuzzDifficulty/60f2028e54bf6cba641489e833239474844d4f16 (0.00s)
    --- PASS: FuzzDifficulty/6244174e3b9f928b74dab9be71ebe039be1cef6f (0.00s)
    --- PASS: FuzzDifficulty/643f5ac2187ad8b731abdecba241fa7be9c90e2d (0.00s)
    --- PASS: FuzzDifficulty/64af19af02c05703cdc7a73525073b066b500615 (0.00s)
    --- PASS: FuzzDifficulty/6594b2c6b38a5fdb50048750a75ff75f61f3a09a (0.00s)
    --- PASS: FuzzDifficulty/6685fc34d64bdf89791988881681fa9d6825c13c (0.00s)
    --- PASS: FuzzDifficulty/686b13adf3a3216e5e672c485d95c8d25e0d79de (0.00s)
    --- PASS: FuzzDifficulty/688ab69f8a24776d0524387fe21c051efd4b942f (0.00s)
    --- PASS: FuzzDifficulty/69e45b6b0a1e48a209039ed59c13ae049521db03 (0.00s)
    --- PASS: FuzzDifficulty/6cb175b9b0a85e8da64b5ed1bf1a6d3f0786ba02 (0.00s)
    --- PASS: FuzzDifficulty/6e9a234c5c1fe8291f691086477cb9662b00f7c3 (0.00s)
    --- PASS: FuzzDifficulty/6eb98f06874b2095fd3047232991c8326fc5fc7f (0.00s)
    --- PASS: FuzzDifficulty/6f47080fdcaf6c91c66addc2a6ec8335fa50c46b (0.00s)
    --- PASS: FuzzDifficulty/7112620d1bfedb8f58b44d712e816e963ca8ee55 (0.00s)
    --- PASS: FuzzDifficulty/718828f88b970dc4281ea6c8280eed3239ca261f (0.00s)
    --- PASS: FuzzDifficulty/71df10ac88e75f4e5819a53177da4a76b54ea684 (0.00s)
    --- PASS: FuzzDifficulty/722b71de703baa2182f529e2a8e07f39d9b56887 (0.00s)
    --- PASS: FuzzDifficulty/73dbc873adcf8ab3761984e7ce92a72798893ca3 (0.00s)
    --- PASS: FuzzDifficulty/76c4614b87e07d856e5c4085eada959fb29ab947 (0.00s)
    --- PASS: FuzzDifficulty/76e04b6912f9db18de40b23b0cb6863700896cc7 (0.00s)
    --- PASS: FuzzDifficulty/7872982389489d1ba2b28768cbb632542f6cf249 (0.00s)
    --- PASS: FuzzDifficulty/7a2950c672a339d8b8d4f1b2cba33437deaa894f (0.00s)
    --- PASS: FuzzDifficulty/7a372da89c9b11234509efbe92295f624f5b3060 (0.00s)
    --- PASS: FuzzDifficulty/7b4e1868efbf22328d0bfebe5780fdb9fcfb4315 (0.00s)
    --- PASS: FuzzDifficulty/7b6eb8665306e7abb68a142d690d5669a4a5908e (0.00s)
    --- PASS: FuzzDifficulty/7b7e7fb45ee80476a5b46edf52de74601c7abaa7 (0.00s)
    --- PASS: FuzzDifficulty/7bfc438db1ee8df2b9aab45c07d9b8c5a734e271 (0.00s)
    --- PASS: FuzzDifficulty/7d47fb505e2e9c4decf8165772ee0b492f275543 (0.00s)
    --- PASS: FuzzDifficulty/7d786d306dd3e20fd16cd971c80a0f18da3ba8f8 (0.00s)
    --- PASS: FuzzDifficulty/7f29d7fe4887f96077134c7e7bbf9069b5f821b8 (0.00s)
    --- PASS: FuzzDifficulty/7f5afe618bd68b2087d2c31ec340be72d61984fe (0.00s)
    --- PASS: FuzzDifficulty/80d906e1c8bfd3b15da92d581cf0e549366d7039 (0.00s)
    --- PASS: FuzzDifficulty/81b5a499609f396899ef922e0ae732f4329f4629 (0.00s)
    --- PASS: FuzzDifficulty/825289294935c29698a06e6f721672f6f8042ef1 (0.00s)
    --- PASS: FuzzDifficulty/827837740d6c5223b173dfec4ed69bb27a283f02 (0.00s)
    --- PASS: FuzzDifficulty/82fe364f8cce794fe4c191c24512aa7cac1ae5c6 (0.00s)
    --- PASS: FuzzDifficulty/83b979c3bc387d112c4228d83f5eef91f887a330 (0.00s)
    --- PASS: FuzzDifficulty/843092a9a3cf6d8408307c0c3ebc8c1b6c0cee60 (0.00s)
    --- PASS: FuzzDifficulty/84b8502b108c1153055689a3fd924418d4b38c22 (0.00s)
    --- PASS: FuzzDifficulty/84deb095fd33f79fb81ad3d34bf1e2c6c0c48f91 (0.00s)
    --- PASS: FuzzDifficulty/860548029464d7ad66c54bacc2cd64cf1340f775 (0.00s)
    --- PASS: FuzzDifficulty/8779280ca903a3b0855309efb833ee9a1b09b5c3 (0.00s)
    --- PASS: FuzzDifficulty/87e1eac3498fd09c2a741a63788ebc8410c73cba (0.00s)
    --- PASS: FuzzDifficulty/8ac293a9a9b802a7432437786b1ca5f1f947f9e4 (0.00s)
    --- PASS: FuzzDifficulty/8af93fb0614f09c680f1af8333842bb9bd511738 (0.00s)
    --- PASS: FuzzDifficulty/8b6b96c14cec17e06f5e266d30e9da1a5b50e349 (0.00s)
    --- PASS: FuzzDifficulty/8b6bf29cd2c1449c99f4fdfd81d73dd5912c02ea (0.00s)
    --- PASS: FuzzDifficulty/8b7602d3127bb0ffd02e86c10243ae783ee0f7db (0.00s)
    --- PASS: FuzzDifficulty/8c396bd768a0aba08f6d11afcbe172ad028a180f (0.00s)
    --- PASS: FuzzDifficulty/8d08e0ab2bc6ea2a54e886001671d14622ee4da1 (0.00s)
    --- PASS: FuzzDifficulty/8e164a3df57ac17b8cea60ce30446af102570e31 (0.00s)
    --- PASS: FuzzDifficulty/8e3dc1af0bad2dc5a40b5648e2bd12e7491dce38 (0.00s)
    --- PASS: FuzzDifficulty/8fd6297a3f2086054d9225d4d00c4b05c0e2075e (0.00s)
    --- PASS: FuzzDifficulty/9069ca78e7450a285173431b3e52c5c25299e473 (0.00s)
    --- PASS: FuzzDifficulty/90e444bc95f02adbc2efea04b6e74dfc29010613 (0.00s)
    --- PASS: FuzzDifficulty/90f38a5951eb3d7d6c6158f1d01ca85d93d904e2 (0.00s)
    --- PASS: FuzzDifficulty/9225f81202b04a9011a8bc9933a06eb48edf3ee3 (0.00s)
    --- PASS: FuzzDifficulty/9309458aae807ebf209274c79043e15739144f42 (0.00s)
    --- PASS: FuzzDifficulty/935463a3a6c6f1919b42cd3c750e8b87bec292e0 (0.00s)
    --- PASS: FuzzDifficulty/9358405028a21e4571b261878c15c76f28f171c2 (0.00s)
    --- PASS: FuzzDifficulty/93c1e065f3040117980bb46380cb15ee515ca5cd (0.00s)
    --- PASS: FuzzDifficulty/94a9cd4ea3e710f31ca72dd692912ae967dbd3b1 (0.00s)
    --- PASS: FuzzDifficulty/9568158a61bbb2259067fe7ce4b0b8e5a63c0159 (0.00s)
    --- PASS: FuzzDifficulty/956d010115b2385c7824f6d02d0101a234729151 (0.00s)
    --- PASS: FuzzDifficulty/95afb6031f5122d5face00251e804397fa6f9ab9 (0.00s)
    --- PASS: FuzzDifficulty/964b7bec403d51b609027eea6a6ebf19c2614890 (0.00s)
    --- PASS: FuzzDifficulty/96ddb544f7db6562c7c83604bd9eda830b17f311 (0.00s)
    --- PASS: FuzzDifficulty/988cfde601f404fed76cb0673084b1b6f5ccb9c9 (0.00s)
    --- PASS: FuzzDifficulty/98acde40c5f7eeb6f363a06c408d567ca07f4656 (0.00s)
    --- PASS: FuzzDifficulty/99e84c09fe750838cc7bf8771370416e3d56fe27 (0.00s)
    --- PASS: FuzzDifficulty/9a0a610834c914853aef3ca1c03dc86fb458710c (0.00s)
    --- PASS: FuzzDifficulty/9aefba5d1c0103ac5599f990313bf9ee7c12abd9 (0.00s)
    --- PASS: FuzzDifficulty/9bffa6af251bd8dba6bde914851a2ef09d6869c8 (0.00s)
    --- PASS: FuzzDifficulty/9c3f6622b6d1c4c5f9c05fa24d44d298f6f87b72 (0.00s)
    --- PASS: FuzzDifficulty/9c67f8720d3c1ad01ead4064ea8be17f2d10cd4e (0.00s)
    --- PASS: FuzzDifficulty/9d685d02b32fd1b55e61213c8c6fecb9873b7896 (0.00s)
    --- PASS: FuzzDifficulty/9e89b00e25690f422222108217144f349a5f65cd (0.00s)
    --- PASS: FuzzDifficulty/9e8f2b6a36dda275290db5e518950be3130bf08b (0.00s)
    --- PASS: FuzzDifficulty/9f2b430479c08ba0cd9db055b1a00168f09fefab (0.00s)
    --- PASS: FuzzDifficulty/9f9fbbff58e610ee11d093c3df1f7ce07620c831 (0.00s)
    --- PASS: FuzzDifficulty/9fe487a120a74c55110bdf6925ba228ea2298427 (0.00s)
    --- PASS: FuzzDifficulty/a56b74c8c036062f288fc4a04a2703353716915d (0.00s)
    --- PASS: FuzzDifficulty/a5f53a648e94cd20d4ba56ec857fba1e3214cab3 (0.00s)
    --- PASS: FuzzDifficulty/a667590d1c5b3dc072255e11ade2d6960ec50846 (0.00s)
    --- PASS: FuzzDifficulty/a7258c4f6c5f0083fc2161e6d685e4441a5682f3 (0.00s)
    --- PASS: FuzzDifficulty/a72ad83a78afd06a16b61db1b470002a050784de (0.00s)
    --- PASS: FuzzDifficulty/aa37acb88bca4057d8e53ede7fb5012dfaff870d (0.00s)
    --- PASS: FuzzDifficulty/ab46ce49ef03f1691f0e15a735092e67b92b6e49 (0.00s)
    --- PASS: FuzzDifficulty/ab5c11c12f8e33f59d13ea23726c264ad781b037 (0.00s)
    --- PASS: FuzzDifficulty/ab751551c71fdc8ca188efb95187ac32b6c247b5 (0.00s)
    --- PASS: FuzzDifficulty/ac744a16a9026ab883d4ef7377ec1c6b1118ccaa (0.00s)
    --- PASS: FuzzDifficulty/ad9d143169ea1b0fccc9bf381157d8531e441878 (0.00s)
    --- PASS: FuzzDifficulty/adc83b19e793491b1c6ea0fd8b46cd9f32e592fc (0.00s)
    --- PASS: FuzzDifficulty/b212c8726f1bf1b03b8ee43287edf1b6e1f28079 (0.00s)
    --- PASS: FuzzDifficulty/b30a29d7d1f0eb030189e55fb7a959d6ba26a4e9 (0.00s)
    --- PASS: FuzzDifficulty/b39a1738742fd8cd6400a223a5c58e12476db474 (0.00s)
    --- PASS: FuzzDifficulty/b3f61d94a4fc5c13393e4f52c9314aac290ac489 (0.00s)
    --- PASS: FuzzDifficulty/b4d3a213117a0c4e333c787772988e96a5cc78f5 (0.00s)
    --- PASS: FuzzDifficulty/b55a1092ca09c5a333ac0a63e508180238f3278d (0.00s)
    --- PASS: FuzzDifficulty/b7a28c34393bae60260d8fd980281b73c3b9b311 (0.00s)
    --- PASS: FuzzDifficulty/b7b5a8d9d4616feb00a37347b3ea580539068591 (0.00s)
    --- PASS: FuzzDifficulty/b94cbb19d11a6695e96c4cea356f3a350fdbe6eb (0.00s)
    --- PASS: FuzzDifficulty/b95b9189e567422afd20a6078a4b0e233bf9e0ea (0.00s)
    --- PASS: FuzzDifficulty/b9c055dd5d3929021f65276a4e96a616cc71644f (0.00s)
    --- PASS: FuzzDifficulty/bac5b9856e69a271c780664ad5c9472d7d1ec5a9 (0.00s)
    --- PASS: FuzzDifficulty/bae0d14db4f2cf8b1ea5286c8772cefd123e8eab (0.00s)
    --- PASS: FuzzDifficulty/bbaec62222503d158cb0310b7ed60f5a5937dd40 (0.00s)
    --- PASS: FuzzDifficulty/bc609348efd4a414ea4ed57d4c237cf58d740807 (0.00s)
    --- PASS: FuzzDifficulty/bc6f02deced990ee46879697d4fceb5cf1542768 (0.00s)
    --- PASS: FuzzDifficulty/bdc11f428d9d04fe8fe25f7ce7a31e4c4d595c26 (0.00s)
    --- PASS: FuzzDifficulty/be2943c88177933815b29c9dae51847d0665b32a (0.00s)
    --- PASS: FuzzDifficulty/bff34929f99a5303eba3e57455910f736ebdc3db (0.00s)
    --- PASS: FuzzDifficulty/c0cc80e126c1cc88fa8f024fa251a90c66c89f37 (0.00s)
    --- PASS: FuzzDifficulty/c2678cac5d6c65dec28d47a0512234d23f7bd671 (0.00s)
    --- PASS: FuzzDifficulty/c32b5996211c8fb80be8d5410254a83b810877b3 (0.00s)
    --- PASS: FuzzDifficulty/c5221206b722798d784e2dfbde8b7e3895872300 (0.00s)
    --- PASS: FuzzDifficulty/c5c49bdf9e1060602ea365e091d79988e7b5429d (0.00s)
    --- PASS: FuzzDifficulty/c6818db946f78f2ed13c1637db36293dd4c62492 (0.00s)
    --- PASS: FuzzDifficulty/c990171dd9d0990b57e3eee39f88e79681e4336e (0.00s)
    --- PASS: FuzzDifficulty/c9974f9e7f2a23c0ee6830248104d2d6f7bfa89c (0.00s)
    --- PASS: FuzzDifficulty/cb269570ae21dc90be14b6b28d49e92dcdeda0e3 (0.00s)
    --- PASS: FuzzDifficulty/cc8f9fa5ae614b0259e1bd1a5bedd76bb68f5c30 (0.00s)
    --- PASS: FuzzDifficulty/cc9f2da96460a1e6fac4bda7e1fa2ee495e9dc39 (0.00s)
    --- PASS: FuzzDifficulty/cd67dfed18acdfbd884fce7618e5ecce46257f1c (0.00s)
    --- PASS: FuzzDifficulty/cdd6d447dbbd9b2baad1478793c7f5e47556b239 (0.00s)
    --- PASS: FuzzDifficulty/cf8b2c86401f36820e2e20627cdfce74781a7c88 (0.00s)
    --- PASS: FuzzDifficulty/d216a8bae92fcd16281858d530883911f174fcb3 (0.00s)
    --- PASS: FuzzDifficulty/d40eca599addb53fbbf8122a3729480f6098b569 (0.00s)
    --- PASS: FuzzDifficulty/d471632921c2a9158a824ca0e0fe2a53e6e13590 (0.00s)
    --- PASS: FuzzDifficulty/d4b9b05dd15c887f2df163858949c4927af12ec7 (0.00s)
    --- PASS: FuzzDifficulty/d4e21dcf4176d6c3b2407a42c6a9172a117876d0 (0.00s)
    --- PASS: FuzzDifficulty/d52a9c92ec6d16cfc22bc544394b7c64285ddab3 (0.00s)
    --- PASS: FuzzDifficulty/d768e4390c86e0b53bf2a4a9a06e86711a5cc833 (0.00s)
    --- PASS: FuzzDifficulty/d7b05d8a4bae7063c2ba18b15eb6ae1a3f6f9669 (0.00s)
    --- PASS: FuzzDifficulty/da6c787991e3addc3578d35c3155e7b6eb01fd01 (0.00s)
    --- PASS: FuzzDifficulty/daf3718d1e47a23d0e530a9fd83c1838035152fa (0.00s)
    --- PASS: FuzzDifficulty/dc7120e40a4b73f698b12a3fa4e59c4d6979b1e0 (0.00s)
    --- PASS: FuzzDifficulty/dcf79f2930e8850070af77ef818ac80cf2876ba5 (0.00s)
    --- PASS: FuzzDifficulty/def1c0fca29d5a9998197b39d999c32a1d8501d0 (0.00s)
    --- PASS: FuzzDifficulty/dfc0b4edd596384d53dea97aef30c5331d6375aa (0.00s)
    --- PASS: FuzzDifficulty/e129eb0cea5c0033c01bab9266e881beaf3d84b2 (0.00s)
    --- PASS: FuzzDifficulty/e386c8f6c1c4bd348ec045f28ffe4467bfc6cc47 (0.00s)
    --- PASS: FuzzDifficulty/e397a09fca2aee6f180ec47a10d93888e5181f10 (0.00s)
    --- PASS: FuzzDifficulty/e58ad5459723a8366a22c6b1adb4e0204d32569f (0.00s)
    --- PASS: FuzzDifficulty/e6de9a504435f5a595bfd24eefc3201711f108dc (0.00s)
    --- PASS: FuzzDifficulty/e732e8fe77398c221722dbfc9e5811c7f183dc6d (0.00s)
    --- PASS: FuzzDifficulty/e833ab90aee27baa3aa15f3accb1f05ce1710762 (0.00s)
    --- PASS: FuzzDifficulty/e852ee9f38d3c8230539c1a1cb9b47f4d28cbeff (0.00s)
    --- PASS: FuzzDifficulty/e8bcbafff241899be5907eb241c5d9e6149c9354 (0.00s)
    --- PASS: FuzzDifficulty/e8d110ccdae1aa76f598b026045d3366d8482379 (0.00s)
    --- PASS: FuzzDifficulty/e92206fc1fa1d41d9ba3e58faf702537bde9f304 (0.00s)
    --- PASS: FuzzDifficulty/e9cc0cbce84721a2a7b45c685206985a0c2ce580 (0.00s)
    --- PASS: FuzzDifficulty/ea7c3aa25ab09e1d5b3844f50f757fcfd6639181 (0.00s)
    --- PASS: FuzzDifficulty/ea89bc49d86d0d9bb8b562932611a0d50729de11 (0.00s)
    --- PASS: FuzzDifficulty/eaf75d856424ff7e1e6c5adde46d51809ad32096 (0.00s)
    --- PASS: FuzzDifficulty/ed1d4d66e46f1f18a8b46f5286f27d3f6064c0fd (0.00s)
    --- PASS: FuzzDifficulty/ee4df18ee6420c2515ce3fa75b486ff6903141c5 (0.00s)
    --- PASS: FuzzDifficulty/ef74f250714daf1c4cc68f102564455271140afe (0.00s)
    --- PASS: FuzzDifficulty/f02ebbb85827d20eef2f522d69696f6b4fb8f806 (0.00s)
    --- PASS: FuzzDifficulty/f0b7370a5933d3c089d3ff1ec252b331ea311555 (0.00s)
    --- PASS: FuzzDifficulty/f154ab295e935e6ad058631cedcd1a89ecb4e9bb (0.00s)
    --- PASS: FuzzDifficulty/f23ce6db163e8291e9a0490bd72b2c638a747be7 (0.00s)
    --- PASS: FuzzDifficulty/f276a738453eb8299c9926038af5ad33efaa5756 (0.00s)
    --- PASS: FuzzDifficulty/f3618f96c7f101bf39e6ae619dc26196963961af (0.00s)
    --- PASS: FuzzDifficulty/f3f52725ae0b6c352540c2a784fc0bb5678c9cff (0.00s)
    --- PASS: FuzzDifficulty/f4560a958158885bedd2247e5e7b1f3faa17a762 (0.00s)
    --- PASS: FuzzDifficulty/f6f88747c4d63db08506edd15a268aafa22f0bc3 (0.00s)
    --- PASS: FuzzDifficulty/f719db8c643c57658fab6ba71c3e8d2253fb46ad (0.00s)
    --- PASS: FuzzDifficulty/f9ba891768e2bb28ee9fbc54829fef1579a60830 (0.00s)
    --- PASS: FuzzDifficulty/fa3e1dff9229457fbccd7137c9d748891675b8f4 (0.00s)
    --- PASS: FuzzDifficulty/fa9546b3ac70c56e8581b304efe464281b81f25b (0.00s)
    --- PASS: FuzzDifficulty/fbe4219076900985f37fcb5ef27ef5364408f15e (0.00s)
    --- PASS: FuzzDifficulty/fc1b8bd542b97084b46fb18d485f3fd59d072fec (0.00s)
    --- PASS: FuzzDifficulty/fc28e9e7af16e13f3f400e7fd801985e980542d0 (0.00s)
    --- PASS: FuzzDifficulty/fcacec7eaeef6e73bc8eb38ee745f789ab57316a (0.00s)
    --- PASS: FuzzDifficulty/fce91c9b51e3cfc252bdf9bd01e94493a8a8fa90 (0.00s)
    --- PASS: FuzzDifficulty/fe654f6624e2849d7d152c4d54213b8df4890b20 (0.00s)
    --- PASS: FuzzDifficulty/fec6864aa0cdc6845c49a75813409464cb469296 (0.00s)
    --- PASS: FuzzDifficulty/fede8cebec8a6c4687630e21642965c11214681f (0.00s)
    --- PASS: FuzzDifficulty/fefc96fe3c92677dccd2cee5ca4823080787e378 (0.00s)
    --- PASS: FuzzDifficulty/ff134f1134e8af16d63873a7e9adf00f9b451858 (0.00s)
    --- PASS: FuzzDifficulty/ff9e339217f1bccd8bdccac6da530b9c07993ccc (0.00s)
PASS
coverage: 95.7% of statements
ok  	github.com/morph-l2/go-ethereum/tests/fuzzers/difficulty	0.056s	coverage: 95.7% of statements
	github.com/morph-l2/go-ethereum/tests/fuzzers/difficulty/debug		coverage: 0.0% of statements
