=== RUN   FuzzKeystore
=== RUN   FuzzKeystore/00c3e5ac2618089c14fa4eb556b8ed623769423e
=== RUN   FuzzKeystore/0303e84fc6ca8ee16c62cc7d7117172079af61a9
=== RUN   FuzzKeystore/0490302a3a5f995d8f99bfe912b9c6a8a30391f0
=== RUN   FuzzKeystore/04c996d0e59b8ff96fac2af8ca99dd43fdf3ad26
=== RUN   FuzzKeystore/084b00146b90de6cb29663b75aefb95e10af2234
=== RUN   FuzzKeystore/09bfb6ea35430f1faed780f2a4b975a97cb5e751
=== RUN   FuzzKeystore/0b13160a8864ff1f0c805c78049087377f09c83e
=== RUN   FuzzKeystore/0bcff3d7dbfbf1ef305e1dd19287f09ae875ce28
=== RUN   FuzzKeystore/0ca9cc2d8c968c652b2ce9bee327b59e17096ffd
=== RUN   FuzzKeystore/0d81fbf63a0f5e8f65d681ebda9d903eae74f49e
=== RUN   FuzzKeystore/0dea1a8a73d259b70c997fea7513f16ba382edde
=== RUN   FuzzKeystore/0e24e77a3684bf0c960d64e48e50c011bb12278e
=== RUN   FuzzKeystore/0f59ec9d3b785d67e155bcba5b528b13a908564f
=== RUN   FuzzKeystore/11f06e33aac3ccdd4ad2172d31c9e1a65644d426
=== RUN   FuzzKeystore/1449be357c5e3aae44a9f3389c3fbc401530bba9
=== RUN   FuzzKeystore/15f3a51e7bf1daab7150f9a3f5b5bad0ec0a656e
=== RUN   FuzzKeystore/19da93cd7ba1241dc6f56006b8aa3939e1cf11e0
=== RUN   FuzzKeystore/1ba3da0b095b18f9343505a7d127837a6c521c9f
=== RUN   FuzzKeystore/2059b4594a618319170d6351d4ff1ae619cd53c9
=== RUN   FuzzKeystore/21dd2a811e17ef179508ae38be148ecc9ca0fa7b
=== RUN   FuzzKeystore/2232e9ca40ce54bc00cd3b62d8c9ba9273a9eaad
=== RUN   FuzzKeystore/24dd8456b4d25c434b99a1b2f18d45e95d5c4abc
=== RUN   FuzzKeystore/263e6b6af7903e0193beff4de42ddedb97a7a49b
=== RUN   FuzzKeystore/2799de7ac14ea5b0eab24dc1f376825a80ed9754
=== RUN   FuzzKeystore/27c1e784681d21c7ca90c32cdef5112f64dabe38
=== RUN   FuzzKeystore/29c73669f7fc7506febc450ad92525743bb3ccac
=== RUN   FuzzKeystore/2c767160d884ae19073be3cedfe5d4f0b2044802
=== RUN   FuzzKeystore/306ed81a204d21dde17b051b1d2c43d8b625342d
=== RUN   FuzzKeystore/30b5e979a0533cd855a1705f4a81f5c001b4101a
=== RUN   FuzzKeystore/311c10f56f9a100d37d7772ca3caa44d1c913a71
=== RUN   FuzzKeystore/314da1e5ac07cd0446aa4cf9ae3482f0c357d074
=== RUN   FuzzKeystore/32e18cbbe3917010393cbd38e49d23822cfb0973
=== RUN   FuzzKeystore/3563dd1ec295a230f36f556ef044a9cc71bd9585
=== RUN   FuzzKeystore/384ed76702297c790bf93eb2ec720dcf5d4be681
=== RUN   FuzzKeystore/396115378f29354dacb459e424c765be7ffff234
=== RUN   FuzzKeystore/39704bb5963aef0f75aebcd7d91f943346b8b6dc
=== RUN   FuzzKeystore/399c005eb73549210bdbdd5ed11946197f9beae6
=== RUN   FuzzKeystore/39dfc6fdc2e7016de94facf1c0290c01f87755c7
=== RUN   FuzzKeystore/3f17eb42ef8298f21358b88b98544ee1266c79fd
=== RUN   FuzzKeystore/3fc108ea164a5e544876c908bf08474a5efdf086
=== RUN   FuzzKeystore/40c022d0fb32a2b26bb62f14bdee3ab4ff708d60
=== RUN   FuzzKeystore/40eb2f83ebec8723ea227a8f4c6678e3fe5274bd
=== RUN   FuzzKeystore/410fd3b17e245dc4cac074aa783ccb256e0965ee
=== RUN   FuzzKeystore/4294286fc9233ef29b382cd1c9bd0ef23596eae2
=== RUN   FuzzKeystore/4404c15ed15a35636bfdd9d1fc2d4d1d3819bb75
=== RUN   FuzzKeystore/44836506c7bbdca79d7088b0ba07b3620355cfc7
=== RUN   FuzzKeystore/4676ce2228aff3ade3a184d07c6aa7b5b24dd02c
=== RUN   FuzzKeystore/4726ed9d8d0cfe20ec9d2b15b129e342462a93a1
=== RUN   FuzzKeystore/47337a6639801387af0eb537a182625072730f1f
=== RUN   FuzzKeystore/49165f9c41ae3e7d03eee8aede1c14047f92866c
=== RUN   FuzzKeystore/4a6cea50648e140949b6b8736cdb7d9d5b0bfbf2
=== RUN   FuzzKeystore/4b47de5d92b213ab1e30854a54147291dfe9eb20
=== RUN   FuzzKeystore/5204d2809a358c14dda57b24884260475015537d
=== RUN   FuzzKeystore/52b9bcb80002c6a5e870db7676a026cd6db7bdfb
=== RUN   FuzzKeystore/53e7ae78a646f040c91ecc97af4acc4cda5c02a4
=== RUN   FuzzKeystore/58495b989d4c950ca20a2a085f4845910025d44d
=== RUN   FuzzKeystore/5d8a9ddc1555663aa660e58f7aba368ef2c341ae
=== RUN   FuzzKeystore/5d9731c16d47ad0f71783f9c4725f8f66a0bb992
=== RUN   FuzzKeystore/5e5ef3100f0c5c8f6a2d95564fc96ae6277aba50
=== RUN   FuzzKeystore/5f06af8f01f529ac966fc1b6f58ec8e8a592f2af
=== RUN   FuzzKeystore/6269f5d3b5ccaf905c9830e2ceaf72f2f4102c31
=== RUN   FuzzKeystore/63bf088eccb2728146ee6f35ef6c2b152d230605
=== RUN   FuzzKeystore/662f68fc2b4367f03b0dc9f4394b0916e458cdf9
=== RUN   FuzzKeystore/6815cc4dec053fa5144c93e3a01db996799f9d5b
=== RUN   FuzzKeystore/686e5877c12b411b940f54618eb202784ec0afda
=== RUN   FuzzKeystore/68b4a560fe9250af154ab7ecdabda791da597b10
=== RUN   FuzzKeystore/6a1024db094452b4f89960db20794677b00afda1
=== RUN   FuzzKeystore/6a335f7a949021703b59b0a396721a5e28827a3c
=== RUN   FuzzKeystore/6aa1537d58d2617baf4b7104413f72c7f365339f
=== RUN   FuzzKeystore/6b70f339777cba7a7f85a2f0aab139c1a36cbd8f
=== RUN   FuzzKeystore/6bb3332a107261dddac0d9c120f410271d3692bd
=== RUN   FuzzKeystore/6d45156d4a55e00d1575a7a32efae403f1bd808d
=== RUN   FuzzKeystore/6eb062a4b33784d5a3e0cb4f85ccd4942227e010
=== RUN   FuzzKeystore/6f1693d86e0e59327260e6f79920e72161dad4b2
=== RUN   FuzzKeystore/6f19779b94058e1811814612503d0e11430ec78b
=== RUN   FuzzKeystore/6fb3a3dd64d4d643e3e8218d1c2e75103b28c796
=== RUN   FuzzKeystore/704b20e3469f246c3330eb000af4a6407fedd194
=== RUN   FuzzKeystore/7377da44bd9711ba00123fd59022958147f2729a
=== RUN   FuzzKeystore/746eca032e7f14549912ca4c1ff0639dbf603d8c
=== RUN   FuzzKeystore/7b2883d522c659bc8c4cb33eb9c1c3b6e711c525
=== RUN   FuzzKeystore/7b55543b5a8b898cef973a8c5d7eec58ce5aa710
=== RUN   FuzzKeystore/7c9022dede2dc11c61474858a0e1649d621cf107
=== RUN   FuzzKeystore/7d5ae880e5dfc7e0f6ec4b57b63f508e26641db2
=== RUN   FuzzKeystore/7f651cb7588fd46ddaf17ab9ce73d4537aa53682
=== RUN   FuzzKeystore/7fe04b8d94ddcdfa32b25c0b36fdd579d8bb086a
=== RUN   FuzzKeystore/8324d2dff4ddd25f9f48e7b785b6014b731ceb12
=== RUN   FuzzKeystore/83d8c2b69e28cdc164f77f02331106e8c12d6489
=== RUN   FuzzKeystore/84d5f9404aac47d010a5a6a29d9eddb9584f7f33
=== RUN   FuzzKeystore/85f2a4eba4f2059172d1a83d6d2ea10bf92ce8b0
=== RUN   FuzzKeystore/8631e92c8cc97728ea0e20e4a0579e0e4e43aac2
=== RUN   FuzzKeystore/87a42590199a8bbb30552b552bac34dde9ec0098
=== RUN   FuzzKeystore/8899439dd7ff37e8e84bd28a6d1d857eee6901de
=== RUN   FuzzKeystore/8982be62add25aa179158987af9ae01e4f52c899
=== RUN   FuzzKeystore/8b29cac862c43146b3356fde474d10bd07b922f8
=== RUN   FuzzKeystore/8b29eed92dcad82851ef07b0594fb28d677623ba
=== RUN   FuzzKeystore/8b51d6547fd415e9c17a1ce7da708cba55b84ce1
=== RUN   FuzzKeystore/8e41f257e6edc851bb6f11836826b98efdf00be8
=== RUN   FuzzKeystore/8e8c02f4a0c923df4128a113e1d0de49552851b1
=== RUN   FuzzKeystore/9075bec496ff493d57cf6c95fd70160c387eee34
=== RUN   FuzzKeystore/917a246415b4e5758a061b75e02d45e67306a8ac
=== RUN   FuzzKeystore/9375e9cff794a91d7a1a2f9f16a7211187f6b668
=== RUN   FuzzKeystore/94b7a8219042f659679f3ffbf375cbb813a1cdb3
=== RUN   FuzzKeystore/972232c1c78e7aa38964d0b7e300bab7eb027bf3
=== RUN   FuzzKeystore/978e9f0d0ff4d1c5a33c57d52cdece941b61c322
=== RUN   FuzzKeystore/97d980bc0516e4d957eeb064a6b51f1fc15b4dbb
=== RUN   FuzzKeystore/994ec4fff9c3123f1a03316c1ba0f572c77f60ca
=== RUN   FuzzKeystore/99ae9a738981136ec0c964d9ed57d7b8f3773540
=== RUN   FuzzKeystore/9b14a66ef44c2fdbc1b1f7ab9c31a441e066cd9b
=== RUN   FuzzKeystore/9b6458d5a699b35025c83aa03f6b6367ef88e122
=== RUN   FuzzKeystore/9bea50e7717adbc6177ef67e118f447e1b5f42a4
=== RUN   FuzzKeystore/9c8483f3d754bbe78bb905516972c8b02e8d7a50
=== RUN   FuzzKeystore/9ddc2a585d0cb5fa8ac50d5d759c752bca51e22b
=== RUN   FuzzKeystore/a10380acb87f06fc520cf26832518ca784446348
=== RUN   FuzzKeystore/a172e7f22204bf0642cf1b5c21aa6fc16cd95a71
=== RUN   FuzzKeystore/a241047d18771b039b12b11763a4c5233f8fb25a
=== RUN   FuzzKeystore/a28189ed316c26371907ed600ecd45fe5228b6a7
=== RUN   FuzzKeystore/a34847b5de7788a396717d7e3676fed359bae29b
=== RUN   FuzzKeystore/a448ad2870843e0a66f3ec5d550fff0b9f92725d
=== RUN   FuzzKeystore/a4aa2ab49d56913685c1dd973105732940c6d95a
=== RUN   FuzzKeystore/a5572d21ae17500b41d71215dcd16d7e25b103d9
=== RUN   FuzzKeystore/a5d62ae4c137f6411e3fba74d672049c9be4a805
=== RUN   FuzzKeystore/a642cd895fd2aadb1a46c62aa3a6cd7a04ce9acf
=== RUN   FuzzKeystore/a72b0c6723c6d7bd0a41cb2f0f2f2ed6a928d921
=== RUN   FuzzKeystore/a8f9f108ed8447a1e971250bbe47ec9f010f9f41
=== RUN   FuzzKeystore/ab5c1b5b97b4875862c81f6a2dfb2592ae87b408
=== RUN   FuzzKeystore/aba93d55af69c9d6c1891d0958c990c53b897e81
=== RUN   FuzzKeystore/ac0eb8bbab6b6b73f3d173131ce990fdbc44ab54
=== RUN   FuzzKeystore/adc83b19e793491b1c6ea0fd8b46cd9f32e592fc
=== RUN   FuzzKeystore/adfae5ac162b9d4352f4daac30502dbe67617758
=== RUN   FuzzKeystore/b07a99229a9796e4af83a1d4fa9faff0d97abdd7
=== RUN   FuzzKeystore/b0e29d7e4d24982c552a8057dfeaca18bb0aab91
=== RUN   FuzzKeystore/b1823d9eb2782fbe59156af617d6b5534670fe51
=== RUN   FuzzKeystore/b297394dc7d2225a3f73bd285b1325e6b47a55b4
=== RUN   FuzzKeystore/b5c68e16ce0205a4a9f825d107eb022837e9d58a
=== RUN   FuzzKeystore/b68e71108318634957324275ef090823c7a46efd
=== RUN   FuzzKeystore/bad31b9967d128fdacda452d0d0bfd505b3c402d
=== RUN   FuzzKeystore/bb969da6c5eac0d9241e46a66fd201df558e567c
=== RUN   FuzzKeystore/bd026a7c610c20433cb6df7af3410bf3900366bc
=== RUN   FuzzKeystore/be5cd09e51c0579be1e09cdaeeea8bdae3a45282
=== RUN   FuzzKeystore/be5f4b2c250b12eba55a7681c4a6743f8ada8d2c
=== RUN   FuzzKeystore/bed6cb221e21d13ed606e6b0ec93ae56913821df
=== RUN   FuzzKeystore/c040cbe44fe81bb4e7d1550692020ebdbc072028
=== RUN   FuzzKeystore/c0a5ea6000c5aa965b9b08d4e1d40ec48b8ffac1
=== RUN   FuzzKeystore/c0bd9484d78b0a727d25745edf27b006a3c44d87
=== RUN   FuzzKeystore/c254fd2ad010923c7c060d1a9be7ee79598f8772
=== RUN   FuzzKeystore/c2d933bd2ba0011fe93647040a96d762d64ebbe6
=== RUN   FuzzKeystore/c457896fcfdcf2629e93dcbbf52ba68514a0ac95
=== RUN   FuzzKeystore/c651bee55c707cbd4e38a47979188235a742adfa
=== RUN   FuzzKeystore/ca0a013a075600eac45bc55252888a9cb4a1f799
=== RUN   FuzzKeystore/cbd92e8d4d9a4cef8e34954d8e27e4663751e676
=== RUN   FuzzKeystore/cc549a3cca550d330f4eb06abc4a06943c04f6c6
=== RUN   FuzzKeystore/cde79b8b5fd7680252d3e43440202d0868a30386
=== RUN   FuzzKeystore/d11ba3ff20d7771f6fea0bb3df79e1d7587bad1f
=== RUN   FuzzKeystore/d14c91798c0165ed50138e32961c2ca5fd71b875
=== RUN   FuzzKeystore/d3185897ebf877be2da5e532f4d19a11ef6f9116
=== RUN   FuzzKeystore/d4ee3d563b27f8cf57a33f456b40d0bc36301227
=== RUN   FuzzKeystore/d5564a645a695124ff4cea2f82d347b6f4fce082
=== RUN   FuzzKeystore/d570e1398e18df01e4c1c52b2565ab0714c090b2
=== RUN   FuzzKeystore/d5d12297ba87e6d62bcd990a7f05bea8fb99a4c2
=== RUN   FuzzKeystore/d7a747443e126d81319f7d609088227dbbb2ccf3
=== RUN   FuzzKeystore/db3cd74e9892ea6aa5be261316daddd9958cf21c
=== RUN   FuzzKeystore/dc7e22be99c1b7bfece4df675ae5077e27dd1908
=== RUN   FuzzKeystore/df5883e9a21693d8e3f5f506ec15cb65d8eb5ea1
=== RUN   FuzzKeystore/df6de6c67398d1e5fbba3c90ce22200742c5b31a
=== RUN   FuzzKeystore/e0418e98ee2055292ca395343a5aae0c6415a282
=== RUN   FuzzKeystore/e062c52438ac97e0561abc453ccba9b409517f1f
=== RUN   FuzzKeystore/e0a87b8c551be250001bdbbc66a933bfdf839ca5
=== RUN   FuzzKeystore/e0ec5314a5e23944030dae533ec526bc58d70ee0
=== RUN   FuzzKeystore/e0f51daf0a123ddc3b1961d20e1e85307b7d17fc
=== RUN   FuzzKeystore/e258a52c67b3a8461f059f96be9a342f4135917e
=== RUN   FuzzKeystore/e32de05982289c0aa005104a8f9e54aa262fde38
=== RUN   FuzzKeystore/e4472aec3a802711327075ec03bc3fcce74ea0de
=== RUN   FuzzKeystore/e4cc8b1b559a99cdd9e8f23aef8690fcf46b3de9
=== RUN   FuzzKeystore/e5180211314c9590e66b5d84be62cf7543d65ba0
=== RUN   FuzzKeystore/e60f3ae02a6cf53353fc1ddbc9eb9756f423bcb4
=== RUN   FuzzKeystore/e7048118728eaf38fbd8b85829aa2b01939c1e36
=== RUN   FuzzKeystore/e73b1b76891d7fee7cebdff0f56451cf2b8551a3
=== RUN   FuzzKeystore/e927374042ca22d620431fec2f4fc3c223d3a370
=== RUN   FuzzKeystore/e9487e054a3fc8100c123ba5570257e5cfec9b14
=== RUN   FuzzKeystore/e9f7c4bb0fe92f8bf1888235bc3732568b9d254d
=== RUN   FuzzKeystore/eca0067c124a54e0a3e731a2e4caf6c6445e6893
=== RUN   FuzzKeystore/edb9eaeda15d44a5af32059f6f744d985c740217
=== RUN   FuzzKeystore/eeb39b2e4cae4644affa6807a34b9be9fe142d65
=== RUN   FuzzKeystore/f0c96cb16c0eb755d90a1323ef8aea67b420dcc1
=== RUN   FuzzKeystore/f6a2be06446b181e32a8c197255510a6ec9304b4
=== RUN   FuzzKeystore/f71f468b235ea01dff5456c70023afbc55923482
=== RUN   FuzzKeystore/f7913b24f98dba726936380d10928a2b70dfd380
=== RUN   FuzzKeystore/f9102280bc5f7340832e5dc5db324f4aa6a3f82d
=== RUN   FuzzKeystore/f9319ba20b4ee001c8a38fee7d05bc38206be7e2
=== RUN   FuzzKeystore/fb1eabb965c129b232a426b080b9487c00480f15
=== RUN   FuzzKeystore/fcff3be7bb21289749d893891dd2ab8bd363ec8a
--- PASS: FuzzKeystore (30.41s)
    --- PASS: FuzzKeystore/00c3e5ac2618089c14fa4eb556b8ed623769423e (0.16s)
    --- PASS: FuzzKeystore/0303e84fc6ca8ee16c62cc7d7117172079af61a9 (0.16s)
    --- PASS: FuzzKeystore/0490302a3a5f995d8f99bfe912b9c6a8a30391f0 (0.16s)
    --- PASS: FuzzKeystore/04c996d0e59b8ff96fac2af8ca99dd43fdf3ad26 (0.16s)
    --- PASS: FuzzKeystore/084b00146b90de6cb29663b75aefb95e10af2234 (0.16s)
    --- PASS: FuzzKeystore/09bfb6ea35430f1faed780f2a4b975a97cb5e751 (0.16s)
    --- PASS: FuzzKeystore/0b13160a8864ff1f0c805c78049087377f09c83e (0.16s)
    --- PASS: FuzzKeystore/0bcff3d7dbfbf1ef305e1dd19287f09ae875ce28 (0.17s)
    --- PASS: FuzzKeystore/0ca9cc2d8c968c652b2ce9bee327b59e17096ffd (0.18s)
    --- PASS: FuzzKeystore/0d81fbf63a0f5e8f65d681ebda9d903eae74f49e (0.16s)
    --- PASS: FuzzKeystore/0dea1a8a73d259b70c997fea7513f16ba382edde (0.17s)
    --- PASS: FuzzKeystore/0e24e77a3684bf0c960d64e48e50c011bb12278e (0.16s)
    --- PASS: FuzzKeystore/0f59ec9d3b785d67e155bcba5b528b13a908564f (0.16s)
    --- PASS: FuzzKeystore/11f06e33aac3ccdd4ad2172d31c9e1a65644d426 (0.16s)
    --- PASS: FuzzKeystore/1449be357c5e3aae44a9f3389c3fbc401530bba9 (0.16s)
    --- PASS: FuzzKeystore/15f3a51e7bf1daab7150f9a3f5b5bad0ec0a656e (0.17s)
    --- PASS: FuzzKeystore/19da93cd7ba1241dc6f56006b8aa3939e1cf11e0 (0.17s)
    --- PASS: FuzzKeystore/1ba3da0b095b18f9343505a7d127837a6c521c9f (0.16s)
    --- PASS: FuzzKeystore/2059b4594a618319170d6351d4ff1ae619cd53c9 (0.16s)
    --- PASS: FuzzKeystore/21dd2a811e17ef179508ae38be148ecc9ca0fa7b (0.16s)
    --- PASS: FuzzKeystore/2232e9ca40ce54bc00cd3b62d8c9ba9273a9eaad (0.16s)
    --- PASS: FuzzKeystore/24dd8456b4d25c434b99a1b2f18d45e95d5c4abc (0.16s)
    --- PASS: FuzzKeystore/263e6b6af7903e0193beff4de42ddedb97a7a49b (0.16s)
    --- PASS: FuzzKeystore/2799de7ac14ea5b0eab24dc1f376825a80ed9754 (0.16s)
    --- PASS: FuzzKeystore/27c1e784681d21c7ca90c32cdef5112f64dabe38 (0.16s)
    --- PASS: FuzzKeystore/29c73669f7fc7506febc450ad92525743bb3ccac (0.16s)
    --- PASS: FuzzKeystore/2c767160d884ae19073be3cedfe5d4f0b2044802 (0.16s)
    --- PASS: FuzzKeystore/306ed81a204d21dde17b051b1d2c43d8b625342d (0.16s)
    --- PASS: FuzzKeystore/30b5e979a0533cd855a1705f4a81f5c001b4101a (0.16s)
    --- PASS: FuzzKeystore/311c10f56f9a100d37d7772ca3caa44d1c913a71 (0.16s)
    --- PASS: FuzzKeystore/314da1e5ac07cd0446aa4cf9ae3482f0c357d074 (0.16s)
    --- PASS: FuzzKeystore/32e18cbbe3917010393cbd38e49d23822cfb0973 (0.16s)
    --- PASS: FuzzKeystore/3563dd1ec295a230f36f556ef044a9cc71bd9585 (0.16s)
    --- PASS: FuzzKeystore/384ed76702297c790bf93eb2ec720dcf5d4be681 (0.16s)
    --- PASS: FuzzKeystore/396115378f29354dacb459e424c765be7ffff234 (0.16s)
    --- PASS: FuzzKeystore/39704bb5963aef0f75aebcd7d91f943346b8b6dc (0.16s)
    --- PASS: FuzzKeystore/399c005eb73549210bdbdd5ed11946197f9beae6 (0.16s)
    --- PASS: FuzzKeystore/39dfc6fdc2e7016de94facf1c0290c01f87755c7 (0.16s)
    --- PASS: FuzzKeystore/3f17eb42ef8298f21358b88b98544ee1266c79fd (0.16s)
    --- PASS: FuzzKeystore/3fc108ea164a5e544876c908bf08474a5efdf086 (0.18s)
    --- PASS: FuzzKeystore/40c022d0fb32a2b26bb62f14bdee3ab4ff708d60 (0.16s)
    --- PASS: FuzzKeystore/40eb2f83ebec8723ea227a8f4c6678e3fe5274bd (0.17s)
    --- PASS: FuzzKeystore/410fd3b17e245dc4cac074aa783ccb256e0965ee (0.16s)
    --- PASS: FuzzKeystore/4294286fc9233ef29b382cd1c9bd0ef23596eae2 (0.16s)
    --- PASS: FuzzKeystore/4404c15ed15a35636bfdd9d1fc2d4d1d3819bb75 (0.16s)
    --- PASS: FuzzKeystore/44836506c7bbdca79d7088b0ba07b3620355cfc7 (0.16s)
    --- PASS: FuzzKeystore/4676ce2228aff3ade3a184d07c6aa7b5b24dd02c (0.16s)
    --- PASS: FuzzKeystore/4726ed9d8d0cfe20ec9d2b15b129e342462a93a1 (0.16s)
    --- PASS: FuzzKeystore/47337a6639801387af0eb537a182625072730f1f (0.16s)
    --- PASS: FuzzKeystore/49165f9c41ae3e7d03eee8aede1c14047f92866c (0.16s)
    --- PASS: FuzzKeystore/4a6cea50648e140949b6b8736cdb7d9d5b0bfbf2 (0.16s)
    --- PASS: FuzzKeystore/4b47de5d92b213ab1e30854a54147291dfe9eb20 (0.16s)
    --- PASS: FuzzKeystore/5204d2809a358c14dda57b24884260475015537d (0.16s)
    --- PASS: FuzzKeystore/52b9bcb80002c6a5e870db7676a026cd6db7bdfb (0.16s)
    --- PASS: FuzzKeystore/53e7ae78a646f040c91ecc97af4acc4cda5c02a4 (0.16s)
    --- PASS: FuzzKeystore/58495b989d4c950ca20a2a085f4845910025d44d (0.16s)
    --- PASS: FuzzKeystore/5d8a9ddc1555663aa660e58f7aba368ef2c341ae (0.16s)
    --- PASS: FuzzKeystore/5d9731c16d47ad0f71783f9c4725f8f66a0bb992 (0.16s)
    --- PASS: FuzzKeystore/5e5ef3100f0c5c8f6a2d95564fc96ae6277aba50 (0.16s)
    --- PASS: FuzzKeystore/5f06af8f01f529ac966fc1b6f58ec8e8a592f2af (0.16s)
    --- PASS: FuzzKeystore/6269f5d3b5ccaf905c9830e2ceaf72f2f4102c31 (0.16s)
    --- PASS: FuzzKeystore/63bf088eccb2728146ee6f35ef6c2b152d230605 (0.16s)
    --- PASS: FuzzKeystore/662f68fc2b4367f03b0dc9f4394b0916e458cdf9 (0.16s)
    --- PASS: FuzzKeystore/6815cc4dec053fa5144c93e3a01db996799f9d5b (0.16s)
    --- PASS: FuzzKeystore/686e5877c12b411b940f54618eb202784ec0afda (0.17s)
    --- PASS: FuzzKeystore/68b4a560fe9250af154ab7ecdabda791da597b10 (0.17s)
    --- PASS: FuzzKeystore/6a1024db094452b4f89960db20794677b00afda1 (0.16s)
    --- PASS: FuzzKeystore/6a335f7a949021703b59b0a396721a5e28827a3c (0.16s)
    --- PASS: FuzzKeystore/6aa1537d58d2617baf4b7104413f72c7f365339f (0.16s)
    --- PASS: FuzzKeystore/6b70f339777cba7a7f85a2f0aab139c1a36cbd8f (0.16s)
    --- PASS: FuzzKeystore/6bb3332a107261dddac0d9c120f410271d3692bd (0.16s)
    --- PASS: FuzzKeystore/6d45156d4a55e00d1575a7a32efae403f1bd808d (0.16s)
    --- PASS: FuzzKeystore/6eb062a4b33784d5a3e0cb4f85ccd4942227e010 (0.16s)
    --- PASS: FuzzKeystore/6f1693d86e0e59327260e6f79920e72161dad4b2 (0.16s)
    --- PASS: FuzzKeystore/6f19779b94058e1811814612503d0e11430ec78b (0.16s)
    --- PASS: FuzzKeystore/6fb3a3dd64d4d643e3e8218d1c2e75103b28c796 (0.16s)
    --- PASS: FuzzKeystore/704b20e3469f246c3330eb000af4a6407fedd194 (0.16s)
    --- PASS: FuzzKeystore/7377da44bd9711ba00123fd59022958147f2729a (0.16s)
    --- PASS: FuzzKeystore/746eca032e7f14549912ca4c1ff0639dbf603d8c (0.16s)
    --- PASS: FuzzKeystore/7b2883d522c659bc8c4cb33eb9c1c3b6e711c525 (0.16s)
    --- PASS: FuzzKeystore/7b55543b5a8b898cef973a8c5d7eec58ce5aa710 (0.16s)
    --- PASS: FuzzKeystore/7c9022dede2dc11c61474858a0e1649d621cf107 (0.16s)
    --- PASS: FuzzKeystore/7d5ae880e5dfc7e0f6ec4b57b63f508e26641db2 (0.16s)
    --- PASS: FuzzKeystore/7f651cb7588fd46ddaf17ab9ce73d4537aa53682 (0.16s)
    --- PASS: FuzzKeystore/7fe04b8d94ddcdfa32b25c0b36fdd579d8bb086a (0.16s)
    --- PASS: FuzzKeystore/8324d2dff4ddd25f9f48e7b785b6014b731ceb12 (0.16s)
    --- PASS: FuzzKeystore/83d8c2b69e28cdc164f77f02331106e8c12d6489 (0.16s)
    --- PASS: FuzzKeystore/84d5f9404aac47d010a5a6a29d9eddb9584f7f33 (0.16s)
    --- PASS: FuzzKeystore/85f2a4eba4f2059172d1a83d6d2ea10bf92ce8b0 (0.16s)
    --- PASS: FuzzKeystore/8631e92c8cc97728ea0e20e4a0579e0e4e43aac2 (0.16s)
    --- PASS: FuzzKeystore/87a42590199a8bbb30552b552bac34dde9ec0098 (0.16s)
    --- PASS: FuzzKeystore/8899439dd7ff37e8e84bd28a6d1d857eee6901de (0.16s)
    --- PASS: FuzzKeystore/8982be62add25aa179158987af9ae01e4f52c899 (0.16s)
    --- PASS: FuzzKeystore/8b29cac862c43146b3356fde474d10bd07b922f8 (0.16s)
    --- PASS: FuzzKeystore/8b29eed92dcad82851ef07b0594fb28d677623ba (0.16s)
    --- PASS: FuzzKeystore/8b51d6547fd415e9c17a1ce7da708cba55b84ce1 (0.16s)
    --- PASS: FuzzKeystore/8e41f257e6edc851bb6f11836826b98efdf00be8 (0.16s)
    --- PASS: FuzzKeystore/8e8c02f4a0c923df4128a113e1d0de49552851b1 (0.16s)
    --- PASS: FuzzKeystore/9075bec496ff493d57cf6c95fd70160c387eee34 (0.16s)
    --- PASS: FuzzKeystore/917a246415b4e5758a061b75e02d45e67306a8ac (0.16s)
    --- PASS: FuzzKeystore/9375e9cff794a91d7a1a2f9f16a7211187f6b668 (0.16s)
    --- PASS: FuzzKeystore/94b7a8219042f659679f3ffbf375cbb813a1cdb3 (0.16s)
    --- PASS: FuzzKeystore/972232c1c78e7aa38964d0b7e300bab7eb027bf3 (0.16s)
    --- PASS: FuzzKeystore/978e9f0d0ff4d1c5a33c57d52cdece941b61c322 (0.16s)
    --- PASS: FuzzKeystore/97d980bc0516e4d957eeb064a6b51f1fc15b4dbb (0.16s)
    --- PASS: FuzzKeystore/994ec4fff9c3123f1a03316c1ba0f572c77f60ca (0.16s)
    --- PASS: FuzzKeystore/99ae9a738981136ec0c964d9ed57d7b8f3773540 (0.16s)
    --- PASS: FuzzKeystore/9b14a66ef44c2fdbc1b1f7ab9c31a441e066cd9b (0.16s)
    --- PASS: FuzzKeystore/9b6458d5a699b35025c83aa03f6b6367ef88e122 (0.16s)
    --- PASS: FuzzKeystore/9bea50e7717adbc6177ef67e118f447e1b5f42a4 (0.16s)
    --- PASS: FuzzKeystore/9c8483f3d754bbe78bb905516972c8b02e8d7a50 (0.16s)
    --- PASS: FuzzKeystore/9ddc2a585d0cb5fa8ac50d5d759c752bca51e22b (0.16s)
    --- PASS: FuzzKeystore/a10380acb87f06fc520cf26832518ca784446348 (0.16s)
    --- PASS: FuzzKeystore/a172e7f22204bf0642cf1b5c21aa6fc16cd95a71 (0.16s)
    --- PASS: FuzzKeystore/a241047d18771b039b12b11763a4c5233f8fb25a (0.16s)
    --- PASS: FuzzKeystore/a28189ed316c26371907ed600ecd45fe5228b6a7 (0.16s)
    --- PASS: FuzzKeystore/a34847b5de7788a396717d7e3676fed359bae29b (0.16s)
    --- PASS: FuzzKeystore/a448ad2870843e0a66f3ec5d550fff0b9f92725d (0.16s)
    --- PASS: FuzzKeystore/a4aa2ab49d56913685c1dd973105732940c6d95a (0.16s)
    --- PASS: FuzzKeystore/a5572d21ae17500b41d71215dcd16d7e25b103d9 (0.16s)
    --- PASS: FuzzKeystore/a5d62ae4c137f6411e3fba74d672049c9be4a805 (0.16s)
    --- PASS: FuzzKeystore/a642cd895fd2aadb1a46c62aa3a6cd7a04ce9acf (0.16s)
    --- PASS: FuzzKeystore/a72b0c6723c6d7bd0a41cb2f0f2f2ed6a928d921 (0.16s)
    --- PASS: FuzzKeystore/a8f9f108ed8447a1e971250bbe47ec9f010f9f41 (0.16s)
    --- PASS: FuzzKeystore/ab5c1b5b97b4875862c81f6a2dfb2592ae87b408 (0.16s)
    --- PASS: FuzzKeystore/aba93d55af69c9d6c1891d0958c990c53b897e81 (0.16s)
    --- PASS: FuzzKeystore/ac0eb8bbab6b6b73f3d173131ce990fdbc44ab54 (0.16s)
    --- PASS: FuzzKeystore/adc83b19e793491b1c6ea0fd8b46cd9f32e592fc (0.16s)
    --- PASS: FuzzKeystore/adfae5ac162b9d4352f4daac30502dbe67617758 (0.16s)
    --- PASS: FuzzKeystore/b07a99229a9796e4af83a1d4fa9faff0d97abdd7 (0.16s)
    --- PASS: FuzzKeystore/b0e29d7e4d24982c552a8057dfeaca18bb0aab91 (0.16s)
    --- PASS: FuzzKeystore/b1823d9eb2782fbe59156af617d6b5534670fe51 (0.16s)
    --- PASS: FuzzKeystore/b297394dc7d2225a3f73bd285b1325e6b47a55b4 (0.16s)
    --- PASS: FuzzKeystore/b5c68e16ce0205a4a9f825d107eb022837e9d58a (0.16s)
    --- PASS: FuzzKeystore/b68e71108318634957324275ef090823c7a46efd (0.16s)
    --- PASS: FuzzKeystore/bad31b9967d128fdacda452d0d0bfd505b3c402d (0.16s)
    --- PASS: FuzzKeystore/bb969da6c5eac0d9241e46a66fd201df558e567c (0.16s)
    --- PASS: FuzzKeystore/bd026a7c610c20433cb6df7af3410bf3900366bc (0.17s)
    --- PASS: FuzzKeystore/be5cd09e51c0579be1e09cdaeeea8bdae3a45282 (0.16s)
    --- PASS: FuzzKeystore/be5f4b2c250b12eba55a7681c4a6743f8ada8d2c (0.16s)
    --- PASS: FuzzKeystore/bed6cb221e21d13ed606e6b0ec93ae56913821df (0.16s)
    --- PASS: FuzzKeystore/c040cbe44fe81bb4e7d1550692020ebdbc072028 (0.16s)
    --- PASS: FuzzKeystore/c0a5ea6000c5aa965b9b08d4e1d40ec48b8ffac1 (0.16s)
    --- PASS: FuzzKeystore/c0bd9484d78b0a727d25745edf27b006a3c44d87 (0.16s)
    --- PASS: FuzzKeystore/c254fd2ad010923c7c060d1a9be7ee79598f8772 (0.16s)
    --- PASS: FuzzKeystore/c2d933bd2ba0011fe93647040a96d762d64ebbe6 (0.16s)
    --- PASS: FuzzKeystore/c457896fcfdcf2629e93dcbbf52ba68514a0ac95 (0.16s)
    --- PASS: FuzzKeystore/c651bee55c707cbd4e38a47979188235a742adfa (0.16s)
    --- PASS: FuzzKeystore/ca0a013a075600eac45bc55252888a9cb4a1f799 (0.16s)
    --- PASS: FuzzKeystore/cbd92e8d4d9a4cef8e34954d8e27e4663751e676 (0.16s)
    --- PASS: FuzzKeystore/cc549a3cca550d330f4eb06abc4a06943c04f6c6 (0.16s)
    --- PASS: FuzzKeystore/cde79b8b5fd7680252d3e43440202d0868a30386 (0.16s)
    --- PASS: FuzzKeystore/d11ba3ff20d7771f6fea0bb3df79e1d7587bad1f (0.16s)
    --- PASS: FuzzKeystore/d14c91798c0165ed50138e32961c2ca5fd71b875 (0.16s)
    --- PASS: FuzzKeystore/d3185897ebf877be2da5e532f4d19a11ef6f9116 (0.16s)
    --- PASS: FuzzKeystore/d4ee3d563b27f8cf57a33f456b40d0bc36301227 (0.16s)
    --- PASS: FuzzKeystore/d5564a645a695124ff4cea2f82d347b6f4fce082 (0.16s)
    --- PASS: FuzzKeystore/d570e1398e18df01e4c1c52b2565ab0714c090b2 (0.16s)
    --- PASS: FuzzKeystore/d5d12297ba87e6d62bcd990a7f05bea8fb99a4c2 (0.16s)
    --- PASS: FuzzKeystore/d7a747443e126d81319f7d609088227dbbb2ccf3 (0.16s)
    --- PASS: FuzzKeystore/db3cd74e9892ea6aa5be261316daddd9958cf21c (0.16s)
    --- PASS: FuzzKeystore/dc7e22be99c1b7bfece4df675ae5077e27dd1908 (0.16s)
    --- PASS: FuzzKeystore/df5883e9a21693d8e3f5f506ec15cb65d8eb5ea1 (0.16s)
    --- PASS: FuzzKeystore/df6de6c67398d1e5fbba3c90ce22200742c5b31a (0.16s)
    --- PASS: FuzzKeystore/e0418e98ee2055292ca395343a5aae0c6415a282 (0.16s)
    --- PASS: FuzzKeystore/e062c52438ac97e0561abc453ccba9b409517f1f (0.16s)
    --- PASS: FuzzKeystore/e0a87b8c551be250001bdbbc66a933bfdf839ca5 (0.16s)
    --- PASS: FuzzKeystore/e0ec5314a5e23944030dae533ec526bc58d70ee0 (0.16s)
    --- PASS: FuzzKeystore/e0f51daf0a123ddc3b1961d20e1e85307b7d17fc (0.16s)
    --- PASS: FuzzKeystore/e258a52c67b3a8461f059f96be9a342f4135917e (0.16s)
    --- PASS: FuzzKeystore/e32de05982289c0aa005104a8f9e54aa262fde38 (0.16s)
    --- PASS: FuzzKeystore/e4472aec3a802711327075ec03bc3fcce74ea0de (0.16s)
    --- PASS: FuzzKeystore/e4cc8b1b559a99cdd9e8f23aef8690fcf46b3de9 (0.16s)
    --- PASS: FuzzKeystore/e5180211314c9590e66b5d84be62cf7543d65ba0 (0.16s)
    --- PASS: FuzzKeystore/e60f3ae02a6cf53353fc1ddbc9eb9756f423bcb4 (0.16s)
    --- PASS: FuzzKeystore/e7048118728eaf38fbd8b85829aa2b01939c1e36 (0.16s)
    --- PASS: FuzzKeystore/e73b1b76891d7fee7cebdff0f56451cf2b8551a3 (0.16s)
    --- PASS: FuzzKeystore/e927374042ca22d620431fec2f4fc3c223d3a370 (0.16s)
    --- PASS: FuzzKeystore/e9487e054a3fc8100c123ba5570257e5cfec9b14 (0.16s)
    --- PASS: FuzzKeystore/e9f7c4bb0fe92f8bf1888235bc3732568b9d254d (0.16s)
    --- PASS: FuzzKeystore/eca0067c124a54e0a3e731a2e4caf6c6445e6893 (0.16s)
    --- PASS: FuzzKeystore/edb9eaeda15d44a5af32059f6f744d985c740217 (0.16s)
    --- PASS: FuzzKeystore/eeb39b2e4cae4644affa6807a34b9be9fe142d65 (0.16s)
    --- PASS: FuzzKeystore/f0c96cb16c0eb755d90a1323ef8aea67b420dcc1 (0.16s)
    --- PASS: FuzzKeystore/f6a2be06446b181e32a8c197255510a6ec9304b4 (0.16s)
    --- PASS: FuzzKeystore/f71f468b235ea01dff5456c70023afbc55923482 (0.16s)
    --- PASS: FuzzKeystore/f7913b24f98dba726936380d10928a2b70dfd380 (0.16s)
    --- PASS: FuzzKeystore/f9102280bc5f7340832e5dc5db324f4aa6a3f82d (0.16s)
    --- PASS: FuzzKeystore/f9319ba20b4ee001c8a38fee7d05bc38206be7e2 (0.16s)
    --- PASS: FuzzKeystore/fb1eabb965c129b232a426b080b9487c00480f15 (0.16s)
    --- PASS: FuzzKeystore/fcff3be7bb21289749d893891dd2ab8bd363ec8a (0.16s)
PASS
coverage: 75.0% of statements
ok  	github.com/morph-l2/go-ethereum/tests/fuzzers/keystore	30.424s	coverage: 75.0% of statements
