=== RUN   FuzzRangeproof
=== RUN   FuzzRangeproof/000779f1395e0207a86e11fc3704fa77cd3ffc36
=== RUN   FuzzRangeproof/01826fbd1b0656fa4e1f8c55938448c9f7f7545e
=== RUN   FuzzRangeproof/02ff66d67c8d3e927eac1aabd32c1ad49d534495
=== RUN   FuzzRangeproof/04741e944049ad8d898d84234dae888992d16172
=== RUN   FuzzRangeproof/058c9b8c4b960a0e20b43007fd70e972e8bd4908
=== RUN   FuzzRangeproof/06399c9c90f3baccad166e28c60811f4d0ed37a8
=== RUN   FuzzRangeproof/065eea107be0a4cfbf8f6585cfb9dc18e10fb7c4
=== RUN   FuzzRangeproof/0664020f413eb1c0d102b1bd37e383d9094b5abf
=== RUN   FuzzRangeproof/069768238f7b85b82e72d502ce0e208def753525
=== RUN   FuzzRangeproof/06a49590063c4e6ff4ce13b510c94c768890fd4e
=== RUN   FuzzRangeproof/091385be99b45f459a231582d583ec9f3fa3d194
=== RUN   FuzzRangeproof/09bef7e5d54996641fe0ec3ee3298bd992d6e9a2
=== RUN   FuzzRangeproof/0b2c3ce9eb064bf7ee5fae0368274868543eb045
=== RUN   FuzzRangeproof/0b623f072e83b0c5ed9a70847801ce99e851815a
=== RUN   FuzzRangeproof/0c6848b60e465c9bbfc3e026e825fee14aa9e91b
=== RUN   FuzzRangeproof/0caf68075f3d3ce1cbe2238b891c384acc48bf08
=== RUN   FuzzRangeproof/0cc12047c111baa3adba4d76884eed9280079d16
=== RUN   FuzzRangeproof/0d608fe219a772bb66348bb37f80f0058e4b752f
=== RUN   FuzzRangeproof/0f22d44209f8adc400e23cbf827779fda657e8b6
=== RUN   FuzzRangeproof/0f38b546f2fa508e9a104a401b7ed6ff68849691
=== RUN   FuzzRangeproof/0f771cb16994c00a61f32fe1e0c9a222e780ae6c
=== RUN   FuzzRangeproof/106c44c09574c28b807d759db4ab0a7cbe88fef5
=== RUN   FuzzRangeproof/127e7daf65426eee1e61d83c86a890ae98bc5909
=== RUN   FuzzRangeproof/134165ca0663c8e95b2f06d56d883768c92feccb
=== RUN   FuzzRangeproof/1559743591376b20879733b2372880ba85caeb8d
=== RUN   FuzzRangeproof/1714df6cf247d9ba6f114996bcf5f30612d9ef29
=== RUN   FuzzRangeproof/179bc25533992c588c9172d0b98881454b570cdd
=== RUN   FuzzRangeproof/17c0ed24ce9bed9d26271cc7ad8551b3798c7eee
=== RUN   FuzzRangeproof/1857ddb24453fdf0dd846b25d96259e20da13978
=== RUN   FuzzRangeproof/18b628ce5f337ffb7188a94fb4275df4dced1571
=== RUN   FuzzRangeproof/193f08b4cb22e2f8d5e9c9d33b2fd5f381c6dc33
=== RUN   FuzzRangeproof/19827654d089c4b5935bb5894042dfdb3cf4a9dc
=== RUN   FuzzRangeproof/199b95f4f655b13555576cb1339139fba9fcf496
=== RUN   FuzzRangeproof/1ab626f19b12ebdd9c36cbd0ca78bb7e24e04b54
=== RUN   FuzzRangeproof/1b641310d8e1ffdba6d48c08dba409f26fb0070d
=== RUN   FuzzRangeproof/1bac0068a69ed7d8e738d1f99f0fcc9e5e23d55f
=== RUN   FuzzRangeproof/1be206fc2d611ad9ef926e1b3d22e4891c575fee
=== RUN   FuzzRangeproof/1c0c721e86594d5a2c8fcff3aa156d7a31af08d8
=== RUN   FuzzRangeproof/1c5806115933e92b964ee8ecbcf41daf9c4e8391
=== RUN   FuzzRangeproof/1cf32597abe633828d30938f09a2ee17d2551d60
=== RUN   FuzzRangeproof/1d71ae2284dc0cd3c8ebf95fd516ef8ce6524f73
=== RUN   FuzzRangeproof/1f757494ec017784b9c5e252b394a7b11d61142c
=== RUN   FuzzRangeproof/1fbf405d53ee3b972aaaae1981d68de6d3a877a9
=== RUN   FuzzRangeproof/1fd521ecb86a9b70ba998210f948b31459702b4a
=== RUN   FuzzRangeproof/1fe60bd1a83c41ac00a5bb8d3ff74a397d7760d9
=== RUN   FuzzRangeproof/1fe8c55cbefe7d05c82a6547faab09b82a8bfeac
=== RUN   FuzzRangeproof/20cbb483af552cb4ef429addb2b7a3e0c5916bfe
=== RUN   FuzzRangeproof/219e637b0ff656bf5e80f10ea83fa42b593f4991
=== RUN   FuzzRangeproof/21a9a54293dea58d2b0c4a40e49c18cade6db7c2
=== RUN   FuzzRangeproof/223f392684561afac2f9c0725a1d5beecd7428c6
=== RUN   FuzzRangeproof/233be5e33f9ca84ee0aaf49850fdb6e7115514a2
=== RUN   FuzzRangeproof/2343341743f32fc79963b42fb9ecaa0bb280b371
=== RUN   FuzzRangeproof/2374e52ee952a3c5f762d5388e4f2972f233388b
=== RUN   FuzzRangeproof/23bab051fe73ae2d61a1dda8206cd7866b0175f5
=== RUN   FuzzRangeproof/23bb2597f20bc043dc8767566d19dac038ee48cf
=== RUN   FuzzRangeproof/2414354e76be2588e23d68b4141ed6edd320865e
=== RUN   FuzzRangeproof/245e436eaadb59553d3b188d934604a8ecf90baa
=== RUN   FuzzRangeproof/2676ddcf58a321f177d469b70142e20bf566e509
=== RUN   FuzzRangeproof/27dfab4beba4484dba5b1c4b1e98a4f62d1438b7
=== RUN   FuzzRangeproof/28f169d0a4f4bab57a06211c2e5104beac7f7576
=== RUN   FuzzRangeproof/29b9f1c6bc301228981076066d9053785ce250ea
=== RUN   FuzzRangeproof/2a0c431b62b409509efafb0f55d8b3dcfdf66962
=== RUN   FuzzRangeproof/2af1c31e6061ac3f0b2936bcbdedec247b6115fe
=== RUN   FuzzRangeproof/2bd1de258cf29770651a937d010752127367092b
=== RUN   FuzzRangeproof/2e5cd7eb230099dbd73275fea08b788f2e7b6a1c
=== RUN   FuzzRangeproof/2f924783ff1d8c2054d9d4b9e8c4a61750099419
=== RUN   FuzzRangeproof/2fe1ae5bfee85ffa9de758fac8866342c590ae92
=== RUN   FuzzRangeproof/303d3d269fb6ab5d3ea61ddf4438823c9e70b221
=== RUN   FuzzRangeproof/3173532552077d0d796c3628ac35c76343dc3a04
=== RUN   FuzzRangeproof/3196888d7288273fab57df8c4caca12b7e755b8a
=== RUN   FuzzRangeproof/31cf276a0440f07360b1e7f0c88b9b7121ff6614
=== RUN   FuzzRangeproof/32dec47642f4471ec0d13cea69f40662905e3312
=== RUN   FuzzRangeproof/336f352c652de6c7ebf095e1a2b2ab8e3258dbc0
=== RUN   FuzzRangeproof/33f0479700c63312c7d751779d630ae033ed6ac5
=== RUN   FuzzRangeproof/340a3d0fa6e8b65343bf390f912b584a75c37acc
=== RUN   FuzzRangeproof/342ea620f3ae9785f1dbf8f50078a6e17afdbd69
=== RUN   FuzzRangeproof/3440dbd1eab7e9843dc12a0765fb023190ab24d3
=== RUN   FuzzRangeproof/356177c92730094229c06a51ab7302708297f025
=== RUN   FuzzRangeproof/38057de3a0634415808947da34c47cbe23dc9a94
=== RUN   FuzzRangeproof/38c499d8a044d30a874451c1c4d6b58e24b6aa9d
=== RUN   FuzzRangeproof/39283d40946cfd2d9a19590af1829baa754f3554
=== RUN   FuzzRangeproof/3b1caeb25cf7616a6e7c63a50a34bfd8005428dc
=== RUN   FuzzRangeproof/3b83511e283d770e4722788a85e068c2092fe4fc
=== RUN   FuzzRangeproof/3b8609f8ed2a8fe510e8d887fff5870f8a9f481b
=== RUN   FuzzRangeproof/3bc39debcb437cc895b434fc2716fc68e32a332a
=== RUN   FuzzRangeproof/3bc7b4aa60faf29c303a5ae9afa0eaf399e53e56
=== RUN   FuzzRangeproof/3c9149841fb43d0b713338572bf3bf7158864d1b
=== RUN   FuzzRangeproof/3cee518e7df89c6968e62eb6482a81765369fc20
=== RUN   FuzzRangeproof/3cfc66aea1cd618dc0d33984b29796927dda43ea
=== RUN   FuzzRangeproof/3e47dffa13560983d3f9e24451a67d457322aefd
=== RUN   FuzzRangeproof/3e74b8e6afab96c594de159625662cc34ef72580
=== RUN   FuzzRangeproof/3f42d1bb2d55036ffc0a2777fd2314a3c2edefef
=== RUN   FuzzRangeproof/3fa75e08d2f6d5187189fcf3e984bd0affbd1740
=== RUN   FuzzRangeproof/40376db9c95dfa41ff97f87add40157938268031
=== RUN   FuzzRangeproof/406967fc1460c1f3edb5517871c8d38e8b857382
=== RUN   FuzzRangeproof/40f854ed88d0d4205edbb59bb079e56f801226b3
=== RUN   FuzzRangeproof/413a2c0fa3f23428f3186f44310feff6981819c6
=== RUN   FuzzRangeproof/417608051bed013660965fd96108d7894eda3d1e
=== RUN   FuzzRangeproof/41dca9ba17e96ff65e1b64f161cc50fda5726f6a
=== RUN   FuzzRangeproof/4224d54c1aaabfdbfe7f2be9fc555baad81be763
=== RUN   FuzzRangeproof/42570cd1cbf517c26ee58abe93074e2a12ddc47f
=== RUN   FuzzRangeproof/42bde6ec873e4cfa590e1f9377de7c29e8873618
=== RUN   FuzzRangeproof/4324a1284d936b266c40744824ba5eac3a4a79e2
=== RUN   FuzzRangeproof/435f935b105fde1cc51a060d59c03a428f41bef5
=== RUN   FuzzRangeproof/448977404025adddf4082ae74228fda72737b820
=== RUN   FuzzRangeproof/44cab0f06ff2538ca6169a27bb08614dc12b803a
=== RUN   FuzzRangeproof/453b010834e652fc346115715677352bd548b213
=== RUN   FuzzRangeproof/4587973fe27ad82b6d2d64536dfebe6453d6e176
=== RUN   FuzzRangeproof/471496cc2a5a80a85060ed89ee59d7de787fd438
=== RUN   FuzzRangeproof/47534195a67b00fde3e5258d4dc7f21a5ff5f4af
=== RUN   FuzzRangeproof/47c577def1ca35065ccf67a8963d735ffc8eaf4f
=== RUN   FuzzRangeproof/482d2ec1bdb8671b1bf9cce57c0a3c6939d00041
=== RUN   FuzzRangeproof/4881d3a0e48d85e914f2bb2e9a28b69e41b87e45
=== RUN   FuzzRangeproof/4962017e6e3e115c3aabaa5da2ba051a5157507d
=== RUN   FuzzRangeproof/497d9840a38f36ae1a51868348626b30be1e2ce8
=== RUN   FuzzRangeproof/4a24f6f4caf2c63492ae3ffcedf5d938b7ec51ba
=== RUN   FuzzRangeproof/4b08eb03a79d848b16230ed55f850362de6712a5
=== RUN   FuzzRangeproof/4b29ba796b37ee310e5e9b9d8f1bb450f0336e9d
=== RUN   FuzzRangeproof/4ba0b34f332e16617b3d8e3a8811d98043851037
=== RUN   FuzzRangeproof/4c658a47cf4dda763653a01fb24a7ee51fae1513
=== RUN   FuzzRangeproof/4f8332ceefadbfa3892047a2f21303ead9557942
=== RUN   FuzzRangeproof/501eda876d2d6b8da3dee719b5d7313a38dafea7
=== RUN   FuzzRangeproof/503545daa5bd509c206cb48980ef7b5b21d15076
=== RUN   FuzzRangeproof/52bf15bb85503e4d56f38e6728dd2cc4095e4a63
=== RUN   FuzzRangeproof/52d53cbd0ee1ee6cb9e7221c5bcecf4dc0b9dd25
=== RUN   FuzzRangeproof/5352549eddb170e4bc7cf7b2457ded390f1178b9
=== RUN   FuzzRangeproof/539d70de5cd290288fcc54ddaa7031e881469cf6
=== RUN   FuzzRangeproof/54a3ed0aa931b8a2c6666be8f3460ce0c9cde050
=== RUN   FuzzRangeproof/5521765be77d25f1d86126135c33490ac32f773f
=== RUN   FuzzRangeproof/55838dd4ecbaad858d9ab6b3607d2d67c0031638
=== RUN   FuzzRangeproof/559980177c054f49f542cd4d8de6bd41d222fec7
=== RUN   FuzzRangeproof/55fc7f77f605aea27ee3f229ad4a4e8977ca2901
=== RUN   FuzzRangeproof/59357d8a9c58d35424a0b7a49912848751225dae
=== RUN   FuzzRangeproof/5ab48343cf3c92404e6338c0ec9f3fad0f717360
=== RUN   FuzzRangeproof/5ae9a35b8e8a098c69be1b951c4292d69b455af7
=== RUN   FuzzRangeproof/5b50b02b26d1b120c5031692e786e499df3d7692
=== RUN   FuzzRangeproof/5c03c0f3e4f2af908011626fd9e111a0e809da83
=== RUN   FuzzRangeproof/5d2dd85da54cc456b25c2ddea1610f9f3c31a723
=== RUN   FuzzRangeproof/5d2f616a56550940e08669e6504993393cf84cda
=== RUN   FuzzRangeproof/5e680e3519e6a5809a7805a6a44d6bdd68eadf62
=== RUN   FuzzRangeproof/5f1e57dc93cb4874c0a43e435c7abe26747f704c
=== RUN   FuzzRangeproof/5fa297ea14334be2d4a40f946e85c93cdcec9565
=== RUN   FuzzRangeproof/605085df8a877796954d3489f1678500d093f79d
=== RUN   FuzzRangeproof/61418c8117b78a06244fd24ccd0af7e8810555ae
=== RUN   FuzzRangeproof/62d71ae284db7a0b10695a534dd8a1784516173f
=== RUN   FuzzRangeproof/64d17a58b6aacbab9380539a87840f5607a0c197
=== RUN   FuzzRangeproof/65602ab3481260ed7217306100bcad516320d1d1
=== RUN   FuzzRangeproof/661949abffdd7c5683f8e142998c66fbc749708a
=== RUN   FuzzRangeproof/66ef3ee47894909b6ccae735a0c5eb3caa23cd69
=== RUN   FuzzRangeproof/670e8e86bd16b04115ac7ea954fdc8291767a137
=== RUN   FuzzRangeproof/67504cbf90f79aa7f4605c65cd30f90408afbf8e
=== RUN   FuzzRangeproof/69080045523558c87ca8e79d19c0668d71cb4ed5
=== RUN   FuzzRangeproof/6b163aaad7cb616c4c9dc93d33623324c71e6e67
=== RUN   FuzzRangeproof/6b789d1bacbe11f3d686013374cbf99a9fad1f0d
=== RUN   FuzzRangeproof/6bdfba46b13cc06e9e163332adf541314d790c6d
=== RUN   FuzzRangeproof/6c0640f8305bb0e211a0a550eacfdafc2ddecea3
=== RUN   FuzzRangeproof/6d833b004aace911620ee9ac14e22f00499e4fea
=== RUN   FuzzRangeproof/6de8c505bedbf986bb752dca26072b039ea88fd5
=== RUN   FuzzRangeproof/6e13ea011304192fcce3254a93067fc9e830ecf9
=== RUN   FuzzRangeproof/6e30fcaffd003c7e2039e929c2cfb6ecc39ff470
=== RUN   FuzzRangeproof/705ddd3ed1e4b8ef286a427a991be5adc352d53d
=== RUN   FuzzRangeproof/70bd3022d24757bbd0806299082cc7fe3d3ee15b
=== RUN   FuzzRangeproof/72300398e498e7749934b14d9582e1a98fe501c4
=== RUN   FuzzRangeproof/7317f4a61639e9794a806128ae0e9499d3ea306f
=== RUN   FuzzRangeproof/73746bfe6bf142059401ecd023418b2ce5905755
=== RUN   FuzzRangeproof/73f34e93919b37a277a2088a57f9e685a7bec60f
=== RUN   FuzzRangeproof/74015cb73b72eef70052fb0b910c482b1144f7ca
=== RUN   FuzzRangeproof/74562623d15859b6a47065e0f98ce1202fb56506
=== RUN   FuzzRangeproof/750d0a0c7e2946cf5f4bf769580b5a727aa3dffd
=== RUN   FuzzRangeproof/750f7b14aff62cbadf6d6ae12f379d5283f9a430
=== RUN   FuzzRangeproof/757f625bf2aa08c9e35cb6d5f95fb5dda33c6ff0
=== RUN   FuzzRangeproof/75e2b691f8053fe40434e3c3ae3c93d706f887aa
=== RUN   FuzzRangeproof/760fa7f1bc1524c55a34af65ef4c4c59940b216e
=== RUN   FuzzRangeproof/7621d99c477a30566502e581ccba253a5b55dac7
=== RUN   FuzzRangeproof/7656e04d573b7a8d962bbc74821fd1f31ea72e10
=== RUN   FuzzRangeproof/76a2b3c87f19995c11506a81c962121f05bd33e4
=== RUN   FuzzRangeproof/77220fe9c7d6f3496aaea7527e3ae81eff8d026a
=== RUN   FuzzRangeproof/77f8ee0c795b383b75b141aa784aac4a8637fc4d
=== RUN   FuzzRangeproof/78b3eaab2c4996ca1ef21d3c4cb54efbf319cb1e
=== RUN   FuzzRangeproof/794c96b3205abbc387b4688630d28bb82890973b
=== RUN   FuzzRangeproof/79834baf374a67602b0866b584c8acd0b7402ae8
=== RUN   FuzzRangeproof/7a9c0e587b23411161c3fd7a1680ad9499dec41d
=== RUN   FuzzRangeproof/7b364c4989f0c4f6237532f80c9500df793dbbd1
=== RUN   FuzzRangeproof/7bb8de048023e13a9c3506b45fe1a59116c33892
=== RUN   FuzzRangeproof/7c1c9960e9c496733c0721ea34add87b6af962c3
=== RUN   FuzzRangeproof/7ce3d4df7329fdd744d4fa9095e488c7821546c4
=== RUN   FuzzRangeproof/7d21d631383deaca4a980bbe658dc3cd29bed8c2
=== RUN   FuzzRangeproof/7d92cddab6ec892157d170e7ba6eb50a34dc73d3
=== RUN   FuzzRangeproof/7e115bd209baeef3bd03977d439a7974def3bf5d
=== RUN   FuzzRangeproof/7e23618ac9af7f088fb7d87135cfbf63f68831e9
=== RUN   FuzzRangeproof/7e8e8478402b7c0c8ec2015cf5e544d7ef679e3c
=== RUN   FuzzRangeproof/7ec5207e6c87af5eb5339ec0d89132765777b378
=== RUN   FuzzRangeproof/7f212082da3d38f939914e6e7e07a98c5508bf57
=== RUN   FuzzRangeproof/7f836e3b32963b6ea557f262a63287d040167530
=== RUN   FuzzRangeproof/7fc17fcad2f21e088f1285a8d641740a6336fa81
=== RUN   FuzzRangeproof/804213f2ffc55517bc8eaca63a852d5e0b1be346
=== RUN   FuzzRangeproof/8054f5b38b09454cfd7ebd4dfc9814f2e2c175cb
=== RUN   FuzzRangeproof/81034f0279488f35850f1b88ce00055c57e909cc
=== RUN   FuzzRangeproof/8111a0f0c351b1fb8b620a3bec2d3bfbe6daecd7
=== RUN   FuzzRangeproof/8114d3e42a42e110d8334148ccb1a0f9d78829d1
=== RUN   FuzzRangeproof/81567bc3d6d71860495425e5992de5568d4b46b6
=== RUN   FuzzRangeproof/823a4a91675b2baa9860f30cec63ef3f9493dde4
=== RUN   FuzzRangeproof/82d0dc9be9c4bc17efda5de2810da977304bb7a4
=== RUN   FuzzRangeproof/82e94e18fda45d60fdc9852ea2378061a57818fb
=== RUN   FuzzRangeproof/839016cd427b5116de8578c3e31fa1d2ce089f34
=== RUN   FuzzRangeproof/854a55e9c476319d89594aa8014a8c63c53c6378
=== RUN   FuzzRangeproof/854fc11dcf54b4e1a7315bc33c866a4e038a613a
=== RUN   FuzzRangeproof/85977313a6aeefacb9edd55d4796ec89997f9826
=== RUN   FuzzRangeproof/85b32f8856b545c2afb37b6b206c3a529caef513
=== RUN   FuzzRangeproof/85fea06e90af5ab6fe5c2cd760a3bc3a8169e5b1
=== RUN   FuzzRangeproof/86dd4f909040d25398e218b1b1f3af1919fb76d9
=== RUN   FuzzRangeproof/87aa0fcb30a95ba60baee2bd5944d4a70c790b2c
=== RUN   FuzzRangeproof/8830d927fcb6f718cf83135a156a813e4de2474f
=== RUN   FuzzRangeproof/889303880c28db08225d2e2723fbb705f907287d
=== RUN   FuzzRangeproof/893c2c0bbcdd80186dfe8b72465fd68e9f60a6a7
=== RUN   FuzzRangeproof/8960fcf45639119852a6fbacd7f8624630c04be6
=== RUN   FuzzRangeproof/8b1664f8b2dbbac02fda8b93f367f069a62f44f0
=== RUN   FuzzRangeproof/8b2fcedbe672d4bc3c0339dd63b7a88d22f7460f
=== RUN   FuzzRangeproof/8bebc849f08b65ca23128c313f418bf049941b92
=== RUN   FuzzRangeproof/8c1a91ef6b8383922b38c7b0a5302dba22ed7ac9
=== RUN   FuzzRangeproof/8c2912dddaa472eb398c20ec165b91baed3eaf0d
=== RUN   FuzzRangeproof/8cdc87bb13ace3df1351577b87a0817bd9949490
=== RUN   FuzzRangeproof/8ce31643b0387199509b6e390f51522da7173075
=== RUN   FuzzRangeproof/8d9eca1bd301a9b0a608b021f106575eabeb0feb
=== RUN   FuzzRangeproof/8dd89e74f141ce99f1a322b1f4d280d14151147e
=== RUN   FuzzRangeproof/8e24ca43f486a335b28cda659772e485b7ca948d
=== RUN   FuzzRangeproof/8e4b0af51e1bfc30b5923394cf7d9984bf2ea8f1
=== RUN   FuzzRangeproof/8eb02e4e00f5eb899eeb948ddc8ea9ed83ea86c9
=== RUN   FuzzRangeproof/8f2a4685c002e1a78e301e9ffa2ea87330eb059f
=== RUN   FuzzRangeproof/8f9fe68546d8ac2bf290618ec8e9edc31924111b
=== RUN   FuzzRangeproof/8fa7ff9c4ee66dc9b413505b27feccba294ce546
=== RUN   FuzzRangeproof/90cca1047902d76a28cfd62af2da5b8a0c008055
=== RUN   FuzzRangeproof/90fdcddfda9e9e17d591a3f3768674d00fffaaf8
=== RUN   FuzzRangeproof/91b403007fdcb9ed21e4d20da21f08ddb57dfa2e
=== RUN   FuzzRangeproof/91cfe82375f6e358d1fdbeb6c19f83978f60be08
=== RUN   FuzzRangeproof/92bfc62b6c203138bde03609e0d254a6a1237aa9
=== RUN   FuzzRangeproof/937cc223b61c28a19cac2819ae81c15248aa8f9f
=== RUN   FuzzRangeproof/942cd4942ba362010c221621e4fa22c5ebe4312b
=== RUN   FuzzRangeproof/94830611ab919a54b61896c2ba6c7b5f2c831ed0
=== RUN   FuzzRangeproof/955110d4adc16b7d745d6341845bb07008f7f8ca
=== RUN   FuzzRangeproof/95531bf9253ebdc6051b373f5f0d583ac4ecb9bc
=== RUN   FuzzRangeproof/95d400e7304d5e91c5a609ca0b9044729a206158
=== RUN   FuzzRangeproof/96ad165bf2feee13dcbbe846b81be0043afcad89
=== RUN   FuzzRangeproof/96b08f7c5822bed7a91d1f32397bddbc2e107c18
=== RUN   FuzzRangeproof/9811f044546d30a8b0ddc256e6947447a7938b53
=== RUN   FuzzRangeproof/99adea88afd444cb5a5c3cf48f1b6812a88ecd4c
=== RUN   FuzzRangeproof/99eb928f1da5c713c8c858c405c73ce1e1c743fc
=== RUN   FuzzRangeproof/9b611c3d6ae468612d2e526118f43025f854c1b2
=== RUN   FuzzRangeproof/9ba744dd10b61a0d42c7a19f45b00a9ebca3d6f0
=== RUN   FuzzRangeproof/9df3f340b44e368c5d9abaf83b2afab709bbb9dc
=== RUN   FuzzRangeproof/9e010e9ffcb6199b7d9935266c94894f408d0ce7
=== RUN   FuzzRangeproof/9e12d751c0397a8341f9a730a187af1aaada5c55
=== RUN   FuzzRangeproof/9fe8a0f96b4ae255b179262075e8561d1e7692ac
=== RUN   FuzzRangeproof/a07a2d78b8d52c4b6b95d7881b16509fbc293aa7
=== RUN   FuzzRangeproof/a10909c2cdcaf5adb7e6b092a4faba558b62bd96
=== RUN   FuzzRangeproof/a232c1053d054d7199db98977d656c59c89ac280
=== RUN   FuzzRangeproof/a278cf2d380fcadd09a3a93b9b0910145c0e2ac0
=== RUN   FuzzRangeproof/a2d4ebff2ac71244251dea7812624934bbbdbd00
=== RUN   FuzzRangeproof/a2fa37fd78a0a0409f6d0fdfc3530beacaedf7b3
=== RUN   FuzzRangeproof/a3eecbf0bbb86ec9c69c86fca196c9134fd17a11
=== RUN   FuzzRangeproof/a533e20dc30afe4a8db9623b2010d12dd5ebd24d
=== RUN   FuzzRangeproof/a7201cb141d77af9b1b2ae1f16672fe293553ccc
=== RUN   FuzzRangeproof/a834ee46e0c54d3d330a308d1527f4c2f0ed676b
=== RUN   FuzzRangeproof/a921348638ec718c48a045313fffdcd54ce1ea28
=== RUN   FuzzRangeproof/aa430206f5cb4ac2c245b1238d8a70432d8b1076
=== RUN   FuzzRangeproof/aa8c0d6c35ef3fcfa91338613609c269308aefca
=== RUN   FuzzRangeproof/ab0c0bd0f6d6a5c239b560c44e6cf57c00dbc8fd
=== RUN   FuzzRangeproof/ab2c807812bb435894937f159714e5d258d694b6
=== RUN   FuzzRangeproof/af29b224dfcadb14f3747742f6d73ee9a1ab7bff
=== RUN   FuzzRangeproof/af4a148c168c205615e48b6d7da8fa54ba0f89ee
=== RUN   FuzzRangeproof/af9474e900c79c16ed46394c6cd58a38e5b2525f
=== RUN   FuzzRangeproof/b005eca6b4ece2b463ebdb321420f623b46a46c5
=== RUN   FuzzRangeproof/b0260d22f5a4d6a5ce29ae1943208b773214eab3
=== RUN   FuzzRangeproof/b048955dc734a520a4ed36fb7d073368bc7c4d62
=== RUN   FuzzRangeproof/b0bc7488aa2c2faa5a20de976aca84c2de4d5d2f
=== RUN   FuzzRangeproof/b0bd7271436385a4b87540f62db4a1851965bb74
=== RUN   FuzzRangeproof/b1d66ea771703bb5403c2846a84ff06709e19188
=== RUN   FuzzRangeproof/b1e64c9a5f2ac0fbd797299580e07e4c540c7e1c
=== RUN   FuzzRangeproof/b2c779162001a8852ba9271c4bb0659260778943
=== RUN   FuzzRangeproof/b4155387725790bac4517f7a7396ee8b3757a368
=== RUN   FuzzRangeproof/b41ba093ac3bc6e8e31ad05bffba66f352b53abb
=== RUN   FuzzRangeproof/b43db3eb23e4488155aa21fbedf5402192be837d
=== RUN   FuzzRangeproof/b4e9c608aa3ee3f79bf45e746de8f602f7078f35
=== RUN   FuzzRangeproof/b6a45319a0c64d4d0714907d1cd9f71914b9e88d
=== RUN   FuzzRangeproof/b755ba9c3e0840b7f9936acb9d614099c3f21fea
=== RUN   FuzzRangeproof/b7d0441b4894d58de064a93d45d88629a37d2336
=== RUN   FuzzRangeproof/b7f76c4c57b0749149b521c92527fef901b95382
=== RUN   FuzzRangeproof/b875e8725850c811651c52c5ddde83449bb1709a
=== RUN   FuzzRangeproof/b8a5d4b1c504b99e64413d2fb0796b8341fff723
=== RUN   FuzzRangeproof/b8ab3a7a93476458e2aed16e86dcaedafd4ba5ba
=== RUN   FuzzRangeproof/b9c70639654af799977ad983095ec40b55e660e1
=== RUN   FuzzRangeproof/ba445985985d97950c0b5636ed6ef976cdf39ecc
=== RUN   FuzzRangeproof/bb8012a799b2f028c909b8845b4d7b7f641b1353
=== RUN   FuzzRangeproof/bd8d5b9179a1f22144d084c2b02e599b09b8becc
=== RUN   FuzzRangeproof/bdceb493520f50089cd6419f712f2c87813da45d
=== RUN   FuzzRangeproof/bec8fca3b90e67fd2c3622e3267dae5f16168681
=== RUN   FuzzRangeproof/bf6894a2bfd5882f08d7a038cea2217a006086bd
=== RUN   FuzzRangeproof/bf6ab7c62f5baad2a72c3b24d176995df2c055df
=== RUN   FuzzRangeproof/bfd8f10a56069581bb7d6ea198d8de98d0d27c74
=== RUN   FuzzRangeproof/c1c8594f4c4c2bb13d0d4853541b884f171b6fb1
=== RUN   FuzzRangeproof/c2a3d56af92fa46f1bff6c7859e6585ee48d30f0
=== RUN   FuzzRangeproof/c2ded0c23f68f280ada49e368b23c5bbc383c54f
=== RUN   FuzzRangeproof/c34cec7abdba05ad0f619188dd175c768978dafb
=== RUN   FuzzRangeproof/c3b9c787a14a855a74ea67cc071bd83ce44aae34
=== RUN   FuzzRangeproof/c523760d297ba92e7e30ee2e3a4873edb0281f0c
=== RUN   FuzzRangeproof/c57ac145e850a72dc5b8eb2ba2f3b51668c34c7b
=== RUN   FuzzRangeproof/c5bb72dfb8ca549dbd0637d9a8e0ff1542340d58
=== RUN   FuzzRangeproof/c6013afeb0ba6752dfac24eab0740f5e92821b7a
=== RUN   FuzzRangeproof/c699f871d723d39d1f741dcaf6e780bba312d750
=== RUN   FuzzRangeproof/c6e2dc9ccc763121877a7c58107915136e7a5e42
=== RUN   FuzzRangeproof/c769ece5918a1774b66525aeca75fba795410990
=== RUN   FuzzRangeproof/c7a54d94caf631aa2d9ad850e21b741bb92e12ad
=== RUN   FuzzRangeproof/c7afda56599e181d305917f392718e4e791eff6e
=== RUN   FuzzRangeproof/c8bc099dceee73b1b4aa7b40d642f933f2178182
=== RUN   FuzzRangeproof/c92756ca6ee206d872f0b5652f99103d6e5953db
=== RUN   FuzzRangeproof/c985d3dbeffae4f5a7fc0d215e6fb7aa45d49fb7
=== RUN   FuzzRangeproof/c9c0b23a46c16bae1ed027ae1523b618295120df
=== RUN   FuzzRangeproof/caf4c91b4463445e68c4c9e811c7b6f8e5e50be9
=== RUN   FuzzRangeproof/cb22423be0951d88b24783b86a832d1f0d94e029
=== RUN   FuzzRangeproof/cc3885bf45e134b771092cb97a04eb0132e1c7e3
=== RUN   FuzzRangeproof/cd0473ba4c08861aaad240e36426aff6f0f3e9ef
=== RUN   FuzzRangeproof/cddb202feebc063635d51ded6e7e7bd65f8c59a6
=== RUN   FuzzRangeproof/d1accfddda6360ecc9ce569cc56394fb01ad60a4
=== RUN   FuzzRangeproof/d284fc406846b0e5945c612debf7fd0e6ac8e00f
=== RUN   FuzzRangeproof/d34c0f2d31c66d5b4dfd16ce9bcfb1c72f07ebdb
=== RUN   FuzzRangeproof/d3d797acf5e72e81c47665392fe82421f30f2c61
=== RUN   FuzzRangeproof/d456ec41bf59743d1438fa77617e79ec3b5c5c91
=== RUN   FuzzRangeproof/d45f8e48189524ade412342754bb78ef3af80149
=== RUN   FuzzRangeproof/d4d29d4dbfbe7139587afee6b8bca8eb127c58c9
=== RUN   FuzzRangeproof/d55f8909a5ba87720bf93127520d941855c67966
=== RUN   FuzzRangeproof/d660189efb6b27ef04a2cfc7ab2b73ac5afe2f45
=== RUN   FuzzRangeproof/d696f617d83b1dfa7750e1034572e6fb977a4c2f
=== RUN   FuzzRangeproof/d7914a85e15d1189174669ac3d8eeb733b822f39
=== RUN   FuzzRangeproof/d82e75fe6d98f8ce56225e5ba05f01dcd3798280
=== RUN   FuzzRangeproof/d8801bd7d78ceeef428a74ef5f5a9fc0ca99ebb7
=== RUN   FuzzRangeproof/d8898eb22c4cd96c3e283f8a751f63438a8301e7
=== RUN   FuzzRangeproof/db92839342ead7e6a6022ae65f37fa26a35f203b
=== RUN   FuzzRangeproof/dc296f2c58476c553777d3de83e68b66bb3273d7
=== RUN   FuzzRangeproof/dc4a367585af14ea75d4b383c627af7129727986
=== RUN   FuzzRangeproof/dca7a25b097507f9e0ab9af362ae37e0a29f8a28
=== RUN   FuzzRangeproof/e0009f8a6f908a04fda9092c1cb91bfb948a31b8
=== RUN   FuzzRangeproof/e115a2a2d71ef6142763a6b2cd7b613cfc371e7b
=== RUN   FuzzRangeproof/e153389f18ad394288ff3fe93b3ec1a8ea284d79
=== RUN   FuzzRangeproof/e173ed889f0ee5a92725c65149a7a537cc682ed2
=== RUN   FuzzRangeproof/e176ecbf427690f939e5732ce018ee0fdce67ac4
=== RUN   FuzzRangeproof/e1950934b5fccbf7dcd4d7a867401d3ad714eea3
=== RUN   FuzzRangeproof/e2830813272a0ec21d0ad9cf8f7ac302db4fb292
=== RUN   FuzzRangeproof/e331870ea42d1731c76ecd0e760e511df6108fa1
=== RUN   FuzzRangeproof/e334cd4c36e817fce8483556018e69467ac12232
=== RUN   FuzzRangeproof/e3629330013c0cbd40f67b2cf58931db379a0a0f
=== RUN   FuzzRangeproof/e3d6220385ef4fe0b2767d3180def8533d0c7360
=== RUN   FuzzRangeproof/e3de85eba82db43568daf36025d6736efbe9c8fc
=== RUN   FuzzRangeproof/e45f65ef6a0e6d4da81e7adca4f96e616b779197
=== RUN   FuzzRangeproof/e823c88c026dcee25cdaea015692775aeae12e67
=== RUN   FuzzRangeproof/e91b9b9ab9e46e1a7d2726fa1fcfb0db2790c998
=== RUN   FuzzRangeproof/ea460a2d723c5bb22772648f8435afb3f4321be2
=== RUN   FuzzRangeproof/ea5689ced4df32c2b3bb723b04027f872bfc7ca1
=== RUN   FuzzRangeproof/eaa0194a1e4f5eb8474065dfa3dece30b47b007f
=== RUN   FuzzRangeproof/eb82025207404fc7273dd91a0a5d39871a868f30
=== RUN   FuzzRangeproof/eced58b92cf4b8f6b84b9797f90042229a99dae8
=== RUN   FuzzRangeproof/ed481c80c9ebcb5d5f7a0b2c3c65bf3c61116723
=== RUN   FuzzRangeproof/ee9272bd97f9b609e528a6b4a6a06e064af3d9f6
=== RUN   FuzzRangeproof/ef54d7fc4303b483acd26b9fcb4d65ef65898a29
=== RUN   FuzzRangeproof/f0a3fc48539965070af8fc8a105b88b25fe9a0ec
=== RUN   FuzzRangeproof/f0adbaafc509dcc31e652dc206a28cdd694f11fe
=== RUN   FuzzRangeproof/f1e817ad5d0aafc25772421821eac4389a69e16d
=== RUN   FuzzRangeproof/f389e8d4fcfddb9d9aeff9b6483aff203a88fe59
=== RUN   FuzzRangeproof/f3c90bf423a85b0a5b088579cf92cfb516517aac
=== RUN   FuzzRangeproof/f4910882139e460af3b27c7795e054d0cce47b54
=== RUN   FuzzRangeproof/f5072b5aed6c7a8b721813a68d95a9a239ae20f3
=== RUN   FuzzRangeproof/f53210c458868f773df9e629c00f1338560c3801
=== RUN   FuzzRangeproof/f556f68dc95ba76887f6e5a5a94f10773acef3f9
=== RUN   FuzzRangeproof/f5f1b96fd600184e02d3cadb4ce239871f7c7267
=== RUN   FuzzRangeproof/f871a5592ebf4ad2e5e19457108fbdb6b5b32d3e
=== RUN   FuzzRangeproof/f932a87bbb97511d77cc3c284ae798e76cb29ea6
=== RUN   FuzzRangeproof/f9a3ed91927455ae9073cf2f042e678fbadf707c
=== RUN   FuzzRangeproof/f9b9c8380bd98c18403843e06a52f4c635f651a4
=== RUN   FuzzRangeproof/f9d2a12535d1c00cba3412493d16eddb5dac9c6c
=== RUN   FuzzRangeproof/fa0cb8bda6e05ac955edaf3573f63ef3576414f0
=== RUN   FuzzRangeproof/fa62d9b491a5b56d0aef793bc29c4be8ad5b5209
=== RUN   FuzzRangeproof/fad0a3d15818d77a614aade2c6b41527f940de36
=== RUN   FuzzRangeproof/fb36f1bd3a3d5627005bbea93e7cc62296aa29da
=== RUN   FuzzRangeproof/fba33a42e3a49a32d26e7da405f8cfcc0cc2c0ae
=== RUN   FuzzRangeproof/fc31b909e99b89d25ae2395535d1d86297858aa6
=== RUN   FuzzRangeproof/fe1208f038720983376b312a78c1887235f37d68
=== RUN   FuzzRangeproof/fe591ceb82f84406a88d048bd7a221b36d28b42b
=== RUN   FuzzRangeproof/ff901765160fe56fad9c51a57d389cac408f233f
=== RUN   FuzzRangeproof/fff5327a70991c806882264003763b8a394266dd
--- PASS: FuzzRangeproof (0.31s)
    --- PASS: FuzzRangeproof/000779f1395e0207a86e11fc3704fa77cd3ffc36 (0.00s)
    --- PASS: FuzzRangeproof/01826fbd1b0656fa4e1f8c55938448c9f7f7545e (0.00s)
    --- PASS: FuzzRangeproof/02ff66d67c8d3e927eac1aabd32c1ad49d534495 (0.00s)
    --- PASS: FuzzRangeproof/04741e944049ad8d898d84234dae888992d16172 (0.00s)
    --- PASS: FuzzRangeproof/058c9b8c4b960a0e20b43007fd70e972e8bd4908 (0.00s)
    --- PASS: FuzzRangeproof/06399c9c90f3baccad166e28c60811f4d0ed37a8 (0.00s)
    --- PASS: FuzzRangeproof/065eea107be0a4cfbf8f6585cfb9dc18e10fb7c4 (0.00s)
    --- PASS: FuzzRangeproof/0664020f413eb1c0d102b1bd37e383d9094b5abf (0.00s)
    --- PASS: FuzzRangeproof/069768238f7b85b82e72d502ce0e208def753525 (0.00s)
    --- PASS: FuzzRangeproof/06a49590063c4e6ff4ce13b510c94c768890fd4e (0.00s)
    --- PASS: FuzzRangeproof/091385be99b45f459a231582d583ec9f3fa3d194 (0.00s)
    --- PASS: FuzzRangeproof/09bef7e5d54996641fe0ec3ee3298bd992d6e9a2 (0.00s)
    --- PASS: FuzzRangeproof/0b2c3ce9eb064bf7ee5fae0368274868543eb045 (0.00s)
    --- PASS: FuzzRangeproof/0b623f072e83b0c5ed9a70847801ce99e851815a (0.00s)
    --- PASS: FuzzRangeproof/0c6848b60e465c9bbfc3e026e825fee14aa9e91b (0.00s)
    --- PASS: FuzzRangeproof/0caf68075f3d3ce1cbe2238b891c384acc48bf08 (0.00s)
    --- PASS: FuzzRangeproof/0cc12047c111baa3adba4d76884eed9280079d16 (0.00s)
    --- PASS: FuzzRangeproof/0d608fe219a772bb66348bb37f80f0058e4b752f (0.00s)
    --- PASS: FuzzRangeproof/0f22d44209f8adc400e23cbf827779fda657e8b6 (0.00s)
    --- PASS: FuzzRangeproof/0f38b546f2fa508e9a104a401b7ed6ff68849691 (0.00s)
    --- PASS: FuzzRangeproof/0f771cb16994c00a61f32fe1e0c9a222e780ae6c (0.00s)
    --- PASS: FuzzRangeproof/106c44c09574c28b807d759db4ab0a7cbe88fef5 (0.00s)
    --- PASS: FuzzRangeproof/127e7daf65426eee1e61d83c86a890ae98bc5909 (0.00s)
    --- PASS: FuzzRangeproof/134165ca0663c8e95b2f06d56d883768c92feccb (0.00s)
    --- PASS: FuzzRangeproof/1559743591376b20879733b2372880ba85caeb8d (0.00s)
    --- PASS: FuzzRangeproof/1714df6cf247d9ba6f114996bcf5f30612d9ef29 (0.00s)
    --- PASS: FuzzRangeproof/179bc25533992c588c9172d0b98881454b570cdd (0.00s)
    --- PASS: FuzzRangeproof/17c0ed24ce9bed9d26271cc7ad8551b3798c7eee (0.00s)
    --- PASS: FuzzRangeproof/1857ddb24453fdf0dd846b25d96259e20da13978 (0.00s)
    --- PASS: FuzzRangeproof/18b628ce5f337ffb7188a94fb4275df4dced1571 (0.00s)
    --- PASS: FuzzRangeproof/193f08b4cb22e2f8d5e9c9d33b2fd5f381c6dc33 (0.00s)
    --- PASS: FuzzRangeproof/19827654d089c4b5935bb5894042dfdb3cf4a9dc (0.00s)
    --- PASS: FuzzRangeproof/199b95f4f655b13555576cb1339139fba9fcf496 (0.00s)
    --- PASS: FuzzRangeproof/1ab626f19b12ebdd9c36cbd0ca78bb7e24e04b54 (0.00s)
    --- PASS: FuzzRangeproof/1b641310d8e1ffdba6d48c08dba409f26fb0070d (0.00s)
    --- PASS: FuzzRangeproof/1bac0068a69ed7d8e738d1f99f0fcc9e5e23d55f (0.00s)
    --- PASS: FuzzRangeproof/1be206fc2d611ad9ef926e1b3d22e4891c575fee (0.00s)
    --- PASS: FuzzRangeproof/1c0c721e86594d5a2c8fcff3aa156d7a31af08d8 (0.00s)
    --- PASS: FuzzRangeproof/1c5806115933e92b964ee8ecbcf41daf9c4e8391 (0.00s)
    --- PASS: FuzzRangeproof/1cf32597abe633828d30938f09a2ee17d2551d60 (0.00s)
    --- PASS: FuzzRangeproof/1d71ae2284dc0cd3c8ebf95fd516ef8ce6524f73 (0.00s)
    --- PASS: FuzzRangeproof/1f757494ec017784b9c5e252b394a7b11d61142c (0.00s)
    --- PASS: FuzzRangeproof/1fbf405d53ee3b972aaaae1981d68de6d3a877a9 (0.00s)
    --- PASS: FuzzRangeproof/1fd521ecb86a9b70ba998210f948b31459702b4a (0.00s)
    --- PASS: FuzzRangeproof/1fe60bd1a83c41ac00a5bb8d3ff74a397d7760d9 (0.00s)
    --- PASS: FuzzRangeproof/1fe8c55cbefe7d05c82a6547faab09b82a8bfeac (0.00s)
    --- PASS: FuzzRangeproof/20cbb483af552cb4ef429addb2b7a3e0c5916bfe (0.00s)
    --- PASS: FuzzRangeproof/219e637b0ff656bf5e80f10ea83fa42b593f4991 (0.00s)
    --- PASS: FuzzRangeproof/21a9a54293dea58d2b0c4a40e49c18cade6db7c2 (0.00s)
    --- PASS: FuzzRangeproof/223f392684561afac2f9c0725a1d5beecd7428c6 (0.00s)
    --- PASS: FuzzRangeproof/233be5e33f9ca84ee0aaf49850fdb6e7115514a2 (0.00s)
    --- PASS: FuzzRangeproof/2343341743f32fc79963b42fb9ecaa0bb280b371 (0.00s)
    --- PASS: FuzzRangeproof/2374e52ee952a3c5f762d5388e4f2972f233388b (0.00s)
    --- PASS: FuzzRangeproof/23bab051fe73ae2d61a1dda8206cd7866b0175f5 (0.00s)
    --- PASS: FuzzRangeproof/23bb2597f20bc043dc8767566d19dac038ee48cf (0.00s)
    --- PASS: FuzzRangeproof/2414354e76be2588e23d68b4141ed6edd320865e (0.00s)
    --- PASS: FuzzRangeproof/245e436eaadb59553d3b188d934604a8ecf90baa (0.00s)
    --- PASS: FuzzRangeproof/2676ddcf58a321f177d469b70142e20bf566e509 (0.00s)
    --- PASS: FuzzRangeproof/27dfab4beba4484dba5b1c4b1e98a4f62d1438b7 (0.00s)
    --- PASS: FuzzRangeproof/28f169d0a4f4bab57a06211c2e5104beac7f7576 (0.00s)
    --- PASS: FuzzRangeproof/29b9f1c6bc301228981076066d9053785ce250ea (0.00s)
    --- PASS: FuzzRangeproof/2a0c431b62b409509efafb0f55d8b3dcfdf66962 (0.00s)
    --- PASS: FuzzRangeproof/2af1c31e6061ac3f0b2936bcbdedec247b6115fe (0.00s)
    --- PASS: FuzzRangeproof/2bd1de258cf29770651a937d010752127367092b (0.00s)
    --- PASS: FuzzRangeproof/2e5cd7eb230099dbd73275fea08b788f2e7b6a1c (0.00s)
    --- PASS: FuzzRangeproof/2f924783ff1d8c2054d9d4b9e8c4a61750099419 (0.00s)
    --- PASS: FuzzRangeproof/2fe1ae5bfee85ffa9de758fac8866342c590ae92 (0.00s)
    --- PASS: FuzzRangeproof/303d3d269fb6ab5d3ea61ddf4438823c9e70b221 (0.00s)
    --- PASS: FuzzRangeproof/3173532552077d0d796c3628ac35c76343dc3a04 (0.00s)
    --- PASS: FuzzRangeproof/3196888d7288273fab57df8c4caca12b7e755b8a (0.00s)
    --- PASS: FuzzRangeproof/31cf276a0440f07360b1e7f0c88b9b7121ff6614 (0.00s)
    --- PASS: FuzzRangeproof/32dec47642f4471ec0d13cea69f40662905e3312 (0.00s)
    --- PASS: FuzzRangeproof/336f352c652de6c7ebf095e1a2b2ab8e3258dbc0 (0.00s)
    --- PASS: FuzzRangeproof/33f0479700c63312c7d751779d630ae033ed6ac5 (0.00s)
    --- PASS: FuzzRangeproof/340a3d0fa6e8b65343bf390f912b584a75c37acc (0.00s)
    --- PASS: FuzzRangeproof/342ea620f3ae9785f1dbf8f50078a6e17afdbd69 (0.00s)
    --- PASS: FuzzRangeproof/3440dbd1eab7e9843dc12a0765fb023190ab24d3 (0.00s)
    --- PASS: FuzzRangeproof/356177c92730094229c06a51ab7302708297f025 (0.00s)
    --- PASS: FuzzRangeproof/38057de3a0634415808947da34c47cbe23dc9a94 (0.00s)
    --- PASS: FuzzRangeproof/38c499d8a044d30a874451c1c4d6b58e24b6aa9d (0.00s)
    --- PASS: FuzzRangeproof/39283d40946cfd2d9a19590af1829baa754f3554 (0.00s)
    --- PASS: FuzzRangeproof/3b1caeb25cf7616a6e7c63a50a34bfd8005428dc (0.00s)
    --- PASS: FuzzRangeproof/3b83511e283d770e4722788a85e068c2092fe4fc (0.00s)
    --- PASS: FuzzRangeproof/3b8609f8ed2a8fe510e8d887fff5870f8a9f481b (0.00s)
    --- PASS: FuzzRangeproof/3bc39debcb437cc895b434fc2716fc68e32a332a (0.00s)
    --- PASS: FuzzRangeproof/3bc7b4aa60faf29c303a5ae9afa0eaf399e53e56 (0.00s)
    --- PASS: FuzzRangeproof/3c9149841fb43d0b713338572bf3bf7158864d1b (0.00s)
    --- PASS: FuzzRangeproof/3cee518e7df89c6968e62eb6482a81765369fc20 (0.00s)
    --- PASS: FuzzRangeproof/3cfc66aea1cd618dc0d33984b29796927dda43ea (0.00s)
    --- PASS: FuzzRangeproof/3e47dffa13560983d3f9e24451a67d457322aefd (0.00s)
    --- PASS: FuzzRangeproof/3e74b8e6afab96c594de159625662cc34ef72580 (0.00s)
    --- PASS: FuzzRangeproof/3f42d1bb2d55036ffc0a2777fd2314a3c2edefef (0.00s)
    --- PASS: FuzzRangeproof/3fa75e08d2f6d5187189fcf3e984bd0affbd1740 (0.00s)
    --- PASS: FuzzRangeproof/40376db9c95dfa41ff97f87add40157938268031 (0.00s)
    --- PASS: FuzzRangeproof/406967fc1460c1f3edb5517871c8d38e8b857382 (0.00s)
    --- PASS: FuzzRangeproof/40f854ed88d0d4205edbb59bb079e56f801226b3 (0.00s)
    --- PASS: FuzzRangeproof/413a2c0fa3f23428f3186f44310feff6981819c6 (0.00s)
    --- PASS: FuzzRangeproof/417608051bed013660965fd96108d7894eda3d1e (0.00s)
    --- PASS: FuzzRangeproof/41dca9ba17e96ff65e1b64f161cc50fda5726f6a (0.00s)
    --- PASS: FuzzRangeproof/4224d54c1aaabfdbfe7f2be9fc555baad81be763 (0.00s)
    --- PASS: FuzzRangeproof/42570cd1cbf517c26ee58abe93074e2a12ddc47f (0.00s)
    --- PASS: FuzzRangeproof/42bde6ec873e4cfa590e1f9377de7c29e8873618 (0.00s)
    --- PASS: FuzzRangeproof/4324a1284d936b266c40744824ba5eac3a4a79e2 (0.00s)
    --- PASS: FuzzRangeproof/435f935b105fde1cc51a060d59c03a428f41bef5 (0.00s)
    --- PASS: FuzzRangeproof/448977404025adddf4082ae74228fda72737b820 (0.00s)
    --- PASS: FuzzRangeproof/44cab0f06ff2538ca6169a27bb08614dc12b803a (0.00s)
    --- PASS: FuzzRangeproof/453b010834e652fc346115715677352bd548b213 (0.00s)
    --- PASS: FuzzRangeproof/4587973fe27ad82b6d2d64536dfebe6453d6e176 (0.00s)
    --- PASS: FuzzRangeproof/471496cc2a5a80a85060ed89ee59d7de787fd438 (0.00s)
    --- PASS: FuzzRangeproof/47534195a67b00fde3e5258d4dc7f21a5ff5f4af (0.00s)
    --- PASS: FuzzRangeproof/47c577def1ca35065ccf67a8963d735ffc8eaf4f (0.00s)
    --- PASS: FuzzRangeproof/482d2ec1bdb8671b1bf9cce57c0a3c6939d00041 (0.00s)
    --- PASS: FuzzRangeproof/4881d3a0e48d85e914f2bb2e9a28b69e41b87e45 (0.00s)
    --- PASS: FuzzRangeproof/4962017e6e3e115c3aabaa5da2ba051a5157507d (0.00s)
    --- PASS: FuzzRangeproof/497d9840a38f36ae1a51868348626b30be1e2ce8 (0.00s)
    --- PASS: FuzzRangeproof/4a24f6f4caf2c63492ae3ffcedf5d938b7ec51ba (0.00s)
    --- PASS: FuzzRangeproof/4b08eb03a79d848b16230ed55f850362de6712a5 (0.00s)
    --- PASS: FuzzRangeproof/4b29ba796b37ee310e5e9b9d8f1bb450f0336e9d (0.00s)
    --- PASS: FuzzRangeproof/4ba0b34f332e16617b3d8e3a8811d98043851037 (0.00s)
    --- PASS: FuzzRangeproof/4c658a47cf4dda763653a01fb24a7ee51fae1513 (0.00s)
    --- PASS: FuzzRangeproof/4f8332ceefadbfa3892047a2f21303ead9557942 (0.00s)
    --- PASS: FuzzRangeproof/501eda876d2d6b8da3dee719b5d7313a38dafea7 (0.00s)
    --- PASS: FuzzRangeproof/503545daa5bd509c206cb48980ef7b5b21d15076 (0.00s)
    --- PASS: FuzzRangeproof/52bf15bb85503e4d56f38e6728dd2cc4095e4a63 (0.00s)
    --- PASS: FuzzRangeproof/52d53cbd0ee1ee6cb9e7221c5bcecf4dc0b9dd25 (0.00s)
    --- PASS: FuzzRangeproof/5352549eddb170e4bc7cf7b2457ded390f1178b9 (0.00s)
    --- PASS: FuzzRangeproof/539d70de5cd290288fcc54ddaa7031e881469cf6 (0.00s)
    --- PASS: FuzzRangeproof/54a3ed0aa931b8a2c6666be8f3460ce0c9cde050 (0.00s)
    --- PASS: FuzzRangeproof/5521765be77d25f1d86126135c33490ac32f773f (0.00s)
    --- PASS: FuzzRangeproof/55838dd4ecbaad858d9ab6b3607d2d67c0031638 (0.00s)
    --- PASS: FuzzRangeproof/559980177c054f49f542cd4d8de6bd41d222fec7 (0.00s)
    --- PASS: FuzzRangeproof/55fc7f77f605aea27ee3f229ad4a4e8977ca2901 (0.00s)
    --- PASS: FuzzRangeproof/59357d8a9c58d35424a0b7a49912848751225dae (0.00s)
    --- PASS: FuzzRangeproof/5ab48343cf3c92404e6338c0ec9f3fad0f717360 (0.00s)
    --- PASS: FuzzRangeproof/5ae9a35b8e8a098c69be1b951c4292d69b455af7 (0.00s)
    --- PASS: FuzzRangeproof/5b50b02b26d1b120c5031692e786e499df3d7692 (0.00s)
    --- PASS: FuzzRangeproof/5c03c0f3e4f2af908011626fd9e111a0e809da83 (0.00s)
    --- PASS: FuzzRangeproof/5d2dd85da54cc456b25c2ddea1610f9f3c31a723 (0.00s)
    --- PASS: FuzzRangeproof/5d2f616a56550940e08669e6504993393cf84cda (0.00s)
    --- PASS: FuzzRangeproof/5e680e3519e6a5809a7805a6a44d6bdd68eadf62 (0.00s)
    --- PASS: FuzzRangeproof/5f1e57dc93cb4874c0a43e435c7abe26747f704c (0.00s)
    --- PASS: FuzzRangeproof/5fa297ea14334be2d4a40f946e85c93cdcec9565 (0.00s)
    --- PASS: FuzzRangeproof/605085df8a877796954d3489f1678500d093f79d (0.00s)
    --- PASS: FuzzRangeproof/61418c8117b78a06244fd24ccd0af7e8810555ae (0.00s)
    --- PASS: FuzzRangeproof/62d71ae284db7a0b10695a534dd8a1784516173f (0.00s)
    --- PASS: FuzzRangeproof/64d17a58b6aacbab9380539a87840f5607a0c197 (0.00s)
    --- PASS: FuzzRangeproof/65602ab3481260ed7217306100bcad516320d1d1 (0.00s)
    --- PASS: FuzzRangeproof/661949abffdd7c5683f8e142998c66fbc749708a (0.00s)
    --- PASS: FuzzRangeproof/66ef3ee47894909b6ccae735a0c5eb3caa23cd69 (0.00s)
    --- PASS: FuzzRangeproof/670e8e86bd16b04115ac7ea954fdc8291767a137 (0.00s)
    --- PASS: FuzzRangeproof/67504cbf90f79aa7f4605c65cd30f90408afbf8e (0.00s)
    --- PASS: FuzzRangeproof/69080045523558c87ca8e79d19c0668d71cb4ed5 (0.00s)
    --- PASS: FuzzRangeproof/6b163aaad7cb616c4c9dc93d33623324c71e6e67 (0.00s)
    --- PASS: FuzzRangeproof/6b789d1bacbe11f3d686013374cbf99a9fad1f0d (0.00s)
    --- PASS: FuzzRangeproof/6bdfba46b13cc06e9e163332adf541314d790c6d (0.00s)
    --- PASS: FuzzRangeproof/6c0640f8305bb0e211a0a550eacfdafc2ddecea3 (0.00s)
    --- PASS: FuzzRangeproof/6d833b004aace911620ee9ac14e22f00499e4fea (0.00s)
    --- PASS: FuzzRangeproof/6de8c505bedbf986bb752dca26072b039ea88fd5 (0.00s)
    --- PASS: FuzzRangeproof/6e13ea011304192fcce3254a93067fc9e830ecf9 (0.00s)
    --- PASS: FuzzRangeproof/6e30fcaffd003c7e2039e929c2cfb6ecc39ff470 (0.00s)
    --- PASS: FuzzRangeproof/705ddd3ed1e4b8ef286a427a991be5adc352d53d (0.00s)
    --- PASS: FuzzRangeproof/70bd3022d24757bbd0806299082cc7fe3d3ee15b (0.00s)
    --- PASS: FuzzRangeproof/72300398e498e7749934b14d9582e1a98fe501c4 (0.00s)
    --- PASS: FuzzRangeproof/7317f4a61639e9794a806128ae0e9499d3ea306f (0.00s)
    --- PASS: FuzzRangeproof/73746bfe6bf142059401ecd023418b2ce5905755 (0.00s)
    --- PASS: FuzzRangeproof/73f34e93919b37a277a2088a57f9e685a7bec60f (0.00s)
    --- PASS: FuzzRangeproof/74015cb73b72eef70052fb0b910c482b1144f7ca (0.00s)
    --- PASS: FuzzRangeproof/74562623d15859b6a47065e0f98ce1202fb56506 (0.00s)
    --- PASS: FuzzRangeproof/750d0a0c7e2946cf5f4bf769580b5a727aa3dffd (0.00s)
    --- PASS: FuzzRangeproof/750f7b14aff62cbadf6d6ae12f379d5283f9a430 (0.00s)
    --- PASS: FuzzRangeproof/757f625bf2aa08c9e35cb6d5f95fb5dda33c6ff0 (0.00s)
    --- PASS: FuzzRangeproof/75e2b691f8053fe40434e3c3ae3c93d706f887aa (0.00s)
    --- PASS: FuzzRangeproof/760fa7f1bc1524c55a34af65ef4c4c59940b216e (0.00s)
    --- PASS: FuzzRangeproof/7621d99c477a30566502e581ccba253a5b55dac7 (0.00s)
    --- PASS: FuzzRangeproof/7656e04d573b7a8d962bbc74821fd1f31ea72e10 (0.00s)
    --- PASS: FuzzRangeproof/76a2b3c87f19995c11506a81c962121f05bd33e4 (0.00s)
    --- PASS: FuzzRangeproof/77220fe9c7d6f3496aaea7527e3ae81eff8d026a (0.00s)
    --- PASS: FuzzRangeproof/77f8ee0c795b383b75b141aa784aac4a8637fc4d (0.00s)
    --- PASS: FuzzRangeproof/78b3eaab2c4996ca1ef21d3c4cb54efbf319cb1e (0.00s)
    --- PASS: FuzzRangeproof/794c96b3205abbc387b4688630d28bb82890973b (0.00s)
    --- PASS: FuzzRangeproof/79834baf374a67602b0866b584c8acd0b7402ae8 (0.00s)
    --- PASS: FuzzRangeproof/7a9c0e587b23411161c3fd7a1680ad9499dec41d (0.00s)
    --- PASS: FuzzRangeproof/7b364c4989f0c4f6237532f80c9500df793dbbd1 (0.00s)
    --- PASS: FuzzRangeproof/7bb8de048023e13a9c3506b45fe1a59116c33892 (0.00s)
    --- PASS: FuzzRangeproof/7c1c9960e9c496733c0721ea34add87b6af962c3 (0.00s)
    --- PASS: FuzzRangeproof/7ce3d4df7329fdd744d4fa9095e488c7821546c4 (0.00s)
    --- PASS: FuzzRangeproof/7d21d631383deaca4a980bbe658dc3cd29bed8c2 (0.00s)
    --- PASS: FuzzRangeproof/7d92cddab6ec892157d170e7ba6eb50a34dc73d3 (0.00s)
    --- PASS: FuzzRangeproof/7e115bd209baeef3bd03977d439a7974def3bf5d (0.00s)
    --- PASS: FuzzRangeproof/7e23618ac9af7f088fb7d87135cfbf63f68831e9 (0.00s)
    --- PASS: FuzzRangeproof/7e8e8478402b7c0c8ec2015cf5e544d7ef679e3c (0.00s)
    --- PASS: FuzzRangeproof/7ec5207e6c87af5eb5339ec0d89132765777b378 (0.00s)
    --- PASS: FuzzRangeproof/7f212082da3d38f939914e6e7e07a98c5508bf57 (0.00s)
    --- PASS: FuzzRangeproof/7f836e3b32963b6ea557f262a63287d040167530 (0.00s)
    --- PASS: FuzzRangeproof/7fc17fcad2f21e088f1285a8d641740a6336fa81 (0.00s)
    --- PASS: FuzzRangeproof/804213f2ffc55517bc8eaca63a852d5e0b1be346 (0.00s)
    --- PASS: FuzzRangeproof/8054f5b38b09454cfd7ebd4dfc9814f2e2c175cb (0.00s)
    --- PASS: FuzzRangeproof/81034f0279488f35850f1b88ce00055c57e909cc (0.00s)
    --- PASS: FuzzRangeproof/8111a0f0c351b1fb8b620a3bec2d3bfbe6daecd7 (0.00s)
    --- PASS: FuzzRangeproof/8114d3e42a42e110d8334148ccb1a0f9d78829d1 (0.00s)
    --- PASS: FuzzRangeproof/81567bc3d6d71860495425e5992de5568d4b46b6 (0.00s)
    --- PASS: FuzzRangeproof/823a4a91675b2baa9860f30cec63ef3f9493dde4 (0.00s)
    --- PASS: FuzzRangeproof/82d0dc9be9c4bc17efda5de2810da977304bb7a4 (0.00s)
    --- PASS: FuzzRangeproof/82e94e18fda45d60fdc9852ea2378061a57818fb (0.00s)
    --- PASS: FuzzRangeproof/839016cd427b5116de8578c3e31fa1d2ce089f34 (0.00s)
    --- PASS: FuzzRangeproof/854a55e9c476319d89594aa8014a8c63c53c6378 (0.00s)
    --- PASS: FuzzRangeproof/854fc11dcf54b4e1a7315bc33c866a4e038a613a (0.00s)
    --- PASS: FuzzRangeproof/85977313a6aeefacb9edd55d4796ec89997f9826 (0.00s)
    --- PASS: FuzzRangeproof/85b32f8856b545c2afb37b6b206c3a529caef513 (0.00s)
    --- PASS: FuzzRangeproof/85fea06e90af5ab6fe5c2cd760a3bc3a8169e5b1 (0.00s)
    --- PASS: FuzzRangeproof/86dd4f909040d25398e218b1b1f3af1919fb76d9 (0.00s)
    --- PASS: FuzzRangeproof/87aa0fcb30a95ba60baee2bd5944d4a70c790b2c (0.00s)
    --- PASS: FuzzRangeproof/8830d927fcb6f718cf83135a156a813e4de2474f (0.00s)
    --- PASS: FuzzRangeproof/889303880c28db08225d2e2723fbb705f907287d (0.00s)
    --- PASS: FuzzRangeproof/893c2c0bbcdd80186dfe8b72465fd68e9f60a6a7 (0.00s)
    --- PASS: FuzzRangeproof/8960fcf45639119852a6fbacd7f8624630c04be6 (0.00s)
    --- PASS: FuzzRangeproof/8b1664f8b2dbbac02fda8b93f367f069a62f44f0 (0.00s)
    --- PASS: FuzzRangeproof/8b2fcedbe672d4bc3c0339dd63b7a88d22f7460f (0.00s)
    --- PASS: FuzzRangeproof/8bebc849f08b65ca23128c313f418bf049941b92 (0.00s)
    --- PASS: FuzzRangeproof/8c1a91ef6b8383922b38c7b0a5302dba22ed7ac9 (0.00s)
    --- PASS: FuzzRangeproof/8c2912dddaa472eb398c20ec165b91baed3eaf0d (0.00s)
    --- PASS: FuzzRangeproof/8cdc87bb13ace3df1351577b87a0817bd9949490 (0.00s)
    --- PASS: FuzzRangeproof/8ce31643b0387199509b6e390f51522da7173075 (0.00s)
    --- PASS: FuzzRangeproof/8d9eca1bd301a9b0a608b021f106575eabeb0feb (0.00s)
    --- PASS: FuzzRangeproof/8dd89e74f141ce99f1a322b1f4d280d14151147e (0.00s)
    --- PASS: FuzzRangeproof/8e24ca43f486a335b28cda659772e485b7ca948d (0.00s)
    --- PASS: FuzzRangeproof/8e4b0af51e1bfc30b5923394cf7d9984bf2ea8f1 (0.00s)
    --- PASS: FuzzRangeproof/8eb02e4e00f5eb899eeb948ddc8ea9ed83ea86c9 (0.00s)
    --- PASS: FuzzRangeproof/8f2a4685c002e1a78e301e9ffa2ea87330eb059f (0.00s)
    --- PASS: FuzzRangeproof/8f9fe68546d8ac2bf290618ec8e9edc31924111b (0.00s)
    --- PASS: FuzzRangeproof/8fa7ff9c4ee66dc9b413505b27feccba294ce546 (0.00s)
    --- PASS: FuzzRangeproof/90cca1047902d76a28cfd62af2da5b8a0c008055 (0.00s)
    --- PASS: FuzzRangeproof/90fdcddfda9e9e17d591a3f3768674d00fffaaf8 (0.00s)
    --- PASS: FuzzRangeproof/91b403007fdcb9ed21e4d20da21f08ddb57dfa2e (0.00s)
    --- PASS: FuzzRangeproof/91cfe82375f6e358d1fdbeb6c19f83978f60be08 (0.00s)
    --- PASS: FuzzRangeproof/92bfc62b6c203138bde03609e0d254a6a1237aa9 (0.00s)
    --- PASS: FuzzRangeproof/937cc223b61c28a19cac2819ae81c15248aa8f9f (0.00s)
    --- PASS: FuzzRangeproof/942cd4942ba362010c221621e4fa22c5ebe4312b (0.00s)
    --- PASS: FuzzRangeproof/94830611ab919a54b61896c2ba6c7b5f2c831ed0 (0.00s)
    --- PASS: FuzzRangeproof/955110d4adc16b7d745d6341845bb07008f7f8ca (0.00s)
    --- PASS: FuzzRangeproof/95531bf9253ebdc6051b373f5f0d583ac4ecb9bc (0.00s)
    --- PASS: FuzzRangeproof/95d400e7304d5e91c5a609ca0b9044729a206158 (0.00s)
    --- PASS: FuzzRangeproof/96ad165bf2feee13dcbbe846b81be0043afcad89 (0.00s)
    --- PASS: FuzzRangeproof/96b08f7c5822bed7a91d1f32397bddbc2e107c18 (0.00s)
    --- PASS: FuzzRangeproof/9811f044546d30a8b0ddc256e6947447a7938b53 (0.00s)
    --- PASS: FuzzRangeproof/99adea88afd444cb5a5c3cf48f1b6812a88ecd4c (0.00s)
    --- PASS: FuzzRangeproof/99eb928f1da5c713c8c858c405c73ce1e1c743fc (0.00s)
    --- PASS: FuzzRangeproof/9b611c3d6ae468612d2e526118f43025f854c1b2 (0.00s)
    --- PASS: FuzzRangeproof/9ba744dd10b61a0d42c7a19f45b00a9ebca3d6f0 (0.00s)
    --- PASS: FuzzRangeproof/9df3f340b44e368c5d9abaf83b2afab709bbb9dc (0.00s)
    --- PASS: FuzzRangeproof/9e010e9ffcb6199b7d9935266c94894f408d0ce7 (0.00s)
    --- PASS: FuzzRangeproof/9e12d751c0397a8341f9a730a187af1aaada5c55 (0.00s)
    --- PASS: FuzzRangeproof/9fe8a0f96b4ae255b179262075e8561d1e7692ac (0.00s)
    --- PASS: FuzzRangeproof/a07a2d78b8d52c4b6b95d7881b16509fbc293aa7 (0.00s)
    --- PASS: FuzzRangeproof/a10909c2cdcaf5adb7e6b092a4faba558b62bd96 (0.00s)
    --- PASS: FuzzRangeproof/a232c1053d054d7199db98977d656c59c89ac280 (0.00s)
    --- PASS: FuzzRangeproof/a278cf2d380fcadd09a3a93b9b0910145c0e2ac0 (0.00s)
    --- PASS: FuzzRangeproof/a2d4ebff2ac71244251dea7812624934bbbdbd00 (0.00s)
    --- PASS: FuzzRangeproof/a2fa37fd78a0a0409f6d0fdfc3530beacaedf7b3 (0.00s)
    --- PASS: FuzzRangeproof/a3eecbf0bbb86ec9c69c86fca196c9134fd17a11 (0.00s)
    --- PASS: FuzzRangeproof/a533e20dc30afe4a8db9623b2010d12dd5ebd24d (0.00s)
    --- PASS: FuzzRangeproof/a7201cb141d77af9b1b2ae1f16672fe293553ccc (0.00s)
    --- PASS: FuzzRangeproof/a834ee46e0c54d3d330a308d1527f4c2f0ed676b (0.00s)
    --- PASS: FuzzRangeproof/a921348638ec718c48a045313fffdcd54ce1ea28 (0.00s)
    --- PASS: FuzzRangeproof/aa430206f5cb4ac2c245b1238d8a70432d8b1076 (0.00s)
    --- PASS: FuzzRangeproof/aa8c0d6c35ef3fcfa91338613609c269308aefca (0.00s)
    --- PASS: FuzzRangeproof/ab0c0bd0f6d6a5c239b560c44e6cf57c00dbc8fd (0.00s)
    --- PASS: FuzzRangeproof/ab2c807812bb435894937f159714e5d258d694b6 (0.00s)
    --- PASS: FuzzRangeproof/af29b224dfcadb14f3747742f6d73ee9a1ab7bff (0.00s)
    --- PASS: FuzzRangeproof/af4a148c168c205615e48b6d7da8fa54ba0f89ee (0.00s)
    --- PASS: FuzzRangeproof/af9474e900c79c16ed46394c6cd58a38e5b2525f (0.00s)
    --- PASS: FuzzRangeproof/b005eca6b4ece2b463ebdb321420f623b46a46c5 (0.00s)
    --- PASS: FuzzRangeproof/b0260d22f5a4d6a5ce29ae1943208b773214eab3 (0.00s)
    --- PASS: FuzzRangeproof/b048955dc734a520a4ed36fb7d073368bc7c4d62 (0.00s)
    --- PASS: FuzzRangeproof/b0bc7488aa2c2faa5a20de976aca84c2de4d5d2f (0.00s)
    --- PASS: FuzzRangeproof/b0bd7271436385a4b87540f62db4a1851965bb74 (0.00s)
    --- PASS: FuzzRangeproof/b1d66ea771703bb5403c2846a84ff06709e19188 (0.00s)
    --- PASS: FuzzRangeproof/b1e64c9a5f2ac0fbd797299580e07e4c540c7e1c (0.00s)
    --- PASS: FuzzRangeproof/b2c779162001a8852ba9271c4bb0659260778943 (0.00s)
    --- PASS: FuzzRangeproof/b4155387725790bac4517f7a7396ee8b3757a368 (0.00s)
    --- PASS: FuzzRangeproof/b41ba093ac3bc6e8e31ad05bffba66f352b53abb (0.00s)
    --- PASS: FuzzRangeproof/b43db3eb23e4488155aa21fbedf5402192be837d (0.00s)
    --- PASS: FuzzRangeproof/b4e9c608aa3ee3f79bf45e746de8f602f7078f35 (0.00s)
    --- PASS: FuzzRangeproof/b6a45319a0c64d4d0714907d1cd9f71914b9e88d (0.00s)
    --- PASS: FuzzRangeproof/b755ba9c3e0840b7f9936acb9d614099c3f21fea (0.00s)
    --- PASS: FuzzRangeproof/b7d0441b4894d58de064a93d45d88629a37d2336 (0.00s)
    --- PASS: FuzzRangeproof/b7f76c4c57b0749149b521c92527fef901b95382 (0.00s)
    --- PASS: FuzzRangeproof/b875e8725850c811651c52c5ddde83449bb1709a (0.00s)
    --- PASS: FuzzRangeproof/b8a5d4b1c504b99e64413d2fb0796b8341fff723 (0.00s)
    --- PASS: FuzzRangeproof/b8ab3a7a93476458e2aed16e86dcaedafd4ba5ba (0.00s)
    --- PASS: FuzzRangeproof/b9c70639654af799977ad983095ec40b55e660e1 (0.00s)
    --- PASS: FuzzRangeproof/ba445985985d97950c0b5636ed6ef976cdf39ecc (0.00s)
    --- PASS: FuzzRangeproof/bb8012a799b2f028c909b8845b4d7b7f641b1353 (0.00s)
    --- PASS: FuzzRangeproof/bd8d5b9179a1f22144d084c2b02e599b09b8becc (0.00s)
    --- PASS: FuzzRangeproof/bdceb493520f50089cd6419f712f2c87813da45d (0.00s)
    --- PASS: FuzzRangeproof/bec8fca3b90e67fd2c3622e3267dae5f16168681 (0.00s)
    --- PASS: FuzzRangeproof/bf6894a2bfd5882f08d7a038cea2217a006086bd (0.00s)
    --- PASS: FuzzRangeproof/bf6ab7c62f5baad2a72c3b24d176995df2c055df (0.00s)
    --- PASS: FuzzRangeproof/bfd8f10a56069581bb7d6ea198d8de98d0d27c74 (0.00s)
    --- PASS: FuzzRangeproof/c1c8594f4c4c2bb13d0d4853541b884f171b6fb1 (0.00s)
    --- PASS: FuzzRangeproof/c2a3d56af92fa46f1bff6c7859e6585ee48d30f0 (0.00s)
    --- PASS: FuzzRangeproof/c2ded0c23f68f280ada49e368b23c5bbc383c54f (0.00s)
    --- PASS: FuzzRangeproof/c34cec7abdba05ad0f619188dd175c768978dafb (0.00s)
    --- PASS: FuzzRangeproof/c3b9c787a14a855a74ea67cc071bd83ce44aae34 (0.00s)
    --- PASS: FuzzRangeproof/c523760d297ba92e7e30ee2e3a4873edb0281f0c (0.00s)
    --- PASS: FuzzRangeproof/c57ac145e850a72dc5b8eb2ba2f3b51668c34c7b (0.00s)
    --- PASS: FuzzRangeproof/c5bb72dfb8ca549dbd0637d9a8e0ff1542340d58 (0.00s)
    --- PASS: FuzzRangeproof/c6013afeb0ba6752dfac24eab0740f5e92821b7a (0.00s)
    --- PASS: FuzzRangeproof/c699f871d723d39d1f741dcaf6e780bba312d750 (0.00s)
    --- PASS: FuzzRangeproof/c6e2dc9ccc763121877a7c58107915136e7a5e42 (0.00s)
    --- PASS: FuzzRangeproof/c769ece5918a1774b66525aeca75fba795410990 (0.00s)
    --- PASS: FuzzRangeproof/c7a54d94caf631aa2d9ad850e21b741bb92e12ad (0.00s)
    --- PASS: FuzzRangeproof/c7afda56599e181d305917f392718e4e791eff6e (0.00s)
    --- PASS: FuzzRangeproof/c8bc099dceee73b1b4aa7b40d642f933f2178182 (0.00s)
    --- PASS: FuzzRangeproof/c92756ca6ee206d872f0b5652f99103d6e5953db (0.00s)
    --- PASS: FuzzRangeproof/c985d3dbeffae4f5a7fc0d215e6fb7aa45d49fb7 (0.00s)
    --- PASS: FuzzRangeproof/c9c0b23a46c16bae1ed027ae1523b618295120df (0.00s)
    --- PASS: FuzzRangeproof/caf4c91b4463445e68c4c9e811c7b6f8e5e50be9 (0.00s)
    --- PASS: FuzzRangeproof/cb22423be0951d88b24783b86a832d1f0d94e029 (0.00s)
    --- PASS: FuzzRangeproof/cc3885bf45e134b771092cb97a04eb0132e1c7e3 (0.00s)
    --- PASS: FuzzRangeproof/cd0473ba4c08861aaad240e36426aff6f0f3e9ef (0.00s)
    --- PASS: FuzzRangeproof/cddb202feebc063635d51ded6e7e7bd65f8c59a6 (0.00s)
    --- PASS: FuzzRangeproof/d1accfddda6360ecc9ce569cc56394fb01ad60a4 (0.00s)
    --- PASS: FuzzRangeproof/d284fc406846b0e5945c612debf7fd0e6ac8e00f (0.00s)
    --- PASS: FuzzRangeproof/d34c0f2d31c66d5b4dfd16ce9bcfb1c72f07ebdb (0.00s)
    --- PASS: FuzzRangeproof/d3d797acf5e72e81c47665392fe82421f30f2c61 (0.00s)
    --- PASS: FuzzRangeproof/d456ec41bf59743d1438fa77617e79ec3b5c5c91 (0.00s)
    --- PASS: FuzzRangeproof/d45f8e48189524ade412342754bb78ef3af80149 (0.00s)
    --- PASS: FuzzRangeproof/d4d29d4dbfbe7139587afee6b8bca8eb127c58c9 (0.00s)
    --- PASS: FuzzRangeproof/d55f8909a5ba87720bf93127520d941855c67966 (0.00s)
    --- PASS: FuzzRangeproof/d660189efb6b27ef04a2cfc7ab2b73ac5afe2f45 (0.00s)
    --- PASS: FuzzRangeproof/d696f617d83b1dfa7750e1034572e6fb977a4c2f (0.00s)
    --- PASS: FuzzRangeproof/d7914a85e15d1189174669ac3d8eeb733b822f39 (0.00s)
    --- PASS: FuzzRangeproof/d82e75fe6d98f8ce56225e5ba05f01dcd3798280 (0.00s)
    --- PASS: FuzzRangeproof/d8801bd7d78ceeef428a74ef5f5a9fc0ca99ebb7 (0.00s)
    --- PASS: FuzzRangeproof/d8898eb22c4cd96c3e283f8a751f63438a8301e7 (0.00s)
    --- PASS: FuzzRangeproof/db92839342ead7e6a6022ae65f37fa26a35f203b (0.00s)
    --- PASS: FuzzRangeproof/dc296f2c58476c553777d3de83e68b66bb3273d7 (0.00s)
    --- PASS: FuzzRangeproof/dc4a367585af14ea75d4b383c627af7129727986 (0.00s)
    --- PASS: FuzzRangeproof/dca7a25b097507f9e0ab9af362ae37e0a29f8a28 (0.00s)
    --- PASS: FuzzRangeproof/e0009f8a6f908a04fda9092c1cb91bfb948a31b8 (0.00s)
    --- PASS: FuzzRangeproof/e115a2a2d71ef6142763a6b2cd7b613cfc371e7b (0.00s)
    --- PASS: FuzzRangeproof/e153389f18ad394288ff3fe93b3ec1a8ea284d79 (0.00s)
    --- PASS: FuzzRangeproof/e173ed889f0ee5a92725c65149a7a537cc682ed2 (0.00s)
    --- PASS: FuzzRangeproof/e176ecbf427690f939e5732ce018ee0fdce67ac4 (0.00s)
    --- PASS: FuzzRangeproof/e1950934b5fccbf7dcd4d7a867401d3ad714eea3 (0.00s)
    --- PASS: FuzzRangeproof/e2830813272a0ec21d0ad9cf8f7ac302db4fb292 (0.00s)
    --- PASS: FuzzRangeproof/e331870ea42d1731c76ecd0e760e511df6108fa1 (0.00s)
    --- PASS: FuzzRangeproof/e334cd4c36e817fce8483556018e69467ac12232 (0.00s)
    --- PASS: FuzzRangeproof/e3629330013c0cbd40f67b2cf58931db379a0a0f (0.00s)
    --- PASS: FuzzRangeproof/e3d6220385ef4fe0b2767d3180def8533d0c7360 (0.00s)
    --- PASS: FuzzRangeproof/e3de85eba82db43568daf36025d6736efbe9c8fc (0.00s)
    --- PASS: FuzzRangeproof/e45f65ef6a0e6d4da81e7adca4f96e616b779197 (0.00s)
    --- PASS: FuzzRangeproof/e823c88c026dcee25cdaea015692775aeae12e67 (0.00s)
    --- PASS: FuzzRangeproof/e91b9b9ab9e46e1a7d2726fa1fcfb0db2790c998 (0.00s)
    --- PASS: FuzzRangeproof/ea460a2d723c5bb22772648f8435afb3f4321be2 (0.00s)
    --- PASS: FuzzRangeproof/ea5689ced4df32c2b3bb723b04027f872bfc7ca1 (0.00s)
    --- PASS: FuzzRangeproof/eaa0194a1e4f5eb8474065dfa3dece30b47b007f (0.00s)
    --- PASS: FuzzRangeproof/eb82025207404fc7273dd91a0a5d39871a868f30 (0.00s)
    --- PASS: FuzzRangeproof/eced58b92cf4b8f6b84b9797f90042229a99dae8 (0.00s)
    --- PASS: FuzzRangeproof/ed481c80c9ebcb5d5f7a0b2c3c65bf3c61116723 (0.00s)
    --- PASS: FuzzRangeproof/ee9272bd97f9b609e528a6b4a6a06e064af3d9f6 (0.00s)
    --- PASS: FuzzRangeproof/ef54d7fc4303b483acd26b9fcb4d65ef65898a29 (0.00s)
    --- PASS: FuzzRangeproof/f0a3fc48539965070af8fc8a105b88b25fe9a0ec (0.00s)
    --- PASS: FuzzRangeproof/f0adbaafc509dcc31e652dc206a28cdd694f11fe (0.00s)
    --- PASS: FuzzRangeproof/f1e817ad5d0aafc25772421821eac4389a69e16d (0.00s)
    --- PASS: FuzzRangeproof/f389e8d4fcfddb9d9aeff9b6483aff203a88fe59 (0.00s)
    --- PASS: FuzzRangeproof/f3c90bf423a85b0a5b088579cf92cfb516517aac (0.00s)
    --- PASS: FuzzRangeproof/f4910882139e460af3b27c7795e054d0cce47b54 (0.00s)
    --- PASS: FuzzRangeproof/f5072b5aed6c7a8b721813a68d95a9a239ae20f3 (0.00s)
    --- PASS: FuzzRangeproof/f53210c458868f773df9e629c00f1338560c3801 (0.00s)
    --- PASS: FuzzRangeproof/f556f68dc95ba76887f6e5a5a94f10773acef3f9 (0.00s)
    --- PASS: FuzzRangeproof/f5f1b96fd600184e02d3cadb4ce239871f7c7267 (0.00s)
    --- PASS: FuzzRangeproof/f871a5592ebf4ad2e5e19457108fbdb6b5b32d3e (0.00s)
    --- PASS: FuzzRangeproof/f932a87bbb97511d77cc3c284ae798e76cb29ea6 (0.00s)
    --- PASS: FuzzRangeproof/f9a3ed91927455ae9073cf2f042e678fbadf707c (0.00s)
    --- PASS: FuzzRangeproof/f9b9c8380bd98c18403843e06a52f4c635f651a4 (0.00s)
    --- PASS: FuzzRangeproof/f9d2a12535d1c00cba3412493d16eddb5dac9c6c (0.00s)
    --- PASS: FuzzRangeproof/fa0cb8bda6e05ac955edaf3573f63ef3576414f0 (0.00s)
    --- PASS: FuzzRangeproof/fa62d9b491a5b56d0aef793bc29c4be8ad5b5209 (0.00s)
    --- PASS: FuzzRangeproof/fad0a3d15818d77a614aade2c6b41527f940de36 (0.00s)
    --- PASS: FuzzRangeproof/fb36f1bd3a3d5627005bbea93e7cc62296aa29da (0.00s)
    --- PASS: FuzzRangeproof/fba33a42e3a49a32d26e7da405f8cfcc0cc2c0ae (0.00s)
    --- PASS: FuzzRangeproof/fc31b909e99b89d25ae2395535d1d86297858aa6 (0.00s)
    --- PASS: FuzzRangeproof/fe1208f038720983376b312a78c1887235f37d68 (0.00s)
    --- PASS: FuzzRangeproof/fe591ceb82f84406a88d048bd7a221b36d28b42b (0.00s)
    --- PASS: FuzzRangeproof/ff901765160fe56fad9c51a57d389cac408f233f (0.00s)
    --- PASS: FuzzRangeproof/fff5327a70991c806882264003763b8a394266dd (0.00s)
PASS
coverage: 93.3% of statements
ok  	github.com/morph-l2/go-ethereum/tests/fuzzers/rangeproof	0.347s	coverage: 93.3% of statements
	github.com/morph-l2/go-ethereum/tests/fuzzers/rangeproof/debug		coverage: 0.0% of statements
