=== RUN   FuzzRlp
=== RUN   FuzzRlp/00bbd8b152f0a57bcbfde7c0eede843730614f41
=== RUN   FuzzRlp/02284f6d9d38f184e76543dd7edc02663714ab60
=== RUN   FuzzRlp/02946ebdcb909c8e2b3c508213457f79b8febe64
=== RUN   FuzzRlp/029c61fb4709f12c50c654b47f4f586c7dcd226f
=== RUN   FuzzRlp/032cd371a40d6b9db4d417d6c96f26d00f8a2d28
=== RUN   FuzzRlp/03735d72d9b77b4e4d7c6f463d93afab6e43c0ab
=== RUN   FuzzRlp/039fd5c414759c3a3698861cfd50a0591e2e2c49
=== RUN   FuzzRlp/0401e81abf833300cdc39b4eb419ecffb953d5bf
=== RUN   FuzzRlp/04b7169f804cc52be6b016d1e46a4154585673cd
=== RUN   FuzzRlp/05046de21d32294aaef73c06c0dc6acbb1d9d249
=== RUN   FuzzRlp/054d11226ce281d4a1f72f91d22dd9b3623ac135
=== RUN   FuzzRlp/05729e4adc7cf97e511c808780c3fc1dd843b14a
=== RUN   FuzzRlp/06276ebbbd832628e720adb690edef8560558d52
=== RUN   FuzzRlp/063d0237b7c2421264cbb92695959adf959d9aa4
=== RUN   FuzzRlp/06802427524c6b9b1dc2115674027cd9f164e702
=== RUN   FuzzRlp/06d502b16185edfdd39080ae0ab75d7bf66442e7
=== RUN   FuzzRlp/0757ba1f193bd6829d527f3360e377e3e6242b33
=== RUN   FuzzRlp/07bc6422a0ae5f06e1990a0b785c48843ec28961
=== RUN   FuzzRlp/0876bc12ef39cd42e42a789b41a6358bd0b7b7ef
=== RUN   FuzzRlp/08817e4787662475e70850b8bb2416af6894f1cc
=== RUN   FuzzRlp/0910e6f25584c45ce88027e9b349e32b76896b10
=== RUN   FuzzRlp/091598276b8288cee2f10f102d3bbdc9c22d998b
=== RUN   FuzzRlp/091dbbdf141a4c686935f6cf94214dae6421999d
=== RUN   FuzzRlp/093cec71c185944ac4f6d85be69bb75df0e8f182
=== RUN   FuzzRlp/095699db7abe29faa862858463eb305ec2fe168e
=== RUN   FuzzRlp/09c477e9b7f25a79f05343eb916c615808cb604a
=== RUN   FuzzRlp/0a0b9aad1a17cc7c29033b1e3e7dda70ce9a0e30
=== RUN   FuzzRlp/0a46cbd73b6d60e0d1481bee807f53e690cf63a2
=== RUN   FuzzRlp/0a9b1af5c1b5553ca0975ebb2d757b57dac81d6c
=== RUN   FuzzRlp/0b53622319998cd9c6ed837dd2aed87752d36b29
=== RUN   FuzzRlp/0b680a7c32531c89b957ee14b002357f62c0a3b2
=== RUN   FuzzRlp/0bac35fcca618e9c0d3b294f1878305eff8badef
=== RUN   FuzzRlp/0c473685dcce31881cafcca06cebce51456a2f82
=== RUN   FuzzRlp/0d01df181409bf0b37543287da180a5abe59c65a
=== RUN   FuzzRlp/0d10be892bf0d186bab9cc38623198c05890440d
=== RUN   FuzzRlp/0da8d10be845476273bb5056e535c14c58edc8a7
=== RUN   FuzzRlp/0e8f747ccf8815e7a9f9f3b17b7b7e844edd97f7
=== RUN   FuzzRlp/0ee0c1fb69bed6a2cb74bd5359ff05904f98767d
=== RUN   FuzzRlp/0f10393a17d2d7be530d0c2e3e3ca12ef594463d
=== RUN   FuzzRlp/0f4b823213577f4ae79e1181ea10354854cc75ec
=== RUN   FuzzRlp/0f52e348c83e10979f1bfa9e71440a13c20b36d3
=== RUN   FuzzRlp/100e2695a77889e37f0556aa74f62c586b01aa89
=== RUN   FuzzRlp/10891666fcea4bce39782114df4268dc7ba7d059
=== RUN   FuzzRlp/10e93f062d8721cadd48546ef43acba23311aab1
=== RUN   FuzzRlp/111b8e5d34e6e01f8a876cb49cfba20ae9048545
=== RUN   FuzzRlp/114d9becdfeceac6ec3093ac5ad5c438cba4299e
=== RUN   FuzzRlp/1186a157e92e7bc532b6679891b35b22e20eb191
=== RUN   FuzzRlp/1233ad73023059137e37cade1bd18b63063188a2
=== RUN   FuzzRlp/12d00e6aa03e74bb5d0b0424ebc5a8a9887e28cd
=== RUN   FuzzRlp/1303d1a08fe689da82e38b256991d1262041a33a
=== RUN   FuzzRlp/130ae2bc5df078e5c7ceb5e8e1f7be036b481c57
=== RUN   FuzzRlp/13284ca3f4f7ab07fd7750e07fbe829018854fc8
=== RUN   FuzzRlp/133c1ab5a46d6eab6878280481f2b9a88cacc658
=== RUN   FuzzRlp/154b7f1facfbb70f6b0461d5ba9e5d55d84b9457
=== RUN   FuzzRlp/159e9d8517f3b56b20dc06788f9278b186753d29
=== RUN   FuzzRlp/15ab90f3e78a43958747c49f76b7742b785b5093
=== RUN   FuzzRlp/15bea69de4f7f2153a747b8a78a4cfa5eda6801a
=== RUN   FuzzRlp/15d7a26f64b086d870280dd953b90fd2a06b7ea9
=== RUN   FuzzRlp/167614a311c89c11d56f0aec1e551d25113fb405
=== RUN   FuzzRlp/1718cc5bcd701dc4014be5b75dfecb4894116beb
=== RUN   FuzzRlp/1773f245e544d65efa9e6593bda307041f54ec8d
=== RUN   FuzzRlp/192615fac9e228ee42ca85d50d487e2ab06375c2
=== RUN   FuzzRlp/196e8c3003c5f2c169073942072cec7d2cd5d0a2
=== RUN   FuzzRlp/19d6ac5bd5746703cd05a772a065fa57ab778d36
=== RUN   FuzzRlp/1a619b4d78d1c720a3dff3def62a2e51108e97f8
=== RUN   FuzzRlp/1a7f841941b4861b19578dc75e39042ba3d95284
=== RUN   FuzzRlp/1a979e3e8dd92d00a146a0fa19ee2859a31a01e5
=== RUN   FuzzRlp/1ac7d838946537b0533e519a3cbb4415c26f1995
=== RUN   FuzzRlp/1c19ab4795c2792e5f2f33d5bcd94b07898b2481
=== RUN   FuzzRlp/1cc20090e485a2858427eb882e56337693f5631c
=== RUN   FuzzRlp/1d3aca20960f2da184f3563c4cfa0cc25c48eb26
=== RUN   FuzzRlp/1df2a9fccfc820ba2f4f6311cfc6457950877c9b
=== RUN   FuzzRlp/1e2ed64f28b7ebcf8bc56a38582f969e5ae2392e
=== RUN   FuzzRlp/1e70dfd7dddf0ce6dac35da965d770e69d71512a
=== RUN   FuzzRlp/1ed1a1fb5d0f1776d5544254e4a4a2ddeaf49371
=== RUN   FuzzRlp/1ee3436585f6b2ff2da3d5a10559e57660b8c806
=== RUN   FuzzRlp/1f97101a1e4faab48acc3112a45940cb9e3b894e
=== RUN   FuzzRlp/1fcd488cbf92dd0e1e8d6e7ec65a6e58408e0e44
=== RUN   FuzzRlp/1febebe11a0ea048e09f69de8bae22ec6d83f7b4
=== RUN   FuzzRlp/1ffa7ce0861cddf5a3773092b7e4db7e618749a1
=== RUN   FuzzRlp/203d2e84fbf8cca68962444d129d8bd0b8553e56
=== RUN   FuzzRlp/2090388879b9a93a897025b66feee93038f6cea9
=== RUN   FuzzRlp/20b553515cb66e46cf4e52e380c7a58b3da2a7c4
=== RUN   FuzzRlp/21a7085a44e0a9fd05a0825c10eed2b2db2f3615
=== RUN   FuzzRlp/21b534516a553ea1d782aa1ca0c396eab8afa4b6
=== RUN   FuzzRlp/21e0b440fdec68c30a3b1687a5166100566ed60c
=== RUN   FuzzRlp/21fc61945d1c649a36bac6c16c97d08dc49429e0
=== RUN   FuzzRlp/22d7e6f214d540b41d4126499da1af923e550ad2
=== RUN   FuzzRlp/22d89bf1f1019c615dbc76a478ae7013706cb210
=== RUN   FuzzRlp/232cd22fe2f1094a4a4d6007a1a47b098d683efb
=== RUN   FuzzRlp/23b5a4cb1e978e0b6bfd3de3679a537bbe08d0ea
=== RUN   FuzzRlp/242a70e2b3b335a9143cb51d681113dfbe5eb4d1
=== RUN   FuzzRlp/24a595fd19d34759823e3e562809177f3156944a
=== RUN   FuzzRlp/24d0427e504481c0b6f2e2516e52991749065888
=== RUN   FuzzRlp/252cb75495595cb22dce5875d2011b697afa606e
=== RUN   FuzzRlp/25ac12c9193e0bb7654d4570f5a18df909f881bc
=== RUN   FuzzRlp/271d8a9c459979da47ce21db9526399d4f481220
=== RUN   FuzzRlp/27bde47a07c12b1a379a17ff6ff3778de73735eb
=== RUN   FuzzRlp/27ef43b94a5940e1da7286978cdd3f49e303c784
=== RUN   FuzzRlp/27f7668982b8e6cd1bba384bac3b0fdcbaecd585
=== RUN   FuzzRlp/284d36cfa2a02b288431252dcc78a08fdebe723d
=== RUN   FuzzRlp/2862b9c5bd7ea796604d18590823bb24cb051b73
=== RUN   FuzzRlp/290102923262cd48a11ee450884bbe9ff2467e45
=== RUN   FuzzRlp/29d57200f794cb69255cad6a9c21feacfe86b956
=== RUN   FuzzRlp/29e3002f36a1dfbb6c232afc840070bd61b1f706
=== RUN   FuzzRlp/29e412ef2265be359957bb67e1f07eb38fc951aa
=== RUN   FuzzRlp/2a22b5ecb0461b46cb34da96516980476ad0a49b
=== RUN   FuzzRlp/2a24b7a6b28596d8064bd5cae1a29a0399d310d9
=== RUN   FuzzRlp/2b1f5019c909200cdc9a771e06b331afd5d1f8ee
=== RUN   FuzzRlp/2b98efa667d074d84ae9de6b9ca5afb6470c8eaa
=== RUN   FuzzRlp/2be54e72a9a1d03f6e815647d8fc699d9d774ad5
=== RUN   FuzzRlp/2c58b2a39ee1cc96bfc244306805e641324a5c4d
=== RUN   FuzzRlp/2c8066ba81c82875ae3df17956362ee8a9ea9375
=== RUN   FuzzRlp/2d216b680f17030ad63326c61695356a512e7bdb
=== RUN   FuzzRlp/2d4bba1bf39400a34e39415da72bfbdf80489a4c
=== RUN   FuzzRlp/2e51852080579a8825a81f566c9f68d697826b86
=== RUN   FuzzRlp/2e9192d8cfb10d0b13823eb9a29c95afbcde9dd0
=== RUN   FuzzRlp/2f81d792a6a9cb90052acd91f48115401056a17a
=== RUN   FuzzRlp/2fbe2a467cd225c38c5a767d616795a3989d4de7
=== RUN   FuzzRlp/2fbee3399af9d9616c523cbdab000ae29c4e237a
=== RUN   FuzzRlp/2fcc20ec29ba7cdd6cff6e3cf0d969a22c3c5dae
=== RUN   FuzzRlp/30a5bd16ba6040501c4afb50c8d4b9700ab84d32
=== RUN   FuzzRlp/3123d7ef9e88ab351c2676e287ab50f106b2d43f
=== RUN   FuzzRlp/3144bffb8dc3fe3163890de677fa069e101d0b32
=== RUN   FuzzRlp/31f7d22cf76edf62345ef2ce5ab9a6224041988a
=== RUN   FuzzRlp/328e97f72d733cdd377fee4b7795712fff32c600
=== RUN   FuzzRlp/32a03beeb26322c271b3bb1682bf00ac4ecc79aa
=== RUN   FuzzRlp/32f99875990b09ff18d8982ffc4025eaaa5ed595
=== RUN   FuzzRlp/331bbf72496c9c78eba84373de9b8a69324a4257
=== RUN   FuzzRlp/33942254db5a593f6c9e02b4e5102cc4ddff5581
=== RUN   FuzzRlp/33f7ff7be0767cded719b2b50590b58f0cc4f528
=== RUN   FuzzRlp/3445a954e1c23b6a0942af7f7fc14ec0fbc3bafb
=== RUN   FuzzRlp/34b27d0ef92fa7b9964b0f961e67fac9cb6a671d
=== RUN   FuzzRlp/34f909fca57c47ed17305e26f4bc7ab288f00d4c
=== RUN   FuzzRlp/35555aa8fa2a5466dadfe941c5639fb7452cf325
=== RUN   FuzzRlp/35bab2680a7089e31244fe0aa3cf3ec88d897743
=== RUN   FuzzRlp/35fc94f40ffac8fe33fe3b3c7a5a284742040a02
=== RUN   FuzzRlp/368ee0af327ecc563a566a0e1e2dd51a924a867a
=== RUN   FuzzRlp/36d34d83924677d2784acbbd9244e9c78654830b
=== RUN   FuzzRlp/36e36877621aca80e4223d1e367040798a55dc65
=== RUN   FuzzRlp/37002968bc0c3fdbd32c104c03425fb5d732bed1
=== RUN   FuzzRlp/3725725bc1822d99fdd66ae4f49843bc557d9814
=== RUN   FuzzRlp/374811ebdc51a8f2c9f5ddf67b8d915fca0c9dfe
=== RUN   FuzzRlp/37bb3b2b373c66462219d0928ac7d29728d5799d
=== RUN   FuzzRlp/3848bb3e745e732d9d95cc27ae71624ceeb2915b
=== RUN   FuzzRlp/384d5f57f7b39dfb2672e084fd6e81b34c38d492
=== RUN   FuzzRlp/38712b24ae61b7c23dffe98d69390ed2e9368b7e
=== RUN   FuzzRlp/38c8af2b12f65e0bd0e0b15cdd3db0fbe3f54673
=== RUN   FuzzRlp/394a238e93f6a0a2f7b36a2d63b9d76c7190e57e
=== RUN   FuzzRlp/395856a5acb7499ce4d0310684bc9e85cd6038bf
=== RUN   FuzzRlp/39f88c23a7d905953d42a28050c2602088aba4bc
=== RUN   FuzzRlp/3aa2c6a89ee5b1e79225e4fe1901e6293e64fac1
=== RUN   FuzzRlp/3ae10ad9d8ed2cba272e79c2ce99e0f2a5f1cd11
=== RUN   FuzzRlp/3b9613ec2bf3188e9ef64591252bed0e8b7a4ec7
=== RUN   FuzzRlp/3c39ed8df8d7903491812b13dfd81d988879dab9
=== RUN   FuzzRlp/3c5a8d7dd5577275ee22bae84153cc3c68a136df
=== RUN   FuzzRlp/3dcbe18144dd7fffbd1a53bf2e4eafe133ebf81e
=== RUN   FuzzRlp/3f67d28e874667dd5c2c10cfecff26ef41faff0f
=== RUN   FuzzRlp/404fa9e406711d11a072cc217d3c54e99b9eb16f
=== RUN   FuzzRlp/408d506ef3195b14e5d36e23171918483876f101
=== RUN   FuzzRlp/4093bbf2a123149abc7b70807dceec6a5a044a22
=== RUN   FuzzRlp/40d43aaeb7bff7e7c7b010d2b20ffd1cd467251a
=== RUN   FuzzRlp/41d3ed383a7807e4a3b0ed35cb39eceaf54f833e
=== RUN   FuzzRlp/430f70f09c079d42883fc13f8c8ef942124d2cbf
=== RUN   FuzzRlp/43224511d52a1e17c2b7b127226551cb139476fe
=== RUN   FuzzRlp/4351d13f9511a3ce02892e8333677c496af7ee29
=== RUN   FuzzRlp/435c77cbb3606ce9ba7f6eaba2eecf7e0ff26daa
=== RUN   FuzzRlp/4384a6ed6ace163ff3682286ffa0ad1c42b899a2
=== RUN   FuzzRlp/43ca83d24720b1759ea159fd51fab8805ce3d8b0
=== RUN   FuzzRlp/44243dda68fb6a6e13a687a42058a7d153fe135a
=== RUN   FuzzRlp/44783e4c1ba0f1c0f36e36b5ec53de4704dfed96
=== RUN   FuzzRlp/44883872f50ba055dab2bca8027bacf4cce6e5ec
=== RUN   FuzzRlp/4496b5aad0f6eac2425392d458a4cbf9b848aad6
=== RUN   FuzzRlp/44c9d2329b5f2e386e2f00823c98d88f543e4c0c
=== RUN   FuzzRlp/44d728a2519aa7c85d6a5e9abe7e0f2d73cc0839
=== RUN   FuzzRlp/44df3440b39caa329f7b827f54952e6e5fe56744
=== RUN   FuzzRlp/454ccae58a373fc2cf4082369b4d06125b73b1bc
=== RUN   FuzzRlp/45db64a3d3f60f2a9ebb1e8cfc9157c97dc5104d
=== RUN   FuzzRlp/460af765f7c4375f787df00aa0b45db560e23993
=== RUN   FuzzRlp/4643db30750657d31d41d95d4204798573285141
=== RUN   FuzzRlp/46639f5dec0ce8dcf918f27d511ab26c7a349b03
=== RUN   FuzzRlp/4665a67a32a46fa23455818be6942d2d76982e6d
=== RUN   FuzzRlp/46821531779fc823090ccc3562e11375d6987431
=== RUN   FuzzRlp/468be45c362c6582b8839a73bdaa9aac1b2577ee
=== RUN   FuzzRlp/475fbc1f203ef87bb8020af775164dcd09b068a3
=== RUN   FuzzRlp/4796684e7333c23ebd1be1f8eb3c346722ad8e62
=== RUN   FuzzRlp/47ad7dac98f422e12e22dd4a2028d81a40bd4899
=== RUN   FuzzRlp/47f048bc49e30c71698f94ea2415ecec5ffc356b
=== RUN   FuzzRlp/47f31209bf2913e229b698ac47a3a7fb28c174ef
=== RUN   FuzzRlp/48355aff739f9696a9d1623e3010dbeea8184d13
=== RUN   FuzzRlp/487100816e0268d7e61313d07b6082068402a54a
=== RUN   FuzzRlp/48c48d08ec13fc3ddc4c49f77436a0af0a325e1a
=== RUN   FuzzRlp/497239b29e752e5f88f4690ba32cb5eea844bf7d
=== RUN   FuzzRlp/4972576000e8c9c6875d2c5ed143feb64a598ecd
=== RUN   FuzzRlp/4a021d8d737196988035cf057ee3e9b3441ad037
=== RUN   FuzzRlp/4a3b1f7609f5b6fd3425a5f273c66506bde4e582
=== RUN   FuzzRlp/4a5ad3232d1570f2085a1586f6e15f3433d925ad
=== RUN   FuzzRlp/4a8fd1f5e6b5aea866339311512c3ff5e53a3f77
=== RUN   FuzzRlp/4aeabb9ef17079ef7b6c965cb84d32965b7aa512
=== RUN   FuzzRlp/4c193d75a629281d946292020ddd0ccc35a71d16
=== RUN   FuzzRlp/4cdb0cd94e3aeee84dd74e67cd9dfc1b25706132
=== RUN   FuzzRlp/4d456b957dad5849de668244f7cfd0804c8b14d8
=== RUN   FuzzRlp/4d91752f3efe0d67f20d7f3559dfc9ef17d85fdf
=== RUN   FuzzRlp/4dbff8e98660062c5f3550c0e73f744120fe5425
=== RUN   FuzzRlp/4e038b34bfd2f2675b1a7f7f5a1ca5ff49ea7f68
=== RUN   FuzzRlp/4e762a9b9276becd4bedb27802562668b7e64732
=== RUN   FuzzRlp/4eb232061aad9ca38b726aada0b6643a46308eed
=== RUN   FuzzRlp/4f42286906deb900bb533c29c5fa56bcaf539959
=== RUN   FuzzRlp/4fa053642b888e08be7bcc24458111c0e11cee2a
=== RUN   FuzzRlp/4fb8a7c7b6ab9ea782e8e393e1422da1dd0d2aa0
=== RUN   FuzzRlp/4fb9c7526d14ae91b5e2200c9805c37a45346780
=== RUN   FuzzRlp/4fc879bd12aa1b602870bb157bf6c5ed2d6a119e
=== RUN   FuzzRlp/503e7adc9e4327bb77cb0f9dfb30a7a91ce4f4fe
=== RUN   FuzzRlp/508889f05ff2a64c5ac0faf66ffb855f0c4c3a5a
=== RUN   FuzzRlp/5143532e95f7af8257b030bb9edf6936d23c590f
=== RUN   FuzzRlp/5160ecff6c56fe008f3104098ebd4257c58356ea
=== RUN   FuzzRlp/5275578b2678af3a74891ebfa326f3aeb47eb78c
=== RUN   FuzzRlp/52b4910f8ecc83bdffd0cb9d2357674c411e2ad9
=== RUN   FuzzRlp/531478435093b878094f497a36d51545fff6883d
=== RUN   FuzzRlp/5360d968b024949ea5d1291fc9c4f4adcccd442e
=== RUN   FuzzRlp/5397c6908210e183cb745d2e6991f3da5aff45f9
=== RUN   FuzzRlp/53f843227302c62e2b6e3785126427cb26ddd2c2
=== RUN   FuzzRlp/5408df0c71fbc436cbcb1ce8439a143658809661
=== RUN   FuzzRlp/54a12fcba6fce032998636ae6bb88c84a7ac3f88
=== RUN   FuzzRlp/5536986e5d2e94824038fdccb3ca7c09a70d624d
=== RUN   FuzzRlp/55ddd3ea9ea248666e9587aa87cc33a2b2e34cd8
=== RUN   FuzzRlp/55de37e4b1842b4d1c95b84c7a8a57069c92705c
=== RUN   FuzzRlp/55f361c1851144bbbdf3cc872adcb0b257e7fab3
=== RUN   FuzzRlp/56ea3ce091f81cb3a1ac29df73be9f90bf6c7258
=== RUN   FuzzRlp/581525d489e63717b8d25841a82575c6103fdb92
=== RUN   FuzzRlp/58308b9a3f7bc11d7a62ec28d86bb190d94c39ed
=== RUN   FuzzRlp/58b2dc1430adcf324a86fe7e09ae6a2d29a23bf4
=== RUN   FuzzRlp/58b4fce8b2354d35cda17328136a3b3b0b6681a0
=== RUN   FuzzRlp/58e6222c86132b12d785e30b7c9a4105ae660e79
=== RUN   FuzzRlp/591177c04a12e5901f576885141f38bd2723f835
=== RUN   FuzzRlp/597ce21f5415999566256bcc8140cfc99ea1ebc1
=== RUN   FuzzRlp/598048a7cec42338f1ecd8c9c0f765d70f3dfcd6
=== RUN   FuzzRlp/59d77f81484be4c5262e58824a02bcf54a335ee5
=== RUN   FuzzRlp/59fc0d257f1deef463ed4f00e691016280ef3fcb
=== RUN   FuzzRlp/5ae9772a60c5b8cdc9ff92a69c2cede400841210
=== RUN   FuzzRlp/5b45420b4cf3e5a2f7f4bfb144ff4ffb92478ff6
=== RUN   FuzzRlp/5b9a2b862b62b738b2196faae86986be9f5a1008
=== RUN   FuzzRlp/5bd0b30f7063bbe73ec9e7553c4eb1ea44429891
=== RUN   FuzzRlp/5e0db68d834a7c5442608eb92b7bace29106b455
=== RUN   FuzzRlp/5e6d17ebfcf58b73da144e92053f38c26f3bb093
=== RUN   FuzzRlp/5ed818da7222e6e403315e9b3fe64503134b2588
=== RUN   FuzzRlp/604a08f7849b987f5c9ff6c27ead04ae08c490da
=== RUN   FuzzRlp/60ca92b0bc4a6426a3d29adc82d21a01d39b19fc
=== RUN   FuzzRlp/60e8bdd9600d84322f5b72f6f742f57253cf866a
=== RUN   FuzzRlp/60efd82faaa102b809b678d75c6963af2347276a
=== RUN   FuzzRlp/6120520ecff34f459889dfb11533cd01f8ca19a1
=== RUN   FuzzRlp/6143dcc4bd90301f3c5e482a9e3c060342340735
=== RUN   FuzzRlp/6178e8f49dc8a4fc4fbdcaaf356d5f536196b94d
=== RUN   FuzzRlp/617f5053e940cbb1eb5e3edb1951dfa6fab168e6
=== RUN   FuzzRlp/6187b775d861433b3e1c7e55554b246911882e0f
=== RUN   FuzzRlp/61bc8899d61ed4200bc4bdc48dc9279d695f20c3
=== RUN   FuzzRlp/61cbc3ffa88e91d703fe6e1e0ed4afdcc7105ec9
=== RUN   FuzzRlp/61faa17cd8e66bbfc719ed611d6083c33119a6e5
=== RUN   FuzzRlp/62db833b040b63d4e15989e95b2d3b53f625709b
=== RUN   FuzzRlp/634c9224561aea6946ce26a4bcf742c53b3e3bc0
=== RUN   FuzzRlp/64344832feda1af76ea88ffe40606806efa382fd
=== RUN   FuzzRlp/64bf52e2815d941df44fce017f691aef3b5f4044
=== RUN   FuzzRlp/654f0f8aec07eb65c747403e5030b51fc774778c
=== RUN   FuzzRlp/655951939a3c8477fe49f5a077c5ef76eab70cfb
=== RUN   FuzzRlp/6691687b3955a61ae60a57c7379cb3b3bedc5208
=== RUN   FuzzRlp/67198d809e523060229e3b6ebec143a374d06557
=== RUN   FuzzRlp/679fa6803f236819b333a9d372da9408c29bec18
=== RUN   FuzzRlp/6848df110bfd5f3654fe75f2b50c1de2b375babd
=== RUN   FuzzRlp/69df182d01ea2d335ef1404720637a649330b1cd
=== RUN   FuzzRlp/6a4290542d48ba94e43262fe26101b2112332855
=== RUN   FuzzRlp/6ad75f1990866fb8f0ef781efd324a81b4682d3d
=== RUN   FuzzRlp/6ae808943f48874d907099c9553089a11e4d2398
=== RUN   FuzzRlp/6b3d80715d06cd14309da05d804629a7be00f624
=== RUN   FuzzRlp/6b98cf0d012384f7f98339454e6bf15e6acdab04
=== RUN   FuzzRlp/6b9c4b94b3c0996dd9593d68b262abf44b3083c7
=== RUN   FuzzRlp/6c354c9930abf5646d0ec6502465c99560a79852
=== RUN   FuzzRlp/6cf58a90fe1bbfd1669bf1f6ae15501d95846bc3
=== RUN   FuzzRlp/6d4bf42a1a0b11c2a810c82b9fdd083487362685
=== RUN   FuzzRlp/6ddf3356441af0f3c664a51a835338f0afdcfaf4
=== RUN   FuzzRlp/6ebb461c53ebe330c7a5a0dcf9bb938466a9e0de
=== RUN   FuzzRlp/6f8fadd80f403acbf9addf3588d753a58b675d51
=== RUN   FuzzRlp/6fbb062afb72717a62b5c8726e59b2928a257e16
=== RUN   FuzzRlp/700a1d0b92e0dc59ad7e76ba196cd2d4b46df7be
=== RUN   FuzzRlp/707fdfd35c9a5efbda68f920916bf67a724d1118
=== RUN   FuzzRlp/70bfa0cb3d74065924f5d8d702fb4a65c7d7c621
=== RUN   FuzzRlp/70e51b150a1a0960aee57549d987818af28d8f51
=== RUN   FuzzRlp/71599112a0c661f4b4974ff51add3306b25c9223
=== RUN   FuzzRlp/71b2e297948244333e168b1bad14c20d33c811bb
=== RUN   FuzzRlp/71b9c6ca8760bbcbf3befc94a09988eb0963863e
=== RUN   FuzzRlp/72a4389b276e3b69d79122470ee336bec5c908a2
=== RUN   FuzzRlp/72aeeb5ca01205f34d5be9887eaf012037a4a6ab
=== RUN   FuzzRlp/74553aa7e652f6574219cb740e98647b283e9881
=== RUN   FuzzRlp/74b980c7de60e140d9c910bc5891fd2a39c3175b
=== RUN   FuzzRlp/754d2ab3f80180bf8afcf2e96f0091d5493a3d62
=== RUN   FuzzRlp/76568773199cbda6414c70a397b3409988f46192
=== RUN   FuzzRlp/769244700d14b7ebafe5b5f16abdeaf3651fc47e
=== RUN   FuzzRlp/77ca99bc747de28f929c16345d521d1ffb8c8dc9
=== RUN   FuzzRlp/7861cfa2156250327b052e7da53aef85eec87eb9
=== RUN   FuzzRlp/786fb7e31347e1cb32ab45c2c8b5f84068b99e16
=== RUN   FuzzRlp/78a961bf48bbbc691c5f88cb46f6db837c14daac
=== RUN   FuzzRlp/7931abc30ff77bed6d01820b696a3924013e69a6
=== RUN   FuzzRlp/793d908a3fb3d23beec98c1b3091d73681fe869e
=== RUN   FuzzRlp/798194401aff07fc684279b232479583717f0174
=== RUN   FuzzRlp/7a2ad68bba64220a31f7bda5b52bd5808e887120
=== RUN   FuzzRlp/7a886a0a049f9d9e1694d1b225fcbb44c5f84464
=== RUN   FuzzRlp/7a9ab73cba9efce1534b2b620a06863b3faa7c6e
=== RUN   FuzzRlp/7acf4545caa09f481b0c07ca14556d4f225cbc24
=== RUN   FuzzRlp/7b27d176476a46bc66e7536f76ae3fade5764ad1
=== RUN   FuzzRlp/7b555a6fcff21780a52ff657b88ba6e38d433ecc
=== RUN   FuzzRlp/7b65c92fd342967317c67b1a298c026779292d29
=== RUN   FuzzRlp/7c33f4d86aeae62e252652993a2c314570fa8835
=== RUN   FuzzRlp/7c44884081a6852ffcd0fdbe01a0d2dae77a5882
=== RUN   FuzzRlp/7cd7ad674fe356340c7b0619bd7d0570326b21ad
=== RUN   FuzzRlp/7db0b72bc9dba7a4fe8c773f355c76fcc45fcc53
=== RUN   FuzzRlp/7e365cb23117c11533e908a2f57959b13b3bee78
=== RUN   FuzzRlp/7e8bc68ef875b3b6a8c42707e2ad27f38ed3db2b
=== RUN   FuzzRlp/7f2eb97bc9fb2352abe05a2325e07280f6b75401
=== RUN   FuzzRlp/7f4323c0bf70d8666f19dc06628e53e61950a635
=== RUN   FuzzRlp/7f50132af2ac98baa78206b95b1b3e384cb8ffdf
=== RUN   FuzzRlp/8052773ce0745363979c1cb0a7136a39c8fec795
=== RUN   FuzzRlp/80ccd42c2d026f282f234d4d34307b5f3f4eeee6
=== RUN   FuzzRlp/8159da3aab2ad19190a0ef63c3818644a8c5883c
=== RUN   FuzzRlp/818519e828f8aea93be77fd7a378d7dfe66d4512
=== RUN   FuzzRlp/8209c135d75c2e3255bee8b5e5c972e0f96c5cb3
=== RUN   FuzzRlp/828394cf1f4675eb9cb0c3427edcb29e3d4b50ac
=== RUN   FuzzRlp/82d465c256665530e576c28425921070220db0bc
=== RUN   FuzzRlp/82f3a18549b14804d83561b5d952b3c68def8b0e
=== RUN   FuzzRlp/8307a298fdb66737ad0e4c95410c57ca8493c8ff
=== RUN   FuzzRlp/832af710807148467605d5d8c197503f4412aeaf
=== RUN   FuzzRlp/833bedb2b511e3476fea9049af2fca3947ef4821
=== RUN   FuzzRlp/8411f2bb23aaa48ee3642cb1e932f398c3a7cdfc
=== RUN   FuzzRlp/8491e619d35609aad2977ab44b01c72bf7ad946c
=== RUN   FuzzRlp/8496ebcba8d66093035176916e522cd5d3b77ca8
=== RUN   FuzzRlp/84e33c81c4234ac30c65bf8d38b338f93f72d3d0
=== RUN   FuzzRlp/856d3c30df5f4f0f807c1300b3ec9c9a82e71b4f
=== RUN   FuzzRlp/8697d7468de41570ad65176d10482dd225391028
=== RUN   FuzzRlp/86db5b1af3920d435f96b253cbadeca5fd63bfd7
=== RUN   FuzzRlp/8799c568b9393f674c2c585a394224fea489f5a3
=== RUN   FuzzRlp/87b175ae07d5942dac5876ee10ab8af1cf0f64d8
=== RUN   FuzzRlp/87b8f601df1ad5520f62608143f62aa62430dbee
=== RUN   FuzzRlp/8847fe443752c2eb9dbd8f1e196eb892905b7413
=== RUN   FuzzRlp/886ee5e5a0c410de16f15630894ac6fd20414d7c
=== RUN   FuzzRlp/896df0450d64dc42a9ecff155189151db7014b1a
=== RUN   FuzzRlp/8978e596d6c3949450274d1a66d139e849b62037
=== RUN   FuzzRlp/898b681eac4762ef861e05f5edbf73d7e1403383
=== RUN   FuzzRlp/89c42ca129ae4ee51a69659821f67921baad9628
=== RUN   FuzzRlp/89e51d8a3a1ed2257dc31a82aa4e464b0a9ed1d9
=== RUN   FuzzRlp/8ab3e37ee87f0a82bdfa13e3f66d1107547800a0
=== RUN   FuzzRlp/8acefeecc25bdce186f56bde4d4bf262b4f57060
=== RUN   FuzzRlp/8ae6dee220c1367344da3c844ff08ada08834253
=== RUN   FuzzRlp/8b6323d5c3ff06ea6714e05774ff78f6c711c3fb
=== RUN   FuzzRlp/8c5ff1030fc8465d92afe8fc576573fc3aabddb6
=== RUN   FuzzRlp/8d0e20898c73319ba4bfcc359c8cc5e696181b79
=== RUN   FuzzRlp/8d7bbdf27bbcd5fed5d6683181d4251acfb5b69a
=== RUN   FuzzRlp/8dcd8aa7e12dd6e3da17b474b9dc6b49bba83021
=== RUN   FuzzRlp/8e130e9b768711bbe736a1177af76205ca80414f
=== RUN   FuzzRlp/8e8d9816b5a4125924637a5c7f0182ece5c4f648
=== RUN   FuzzRlp/8ec7b19821cb46cd7dcd08767fa47fdd0f409048
=== RUN   FuzzRlp/8eca7cac79961645ea886cbc2a9e0ba189f15208
=== RUN   FuzzRlp/8f6ccf82f0d932cd8238203012ffcbcc652058e2
=== RUN   FuzzRlp/8f8b060574f992cf66559c98267653cb56f322a3
=== RUN   FuzzRlp/8fbe1af89e8646918d0b10e2b426c7ec8ad4ae0f
=== RUN   FuzzRlp/9069ca78e7450a285173431b3e52c5c25299e473
=== RUN   FuzzRlp/90845c9e93cf89703f8366907d59ad3ada3b0071
=== RUN   FuzzRlp/91a1d5895179fc835de5113f2fdf958362a8d84c
=== RUN   FuzzRlp/91a2d02010c34544c9c4eb87d2d06dd535ed4cdb
=== RUN   FuzzRlp/91c745ef4d54759ee4426e3a093f79c670fb74ec
=== RUN   FuzzRlp/91e43bee0d88e872d24c67dabfe24b58de06ea27
=== RUN   FuzzRlp/92a69ac52e5b3cae8f68449c67db28f89a396309
=== RUN   FuzzRlp/92b38d7607649f43a9c84c63b0fc968f35fa9df0
=== RUN   FuzzRlp/93566b4d1a891949d420c6ec0bea3ecc751dd1b5
=== RUN   FuzzRlp/9360f20e0d3c043d873f04f15948dd894945f52e
=== RUN   FuzzRlp/94a39b79f79cecd856b95bd252166540008edfcf
=== RUN   FuzzRlp/959c9544af63f49d3c3c0843a4711a7602bf2258
=== RUN   FuzzRlp/95eb2fe17e28bee28baa44e043c28cef4b1e43c6
=== RUN   FuzzRlp/962d780770f37468b00d8bd3beed749f39b0d8dd
=== RUN   FuzzRlp/976b554bffd0f195a3e370b8f190e34921bc332b
=== RUN   FuzzRlp/9856f2bb393b1a3e7bffc09d686a2b3b1440054a
=== RUN   FuzzRlp/988d594a7eea58114b34c8f15da9938be5f0ffee
=== RUN   FuzzRlp/98d77eece72e554fe9b14418002054dfd5b9819b
=== RUN   FuzzRlp/99399cdd5cf3ed45abd98cf3b4c4e1cd4da1f8dd
=== RUN   FuzzRlp/993e45723d24e936c8c527770fe3252c0646aa39
=== RUN   FuzzRlp/99682bf71bc958cb857b504af6a1f76ff81e92f6
=== RUN   FuzzRlp/9ab7684f41bb8ea24b60d616ba7af84f22f68043
=== RUN   FuzzRlp/9af0d2d905dd49e16ab53d7b2663df0c1258835d
=== RUN   FuzzRlp/9b4cd69ea650774e77e1ba081c4b3cffa87c1042
=== RUN   FuzzRlp/9b4f2cd06cac94c8a1d5950d509739acccea27da
=== RUN   FuzzRlp/9ba69e7b1ddf164c8c59486c211b751f8012539d
=== RUN   FuzzRlp/9bca9c99461cacc8c27f64830a9c2583391f5a4c
=== RUN   FuzzRlp/9bea71d62162932b98d51df097b1cb0439632244
=== RUN   FuzzRlp/9c206ae90628829bf6807738d95c8f06217d6721
=== RUN   FuzzRlp/9cda329c96f370ae79324b3677352b739be29cf8
=== RUN   FuzzRlp/9ce67401a286dc2e3b8c1c80999f148654a1dffb
=== RUN   FuzzRlp/9ce684883c6a45dc4091abc79548b466310d6a24
=== RUN   FuzzRlp/9d05910c0bb1017e0742eda37d1454b1eae8b14f
=== RUN   FuzzRlp/9d05d80dfa20c6df019741fb7010cc99a0239263
=== RUN   FuzzRlp/9d53d4ce65adf2144d121eab82ab65aceecc0d4b
=== RUN   FuzzRlp/9e151447f6614df12588914e34bd4ce4db2f55c3
=== RUN   FuzzRlp/9e3ac071a98c90542f85a2a77de314e3e6136846
=== RUN   FuzzRlp/9e874cb815a75020acd029dad6b4c6f058ffc576
=== RUN   FuzzRlp/9eb3c99fdf4ede8ae37b5a7f43b03de438cf4b1d
=== RUN   FuzzRlp/9f5d088ad7de94f35e88ed711443f7e935526630
=== RUN   FuzzRlp/a009403922cd81d8f04d2fe7fb70f5d23a6e9a12
=== RUN   FuzzRlp/a022fd9f68719ce0812b94288ef33cbdf6716e7e
=== RUN   FuzzRlp/a03bf005749d37886c749ec89fb24340a34f3f87
=== RUN   FuzzRlp/a0a1cf07bda8fd6d9f392bbd04cbea9827811202
=== RUN   FuzzRlp/a150eb67d74cb398b1e4369637d53c53dcc35e33
=== RUN   FuzzRlp/a195dd8b09ec0c23039f4c5cf25d8abc8939c1fc
=== RUN   FuzzRlp/a1f288d2c740bac637a207993cd6fcabdcadb18d
=== RUN   FuzzRlp/a2dc731f290e9e49a580e4f5a1688b62e4c01dae
=== RUN   FuzzRlp/a33a05f349cad92125f5726411d1423c90de189a
=== RUN   FuzzRlp/a36dce6273119098ce4bb44a21c068082cec1a4b
=== RUN   FuzzRlp/a38b67b62335f6dbe60d6f438d3e4abbac41b3aa
=== RUN   FuzzRlp/a3c66323b0c9d3e134968394ebc3c8e2d66e547c
=== RUN   FuzzRlp/a3d04e94691b776d6e1ce959ab2d06fafdc18d18
=== RUN   FuzzRlp/a40299d7f236ec176ee8d367b7c5b1c3ff82926b
=== RUN   FuzzRlp/a40d76989adf7df3cc630ed3bffea65e2ffb56fa
=== RUN   FuzzRlp/a6317766eeadcf0eb7e3161caba55a87978383d8
=== RUN   FuzzRlp/a638f1d616aa2e571768c6d9316d681b5518a674
=== RUN   FuzzRlp/a68afeb6e440dcc892e699a6f56dbc94a454ddc2
=== RUN   FuzzRlp/a6a366f88132d3aa1116d93fb7fdba3da8615f9e
=== RUN   FuzzRlp/a6b258c613ddd37de4240ad60b03c1cb1b88a9b5
=== RUN   FuzzRlp/a6d05b0c80d2170e64d58edd2a627d4b130e8c17
=== RUN   FuzzRlp/a70a030a55cfebee5d4457e65f3eec8f1cb018bc
=== RUN   FuzzRlp/a80f8ba65699bae3bf159dabf7eff8b72fe3edfb
=== RUN   FuzzRlp/a95a709c7a9c6386bd4212e9e8c87a13128934af
=== RUN   FuzzRlp/a960f597e46c5b2fc213b3daa24702bcb15d6a78
=== RUN   FuzzRlp/a979ef10cc6f6a36df6b8a323307ee3bb2e2db9c
=== RUN   FuzzRlp/aa01a393f31a3218d850aef29c832f5e9b933217
=== RUN   FuzzRlp/aa8ed664a88cef2003adc3bba14a7f4006d6f3a0
=== RUN   FuzzRlp/ab0b3837b4bfdfb1144eb4352834779311f41ab7
=== RUN   FuzzRlp/ac9c1fd1cd6f74c910197387d6395598854a8ef0
=== RUN   FuzzRlp/acf3a0c1876b9b86009ed3103cb4853ee578a802
=== RUN   FuzzRlp/ad5b71d76cf72f8a2ec28bd8bd3514dad91a9062
=== RUN   FuzzRlp/ad6a84eab72f93e14a2b3289c11cfaa770f1dd1c
=== RUN   FuzzRlp/ad6f5874cf2494a7db4a77227b920ac138e9a316
=== RUN   FuzzRlp/addb13d5176fe057101c057d12bc496e350df583
=== RUN   FuzzRlp/ae584af3b7dec7a9575569c8b1e442fd30519edb
=== RUN   FuzzRlp/ae8bbfccdff9019317c7ff376906b09ff5d273c9
=== RUN   FuzzRlp/aeb73e284d2f0769d14cdf47c98475c81ee4fd74
=== RUN   FuzzRlp/af2a98c156bc1028bffebb166b4e02e06745c9ad
=== RUN   FuzzRlp/afa9631837f62f0b201da27229f7164fc343b095
=== RUN   FuzzRlp/b0357113401fafd520edf3771e71fe001733dc46
=== RUN   FuzzRlp/b0a90d4eb4dd1f0bcb945f5fc9f4e331c197a927
=== RUN   FuzzRlp/b16535c780e01f663bf36ec90f6de92c7d01eb8b
=== RUN   FuzzRlp/b216f41bf0d1a78c1a64a8a1bbc723faf4ac58cf
=== RUN   FuzzRlp/b266fe04b964ed4ff409878d6f4681108df89581
=== RUN   FuzzRlp/b36cc46986802c5b14bb5b7556639ef51e6c57b9
=== RUN   FuzzRlp/b38fd197c7c44a8fe7205ac24fb3f6c2af2c57c2
=== RUN   FuzzRlp/b3cd9dd6cd934b5b0dd7e7e013cd20ec1c2870a8
=== RUN   FuzzRlp/b3d6468e786ea8f31f6f327fd3c0c8b044af4043
=== RUN   FuzzRlp/b4097b6d72835b7c4746ad8296db6770fa070f13
=== RUN   FuzzRlp/b57c1a82e0ddd1ba85b68f2086c1deff60ca27f5
=== RUN   FuzzRlp/b62977a91b0d5a6d6265c90b673c6bff39caf64d
=== RUN   FuzzRlp/b6def73999ad7e382998a69d71d48c2b32670258
=== RUN   FuzzRlp/b7448a504ebad757b15cad1346ad42bffcfaac21
=== RUN   FuzzRlp/b7f13faf062371706845d39c99d52d3d422efe6b
=== RUN   FuzzRlp/b943c58b35315926a96e86147c9d3e03bf228a4d
=== RUN   FuzzRlp/ba0ec07c97bbe1bede2890f0bd1bcb14386960cb
=== RUN   FuzzRlp/bad1af9da515c38352b2aad93b8e1dc95fe3ce94
=== RUN   FuzzRlp/bb0a9d77d8bcab41b752085f21fe039d403ffbc5
=== RUN   FuzzRlp/bc1e2b4ba21ce1ed35260507c2b22829348cf737
=== RUN   FuzzRlp/bd1caccf67e3b16f155bc731ce81eb404401aa77
=== RUN   FuzzRlp/bd20aecdfaa44d526379bb8361c8d9c597377048
=== RUN   FuzzRlp/bea8fd15c616ba9e9cc29ccd91d113e937ddd456
=== RUN   FuzzRlp/bedf7b96ffabcde84af2bfbffd3b66fd4e442d15
=== RUN   FuzzRlp/beef2145813f247074dd4197008aba54daafa820
=== RUN   FuzzRlp/bef1a56c0b950c419917e30634502129200b26dc
=== RUN   FuzzRlp/beffe2b15eb9e2d1e72dd28c8c6ca1be990b3b2c
=== RUN   FuzzRlp/bf6879445003084b428f529f019b2204de0ccd97
=== RUN   FuzzRlp/bfa1a0641d8b44d2088def437edd7a0a29d62400
=== RUN   FuzzRlp/c0195507494dc16035c255de7b9a550b02bb900c
=== RUN   FuzzRlp/c0bb9d8e9e5fc0b07a0d66ceb0238201a88812e7
=== RUN   FuzzRlp/c0cb1581ff5e34034357eebdc35d0bedf626b545
=== RUN   FuzzRlp/c1ceafebb1f520bb4b874bd84e08831c7feafb5d
=== RUN   FuzzRlp/c1f6b076d2fd539630f76b20e2949e19ad4e380f
=== RUN   FuzzRlp/c26450fc9afa388ba3eedc9c5a0d5889697fa3f8
=== RUN   FuzzRlp/c2d0b1d19ac1567ac4f5724ec331f1a87b68524c
=== RUN   FuzzRlp/c378c99ded38474ed2455fa69045e8131d073450
=== RUN   FuzzRlp/c386645b55ebcdace4f149873966c8cfbe0f163e
=== RUN   FuzzRlp/c3fa2abfddae95612db0be321a93b0bc23b0caab
=== RUN   FuzzRlp/c4136ffc0afb12c6da9305a4245009916e36ccd5
=== RUN   FuzzRlp/c57027246b8cf02f70230d5370d1e79ebed57e11
=== RUN   FuzzRlp/c5bd36aca6eb526f88566d81cedc222029c693c3
=== RUN   FuzzRlp/c5e59f4d9879012a58b5e6e6c1d4f98795ecbeef
=== RUN   FuzzRlp/c63ac18520fedcfd56514d9d1425973c3d3dd076
=== RUN   FuzzRlp/c6b4a701ff46f04b93ef8deb0e9b56625e5a7276
=== RUN   FuzzRlp/c71819f6d5fbc9c0a5221d4ec66ed3484550ed69
=== RUN   FuzzRlp/c7518d021f1b29420e374495d1b2da35db3dc226
=== RUN   FuzzRlp/c7de27e379d90b1f0f8784be7191d45c11a9d470
=== RUN   FuzzRlp/c88de21723478cae3f1dd560416b10a010d0f8b1
=== RUN   FuzzRlp/c891b32904c43365d3fa07c6dff304611112e2c4
=== RUN   FuzzRlp/c8b9e3f3c412d552943ff4cdcb9ad100e96f51d2
=== RUN   FuzzRlp/c8f1fa49f9aa641aa507fcc6ed7e60f1343f2c13
=== RUN   FuzzRlp/c9225c3aeec377e1ede072a208c45054501e2a93
=== RUN   FuzzRlp/c9915a3f1d9041868381eb429c971c6f8f3a5d9e
=== RUN   FuzzRlp/c9d6bfc882c74c86105c23a3b35f3c10c9ee4fe9
=== RUN   FuzzRlp/c9e8c7c3de82d42f47207bcfea7aa2e8f5ad1e49
=== RUN   FuzzRlp/ca3e918b2fe3c42924da688a021ca3e776609083
=== RUN   FuzzRlp/ca9ce7e0b30c88d8015b1ef7c2c9348b332bfbca
=== RUN   FuzzRlp/cae8bc133021f0f1a6a8d9b7b5830fc3cfbba2ad
=== RUN   FuzzRlp/cb240e0c2bb6d75e2f1f36588d642d0847d2088c
=== RUN   FuzzRlp/cb6edff36e2543a1971635ae16ca717f8ed784c7
=== RUN   FuzzRlp/cbb267d1572e9be7d787153bc9cb3c41ec0a37a7
=== RUN   FuzzRlp/cbf6c0800cc9a02c18f72911350f2b02fbb289cb
=== RUN   FuzzRlp/ccf3572df0c39819b9d06292b22ae7323dd3d772
=== RUN   FuzzRlp/cd8e63e66e84a10cd0dc54abd31ad1076d89cfd0
=== RUN   FuzzRlp/cd9653434a2b3599c4111444fd3363cd66f3282e
=== RUN   FuzzRlp/cdae10bbbe66c47ef84ac7db002584af58459f10
=== RUN   FuzzRlp/cdb40d1e84f869222aded32352acbf4739d0e171
=== RUN   FuzzRlp/cddc95e941bdf109a04113e6702c880d0a9c8a2c
=== RUN   FuzzRlp/cdea2adf4f6dde9f715a7c06d1c3b10ff688dea2
=== RUN   FuzzRlp/ce27c86e1b76b687874ddaa413997af6dd0ef939
=== RUN   FuzzRlp/ce373665b85b8ab084fdb3d1fc3686b48c6fcfbf
=== RUN   FuzzRlp/ce85b9b3e486976b028a05160d032b4e13b20899
=== RUN   FuzzRlp/cf1141e85813211eaafe6dc87c73562c2497d045
=== RUN   FuzzRlp/cfc5a798a65b222ec00e2bd0988d1a448c5d1ffa
=== RUN   FuzzRlp/cfec2ca0281d8e19b654e7f2f155652fdfd71fd9
=== RUN   FuzzRlp/d0c24eacbffddfd5a1739476967a784feb12b109
=== RUN   FuzzRlp/d12e90f609977181f3b61bb3bc4c08ca1129afe7
=== RUN   FuzzRlp/d1d3aadde9935e0187c9af8cbb8e6012138fc67d
=== RUN   FuzzRlp/d1fc42582203a718984380e409bf531c3393c844
=== RUN   FuzzRlp/d27b19290a3b35ae3f96d79c96142b3050abbccd
=== RUN   FuzzRlp/d288dddff505768afd132729e6b5831188e16f50
=== RUN   FuzzRlp/d32f50baa80fd020bd8ad4aaef94d8f509b4c459
=== RUN   FuzzRlp/d376c38f13117d6285c724cc0f849aea7e93e218
=== RUN   FuzzRlp/d4ffb56fc6b6f3ba684a3ee9d0a98bad5ed2f2d8
=== RUN   FuzzRlp/d5d37fb47b0b6ca14624926dceb9897aea3ab28b
=== RUN   FuzzRlp/d60d2253cfe18262a369bea4e8896b2dd42a374b
=== RUN   FuzzRlp/d66276e8a32704a3db0a40a575212553f7dda57e
=== RUN   FuzzRlp/d6c1976a63644769f289045b3d87e2ad79437fe7
=== RUN   FuzzRlp/d6ca30688f11ee732e30ef161cbdc5e036a3db76
=== RUN   FuzzRlp/d774fa068d3a1db8bebaefc08531727672d92a5c
=== RUN   FuzzRlp/d8a1252c2be87e72dd42556e49d2ed198cd6b8d3
=== RUN   FuzzRlp/d8c59a4999a8edace4ac0809314a7b38b36e53db
=== RUN   FuzzRlp/d9ea5316ecee299f8c6cbbc0b4ffb162aa6aaf78
=== RUN   FuzzRlp/d9ed4e60be2116ef5db5d16fee79ab960575da59
=== RUN   FuzzRlp/da4481f54c1cc484535de11fef30a70fe385812f
=== RUN   FuzzRlp/da66180699cf86a08be25d9bf73d22d048382d17
=== RUN   FuzzRlp/da763c36d8db02a898a8ca268f04d9d5e30931c6
=== RUN   FuzzRlp/dab5b87e1bf35aecfb2571e612c14785ef3cc3a4
=== RUN   FuzzRlp/dad53feeb83b336268343339b0136540d4f899af
=== RUN   FuzzRlp/dd3eda3ac7f207ab7c9ab588a985fa20c0b3ab84
=== RUN   FuzzRlp/dd975ee2fae1c143a2c69aca6472744d5f40779f
=== RUN   FuzzRlp/ddf4d2a981960ee428f4bc69fc7bde25ea28ee4e
=== RUN   FuzzRlp/de83da27a282aba06faa4ed3f0814543659a22b7
=== RUN   FuzzRlp/de9e6aae17024e255adbf60eba09b7f667e45e43
=== RUN   FuzzRlp/dec8de4c75be044449b5f5c8f9126006cff71010
=== RUN   FuzzRlp/df25fe9eb88365598e132e85729f7bd732478cfa
=== RUN   FuzzRlp/df645cb6e2bc51cbe2a664330b24e1c81e816447
=== RUN   FuzzRlp/dfcfb5e65319d8e1fcf73881b64a8e0b290294a1
=== RUN   FuzzRlp/dfd837fd789be73d4edf88844c2c7c9a3543977c
=== RUN   FuzzRlp/e0045842ade67e74ec9120197c3803edfe1552d1
=== RUN   FuzzRlp/e016e64411aa739bfb2b247773a1cc98576004ff
=== RUN   FuzzRlp/e0904dee050ecf0897de9f947662361fe0a1fde1
=== RUN   FuzzRlp/e1ef7d9dbe6a21bfabd542c22888fba04efd33e5
=== RUN   FuzzRlp/e2797d529803a14af281c293b2df14dc29c17cef
=== RUN   FuzzRlp/e287587a2093eefaaa2da4f3e715898c4e15edc4
=== RUN   FuzzRlp/e2f3ca8285023c6638da0309951a1e13a196ad05
=== RUN   FuzzRlp/e313200325f7721d559fd47c52e5089852b3c443
=== RUN   FuzzRlp/e32e099787587c93cd0bd1c21a63171ec33da968
=== RUN   FuzzRlp/e3560427a39f48b49e86840bb6613299a2a2af14
=== RUN   FuzzRlp/e369eb73b12f70863fcf4c281395e9cefbf30416
=== RUN   FuzzRlp/e41f3077eb063f9920dc11536818b1187685a040
=== RUN   FuzzRlp/e45413dc021e84a41bf0d62e27346d909d279324
=== RUN   FuzzRlp/e4c2102578606f9e25aa125e56d4f24c4375f739
=== RUN   FuzzRlp/e4e448d9a7205537f6ee0582d35c13039791526e
=== RUN   FuzzRlp/e52cc049677002f05761a24d2b9e351433455f81
=== RUN   FuzzRlp/e5b7191c3c0e6d4b2f5c97b3072e149e5f42984a
=== RUN   FuzzRlp/e6e86cd6b8d2ce66069be87ef2c9c9682024cbaa
=== RUN   FuzzRlp/e7178865d9e6601b706e61153ae1f81501970b52
=== RUN   FuzzRlp/e72974ff53d484c4431c5c901f8e7ffd26a23ae5
=== RUN   FuzzRlp/e7aded4138498f0d80a64690645f23e749e96b7f
=== RUN   FuzzRlp/e8c3565af1dcc756cbdb069582e48b30620e434f
=== RUN   FuzzRlp/e8c9d85f6000470eacfa5c27b3aac3670c77e921
=== RUN   FuzzRlp/e96bafb67a33fa44ee4c6f5498c2765383ff68a8
=== RUN   FuzzRlp/ea1e4ace7ee225acc181abeabab9231fb42fd2b0
=== RUN   FuzzRlp/ea721dc545392b14ad977a5b6304b40a271d203f
=== RUN   FuzzRlp/ea72e69d16b2880b908eff66f3968c811674f8ee
=== RUN   FuzzRlp/ea83d2a8678cbec05d0c5d8d9bf5efabd39c55d9
=== RUN   FuzzRlp/ea9082db942fcee531b4f2d518fc32fb49103daa
=== RUN   FuzzRlp/eab833ef2ebfef99f03e7fcfb443c7cc575e99e5
=== RUN   FuzzRlp/eb65103a21a470c7e564fbb22cb1f0150394ca5b
=== RUN   FuzzRlp/ebcdb26624d7f3a688e118b2b934449426f7b98f
=== RUN   FuzzRlp/ebe29c6516c47d3fadf1e1703f84af3e8eaaaf95
=== RUN   FuzzRlp/ec2493d6d686247d4008633fc92e460fdc47de77
=== RUN   FuzzRlp/ec2ee253d4360af189104bf402db042359c9de23
=== RUN   FuzzRlp/ec53d70937a8e5ecf0c83a2d3e4e5aea8ca7a734
=== RUN   FuzzRlp/ec9d0ef078ad0e1bc4fdaa7ccd2b93b33c1cdb56
=== RUN   FuzzRlp/ed688fc47bfd93624fd1662e65c3bc4a2beec693
=== RUN   FuzzRlp/eeb4037924f32f0f54f40fbd24838b88eb6120d2
=== RUN   FuzzRlp/eee4317ce01dd05f5d14639839810bf4e4e79abe
=== RUN   FuzzRlp/efe223e5c1ef0889701b3497c6225d98ba52c451
=== RUN   FuzzRlp/eff4e7774f54e991a2fc6424ee93fbd3ac15963b
=== RUN   FuzzRlp/f021f7caeef27bb070afce7a2ea7a456fb3bd336
=== RUN   FuzzRlp/f0344cff78a702a8ce3f2d432e58493afe37b995
=== RUN   FuzzRlp/f0469d61931c8c98919b414fe734df36bb172f30
=== RUN   FuzzRlp/f2641776a1e4cc8a8850b6bff2ed7328750dd474
=== RUN   FuzzRlp/f29c4bab4ed67c2071ccc593f1db912a5d3eb6ce
=== RUN   FuzzRlp/f351e45ed5a69adc8620323e48a20da5044690e7
=== RUN   FuzzRlp/f4a23a44e5bed2548855b16eb8136af484e6d787
=== RUN   FuzzRlp/f54be06545f6cf7b9783e03f8d2a4b796f201a1e
=== RUN   FuzzRlp/f57b49d12a7c444589abf56207f69fb28f150a1c
=== RUN   FuzzRlp/f59641e979ea71432b9d405f1093fa779e286ef4
=== RUN   FuzzRlp/f599136e92847fc6a73594ac495db56b5e234d34
=== RUN   FuzzRlp/f5a31eecc4f7b98675462adff83d4cb90f79d1a9
=== RUN   FuzzRlp/f5faf423a8831b078139ca9247765879f1e2574c
=== RUN   FuzzRlp/f6a7c41e5d8addcdd27db7e09eabf4433ca3af49
=== RUN   FuzzRlp/f7885bbec36db160bb05cd4dfd470e40e0060d23
=== RUN   FuzzRlp/f79baabe723327623111f206dac7b8cf5acb0dbf
=== RUN   FuzzRlp/f7b0c5cbe93e2d118ec5868247912dd9a1b2b8ad
=== RUN   FuzzRlp/f86a9c640c04ff66368750a4c7cfee903248a24d
=== RUN   FuzzRlp/f898b551dfe056dd08b7e2d422d7b3da69fa527a
=== RUN   FuzzRlp/f940161b826288c7315a625b64660b6a85db4da8
=== RUN   FuzzRlp/f96b253d78abc3fcfb6d1d13f33b899635aab3ee
=== RUN   FuzzRlp/f99759ea138efe9db8b0be381f578e992b2571b8
=== RUN   FuzzRlp/fbaf5eda16831bb509975a038bcb8e17a62a6478
=== RUN   FuzzRlp/fbde3d8881a0497be5fb05f5dba67a1c6f022063
=== RUN   FuzzRlp/fc0068588755ad8e391c605b586c0ec3bf747551
=== RUN   FuzzRlp/fca9120036856b6911ba0446e920ce755ac95a4d
=== RUN   FuzzRlp/fce341e9bf7ba35f1ffd2c1f80eda2af96bc111d
=== RUN   FuzzRlp/ff326a86264fede1a4216f5fb4fd2749b6a67191
=== RUN   FuzzRlp/ff3562514a5e73a2304d790e9dff9c35c30b1ebb
=== RUN   FuzzRlp/ff499ba6e6ab048d3a22cd1ff12644224bd1b71b
=== RUN   FuzzRlp/ff5ce1594f0c029587a2a3985fd651f6a415698c
=== RUN   FuzzRlp/ffca8181189e90b7de54183cebcaf82607e8e077
--- PASS: FuzzRlp (0.05s)
    --- PASS: FuzzRlp/00bbd8b152f0a57bcbfde7c0eede843730614f41 (0.00s)
    --- PASS: FuzzRlp/02284f6d9d38f184e76543dd7edc02663714ab60 (0.00s)
    --- PASS: FuzzRlp/02946ebdcb909c8e2b3c508213457f79b8febe64 (0.00s)
    --- PASS: FuzzRlp/029c61fb4709f12c50c654b47f4f586c7dcd226f (0.00s)
    --- PASS: FuzzRlp/032cd371a40d6b9db4d417d6c96f26d00f8a2d28 (0.00s)
    --- PASS: FuzzRlp/03735d72d9b77b4e4d7c6f463d93afab6e43c0ab (0.00s)
    --- PASS: FuzzRlp/039fd5c414759c3a3698861cfd50a0591e2e2c49 (0.00s)
    --- PASS: FuzzRlp/0401e81abf833300cdc39b4eb419ecffb953d5bf (0.00s)
    --- PASS: FuzzRlp/04b7169f804cc52be6b016d1e46a4154585673cd (0.00s)
    --- PASS: FuzzRlp/05046de21d32294aaef73c06c0dc6acbb1d9d249 (0.00s)
    --- PASS: FuzzRlp/054d11226ce281d4a1f72f91d22dd9b3623ac135 (0.00s)
    --- PASS: FuzzRlp/05729e4adc7cf97e511c808780c3fc1dd843b14a (0.00s)
    --- PASS: FuzzRlp/06276ebbbd832628e720adb690edef8560558d52 (0.00s)
    --- PASS: FuzzRlp/063d0237b7c2421264cbb92695959adf959d9aa4 (0.00s)
    --- PASS: FuzzRlp/06802427524c6b9b1dc2115674027cd9f164e702 (0.00s)
    --- PASS: FuzzRlp/06d502b16185edfdd39080ae0ab75d7bf66442e7 (0.00s)
    --- PASS: FuzzRlp/0757ba1f193bd6829d527f3360e377e3e6242b33 (0.00s)
    --- PASS: FuzzRlp/07bc6422a0ae5f06e1990a0b785c48843ec28961 (0.00s)
    --- PASS: FuzzRlp/0876bc12ef39cd42e42a789b41a6358bd0b7b7ef (0.00s)
    --- PASS: FuzzRlp/08817e4787662475e70850b8bb2416af6894f1cc (0.00s)
    --- PASS: FuzzRlp/0910e6f25584c45ce88027e9b349e32b76896b10 (0.00s)
    --- PASS: FuzzRlp/091598276b8288cee2f10f102d3bbdc9c22d998b (0.00s)
    --- PASS: FuzzRlp/091dbbdf141a4c686935f6cf94214dae6421999d (0.00s)
    --- PASS: FuzzRlp/093cec71c185944ac4f6d85be69bb75df0e8f182 (0.00s)
    --- PASS: FuzzRlp/095699db7abe29faa862858463eb305ec2fe168e (0.00s)
    --- PASS: FuzzRlp/09c477e9b7f25a79f05343eb916c615808cb604a (0.00s)
    --- PASS: FuzzRlp/0a0b9aad1a17cc7c29033b1e3e7dda70ce9a0e30 (0.00s)
    --- PASS: FuzzRlp/0a46cbd73b6d60e0d1481bee807f53e690cf63a2 (0.00s)
    --- PASS: FuzzRlp/0a9b1af5c1b5553ca0975ebb2d757b57dac81d6c (0.00s)
    --- PASS: FuzzRlp/0b53622319998cd9c6ed837dd2aed87752d36b29 (0.00s)
    --- PASS: FuzzRlp/0b680a7c32531c89b957ee14b002357f62c0a3b2 (0.00s)
    --- PASS: FuzzRlp/0bac35fcca618e9c0d3b294f1878305eff8badef (0.00s)
    --- PASS: FuzzRlp/0c473685dcce31881cafcca06cebce51456a2f82 (0.00s)
    --- PASS: FuzzRlp/0d01df181409bf0b37543287da180a5abe59c65a (0.00s)
    --- PASS: FuzzRlp/0d10be892bf0d186bab9cc38623198c05890440d (0.00s)
    --- PASS: FuzzRlp/0da8d10be845476273bb5056e535c14c58edc8a7 (0.00s)
    --- PASS: FuzzRlp/0e8f747ccf8815e7a9f9f3b17b7b7e844edd97f7 (0.00s)
    --- PASS: FuzzRlp/0ee0c1fb69bed6a2cb74bd5359ff05904f98767d (0.00s)
    --- PASS: FuzzRlp/0f10393a17d2d7be530d0c2e3e3ca12ef594463d (0.00s)
    --- PASS: FuzzRlp/0f4b823213577f4ae79e1181ea10354854cc75ec (0.00s)
    --- PASS: FuzzRlp/0f52e348c83e10979f1bfa9e71440a13c20b36d3 (0.00s)
    --- PASS: FuzzRlp/100e2695a77889e37f0556aa74f62c586b01aa89 (0.00s)
    --- PASS: FuzzRlp/10891666fcea4bce39782114df4268dc7ba7d059 (0.00s)
    --- PASS: FuzzRlp/10e93f062d8721cadd48546ef43acba23311aab1 (0.00s)
    --- PASS: FuzzRlp/111b8e5d34e6e01f8a876cb49cfba20ae9048545 (0.00s)
    --- PASS: FuzzRlp/114d9becdfeceac6ec3093ac5ad5c438cba4299e (0.00s)
    --- PASS: FuzzRlp/1186a157e92e7bc532b6679891b35b22e20eb191 (0.00s)
    --- PASS: FuzzRlp/1233ad73023059137e37cade1bd18b63063188a2 (0.00s)
    --- PASS: FuzzRlp/12d00e6aa03e74bb5d0b0424ebc5a8a9887e28cd (0.00s)
    --- PASS: FuzzRlp/1303d1a08fe689da82e38b256991d1262041a33a (0.00s)
    --- PASS: FuzzRlp/130ae2bc5df078e5c7ceb5e8e1f7be036b481c57 (0.00s)
    --- PASS: FuzzRlp/13284ca3f4f7ab07fd7750e07fbe829018854fc8 (0.00s)
    --- PASS: FuzzRlp/133c1ab5a46d6eab6878280481f2b9a88cacc658 (0.00s)
    --- PASS: FuzzRlp/154b7f1facfbb70f6b0461d5ba9e5d55d84b9457 (0.00s)
    --- PASS: FuzzRlp/159e9d8517f3b56b20dc06788f9278b186753d29 (0.00s)
    --- PASS: FuzzRlp/15ab90f3e78a43958747c49f76b7742b785b5093 (0.00s)
    --- PASS: FuzzRlp/15bea69de4f7f2153a747b8a78a4cfa5eda6801a (0.00s)
    --- PASS: FuzzRlp/15d7a26f64b086d870280dd953b90fd2a06b7ea9 (0.00s)
    --- PASS: FuzzRlp/167614a311c89c11d56f0aec1e551d25113fb405 (0.00s)
    --- PASS: FuzzRlp/1718cc5bcd701dc4014be5b75dfecb4894116beb (0.00s)
    --- PASS: FuzzRlp/1773f245e544d65efa9e6593bda307041f54ec8d (0.00s)
    --- PASS: FuzzRlp/192615fac9e228ee42ca85d50d487e2ab06375c2 (0.00s)
    --- PASS: FuzzRlp/196e8c3003c5f2c169073942072cec7d2cd5d0a2 (0.00s)
    --- PASS: FuzzRlp/19d6ac5bd5746703cd05a772a065fa57ab778d36 (0.00s)
    --- PASS: FuzzRlp/1a619b4d78d1c720a3dff3def62a2e51108e97f8 (0.00s)
    --- PASS: FuzzRlp/1a7f841941b4861b19578dc75e39042ba3d95284 (0.00s)
    --- PASS: FuzzRlp/1a979e3e8dd92d00a146a0fa19ee2859a31a01e5 (0.00s)
    --- PASS: FuzzRlp/1ac7d838946537b0533e519a3cbb4415c26f1995 (0.00s)
    --- PASS: FuzzRlp/1c19ab4795c2792e5f2f33d5bcd94b07898b2481 (0.00s)
    --- PASS: FuzzRlp/1cc20090e485a2858427eb882e56337693f5631c (0.00s)
    --- PASS: FuzzRlp/1d3aca20960f2da184f3563c4cfa0cc25c48eb26 (0.00s)
    --- PASS: FuzzRlp/1df2a9fccfc820ba2f4f6311cfc6457950877c9b (0.00s)
    --- PASS: FuzzRlp/1e2ed64f28b7ebcf8bc56a38582f969e5ae2392e (0.00s)
    --- PASS: FuzzRlp/1e70dfd7dddf0ce6dac35da965d770e69d71512a (0.00s)
    --- PASS: FuzzRlp/1ed1a1fb5d0f1776d5544254e4a4a2ddeaf49371 (0.00s)
    --- PASS: FuzzRlp/1ee3436585f6b2ff2da3d5a10559e57660b8c806 (0.00s)
    --- PASS: FuzzRlp/1f97101a1e4faab48acc3112a45940cb9e3b894e (0.00s)
    --- PASS: FuzzRlp/1fcd488cbf92dd0e1e8d6e7ec65a6e58408e0e44 (0.00s)
    --- PASS: FuzzRlp/1febebe11a0ea048e09f69de8bae22ec6d83f7b4 (0.00s)
    --- PASS: FuzzRlp/1ffa7ce0861cddf5a3773092b7e4db7e618749a1 (0.00s)
    --- PASS: FuzzRlp/203d2e84fbf8cca68962444d129d8bd0b8553e56 (0.00s)
    --- PASS: FuzzRlp/2090388879b9a93a897025b66feee93038f6cea9 (0.00s)
    --- PASS: FuzzRlp/20b553515cb66e46cf4e52e380c7a58b3da2a7c4 (0.00s)
    --- PASS: FuzzRlp/21a7085a44e0a9fd05a0825c10eed2b2db2f3615 (0.00s)
    --- PASS: FuzzRlp/21b534516a553ea1d782aa1ca0c396eab8afa4b6 (0.00s)
    --- PASS: FuzzRlp/21e0b440fdec68c30a3b1687a5166100566ed60c (0.00s)
    --- PASS: FuzzRlp/21fc61945d1c649a36bac6c16c97d08dc49429e0 (0.00s)
    --- PASS: FuzzRlp/22d7e6f214d540b41d4126499da1af923e550ad2 (0.00s)
    --- PASS: FuzzRlp/22d89bf1f1019c615dbc76a478ae7013706cb210 (0.00s)
    --- PASS: FuzzRlp/232cd22fe2f1094a4a4d6007a1a47b098d683efb (0.00s)
    --- PASS: FuzzRlp/23b5a4cb1e978e0b6bfd3de3679a537bbe08d0ea (0.00s)
    --- PASS: FuzzRlp/242a70e2b3b335a9143cb51d681113dfbe5eb4d1 (0.00s)
    --- PASS: FuzzRlp/24a595fd19d34759823e3e562809177f3156944a (0.00s)
    --- PASS: FuzzRlp/24d0427e504481c0b6f2e2516e52991749065888 (0.00s)
    --- PASS: FuzzRlp/252cb75495595cb22dce5875d2011b697afa606e (0.00s)
    --- PASS: FuzzRlp/25ac12c9193e0bb7654d4570f5a18df909f881bc (0.00s)
    --- PASS: FuzzRlp/271d8a9c459979da47ce21db9526399d4f481220 (0.00s)
    --- PASS: FuzzRlp/27bde47a07c12b1a379a17ff6ff3778de73735eb (0.00s)
    --- PASS: FuzzRlp/27ef43b94a5940e1da7286978cdd3f49e303c784 (0.00s)
    --- PASS: FuzzRlp/27f7668982b8e6cd1bba384bac3b0fdcbaecd585 (0.00s)
    --- PASS: FuzzRlp/284d36cfa2a02b288431252dcc78a08fdebe723d (0.00s)
    --- PASS: FuzzRlp/2862b9c5bd7ea796604d18590823bb24cb051b73 (0.00s)
    --- PASS: FuzzRlp/290102923262cd48a11ee450884bbe9ff2467e45 (0.00s)
    --- PASS: FuzzRlp/29d57200f794cb69255cad6a9c21feacfe86b956 (0.00s)
    --- PASS: FuzzRlp/29e3002f36a1dfbb6c232afc840070bd61b1f706 (0.00s)
    --- PASS: FuzzRlp/29e412ef2265be359957bb67e1f07eb38fc951aa (0.00s)
    --- PASS: FuzzRlp/2a22b5ecb0461b46cb34da96516980476ad0a49b (0.00s)
    --- PASS: FuzzRlp/2a24b7a6b28596d8064bd5cae1a29a0399d310d9 (0.00s)
    --- PASS: FuzzRlp/2b1f5019c909200cdc9a771e06b331afd5d1f8ee (0.00s)
    --- PASS: FuzzRlp/2b98efa667d074d84ae9de6b9ca5afb6470c8eaa (0.00s)
    --- PASS: FuzzRlp/2be54e72a9a1d03f6e815647d8fc699d9d774ad5 (0.00s)
    --- PASS: FuzzRlp/2c58b2a39ee1cc96bfc244306805e641324a5c4d (0.00s)
    --- PASS: FuzzRlp/2c8066ba81c82875ae3df17956362ee8a9ea9375 (0.00s)
    --- PASS: FuzzRlp/2d216b680f17030ad63326c61695356a512e7bdb (0.00s)
    --- PASS: FuzzRlp/2d4bba1bf39400a34e39415da72bfbdf80489a4c (0.00s)
    --- PASS: FuzzRlp/2e51852080579a8825a81f566c9f68d697826b86 (0.00s)
    --- PASS: FuzzRlp/2e9192d8cfb10d0b13823eb9a29c95afbcde9dd0 (0.00s)
    --- PASS: FuzzRlp/2f81d792a6a9cb90052acd91f48115401056a17a (0.00s)
    --- PASS: FuzzRlp/2fbe2a467cd225c38c5a767d616795a3989d4de7 (0.00s)
    --- PASS: FuzzRlp/2fbee3399af9d9616c523cbdab000ae29c4e237a (0.00s)
    --- PASS: FuzzRlp/2fcc20ec29ba7cdd6cff6e3cf0d969a22c3c5dae (0.00s)
    --- PASS: FuzzRlp/30a5bd16ba6040501c4afb50c8d4b9700ab84d32 (0.00s)
    --- PASS: FuzzRlp/3123d7ef9e88ab351c2676e287ab50f106b2d43f (0.00s)
    --- PASS: FuzzRlp/3144bffb8dc3fe3163890de677fa069e101d0b32 (0.00s)
    --- PASS: FuzzRlp/31f7d22cf76edf62345ef2ce5ab9a6224041988a (0.00s)
    --- PASS: FuzzRlp/328e97f72d733cdd377fee4b7795712fff32c600 (0.00s)
    --- PASS: FuzzRlp/32a03beeb26322c271b3bb1682bf00ac4ecc79aa (0.00s)
    --- PASS: FuzzRlp/32f99875990b09ff18d8982ffc4025eaaa5ed595 (0.00s)
    --- PASS: FuzzRlp/331bbf72496c9c78eba84373de9b8a69324a4257 (0.00s)
    --- PASS: FuzzRlp/33942254db5a593f6c9e02b4e5102cc4ddff5581 (0.00s)
    --- PASS: FuzzRlp/33f7ff7be0767cded719b2b50590b58f0cc4f528 (0.00s)
    --- PASS: FuzzRlp/3445a954e1c23b6a0942af7f7fc14ec0fbc3bafb (0.00s)
    --- PASS: FuzzRlp/34b27d0ef92fa7b9964b0f961e67fac9cb6a671d (0.00s)
    --- PASS: FuzzRlp/34f909fca57c47ed17305e26f4bc7ab288f00d4c (0.00s)
    --- PASS: FuzzRlp/35555aa8fa2a5466dadfe941c5639fb7452cf325 (0.00s)
    --- PASS: FuzzRlp/35bab2680a7089e31244fe0aa3cf3ec88d897743 (0.00s)
    --- PASS: FuzzRlp/35fc94f40ffac8fe33fe3b3c7a5a284742040a02 (0.00s)
    --- PASS: FuzzRlp/368ee0af327ecc563a566a0e1e2dd51a924a867a (0.00s)
    --- PASS: FuzzRlp/36d34d83924677d2784acbbd9244e9c78654830b (0.00s)
    --- PASS: FuzzRlp/36e36877621aca80e4223d1e367040798a55dc65 (0.00s)
    --- PASS: FuzzRlp/37002968bc0c3fdbd32c104c03425fb5d732bed1 (0.00s)
    --- PASS: FuzzRlp/3725725bc1822d99fdd66ae4f49843bc557d9814 (0.00s)
    --- PASS: FuzzRlp/374811ebdc51a8f2c9f5ddf67b8d915fca0c9dfe (0.00s)
    --- PASS: FuzzRlp/37bb3b2b373c66462219d0928ac7d29728d5799d (0.00s)
    --- PASS: FuzzRlp/3848bb3e745e732d9d95cc27ae71624ceeb2915b (0.00s)
    --- PASS: FuzzRlp/384d5f57f7b39dfb2672e084fd6e81b34c38d492 (0.00s)
    --- PASS: FuzzRlp/38712b24ae61b7c23dffe98d69390ed2e9368b7e (0.00s)
    --- PASS: FuzzRlp/38c8af2b12f65e0bd0e0b15cdd3db0fbe3f54673 (0.00s)
    --- PASS: FuzzRlp/394a238e93f6a0a2f7b36a2d63b9d76c7190e57e (0.00s)
    --- PASS: FuzzRlp/395856a5acb7499ce4d0310684bc9e85cd6038bf (0.00s)
    --- PASS: FuzzRlp/39f88c23a7d905953d42a28050c2602088aba4bc (0.00s)
    --- PASS: FuzzRlp/3aa2c6a89ee5b1e79225e4fe1901e6293e64fac1 (0.00s)
    --- PASS: FuzzRlp/3ae10ad9d8ed2cba272e79c2ce99e0f2a5f1cd11 (0.00s)
    --- PASS: FuzzRlp/3b9613ec2bf3188e9ef64591252bed0e8b7a4ec7 (0.00s)
    --- PASS: FuzzRlp/3c39ed8df8d7903491812b13dfd81d988879dab9 (0.00s)
    --- PASS: FuzzRlp/3c5a8d7dd5577275ee22bae84153cc3c68a136df (0.00s)
    --- PASS: FuzzRlp/3dcbe18144dd7fffbd1a53bf2e4eafe133ebf81e (0.00s)
    --- PASS: FuzzRlp/3f67d28e874667dd5c2c10cfecff26ef41faff0f (0.00s)
    --- PASS: FuzzRlp/404fa9e406711d11a072cc217d3c54e99b9eb16f (0.00s)
    --- PASS: FuzzRlp/408d506ef3195b14e5d36e23171918483876f101 (0.00s)
    --- PASS: FuzzRlp/4093bbf2a123149abc7b70807dceec6a5a044a22 (0.00s)
    --- PASS: FuzzRlp/40d43aaeb7bff7e7c7b010d2b20ffd1cd467251a (0.00s)
    --- PASS: FuzzRlp/41d3ed383a7807e4a3b0ed35cb39eceaf54f833e (0.00s)
    --- PASS: FuzzRlp/430f70f09c079d42883fc13f8c8ef942124d2cbf (0.00s)
    --- PASS: FuzzRlp/43224511d52a1e17c2b7b127226551cb139476fe (0.00s)
    --- PASS: FuzzRlp/4351d13f9511a3ce02892e8333677c496af7ee29 (0.00s)
    --- PASS: FuzzRlp/435c77cbb3606ce9ba7f6eaba2eecf7e0ff26daa (0.00s)
    --- PASS: FuzzRlp/4384a6ed6ace163ff3682286ffa0ad1c42b899a2 (0.00s)
    --- PASS: FuzzRlp/43ca83d24720b1759ea159fd51fab8805ce3d8b0 (0.00s)
    --- PASS: FuzzRlp/44243dda68fb6a6e13a687a42058a7d153fe135a (0.00s)
    --- PASS: FuzzRlp/44783e4c1ba0f1c0f36e36b5ec53de4704dfed96 (0.00s)
    --- PASS: FuzzRlp/44883872f50ba055dab2bca8027bacf4cce6e5ec (0.00s)
    --- PASS: FuzzRlp/4496b5aad0f6eac2425392d458a4cbf9b848aad6 (0.00s)
    --- PASS: FuzzRlp/44c9d2329b5f2e386e2f00823c98d88f543e4c0c (0.00s)
    --- PASS: FuzzRlp/44d728a2519aa7c85d6a5e9abe7e0f2d73cc0839 (0.00s)
    --- PASS: FuzzRlp/44df3440b39caa329f7b827f54952e6e5fe56744 (0.00s)
    --- PASS: FuzzRlp/454ccae58a373fc2cf4082369b4d06125b73b1bc (0.00s)
    --- PASS: FuzzRlp/45db64a3d3f60f2a9ebb1e8cfc9157c97dc5104d (0.00s)
    --- PASS: FuzzRlp/460af765f7c4375f787df00aa0b45db560e23993 (0.00s)
    --- PASS: FuzzRlp/4643db30750657d31d41d95d4204798573285141 (0.00s)
    --- PASS: FuzzRlp/46639f5dec0ce8dcf918f27d511ab26c7a349b03 (0.00s)
    --- PASS: FuzzRlp/4665a67a32a46fa23455818be6942d2d76982e6d (0.00s)
    --- PASS: FuzzRlp/46821531779fc823090ccc3562e11375d6987431 (0.00s)
    --- PASS: FuzzRlp/468be45c362c6582b8839a73bdaa9aac1b2577ee (0.00s)
    --- PASS: FuzzRlp/475fbc1f203ef87bb8020af775164dcd09b068a3 (0.00s)
    --- PASS: FuzzRlp/4796684e7333c23ebd1be1f8eb3c346722ad8e62 (0.00s)
    --- PASS: FuzzRlp/47ad7dac98f422e12e22dd4a2028d81a40bd4899 (0.00s)
    --- PASS: FuzzRlp/47f048bc49e30c71698f94ea2415ecec5ffc356b (0.00s)
    --- PASS: FuzzRlp/47f31209bf2913e229b698ac47a3a7fb28c174ef (0.00s)
    --- PASS: FuzzRlp/48355aff739f9696a9d1623e3010dbeea8184d13 (0.00s)
    --- PASS: FuzzRlp/487100816e0268d7e61313d07b6082068402a54a (0.00s)
    --- PASS: FuzzRlp/48c48d08ec13fc3ddc4c49f77436a0af0a325e1a (0.00s)
    --- PASS: FuzzRlp/497239b29e752e5f88f4690ba32cb5eea844bf7d (0.00s)
    --- PASS: FuzzRlp/4972576000e8c9c6875d2c5ed143feb64a598ecd (0.00s)
    --- PASS: FuzzRlp/4a021d8d737196988035cf057ee3e9b3441ad037 (0.00s)
    --- PASS: FuzzRlp/4a3b1f7609f5b6fd3425a5f273c66506bde4e582 (0.00s)
    --- PASS: FuzzRlp/4a5ad3232d1570f2085a1586f6e15f3433d925ad (0.00s)
    --- PASS: FuzzRlp/4a8fd1f5e6b5aea866339311512c3ff5e53a3f77 (0.00s)
    --- PASS: FuzzRlp/4aeabb9ef17079ef7b6c965cb84d32965b7aa512 (0.00s)
    --- PASS: FuzzRlp/4c193d75a629281d946292020ddd0ccc35a71d16 (0.00s)
    --- PASS: FuzzRlp/4cdb0cd94e3aeee84dd74e67cd9dfc1b25706132 (0.00s)
    --- PASS: FuzzRlp/4d456b957dad5849de668244f7cfd0804c8b14d8 (0.00s)
    --- PASS: FuzzRlp/4d91752f3efe0d67f20d7f3559dfc9ef17d85fdf (0.00s)
    --- PASS: FuzzRlp/4dbff8e98660062c5f3550c0e73f744120fe5425 (0.00s)
    --- PASS: FuzzRlp/4e038b34bfd2f2675b1a7f7f5a1ca5ff49ea7f68 (0.00s)
    --- PASS: FuzzRlp/4e762a9b9276becd4bedb27802562668b7e64732 (0.00s)
    --- PASS: FuzzRlp/4eb232061aad9ca38b726aada0b6643a46308eed (0.00s)
    --- PASS: FuzzRlp/4f42286906deb900bb533c29c5fa56bcaf539959 (0.00s)
    --- PASS: FuzzRlp/4fa053642b888e08be7bcc24458111c0e11cee2a (0.00s)
    --- PASS: FuzzRlp/4fb8a7c7b6ab9ea782e8e393e1422da1dd0d2aa0 (0.00s)
    --- PASS: FuzzRlp/4fb9c7526d14ae91b5e2200c9805c37a45346780 (0.00s)
    --- PASS: FuzzRlp/4fc879bd12aa1b602870bb157bf6c5ed2d6a119e (0.00s)
    --- PASS: FuzzRlp/503e7adc9e4327bb77cb0f9dfb30a7a91ce4f4fe (0.00s)
    --- PASS: FuzzRlp/508889f05ff2a64c5ac0faf66ffb855f0c4c3a5a (0.00s)
    --- PASS: FuzzRlp/5143532e95f7af8257b030bb9edf6936d23c590f (0.00s)
    --- PASS: FuzzRlp/5160ecff6c56fe008f3104098ebd4257c58356ea (0.00s)
    --- PASS: FuzzRlp/5275578b2678af3a74891ebfa326f3aeb47eb78c (0.00s)
    --- PASS: FuzzRlp/52b4910f8ecc83bdffd0cb9d2357674c411e2ad9 (0.00s)
    --- PASS: FuzzRlp/531478435093b878094f497a36d51545fff6883d (0.00s)
    --- PASS: FuzzRlp/5360d968b024949ea5d1291fc9c4f4adcccd442e (0.00s)
    --- PASS: FuzzRlp/5397c6908210e183cb745d2e6991f3da5aff45f9 (0.00s)
    --- PASS: FuzzRlp/53f843227302c62e2b6e3785126427cb26ddd2c2 (0.00s)
    --- PASS: FuzzRlp/5408df0c71fbc436cbcb1ce8439a143658809661 (0.00s)
    --- PASS: FuzzRlp/54a12fcba6fce032998636ae6bb88c84a7ac3f88 (0.00s)
    --- PASS: FuzzRlp/5536986e5d2e94824038fdccb3ca7c09a70d624d (0.00s)
    --- PASS: FuzzRlp/55ddd3ea9ea248666e9587aa87cc33a2b2e34cd8 (0.00s)
    --- PASS: FuzzRlp/55de37e4b1842b4d1c95b84c7a8a57069c92705c (0.00s)
    --- PASS: FuzzRlp/55f361c1851144bbbdf3cc872adcb0b257e7fab3 (0.00s)
    --- PASS: FuzzRlp/56ea3ce091f81cb3a1ac29df73be9f90bf6c7258 (0.00s)
    --- PASS: FuzzRlp/581525d489e63717b8d25841a82575c6103fdb92 (0.00s)
    --- PASS: FuzzRlp/58308b9a3f7bc11d7a62ec28d86bb190d94c39ed (0.00s)
    --- PASS: FuzzRlp/58b2dc1430adcf324a86fe7e09ae6a2d29a23bf4 (0.00s)
    --- PASS: FuzzRlp/58b4fce8b2354d35cda17328136a3b3b0b6681a0 (0.00s)
    --- PASS: FuzzRlp/58e6222c86132b12d785e30b7c9a4105ae660e79 (0.00s)
    --- PASS: FuzzRlp/591177c04a12e5901f576885141f38bd2723f835 (0.00s)
    --- PASS: FuzzRlp/597ce21f5415999566256bcc8140cfc99ea1ebc1 (0.00s)
    --- PASS: FuzzRlp/598048a7cec42338f1ecd8c9c0f765d70f3dfcd6 (0.00s)
    --- PASS: FuzzRlp/59d77f81484be4c5262e58824a02bcf54a335ee5 (0.00s)
    --- PASS: FuzzRlp/59fc0d257f1deef463ed4f00e691016280ef3fcb (0.00s)
    --- PASS: FuzzRlp/5ae9772a60c5b8cdc9ff92a69c2cede400841210 (0.00s)
    --- PASS: FuzzRlp/5b45420b4cf3e5a2f7f4bfb144ff4ffb92478ff6 (0.00s)
    --- PASS: FuzzRlp/5b9a2b862b62b738b2196faae86986be9f5a1008 (0.00s)
    --- PASS: FuzzRlp/5bd0b30f7063bbe73ec9e7553c4eb1ea44429891 (0.00s)
    --- PASS: FuzzRlp/5e0db68d834a7c5442608eb92b7bace29106b455 (0.00s)
    --- PASS: FuzzRlp/5e6d17ebfcf58b73da144e92053f38c26f3bb093 (0.00s)
    --- PASS: FuzzRlp/5ed818da7222e6e403315e9b3fe64503134b2588 (0.00s)
    --- PASS: FuzzRlp/604a08f7849b987f5c9ff6c27ead04ae08c490da (0.00s)
    --- PASS: FuzzRlp/60ca92b0bc4a6426a3d29adc82d21a01d39b19fc (0.00s)
    --- PASS: FuzzRlp/60e8bdd9600d84322f5b72f6f742f57253cf866a (0.00s)
    --- PASS: FuzzRlp/60efd82faaa102b809b678d75c6963af2347276a (0.00s)
    --- PASS: FuzzRlp/6120520ecff34f459889dfb11533cd01f8ca19a1 (0.00s)
    --- PASS: FuzzRlp/6143dcc4bd90301f3c5e482a9e3c060342340735 (0.00s)
    --- PASS: FuzzRlp/6178e8f49dc8a4fc4fbdcaaf356d5f536196b94d (0.00s)
    --- PASS: FuzzRlp/617f5053e940cbb1eb5e3edb1951dfa6fab168e6 (0.00s)
    --- PASS: FuzzRlp/6187b775d861433b3e1c7e55554b246911882e0f (0.00s)
    --- PASS: FuzzRlp/61bc8899d61ed4200bc4bdc48dc9279d695f20c3 (0.00s)
    --- PASS: FuzzRlp/61cbc3ffa88e91d703fe6e1e0ed4afdcc7105ec9 (0.00s)
    --- PASS: FuzzRlp/61faa17cd8e66bbfc719ed611d6083c33119a6e5 (0.00s)
    --- PASS: FuzzRlp/62db833b040b63d4e15989e95b2d3b53f625709b (0.00s)
    --- PASS: FuzzRlp/634c9224561aea6946ce26a4bcf742c53b3e3bc0 (0.00s)
    --- PASS: FuzzRlp/64344832feda1af76ea88ffe40606806efa382fd (0.00s)
    --- PASS: FuzzRlp/64bf52e2815d941df44fce017f691aef3b5f4044 (0.00s)
    --- PASS: FuzzRlp/654f0f8aec07eb65c747403e5030b51fc774778c (0.00s)
    --- PASS: FuzzRlp/655951939a3c8477fe49f5a077c5ef76eab70cfb (0.00s)
    --- PASS: FuzzRlp/6691687b3955a61ae60a57c7379cb3b3bedc5208 (0.00s)
    --- PASS: FuzzRlp/67198d809e523060229e3b6ebec143a374d06557 (0.00s)
    --- PASS: FuzzRlp/679fa6803f236819b333a9d372da9408c29bec18 (0.00s)
    --- PASS: FuzzRlp/6848df110bfd5f3654fe75f2b50c1de2b375babd (0.00s)
    --- PASS: FuzzRlp/69df182d01ea2d335ef1404720637a649330b1cd (0.00s)
    --- PASS: FuzzRlp/6a4290542d48ba94e43262fe26101b2112332855 (0.00s)
    --- PASS: FuzzRlp/6ad75f1990866fb8f0ef781efd324a81b4682d3d (0.00s)
    --- PASS: FuzzRlp/6ae808943f48874d907099c9553089a11e4d2398 (0.00s)
    --- PASS: FuzzRlp/6b3d80715d06cd14309da05d804629a7be00f624 (0.00s)
    --- PASS: FuzzRlp/6b98cf0d012384f7f98339454e6bf15e6acdab04 (0.00s)
    --- PASS: FuzzRlp/6b9c4b94b3c0996dd9593d68b262abf44b3083c7 (0.00s)
    --- PASS: FuzzRlp/6c354c9930abf5646d0ec6502465c99560a79852 (0.00s)
    --- PASS: FuzzRlp/6cf58a90fe1bbfd1669bf1f6ae15501d95846bc3 (0.00s)
    --- PASS: FuzzRlp/6d4bf42a1a0b11c2a810c82b9fdd083487362685 (0.00s)
    --- PASS: FuzzRlp/6ddf3356441af0f3c664a51a835338f0afdcfaf4 (0.00s)
    --- PASS: FuzzRlp/6ebb461c53ebe330c7a5a0dcf9bb938466a9e0de (0.00s)
    --- PASS: FuzzRlp/6f8fadd80f403acbf9addf3588d753a58b675d51 (0.00s)
    --- PASS: FuzzRlp/6fbb062afb72717a62b5c8726e59b2928a257e16 (0.00s)
    --- PASS: FuzzRlp/700a1d0b92e0dc59ad7e76ba196cd2d4b46df7be (0.00s)
    --- PASS: FuzzRlp/707fdfd35c9a5efbda68f920916bf67a724d1118 (0.00s)
    --- PASS: FuzzRlp/70bfa0cb3d74065924f5d8d702fb4a65c7d7c621 (0.00s)
    --- PASS: FuzzRlp/70e51b150a1a0960aee57549d987818af28d8f51 (0.00s)
    --- PASS: FuzzRlp/71599112a0c661f4b4974ff51add3306b25c9223 (0.00s)
    --- PASS: FuzzRlp/71b2e297948244333e168b1bad14c20d33c811bb (0.00s)
    --- PASS: FuzzRlp/71b9c6ca8760bbcbf3befc94a09988eb0963863e (0.00s)
    --- PASS: FuzzRlp/72a4389b276e3b69d79122470ee336bec5c908a2 (0.00s)
    --- PASS: FuzzRlp/72aeeb5ca01205f34d5be9887eaf012037a4a6ab (0.00s)
    --- PASS: FuzzRlp/74553aa7e652f6574219cb740e98647b283e9881 (0.00s)
    --- PASS: FuzzRlp/74b980c7de60e140d9c910bc5891fd2a39c3175b (0.00s)
    --- PASS: FuzzRlp/754d2ab3f80180bf8afcf2e96f0091d5493a3d62 (0.00s)
    --- PASS: FuzzRlp/76568773199cbda6414c70a397b3409988f46192 (0.00s)
    --- PASS: FuzzRlp/769244700d14b7ebafe5b5f16abdeaf3651fc47e (0.00s)
    --- PASS: FuzzRlp/77ca99bc747de28f929c16345d521d1ffb8c8dc9 (0.00s)
    --- PASS: FuzzRlp/7861cfa2156250327b052e7da53aef85eec87eb9 (0.00s)
    --- PASS: FuzzRlp/786fb7e31347e1cb32ab45c2c8b5f84068b99e16 (0.00s)
    --- PASS: FuzzRlp/78a961bf48bbbc691c5f88cb46f6db837c14daac (0.00s)
    --- PASS: FuzzRlp/7931abc30ff77bed6d01820b696a3924013e69a6 (0.00s)
    --- PASS: FuzzRlp/793d908a3fb3d23beec98c1b3091d73681fe869e (0.00s)
    --- PASS: FuzzRlp/798194401aff07fc684279b232479583717f0174 (0.00s)
    --- PASS: FuzzRlp/7a2ad68bba64220a31f7bda5b52bd5808e887120 (0.00s)
    --- PASS: FuzzRlp/7a886a0a049f9d9e1694d1b225fcbb44c5f84464 (0.00s)
    --- PASS: FuzzRlp/7a9ab73cba9efce1534b2b620a06863b3faa7c6e (0.00s)
    --- PASS: FuzzRlp/7acf4545caa09f481b0c07ca14556d4f225cbc24 (0.00s)
    --- PASS: FuzzRlp/7b27d176476a46bc66e7536f76ae3fade5764ad1 (0.00s)
    --- PASS: FuzzRlp/7b555a6fcff21780a52ff657b88ba6e38d433ecc (0.00s)
    --- PASS: FuzzRlp/7b65c92fd342967317c67b1a298c026779292d29 (0.00s)
    --- PASS: FuzzRlp/7c33f4d86aeae62e252652993a2c314570fa8835 (0.00s)
    --- PASS: FuzzRlp/7c44884081a6852ffcd0fdbe01a0d2dae77a5882 (0.00s)
    --- PASS: FuzzRlp/7cd7ad674fe356340c7b0619bd7d0570326b21ad (0.00s)
    --- PASS: FuzzRlp/7db0b72bc9dba7a4fe8c773f355c76fcc45fcc53 (0.00s)
    --- PASS: FuzzRlp/7e365cb23117c11533e908a2f57959b13b3bee78 (0.00s)
    --- PASS: FuzzRlp/7e8bc68ef875b3b6a8c42707e2ad27f38ed3db2b (0.00s)
    --- PASS: FuzzRlp/7f2eb97bc9fb2352abe05a2325e07280f6b75401 (0.00s)
    --- PASS: FuzzRlp/7f4323c0bf70d8666f19dc06628e53e61950a635 (0.00s)
    --- PASS: FuzzRlp/7f50132af2ac98baa78206b95b1b3e384cb8ffdf (0.00s)
    --- PASS: FuzzRlp/8052773ce0745363979c1cb0a7136a39c8fec795 (0.00s)
    --- PASS: FuzzRlp/80ccd42c2d026f282f234d4d34307b5f3f4eeee6 (0.00s)
    --- PASS: FuzzRlp/8159da3aab2ad19190a0ef63c3818644a8c5883c (0.00s)
    --- PASS: FuzzRlp/818519e828f8aea93be77fd7a378d7dfe66d4512 (0.00s)
    --- PASS: FuzzRlp/8209c135d75c2e3255bee8b5e5c972e0f96c5cb3 (0.00s)
    --- PASS: FuzzRlp/828394cf1f4675eb9cb0c3427edcb29e3d4b50ac (0.00s)
    --- PASS: FuzzRlp/82d465c256665530e576c28425921070220db0bc (0.00s)
    --- PASS: FuzzRlp/82f3a18549b14804d83561b5d952b3c68def8b0e (0.00s)
    --- PASS: FuzzRlp/8307a298fdb66737ad0e4c95410c57ca8493c8ff (0.00s)
    --- PASS: FuzzRlp/832af710807148467605d5d8c197503f4412aeaf (0.00s)
    --- PASS: FuzzRlp/833bedb2b511e3476fea9049af2fca3947ef4821 (0.00s)
    --- PASS: FuzzRlp/8411f2bb23aaa48ee3642cb1e932f398c3a7cdfc (0.00s)
    --- PASS: FuzzRlp/8491e619d35609aad2977ab44b01c72bf7ad946c (0.00s)
    --- PASS: FuzzRlp/8496ebcba8d66093035176916e522cd5d3b77ca8 (0.00s)
    --- PASS: FuzzRlp/84e33c81c4234ac30c65bf8d38b338f93f72d3d0 (0.00s)
    --- PASS: FuzzRlp/856d3c30df5f4f0f807c1300b3ec9c9a82e71b4f (0.00s)
    --- PASS: FuzzRlp/8697d7468de41570ad65176d10482dd225391028 (0.00s)
    --- PASS: FuzzRlp/86db5b1af3920d435f96b253cbadeca5fd63bfd7 (0.00s)
    --- PASS: FuzzRlp/8799c568b9393f674c2c585a394224fea489f5a3 (0.00s)
    --- PASS: FuzzRlp/87b175ae07d5942dac5876ee10ab8af1cf0f64d8 (0.00s)
    --- PASS: FuzzRlp/87b8f601df1ad5520f62608143f62aa62430dbee (0.00s)
    --- PASS: FuzzRlp/8847fe443752c2eb9dbd8f1e196eb892905b7413 (0.00s)
    --- PASS: FuzzRlp/886ee5e5a0c410de16f15630894ac6fd20414d7c (0.00s)
    --- PASS: FuzzRlp/896df0450d64dc42a9ecff155189151db7014b1a (0.00s)
    --- PASS: FuzzRlp/8978e596d6c3949450274d1a66d139e849b62037 (0.00s)
    --- PASS: FuzzRlp/898b681eac4762ef861e05f5edbf73d7e1403383 (0.00s)
    --- PASS: FuzzRlp/89c42ca129ae4ee51a69659821f67921baad9628 (0.00s)
    --- PASS: FuzzRlp/89e51d8a3a1ed2257dc31a82aa4e464b0a9ed1d9 (0.00s)
    --- PASS: FuzzRlp/8ab3e37ee87f0a82bdfa13e3f66d1107547800a0 (0.00s)
    --- PASS: FuzzRlp/8acefeecc25bdce186f56bde4d4bf262b4f57060 (0.00s)
    --- PASS: FuzzRlp/8ae6dee220c1367344da3c844ff08ada08834253 (0.00s)
    --- PASS: FuzzRlp/8b6323d5c3ff06ea6714e05774ff78f6c711c3fb (0.00s)
    --- PASS: FuzzRlp/8c5ff1030fc8465d92afe8fc576573fc3aabddb6 (0.00s)
    --- PASS: FuzzRlp/8d0e20898c73319ba4bfcc359c8cc5e696181b79 (0.00s)
    --- PASS: FuzzRlp/8d7bbdf27bbcd5fed5d6683181d4251acfb5b69a (0.00s)
    --- PASS: FuzzRlp/8dcd8aa7e12dd6e3da17b474b9dc6b49bba83021 (0.00s)
    --- PASS: FuzzRlp/8e130e9b768711bbe736a1177af76205ca80414f (0.00s)
    --- PASS: FuzzRlp/8e8d9816b5a4125924637a5c7f0182ece5c4f648 (0.00s)
    --- PASS: FuzzRlp/8ec7b19821cb46cd7dcd08767fa47fdd0f409048 (0.00s)
    --- PASS: FuzzRlp/8eca7cac79961645ea886cbc2a9e0ba189f15208 (0.00s)
    --- PASS: FuzzRlp/8f6ccf82f0d932cd8238203012ffcbcc652058e2 (0.00s)
    --- PASS: FuzzRlp/8f8b060574f992cf66559c98267653cb56f322a3 (0.00s)
    --- PASS: FuzzRlp/8fbe1af89e8646918d0b10e2b426c7ec8ad4ae0f (0.00s)
    --- PASS: FuzzRlp/9069ca78e7450a285173431b3e52c5c25299e473 (0.00s)
    --- PASS: FuzzRlp/90845c9e93cf89703f8366907d59ad3ada3b0071 (0.00s)
    --- PASS: FuzzRlp/91a1d5895179fc835de5113f2fdf958362a8d84c (0.00s)
    --- PASS: FuzzRlp/91a2d02010c34544c9c4eb87d2d06dd535ed4cdb (0.00s)
    --- PASS: FuzzRlp/91c745ef4d54759ee4426e3a093f79c670fb74ec (0.00s)
    --- PASS: FuzzRlp/91e43bee0d88e872d24c67dabfe24b58de06ea27 (0.00s)
    --- PASS: FuzzRlp/92a69ac52e5b3cae8f68449c67db28f89a396309 (0.00s)
    --- PASS: FuzzRlp/92b38d7607649f43a9c84c63b0fc968f35fa9df0 (0.00s)
    --- PASS: FuzzRlp/93566b4d1a891949d420c6ec0bea3ecc751dd1b5 (0.00s)
    --- PASS: FuzzRlp/9360f20e0d3c043d873f04f15948dd894945f52e (0.00s)
    --- PASS: FuzzRlp/94a39b79f79cecd856b95bd252166540008edfcf (0.00s)
    --- PASS: FuzzRlp/959c9544af63f49d3c3c0843a4711a7602bf2258 (0.00s)
    --- PASS: FuzzRlp/95eb2fe17e28bee28baa44e043c28cef4b1e43c6 (0.00s)
    --- PASS: FuzzRlp/962d780770f37468b00d8bd3beed749f39b0d8dd (0.00s)
    --- PASS: FuzzRlp/976b554bffd0f195a3e370b8f190e34921bc332b (0.00s)
    --- PASS: FuzzRlp/9856f2bb393b1a3e7bffc09d686a2b3b1440054a (0.00s)
    --- PASS: FuzzRlp/988d594a7eea58114b34c8f15da9938be5f0ffee (0.00s)
    --- PASS: FuzzRlp/98d77eece72e554fe9b14418002054dfd5b9819b (0.00s)
    --- PASS: FuzzRlp/99399cdd5cf3ed45abd98cf3b4c4e1cd4da1f8dd (0.00s)
    --- PASS: FuzzRlp/993e45723d24e936c8c527770fe3252c0646aa39 (0.00s)
    --- PASS: FuzzRlp/99682bf71bc958cb857b504af6a1f76ff81e92f6 (0.00s)
    --- PASS: FuzzRlp/9ab7684f41bb8ea24b60d616ba7af84f22f68043 (0.00s)
    --- PASS: FuzzRlp/9af0d2d905dd49e16ab53d7b2663df0c1258835d (0.00s)
    --- PASS: FuzzRlp/9b4cd69ea650774e77e1ba081c4b3cffa87c1042 (0.00s)
    --- PASS: FuzzRlp/9b4f2cd06cac94c8a1d5950d509739acccea27da (0.00s)
    --- PASS: FuzzRlp/9ba69e7b1ddf164c8c59486c211b751f8012539d (0.00s)
    --- PASS: FuzzRlp/9bca9c99461cacc8c27f64830a9c2583391f5a4c (0.00s)
    --- PASS: FuzzRlp/9bea71d62162932b98d51df097b1cb0439632244 (0.00s)
    --- PASS: FuzzRlp/9c206ae90628829bf6807738d95c8f06217d6721 (0.00s)
    --- PASS: FuzzRlp/9cda329c96f370ae79324b3677352b739be29cf8 (0.00s)
    --- PASS: FuzzRlp/9ce67401a286dc2e3b8c1c80999f148654a1dffb (0.00s)
    --- PASS: FuzzRlp/9ce684883c6a45dc4091abc79548b466310d6a24 (0.00s)
    --- PASS: FuzzRlp/9d05910c0bb1017e0742eda37d1454b1eae8b14f (0.00s)
    --- PASS: FuzzRlp/9d05d80dfa20c6df019741fb7010cc99a0239263 (0.00s)
    --- PASS: FuzzRlp/9d53d4ce65adf2144d121eab82ab65aceecc0d4b (0.00s)
    --- PASS: FuzzRlp/9e151447f6614df12588914e34bd4ce4db2f55c3 (0.00s)
    --- PASS: FuzzRlp/9e3ac071a98c90542f85a2a77de314e3e6136846 (0.00s)
    --- PASS: FuzzRlp/9e874cb815a75020acd029dad6b4c6f058ffc576 (0.00s)
    --- PASS: FuzzRlp/9eb3c99fdf4ede8ae37b5a7f43b03de438cf4b1d (0.00s)
    --- PASS: FuzzRlp/9f5d088ad7de94f35e88ed711443f7e935526630 (0.00s)
    --- PASS: FuzzRlp/a009403922cd81d8f04d2fe7fb70f5d23a6e9a12 (0.00s)
    --- PASS: FuzzRlp/a022fd9f68719ce0812b94288ef33cbdf6716e7e (0.00s)
    --- PASS: FuzzRlp/a03bf005749d37886c749ec89fb24340a34f3f87 (0.00s)
    --- PASS: FuzzRlp/a0a1cf07bda8fd6d9f392bbd04cbea9827811202 (0.00s)
    --- PASS: FuzzRlp/a150eb67d74cb398b1e4369637d53c53dcc35e33 (0.00s)
    --- PASS: FuzzRlp/a195dd8b09ec0c23039f4c5cf25d8abc8939c1fc (0.00s)
    --- PASS: FuzzRlp/a1f288d2c740bac637a207993cd6fcabdcadb18d (0.00s)
    --- PASS: FuzzRlp/a2dc731f290e9e49a580e4f5a1688b62e4c01dae (0.00s)
    --- PASS: FuzzRlp/a33a05f349cad92125f5726411d1423c90de189a (0.00s)
    --- PASS: FuzzRlp/a36dce6273119098ce4bb44a21c068082cec1a4b (0.00s)
    --- PASS: FuzzRlp/a38b67b62335f6dbe60d6f438d3e4abbac41b3aa (0.00s)
    --- PASS: FuzzRlp/a3c66323b0c9d3e134968394ebc3c8e2d66e547c (0.00s)
    --- PASS: FuzzRlp/a3d04e94691b776d6e1ce959ab2d06fafdc18d18 (0.00s)
    --- PASS: FuzzRlp/a40299d7f236ec176ee8d367b7c5b1c3ff82926b (0.00s)
    --- PASS: FuzzRlp/a40d76989adf7df3cc630ed3bffea65e2ffb56fa (0.00s)
    --- PASS: FuzzRlp/a6317766eeadcf0eb7e3161caba55a87978383d8 (0.00s)
    --- PASS: FuzzRlp/a638f1d616aa2e571768c6d9316d681b5518a674 (0.00s)
    --- PASS: FuzzRlp/a68afeb6e440dcc892e699a6f56dbc94a454ddc2 (0.00s)
    --- PASS: FuzzRlp/a6a366f88132d3aa1116d93fb7fdba3da8615f9e (0.00s)
    --- PASS: FuzzRlp/a6b258c613ddd37de4240ad60b03c1cb1b88a9b5 (0.00s)
    --- PASS: FuzzRlp/a6d05b0c80d2170e64d58edd2a627d4b130e8c17 (0.00s)
    --- PASS: FuzzRlp/a70a030a55cfebee5d4457e65f3eec8f1cb018bc (0.00s)
    --- PASS: FuzzRlp/a80f8ba65699bae3bf159dabf7eff8b72fe3edfb (0.00s)
    --- PASS: FuzzRlp/a95a709c7a9c6386bd4212e9e8c87a13128934af (0.00s)
    --- PASS: FuzzRlp/a960f597e46c5b2fc213b3daa24702bcb15d6a78 (0.00s)
    --- PASS: FuzzRlp/a979ef10cc6f6a36df6b8a323307ee3bb2e2db9c (0.00s)
    --- PASS: FuzzRlp/aa01a393f31a3218d850aef29c832f5e9b933217 (0.00s)
    --- PASS: FuzzRlp/aa8ed664a88cef2003adc3bba14a7f4006d6f3a0 (0.00s)
    --- PASS: FuzzRlp/ab0b3837b4bfdfb1144eb4352834779311f41ab7 (0.00s)
    --- PASS: FuzzRlp/ac9c1fd1cd6f74c910197387d6395598854a8ef0 (0.00s)
    --- PASS: FuzzRlp/acf3a0c1876b9b86009ed3103cb4853ee578a802 (0.00s)
    --- PASS: FuzzRlp/ad5b71d76cf72f8a2ec28bd8bd3514dad91a9062 (0.00s)
    --- PASS: FuzzRlp/ad6a84eab72f93e14a2b3289c11cfaa770f1dd1c (0.00s)
    --- PASS: FuzzRlp/ad6f5874cf2494a7db4a77227b920ac138e9a316 (0.00s)
    --- PASS: FuzzRlp/addb13d5176fe057101c057d12bc496e350df583 (0.00s)
    --- PASS: FuzzRlp/ae584af3b7dec7a9575569c8b1e442fd30519edb (0.00s)
    --- PASS: FuzzRlp/ae8bbfccdff9019317c7ff376906b09ff5d273c9 (0.00s)
    --- PASS: FuzzRlp/aeb73e284d2f0769d14cdf47c98475c81ee4fd74 (0.00s)
    --- PASS: FuzzRlp/af2a98c156bc1028bffebb166b4e02e06745c9ad (0.00s)
    --- PASS: FuzzRlp/afa9631837f62f0b201da27229f7164fc343b095 (0.00s)
    --- PASS: FuzzRlp/b0357113401fafd520edf3771e71fe001733dc46 (0.00s)
    --- PASS: FuzzRlp/b0a90d4eb4dd1f0bcb945f5fc9f4e331c197a927 (0.00s)
    --- PASS: FuzzRlp/b16535c780e01f663bf36ec90f6de92c7d01eb8b (0.00s)
    --- PASS: FuzzRlp/b216f41bf0d1a78c1a64a8a1bbc723faf4ac58cf (0.00s)
    --- PASS: FuzzRlp/b266fe04b964ed4ff409878d6f4681108df89581 (0.00s)
    --- PASS: FuzzRlp/b36cc46986802c5b14bb5b7556639ef51e6c57b9 (0.00s)
    --- PASS: FuzzRlp/b38fd197c7c44a8fe7205ac24fb3f6c2af2c57c2 (0.00s)
    --- PASS: FuzzRlp/b3cd9dd6cd934b5b0dd7e7e013cd20ec1c2870a8 (0.00s)
    --- PASS: FuzzRlp/b3d6468e786ea8f31f6f327fd3c0c8b044af4043 (0.00s)
    --- PASS: FuzzRlp/b4097b6d72835b7c4746ad8296db6770fa070f13 (0.00s)
    --- PASS: FuzzRlp/b57c1a82e0ddd1ba85b68f2086c1deff60ca27f5 (0.00s)
    --- PASS: FuzzRlp/b62977a91b0d5a6d6265c90b673c6bff39caf64d (0.00s)
    --- PASS: FuzzRlp/b6def73999ad7e382998a69d71d48c2b32670258 (0.00s)
    --- PASS: FuzzRlp/b7448a504ebad757b15cad1346ad42bffcfaac21 (0.00s)
    --- PASS: FuzzRlp/b7f13faf062371706845d39c99d52d3d422efe6b (0.00s)
    --- PASS: FuzzRlp/b943c58b35315926a96e86147c9d3e03bf228a4d (0.00s)
    --- PASS: FuzzRlp/ba0ec07c97bbe1bede2890f0bd1bcb14386960cb (0.00s)
    --- PASS: FuzzRlp/bad1af9da515c38352b2aad93b8e1dc95fe3ce94 (0.00s)
    --- PASS: FuzzRlp/bb0a9d77d8bcab41b752085f21fe039d403ffbc5 (0.00s)
    --- PASS: FuzzRlp/bc1e2b4ba21ce1ed35260507c2b22829348cf737 (0.00s)
    --- PASS: FuzzRlp/bd1caccf67e3b16f155bc731ce81eb404401aa77 (0.00s)
    --- PASS: FuzzRlp/bd20aecdfaa44d526379bb8361c8d9c597377048 (0.00s)
    --- PASS: FuzzRlp/bea8fd15c616ba9e9cc29ccd91d113e937ddd456 (0.00s)
    --- PASS: FuzzRlp/bedf7b96ffabcde84af2bfbffd3b66fd4e442d15 (0.00s)
    --- PASS: FuzzRlp/beef2145813f247074dd4197008aba54daafa820 (0.00s)
    --- PASS: FuzzRlp/bef1a56c0b950c419917e30634502129200b26dc (0.00s)
    --- PASS: FuzzRlp/beffe2b15eb9e2d1e72dd28c8c6ca1be990b3b2c (0.00s)
    --- PASS: FuzzRlp/bf6879445003084b428f529f019b2204de0ccd97 (0.00s)
    --- PASS: FuzzRlp/bfa1a0641d8b44d2088def437edd7a0a29d62400 (0.00s)
    --- PASS: FuzzRlp/c0195507494dc16035c255de7b9a550b02bb900c (0.00s)
    --- PASS: FuzzRlp/c0bb9d8e9e5fc0b07a0d66ceb0238201a88812e7 (0.00s)
    --- PASS: FuzzRlp/c0cb1581ff5e34034357eebdc35d0bedf626b545 (0.00s)
    --- PASS: FuzzRlp/c1ceafebb1f520bb4b874bd84e08831c7feafb5d (0.00s)
    --- PASS: FuzzRlp/c1f6b076d2fd539630f76b20e2949e19ad4e380f (0.00s)
    --- PASS: FuzzRlp/c26450fc9afa388ba3eedc9c5a0d5889697fa3f8 (0.00s)
    --- PASS: FuzzRlp/c2d0b1d19ac1567ac4f5724ec331f1a87b68524c (0.00s)
    --- PASS: FuzzRlp/c378c99ded38474ed2455fa69045e8131d073450 (0.00s)
    --- PASS: FuzzRlp/c386645b55ebcdace4f149873966c8cfbe0f163e (0.00s)
    --- PASS: FuzzRlp/c3fa2abfddae95612db0be321a93b0bc23b0caab (0.00s)
    --- PASS: FuzzRlp/c4136ffc0afb12c6da9305a4245009916e36ccd5 (0.00s)
    --- PASS: FuzzRlp/c57027246b8cf02f70230d5370d1e79ebed57e11 (0.00s)
    --- PASS: FuzzRlp/c5bd36aca6eb526f88566d81cedc222029c693c3 (0.00s)
    --- PASS: FuzzRlp/c5e59f4d9879012a58b5e6e6c1d4f98795ecbeef (0.00s)
    --- PASS: FuzzRlp/c63ac18520fedcfd56514d9d1425973c3d3dd076 (0.00s)
    --- PASS: FuzzRlp/c6b4a701ff46f04b93ef8deb0e9b56625e5a7276 (0.00s)
    --- PASS: FuzzRlp/c71819f6d5fbc9c0a5221d4ec66ed3484550ed69 (0.00s)
    --- PASS: FuzzRlp/c7518d021f1b29420e374495d1b2da35db3dc226 (0.00s)
    --- PASS: FuzzRlp/c7de27e379d90b1f0f8784be7191d45c11a9d470 (0.00s)
    --- PASS: FuzzRlp/c88de21723478cae3f1dd560416b10a010d0f8b1 (0.00s)
    --- PASS: FuzzRlp/c891b32904c43365d3fa07c6dff304611112e2c4 (0.00s)
    --- PASS: FuzzRlp/c8b9e3f3c412d552943ff4cdcb9ad100e96f51d2 (0.00s)
    --- PASS: FuzzRlp/c8f1fa49f9aa641aa507fcc6ed7e60f1343f2c13 (0.00s)
    --- PASS: FuzzRlp/c9225c3aeec377e1ede072a208c45054501e2a93 (0.00s)
    --- PASS: FuzzRlp/c9915a3f1d9041868381eb429c971c6f8f3a5d9e (0.00s)
    --- PASS: FuzzRlp/c9d6bfc882c74c86105c23a3b35f3c10c9ee4fe9 (0.00s)
    --- PASS: FuzzRlp/c9e8c7c3de82d42f47207bcfea7aa2e8f5ad1e49 (0.00s)
    --- PASS: FuzzRlp/ca3e918b2fe3c42924da688a021ca3e776609083 (0.00s)
    --- PASS: FuzzRlp/ca9ce7e0b30c88d8015b1ef7c2c9348b332bfbca (0.00s)
    --- PASS: FuzzRlp/cae8bc133021f0f1a6a8d9b7b5830fc3cfbba2ad (0.00s)
    --- PASS: FuzzRlp/cb240e0c2bb6d75e2f1f36588d642d0847d2088c (0.00s)
    --- PASS: FuzzRlp/cb6edff36e2543a1971635ae16ca717f8ed784c7 (0.00s)
    --- PASS: FuzzRlp/cbb267d1572e9be7d787153bc9cb3c41ec0a37a7 (0.00s)
    --- PASS: FuzzRlp/cbf6c0800cc9a02c18f72911350f2b02fbb289cb (0.00s)
    --- PASS: FuzzRlp/ccf3572df0c39819b9d06292b22ae7323dd3d772 (0.00s)
    --- PASS: FuzzRlp/cd8e63e66e84a10cd0dc54abd31ad1076d89cfd0 (0.00s)
    --- PASS: FuzzRlp/cd9653434a2b3599c4111444fd3363cd66f3282e (0.00s)
    --- PASS: FuzzRlp/cdae10bbbe66c47ef84ac7db002584af58459f10 (0.00s)
    --- PASS: FuzzRlp/cdb40d1e84f869222aded32352acbf4739d0e171 (0.00s)
    --- PASS: FuzzRlp/cddc95e941bdf109a04113e6702c880d0a9c8a2c (0.00s)
    --- PASS: FuzzRlp/cdea2adf4f6dde9f715a7c06d1c3b10ff688dea2 (0.00s)
    --- PASS: FuzzRlp/ce27c86e1b76b687874ddaa413997af6dd0ef939 (0.00s)
    --- PASS: FuzzRlp/ce373665b85b8ab084fdb3d1fc3686b48c6fcfbf (0.00s)
    --- PASS: FuzzRlp/ce85b9b3e486976b028a05160d032b4e13b20899 (0.00s)
    --- PASS: FuzzRlp/cf1141e85813211eaafe6dc87c73562c2497d045 (0.00s)
    --- PASS: FuzzRlp/cfc5a798a65b222ec00e2bd0988d1a448c5d1ffa (0.00s)
    --- PASS: FuzzRlp/cfec2ca0281d8e19b654e7f2f155652fdfd71fd9 (0.00s)
    --- PASS: FuzzRlp/d0c24eacbffddfd5a1739476967a784feb12b109 (0.00s)
    --- PASS: FuzzRlp/d12e90f609977181f3b61bb3bc4c08ca1129afe7 (0.00s)
    --- PASS: FuzzRlp/d1d3aadde9935e0187c9af8cbb8e6012138fc67d (0.00s)
    --- PASS: FuzzRlp/d1fc42582203a718984380e409bf531c3393c844 (0.00s)
    --- PASS: FuzzRlp/d27b19290a3b35ae3f96d79c96142b3050abbccd (0.00s)
    --- PASS: FuzzRlp/d288dddff505768afd132729e6b5831188e16f50 (0.00s)
    --- PASS: FuzzRlp/d32f50baa80fd020bd8ad4aaef94d8f509b4c459 (0.00s)
    --- PASS: FuzzRlp/d376c38f13117d6285c724cc0f849aea7e93e218 (0.00s)
    --- PASS: FuzzRlp/d4ffb56fc6b6f3ba684a3ee9d0a98bad5ed2f2d8 (0.00s)
    --- PASS: FuzzRlp/d5d37fb47b0b6ca14624926dceb9897aea3ab28b (0.00s)
    --- PASS: FuzzRlp/d60d2253cfe18262a369bea4e8896b2dd42a374b (0.00s)
    --- PASS: FuzzRlp/d66276e8a32704a3db0a40a575212553f7dda57e (0.00s)
    --- PASS: FuzzRlp/d6c1976a63644769f289045b3d87e2ad79437fe7 (0.00s)
    --- PASS: FuzzRlp/d6ca30688f11ee732e30ef161cbdc5e036a3db76 (0.00s)
    --- PASS: FuzzRlp/d774fa068d3a1db8bebaefc08531727672d92a5c (0.00s)
    --- PASS: FuzzRlp/d8a1252c2be87e72dd42556e49d2ed198cd6b8d3 (0.00s)
    --- PASS: FuzzRlp/d8c59a4999a8edace4ac0809314a7b38b36e53db (0.00s)
    --- PASS: FuzzRlp/d9ea5316ecee299f8c6cbbc0b4ffb162aa6aaf78 (0.00s)
    --- PASS: FuzzRlp/d9ed4e60be2116ef5db5d16fee79ab960575da59 (0.00s)
    --- PASS: FuzzRlp/da4481f54c1cc484535de11fef30a70fe385812f (0.00s)
    --- PASS: FuzzRlp/da66180699cf86a08be25d9bf73d22d048382d17 (0.00s)
    --- PASS: FuzzRlp/da763c36d8db02a898a8ca268f04d9d5e30931c6 (0.00s)
    --- PASS: FuzzRlp/dab5b87e1bf35aecfb2571e612c14785ef3cc3a4 (0.00s)
    --- PASS: FuzzRlp/dad53feeb83b336268343339b0136540d4f899af (0.00s)
    --- PASS: FuzzRlp/dd3eda3ac7f207ab7c9ab588a985fa20c0b3ab84 (0.00s)
    --- PASS: FuzzRlp/dd975ee2fae1c143a2c69aca6472744d5f40779f (0.00s)
    --- PASS: FuzzRlp/ddf4d2a981960ee428f4bc69fc7bde25ea28ee4e (0.00s)
    --- PASS: FuzzRlp/de83da27a282aba06faa4ed3f0814543659a22b7 (0.00s)
    --- PASS: FuzzRlp/de9e6aae17024e255adbf60eba09b7f667e45e43 (0.00s)
    --- PASS: FuzzRlp/dec8de4c75be044449b5f5c8f9126006cff71010 (0.00s)
    --- PASS: FuzzRlp/df25fe9eb88365598e132e85729f7bd732478cfa (0.00s)
    --- PASS: FuzzRlp/df645cb6e2bc51cbe2a664330b24e1c81e816447 (0.00s)
    --- PASS: FuzzRlp/dfcfb5e65319d8e1fcf73881b64a8e0b290294a1 (0.00s)
    --- PASS: FuzzRlp/dfd837fd789be73d4edf88844c2c7c9a3543977c (0.00s)
    --- PASS: FuzzRlp/e0045842ade67e74ec9120197c3803edfe1552d1 (0.00s)
    --- PASS: FuzzRlp/e016e64411aa739bfb2b247773a1cc98576004ff (0.00s)
    --- PASS: FuzzRlp/e0904dee050ecf0897de9f947662361fe0a1fde1 (0.00s)
    --- PASS: FuzzRlp/e1ef7d9dbe6a21bfabd542c22888fba04efd33e5 (0.00s)
    --- PASS: FuzzRlp/e2797d529803a14af281c293b2df14dc29c17cef (0.00s)
    --- PASS: FuzzRlp/e287587a2093eefaaa2da4f3e715898c4e15edc4 (0.00s)
    --- PASS: FuzzRlp/e2f3ca8285023c6638da0309951a1e13a196ad05 (0.00s)
    --- PASS: FuzzRlp/e313200325f7721d559fd47c52e5089852b3c443 (0.00s)
    --- PASS: FuzzRlp/e32e099787587c93cd0bd1c21a63171ec33da968 (0.00s)
    --- PASS: FuzzRlp/e3560427a39f48b49e86840bb6613299a2a2af14 (0.00s)
    --- PASS: FuzzRlp/e369eb73b12f70863fcf4c281395e9cefbf30416 (0.00s)
    --- PASS: FuzzRlp/e41f3077eb063f9920dc11536818b1187685a040 (0.00s)
    --- PASS: FuzzRlp/e45413dc021e84a41bf0d62e27346d909d279324 (0.00s)
    --- PASS: FuzzRlp/e4c2102578606f9e25aa125e56d4f24c4375f739 (0.00s)
    --- PASS: FuzzRlp/e4e448d9a7205537f6ee0582d35c13039791526e (0.00s)
    --- PASS: FuzzRlp/e52cc049677002f05761a24d2b9e351433455f81 (0.00s)
    --- PASS: FuzzRlp/e5b7191c3c0e6d4b2f5c97b3072e149e5f42984a (0.00s)
    --- PASS: FuzzRlp/e6e86cd6b8d2ce66069be87ef2c9c9682024cbaa (0.00s)
    --- PASS: FuzzRlp/e7178865d9e6601b706e61153ae1f81501970b52 (0.00s)
    --- PASS: FuzzRlp/e72974ff53d484c4431c5c901f8e7ffd26a23ae5 (0.00s)
    --- PASS: FuzzRlp/e7aded4138498f0d80a64690645f23e749e96b7f (0.00s)
    --- PASS: FuzzRlp/e8c3565af1dcc756cbdb069582e48b30620e434f (0.00s)
    --- PASS: FuzzRlp/e8c9d85f6000470eacfa5c27b3aac3670c77e921 (0.00s)
    --- PASS: FuzzRlp/e96bafb67a33fa44ee4c6f5498c2765383ff68a8 (0.00s)
    --- PASS: FuzzRlp/ea1e4ace7ee225acc181abeabab9231fb42fd2b0 (0.00s)
    --- PASS: FuzzRlp/ea721dc545392b14ad977a5b6304b40a271d203f (0.00s)
    --- PASS: FuzzRlp/ea72e69d16b2880b908eff66f3968c811674f8ee (0.00s)
    --- PASS: FuzzRlp/ea83d2a8678cbec05d0c5d8d9bf5efabd39c55d9 (0.00s)
    --- PASS: FuzzRlp/ea9082db942fcee531b4f2d518fc32fb49103daa (0.00s)
    --- PASS: FuzzRlp/eab833ef2ebfef99f03e7fcfb443c7cc575e99e5 (0.00s)
    --- PASS: FuzzRlp/eb65103a21a470c7e564fbb22cb1f0150394ca5b (0.00s)
    --- PASS: FuzzRlp/ebcdb26624d7f3a688e118b2b934449426f7b98f (0.00s)
    --- PASS: FuzzRlp/ebe29c6516c47d3fadf1e1703f84af3e8eaaaf95 (0.00s)
    --- PASS: FuzzRlp/ec2493d6d686247d4008633fc92e460fdc47de77 (0.00s)
    --- PASS: FuzzRlp/ec2ee253d4360af189104bf402db042359c9de23 (0.00s)
    --- PASS: FuzzRlp/ec53d70937a8e5ecf0c83a2d3e4e5aea8ca7a734 (0.00s)
    --- PASS: FuzzRlp/ec9d0ef078ad0e1bc4fdaa7ccd2b93b33c1cdb56 (0.00s)
    --- PASS: FuzzRlp/ed688fc47bfd93624fd1662e65c3bc4a2beec693 (0.00s)
    --- PASS: FuzzRlp/eeb4037924f32f0f54f40fbd24838b88eb6120d2 (0.00s)
    --- PASS: FuzzRlp/eee4317ce01dd05f5d14639839810bf4e4e79abe (0.00s)
    --- PASS: FuzzRlp/efe223e5c1ef0889701b3497c6225d98ba52c451 (0.00s)
    --- PASS: FuzzRlp/eff4e7774f54e991a2fc6424ee93fbd3ac15963b (0.00s)
    --- PASS: FuzzRlp/f021f7caeef27bb070afce7a2ea7a456fb3bd336 (0.00s)
    --- PASS: FuzzRlp/f0344cff78a702a8ce3f2d432e58493afe37b995 (0.00s)
    --- PASS: FuzzRlp/f0469d61931c8c98919b414fe734df36bb172f30 (0.00s)
    --- PASS: FuzzRlp/f2641776a1e4cc8a8850b6bff2ed7328750dd474 (0.00s)
    --- PASS: FuzzRlp/f29c4bab4ed67c2071ccc593f1db912a5d3eb6ce (0.00s)
    --- PASS: FuzzRlp/f351e45ed5a69adc8620323e48a20da5044690e7 (0.00s)
    --- PASS: FuzzRlp/f4a23a44e5bed2548855b16eb8136af484e6d787 (0.00s)
    --- PASS: FuzzRlp/f54be06545f6cf7b9783e03f8d2a4b796f201a1e (0.00s)
    --- PASS: FuzzRlp/f57b49d12a7c444589abf56207f69fb28f150a1c (0.00s)
    --- PASS: FuzzRlp/f59641e979ea71432b9d405f1093fa779e286ef4 (0.00s)
    --- PASS: FuzzRlp/f599136e92847fc6a73594ac495db56b5e234d34 (0.00s)
    --- PASS: FuzzRlp/f5a31eecc4f7b98675462adff83d4cb90f79d1a9 (0.00s)
    --- PASS: FuzzRlp/f5faf423a8831b078139ca9247765879f1e2574c (0.00s)
    --- PASS: FuzzRlp/f6a7c41e5d8addcdd27db7e09eabf4433ca3af49 (0.00s)
    --- PASS: FuzzRlp/f7885bbec36db160bb05cd4dfd470e40e0060d23 (0.00s)
    --- PASS: FuzzRlp/f79baabe723327623111f206dac7b8cf5acb0dbf (0.00s)
    --- PASS: FuzzRlp/f7b0c5cbe93e2d118ec5868247912dd9a1b2b8ad (0.00s)
    --- PASS: FuzzRlp/f86a9c640c04ff66368750a4c7cfee903248a24d (0.00s)
    --- PASS: FuzzRlp/f898b551dfe056dd08b7e2d422d7b3da69fa527a (0.00s)
    --- PASS: FuzzRlp/f940161b826288c7315a625b64660b6a85db4da8 (0.00s)
    --- PASS: FuzzRlp/f96b253d78abc3fcfb6d1d13f33b899635aab3ee (0.00s)
    --- PASS: FuzzRlp/f99759ea138efe9db8b0be381f578e992b2571b8 (0.00s)
    --- PASS: FuzzRlp/fbaf5eda16831bb509975a038bcb8e17a62a6478 (0.00s)
    --- PASS: FuzzRlp/fbde3d8881a0497be5fb05f5dba67a1c6f022063 (0.00s)
    --- PASS: FuzzRlp/fc0068588755ad8e391c605b586c0ec3bf747551 (0.00s)
    --- PASS: FuzzRlp/fca9120036856b6911ba0446e920ce755ac95a4d (0.00s)
    --- PASS: FuzzRlp/fce341e9bf7ba35f1ffd2c1f80eda2af96bc111d (0.00s)
    --- PASS: FuzzRlp/ff326a86264fede1a4216f5fb4fd2749b6a67191 (0.00s)
    --- PASS: FuzzRlp/ff3562514a5e73a2304d790e9dff9c35c30b1ebb (0.00s)
    --- PASS: FuzzRlp/ff499ba6e6ab048d3a22cd1ff12644224bd1b71b (0.00s)
    --- PASS: FuzzRlp/ff5ce1594f0c029587a2a3985fd651f6a415698c (0.00s)
    --- PASS: FuzzRlp/ffca8181189e90b7de54183cebcaf82607e8e077 (0.00s)
PASS
coverage: 93.6% of statements
ok  	github.com/morph-l2/go-ethereum/tests/fuzzers/rlp	0.061s	coverage: 93.6% of statements
