=== RUN   FuzzStacktrie
=== RUN   FuzzStacktrie/00b4d9125d9205eb8d87cdeef1ce4199a100d999
=== RUN   FuzzStacktrie/00c4821d7fe638b4dd1ebee6f77a9d373b80547f
=== RUN   FuzzStacktrie/02202d14cf589f4c36b32ce2031b9c01ddd889d1
=== RUN   FuzzStacktrie/044751dc737125a788b984db6fc506505ff0e625
=== RUN   FuzzStacktrie/05143294ce0890f5d992947330d662674333e842
=== RUN   FuzzStacktrie/051cdba7df3048610889d56e36071afe7486a8df
=== RUN   FuzzStacktrie/067ebca4a819e8ac8fb2ee6e8eac63174618665e
=== RUN   FuzzStacktrie/06aa58d8a7eb1ba4e6bdc2baca1ed583a5cce558
=== RUN   FuzzStacktrie/07eca6c87817651b400cce43d4e25a76ba04869b
=== RUN   FuzzStacktrie/0882edca5190e87d15e4d45f5b70387bcb763726
=== RUN   FuzzStacktrie/08c431ede32933368caa6c9e5261d6379a87c564
=== RUN   FuzzStacktrie/08f18c88e4c1399d718aa689c16014457e0e85a8
=== RUN   FuzzStacktrie/096da30099bdc087e5c0b432b984ebd3996aa1d3
=== RUN   FuzzStacktrie/0a2f3f535539aee20f67506aef530479ec218f3f
=== RUN   FuzzStacktrie/0aeeeca61e6edf3abb64e160341a65410f776587
=== RUN   FuzzStacktrie/0b87e387434b5b1d159b5a591f8e5ad2733d175b
=== RUN   FuzzStacktrie/0c7ed73c0f970d2fe026c30e7d7729295a6bbcef
=== RUN   FuzzStacktrie/0d809061a8e76f2a03da1057ef85a6d7409d071c
=== RUN   FuzzStacktrie/0daef61bf41f63fb4f6592968060fce5a286cd05
=== RUN   FuzzStacktrie/0f2f41cbbd5acb9b57ef6ae540eacb44d08509f5
=== RUN   FuzzStacktrie/0f58fb193ca690e3c9b43783d54d72eeb63435dd
=== RUN   FuzzStacktrie/0feab27dd2ec0136f38f4d6a8e011bcdeee87d81
=== RUN   FuzzStacktrie/105964dce6b7f4f001c1c5258c9778f4d3624902
=== RUN   FuzzStacktrie/115f345e09853fb4ff75a0e0a66d427537881161
=== RUN   FuzzStacktrie/12a6cfe0e2223500f5709071664c2d69efe707c9
=== RUN   FuzzStacktrie/133c2b4133f514f35b68094995207f8bb4907e6e
=== RUN   FuzzStacktrie/13ddbc72ff70c6f6eee29f481e2cc65a85fe1587
=== RUN   FuzzStacktrie/13e27699505fe5e77b4dfd38836aca4cfca7ee4f
=== RUN   FuzzStacktrie/15a2afae484ca1452746d76669b3c69838fcbddd
=== RUN   FuzzStacktrie/15e9d5405a0c158965ec0d86ccd94b26efaa6993
=== RUN   FuzzStacktrie/19087c3ed1acf7f67227275eea9c26d07866b35a
=== RUN   FuzzStacktrie/1961cca969c34b33cb61e12fbdc31aa891b26200
=== RUN   FuzzStacktrie/1999666312a6666e20481432c37fbb897eba99d8
=== RUN   FuzzStacktrie/19ee1a6436ce9bb28421bf3861706e105bc923e4
=== RUN   FuzzStacktrie/1c05dd3506dc74a5aa82c4fbc3a75b6297dc6caf
=== RUN   FuzzStacktrie/1c25a9a8aa286e8c35e481ea21ce1b59c43d45b0
=== RUN   FuzzStacktrie/1c4cc3efdb1bda51039d800fdc2c6644443cc9bc
=== RUN   FuzzStacktrie/1c52c226bf3c2a7d9db81d23a3af257a46a2dc5c
=== RUN   FuzzStacktrie/1cd54dd1b2a3d5b0d9f1de3ad45c64ee3f5bd3bf
=== RUN   FuzzStacktrie/1e2ba37039230a1a8e5da5115a6b1b92e5d459e1
=== RUN   FuzzStacktrie/1fd89a69b0ce4d37bc6bc6e07c1c720c5036690f
=== RUN   FuzzStacktrie/20fb4333c2b34edf37f379c418c1f24102a0d425
=== RUN   FuzzStacktrie/212465a9b23ec3693d74a0f9ba2c9b23f2dfeb54
=== RUN   FuzzStacktrie/21ac9e5644d7e328dbde068c48740fed823a777f
=== RUN   FuzzStacktrie/225c29d61521473110f4e26a22a23f896ee5eced
=== RUN   FuzzStacktrie/2278d34b62f8535ccb13341f7b6900eaa05701a6
=== RUN   FuzzStacktrie/2370e05566acadd8ecb04034c12e36729c894f84
=== RUN   FuzzStacktrie/24490f59987649dd41b544a03e2a26a3f5c6e5dd
=== RUN   FuzzStacktrie/249a6526223fa64be5a8f9215cbe1531dee5b1bd
=== RUN   FuzzStacktrie/252571beca4e159a8ad07b0604bafc6624c24d82
=== RUN   FuzzStacktrie/25edcc2a0b3a17cba157192a5dd9830b99063726
=== RUN   FuzzStacktrie/265996e4694594e9aa5f135643340d88057de515
=== RUN   FuzzStacktrie/26cd88883e0990b90b8afb04b2cf7c1a98ee8dfc
=== RUN   FuzzStacktrie/2857624f5884f2a0547160cdd4664bfad1dc2edd
=== RUN   FuzzStacktrie/2972a81c5de600feb2cebd6083e7ac473ea954ca
=== RUN   FuzzStacktrie/2a5a12307e81d1d72dfee0137f9b6cf61b537074
=== RUN   FuzzStacktrie/2b2949b8d6b8d085de85aba5c2a9e60eec46809b
=== RUN   FuzzStacktrie/2cb0ea8b1f8c9b30c44b900c8d21a8cdb373d1d8
=== RUN   FuzzStacktrie/2cb3f37a0a687af799f3a4e36b33e2daea4e2c7c
=== RUN   FuzzStacktrie/2cd2d6cd6a19168af61098839ee61523c7c7db58
=== RUN   FuzzStacktrie/2f397400baee0703f46ac8501cc9880bd2880c57
=== RUN   FuzzStacktrie/313dc4f7ff0825fa74b254c2dc7584decbdf8ba5
=== RUN   FuzzStacktrie/315462a4a0ff879319806797ba1bed0a3a2ab26a
=== RUN   FuzzStacktrie/3162476ab1088d7cb0498a2bf09632aab8ae1a2d
=== RUN   FuzzStacktrie/31d4cffcdda18c8c03b6d5ac9d33511dfa290186
=== RUN   FuzzStacktrie/33d142c1c8bbb5f503c3ba41e6eb72df8a720737
=== RUN   FuzzStacktrie/33fb31646f8ee4f18bf5ea9f73780027d209707b
=== RUN   FuzzStacktrie/350022739a986c5208bdeab0baf3851f07caa22d
=== RUN   FuzzStacktrie/35ce2043128c2cd59c1deb151c9b271f71559264
=== RUN   FuzzStacktrie/3722bcf16bec702f19cd804f7c986c1bde02baa3
=== RUN   FuzzStacktrie/385d6e90ca77583c67159d647a7ae6b810b78ca0
=== RUN   FuzzStacktrie/3966d3939f262822ac7bb5d4fc5188a76eb98d23
=== RUN   FuzzStacktrie/39c8f93df2fe32bcb313c4718069ce2fe6210736
=== RUN   FuzzStacktrie/3af91adbcaa35d395e2ca130fbf5e142971dcc21
=== RUN   FuzzStacktrie/3b400793230181d41ce0f15de0bb79b120c247b8
=== RUN   FuzzStacktrie/3e325c8c81f5927451e92be9f065c94a5051d09b
=== RUN   FuzzStacktrie/3f7c8a9a434471412ad64454f667588b362a82f8
=== RUN   FuzzStacktrie/40a400d28c4742bad44f9b33ff42ab93921ba381
=== RUN   FuzzStacktrie/40bf22f04adf1a233170c930b20f20da1a392306
=== RUN   FuzzStacktrie/417076a8168af9cce4ec766a0d3666ab31b5b2b0
=== RUN   FuzzStacktrie/4184c3b503b1a2a558e6aef62dfacd65625636d8
=== RUN   FuzzStacktrie/41f41975fc80a28d7e8c6a1cd11c63dc78bf6441
=== RUN   FuzzStacktrie/4215ff04dcadca20b6fdaed7ad7821c5cb8955d6
=== RUN   FuzzStacktrie/42c3a10ff35ad812dfec1aef41b4058d4948136b
=== RUN   FuzzStacktrie/42c8b86a71b609cb8907d9e148e1a23c697a25ca
=== RUN   FuzzStacktrie/42dfafa86340d73ea2b8f0c9c35efe08f3a87aa6
=== RUN   FuzzStacktrie/438966e77063037b6f256265c5926dc5eb587261
=== RUN   FuzzStacktrie/4405ac93397878ea2c9e6b8567bb69fccbd1af77
=== RUN   FuzzStacktrie/452b5ca8439bc535396419efd875584ab3fa044f
=== RUN   FuzzStacktrie/45454c0b08c696555d06df3a3b494a9ed7bb0ee8
=== RUN   FuzzStacktrie/45a6029b2a98df0bbff02b0ad81dcd90a1fde9a2
=== RUN   FuzzStacktrie/45bc48e9604bb72256fc52c05b9e7fa604f4b272
=== RUN   FuzzStacktrie/465b2c98a23601582f8c3e13a1889c4df1d672ec
=== RUN   FuzzStacktrie/466e17572738ca804a66640ca2df62a686797f73
=== RUN   FuzzStacktrie/468baf6593be34d7062f08ebe09024add80031e2
=== RUN   FuzzStacktrie/470aa4f658268860aeea541ff54079b1c62948b0
=== RUN   FuzzStacktrie/478890f6f6f2124dce3fd037a8548c0961b3bc4b
=== RUN   FuzzStacktrie/4a5dee74efa2e610bfca7752b1177909f0891c41
=== RUN   FuzzStacktrie/4b6a1ef1f44cd1acc50aab8de284263411179df3
=== RUN   FuzzStacktrie/4dc772756bba037babdde58741d8a02f13da64b0
=== RUN   FuzzStacktrie/4e00ed44983b3ec8703419d8efdaeaac1f8a13a4
=== RUN   FuzzStacktrie/4e637c1045daad722efd16b5aef16d137d5f18f8
=== RUN   FuzzStacktrie/5195c0a1460cfc12e98f203435453998e0530f13
=== RUN   FuzzStacktrie/53576ce576c37cdf0a6a9046b335c2db1931d5c7
=== RUN   FuzzStacktrie/5394cfaa8a071c5d1ae4bc99870bc1caa1bf141f
=== RUN   FuzzStacktrie/552c91df0c437ad88ce22270e464ecacb4e08c41
=== RUN   FuzzStacktrie/556e5d8b877e0a9745756c9418d5c605cc36f2d5
=== RUN   FuzzStacktrie/5572592b012555ee330797d3edf0af37c785e6c9
=== RUN   FuzzStacktrie/572d1e02cbcc0f7d5faaccbd191d8e5d9f4d0828
=== RUN   FuzzStacktrie/590ba151bfb76585cd88c1dcbfb87ead1a3e3efe
=== RUN   FuzzStacktrie/592d692a7d52396915bce544935ab78ad8826ea6
=== RUN   FuzzStacktrie/596177e2ab5bc5558935fd084cf9b1aab2ed0cc4
=== RUN   FuzzStacktrie/5a24acb12888c3891dd4e00a96f02cf05f04a729
=== RUN   FuzzStacktrie/5a6679e5d0ddd4fa8988f2cfa0936bf5188ef650
=== RUN   FuzzStacktrie/5acdd5631ebfdab61444967ba4a19c6b42ac046e
=== RUN   FuzzStacktrie/5b069cb8ee220d23abe8820ce9c2c47874bb66c0
=== RUN   FuzzStacktrie/5b28afa917daf7f799de4c5d2fbd5aa5392bbd22
=== RUN   FuzzStacktrie/5ba44963fe0a82ebf351dc8e18c223467cd01834
=== RUN   FuzzStacktrie/5ba93c9db0cff93f52b521d7420e43f6eda2784f
=== RUN   FuzzStacktrie/5c2b5c640d572a6ae663117d3dc53150694196d7
=== RUN   FuzzStacktrie/5e39c515254fb6a87dec911630fa173ab78fb132
=== RUN   FuzzStacktrie/5e6ae60f3b587ff1b59abbe81bc377bb587a7d8d
=== RUN   FuzzStacktrie/5f69689f19d1b1934b0ca80cab2f98b9d8e7f86e
=== RUN   FuzzStacktrie/600ca49c9c0efa4ec3bf0f90e2b97d3fbd6f8ef6
=== RUN   FuzzStacktrie/60105b97f84250f4a0585845a6274a43fd24069b
=== RUN   FuzzStacktrie/61041334708b288efe72487b19144d93cd5d93f7
=== RUN   FuzzStacktrie/63b2f6a9e8f16074e20c10e0072905e1e97b1a2e
=== RUN   FuzzStacktrie/6484c17a83918d03c65a58970782ca808a279a30
=== RUN   FuzzStacktrie/64e4f1e36a264bc93b756e429cfa0bb11022e2a7
=== RUN   FuzzStacktrie/672dabe59314a610ca8734432d2a75a18b52f878
=== RUN   FuzzStacktrie/6aedb70278a06b10592d95646073aa6809062ece
=== RUN   FuzzStacktrie/6b417919d0401c77a8f94f1783e76b22d5152079
=== RUN   FuzzStacktrie/6b507e10ba8f8bcb38585a1a17d9b0e5390fce6c
=== RUN   FuzzStacktrie/6c250cb0493832df74927d597e11358e72a119be
=== RUN   FuzzStacktrie/6c8114eecd57adb77a4233daca4deec9a9c93790
=== RUN   FuzzStacktrie/6ca45af54907b0c1743280a6d769dbe6e17b3ab8
=== RUN   FuzzStacktrie/705f99cf44b386984be39e63df48ac22044344e0
=== RUN   FuzzStacktrie/71853c6197a6a7f222db0f1978c7cb232b87c5ee
=== RUN   FuzzStacktrie/726f85af4496465039826d13a909503c47c32a4a
=== RUN   FuzzStacktrie/72de2303d0363d0a11c52e0ee7a4445dc2013b4c
=== RUN   FuzzStacktrie/74763293e48568e5657cfe0e5843ab396ca44931
=== RUN   FuzzStacktrie/7529148b24c636c256e4e694b39e627561534292
=== RUN   FuzzStacktrie/766630e099c3ccbb2009a0178ec742444d81a824
=== RUN   FuzzStacktrie/76a7f468047d8ca968cea6ace6824010df01ab7f
=== RUN   FuzzStacktrie/76b5a07d6d78e5ce83781627850d4acbe8b8d269
=== RUN   FuzzStacktrie/76ebaee0f819c92012c91dc17d61147568d3e19c
=== RUN   FuzzStacktrie/771ab43ab934f04e52833e541f3bace3cbc3f22c
=== RUN   FuzzStacktrie/7746835df5ef943d65263f1b316cdc5338388199
=== RUN   FuzzStacktrie/7767e12adab95a0135d5908f1e75af034830de33
=== RUN   FuzzStacktrie/77874711c8ed142b13996f207fa94ca9622300a5
=== RUN   FuzzStacktrie/77c9561d1f3f5f068b010b3419bd97d331f676aa
=== RUN   FuzzStacktrie/7809ff4a414d733505e3691daf977b2b6a3637d3
=== RUN   FuzzStacktrie/78bd4cddca521cebadac26d1ebf047b74425e645
=== RUN   FuzzStacktrie/798f9d086160f6d774904683cbefb87ea8cb39c3
=== RUN   FuzzStacktrie/7bd822e6d883a247e74191e28a3980cc4af31dfe
=== RUN   FuzzStacktrie/7d5dca167c66d731747a42612956c0bacb445e37
=== RUN   FuzzStacktrie/7deb946b4f3314a678000f082650d33af6c3e33a
=== RUN   FuzzStacktrie/7f2454786b0a4f419108e318cf06e6b9b83959c8
=== RUN   FuzzStacktrie/7f9a7b759245d975bfbe3af69fd072a3806794a6
=== RUN   FuzzStacktrie/7ff5975d965b41e56b71c3523c9627fbd857be12
=== RUN   FuzzStacktrie/820780fbebef2065a74a772b039fe37218b4ba29
=== RUN   FuzzStacktrie/82eec28925c322b12b86c7d5e200cd852276a7be
=== RUN   FuzzStacktrie/8317a69d02a2fc29ef02e4de0f77dd724475b8f4
=== RUN   FuzzStacktrie/831a2da56234c6759ba9c2a4cde52d284c6e4ace
=== RUN   FuzzStacktrie/84cef26694faffd5125ab22264096154cce56e3b
=== RUN   FuzzStacktrie/85265da3c1cc8a1b30fc4d94c2e78b22c79173d0
=== RUN   FuzzStacktrie/858ad6557a2a0e6e5ee2926cb7f8c22b469f6ce7
=== RUN   FuzzStacktrie/85ea91a54cfb6de8c25edc729f5d8a5f54eed012
=== RUN   FuzzStacktrie/8673f74a19696e9f62538f5cf478aafd88f6fdf0
=== RUN   FuzzStacktrie/86f60257a5deadd56e4e2cbd1dd5126fce06d8e2
=== RUN   FuzzStacktrie/87cb0eb236011bf28520e2496af5f6b60c7fa73a
=== RUN   FuzzStacktrie/881844c4498d8b706b09a1faf26ea53e2256597c
=== RUN   FuzzStacktrie/89ab18bda54b18355d0e1157bfbccfab2d5a577b
=== RUN   FuzzStacktrie/8ab852b450c76ac6c982954c8dddaefabb5c8809
=== RUN   FuzzStacktrie/8ad05381e4e50787c0abe333c405eefd67db1279
=== RUN   FuzzStacktrie/8b7e906afbad96a8238390d81979be5dc797ecdc
=== RUN   FuzzStacktrie/8b8f6520d1b33f4d1f95a5e8c217ebd1685de8e5
=== RUN   FuzzStacktrie/8ccf8b32c5c357b78a81bf034f7680b426aef51c
=== RUN   FuzzStacktrie/8d484f6c1be8e0626cce53d530899cd86e1530d6
=== RUN   FuzzStacktrie/8dc9060396a7aee3fecf70a7a9729d5b536b0f50
=== RUN   FuzzStacktrie/8e7fb8b7fef78edfc5f8dc827ae7c1ba509d0cec
=== RUN   FuzzStacktrie/8ed4e0d2550588e3ee825d36cc643360a1440292
=== RUN   FuzzStacktrie/8eecbab8f0b3f7f2368c31ef9a99e97c0bfb15eb
=== RUN   FuzzStacktrie/8f130813838e0525e68223d2e8ebdb21710bb0c1
=== RUN   FuzzStacktrie/9069ca78e7450a285173431b3e52c5c25299e473
=== RUN   FuzzStacktrie/919c053525108fd0ad36862319936cd98efc3a0d
=== RUN   FuzzStacktrie/92228e4d39f70c057d37b67a6b169a2c4abcca6f
=== RUN   FuzzStacktrie/93b5e70f521c51d212277519699ce2e0f39564d8
=== RUN   FuzzStacktrie/951f3bab74fec02755bfa223b187f1e95bc61ef9
=== RUN   FuzzStacktrie/95cf26d593b2e252912bddfc9c82efc7a6809d5b
=== RUN   FuzzStacktrie/9699dc611198dd7fce132a9f4422bb7247258ee4
=== RUN   FuzzStacktrie/9709a2f6e8d23e4d4f464dc39ef14ead765531b8
=== RUN   FuzzStacktrie/970b743b6fcfb5eae83748e7b50931318a814796
=== RUN   FuzzStacktrie/98f6122d55f25407e121ec4162231efc048cf79b
=== RUN   FuzzStacktrie/98f86d0d767e1aa3cf2e606b38fec2f34a35220d
=== RUN   FuzzStacktrie/9a0adacd234393a25bdb9e185043dd4803d77cf4
=== RUN   FuzzStacktrie/9cc6d6efc1bb708a4a4e7330d5090e215ed654d2
=== RUN   FuzzStacktrie/9d9772639a50132fb09ccc229d32c9d7e88be371
=== RUN   FuzzStacktrie/9ddc4bffef13a1c3afa1fba34e32d8134c7bea79
=== RUN   FuzzStacktrie/9e446ce2546406b523009acf47d2398fcae342fc
=== RUN   FuzzStacktrie/9f263f1d35899f16c89edf080fb37ad1c6538e8d
=== RUN   FuzzStacktrie/9f524ec0b0cd530dcd1bb0830dd62af06aa304dd
=== RUN   FuzzStacktrie/9fac76ab19cfffac03e98a0ab052ebce02f07cf3
=== RUN   FuzzStacktrie/a040aab6831d4e93f6676fcae8063346529dcd56
=== RUN   FuzzStacktrie/a1af0ed8082d5dba1394dc7ee5fee8a23afff26f
=== RUN   FuzzStacktrie/a2afc8e19e7413a971eaabda8072096204ebdded
=== RUN   FuzzStacktrie/a3bb9b9d63e9c9ea99b2bd275bcce0c98444d88b
=== RUN   FuzzStacktrie/a5abd554b8b0d32870594254c76a53030ddcbc00
=== RUN   FuzzStacktrie/a5c5b0c0f27f3114be5e8cdecce959581b5b181b
=== RUN   FuzzStacktrie/a695cb1a604135bf749c9b65e8bc629286c0b441
=== RUN   FuzzStacktrie/a6a66802de5984063f7c9493b45774445c0ec418
=== RUN   FuzzStacktrie/a6c522b9ccb39150dfbe077c05ddb87e32e1ae52
=== RUN   FuzzStacktrie/a6e8e7b13d050bb38dab0697bbba84ffecb8911b
=== RUN   FuzzStacktrie/a815405bb685575759f67243bb94784aeb29296b
=== RUN   FuzzStacktrie/a834064162442b24870cbb3b41116460f0982bd7
=== RUN   FuzzStacktrie/a98f8679fadf526fa74ff1c850eda3e732489aad
=== RUN   FuzzStacktrie/aa3179fdabaa20af26c550280a00178d040777ba
=== RUN   FuzzStacktrie/aa33b21dfc03acc3cdf695b8eda6c6c736e0fa15
=== RUN   FuzzStacktrie/aafc0066ae43bb6e0f10301509cb8ab13e693db3
=== RUN   FuzzStacktrie/ab99e75cc463c986abed8b58753efc530ffd485d
=== RUN   FuzzStacktrie/ac02b2f0673439188d7d84adbdd5976af5720ad9
=== RUN   FuzzStacktrie/ac16c37ddcb42749f9ea365a669fef0d41090862
=== RUN   FuzzStacktrie/ac259256b3dab8f2210d574fae5085c4ebc4cdbf
=== RUN   FuzzStacktrie/ac6d8ad8f7e3ed497b1ff51aef523b60c9c9df76
=== RUN   FuzzStacktrie/ac8325be9399719b89a9087452ff3b81a5ea74c8
=== RUN   FuzzStacktrie/ae1b903699af54678201e85d24f9d0b1b89c46a4
=== RUN   FuzzStacktrie/ae743137a5077212005c49dbcf4a17e3ad16c002
=== RUN   FuzzStacktrie/b22fc12f785bb1b71f56b8d67e4837f10d5f7933
=== RUN   FuzzStacktrie/b44e80ec6318742e6e44f2316f8c88dca2f293c5
=== RUN   FuzzStacktrie/b59b0e177446eda030f68ece4ba22bd646fbd7b6
=== RUN   FuzzStacktrie/b5d1cee52d966b12292f847df3e65dcf142cece8
=== RUN   FuzzStacktrie/b6549787514565ffb0bb7c17380039f47d4738ec
=== RUN   FuzzStacktrie/b730cd5d21593df2fa970b5a23836ea6f425829a
=== RUN   FuzzStacktrie/b896c19f82f0ce0c58ac2c02ab69fc6c3346215b
=== RUN   FuzzStacktrie/b8f0eb1cdfafdb1062f9bf08963defe78c696b1b
=== RUN   FuzzStacktrie/b9930a4b603161cbdbe5072a731475dff908e932
=== RUN   FuzzStacktrie/b9ec199a5271811e71600f85786f2cc4e8e3faf5
=== RUN   FuzzStacktrie/ba992ce0bdbce3f23de4e6a2249d5fb191cf2524
=== RUN   FuzzStacktrie/be5b5b068089834aacdb90b8712d7690b7614fc2
=== RUN   FuzzStacktrie/beb6fb69234fbc8f4fa0edeeee95f447b57e2a4c
=== RUN   FuzzStacktrie/bf0b8d9659045523031a38f891ddf27af089ae7a
=== RUN   FuzzStacktrie/c0376da26181e238be4315359bec82dc75f82b93
=== RUN   FuzzStacktrie/c0b080c3debb40973e547349d2777e2b4e5954c8
=== RUN   FuzzStacktrie/c11644433272fd9953c0091575787caef3d9ca0b
=== RUN   FuzzStacktrie/c1593bbc9c1ad2c4f185da65a3e765132064f261
=== RUN   FuzzStacktrie/c1ca1b4d777b4dfe2faa118815d737bd340ff324
=== RUN   FuzzStacktrie/c1e88810d1860fdacf8b600d5c3922ddd201c625
=== RUN   FuzzStacktrie/c241fd2816463db0ad1c3dd283ffebcf8b111f4a
=== RUN   FuzzStacktrie/c3119bed1a5dc622b1788af0044a44748c14d1f8
=== RUN   FuzzStacktrie/c482856c39cefdf3b000e6966335d1cf580ff66e
=== RUN   FuzzStacktrie/c4e1214792f4c56d21cef9676f5c4f439cbc00b3
=== RUN   FuzzStacktrie/c5ca2c119aeabef6c666367bcc334c5c2cf5d038
=== RUN   FuzzStacktrie/c6754c8c6ee4b4a8689fa2f863f241e652ed216c
=== RUN   FuzzStacktrie/c790712cf2f41a241336b8c47cc2bb9e56daf2e5
=== RUN   FuzzStacktrie/c798f74fba2cc9b99a382863c3b2ae4fc32e79db
=== RUN   FuzzStacktrie/c7dcb99b303934decc6faa59823db5ce6634d199
=== RUN   FuzzStacktrie/c94e46762bf5793be71837aef4871a1ca615d593
=== RUN   FuzzStacktrie/c9ee7c3670c17bcc844bb071b52bb37cda366212
=== RUN   FuzzStacktrie/ca2cd3f8c93e252a12a0a63350544e55ff9f8651
=== RUN   FuzzStacktrie/ca940d46445a07a9655138979a8a81fe35140058
=== RUN   FuzzStacktrie/ccd165a7e5a3eb709bfac2c629157961b32d23e0
=== RUN   FuzzStacktrie/ce58fef966926593dd3228662d7984905611e640
=== RUN   FuzzStacktrie/cfad0aefcb1e5ef90054e5bd40d4fcd6b9223a6d
=== RUN   FuzzStacktrie/d0d8d1542b34cf0ca7ee4b529208ef5f17d25c69
=== RUN   FuzzStacktrie/d1bb7d13b7132836089e2d2b2e9677887d0f1e3f
=== RUN   FuzzStacktrie/d2f94f01d557cc687e1a8c1ffc4e7649c837fe03
=== RUN   FuzzStacktrie/d302ce815c44ba6375d055c6b9c72b8393391dc9
=== RUN   FuzzStacktrie/d399e4b5419ae1c512900d30bf610a6322851c5d
=== RUN   FuzzStacktrie/d4374035e2d2f17dad365a7a74e0e0ebcc51377f
=== RUN   FuzzStacktrie/d655941157fa09beeebba72860b420fb1fc631ef
=== RUN   FuzzStacktrie/d673899690d95cf52f22955e56e137e73c558e27
=== RUN   FuzzStacktrie/d6f9134eba8334f6364dcde69d4f1e3379c760d4
=== RUN   FuzzStacktrie/d71026e39284e43ccdfc91d41e58d27ecc4ce501
=== RUN   FuzzStacktrie/d74d4d9a8fa370efb73e9cbe79f5b225439749fe
=== RUN   FuzzStacktrie/d7ca3c7e083a2afa34bacd1ca6e0ea857c54103c
=== RUN   FuzzStacktrie/d8af0e6761184cc386aa221062ba1a35d79b3891
=== RUN   FuzzStacktrie/d8be47c6d0a919d3bae6edc50901f8df6c3cd8cf
=== RUN   FuzzStacktrie/d8ce7cb8ee7bcfb2deacbd6223bd15f2aa858ac3
=== RUN   FuzzStacktrie/d8dd0a383ac0097487c5822f461493633a4a6660
=== RUN   FuzzStacktrie/d95477b1fc88e051a32b01efd5692fe595c69e54
=== RUN   FuzzStacktrie/d9735b938908a2c7e75941be56a6e7ce16f92291
=== RUN   FuzzStacktrie/d97931e8c5e6330de2e0b4f4f6d70966b35870bf
=== RUN   FuzzStacktrie/d98cbaa3e5ca2e9bdb13d16085615b25f92ae928
=== RUN   FuzzStacktrie/d9a2653e1b66715d142236457296b00e0dae753d
=== RUN   FuzzStacktrie/da44da03b4d6a9be03fe44a689122833bbd01c7d
=== RUN   FuzzStacktrie/da8416edc71871e8daef2922af8a7c1e6d8d41b7
=== RUN   FuzzStacktrie/db24ff43b52913b94cad438cf003327299b52f66
=== RUN   FuzzStacktrie/dcf7d5f1ce17e67cd591565bd48d207f44177c7e
=== RUN   FuzzStacktrie/de6ec784a04b5d64600b30fd4962001d1e4adb47
=== RUN   FuzzStacktrie/e03b3b1f3475eed826dbb3543f667973f8b169e0
=== RUN   FuzzStacktrie/e0dd378a4b19a46ff22e84de27265bd8b7f10d81
=== RUN   FuzzStacktrie/e0e6d7d5986fc241d2c8faad1400637563bb6da2
=== RUN   FuzzStacktrie/e3461355abb153a5eb713ef50cda7354b0e22c22
=== RUN   FuzzStacktrie/e395c07240d3494d182447e03fa87d35018f7a81
=== RUN   FuzzStacktrie/e3ceb89662fd58e1bf659c4c1b9f848613adaef8
=== RUN   FuzzStacktrie/e5ac05fd1d14ab0ab9dc518e22491b7a7065c967
=== RUN   FuzzStacktrie/e5fe663aa7b43056ceb8aaeb4606522f53c5f9d4
=== RUN   FuzzStacktrie/e75801d9f361c56c655e159c849549aa7629cb0e
=== RUN   FuzzStacktrie/e78d7209c99d278a294e50eb2f87d6d7b729976d
=== RUN   FuzzStacktrie/e7e1a4657eba786764c7b7ceeaaa5d8d85ea8c77
=== RUN   FuzzStacktrie/e86df83e77b8b6cf8292726996e734170d43aa5e
=== RUN   FuzzStacktrie/e8c6d323978430f3ef5875d1776053aa6c057f05
=== RUN   FuzzStacktrie/e8f73a350b2e331da49a6c9550108a1327381de6
=== RUN   FuzzStacktrie/eb59f61775f47b620e68082a5a55f9e4a0b8ecad
=== RUN   FuzzStacktrie/eba657b45813e6e6dc274ae1d09c81dde0f79e73
=== RUN   FuzzStacktrie/ebe5419dc5acf8a522b91f75d86e0acd48fd10f5
=== RUN   FuzzStacktrie/ecd0fd0be76ede2b73e35cb97bec37c46adc047f
=== RUN   FuzzStacktrie/ef1371a8b9c78061356d87342508c6f862055c60
=== RUN   FuzzStacktrie/efa967af8e516411c257cac56883192de50e3d29
=== RUN   FuzzStacktrie/f143b7d1bd3486c58d6f36539816adbf4f211ec2
=== RUN   FuzzStacktrie/f1ba2ccdb2599bd824913b1821c99de8a751ef15
=== RUN   FuzzStacktrie/f2a4e5d0f5fa050e42bb1641f456f1ded4485310
=== RUN   FuzzStacktrie/f442db17a0ce39b5d1dd4a94522ae9eec1fc5080
=== RUN   FuzzStacktrie/f4b98c31dfc8782c4178be177fa51f216b97f209
=== RUN   FuzzStacktrie/f4cb3e93afa319474b6ff7a8712f33d4e04febb3
=== RUN   FuzzStacktrie/f54e9357303741e0d4651e57c24083eb8b745269
=== RUN   FuzzStacktrie/f5d1f70bfb765a948cd829945f9cc798d966fd12
=== RUN   FuzzStacktrie/f60be12141664412dd2bb9de9c91e9fb9b767489
=== RUN   FuzzStacktrie/f60eaa5e244bfb3f97d6b389d2701a8021aa8813
=== RUN   FuzzStacktrie/f60f0d6e781e88df9a8f7037ae9177c3a20a6d69
=== RUN   FuzzStacktrie/f62f97fad7905f5f6621e9333d6aa2b280451210
=== RUN   FuzzStacktrie/f6bf1577c514aa10ebe3a8131aec7e63c82a700b
=== RUN   FuzzStacktrie/f71b070dd9e740e7a3502520af808afbe82679d7
=== RUN   FuzzStacktrie/f7a3bd27591ea3eca5d1d2448f23708dfb89e3fa
=== RUN   FuzzStacktrie/f7e765ee14383c10be5593ed5b0138e52b501a32
=== RUN   FuzzStacktrie/f85343ab8c876870ca6f23965ce280cb4eaac054
=== RUN   FuzzStacktrie/f89c7d755753d2f6b29c4a45a2a1a32a9825aa81
=== RUN   FuzzStacktrie/f8f223ff27ea752c55630ef93e5f92f8117579a2
=== RUN   FuzzStacktrie/f97bbd20a757aa0541d6a55ce4e31b1729cf76a2
=== RUN   FuzzStacktrie/f983d1a7087d5158759899544d5a301f061d4106
=== RUN   FuzzStacktrie/fa535fc76e6c4b0c53375246cec1335e935a55bf
=== RUN   FuzzStacktrie/fc1c69770e26ef9946111827e368c8667317cfb2
=== RUN   FuzzStacktrie/fc77ce99f5c9f307b6ec42f1b7b9c3fe7368e032
=== RUN   FuzzStacktrie/fc8d848ff47105bd40cbf8938af72496611ca575
=== RUN   FuzzStacktrie/fcfa1c3dc3965ea695a3f9550004710f489b07db
=== RUN   FuzzStacktrie/fdd397b04ce7bc3f3696de5690b889a0cc691428
=== RUN   FuzzStacktrie/fe750de705aaf1465cb8576bf4e7f5fe0789de2e
=== RUN   FuzzStacktrie/fee093ed533fe8a4716fe458bd2ed8801d6e86c9
=== RUN   FuzzStacktrie/ffbb0918862706ce19a03acd6caf9441dea293c9
--- PASS: FuzzStacktrie (0.13s)
    --- PASS: FuzzStacktrie/00b4d9125d9205eb8d87cdeef1ce4199a100d999 (0.00s)
    --- PASS: FuzzStacktrie/00c4821d7fe638b4dd1ebee6f77a9d373b80547f (0.00s)
    --- PASS: FuzzStacktrie/02202d14cf589f4c36b32ce2031b9c01ddd889d1 (0.00s)
    --- PASS: FuzzStacktrie/044751dc737125a788b984db6fc506505ff0e625 (0.00s)
    --- PASS: FuzzStacktrie/05143294ce0890f5d992947330d662674333e842 (0.00s)
    --- PASS: FuzzStacktrie/051cdba7df3048610889d56e36071afe7486a8df (0.00s)
    --- PASS: FuzzStacktrie/067ebca4a819e8ac8fb2ee6e8eac63174618665e (0.00s)
    --- PASS: FuzzStacktrie/06aa58d8a7eb1ba4e6bdc2baca1ed583a5cce558 (0.00s)
    --- PASS: FuzzStacktrie/07eca6c87817651b400cce43d4e25a76ba04869b (0.00s)
    --- PASS: FuzzStacktrie/0882edca5190e87d15e4d45f5b70387bcb763726 (0.00s)
    --- PASS: FuzzStacktrie/08c431ede32933368caa6c9e5261d6379a87c564 (0.00s)
    --- PASS: FuzzStacktrie/08f18c88e4c1399d718aa689c16014457e0e85a8 (0.00s)
    --- PASS: FuzzStacktrie/096da30099bdc087e5c0b432b984ebd3996aa1d3 (0.00s)
    --- PASS: FuzzStacktrie/0a2f3f535539aee20f67506aef530479ec218f3f (0.00s)
    --- PASS: FuzzStacktrie/0aeeeca61e6edf3abb64e160341a65410f776587 (0.00s)
    --- PASS: FuzzStacktrie/0b87e387434b5b1d159b5a591f8e5ad2733d175b (0.00s)
    --- PASS: FuzzStacktrie/0c7ed73c0f970d2fe026c30e7d7729295a6bbcef (0.00s)
    --- PASS: FuzzStacktrie/0d809061a8e76f2a03da1057ef85a6d7409d071c (0.00s)
    --- PASS: FuzzStacktrie/0daef61bf41f63fb4f6592968060fce5a286cd05 (0.00s)
    --- PASS: FuzzStacktrie/0f2f41cbbd5acb9b57ef6ae540eacb44d08509f5 (0.00s)
    --- PASS: FuzzStacktrie/0f58fb193ca690e3c9b43783d54d72eeb63435dd (0.00s)
    --- PASS: FuzzStacktrie/0feab27dd2ec0136f38f4d6a8e011bcdeee87d81 (0.00s)
    --- PASS: FuzzStacktrie/105964dce6b7f4f001c1c5258c9778f4d3624902 (0.00s)
    --- PASS: FuzzStacktrie/115f345e09853fb4ff75a0e0a66d427537881161 (0.00s)
    --- PASS: FuzzStacktrie/12a6cfe0e2223500f5709071664c2d69efe707c9 (0.00s)
    --- PASS: FuzzStacktrie/133c2b4133f514f35b68094995207f8bb4907e6e (0.00s)
    --- PASS: FuzzStacktrie/13ddbc72ff70c6f6eee29f481e2cc65a85fe1587 (0.00s)
    --- PASS: FuzzStacktrie/13e27699505fe5e77b4dfd38836aca4cfca7ee4f (0.00s)
    --- PASS: FuzzStacktrie/15a2afae484ca1452746d76669b3c69838fcbddd (0.00s)
    --- PASS: FuzzStacktrie/15e9d5405a0c158965ec0d86ccd94b26efaa6993 (0.00s)
    --- PASS: FuzzStacktrie/19087c3ed1acf7f67227275eea9c26d07866b35a (0.00s)
    --- PASS: FuzzStacktrie/1961cca969c34b33cb61e12fbdc31aa891b26200 (0.00s)
    --- PASS: FuzzStacktrie/1999666312a6666e20481432c37fbb897eba99d8 (0.00s)
    --- PASS: FuzzStacktrie/19ee1a6436ce9bb28421bf3861706e105bc923e4 (0.00s)
    --- PASS: FuzzStacktrie/1c05dd3506dc74a5aa82c4fbc3a75b6297dc6caf (0.00s)
    --- PASS: FuzzStacktrie/1c25a9a8aa286e8c35e481ea21ce1b59c43d45b0 (0.00s)
    --- PASS: FuzzStacktrie/1c4cc3efdb1bda51039d800fdc2c6644443cc9bc (0.00s)
    --- PASS: FuzzStacktrie/1c52c226bf3c2a7d9db81d23a3af257a46a2dc5c (0.00s)
    --- PASS: FuzzStacktrie/1cd54dd1b2a3d5b0d9f1de3ad45c64ee3f5bd3bf (0.00s)
    --- PASS: FuzzStacktrie/1e2ba37039230a1a8e5da5115a6b1b92e5d459e1 (0.00s)
    --- PASS: FuzzStacktrie/1fd89a69b0ce4d37bc6bc6e07c1c720c5036690f (0.00s)
    --- PASS: FuzzStacktrie/20fb4333c2b34edf37f379c418c1f24102a0d425 (0.00s)
    --- PASS: FuzzStacktrie/212465a9b23ec3693d74a0f9ba2c9b23f2dfeb54 (0.00s)
    --- PASS: FuzzStacktrie/21ac9e5644d7e328dbde068c48740fed823a777f (0.00s)
    --- PASS: FuzzStacktrie/225c29d61521473110f4e26a22a23f896ee5eced (0.00s)
    --- PASS: FuzzStacktrie/2278d34b62f8535ccb13341f7b6900eaa05701a6 (0.00s)
    --- PASS: FuzzStacktrie/2370e05566acadd8ecb04034c12e36729c894f84 (0.00s)
    --- PASS: FuzzStacktrie/24490f59987649dd41b544a03e2a26a3f5c6e5dd (0.00s)
    --- PASS: FuzzStacktrie/249a6526223fa64be5a8f9215cbe1531dee5b1bd (0.00s)
    --- PASS: FuzzStacktrie/252571beca4e159a8ad07b0604bafc6624c24d82 (0.00s)
    --- PASS: FuzzStacktrie/25edcc2a0b3a17cba157192a5dd9830b99063726 (0.00s)
    --- PASS: FuzzStacktrie/265996e4694594e9aa5f135643340d88057de515 (0.00s)
    --- PASS: FuzzStacktrie/26cd88883e0990b90b8afb04b2cf7c1a98ee8dfc (0.00s)
    --- PASS: FuzzStacktrie/2857624f5884f2a0547160cdd4664bfad1dc2edd (0.00s)
    --- PASS: FuzzStacktrie/2972a81c5de600feb2cebd6083e7ac473ea954ca (0.00s)
    --- PASS: FuzzStacktrie/2a5a12307e81d1d72dfee0137f9b6cf61b537074 (0.00s)
    --- PASS: FuzzStacktrie/2b2949b8d6b8d085de85aba5c2a9e60eec46809b (0.00s)
    --- PASS: FuzzStacktrie/2cb0ea8b1f8c9b30c44b900c8d21a8cdb373d1d8 (0.00s)
    --- PASS: FuzzStacktrie/2cb3f37a0a687af799f3a4e36b33e2daea4e2c7c (0.00s)
    --- PASS: FuzzStacktrie/2cd2d6cd6a19168af61098839ee61523c7c7db58 (0.00s)
    --- PASS: FuzzStacktrie/2f397400baee0703f46ac8501cc9880bd2880c57 (0.00s)
    --- PASS: FuzzStacktrie/313dc4f7ff0825fa74b254c2dc7584decbdf8ba5 (0.00s)
    --- PASS: FuzzStacktrie/315462a4a0ff879319806797ba1bed0a3a2ab26a (0.00s)
    --- PASS: FuzzStacktrie/3162476ab1088d7cb0498a2bf09632aab8ae1a2d (0.00s)
    --- PASS: FuzzStacktrie/31d4cffcdda18c8c03b6d5ac9d33511dfa290186 (0.00s)
    --- PASS: FuzzStacktrie/33d142c1c8bbb5f503c3ba41e6eb72df8a720737 (0.00s)
    --- PASS: FuzzStacktrie/33fb31646f8ee4f18bf5ea9f73780027d209707b (0.00s)
    --- PASS: FuzzStacktrie/350022739a986c5208bdeab0baf3851f07caa22d (0.00s)
    --- PASS: FuzzStacktrie/35ce2043128c2cd59c1deb151c9b271f71559264 (0.00s)
    --- PASS: FuzzStacktrie/3722bcf16bec702f19cd804f7c986c1bde02baa3 (0.00s)
    --- PASS: FuzzStacktrie/385d6e90ca77583c67159d647a7ae6b810b78ca0 (0.00s)
    --- PASS: FuzzStacktrie/3966d3939f262822ac7bb5d4fc5188a76eb98d23 (0.00s)
    --- PASS: FuzzStacktrie/39c8f93df2fe32bcb313c4718069ce2fe6210736 (0.00s)
    --- PASS: FuzzStacktrie/3af91adbcaa35d395e2ca130fbf5e142971dcc21 (0.00s)
    --- PASS: FuzzStacktrie/3b400793230181d41ce0f15de0bb79b120c247b8 (0.00s)
    --- PASS: FuzzStacktrie/3e325c8c81f5927451e92be9f065c94a5051d09b (0.00s)
    --- PASS: FuzzStacktrie/3f7c8a9a434471412ad64454f667588b362a82f8 (0.00s)
    --- PASS: FuzzStacktrie/40a400d28c4742bad44f9b33ff42ab93921ba381 (0.00s)
    --- PASS: FuzzStacktrie/40bf22f04adf1a233170c930b20f20da1a392306 (0.00s)
    --- PASS: FuzzStacktrie/417076a8168af9cce4ec766a0d3666ab31b5b2b0 (0.00s)
    --- PASS: FuzzStacktrie/4184c3b503b1a2a558e6aef62dfacd65625636d8 (0.00s)
    --- PASS: FuzzStacktrie/41f41975fc80a28d7e8c6a1cd11c63dc78bf6441 (0.00s)
    --- PASS: FuzzStacktrie/4215ff04dcadca20b6fdaed7ad7821c5cb8955d6 (0.00s)
    --- PASS: FuzzStacktrie/42c3a10ff35ad812dfec1aef41b4058d4948136b (0.00s)
    --- PASS: FuzzStacktrie/42c8b86a71b609cb8907d9e148e1a23c697a25ca (0.00s)
    --- PASS: FuzzStacktrie/42dfafa86340d73ea2b8f0c9c35efe08f3a87aa6 (0.00s)
    --- PASS: FuzzStacktrie/438966e77063037b6f256265c5926dc5eb587261 (0.00s)
    --- PASS: FuzzStacktrie/4405ac93397878ea2c9e6b8567bb69fccbd1af77 (0.00s)
    --- PASS: FuzzStacktrie/452b5ca8439bc535396419efd875584ab3fa044f (0.00s)
    --- PASS: FuzzStacktrie/45454c0b08c696555d06df3a3b494a9ed7bb0ee8 (0.00s)
    --- PASS: FuzzStacktrie/45a6029b2a98df0bbff02b0ad81dcd90a1fde9a2 (0.00s)
    --- PASS: FuzzStacktrie/45bc48e9604bb72256fc52c05b9e7fa604f4b272 (0.00s)
    --- PASS: FuzzStacktrie/465b2c98a23601582f8c3e13a1889c4df1d672ec (0.00s)
    --- PASS: FuzzStacktrie/466e17572738ca804a66640ca2df62a686797f73 (0.00s)
    --- PASS: FuzzStacktrie/468baf6593be34d7062f08ebe09024add80031e2 (0.00s)
    --- PASS: FuzzStacktrie/470aa4f658268860aeea541ff54079b1c62948b0 (0.00s)
    --- PASS: FuzzStacktrie/478890f6f6f2124dce3fd037a8548c0961b3bc4b (0.00s)
    --- PASS: FuzzStacktrie/4a5dee74efa2e610bfca7752b1177909f0891c41 (0.00s)
    --- PASS: FuzzStacktrie/4b6a1ef1f44cd1acc50aab8de284263411179df3 (0.00s)
    --- PASS: FuzzStacktrie/4dc772756bba037babdde58741d8a02f13da64b0 (0.00s)
    --- PASS: FuzzStacktrie/4e00ed44983b3ec8703419d8efdaeaac1f8a13a4 (0.00s)
    --- PASS: FuzzStacktrie/4e637c1045daad722efd16b5aef16d137d5f18f8 (0.00s)
    --- PASS: FuzzStacktrie/5195c0a1460cfc12e98f203435453998e0530f13 (0.00s)
    --- PASS: FuzzStacktrie/53576ce576c37cdf0a6a9046b335c2db1931d5c7 (0.00s)
    --- PASS: FuzzStacktrie/5394cfaa8a071c5d1ae4bc99870bc1caa1bf141f (0.00s)
    --- PASS: FuzzStacktrie/552c91df0c437ad88ce22270e464ecacb4e08c41 (0.00s)
    --- PASS: FuzzStacktrie/556e5d8b877e0a9745756c9418d5c605cc36f2d5 (0.00s)
    --- PASS: FuzzStacktrie/5572592b012555ee330797d3edf0af37c785e6c9 (0.00s)
    --- PASS: FuzzStacktrie/572d1e02cbcc0f7d5faaccbd191d8e5d9f4d0828 (0.00s)
    --- PASS: FuzzStacktrie/590ba151bfb76585cd88c1dcbfb87ead1a3e3efe (0.00s)
    --- PASS: FuzzStacktrie/592d692a7d52396915bce544935ab78ad8826ea6 (0.00s)
    --- PASS: FuzzStacktrie/596177e2ab5bc5558935fd084cf9b1aab2ed0cc4 (0.00s)
    --- PASS: FuzzStacktrie/5a24acb12888c3891dd4e00a96f02cf05f04a729 (0.00s)
    --- PASS: FuzzStacktrie/5a6679e5d0ddd4fa8988f2cfa0936bf5188ef650 (0.00s)
    --- PASS: FuzzStacktrie/5acdd5631ebfdab61444967ba4a19c6b42ac046e (0.00s)
    --- PASS: FuzzStacktrie/5b069cb8ee220d23abe8820ce9c2c47874bb66c0 (0.00s)
    --- PASS: FuzzStacktrie/5b28afa917daf7f799de4c5d2fbd5aa5392bbd22 (0.00s)
    --- PASS: FuzzStacktrie/5ba44963fe0a82ebf351dc8e18c223467cd01834 (0.00s)
    --- PASS: FuzzStacktrie/5ba93c9db0cff93f52b521d7420e43f6eda2784f (0.00s)
    --- PASS: FuzzStacktrie/5c2b5c640d572a6ae663117d3dc53150694196d7 (0.00s)
    --- PASS: FuzzStacktrie/5e39c515254fb6a87dec911630fa173ab78fb132 (0.00s)
    --- PASS: FuzzStacktrie/5e6ae60f3b587ff1b59abbe81bc377bb587a7d8d (0.00s)
    --- PASS: FuzzStacktrie/5f69689f19d1b1934b0ca80cab2f98b9d8e7f86e (0.00s)
    --- PASS: FuzzStacktrie/600ca49c9c0efa4ec3bf0f90e2b97d3fbd6f8ef6 (0.00s)
    --- PASS: FuzzStacktrie/60105b97f84250f4a0585845a6274a43fd24069b (0.00s)
    --- PASS: FuzzStacktrie/61041334708b288efe72487b19144d93cd5d93f7 (0.00s)
    --- PASS: FuzzStacktrie/63b2f6a9e8f16074e20c10e0072905e1e97b1a2e (0.00s)
    --- PASS: FuzzStacktrie/6484c17a83918d03c65a58970782ca808a279a30 (0.00s)
    --- PASS: FuzzStacktrie/64e4f1e36a264bc93b756e429cfa0bb11022e2a7 (0.00s)
    --- PASS: FuzzStacktrie/672dabe59314a610ca8734432d2a75a18b52f878 (0.00s)
    --- PASS: FuzzStacktrie/6aedb70278a06b10592d95646073aa6809062ece (0.00s)
    --- PASS: FuzzStacktrie/6b417919d0401c77a8f94f1783e76b22d5152079 (0.00s)
    --- PASS: FuzzStacktrie/6b507e10ba8f8bcb38585a1a17d9b0e5390fce6c (0.00s)
    --- PASS: FuzzStacktrie/6c250cb0493832df74927d597e11358e72a119be (0.00s)
    --- PASS: FuzzStacktrie/6c8114eecd57adb77a4233daca4deec9a9c93790 (0.00s)
    --- PASS: FuzzStacktrie/6ca45af54907b0c1743280a6d769dbe6e17b3ab8 (0.00s)
    --- PASS: FuzzStacktrie/705f99cf44b386984be39e63df48ac22044344e0 (0.00s)
    --- PASS: FuzzStacktrie/71853c6197a6a7f222db0f1978c7cb232b87c5ee (0.00s)
    --- PASS: FuzzStacktrie/726f85af4496465039826d13a909503c47c32a4a (0.00s)
    --- PASS: FuzzStacktrie/72de2303d0363d0a11c52e0ee7a4445dc2013b4c (0.00s)
    --- PASS: FuzzStacktrie/74763293e48568e5657cfe0e5843ab396ca44931 (0.00s)
    --- PASS: FuzzStacktrie/7529148b24c636c256e4e694b39e627561534292 (0.00s)
    --- PASS: FuzzStacktrie/766630e099c3ccbb2009a0178ec742444d81a824 (0.00s)
    --- PASS: FuzzStacktrie/76a7f468047d8ca968cea6ace6824010df01ab7f (0.00s)
    --- PASS: FuzzStacktrie/76b5a07d6d78e5ce83781627850d4acbe8b8d269 (0.00s)
    --- PASS: FuzzStacktrie/76ebaee0f819c92012c91dc17d61147568d3e19c (0.00s)
    --- PASS: FuzzStacktrie/771ab43ab934f04e52833e541f3bace3cbc3f22c (0.00s)
    --- PASS: FuzzStacktrie/7746835df5ef943d65263f1b316cdc5338388199 (0.00s)
    --- PASS: FuzzStacktrie/7767e12adab95a0135d5908f1e75af034830de33 (0.00s)
    --- PASS: FuzzStacktrie/77874711c8ed142b13996f207fa94ca9622300a5 (0.00s)
    --- PASS: FuzzStacktrie/77c9561d1f3f5f068b010b3419bd97d331f676aa (0.00s)
    --- PASS: FuzzStacktrie/7809ff4a414d733505e3691daf977b2b6a3637d3 (0.00s)
    --- PASS: FuzzStacktrie/78bd4cddca521cebadac26d1ebf047b74425e645 (0.00s)
    --- PASS: FuzzStacktrie/798f9d086160f6d774904683cbefb87ea8cb39c3 (0.00s)
    --- PASS: FuzzStacktrie/7bd822e6d883a247e74191e28a3980cc4af31dfe (0.00s)
    --- PASS: FuzzStacktrie/7d5dca167c66d731747a42612956c0bacb445e37 (0.00s)
    --- PASS: FuzzStacktrie/7deb946b4f3314a678000f082650d33af6c3e33a (0.00s)
    --- PASS: FuzzStacktrie/7f2454786b0a4f419108e318cf06e6b9b83959c8 (0.00s)
    --- PASS: FuzzStacktrie/7f9a7b759245d975bfbe3af69fd072a3806794a6 (0.00s)
    --- PASS: FuzzStacktrie/7ff5975d965b41e56b71c3523c9627fbd857be12 (0.00s)
    --- PASS: FuzzStacktrie/820780fbebef2065a74a772b039fe37218b4ba29 (0.00s)
    --- PASS: FuzzStacktrie/82eec28925c322b12b86c7d5e200cd852276a7be (0.00s)
    --- PASS: FuzzStacktrie/8317a69d02a2fc29ef02e4de0f77dd724475b8f4 (0.00s)
    --- PASS: FuzzStacktrie/831a2da56234c6759ba9c2a4cde52d284c6e4ace (0.00s)
    --- PASS: FuzzStacktrie/84cef26694faffd5125ab22264096154cce56e3b (0.00s)
    --- PASS: FuzzStacktrie/85265da3c1cc8a1b30fc4d94c2e78b22c79173d0 (0.00s)
    --- PASS: FuzzStacktrie/858ad6557a2a0e6e5ee2926cb7f8c22b469f6ce7 (0.00s)
    --- PASS: FuzzStacktrie/85ea91a54cfb6de8c25edc729f5d8a5f54eed012 (0.00s)
    --- PASS: FuzzStacktrie/8673f74a19696e9f62538f5cf478aafd88f6fdf0 (0.00s)
    --- PASS: FuzzStacktrie/86f60257a5deadd56e4e2cbd1dd5126fce06d8e2 (0.00s)
    --- PASS: FuzzStacktrie/87cb0eb236011bf28520e2496af5f6b60c7fa73a (0.00s)
    --- PASS: FuzzStacktrie/881844c4498d8b706b09a1faf26ea53e2256597c (0.00s)
    --- PASS: FuzzStacktrie/89ab18bda54b18355d0e1157bfbccfab2d5a577b (0.00s)
    --- PASS: FuzzStacktrie/8ab852b450c76ac6c982954c8dddaefabb5c8809 (0.00s)
    --- PASS: FuzzStacktrie/8ad05381e4e50787c0abe333c405eefd67db1279 (0.00s)
    --- PASS: FuzzStacktrie/8b7e906afbad96a8238390d81979be5dc797ecdc (0.00s)
    --- PASS: FuzzStacktrie/8b8f6520d1b33f4d1f95a5e8c217ebd1685de8e5 (0.00s)
    --- PASS: FuzzStacktrie/8ccf8b32c5c357b78a81bf034f7680b426aef51c (0.00s)
    --- PASS: FuzzStacktrie/8d484f6c1be8e0626cce53d530899cd86e1530d6 (0.00s)
    --- PASS: FuzzStacktrie/8dc9060396a7aee3fecf70a7a9729d5b536b0f50 (0.00s)
    --- PASS: FuzzStacktrie/8e7fb8b7fef78edfc5f8dc827ae7c1ba509d0cec (0.00s)
    --- PASS: FuzzStacktrie/8ed4e0d2550588e3ee825d36cc643360a1440292 (0.00s)
    --- PASS: FuzzStacktrie/8eecbab8f0b3f7f2368c31ef9a99e97c0bfb15eb (0.00s)
    --- PASS: FuzzStacktrie/8f130813838e0525e68223d2e8ebdb21710bb0c1 (0.00s)
    --- PASS: FuzzStacktrie/9069ca78e7450a285173431b3e52c5c25299e473 (0.00s)
    --- PASS: FuzzStacktrie/919c053525108fd0ad36862319936cd98efc3a0d (0.00s)
    --- PASS: FuzzStacktrie/92228e4d39f70c057d37b67a6b169a2c4abcca6f (0.00s)
    --- PASS: FuzzStacktrie/93b5e70f521c51d212277519699ce2e0f39564d8 (0.00s)
    --- PASS: FuzzStacktrie/951f3bab74fec02755bfa223b187f1e95bc61ef9 (0.00s)
    --- PASS: FuzzStacktrie/95cf26d593b2e252912bddfc9c82efc7a6809d5b (0.00s)
    --- PASS: FuzzStacktrie/9699dc611198dd7fce132a9f4422bb7247258ee4 (0.00s)
    --- PASS: FuzzStacktrie/9709a2f6e8d23e4d4f464dc39ef14ead765531b8 (0.00s)
    --- PASS: FuzzStacktrie/970b743b6fcfb5eae83748e7b50931318a814796 (0.00s)
    --- PASS: FuzzStacktrie/98f6122d55f25407e121ec4162231efc048cf79b (0.00s)
    --- PASS: FuzzStacktrie/98f86d0d767e1aa3cf2e606b38fec2f34a35220d (0.00s)
    --- PASS: FuzzStacktrie/9a0adacd234393a25bdb9e185043dd4803d77cf4 (0.00s)
    --- PASS: FuzzStacktrie/9cc6d6efc1bb708a4a4e7330d5090e215ed654d2 (0.00s)
    --- PASS: FuzzStacktrie/9d9772639a50132fb09ccc229d32c9d7e88be371 (0.00s)
    --- PASS: FuzzStacktrie/9ddc4bffef13a1c3afa1fba34e32d8134c7bea79 (0.00s)
    --- PASS: FuzzStacktrie/9e446ce2546406b523009acf47d2398fcae342fc (0.00s)
    --- PASS: FuzzStacktrie/9f263f1d35899f16c89edf080fb37ad1c6538e8d (0.00s)
    --- PASS: FuzzStacktrie/9f524ec0b0cd530dcd1bb0830dd62af06aa304dd (0.00s)
    --- PASS: FuzzStacktrie/9fac76ab19cfffac03e98a0ab052ebce02f07cf3 (0.00s)
    --- PASS: FuzzStacktrie/a040aab6831d4e93f6676fcae8063346529dcd56 (0.00s)
    --- PASS: FuzzStacktrie/a1af0ed8082d5dba1394dc7ee5fee8a23afff26f (0.00s)
    --- PASS: FuzzStacktrie/a2afc8e19e7413a971eaabda8072096204ebdded (0.00s)
    --- PASS: FuzzStacktrie/a3bb9b9d63e9c9ea99b2bd275bcce0c98444d88b (0.00s)
    --- PASS: FuzzStacktrie/a5abd554b8b0d32870594254c76a53030ddcbc00 (0.00s)
    --- PASS: FuzzStacktrie/a5c5b0c0f27f3114be5e8cdecce959581b5b181b (0.00s)
    --- PASS: FuzzStacktrie/a695cb1a604135bf749c9b65e8bc629286c0b441 (0.00s)
    --- PASS: FuzzStacktrie/a6a66802de5984063f7c9493b45774445c0ec418 (0.00s)
    --- PASS: FuzzStacktrie/a6c522b9ccb39150dfbe077c05ddb87e32e1ae52 (0.00s)
    --- PASS: FuzzStacktrie/a6e8e7b13d050bb38dab0697bbba84ffecb8911b (0.00s)
    --- PASS: FuzzStacktrie/a815405bb685575759f67243bb94784aeb29296b (0.00s)
    --- PASS: FuzzStacktrie/a834064162442b24870cbb3b41116460f0982bd7 (0.00s)
    --- PASS: FuzzStacktrie/a98f8679fadf526fa74ff1c850eda3e732489aad (0.00s)
    --- PASS: FuzzStacktrie/aa3179fdabaa20af26c550280a00178d040777ba (0.00s)
    --- PASS: FuzzStacktrie/aa33b21dfc03acc3cdf695b8eda6c6c736e0fa15 (0.00s)
    --- PASS: FuzzStacktrie/aafc0066ae43bb6e0f10301509cb8ab13e693db3 (0.00s)
    --- PASS: FuzzStacktrie/ab99e75cc463c986abed8b58753efc530ffd485d (0.00s)
    --- PASS: FuzzStacktrie/ac02b2f0673439188d7d84adbdd5976af5720ad9 (0.00s)
    --- PASS: FuzzStacktrie/ac16c37ddcb42749f9ea365a669fef0d41090862 (0.00s)
    --- PASS: FuzzStacktrie/ac259256b3dab8f2210d574fae5085c4ebc4cdbf (0.00s)
    --- PASS: FuzzStacktrie/ac6d8ad8f7e3ed497b1ff51aef523b60c9c9df76 (0.00s)
    --- PASS: FuzzStacktrie/ac8325be9399719b89a9087452ff3b81a5ea74c8 (0.00s)
    --- PASS: FuzzStacktrie/ae1b903699af54678201e85d24f9d0b1b89c46a4 (0.00s)
    --- PASS: FuzzStacktrie/ae743137a5077212005c49dbcf4a17e3ad16c002 (0.00s)
    --- PASS: FuzzStacktrie/b22fc12f785bb1b71f56b8d67e4837f10d5f7933 (0.00s)
    --- PASS: FuzzStacktrie/b44e80ec6318742e6e44f2316f8c88dca2f293c5 (0.00s)
    --- PASS: FuzzStacktrie/b59b0e177446eda030f68ece4ba22bd646fbd7b6 (0.00s)
    --- PASS: FuzzStacktrie/b5d1cee52d966b12292f847df3e65dcf142cece8 (0.00s)
    --- PASS: FuzzStacktrie/b6549787514565ffb0bb7c17380039f47d4738ec (0.00s)
    --- PASS: FuzzStacktrie/b730cd5d21593df2fa970b5a23836ea6f425829a (0.00s)
    --- PASS: FuzzStacktrie/b896c19f82f0ce0c58ac2c02ab69fc6c3346215b (0.00s)
    --- PASS: FuzzStacktrie/b8f0eb1cdfafdb1062f9bf08963defe78c696b1b (0.00s)
    --- PASS: FuzzStacktrie/b9930a4b603161cbdbe5072a731475dff908e932 (0.00s)
    --- PASS: FuzzStacktrie/b9ec199a5271811e71600f85786f2cc4e8e3faf5 (0.00s)
    --- PASS: FuzzStacktrie/ba992ce0bdbce3f23de4e6a2249d5fb191cf2524 (0.00s)
    --- PASS: FuzzStacktrie/be5b5b068089834aacdb90b8712d7690b7614fc2 (0.00s)
    --- PASS: FuzzStacktrie/beb6fb69234fbc8f4fa0edeeee95f447b57e2a4c (0.00s)
    --- PASS: FuzzStacktrie/bf0b8d9659045523031a38f891ddf27af089ae7a (0.00s)
    --- PASS: FuzzStacktrie/c0376da26181e238be4315359bec82dc75f82b93 (0.00s)
    --- PASS: FuzzStacktrie/c0b080c3debb40973e547349d2777e2b4e5954c8 (0.00s)
    --- PASS: FuzzStacktrie/c11644433272fd9953c0091575787caef3d9ca0b (0.00s)
    --- PASS: FuzzStacktrie/c1593bbc9c1ad2c4f185da65a3e765132064f261 (0.00s)
    --- PASS: FuzzStacktrie/c1ca1b4d777b4dfe2faa118815d737bd340ff324 (0.00s)
    --- PASS: FuzzStacktrie/c1e88810d1860fdacf8b600d5c3922ddd201c625 (0.00s)
    --- PASS: FuzzStacktrie/c241fd2816463db0ad1c3dd283ffebcf8b111f4a (0.00s)
    --- PASS: FuzzStacktrie/c3119bed1a5dc622b1788af0044a44748c14d1f8 (0.00s)
    --- PASS: FuzzStacktrie/c482856c39cefdf3b000e6966335d1cf580ff66e (0.00s)
    --- PASS: FuzzStacktrie/c4e1214792f4c56d21cef9676f5c4f439cbc00b3 (0.00s)
    --- PASS: FuzzStacktrie/c5ca2c119aeabef6c666367bcc334c5c2cf5d038 (0.00s)
    --- PASS: FuzzStacktrie/c6754c8c6ee4b4a8689fa2f863f241e652ed216c (0.00s)
    --- PASS: FuzzStacktrie/c790712cf2f41a241336b8c47cc2bb9e56daf2e5 (0.00s)
    --- PASS: FuzzStacktrie/c798f74fba2cc9b99a382863c3b2ae4fc32e79db (0.00s)
    --- PASS: FuzzStacktrie/c7dcb99b303934decc6faa59823db5ce6634d199 (0.00s)
    --- PASS: FuzzStacktrie/c94e46762bf5793be71837aef4871a1ca615d593 (0.00s)
    --- PASS: FuzzStacktrie/c9ee7c3670c17bcc844bb071b52bb37cda366212 (0.00s)
    --- PASS: FuzzStacktrie/ca2cd3f8c93e252a12a0a63350544e55ff9f8651 (0.00s)
    --- PASS: FuzzStacktrie/ca940d46445a07a9655138979a8a81fe35140058 (0.00s)
    --- PASS: FuzzStacktrie/ccd165a7e5a3eb709bfac2c629157961b32d23e0 (0.00s)
    --- PASS: FuzzStacktrie/ce58fef966926593dd3228662d7984905611e640 (0.00s)
    --- PASS: FuzzStacktrie/cfad0aefcb1e5ef90054e5bd40d4fcd6b9223a6d (0.00s)
    --- PASS: FuzzStacktrie/d0d8d1542b34cf0ca7ee4b529208ef5f17d25c69 (0.00s)
    --- PASS: FuzzStacktrie/d1bb7d13b7132836089e2d2b2e9677887d0f1e3f (0.00s)
    --- PASS: FuzzStacktrie/d2f94f01d557cc687e1a8c1ffc4e7649c837fe03 (0.00s)
    --- PASS: FuzzStacktrie/d302ce815c44ba6375d055c6b9c72b8393391dc9 (0.00s)
    --- PASS: FuzzStacktrie/d399e4b5419ae1c512900d30bf610a6322851c5d (0.00s)
    --- PASS: FuzzStacktrie/d4374035e2d2f17dad365a7a74e0e0ebcc51377f (0.00s)
    --- PASS: FuzzStacktrie/d655941157fa09beeebba72860b420fb1fc631ef (0.00s)
    --- PASS: FuzzStacktrie/d673899690d95cf52f22955e56e137e73c558e27 (0.00s)
    --- PASS: FuzzStacktrie/d6f9134eba8334f6364dcde69d4f1e3379c760d4 (0.00s)
    --- PASS: FuzzStacktrie/d71026e39284e43ccdfc91d41e58d27ecc4ce501 (0.00s)
    --- PASS: FuzzStacktrie/d74d4d9a8fa370efb73e9cbe79f5b225439749fe (0.00s)
    --- PASS: FuzzStacktrie/d7ca3c7e083a2afa34bacd1ca6e0ea857c54103c (0.00s)
    --- PASS: FuzzStacktrie/d8af0e6761184cc386aa221062ba1a35d79b3891 (0.00s)
    --- PASS: FuzzStacktrie/d8be47c6d0a919d3bae6edc50901f8df6c3cd8cf (0.00s)
    --- PASS: FuzzStacktrie/d8ce7cb8ee7bcfb2deacbd6223bd15f2aa858ac3 (0.00s)
    --- PASS: FuzzStacktrie/d8dd0a383ac0097487c5822f461493633a4a6660 (0.00s)
    --- PASS: FuzzStacktrie/d95477b1fc88e051a32b01efd5692fe595c69e54 (0.00s)
    --- PASS: FuzzStacktrie/d9735b938908a2c7e75941be56a6e7ce16f92291 (0.00s)
    --- PASS: FuzzStacktrie/d97931e8c5e6330de2e0b4f4f6d70966b35870bf (0.00s)
    --- PASS: FuzzStacktrie/d98cbaa3e5ca2e9bdb13d16085615b25f92ae928 (0.00s)
    --- PASS: FuzzStacktrie/d9a2653e1b66715d142236457296b00e0dae753d (0.00s)
    --- PASS: FuzzStacktrie/da44da03b4d6a9be03fe44a689122833bbd01c7d (0.00s)
    --- PASS: FuzzStacktrie/da8416edc71871e8daef2922af8a7c1e6d8d41b7 (0.00s)
    --- PASS: FuzzStacktrie/db24ff43b52913b94cad438cf003327299b52f66 (0.00s)
    --- PASS: FuzzStacktrie/dcf7d5f1ce17e67cd591565bd48d207f44177c7e (0.00s)
    --- PASS: FuzzStacktrie/de6ec784a04b5d64600b30fd4962001d1e4adb47 (0.00s)
    --- PASS: FuzzStacktrie/e03b3b1f3475eed826dbb3543f667973f8b169e0 (0.00s)
    --- PASS: FuzzStacktrie/e0dd378a4b19a46ff22e84de27265bd8b7f10d81 (0.00s)
    --- PASS: FuzzStacktrie/e0e6d7d5986fc241d2c8faad1400637563bb6da2 (0.00s)
    --- PASS: FuzzStacktrie/e3461355abb153a5eb713ef50cda7354b0e22c22 (0.00s)
    --- PASS: FuzzStacktrie/e395c07240d3494d182447e03fa87d35018f7a81 (0.00s)
    --- PASS: FuzzStacktrie/e3ceb89662fd58e1bf659c4c1b9f848613adaef8 (0.00s)
    --- PASS: FuzzStacktrie/e5ac05fd1d14ab0ab9dc518e22491b7a7065c967 (0.00s)
    --- PASS: FuzzStacktrie/e5fe663aa7b43056ceb8aaeb4606522f53c5f9d4 (0.00s)
    --- PASS: FuzzStacktrie/e75801d9f361c56c655e159c849549aa7629cb0e (0.00s)
    --- PASS: FuzzStacktrie/e78d7209c99d278a294e50eb2f87d6d7b729976d (0.00s)
    --- PASS: FuzzStacktrie/e7e1a4657eba786764c7b7ceeaaa5d8d85ea8c77 (0.00s)
    --- PASS: FuzzStacktrie/e86df83e77b8b6cf8292726996e734170d43aa5e (0.00s)
    --- PASS: FuzzStacktrie/e8c6d323978430f3ef5875d1776053aa6c057f05 (0.00s)
    --- PASS: FuzzStacktrie/e8f73a350b2e331da49a6c9550108a1327381de6 (0.00s)
    --- PASS: FuzzStacktrie/eb59f61775f47b620e68082a5a55f9e4a0b8ecad (0.00s)
    --- PASS: FuzzStacktrie/eba657b45813e6e6dc274ae1d09c81dde0f79e73 (0.00s)
    --- PASS: FuzzStacktrie/ebe5419dc5acf8a522b91f75d86e0acd48fd10f5 (0.00s)
    --- PASS: FuzzStacktrie/ecd0fd0be76ede2b73e35cb97bec37c46adc047f (0.00s)
    --- PASS: FuzzStacktrie/ef1371a8b9c78061356d87342508c6f862055c60 (0.00s)
    --- PASS: FuzzStacktrie/efa967af8e516411c257cac56883192de50e3d29 (0.00s)
    --- PASS: FuzzStacktrie/f143b7d1bd3486c58d6f36539816adbf4f211ec2 (0.00s)
    --- PASS: FuzzStacktrie/f1ba2ccdb2599bd824913b1821c99de8a751ef15 (0.00s)
    --- PASS: FuzzStacktrie/f2a4e5d0f5fa050e42bb1641f456f1ded4485310 (0.00s)
    --- PASS: FuzzStacktrie/f442db17a0ce39b5d1dd4a94522ae9eec1fc5080 (0.00s)
    --- PASS: FuzzStacktrie/f4b98c31dfc8782c4178be177fa51f216b97f209 (0.00s)
    --- PASS: FuzzStacktrie/f4cb3e93afa319474b6ff7a8712f33d4e04febb3 (0.00s)
    --- PASS: FuzzStacktrie/f54e9357303741e0d4651e57c24083eb8b745269 (0.00s)
    --- PASS: FuzzStacktrie/f5d1f70bfb765a948cd829945f9cc798d966fd12 (0.00s)
    --- PASS: FuzzStacktrie/f60be12141664412dd2bb9de9c91e9fb9b767489 (0.00s)
    --- PASS: FuzzStacktrie/f60eaa5e244bfb3f97d6b389d2701a8021aa8813 (0.00s)
    --- PASS: FuzzStacktrie/f60f0d6e781e88df9a8f7037ae9177c3a20a6d69 (0.00s)
    --- PASS: FuzzStacktrie/f62f97fad7905f5f6621e9333d6aa2b280451210 (0.00s)
    --- PASS: FuzzStacktrie/f6bf1577c514aa10ebe3a8131aec7e63c82a700b (0.00s)
    --- PASS: FuzzStacktrie/f71b070dd9e740e7a3502520af808afbe82679d7 (0.00s)
    --- PASS: FuzzStacktrie/f7a3bd27591ea3eca5d1d2448f23708dfb89e3fa (0.00s)
    --- PASS: FuzzStacktrie/f7e765ee14383c10be5593ed5b0138e52b501a32 (0.00s)
    --- PASS: FuzzStacktrie/f85343ab8c876870ca6f23965ce280cb4eaac054 (0.00s)
    --- PASS: FuzzStacktrie/f89c7d755753d2f6b29c4a45a2a1a32a9825aa81 (0.00s)
    --- PASS: FuzzStacktrie/f8f223ff27ea752c55630ef93e5f92f8117579a2 (0.00s)
    --- PASS: FuzzStacktrie/f97bbd20a757aa0541d6a55ce4e31b1729cf76a2 (0.00s)
    --- PASS: FuzzStacktrie/f983d1a7087d5158759899544d5a301f061d4106 (0.00s)
    --- PASS: FuzzStacktrie/fa535fc76e6c4b0c53375246cec1335e935a55bf (0.00s)
    --- PASS: FuzzStacktrie/fc1c69770e26ef9946111827e368c8667317cfb2 (0.00s)
    --- PASS: FuzzStacktrie/fc77ce99f5c9f307b6ec42f1b7b9c3fe7368e032 (0.00s)
    --- PASS: FuzzStacktrie/fc8d848ff47105bd40cbf8938af72496611ca575 (0.00s)
    --- PASS: FuzzStacktrie/fcfa1c3dc3965ea695a3f9550004710f489b07db (0.00s)
    --- PASS: FuzzStacktrie/fdd397b04ce7bc3f3696de5690b889a0cc691428 (0.00s)
    --- PASS: FuzzStacktrie/fe750de705aaf1465cb8576bf4e7f5fe0789de2e (0.00s)
    --- PASS: FuzzStacktrie/fee093ed533fe8a4716fe458bd2ed8801d6e86c9 (0.00s)
    --- PASS: FuzzStacktrie/ffbb0918862706ce19a03acd6caf9441dea293c9 (0.00s)
PASS
coverage: 75.0% of statements
ok  	github.com/morph-l2/go-ethereum/tests/fuzzers/stacktrie	0.174s	coverage: 75.0% of statements
	github.com/morph-l2/go-ethereum/tests/fuzzers/stacktrie/debug		coverage: 0.0% of statements
