=== RUN   FuzzTrie
=== RUN   FuzzTrie/00803fc4cc784a9068c42cf554b4d2a40f198c78
=== RUN   FuzzTrie/00986ddb935776d8f170a61df3ca871457f64b59
=== RUN   FuzzTrie/00bfc0a3a5795cd678b7e4eb66f0b05fbef47f20
=== RUN   FuzzTrie/00e169261c1a9eaa6883954cb2b005d45da5c780
=== RUN   FuzzTrie/00ef15665e66fbdfd45cdc31da7a029e813e124f
=== RUN   FuzzTrie/0101269af37a3dd13819c1bc2643ef8784c399be
=== RUN   FuzzTrie/01059a5b7afd840e1d7d9f50e7e1c8bc64a65742
=== RUN   FuzzTrie/01265e669f10b2d7bdc001444207df0493a6b50a
=== RUN   FuzzTrie/0187eca04b1ff9d1f97a17e6559adae0e64b7f83
=== RUN   FuzzTrie/02726cf130d2dd1f5307207886aa957094564014
=== RUN   FuzzTrie/036e23467d1281fda46224912d753616b81ba15d
=== RUN   FuzzTrie/04545e616e741be54ab665c18a0bcaa8becde11e
=== RUN   FuzzTrie/045acaaba3272b4af5379584ef91a97b90f2e7aa
=== RUN   FuzzTrie/04accd22a8c38adce114636349b24db6b781ab13
=== RUN   FuzzTrie/051db03223fa99d5b54b8482674fa2b1dbd983b4
=== RUN   FuzzTrie/053d68f11ba383beb450adbe888b0ecc7b18d71b
=== RUN   FuzzTrie/05cf64a942404cf53fd3d20bc91a34696b9efefd
=== RUN   FuzzTrie/060e03f24b0e4d60d92c7f1d1d1416fab019827e
=== RUN   FuzzTrie/06a0ba549484018d6f5b4c00853df3f9eb02ad95
=== RUN   FuzzTrie/06eba6571f88cbe03f742a01dc908bbbdc40ca3e
=== RUN   FuzzTrie/07a9fe6321554c85766b1bf955d66051a8a3edae
=== RUN   FuzzTrie/07cff40aa91e3848d898cbe295c433fcda4cfd06
=== RUN   FuzzTrie/08977f39589dd3cfba4f96b5ea99af69cd265027
=== RUN   FuzzTrie/09006c068ec1fc39fb9be3e162a4e1e6ce93f182
=== RUN   FuzzTrie/09828806ac7a45fc5c6c4db4d05a8db8701061d6
=== RUN   FuzzTrie/09a50573c5d8c51b619160e51d21f520b6b18f1b
=== RUN   FuzzTrie/09ad3ca064f30fead890d6cba0dac232cd3f40e3
=== RUN   FuzzTrie/0a8d0e8ab2053e8727ba5b75af55e931e69ef8c0
=== RUN   FuzzTrie/0b966b98c71501a98f14489e81377b34614a77bb
=== RUN   FuzzTrie/0c7d27da0a69a667821f553b61e120d8a7a57c2d
=== RUN   FuzzTrie/0d326dab6b38c25937bf7ae08d2f066815b29556
=== RUN   FuzzTrie/0e02a743ceb66466a021c901b2c7266ee9eceec0
=== RUN   FuzzTrie/0e09affa677f78c6cbd5b0ab1ce02d1c7f38d707
=== RUN   FuzzTrie/0f37712ede526e187147858534fec664f001665e
=== RUN   FuzzTrie/104fc6c809919e12f519c0f043c3e9bcb78785d1
=== RUN   FuzzTrie/10af23d734185c67b2a2dcb58ec9ec7db9acabb7
=== RUN   FuzzTrie/10b5067b372825dab525ebe50ec88ef142dd3647
=== RUN   FuzzTrie/1289438b26cbce6473f73770de18c3348005a17e
=== RUN   FuzzTrie/12accb6d5f1ac1cc8cbe7f2e9703edd42f9809ae
=== RUN   FuzzTrie/13e55b90f6be6e1ffdb508a1453a8313cbaccb64
=== RUN   FuzzTrie/160673f83890787a5b450d3a7ba6f0234ba37290
=== RUN   FuzzTrie/16225893ef6c661b2b9b9472c03b1bd1a0e105d2
=== RUN   FuzzTrie/19389acb54ff957f8bcdecaecdea1654b773befc
=== RUN   FuzzTrie/198794fbc73dabe8d76c9c5ad98cad588e8d2ef6
=== RUN   FuzzTrie/19bd733526a97420532d8c833a43471bc5c8bdb7
=== RUN   FuzzTrie/19c97462fb735b09e39d2803a159c97410c00a5f
=== RUN   FuzzTrie/1a19be46df59e308ff174555469e2bcb86bfd910
=== RUN   FuzzTrie/1ad7bf47ae899aaf258d63c8cade1e3be75839cb
=== RUN   FuzzTrie/1bc9405c50124821ba5e46260d798dbcd1f3da7b
=== RUN   FuzzTrie/1be160f498647e7d01a5279381131e93e2b7b909
=== RUN   FuzzTrie/1d3cce13e2084a01dccc80cb68388d2de1d16ef7
=== RUN   FuzzTrie/1d68e68081f86b5f016619e69de0dc72d7457c5c
=== RUN   FuzzTrie/1d755a0300435a55e28960536998e171a8b70100
=== RUN   FuzzTrie/1d9dddfad053ec422225cab1231b68890c033d5c
=== RUN   FuzzTrie/1dbab352244e56b396c313bdd9952fa326bcb3a6
=== RUN   FuzzTrie/1fb096ece3bf59d83157a17ed1211ab2817552ab
=== RUN   FuzzTrie/207fb62ed72465547400e48fbf2ec8e0de75d4d9
=== RUN   FuzzTrie/20b9faf8e50ef62400444c46838c9f1f832b92d9
=== RUN   FuzzTrie/226bc5e42072693717682b6b3756f17cde63da0f
=== RUN   FuzzTrie/228e2fbc5d11dfd3851f85173367475ad727afe2
=== RUN   FuzzTrie/22d869ec7a37fe0532598368e5dbe4544f65bede
=== RUN   FuzzTrie/23013e0b24a2a31eb17b814e778f6b54167bc4f3
=== RUN   FuzzTrie/2303a70d076fcaf173bdbb4469f070fd2fe94eb6
=== RUN   FuzzTrie/23d6287e6c19190dbc3bf692585ccb1925ee7ed6
=== RUN   FuzzTrie/23f5b279451f1a8c5e537b998a82103f4021cfa3
=== RUN   FuzzTrie/25a673bf42e9fe83e9a9c45cd03e82cce5c908aa
=== RUN   FuzzTrie/25d9531c49166f00c4d7bccbf3f1b9bd2d258e3a
=== RUN   FuzzTrie/2603353035002fe7396cefbf81e8300937ddf3c7
=== RUN   FuzzTrie/2625f47774376f962c1aea5cacb7f12959dc3752
=== RUN   FuzzTrie/269cbe49dfb6ec31581e811d82ffb1f3d21c52c6
=== RUN   FuzzTrie/26c763c90cd3f161c655bb0450a0623dc4030dea
=== RUN   FuzzTrie/27b376c24243aa24bd4944381593a578a64e8ec9
=== RUN   FuzzTrie/27f1f04f8f47f1c0c6e20e85c89f74253715f02c
=== RUN   FuzzTrie/28005ce6ffd4c03345c0fd6401f7e8d14288e6cb
=== RUN   FuzzTrie/28f0a64f7b6f75fb03703835685e210bbaec9bd4
=== RUN   FuzzTrie/291723a6739955cecbe9b8ee661363fdf27c2ae6
=== RUN   FuzzTrie/2953b0100281f070e14db9eec925566c1c0b1a2a
=== RUN   FuzzTrie/2a59d0be5feb554915ccd69dfffa04f9198d517b
=== RUN   FuzzTrie/2b8d2c225bacffda0fe941435b4464f4c46ca5ad
=== RUN   FuzzTrie/2ba0c07fb5ee695f1aaf8ac78a73238f184cb395
=== RUN   FuzzTrie/2bacdd789468807163fd9094331f55ebae10e079
=== RUN   FuzzTrie/2c6cc5af63551aa6dcc289e15ba80ab5ee6eda48
=== RUN   FuzzTrie/2cada7dbbdb41991f639749dcbb8b2807b02d176
=== RUN   FuzzTrie/2e11cc5c6ec572d493cf7a4499110d1a01c602a4
=== RUN   FuzzTrie/2e8251372a29182a0a1e41f11f084aac413a95bd
=== RUN   FuzzTrie/2f9a5929d0b54a25037094855db81bfeaa4dfb8a
=== RUN   FuzzTrie/2fcc2b6ab10615ce9cb9eb019c6e19aeff0b5b8d
=== RUN   FuzzTrie/3078f1bdfd2e619eae01a24a56ff8fc39951ac75
=== RUN   FuzzTrie/34dc02f33dcac174e95baa6fba06e6aa04edcd00
=== RUN   FuzzTrie/34ef096603b27e7552511046e87962a167f95178
=== RUN   FuzzTrie/350eba6cb293421719133f9472a5bb700fafafd9
=== RUN   FuzzTrie/354c82bc6366de98aa7d725ba0b3ef02881e62d4
=== RUN   FuzzTrie/361f22ab9ace89e4503248e32be612758d3fc967
=== RUN   FuzzTrie/36467b30296f7e97c064bed49f26ac9913ad0330
=== RUN   FuzzTrie/36a3bac8419a42060abfc830b4af51f39fb477e4
=== RUN   FuzzTrie/3700d846ad27d3fb6853272a842cecf49ed4b2ed
=== RUN   FuzzTrie/376d033cf2d05f97fcdce15c9fda6606a428e78d
=== RUN   FuzzTrie/3777e33b50a5b69643b99de70228e341f9c8502f
=== RUN   FuzzTrie/383337ec1f31bf3a64ec6c376e80898291e84cbc
=== RUN   FuzzTrie/388072c406ff1cea91dfbe32f7253d6843fc6751
=== RUN   FuzzTrie/38c50abb3dd109a53dce3fbb533b63d5923f96fd
=== RUN   FuzzTrie/390d203bfd9db2bef7c0cb96a4396b5dcae76c71
=== RUN   FuzzTrie/392b72a2abc6424ce144df1532c4fcbd18f4acc1
=== RUN   FuzzTrie/3942c17d8e5fad034365b87d1e9f88e5f61a80aa
=== RUN   FuzzTrie/3946663e330e15ce14acb55a62100ea16d571f07
=== RUN   FuzzTrie/3968333f0e9b53731f541d0bf6c8f9563bfd78ee
=== RUN   FuzzTrie/39cb152e467c4a955e0e9e9ade7507ee34255254
=== RUN   FuzzTrie/3a78d6ad2d0cc7a6bf50fd9d9424da88c64c3e87
=== RUN   FuzzTrie/3abcc7bda4d726d15473c071b6a2b29f5b57b7f4
=== RUN   FuzzTrie/3b850f99a7f10809471910e8104991068c51564a
=== RUN   FuzzTrie/3bb33d6d996cb4c51fbcbe6f4a8e2e8988774a2f
=== RUN   FuzzTrie/3c6569c34279114fb8e4002b2b8d815c19d45750
=== RUN   FuzzTrie/3d07d7cf1fd34a8ac18859029e9a38213e13035b
=== RUN   FuzzTrie/3e756c6d070d43cb6307a709ee7c3ec8b699ba1f
=== RUN   FuzzTrie/3eba725f9b228640ca45609c63f5cb53aed7e1a4
=== RUN   FuzzTrie/3f0406023961627177d7b4ab77f0597a79be1bde
=== RUN   FuzzTrie/3f25fdb36394ba0b12df4bc13bc53081fc2271f4
=== RUN   FuzzTrie/3f34020c168120a88d01ab07b3d3a9870d82f3bd
=== RUN   FuzzTrie/4018b844e05bb2eba7fa499014ebb6dcf1ff7667
=== RUN   FuzzTrie/40326af09aef24e172dd5ada5197f6e5dd78d432
=== RUN   FuzzTrie/428c0a49afc11b5a18806ca39dd8c776967dee53
=== RUN   FuzzTrie/42d43153b1ad6ef852a98567ba948e545ad3e055
=== RUN   FuzzTrie/44e7d80daaabaa10740b3d43908fcde073f55f06
=== RUN   FuzzTrie/44fb264fb49d738e76838f18cabd0a341e39af5c
=== RUN   FuzzTrie/45a1d7cdc4dded195d4687ccab85b4c456283180
=== RUN   FuzzTrie/45bb8e918e997afaedf8fee2a83c706c6ca9ee2f
=== RUN   FuzzTrie/464a834e187fe744dc0522f682be0e2efd28dd6e
=== RUN   FuzzTrie/488dfa0eda95ada56245fea14cbaf739c7314137
=== RUN   FuzzTrie/4a0160594f6fa3f5254c130d850ea0ebac798015
=== RUN   FuzzTrie/4ab4f1950a55e3047d76c002d3de0cfbcffc9a0a
=== RUN   FuzzTrie/4ad1e93a1b27a204c36bc223413fdae23ac4b942
=== RUN   FuzzTrie/4ad9c0c753db4dd8f1789377c2816e16c6f97fcc
=== RUN   FuzzTrie/4ae046f87f2970b83dd59a7f4908f6431967fe60
=== RUN   FuzzTrie/4aed9aaaa282396c14f961994c5c7cdff1aee841
=== RUN   FuzzTrie/4afdc2eda2c244a15f4fdbfb55fa0d909cd3b55e
=== RUN   FuzzTrie/4b18b926ea17c4b9feacd80753999526eb136853
=== RUN   FuzzTrie/4b2ea8761927b1b973832dff931db45b63b83dbd
=== RUN   FuzzTrie/4c562de259528ede73f1218f5cfa43c41b656e9b
=== RUN   FuzzTrie/4cae0aedac75a509b193e8056ace14dc1789fae8
=== RUN   FuzzTrie/4ce739c38c090071824183aed8b24b451b96813c
=== RUN   FuzzTrie/4d0e7537f2adddfe243aa848f16ea4b831121798
=== RUN   FuzzTrie/4ee1c683a6b37db73dbfeea1a4bf864c646fe5d2
=== RUN   FuzzTrie/4f0cff5e24e1c702218114f37efec88512abbf11
=== RUN   FuzzTrie/4f53fb6b8077d4331a5f0148448ac8a6db74af23
=== RUN   FuzzTrie/4f73cf9de6a8263d92e77c8f99f99dda05c11ad5
=== RUN   FuzzTrie/51153491221e41e7042ccb61242a8497b1c10fdb
=== RUN   FuzzTrie/51d6314cfa2af4e13e72c4674b4ae9425d7b2cb2
=== RUN   FuzzTrie/52191a6f09cd2411824de8603aafd595ae471c4c
=== RUN   FuzzTrie/53dfbe8c6197c3cd438858d5db11548a403d1ac5
=== RUN   FuzzTrie/5405f043177ecf30cba2d41d92c971b61ac5eb96
=== RUN   FuzzTrie/540d40a5639acdc0ea85767310fd6b9f499a84c3
=== RUN   FuzzTrie/5486827c5f7cf022a65d158e25181ba6281ed451
=== RUN   FuzzTrie/5587135716ac44f4e3119812558901313b7c45ac
=== RUN   FuzzTrie/559894dc0b39a8ea2d7c880c1c2f00a279d472f8
=== RUN   FuzzTrie/55e0fec9ad8d3a4cea8d3d3cb3e6deb1af70a6f4
=== RUN   FuzzTrie/566cc9bcf3cfae77fd66ced87690120f6383936f
=== RUN   FuzzTrie/57667f3a3f65270143b5bdf5451ee2ca040d643e
=== RUN   FuzzTrie/57688c517c511520a52fcf8072c61b22243edf46
=== RUN   FuzzTrie/57adc3ef76776ab8379afd15129fd9d85836d583
=== RUN   FuzzTrie/59e5cadf19dd1865a4769784c46320a998c2e4e5
=== RUN   FuzzTrie/5a36b28d8513fa4af56ec8c4c9dc25642a912f74
=== RUN   FuzzTrie/5ac1c67322be6ae76a8d171e3c8215b87cbae50c
=== RUN   FuzzTrie/5c8f71effda3dcaf8d4a74892b4f291345b1242b
=== RUN   FuzzTrie/5cb3d07e1ca29292131c4bf244c06c75ae75e9c7
=== RUN   FuzzTrie/5d4989b0b2afb57468d09b4da8e3ae6b42989301
=== RUN   FuzzTrie/5d6e124d7ee225d7601fe962ba284a62bbd47f01
=== RUN   FuzzTrie/5e1c98dd2cc60185b87978e42096935037b65eb9
=== RUN   FuzzTrie/5f0407098fd9f1e15603ae05d894ebd1d674271e
=== RUN   FuzzTrie/600ac0b071655bca97d0a81f5d66356d490e6ba2
=== RUN   FuzzTrie/601b590b76f1990e0ffbbb2d0f4e2d6253079b57
=== RUN   FuzzTrie/6243d31d22c4afbdb1c0b888a79e8c7e91313f02
=== RUN   FuzzTrie/62a98f15667f9aa4ddc7ace50db85484fb34d7d5
=== RUN   FuzzTrie/62d1e578054bd1dccda5c44048cb685028b13a38
=== RUN   FuzzTrie/6349e8d0b351f72eab0adddb568c8653dc87b14f
=== RUN   FuzzTrie/64940034b36be6f3bd176013bcb13a51cc542ec6
=== RUN   FuzzTrie/64f562b7be8264b547939f4e221d5809d8bc4899
=== RUN   FuzzTrie/65308907f31fbc17f3b4cfd5722bf531c4a54e5a
=== RUN   FuzzTrie/66775c2d637d4bca4fc0b90aeb8dadd012ad01d0
=== RUN   FuzzTrie/682ddbb090d0c13bf1eb5cc46e95bf05d596db5e
=== RUN   FuzzTrie/6997f4f828f14cc7c1ade8402d6fa7d5ccef9e40
=== RUN   FuzzTrie/6a04196d8046063fb3a7f6e3337cf60706cc9508
=== RUN   FuzzTrie/6a20d980f46a0ec8fd79d1e19aa0a45a84535adf
=== RUN   FuzzTrie/6a2a1155bf9a3f0db9f6877ca44c546131ade313
=== RUN   FuzzTrie/6a759e6dd4c05644f1d7bec773bdd3f6578ca079
=== RUN   FuzzTrie/6a7d4612f64c69135bf0c05253fc47ecc248e327
=== RUN   FuzzTrie/6af03161014715a85dc19b5061e6dcbdd4648dea
=== RUN   FuzzTrie/6b0e63211d0402214c06952b95b1f9345f4d783d
=== RUN   FuzzTrie/6b4c5c8d472efdf8c60239160dd609c3901a553e
=== RUN   FuzzTrie/6b7e4868bfe192854b5d70da68b983a75d8f8987
=== RUN   FuzzTrie/6c22fc0909a349939b0ed2f66c343122f6ce0e5d
=== RUN   FuzzTrie/6cafa85ab4a58d1e2aaac795557f3ccea3059d4c
=== RUN   FuzzTrie/6d03e473d79eb9da96b9fb59b4a035c5718b6278
=== RUN   FuzzTrie/6dc1b2bc993a864486a76783f4e9011437e8a971
=== RUN   FuzzTrie/6ea98deb19fd5b191497692c0ad4b72272e44b8c
=== RUN   FuzzTrie/6ecf678c0a1f39f90b78313dbc73e8895d51d37b
=== RUN   FuzzTrie/6f07e28498bfcde2c4ce5fbb20a77572228b30f5
=== RUN   FuzzTrie/6f6a5ead5a31e17956f92221c2c354410f695b11
=== RUN   FuzzTrie/7007f0c2ada9c990544842eb91b6474f6df0b8d9
=== RUN   FuzzTrie/703567b35629dfe62278d4748f227be125c6c88a
=== RUN   FuzzTrie/7163be07d4ddafbe8714c5030a347c28a4d1b135
=== RUN   FuzzTrie/71fc7a040114634dcaeb84e40d2ad5f8ef29c393
=== RUN   FuzzTrie/72982fbd420299490c22fa5f89bf4301d44b352c
=== RUN   FuzzTrie/7312d1652f15273fbdaa488ee61d441709543f9c
=== RUN   FuzzTrie/7329ae45b2ad5c470d5e187f63eb7178096eaa7e
=== RUN   FuzzTrie/73440c10a9e27de2334aa266ab093d5068555f5b
=== RUN   FuzzTrie/74be1e30c6ea8120a24bda797de25b73726c380e
=== RUN   FuzzTrie/764ace6ffd564d7d9a58c73dd55cc773483c6ea0
=== RUN   FuzzTrie/76e6ae3da4acbc302d8ae711a36de53675182c32
=== RUN   FuzzTrie/775e07305d0911c59c9b53af5c607a91d6f04a6e
=== RUN   FuzzTrie/77792befc71f8726418c83fbe10985599d376a93
=== RUN   FuzzTrie/78596694ffe57df026af9fa6e0909409b58b0bad
=== RUN   FuzzTrie/787cb0f316d956b1d5941c4be3f62297b3b21d45
=== RUN   FuzzTrie/787f8e74d88ace8c64924f7a4c838b9518c2a170
=== RUN   FuzzTrie/79fd72c2fc378cc8e5f3ae8708130eda76415ad3
=== RUN   FuzzTrie/7a0cc5134d8191308994b5d2e6ff666f608a83d4
=== RUN   FuzzTrie/7cd80d1a41874b5b9cb8cdb1decee16efa0ad7a9
=== RUN   FuzzTrie/7cf31f2afa86d7e18915de40456cffae981c6ad5
=== RUN   FuzzTrie/7d300c6e32c82c8e19722eaa1e2577319891d1c6
=== RUN   FuzzTrie/7e220121fbebb69e7cc2aac76eea9c630e5a0588
=== RUN   FuzzTrie/7e46e85f670f808c490f63bfdd724964def41378
=== RUN   FuzzTrie/7e8f4e8a4fcb3a9deafcac0b65791e8cb8c04c83
=== RUN   FuzzTrie/7ea5c819fcf3596635cf85d670b4c4cfc4cfe06c
=== RUN   FuzzTrie/7ee50074c61e65c218a74041018487e534d75fa3
=== RUN   FuzzTrie/7fedf72497922e33a6c17b51027aa970263c8115
=== RUN   FuzzTrie/7ff3a497458792a42f2f25bf87a8335536fb1d52
=== RUN   FuzzTrie/8026bb369f6d6359b2321a703e723b35b82ed06f
=== RUN   FuzzTrie/808d99d1eb4610145f8cb82737119dde13bc8e4f
=== RUN   FuzzTrie/80ba74671ee87297437d98d47b3dff6614deb395
=== RUN   FuzzTrie/81385254d07b3a3dc18a3775e218cd30c1b46b82
=== RUN   FuzzTrie/815e26c5e83a4393f40d2e348da6382c1646953b
=== RUN   FuzzTrie/82827025d0356f21d1333bb991406d23b5a9bb73
=== RUN   FuzzTrie/828f026ce14c5f122e8289e06e3d09f45580a5a2
=== RUN   FuzzTrie/855f70ce9e0753ca36d7d0591147e9979af0cf71
=== RUN   FuzzTrie/85a5f6e8d00b2f70fdda947d6bb26d35a25b9532
=== RUN   FuzzTrie/85bbed7902f0dd4268edfea120a3998d2e2d26c8
=== RUN   FuzzTrie/8608489fc74c7a1da163651c4f116d151f84b14c
=== RUN   FuzzTrie/86661fa5628f3d9a1340a2e10ff3d537bfa59cf5
=== RUN   FuzzTrie/86b6d33336d34330bad41188f99c412828e12127
=== RUN   FuzzTrie/86ed80b2aca21da1c71894374f531ae78781e3b5
=== RUN   FuzzTrie/8702bccd3d1cf91f12c2df9fe1f9c4da0a1a6d77
=== RUN   FuzzTrie/88333413c84e804590802f088fe191b74a6a6f6a
=== RUN   FuzzTrie/88cf546d7391ae8d97b57028962b9df0cbeb6e7f
=== RUN   FuzzTrie/88eef187b5fe8151b2bb3ef1fa878d3680f048a3
=== RUN   FuzzTrie/89b9cf130ac0c7fff14c69bf8a7368aa3d4db50c
=== RUN   FuzzTrie/8a44bf8ab65de99f491c7bfbea0e6ea2fd79e7e8
=== RUN   FuzzTrie/8b1058aa44fa139442653b9418e3c69d210a0f4f
=== RUN   FuzzTrie/8b162ebaad79b1e00d906a9d0a621a424c701f05
=== RUN   FuzzTrie/8b1df2929ac00a5de21142bdd4732b1974edd2c5
=== RUN   FuzzTrie/8b8ae8de85edc6b57e4f48760a7f9251079db95d
=== RUN   FuzzTrie/8bfea5ce4176ac050a27fb7bc84e29490374ddb1
=== RUN   FuzzTrie/8c72d9511ee1699d7b5041d841593da0b375f498
=== RUN   FuzzTrie/8d191465545a2d7e6ba2c1da56d28280116d24e9
=== RUN   FuzzTrie/8dd2246d6415aadfaff5b734aeb85d15fea8b41f
=== RUN   FuzzTrie/8df409604a54593d47acdb79ed9edd3028922c9a
=== RUN   FuzzTrie/8e01e98891e52206c1949a650373a8b9053bc90b
=== RUN   FuzzTrie/8e407381a5ace6fb32ad919d76ab132609b89373
=== RUN   FuzzTrie/8e7ee2ad81af8f88e59a34d99802c95846368b5d
=== RUN   FuzzTrie/8f6b1ce2327eaa8c406e2281eb0a8e120317e270
=== RUN   FuzzTrie/90cf2bbc8d44cbed166443e009758ddd8f9163f2
=== RUN   FuzzTrie/90f5abee79661d67fa6b495d4496356fc6861eb6
=== RUN   FuzzTrie/90fbaae135092d9840e1938dde385882f68daf10
=== RUN   FuzzTrie/912ab06fb38782a8df24c5dec3ad26e318c4db2d
=== RUN   FuzzTrie/9145fff6935cea8f51dc224761c2a6d85535d0c4
=== RUN   FuzzTrie/91dd1deaee0da0c8ab5bd1b81baaaeb6f97d7b03
=== RUN   FuzzTrie/91ecd2c4e944a750ff7f2b2ef6d6854efcb3382f
=== RUN   FuzzTrie/925818e7ff08b2b902009df58e5a9a39c7992f03
=== RUN   FuzzTrie/9278b296e8af44e7aa607af57be3ef8a9f8ae952
=== RUN   FuzzTrie/92e1b18e91bbcb8801319f5d4e98f4f61cd1a74a
=== RUN   FuzzTrie/948514b621f018916b5442e9b75bdb1dac7f1ca8
=== RUN   FuzzTrie/9543c7a5589543c6a1d0bc8e8b84cb459afc7bfa
=== RUN   FuzzTrie/97d4282faaf9a1cf5ad79a8e8c641c7603ea3948
=== RUN   FuzzTrie/9a409624c35dd4668d55e645f84543a9abc055a2
=== RUN   FuzzTrie/9a54e3ccaf56d2cef4bad5aff616ca475952a4c8
=== RUN   FuzzTrie/9a8c0f039bbd08cc9b55e29072e51f2c1eba7af0
=== RUN   FuzzTrie/9b20c9777a060b898c44361934b44638bee3698c
=== RUN   FuzzTrie/9b4c3503864441b526483bd39a52dd0e9751632a
=== RUN   FuzzTrie/9c6e434c3486984864d3aeef78aeb0c2cd4a8c2b
=== RUN   FuzzTrie/9c81300c66f2c0424fa5c13306dc1317a2a020b7
=== RUN   FuzzTrie/9daee4bac647cb5367a6c5d17e56490fa924dcaf
=== RUN   FuzzTrie/9dc9cf66ca19cda7deb2495273c2f4b273012b0b
=== RUN   FuzzTrie/9e429028c1789a9bf050fbef5046ca050f3041c9
=== RUN   FuzzTrie/a03b07368c98b21bff3ab72c497f7e4dfdfb68e1
=== RUN   FuzzTrie/a0468b514cd6516728dc5d247677af3db664c74f
=== RUN   FuzzTrie/a1810447f2cb48c6ca24d441dace78b067f7a117
=== RUN   FuzzTrie/a1a14be0a1b503bf093abd71e8be755cb63f36ab
=== RUN   FuzzTrie/a1bad3aae909e341b61dafa92e835b358833de7a
=== RUN   FuzzTrie/a1cb61096013e71b0e3fce07e489f135564ebc01
=== RUN   FuzzTrie/a22396b6b245a2c7e109f5362591d8925e8c725c
=== RUN   FuzzTrie/a2510d76d0c2d0f9edddb7a4a79251be8100845c
=== RUN   FuzzTrie/a27d3cc7242c850460dfdc0dd548f2bf197aaa0e
=== RUN   FuzzTrie/a363b19dec828f5cfcd38624fc46e6041726cb15
=== RUN   FuzzTrie/a3b3c104cd5b87adbca474ba14113146a481ec19
=== RUN   FuzzTrie/a3e712483bada46170a89a1b4b366cf719ddf6b5
=== RUN   FuzzTrie/a4a36c8d17ff180af3adf73f4b0bb23fc32b9889
=== RUN   FuzzTrie/a687d4fc078639a35682ec9ff52c33db1c6c40be
=== RUN   FuzzTrie/a6d5583dd514cd753810071d31beb89112387add
=== RUN   FuzzTrie/a807187d9ad3d20e7a7fb9654a04c65026075e8a
=== RUN   FuzzTrie/a83bce59599eab402170a39468589445d3cce904
=== RUN   FuzzTrie/a8b7f981aa6dfda5a663e02e102e4484bae39481
=== RUN   FuzzTrie/a9cc214e9833500f629efb0369b25f1f47f54b0a
=== RUN   FuzzTrie/a9e270603827d7750c7a24e45c8781aa8bc9c87a
=== RUN   FuzzTrie/aa238a4fddca05bf6dec25aa1df33fd71a3431fc
=== RUN   FuzzTrie/aab5f47755a11e130b586fdceea5841c710c3380
=== RUN   FuzzTrie/ac8516b8738e0944a4bc83a6738be6be3a6a52ba
=== RUN   FuzzTrie/aca07ea11b83c9cedda1ca36a393a65b0bc5e7d7
=== RUN   FuzzTrie/adab7b5cb413e63158f3cacc9562518f653c16d8
=== RUN   FuzzTrie/adc83b19e793491b1c6ea0fd8b46cd9f32e592fc
=== RUN   FuzzTrie/ae06ec7c3d84ad74d64e61fe583b6ce960bd0ed8
=== RUN   FuzzTrie/aefb2ca63b28dbd7409109c44e10166de73364a0
=== RUN   FuzzTrie/af1dba49003182fc81dfd4dcc691413656811c32
=== RUN   FuzzTrie/afa3f99627eeefe69a889c5867e34170058458bf
=== RUN   FuzzTrie/afbf164d70621f7e81fb435839d75d99c9ff0058
=== RUN   FuzzTrie/b04516e53e4ecdddbbb83cdba5b7ba960cabcf32
=== RUN   FuzzTrie/b0958f1fc8e2e686e8f2f8fedf1bf19449babf30
=== RUN   FuzzTrie/b16d2739ac791fca31d89af754d957bee518ea10
=== RUN   FuzzTrie/b28da41b665cdce155fe66ad50d6ab2ebd396a8e
=== RUN   FuzzTrie/b2f58c9afc2e5417b22bb4e46ec22699d21b718a
=== RUN   FuzzTrie/b30e649f5d262a4550e706d82d0f5b7347ce8270
=== RUN   FuzzTrie/b34b1cfd19ca0d75399d21fb794c939c566a914a
=== RUN   FuzzTrie/b46dcf97c46e2302404a7601aa07e4319e251898
=== RUN   FuzzTrie/b509cb3e442cbb9c2d07cfabf7999a58e9f12649
=== RUN   FuzzTrie/b7a0c99ef57430effd527689d0b64477cf68d9ba
=== RUN   FuzzTrie/b7b4100122d661cbb815dd7ec68fae8210be41dd
=== RUN   FuzzTrie/b8754ceeed00bbe282b13d3f5abeb2ece8e6373a
=== RUN   FuzzTrie/b8e9deba7153b998033f3006784a5991315a0260
=== RUN   FuzzTrie/b8f1eda09e756c25bc6e0eda34a4f8c326cdb7be
=== RUN   FuzzTrie/b9a25e2014b82892c300c593f9ea0fc3896595b2
=== RUN   FuzzTrie/bb36b81290495313b48f53b6d6eaa249ed63c5f9
=== RUN   FuzzTrie/bc170b82299f6dcfdafa5279ea54a8620c67dcaf
=== RUN   FuzzTrie/bc2558374666ca09e4f9f79b524d8074f946ba0d
=== RUN   FuzzTrie/bdc7fd01344afda285f5b0516fb6431f1ba6905a
=== RUN   FuzzTrie/bdfe4d83f9b843f71637b0b9403e66d815e3af50
=== RUN   FuzzTrie/be6c20e1d47d69c805482b7ea430574df0ab09f1
=== RUN   FuzzTrie/bf1bc9b4dbfb9e1a3d5e9b15a9c2ca4390dfe9e3
=== RUN   FuzzTrie/c0307618229bc1cd20a596a06d0ed232e4177843
=== RUN   FuzzTrie/c0436a32027f486aedff48ff6c261b65e5cb9158
=== RUN   FuzzTrie/c06a3634600914b551e84869caaa514d23413c1c
=== RUN   FuzzTrie/c10b7df23fa3455b90a68fc834ad1e692f25ce62
=== RUN   FuzzTrie/c113fef44da6ad408b6a274ba8c46a4acc00c23d
=== RUN   FuzzTrie/c2225b0715cfebbb39f78e5a35034ba5556e1be7
=== RUN   FuzzTrie/c2ad1a696c519a848f3e21e9940121e6a4927455
=== RUN   FuzzTrie/c32922d9c8851e65d61babe8c54c225d9f13357a
=== RUN   FuzzTrie/c3555a747109770753d08678469851a4bbe6d2a0
=== RUN   FuzzTrie/c3c8c7d428ac849d2efd0ec2b53c7761cddffee4
=== RUN   FuzzTrie/c411632a91a35398e7d9663ec5d4f1251a4978d9
=== RUN   FuzzTrie/c43fa8ee05d07b1ce3efa8e2cbc745f012fc96a7
=== RUN   FuzzTrie/c5fb1f6569c34902cab8d3d374ee5cf4447e9631
=== RUN   FuzzTrie/c6040a2a48b916abe10efbdb1155ccf45388bafe
=== RUN   FuzzTrie/c6ba68a89fce328b0544d8492c3053414c3fa733
=== RUN   FuzzTrie/c756d1ecaa1af9631afdd8d5a5970526b890fda9
=== RUN   FuzzTrie/c870cf73ab3840252d3073b4d790029273951b03
=== RUN   FuzzTrie/c89facce66d3958aed5763da04910a07328620b1
=== RUN   FuzzTrie/c8e7b1affc40fb31727050fddb4425c43a781577
=== RUN   FuzzTrie/c92dd3a137e9d3bc62f759a110a6648cee046d20
=== RUN   FuzzTrie/c93ec356bb7e050b87c9f3b6dae9948e3559eaf4
=== RUN   FuzzTrie/caed27a4413d30c751b1ec0f97aa09f87a968e90
=== RUN   FuzzTrie/cb15e652f99095704989d77e89c03f1cf7e049c1
=== RUN   FuzzTrie/cb53520f1ba40359225961f7b2342e34885fa34c
=== RUN   FuzzTrie/cbd1581b8b08428a695fa2b29a890bc0c52b05a9
=== RUN   FuzzTrie/cbeac2101b809a690fbcc78e4f8de513535df87d
=== RUN   FuzzTrie/cc55f9d632ce8a21c9cecb39e8b0b4a2ca5e3998
=== RUN   FuzzTrie/cc64ccbd877271391e07c0547c76669970f2499d
=== RUN   FuzzTrie/cd1f34226cfebd68548ca924920a7d22497d0dd9
=== RUN   FuzzTrie/cd5ee792b994f0f7de9db6704b4693cde35fddab
=== RUN   FuzzTrie/cde5168383872c3f9bb66f02585a77eaeaeb3f59
=== RUN   FuzzTrie/cf257a97c1f8679f924fcc3f40f78e4cc60ab0f4
=== RUN   FuzzTrie/cfba3fafa5579ea0e8a0eea378733e2b1ec96cd7
=== RUN   FuzzTrie/d0c8f6b6dd81364207866b3c702a4f861a00051f
=== RUN   FuzzTrie/d2396d6c158c859f6ffe66d6fcc6f5e2038cc607
=== RUN   FuzzTrie/d2dee1b787ee86e8841944b0f81014e05507efa1
=== RUN   FuzzTrie/d34f1c303ffa6de9b974c499b009a0301fddfd26
=== RUN   FuzzTrie/d39d5d141fbe807c21c3476069a59032a2caef7f
=== RUN   FuzzTrie/d529914804e19fe5b48cbd123e2bfd80f8dfe0a4
=== RUN   FuzzTrie/d6eac743fdbc60f7bf9a34d0c91146520cfef36d
=== RUN   FuzzTrie/d6ecce881d38611732956f7b0a2f6c5d8b51cf99
=== RUN   FuzzTrie/d7304a759e4b68ceab2bff2fa6cb35c18e3b75a5
=== RUN   FuzzTrie/d7fc26abb74ab410948e3b5d341e86654a929a1e
=== RUN   FuzzTrie/d8778800bb2719ee046c91349ac61e8a26b846f5
=== RUN   FuzzTrie/d88cdf0d4b0db6892d66e351bc8a8860f0c106bf
=== RUN   FuzzTrie/d8b08d06f8535a250dcc9a51390179698bc09e45
=== RUN   FuzzTrie/d8ec6fec2b29d72111128c9d6deb02bb72041565
=== RUN   FuzzTrie/d925ca1e81644a40ed47bbe0125000bc9e20b246
=== RUN   FuzzTrie/d95bbdefd4cbaaa7bb5dc6a98f2c3dbf8866a861
=== RUN   FuzzTrie/d9a44a33cfba9087f37a7f9c83a6b66cd639fa42
=== RUN   FuzzTrie/db3b1eb97245bb0cbe63672bdb715f8af18c48a5
=== RUN   FuzzTrie/dbfc2eb2a72c2c4fb0bc01cb944a5275a8ac95f0
=== RUN   FuzzTrie/dc09344e1374a4f289463b3ee5854b099d58e0c3
=== RUN   FuzzTrie/dcf5bf6c63ba8e32483f75660b3a6a0f5d764483
=== RUN   FuzzTrie/dd2c2d559613b58101d37a711ad90eadd012f026
=== RUN   FuzzTrie/dd533895bf77c21031f0292884ac68458dc24493
=== RUN   FuzzTrie/de22591b81ce8646b8f280df6f1f5bfca840f524
=== RUN   FuzzTrie/deeaf466887ba5b1de6788e354203160a181e3de
=== RUN   FuzzTrie/df38345057d0f0d0733f82d53109caabc7f1c5e7
=== RUN   FuzzTrie/e05ed1a863f57bee7546097888ea4029a2714644
=== RUN   FuzzTrie/e060c656670e9650a1e066707a514ac96b6673f7
=== RUN   FuzzTrie/e280b1a3c27b79de79c9ead0216dd84a2893e92f
=== RUN   FuzzTrie/e2a179ae6cc85bb15cee99934728bcc98a3b17b6
=== RUN   FuzzTrie/e2bf3c20a8c05f952edf9ffc4c061d3d9897d7b2
=== RUN   FuzzTrie/e433206493e7c5d7ed9cd73b88fee65bd9b73fe6
=== RUN   FuzzTrie/e451dbda2be7f5ef88d70c04c3ef3d38746ca08d
=== RUN   FuzzTrie/e47bce3c4e9eee619f61fd8b62e665dec97db800
=== RUN   FuzzTrie/e4a11d7a7117015157e6b17b35dd5f8de158c14f
=== RUN   FuzzTrie/e4e15574d5386cc87782944161b922c4900457b1
=== RUN   FuzzTrie/e522cb7aebe7529d187300c655675c4ae32a71b4
=== RUN   FuzzTrie/e5d8893e6556ffdd198c8b2cf1e8668b046d8560
=== RUN   FuzzTrie/e5f9beaa35eb0e9d003931c772089d920b774365
=== RUN   FuzzTrie/e65a29e7ba88682d8f0d9804014677a7ddd88dcd
=== RUN   FuzzTrie/e6b457ae3ee49a142980d765042db00c386d7abb
=== RUN   FuzzTrie/e6beb200fd540d3ee51e0ff735f13ecdeaa0bdd5
=== RUN   FuzzTrie/e6f4b1f79d142dd47623d92e87b69b1414829695
=== RUN   FuzzTrie/e6fa432f4d486abb75aaa4b3817eb3e2a495ee69
=== RUN   FuzzTrie/e8538af2f4401d470fe69d012ea199950a0a9bc9
=== RUN   FuzzTrie/e8c5ae40c2bb2b9b8ea63820c6a1954b5d50493b
=== RUN   FuzzTrie/e8eaa9bd6ae90668600d27fa3f4ec28ccb6cbf63
=== RUN   FuzzTrie/eada2adf04ebb959f115ee2fd57ed97fee76ca14
=== RUN   FuzzTrie/eb1a928bc786c8a509a831c03a068060cdede847
=== RUN   FuzzTrie/eb9ceb2c2e301140fcbe425f086ad70ac6e4819d
=== RUN   FuzzTrie/ebf665dbb31843dd72250db24be0ceac7f46dd45
=== RUN   FuzzTrie/ed4fc6eb0669e469333b109f931c9abcb5c3b6d3
=== RUN   FuzzTrie/ed77356bf241fb796fb496355c5542fa255e2f36
=== RUN   FuzzTrie/eebb52d6e5e4dc2f3fcc93099419163850101614
=== RUN   FuzzTrie/eeffe19a8c1a3011c10cfeca797d273c962e4745
=== RUN   FuzzTrie/f00ee068a3985c0452263dcab838fadc95443b0b
=== RUN   FuzzTrie/f01e94b0b79afa44ea087b6707c3bcc1bcb8f298
=== RUN   FuzzTrie/f02771a73bf4c9da8fde410e581f00c3373c9a43
=== RUN   FuzzTrie/f072efed7c0f117572a5c269b5808ac53ef54372
=== RUN   FuzzTrie/f188b4773f82c0e501c5758512bfe8b36943533d
=== RUN   FuzzTrie/f19b954e88dcbb8137c7718d62ee7502d4894575
=== RUN   FuzzTrie/f1ab90d681128646fb07f8a76454f6b029b8d551
=== RUN   FuzzTrie/f367ed92034804016a463d47ebb48f5aa232bab6
=== RUN   FuzzTrie/f3d88b12240fe3bb07823fce659edb713c58848e
=== RUN   FuzzTrie/f44a8e262c8820a524c78453588576579f5ca650
=== RUN   FuzzTrie/f4811ecb42798e7bfed196157ad5ccdb1330e4ff
=== RUN   FuzzTrie/f55a63fde3dab8f0afd735ca5bb6d106fe19b7c4
=== RUN   FuzzTrie/f6e1dc64e7f60d929bb19c38f8ab7594a41ed80a
=== RUN   FuzzTrie/f7c43e80a116a41ef6a5608f946593ea43fa90a1
=== RUN   FuzzTrie/f9252cdeb0a3eb43687d94cfc7da4b72c7d1245a
=== RUN   FuzzTrie/f9dfb0d966345f0df749fd2b953003b60e92f816
=== RUN   FuzzTrie/f9eae61dc57bc6933ef9f1ef3010e852b885d91e
=== RUN   FuzzTrie/f9ed607568266ee249fdfae437aea78fe33cffdf
=== RUN   FuzzTrie/fabde2fa38ad836c1f0c32bc519ccb84f233f897
=== RUN   FuzzTrie/fae36ace176fe6ed6ce2d3fe9f2ffed118d787b1
=== RUN   FuzzTrie/fae3bfc49a36da2a870eee23a21f9229e026136e
=== RUN   FuzzTrie/fc914d06f18a4c1d531b8d03213a7d44419144c9
=== RUN   FuzzTrie/fc98cf17052c2b76c8b8a3b24942bffafdb1f688
=== RUN   FuzzTrie/fd5d3bbd764c0e3c85375db59a68d04e4eb1428d
=== RUN   FuzzTrie/fdc3e1264a54ff3e8087415ebdf9da72c02c1dea
=== RUN   FuzzTrie/fe1b5d500d4f766eb0fd455fc7335634e930214f
=== RUN   FuzzTrie/fe5e4c6386eb2f9a8998c0367a805b239ee5be85
=== RUN   FuzzTrie/fe874afe43e330455bf1dfd18c46bb5d9e7521a6
=== RUN   FuzzTrie/fea0c4aa3e07528dfb97d03f5a0dc16f18bf26a3
=== RUN   FuzzTrie/ffd2c51fa8a01ae9656efc0ac2aab726a4f38514
--- PASS: FuzzTrie (0.41s)
    --- PASS: FuzzTrie/00803fc4cc784a9068c42cf554b4d2a40f198c78 (0.00s)
    --- PASS: FuzzTrie/00986ddb935776d8f170a61df3ca871457f64b59 (0.00s)
    --- PASS: FuzzTrie/00bfc0a3a5795cd678b7e4eb66f0b05fbef47f20 (0.00s)
    --- PASS: FuzzTrie/00e169261c1a9eaa6883954cb2b005d45da5c780 (0.00s)
    --- PASS: FuzzTrie/00ef15665e66fbdfd45cdc31da7a029e813e124f (0.00s)
    --- PASS: FuzzTrie/0101269af37a3dd13819c1bc2643ef8784c399be (0.00s)
    --- PASS: FuzzTrie/01059a5b7afd840e1d7d9f50e7e1c8bc64a65742 (0.00s)
    --- PASS: FuzzTrie/01265e669f10b2d7bdc001444207df0493a6b50a (0.00s)
    --- PASS: FuzzTrie/0187eca04b1ff9d1f97a17e6559adae0e64b7f83 (0.00s)
    --- PASS: FuzzTrie/02726cf130d2dd1f5307207886aa957094564014 (0.00s)
    --- PASS: FuzzTrie/036e23467d1281fda46224912d753616b81ba15d (0.00s)
    --- PASS: FuzzTrie/04545e616e741be54ab665c18a0bcaa8becde11e (0.00s)
    --- PASS: FuzzTrie/045acaaba3272b4af5379584ef91a97b90f2e7aa (0.00s)
    --- PASS: FuzzTrie/04accd22a8c38adce114636349b24db6b781ab13 (0.00s)
    --- PASS: FuzzTrie/051db03223fa99d5b54b8482674fa2b1dbd983b4 (0.00s)
    --- PASS: FuzzTrie/053d68f11ba383beb450adbe888b0ecc7b18d71b (0.00s)
    --- PASS: FuzzTrie/05cf64a942404cf53fd3d20bc91a34696b9efefd (0.00s)
    --- PASS: FuzzTrie/060e03f24b0e4d60d92c7f1d1d1416fab019827e (0.00s)
    --- PASS: FuzzTrie/06a0ba549484018d6f5b4c00853df3f9eb02ad95 (0.00s)
    --- PASS: FuzzTrie/06eba6571f88cbe03f742a01dc908bbbdc40ca3e (0.00s)
    --- PASS: FuzzTrie/07a9fe6321554c85766b1bf955d66051a8a3edae (0.00s)
    --- PASS: FuzzTrie/07cff40aa91e3848d898cbe295c433fcda4cfd06 (0.00s)
    --- PASS: FuzzTrie/08977f39589dd3cfba4f96b5ea99af69cd265027 (0.00s)
    --- PASS: FuzzTrie/09006c068ec1fc39fb9be3e162a4e1e6ce93f182 (0.00s)
    --- PASS: FuzzTrie/09828806ac7a45fc5c6c4db4d05a8db8701061d6 (0.00s)
    --- PASS: FuzzTrie/09a50573c5d8c51b619160e51d21f520b6b18f1b (0.00s)
    --- PASS: FuzzTrie/09ad3ca064f30fead890d6cba0dac232cd3f40e3 (0.00s)
    --- PASS: FuzzTrie/0a8d0e8ab2053e8727ba5b75af55e931e69ef8c0 (0.00s)
    --- PASS: FuzzTrie/0b966b98c71501a98f14489e81377b34614a77bb (0.00s)
    --- PASS: FuzzTrie/0c7d27da0a69a667821f553b61e120d8a7a57c2d (0.00s)
    --- PASS: FuzzTrie/0d326dab6b38c25937bf7ae08d2f066815b29556 (0.00s)
    --- PASS: FuzzTrie/0e02a743ceb66466a021c901b2c7266ee9eceec0 (0.00s)
    --- PASS: FuzzTrie/0e09affa677f78c6cbd5b0ab1ce02d1c7f38d707 (0.00s)
    --- PASS: FuzzTrie/0f37712ede526e187147858534fec664f001665e (0.00s)
    --- PASS: FuzzTrie/104fc6c809919e12f519c0f043c3e9bcb78785d1 (0.00s)
    --- PASS: FuzzTrie/10af23d734185c67b2a2dcb58ec9ec7db9acabb7 (0.00s)
    --- PASS: FuzzTrie/10b5067b372825dab525ebe50ec88ef142dd3647 (0.00s)
    --- PASS: FuzzTrie/1289438b26cbce6473f73770de18c3348005a17e (0.00s)
    --- PASS: FuzzTrie/12accb6d5f1ac1cc8cbe7f2e9703edd42f9809ae (0.00s)
    --- PASS: FuzzTrie/13e55b90f6be6e1ffdb508a1453a8313cbaccb64 (0.00s)
    --- PASS: FuzzTrie/160673f83890787a5b450d3a7ba6f0234ba37290 (0.00s)
    --- PASS: FuzzTrie/16225893ef6c661b2b9b9472c03b1bd1a0e105d2 (0.00s)
    --- PASS: FuzzTrie/19389acb54ff957f8bcdecaecdea1654b773befc (0.00s)
    --- PASS: FuzzTrie/198794fbc73dabe8d76c9c5ad98cad588e8d2ef6 (0.00s)
    --- PASS: FuzzTrie/19bd733526a97420532d8c833a43471bc5c8bdb7 (0.00s)
    --- PASS: FuzzTrie/19c97462fb735b09e39d2803a159c97410c00a5f (0.02s)
    --- PASS: FuzzTrie/1a19be46df59e308ff174555469e2bcb86bfd910 (0.01s)
    --- PASS: FuzzTrie/1ad7bf47ae899aaf258d63c8cade1e3be75839cb (0.00s)
    --- PASS: FuzzTrie/1bc9405c50124821ba5e46260d798dbcd1f3da7b (0.00s)
    --- PASS: FuzzTrie/1be160f498647e7d01a5279381131e93e2b7b909 (0.01s)
    --- PASS: FuzzTrie/1d3cce13e2084a01dccc80cb68388d2de1d16ef7 (0.00s)
    --- PASS: FuzzTrie/1d68e68081f86b5f016619e69de0dc72d7457c5c (0.00s)
    --- PASS: FuzzTrie/1d755a0300435a55e28960536998e171a8b70100 (0.00s)
    --- PASS: FuzzTrie/1d9dddfad053ec422225cab1231b68890c033d5c (0.00s)
    --- PASS: FuzzTrie/1dbab352244e56b396c313bdd9952fa326bcb3a6 (0.00s)
    --- PASS: FuzzTrie/1fb096ece3bf59d83157a17ed1211ab2817552ab (0.00s)
    --- PASS: FuzzTrie/207fb62ed72465547400e48fbf2ec8e0de75d4d9 (0.00s)
    --- PASS: FuzzTrie/20b9faf8e50ef62400444c46838c9f1f832b92d9 (0.00s)
    --- PASS: FuzzTrie/226bc5e42072693717682b6b3756f17cde63da0f (0.00s)
    --- PASS: FuzzTrie/228e2fbc5d11dfd3851f85173367475ad727afe2 (0.00s)
    --- PASS: FuzzTrie/22d869ec7a37fe0532598368e5dbe4544f65bede (0.00s)
    --- PASS: FuzzTrie/23013e0b24a2a31eb17b814e778f6b54167bc4f3 (0.00s)
    --- PASS: FuzzTrie/2303a70d076fcaf173bdbb4469f070fd2fe94eb6 (0.00s)
    --- PASS: FuzzTrie/23d6287e6c19190dbc3bf692585ccb1925ee7ed6 (0.00s)
    --- PASS: FuzzTrie/23f5b279451f1a8c5e537b998a82103f4021cfa3 (0.00s)
    --- PASS: FuzzTrie/25a673bf42e9fe83e9a9c45cd03e82cce5c908aa (0.00s)
    --- PASS: FuzzTrie/25d9531c49166f00c4d7bccbf3f1b9bd2d258e3a (0.00s)
    --- PASS: FuzzTrie/2603353035002fe7396cefbf81e8300937ddf3c7 (0.00s)
    --- PASS: FuzzTrie/2625f47774376f962c1aea5cacb7f12959dc3752 (0.00s)
    --- PASS: FuzzTrie/269cbe49dfb6ec31581e811d82ffb1f3d21c52c6 (0.00s)
    --- PASS: FuzzTrie/26c763c90cd3f161c655bb0450a0623dc4030dea (0.00s)
    --- PASS: FuzzTrie/27b376c24243aa24bd4944381593a578a64e8ec9 (0.00s)
    --- PASS: FuzzTrie/27f1f04f8f47f1c0c6e20e85c89f74253715f02c (0.00s)
    --- PASS: FuzzTrie/28005ce6ffd4c03345c0fd6401f7e8d14288e6cb (0.00s)
    --- PASS: FuzzTrie/28f0a64f7b6f75fb03703835685e210bbaec9bd4 (0.00s)
    --- PASS: FuzzTrie/291723a6739955cecbe9b8ee661363fdf27c2ae6 (0.00s)
    --- PASS: FuzzTrie/2953b0100281f070e14db9eec925566c1c0b1a2a (0.00s)
    --- PASS: FuzzTrie/2a59d0be5feb554915ccd69dfffa04f9198d517b (0.00s)
    --- PASS: FuzzTrie/2b8d2c225bacffda0fe941435b4464f4c46ca5ad (0.00s)
    --- PASS: FuzzTrie/2ba0c07fb5ee695f1aaf8ac78a73238f184cb395 (0.00s)
    --- PASS: FuzzTrie/2bacdd789468807163fd9094331f55ebae10e079 (0.00s)
    --- PASS: FuzzTrie/2c6cc5af63551aa6dcc289e15ba80ab5ee6eda48 (0.01s)
    --- PASS: FuzzTrie/2cada7dbbdb41991f639749dcbb8b2807b02d176 (0.00s)
    --- PASS: FuzzTrie/2e11cc5c6ec572d493cf7a4499110d1a01c602a4 (0.00s)
    --- PASS: FuzzTrie/2e8251372a29182a0a1e41f11f084aac413a95bd (0.00s)
    --- PASS: FuzzTrie/2f9a5929d0b54a25037094855db81bfeaa4dfb8a (0.00s)
    --- PASS: FuzzTrie/2fcc2b6ab10615ce9cb9eb019c6e19aeff0b5b8d (0.00s)
    --- PASS: FuzzTrie/3078f1bdfd2e619eae01a24a56ff8fc39951ac75 (0.00s)
    --- PASS: FuzzTrie/34dc02f33dcac174e95baa6fba06e6aa04edcd00 (0.00s)
    --- PASS: FuzzTrie/34ef096603b27e7552511046e87962a167f95178 (0.00s)
    --- PASS: FuzzTrie/350eba6cb293421719133f9472a5bb700fafafd9 (0.00s)
    --- PASS: FuzzTrie/354c82bc6366de98aa7d725ba0b3ef02881e62d4 (0.00s)
    --- PASS: FuzzTrie/361f22ab9ace89e4503248e32be612758d3fc967 (0.00s)
    --- PASS: FuzzTrie/36467b30296f7e97c064bed49f26ac9913ad0330 (0.01s)
    --- PASS: FuzzTrie/36a3bac8419a42060abfc830b4af51f39fb477e4 (0.00s)
    --- PASS: FuzzTrie/3700d846ad27d3fb6853272a842cecf49ed4b2ed (0.00s)
    --- PASS: FuzzTrie/376d033cf2d05f97fcdce15c9fda6606a428e78d (0.00s)
    --- PASS: FuzzTrie/3777e33b50a5b69643b99de70228e341f9c8502f (0.00s)
    --- PASS: FuzzTrie/383337ec1f31bf3a64ec6c376e80898291e84cbc (0.00s)
    --- PASS: FuzzTrie/388072c406ff1cea91dfbe32f7253d6843fc6751 (0.00s)
    --- PASS: FuzzTrie/38c50abb3dd109a53dce3fbb533b63d5923f96fd (0.00s)
    --- PASS: FuzzTrie/390d203bfd9db2bef7c0cb96a4396b5dcae76c71 (0.00s)
    --- PASS: FuzzTrie/392b72a2abc6424ce144df1532c4fcbd18f4acc1 (0.00s)
    --- PASS: FuzzTrie/3942c17d8e5fad034365b87d1e9f88e5f61a80aa (0.00s)
    --- PASS: FuzzTrie/3946663e330e15ce14acb55a62100ea16d571f07 (0.00s)
    --- PASS: FuzzTrie/3968333f0e9b53731f541d0bf6c8f9563bfd78ee (0.00s)
    --- PASS: FuzzTrie/39cb152e467c4a955e0e9e9ade7507ee34255254 (0.00s)
    --- PASS: FuzzTrie/3a78d6ad2d0cc7a6bf50fd9d9424da88c64c3e87 (0.00s)
    --- PASS: FuzzTrie/3abcc7bda4d726d15473c071b6a2b29f5b57b7f4 (0.00s)
    --- PASS: FuzzTrie/3b850f99a7f10809471910e8104991068c51564a (0.00s)
    --- PASS: FuzzTrie/3bb33d6d996cb4c51fbcbe6f4a8e2e8988774a2f (0.00s)
    --- PASS: FuzzTrie/3c6569c34279114fb8e4002b2b8d815c19d45750 (0.00s)
    --- PASS: FuzzTrie/3d07d7cf1fd34a8ac18859029e9a38213e13035b (0.00s)
    --- PASS: FuzzTrie/3e756c6d070d43cb6307a709ee7c3ec8b699ba1f (0.00s)
    --- PASS: FuzzTrie/3eba725f9b228640ca45609c63f5cb53aed7e1a4 (0.00s)
    --- PASS: FuzzTrie/3f0406023961627177d7b4ab77f0597a79be1bde (0.01s)
    --- PASS: FuzzTrie/3f25fdb36394ba0b12df4bc13bc53081fc2271f4 (0.00s)
    --- PASS: FuzzTrie/3f34020c168120a88d01ab07b3d3a9870d82f3bd (0.00s)
    --- PASS: FuzzTrie/4018b844e05bb2eba7fa499014ebb6dcf1ff7667 (0.00s)
    --- PASS: FuzzTrie/40326af09aef24e172dd5ada5197f6e5dd78d432 (0.00s)
    --- PASS: FuzzTrie/428c0a49afc11b5a18806ca39dd8c776967dee53 (0.02s)
    --- PASS: FuzzTrie/42d43153b1ad6ef852a98567ba948e545ad3e055 (0.00s)
    --- PASS: FuzzTrie/44e7d80daaabaa10740b3d43908fcde073f55f06 (0.00s)
    --- PASS: FuzzTrie/44fb264fb49d738e76838f18cabd0a341e39af5c (0.00s)
    --- PASS: FuzzTrie/45a1d7cdc4dded195d4687ccab85b4c456283180 (0.00s)
    --- PASS: FuzzTrie/45bb8e918e997afaedf8fee2a83c706c6ca9ee2f (0.00s)
    --- PASS: FuzzTrie/464a834e187fe744dc0522f682be0e2efd28dd6e (0.00s)
    --- PASS: FuzzTrie/488dfa0eda95ada56245fea14cbaf739c7314137 (0.00s)
    --- PASS: FuzzTrie/4a0160594f6fa3f5254c130d850ea0ebac798015 (0.00s)
    --- PASS: FuzzTrie/4ab4f1950a55e3047d76c002d3de0cfbcffc9a0a (0.00s)
    --- PASS: FuzzTrie/4ad1e93a1b27a204c36bc223413fdae23ac4b942 (0.00s)
    --- PASS: FuzzTrie/4ad9c0c753db4dd8f1789377c2816e16c6f97fcc (0.00s)
    --- PASS: FuzzTrie/4ae046f87f2970b83dd59a7f4908f6431967fe60 (0.00s)
    --- PASS: FuzzTrie/4aed9aaaa282396c14f961994c5c7cdff1aee841 (0.00s)
    --- PASS: FuzzTrie/4afdc2eda2c244a15f4fdbfb55fa0d909cd3b55e (0.00s)
    --- PASS: FuzzTrie/4b18b926ea17c4b9feacd80753999526eb136853 (0.00s)
    --- PASS: FuzzTrie/4b2ea8761927b1b973832dff931db45b63b83dbd (0.00s)
    --- PASS: FuzzTrie/4c562de259528ede73f1218f5cfa43c41b656e9b (0.00s)
    --- PASS: FuzzTrie/4cae0aedac75a509b193e8056ace14dc1789fae8 (0.00s)
    --- PASS: FuzzTrie/4ce739c38c090071824183aed8b24b451b96813c (0.00s)
    --- PASS: FuzzTrie/4d0e7537f2adddfe243aa848f16ea4b831121798 (0.00s)
    --- PASS: FuzzTrie/4ee1c683a6b37db73dbfeea1a4bf864c646fe5d2 (0.00s)
    --- PASS: FuzzTrie/4f0cff5e24e1c702218114f37efec88512abbf11 (0.00s)
    --- PASS: FuzzTrie/4f53fb6b8077d4331a5f0148448ac8a6db74af23 (0.00s)
    --- PASS: FuzzTrie/4f73cf9de6a8263d92e77c8f99f99dda05c11ad5 (0.01s)
    --- PASS: FuzzTrie/51153491221e41e7042ccb61242a8497b1c10fdb (0.00s)
    --- PASS: FuzzTrie/51d6314cfa2af4e13e72c4674b4ae9425d7b2cb2 (0.00s)
    --- PASS: FuzzTrie/52191a6f09cd2411824de8603aafd595ae471c4c (0.00s)
    --- PASS: FuzzTrie/53dfbe8c6197c3cd438858d5db11548a403d1ac5 (0.00s)
    --- PASS: FuzzTrie/5405f043177ecf30cba2d41d92c971b61ac5eb96 (0.00s)
    --- PASS: FuzzTrie/540d40a5639acdc0ea85767310fd6b9f499a84c3 (0.00s)
    --- PASS: FuzzTrie/5486827c5f7cf022a65d158e25181ba6281ed451 (0.00s)
    --- PASS: FuzzTrie/5587135716ac44f4e3119812558901313b7c45ac (0.00s)
    --- PASS: FuzzTrie/559894dc0b39a8ea2d7c880c1c2f00a279d472f8 (0.00s)
    --- PASS: FuzzTrie/55e0fec9ad8d3a4cea8d3d3cb3e6deb1af70a6f4 (0.00s)
    --- PASS: FuzzTrie/566cc9bcf3cfae77fd66ced87690120f6383936f (0.00s)
    --- PASS: FuzzTrie/57667f3a3f65270143b5bdf5451ee2ca040d643e (0.00s)
    --- PASS: FuzzTrie/57688c517c511520a52fcf8072c61b22243edf46 (0.00s)
    --- PASS: FuzzTrie/57adc3ef76776ab8379afd15129fd9d85836d583 (0.00s)
    --- PASS: FuzzTrie/59e5cadf19dd1865a4769784c46320a998c2e4e5 (0.00s)
    --- PASS: FuzzTrie/5a36b28d8513fa4af56ec8c4c9dc25642a912f74 (0.00s)
    --- PASS: FuzzTrie/5ac1c67322be6ae76a8d171e3c8215b87cbae50c (0.00s)
    --- PASS: FuzzTrie/5c8f71effda3dcaf8d4a74892b4f291345b1242b (0.00s)
    --- PASS: FuzzTrie/5cb3d07e1ca29292131c4bf244c06c75ae75e9c7 (0.00s)
    --- PASS: FuzzTrie/5d4989b0b2afb57468d09b4da8e3ae6b42989301 (0.00s)
    --- PASS: FuzzTrie/5d6e124d7ee225d7601fe962ba284a62bbd47f01 (0.00s)
    --- PASS: FuzzTrie/5e1c98dd2cc60185b87978e42096935037b65eb9 (0.00s)
    --- PASS: FuzzTrie/5f0407098fd9f1e15603ae05d894ebd1d674271e (0.00s)
    --- PASS: FuzzTrie/600ac0b071655bca97d0a81f5d66356d490e6ba2 (0.00s)
    --- PASS: FuzzTrie/601b590b76f1990e0ffbbb2d0f4e2d6253079b57 (0.00s)
    --- PASS: FuzzTrie/6243d31d22c4afbdb1c0b888a79e8c7e91313f02 (0.00s)
    --- PASS: FuzzTrie/62a98f15667f9aa4ddc7ace50db85484fb34d7d5 (0.00s)
    --- PASS: FuzzTrie/62d1e578054bd1dccda5c44048cb685028b13a38 (0.00s)
    --- PASS: FuzzTrie/6349e8d0b351f72eab0adddb568c8653dc87b14f (0.00s)
    --- PASS: FuzzTrie/64940034b36be6f3bd176013bcb13a51cc542ec6 (0.00s)
    --- PASS: FuzzTrie/64f562b7be8264b547939f4e221d5809d8bc4899 (0.00s)
    --- PASS: FuzzTrie/65308907f31fbc17f3b4cfd5722bf531c4a54e5a (0.00s)
    --- PASS: FuzzTrie/66775c2d637d4bca4fc0b90aeb8dadd012ad01d0 (0.00s)
    --- PASS: FuzzTrie/682ddbb090d0c13bf1eb5cc46e95bf05d596db5e (0.00s)
    --- PASS: FuzzTrie/6997f4f828f14cc7c1ade8402d6fa7d5ccef9e40 (0.00s)
    --- PASS: FuzzTrie/6a04196d8046063fb3a7f6e3337cf60706cc9508 (0.00s)
    --- PASS: FuzzTrie/6a20d980f46a0ec8fd79d1e19aa0a45a84535adf (0.00s)
    --- PASS: FuzzTrie/6a2a1155bf9a3f0db9f6877ca44c546131ade313 (0.00s)
    --- PASS: FuzzTrie/6a759e6dd4c05644f1d7bec773bdd3f6578ca079 (0.00s)
    --- PASS: FuzzTrie/6a7d4612f64c69135bf0c05253fc47ecc248e327 (0.00s)
    --- PASS: FuzzTrie/6af03161014715a85dc19b5061e6dcbdd4648dea (0.00s)
    --- PASS: FuzzTrie/6b0e63211d0402214c06952b95b1f9345f4d783d (0.02s)
    --- PASS: FuzzTrie/6b4c5c8d472efdf8c60239160dd609c3901a553e (0.00s)
    --- PASS: FuzzTrie/6b7e4868bfe192854b5d70da68b983a75d8f8987 (0.00s)
    --- PASS: FuzzTrie/6c22fc0909a349939b0ed2f66c343122f6ce0e5d (0.00s)
    --- PASS: FuzzTrie/6cafa85ab4a58d1e2aaac795557f3ccea3059d4c (0.00s)
    --- PASS: FuzzTrie/6d03e473d79eb9da96b9fb59b4a035c5718b6278 (0.00s)
    --- PASS: FuzzTrie/6dc1b2bc993a864486a76783f4e9011437e8a971 (0.00s)
    --- PASS: FuzzTrie/6ea98deb19fd5b191497692c0ad4b72272e44b8c (0.00s)
    --- PASS: FuzzTrie/6ecf678c0a1f39f90b78313dbc73e8895d51d37b (0.00s)
    --- PASS: FuzzTrie/6f07e28498bfcde2c4ce5fbb20a77572228b30f5 (0.00s)
    --- PASS: FuzzTrie/6f6a5ead5a31e17956f92221c2c354410f695b11 (0.00s)
    --- PASS: FuzzTrie/7007f0c2ada9c990544842eb91b6474f6df0b8d9 (0.00s)
    --- PASS: FuzzTrie/703567b35629dfe62278d4748f227be125c6c88a (0.00s)
    --- PASS: FuzzTrie/7163be07d4ddafbe8714c5030a347c28a4d1b135 (0.00s)
    --- PASS: FuzzTrie/71fc7a040114634dcaeb84e40d2ad5f8ef29c393 (0.00s)
    --- PASS: FuzzTrie/72982fbd420299490c22fa5f89bf4301d44b352c (0.00s)
    --- PASS: FuzzTrie/7312d1652f15273fbdaa488ee61d441709543f9c (0.00s)
    --- PASS: FuzzTrie/7329ae45b2ad5c470d5e187f63eb7178096eaa7e (0.00s)
    --- PASS: FuzzTrie/73440c10a9e27de2334aa266ab093d5068555f5b (0.00s)
    --- PASS: FuzzTrie/74be1e30c6ea8120a24bda797de25b73726c380e (0.00s)
    --- PASS: FuzzTrie/764ace6ffd564d7d9a58c73dd55cc773483c6ea0 (0.00s)
    --- PASS: FuzzTrie/76e6ae3da4acbc302d8ae711a36de53675182c32 (0.01s)
    --- PASS: FuzzTrie/775e07305d0911c59c9b53af5c607a91d6f04a6e (0.00s)
    --- PASS: FuzzTrie/77792befc71f8726418c83fbe10985599d376a93 (0.00s)
    --- PASS: FuzzTrie/78596694ffe57df026af9fa6e0909409b58b0bad (0.00s)
    --- PASS: FuzzTrie/787cb0f316d956b1d5941c4be3f62297b3b21d45 (0.00s)
    --- PASS: FuzzTrie/787f8e74d88ace8c64924f7a4c838b9518c2a170 (0.00s)
    --- PASS: FuzzTrie/79fd72c2fc378cc8e5f3ae8708130eda76415ad3 (0.00s)
    --- PASS: FuzzTrie/7a0cc5134d8191308994b5d2e6ff666f608a83d4 (0.01s)
    --- PASS: FuzzTrie/7cd80d1a41874b5b9cb8cdb1decee16efa0ad7a9 (0.00s)
    --- PASS: FuzzTrie/7cf31f2afa86d7e18915de40456cffae981c6ad5 (0.00s)
    --- PASS: FuzzTrie/7d300c6e32c82c8e19722eaa1e2577319891d1c6 (0.00s)
    --- PASS: FuzzTrie/7e220121fbebb69e7cc2aac76eea9c630e5a0588 (0.00s)
    --- PASS: FuzzTrie/7e46e85f670f808c490f63bfdd724964def41378 (0.00s)
    --- PASS: FuzzTrie/7e8f4e8a4fcb3a9deafcac0b65791e8cb8c04c83 (0.00s)
    --- PASS: FuzzTrie/7ea5c819fcf3596635cf85d670b4c4cfc4cfe06c (0.00s)
    --- PASS: FuzzTrie/7ee50074c61e65c218a74041018487e534d75fa3 (0.00s)
    --- PASS: FuzzTrie/7fedf72497922e33a6c17b51027aa970263c8115 (0.00s)
    --- PASS: FuzzTrie/7ff3a497458792a42f2f25bf87a8335536fb1d52 (0.00s)
    --- PASS: FuzzTrie/8026bb369f6d6359b2321a703e723b35b82ed06f (0.00s)
    --- PASS: FuzzTrie/808d99d1eb4610145f8cb82737119dde13bc8e4f (0.00s)
    --- PASS: FuzzTrie/80ba74671ee87297437d98d47b3dff6614deb395 (0.00s)
    --- PASS: FuzzTrie/81385254d07b3a3dc18a3775e218cd30c1b46b82 (0.00s)
    --- PASS: FuzzTrie/815e26c5e83a4393f40d2e348da6382c1646953b (0.00s)
    --- PASS: FuzzTrie/82827025d0356f21d1333bb991406d23b5a9bb73 (0.00s)
    --- PASS: FuzzTrie/828f026ce14c5f122e8289e06e3d09f45580a5a2 (0.00s)
    --- PASS: FuzzTrie/855f70ce9e0753ca36d7d0591147e9979af0cf71 (0.00s)
    --- PASS: FuzzTrie/85a5f6e8d00b2f70fdda947d6bb26d35a25b9532 (0.00s)
    --- PASS: FuzzTrie/85bbed7902f0dd4268edfea120a3998d2e2d26c8 (0.00s)
    --- PASS: FuzzTrie/8608489fc74c7a1da163651c4f116d151f84b14c (0.00s)
    --- PASS: FuzzTrie/86661fa5628f3d9a1340a2e10ff3d537bfa59cf5 (0.00s)
    --- PASS: FuzzTrie/86b6d33336d34330bad41188f99c412828e12127 (0.00s)
    --- PASS: FuzzTrie/86ed80b2aca21da1c71894374f531ae78781e3b5 (0.00s)
    --- PASS: FuzzTrie/8702bccd3d1cf91f12c2df9fe1f9c4da0a1a6d77 (0.00s)
    --- PASS: FuzzTrie/88333413c84e804590802f088fe191b74a6a6f6a (0.00s)
    --- PASS: FuzzTrie/88cf546d7391ae8d97b57028962b9df0cbeb6e7f (0.00s)
    --- PASS: FuzzTrie/88eef187b5fe8151b2bb3ef1fa878d3680f048a3 (0.00s)
    --- PASS: FuzzTrie/89b9cf130ac0c7fff14c69bf8a7368aa3d4db50c (0.00s)
    --- PASS: FuzzTrie/8a44bf8ab65de99f491c7bfbea0e6ea2fd79e7e8 (0.00s)
    --- PASS: FuzzTrie/8b1058aa44fa139442653b9418e3c69d210a0f4f (0.00s)
    --- PASS: FuzzTrie/8b162ebaad79b1e00d906a9d0a621a424c701f05 (0.00s)
    --- PASS: FuzzTrie/8b1df2929ac00a5de21142bdd4732b1974edd2c5 (0.00s)
    --- PASS: FuzzTrie/8b8ae8de85edc6b57e4f48760a7f9251079db95d (0.00s)
    --- PASS: FuzzTrie/8bfea5ce4176ac050a27fb7bc84e29490374ddb1 (0.00s)
    --- PASS: FuzzTrie/8c72d9511ee1699d7b5041d841593da0b375f498 (0.00s)
    --- PASS: FuzzTrie/8d191465545a2d7e6ba2c1da56d28280116d24e9 (0.00s)
    --- PASS: FuzzTrie/8dd2246d6415aadfaff5b734aeb85d15fea8b41f (0.00s)
    --- PASS: FuzzTrie/8df409604a54593d47acdb79ed9edd3028922c9a (0.00s)
    --- PASS: FuzzTrie/8e01e98891e52206c1949a650373a8b9053bc90b (0.00s)
    --- PASS: FuzzTrie/8e407381a5ace6fb32ad919d76ab132609b89373 (0.00s)
    --- PASS: FuzzTrie/8e7ee2ad81af8f88e59a34d99802c95846368b5d (0.00s)
    --- PASS: FuzzTrie/8f6b1ce2327eaa8c406e2281eb0a8e120317e270 (0.00s)
    --- PASS: FuzzTrie/90cf2bbc8d44cbed166443e009758ddd8f9163f2 (0.00s)
    --- PASS: FuzzTrie/90f5abee79661d67fa6b495d4496356fc6861eb6 (0.00s)
    --- PASS: FuzzTrie/90fbaae135092d9840e1938dde385882f68daf10 (0.00s)
    --- PASS: FuzzTrie/912ab06fb38782a8df24c5dec3ad26e318c4db2d (0.00s)
    --- PASS: FuzzTrie/9145fff6935cea8f51dc224761c2a6d85535d0c4 (0.00s)
    --- PASS: FuzzTrie/91dd1deaee0da0c8ab5bd1b81baaaeb6f97d7b03 (0.00s)
    --- PASS: FuzzTrie/91ecd2c4e944a750ff7f2b2ef6d6854efcb3382f (0.00s)
    --- PASS: FuzzTrie/925818e7ff08b2b902009df58e5a9a39c7992f03 (0.00s)
    --- PASS: FuzzTrie/9278b296e8af44e7aa607af57be3ef8a9f8ae952 (0.01s)
    --- PASS: FuzzTrie/92e1b18e91bbcb8801319f5d4e98f4f61cd1a74a (0.00s)
    --- PASS: FuzzTrie/948514b621f018916b5442e9b75bdb1dac7f1ca8 (0.00s)
    --- PASS: FuzzTrie/9543c7a5589543c6a1d0bc8e8b84cb459afc7bfa (0.00s)
    --- PASS: FuzzTrie/97d4282faaf9a1cf5ad79a8e8c641c7603ea3948 (0.00s)
    --- PASS: FuzzTrie/9a409624c35dd4668d55e645f84543a9abc055a2 (0.00s)
    --- PASS: FuzzTrie/9a54e3ccaf56d2cef4bad5aff616ca475952a4c8 (0.00s)
    --- PASS: FuzzTrie/9a8c0f039bbd08cc9b55e29072e51f2c1eba7af0 (0.00s)
    --- PASS: FuzzTrie/9b20c9777a060b898c44361934b44638bee3698c (0.00s)
    --- PASS: FuzzTrie/9b4c3503864441b526483bd39a52dd0e9751632a (0.00s)
    --- PASS: FuzzTrie/9c6e434c3486984864d3aeef78aeb0c2cd4a8c2b (0.00s)
    --- PASS: FuzzTrie/9c81300c66f2c0424fa5c13306dc1317a2a020b7 (0.00s)
    --- PASS: FuzzTrie/9daee4bac647cb5367a6c5d17e56490fa924dcaf (0.00s)
    --- PASS: FuzzTrie/9dc9cf66ca19cda7deb2495273c2f4b273012b0b (0.00s)
    --- PASS: FuzzTrie/9e429028c1789a9bf050fbef5046ca050f3041c9 (0.00s)
    --- PASS: FuzzTrie/a03b07368c98b21bff3ab72c497f7e4dfdfb68e1 (0.00s)
    --- PASS: FuzzTrie/a0468b514cd6516728dc5d247677af3db664c74f (0.00s)
    --- PASS: FuzzTrie/a1810447f2cb48c6ca24d441dace78b067f7a117 (0.00s)
    --- PASS: FuzzTrie/a1a14be0a1b503bf093abd71e8be755cb63f36ab (0.00s)
    --- PASS: FuzzTrie/a1bad3aae909e341b61dafa92e835b358833de7a (0.00s)
    --- PASS: FuzzTrie/a1cb61096013e71b0e3fce07e489f135564ebc01 (0.00s)
    --- PASS: FuzzTrie/a22396b6b245a2c7e109f5362591d8925e8c725c (0.00s)
    --- PASS: FuzzTrie/a2510d76d0c2d0f9edddb7a4a79251be8100845c (0.00s)
    --- PASS: FuzzTrie/a27d3cc7242c850460dfdc0dd548f2bf197aaa0e (0.00s)
    --- PASS: FuzzTrie/a363b19dec828f5cfcd38624fc46e6041726cb15 (0.00s)
    --- PASS: FuzzTrie/a3b3c104cd5b87adbca474ba14113146a481ec19 (0.00s)
    --- PASS: FuzzTrie/a3e712483bada46170a89a1b4b366cf719ddf6b5 (0.00s)
    --- PASS: FuzzTrie/a4a36c8d17ff180af3adf73f4b0bb23fc32b9889 (0.00s)
    --- PASS: FuzzTrie/a687d4fc078639a35682ec9ff52c33db1c6c40be (0.00s)
    --- PASS: FuzzTrie/a6d5583dd514cd753810071d31beb89112387add (0.00s)
    --- PASS: FuzzTrie/a807187d9ad3d20e7a7fb9654a04c65026075e8a (0.00s)
    --- PASS: FuzzTrie/a83bce59599eab402170a39468589445d3cce904 (0.00s)
    --- PASS: FuzzTrie/a8b7f981aa6dfda5a663e02e102e4484bae39481 (0.00s)
    --- PASS: FuzzTrie/a9cc214e9833500f629efb0369b25f1f47f54b0a (0.02s)
    --- PASS: FuzzTrie/a9e270603827d7750c7a24e45c8781aa8bc9c87a (0.00s)
    --- PASS: FuzzTrie/aa238a4fddca05bf6dec25aa1df33fd71a3431fc (0.00s)
    --- PASS: FuzzTrie/aab5f47755a11e130b586fdceea5841c710c3380 (0.00s)
    --- PASS: FuzzTrie/ac8516b8738e0944a4bc83a6738be6be3a6a52ba (0.00s)
    --- PASS: FuzzTrie/aca07ea11b83c9cedda1ca36a393a65b0bc5e7d7 (0.00s)
    --- PASS: FuzzTrie/adab7b5cb413e63158f3cacc9562518f653c16d8 (0.00s)
    --- PASS: FuzzTrie/adc83b19e793491b1c6ea0fd8b46cd9f32e592fc (0.00s)
    --- PASS: FuzzTrie/ae06ec7c3d84ad74d64e61fe583b6ce960bd0ed8 (0.00s)
    --- PASS: FuzzTrie/aefb2ca63b28dbd7409109c44e10166de73364a0 (0.00s)
    --- PASS: FuzzTrie/af1dba49003182fc81dfd4dcc691413656811c32 (0.00s)
    --- PASS: FuzzTrie/afa3f99627eeefe69a889c5867e34170058458bf (0.00s)
    --- PASS: FuzzTrie/afbf164d70621f7e81fb435839d75d99c9ff0058 (0.00s)
    --- PASS: FuzzTrie/b04516e53e4ecdddbbb83cdba5b7ba960cabcf32 (0.00s)
    --- PASS: FuzzTrie/b0958f1fc8e2e686e8f2f8fedf1bf19449babf30 (0.00s)
    --- PASS: FuzzTrie/b16d2739ac791fca31d89af754d957bee518ea10 (0.00s)
    --- PASS: FuzzTrie/b28da41b665cdce155fe66ad50d6ab2ebd396a8e (0.00s)
    --- PASS: FuzzTrie/b2f58c9afc2e5417b22bb4e46ec22699d21b718a (0.00s)
    --- PASS: FuzzTrie/b30e649f5d262a4550e706d82d0f5b7347ce8270 (0.00s)
    --- PASS: FuzzTrie/b34b1cfd19ca0d75399d21fb794c939c566a914a (0.00s)
    --- PASS: FuzzTrie/b46dcf97c46e2302404a7601aa07e4319e251898 (0.00s)
    --- PASS: FuzzTrie/b509cb3e442cbb9c2d07cfabf7999a58e9f12649 (0.00s)
    --- PASS: FuzzTrie/b7a0c99ef57430effd527689d0b64477cf68d9ba (0.00s)
    --- PASS: FuzzTrie/b7b4100122d661cbb815dd7ec68fae8210be41dd (0.00s)
    --- PASS: FuzzTrie/b8754ceeed00bbe282b13d3f5abeb2ece8e6373a (0.00s)
    --- PASS: FuzzTrie/b8e9deba7153b998033f3006784a5991315a0260 (0.00s)
    --- PASS: FuzzTrie/b8f1eda09e756c25bc6e0eda34a4f8c326cdb7be (0.00s)
    --- PASS: FuzzTrie/b9a25e2014b82892c300c593f9ea0fc3896595b2 (0.00s)
    --- PASS: FuzzTrie/bb36b81290495313b48f53b6d6eaa249ed63c5f9 (0.00s)
    --- PASS: FuzzTrie/bc170b82299f6dcfdafa5279ea54a8620c67dcaf (0.00s)
    --- PASS: FuzzTrie/bc2558374666ca09e4f9f79b524d8074f946ba0d (0.00s)
    --- PASS: FuzzTrie/bdc7fd01344afda285f5b0516fb6431f1ba6905a (0.00s)
    --- PASS: FuzzTrie/bdfe4d83f9b843f71637b0b9403e66d815e3af50 (0.00s)
    --- PASS: FuzzTrie/be6c20e1d47d69c805482b7ea430574df0ab09f1 (0.00s)
    --- PASS: FuzzTrie/bf1bc9b4dbfb9e1a3d5e9b15a9c2ca4390dfe9e3 (0.00s)
    --- PASS: FuzzTrie/c0307618229bc1cd20a596a06d0ed232e4177843 (0.00s)
    --- PASS: FuzzTrie/c0436a32027f486aedff48ff6c261b65e5cb9158 (0.00s)
    --- PASS: FuzzTrie/c06a3634600914b551e84869caaa514d23413c1c (0.00s)
    --- PASS: FuzzTrie/c10b7df23fa3455b90a68fc834ad1e692f25ce62 (0.00s)
    --- PASS: FuzzTrie/c113fef44da6ad408b6a274ba8c46a4acc00c23d (0.02s)
    --- PASS: FuzzTrie/c2225b0715cfebbb39f78e5a35034ba5556e1be7 (0.01s)
    --- PASS: FuzzTrie/c2ad1a696c519a848f3e21e9940121e6a4927455 (0.00s)
    --- PASS: FuzzTrie/c32922d9c8851e65d61babe8c54c225d9f13357a (0.00s)
    --- PASS: FuzzTrie/c3555a747109770753d08678469851a4bbe6d2a0 (0.00s)
    --- PASS: FuzzTrie/c3c8c7d428ac849d2efd0ec2b53c7761cddffee4 (0.00s)
    --- PASS: FuzzTrie/c411632a91a35398e7d9663ec5d4f1251a4978d9 (0.00s)
    --- PASS: FuzzTrie/c43fa8ee05d07b1ce3efa8e2cbc745f012fc96a7 (0.00s)
    --- PASS: FuzzTrie/c5fb1f6569c34902cab8d3d374ee5cf4447e9631 (0.00s)
    --- PASS: FuzzTrie/c6040a2a48b916abe10efbdb1155ccf45388bafe (0.00s)
    --- PASS: FuzzTrie/c6ba68a89fce328b0544d8492c3053414c3fa733 (0.00s)
    --- PASS: FuzzTrie/c756d1ecaa1af9631afdd8d5a5970526b890fda9 (0.00s)
    --- PASS: FuzzTrie/c870cf73ab3840252d3073b4d790029273951b03 (0.00s)
    --- PASS: FuzzTrie/c89facce66d3958aed5763da04910a07328620b1 (0.00s)
    --- PASS: FuzzTrie/c8e7b1affc40fb31727050fddb4425c43a781577 (0.00s)
    --- PASS: FuzzTrie/c92dd3a137e9d3bc62f759a110a6648cee046d20 (0.00s)
    --- PASS: FuzzTrie/c93ec356bb7e050b87c9f3b6dae9948e3559eaf4 (0.00s)
    --- PASS: FuzzTrie/caed27a4413d30c751b1ec0f97aa09f87a968e90 (0.00s)
    --- PASS: FuzzTrie/cb15e652f99095704989d77e89c03f1cf7e049c1 (0.00s)
    --- PASS: FuzzTrie/cb53520f1ba40359225961f7b2342e34885fa34c (0.00s)
    --- PASS: FuzzTrie/cbd1581b8b08428a695fa2b29a890bc0c52b05a9 (0.00s)
    --- PASS: FuzzTrie/cbeac2101b809a690fbcc78e4f8de513535df87d (0.00s)
    --- PASS: FuzzTrie/cc55f9d632ce8a21c9cecb39e8b0b4a2ca5e3998 (0.00s)
    --- PASS: FuzzTrie/cc64ccbd877271391e07c0547c76669970f2499d (0.00s)
    --- PASS: FuzzTrie/cd1f34226cfebd68548ca924920a7d22497d0dd9 (0.00s)
    --- PASS: FuzzTrie/cd5ee792b994f0f7de9db6704b4693cde35fddab (0.00s)
    --- PASS: FuzzTrie/cde5168383872c3f9bb66f02585a77eaeaeb3f59 (0.00s)
    --- PASS: FuzzTrie/cf257a97c1f8679f924fcc3f40f78e4cc60ab0f4 (0.00s)
    --- PASS: FuzzTrie/cfba3fafa5579ea0e8a0eea378733e2b1ec96cd7 (0.00s)
    --- PASS: FuzzTrie/d0c8f6b6dd81364207866b3c702a4f861a00051f (0.00s)
    --- PASS: FuzzTrie/d2396d6c158c859f6ffe66d6fcc6f5e2038cc607 (0.00s)
    --- PASS: FuzzTrie/d2dee1b787ee86e8841944b0f81014e05507efa1 (0.00s)
    --- PASS: FuzzTrie/d34f1c303ffa6de9b974c499b009a0301fddfd26 (0.00s)
    --- PASS: FuzzTrie/d39d5d141fbe807c21c3476069a59032a2caef7f (0.00s)
    --- PASS: FuzzTrie/d529914804e19fe5b48cbd123e2bfd80f8dfe0a4 (0.00s)
    --- PASS: FuzzTrie/d6eac743fdbc60f7bf9a34d0c91146520cfef36d (0.00s)
    --- PASS: FuzzTrie/d6ecce881d38611732956f7b0a2f6c5d8b51cf99 (0.02s)
    --- PASS: FuzzTrie/d7304a759e4b68ceab2bff2fa6cb35c18e3b75a5 (0.00s)
    --- PASS: FuzzTrie/d7fc26abb74ab410948e3b5d341e86654a929a1e (0.01s)
    --- PASS: FuzzTrie/d8778800bb2719ee046c91349ac61e8a26b846f5 (0.00s)
    --- PASS: FuzzTrie/d88cdf0d4b0db6892d66e351bc8a8860f0c106bf (0.00s)
    --- PASS: FuzzTrie/d8b08d06f8535a250dcc9a51390179698bc09e45 (0.00s)
    --- PASS: FuzzTrie/d8ec6fec2b29d72111128c9d6deb02bb72041565 (0.00s)
    --- PASS: FuzzTrie/d925ca1e81644a40ed47bbe0125000bc9e20b246 (0.00s)
    --- PASS: FuzzTrie/d95bbdefd4cbaaa7bb5dc6a98f2c3dbf8866a861 (0.00s)
    --- PASS: FuzzTrie/d9a44a33cfba9087f37a7f9c83a6b66cd639fa42 (0.00s)
    --- PASS: FuzzTrie/db3b1eb97245bb0cbe63672bdb715f8af18c48a5 (0.00s)
    --- PASS: FuzzTrie/dbfc2eb2a72c2c4fb0bc01cb944a5275a8ac95f0 (0.00s)
    --- PASS: FuzzTrie/dc09344e1374a4f289463b3ee5854b099d58e0c3 (0.01s)
    --- PASS: FuzzTrie/dcf5bf6c63ba8e32483f75660b3a6a0f5d764483 (0.00s)
    --- PASS: FuzzTrie/dd2c2d559613b58101d37a711ad90eadd012f026 (0.00s)
    --- PASS: FuzzTrie/dd533895bf77c21031f0292884ac68458dc24493 (0.00s)
    --- PASS: FuzzTrie/de22591b81ce8646b8f280df6f1f5bfca840f524 (0.00s)
    --- PASS: FuzzTrie/deeaf466887ba5b1de6788e354203160a181e3de (0.00s)
    --- PASS: FuzzTrie/df38345057d0f0d0733f82d53109caabc7f1c5e7 (0.00s)
    --- PASS: FuzzTrie/e05ed1a863f57bee7546097888ea4029a2714644 (0.00s)
    --- PASS: FuzzTrie/e060c656670e9650a1e066707a514ac96b6673f7 (0.00s)
    --- PASS: FuzzTrie/e280b1a3c27b79de79c9ead0216dd84a2893e92f (0.00s)
    --- PASS: FuzzTrie/e2a179ae6cc85bb15cee99934728bcc98a3b17b6 (0.00s)
    --- PASS: FuzzTrie/e2bf3c20a8c05f952edf9ffc4c061d3d9897d7b2 (0.00s)
    --- PASS: FuzzTrie/e433206493e7c5d7ed9cd73b88fee65bd9b73fe6 (0.00s)
    --- PASS: FuzzTrie/e451dbda2be7f5ef88d70c04c3ef3d38746ca08d (0.00s)
    --- PASS: FuzzTrie/e47bce3c4e9eee619f61fd8b62e665dec97db800 (0.00s)
    --- PASS: FuzzTrie/e4a11d7a7117015157e6b17b35dd5f8de158c14f (0.00s)
    --- PASS: FuzzTrie/e4e15574d5386cc87782944161b922c4900457b1 (0.00s)
    --- PASS: FuzzTrie/e522cb7aebe7529d187300c655675c4ae32a71b4 (0.00s)
    --- PASS: FuzzTrie/e5d8893e6556ffdd198c8b2cf1e8668b046d8560 (0.00s)
    --- PASS: FuzzTrie/e5f9beaa35eb0e9d003931c772089d920b774365 (0.00s)
    --- PASS: FuzzTrie/e65a29e7ba88682d8f0d9804014677a7ddd88dcd (0.01s)
    --- PASS: FuzzTrie/e6b457ae3ee49a142980d765042db00c386d7abb (0.00s)
    --- PASS: FuzzTrie/e6beb200fd540d3ee51e0ff735f13ecdeaa0bdd5 (0.00s)
    --- PASS: FuzzTrie/e6f4b1f79d142dd47623d92e87b69b1414829695 (0.00s)
    --- PASS: FuzzTrie/e6fa432f4d486abb75aaa4b3817eb3e2a495ee69 (0.01s)
    --- PASS: FuzzTrie/e8538af2f4401d470fe69d012ea199950a0a9bc9 (0.00s)
    --- PASS: FuzzTrie/e8c5ae40c2bb2b9b8ea63820c6a1954b5d50493b (0.00s)
    --- PASS: FuzzTrie/e8eaa9bd6ae90668600d27fa3f4ec28ccb6cbf63 (0.00s)
    --- PASS: FuzzTrie/eada2adf04ebb959f115ee2fd57ed97fee76ca14 (0.00s)
    --- PASS: FuzzTrie/eb1a928bc786c8a509a831c03a068060cdede847 (0.00s)
    --- PASS: FuzzTrie/eb9ceb2c2e301140fcbe425f086ad70ac6e4819d (0.00s)
    --- PASS: FuzzTrie/ebf665dbb31843dd72250db24be0ceac7f46dd45 (0.00s)
    --- PASS: FuzzTrie/ed4fc6eb0669e469333b109f931c9abcb5c3b6d3 (0.00s)
    --- PASS: FuzzTrie/ed77356bf241fb796fb496355c5542fa255e2f36 (0.00s)
    --- PASS: FuzzTrie/eebb52d6e5e4dc2f3fcc93099419163850101614 (0.00s)
    --- PASS: FuzzTrie/eeffe19a8c1a3011c10cfeca797d273c962e4745 (0.00s)
    --- PASS: FuzzTrie/f00ee068a3985c0452263dcab838fadc95443b0b (0.00s)
    --- PASS: FuzzTrie/f01e94b0b79afa44ea087b6707c3bcc1bcb8f298 (0.00s)
    --- PASS: FuzzTrie/f02771a73bf4c9da8fde410e581f00c3373c9a43 (0.00s)
    --- PASS: FuzzTrie/f072efed7c0f117572a5c269b5808ac53ef54372 (0.00s)
    --- PASS: FuzzTrie/f188b4773f82c0e501c5758512bfe8b36943533d (0.00s)
    --- PASS: FuzzTrie/f19b954e88dcbb8137c7718d62ee7502d4894575 (0.00s)
    --- PASS: FuzzTrie/f1ab90d681128646fb07f8a76454f6b029b8d551 (0.00s)
    --- PASS: FuzzTrie/f367ed92034804016a463d47ebb48f5aa232bab6 (0.00s)
    --- PASS: FuzzTrie/f3d88b12240fe3bb07823fce659edb713c58848e (0.00s)
    --- PASS: FuzzTrie/f44a8e262c8820a524c78453588576579f5ca650 (0.00s)
    --- PASS: FuzzTrie/f4811ecb42798e7bfed196157ad5ccdb1330e4ff (0.00s)
    --- PASS: FuzzTrie/f55a63fde3dab8f0afd735ca5bb6d106fe19b7c4 (0.00s)
    --- PASS: FuzzTrie/f6e1dc64e7f60d929bb19c38f8ab7594a41ed80a (0.00s)
    --- PASS: FuzzTrie/f7c43e80a116a41ef6a5608f946593ea43fa90a1 (0.00s)
    --- PASS: FuzzTrie/f9252cdeb0a3eb43687d94cfc7da4b72c7d1245a (0.00s)
    --- PASS: FuzzTrie/f9dfb0d966345f0df749fd2b953003b60e92f816 (0.00s)
    --- PASS: FuzzTrie/f9eae61dc57bc6933ef9f1ef3010e852b885d91e (0.00s)
    --- PASS: FuzzTrie/f9ed607568266ee249fdfae437aea78fe33cffdf (0.00s)
    --- PASS: FuzzTrie/fabde2fa38ad836c1f0c32bc519ccb84f233f897 (0.00s)
    --- PASS: FuzzTrie/fae36ace176fe6ed6ce2d3fe9f2ffed118d787b1 (0.00s)
    --- PASS: FuzzTrie/fae3bfc49a36da2a870eee23a21f9229e026136e (0.00s)
    --- PASS: FuzzTrie/fc914d06f18a4c1d531b8d03213a7d44419144c9 (0.00s)
    --- PASS: FuzzTrie/fc98cf17052c2b76c8b8a3b24942bffafdb1f688 (0.00s)
    --- PASS: FuzzTrie/fd5d3bbd764c0e3c85375db59a68d04e4eb1428d (0.00s)
    --- PASS: FuzzTrie/fdc3e1264a54ff3e8087415ebdf9da72c02c1dea (0.00s)
    --- PASS: FuzzTrie/fe1b5d500d4f766eb0fd455fc7335634e930214f (0.00s)
    --- PASS: FuzzTrie/fe5e4c6386eb2f9a8998c0367a805b239ee5be85 (0.00s)
    --- PASS: FuzzTrie/fe874afe43e330455bf1dfd18c46bb5d9e7521a6 (0.00s)
    --- PASS: FuzzTrie/fea0c4aa3e07528dfb97d03f5a0dc16f18bf26a3 (0.00s)
    --- PASS: FuzzTrie/ffd2c51fa8a01ae9656efc0ac2aab726a4f38514 (0.00s)
PASS
coverage: 88.1% of statements
ok  	github.com/morph-l2/go-ethereum/tests/fuzzers/trie	0.454s	coverage: 88.1% of statements
