=== RUN   FuzzTxfetcher
=== RUN   FuzzTxfetcher/00341fba050711d495f3ab07bb9071aae3e69d39
=== RUN   FuzzTxfetcher/005c1b5db0d3d92d9126dd8e660e5c719d07acc3
=== RUN   FuzzTxfetcher/00c52c74fe197a34df43aea2e1feaaddeff4285a
=== RUN   FuzzTxfetcher/00f807f173b8c6fa80dd4a4b57f137f3191feb24
=== RUN   FuzzTxfetcher/0112a0b5f20f59758bcdcf274004adc6616fd89d
=== RUN   FuzzTxfetcher/017d2b0d34b3434b3b072eab7d907b6ef2c781dd
=== RUN   FuzzTxfetcher/028418913a6912c72bdb1e8885131c18ad249a4d
=== RUN   FuzzTxfetcher/02cccc5c1235e765831a5369d78d893703e3b181
=== RUN   FuzzTxfetcher/0369476e392f25e7089a06222d2eedd691e083db
=== RUN   FuzzTxfetcher/03ac4d9c57f05673238fcc7203f374f382397f29
=== RUN   FuzzTxfetcher/03e56d3a23046bc092e1e00bb47eb4745a0019a7
=== RUN   FuzzTxfetcher/040a32f892847ffa64aa35fba17890eb62fbd40d
=== RUN   FuzzTxfetcher/05028772d3bda337149c172a5d859c3bb41fb1ef
=== RUN   FuzzTxfetcher/052885a1aadef88b15599d7c1ae5a8b668a68303
=== RUN   FuzzTxfetcher/062bf8bb7cbb8eaab2e02c9254d10cc49f7b04c7
=== RUN   FuzzTxfetcher/06523319e0806c5d084776e85712c85d50f934b8
=== RUN   FuzzTxfetcher/0668ae4c261b298038f9004828be8a347fc8a263
=== RUN   FuzzTxfetcher/06853eaa240a81e32dc885a7c978c190b38cd3e7
=== RUN   FuzzTxfetcher/0697c4b90773348576cc3a553cad2288abc40994
=== RUN   FuzzTxfetcher/06ad573c06f45afa8e234e007c8078f53341b7a7
=== RUN   FuzzTxfetcher/06f5d91cae7c0b9e51df6e8fed81b82aafb479e5
=== RUN   FuzzTxfetcher/07064186dea0b5f8edea43bbed2edc5362db0976
=== RUN   FuzzTxfetcher/07cdb383ff29169ac723bb312a1ec185a1b9f5b9
=== RUN   FuzzTxfetcher/07cf8bcafabdd829aef30ed8fba6d15aac536413
=== RUN   FuzzTxfetcher/07f38ee413e79ec75301226b0ae41d34e5b1a1f1
=== RUN   FuzzTxfetcher/083ac16df6cf7afeca9fde7783b5ca6baa2abaed
=== RUN   FuzzTxfetcher/096d35c1d44cb8491863631fe98a3eff7b4b6128
=== RUN   FuzzTxfetcher/097260a58aac772f9814ad81ba9206ee8d396a2a
=== RUN   FuzzTxfetcher/097a5a93038d4c5de9c7f606fda8e81101eaba66
=== RUN   FuzzTxfetcher/099276a89188bac6ba6dac3263fa355ab97a3fd9
=== RUN   FuzzTxfetcher/09dec2d1f1a07897fc5bf37b99580a5fe247f03d
=== RUN   FuzzTxfetcher/0a70e0bdf28d8bf77d96d6d3ec3f61e384a0fc95
=== RUN   FuzzTxfetcher/0a9a22ae44d2664fe17bec27cb51f35729b0ea5b
=== RUN   FuzzTxfetcher/0ac78411846aebeafa36a2c1e3368be9b598d3d2
=== RUN   FuzzTxfetcher/0aea7f6ed4c7effe15b9e9e73ba2d1b4ee053f29
=== RUN   FuzzTxfetcher/0aec232555cb64e08f79fa508f45a37d46916e53
=== RUN   FuzzTxfetcher/0ba159d53369d0c40e1825b81b61e7796530cdc9
=== RUN   FuzzTxfetcher/0c1c2b79571e1bd5d6121d022d53139d6d01465a
=== RUN   FuzzTxfetcher/0c6dd7caff97b1894c1d833981aabb0f3dc35f43
=== RUN   FuzzTxfetcher/0d4f07625ac7d9399238b52e00ef6b10cefda708
=== RUN   FuzzTxfetcher/0dd2497dafa707a9c74e41765acf63802a3be9c0
=== RUN   FuzzTxfetcher/0e43e588b93f03f49de78733dfdad83336cc86aa
=== RUN   FuzzTxfetcher/0fb4363fef72a204778e7c24e846eff8719f8a65
=== RUN   FuzzTxfetcher/10134d3d7d38289cbdc37084fddba4979e0d5f1f
=== RUN   FuzzTxfetcher/1078374664dc8a54ea3eb62a58fc4836e2cb5a83
=== RUN   FuzzTxfetcher/107bb912c7d4a8b195374997ccc4fdd6c63e0aab
=== RUN   FuzzTxfetcher/10c1c2c19d08fecac3617080c195b4e5ac37b535
=== RUN   FuzzTxfetcher/1195b0265d13b1e7b182790a49c4dc20bd7be9f2
=== RUN   FuzzTxfetcher/11a2dee15e5a08682241f1ce948e27f7f30cb687
=== RUN   FuzzTxfetcher/12140e8b40616d02525edfad49b982147084d6eb
=== RUN   FuzzTxfetcher/13d0862caea636970aa9473c4e35825b7d93afe9
=== RUN   FuzzTxfetcher/14027af7f9904fa3e7fcfa80a32110b3de46c75d
=== RUN   FuzzTxfetcher/141848848dfa936ae31ec4dfe28fc1c922b37894
=== RUN   FuzzTxfetcher/14b35a6eca4add248da9ae8d164a870b40de3bf2
=== RUN   FuzzTxfetcher/14dbde3e81df68b00facd850f0e9653e0152a7b2
=== RUN   FuzzTxfetcher/150c0837ecca9ea1f28fb2ccc9b3a7439f766443
=== RUN   FuzzTxfetcher/15f3a52c0f0b79da0aa68a5b0c56a366f491c9d4
=== RUN   FuzzTxfetcher/1613fdf71f8b0edcceb1760f3402b51e9cb0e95b
=== RUN   FuzzTxfetcher/17661b9940f0c1e272a0d1f86388b58b7ffc266f
=== RUN   FuzzTxfetcher/180be2539eb2b1d68a6fab13a814d962a520e8ea
=== RUN   FuzzTxfetcher/1824626886815d5c3bd6f7741e96db1ea050c181
=== RUN   FuzzTxfetcher/184c6f903f838145863f967bef6353c50ba54de6
=== RUN   FuzzTxfetcher/186bfce95929d4975e1e56fc279ad921fab5dc29
=== RUN   FuzzTxfetcher/18ad7ead309c28632552fe94cd37a54f2d632a72
=== RUN   FuzzTxfetcher/18eec5284221b28aa8d62a11bb1f10e768006b38
=== RUN   FuzzTxfetcher/19343dbec391bb8b62dc3dd955ad9ed82d258039
=== RUN   FuzzTxfetcher/1a79b29c2e916188c6ab720bf820b331fb41bfd1
=== RUN   FuzzTxfetcher/1acdf216603841765b1c076f1ee2e9d573ede3a3
=== RUN   FuzzTxfetcher/1b314c57a64a6f731c20c04b3ea52a7cf3da7741
=== RUN   FuzzTxfetcher/1b73bfe47867dcba17270e52f1488bbc018630fb
=== RUN   FuzzTxfetcher/1c36be16c08a631be0da21f5858e422232e3106f
=== RUN   FuzzTxfetcher/1d3cdff1b0b011c7f49d774b77e805587a681485
=== RUN   FuzzTxfetcher/1e00487f8639f70de9c442f6d041858e575b508e
=== RUN   FuzzTxfetcher/1e6db14a50f47e5afdb9ec7e10e90da558ba2a55
=== RUN   FuzzTxfetcher/1e8899b2aecab2c5395e8115567d86c57037b2e0
=== RUN   FuzzTxfetcher/1ec619f2e40ee1b6fb81d6ff6761cd7e4841f9bc
=== RUN   FuzzTxfetcher/1edb3d200bc0f2692b5bf61d5af92b7e09c97add
=== RUN   FuzzTxfetcher/1f0ee3195909ff767c3f06752a8c247046c56797
=== RUN   FuzzTxfetcher/1f12375d9affcbc976b9912840b1eaef6c002af8
=== RUN   FuzzTxfetcher/1f1691acb5153ea609144104dbf13129827cd206
=== RUN   FuzzTxfetcher/1f7b28b426cb19bab1f3edfb69b597bfcb6f3295
=== RUN   FuzzTxfetcher/1f9298b26bc2eb2dbe5f788585c2720294bbbef5
=== RUN   FuzzTxfetcher/1fa7fe0cd2c02c28709f21e1b68341358198bc39
=== RUN   FuzzTxfetcher/204d1cad0af264c88442ac176591422dea721134
=== RUN   FuzzTxfetcher/20b0d2b1c48b074d0454b6c9a4f6979d36a9a7c9
=== RUN   FuzzTxfetcher/20c360141ffff1305bf3d9d9ec6ea42003931a27
=== RUN   FuzzTxfetcher/2217a0372d772cfc70191754cca40543d800a2ef
=== RUN   FuzzTxfetcher/223b8d0d5c0cb790e1635133e39e7a95b8c86034
=== RUN   FuzzTxfetcher/229b50c79de762e74a23e9d3b2fb00010223c05d
=== RUN   FuzzTxfetcher/22d4c63c4fd19a7f7b12dcf636235888e852207b
=== RUN   FuzzTxfetcher/2319df25b73e2d5a9b2c7d4e2a7e1c7efe758c5f
=== RUN   FuzzTxfetcher/23581ddd1b24e85e0520ed6a8eb65100cedd2b3b
=== RUN   FuzzTxfetcher/2358a5a0fed1bef7b6edd1569b026ad20286565e
=== RUN   FuzzTxfetcher/2508f12c451549540b368e61889071b376393c4f
=== RUN   FuzzTxfetcher/261f8a636cd7281f34966f4d46aa7fa84722644d
=== RUN   FuzzTxfetcher/264980e75647cb52ac7ddde78eb8d54039762402
=== RUN   FuzzTxfetcher/265dd335a125d9040e9273948be5032475b269b5
=== RUN   FuzzTxfetcher/26b0b3cb1ced519ac582d2fa17d15190ba344fbc
=== RUN   FuzzTxfetcher/272c9028c49ea8318ea59ef19a130362113ab055
=== RUN   FuzzTxfetcher/27c91f2bc0222ba13a1a761b29c75b99a31aab23
=== RUN   FuzzTxfetcher/27f042fa9e2dad08e45e3396dd153808f9d6c1c2
=== RUN   FuzzTxfetcher/282d55a3af674c61cf294d4a08dab64b06c2d79c
=== RUN   FuzzTxfetcher/29854ded72193a89569bfa51fa5f01b25018d1c7
=== RUN   FuzzTxfetcher/29afa591dd671c552c16ffc9c9f46d3175a3aff9
=== RUN   FuzzTxfetcher/29e2809864a35db80a257f4c398b51d56753995c
=== RUN   FuzzTxfetcher/29fb042cc6c52265a24e034197a20eec2bfdb67f
=== RUN   FuzzTxfetcher/2a6640ae12565f61aaa54c78511a06c429bef275
=== RUN   FuzzTxfetcher/2a86c2339e2cc0a5a981ee9db0aa4817064a8d83
=== RUN   FuzzTxfetcher/2af8da3e7e6fe27456af6bd24c2985f8198be46c
=== RUN   FuzzTxfetcher/2b20a51eef01063c84301622ba467c5c15db3120
=== RUN   FuzzTxfetcher/2b932fd5b3c7c49ad02812acabd3d52a17321742
=== RUN   FuzzTxfetcher/2b9c973c3c9dccfe005c99270efe071ac7cae5d7
=== RUN   FuzzTxfetcher/2ba173f02ad0553fd61522ef3d0b8df64baae686
=== RUN   FuzzTxfetcher/2baf2001cfce03b551fa97f1fa7c293728a47f24
=== RUN   FuzzTxfetcher/2c2241b749b869860668d1f85b053472b21df416
=== RUN   FuzzTxfetcher/2c7181fec3aec1602f815d38000e4fb1ca6e1a20
=== RUN   FuzzTxfetcher/2caab5a525a5fb168a611b6e31d89f277ae07c63
=== RUN   FuzzTxfetcher/2cbc6439d67c38f428483d5396e88e465bd51a2d
=== RUN   FuzzTxfetcher/2cd12aeb81257f8daf5e1ce67f8ffeb1bc1ee4ba
=== RUN   FuzzTxfetcher/2ce12827f435f4afa45dbb42c7955ecaf005ca1e
=== RUN   FuzzTxfetcher/2d0f04d762ca532a07b211c88b69ee12f4d12b91
=== RUN   FuzzTxfetcher/2d4acdd067080a54b607ca5e5477987a7c799a66
=== RUN   FuzzTxfetcher/2deb333659156463f22264924268f90c30cd305b
=== RUN   FuzzTxfetcher/2e4933d0dd00326a6d2e0063d8ea2808f0b3fe56
=== RUN   FuzzTxfetcher/2eb6b25a82a0467be5b31b374def959c064e7ecc
=== RUN   FuzzTxfetcher/2f6b8e5aab297f1133a53731ab2ff010a589b83a
=== RUN   FuzzTxfetcher/2f8bee773a776723bbdf1e6c111b3c83a1a5d75a
=== RUN   FuzzTxfetcher/30482e226a418003a2d472d6632529997bdc0be3
=== RUN   FuzzTxfetcher/304c8d5013de89a203f7bea4a438cf2f2bba16dc
=== RUN   FuzzTxfetcher/307a7a5cfa848077ae5bd9dd5d19390f196d48ca
=== RUN   FuzzTxfetcher/30aecaaf8d1f1905518eb0b3196690be64164650
=== RUN   FuzzTxfetcher/30d920e0790b37998f48547995efbcdec43fb0e8
=== RUN   FuzzTxfetcher/311eb4fcc2a19f547d0d06dd869c3c17c5d5eb5b
=== RUN   FuzzTxfetcher/315e1fc351a046b170e2dad16c46865b24cf8a11
=== RUN   FuzzTxfetcher/3164794e9fddb0beedcac6fc4ef2306a0209b3ff
=== RUN   FuzzTxfetcher/31c4fd37fec1070c7fe846eb728e09ba79c6b9a8
=== RUN   FuzzTxfetcher/31c8500c188aeb82df5e74839facc20435940030
=== RUN   FuzzTxfetcher/32096c2e0eff33d844ee6d675407ace18289357d
=== RUN   FuzzTxfetcher/3269c72110f0b5a22e49323df364ddb5b6a5cc38
=== RUN   FuzzTxfetcher/330a7718e48891dd1a0a270c123582188efaaef1
=== RUN   FuzzTxfetcher/331c87eaaa3a411cf6ff130aa776ff6f529e887c
=== RUN   FuzzTxfetcher/33bbb31363a512142959ae9750b74880a9c248ee
=== RUN   FuzzTxfetcher/34058252583844641c325ded259bc21c602d94b7
=== RUN   FuzzTxfetcher/3446f0d7a3b08746bb4ee27e5df71ffb7b3fa910
=== RUN   FuzzTxfetcher/349ee547a3654bc726fdd8888d05d921eccc45d7
=== RUN   FuzzTxfetcher/350aace9253177ac72114e25a011ab50c2cdd295
=== RUN   FuzzTxfetcher/3594a2eba8b8f20a773eb1eac1b673965dd52fab
=== RUN   FuzzTxfetcher/362946e3a5fffdac714293ccb1222f9546ace481
=== RUN   FuzzTxfetcher/36dd180f9189a7317de230556258e54252d424c7
=== RUN   FuzzTxfetcher/372518276a6d657bfd66e7f07e07acdfca38bfa8
=== RUN   FuzzTxfetcher/37af48df976cc8e9f63b19c6648aff37a715efd0
=== RUN   FuzzTxfetcher/382f281b62b15e0b824cb613dd3de43a6ee65549
=== RUN   FuzzTxfetcher/3837211ceeed00b384b7fc047df40b8ae97f1e1f
=== RUN   FuzzTxfetcher/383f3c9df9c9bb7de000ac65145f8f330ee40c24
=== RUN   FuzzTxfetcher/3923ea25cdf642370f25610977214d5e6b7ad7fa
=== RUN   FuzzTxfetcher/3bf92725572c4ec5f53adf56ef70d5c3e0b0780e
=== RUN   FuzzTxfetcher/3ceffedd5496f51f1f9c3640cb1146a35e30a2cf
=== RUN   FuzzTxfetcher/3d086caea4c713a236890573e86342776e91c2a0
=== RUN   FuzzTxfetcher/3dbf970d39a7a644ebf54d46884ec92413524080
=== RUN   FuzzTxfetcher/3e7a07211800490aa413c9548125f49c7f3c9b5e
=== RUN   FuzzTxfetcher/3e8d3d1ad5418fe6a4618dbbfe516d13d542ec64
=== RUN   FuzzTxfetcher/3f22e3f9a4a2f9d5168fc4a13a20e3b9734f3486
=== RUN   FuzzTxfetcher/3f3676325c17c6565e03406e30fde57fcc980329
=== RUN   FuzzTxfetcher/3f86a19740a5026772e60b6cfff6b17e06bd6263
=== RUN   FuzzTxfetcher/3fc92595ad4c742a999c8813cc3b7883dfe8c759
=== RUN   FuzzTxfetcher/3fdc7d0fd66080559a26b84e1e22598bfce3c7a0
=== RUN   FuzzTxfetcher/405166700c2647a9bc03462d5779addcaf9b6575
=== RUN   FuzzTxfetcher/410cbefb3cb38b770d77fa1f9e1b4bb3c265a44a
=== RUN   FuzzTxfetcher/417cdfcdb76dd3eb8452efe696e05a0e164583fa
=== RUN   FuzzTxfetcher/41b7e77fed6bf6ce9f2bc7db088f2473eebe2148
=== RUN   FuzzTxfetcher/4206de49cad51eeb2b1b8666fcd3b516e62c992a
=== RUN   FuzzTxfetcher/42519e12bed3b58d664cbec47c941e324f379834
=== RUN   FuzzTxfetcher/425527f4a2ec2066f1ad01c6e5a1edf5bcb62066
=== RUN   FuzzTxfetcher/4256a5c593fe1d42cb37885e144f3ee65ef032ba
=== RUN   FuzzTxfetcher/4338f6ea164a1d75c9e51df54c596ec416723c57
=== RUN   FuzzTxfetcher/43cde23779697989f424266c9f3e4f48d59748ac
=== RUN   FuzzTxfetcher/43decc8dae68a479c36906117830500d0b678cf6
=== RUN   FuzzTxfetcher/441264fc497eef6a8988846871da97e05c6e63da
=== RUN   FuzzTxfetcher/44ce7fdbf9b06ff0eaf23e07bd3287e034e9b9f2
=== RUN   FuzzTxfetcher/44e2e74d0fcecb4bb92747fd415aa277285a9b2d
=== RUN   FuzzTxfetcher/4958935e187651f99746a917ee6763549475c761
=== RUN   FuzzTxfetcher/4a01a54a67504b676d56a6f543d6b6ec0fbf7e99
=== RUN   FuzzTxfetcher/4a8235deea3fa70cbe77b19ed0791cf996a730a4
=== RUN   FuzzTxfetcher/4ab9a7fa45cee4a326cdcf7f9be40a055779faf6
=== RUN   FuzzTxfetcher/4b2b8cc2a92fd27a0402810f9839af9026b7a386
=== RUN   FuzzTxfetcher/4b3af5d3e3051be33cb17f1c05f35070a6dc3474
=== RUN   FuzzTxfetcher/4b526265005d7cd7fec569485552609aa5cd22dd
=== RUN   FuzzTxfetcher/4b82fd2180b10f023603673b71293fb0768cce09
=== RUN   FuzzTxfetcher/4bdbd11370d23bb025638cda273a048c8fe58fa7
=== RUN   FuzzTxfetcher/4c6c78570a5c11d70eb09a615f023c7c8901e794
=== RUN   FuzzTxfetcher/4ca0c4bd7b9f453dc7dba3c15cdfc8023f55d782
=== RUN   FuzzTxfetcher/4cc66e413833c6b1aa4f916f142bfe0b6b6fa634
=== RUN   FuzzTxfetcher/4d6e9dcaefae19120ffd70c8d50ec4968de40d88
=== RUN   FuzzTxfetcher/4e29f2a714e1f401023d75139c2d143882fe12d1
=== RUN   FuzzTxfetcher/4e47b06ad926de2e06e118a26a4bd75447f85062
=== RUN   FuzzTxfetcher/4ecf7dc5044fa23ac7c90a67206bccf3f4f0c90d
=== RUN   FuzzTxfetcher/508e1e758541bc9e7af7e26772fd3191476420b1
=== RUN   FuzzTxfetcher/5115979325f930662f25a31a38c3016d37233b00
=== RUN   FuzzTxfetcher/512c7ea6ee691a12632ef968361a152ebde424cb
=== RUN   FuzzTxfetcher/525a0dd727ae6026ed775855c8b0892c71843595
=== RUN   FuzzTxfetcher/531d202d999f76b5e7e82b6a0aef1d180028ed6d
=== RUN   FuzzTxfetcher/5403ef52ad8011091b91d24dda8f5dfa1f1c0fbb
=== RUN   FuzzTxfetcher/546372507c7fd1d64a67099c27391ded517dabaf
=== RUN   FuzzTxfetcher/546bfc76b730be90182e3e2985114a4191cd97d6
=== RUN   FuzzTxfetcher/5477829b151baaba2fcf2d349ddd5f05e4c0bf8f
=== RUN   FuzzTxfetcher/55b85c9379c4072476cfd9a4f6c2502f27cd75b6
=== RUN   FuzzTxfetcher/55d5b215045f607460842675125cfc168bd500e1
=== RUN   FuzzTxfetcher/563b5d3509287f0dfdf2aacde76b6207f74fca00
=== RUN   FuzzTxfetcher/564a66049261954ca8613bc3fc9c3f69e28e39cb
=== RUN   FuzzTxfetcher/565578a218afcd9684c524f571b0d24935257805
=== RUN   FuzzTxfetcher/56d987494d0d1af95674be45b4e04bb57c0e9b8f
=== RUN   FuzzTxfetcher/57033458f10d2d954d58bc59f8ec98c7b7581f4f
=== RUN   FuzzTxfetcher/57bf93af064874f599f9afa6e185f4cf83f16564
=== RUN   FuzzTxfetcher/5839fcfe53db6e953bab1ef79647594f8a093186
=== RUN   FuzzTxfetcher/595ef5923f8d1af4ffccd5f02558d6294a558119
=== RUN   FuzzTxfetcher/59b599dcda9a346d45a76f998c0f1cdb7ece63ae
=== RUN   FuzzTxfetcher/5a2bfa9725d69e17dede92362c5eefe6e23126ca
=== RUN   FuzzTxfetcher/5a9dbf3f97a0d9f564e5b6aa8bc2e3f5469ad073
=== RUN   FuzzTxfetcher/5af02447c229b9e7d4b5956658e48a8a9cf429bc
=== RUN   FuzzTxfetcher/5b554947680a4bb0704b47e63477f71b55bbea81
=== RUN   FuzzTxfetcher/5c3473943390755720fba61ad0532e6c462edb73
=== RUN   FuzzTxfetcher/5dfa2aa750df927fa20853dd6034b4849cf910bb
=== RUN   FuzzTxfetcher/5eae773b6d15c8aa00c47f4b88024542b342c5ea
=== RUN   FuzzTxfetcher/5f9962f9fef4e4c7c18283c825519f6e0d6de4ca
=== RUN   FuzzTxfetcher/5f9b52b59f2151209f456f8b18f11cf9e8454d54
=== RUN   FuzzTxfetcher/5fa02ca262eaa445c6952b812abb60bee67cfc8f
=== RUN   FuzzTxfetcher/5fa497a946e055004cbebf39d7355fce0243eed1
=== RUN   FuzzTxfetcher/605cc9c0a8dd709c184fe22714223f3e98a9223a
=== RUN   FuzzTxfetcher/611f8de970b513ae6782baab3d994431e3f77bf8
=== RUN   FuzzTxfetcher/619dfb0ba3a18f4c20517faf308a344cab2698b6
=== RUN   FuzzTxfetcher/61b615765adae31d1de1ee7ec6c6b25330f55005
=== RUN   FuzzTxfetcher/61b80dc5502f2aab8e7e29d0f6fb15cc0cd22320
=== RUN   FuzzTxfetcher/623dfb202b6a2db3c82aaa3cd5bef1bb71fa0f3b
=== RUN   FuzzTxfetcher/62e29231048a40a25d1ab02d4eb1af27b634845e
=== RUN   FuzzTxfetcher/62f23bf885eb2f7d4c69e81ed7f1cf9f66f9f119
=== RUN   FuzzTxfetcher/637b97753516b2610911c27c07878a194543ba87
=== RUN   FuzzTxfetcher/639fb6b2590a44fbaabb5dd2d37172ece31487ea
=== RUN   FuzzTxfetcher/63c0b142ec1411ed918a93f465c5ea67799140ec
=== RUN   FuzzTxfetcher/640f126a50c74d38fddc11112a43f0b7fc4e59a7
=== RUN   FuzzTxfetcher/643ddb6dbbaf6b03742ee7a09b4291e534d35992
=== RUN   FuzzTxfetcher/64545f9be1b67d6b8d1436ebd0e8004d8d11c05a
=== RUN   FuzzTxfetcher/648e62628dac86d3bfbf97de9ac4cca7e6bd5f83
=== RUN   FuzzTxfetcher/649da7a1af7770b0ced1a713dc130f30444564eb
=== RUN   FuzzTxfetcher/64e2870e6759032b5e35984936c1aab39f9799d2
=== RUN   FuzzTxfetcher/651f0e8ba51575f0815e426d63f415e33045725c
=== RUN   FuzzTxfetcher/653854587096fdb63073e403a70b53117287d288
=== RUN   FuzzTxfetcher/65b41d5430c3e7eb25b0b7571b622f31af0ce16a
=== RUN   FuzzTxfetcher/65bae260869420040942c591fda900f14c99f617
=== RUN   FuzzTxfetcher/6809d66f9c6fc5efa6398ec2a63a25b01d38c71b
=== RUN   FuzzTxfetcher/687acf110c95cb3a4887b6ceb9afd7932e70f045
=== RUN   FuzzTxfetcher/68e9e1f68c03f01af0183219e81514e8eb474101
=== RUN   FuzzTxfetcher/6979d1f3877373ecf3d26b6b6c9eeeb99e1e01de
=== RUN   FuzzTxfetcher/69d3610bdde683eae8e1059a3add7a77b1ec72d8
=== RUN   FuzzTxfetcher/6a2919c2fac0233495c929ce70820556d1a717e4
=== RUN   FuzzTxfetcher/6ab5d5a613f736deb57034f312169b457b73bf50
=== RUN   FuzzTxfetcher/6afcf42af685614dacfa3c27834a4870ae972222
=== RUN   FuzzTxfetcher/6b5662f32c4bd338aa1c4990e00fa98f1db981ce
=== RUN   FuzzTxfetcher/6bf48b67600ddbe3c816b8429a378af3d48b7d84
=== RUN   FuzzTxfetcher/6c10c36dee60f5e2afeb74241d141be3c33b02ae
=== RUN   FuzzTxfetcher/6c3fc619e6d91e86529a0c88cbcb74f6c1c7890c
=== RUN   FuzzTxfetcher/6d7b719a6b95db044f94bbbed63c210c7381de72
=== RUN   FuzzTxfetcher/6e010b3668560a817d7a541839ea3d3394f405d2
=== RUN   FuzzTxfetcher/6e22108a4ab7e4f170f1e6a6ae5be52ebc488500
=== RUN   FuzzTxfetcher/6e4e078039de4f6b6ec9b15d8e1aeed5387046b7
=== RUN   FuzzTxfetcher/6e979cfef78dd7f88d174cb2d0eaa026ef32b5a9
=== RUN   FuzzTxfetcher/6fe30139f97efd6c3daa2d8ae0badec72a906b70
=== RUN   FuzzTxfetcher/70175f546a2fe45998c3178fa16c24edc173f9ec
=== RUN   FuzzTxfetcher/7048711f74fe75cbf45af485adfb4b3c966ff23c
=== RUN   FuzzTxfetcher/704f5559c34be73fd17420e1b40cada1481ee859
=== RUN   FuzzTxfetcher/70ec14810cbb9024e38b79557be222b7dba0c375
=== RUN   FuzzTxfetcher/716f02f172d13286e31e929c881d2c0dc9a4efe3
=== RUN   FuzzTxfetcher/71c4db8405d4590abaae832d55ab6f275ba32dfb
=== RUN   FuzzTxfetcher/71ddce0db5977698314daf4dfb89531d9354704e
=== RUN   FuzzTxfetcher/722dc34f71ebe496c926c74f9f89311728f8bc6c
=== RUN   FuzzTxfetcher/74539ec6fc5ff294995252c9d4232d0a3ebe5926
=== RUN   FuzzTxfetcher/75266d32fec3523b0a9a67a5367c47b21aa3b812
=== RUN   FuzzTxfetcher/75267b86a387c4cdf67bf8f80f36fb54774f0b2d
=== RUN   FuzzTxfetcher/769bc0d2ff8c9f47e3b6e01d109d40492f0f82a6
=== RUN   FuzzTxfetcher/76ee8fa4fe2b2ab6a9895bca4ef4a3c0c833b12c
=== RUN   FuzzTxfetcher/771a237604473d0cda343bb43cadf20cd07a82c8
=== RUN   FuzzTxfetcher/77986029831ff7e025359d4f37738ee2b746ba00
=== RUN   FuzzTxfetcher/77efcd67d3c3b0b3c012a7dcb23952b0795c0089
=== RUN   FuzzTxfetcher/780645a96ad86b87ba141acf0178b9ddc06a140d
=== RUN   FuzzTxfetcher/783972b69a6c4d0eb3f8cd0991556f51c536ad4b
=== RUN   FuzzTxfetcher/786832a9f322766cdae2f543f97df8a78bb17b3c
=== RUN   FuzzTxfetcher/78d89d40ff685f307b4c0988b7e7b2c2316b76a2
=== RUN   FuzzTxfetcher/78e76efc815dc65d4f9257909b9ed5798d4dd660
=== RUN   FuzzTxfetcher/79cfe6714a8ddf8d516d5838ea616e79fa2e334d
=== RUN   FuzzTxfetcher/79f1e0ffea085f2c714ed6776819be2a6459251f
=== RUN   FuzzTxfetcher/7afa2d84bc0bdeefd021ccf0bc7ce5707400c182
=== RUN   FuzzTxfetcher/7ba457c312cf619798ca68c5873963a182d61428
=== RUN   FuzzTxfetcher/7c1fc11632e7219fd12421b282a25f0fe8a00bf3
=== RUN   FuzzTxfetcher/7c8052d65801cf5197e626d0502ef511ec7085aa
=== RUN   FuzzTxfetcher/7cd44285e5211305d15212565443312d8438cf22
=== RUN   FuzzTxfetcher/7d295390024139a629407bee459e9ac1a711d841
=== RUN   FuzzTxfetcher/7d926e258a89d4f49c2b080793f7d9d449b50d20
=== RUN   FuzzTxfetcher/7d96ab9e5ad8dae2e7a182434ca607da41439b9e
=== RUN   FuzzTxfetcher/7decd92841fa378e77252b1e9a0ee7e4952a8058
=== RUN   FuzzTxfetcher/7df3bcaa8b85ef85a3f37d08a21bc6ed0bf3d551
=== RUN   FuzzTxfetcher/7f219ba79785b1f1be1fa81e671a33b0ad904450
=== RUN   FuzzTxfetcher/7f3b7bd352d856a2d2dc5819b4a51eb1215ad636
=== RUN   FuzzTxfetcher/7fd06aa7bcef420b9389b3c311e67562e3c3d107
=== RUN   FuzzTxfetcher/80e8f8783dce997c142716b576eb4c5a1f45480c
=== RUN   FuzzTxfetcher/8122fd6f7f43432b721ad6b93d9c145d93aac007
=== RUN   FuzzTxfetcher/82398eacacab86a8d0fa6ef3074f055b8795aad6
=== RUN   FuzzTxfetcher/83ebffae32c33593f9b5781aaf88f1e3a9dcdfcb
=== RUN   FuzzTxfetcher/847622da8e20f4ae9939d2761a632719b0a636e7
=== RUN   FuzzTxfetcher/8592451509bffa1033a08beb3c856efc018c08a1
=== RUN   FuzzTxfetcher/859f19c6610323af009b445ed1a93158ea324844
=== RUN   FuzzTxfetcher/85a8c50457e05f35f37463362746d536c193dd78
=== RUN   FuzzTxfetcher/85fa8e087e5c0bb241265f37498d0e9065be507c
=== RUN   FuzzTxfetcher/85fd304c44bb68cbf181ebc43061abcaa0567e68
=== RUN   FuzzTxfetcher/862e82107cd7d1164fba92d4dda2950300b51a96
=== RUN   FuzzTxfetcher/8669ddc9a2d34ee9fdc705b955e483c3f2603641
=== RUN   FuzzTxfetcher/86b2272ee775f01cc639d6cd0881b6c4918adcda
=== RUN   FuzzTxfetcher/86e56ff11d81c6476e5011b055cba449c612ac02
=== RUN   FuzzTxfetcher/873afc040598235c98a456fbbb3a199b48fe57cb
=== RUN   FuzzTxfetcher/8753adb694fe053c68ac846f97fddfd4a8084b2e
=== RUN   FuzzTxfetcher/877f6ba409ee44edfab47f97ce25aee0282ebb5a
=== RUN   FuzzTxfetcher/87cfafb57e6ee8ebe31b20b4eeee376739f3fa50
=== RUN   FuzzTxfetcher/8876b994f5194055c194a63246d7e625b6e530b2
=== RUN   FuzzTxfetcher/88bf08d1f56a479d0a14ca47c454886607e6ef60
=== RUN   FuzzTxfetcher/88ef90c404705563c5e4263234234412778e62ed
=== RUN   FuzzTxfetcher/88fb3591e7a3e6907d581f5a9a973ad448f236a3
=== RUN   FuzzTxfetcher/8928e0c717a8ad207a03c98de96f9f1c8ecf1ab4
=== RUN   FuzzTxfetcher/897b810e3beebd55e842ebaa669cb461ec549a54
=== RUN   FuzzTxfetcher/8b1e24c7954cf6c3c27dd58491d71db1df64ed05
=== RUN   FuzzTxfetcher/8b2de8092a439f62fdb2411ffd546f48b3a2eccc
=== RUN   FuzzTxfetcher/8c072cc3b29b0fda94a7cff96d372a1cf5d0008f
=== RUN   FuzzTxfetcher/8c4b9f2271f350497e918170cac7ea84ac8bbbf6
=== RUN   FuzzTxfetcher/8c57d4e8a36207a289024e530fc4d3ee2fe70fce
=== RUN   FuzzTxfetcher/8dcd6420b525525b833e9907ee7c1237d268a8af
=== RUN   FuzzTxfetcher/8dee8a063e84fc1616201912d244d569fd85351b
=== RUN   FuzzTxfetcher/8e58705d6672342690e38061ad70563f7f1bd946
=== RUN   FuzzTxfetcher/8e8e13b7711ebc7e26dfa409016a6d86cf4503ba
=== RUN   FuzzTxfetcher/8fdbea5df05f78aaa0bfa673ff9ef1fc8479d2a7
=== RUN   FuzzTxfetcher/90444a8c68232e1e0635aa05428f3994cf372f9d
=== RUN   FuzzTxfetcher/9069ca78e7450a285173431b3e52c5c25299e473
=== RUN   FuzzTxfetcher/91b60d1e53b0951e8e982237cfae5a7df2e77bcd
=== RUN   FuzzTxfetcher/9204d2df71bcb78fed0ec48d420ef792f7210622
=== RUN   FuzzTxfetcher/920695be9e422dec8a02125fcf9d2ddadd20787c
=== RUN   FuzzTxfetcher/92a0a4cf3d39327b24fcd2fa0693d983c20e3f0b
=== RUN   FuzzTxfetcher/92d57e1b54a4b51e2616095fd9d2806dcdd51641
=== RUN   FuzzTxfetcher/937dffeb9952521603c09b943b366c603b5a4dc6
=== RUN   FuzzTxfetcher/9390cba0da4f9eb1c308b251dafd42522cc5715b
=== RUN   FuzzTxfetcher/9391aa09abbe1315d9a32f0207035ac9375066ae
=== RUN   FuzzTxfetcher/94082ea2beca16530d93ce423dc4b62e5578421d
=== RUN   FuzzTxfetcher/9430b49cab2a22545b063e013f2fa8947dc82843
=== RUN   FuzzTxfetcher/943f4ce33ba691dcc782bfbbbb7734544c538382
=== RUN   FuzzTxfetcher/9440f1a1a0bae730ddf9195498f03a4f14eac9e4
=== RUN   FuzzTxfetcher/959b225eed54ad9102c5c011e8aee9fda5231759
=== RUN   FuzzTxfetcher/95b71e9b45b8808b64a00d58262e60647ec6bbeb
=== RUN   FuzzTxfetcher/95f72e782ec6310c4c2c773e81d09e224cdb21d5
=== RUN   FuzzTxfetcher/95fcd99a26153937e47b087d1251dcd3d82667c5
=== RUN   FuzzTxfetcher/960d09b349d7d0a513fe5b3b7cd17ee84c99c08b
=== RUN   FuzzTxfetcher/960e9ebd9166c98cad44da788dc48eedbb9085a6
=== RUN   FuzzTxfetcher/96bc198007789fe1b9f3aba32c49815137d91f9c
=== RUN   FuzzTxfetcher/96fc011e9f6f2f40f06c4e3fcc419a5d7a547b5b
=== RUN   FuzzTxfetcher/97e9ce6ba1c2168dd1f7ce5fb6cbc29d3dd89e75
=== RUN   FuzzTxfetcher/9895f0929eb6c93f75bc174b316224a5ed7b5dd1
=== RUN   FuzzTxfetcher/9916653bab34ac5bf430d143f081b8f9c5dfc35c
=== RUN   FuzzTxfetcher/99c6fc730fd0d471ad8237580561cc13b531c02b
=== RUN   FuzzTxfetcher/9a418c6c943b6f6362a837436b1003d855f9580c
=== RUN   FuzzTxfetcher/9a8fd0f4766b54a24d9c57cd4a1d1e7efda62e5f
=== RUN   FuzzTxfetcher/9b023be9088f6cf7a6e35eae4c65929ce067aabe
=== RUN   FuzzTxfetcher/9cf246bd731bba143122f16ebd394abbfd9ef6fb
=== RUN   FuzzTxfetcher/9d6f191a4e486fdb913337c4ff4323120ac5a8f0
=== RUN   FuzzTxfetcher/9d7b3b47e940fdfbedda72deb03a8de9222792fb
=== RUN   FuzzTxfetcher/9d8813ed248fb08489bcaab16817e49b4c9ef325
=== RUN   FuzzTxfetcher/9d9599fa234de8a2e356f66103e9000188bbe291
=== RUN   FuzzTxfetcher/9df02a450bb94f31f3ab3387c1165d0847da73f1
=== RUN   FuzzTxfetcher/9df6a17dfa7594e1f892efe648a34e493232bdd5
=== RUN   FuzzTxfetcher/9e39cbefdab57c61bcf31b43fd3f65d5ac942e93
=== RUN   FuzzTxfetcher/9e670ab159be4a8a39ba19c1105a88af8c065313
=== RUN   FuzzTxfetcher/9e7429115358fbafa3d7ed5fcfe6a53dbdaa2ea4
=== RUN   FuzzTxfetcher/9e7e124310d564200d86328b9587a3fe7676c31d
=== RUN   FuzzTxfetcher/9ecc6962a03abad071d32585f820325c070c215b
=== RUN   FuzzTxfetcher/9f04c6664ab91c1c3b717b5fe77a35f6e6366ddb
=== RUN   FuzzTxfetcher/9f1a4a0538eabb066996639c9428f835cd4d1685
=== RUN   FuzzTxfetcher/9f9e768625f207cc57fe89781edeef4dc2ebc394
=== RUN   FuzzTxfetcher/9fc29303c5a896c195fb04b294530eb8f6f21309
=== RUN   FuzzTxfetcher/a096929d1c8c346c2fd6b798221a6e17073b1e68
=== RUN   FuzzTxfetcher/a0be0d8fac0098f112584857c689284a70651065
=== RUN   FuzzTxfetcher/a1574ad8700d508e10076b550c52d70596e330d4
=== RUN   FuzzTxfetcher/a27ed24ec59f4f290348becffb900bb49ee2c1fd
=== RUN   FuzzTxfetcher/a2be7d55c3dcea14b4f41ecb938a8080e96ece80
=== RUN   FuzzTxfetcher/a2f23a82ef1d97a0cc8432e4d230d230889ba354
=== RUN   FuzzTxfetcher/a3683bd9d0cbaff87f9a0319cbfc92648c83e38f
=== RUN   FuzzTxfetcher/a37f44c2515b587937a2f8f5d40b8c1508f7f059
=== RUN   FuzzTxfetcher/a3e77cca222f4eda9452db64a6a103775c6aa5c1
=== RUN   FuzzTxfetcher/a4748a1c5da24dc96db6a6ab6a266b31cd6e3e92
=== RUN   FuzzTxfetcher/a4cdc1ab616845a4e30703f8f2c4ada414f05a66
=== RUN   FuzzTxfetcher/a4d7ed5872be23b554169a466a010e05ba8b4280
=== RUN   FuzzTxfetcher/a588f5a8f86c9cf9067fd2eeb534b7d256baefb9
=== RUN   FuzzTxfetcher/a5a902867aa65b6786e462705ff99d18d38a461b
=== RUN   FuzzTxfetcher/a62eb04acad7e15f21077e2772cf5ff719b747e8
=== RUN   FuzzTxfetcher/a663161a5f817c27efa6315eea42a76d73424116
=== RUN   FuzzTxfetcher/a68a2d38db820784e29f31b74c49a56a7499bbad
=== RUN   FuzzTxfetcher/a78137fe5165adbb508bcde2b3536026cc183c69
=== RUN   FuzzTxfetcher/a79d70733533154ce2b4bcb88488cdf07161bc42
=== RUN   FuzzTxfetcher/a7a8285676b91d851591a1adeb30810e8310b898
=== RUN   FuzzTxfetcher/a7b77e63e3a404f865cad33dc968cad6ee9e1ce4
=== RUN   FuzzTxfetcher/a8ac00e031cb8f613a49b89419f6eb2d2602118e
=== RUN   FuzzTxfetcher/a8e8c98962985d6b7e8417d077b3faba6232482c
=== RUN   FuzzTxfetcher/a91d7d957e0b2c2eb9341c310d9391355dd7f31c
=== RUN   FuzzTxfetcher/aac9b857ff41ddef7e5e1f3c8e948bbf56c436ee
=== RUN   FuzzTxfetcher/abb0fc328c090dacbd18385c09fec6fa5490fcfe
=== RUN   FuzzTxfetcher/abf51ec59492214989f57be6cdcb8b69569e80a2
=== RUN   FuzzTxfetcher/ac06c55f701feff4e01f1c594847ba9d554a55af
=== RUN   FuzzTxfetcher/ac8a9659e425ede7b17430bae4ec2f09db16ff1e
=== RUN   FuzzTxfetcher/acb96a7233beed0e35cb4b18caada54ef2a382b4
=== RUN   FuzzTxfetcher/ad14333bb15fde5e61c148d0ecf499ffce0c7533
=== RUN   FuzzTxfetcher/ad41564fe5dde7810c20e74b7315396836a9aae1
=== RUN   FuzzTxfetcher/ae054036139b40c3d6c18d1da155a09ded0debce
=== RUN   FuzzTxfetcher/ae4bef5d3672a66580660cf7e2a0840b59685de0
=== RUN   FuzzTxfetcher/af39cefe09eb32a19c5eed2045f41d630e5d7b21
=== RUN   FuzzTxfetcher/af862915136f71dbc2f70498390a277d8f1876b5
=== RUN   FuzzTxfetcher/b00403e9577da53da2b43b4feab395fd8e2c9dcc
=== RUN   FuzzTxfetcher/b0c579bae1be13529570c56fd8464e43c6926b05
=== RUN   FuzzTxfetcher/b0f98562caac42e6a55371555a357a47e050e419
=== RUN   FuzzTxfetcher/b12b885663cfbdcc8260ab3e722bbc2ee019629c
=== RUN   FuzzTxfetcher/b161478ed8e1305491f63bd7172e0c64459ce52d
=== RUN   FuzzTxfetcher/b2ce764b9b023bada3d7ea88c6b67e82dc8725ab
=== RUN   FuzzTxfetcher/b2dc82832ac65386d9a87266567c321207b402f3
=== RUN   FuzzTxfetcher/b403236e7e414f627b2ff2536da973914f1e3cc6
=== RUN   FuzzTxfetcher/b46116f234519cada74fd4c1a26adedff469bf4c
=== RUN   FuzzTxfetcher/b4855644c941317299c3e9386c4501d98c9696b0
=== RUN   FuzzTxfetcher/b4c86acbad3b7edac01dd5852c54795bc55ba620
=== RUN   FuzzTxfetcher/b505ad9dc3e2f8a45dca5347951078f787d42054
=== RUN   FuzzTxfetcher/b522f2074fe4855f910de411430662b982397452
=== RUN   FuzzTxfetcher/b6a7102481ddac3c38fc86f4b4bc83d5222c1bd3
=== RUN   FuzzTxfetcher/b70c823c29f853d369b8f2d0a1325e7c4f25b687
=== RUN   FuzzTxfetcher/b78a29965e65eada68dab3367ced97a91b51fc2d
=== RUN   FuzzTxfetcher/b7cc52d3d9c84209702b22d551741ef5dba1242c
=== RUN   FuzzTxfetcher/b88a4d2288bd4f49e1cdc6624e3e27de3ee9bf9b
=== RUN   FuzzTxfetcher/b8a431256334ac01d4a0f693dc5d4780a88bc281
=== RUN   FuzzTxfetcher/b949be9f80a9df33b2f7cede301c3477404ced69
=== RUN   FuzzTxfetcher/b94ec358ba7239ac192dd4aab9bb79836408cf09
=== RUN   FuzzTxfetcher/b9dcd4a58ef5af99f1ad5c33cac3819a782021d8
=== RUN   FuzzTxfetcher/ba7dc32f036f8b364a31fac435c5ad9eeb8bee95
=== RUN   FuzzTxfetcher/ba907838dad7e67b4daab246700b9ceaaa853177
=== RUN   FuzzTxfetcher/baafb1247fbcc161fa0512a48c0aaee0553b74a4
=== RUN   FuzzTxfetcher/bb5d4d338673c263368bb21ef9cf01c3a47348f3
=== RUN   FuzzTxfetcher/bb5ebebce663ba95a924eb3aa6c2254d842d8174
=== RUN   FuzzTxfetcher/bb92a4117261815ef4ade5ac485ac4503b116dc8
=== RUN   FuzzTxfetcher/bc8962a9ceea86df8828972e4d544d8101426792
=== RUN   FuzzTxfetcher/bca5a750fcd6d4a8a8ed6c20c077eda0bc5f3f24
=== RUN   FuzzTxfetcher/bd14592a5d41353b81db6a84a95be0befa4b5814
=== RUN   FuzzTxfetcher/bdfa7846e2819b018fe50085156074891ee901b0
=== RUN   FuzzTxfetcher/be6e81999d3b80eaeba1f4872e9d4dd21f91a7bd
=== RUN   FuzzTxfetcher/be6f32c7885424a60529f4d7a6f2df6d90fe3f6a
=== RUN   FuzzTxfetcher/beb5a3e99724028e8de4967f85268d395b8ea12b
=== RUN   FuzzTxfetcher/becd7b8c9407b2337e416e27a23c46bfd8471f5a
=== RUN   FuzzTxfetcher/bf372555d10170f9e34a47f059ff302f67fcf7e3
=== RUN   FuzzTxfetcher/bfbe5bf1c2ee3be5bd0cc262ed86337e19fc6d4b
=== RUN   FuzzTxfetcher/bff873f520a382287f6a607f4fe2bf4b94127b8b
=== RUN   FuzzTxfetcher/c00272b09d9130ac79a08e6b70f0760d5b4630d5
=== RUN   FuzzTxfetcher/c0738532c29b40a3b11e1ed96a735c40ff07215a
=== RUN   FuzzTxfetcher/c0edb0a2e9882e9da7e7bfe206ab6d0e6f574eb1
=== RUN   FuzzTxfetcher/c0fb1fb15c20f54cff476aaa0294e2b175aec983
=== RUN   FuzzTxfetcher/c1756548b1c979600d6c58b0d716474e75b8c4a0
=== RUN   FuzzTxfetcher/c1889909dde4d1c8c4985a0a2eefc0286635aa99
=== RUN   FuzzTxfetcher/c1b4e9c6b92637552f1ae846b73b2015f8d61dc3
=== RUN   FuzzTxfetcher/c29747346d8691d72a7e241ef156d3cb61452a73
=== RUN   FuzzTxfetcher/c2c9362d8202c3e4feca0efd1811b19aa0574a05
=== RUN   FuzzTxfetcher/c2cd358347513dcee2ea3006893b43c05720d76d
=== RUN   FuzzTxfetcher/c2d4431ea2087a19844d83c0a0258e8b1ddceea9
=== RUN   FuzzTxfetcher/c2eac1375c2a805c74dde0e571fda9fb44f6cb87
=== RUN   FuzzTxfetcher/c3188632aa9cb7f2a7556e5a1630782397122583
=== RUN   FuzzTxfetcher/c37a03e47776f22b106f99f869f029ef39078636
=== RUN   FuzzTxfetcher/c3cf00104be693a745e7e12baa57dcc2b64e0904
=== RUN   FuzzTxfetcher/c42d5f3531e68064a77f75277b7c2c27fde4903f
=== RUN   FuzzTxfetcher/c457070c8039bb57c3bb758ed62301382b3a03b7
=== RUN   FuzzTxfetcher/c4898f5eec4a5bcd85c11e3d2b8733dfcb1f66c0
=== RUN   FuzzTxfetcher/c4e6d3df1b2ed80d5d601f88fe9b7cbb78ec003d
=== RUN   FuzzTxfetcher/c4f7379a71525fb732a9a6977e520a94eb7467b9
=== RUN   FuzzTxfetcher/c59dffbdb68badf0d25102fb59c55c6d844b1fde
=== RUN   FuzzTxfetcher/c605e279a6ffd3a351bb5581f9ab518e95493f94
=== RUN   FuzzTxfetcher/c6067adc12bd9d8276986030272232826a892425
=== RUN   FuzzTxfetcher/c7124ed1138a82c4dd611ed87ec086d1a349dfb7
=== RUN   FuzzTxfetcher/c768562a46306fad30ad7b52510b16c7d7123b1b
=== RUN   FuzzTxfetcher/c7968da8563487cb54208ac24b7d001665ac32f2
=== RUN   FuzzTxfetcher/c7eaafa89b98d66ea10d0689683650b9c609b91d
=== RUN   FuzzTxfetcher/c8621356adfbde93e84b9f3e076913c4fc3535a8
=== RUN   FuzzTxfetcher/c87729f8d0012dea0e18dadf454e9cde9e971caa
=== RUN   FuzzTxfetcher/c89ad11f48ec2e6450bf97880582aef437014b04
=== RUN   FuzzTxfetcher/c93cf9a3822fcecb025e81a0ecfdd21caf5aaf8c
=== RUN   FuzzTxfetcher/c9488116582c28e037ff046d70db9d42dcfd7706
=== RUN   FuzzTxfetcher/c99f2443dfdfaeaa6d39eeebabb346623507468a
=== RUN   FuzzTxfetcher/c9aab462dff41fddc059717c2772450752f1dd71
=== RUN   FuzzTxfetcher/c9b28c28c92323bcb74ccdc6ec3b99c4a43672a1
=== RUN   FuzzTxfetcher/ca19db28a9dfccfebd0c8adcf22af45110677b69
=== RUN   FuzzTxfetcher/ca672a315ad5b6dc115659c73c6a2f92f643cbd2
=== RUN   FuzzTxfetcher/cab926af66d09a2d897f0b1c6d370a354e31684a
=== RUN   FuzzTxfetcher/caf2d96dde93f50b26a6438b28f6e8e9e60fd827
=== RUN   FuzzTxfetcher/cb4a8db6ce5b17c2678a0aa8a97b6563aa9d77f3
=== RUN   FuzzTxfetcher/ccaf83e865ee33d367b12df5adcd5ea739823cb6
=== RUN   FuzzTxfetcher/cda94ca45c69a87b731a76b95d502aa684c4b35d
=== RUN   FuzzTxfetcher/ce3b81e2ae2a7c4f2da0f56e4054677c95111cfe
=== RUN   FuzzTxfetcher/ce56d7765114800fdae0bb18fea8546f07ab1b4f
=== RUN   FuzzTxfetcher/cf41714b2bb6f3771f40d8479aa045491e17784d
=== RUN   FuzzTxfetcher/cf562df5bfc8d9ea6d4bfaa256589ec4506a417e
=== RUN   FuzzTxfetcher/cf9dc19e0b523b3a770ed161a7944a9a65ee7407
=== RUN   FuzzTxfetcher/cfe04509581faa7a3c88059afd0cc051989c7231
=== RUN   FuzzTxfetcher/d08f88df745fa7950b104e4a707a31cfce7b5841
=== RUN   FuzzTxfetcher/d0f1d1f1320fa854c69d1d9386463e688e79b733
=== RUN   FuzzTxfetcher/d12a2b06b78306f66bab7b46b113745582bdcb61
=== RUN   FuzzTxfetcher/d277631ea7edae92dacee700baf22e0d1b4c5e28
=== RUN   FuzzTxfetcher/d3cc34123f6e6a2dceb4b3159cdff689788f8b9b
=== RUN   FuzzTxfetcher/d422d56c4c25c80931b0b3379b869fa70ef0a4b7
=== RUN   FuzzTxfetcher/d45f8277c660c3ceeb4d69a6032a62fe14cbc170
=== RUN   FuzzTxfetcher/d4c1e56f12e05e52b782610b4901201bb03249e0
=== RUN   FuzzTxfetcher/d54fa35eb1fc9c6cfb780e2ef65f0788642a452f
=== RUN   FuzzTxfetcher/d5c9581e2c84f0544f6f9fd1d8c922327d5e8f19
=== RUN   FuzzTxfetcher/d5d4dc81d1c50a10e60a606e502dcca14eb7e769
=== RUN   FuzzTxfetcher/d5d5228085d45b515eaed81ebf6ff40885bd34ee
=== RUN   FuzzTxfetcher/d60dc6aee212bd5152efd82e1c36b8fa19a1b3d0
=== RUN   FuzzTxfetcher/d67e106870137bc2726d6492b6792460de2da7fb
=== RUN   FuzzTxfetcher/d6ecbed83c6dedf2308f27bda00535e2b8029945
=== RUN   FuzzTxfetcher/d7369e5b0d632625e24637d3124c53d88475e772
=== RUN   FuzzTxfetcher/d778b2e5d408a933aa851d482f1823bc7d21911f
=== RUN   FuzzTxfetcher/d7a1e896ddb3b4e9fe80659a12c0201c43b2af89
=== RUN   FuzzTxfetcher/d7c16d565ab38bc4f55fa14b5c6f41024cfa74d1
=== RUN   FuzzTxfetcher/d7c26eb9883806b46a31aee77634a4659716d3e4
=== RUN   FuzzTxfetcher/d7f7e32bd5e6ddbd4ec359ca10a5bdf7d1ac7664
=== RUN   FuzzTxfetcher/d8193e81b9c05ba80210cd326cf90445f7a40d21
=== RUN   FuzzTxfetcher/d8a195240c288e3f8050df6cf4b26ff89dbd164d
=== RUN   FuzzTxfetcher/d8aeb2b1a6ab647164888153e4daac45ff81c74b
=== RUN   FuzzTxfetcher/d9a49e8ee2f269710a81989069c745d8a7e2cf0d
=== RUN   FuzzTxfetcher/d9d389ff6f15eb305814b2478bf9b1b3f2f4fa31
=== RUN   FuzzTxfetcher/d9ea6892b169c6228547085f31d1edd8aa814832
=== RUN   FuzzTxfetcher/da1c48d112e800c493c4db8100c79c1dfcce033b
=== RUN   FuzzTxfetcher/dacada5ea94aa3e171ee9042348d1e058bdf6321
=== RUN   FuzzTxfetcher/dafad1296a87f0202ede2a1d9322d6a355eb9815
=== RUN   FuzzTxfetcher/db965cab24f2088c5772ec00e6957222c86d2391
=== RUN   FuzzTxfetcher/dbdaa5ac906edf9098a3a84a519fdbf1679a1904
=== RUN   FuzzTxfetcher/dc766472677735792873f362e2fa1c9df4865bba
=== RUN   FuzzTxfetcher/dc837898eabf609f8fa507d0aa8fa58e19d6faf3
=== RUN   FuzzTxfetcher/dcca4fdd6dc4d098642490b3c0c4795a05405800
=== RUN   FuzzTxfetcher/dd917ee8c1ef14137118ccf3f2ca1c644cc9efba
=== RUN   FuzzTxfetcher/dea0bb563b78a12733d1a1ecf2ccd2577b0d5e09
=== RUN   FuzzTxfetcher/dea8e1cb6969fcc8b457c5186e04c542340ac645
=== RUN   FuzzTxfetcher/df52cb4de5b88e477b41fcc76acfafb4ec568789
=== RUN   FuzzTxfetcher/df56444b957ce46a50468e158ae18e82f50d0489
=== RUN   FuzzTxfetcher/e097c8189e2879ac421551d7af665303b1e45abe
=== RUN   FuzzTxfetcher/e0acc006ccbd5842cee21a6f66b570c955c49f12
=== RUN   FuzzTxfetcher/e0c99dfffd9c5b3a96ecbdd58d4bf551875ce72a
=== RUN   FuzzTxfetcher/e1316453c4a07620c8b0cc83574cb7dddd717a24
=== RUN   FuzzTxfetcher/e1b0b4adfa3fc367b1d28a040bfc3e6ad0ab1c4f
=== RUN   FuzzTxfetcher/e2656a267bf74fa49c3d9002f0c7e0a935a40209
=== RUN   FuzzTxfetcher/e2d11629ab8b39f8575be13f5239b3d8a150c8fc
=== RUN   FuzzTxfetcher/e2e12633c9b5b1d3f85d3ee2dbb9a9d45a20ba3b
=== RUN   FuzzTxfetcher/e38d6970db52e87fdf1ee2d336450769cd808e6b
=== RUN   FuzzTxfetcher/e3e70582b07b2a3f523b0c62279e838ab897ff3a
=== RUN   FuzzTxfetcher/e516be36b963fd423f7b88141c19afe78584cf5d
=== RUN   FuzzTxfetcher/e5b4e7e5316fb32adb410aaf4544e6450bca6e9f
=== RUN   FuzzTxfetcher/e64b7f92bd08af5b4b478c646b1eb5b465a13fbd
=== RUN   FuzzTxfetcher/e6cd8b6a9f755da93921b38921a5827fb07d0935
=== RUN   FuzzTxfetcher/e7914925075de3c8d8fdaa8369b4aff7c17fb67a
=== RUN   FuzzTxfetcher/e7ba76080b4d7013a8e42ccc475760d53214c514
=== RUN   FuzzTxfetcher/e805b372f059f7b8723b01bc36381603dda9e603
=== RUN   FuzzTxfetcher/e808c5530ba8f2ff5735e518d535471666c25b26
=== RUN   FuzzTxfetcher/ead6f28f6eed30eeb234733dac83baae09e2cd65
=== RUN   FuzzTxfetcher/eb3a99069c495b4775810a0ab577ace9356c35ae
=== RUN   FuzzTxfetcher/ebfafb97394f319b6e824a113615fa44e8f5479c
=== RUN   FuzzTxfetcher/ecbd32ce7628885149c8311a5e576beeec6070a1
=== RUN   FuzzTxfetcher/ed2eb420eb756b1eabb421de1bf9020ce3279bae
=== RUN   FuzzTxfetcher/efcf017ad1b10383ba631d20697df0c96b13a675
=== RUN   FuzzTxfetcher/f10ff7d13d90f4a1119bf6f6060293cc63ca4ed0
=== RUN   FuzzTxfetcher/f23c9854cfcc5c1d4597f4cc46c7181869144659
=== RUN   FuzzTxfetcher/f29530db78bf050b4caa3211fa145002f3b3adc5
=== RUN   FuzzTxfetcher/f342e9521bf4b657f78a9e47ed6e25426441b36e
=== RUN   FuzzTxfetcher/f376f7b28f7e5ad283afd24c0022446c739a705e
=== RUN   FuzzTxfetcher/f3770290adc0bb59b0dc35ffb22019be7d1bdb2e
=== RUN   FuzzTxfetcher/f38d877cd46f316a730eb2b6542fcd90bc69b27f
=== RUN   FuzzTxfetcher/f465c6a8fca6866a26fa6dc417446255866a8bfb
=== RUN   FuzzTxfetcher/f6c571164fb21ac9035bc90add322ba4655d08ec
=== RUN   FuzzTxfetcher/f72b33e813ea0c1dbd567aab06b9d920d10bffdb
=== RUN   FuzzTxfetcher/f7754fb156f1b07487bc64b15d169f975ebecd40
=== RUN   FuzzTxfetcher/f7bc5ff869f255b8a712335b744cf5a60e8808b0
=== RUN   FuzzTxfetcher/f7dd8031a3bc6bd9c8dd075aab8bf739982939ca
=== RUN   FuzzTxfetcher/f87fb4e0a4a6daa1da3470b647e108127543fe1e
=== RUN   FuzzTxfetcher/f8b541409f6064e951539aeae4e5d77bb9d64448
=== RUN   FuzzTxfetcher/f9d46c864e5b553dee2d9d794891d8e9c8b6d842
=== RUN   FuzzTxfetcher/faa0a5b4443f68a6076631110fe7f4f623d956a5
=== RUN   FuzzTxfetcher/fb37dc17d92f6c8e994095adba45ca8646092acb
=== RUN   FuzzTxfetcher/fbd1307a5609aeb41159645d2be9d5412051facb
=== RUN   FuzzTxfetcher/fbfac02496ab03fbc78876401aac2add2f71eac0
=== RUN   FuzzTxfetcher/fc63bfc0c70f145e4a979832a17d4d2011337997
=== RUN   FuzzTxfetcher/fc6f1ad0eb34cf641729f2172a0a85549d85a979
=== RUN   FuzzTxfetcher/fcc076e5ac641a3da2cdf2b5b63cbed2103f30b2
=== RUN   FuzzTxfetcher/fce3bfdffccb0f5ba9842ccd67736259a16225d5
=== RUN   FuzzTxfetcher/fd12aee4fe5bdb5f99c08365e2ef9cd664f78b31
=== RUN   FuzzTxfetcher/fd1b53a0115c577bcaaf4252801ec7c3fc7b3897
=== RUN   FuzzTxfetcher/fd25324884cca6945f65cc4a6e7a74311ea3e517
=== RUN   FuzzTxfetcher/fdf84d83f0845ba21c2fc4325e1ccea54b02a731
=== RUN   FuzzTxfetcher/fea695435847ce4322b90f1f8b6ce05435289153
=== RUN   FuzzTxfetcher/feae6d4a55c35f6d982359df4a2977843f804c7a
=== RUN   FuzzTxfetcher/fedfc997d6c3eae4cd845a8f5937e7dd4c8cd3a2
=== RUN   FuzzTxfetcher/ff07fcb23e1e148e7a8a812a5cdc66fbeb852f9f
=== RUN   FuzzTxfetcher/ff6c2c63e7f6b26c2a65f1a0b9f0c2c20999c28b
--- PASS: FuzzTxfetcher (0.14s)
    --- PASS: FuzzTxfetcher/00341fba050711d495f3ab07bb9071aae3e69d39 (0.00s)
    --- PASS: FuzzTxfetcher/005c1b5db0d3d92d9126dd8e660e5c719d07acc3 (0.00s)
    --- PASS: FuzzTxfetcher/00c52c74fe197a34df43aea2e1feaaddeff4285a (0.00s)
    --- PASS: FuzzTxfetcher/00f807f173b8c6fa80dd4a4b57f137f3191feb24 (0.00s)
    --- PASS: FuzzTxfetcher/0112a0b5f20f59758bcdcf274004adc6616fd89d (0.00s)
    --- PASS: FuzzTxfetcher/017d2b0d34b3434b3b072eab7d907b6ef2c781dd (0.00s)
    --- PASS: FuzzTxfetcher/028418913a6912c72bdb1e8885131c18ad249a4d (0.00s)
    --- PASS: FuzzTxfetcher/02cccc5c1235e765831a5369d78d893703e3b181 (0.00s)
    --- PASS: FuzzTxfetcher/0369476e392f25e7089a06222d2eedd691e083db (0.00s)
    --- PASS: FuzzTxfetcher/03ac4d9c57f05673238fcc7203f374f382397f29 (0.00s)
    --- PASS: FuzzTxfetcher/03e56d3a23046bc092e1e00bb47eb4745a0019a7 (0.00s)
    --- PASS: FuzzTxfetcher/040a32f892847ffa64aa35fba17890eb62fbd40d (0.00s)
    --- PASS: FuzzTxfetcher/05028772d3bda337149c172a5d859c3bb41fb1ef (0.00s)
    --- PASS: FuzzTxfetcher/052885a1aadef88b15599d7c1ae5a8b668a68303 (0.00s)
    --- PASS: FuzzTxfetcher/062bf8bb7cbb8eaab2e02c9254d10cc49f7b04c7 (0.00s)
    --- PASS: FuzzTxfetcher/06523319e0806c5d084776e85712c85d50f934b8 (0.00s)
    --- PASS: FuzzTxfetcher/0668ae4c261b298038f9004828be8a347fc8a263 (0.00s)
    --- PASS: FuzzTxfetcher/06853eaa240a81e32dc885a7c978c190b38cd3e7 (0.00s)
    --- PASS: FuzzTxfetcher/0697c4b90773348576cc3a553cad2288abc40994 (0.00s)
    --- PASS: FuzzTxfetcher/06ad573c06f45afa8e234e007c8078f53341b7a7 (0.00s)
    --- PASS: FuzzTxfetcher/06f5d91cae7c0b9e51df6e8fed81b82aafb479e5 (0.00s)
    --- PASS: FuzzTxfetcher/07064186dea0b5f8edea43bbed2edc5362db0976 (0.00s)
    --- PASS: FuzzTxfetcher/07cdb383ff29169ac723bb312a1ec185a1b9f5b9 (0.00s)
    --- PASS: FuzzTxfetcher/07cf8bcafabdd829aef30ed8fba6d15aac536413 (0.00s)
    --- PASS: FuzzTxfetcher/07f38ee413e79ec75301226b0ae41d34e5b1a1f1 (0.00s)
    --- PASS: FuzzTxfetcher/083ac16df6cf7afeca9fde7783b5ca6baa2abaed (0.00s)
    --- PASS: FuzzTxfetcher/096d35c1d44cb8491863631fe98a3eff7b4b6128 (0.00s)
    --- PASS: FuzzTxfetcher/097260a58aac772f9814ad81ba9206ee8d396a2a (0.00s)
    --- PASS: FuzzTxfetcher/097a5a93038d4c5de9c7f606fda8e81101eaba66 (0.00s)
    --- PASS: FuzzTxfetcher/099276a89188bac6ba6dac3263fa355ab97a3fd9 (0.00s)
    --- PASS: FuzzTxfetcher/09dec2d1f1a07897fc5bf37b99580a5fe247f03d (0.00s)
    --- PASS: FuzzTxfetcher/0a70e0bdf28d8bf77d96d6d3ec3f61e384a0fc95 (0.00s)
    --- PASS: FuzzTxfetcher/0a9a22ae44d2664fe17bec27cb51f35729b0ea5b (0.00s)
    --- PASS: FuzzTxfetcher/0ac78411846aebeafa36a2c1e3368be9b598d3d2 (0.00s)
    --- PASS: FuzzTxfetcher/0aea7f6ed4c7effe15b9e9e73ba2d1b4ee053f29 (0.00s)
    --- PASS: FuzzTxfetcher/0aec232555cb64e08f79fa508f45a37d46916e53 (0.00s)
    --- PASS: FuzzTxfetcher/0ba159d53369d0c40e1825b81b61e7796530cdc9 (0.00s)
    --- PASS: FuzzTxfetcher/0c1c2b79571e1bd5d6121d022d53139d6d01465a (0.00s)
    --- PASS: FuzzTxfetcher/0c6dd7caff97b1894c1d833981aabb0f3dc35f43 (0.00s)
    --- PASS: FuzzTxfetcher/0d4f07625ac7d9399238b52e00ef6b10cefda708 (0.00s)
    --- PASS: FuzzTxfetcher/0dd2497dafa707a9c74e41765acf63802a3be9c0 (0.00s)
    --- PASS: FuzzTxfetcher/0e43e588b93f03f49de78733dfdad83336cc86aa (0.00s)
    --- PASS: FuzzTxfetcher/0fb4363fef72a204778e7c24e846eff8719f8a65 (0.00s)
    --- PASS: FuzzTxfetcher/10134d3d7d38289cbdc37084fddba4979e0d5f1f (0.00s)
    --- PASS: FuzzTxfetcher/1078374664dc8a54ea3eb62a58fc4836e2cb5a83 (0.00s)
    --- PASS: FuzzTxfetcher/107bb912c7d4a8b195374997ccc4fdd6c63e0aab (0.00s)
    --- PASS: FuzzTxfetcher/10c1c2c19d08fecac3617080c195b4e5ac37b535 (0.00s)
    --- PASS: FuzzTxfetcher/1195b0265d13b1e7b182790a49c4dc20bd7be9f2 (0.00s)
    --- PASS: FuzzTxfetcher/11a2dee15e5a08682241f1ce948e27f7f30cb687 (0.00s)
    --- PASS: FuzzTxfetcher/12140e8b40616d02525edfad49b982147084d6eb (0.00s)
    --- PASS: FuzzTxfetcher/13d0862caea636970aa9473c4e35825b7d93afe9 (0.00s)
    --- PASS: FuzzTxfetcher/14027af7f9904fa3e7fcfa80a32110b3de46c75d (0.00s)
    --- PASS: FuzzTxfetcher/141848848dfa936ae31ec4dfe28fc1c922b37894 (0.00s)
    --- PASS: FuzzTxfetcher/14b35a6eca4add248da9ae8d164a870b40de3bf2 (0.00s)
    --- PASS: FuzzTxfetcher/14dbde3e81df68b00facd850f0e9653e0152a7b2 (0.00s)
    --- PASS: FuzzTxfetcher/150c0837ecca9ea1f28fb2ccc9b3a7439f766443 (0.00s)
    --- PASS: FuzzTxfetcher/15f3a52c0f0b79da0aa68a5b0c56a366f491c9d4 (0.00s)
    --- PASS: FuzzTxfetcher/1613fdf71f8b0edcceb1760f3402b51e9cb0e95b (0.00s)
    --- PASS: FuzzTxfetcher/17661b9940f0c1e272a0d1f86388b58b7ffc266f (0.00s)
    --- PASS: FuzzTxfetcher/180be2539eb2b1d68a6fab13a814d962a520e8ea (0.00s)
    --- PASS: FuzzTxfetcher/1824626886815d5c3bd6f7741e96db1ea050c181 (0.00s)
    --- PASS: FuzzTxfetcher/184c6f903f838145863f967bef6353c50ba54de6 (0.00s)
    --- PASS: FuzzTxfetcher/186bfce95929d4975e1e56fc279ad921fab5dc29 (0.00s)
    --- PASS: FuzzTxfetcher/18ad7ead309c28632552fe94cd37a54f2d632a72 (0.00s)
    --- PASS: FuzzTxfetcher/18eec5284221b28aa8d62a11bb1f10e768006b38 (0.00s)
    --- PASS: FuzzTxfetcher/19343dbec391bb8b62dc3dd955ad9ed82d258039 (0.00s)
    --- PASS: FuzzTxfetcher/1a79b29c2e916188c6ab720bf820b331fb41bfd1 (0.00s)
    --- PASS: FuzzTxfetcher/1acdf216603841765b1c076f1ee2e9d573ede3a3 (0.00s)
    --- PASS: FuzzTxfetcher/1b314c57a64a6f731c20c04b3ea52a7cf3da7741 (0.00s)
    --- PASS: FuzzTxfetcher/1b73bfe47867dcba17270e52f1488bbc018630fb (0.00s)
    --- PASS: FuzzTxfetcher/1c36be16c08a631be0da21f5858e422232e3106f (0.00s)
    --- PASS: FuzzTxfetcher/1d3cdff1b0b011c7f49d774b77e805587a681485 (0.00s)
    --- PASS: FuzzTxfetcher/1e00487f8639f70de9c442f6d041858e575b508e (0.00s)
    --- PASS: FuzzTxfetcher/1e6db14a50f47e5afdb9ec7e10e90da558ba2a55 (0.00s)
    --- PASS: FuzzTxfetcher/1e8899b2aecab2c5395e8115567d86c57037b2e0 (0.00s)
    --- PASS: FuzzTxfetcher/1ec619f2e40ee1b6fb81d6ff6761cd7e4841f9bc (0.00s)
    --- PASS: FuzzTxfetcher/1edb3d200bc0f2692b5bf61d5af92b7e09c97add (0.00s)
    --- PASS: FuzzTxfetcher/1f0ee3195909ff767c3f06752a8c247046c56797 (0.00s)
    --- PASS: FuzzTxfetcher/1f12375d9affcbc976b9912840b1eaef6c002af8 (0.00s)
    --- PASS: FuzzTxfetcher/1f1691acb5153ea609144104dbf13129827cd206 (0.00s)
    --- PASS: FuzzTxfetcher/1f7b28b426cb19bab1f3edfb69b597bfcb6f3295 (0.00s)
    --- PASS: FuzzTxfetcher/1f9298b26bc2eb2dbe5f788585c2720294bbbef5 (0.00s)
    --- PASS: FuzzTxfetcher/1fa7fe0cd2c02c28709f21e1b68341358198bc39 (0.00s)
    --- PASS: FuzzTxfetcher/204d1cad0af264c88442ac176591422dea721134 (0.00s)
    --- PASS: FuzzTxfetcher/20b0d2b1c48b074d0454b6c9a4f6979d36a9a7c9 (0.00s)
    --- PASS: FuzzTxfetcher/20c360141ffff1305bf3d9d9ec6ea42003931a27 (0.00s)
    --- PASS: FuzzTxfetcher/2217a0372d772cfc70191754cca40543d800a2ef (0.00s)
    --- PASS: FuzzTxfetcher/223b8d0d5c0cb790e1635133e39e7a95b8c86034 (0.00s)
    --- PASS: FuzzTxfetcher/229b50c79de762e74a23e9d3b2fb00010223c05d (0.00s)
    --- PASS: FuzzTxfetcher/22d4c63c4fd19a7f7b12dcf636235888e852207b (0.00s)
    --- PASS: FuzzTxfetcher/2319df25b73e2d5a9b2c7d4e2a7e1c7efe758c5f (0.00s)
    --- PASS: FuzzTxfetcher/23581ddd1b24e85e0520ed6a8eb65100cedd2b3b (0.00s)
    --- PASS: FuzzTxfetcher/2358a5a0fed1bef7b6edd1569b026ad20286565e (0.00s)
    --- PASS: FuzzTxfetcher/2508f12c451549540b368e61889071b376393c4f (0.00s)
    --- PASS: FuzzTxfetcher/261f8a636cd7281f34966f4d46aa7fa84722644d (0.00s)
    --- PASS: FuzzTxfetcher/264980e75647cb52ac7ddde78eb8d54039762402 (0.00s)
    --- PASS: FuzzTxfetcher/265dd335a125d9040e9273948be5032475b269b5 (0.00s)
    --- PASS: FuzzTxfetcher/26b0b3cb1ced519ac582d2fa17d15190ba344fbc (0.00s)
    --- PASS: FuzzTxfetcher/272c9028c49ea8318ea59ef19a130362113ab055 (0.00s)
    --- PASS: FuzzTxfetcher/27c91f2bc0222ba13a1a761b29c75b99a31aab23 (0.00s)
    --- PASS: FuzzTxfetcher/27f042fa9e2dad08e45e3396dd153808f9d6c1c2 (0.00s)
    --- PASS: FuzzTxfetcher/282d55a3af674c61cf294d4a08dab64b06c2d79c (0.00s)
    --- PASS: FuzzTxfetcher/29854ded72193a89569bfa51fa5f01b25018d1c7 (0.00s)
    --- PASS: FuzzTxfetcher/29afa591dd671c552c16ffc9c9f46d3175a3aff9 (0.00s)
    --- PASS: FuzzTxfetcher/29e2809864a35db80a257f4c398b51d56753995c (0.00s)
    --- PASS: FuzzTxfetcher/29fb042cc6c52265a24e034197a20eec2bfdb67f (0.00s)
    --- PASS: FuzzTxfetcher/2a6640ae12565f61aaa54c78511a06c429bef275 (0.00s)
    --- PASS: FuzzTxfetcher/2a86c2339e2cc0a5a981ee9db0aa4817064a8d83 (0.00s)
    --- PASS: FuzzTxfetcher/2af8da3e7e6fe27456af6bd24c2985f8198be46c (0.00s)
    --- PASS: FuzzTxfetcher/2b20a51eef01063c84301622ba467c5c15db3120 (0.00s)
    --- PASS: FuzzTxfetcher/2b932fd5b3c7c49ad02812acabd3d52a17321742 (0.00s)
    --- PASS: FuzzTxfetcher/2b9c973c3c9dccfe005c99270efe071ac7cae5d7 (0.00s)
    --- PASS: FuzzTxfetcher/2ba173f02ad0553fd61522ef3d0b8df64baae686 (0.00s)
    --- PASS: FuzzTxfetcher/2baf2001cfce03b551fa97f1fa7c293728a47f24 (0.00s)
    --- PASS: FuzzTxfetcher/2c2241b749b869860668d1f85b053472b21df416 (0.00s)
    --- PASS: FuzzTxfetcher/2c7181fec3aec1602f815d38000e4fb1ca6e1a20 (0.00s)
    --- PASS: FuzzTxfetcher/2caab5a525a5fb168a611b6e31d89f277ae07c63 (0.00s)
    --- PASS: FuzzTxfetcher/2cbc6439d67c38f428483d5396e88e465bd51a2d (0.00s)
    --- PASS: FuzzTxfetcher/2cd12aeb81257f8daf5e1ce67f8ffeb1bc1ee4ba (0.00s)
    --- PASS: FuzzTxfetcher/2ce12827f435f4afa45dbb42c7955ecaf005ca1e (0.00s)
    --- PASS: FuzzTxfetcher/2d0f04d762ca532a07b211c88b69ee12f4d12b91 (0.00s)
    --- PASS: FuzzTxfetcher/2d4acdd067080a54b607ca5e5477987a7c799a66 (0.00s)
    --- PASS: FuzzTxfetcher/2deb333659156463f22264924268f90c30cd305b (0.00s)
    --- PASS: FuzzTxfetcher/2e4933d0dd00326a6d2e0063d8ea2808f0b3fe56 (0.00s)
    --- PASS: FuzzTxfetcher/2eb6b25a82a0467be5b31b374def959c064e7ecc (0.00s)
    --- PASS: FuzzTxfetcher/2f6b8e5aab297f1133a53731ab2ff010a589b83a (0.00s)
    --- PASS: FuzzTxfetcher/2f8bee773a776723bbdf1e6c111b3c83a1a5d75a (0.00s)
    --- PASS: FuzzTxfetcher/30482e226a418003a2d472d6632529997bdc0be3 (0.00s)
    --- PASS: FuzzTxfetcher/304c8d5013de89a203f7bea4a438cf2f2bba16dc (0.00s)
    --- PASS: FuzzTxfetcher/307a7a5cfa848077ae5bd9dd5d19390f196d48ca (0.00s)
    --- PASS: FuzzTxfetcher/30aecaaf8d1f1905518eb0b3196690be64164650 (0.00s)
    --- PASS: FuzzTxfetcher/30d920e0790b37998f48547995efbcdec43fb0e8 (0.00s)
    --- PASS: FuzzTxfetcher/311eb4fcc2a19f547d0d06dd869c3c17c5d5eb5b (0.00s)
    --- PASS: FuzzTxfetcher/315e1fc351a046b170e2dad16c46865b24cf8a11 (0.00s)
    --- PASS: FuzzTxfetcher/3164794e9fddb0beedcac6fc4ef2306a0209b3ff (0.00s)
    --- PASS: FuzzTxfetcher/31c4fd37fec1070c7fe846eb728e09ba79c6b9a8 (0.00s)
    --- PASS: FuzzTxfetcher/31c8500c188aeb82df5e74839facc20435940030 (0.00s)
    --- PASS: FuzzTxfetcher/32096c2e0eff33d844ee6d675407ace18289357d (0.00s)
    --- PASS: FuzzTxfetcher/3269c72110f0b5a22e49323df364ddb5b6a5cc38 (0.00s)
    --- PASS: FuzzTxfetcher/330a7718e48891dd1a0a270c123582188efaaef1 (0.00s)
    --- PASS: FuzzTxfetcher/331c87eaaa3a411cf6ff130aa776ff6f529e887c (0.00s)
    --- PASS: FuzzTxfetcher/33bbb31363a512142959ae9750b74880a9c248ee (0.00s)
    --- PASS: FuzzTxfetcher/34058252583844641c325ded259bc21c602d94b7 (0.00s)
    --- PASS: FuzzTxfetcher/3446f0d7a3b08746bb4ee27e5df71ffb7b3fa910 (0.00s)
    --- PASS: FuzzTxfetcher/349ee547a3654bc726fdd8888d05d921eccc45d7 (0.00s)
    --- PASS: FuzzTxfetcher/350aace9253177ac72114e25a011ab50c2cdd295 (0.00s)
    --- PASS: FuzzTxfetcher/3594a2eba8b8f20a773eb1eac1b673965dd52fab (0.00s)
    --- PASS: FuzzTxfetcher/362946e3a5fffdac714293ccb1222f9546ace481 (0.00s)
    --- PASS: FuzzTxfetcher/36dd180f9189a7317de230556258e54252d424c7 (0.00s)
    --- PASS: FuzzTxfetcher/372518276a6d657bfd66e7f07e07acdfca38bfa8 (0.00s)
    --- PASS: FuzzTxfetcher/37af48df976cc8e9f63b19c6648aff37a715efd0 (0.00s)
    --- PASS: FuzzTxfetcher/382f281b62b15e0b824cb613dd3de43a6ee65549 (0.00s)
    --- PASS: FuzzTxfetcher/3837211ceeed00b384b7fc047df40b8ae97f1e1f (0.00s)
    --- PASS: FuzzTxfetcher/383f3c9df9c9bb7de000ac65145f8f330ee40c24 (0.00s)
    --- PASS: FuzzTxfetcher/3923ea25cdf642370f25610977214d5e6b7ad7fa (0.00s)
    --- PASS: FuzzTxfetcher/3bf92725572c4ec5f53adf56ef70d5c3e0b0780e (0.00s)
    --- PASS: FuzzTxfetcher/3ceffedd5496f51f1f9c3640cb1146a35e30a2cf (0.00s)
    --- PASS: FuzzTxfetcher/3d086caea4c713a236890573e86342776e91c2a0 (0.00s)
    --- PASS: FuzzTxfetcher/3dbf970d39a7a644ebf54d46884ec92413524080 (0.00s)
    --- PASS: FuzzTxfetcher/3e7a07211800490aa413c9548125f49c7f3c9b5e (0.00s)
    --- PASS: FuzzTxfetcher/3e8d3d1ad5418fe6a4618dbbfe516d13d542ec64 (0.00s)
    --- PASS: FuzzTxfetcher/3f22e3f9a4a2f9d5168fc4a13a20e3b9734f3486 (0.00s)
    --- PASS: FuzzTxfetcher/3f3676325c17c6565e03406e30fde57fcc980329 (0.00s)
    --- PASS: FuzzTxfetcher/3f86a19740a5026772e60b6cfff6b17e06bd6263 (0.00s)
    --- PASS: FuzzTxfetcher/3fc92595ad4c742a999c8813cc3b7883dfe8c759 (0.00s)
    --- PASS: FuzzTxfetcher/3fdc7d0fd66080559a26b84e1e22598bfce3c7a0 (0.00s)
    --- PASS: FuzzTxfetcher/405166700c2647a9bc03462d5779addcaf9b6575 (0.00s)
    --- PASS: FuzzTxfetcher/410cbefb3cb38b770d77fa1f9e1b4bb3c265a44a (0.00s)
    --- PASS: FuzzTxfetcher/417cdfcdb76dd3eb8452efe696e05a0e164583fa (0.00s)
    --- PASS: FuzzTxfetcher/41b7e77fed6bf6ce9f2bc7db088f2473eebe2148 (0.00s)
    --- PASS: FuzzTxfetcher/4206de49cad51eeb2b1b8666fcd3b516e62c992a (0.00s)
    --- PASS: FuzzTxfetcher/42519e12bed3b58d664cbec47c941e324f379834 (0.00s)
    --- PASS: FuzzTxfetcher/425527f4a2ec2066f1ad01c6e5a1edf5bcb62066 (0.00s)
    --- PASS: FuzzTxfetcher/4256a5c593fe1d42cb37885e144f3ee65ef032ba (0.00s)
    --- PASS: FuzzTxfetcher/4338f6ea164a1d75c9e51df54c596ec416723c57 (0.00s)
    --- PASS: FuzzTxfetcher/43cde23779697989f424266c9f3e4f48d59748ac (0.00s)
    --- PASS: FuzzTxfetcher/43decc8dae68a479c36906117830500d0b678cf6 (0.00s)
    --- PASS: FuzzTxfetcher/441264fc497eef6a8988846871da97e05c6e63da (0.00s)
    --- PASS: FuzzTxfetcher/44ce7fdbf9b06ff0eaf23e07bd3287e034e9b9f2 (0.00s)
    --- PASS: FuzzTxfetcher/44e2e74d0fcecb4bb92747fd415aa277285a9b2d (0.00s)
    --- PASS: FuzzTxfetcher/4958935e187651f99746a917ee6763549475c761 (0.00s)
    --- PASS: FuzzTxfetcher/4a01a54a67504b676d56a6f543d6b6ec0fbf7e99 (0.00s)
    --- PASS: FuzzTxfetcher/4a8235deea3fa70cbe77b19ed0791cf996a730a4 (0.00s)
    --- PASS: FuzzTxfetcher/4ab9a7fa45cee4a326cdcf7f9be40a055779faf6 (0.00s)
    --- PASS: FuzzTxfetcher/4b2b8cc2a92fd27a0402810f9839af9026b7a386 (0.00s)
    --- PASS: FuzzTxfetcher/4b3af5d3e3051be33cb17f1c05f35070a6dc3474 (0.00s)
    --- PASS: FuzzTxfetcher/4b526265005d7cd7fec569485552609aa5cd22dd (0.00s)
    --- PASS: FuzzTxfetcher/4b82fd2180b10f023603673b71293fb0768cce09 (0.00s)
    --- PASS: FuzzTxfetcher/4bdbd11370d23bb025638cda273a048c8fe58fa7 (0.00s)
    --- PASS: FuzzTxfetcher/4c6c78570a5c11d70eb09a615f023c7c8901e794 (0.00s)
    --- PASS: FuzzTxfetcher/4ca0c4bd7b9f453dc7dba3c15cdfc8023f55d782 (0.00s)
    --- PASS: FuzzTxfetcher/4cc66e413833c6b1aa4f916f142bfe0b6b6fa634 (0.00s)
    --- PASS: FuzzTxfetcher/4d6e9dcaefae19120ffd70c8d50ec4968de40d88 (0.00s)
    --- PASS: FuzzTxfetcher/4e29f2a714e1f401023d75139c2d143882fe12d1 (0.00s)
    --- PASS: FuzzTxfetcher/4e47b06ad926de2e06e118a26a4bd75447f85062 (0.00s)
    --- PASS: FuzzTxfetcher/4ecf7dc5044fa23ac7c90a67206bccf3f4f0c90d (0.00s)
    --- PASS: FuzzTxfetcher/508e1e758541bc9e7af7e26772fd3191476420b1 (0.00s)
    --- PASS: FuzzTxfetcher/5115979325f930662f25a31a38c3016d37233b00 (0.00s)
    --- PASS: FuzzTxfetcher/512c7ea6ee691a12632ef968361a152ebde424cb (0.00s)
    --- PASS: FuzzTxfetcher/525a0dd727ae6026ed775855c8b0892c71843595 (0.00s)
    --- PASS: FuzzTxfetcher/531d202d999f76b5e7e82b6a0aef1d180028ed6d (0.00s)
    --- PASS: FuzzTxfetcher/5403ef52ad8011091b91d24dda8f5dfa1f1c0fbb (0.00s)
    --- PASS: FuzzTxfetcher/546372507c7fd1d64a67099c27391ded517dabaf (0.00s)
    --- PASS: FuzzTxfetcher/546bfc76b730be90182e3e2985114a4191cd97d6 (0.00s)
    --- PASS: FuzzTxfetcher/5477829b151baaba2fcf2d349ddd5f05e4c0bf8f (0.00s)
    --- PASS: FuzzTxfetcher/55b85c9379c4072476cfd9a4f6c2502f27cd75b6 (0.00s)
    --- PASS: FuzzTxfetcher/55d5b215045f607460842675125cfc168bd500e1 (0.00s)
    --- PASS: FuzzTxfetcher/563b5d3509287f0dfdf2aacde76b6207f74fca00 (0.00s)
    --- PASS: FuzzTxfetcher/564a66049261954ca8613bc3fc9c3f69e28e39cb (0.00s)
    --- PASS: FuzzTxfetcher/565578a218afcd9684c524f571b0d24935257805 (0.00s)
    --- PASS: FuzzTxfetcher/56d987494d0d1af95674be45b4e04bb57c0e9b8f (0.00s)
    --- PASS: FuzzTxfetcher/57033458f10d2d954d58bc59f8ec98c7b7581f4f (0.00s)
    --- PASS: FuzzTxfetcher/57bf93af064874f599f9afa6e185f4cf83f16564 (0.00s)
    --- PASS: FuzzTxfetcher/5839fcfe53db6e953bab1ef79647594f8a093186 (0.00s)
    --- PASS: FuzzTxfetcher/595ef5923f8d1af4ffccd5f02558d6294a558119 (0.00s)
    --- PASS: FuzzTxfetcher/59b599dcda9a346d45a76f998c0f1cdb7ece63ae (0.00s)
    --- PASS: FuzzTxfetcher/5a2bfa9725d69e17dede92362c5eefe6e23126ca (0.00s)
    --- PASS: FuzzTxfetcher/5a9dbf3f97a0d9f564e5b6aa8bc2e3f5469ad073 (0.00s)
    --- PASS: FuzzTxfetcher/5af02447c229b9e7d4b5956658e48a8a9cf429bc (0.00s)
    --- PASS: FuzzTxfetcher/5b554947680a4bb0704b47e63477f71b55bbea81 (0.00s)
    --- PASS: FuzzTxfetcher/5c3473943390755720fba61ad0532e6c462edb73 (0.00s)
    --- PASS: FuzzTxfetcher/5dfa2aa750df927fa20853dd6034b4849cf910bb (0.00s)
    --- PASS: FuzzTxfetcher/5eae773b6d15c8aa00c47f4b88024542b342c5ea (0.00s)
    --- PASS: FuzzTxfetcher/5f9962f9fef4e4c7c18283c825519f6e0d6de4ca (0.00s)
    --- PASS: FuzzTxfetcher/5f9b52b59f2151209f456f8b18f11cf9e8454d54 (0.00s)
    --- PASS: FuzzTxfetcher/5fa02ca262eaa445c6952b812abb60bee67cfc8f (0.00s)
    --- PASS: FuzzTxfetcher/5fa497a946e055004cbebf39d7355fce0243eed1 (0.00s)
    --- PASS: FuzzTxfetcher/605cc9c0a8dd709c184fe22714223f3e98a9223a (0.00s)
    --- PASS: FuzzTxfetcher/611f8de970b513ae6782baab3d994431e3f77bf8 (0.00s)
    --- PASS: FuzzTxfetcher/619dfb0ba3a18f4c20517faf308a344cab2698b6 (0.00s)
    --- PASS: FuzzTxfetcher/61b615765adae31d1de1ee7ec6c6b25330f55005 (0.00s)
    --- PASS: FuzzTxfetcher/61b80dc5502f2aab8e7e29d0f6fb15cc0cd22320 (0.00s)
    --- PASS: FuzzTxfetcher/623dfb202b6a2db3c82aaa3cd5bef1bb71fa0f3b (0.00s)
    --- PASS: FuzzTxfetcher/62e29231048a40a25d1ab02d4eb1af27b634845e (0.00s)
    --- PASS: FuzzTxfetcher/62f23bf885eb2f7d4c69e81ed7f1cf9f66f9f119 (0.00s)
    --- PASS: FuzzTxfetcher/637b97753516b2610911c27c07878a194543ba87 (0.00s)
    --- PASS: FuzzTxfetcher/639fb6b2590a44fbaabb5dd2d37172ece31487ea (0.00s)
    --- PASS: FuzzTxfetcher/63c0b142ec1411ed918a93f465c5ea67799140ec (0.00s)
    --- PASS: FuzzTxfetcher/640f126a50c74d38fddc11112a43f0b7fc4e59a7 (0.00s)
    --- PASS: FuzzTxfetcher/643ddb6dbbaf6b03742ee7a09b4291e534d35992 (0.00s)
    --- PASS: FuzzTxfetcher/64545f9be1b67d6b8d1436ebd0e8004d8d11c05a (0.00s)
    --- PASS: FuzzTxfetcher/648e62628dac86d3bfbf97de9ac4cca7e6bd5f83 (0.00s)
    --- PASS: FuzzTxfetcher/649da7a1af7770b0ced1a713dc130f30444564eb (0.00s)
    --- PASS: FuzzTxfetcher/64e2870e6759032b5e35984936c1aab39f9799d2 (0.00s)
    --- PASS: FuzzTxfetcher/651f0e8ba51575f0815e426d63f415e33045725c (0.00s)
    --- PASS: FuzzTxfetcher/653854587096fdb63073e403a70b53117287d288 (0.00s)
    --- PASS: FuzzTxfetcher/65b41d5430c3e7eb25b0b7571b622f31af0ce16a (0.00s)
    --- PASS: FuzzTxfetcher/65bae260869420040942c591fda900f14c99f617 (0.00s)
    --- PASS: FuzzTxfetcher/6809d66f9c6fc5efa6398ec2a63a25b01d38c71b (0.00s)
    --- PASS: FuzzTxfetcher/687acf110c95cb3a4887b6ceb9afd7932e70f045 (0.00s)
    --- PASS: FuzzTxfetcher/68e9e1f68c03f01af0183219e81514e8eb474101 (0.00s)
    --- PASS: FuzzTxfetcher/6979d1f3877373ecf3d26b6b6c9eeeb99e1e01de (0.00s)
    --- PASS: FuzzTxfetcher/69d3610bdde683eae8e1059a3add7a77b1ec72d8 (0.00s)
    --- PASS: FuzzTxfetcher/6a2919c2fac0233495c929ce70820556d1a717e4 (0.00s)
    --- PASS: FuzzTxfetcher/6ab5d5a613f736deb57034f312169b457b73bf50 (0.00s)
    --- PASS: FuzzTxfetcher/6afcf42af685614dacfa3c27834a4870ae972222 (0.00s)
    --- PASS: FuzzTxfetcher/6b5662f32c4bd338aa1c4990e00fa98f1db981ce (0.00s)
    --- PASS: FuzzTxfetcher/6bf48b67600ddbe3c816b8429a378af3d48b7d84 (0.00s)
    --- PASS: FuzzTxfetcher/6c10c36dee60f5e2afeb74241d141be3c33b02ae (0.00s)
    --- PASS: FuzzTxfetcher/6c3fc619e6d91e86529a0c88cbcb74f6c1c7890c (0.00s)
    --- PASS: FuzzTxfetcher/6d7b719a6b95db044f94bbbed63c210c7381de72 (0.00s)
    --- PASS: FuzzTxfetcher/6e010b3668560a817d7a541839ea3d3394f405d2 (0.00s)
    --- PASS: FuzzTxfetcher/6e22108a4ab7e4f170f1e6a6ae5be52ebc488500 (0.00s)
    --- PASS: FuzzTxfetcher/6e4e078039de4f6b6ec9b15d8e1aeed5387046b7 (0.00s)
    --- PASS: FuzzTxfetcher/6e979cfef78dd7f88d174cb2d0eaa026ef32b5a9 (0.00s)
    --- PASS: FuzzTxfetcher/6fe30139f97efd6c3daa2d8ae0badec72a906b70 (0.00s)
    --- PASS: FuzzTxfetcher/70175f546a2fe45998c3178fa16c24edc173f9ec (0.00s)
    --- PASS: FuzzTxfetcher/7048711f74fe75cbf45af485adfb4b3c966ff23c (0.00s)
    --- PASS: FuzzTxfetcher/704f5559c34be73fd17420e1b40cada1481ee859 (0.00s)
    --- PASS: FuzzTxfetcher/70ec14810cbb9024e38b79557be222b7dba0c375 (0.00s)
    --- PASS: FuzzTxfetcher/716f02f172d13286e31e929c881d2c0dc9a4efe3 (0.00s)
    --- PASS: FuzzTxfetcher/71c4db8405d4590abaae832d55ab6f275ba32dfb (0.00s)
    --- PASS: FuzzTxfetcher/71ddce0db5977698314daf4dfb89531d9354704e (0.00s)
    --- PASS: FuzzTxfetcher/722dc34f71ebe496c926c74f9f89311728f8bc6c (0.00s)
    --- PASS: FuzzTxfetcher/74539ec6fc5ff294995252c9d4232d0a3ebe5926 (0.00s)
    --- PASS: FuzzTxfetcher/75266d32fec3523b0a9a67a5367c47b21aa3b812 (0.00s)
    --- PASS: FuzzTxfetcher/75267b86a387c4cdf67bf8f80f36fb54774f0b2d (0.00s)
    --- PASS: FuzzTxfetcher/769bc0d2ff8c9f47e3b6e01d109d40492f0f82a6 (0.00s)
    --- PASS: FuzzTxfetcher/76ee8fa4fe2b2ab6a9895bca4ef4a3c0c833b12c (0.00s)
    --- PASS: FuzzTxfetcher/771a237604473d0cda343bb43cadf20cd07a82c8 (0.00s)
    --- PASS: FuzzTxfetcher/77986029831ff7e025359d4f37738ee2b746ba00 (0.00s)
    --- PASS: FuzzTxfetcher/77efcd67d3c3b0b3c012a7dcb23952b0795c0089 (0.00s)
    --- PASS: FuzzTxfetcher/780645a96ad86b87ba141acf0178b9ddc06a140d (0.00s)
    --- PASS: FuzzTxfetcher/783972b69a6c4d0eb3f8cd0991556f51c536ad4b (0.00s)
    --- PASS: FuzzTxfetcher/786832a9f322766cdae2f543f97df8a78bb17b3c (0.00s)
    --- PASS: FuzzTxfetcher/78d89d40ff685f307b4c0988b7e7b2c2316b76a2 (0.00s)
    --- PASS: FuzzTxfetcher/78e76efc815dc65d4f9257909b9ed5798d4dd660 (0.00s)
    --- PASS: FuzzTxfetcher/79cfe6714a8ddf8d516d5838ea616e79fa2e334d (0.00s)
    --- PASS: FuzzTxfetcher/79f1e0ffea085f2c714ed6776819be2a6459251f (0.00s)
    --- PASS: FuzzTxfetcher/7afa2d84bc0bdeefd021ccf0bc7ce5707400c182 (0.00s)
    --- PASS: FuzzTxfetcher/7ba457c312cf619798ca68c5873963a182d61428 (0.00s)
    --- PASS: FuzzTxfetcher/7c1fc11632e7219fd12421b282a25f0fe8a00bf3 (0.00s)
    --- PASS: FuzzTxfetcher/7c8052d65801cf5197e626d0502ef511ec7085aa (0.00s)
    --- PASS: FuzzTxfetcher/7cd44285e5211305d15212565443312d8438cf22 (0.00s)
    --- PASS: FuzzTxfetcher/7d295390024139a629407bee459e9ac1a711d841 (0.00s)
    --- PASS: FuzzTxfetcher/7d926e258a89d4f49c2b080793f7d9d449b50d20 (0.00s)
    --- PASS: FuzzTxfetcher/7d96ab9e5ad8dae2e7a182434ca607da41439b9e (0.00s)
    --- PASS: FuzzTxfetcher/7decd92841fa378e77252b1e9a0ee7e4952a8058 (0.00s)
    --- PASS: FuzzTxfetcher/7df3bcaa8b85ef85a3f37d08a21bc6ed0bf3d551 (0.00s)
    --- PASS: FuzzTxfetcher/7f219ba79785b1f1be1fa81e671a33b0ad904450 (0.00s)
    --- PASS: FuzzTxfetcher/7f3b7bd352d856a2d2dc5819b4a51eb1215ad636 (0.00s)
    --- PASS: FuzzTxfetcher/7fd06aa7bcef420b9389b3c311e67562e3c3d107 (0.00s)
    --- PASS: FuzzTxfetcher/80e8f8783dce997c142716b576eb4c5a1f45480c (0.00s)
    --- PASS: FuzzTxfetcher/8122fd6f7f43432b721ad6b93d9c145d93aac007 (0.00s)
    --- PASS: FuzzTxfetcher/82398eacacab86a8d0fa6ef3074f055b8795aad6 (0.00s)
    --- PASS: FuzzTxfetcher/83ebffae32c33593f9b5781aaf88f1e3a9dcdfcb (0.00s)
    --- PASS: FuzzTxfetcher/847622da8e20f4ae9939d2761a632719b0a636e7 (0.00s)
    --- PASS: FuzzTxfetcher/8592451509bffa1033a08beb3c856efc018c08a1 (0.00s)
    --- PASS: FuzzTxfetcher/859f19c6610323af009b445ed1a93158ea324844 (0.00s)
    --- PASS: FuzzTxfetcher/85a8c50457e05f35f37463362746d536c193dd78 (0.00s)
    --- PASS: FuzzTxfetcher/85fa8e087e5c0bb241265f37498d0e9065be507c (0.00s)
    --- PASS: FuzzTxfetcher/85fd304c44bb68cbf181ebc43061abcaa0567e68 (0.00s)
    --- PASS: FuzzTxfetcher/862e82107cd7d1164fba92d4dda2950300b51a96 (0.00s)
    --- PASS: FuzzTxfetcher/8669ddc9a2d34ee9fdc705b955e483c3f2603641 (0.00s)
    --- PASS: FuzzTxfetcher/86b2272ee775f01cc639d6cd0881b6c4918adcda (0.00s)
    --- PASS: FuzzTxfetcher/86e56ff11d81c6476e5011b055cba449c612ac02 (0.00s)
    --- PASS: FuzzTxfetcher/873afc040598235c98a456fbbb3a199b48fe57cb (0.00s)
    --- PASS: FuzzTxfetcher/8753adb694fe053c68ac846f97fddfd4a8084b2e (0.00s)
    --- PASS: FuzzTxfetcher/877f6ba409ee44edfab47f97ce25aee0282ebb5a (0.00s)
    --- PASS: FuzzTxfetcher/87cfafb57e6ee8ebe31b20b4eeee376739f3fa50 (0.00s)
    --- PASS: FuzzTxfetcher/8876b994f5194055c194a63246d7e625b6e530b2 (0.00s)
    --- PASS: FuzzTxfetcher/88bf08d1f56a479d0a14ca47c454886607e6ef60 (0.00s)
    --- PASS: FuzzTxfetcher/88ef90c404705563c5e4263234234412778e62ed (0.00s)
    --- PASS: FuzzTxfetcher/88fb3591e7a3e6907d581f5a9a973ad448f236a3 (0.00s)
    --- PASS: FuzzTxfetcher/8928e0c717a8ad207a03c98de96f9f1c8ecf1ab4 (0.00s)
    --- PASS: FuzzTxfetcher/897b810e3beebd55e842ebaa669cb461ec549a54 (0.00s)
    --- PASS: FuzzTxfetcher/8b1e24c7954cf6c3c27dd58491d71db1df64ed05 (0.00s)
    --- PASS: FuzzTxfetcher/8b2de8092a439f62fdb2411ffd546f48b3a2eccc (0.00s)
    --- PASS: FuzzTxfetcher/8c072cc3b29b0fda94a7cff96d372a1cf5d0008f (0.00s)
    --- PASS: FuzzTxfetcher/8c4b9f2271f350497e918170cac7ea84ac8bbbf6 (0.00s)
    --- PASS: FuzzTxfetcher/8c57d4e8a36207a289024e530fc4d3ee2fe70fce (0.00s)
    --- PASS: FuzzTxfetcher/8dcd6420b525525b833e9907ee7c1237d268a8af (0.00s)
    --- PASS: FuzzTxfetcher/8dee8a063e84fc1616201912d244d569fd85351b (0.00s)
    --- PASS: FuzzTxfetcher/8e58705d6672342690e38061ad70563f7f1bd946 (0.00s)
    --- PASS: FuzzTxfetcher/8e8e13b7711ebc7e26dfa409016a6d86cf4503ba (0.00s)
    --- PASS: FuzzTxfetcher/8fdbea5df05f78aaa0bfa673ff9ef1fc8479d2a7 (0.00s)
    --- PASS: FuzzTxfetcher/90444a8c68232e1e0635aa05428f3994cf372f9d (0.00s)
    --- PASS: FuzzTxfetcher/9069ca78e7450a285173431b3e52c5c25299e473 (0.00s)
    --- PASS: FuzzTxfetcher/91b60d1e53b0951e8e982237cfae5a7df2e77bcd (0.00s)
    --- PASS: FuzzTxfetcher/9204d2df71bcb78fed0ec48d420ef792f7210622 (0.00s)
    --- PASS: FuzzTxfetcher/920695be9e422dec8a02125fcf9d2ddadd20787c (0.00s)
    --- PASS: FuzzTxfetcher/92a0a4cf3d39327b24fcd2fa0693d983c20e3f0b (0.00s)
    --- PASS: FuzzTxfetcher/92d57e1b54a4b51e2616095fd9d2806dcdd51641 (0.00s)
    --- PASS: FuzzTxfetcher/937dffeb9952521603c09b943b366c603b5a4dc6 (0.00s)
    --- PASS: FuzzTxfetcher/9390cba0da4f9eb1c308b251dafd42522cc5715b (0.00s)
    --- PASS: FuzzTxfetcher/9391aa09abbe1315d9a32f0207035ac9375066ae (0.00s)
    --- PASS: FuzzTxfetcher/94082ea2beca16530d93ce423dc4b62e5578421d (0.00s)
    --- PASS: FuzzTxfetcher/9430b49cab2a22545b063e013f2fa8947dc82843 (0.00s)
    --- PASS: FuzzTxfetcher/943f4ce33ba691dcc782bfbbbb7734544c538382 (0.00s)
    --- PASS: FuzzTxfetcher/9440f1a1a0bae730ddf9195498f03a4f14eac9e4 (0.00s)
    --- PASS: FuzzTxfetcher/959b225eed54ad9102c5c011e8aee9fda5231759 (0.00s)
    --- PASS: FuzzTxfetcher/95b71e9b45b8808b64a00d58262e60647ec6bbeb (0.00s)
    --- PASS: FuzzTxfetcher/95f72e782ec6310c4c2c773e81d09e224cdb21d5 (0.00s)
    --- PASS: FuzzTxfetcher/95fcd99a26153937e47b087d1251dcd3d82667c5 (0.00s)
    --- PASS: FuzzTxfetcher/960d09b349d7d0a513fe5b3b7cd17ee84c99c08b (0.00s)
    --- PASS: FuzzTxfetcher/960e9ebd9166c98cad44da788dc48eedbb9085a6 (0.00s)
    --- PASS: FuzzTxfetcher/96bc198007789fe1b9f3aba32c49815137d91f9c (0.00s)
    --- PASS: FuzzTxfetcher/96fc011e9f6f2f40f06c4e3fcc419a5d7a547b5b (0.00s)
    --- PASS: FuzzTxfetcher/97e9ce6ba1c2168dd1f7ce5fb6cbc29d3dd89e75 (0.00s)
    --- PASS: FuzzTxfetcher/9895f0929eb6c93f75bc174b316224a5ed7b5dd1 (0.00s)
    --- PASS: FuzzTxfetcher/9916653bab34ac5bf430d143f081b8f9c5dfc35c (0.00s)
    --- PASS: FuzzTxfetcher/99c6fc730fd0d471ad8237580561cc13b531c02b (0.00s)
    --- PASS: FuzzTxfetcher/9a418c6c943b6f6362a837436b1003d855f9580c (0.00s)
    --- PASS: FuzzTxfetcher/9a8fd0f4766b54a24d9c57cd4a1d1e7efda62e5f (0.00s)
    --- PASS: FuzzTxfetcher/9b023be9088f6cf7a6e35eae4c65929ce067aabe (0.00s)
    --- PASS: FuzzTxfetcher/9cf246bd731bba143122f16ebd394abbfd9ef6fb (0.00s)
    --- PASS: FuzzTxfetcher/9d6f191a4e486fdb913337c4ff4323120ac5a8f0 (0.00s)
    --- PASS: FuzzTxfetcher/9d7b3b47e940fdfbedda72deb03a8de9222792fb (0.00s)
    --- PASS: FuzzTxfetcher/9d8813ed248fb08489bcaab16817e49b4c9ef325 (0.00s)
    --- PASS: FuzzTxfetcher/9d9599fa234de8a2e356f66103e9000188bbe291 (0.00s)
    --- PASS: FuzzTxfetcher/9df02a450bb94f31f3ab3387c1165d0847da73f1 (0.00s)
    --- PASS: FuzzTxfetcher/9df6a17dfa7594e1f892efe648a34e493232bdd5 (0.00s)
    --- PASS: FuzzTxfetcher/9e39cbefdab57c61bcf31b43fd3f65d5ac942e93 (0.00s)
    --- PASS: FuzzTxfetcher/9e670ab159be4a8a39ba19c1105a88af8c065313 (0.00s)
    --- PASS: FuzzTxfetcher/9e7429115358fbafa3d7ed5fcfe6a53dbdaa2ea4 (0.00s)
    --- PASS: FuzzTxfetcher/9e7e124310d564200d86328b9587a3fe7676c31d (0.00s)
    --- PASS: FuzzTxfetcher/9ecc6962a03abad071d32585f820325c070c215b (0.00s)
    --- PASS: FuzzTxfetcher/9f04c6664ab91c1c3b717b5fe77a35f6e6366ddb (0.00s)
    --- PASS: FuzzTxfetcher/9f1a4a0538eabb066996639c9428f835cd4d1685 (0.00s)
    --- PASS: FuzzTxfetcher/9f9e768625f207cc57fe89781edeef4dc2ebc394 (0.00s)
    --- PASS: FuzzTxfetcher/9fc29303c5a896c195fb04b294530eb8f6f21309 (0.00s)
    --- PASS: FuzzTxfetcher/a096929d1c8c346c2fd6b798221a6e17073b1e68 (0.00s)
    --- PASS: FuzzTxfetcher/a0be0d8fac0098f112584857c689284a70651065 (0.00s)
    --- PASS: FuzzTxfetcher/a1574ad8700d508e10076b550c52d70596e330d4 (0.00s)
    --- PASS: FuzzTxfetcher/a27ed24ec59f4f290348becffb900bb49ee2c1fd (0.00s)
    --- PASS: FuzzTxfetcher/a2be7d55c3dcea14b4f41ecb938a8080e96ece80 (0.00s)
    --- PASS: FuzzTxfetcher/a2f23a82ef1d97a0cc8432e4d230d230889ba354 (0.00s)
    --- PASS: FuzzTxfetcher/a3683bd9d0cbaff87f9a0319cbfc92648c83e38f (0.00s)
    --- PASS: FuzzTxfetcher/a37f44c2515b587937a2f8f5d40b8c1508f7f059 (0.00s)
    --- PASS: FuzzTxfetcher/a3e77cca222f4eda9452db64a6a103775c6aa5c1 (0.00s)
    --- PASS: FuzzTxfetcher/a4748a1c5da24dc96db6a6ab6a266b31cd6e3e92 (0.00s)
    --- PASS: FuzzTxfetcher/a4cdc1ab616845a4e30703f8f2c4ada414f05a66 (0.00s)
    --- PASS: FuzzTxfetcher/a4d7ed5872be23b554169a466a010e05ba8b4280 (0.00s)
    --- PASS: FuzzTxfetcher/a588f5a8f86c9cf9067fd2eeb534b7d256baefb9 (0.00s)
    --- PASS: FuzzTxfetcher/a5a902867aa65b6786e462705ff99d18d38a461b (0.00s)
    --- PASS: FuzzTxfetcher/a62eb04acad7e15f21077e2772cf5ff719b747e8 (0.00s)
    --- PASS: FuzzTxfetcher/a663161a5f817c27efa6315eea42a76d73424116 (0.00s)
    --- PASS: FuzzTxfetcher/a68a2d38db820784e29f31b74c49a56a7499bbad (0.00s)
    --- PASS: FuzzTxfetcher/a78137fe5165adbb508bcde2b3536026cc183c69 (0.00s)
    --- PASS: FuzzTxfetcher/a79d70733533154ce2b4bcb88488cdf07161bc42 (0.00s)
    --- PASS: FuzzTxfetcher/a7a8285676b91d851591a1adeb30810e8310b898 (0.00s)
    --- PASS: FuzzTxfetcher/a7b77e63e3a404f865cad33dc968cad6ee9e1ce4 (0.00s)
    --- PASS: FuzzTxfetcher/a8ac00e031cb8f613a49b89419f6eb2d2602118e (0.00s)
    --- PASS: FuzzTxfetcher/a8e8c98962985d6b7e8417d077b3faba6232482c (0.00s)
    --- PASS: FuzzTxfetcher/a91d7d957e0b2c2eb9341c310d9391355dd7f31c (0.00s)
    --- PASS: FuzzTxfetcher/aac9b857ff41ddef7e5e1f3c8e948bbf56c436ee (0.00s)
    --- PASS: FuzzTxfetcher/abb0fc328c090dacbd18385c09fec6fa5490fcfe (0.00s)
    --- PASS: FuzzTxfetcher/abf51ec59492214989f57be6cdcb8b69569e80a2 (0.00s)
    --- PASS: FuzzTxfetcher/ac06c55f701feff4e01f1c594847ba9d554a55af (0.00s)
    --- PASS: FuzzTxfetcher/ac8a9659e425ede7b17430bae4ec2f09db16ff1e (0.00s)
    --- PASS: FuzzTxfetcher/acb96a7233beed0e35cb4b18caada54ef2a382b4 (0.00s)
    --- PASS: FuzzTxfetcher/ad14333bb15fde5e61c148d0ecf499ffce0c7533 (0.00s)
    --- PASS: FuzzTxfetcher/ad41564fe5dde7810c20e74b7315396836a9aae1 (0.00s)
    --- PASS: FuzzTxfetcher/ae054036139b40c3d6c18d1da155a09ded0debce (0.00s)
    --- PASS: FuzzTxfetcher/ae4bef5d3672a66580660cf7e2a0840b59685de0 (0.00s)
    --- PASS: FuzzTxfetcher/af39cefe09eb32a19c5eed2045f41d630e5d7b21 (0.00s)
    --- PASS: FuzzTxfetcher/af862915136f71dbc2f70498390a277d8f1876b5 (0.00s)
    --- PASS: FuzzTxfetcher/b00403e9577da53da2b43b4feab395fd8e2c9dcc (0.00s)
    --- PASS: FuzzTxfetcher/b0c579bae1be13529570c56fd8464e43c6926b05 (0.00s)
    --- PASS: FuzzTxfetcher/b0f98562caac42e6a55371555a357a47e050e419 (0.00s)
    --- PASS: FuzzTxfetcher/b12b885663cfbdcc8260ab3e722bbc2ee019629c (0.00s)
    --- PASS: FuzzTxfetcher/b161478ed8e1305491f63bd7172e0c64459ce52d (0.00s)
    --- PASS: FuzzTxfetcher/b2ce764b9b023bada3d7ea88c6b67e82dc8725ab (0.00s)
    --- PASS: FuzzTxfetcher/b2dc82832ac65386d9a87266567c321207b402f3 (0.00s)
    --- PASS: FuzzTxfetcher/b403236e7e414f627b2ff2536da973914f1e3cc6 (0.00s)
    --- PASS: FuzzTxfetcher/b46116f234519cada74fd4c1a26adedff469bf4c (0.00s)
    --- PASS: FuzzTxfetcher/b4855644c941317299c3e9386c4501d98c9696b0 (0.00s)
    --- PASS: FuzzTxfetcher/b4c86acbad3b7edac01dd5852c54795bc55ba620 (0.00s)
    --- PASS: FuzzTxfetcher/b505ad9dc3e2f8a45dca5347951078f787d42054 (0.00s)
    --- PASS: FuzzTxfetcher/b522f2074fe4855f910de411430662b982397452 (0.00s)
    --- PASS: FuzzTxfetcher/b6a7102481ddac3c38fc86f4b4bc83d5222c1bd3 (0.00s)
    --- PASS: FuzzTxfetcher/b70c823c29f853d369b8f2d0a1325e7c4f25b687 (0.00s)
    --- PASS: FuzzTxfetcher/b78a29965e65eada68dab3367ced97a91b51fc2d (0.00s)
    --- PASS: FuzzTxfetcher/b7cc52d3d9c84209702b22d551741ef5dba1242c (0.00s)
    --- PASS: FuzzTxfetcher/b88a4d2288bd4f49e1cdc6624e3e27de3ee9bf9b (0.00s)
    --- PASS: FuzzTxfetcher/b8a431256334ac01d4a0f693dc5d4780a88bc281 (0.00s)
    --- PASS: FuzzTxfetcher/b949be9f80a9df33b2f7cede301c3477404ced69 (0.00s)
    --- PASS: FuzzTxfetcher/b94ec358ba7239ac192dd4aab9bb79836408cf09 (0.00s)
    --- PASS: FuzzTxfetcher/b9dcd4a58ef5af99f1ad5c33cac3819a782021d8 (0.00s)
    --- PASS: FuzzTxfetcher/ba7dc32f036f8b364a31fac435c5ad9eeb8bee95 (0.00s)
    --- PASS: FuzzTxfetcher/ba907838dad7e67b4daab246700b9ceaaa853177 (0.00s)
    --- PASS: FuzzTxfetcher/baafb1247fbcc161fa0512a48c0aaee0553b74a4 (0.00s)
    --- PASS: FuzzTxfetcher/bb5d4d338673c263368bb21ef9cf01c3a47348f3 (0.00s)
    --- PASS: FuzzTxfetcher/bb5ebebce663ba95a924eb3aa6c2254d842d8174 (0.00s)
    --- PASS: FuzzTxfetcher/bb92a4117261815ef4ade5ac485ac4503b116dc8 (0.00s)
    --- PASS: FuzzTxfetcher/bc8962a9ceea86df8828972e4d544d8101426792 (0.00s)
    --- PASS: FuzzTxfetcher/bca5a750fcd6d4a8a8ed6c20c077eda0bc5f3f24 (0.00s)
    --- PASS: FuzzTxfetcher/bd14592a5d41353b81db6a84a95be0befa4b5814 (0.00s)
    --- PASS: FuzzTxfetcher/bdfa7846e2819b018fe50085156074891ee901b0 (0.00s)
    --- PASS: FuzzTxfetcher/be6e81999d3b80eaeba1f4872e9d4dd21f91a7bd (0.00s)
    --- PASS: FuzzTxfetcher/be6f32c7885424a60529f4d7a6f2df6d90fe3f6a (0.00s)
    --- PASS: FuzzTxfetcher/beb5a3e99724028e8de4967f85268d395b8ea12b (0.00s)
    --- PASS: FuzzTxfetcher/becd7b8c9407b2337e416e27a23c46bfd8471f5a (0.00s)
    --- PASS: FuzzTxfetcher/bf372555d10170f9e34a47f059ff302f67fcf7e3 (0.00s)
    --- PASS: FuzzTxfetcher/bfbe5bf1c2ee3be5bd0cc262ed86337e19fc6d4b (0.00s)
    --- PASS: FuzzTxfetcher/bff873f520a382287f6a607f4fe2bf4b94127b8b (0.00s)
    --- PASS: FuzzTxfetcher/c00272b09d9130ac79a08e6b70f0760d5b4630d5 (0.00s)
    --- PASS: FuzzTxfetcher/c0738532c29b40a3b11e1ed96a735c40ff07215a (0.00s)
    --- PASS: FuzzTxfetcher/c0edb0a2e9882e9da7e7bfe206ab6d0e6f574eb1 (0.00s)
    --- PASS: FuzzTxfetcher/c0fb1fb15c20f54cff476aaa0294e2b175aec983 (0.00s)
    --- PASS: FuzzTxfetcher/c1756548b1c979600d6c58b0d716474e75b8c4a0 (0.00s)
    --- PASS: FuzzTxfetcher/c1889909dde4d1c8c4985a0a2eefc0286635aa99 (0.00s)
    --- PASS: FuzzTxfetcher/c1b4e9c6b92637552f1ae846b73b2015f8d61dc3 (0.00s)
    --- PASS: FuzzTxfetcher/c29747346d8691d72a7e241ef156d3cb61452a73 (0.00s)
    --- PASS: FuzzTxfetcher/c2c9362d8202c3e4feca0efd1811b19aa0574a05 (0.00s)
    --- PASS: FuzzTxfetcher/c2cd358347513dcee2ea3006893b43c05720d76d (0.00s)
    --- PASS: FuzzTxfetcher/c2d4431ea2087a19844d83c0a0258e8b1ddceea9 (0.00s)
    --- PASS: FuzzTxfetcher/c2eac1375c2a805c74dde0e571fda9fb44f6cb87 (0.00s)
    --- PASS: FuzzTxfetcher/c3188632aa9cb7f2a7556e5a1630782397122583 (0.00s)
    --- PASS: FuzzTxfetcher/c37a03e47776f22b106f99f869f029ef39078636 (0.00s)
    --- PASS: FuzzTxfetcher/c3cf00104be693a745e7e12baa57dcc2b64e0904 (0.00s)
    --- PASS: FuzzTxfetcher/c42d5f3531e68064a77f75277b7c2c27fde4903f (0.00s)
    --- PASS: FuzzTxfetcher/c457070c8039bb57c3bb758ed62301382b3a03b7 (0.00s)
    --- PASS: FuzzTxfetcher/c4898f5eec4a5bcd85c11e3d2b8733dfcb1f66c0 (0.00s)
    --- PASS: FuzzTxfetcher/c4e6d3df1b2ed80d5d601f88fe9b7cbb78ec003d (0.00s)
    --- PASS: FuzzTxfetcher/c4f7379a71525fb732a9a6977e520a94eb7467b9 (0.00s)
    --- PASS: FuzzTxfetcher/c59dffbdb68badf0d25102fb59c55c6d844b1fde (0.00s)
    --- PASS: FuzzTxfetcher/c605e279a6ffd3a351bb5581f9ab518e95493f94 (0.00s)
    --- PASS: FuzzTxfetcher/c6067adc12bd9d8276986030272232826a892425 (0.00s)
    --- PASS: FuzzTxfetcher/c7124ed1138a82c4dd611ed87ec086d1a349dfb7 (0.00s)
    --- PASS: FuzzTxfetcher/c768562a46306fad30ad7b52510b16c7d7123b1b (0.00s)
    --- PASS: FuzzTxfetcher/c7968da8563487cb54208ac24b7d001665ac32f2 (0.00s)
    --- PASS: FuzzTxfetcher/c7eaafa89b98d66ea10d0689683650b9c609b91d (0.00s)
    --- PASS: FuzzTxfetcher/c8621356adfbde93e84b9f3e076913c4fc3535a8 (0.00s)
    --- PASS: FuzzTxfetcher/c87729f8d0012dea0e18dadf454e9cde9e971caa (0.00s)
    --- PASS: FuzzTxfetcher/c89ad11f48ec2e6450bf97880582aef437014b04 (0.00s)
    --- PASS: FuzzTxfetcher/c93cf9a3822fcecb025e81a0ecfdd21caf5aaf8c (0.00s)
    --- PASS: FuzzTxfetcher/c9488116582c28e037ff046d70db9d42dcfd7706 (0.00s)
    --- PASS: FuzzTxfetcher/c99f2443dfdfaeaa6d39eeebabb346623507468a (0.00s)
    --- PASS: FuzzTxfetcher/c9aab462dff41fddc059717c2772450752f1dd71 (0.00s)
    --- PASS: FuzzTxfetcher/c9b28c28c92323bcb74ccdc6ec3b99c4a43672a1 (0.00s)
    --- PASS: FuzzTxfetcher/ca19db28a9dfccfebd0c8adcf22af45110677b69 (0.00s)
    --- PASS: FuzzTxfetcher/ca672a315ad5b6dc115659c73c6a2f92f643cbd2 (0.00s)
    --- PASS: FuzzTxfetcher/cab926af66d09a2d897f0b1c6d370a354e31684a (0.00s)
    --- PASS: FuzzTxfetcher/caf2d96dde93f50b26a6438b28f6e8e9e60fd827 (0.00s)
    --- PASS: FuzzTxfetcher/cb4a8db6ce5b17c2678a0aa8a97b6563aa9d77f3 (0.00s)
    --- PASS: FuzzTxfetcher/ccaf83e865ee33d367b12df5adcd5ea739823cb6 (0.00s)
    --- PASS: FuzzTxfetcher/cda94ca45c69a87b731a76b95d502aa684c4b35d (0.00s)
    --- PASS: FuzzTxfetcher/ce3b81e2ae2a7c4f2da0f56e4054677c95111cfe (0.00s)
    --- PASS: FuzzTxfetcher/ce56d7765114800fdae0bb18fea8546f07ab1b4f (0.00s)
    --- PASS: FuzzTxfetcher/cf41714b2bb6f3771f40d8479aa045491e17784d (0.00s)
    --- PASS: FuzzTxfetcher/cf562df5bfc8d9ea6d4bfaa256589ec4506a417e (0.00s)
    --- PASS: FuzzTxfetcher/cf9dc19e0b523b3a770ed161a7944a9a65ee7407 (0.00s)
    --- PASS: FuzzTxfetcher/cfe04509581faa7a3c88059afd0cc051989c7231 (0.00s)
    --- PASS: FuzzTxfetcher/d08f88df745fa7950b104e4a707a31cfce7b5841 (0.00s)
    --- PASS: FuzzTxfetcher/d0f1d1f1320fa854c69d1d9386463e688e79b733 (0.00s)
    --- PASS: FuzzTxfetcher/d12a2b06b78306f66bab7b46b113745582bdcb61 (0.00s)
    --- PASS: FuzzTxfetcher/d277631ea7edae92dacee700baf22e0d1b4c5e28 (0.00s)
    --- PASS: FuzzTxfetcher/d3cc34123f6e6a2dceb4b3159cdff689788f8b9b (0.00s)
    --- PASS: FuzzTxfetcher/d422d56c4c25c80931b0b3379b869fa70ef0a4b7 (0.00s)
    --- PASS: FuzzTxfetcher/d45f8277c660c3ceeb4d69a6032a62fe14cbc170 (0.00s)
    --- PASS: FuzzTxfetcher/d4c1e56f12e05e52b782610b4901201bb03249e0 (0.00s)
    --- PASS: FuzzTxfetcher/d54fa35eb1fc9c6cfb780e2ef65f0788642a452f (0.00s)
    --- PASS: FuzzTxfetcher/d5c9581e2c84f0544f6f9fd1d8c922327d5e8f19 (0.00s)
    --- PASS: FuzzTxfetcher/d5d4dc81d1c50a10e60a606e502dcca14eb7e769 (0.00s)
    --- PASS: FuzzTxfetcher/d5d5228085d45b515eaed81ebf6ff40885bd34ee (0.00s)
    --- PASS: FuzzTxfetcher/d60dc6aee212bd5152efd82e1c36b8fa19a1b3d0 (0.00s)
    --- PASS: FuzzTxfetcher/d67e106870137bc2726d6492b6792460de2da7fb (0.00s)
    --- PASS: FuzzTxfetcher/d6ecbed83c6dedf2308f27bda00535e2b8029945 (0.00s)
    --- PASS: FuzzTxfetcher/d7369e5b0d632625e24637d3124c53d88475e772 (0.00s)
    --- PASS: FuzzTxfetcher/d778b2e5d408a933aa851d482f1823bc7d21911f (0.00s)
    --- PASS: FuzzTxfetcher/d7a1e896ddb3b4e9fe80659a12c0201c43b2af89 (0.00s)
    --- PASS: FuzzTxfetcher/d7c16d565ab38bc4f55fa14b5c6f41024cfa74d1 (0.00s)
    --- PASS: FuzzTxfetcher/d7c26eb9883806b46a31aee77634a4659716d3e4 (0.00s)
    --- PASS: FuzzTxfetcher/d7f7e32bd5e6ddbd4ec359ca10a5bdf7d1ac7664 (0.00s)
    --- PASS: FuzzTxfetcher/d8193e81b9c05ba80210cd326cf90445f7a40d21 (0.00s)
    --- PASS: FuzzTxfetcher/d8a195240c288e3f8050df6cf4b26ff89dbd164d (0.00s)
    --- PASS: FuzzTxfetcher/d8aeb2b1a6ab647164888153e4daac45ff81c74b (0.00s)
    --- PASS: FuzzTxfetcher/d9a49e8ee2f269710a81989069c745d8a7e2cf0d (0.00s)
    --- PASS: FuzzTxfetcher/d9d389ff6f15eb305814b2478bf9b1b3f2f4fa31 (0.00s)
    --- PASS: FuzzTxfetcher/d9ea6892b169c6228547085f31d1edd8aa814832 (0.00s)
    --- PASS: FuzzTxfetcher/da1c48d112e800c493c4db8100c79c1dfcce033b (0.00s)
    --- PASS: FuzzTxfetcher/dacada5ea94aa3e171ee9042348d1e058bdf6321 (0.00s)
    --- PASS: FuzzTxfetcher/dafad1296a87f0202ede2a1d9322d6a355eb9815 (0.00s)
    --- PASS: FuzzTxfetcher/db965cab24f2088c5772ec00e6957222c86d2391 (0.00s)
    --- PASS: FuzzTxfetcher/dbdaa5ac906edf9098a3a84a519fdbf1679a1904 (0.00s)
    --- PASS: FuzzTxfetcher/dc766472677735792873f362e2fa1c9df4865bba (0.00s)
    --- PASS: FuzzTxfetcher/dc837898eabf609f8fa507d0aa8fa58e19d6faf3 (0.00s)
    --- PASS: FuzzTxfetcher/dcca4fdd6dc4d098642490b3c0c4795a05405800 (0.00s)
    --- PASS: FuzzTxfetcher/dd917ee8c1ef14137118ccf3f2ca1c644cc9efba (0.00s)
    --- PASS: FuzzTxfetcher/dea0bb563b78a12733d1a1ecf2ccd2577b0d5e09 (0.00s)
    --- PASS: FuzzTxfetcher/dea8e1cb6969fcc8b457c5186e04c542340ac645 (0.00s)
    --- PASS: FuzzTxfetcher/df52cb4de5b88e477b41fcc76acfafb4ec568789 (0.00s)
    --- PASS: FuzzTxfetcher/df56444b957ce46a50468e158ae18e82f50d0489 (0.00s)
    --- PASS: FuzzTxfetcher/e097c8189e2879ac421551d7af665303b1e45abe (0.00s)
    --- PASS: FuzzTxfetcher/e0acc006ccbd5842cee21a6f66b570c955c49f12 (0.00s)
    --- PASS: FuzzTxfetcher/e0c99dfffd9c5b3a96ecbdd58d4bf551875ce72a (0.00s)
    --- PASS: FuzzTxfetcher/e1316453c4a07620c8b0cc83574cb7dddd717a24 (0.00s)
    --- PASS: FuzzTxfetcher/e1b0b4adfa3fc367b1d28a040bfc3e6ad0ab1c4f (0.00s)
    --- PASS: FuzzTxfetcher/e2656a267bf74fa49c3d9002f0c7e0a935a40209 (0.00s)
    --- PASS: FuzzTxfetcher/e2d11629ab8b39f8575be13f5239b3d8a150c8fc (0.00s)
    --- PASS: FuzzTxfetcher/e2e12633c9b5b1d3f85d3ee2dbb9a9d45a20ba3b (0.00s)
    --- PASS: FuzzTxfetcher/e38d6970db52e87fdf1ee2d336450769cd808e6b (0.00s)
    --- PASS: FuzzTxfetcher/e3e70582b07b2a3f523b0c62279e838ab897ff3a (0.00s)
    --- PASS: FuzzTxfetcher/e516be36b963fd423f7b88141c19afe78584cf5d (0.00s)
    --- PASS: FuzzTxfetcher/e5b4e7e5316fb32adb410aaf4544e6450bca6e9f (0.00s)
    --- PASS: FuzzTxfetcher/e64b7f92bd08af5b4b478c646b1eb5b465a13fbd (0.00s)
    --- PASS: FuzzTxfetcher/e6cd8b6a9f755da93921b38921a5827fb07d0935 (0.00s)
    --- PASS: FuzzTxfetcher/e7914925075de3c8d8fdaa8369b4aff7c17fb67a (0.00s)
    --- PASS: FuzzTxfetcher/e7ba76080b4d7013a8e42ccc475760d53214c514 (0.00s)
    --- PASS: FuzzTxfetcher/e805b372f059f7b8723b01bc36381603dda9e603 (0.00s)
    --- PASS: FuzzTxfetcher/e808c5530ba8f2ff5735e518d535471666c25b26 (0.00s)
    --- PASS: FuzzTxfetcher/ead6f28f6eed30eeb234733dac83baae09e2cd65 (0.00s)
    --- PASS: FuzzTxfetcher/eb3a99069c495b4775810a0ab577ace9356c35ae (0.00s)
    --- PASS: FuzzTxfetcher/ebfafb97394f319b6e824a113615fa44e8f5479c (0.00s)
    --- PASS: FuzzTxfetcher/ecbd32ce7628885149c8311a5e576beeec6070a1 (0.00s)
    --- PASS: FuzzTxfetcher/ed2eb420eb756b1eabb421de1bf9020ce3279bae (0.00s)
    --- PASS: FuzzTxfetcher/efcf017ad1b10383ba631d20697df0c96b13a675 (0.00s)
    --- PASS: FuzzTxfetcher/f10ff7d13d90f4a1119bf6f6060293cc63ca4ed0 (0.00s)
    --- PASS: FuzzTxfetcher/f23c9854cfcc5c1d4597f4cc46c7181869144659 (0.00s)
    --- PASS: FuzzTxfetcher/f29530db78bf050b4caa3211fa145002f3b3adc5 (0.00s)
    --- PASS: FuzzTxfetcher/f342e9521bf4b657f78a9e47ed6e25426441b36e (0.00s)
    --- PASS: FuzzTxfetcher/f376f7b28f7e5ad283afd24c0022446c739a705e (0.00s)
    --- PASS: FuzzTxfetcher/f3770290adc0bb59b0dc35ffb22019be7d1bdb2e (0.00s)
    --- PASS: FuzzTxfetcher/f38d877cd46f316a730eb2b6542fcd90bc69b27f (0.00s)
    --- PASS: FuzzTxfetcher/f465c6a8fca6866a26fa6dc417446255866a8bfb (0.00s)
    --- PASS: FuzzTxfetcher/f6c571164fb21ac9035bc90add322ba4655d08ec (0.00s)
    --- PASS: FuzzTxfetcher/f72b33e813ea0c1dbd567aab06b9d920d10bffdb (0.00s)
    --- PASS: FuzzTxfetcher/f7754fb156f1b07487bc64b15d169f975ebecd40 (0.00s)
    --- PASS: FuzzTxfetcher/f7bc5ff869f255b8a712335b744cf5a60e8808b0 (0.00s)
    --- PASS: FuzzTxfetcher/f7dd8031a3bc6bd9c8dd075aab8bf739982939ca (0.00s)
    --- PASS: FuzzTxfetcher/f87fb4e0a4a6daa1da3470b647e108127543fe1e (0.00s)
    --- PASS: FuzzTxfetcher/f8b541409f6064e951539aeae4e5d77bb9d64448 (0.00s)
    --- PASS: FuzzTxfetcher/f9d46c864e5b553dee2d9d794891d8e9c8b6d842 (0.00s)
    --- PASS: FuzzTxfetcher/faa0a5b4443f68a6076631110fe7f4f623d956a5 (0.00s)
    --- PASS: FuzzTxfetcher/fb37dc17d92f6c8e994095adba45ca8646092acb (0.00s)
    --- PASS: FuzzTxfetcher/fbd1307a5609aeb41159645d2be9d5412051facb (0.00s)
    --- PASS: FuzzTxfetcher/fbfac02496ab03fbc78876401aac2add2f71eac0 (0.00s)
    --- PASS: FuzzTxfetcher/fc63bfc0c70f145e4a979832a17d4d2011337997 (0.00s)
    --- PASS: FuzzTxfetcher/fc6f1ad0eb34cf641729f2172a0a85549d85a979 (0.00s)
    --- PASS: FuzzTxfetcher/fcc076e5ac641a3da2cdf2b5b63cbed2103f30b2 (0.00s)
    --- PASS: FuzzTxfetcher/fce3bfdffccb0f5ba9842ccd67736259a16225d5 (0.00s)
    --- PASS: FuzzTxfetcher/fd12aee4fe5bdb5f99c08365e2ef9cd664f78b31 (0.00s)
    --- PASS: FuzzTxfetcher/fd1b53a0115c577bcaaf4252801ec7c3fc7b3897 (0.00s)
    --- PASS: FuzzTxfetcher/fd25324884cca6945f65cc4a6e7a74311ea3e517 (0.00s)
    --- PASS: FuzzTxfetcher/fdf84d83f0845ba21c2fc4325e1ccea54b02a731 (0.00s)
    --- PASS: FuzzTxfetcher/fea695435847ce4322b90f1f8b6ce05435289153 (0.00s)
    --- PASS: FuzzTxfetcher/feae6d4a55c35f6d982359df4a2977843f804c7a (0.00s)
    --- PASS: FuzzTxfetcher/fedfc997d6c3eae4cd845a8f5937e7dd4c8cd3a2 (0.00s)
    --- PASS: FuzzTxfetcher/ff07fcb23e1e148e7a8a812a5cdc66fbeb852f9f (0.00s)
    --- PASS: FuzzTxfetcher/ff6c2c63e7f6b26c2a65f1a0b9f0c2c20999c28b (0.00s)
PASS
coverage: 89.8% of statements
ok  	github.com/morph-l2/go-ethereum/tests/fuzzers/txfetcher	0.226s	coverage: 89.8% of statements
