=== RUN   FuzzDifficulty
=== RUN   FuzzDifficulty/077c99d75c6323ce3f10cec56aa10f32a3a4255d
=== RUN   FuzzDifficulty/079efaac85a49719a3501f27989a1b395b24c52d
=== RUN   FuzzDifficulty/08574a33332dc6eb4759d7d16bddf81ea8b197bc
=== RUN   FuzzDifficulty/0a398dcbf4b6a8efb62b28d696bc1322d371c1db
=== RUN   FuzzDifficulty/0e38548e40d6a8199f9439695f49288189add212
=== RUN   FuzzDifficulty/18840821877a91f3666c46c69f7d1976f972b373
=== RUN   FuzzDifficulty/18e4614dc210d90ba350ba4f15331d7c0d1e2522
=== RUN   FuzzDifficulty/1dcb98042f0a6618799ee5fa2ad349ba0f1bb54f
=== RUN   FuzzDifficulty/1e1e27df810be85ae58c15ec7552fb90e3c7ac98
=== RUN   FuzzDifficulty/204aa6bea4aa2e71f0bc60d4848fdcc2eee2fead
=== RUN   FuzzDifficulty/2115e74df6c7f54c99432ee1f9340367b52c2f98
=== RUN   FuzzDifficulty/21ba1f781e90e9afec937aaa7d38e37e091c339f
=== RUN   FuzzDifficulty/245eb2413aed7965056de28d4400f71d2cd3d914
=== RUN   FuzzDifficulty/2876e14be6cf09d28f377cbb31e249c1a4411615
=== RUN   FuzzDifficulty/29daab6ff6c637c83fa4fb9285f70633137a8301
=== RUN   FuzzDifficulty/2f029ca093f39a0047220ce27b8a14b90e67593b
=== RUN   FuzzDifficulty/3099853020e58b20e18d4986feb08bf385ab18d6
=== RUN   FuzzDifficulty/332526ace35cc411c8e004d05fa79458dbc7cb7f
=== RUN   FuzzDifficulty/37d21307ebcd1247afe67bd0423c3ce044bc3d2e
=== RUN   FuzzDifficulty/392b3b68444419d375d49ab3b395b96d9bd64582
=== RUN   FuzzDifficulty/3a1aee95dd7e5d60d26853778532500a6b597d8c
=== RUN   FuzzDifficulty/4a65da1c5571a744e3848d23e56c70b43043d0a1
=== RUN   FuzzDifficulty/4a8eae1b827d34b7e71338087f6c6b4b068dc7ea
=== RUN   FuzzDifficulty/4ab69b6671b90b702ffd6fd8dd2a7001344aef4e
=== RUN   FuzzDifficulty/4c0ae2016d139e16f55f48e0e7a0ec9f73bc6399
=== RUN   FuzzDifficulty/4d2c961d95444ee570ee3f436d4117f753765b81
=== RUN   FuzzDifficulty/4f3bda3e170086aa750190461703d6762a0d8f10
=== RUN   FuzzDifficulty/54031e592d71baa358520367c58c4ae240582e1d
=== RUN   FuzzDifficulty/548144cd78a099b206972586bef40f4751a7899e
=== RUN   FuzzDifficulty/56ace86e756dbb88729a22ce7bee7c2ad248cd32
=== RUN   FuzzDifficulty/570c7a73aff9035627b20afcff2e0048daf2d1cf
=== RUN   FuzzDifficulty/57dd037a63e2f7cfac38ebbba1c2467b521d5beb
=== RUN   FuzzDifficulty/5adbc0c3c95e805e85bcb0cbd09ca47b871e7f2b
=== RUN   FuzzDifficulty/5c0d229a31176782a30957c2f5aac311246a3a22
=== RUN   FuzzDifficulty/6718c715ec242dfb1636f60968e8ae126f2bf327
=== RUN   FuzzDifficulty/6e97010169f2c3f21a50dcaf7c166ec526e49020
=== RUN   FuzzDifficulty/6eb98f06874b2095fd3047232991c8326fc5fc7f
=== RUN   FuzzDifficulty/6fbec6089f2ff0f03f08f9873ca71320906d105b
=== RUN   FuzzDifficulty/726d7ab9ba468f6af0d4ca9cf140efc0672432e3
=== RUN   FuzzDifficulty/7b0bef1637282c7d45b706099e5d38141be34a0a
=== RUN   FuzzDifficulty/7eb0ff284248817ec7794c7306c37cdbf93c9ff5
=== RUN   FuzzDifficulty/825289294935c29698a06e6f721672f6f8042ef1
=== RUN   FuzzDifficulty/833e6cdf6cb626937a9f10effd1ff4c7c6bada09
=== RUN   FuzzDifficulty/84f672e54ab59e96085ebbb5cd02c283b5d410a5
=== RUN   FuzzDifficulty/8539aab7c245b97dca481c93c9495901b08d1fb5
=== RUN   FuzzDifficulty/869aab1332879b0aeff4af3c10745abe6165f8b6
=== RUN   FuzzDifficulty/8779280ca903a3b0855309efb833ee9a1b09b5c3
=== RUN   FuzzDifficulty/88eeffc11d3fd6c9d41c2f3f2aba38a747ca2497
=== RUN   FuzzDifficulty/894f3e520123efbfee15beadddd9a9f21d2e097c
=== RUN   FuzzDifficulty/8c396bd768a0aba08f6d11afcbe172ad028a180f
=== RUN   FuzzDifficulty/8e164a3df57ac17b8cea60ce30446af102570e31
=== RUN   FuzzDifficulty/8ec742cebf5d660263c6e9049f824631cdfb038d
=== RUN   FuzzDifficulty/9069ca78e7450a285173431b3e52c5c25299e473
=== RUN   FuzzDifficulty/9309458aae807ebf209274c79043e15739144f42
=== RUN   FuzzDifficulty/945b4aff0e2b7473950c81a60d57cbc5716ab324
=== RUN   FuzzDifficulty/95eccefe8e9cb92fcbfb1d4cb37a10ba89412eb2
=== RUN   FuzzDifficulty/964b7bec403d51b609027eea6a6ebf19c2614890
=== RUN   FuzzDifficulty/9949a9d24a8d71468d4f07b67dcbc19dd3a1270d
=== RUN   FuzzDifficulty/9e89b00e25690f422222108217144f349a5f65cd
=== RUN   FuzzDifficulty/9e8f2b6a36dda275290db5e518950be3130bf08b
=== RUN   FuzzDifficulty/a3bf5dbf258d8c039498e31e3d1add6af090e5ff
=== RUN   FuzzDifficulty/a63fe48440173bba696d8ff8870cd03200950597
=== RUN   FuzzDifficulty/a787709508e1a178fd1298d658a32fd115b84f67
=== RUN   FuzzDifficulty/ab751551c71fdc8ca188efb95187ac32b6c247b5
=== RUN   FuzzDifficulty/abf7cb77f15628a7b36f006609e9ca3c4fb0ba40
=== RUN   FuzzDifficulty/ac744a16a9026ab883d4ef7377ec1c6b1118ccaa
=== RUN   FuzzDifficulty/ad9d143169ea1b0fccc9bf381157d8531e441878
=== RUN   FuzzDifficulty/adc83b19e793491b1c6ea0fd8b46cd9f32e592fc
=== RUN   FuzzDifficulty/b0150db33611fc413869abc7ae8182f040703eeb
=== RUN   FuzzDifficulty/b212c8726f1bf1b03b8ee43287edf1b6e1f28079
=== RUN   FuzzDifficulty/b5faee13233c8fafa222471a008783fd36e1bd4f
=== RUN   FuzzDifficulty/b615f70218992cd8059962eadd7e87c453949265
=== RUN   FuzzDifficulty/b7a28c34393bae60260d8fd980281b73c3b9b311
=== RUN   FuzzDifficulty/b7b5a8d9d4616feb00a37347b3ea580539068591
=== RUN   FuzzDifficulty/b9c055dd5d3929021f65276a4e96a616cc71644f
=== RUN   FuzzDifficulty/c0b3a9436f51102b21c991d7c13e661d4cdb2342
=== RUN   FuzzDifficulty/c2a41fd096767731651e73103384bc3416b6a3d6
=== RUN   FuzzDifficulty/c4ea21bb365bbeeaf5f2c654883e56d11e43c44e
=== RUN   FuzzDifficulty/c5221206b722798d784e2dfbde8b7e3895872300
=== RUN   FuzzDifficulty/d7a1821533d914702cfe6c9dae09edaeaa8c8170
=== RUN   FuzzDifficulty/ddc7fc87b869407b6a114b7491811cb28109a6a7
=== RUN   FuzzDifficulty/de82ca8318b60ade7ebb61f4217f947cc43602a2
=== RUN   FuzzDifficulty/e129eb0cea5c0033c01bab9266e881beaf3d84b2
=== RUN   FuzzDifficulty/e140e84ae48ed07b2bef5c97bae9507330ca7f6f
=== RUN   FuzzDifficulty/e2e022bf115e4fe21b1e9c4846a58e36c72229a4
=== RUN   FuzzDifficulty/e2f3755f165dc9c83b6975dc9aa6bfa8c7cde870
=== RUN   FuzzDifficulty/e852ee9f38d3c8230539c1a1cb9b47f4d28cbeff
=== RUN   FuzzDifficulty/f276a738453eb8299c9926038af5ad33efaa5756
=== RUN   FuzzDifficulty/f2c6d59a2880a1c8d184d5b8b63beb1c9c9fe66b
=== RUN   FuzzDifficulty/f6dd4358f94713898f4eaa6f263d2fd1ce67c09c
=== RUN   FuzzDifficulty/f6f88747c4d63db08506edd15a268aafa22f0bc3
=== RUN   FuzzDifficulty/f9017c1f6d8cc437b75f46facc151c52db73c47a
=== RUN   FuzzDifficulty/f9ba891768e2bb28ee9fbc54829fef1579a60830
=== RUN   FuzzDifficulty/fa3e1dff9229457fbccd7137c9d748891675b8f4
=== RUN   FuzzDifficulty/faf3ab468b7a2186279d3ae8a6e610abafff06bd
=== RUN   FuzzDifficulty/fc1b8bd542b97084b46fb18d485f3fd59d072fec
=== RUN   FuzzDifficulty/fe654f6624e2849d7d152c4d54213b8df4890b20
=== RUN   FuzzDifficulty/fefc96fe3c92677dccd2cee5ca4823080787e378
=== RUN   FuzzDifficulty/ff98a2d86b56756c85c97a863fdca08e7d9ec6d8
=== RUN   FuzzDifficulty/ffe67f3c609cfd9327e9843744f83960bfdde909
--- PASS: FuzzDifficulty (0.00s)
    --- PASS: FuzzDifficulty/077c99d75c6323ce3f10cec56aa10f32a3a4255d (0.00s)
    --- PASS: FuzzDifficulty/079efaac85a49719a3501f27989a1b395b24c52d (0.00s)
    --- PASS: FuzzDifficulty/08574a33332dc6eb4759d7d16bddf81ea8b197bc (0.00s)
    --- PASS: FuzzDifficulty/0a398dcbf4b6a8efb62b28d696bc1322d371c1db (0.00s)
    --- PASS: FuzzDifficulty/0e38548e40d6a8199f9439695f49288189add212 (0.00s)
    --- PASS: FuzzDifficulty/18840821877a91f3666c46c69f7d1976f972b373 (0.00s)
    --- PASS: FuzzDifficulty/18e4614dc210d90ba350ba4f15331d7c0d1e2522 (0.00s)
    --- PASS: FuzzDifficulty/1dcb98042f0a6618799ee5fa2ad349ba0f1bb54f (0.00s)
    --- PASS: FuzzDifficulty/1e1e27df810be85ae58c15ec7552fb90e3c7ac98 (0.00s)
    --- PASS: FuzzDifficulty/204aa6bea4aa2e71f0bc60d4848fdcc2eee2fead (0.00s)
    --- PASS: FuzzDifficulty/2115e74df6c7f54c99432ee1f9340367b52c2f98 (0.00s)
    --- PASS: FuzzDifficulty/21ba1f781e90e9afec937aaa7d38e37e091c339f (0.00s)
    --- PASS: FuzzDifficulty/245eb2413aed7965056de28d4400f71d2cd3d914 (0.00s)
    --- PASS: FuzzDifficulty/2876e14be6cf09d28f377cbb31e249c1a4411615 (0.00s)
    --- PASS: FuzzDifficulty/29daab6ff6c637c83fa4fb9285f70633137a8301 (0.00s)
    --- PASS: FuzzDifficulty/2f029ca093f39a0047220ce27b8a14b90e67593b (0.00s)
    --- PASS: FuzzDifficulty/3099853020e58b20e18d4986feb08bf385ab18d6 (0.00s)
    --- PASS: FuzzDifficulty/332526ace35cc411c8e004d05fa79458dbc7cb7f (0.00s)
    --- PASS: FuzzDifficulty/37d21307ebcd1247afe67bd0423c3ce044bc3d2e (0.00s)
    --- PASS: FuzzDifficulty/392b3b68444419d375d49ab3b395b96d9bd64582 (0.00s)
    --- PASS: FuzzDifficulty/3a1aee95dd7e5d60d26853778532500a6b597d8c (0.00s)
    --- PASS: FuzzDifficulty/4a65da1c5571a744e3848d23e56c70b43043d0a1 (0.00s)
    --- PASS: FuzzDifficulty/4a8eae1b827d34b7e71338087f6c6b4b068dc7ea (0.00s)
    --- PASS: FuzzDifficulty/4ab69b6671b90b702ffd6fd8dd2a7001344aef4e (0.00s)
    --- PASS: FuzzDifficulty/4c0ae2016d139e16f55f48e0e7a0ec9f73bc6399 (0.00s)
    --- PASS: FuzzDifficulty/4d2c961d95444ee570ee3f436d4117f753765b81 (0.00s)
    --- PASS: FuzzDifficulty/4f3bda3e170086aa750190461703d6762a0d8f10 (0.00s)
    --- PASS: FuzzDifficulty/54031e592d71baa358520367c58c4ae240582e1d (0.00s)
    --- PASS: FuzzDifficulty/548144cd78a099b206972586bef40f4751a7899e (0.00s)
    --- PASS: FuzzDifficulty/56ace86e756dbb88729a22ce7bee7c2ad248cd32 (0.00s)
    --- PASS: FuzzDifficulty/570c7a73aff9035627b20afcff2e0048daf2d1cf (0.00s)
    --- PASS: FuzzDifficulty/57dd037a63e2f7cfac38ebbba1c2467b521d5beb (0.00s)
    --- PASS: FuzzDifficulty/5adbc0c3c95e805e85bcb0cbd09ca47b871e7f2b (0.00s)
    --- PASS: FuzzDifficulty/5c0d229a31176782a30957c2f5aac311246a3a22 (0.00s)
    --- PASS: FuzzDifficulty/6718c715ec242dfb1636f60968e8ae126f2bf327 (0.00s)
    --- PASS: FuzzDifficulty/6e97010169f2c3f21a50dcaf7c166ec526e49020 (0.00s)
    --- PASS: FuzzDifficulty/6eb98f06874b2095fd3047232991c8326fc5fc7f (0.00s)
    --- PASS: FuzzDifficulty/6fbec6089f2ff0f03f08f9873ca71320906d105b (0.00s)
    --- PASS: FuzzDifficulty/726d7ab9ba468f6af0d4ca9cf140efc0672432e3 (0.00s)
    --- PASS: FuzzDifficulty/7b0bef1637282c7d45b706099e5d38141be34a0a (0.00s)
    --- PASS: FuzzDifficulty/7eb0ff284248817ec7794c7306c37cdbf93c9ff5 (0.00s)
    --- PASS: FuzzDifficulty/825289294935c29698a06e6f721672f6f8042ef1 (0.00s)
    --- PASS: FuzzDifficulty/833e6cdf6cb626937a9f10effd1ff4c7c6bada09 (0.00s)
    --- PASS: FuzzDifficulty/84f672e54ab59e96085ebbb5cd02c283b5d410a5 (0.00s)
    --- PASS: FuzzDifficulty/8539aab7c245b97dca481c93c9495901b08d1fb5 (0.00s)
    --- PASS: FuzzDifficulty/869aab1332879b0aeff4af3c10745abe6165f8b6 (0.00s)
    --- PASS: FuzzDifficulty/8779280ca903a3b0855309efb833ee9a1b09b5c3 (0.00s)
    --- PASS: FuzzDifficulty/88eeffc11d3fd6c9d41c2f3f2aba38a747ca2497 (0.00s)
    --- PASS: FuzzDifficulty/894f3e520123efbfee15beadddd9a9f21d2e097c (0.00s)
    --- PASS: FuzzDifficulty/8c396bd768a0aba08f6d11afcbe172ad028a180f (0.00s)
    --- PASS: FuzzDifficulty/8e164a3df57ac17b8cea60ce30446af102570e31 (0.00s)
    --- PASS: FuzzDifficulty/8ec742cebf5d660263c6e9049f824631cdfb038d (0.00s)
    --- PASS: FuzzDifficulty/9069ca78e7450a285173431b3e52c5c25299e473 (0.00s)
    --- PASS: FuzzDifficulty/9309458aae807ebf209274c79043e15739144f42 (0.00s)
    --- PASS: FuzzDifficulty/945b4aff0e2b7473950c81a60d57cbc5716ab324 (0.00s)
    --- PASS: FuzzDifficulty/95eccefe8e9cb92fcbfb1d4cb37a10ba89412eb2 (0.00s)
    --- PASS: FuzzDifficulty/964b7bec403d51b609027eea6a6ebf19c2614890 (0.00s)
    --- PASS: FuzzDifficulty/9949a9d24a8d71468d4f07b67dcbc19dd3a1270d (0.00s)
    --- PASS: FuzzDifficulty/9e89b00e25690f422222108217144f349a5f65cd (0.00s)
    --- PASS: FuzzDifficulty/9e8f2b6a36dda275290db5e518950be3130bf08b (0.00s)
    --- PASS: FuzzDifficulty/a3bf5dbf258d8c039498e31e3d1add6af090e5ff (0.00s)
    --- PASS: FuzzDifficulty/a63fe48440173bba696d8ff8870cd03200950597 (0.00s)
    --- PASS: FuzzDifficulty/a787709508e1a178fd1298d658a32fd115b84f67 (0.00s)
    --- PASS: FuzzDifficulty/ab751551c71fdc8ca188efb95187ac32b6c247b5 (0.00s)
    --- PASS: FuzzDifficulty/abf7cb77f15628a7b36f006609e9ca3c4fb0ba40 (0.00s)
    --- PASS: FuzzDifficulty/ac744a16a9026ab883d4ef7377ec1c6b1118ccaa (0.00s)
    --- PASS: FuzzDifficulty/ad9d143169ea1b0fccc9bf381157d8531e441878 (0.00s)
    --- PASS: FuzzDifficulty/adc83b19e793491b1c6ea0fd8b46cd9f32e592fc (0.00s)
    --- PASS: FuzzDifficulty/b0150db33611fc413869abc7ae8182f040703eeb (0.00s)
    --- PASS: FuzzDifficulty/b212c8726f1bf1b03b8ee43287edf1b6e1f28079 (0.00s)
    --- PASS: FuzzDifficulty/b5faee13233c8fafa222471a008783fd36e1bd4f (0.00s)
    --- PASS: FuzzDifficulty/b615f70218992cd8059962eadd7e87c453949265 (0.00s)
    --- PASS: FuzzDifficulty/b7a28c34393bae60260d8fd980281b73c3b9b311 (0.00s)
    --- PASS: FuzzDifficulty/b7b5a8d9d4616feb00a37347b3ea580539068591 (0.00s)
    --- PASS: FuzzDifficulty/b9c055dd5d3929021f65276a4e96a616cc71644f (0.00s)
    --- PASS: FuzzDifficulty/c0b3a9436f51102b21c991d7c13e661d4cdb2342 (0.00s)
    --- PASS: FuzzDifficulty/c2a41fd096767731651e73103384bc3416b6a3d6 (0.00s)
    --- PASS: FuzzDifficulty/c4ea21bb365bbeeaf5f2c654883e56d11e43c44e (0.00s)
    --- PASS: FuzzDifficulty/c5221206b722798d784e2dfbde8b7e3895872300 (0.00s)
    --- PASS: FuzzDifficulty/d7a1821533d914702cfe6c9dae09edaeaa8c8170 (0.00s)
    --- PASS: FuzzDifficulty/ddc7fc87b869407b6a114b7491811cb28109a6a7 (0.00s)
    --- PASS: FuzzDifficulty/de82ca8318b60ade7ebb61f4217f947cc43602a2 (0.00s)
    --- PASS: FuzzDifficulty/e129eb0cea5c0033c01bab9266e881beaf3d84b2 (0.00s)
    --- PASS: FuzzDifficulty/e140e84ae48ed07b2bef5c97bae9507330ca7f6f (0.00s)
    --- PASS: FuzzDifficulty/e2e022bf115e4fe21b1e9c4846a58e36c72229a4 (0.00s)
    --- PASS: FuzzDifficulty/e2f3755f165dc9c83b6975dc9aa6bfa8c7cde870 (0.00s)
    --- PASS: FuzzDifficulty/e852ee9f38d3c8230539c1a1cb9b47f4d28cbeff (0.00s)
    --- PASS: FuzzDifficulty/f276a738453eb8299c9926038af5ad33efaa5756 (0.00s)
    --- PASS: FuzzDifficulty/f2c6d59a2880a1c8d184d5b8b63beb1c9c9fe66b (0.00s)
    --- PASS: FuzzDifficulty/f6dd4358f94713898f4eaa6f263d2fd1ce67c09c (0.00s)
    --- PASS: FuzzDifficulty/f6f88747c4d63db08506edd15a268aafa22f0bc3 (0.00s)
    --- PASS: FuzzDifficulty/f9017c1f6d8cc437b75f46facc151c52db73c47a (0.00s)
    --- PASS: FuzzDifficulty/f9ba891768e2bb28ee9fbc54829fef1579a60830 (0.00s)
    --- PASS: FuzzDifficulty/fa3e1dff9229457fbccd7137c9d748891675b8f4 (0.00s)
    --- PASS: FuzzDifficulty/faf3ab468b7a2186279d3ae8a6e610abafff06bd (0.00s)
    --- PASS: FuzzDifficulty/fc1b8bd542b97084b46fb18d485f3fd59d072fec (0.00s)
    --- PASS: FuzzDifficulty/fe654f6624e2849d7d152c4d54213b8df4890b20 (0.00s)
    --- PASS: FuzzDifficulty/fefc96fe3c92677dccd2cee5ca4823080787e378 (0.00s)
    --- PASS: FuzzDifficulty/ff98a2d86b56756c85c97a863fdca08e7d9ec6d8 (0.00s)
    --- PASS: FuzzDifficulty/ffe67f3c609cfd9327e9843744f83960bfdde909 (0.00s)
PASS
coverage: 95.7% of statements
ok  	github.com/morph-l2/go-ethereum/tests/fuzzers/difficulty	0.044s	coverage: 95.7% of statements
	github.com/morph-l2/go-ethereum/tests/fuzzers/difficulty/debug		coverage: 0.0% of statements
