=== RUN   FuzzRangeproof
=== RUN   FuzzRangeproof/00e7d10354990b65a7da63b6828e6e2ade984901
=== RUN   FuzzRangeproof/0116dbf9e78c29a61392fd1f404dd7b4b90d8e7a
=== RUN   FuzzRangeproof/0165e7ca04c6480de757babcc5cdab2196026cba
=== RUN   FuzzRangeproof/022708337a3e3da732b31441d948b2860b3ace44
=== RUN   FuzzRangeproof/026a647d03582da371b6e612e4bee343bc8ac7e1
=== RUN   FuzzRangeproof/033b58b98d78cd01ac68181e3054c8ac7abf4e97
=== RUN   FuzzRangeproof/0393f01a4ccef9b7c9cd0918a5f234b9fb795d72
=== RUN   FuzzRangeproof/0482d840dabf3ed29f92778a9224cb89a73f1a76
=== RUN   FuzzRangeproof/0489367b945d415e7c6d18267452c4a9396836bc
=== RUN   FuzzRangeproof/04d1b72c8ffcfd76e3f29195fae4b9c109aa833d
=== RUN   FuzzRangeproof/063b6715163b289695af9a95334e2eeef2aad459
=== RUN   FuzzRangeproof/065cf3ceabe414429b9cbad1d009c92f04802291
=== RUN   FuzzRangeproof/0664020f413eb1c0d102b1bd37e383d9094b5abf
=== RUN   FuzzRangeproof/0688d21e262ed6b469db0f0f8dfa1fda6dd10325
=== RUN   FuzzRangeproof/06985b60cf18a7a078197ce703f41d258a9d9a20
=== RUN   FuzzRangeproof/070f65c99413af55557c3bd89cfe3f4bbe903a80
=== RUN   FuzzRangeproof/07125924b16eda8f839a481b39d4a28e6721210b
=== RUN   FuzzRangeproof/07536c8f94afe1a1434c5e0c8cbf12d1d299040c
=== RUN   FuzzRangeproof/086060c25824fe516099a9570f558b4f0fd1b681
=== RUN   FuzzRangeproof/08ef08315c679200d65fcb1fe441497a0cd7f71b
=== RUN   FuzzRangeproof/091385be99b45f459a231582d583ec9f3fa3d194
=== RUN   FuzzRangeproof/09496212beb5dd4742b2bf545f5091a4413ca641
=== RUN   FuzzRangeproof/09b06f3a83f17f684ddc3b1bd2ee80afa300bed5
=== RUN   FuzzRangeproof/0a7a43ca662a99152585bcb628776934f124b07a
=== RUN   FuzzRangeproof/0b26d91c8beceb2cef53ac960bf83fed5e7ae1a3
=== RUN   FuzzRangeproof/0b2c3ce9eb064bf7ee5fae0368274868543eb045
=== RUN   FuzzRangeproof/0b5ff4199bf4f6fd4d66b8005dea87c23691ad24
=== RUN   FuzzRangeproof/0bbaa28900f034cb1f864a4408a00dcc2ae823ef
=== RUN   FuzzRangeproof/0c43e7166de2372610f62f9c534c3b370dc9cc81
=== RUN   FuzzRangeproof/0cb1f8b954cc35992c8a4f583cf3a317d44cb549
=== RUN   FuzzRangeproof/0cebac4c9eff947ead78035d5944fb3ca3424842
=== RUN   FuzzRangeproof/0ced4fb8debc8e4de74411dfe4af44d074316a5f
=== RUN   FuzzRangeproof/0d54a9e4c035817d44a8e8b0484bdd15755cf9b2
=== RUN   FuzzRangeproof/0de450dc21cdb703f00ac31a7ec55b7101085e32
=== RUN   FuzzRangeproof/0e1fc6aaf9ac1933283d786a83bee90ce991bb11
=== RUN   FuzzRangeproof/0e9086b37b2dd943c6290641d5002e782c4c28af
=== RUN   FuzzRangeproof/0f072871ef2292de19ccfb7198d61a1ca99bd41e
=== RUN   FuzzRangeproof/0f2d9f4292d5c033edd16a2a72493b45888e10d4
=== RUN   FuzzRangeproof/0f38b546f2fa508e9a104a401b7ed6ff68849691
=== RUN   FuzzRangeproof/10594f6dabee7a62110a97654e63b45efcacffd5
=== RUN   FuzzRangeproof/10597d186aae318b598199f356c3f2fb41c663cb
=== RUN   FuzzRangeproof/11bd33b5519e6e840f9b9e3674b530bdc2dbe56b
=== RUN   FuzzRangeproof/11c6af138aa045bcae1717c90bf04ab023b2d8b1
=== RUN   FuzzRangeproof/1283830f97d07baa12647840ca73a454c074ae5b
=== RUN   FuzzRangeproof/12acb41d1bf235a00f3a008e527537c19ecdb8b2
=== RUN   FuzzRangeproof/143f7990588cd6fa609b3b9b43d5df1ede341ecd
=== RUN   FuzzRangeproof/1559743591376b20879733b2372880ba85caeb8d
=== RUN   FuzzRangeproof/176a375507f6ce24ad128493e04e56d2cd43543a
=== RUN   FuzzRangeproof/1795df29324a647a80412eec741d2dd87dbd1429
=== RUN   FuzzRangeproof/17c2baadfbe40852da2ebaf76d6d28cfa1673719
=== RUN   FuzzRangeproof/17d1fb8754b828d4fb5ed218522524e89d4c39f9
=== RUN   FuzzRangeproof/17f1fefaf60b68993d66ca8389b56cd154b9c22c
=== RUN   FuzzRangeproof/1857ddb24453fdf0dd846b25d96259e20da13978
=== RUN   FuzzRangeproof/18e6ae772f7a964faa38fa4b016dbe6f23877201
=== RUN   FuzzRangeproof/1944a605056486a6aa565bbc340d99d560ae829e
=== RUN   FuzzRangeproof/195824e66c4dfee605dc1ebb25b2b12dcea93f2b
=== RUN   FuzzRangeproof/199b95f4f655b13555576cb1339139fba9fcf496
=== RUN   FuzzRangeproof/19e4f6eb4c956002070b47477f49675ec59b9f6d
=== RUN   FuzzRangeproof/1a1c905495432af4cec9962794976894966fc2d5
=== RUN   FuzzRangeproof/1ab857729a7abc2d88eaa6e5db54044ec6f4cbd7
=== RUN   FuzzRangeproof/1ad25b990da51a0e86016fcc82c64026132aa005
=== RUN   FuzzRangeproof/1b770e29043e72d202eb3b00cfaf1861c5a82bb1
=== RUN   FuzzRangeproof/1bd3f4351d7d792e5b1c04bed705ae2c460b30f3
=== RUN   FuzzRangeproof/1c17d06e0ea24423016f156c4086ac6516316e55
=== RUN   FuzzRangeproof/1cc797f0627f5e1bbec20211aac9870bb83f1519
=== RUN   FuzzRangeproof/1d757ae2e9e8a67139ec8051026582ea6495faf9
=== RUN   FuzzRangeproof/1deaa34128b23c77b7288ad5b36e1ea1deab8020
=== RUN   FuzzRangeproof/1e028d28058d4614315d61a524de66c18d9ceee8
=== RUN   FuzzRangeproof/1e3389f5ac727bb48f952de151d755029a38c359
=== RUN   FuzzRangeproof/1e71336e56761b0835c8c21e1c70a3a900b0898c
=== RUN   FuzzRangeproof/1eb40ff2ddff0fe5e40e024c9a8651c14f4623c7
=== RUN   FuzzRangeproof/1edee428814f62681ae404b89f1a6c2955a9d0f4
=== RUN   FuzzRangeproof/1f32a8a262dc12dfca386567c25daae4d19102ad
=== RUN   FuzzRangeproof/1f81d4e2eed7bd5218d79ee316591e858a57f3af
=== RUN   FuzzRangeproof/1ff88aefb287a9c39cf1d77e77a02eaff1780f16
=== RUN   FuzzRangeproof/2000f291e975256d3f0e5bda9a9af91e8ed41723
=== RUN   FuzzRangeproof/2127f81eea63320b68dc749b55c057f81634a03c
=== RUN   FuzzRangeproof/21542c2cd2f91e063e4b7de87be8f097b0d573af
=== RUN   FuzzRangeproof/21928b124bba09833a02b8ef5db18fd2522f4579
=== RUN   FuzzRangeproof/235a21339bcc53402be6bc525c0fa9597879a995
=== RUN   FuzzRangeproof/24ba232d8cf46d0537f1b92f34f3193a73405f86
=== RUN   FuzzRangeproof/24d51c0871937f99f35fd5d431c772d4e3085c3c
=== RUN   FuzzRangeproof/2500854afa591c61efccc1b2222e1f7be7dd360b
=== RUN   FuzzRangeproof/2505aead4ca6cd491ac9c01e22115a26bc12da7d
=== RUN   FuzzRangeproof/2677c2c830da4abd577c7a780be3331bf6c4b2ce
=== RUN   FuzzRangeproof/27a07d43ff14ab7ae6b69a46b5017723ca89a630
=== RUN   FuzzRangeproof/28123ecaf13691edeb9164f26f3c4502a9358b63
=== RUN   FuzzRangeproof/28a58a9a7cd33a65faa08deaf4ac60849befd590
=== RUN   FuzzRangeproof/292d6fb6e84ba4d5fcd01a59292175d970c7241e
=== RUN   FuzzRangeproof/297d5d9bf7c0bde7b37f11c7a2d420f943e446e2
=== RUN   FuzzRangeproof/2993c872ecb059c9295c13cb2f97105354479d59
=== RUN   FuzzRangeproof/2a3b01a28b0700d519dd0e9d0f1fc2293dd58485
=== RUN   FuzzRangeproof/2a7a1fc9f06c0dda3f6f8cd4fa57116429897b94
=== RUN   FuzzRangeproof/2aca57cf8ac9ac36bb7c3812137d7126638ece9e
=== RUN   FuzzRangeproof/2add5497d2efd19c1c1fa4aadd530a0d7d629303
=== RUN   FuzzRangeproof/2ae38d6ac8aae68573e63c9cdf18550917180e15
=== RUN   FuzzRangeproof/2b1cef9c462d48a1cfb6c628393bb1ff7c21c934
=== RUN   FuzzRangeproof/2b506a3cd98fe9ccf96ca29ea5806c90d81a35c2
=== RUN   FuzzRangeproof/2b693657380198a170506cb7d09bc60de1d31550
=== RUN   FuzzRangeproof/2c3ff052e9e7fdf26b0cfbaebedeb1e7c1ca06d7
=== RUN   FuzzRangeproof/2c4004458a08df5afdc580424a5415c9077601e4
=== RUN   FuzzRangeproof/2c6227086a55200872762e41a47e5a0ad9b3e6cf
=== RUN   FuzzRangeproof/2c6d6a8a80bd0af2f398ed7fdf0476587ea9cae1
=== RUN   FuzzRangeproof/2cd13b10dcb67c681e2499edbc009fe672fc96f6
=== RUN   FuzzRangeproof/2d48539625f00a7e2a90efd6d03d6ca15902d861
=== RUN   FuzzRangeproof/2dcdb30873440191b54bcad3f5eff93a5b20bf9e
=== RUN   FuzzRangeproof/2e3329e032f2628948ad4deb83b2ccf269f9f9b1
=== RUN   FuzzRangeproof/2e651090b8211d7b154e59208db85108850a045f
=== RUN   FuzzRangeproof/2e8ba938691b6c6f844485780f6910d75ceb8d2d
=== RUN   FuzzRangeproof/2ef3388ff11971967433a09dcdcceefe2da4935f
=== RUN   FuzzRangeproof/2f5e0a183ebb165a0572cbd2cb558f06d3fa9279
=== RUN   FuzzRangeproof/3004c96d65c0040bea45a6802561695f81a16b05
=== RUN   FuzzRangeproof/300d7535500141ca5979cc42e2654a3999e14651
=== RUN   FuzzRangeproof/30b289ae034b80a581eff57f5ae1da0f1f0b9314
=== RUN   FuzzRangeproof/3130ab5191d635c65cb3f0a73217d46344117dae
=== RUN   FuzzRangeproof/3173532552077d0d796c3628ac35c76343dc3a04
=== RUN   FuzzRangeproof/3192dbd03afa2c72536f0b2090fcfa6fd034047b
=== RUN   FuzzRangeproof/31b79393bf66b8633bd63249d48dcb4e9cdadb7c
=== RUN   FuzzRangeproof/31fef152aa432924c184f76ea7f497c90f252315
=== RUN   FuzzRangeproof/323d86e0dd461237620fa1b9edfb39f470f25b65
=== RUN   FuzzRangeproof/32af3a8b8b7f853b4181a35d84c610254173b2f8
=== RUN   FuzzRangeproof/33b5453aa351c5e07b8891a7f08b77884a7f5448
=== RUN   FuzzRangeproof/33d7a3241825a7d333d77e3a4cb5955684089745
=== RUN   FuzzRangeproof/345de718457111c9692e9d709e9c5595b37f21b3
=== RUN   FuzzRangeproof/348364eba066bac2df919b362d68dbdf9d29b86b
=== RUN   FuzzRangeproof/34d8c49e3924188599de9c019a6a66170863fd20
=== RUN   FuzzRangeproof/3543d278422d527eaddd2ff1764ac97396c4abc6
=== RUN   FuzzRangeproof/35dc26ef2f196f4d67fcceb1f5e92152051fdd02
=== RUN   FuzzRangeproof/360b5bcbc5c78624beea5a85b4e263fc33308435
=== RUN   FuzzRangeproof/3679d41df03065392d3004402383dd556142c70a
=== RUN   FuzzRangeproof/37b2b647f1f9bb0126bd1ed194f4684cf8c7e204
=== RUN   FuzzRangeproof/37fcccba9236cf72dcfe8720ca44220794a8f041
=== RUN   FuzzRangeproof/3857d9f7325283395afebae9be7fd17692f234da
=== RUN   FuzzRangeproof/387f70bed156bbabb4741569af7d0eb4e0965d8f
=== RUN   FuzzRangeproof/39283d40946cfd2d9a19590af1829baa754f3554
=== RUN   FuzzRangeproof/3956963db727531835424b769674168f3dc988e4
=== RUN   FuzzRangeproof/39bb16153e49d2bf7962f8a22e0662a682a56c04
=== RUN   FuzzRangeproof/3bcd5645d675f4271fc59e11f88bb9e70ee5372a
=== RUN   FuzzRangeproof/3c7142d9c650902794516a4384f83602dbf44a6f
=== RUN   FuzzRangeproof/3c7365efe227f6ace0e7a40b310e7bc5f5741d8e
=== RUN   FuzzRangeproof/3c752022634b6061f4752b29cafd50b76f8adb6d
=== RUN   FuzzRangeproof/3d04743e7f9b4530373a39e75001608823d8c762
=== RUN   FuzzRangeproof/3d456c13e4dc5f2da3975a05f8e7b28652d28f29
=== RUN   FuzzRangeproof/3dfae9eb3dcaffcf39ae730d65b161b34e2b9690
=== RUN   FuzzRangeproof/3e348c1e9fdcfd0129d926aef361043602b1eb88
=== RUN   FuzzRangeproof/3e58c9c7fdf78699c9925736a8863699db3a87fd
=== RUN   FuzzRangeproof/3feb1c1db6f7e01a61c93ceb66ef8271da053a67
=== RUN   FuzzRangeproof/40a45b04110b0cafc54ec52f92bf3af47335b745
=== RUN   FuzzRangeproof/40c503888caf4b4c2c0275d502439bbbf550a45e
=== RUN   FuzzRangeproof/40e80cc2a91a8fb262e94d75e6232af37ecb41bf
=== RUN   FuzzRangeproof/415ee3db3299e83fa867a7f5ec0d7ecbe466ac40
=== RUN   FuzzRangeproof/41fb2e1cf99d381ca74eefe6ad1222d6690799fb
=== RUN   FuzzRangeproof/430c9973014ec94417bafb5f371602f0c7a1224a
=== RUN   FuzzRangeproof/439758a0ab4c9a6829871513c37cb4f9608ea69e
=== RUN   FuzzRangeproof/441f8fdeb413cba72de6b242670ce2b77c569345
=== RUN   FuzzRangeproof/448977404025adddf4082ae74228fda72737b820
=== RUN   FuzzRangeproof/44ceca6bc98dc46dbebefbe1613b0b7ebb3da7d0
=== RUN   FuzzRangeproof/456ea979eed2a89babfac53d79cb5164e925bcc7
=== RUN   FuzzRangeproof/45baa35140888b2912233d1f1b25372e56cb5dfe
=== RUN   FuzzRangeproof/45bb2fc55ef0a55863c2782f8bd88d309789a749
=== RUN   FuzzRangeproof/466231194daffffee1e58c2828468cff91531d53
=== RUN   FuzzRangeproof/471496cc2a5a80a85060ed89ee59d7de787fd438
=== RUN   FuzzRangeproof/47427e1a1ef94ec6c8e17aef858125f7488ce657
=== RUN   FuzzRangeproof/47d0f319b248b44bcb37d5338ba5fc3430a5a3a1
=== RUN   FuzzRangeproof/486882c1724ae4a69b95a1b10cb1d57293cb3af6
=== RUN   FuzzRangeproof/490c1a0fb475019cd9d55f56676e10effd95dd77
=== RUN   FuzzRangeproof/497605b0741f2bffb0438049b61db4824bb406cb
=== RUN   FuzzRangeproof/49e78acca6215adf7ecf508451f28bc923832e6b
=== RUN   FuzzRangeproof/4a2122ae287054389eb898c5a9d9364132448376
=== RUN   FuzzRangeproof/4a6e4a6a54f1ed709724a006f9b8fde022843527
=== RUN   FuzzRangeproof/4aa058fc9d483c1e27d0f2f497d93e0fc9440041
=== RUN   FuzzRangeproof/4b2bd5e16988622132f865ae15f3fb5754f96d58
=== RUN   FuzzRangeproof/4b5fba4d8a0d312c9db10d912f2cf1440b8c3bef
=== RUN   FuzzRangeproof/4baa8b65765c12542d53c02fb338076e4ad9be1c
=== RUN   FuzzRangeproof/4bda97a548918c7a466f7b0a8642164d82f3105e
=== RUN   FuzzRangeproof/4c060366f3fcc7d8878f90b4071251c69a8a9748
=== RUN   FuzzRangeproof/4c0bc86fd010d6c95820d34b2f2d0f9bff0f99db
=== RUN   FuzzRangeproof/4c1b615abb52ea06d8edcc604499b6c214053551
=== RUN   FuzzRangeproof/4c1ef496434def85c1789fd430ed17d83e721089
=== RUN   FuzzRangeproof/4ce00aafe7eba742c85e69e2443d649d1ca267fb
=== RUN   FuzzRangeproof/4dad3baa9e23b4f655365a31c93cce83b520fea3
=== RUN   FuzzRangeproof/4dcf4997429f4a0032c962c313b6e4e413b583fd
=== RUN   FuzzRangeproof/4e4462a1ac0b39c1b013033f99366cf08ae8c381
=== RUN   FuzzRangeproof/4e8ec5fdcbcbf41d53acfcb0c56efcd4ce25ef3a
=== RUN   FuzzRangeproof/4edd7673b51ca87d293ef70bccb34b1b0f6853ce
=== RUN   FuzzRangeproof/4f0262c9a880a8191fe001715a40a9f3da3de8ad
=== RUN   FuzzRangeproof/4f62fab0b7305919e4048fac702214f56e7e6def
=== RUN   FuzzRangeproof/4f8c6480cbf91dc12cc127ca5f3329e5f794f025
=== RUN   FuzzRangeproof/508215365b137b0157c66a89750ab3bf68646af7
=== RUN   FuzzRangeproof/50aa094340a99fd53590380d0e2f6efc15a08b6b
=== RUN   FuzzRangeproof/50dec9bd916ea07d16db9236b53f96a940575108
=== RUN   FuzzRangeproof/513af9037095ee25314c143124fc8b10fe4943ed
=== RUN   FuzzRangeproof/52a51399a846bc42b1e560d08b1389e51808f4ac
=== RUN   FuzzRangeproof/532f1791aa2abee616bda1d84a5366378c83556c
=== RUN   FuzzRangeproof/549f45f1e65312482b7e4759b37c4fd2929a1efb
=== RUN   FuzzRangeproof/54a3ed0aa931b8a2c6666be8f3460ce0c9cde050
=== RUN   FuzzRangeproof/54df992ffc2ccfdef8738ec9474bbedd6f27b455
=== RUN   FuzzRangeproof/5558f117689676b461bf2ebf0200464a987d22c0
=== RUN   FuzzRangeproof/556ef8088f8f44a7bf7983f899a1f1e8f118548c
=== RUN   FuzzRangeproof/56049a6c902706877266573184d302fceaba866a
=== RUN   FuzzRangeproof/563f33a7188e52305535ec8f4ab9e373992b11ac
=== RUN   FuzzRangeproof/56d23d9c5508edce4855076bf8b12647ce64946d
=== RUN   FuzzRangeproof/5990a887874f5bb5b80e3be22f7e05d6d3b8cc4d
=== RUN   FuzzRangeproof/5a9d5c9b09e3641a1abdbc606b4ce2c8342e39c5
=== RUN   FuzzRangeproof/5a9d5f99ff2db68995c2251eb70387fa2531b39a
=== RUN   FuzzRangeproof/5ac5348838c4588df70d06328958cd71ccc76338
=== RUN   FuzzRangeproof/5b31ac3ff858be235b794335fa0ad6d08c1d5954
=== RUN   FuzzRangeproof/5b8cc3899554491a16e7a8af91898e2ec867025d
=== RUN   FuzzRangeproof/5bbe89071063928c089bd540353af689ec391dd1
=== RUN   FuzzRangeproof/5bdb9520d0b31b7f846478b5ccd592d79006978d
=== RUN   FuzzRangeproof/5c7dd9736ef53bf509e7e6d83283a16be8ca639d
=== RUN   FuzzRangeproof/5cd121a4c1c59482f79103f76a20e90c4b93dc84
=== RUN   FuzzRangeproof/5d2723aaaff6c9d2bb94cc3389cd73a471e75631
=== RUN   FuzzRangeproof/5dd2bea8f3a263aad5087b00b35b9e85747b1217
=== RUN   FuzzRangeproof/5e2d74d7ab209e8866f0c2a53e6fd6e27f578afe
=== RUN   FuzzRangeproof/5ee507e4d91267db8ae4391a1917358f6dfbd6ab
=== RUN   FuzzRangeproof/5f52d75b5f8f5916fdde9122f90374a13a41a75c
=== RUN   FuzzRangeproof/5f60fc774b88097ee8404faa2071f7eb106a37be
=== RUN   FuzzRangeproof/5fd0d23017d0a6666868271eeba4703dd9cc144b
=== RUN   FuzzRangeproof/60988a41c4f10f4f822576fc07e8125712fd741e
=== RUN   FuzzRangeproof/612abf4c15087ee7873760eb5f62fb6e98d654ad
=== RUN   FuzzRangeproof/61838f4307beb7379712eabf87fdbe9cc6f51785
=== RUN   FuzzRangeproof/61840bdb03dd236b21da43dbef1aeeb2460663a2
=== RUN   FuzzRangeproof/6295956d5fc48f30b2d34fb9ae3ca268bd4e4b9c
=== RUN   FuzzRangeproof/6347f01a4fc7a78cad13982c4d9a4ade86ed9c59
=== RUN   FuzzRangeproof/636211341eb1223e3f7efe219f1654e8b05181da
=== RUN   FuzzRangeproof/63d9753557d469a60c810627679b838c3260de65
=== RUN   FuzzRangeproof/64116b6d8a0e04c54a5341e384d8c7a4488dad3d
=== RUN   FuzzRangeproof/64987ad2e2e1608798b758dc1ab36570c355fd8f
=== RUN   FuzzRangeproof/64c2376f1fa52d707937dd2e19412bda0c6dd12b
=== RUN   FuzzRangeproof/6503d119c7871453b4b239cd820e2121577ae895
=== RUN   FuzzRangeproof/656e2076298af3da2b174441209c164a6afc2628
=== RUN   FuzzRangeproof/6593805f2697e0dd311c56c841673527ae3aecee
=== RUN   FuzzRangeproof/6674d492bdbdf8b3db46e9f6b8a08ed91add0d12
=== RUN   FuzzRangeproof/66cbb501c35897ad32c4818bb577ef8d4cda4a18
=== RUN   FuzzRangeproof/6718530a2dffd01bd016b7e7a094bd98dffe0f9d
=== RUN   FuzzRangeproof/67417b1c900b397916b3124b04c5160cb2579cdd
=== RUN   FuzzRangeproof/67432e5d831991ad589c2a94b8748c8bde00a25b
=== RUN   FuzzRangeproof/67d60d997cfd7bf9354496d40c6fc0c23bfa6b13
=== RUN   FuzzRangeproof/695942fb5c616bb8f974d374a745ccc29ed9aa38
=== RUN   FuzzRangeproof/69fe271d0a8c728a10aa916aadd0361a14834744
=== RUN   FuzzRangeproof/6ac4c6bab7269bd3eebb3930c5f30691d734af55
=== RUN   FuzzRangeproof/6b52d9e804878f5e60eeed3476b13a10bb973829
=== RUN   FuzzRangeproof/6bdfba46b13cc06e9e163332adf541314d790c6d
=== RUN   FuzzRangeproof/6c30491b1da8bdbe934fe7db52447fdc9ec757ea
=== RUN   FuzzRangeproof/6d141dfed0a2feccee95a8ab620bea44b08262aa
=== RUN   FuzzRangeproof/6d38a8f824bafbb0c55b2b4a905d1320c5369514
=== RUN   FuzzRangeproof/6d5aa7c7c789484701720832e6d7741fd732a63f
=== RUN   FuzzRangeproof/6d8c6343ebfea46a3461df158760f06110af435a
=== RUN   FuzzRangeproof/6efbe9c9c2645838a05d0e9dd01137d39a602dc5
=== RUN   FuzzRangeproof/6fa3a1fe9952afe175f43d447314d91a3edee570
=== RUN   FuzzRangeproof/6fc2d2ccec9c3bc79e0020fa56a1789c364e7113
=== RUN   FuzzRangeproof/6fe88261e112c4b787ed275abfeea0676b61da86
=== RUN   FuzzRangeproof/70c1a2d4fd3efe0360010c76f04ef2c241c7af61
=== RUN   FuzzRangeproof/710b251663ceab4fbdacc26a08c210f26f50ab68
=== RUN   FuzzRangeproof/715d90307e3d81d758fe57740482e09af0ac9639
=== RUN   FuzzRangeproof/71a992e69a4afdfb62d4fa068a271f7ff577b349
=== RUN   FuzzRangeproof/71c737f97f40072c957be48b690d264a8cb611ab
=== RUN   FuzzRangeproof/72482a0dda5523f41f6b4c677b9b009b7e3432df
=== RUN   FuzzRangeproof/7281d9f1f8b5d0b738038f58c8518c039e4e0469
=== RUN   FuzzRangeproof/72ab6ea1a80a6b17e21611801390915a2d379558
=== RUN   FuzzRangeproof/72c1df45343df0305c02f40b01fce2a5d888c300
=== RUN   FuzzRangeproof/72ebdc0e07eadcd83f652ecbfb72518e5eb7e122
=== RUN   FuzzRangeproof/7348ed1b3dc335fb050035ff451f29c2577e06d3
=== RUN   FuzzRangeproof/73a987499dddec91e5c0e078d55e2656cfe483b0
=== RUN   FuzzRangeproof/7425d9cc61b24d38ce14dafdc91b3ee65ff1153c
=== RUN   FuzzRangeproof/74562623d15859b6a47065e0f98ce1202fb56506
=== RUN   FuzzRangeproof/75e2b691f8053fe40434e3c3ae3c93d706f887aa
=== RUN   FuzzRangeproof/760fa7f1bc1524c55a34af65ef4c4c59940b216e
=== RUN   FuzzRangeproof/7621d99c477a30566502e581ccba253a5b55dac7
=== RUN   FuzzRangeproof/7631787005e9c21d568a14fbca81641670bc447c
=== RUN   FuzzRangeproof/76be82a3940b4fad617a0f757f38a21acac8b853
=== RUN   FuzzRangeproof/76ec7a0d4b24b479a108d2f34fb2d2f4aee7ee93
=== RUN   FuzzRangeproof/77667635516f2c82c40bca7482ea53d97c284fa8
=== RUN   FuzzRangeproof/780e4438847678d4301685a4c69fc3805f36db9a
=== RUN   FuzzRangeproof/7815c1c443318e99b8f11c6cad5481e1c3443154
=== RUN   FuzzRangeproof/781e98bc367619ef050bbe461d3dd9f2072d4773
=== RUN   FuzzRangeproof/794b79b9ea3ed3caebd0d44e8d0372383ac3e14a
=== RUN   FuzzRangeproof/797a54fd3a3ebce12c6f770e790f62a619e34a98
=== RUN   FuzzRangeproof/7af7f8b9cdb3a09d24b1e31d6e195963c0cf92b6
=== RUN   FuzzRangeproof/7b0dc77667c6019af2321ad569cb72e0a77e5e9f
=== RUN   FuzzRangeproof/7b9a6b0f6ea5d1bf29ceaf09cd852f9fe65a2edd
=== RUN   FuzzRangeproof/7ccc8f5766af0ce4754fc5feeda7364ad2899a43
=== RUN   FuzzRangeproof/7d4f9c3aa4feabc342677564094f041d53d2c116
=== RUN   FuzzRangeproof/7d820a83dbd6f6359be86ca6a380bbe1bd447407
=== RUN   FuzzRangeproof/7da44e0c22f52c29586952090e98f75fd317386c
=== RUN   FuzzRangeproof/7e23618ac9af7f088fb7d87135cfbf63f68831e9
=== RUN   FuzzRangeproof/7e62d3d5dc899863af8803239ab4c3c3dcf7dd72
=== RUN   FuzzRangeproof/7e6392a0f5eb7b30e553753a2901de182b3242b1
=== RUN   FuzzRangeproof/7e64319afdb75d216bbe3f0ba2842ca74502245b
=== RUN   FuzzRangeproof/7e9e07e0c3a89b038ec90da3ede28945d1148c64
=== RUN   FuzzRangeproof/7ea7a719580922d10fef122afa4cbde31fed62c5
=== RUN   FuzzRangeproof/7eb0ef090bb7f78d5ef143b6a0bdcd661373f1dd
=== RUN   FuzzRangeproof/7f3c944bf38852762e32eb3621c5096b6759b06e
=== RUN   FuzzRangeproof/7fb912ea13d5833d78f1b081cfcf53e36534e513
=== RUN   FuzzRangeproof/7ffa964175b4ab98af6b1ef60a3f38693547896a
=== RUN   FuzzRangeproof/8020116651dc6418d935c67eebceb7f051567b39
=== RUN   FuzzRangeproof/804213f2ffc55517bc8eaca63a852d5e0b1be346
=== RUN   FuzzRangeproof/80af3009210981eea0f897bb1d0e5ab734d4cd18
=== RUN   FuzzRangeproof/81f9cd6b41d34aad22b8bd79ea24f9eafc1d0a92
=== RUN   FuzzRangeproof/82c03864e31616e0da1531f6b013995aa46af375
=== RUN   FuzzRangeproof/8304c8da20eebe631bebe657f09b88850377cccd
=== RUN   FuzzRangeproof/83530523de54fb609f50481948a33daeb5f25bb5
=== RUN   FuzzRangeproof/840d8a80c7a52b0fc17e19156c5b72c8c0e9abef
=== RUN   FuzzRangeproof/843e5cbce34c5f9ae2c10c933b79f349220d87a0
=== RUN   FuzzRangeproof/845fc5f4b38dd9e53549b8a2e6d655120cb5d1be
=== RUN   FuzzRangeproof/84d0ac164e487a7bc0663c6c699de1c1c8b044aa
=== RUN   FuzzRangeproof/84e729543b2adf6cc0e3dee485ae406c3bbce441
=== RUN   FuzzRangeproof/84eeb6d41434ac9a54b1705af6ed84c3863ec47d
=== RUN   FuzzRangeproof/84fc2e9c06e2109d7c546fdc21db49a5453a61d5
=== RUN   FuzzRangeproof/85faeff0f2102570d12d26fc86e26b3a9351767f
=== RUN   FuzzRangeproof/8621035a780906d8ca387a21293659b9682dde91
=== RUN   FuzzRangeproof/86df73e7555be160c07f556c1a5eb7b0d0cc08b8
=== RUN   FuzzRangeproof/874df2c14d01a462e84a98eb7de5bc0fe58e8a06
=== RUN   FuzzRangeproof/8853a2876f1ab8914de689f0715d57c53d4df1b7
=== RUN   FuzzRangeproof/885eda80e9182fc182b05ba2852e6c368203a8da
=== RUN   FuzzRangeproof/88c0dcb5ce097509f1c04930bc418250bdafa159
=== RUN   FuzzRangeproof/88e784571f55ab938d1403d63015f1d66c6f0e70
=== RUN   FuzzRangeproof/89bd8c3595f60f44f3262a8bee821cf0d9f1dbff
=== RUN   FuzzRangeproof/8a42760c08c73b22b7525797eec46e856c0ef443
=== RUN   FuzzRangeproof/8aa6921fb2a7c1688e080cb52ab1ced356c8af54
=== RUN   FuzzRangeproof/8b1664f8b2dbbac02fda8b93f367f069a62f44f0
=== RUN   FuzzRangeproof/8bbbcb109c6edb18f3b80310e9efdfc587cacc1d
=== RUN   FuzzRangeproof/8bebc849f08b65ca23128c313f418bf049941b92
=== RUN   FuzzRangeproof/8bfbc5794279e95ae7108e4acfcab7e6ede6570b
=== RUN   FuzzRangeproof/8cde08ef0e2fa469cef5a53bc70a6dd2bab0326e
=== RUN   FuzzRangeproof/8d1ff190852558115dae0549df70972936403374
=== RUN   FuzzRangeproof/8d47039fca90711b937fcd5ca0d61a1331db77ea
=== RUN   FuzzRangeproof/8dd169182747d24c69433dab7d8cd2cddffdf7ff
=== RUN   FuzzRangeproof/8e6127d93a648de227e917e5ca357e04da8b7981
=== RUN   FuzzRangeproof/8e8b47c0af75d71833751924a0fdb193ea6cca80
=== RUN   FuzzRangeproof/8f371a76a78584fb27ff18e87bcfc1bbb658afda
=== RUN   FuzzRangeproof/9017aa35451d41c3a079e8f2a3b2f580baadb3ed
=== RUN   FuzzRangeproof/907af0a2216505d3ed158b97298ce1afd3bb948b
=== RUN   FuzzRangeproof/90dea1c2d59a624f22bd686ab1d2baf40a537a3b
=== RUN   FuzzRangeproof/91231b5c311abd9d3928579559aca090924a68c8
=== RUN   FuzzRangeproof/9132976fafa0488015190715dcb7f5db88228676
=== RUN   FuzzRangeproof/93a89bc500c13c8e8f02b8f76630cf0dd5e34c2d
=== RUN   FuzzRangeproof/93bcb3ff7e96cc11f7f605e78acae0944e4f060a
=== RUN   FuzzRangeproof/9469e6814025e301cf7caea2116bce40ec66df01
=== RUN   FuzzRangeproof/947f139ef020cf375ad8f9c9fe541d5f665ce126
=== RUN   FuzzRangeproof/94ac3a2cf67cd17a71b0838e45defa4702d897c3
=== RUN   FuzzRangeproof/94d7c9c1bd30363e5085714349930e5e8e4bbaf7
=== RUN   FuzzRangeproof/9513e71e7b0cf177b3edadba19c16ad51fb39e35
=== RUN   FuzzRangeproof/9524a3381087ed28f480de75aca15692a4996bb9
=== RUN   FuzzRangeproof/9543beed74f084784823827e77bc1ef35cf84518
=== RUN   FuzzRangeproof/95ae6b5b1eaa65f11a1c779364c8527abde40f81
=== RUN   FuzzRangeproof/95ff2a7b6bd120a1377ded873266647a52375635
=== RUN   FuzzRangeproof/96b08f7c5822bed7a91d1f32397bddbc2e107c18
=== RUN   FuzzRangeproof/9731752e4efc05008c1dada22c6b8390a5e27ab5
=== RUN   FuzzRangeproof/9798df891fe3206bf3b8b1952bf0b625c1c067c4
=== RUN   FuzzRangeproof/985926b84c013570fff12fe996772cf47fb76895
=== RUN   FuzzRangeproof/98686a991ef725d27296f3f25eca3f5491c64e0c
=== RUN   FuzzRangeproof/98c95e10195f7355f3112c01db5986833f76efc8
=== RUN   FuzzRangeproof/98d6343b0ebb111ffb4a1c30d3481aaf404461a0
=== RUN   FuzzRangeproof/98f15cfe59ab88e2057d389cfe5eb8218e6974b8
=== RUN   FuzzRangeproof/9977a88564869ae8387db712084d2e33c3fee83b
=== RUN   FuzzRangeproof/99c286ccd7bc4e14d9a0f9f31d8da2085650a64c
=== RUN   FuzzRangeproof/99c2d6777bac79f7066fc33bad569a98d0e9232b
=== RUN   FuzzRangeproof/9a40ab95c540973f8f27c679f0ffdc3ea51029ba
=== RUN   FuzzRangeproof/9ae0bdb17f2e6f326cfcb1cb37b3cbc434d6c62e
=== RUN   FuzzRangeproof/9b611c3d6ae468612d2e526118f43025f854c1b2
=== RUN   FuzzRangeproof/9c47c1df38cbfd243e091da8e361b4e0cbd53035
=== RUN   FuzzRangeproof/9cdc786172031b7b9d44e3a97d0d8267cd6cf949
=== RUN   FuzzRangeproof/9d9c42089efb3f876e0e6758eddd6ed6f1a99f50
=== RUN   FuzzRangeproof/9e542d4f6c8e9e4ae4dd0c9724a01c7710fa6e82
=== RUN   FuzzRangeproof/9e8cbafa20d5597580869a99f05e79f6d57f57cb
=== RUN   FuzzRangeproof/9fbbb5cf6ff948963ee85f36466122a00dba79ba
=== RUN   FuzzRangeproof/9fd64b085a1e23ed69a02e23f092bafb50aaba1f
=== RUN   FuzzRangeproof/a096e9f5717c751543dd1f4452e190c4a9d95345
=== RUN   FuzzRangeproof/a10909c2cdcaf5adb7e6b092a4faba558b62bd96
=== RUN   FuzzRangeproof/a1a592b9c141f2cd09d30f174e21093fbe3f6d56
=== RUN   FuzzRangeproof/a1a802eabf79e998173b950d1b813353a0140774
=== RUN   FuzzRangeproof/a229ca68c472c961747541298811b26b7b244cf2
=== RUN   FuzzRangeproof/a29cbdf3c91bea54c2bdbcf2b71ba2b45146f86a
=== RUN   FuzzRangeproof/a39094512a801c10526fa87f372368a8e933ff87
=== RUN   FuzzRangeproof/a39dc5a688507118b8434de3151fa8c306ae9629
=== RUN   FuzzRangeproof/a4bcdef9f30d305c376fc0f22f9ab34e9b053746
=== RUN   FuzzRangeproof/a58506854c07cfb03f2d27b6d2ce8fa9e8965aa3
=== RUN   FuzzRangeproof/a82dd5bdb24e763050d3db68f96feae8d6320b88
=== RUN   FuzzRangeproof/a8332eb049a96c4f7ba8e3721b9fdd1cf3ff0b00
=== RUN   FuzzRangeproof/a834ee46e0c54d3d330a308d1527f4c2f0ed676b
=== RUN   FuzzRangeproof/a8a40f21e13ec26efd9295ac04b671149adec81b
=== RUN   FuzzRangeproof/a921348638ec718c48a045313fffdcd54ce1ea28
=== RUN   FuzzRangeproof/a98dbd7e41e1de5d86ab901b640fe824a595c9f0
=== RUN   FuzzRangeproof/aa430206f5cb4ac2c245b1238d8a70432d8b1076
=== RUN   FuzzRangeproof/aa4c3a803474d33f8c8ab176d96713bad294cdd2
=== RUN   FuzzRangeproof/aa697fa39b85da93fc00543630275826de4fa08d
=== RUN   FuzzRangeproof/ab4640d16551c03a64f91b3088917e46d88b8354
=== RUN   FuzzRangeproof/ab8c52f06bdaddb2ce7ebca46fad326dfb39de89
=== RUN   FuzzRangeproof/ac807d7ba17915d8087f17671174d5b08634eb6f
=== RUN   FuzzRangeproof/adea798ef77c1dfeddbd710476b096080e14ef78
=== RUN   FuzzRangeproof/ae29d9f60641701ac8629853c75e586c3b756c57
=== RUN   FuzzRangeproof/af121c301f57a3771e8bf9358317f2d5f3655a85
=== RUN   FuzzRangeproof/af7478341582a63f5b23c9fa4d1fe56c8e4196cc
=== RUN   FuzzRangeproof/af9474e900c79c16ed46394c6cd58a38e5b2525f
=== RUN   FuzzRangeproof/b14be64b7125e57367eb3303162cecfbb178d2aa
=== RUN   FuzzRangeproof/b2491b03df9282712572ba0a3e85492e3be1178f
=== RUN   FuzzRangeproof/b2fcb6841d44610e1c540268a4096525f620a280
=== RUN   FuzzRangeproof/b36da74c9f29570fbcc21944ff007686d7d40af2
=== RUN   FuzzRangeproof/b402b4de89a05c312e67e98a555cd923ee7f9970
=== RUN   FuzzRangeproof/b4060bcce1bfb4e99e2184b6a0b16938482752a5
=== RUN   FuzzRangeproof/b4122f5fe67babf13815493136821142284f3d9a
=== RUN   FuzzRangeproof/b48371e3f91790260cd84e4b2029fe37ecfe8c9f
=== RUN   FuzzRangeproof/b52338e9a4c842c1872e3f3801dee637190bf448
=== RUN   FuzzRangeproof/b546946dc3b447a08119499bc2cbbc4cfcdda12c
=== RUN   FuzzRangeproof/b54853b96418339e61e72ed88a93dbc0ea0813be
=== RUN   FuzzRangeproof/b5f75406f15ff1ec855d6a0bd39ddd4d582bc365
=== RUN   FuzzRangeproof/b65704fbab90277d45bfc42a66a584efbbe82e7d
=== RUN   FuzzRangeproof/b7532c4b98588084b6111aaaa5b3302e27e4cc47
=== RUN   FuzzRangeproof/b7d2e8a0b2fe099a04de3e821aed9034ed14c288
=== RUN   FuzzRangeproof/b7f33ba325fe3a5b759770f421351645a00ff5fb
=== RUN   FuzzRangeproof/b85d9893ef4415c75dbc00fd280bec6efeefe811
=== RUN   FuzzRangeproof/b86731afb0c81a4b782dec879a7961ea56bf8f5f
=== RUN   FuzzRangeproof/b875e8725850c811651c52c5ddde83449bb1709a
=== RUN   FuzzRangeproof/b88d117e78fa52b935420ed8101b32e048900839
=== RUN   FuzzRangeproof/ba2317f4aede97694ed5ba12318795c7438078b5
=== RUN   FuzzRangeproof/ba33bbe3939ace6ad3764ffc070f8846a1c34163
=== RUN   FuzzRangeproof/ba5303b102f5b988d7774e1aba973f0cfd962463
=== RUN   FuzzRangeproof/bb00175754cde846ee27155d946b547f09cb1430
=== RUN   FuzzRangeproof/bb20681a9edea93925b0b2f0bc75abbd7d107325
=== RUN   FuzzRangeproof/bb3a06b4f3c48ba03eee457174e096e417951ad2
=== RUN   FuzzRangeproof/bb4393268d6537d73cd74e1b3f6702233d1d1e0d
=== RUN   FuzzRangeproof/bbbc05732becd2efdd2f3b935eccc5029fdac65c
=== RUN   FuzzRangeproof/bc62b269b9d500f93c3b891453314b6306700508
=== RUN   FuzzRangeproof/bcbd16cc7ff432f9dcb57030752c91199dd2b4bf
=== RUN   FuzzRangeproof/bcc25c4db6673f445160a86498852c8e5ac8c53d
=== RUN   FuzzRangeproof/bd6c34aaf6a0d88309960f6a6e53c70a99b10a26
=== RUN   FuzzRangeproof/bd74c7d67d8d816ec5a2c1a29891baec9b925cca
=== RUN   FuzzRangeproof/bde87213fae93d3bf35affb27771efe8633b11ab
=== RUN   FuzzRangeproof/bdf2b326fa6fa7adc723bafa0eafc13c60b2f602
=== RUN   FuzzRangeproof/bf622a76a69966cb6c18837ce83288511b19ca67
=== RUN   FuzzRangeproof/bfd8f10a56069581bb7d6ea198d8de98d0d27c74
=== RUN   FuzzRangeproof/c039633ab3ad15b2aacd215434c04c7ad77d5b80
=== RUN   FuzzRangeproof/c15371783505d2f2ec0ea20fdb4746e93c1a431c
=== RUN   FuzzRangeproof/c18c33d0899061b84eb06d6aee274a8a7d8e65d2
=== RUN   FuzzRangeproof/c340f32c1336c77395841793bc0a486f1bcf25e5
=== RUN   FuzzRangeproof/c5c1f5efb5e16db986988dffff78c3d4f2cc7bc0
=== RUN   FuzzRangeproof/c5fa0c054a400ae8c32cabf5604c8c4ec4b7e4d0
=== RUN   FuzzRangeproof/c5fe170971f0500c8af3b48e4b236a0385a1397b
=== RUN   FuzzRangeproof/c6c01ec8b4cec8f28f1299999f0069d8f95d5fb7
=== RUN   FuzzRangeproof/c6cc261a00a4553bea7583fd34d2f6d406a85785
=== RUN   FuzzRangeproof/c8140fc034f36ead39b8c9fbfbfb5eca4c57f0ad
=== RUN   FuzzRangeproof/c90a6553c5ff146d947582c3a4b54f79b0a822a1
=== RUN   FuzzRangeproof/c928b8cd0391f688cf015615a50f272c299306ae
=== RUN   FuzzRangeproof/cad4fe9ed778684c3405c4dee83356760b44b194
=== RUN   FuzzRangeproof/caf4c91b4463445e68c4c9e811c7b6f8e5e50be9
=== RUN   FuzzRangeproof/cb4bb292ae298bd2d514d7e1c8c74e02522436d0
=== RUN   FuzzRangeproof/cbb37a5c154bfc68fc79b9cc3eb3f0ab6d52a4b1
=== RUN   FuzzRangeproof/cc098dd4458d38b4a7220a7f34a5a3bc4ae7fcec
=== RUN   FuzzRangeproof/cc7af0f1532473056e8e47350670f865ea33e26f
=== RUN   FuzzRangeproof/cd7b434425c1c9c9365edf505bb410b6856d9865
=== RUN   FuzzRangeproof/ce97553e9bf176d9d0899d294e3215326b879c57
=== RUN   FuzzRangeproof/cf2fdc239c4fa11fb9b1901b82a11c585b7bf7fc
=== RUN   FuzzRangeproof/cf3abcc343bb6dd4d9d8eb01d4e4b7e84d2a1de0
=== RUN   FuzzRangeproof/d141e238c078dfcdf27fc988dc6d774dd2f64793
=== RUN   FuzzRangeproof/d17fc273c7a3f76817589ff094bcc101b1b47b1b
=== RUN   FuzzRangeproof/d1accfddda6360ecc9ce569cc56394fb01ad60a4
=== RUN   FuzzRangeproof/d1af77963b9dd12364ad6d70301b0ebcf05d98bf
=== RUN   FuzzRangeproof/d299670c197958fd4d58e23368b6801194590b05
=== RUN   FuzzRangeproof/d2c40db71601b9167bacdaffa630f40da471a772
=== RUN   FuzzRangeproof/d2ff1c24014a483cf163215765ae0bef8c6c5ecd
=== RUN   FuzzRangeproof/d31f8f9154a3e4237bc154bb3b2b6f3aa9f21382
=== RUN   FuzzRangeproof/d32d7505f55d43584d548c4b5ed4ad7b2b1a9e84
=== RUN   FuzzRangeproof/d33db0e89b8636c0289adc8f9cb7f589f05a268c
=== RUN   FuzzRangeproof/d37fbaa414b7eda3323dee990a9c6e6ea4161245
=== RUN   FuzzRangeproof/d39f88cc33a33385aea775a0c989f24d6879521f
=== RUN   FuzzRangeproof/d3edbf63fd2f7134fd26714ece858dab325f2c23
=== RUN   FuzzRangeproof/d3ff4f6b115fdaba63abd995b53f3000d3c74aee
=== RUN   FuzzRangeproof/d42253cba45df4fed5a7830ca6576c24fb63bbcb
=== RUN   FuzzRangeproof/d4696af9ceabdd1aa05badfe17a4c73174465f87
=== RUN   FuzzRangeproof/d4d012aee22c6725d680f12cfd6863c37aac5917
=== RUN   FuzzRangeproof/d637503dbfe70500099ec44be7ea3fc2b843d631
=== RUN   FuzzRangeproof/d6ed4c8d79748fb736312da53d347bdfc7e7ade6
=== RUN   FuzzRangeproof/d6fdb84f731161d5c13c908b5f397914215b1625
=== RUN   FuzzRangeproof/d7189109374afe880029e174775843c834c77273
=== RUN   FuzzRangeproof/d760e32c27b0de9cb530e5728b749fcaf3a44c78
=== RUN   FuzzRangeproof/d8106dc2d858408197581aac8eda681a6d625603
=== RUN   FuzzRangeproof/d83bbd865091fc7516fc90eeb69555a2de9e9402
=== RUN   FuzzRangeproof/da1be9364300c85832e55254eb1c2e47896b3c47
=== RUN   FuzzRangeproof/da926bf052f121e7d453b35da0badf10a4ce9617
=== RUN   FuzzRangeproof/db0c4ddc61be14c21c713fc4ec7ccec50bad3ae3
=== RUN   FuzzRangeproof/db3c2161f2d6e415e1dd30d1ec652a781b7021d8
=== RUN   FuzzRangeproof/dbd15b43f4c480d7c250012134b47e5fe9c26452
=== RUN   FuzzRangeproof/dc4a367585af14ea75d4b383c627af7129727986
=== RUN   FuzzRangeproof/dc6ec7871e4aea3e0d784e0df3f14c9906d8a67c
=== RUN   FuzzRangeproof/de315eb5dc553d691a6fbd4ff8b608c9dad184e2
=== RUN   FuzzRangeproof/de8043bba3965e78e744ec0eea4c345de97b76f8
=== RUN   FuzzRangeproof/def0ce6d141c20592cd1acf08673a61b18715cee
=== RUN   FuzzRangeproof/def3cbfe13b7bf1d63b0fffcd83ba9af7d4e5af3
=== RUN   FuzzRangeproof/df6117db341603d9c0fdbc8600924f87fff53372
=== RUN   FuzzRangeproof/e00e81733880ab07c2add2da529b0d2286d31dbd
=== RUN   FuzzRangeproof/e170dafa46d1de885c31831fa7e8208305a6a8cd
=== RUN   FuzzRangeproof/e2d848542d3d7c27cabbc3ff94493e7d0a36d7fb
=== RUN   FuzzRangeproof/e322d57ca5cfb28442d49e4036b1d5bcbcc9fe27
=== RUN   FuzzRangeproof/e326f6721c2e0ba6f82d5d877a4dea2d903ab287
=== RUN   FuzzRangeproof/e3629330013c0cbd40f67b2cf58931db379a0a0f
=== RUN   FuzzRangeproof/e3780035dcf992a6b43c4da03880fa977339a60f
=== RUN   FuzzRangeproof/e42b500d99c9ff456716382d16d6b1351a4de819
=== RUN   FuzzRangeproof/e4bc7066794e410510bc89f0202eb0cc0f21503e
=== RUN   FuzzRangeproof/e52031f65670a42931701cc77c411fc8b2dccec4
=== RUN   FuzzRangeproof/e53740c90d8b6f6c61bed553e8531b620ce4ed67
=== RUN   FuzzRangeproof/e54a464852a1b8adf68316632953a1b590726435
=== RUN   FuzzRangeproof/e6ae7b8769b51076b73ff371e01e9d09a7aa9ff1
=== RUN   FuzzRangeproof/e6ff4ed547b11fd8c6ed127872941427d5430b2e
=== RUN   FuzzRangeproof/e7f12a7256071f2466b8d9b59aafd6b417a28af0
=== RUN   FuzzRangeproof/e87ce061db116d81f9ace233f919ccefb9e66edc
=== RUN   FuzzRangeproof/e88f4549be89b29d3fe8b8a2aad1b8c03eb4e319
=== RUN   FuzzRangeproof/e8aa8c7f11fc2ec847289d573131b762e89fc68c
=== RUN   FuzzRangeproof/e91b9b9ab9e46e1a7d2726fa1fcfb0db2790c998
=== RUN   FuzzRangeproof/e984a326cdbea995056061b26aa0343bfd129657
=== RUN   FuzzRangeproof/e9e09fcfe1431135abae780c82a2dd2aca3dc3cb
=== RUN   FuzzRangeproof/ea532df434844b35f78ab818044c7339c7e9a785
=== RUN   FuzzRangeproof/ea6e1773b1aff5dfaf232443a45935396d7f5065
=== RUN   FuzzRangeproof/eb4bec7a2f7d610ca8521f7b9cee633c36a12c53
=== RUN   FuzzRangeproof/eb6e7b711af1208e95a30f52c9b5109a3b711ba0
=== RUN   FuzzRangeproof/ecbb685e48d47212ae76c699e812d49fdda22a92
=== RUN   FuzzRangeproof/ece00e87aaef71789371011114dad73ccb2b526f
=== RUN   FuzzRangeproof/edf36dea303b3189dd2ed38bdd441f31fb1cf132
=== RUN   FuzzRangeproof/ee180754c39f79cc52f14d6e146197a4e3db8c1c
=== RUN   FuzzRangeproof/ee2f31b995825d1ac03750e365b41f1faffa706b
=== RUN   FuzzRangeproof/eeff8e2f35cda82a3d2b927a4bd524effd2e897c
=== RUN   FuzzRangeproof/ef72fdb349b80bc36f5fb61eb6c526b7fc6d8080
=== RUN   FuzzRangeproof/efa3bc367915cd7af4507d5039a11e150e1b8845
=== RUN   FuzzRangeproof/efb86179fc72c6d573fccff9ee60f727ccc57538
=== RUN   FuzzRangeproof/f014dfd88fafbfc40ea10ce5c46f4dd37f6c694f
=== RUN   FuzzRangeproof/f05eaa6ca8c53be58f430f9a3bf9299982ea1d18
=== RUN   FuzzRangeproof/f1d96206e3f927b550e667c4049a4e8e14ab1d45
=== RUN   FuzzRangeproof/f35a75bac0cc0594193388449e5fbbc603ea1b2a
=== RUN   FuzzRangeproof/f36def8f48614c0b36682cd5f71dd04705755d5b
=== RUN   FuzzRangeproof/f379f3dffc94f6e6e15cb6d554b6f9007c7deffe
=== RUN   FuzzRangeproof/f393914456e0da1a0d16046375beb3503736671e
=== RUN   FuzzRangeproof/f3c90bf423a85b0a5b088579cf92cfb516517aac
=== RUN   FuzzRangeproof/f44067490772feb1fb12285cde5201818b4fb18e
=== RUN   FuzzRangeproof/f4910882139e460af3b27c7795e054d0cce47b54
=== RUN   FuzzRangeproof/f5f1b96fd600184e02d3cadb4ce239871f7c7267
=== RUN   FuzzRangeproof/f61e7eb4572900d4f505db27003bc93ae0592932
=== RUN   FuzzRangeproof/f64467736e8edddb76e122b64baeaf0ad1d3f4fd
=== RUN   FuzzRangeproof/f66326400c18742253931dec4b5f792e1241a49c
=== RUN   FuzzRangeproof/f7246d6e151d1bb6a048bfd1de52b8af7fa3ac8a
=== RUN   FuzzRangeproof/f7395d5d8d5c8e9e39680f6a35bb512e18f895ed
=== RUN   FuzzRangeproof/f7cbf05836dc27294c1bba6cae96e049de466e25
=== RUN   FuzzRangeproof/f8a59f06f62e26c1c2e924863e1ac3971f540c0b
=== RUN   FuzzRangeproof/f99d1cea92c71d6e3920b4231fc63a500a311c44
=== RUN   FuzzRangeproof/fa03d7ceb5ec3ae7ff38f6c7437cefce720faa0a
=== RUN   FuzzRangeproof/fa0cb8bda6e05ac955edaf3573f63ef3576414f0
=== RUN   FuzzRangeproof/fa4922394efef4beb4361afc810d2b69c57f4d8f
=== RUN   FuzzRangeproof/fa9bb888a25725300f22424342dd245960712568
=== RUN   FuzzRangeproof/fb396d0075a1ae0870174c213f0d22e2eb97264f
=== RUN   FuzzRangeproof/fc7f6d824e78543114fbc63c45040ba2ed8ab860
=== RUN   FuzzRangeproof/fcac8ac73339889e41a2bdae402a7bad3b0e790a
=== RUN   FuzzRangeproof/fcbac5eff718937832f1f06b1ef5cfd8c034363d
=== RUN   FuzzRangeproof/fd0e957ce8f1a2da569e16dd98b10abf163b1259
=== RUN   FuzzRangeproof/fd2168cce6803a879bbb503312a0ebed419b95ee
=== RUN   FuzzRangeproof/fd63f26afc0c68a49f159e02db899683491e179b
=== RUN   FuzzRangeproof/fdc3985bc0b4300f164b27b6540a486cdfad5bc1
=== RUN   FuzzRangeproof/fe212b20d8633b00e528455c9a1b2435bf2dd96d
=== RUN   FuzzRangeproof/fec485464571e0f9842c33d7a0aa83e06bad5468
=== RUN   FuzzRangeproof/feec06c672745dd397826ce8555068a171512805
=== RUN   FuzzRangeproof/ff11b9fcf2c8c518ea9c690b168652af2f7bfd92
=== RUN   FuzzRangeproof/ff4f9bd30f9c3cb832c0693a555e47f8088ac2a8
=== RUN   FuzzRangeproof/ff50ac90dff7294b63880147d529308b4198586e
=== RUN   FuzzRangeproof/ffbc310392d4a9625f11862498c83d49c9a1ff44
--- PASS: FuzzRangeproof (0.42s)
    --- PASS: FuzzRangeproof/00e7d10354990b65a7da63b6828e6e2ade984901 (0.00s)
    --- PASS: FuzzRangeproof/0116dbf9e78c29a61392fd1f404dd7b4b90d8e7a (0.00s)
    --- PASS: FuzzRangeproof/0165e7ca04c6480de757babcc5cdab2196026cba (0.00s)
    --- PASS: FuzzRangeproof/022708337a3e3da732b31441d948b2860b3ace44 (0.00s)
    --- PASS: FuzzRangeproof/026a647d03582da371b6e612e4bee343bc8ac7e1 (0.00s)
    --- PASS: FuzzRangeproof/033b58b98d78cd01ac68181e3054c8ac7abf4e97 (0.00s)
    --- PASS: FuzzRangeproof/0393f01a4ccef9b7c9cd0918a5f234b9fb795d72 (0.00s)
    --- PASS: FuzzRangeproof/0482d840dabf3ed29f92778a9224cb89a73f1a76 (0.00s)
    --- PASS: FuzzRangeproof/0489367b945d415e7c6d18267452c4a9396836bc (0.00s)
    --- PASS: FuzzRangeproof/04d1b72c8ffcfd76e3f29195fae4b9c109aa833d (0.00s)
    --- PASS: FuzzRangeproof/063b6715163b289695af9a95334e2eeef2aad459 (0.00s)
    --- PASS: FuzzRangeproof/065cf3ceabe414429b9cbad1d009c92f04802291 (0.00s)
    --- PASS: FuzzRangeproof/0664020f413eb1c0d102b1bd37e383d9094b5abf (0.00s)
    --- PASS: FuzzRangeproof/0688d21e262ed6b469db0f0f8dfa1fda6dd10325 (0.00s)
    --- PASS: FuzzRangeproof/06985b60cf18a7a078197ce703f41d258a9d9a20 (0.00s)
    --- PASS: FuzzRangeproof/070f65c99413af55557c3bd89cfe3f4bbe903a80 (0.00s)
    --- PASS: FuzzRangeproof/07125924b16eda8f839a481b39d4a28e6721210b (0.00s)
    --- PASS: FuzzRangeproof/07536c8f94afe1a1434c5e0c8cbf12d1d299040c (0.00s)
    --- PASS: FuzzRangeproof/086060c25824fe516099a9570f558b4f0fd1b681 (0.00s)
    --- PASS: FuzzRangeproof/08ef08315c679200d65fcb1fe441497a0cd7f71b (0.00s)
    --- PASS: FuzzRangeproof/091385be99b45f459a231582d583ec9f3fa3d194 (0.00s)
    --- PASS: FuzzRangeproof/09496212beb5dd4742b2bf545f5091a4413ca641 (0.00s)
    --- PASS: FuzzRangeproof/09b06f3a83f17f684ddc3b1bd2ee80afa300bed5 (0.00s)
    --- PASS: FuzzRangeproof/0a7a43ca662a99152585bcb628776934f124b07a (0.00s)
    --- PASS: FuzzRangeproof/0b26d91c8beceb2cef53ac960bf83fed5e7ae1a3 (0.00s)
    --- PASS: FuzzRangeproof/0b2c3ce9eb064bf7ee5fae0368274868543eb045 (0.00s)
    --- PASS: FuzzRangeproof/0b5ff4199bf4f6fd4d66b8005dea87c23691ad24 (0.00s)
    --- PASS: FuzzRangeproof/0bbaa28900f034cb1f864a4408a00dcc2ae823ef (0.00s)
    --- PASS: FuzzRangeproof/0c43e7166de2372610f62f9c534c3b370dc9cc81 (0.00s)
    --- PASS: FuzzRangeproof/0cb1f8b954cc35992c8a4f583cf3a317d44cb549 (0.00s)
    --- PASS: FuzzRangeproof/0cebac4c9eff947ead78035d5944fb3ca3424842 (0.00s)
    --- PASS: FuzzRangeproof/0ced4fb8debc8e4de74411dfe4af44d074316a5f (0.00s)
    --- PASS: FuzzRangeproof/0d54a9e4c035817d44a8e8b0484bdd15755cf9b2 (0.00s)
    --- PASS: FuzzRangeproof/0de450dc21cdb703f00ac31a7ec55b7101085e32 (0.00s)
    --- PASS: FuzzRangeproof/0e1fc6aaf9ac1933283d786a83bee90ce991bb11 (0.00s)
    --- PASS: FuzzRangeproof/0e9086b37b2dd943c6290641d5002e782c4c28af (0.00s)
    --- PASS: FuzzRangeproof/0f072871ef2292de19ccfb7198d61a1ca99bd41e (0.00s)
    --- PASS: FuzzRangeproof/0f2d9f4292d5c033edd16a2a72493b45888e10d4 (0.00s)
    --- PASS: FuzzRangeproof/0f38b546f2fa508e9a104a401b7ed6ff68849691 (0.00s)
    --- PASS: FuzzRangeproof/10594f6dabee7a62110a97654e63b45efcacffd5 (0.00s)
    --- PASS: FuzzRangeproof/10597d186aae318b598199f356c3f2fb41c663cb (0.00s)
    --- PASS: FuzzRangeproof/11bd33b5519e6e840f9b9e3674b530bdc2dbe56b (0.01s)
    --- PASS: FuzzRangeproof/11c6af138aa045bcae1717c90bf04ab023b2d8b1 (0.00s)
    --- PASS: FuzzRangeproof/1283830f97d07baa12647840ca73a454c074ae5b (0.00s)
    --- PASS: FuzzRangeproof/12acb41d1bf235a00f3a008e527537c19ecdb8b2 (0.00s)
    --- PASS: FuzzRangeproof/143f7990588cd6fa609b3b9b43d5df1ede341ecd (0.00s)
    --- PASS: FuzzRangeproof/1559743591376b20879733b2372880ba85caeb8d (0.00s)
    --- PASS: FuzzRangeproof/176a375507f6ce24ad128493e04e56d2cd43543a (0.00s)
    --- PASS: FuzzRangeproof/1795df29324a647a80412eec741d2dd87dbd1429 (0.00s)
    --- PASS: FuzzRangeproof/17c2baadfbe40852da2ebaf76d6d28cfa1673719 (0.00s)
    --- PASS: FuzzRangeproof/17d1fb8754b828d4fb5ed218522524e89d4c39f9 (0.00s)
    --- PASS: FuzzRangeproof/17f1fefaf60b68993d66ca8389b56cd154b9c22c (0.00s)
    --- PASS: FuzzRangeproof/1857ddb24453fdf0dd846b25d96259e20da13978 (0.00s)
    --- PASS: FuzzRangeproof/18e6ae772f7a964faa38fa4b016dbe6f23877201 (0.00s)
    --- PASS: FuzzRangeproof/1944a605056486a6aa565bbc340d99d560ae829e (0.00s)
    --- PASS: FuzzRangeproof/195824e66c4dfee605dc1ebb25b2b12dcea93f2b (0.00s)
    --- PASS: FuzzRangeproof/199b95f4f655b13555576cb1339139fba9fcf496 (0.00s)
    --- PASS: FuzzRangeproof/19e4f6eb4c956002070b47477f49675ec59b9f6d (0.00s)
    --- PASS: FuzzRangeproof/1a1c905495432af4cec9962794976894966fc2d5 (0.00s)
    --- PASS: FuzzRangeproof/1ab857729a7abc2d88eaa6e5db54044ec6f4cbd7 (0.00s)
    --- PASS: FuzzRangeproof/1ad25b990da51a0e86016fcc82c64026132aa005 (0.00s)
    --- PASS: FuzzRangeproof/1b770e29043e72d202eb3b00cfaf1861c5a82bb1 (0.00s)
    --- PASS: FuzzRangeproof/1bd3f4351d7d792e5b1c04bed705ae2c460b30f3 (0.00s)
    --- PASS: FuzzRangeproof/1c17d06e0ea24423016f156c4086ac6516316e55 (0.00s)
    --- PASS: FuzzRangeproof/1cc797f0627f5e1bbec20211aac9870bb83f1519 (0.00s)
    --- PASS: FuzzRangeproof/1d757ae2e9e8a67139ec8051026582ea6495faf9 (0.00s)
    --- PASS: FuzzRangeproof/1deaa34128b23c77b7288ad5b36e1ea1deab8020 (0.00s)
    --- PASS: FuzzRangeproof/1e028d28058d4614315d61a524de66c18d9ceee8 (0.00s)
    --- PASS: FuzzRangeproof/1e3389f5ac727bb48f952de151d755029a38c359 (0.00s)
    --- PASS: FuzzRangeproof/1e71336e56761b0835c8c21e1c70a3a900b0898c (0.00s)
    --- PASS: FuzzRangeproof/1eb40ff2ddff0fe5e40e024c9a8651c14f4623c7 (0.00s)
    --- PASS: FuzzRangeproof/1edee428814f62681ae404b89f1a6c2955a9d0f4 (0.00s)
    --- PASS: FuzzRangeproof/1f32a8a262dc12dfca386567c25daae4d19102ad (0.00s)
    --- PASS: FuzzRangeproof/1f81d4e2eed7bd5218d79ee316591e858a57f3af (0.00s)
    --- PASS: FuzzRangeproof/1ff88aefb287a9c39cf1d77e77a02eaff1780f16 (0.00s)
    --- PASS: FuzzRangeproof/2000f291e975256d3f0e5bda9a9af91e8ed41723 (0.00s)
    --- PASS: FuzzRangeproof/2127f81eea63320b68dc749b55c057f81634a03c (0.00s)
    --- PASS: FuzzRangeproof/21542c2cd2f91e063e4b7de87be8f097b0d573af (0.00s)
    --- PASS: FuzzRangeproof/21928b124bba09833a02b8ef5db18fd2522f4579 (0.00s)
    --- PASS: FuzzRangeproof/235a21339bcc53402be6bc525c0fa9597879a995 (0.00s)
    --- PASS: FuzzRangeproof/24ba232d8cf46d0537f1b92f34f3193a73405f86 (0.00s)
    --- PASS: FuzzRangeproof/24d51c0871937f99f35fd5d431c772d4e3085c3c (0.00s)
    --- PASS: FuzzRangeproof/2500854afa591c61efccc1b2222e1f7be7dd360b (0.00s)
    --- PASS: FuzzRangeproof/2505aead4ca6cd491ac9c01e22115a26bc12da7d (0.00s)
    --- PASS: FuzzRangeproof/2677c2c830da4abd577c7a780be3331bf6c4b2ce (0.00s)
    --- PASS: FuzzRangeproof/27a07d43ff14ab7ae6b69a46b5017723ca89a630 (0.00s)
    --- PASS: FuzzRangeproof/28123ecaf13691edeb9164f26f3c4502a9358b63 (0.00s)
    --- PASS: FuzzRangeproof/28a58a9a7cd33a65faa08deaf4ac60849befd590 (0.00s)
    --- PASS: FuzzRangeproof/292d6fb6e84ba4d5fcd01a59292175d970c7241e (0.00s)
    --- PASS: FuzzRangeproof/297d5d9bf7c0bde7b37f11c7a2d420f943e446e2 (0.00s)
    --- PASS: FuzzRangeproof/2993c872ecb059c9295c13cb2f97105354479d59 (0.00s)
    --- PASS: FuzzRangeproof/2a3b01a28b0700d519dd0e9d0f1fc2293dd58485 (0.00s)
    --- PASS: FuzzRangeproof/2a7a1fc9f06c0dda3f6f8cd4fa57116429897b94 (0.00s)
    --- PASS: FuzzRangeproof/2aca57cf8ac9ac36bb7c3812137d7126638ece9e (0.00s)
    --- PASS: FuzzRangeproof/2add5497d2efd19c1c1fa4aadd530a0d7d629303 (0.00s)
    --- PASS: FuzzRangeproof/2ae38d6ac8aae68573e63c9cdf18550917180e15 (0.00s)
    --- PASS: FuzzRangeproof/2b1cef9c462d48a1cfb6c628393bb1ff7c21c934 (0.00s)
    --- PASS: FuzzRangeproof/2b506a3cd98fe9ccf96ca29ea5806c90d81a35c2 (0.00s)
    --- PASS: FuzzRangeproof/2b693657380198a170506cb7d09bc60de1d31550 (0.00s)
    --- PASS: FuzzRangeproof/2c3ff052e9e7fdf26b0cfbaebedeb1e7c1ca06d7 (0.00s)
    --- PASS: FuzzRangeproof/2c4004458a08df5afdc580424a5415c9077601e4 (0.00s)
    --- PASS: FuzzRangeproof/2c6227086a55200872762e41a47e5a0ad9b3e6cf (0.00s)
    --- PASS: FuzzRangeproof/2c6d6a8a80bd0af2f398ed7fdf0476587ea9cae1 (0.00s)
    --- PASS: FuzzRangeproof/2cd13b10dcb67c681e2499edbc009fe672fc96f6 (0.00s)
    --- PASS: FuzzRangeproof/2d48539625f00a7e2a90efd6d03d6ca15902d861 (0.00s)
    --- PASS: FuzzRangeproof/2dcdb30873440191b54bcad3f5eff93a5b20bf9e (0.00s)
    --- PASS: FuzzRangeproof/2e3329e032f2628948ad4deb83b2ccf269f9f9b1 (0.00s)
    --- PASS: FuzzRangeproof/2e651090b8211d7b154e59208db85108850a045f (0.00s)
    --- PASS: FuzzRangeproof/2e8ba938691b6c6f844485780f6910d75ceb8d2d (0.00s)
    --- PASS: FuzzRangeproof/2ef3388ff11971967433a09dcdcceefe2da4935f (0.00s)
    --- PASS: FuzzRangeproof/2f5e0a183ebb165a0572cbd2cb558f06d3fa9279 (0.00s)
    --- PASS: FuzzRangeproof/3004c96d65c0040bea45a6802561695f81a16b05 (0.00s)
    --- PASS: FuzzRangeproof/300d7535500141ca5979cc42e2654a3999e14651 (0.00s)
    --- PASS: FuzzRangeproof/30b289ae034b80a581eff57f5ae1da0f1f0b9314 (0.00s)
    --- PASS: FuzzRangeproof/3130ab5191d635c65cb3f0a73217d46344117dae (0.00s)
    --- PASS: FuzzRangeproof/3173532552077d0d796c3628ac35c76343dc3a04 (0.00s)
    --- PASS: FuzzRangeproof/3192dbd03afa2c72536f0b2090fcfa6fd034047b (0.00s)
    --- PASS: FuzzRangeproof/31b79393bf66b8633bd63249d48dcb4e9cdadb7c (0.00s)
    --- PASS: FuzzRangeproof/31fef152aa432924c184f76ea7f497c90f252315 (0.00s)
    --- PASS: FuzzRangeproof/323d86e0dd461237620fa1b9edfb39f470f25b65 (0.00s)
    --- PASS: FuzzRangeproof/32af3a8b8b7f853b4181a35d84c610254173b2f8 (0.00s)
    --- PASS: FuzzRangeproof/33b5453aa351c5e07b8891a7f08b77884a7f5448 (0.00s)
    --- PASS: FuzzRangeproof/33d7a3241825a7d333d77e3a4cb5955684089745 (0.00s)
    --- PASS: FuzzRangeproof/345de718457111c9692e9d709e9c5595b37f21b3 (0.00s)
    --- PASS: FuzzRangeproof/348364eba066bac2df919b362d68dbdf9d29b86b (0.00s)
    --- PASS: FuzzRangeproof/34d8c49e3924188599de9c019a6a66170863fd20 (0.00s)
    --- PASS: FuzzRangeproof/3543d278422d527eaddd2ff1764ac97396c4abc6 (0.00s)
    --- PASS: FuzzRangeproof/35dc26ef2f196f4d67fcceb1f5e92152051fdd02 (0.00s)
    --- PASS: FuzzRangeproof/360b5bcbc5c78624beea5a85b4e263fc33308435 (0.00s)
    --- PASS: FuzzRangeproof/3679d41df03065392d3004402383dd556142c70a (0.00s)
    --- PASS: FuzzRangeproof/37b2b647f1f9bb0126bd1ed194f4684cf8c7e204 (0.00s)
    --- PASS: FuzzRangeproof/37fcccba9236cf72dcfe8720ca44220794a8f041 (0.00s)
    --- PASS: FuzzRangeproof/3857d9f7325283395afebae9be7fd17692f234da (0.00s)
    --- PASS: FuzzRangeproof/387f70bed156bbabb4741569af7d0eb4e0965d8f (0.00s)
    --- PASS: FuzzRangeproof/39283d40946cfd2d9a19590af1829baa754f3554 (0.00s)
    --- PASS: FuzzRangeproof/3956963db727531835424b769674168f3dc988e4 (0.00s)
    --- PASS: FuzzRangeproof/39bb16153e49d2bf7962f8a22e0662a682a56c04 (0.00s)
    --- PASS: FuzzRangeproof/3bcd5645d675f4271fc59e11f88bb9e70ee5372a (0.00s)
    --- PASS: FuzzRangeproof/3c7142d9c650902794516a4384f83602dbf44a6f (0.00s)
    --- PASS: FuzzRangeproof/3c7365efe227f6ace0e7a40b310e7bc5f5741d8e (0.00s)
    --- PASS: FuzzRangeproof/3c752022634b6061f4752b29cafd50b76f8adb6d (0.00s)
    --- PASS: FuzzRangeproof/3d04743e7f9b4530373a39e75001608823d8c762 (0.00s)
    --- PASS: FuzzRangeproof/3d456c13e4dc5f2da3975a05f8e7b28652d28f29 (0.00s)
    --- PASS: FuzzRangeproof/3dfae9eb3dcaffcf39ae730d65b161b34e2b9690 (0.00s)
    --- PASS: FuzzRangeproof/3e348c1e9fdcfd0129d926aef361043602b1eb88 (0.00s)
    --- PASS: FuzzRangeproof/3e58c9c7fdf78699c9925736a8863699db3a87fd (0.00s)
    --- PASS: FuzzRangeproof/3feb1c1db6f7e01a61c93ceb66ef8271da053a67 (0.00s)
    --- PASS: FuzzRangeproof/40a45b04110b0cafc54ec52f92bf3af47335b745 (0.00s)
    --- PASS: FuzzRangeproof/40c503888caf4b4c2c0275d502439bbbf550a45e (0.00s)
    --- PASS: FuzzRangeproof/40e80cc2a91a8fb262e94d75e6232af37ecb41bf (0.00s)
    --- PASS: FuzzRangeproof/415ee3db3299e83fa867a7f5ec0d7ecbe466ac40 (0.00s)
    --- PASS: FuzzRangeproof/41fb2e1cf99d381ca74eefe6ad1222d6690799fb (0.00s)
    --- PASS: FuzzRangeproof/430c9973014ec94417bafb5f371602f0c7a1224a (0.00s)
    --- PASS: FuzzRangeproof/439758a0ab4c9a6829871513c37cb4f9608ea69e (0.00s)
    --- PASS: FuzzRangeproof/441f8fdeb413cba72de6b242670ce2b77c569345 (0.00s)
    --- PASS: FuzzRangeproof/448977404025adddf4082ae74228fda72737b820 (0.00s)
    --- PASS: FuzzRangeproof/44ceca6bc98dc46dbebefbe1613b0b7ebb3da7d0 (0.00s)
    --- PASS: FuzzRangeproof/456ea979eed2a89babfac53d79cb5164e925bcc7 (0.00s)
    --- PASS: FuzzRangeproof/45baa35140888b2912233d1f1b25372e56cb5dfe (0.00s)
    --- PASS: FuzzRangeproof/45bb2fc55ef0a55863c2782f8bd88d309789a749 (0.00s)
    --- PASS: FuzzRangeproof/466231194daffffee1e58c2828468cff91531d53 (0.00s)
    --- PASS: FuzzRangeproof/471496cc2a5a80a85060ed89ee59d7de787fd438 (0.00s)
    --- PASS: FuzzRangeproof/47427e1a1ef94ec6c8e17aef858125f7488ce657 (0.00s)
    --- PASS: FuzzRangeproof/47d0f319b248b44bcb37d5338ba5fc3430a5a3a1 (0.00s)
    --- PASS: FuzzRangeproof/486882c1724ae4a69b95a1b10cb1d57293cb3af6 (0.00s)
    --- PASS: FuzzRangeproof/490c1a0fb475019cd9d55f56676e10effd95dd77 (0.00s)
    --- PASS: FuzzRangeproof/497605b0741f2bffb0438049b61db4824bb406cb (0.00s)
    --- PASS: FuzzRangeproof/49e78acca6215adf7ecf508451f28bc923832e6b (0.00s)
    --- PASS: FuzzRangeproof/4a2122ae287054389eb898c5a9d9364132448376 (0.00s)
    --- PASS: FuzzRangeproof/4a6e4a6a54f1ed709724a006f9b8fde022843527 (0.00s)
    --- PASS: FuzzRangeproof/4aa058fc9d483c1e27d0f2f497d93e0fc9440041 (0.00s)
    --- PASS: FuzzRangeproof/4b2bd5e16988622132f865ae15f3fb5754f96d58 (0.00s)
    --- PASS: FuzzRangeproof/4b5fba4d8a0d312c9db10d912f2cf1440b8c3bef (0.00s)
    --- PASS: FuzzRangeproof/4baa8b65765c12542d53c02fb338076e4ad9be1c (0.00s)
    --- PASS: FuzzRangeproof/4bda97a548918c7a466f7b0a8642164d82f3105e (0.00s)
    --- PASS: FuzzRangeproof/4c060366f3fcc7d8878f90b4071251c69a8a9748 (0.00s)
    --- PASS: FuzzRangeproof/4c0bc86fd010d6c95820d34b2f2d0f9bff0f99db (0.00s)
    --- PASS: FuzzRangeproof/4c1b615abb52ea06d8edcc604499b6c214053551 (0.00s)
    --- PASS: FuzzRangeproof/4c1ef496434def85c1789fd430ed17d83e721089 (0.00s)
    --- PASS: FuzzRangeproof/4ce00aafe7eba742c85e69e2443d649d1ca267fb (0.00s)
    --- PASS: FuzzRangeproof/4dad3baa9e23b4f655365a31c93cce83b520fea3 (0.00s)
    --- PASS: FuzzRangeproof/4dcf4997429f4a0032c962c313b6e4e413b583fd (0.00s)
    --- PASS: FuzzRangeproof/4e4462a1ac0b39c1b013033f99366cf08ae8c381 (0.00s)
    --- PASS: FuzzRangeproof/4e8ec5fdcbcbf41d53acfcb0c56efcd4ce25ef3a (0.00s)
    --- PASS: FuzzRangeproof/4edd7673b51ca87d293ef70bccb34b1b0f6853ce (0.00s)
    --- PASS: FuzzRangeproof/4f0262c9a880a8191fe001715a40a9f3da3de8ad (0.00s)
    --- PASS: FuzzRangeproof/4f62fab0b7305919e4048fac702214f56e7e6def (0.00s)
    --- PASS: FuzzRangeproof/4f8c6480cbf91dc12cc127ca5f3329e5f794f025 (0.00s)
    --- PASS: FuzzRangeproof/508215365b137b0157c66a89750ab3bf68646af7 (0.00s)
    --- PASS: FuzzRangeproof/50aa094340a99fd53590380d0e2f6efc15a08b6b (0.00s)
    --- PASS: FuzzRangeproof/50dec9bd916ea07d16db9236b53f96a940575108 (0.00s)
    --- PASS: FuzzRangeproof/513af9037095ee25314c143124fc8b10fe4943ed (0.00s)
    --- PASS: FuzzRangeproof/52a51399a846bc42b1e560d08b1389e51808f4ac (0.00s)
    --- PASS: FuzzRangeproof/532f1791aa2abee616bda1d84a5366378c83556c (0.00s)
    --- PASS: FuzzRangeproof/549f45f1e65312482b7e4759b37c4fd2929a1efb (0.00s)
    --- PASS: FuzzRangeproof/54a3ed0aa931b8a2c6666be8f3460ce0c9cde050 (0.00s)
    --- PASS: FuzzRangeproof/54df992ffc2ccfdef8738ec9474bbedd6f27b455 (0.00s)
    --- PASS: FuzzRangeproof/5558f117689676b461bf2ebf0200464a987d22c0 (0.00s)
    --- PASS: FuzzRangeproof/556ef8088f8f44a7bf7983f899a1f1e8f118548c (0.00s)
    --- PASS: FuzzRangeproof/56049a6c902706877266573184d302fceaba866a (0.00s)
    --- PASS: FuzzRangeproof/563f33a7188e52305535ec8f4ab9e373992b11ac (0.00s)
    --- PASS: FuzzRangeproof/56d23d9c5508edce4855076bf8b12647ce64946d (0.00s)
    --- PASS: FuzzRangeproof/5990a887874f5bb5b80e3be22f7e05d6d3b8cc4d (0.00s)
    --- PASS: FuzzRangeproof/5a9d5c9b09e3641a1abdbc606b4ce2c8342e39c5 (0.00s)
    --- PASS: FuzzRangeproof/5a9d5f99ff2db68995c2251eb70387fa2531b39a (0.00s)
    --- PASS: FuzzRangeproof/5ac5348838c4588df70d06328958cd71ccc76338 (0.01s)
    --- PASS: FuzzRangeproof/5b31ac3ff858be235b794335fa0ad6d08c1d5954 (0.00s)
    --- PASS: FuzzRangeproof/5b8cc3899554491a16e7a8af91898e2ec867025d (0.00s)
    --- PASS: FuzzRangeproof/5bbe89071063928c089bd540353af689ec391dd1 (0.00s)
    --- PASS: FuzzRangeproof/5bdb9520d0b31b7f846478b5ccd592d79006978d (0.00s)
    --- PASS: FuzzRangeproof/5c7dd9736ef53bf509e7e6d83283a16be8ca639d (0.00s)
    --- PASS: FuzzRangeproof/5cd121a4c1c59482f79103f76a20e90c4b93dc84 (0.00s)
    --- PASS: FuzzRangeproof/5d2723aaaff6c9d2bb94cc3389cd73a471e75631 (0.00s)
    --- PASS: FuzzRangeproof/5dd2bea8f3a263aad5087b00b35b9e85747b1217 (0.00s)
    --- PASS: FuzzRangeproof/5e2d74d7ab209e8866f0c2a53e6fd6e27f578afe (0.00s)
    --- PASS: FuzzRangeproof/5ee507e4d91267db8ae4391a1917358f6dfbd6ab (0.00s)
    --- PASS: FuzzRangeproof/5f52d75b5f8f5916fdde9122f90374a13a41a75c (0.00s)
    --- PASS: FuzzRangeproof/5f60fc774b88097ee8404faa2071f7eb106a37be (0.00s)
    --- PASS: FuzzRangeproof/5fd0d23017d0a6666868271eeba4703dd9cc144b (0.00s)
    --- PASS: FuzzRangeproof/60988a41c4f10f4f822576fc07e8125712fd741e (0.00s)
    --- PASS: FuzzRangeproof/612abf4c15087ee7873760eb5f62fb6e98d654ad (0.00s)
    --- PASS: FuzzRangeproof/61838f4307beb7379712eabf87fdbe9cc6f51785 (0.00s)
    --- PASS: FuzzRangeproof/61840bdb03dd236b21da43dbef1aeeb2460663a2 (0.00s)
    --- PASS: FuzzRangeproof/6295956d5fc48f30b2d34fb9ae3ca268bd4e4b9c (0.00s)
    --- PASS: FuzzRangeproof/6347f01a4fc7a78cad13982c4d9a4ade86ed9c59 (0.00s)
    --- PASS: FuzzRangeproof/636211341eb1223e3f7efe219f1654e8b05181da (0.00s)
    --- PASS: FuzzRangeproof/63d9753557d469a60c810627679b838c3260de65 (0.00s)
    --- PASS: FuzzRangeproof/64116b6d8a0e04c54a5341e384d8c7a4488dad3d (0.00s)
    --- PASS: FuzzRangeproof/64987ad2e2e1608798b758dc1ab36570c355fd8f (0.00s)
    --- PASS: FuzzRangeproof/64c2376f1fa52d707937dd2e19412bda0c6dd12b (0.00s)
    --- PASS: FuzzRangeproof/6503d119c7871453b4b239cd820e2121577ae895 (0.00s)
    --- PASS: FuzzRangeproof/656e2076298af3da2b174441209c164a6afc2628 (0.00s)
    --- PASS: FuzzRangeproof/6593805f2697e0dd311c56c841673527ae3aecee (0.00s)
    --- PASS: FuzzRangeproof/6674d492bdbdf8b3db46e9f6b8a08ed91add0d12 (0.00s)
    --- PASS: FuzzRangeproof/66cbb501c35897ad32c4818bb577ef8d4cda4a18 (0.00s)
    --- PASS: FuzzRangeproof/6718530a2dffd01bd016b7e7a094bd98dffe0f9d (0.00s)
    --- PASS: FuzzRangeproof/67417b1c900b397916b3124b04c5160cb2579cdd (0.01s)
    --- PASS: FuzzRangeproof/67432e5d831991ad589c2a94b8748c8bde00a25b (0.00s)
    --- PASS: FuzzRangeproof/67d60d997cfd7bf9354496d40c6fc0c23bfa6b13 (0.00s)
    --- PASS: FuzzRangeproof/695942fb5c616bb8f974d374a745ccc29ed9aa38 (0.00s)
    --- PASS: FuzzRangeproof/69fe271d0a8c728a10aa916aadd0361a14834744 (0.00s)
    --- PASS: FuzzRangeproof/6ac4c6bab7269bd3eebb3930c5f30691d734af55 (0.00s)
    --- PASS: FuzzRangeproof/6b52d9e804878f5e60eeed3476b13a10bb973829 (0.00s)
    --- PASS: FuzzRangeproof/6bdfba46b13cc06e9e163332adf541314d790c6d (0.00s)
    --- PASS: FuzzRangeproof/6c30491b1da8bdbe934fe7db52447fdc9ec757ea (0.00s)
    --- PASS: FuzzRangeproof/6d141dfed0a2feccee95a8ab620bea44b08262aa (0.00s)
    --- PASS: FuzzRangeproof/6d38a8f824bafbb0c55b2b4a905d1320c5369514 (0.00s)
    --- PASS: FuzzRangeproof/6d5aa7c7c789484701720832e6d7741fd732a63f (0.00s)
    --- PASS: FuzzRangeproof/6d8c6343ebfea46a3461df158760f06110af435a (0.00s)
    --- PASS: FuzzRangeproof/6efbe9c9c2645838a05d0e9dd01137d39a602dc5 (0.00s)
    --- PASS: FuzzRangeproof/6fa3a1fe9952afe175f43d447314d91a3edee570 (0.00s)
    --- PASS: FuzzRangeproof/6fc2d2ccec9c3bc79e0020fa56a1789c364e7113 (0.00s)
    --- PASS: FuzzRangeproof/6fe88261e112c4b787ed275abfeea0676b61da86 (0.00s)
    --- PASS: FuzzRangeproof/70c1a2d4fd3efe0360010c76f04ef2c241c7af61 (0.00s)
    --- PASS: FuzzRangeproof/710b251663ceab4fbdacc26a08c210f26f50ab68 (0.00s)
    --- PASS: FuzzRangeproof/715d90307e3d81d758fe57740482e09af0ac9639 (0.00s)
    --- PASS: FuzzRangeproof/71a992e69a4afdfb62d4fa068a271f7ff577b349 (0.00s)
    --- PASS: FuzzRangeproof/71c737f97f40072c957be48b690d264a8cb611ab (0.00s)
    --- PASS: FuzzRangeproof/72482a0dda5523f41f6b4c677b9b009b7e3432df (0.00s)
    --- PASS: FuzzRangeproof/7281d9f1f8b5d0b738038f58c8518c039e4e0469 (0.00s)
    --- PASS: FuzzRangeproof/72ab6ea1a80a6b17e21611801390915a2d379558 (0.00s)
    --- PASS: FuzzRangeproof/72c1df45343df0305c02f40b01fce2a5d888c300 (0.00s)
    --- PASS: FuzzRangeproof/72ebdc0e07eadcd83f652ecbfb72518e5eb7e122 (0.00s)
    --- PASS: FuzzRangeproof/7348ed1b3dc335fb050035ff451f29c2577e06d3 (0.00s)
    --- PASS: FuzzRangeproof/73a987499dddec91e5c0e078d55e2656cfe483b0 (0.00s)
    --- PASS: FuzzRangeproof/7425d9cc61b24d38ce14dafdc91b3ee65ff1153c (0.00s)
    --- PASS: FuzzRangeproof/74562623d15859b6a47065e0f98ce1202fb56506 (0.00s)
    --- PASS: FuzzRangeproof/75e2b691f8053fe40434e3c3ae3c93d706f887aa (0.00s)
    --- PASS: FuzzRangeproof/760fa7f1bc1524c55a34af65ef4c4c59940b216e (0.00s)
    --- PASS: FuzzRangeproof/7621d99c477a30566502e581ccba253a5b55dac7 (0.00s)
    --- PASS: FuzzRangeproof/7631787005e9c21d568a14fbca81641670bc447c (0.00s)
    --- PASS: FuzzRangeproof/76be82a3940b4fad617a0f757f38a21acac8b853 (0.00s)
    --- PASS: FuzzRangeproof/76ec7a0d4b24b479a108d2f34fb2d2f4aee7ee93 (0.00s)
    --- PASS: FuzzRangeproof/77667635516f2c82c40bca7482ea53d97c284fa8 (0.00s)
    --- PASS: FuzzRangeproof/780e4438847678d4301685a4c69fc3805f36db9a (0.00s)
    --- PASS: FuzzRangeproof/7815c1c443318e99b8f11c6cad5481e1c3443154 (0.00s)
    --- PASS: FuzzRangeproof/781e98bc367619ef050bbe461d3dd9f2072d4773 (0.00s)
    --- PASS: FuzzRangeproof/794b79b9ea3ed3caebd0d44e8d0372383ac3e14a (0.00s)
    --- PASS: FuzzRangeproof/797a54fd3a3ebce12c6f770e790f62a619e34a98 (0.00s)
    --- PASS: FuzzRangeproof/7af7f8b9cdb3a09d24b1e31d6e195963c0cf92b6 (0.00s)
    --- PASS: FuzzRangeproof/7b0dc77667c6019af2321ad569cb72e0a77e5e9f (0.00s)
    --- PASS: FuzzRangeproof/7b9a6b0f6ea5d1bf29ceaf09cd852f9fe65a2edd (0.00s)
    --- PASS: FuzzRangeproof/7ccc8f5766af0ce4754fc5feeda7364ad2899a43 (0.00s)
    --- PASS: FuzzRangeproof/7d4f9c3aa4feabc342677564094f041d53d2c116 (0.00s)
    --- PASS: FuzzRangeproof/7d820a83dbd6f6359be86ca6a380bbe1bd447407 (0.00s)
    --- PASS: FuzzRangeproof/7da44e0c22f52c29586952090e98f75fd317386c (0.00s)
    --- PASS: FuzzRangeproof/7e23618ac9af7f088fb7d87135cfbf63f68831e9 (0.00s)
    --- PASS: FuzzRangeproof/7e62d3d5dc899863af8803239ab4c3c3dcf7dd72 (0.00s)
    --- PASS: FuzzRangeproof/7e6392a0f5eb7b30e553753a2901de182b3242b1 (0.00s)
    --- PASS: FuzzRangeproof/7e64319afdb75d216bbe3f0ba2842ca74502245b (0.00s)
    --- PASS: FuzzRangeproof/7e9e07e0c3a89b038ec90da3ede28945d1148c64 (0.00s)
    --- PASS: FuzzRangeproof/7ea7a719580922d10fef122afa4cbde31fed62c5 (0.00s)
    --- PASS: FuzzRangeproof/7eb0ef090bb7f78d5ef143b6a0bdcd661373f1dd (0.00s)
    --- PASS: FuzzRangeproof/7f3c944bf38852762e32eb3621c5096b6759b06e (0.00s)
    --- PASS: FuzzRangeproof/7fb912ea13d5833d78f1b081cfcf53e36534e513 (0.00s)
    --- PASS: FuzzRangeproof/7ffa964175b4ab98af6b1ef60a3f38693547896a (0.00s)
    --- PASS: FuzzRangeproof/8020116651dc6418d935c67eebceb7f051567b39 (0.00s)
    --- PASS: FuzzRangeproof/804213f2ffc55517bc8eaca63a852d5e0b1be346 (0.00s)
    --- PASS: FuzzRangeproof/80af3009210981eea0f897bb1d0e5ab734d4cd18 (0.00s)
    --- PASS: FuzzRangeproof/81f9cd6b41d34aad22b8bd79ea24f9eafc1d0a92 (0.00s)
    --- PASS: FuzzRangeproof/82c03864e31616e0da1531f6b013995aa46af375 (0.00s)
    --- PASS: FuzzRangeproof/8304c8da20eebe631bebe657f09b88850377cccd (0.00s)
    --- PASS: FuzzRangeproof/83530523de54fb609f50481948a33daeb5f25bb5 (0.00s)
    --- PASS: FuzzRangeproof/840d8a80c7a52b0fc17e19156c5b72c8c0e9abef (0.00s)
    --- PASS: FuzzRangeproof/843e5cbce34c5f9ae2c10c933b79f349220d87a0 (0.00s)
    --- PASS: FuzzRangeproof/845fc5f4b38dd9e53549b8a2e6d655120cb5d1be (0.00s)
    --- PASS: FuzzRangeproof/84d0ac164e487a7bc0663c6c699de1c1c8b044aa (0.01s)
    --- PASS: FuzzRangeproof/84e729543b2adf6cc0e3dee485ae406c3bbce441 (0.00s)
    --- PASS: FuzzRangeproof/84eeb6d41434ac9a54b1705af6ed84c3863ec47d (0.00s)
    --- PASS: FuzzRangeproof/84fc2e9c06e2109d7c546fdc21db49a5453a61d5 (0.00s)
    --- PASS: FuzzRangeproof/85faeff0f2102570d12d26fc86e26b3a9351767f (0.00s)
    --- PASS: FuzzRangeproof/8621035a780906d8ca387a21293659b9682dde91 (0.00s)
    --- PASS: FuzzRangeproof/86df73e7555be160c07f556c1a5eb7b0d0cc08b8 (0.00s)
    --- PASS: FuzzRangeproof/874df2c14d01a462e84a98eb7de5bc0fe58e8a06 (0.00s)
    --- PASS: FuzzRangeproof/8853a2876f1ab8914de689f0715d57c53d4df1b7 (0.00s)
    --- PASS: FuzzRangeproof/885eda80e9182fc182b05ba2852e6c368203a8da (0.00s)
    --- PASS: FuzzRangeproof/88c0dcb5ce097509f1c04930bc418250bdafa159 (0.00s)
    --- PASS: FuzzRangeproof/88e784571f55ab938d1403d63015f1d66c6f0e70 (0.00s)
    --- PASS: FuzzRangeproof/89bd8c3595f60f44f3262a8bee821cf0d9f1dbff (0.00s)
    --- PASS: FuzzRangeproof/8a42760c08c73b22b7525797eec46e856c0ef443 (0.00s)
    --- PASS: FuzzRangeproof/8aa6921fb2a7c1688e080cb52ab1ced356c8af54 (0.00s)
    --- PASS: FuzzRangeproof/8b1664f8b2dbbac02fda8b93f367f069a62f44f0 (0.00s)
    --- PASS: FuzzRangeproof/8bbbcb109c6edb18f3b80310e9efdfc587cacc1d (0.00s)
    --- PASS: FuzzRangeproof/8bebc849f08b65ca23128c313f418bf049941b92 (0.00s)
    --- PASS: FuzzRangeproof/8bfbc5794279e95ae7108e4acfcab7e6ede6570b (0.00s)
    --- PASS: FuzzRangeproof/8cde08ef0e2fa469cef5a53bc70a6dd2bab0326e (0.00s)
    --- PASS: FuzzRangeproof/8d1ff190852558115dae0549df70972936403374 (0.00s)
    --- PASS: FuzzRangeproof/8d47039fca90711b937fcd5ca0d61a1331db77ea (0.00s)
    --- PASS: FuzzRangeproof/8dd169182747d24c69433dab7d8cd2cddffdf7ff (0.00s)
    --- PASS: FuzzRangeproof/8e6127d93a648de227e917e5ca357e04da8b7981 (0.00s)
    --- PASS: FuzzRangeproof/8e8b47c0af75d71833751924a0fdb193ea6cca80 (0.00s)
    --- PASS: FuzzRangeproof/8f371a76a78584fb27ff18e87bcfc1bbb658afda (0.00s)
    --- PASS: FuzzRangeproof/9017aa35451d41c3a079e8f2a3b2f580baadb3ed (0.00s)
    --- PASS: FuzzRangeproof/907af0a2216505d3ed158b97298ce1afd3bb948b (0.00s)
    --- PASS: FuzzRangeproof/90dea1c2d59a624f22bd686ab1d2baf40a537a3b (0.00s)
    --- PASS: FuzzRangeproof/91231b5c311abd9d3928579559aca090924a68c8 (0.00s)
    --- PASS: FuzzRangeproof/9132976fafa0488015190715dcb7f5db88228676 (0.00s)
    --- PASS: FuzzRangeproof/93a89bc500c13c8e8f02b8f76630cf0dd5e34c2d (0.00s)
    --- PASS: FuzzRangeproof/93bcb3ff7e96cc11f7f605e78acae0944e4f060a (0.00s)
    --- PASS: FuzzRangeproof/9469e6814025e301cf7caea2116bce40ec66df01 (0.00s)
    --- PASS: FuzzRangeproof/947f139ef020cf375ad8f9c9fe541d5f665ce126 (0.00s)
    --- PASS: FuzzRangeproof/94ac3a2cf67cd17a71b0838e45defa4702d897c3 (0.00s)
    --- PASS: FuzzRangeproof/94d7c9c1bd30363e5085714349930e5e8e4bbaf7 (0.00s)
    --- PASS: FuzzRangeproof/9513e71e7b0cf177b3edadba19c16ad51fb39e35 (0.00s)
    --- PASS: FuzzRangeproof/9524a3381087ed28f480de75aca15692a4996bb9 (0.00s)
    --- PASS: FuzzRangeproof/9543beed74f084784823827e77bc1ef35cf84518 (0.00s)
    --- PASS: FuzzRangeproof/95ae6b5b1eaa65f11a1c779364c8527abde40f81 (0.00s)
    --- PASS: FuzzRangeproof/95ff2a7b6bd120a1377ded873266647a52375635 (0.00s)
    --- PASS: FuzzRangeproof/96b08f7c5822bed7a91d1f32397bddbc2e107c18 (0.00s)
    --- PASS: FuzzRangeproof/9731752e4efc05008c1dada22c6b8390a5e27ab5 (0.00s)
    --- PASS: FuzzRangeproof/9798df891fe3206bf3b8b1952bf0b625c1c067c4 (0.00s)
    --- PASS: FuzzRangeproof/985926b84c013570fff12fe996772cf47fb76895 (0.00s)
    --- PASS: FuzzRangeproof/98686a991ef725d27296f3f25eca3f5491c64e0c (0.00s)
    --- PASS: FuzzRangeproof/98c95e10195f7355f3112c01db5986833f76efc8 (0.00s)
    --- PASS: FuzzRangeproof/98d6343b0ebb111ffb4a1c30d3481aaf404461a0 (0.00s)
    --- PASS: FuzzRangeproof/98f15cfe59ab88e2057d389cfe5eb8218e6974b8 (0.00s)
    --- PASS: FuzzRangeproof/9977a88564869ae8387db712084d2e33c3fee83b (0.00s)
    --- PASS: FuzzRangeproof/99c286ccd7bc4e14d9a0f9f31d8da2085650a64c (0.00s)
    --- PASS: FuzzRangeproof/99c2d6777bac79f7066fc33bad569a98d0e9232b (0.00s)
    --- PASS: FuzzRangeproof/9a40ab95c540973f8f27c679f0ffdc3ea51029ba (0.00s)
    --- PASS: FuzzRangeproof/9ae0bdb17f2e6f326cfcb1cb37b3cbc434d6c62e (0.00s)
    --- PASS: FuzzRangeproof/9b611c3d6ae468612d2e526118f43025f854c1b2 (0.00s)
    --- PASS: FuzzRangeproof/9c47c1df38cbfd243e091da8e361b4e0cbd53035 (0.00s)
    --- PASS: FuzzRangeproof/9cdc786172031b7b9d44e3a97d0d8267cd6cf949 (0.00s)
    --- PASS: FuzzRangeproof/9d9c42089efb3f876e0e6758eddd6ed6f1a99f50 (0.00s)
    --- PASS: FuzzRangeproof/9e542d4f6c8e9e4ae4dd0c9724a01c7710fa6e82 (0.00s)
    --- PASS: FuzzRangeproof/9e8cbafa20d5597580869a99f05e79f6d57f57cb (0.00s)
    --- PASS: FuzzRangeproof/9fbbb5cf6ff948963ee85f36466122a00dba79ba (0.00s)
    --- PASS: FuzzRangeproof/9fd64b085a1e23ed69a02e23f092bafb50aaba1f (0.00s)
    --- PASS: FuzzRangeproof/a096e9f5717c751543dd1f4452e190c4a9d95345 (0.00s)
    --- PASS: FuzzRangeproof/a10909c2cdcaf5adb7e6b092a4faba558b62bd96 (0.00s)
    --- PASS: FuzzRangeproof/a1a592b9c141f2cd09d30f174e21093fbe3f6d56 (0.00s)
    --- PASS: FuzzRangeproof/a1a802eabf79e998173b950d1b813353a0140774 (0.00s)
    --- PASS: FuzzRangeproof/a229ca68c472c961747541298811b26b7b244cf2 (0.00s)
    --- PASS: FuzzRangeproof/a29cbdf3c91bea54c2bdbcf2b71ba2b45146f86a (0.00s)
    --- PASS: FuzzRangeproof/a39094512a801c10526fa87f372368a8e933ff87 (0.00s)
    --- PASS: FuzzRangeproof/a39dc5a688507118b8434de3151fa8c306ae9629 (0.00s)
    --- PASS: FuzzRangeproof/a4bcdef9f30d305c376fc0f22f9ab34e9b053746 (0.00s)
    --- PASS: FuzzRangeproof/a58506854c07cfb03f2d27b6d2ce8fa9e8965aa3 (0.00s)
    --- PASS: FuzzRangeproof/a82dd5bdb24e763050d3db68f96feae8d6320b88 (0.00s)
    --- PASS: FuzzRangeproof/a8332eb049a96c4f7ba8e3721b9fdd1cf3ff0b00 (0.00s)
    --- PASS: FuzzRangeproof/a834ee46e0c54d3d330a308d1527f4c2f0ed676b (0.00s)
    --- PASS: FuzzRangeproof/a8a40f21e13ec26efd9295ac04b671149adec81b (0.00s)
    --- PASS: FuzzRangeproof/a921348638ec718c48a045313fffdcd54ce1ea28 (0.00s)
    --- PASS: FuzzRangeproof/a98dbd7e41e1de5d86ab901b640fe824a595c9f0 (0.00s)
    --- PASS: FuzzRangeproof/aa430206f5cb4ac2c245b1238d8a70432d8b1076 (0.00s)
    --- PASS: FuzzRangeproof/aa4c3a803474d33f8c8ab176d96713bad294cdd2 (0.00s)
    --- PASS: FuzzRangeproof/aa697fa39b85da93fc00543630275826de4fa08d (0.00s)
    --- PASS: FuzzRangeproof/ab4640d16551c03a64f91b3088917e46d88b8354 (0.00s)
    --- PASS: FuzzRangeproof/ab8c52f06bdaddb2ce7ebca46fad326dfb39de89 (0.00s)
    --- PASS: FuzzRangeproof/ac807d7ba17915d8087f17671174d5b08634eb6f (0.00s)
    --- PASS: FuzzRangeproof/adea798ef77c1dfeddbd710476b096080e14ef78 (0.00s)
    --- PASS: FuzzRangeproof/ae29d9f60641701ac8629853c75e586c3b756c57 (0.00s)
    --- PASS: FuzzRangeproof/af121c301f57a3771e8bf9358317f2d5f3655a85 (0.00s)
    --- PASS: FuzzRangeproof/af7478341582a63f5b23c9fa4d1fe56c8e4196cc (0.00s)
    --- PASS: FuzzRangeproof/af9474e900c79c16ed46394c6cd58a38e5b2525f (0.00s)
    --- PASS: FuzzRangeproof/b14be64b7125e57367eb3303162cecfbb178d2aa (0.00s)
    --- PASS: FuzzRangeproof/b2491b03df9282712572ba0a3e85492e3be1178f (0.00s)
    --- PASS: FuzzRangeproof/b2fcb6841d44610e1c540268a4096525f620a280 (0.00s)
    --- PASS: FuzzRangeproof/b36da74c9f29570fbcc21944ff007686d7d40af2 (0.00s)
    --- PASS: FuzzRangeproof/b402b4de89a05c312e67e98a555cd923ee7f9970 (0.00s)
    --- PASS: FuzzRangeproof/b4060bcce1bfb4e99e2184b6a0b16938482752a5 (0.00s)
    --- PASS: FuzzRangeproof/b4122f5fe67babf13815493136821142284f3d9a (0.00s)
    --- PASS: FuzzRangeproof/b48371e3f91790260cd84e4b2029fe37ecfe8c9f (0.00s)
    --- PASS: FuzzRangeproof/b52338e9a4c842c1872e3f3801dee637190bf448 (0.00s)
    --- PASS: FuzzRangeproof/b546946dc3b447a08119499bc2cbbc4cfcdda12c (0.00s)
    --- PASS: FuzzRangeproof/b54853b96418339e61e72ed88a93dbc0ea0813be (0.00s)
    --- PASS: FuzzRangeproof/b5f75406f15ff1ec855d6a0bd39ddd4d582bc365 (0.00s)
    --- PASS: FuzzRangeproof/b65704fbab90277d45bfc42a66a584efbbe82e7d (0.00s)
    --- PASS: FuzzRangeproof/b7532c4b98588084b6111aaaa5b3302e27e4cc47 (0.00s)
    --- PASS: FuzzRangeproof/b7d2e8a0b2fe099a04de3e821aed9034ed14c288 (0.00s)
    --- PASS: FuzzRangeproof/b7f33ba325fe3a5b759770f421351645a00ff5fb (0.00s)
    --- PASS: FuzzRangeproof/b85d9893ef4415c75dbc00fd280bec6efeefe811 (0.00s)
    --- PASS: FuzzRangeproof/b86731afb0c81a4b782dec879a7961ea56bf8f5f (0.00s)
    --- PASS: FuzzRangeproof/b875e8725850c811651c52c5ddde83449bb1709a (0.00s)
    --- PASS: FuzzRangeproof/b88d117e78fa52b935420ed8101b32e048900839 (0.00s)
    --- PASS: FuzzRangeproof/ba2317f4aede97694ed5ba12318795c7438078b5 (0.00s)
    --- PASS: FuzzRangeproof/ba33bbe3939ace6ad3764ffc070f8846a1c34163 (0.00s)
    --- PASS: FuzzRangeproof/ba5303b102f5b988d7774e1aba973f0cfd962463 (0.00s)
    --- PASS: FuzzRangeproof/bb00175754cde846ee27155d946b547f09cb1430 (0.00s)
    --- PASS: FuzzRangeproof/bb20681a9edea93925b0b2f0bc75abbd7d107325 (0.00s)
    --- PASS: FuzzRangeproof/bb3a06b4f3c48ba03eee457174e096e417951ad2 (0.00s)
    --- PASS: FuzzRangeproof/bb4393268d6537d73cd74e1b3f6702233d1d1e0d (0.00s)
    --- PASS: FuzzRangeproof/bbbc05732becd2efdd2f3b935eccc5029fdac65c (0.00s)
    --- PASS: FuzzRangeproof/bc62b269b9d500f93c3b891453314b6306700508 (0.00s)
    --- PASS: FuzzRangeproof/bcbd16cc7ff432f9dcb57030752c91199dd2b4bf (0.00s)
    --- PASS: FuzzRangeproof/bcc25c4db6673f445160a86498852c8e5ac8c53d (0.00s)
    --- PASS: FuzzRangeproof/bd6c34aaf6a0d88309960f6a6e53c70a99b10a26 (0.00s)
    --- PASS: FuzzRangeproof/bd74c7d67d8d816ec5a2c1a29891baec9b925cca (0.00s)
    --- PASS: FuzzRangeproof/bde87213fae93d3bf35affb27771efe8633b11ab (0.00s)
    --- PASS: FuzzRangeproof/bdf2b326fa6fa7adc723bafa0eafc13c60b2f602 (0.00s)
    --- PASS: FuzzRangeproof/bf622a76a69966cb6c18837ce83288511b19ca67 (0.00s)
    --- PASS: FuzzRangeproof/bfd8f10a56069581bb7d6ea198d8de98d0d27c74 (0.00s)
    --- PASS: FuzzRangeproof/c039633ab3ad15b2aacd215434c04c7ad77d5b80 (0.00s)
    --- PASS: FuzzRangeproof/c15371783505d2f2ec0ea20fdb4746e93c1a431c (0.00s)
    --- PASS: FuzzRangeproof/c18c33d0899061b84eb06d6aee274a8a7d8e65d2 (0.00s)
    --- PASS: FuzzRangeproof/c340f32c1336c77395841793bc0a486f1bcf25e5 (0.00s)
    --- PASS: FuzzRangeproof/c5c1f5efb5e16db986988dffff78c3d4f2cc7bc0 (0.00s)
    --- PASS: FuzzRangeproof/c5fa0c054a400ae8c32cabf5604c8c4ec4b7e4d0 (0.00s)
    --- PASS: FuzzRangeproof/c5fe170971f0500c8af3b48e4b236a0385a1397b (0.00s)
    --- PASS: FuzzRangeproof/c6c01ec8b4cec8f28f1299999f0069d8f95d5fb7 (0.00s)
    --- PASS: FuzzRangeproof/c6cc261a00a4553bea7583fd34d2f6d406a85785 (0.00s)
    --- PASS: FuzzRangeproof/c8140fc034f36ead39b8c9fbfbfb5eca4c57f0ad (0.00s)
    --- PASS: FuzzRangeproof/c90a6553c5ff146d947582c3a4b54f79b0a822a1 (0.00s)
    --- PASS: FuzzRangeproof/c928b8cd0391f688cf015615a50f272c299306ae (0.00s)
    --- PASS: FuzzRangeproof/cad4fe9ed778684c3405c4dee83356760b44b194 (0.00s)
    --- PASS: FuzzRangeproof/caf4c91b4463445e68c4c9e811c7b6f8e5e50be9 (0.00s)
    --- PASS: FuzzRangeproof/cb4bb292ae298bd2d514d7e1c8c74e02522436d0 (0.00s)
    --- PASS: FuzzRangeproof/cbb37a5c154bfc68fc79b9cc3eb3f0ab6d52a4b1 (0.00s)
    --- PASS: FuzzRangeproof/cc098dd4458d38b4a7220a7f34a5a3bc4ae7fcec (0.00s)
    --- PASS: FuzzRangeproof/cc7af0f1532473056e8e47350670f865ea33e26f (0.00s)
    --- PASS: FuzzRangeproof/cd7b434425c1c9c9365edf505bb410b6856d9865 (0.00s)
    --- PASS: FuzzRangeproof/ce97553e9bf176d9d0899d294e3215326b879c57 (0.00s)
    --- PASS: FuzzRangeproof/cf2fdc239c4fa11fb9b1901b82a11c585b7bf7fc (0.00s)
    --- PASS: FuzzRangeproof/cf3abcc343bb6dd4d9d8eb01d4e4b7e84d2a1de0 (0.00s)
    --- PASS: FuzzRangeproof/d141e238c078dfcdf27fc988dc6d774dd2f64793 (0.00s)
    --- PASS: FuzzRangeproof/d17fc273c7a3f76817589ff094bcc101b1b47b1b (0.00s)
    --- PASS: FuzzRangeproof/d1accfddda6360ecc9ce569cc56394fb01ad60a4 (0.00s)
    --- PASS: FuzzRangeproof/d1af77963b9dd12364ad6d70301b0ebcf05d98bf (0.00s)
    --- PASS: FuzzRangeproof/d299670c197958fd4d58e23368b6801194590b05 (0.00s)
    --- PASS: FuzzRangeproof/d2c40db71601b9167bacdaffa630f40da471a772 (0.00s)
    --- PASS: FuzzRangeproof/d2ff1c24014a483cf163215765ae0bef8c6c5ecd (0.00s)
    --- PASS: FuzzRangeproof/d31f8f9154a3e4237bc154bb3b2b6f3aa9f21382 (0.00s)
    --- PASS: FuzzRangeproof/d32d7505f55d43584d548c4b5ed4ad7b2b1a9e84 (0.00s)
    --- PASS: FuzzRangeproof/d33db0e89b8636c0289adc8f9cb7f589f05a268c (0.00s)
    --- PASS: FuzzRangeproof/d37fbaa414b7eda3323dee990a9c6e6ea4161245 (0.00s)
    --- PASS: FuzzRangeproof/d39f88cc33a33385aea775a0c989f24d6879521f (0.00s)
    --- PASS: FuzzRangeproof/d3edbf63fd2f7134fd26714ece858dab325f2c23 (0.00s)
    --- PASS: FuzzRangeproof/d3ff4f6b115fdaba63abd995b53f3000d3c74aee (0.00s)
    --- PASS: FuzzRangeproof/d42253cba45df4fed5a7830ca6576c24fb63bbcb (0.00s)
    --- PASS: FuzzRangeproof/d4696af9ceabdd1aa05badfe17a4c73174465f87 (0.00s)
    --- PASS: FuzzRangeproof/d4d012aee22c6725d680f12cfd6863c37aac5917 (0.00s)
    --- PASS: FuzzRangeproof/d637503dbfe70500099ec44be7ea3fc2b843d631 (0.00s)
    --- PASS: FuzzRangeproof/d6ed4c8d79748fb736312da53d347bdfc7e7ade6 (0.00s)
    --- PASS: FuzzRangeproof/d6fdb84f731161d5c13c908b5f397914215b1625 (0.00s)
    --- PASS: FuzzRangeproof/d7189109374afe880029e174775843c834c77273 (0.00s)
    --- PASS: FuzzRangeproof/d760e32c27b0de9cb530e5728b749fcaf3a44c78 (0.00s)
    --- PASS: FuzzRangeproof/d8106dc2d858408197581aac8eda681a6d625603 (0.00s)
    --- PASS: FuzzRangeproof/d83bbd865091fc7516fc90eeb69555a2de9e9402 (0.00s)
    --- PASS: FuzzRangeproof/da1be9364300c85832e55254eb1c2e47896b3c47 (0.00s)
    --- PASS: FuzzRangeproof/da926bf052f121e7d453b35da0badf10a4ce9617 (0.00s)
    --- PASS: FuzzRangeproof/db0c4ddc61be14c21c713fc4ec7ccec50bad3ae3 (0.00s)
    --- PASS: FuzzRangeproof/db3c2161f2d6e415e1dd30d1ec652a781b7021d8 (0.00s)
    --- PASS: FuzzRangeproof/dbd15b43f4c480d7c250012134b47e5fe9c26452 (0.00s)
    --- PASS: FuzzRangeproof/dc4a367585af14ea75d4b383c627af7129727986 (0.00s)
    --- PASS: FuzzRangeproof/dc6ec7871e4aea3e0d784e0df3f14c9906d8a67c (0.00s)
    --- PASS: FuzzRangeproof/de315eb5dc553d691a6fbd4ff8b608c9dad184e2 (0.00s)
    --- PASS: FuzzRangeproof/de8043bba3965e78e744ec0eea4c345de97b76f8 (0.00s)
    --- PASS: FuzzRangeproof/def0ce6d141c20592cd1acf08673a61b18715cee (0.00s)
    --- PASS: FuzzRangeproof/def3cbfe13b7bf1d63b0fffcd83ba9af7d4e5af3 (0.00s)
    --- PASS: FuzzRangeproof/df6117db341603d9c0fdbc8600924f87fff53372 (0.00s)
    --- PASS: FuzzRangeproof/e00e81733880ab07c2add2da529b0d2286d31dbd (0.00s)
    --- PASS: FuzzRangeproof/e170dafa46d1de885c31831fa7e8208305a6a8cd (0.00s)
    --- PASS: FuzzRangeproof/e2d848542d3d7c27cabbc3ff94493e7d0a36d7fb (0.00s)
    --- PASS: FuzzRangeproof/e322d57ca5cfb28442d49e4036b1d5bcbcc9fe27 (0.00s)
    --- PASS: FuzzRangeproof/e326f6721c2e0ba6f82d5d877a4dea2d903ab287 (0.00s)
    --- PASS: FuzzRangeproof/e3629330013c0cbd40f67b2cf58931db379a0a0f (0.00s)
    --- PASS: FuzzRangeproof/e3780035dcf992a6b43c4da03880fa977339a60f (0.00s)
    --- PASS: FuzzRangeproof/e42b500d99c9ff456716382d16d6b1351a4de819 (0.00s)
    --- PASS: FuzzRangeproof/e4bc7066794e410510bc89f0202eb0cc0f21503e (0.00s)
    --- PASS: FuzzRangeproof/e52031f65670a42931701cc77c411fc8b2dccec4 (0.00s)
    --- PASS: FuzzRangeproof/e53740c90d8b6f6c61bed553e8531b620ce4ed67 (0.00s)
    --- PASS: FuzzRangeproof/e54a464852a1b8adf68316632953a1b590726435 (0.00s)
    --- PASS: FuzzRangeproof/e6ae7b8769b51076b73ff371e01e9d09a7aa9ff1 (0.00s)
    --- PASS: FuzzRangeproof/e6ff4ed547b11fd8c6ed127872941427d5430b2e (0.00s)
    --- PASS: FuzzRangeproof/e7f12a7256071f2466b8d9b59aafd6b417a28af0 (0.00s)
    --- PASS: FuzzRangeproof/e87ce061db116d81f9ace233f919ccefb9e66edc (0.00s)
    --- PASS: FuzzRangeproof/e88f4549be89b29d3fe8b8a2aad1b8c03eb4e319 (0.00s)
    --- PASS: FuzzRangeproof/e8aa8c7f11fc2ec847289d573131b762e89fc68c (0.00s)
    --- PASS: FuzzRangeproof/e91b9b9ab9e46e1a7d2726fa1fcfb0db2790c998 (0.00s)
    --- PASS: FuzzRangeproof/e984a326cdbea995056061b26aa0343bfd129657 (0.00s)
    --- PASS: FuzzRangeproof/e9e09fcfe1431135abae780c82a2dd2aca3dc3cb (0.00s)
    --- PASS: FuzzRangeproof/ea532df434844b35f78ab818044c7339c7e9a785 (0.00s)
    --- PASS: FuzzRangeproof/ea6e1773b1aff5dfaf232443a45935396d7f5065 (0.00s)
    --- PASS: FuzzRangeproof/eb4bec7a2f7d610ca8521f7b9cee633c36a12c53 (0.00s)
    --- PASS: FuzzRangeproof/eb6e7b711af1208e95a30f52c9b5109a3b711ba0 (0.00s)
    --- PASS: FuzzRangeproof/ecbb685e48d47212ae76c699e812d49fdda22a92 (0.00s)
    --- PASS: FuzzRangeproof/ece00e87aaef71789371011114dad73ccb2b526f (0.00s)
    --- PASS: FuzzRangeproof/edf36dea303b3189dd2ed38bdd441f31fb1cf132 (0.00s)
    --- PASS: FuzzRangeproof/ee180754c39f79cc52f14d6e146197a4e3db8c1c (0.00s)
    --- PASS: FuzzRangeproof/ee2f31b995825d1ac03750e365b41f1faffa706b (0.00s)
    --- PASS: FuzzRangeproof/eeff8e2f35cda82a3d2b927a4bd524effd2e897c (0.00s)
    --- PASS: FuzzRangeproof/ef72fdb349b80bc36f5fb61eb6c526b7fc6d8080 (0.00s)
    --- PASS: FuzzRangeproof/efa3bc367915cd7af4507d5039a11e150e1b8845 (0.00s)
    --- PASS: FuzzRangeproof/efb86179fc72c6d573fccff9ee60f727ccc57538 (0.00s)
    --- PASS: FuzzRangeproof/f014dfd88fafbfc40ea10ce5c46f4dd37f6c694f (0.00s)
    --- PASS: FuzzRangeproof/f05eaa6ca8c53be58f430f9a3bf9299982ea1d18 (0.00s)
    --- PASS: FuzzRangeproof/f1d96206e3f927b550e667c4049a4e8e14ab1d45 (0.00s)
    --- PASS: FuzzRangeproof/f35a75bac0cc0594193388449e5fbbc603ea1b2a (0.00s)
    --- PASS: FuzzRangeproof/f36def8f48614c0b36682cd5f71dd04705755d5b (0.00s)
    --- PASS: FuzzRangeproof/f379f3dffc94f6e6e15cb6d554b6f9007c7deffe (0.00s)
    --- PASS: FuzzRangeproof/f393914456e0da1a0d16046375beb3503736671e (0.00s)
    --- PASS: FuzzRangeproof/f3c90bf423a85b0a5b088579cf92cfb516517aac (0.00s)
    --- PASS: FuzzRangeproof/f44067490772feb1fb12285cde5201818b4fb18e (0.00s)
    --- PASS: FuzzRangeproof/f4910882139e460af3b27c7795e054d0cce47b54 (0.00s)
    --- PASS: FuzzRangeproof/f5f1b96fd600184e02d3cadb4ce239871f7c7267 (0.00s)
    --- PASS: FuzzRangeproof/f61e7eb4572900d4f505db27003bc93ae0592932 (0.00s)
    --- PASS: FuzzRangeproof/f64467736e8edddb76e122b64baeaf0ad1d3f4fd (0.00s)
    --- PASS: FuzzRangeproof/f66326400c18742253931dec4b5f792e1241a49c (0.00s)
    --- PASS: FuzzRangeproof/f7246d6e151d1bb6a048bfd1de52b8af7fa3ac8a (0.00s)
    --- PASS: FuzzRangeproof/f7395d5d8d5c8e9e39680f6a35bb512e18f895ed (0.00s)
    --- PASS: FuzzRangeproof/f7cbf05836dc27294c1bba6cae96e049de466e25 (0.00s)
    --- PASS: FuzzRangeproof/f8a59f06f62e26c1c2e924863e1ac3971f540c0b (0.00s)
    --- PASS: FuzzRangeproof/f99d1cea92c71d6e3920b4231fc63a500a311c44 (0.00s)
    --- PASS: FuzzRangeproof/fa03d7ceb5ec3ae7ff38f6c7437cefce720faa0a (0.00s)
    --- PASS: FuzzRangeproof/fa0cb8bda6e05ac955edaf3573f63ef3576414f0 (0.00s)
    --- PASS: FuzzRangeproof/fa4922394efef4beb4361afc810d2b69c57f4d8f (0.00s)
    --- PASS: FuzzRangeproof/fa9bb888a25725300f22424342dd245960712568 (0.00s)
    --- PASS: FuzzRangeproof/fb396d0075a1ae0870174c213f0d22e2eb97264f (0.00s)
    --- PASS: FuzzRangeproof/fc7f6d824e78543114fbc63c45040ba2ed8ab860 (0.00s)
    --- PASS: FuzzRangeproof/fcac8ac73339889e41a2bdae402a7bad3b0e790a (0.00s)
    --- PASS: FuzzRangeproof/fcbac5eff718937832f1f06b1ef5cfd8c034363d (0.00s)
    --- PASS: FuzzRangeproof/fd0e957ce8f1a2da569e16dd98b10abf163b1259 (0.00s)
    --- PASS: FuzzRangeproof/fd2168cce6803a879bbb503312a0ebed419b95ee (0.00s)
    --- PASS: FuzzRangeproof/fd63f26afc0c68a49f159e02db899683491e179b (0.00s)
    --- PASS: FuzzRangeproof/fdc3985bc0b4300f164b27b6540a486cdfad5bc1 (0.00s)
    --- PASS: FuzzRangeproof/fe212b20d8633b00e528455c9a1b2435bf2dd96d (0.00s)
    --- PASS: FuzzRangeproof/fec485464571e0f9842c33d7a0aa83e06bad5468 (0.00s)
    --- PASS: FuzzRangeproof/feec06c672745dd397826ce8555068a171512805 (0.00s)
    --- PASS: FuzzRangeproof/ff11b9fcf2c8c518ea9c690b168652af2f7bfd92 (0.00s)
    --- PASS: FuzzRangeproof/ff4f9bd30f9c3cb832c0693a555e47f8088ac2a8 (0.00s)
    --- PASS: FuzzRangeproof/ff50ac90dff7294b63880147d529308b4198586e (0.00s)
    --- PASS: FuzzRangeproof/ffbc310392d4a9625f11862498c83d49c9a1ff44 (0.00s)
PASS
coverage: 93.3% of statements
ok  	github.com/morph-l2/go-ethereum/tests/fuzzers/rangeproof	0.463s	coverage: 93.3% of statements
	github.com/morph-l2/go-ethereum/tests/fuzzers/rangeproof/debug		coverage: 0.0% of statements
