=== RUN   FuzzRlp
=== RUN   FuzzRlp/004ebd07f456e1bb030d2e708624d29d91f9c813
=== RUN   FuzzRlp/01410ed2b4922ff8fb03be2e506d3ed76595143f
=== RUN   FuzzRlp/029e022918016735f83c79865eed26cd5536eee3
=== RUN   FuzzRlp/02b1e89a4e32f5041fae105cb0da187d052c4f98
=== RUN   FuzzRlp/030c21f0f931f0d1df29c01727f3568fdd593e0d
=== RUN   FuzzRlp/03e2b5f1b7b6bf00ecbe30f4f938d63a36fb9e8e
=== RUN   FuzzRlp/03f66ee367944311d1c18b6e5cc736d5b51a43c0
=== RUN   FuzzRlp/054d11226ce281d4a1f72f91d22dd9b3623ac135
=== RUN   FuzzRlp/05bb736894a7642a0ab6721048c837f3104fef3a
=== RUN   FuzzRlp/062ed2e5dc394433f0e94e87cb9334661c8e33d6
=== RUN   FuzzRlp/063d0237b7c2421264cbb92695959adf959d9aa4
=== RUN   FuzzRlp/067b9bd8011ec58688801628651bc2dd31db9a85
=== RUN   FuzzRlp/0693eb2e8f1892af21f19f43cd9640265e74e57d
=== RUN   FuzzRlp/079321d4216b93bfb6af79a593a5baadeb46f2a2
=== RUN   FuzzRlp/0796c022758e0a31548e81e976feea442e2ea8b6
=== RUN   FuzzRlp/07997d010c7c91754aaaae7a59c5c148d9a3a37c
=== RUN   FuzzRlp/0848d66c0b0f55a57b54a1ca02081b3f129fd888
=== RUN   FuzzRlp/091dbbdf141a4c686935f6cf94214dae6421999d
=== RUN   FuzzRlp/095ae9ed869bbfc794986b25d3a570324956529c
=== RUN   FuzzRlp/0a0b9aad1a17cc7c29033b1e3e7dda70ce9a0e30
=== RUN   FuzzRlp/0b53622319998cd9c6ed837dd2aed87752d36b29
=== RUN   FuzzRlp/0bac35fcca618e9c0d3b294f1878305eff8badef
=== RUN   FuzzRlp/0c5469960b05bb949c735e2295768bfbec540f5b
=== RUN   FuzzRlp/0cc4402de007e09d7acb14ff35867137a7eb8ee0
=== RUN   FuzzRlp/0d10be892bf0d186bab9cc38623198c05890440d
=== RUN   FuzzRlp/0d63416375c0b284f65305e7a3b18caab71d49ce
=== RUN   FuzzRlp/0da8d10be845476273bb5056e535c14c58edc8a7
=== RUN   FuzzRlp/0e4267ac0f9caa67253c30213e10f66330265c8b
=== RUN   FuzzRlp/0ee0c1fb69bed6a2cb74bd5359ff05904f98767d
=== RUN   FuzzRlp/10378fd4cc6adecffe907e8f9360d38ba5e31da9
=== RUN   FuzzRlp/110753f796996305a886814e82da3fde7d0f0de3
=== RUN   FuzzRlp/111b8e5d34e6e01f8a876cb49cfba20ae9048545
=== RUN   FuzzRlp/1186a157e92e7bc532b6679891b35b22e20eb191
=== RUN   FuzzRlp/12163450bf0fa4257fe6ab9271c12619275d5b73
=== RUN   FuzzRlp/12ded2efd79f04c6b2a33202cc8cce266396e3d1
=== RUN   FuzzRlp/12e80131a2b9967bb96fee3f15f52138db3398ef
=== RUN   FuzzRlp/130ae2bc5df078e5c7ceb5e8e1f7be036b481c57
=== RUN   FuzzRlp/1337104960c8ba3057dd473ec1df14daa92e9fc8
=== RUN   FuzzRlp/1359eb60f27285f6beaeacdfddf6032d65172174
=== RUN   FuzzRlp/146d15f6df74ee72288ad3370dabbf4c7cbad3dc
=== RUN   FuzzRlp/14feb45c6fe52df94e750462c5d3025a88ce5545
=== RUN   FuzzRlp/1566c9b028f236bb9f497bef9817052ce69bcfbb
=== RUN   FuzzRlp/167614a311c89c11d56f0aec1e551d25113fb405
=== RUN   FuzzRlp/1773f245e544d65efa9e6593bda307041f54ec8d
=== RUN   FuzzRlp/17be1b88b16a0f44f6bfca5c49c01207a9f51d12
=== RUN   FuzzRlp/1860b449f3f3d195dae3b295caf12146b62ac639
=== RUN   FuzzRlp/18b1f0db164522782ec0a1ee187cbefab22beef7
=== RUN   FuzzRlp/18bc97b4b731c34612ccf249d9e4b01f65ae6e41
=== RUN   FuzzRlp/18ce6642e9a597d9dd6a45cc2c1111ec864cc9d0
=== RUN   FuzzRlp/18de95614457a4a61c22735e135ba79875e0f918
=== RUN   FuzzRlp/196e8c3003c5f2c169073942072cec7d2cd5d0a2
=== RUN   FuzzRlp/19d6ac5bd5746703cd05a772a065fa57ab778d36
=== RUN   FuzzRlp/1ad3f4f1c66639f315298fb7bbf7fe3aa2529b16
=== RUN   FuzzRlp/1c19ab4795c2792e5f2f33d5bcd94b07898b2481
=== RUN   FuzzRlp/1d1f17a3b9fb5833ac165ca54237602fe18592c8
=== RUN   FuzzRlp/1ed1a1fb5d0f1776d5544254e4a4a2ddeaf49371
=== RUN   FuzzRlp/1f8e15a8bc3b4809e7fde2b4d711b2a75eaf63bd
=== RUN   FuzzRlp/1fcd488cbf92dd0e1e8d6e7ec65a6e58408e0e44
=== RUN   FuzzRlp/1ff54ebf40d54bdf4133fb989a522bd69bfe171f
=== RUN   FuzzRlp/2055b16fd3e3dfd167f261807e06cd8f38490744
=== RUN   FuzzRlp/2090388879b9a93a897025b66feee93038f6cea9
=== RUN   FuzzRlp/21817b1550ffc33ddeb1ed976d53d29e3a8f8822
=== RUN   FuzzRlp/228f44fbfbaf4fb422d1f31d784e1beba2dd7c0d
=== RUN   FuzzRlp/22d7e6f214d540b41d4126499da1af923e550ad2
=== RUN   FuzzRlp/23191e8c781da1d287fd63547f9d434ed0af4c3e
=== RUN   FuzzRlp/24a595fd19d34759823e3e562809177f3156944a
=== RUN   FuzzRlp/25ac12c9193e0bb7654d4570f5a18df909f881bc
=== RUN   FuzzRlp/265c30208bbe534cd93b801623b559221530ab06
=== RUN   FuzzRlp/26a3043426eee42157b0f2c9935db142d564065d
=== RUN   FuzzRlp/277184102726c8eeaa3ab87a2d946c942b3e616e
=== RUN   FuzzRlp/27fd962cea439e4198fea5b9fc74172dbd5d060c
=== RUN   FuzzRlp/280db0ae23652b1785037ad3f5fcdfcfbd868869
=== RUN   FuzzRlp/28dafad321f6b481ea7f5d2cd345785a5f93fb23
=== RUN   FuzzRlp/29737394e61a22e4a743f12fb78b29a271708159
=== RUN   FuzzRlp/298ef1410d62677e43133d845960ff3938879346
=== RUN   FuzzRlp/29a7b9540177fecfe38bd539b06d7d2529537c26
=== RUN   FuzzRlp/29d57200f794cb69255cad6a9c21feacfe86b956
=== RUN   FuzzRlp/29e3002f36a1dfbb6c232afc840070bd61b1f706
=== RUN   FuzzRlp/2a5e06e7eca5b268c88e96fb4337b200da49321c
=== RUN   FuzzRlp/2b98efa667d074d84ae9de6b9ca5afb6470c8eaa
=== RUN   FuzzRlp/2ba7c6225b77494c26030ba08b6ba6fd125b3536
=== RUN   FuzzRlp/2bf5bfb00886a88b4eb02580767fee4d9420fbe6
=== RUN   FuzzRlp/2e51852080579a8825a81f566c9f68d697826b86
=== RUN   FuzzRlp/2ed3ce0129a65472a50d8ed6f9e08b4d993799fc
=== RUN   FuzzRlp/2ed8604127d0e50752312d557c3ba67ec7e14f1d
=== RUN   FuzzRlp/2ee546e7b198f6ce84447dc09cd4303b128dc427
=== RUN   FuzzRlp/2f57a022d54eeac17ea82338b2d8fdf91dd8866f
=== RUN   FuzzRlp/2f6576cd5d3e5bd52e870f140b119127aa23f573
=== RUN   FuzzRlp/2fcc20ec29ba7cdd6cff6e3cf0d969a22c3c5dae
=== RUN   FuzzRlp/2fcd6e2bcf7e31cebe490d60a6bf4647ce5a90c2
=== RUN   FuzzRlp/3123d7ef9e88ab351c2676e287ab50f106b2d43f
=== RUN   FuzzRlp/32a80c656a3e0c56a35b4e0285bf58757c37fc7e
=== RUN   FuzzRlp/33942254db5a593f6c9e02b4e5102cc4ddff5581
=== RUN   FuzzRlp/33e9b8a1aa6297c8a9431f918ea4e015127ae85d
=== RUN   FuzzRlp/33f7ff7be0767cded719b2b50590b58f0cc4f528
=== RUN   FuzzRlp/345b649d331a6d79ad56fccf00c2f6f81abc6170
=== RUN   FuzzRlp/3483f641e280bf005721624962dfd43614fd8f41
=== RUN   FuzzRlp/34b27d0ef92fa7b9964b0f961e67fac9cb6a671d
=== RUN   FuzzRlp/34e4f4ae5d97c45d114e5de1cfbe3e1b63c3ee15
=== RUN   FuzzRlp/35413495d322a6ee5d0cca255913b8c2fbc3f327
=== RUN   FuzzRlp/36e5833fe3579875b1f6497ca0d9e2bad9eb2a4d
=== RUN   FuzzRlp/37002968bc0c3fdbd32c104c03425fb5d732bed1
=== RUN   FuzzRlp/374811ebdc51a8f2c9f5ddf67b8d915fca0c9dfe
=== RUN   FuzzRlp/374a015e29e9bc29162c0e583d398570d878d45a
=== RUN   FuzzRlp/374eeeb8482f7d8d419251d7cad24d475ec50eb5
=== RUN   FuzzRlp/38dffc59c03aac9fd6c96dd8cdec3e284a5e8426
=== RUN   FuzzRlp/39f88c23a7d905953d42a28050c2602088aba4bc
=== RUN   FuzzRlp/3a2e8540a2f0d0d683a457797a123b86538bcd9a
=== RUN   FuzzRlp/3aa2c6a89ee5b1e79225e4fe1901e6293e64fac1
=== RUN   FuzzRlp/3b78e421f34f9da630fed8fbf93dcf8df06f05fb
=== RUN   FuzzRlp/3b84d3430a7dd29166559b91867402a13f5dfc99
=== RUN   FuzzRlp/3c5a8d7dd5577275ee22bae84153cc3c68a136df
=== RUN   FuzzRlp/3d77c6c3b2c6803861e5af2d3e86276ab1931f13
=== RUN   FuzzRlp/3d83b38a6c903a1aa43fe7339dec95b33322744f
=== RUN   FuzzRlp/3e0eba80c5e3ae59afb12d89f284fe7ac1f6d392
=== RUN   FuzzRlp/3e3cefa521ab4b9cfa3ed3f6f28aa1b4a8d532cf
=== RUN   FuzzRlp/3f65a2200c0b208afccf16fac28682e0b6ec1d29
=== RUN   FuzzRlp/4058f60662aa174cf6ba636277ffa745daaf977a
=== RUN   FuzzRlp/4093bbf2a123149abc7b70807dceec6a5a044a22
=== RUN   FuzzRlp/419d742c72f3e3ce5b91e4de6d45337e921939d2
=== RUN   FuzzRlp/41b2f93f5345c83a53591e3c9371f114fc6f6770
=== RUN   FuzzRlp/41d3ed383a7807e4a3b0ed35cb39eceaf54f833e
=== RUN   FuzzRlp/42cb1041d002e4e8cddce44c944bd2c78499fc0c
=== RUN   FuzzRlp/4384a6ed6ace163ff3682286ffa0ad1c42b899a2
=== RUN   FuzzRlp/445b5bdc1ce4eb09d695b6065a6184a26ddb9018
=== RUN   FuzzRlp/4496b5aad0f6eac2425392d458a4cbf9b848aad6
=== RUN   FuzzRlp/44ebdb38fc1d4d14808ed13938a517e407a2d6a6
=== RUN   FuzzRlp/454c121d56f96823fac1419a65e507ee4b97f5da
=== RUN   FuzzRlp/46821531779fc823090ccc3562e11375d6987431
=== RUN   FuzzRlp/46a4b3338f95f7802a435f73e0526b76004fd0ea
=== RUN   FuzzRlp/46af608383e7a5f2bb063338eb4d9b571c09b743
=== RUN   FuzzRlp/475fbc1f203ef87bb8020af775164dcd09b068a3
=== RUN   FuzzRlp/47ad7dac98f422e12e22dd4a2028d81a40bd4899
=== RUN   FuzzRlp/47b78d390bcc21351329c1da2aca1fe4e80c13d1
=== RUN   FuzzRlp/48ac9b23bdfdbd0a06a05a23b6b90e5b8a4dee00
=== RUN   FuzzRlp/4972576000e8c9c6875d2c5ed143feb64a598ecd
=== RUN   FuzzRlp/4a3b1f7609f5b6fd3425a5f273c66506bde4e582
=== RUN   FuzzRlp/4a8fd1f5e6b5aea866339311512c3ff5e53a3f77
=== RUN   FuzzRlp/4af8eb483d4636886a9a08812f1414eaae417916
=== RUN   FuzzRlp/4beb92c39efa72f1b6a207f5fb7d7eb4179c292d
=== RUN   FuzzRlp/4c193d75a629281d946292020ddd0ccc35a71d16
=== RUN   FuzzRlp/4db797863fd3627d92d6250fa5c8d96417ebdc41
=== RUN   FuzzRlp/4e41c80c3b81b1bbea6a59cea3576d9f58e8fded
=== RUN   FuzzRlp/4f17a2a4074399ed1c91e22260048f234bf152a0
=== RUN   FuzzRlp/4f42286906deb900bb533c29c5fa56bcaf539959
=== RUN   FuzzRlp/4fb9c7526d14ae91b5e2200c9805c37a45346780
=== RUN   FuzzRlp/500105142e1ee76152fb2fea9ce8ac80775ed5dd
=== RUN   FuzzRlp/503e7adc9e4327bb77cb0f9dfb30a7a91ce4f4fe
=== RUN   FuzzRlp/5060e37db010eb96f93653eb89591b87af8e0a2b
=== RUN   FuzzRlp/508889f05ff2a64c5ac0faf66ffb855f0c4c3a5a
=== RUN   FuzzRlp/51217ce924d69c8690bd807328dcae6218548c2e
=== RUN   FuzzRlp/531478435093b878094f497a36d51545fff6883d
=== RUN   FuzzRlp/536b80d06def6be89864339e069f85a556bb21b7
=== RUN   FuzzRlp/53e073a7f8c06a455d7c10fc1133931caf4874e1
=== RUN   FuzzRlp/53f624b70e0aa01414cfbf4a4ae97f7fc616af85
=== RUN   FuzzRlp/5536986e5d2e94824038fdccb3ca7c09a70d624d
=== RUN   FuzzRlp/55e10b3a5fbaf01e2ffb6a0e3aec1780c265f874
=== RUN   FuzzRlp/56ea3ce091f81cb3a1ac29df73be9f90bf6c7258
=== RUN   FuzzRlp/56f73c23ad29130f6ed9a07d8a0d8f12fe5cb44e
=== RUN   FuzzRlp/58b4fce8b2354d35cda17328136a3b3b0b6681a0
=== RUN   FuzzRlp/58edf8fdb0394675d7efa95d65db50c483b0fe86
=== RUN   FuzzRlp/598048a7cec42338f1ecd8c9c0f765d70f3dfcd6
=== RUN   FuzzRlp/59c0622f619b7762b0600ece371a4a66818229bc
=== RUN   FuzzRlp/59d77f81484be4c5262e58824a02bcf54a335ee5
=== RUN   FuzzRlp/5a8431cdb407e38bf5c6368e7128cacf3d2f89e7
=== RUN   FuzzRlp/5b0b0dd8988755bc18a70e0564f609696e0bd02f
=== RUN   FuzzRlp/5b45420b4cf3e5a2f7f4bfb144ff4ffb92478ff6
=== RUN   FuzzRlp/5b77c6c2c9c3a63e908ecd4ea0d1923b1bf57928
=== RUN   FuzzRlp/5b9a2b862b62b738b2196faae86986be9f5a1008
=== RUN   FuzzRlp/5bd0b30f7063bbe73ec9e7553c4eb1ea44429891
=== RUN   FuzzRlp/5c16605b023075f76b59965737142f1a2d8ab8b7
=== RUN   FuzzRlp/5c2897c7e3629062ddcdb4323d6f3df276c5f2a4
=== RUN   FuzzRlp/5c381aaac60a501ea81893e27ef98c026f9ac618
=== RUN   FuzzRlp/5ea04ca97d41aa6a1a6cef3a0281d0464fc9bfb3
=== RUN   FuzzRlp/5f46ae6c1ff755358958daa22e19f0855ead977d
=== RUN   FuzzRlp/5f5f66743e351721f0545c3497532c42945496d3
=== RUN   FuzzRlp/604a08f7849b987f5c9ff6c27ead04ae08c490da
=== RUN   FuzzRlp/6071e989df9f2728c8e36088c483746bce939875
=== RUN   FuzzRlp/60bc8e7434dc677a7ac7bc2631caaed419556b6a
=== RUN   FuzzRlp/6143dcc4bd90301f3c5e482a9e3c060342340735
=== RUN   FuzzRlp/61afde9c3bf1c120365aca696283b4f091f8608a
=== RUN   FuzzRlp/61c3919181898599eb4ef0a1c0264b5107ce0b70
=== RUN   FuzzRlp/64795f716d0f6a2f2e969c567735bb0981d6ab76
=== RUN   FuzzRlp/655e6843c78288e1f6819d0f6937ab75e7992f93
=== RUN   FuzzRlp/65be43bbb6f652fc7429e93d1303667c21f37296
=== RUN   FuzzRlp/6617f35227cce6ff6b9e6d5505f0a36898c7f8ee
=== RUN   FuzzRlp/66a5f0b9b7054f82c5322fe8dc7593ecaee9af97
=== RUN   FuzzRlp/66af57a9ecfe0680091ef1ca4af850387aaf41b5
=== RUN   FuzzRlp/67329bc59fb46b37681fe6ff6cf0f66821077480
=== RUN   FuzzRlp/6735e1991a32ebc3d71c340d0d34c1cbb2f8a22a
=== RUN   FuzzRlp/676e7cc6c1199800c939b2fb13f6c4ce3363ae80
=== RUN   FuzzRlp/6848df110bfd5f3654fe75f2b50c1de2b375babd
=== RUN   FuzzRlp/68be5e287256afac46ac6f3c67b35f3f75c720a5
=== RUN   FuzzRlp/69c6f6720ecfe0850c1d532e46e0fb4b54c89e31
=== RUN   FuzzRlp/6a5ef4d22c9635303fe089c07dc1493fcde1ec1c
=== RUN   FuzzRlp/6b151003c74073e553f04ec07fa4b00643fafe0c
=== RUN   FuzzRlp/6b3d80715d06cd14309da05d804629a7be00f624
=== RUN   FuzzRlp/6d4bf42a1a0b11c2a810c82b9fdd083487362685
=== RUN   FuzzRlp/6db33d2369658168d0cc91a917ef4d50bd39e967
=== RUN   FuzzRlp/6e96c32b5b73e0f3d91e282bc7ad187abd0d692b
=== RUN   FuzzRlp/6fbb062afb72717a62b5c8726e59b2928a257e16
=== RUN   FuzzRlp/706b8871ac8085751f9db1ccd004b2f04d75b6e9
=== RUN   FuzzRlp/707fdfd35c9a5efbda68f920916bf67a724d1118
=== RUN   FuzzRlp/711020a08fc88c5195bde5b6e4e1a9274e659dbb
=== RUN   FuzzRlp/715604abbb266f70e4414e5b4e57e8a611b3bebd
=== RUN   FuzzRlp/71b2e297948244333e168b1bad14c20d33c811bb
=== RUN   FuzzRlp/723003479eb549463b1690da48d305ed124e8b0b
=== RUN   FuzzRlp/72a4389b276e3b69d79122470ee336bec5c908a2
=== RUN   FuzzRlp/7306e8efb69ab83f8a63ef181431842094af5339
=== RUN   FuzzRlp/733d0ef2d75ceb300cc4c8e949a313bf1f8fdb0e
=== RUN   FuzzRlp/735b7e97c70d1f5d7cad0e6db0a14df0adb6f90f
=== RUN   FuzzRlp/7391d061f04722bdefae27eed95f4a5006086d41
=== RUN   FuzzRlp/7427097dd3283048394e5097c3334a90a1cf8a39
=== RUN   FuzzRlp/7441065bb04183281bd3a6d73a9407bd56c25aa0
=== RUN   FuzzRlp/748e7ce41bff0e3b9dfd63115d09bde6fb0bcc4b
=== RUN   FuzzRlp/769244700d14b7ebafe5b5f16abdeaf3651fc47e
=== RUN   FuzzRlp/770b2933a250fe02ae2d83c2a25d5837d289d83c
=== RUN   FuzzRlp/773d979f9bd7985e407868b6dec392c6729e26c2
=== RUN   FuzzRlp/7861cfa2156250327b052e7da53aef85eec87eb9
=== RUN   FuzzRlp/78d3f1a1e87bbae02ff8a03fe9fc8b57e9123f8f
=== RUN   FuzzRlp/79c09d7bbf502d8a79219e7b6c92c2d525921a4d
=== RUN   FuzzRlp/7a7e4554684924a3c8c3f18e24ae1ad2a95dc0f2
=== RUN   FuzzRlp/7a9ab73cba9efce1534b2b620a06863b3faa7c6e
=== RUN   FuzzRlp/7b261c2b97bfed95cac20557164ee79d2fccc53d
=== RUN   FuzzRlp/7b65c92fd342967317c67b1a298c026779292d29
=== RUN   FuzzRlp/7bddaee4d879d6b6c735af8a5b701c4c0b76a229
=== RUN   FuzzRlp/7bece3f475a6f4b643e89f6393f0576fb6fbd843
=== RUN   FuzzRlp/7cc62dc7f49655cd06749bac93bd2a9187c29090
=== RUN   FuzzRlp/7cefcc802ace1ed7e00e8fca8679da6677dccc11
=== RUN   FuzzRlp/7d532f002830596aea518d18337bccff18b7d0a2
=== RUN   FuzzRlp/7db0b72bc9dba7a4fe8c773f355c76fcc45fcc53
=== RUN   FuzzRlp/7df2ba0e0ae6affa28abf23c53d32e62913e0c1b
=== RUN   FuzzRlp/7e75079f25b7b39bc65aa7e9f391e0c419c000e9
=== RUN   FuzzRlp/7f2eb97bc9fb2352abe05a2325e07280f6b75401
=== RUN   FuzzRlp/7f50132af2ac98baa78206b95b1b3e384cb8ffdf
=== RUN   FuzzRlp/808e63276e9c3b2d516271609005088f79e82041
=== RUN   FuzzRlp/810634cf96f1f65e79d42bfbe3c656997de3aae5
=== RUN   FuzzRlp/818519e828f8aea93be77fd7a378d7dfe66d4512
=== RUN   FuzzRlp/828394cf1f4675eb9cb0c3427edcb29e3d4b50ac
=== RUN   FuzzRlp/82f22d58483350b333ebaff189ee07733f6305cc
=== RUN   FuzzRlp/832af710807148467605d5d8c197503f4412aeaf
=== RUN   FuzzRlp/83bfef54c055dd922c87a77d599857a75cc432c6
=== RUN   FuzzRlp/83d9e158a89f92c07971b1907e43de03b032216a
=== RUN   FuzzRlp/857293d95dee39df84a2809c815e16a264788b22
=== RUN   FuzzRlp/868f79f12d3626f9a0f3e51345b2308a9541cd0b
=== RUN   FuzzRlp/8697d7468de41570ad65176d10482dd225391028
=== RUN   FuzzRlp/86e906d9984843c135a459d5e5e467b350a57f7d
=== RUN   FuzzRlp/8799c568b9393f674c2c585a394224fea489f5a3
=== RUN   FuzzRlp/87d9d833e9c1f1f7b4c6575d0a2ee37d4e5f878f
=== RUN   FuzzRlp/897ea0de5d11e1986645a26c542ba7f0dc969ef8
=== RUN   FuzzRlp/8990a95368d523a8307153183511a3ae3d7b87db
=== RUN   FuzzRlp/89e8b7c7d998785c6199504268399e2a86cca590
=== RUN   FuzzRlp/8a0ac1d78d82becf213501fc0f552f57f547a1d3
=== RUN   FuzzRlp/8c0138133c9ce9a4e525a745bc98d32c0e3de227
=== RUN   FuzzRlp/8c4436b64eb836b8b4e0da3265e99e93807997bd
=== RUN   FuzzRlp/8c5ff1030fc8465d92afe8fc576573fc3aabddb6
=== RUN   FuzzRlp/8c9144179a504b153a1d8d8d676e9a1abc4f89a9
=== RUN   FuzzRlp/8caee59481e715222a7dfe5a7e35507ae48f726b
=== RUN   FuzzRlp/8e9358262135a617d6fd9688a6fea980ad42809e
=== RUN   FuzzRlp/8eb047d9425cd38fdac14bcfc53688a7d69af00f
=== RUN   FuzzRlp/8eb3e0cd619abed20bc428e286eddcc798cb7a3d
=== RUN   FuzzRlp/8eca7cac79961645ea886cbc2a9e0ba189f15208
=== RUN   FuzzRlp/8f490bb6cd8c60e46bef531947319dd215ad8c13
=== RUN   FuzzRlp/8fbe1af89e8646918d0b10e2b426c7ec8ad4ae0f
=== RUN   FuzzRlp/8fea954cfef5b35495d95333d9cf8d774dca0f3b
=== RUN   FuzzRlp/9069ca78e7450a285173431b3e52c5c25299e473
=== RUN   FuzzRlp/90f2d49d1af07e4a6995e2162e736d51d3c75ec9
=== RUN   FuzzRlp/91a2d02010c34544c9c4eb87d2d06dd535ed4cdb
=== RUN   FuzzRlp/920fbbf92b2ac8c2f3ea9b3e3b7b44db4b454b56
=== RUN   FuzzRlp/92c53fef4eb76c2a06bb6bc78ea360c0fec2a956
=== RUN   FuzzRlp/92cf7191bab7ccaf17d1e144b7b9574ba9f8384e
=== RUN   FuzzRlp/93287d7eb3568f1e53ffff3d1e6c783141ad8b52
=== RUN   FuzzRlp/93c1ea5b15e54e5e050fe9aa3aaac27851a02144
=== RUN   FuzzRlp/94927b19fe6e241ee1579d1a54e846b0b834f4c0
=== RUN   FuzzRlp/94a39b79f79cecd856b95bd252166540008edfcf
=== RUN   FuzzRlp/94d19ab0a44aba40f74ebdf90ee19986adfbea0b
=== RUN   FuzzRlp/959c9544af63f49d3c3c0843a4711a7602bf2258
=== RUN   FuzzRlp/96938a19ce2e4851d849b8e07f70a8f7a8c78059
=== RUN   FuzzRlp/96b842ec3cbde92454d710e9149665179d8c9505
=== RUN   FuzzRlp/96cae63512594924624576680a5d680aba1cc84a
=== RUN   FuzzRlp/976b554bffd0f195a3e370b8f190e34921bc332b
=== RUN   FuzzRlp/97b557731bc99906a345e5821fd9f1e3d376ff9a
=== RUN   FuzzRlp/99682bf71bc958cb857b504af6a1f76ff81e92f6
=== RUN   FuzzRlp/99f7daba729d79986de04bb287add69c85738e72
=== RUN   FuzzRlp/9a8c59ad186973d7570380762955c48749c13f0d
=== RUN   FuzzRlp/9b80d500bcc904e4637e8be1a75fc9a6b432ac9b
=== RUN   FuzzRlp/9c6b12be1917123d0f82657ef6302ac4d400bd8b
=== RUN   FuzzRlp/9e982a41a931f079346f5de2c0ec44a538ec4ab8
=== RUN   FuzzRlp/9fa1b3429b45de51cfe1e6640a343ec4e132d409
=== RUN   FuzzRlp/a022fd9f68719ce0812b94288ef33cbdf6716e7e
=== RUN   FuzzRlp/a18f1dfe8396f67ccb69010b4c2cea506e79c1f4
=== RUN   FuzzRlp/a1f288d2c740bac637a207993cd6fcabdcadb18d
=== RUN   FuzzRlp/a22cb78eb3e73f906a058f9c26b657978ef2177d
=== RUN   FuzzRlp/a3337bd41f861f7d18e22447399cfa373cc474a8
=== RUN   FuzzRlp/a3501f7b4107618276ad85e4d76bd4dbade05e1c
=== RUN   FuzzRlp/a3c66323b0c9d3e134968394ebc3c8e2d66e547c
=== RUN   FuzzRlp/a40d76989adf7df3cc630ed3bffea65e2ffb56fa
=== RUN   FuzzRlp/a50e70f61034213d760f0b207e3942472b817960
=== RUN   FuzzRlp/a595a57a82743d28a00eca6abbd6326e726c8956
=== RUN   FuzzRlp/a5b1bbcd911d09573bdaf7421f4cd4b991fb1da9
=== RUN   FuzzRlp/a6317766eeadcf0eb7e3161caba55a87978383d8
=== RUN   FuzzRlp/a638f1d616aa2e571768c6d9316d681b5518a674
=== RUN   FuzzRlp/a68afeb6e440dcc892e699a6f56dbc94a454ddc2
=== RUN   FuzzRlp/a6f9917586f3befb1c796401c814130d8f00bc96
=== RUN   FuzzRlp/a74b0288333cf4cb67c1fb2bedf5dba8d215d30d
=== RUN   FuzzRlp/a957bdccc651e46002c3df81334c374bf2aefcc7
=== RUN   FuzzRlp/a95a709c7a9c6386bd4212e9e8c87a13128934af
=== RUN   FuzzRlp/a960f597e46c5b2fc213b3daa24702bcb15d6a78
=== RUN   FuzzRlp/a979ef10cc6f6a36df6b8a323307ee3bb2e2db9c
=== RUN   FuzzRlp/a9891215390aac1519d19bc75243d0bd76d01e68
=== RUN   FuzzRlp/aa661334452e7c1623081f31dd9f73651486d302
=== RUN   FuzzRlp/aa7ee7a94d58eb52eab10f971d9f5e795a26dcab
=== RUN   FuzzRlp/aaa5347587b76762a0444ede22cb36b656345885
=== RUN   FuzzRlp/aaeb3dca6bec300b598b978662e15706af9d6ba3
=== RUN   FuzzRlp/ab5d1eb033143895a1338e39301ee1e568b4c692
=== RUN   FuzzRlp/ab866a31718237d037348bccf32e88d1c0a1e532
=== RUN   FuzzRlp/abda3941c72e7cc50040a2b0e5c7fad90a5587da
=== RUN   FuzzRlp/acc768bec7cb7fb45d1784fd7fdfaca71e186377
=== RUN   FuzzRlp/acf3a0c1876b9b86009ed3103cb4853ee578a802
=== RUN   FuzzRlp/ad4218fb8a9a7d9491f1979aa917b34c9239fc4d
=== RUN   FuzzRlp/ad5b71d76cf72f8a2ec28bd8bd3514dad91a9062
=== RUN   FuzzRlp/adee9ad413222a0225576126fd281fb555f6cdef
=== RUN   FuzzRlp/ae1c63c882750c5bd421b12a0f9f25f8069ad947
=== RUN   FuzzRlp/ae460347089512172e216cd5ffb0fdaed8cda1bb
=== RUN   FuzzRlp/ae637bc5c14fb33e0e5c02e9a83ca8d30aa493fd
=== RUN   FuzzRlp/aead1e22ec6215a5e77ae3b15c231b3f9b95df71
=== RUN   FuzzRlp/af737031ff254f418c5d51dfd9bea2a9bb12ec45
=== RUN   FuzzRlp/b0357113401fafd520edf3771e71fe001733dc46
=== RUN   FuzzRlp/b0df925252b96c1e5789b3095b99e6f804a70a3f
=== RUN   FuzzRlp/b1e7931c9cdb2fbb885894bfbbbaab16844097f7
=== RUN   FuzzRlp/b216f41bf0d1a78c1a64a8a1bbc723faf4ac58cf
=== RUN   FuzzRlp/b2a081f3f42b387010fc8f02677bcd364996785a
=== RUN   FuzzRlp/b33d09902d3eeb014ba99b3ca5256934834aecaf
=== RUN   FuzzRlp/b39c620ea6ac44bc40578a7122f978305a0a7b30
=== RUN   FuzzRlp/b4ed26ade864696d727e0466aa116bc9eb9beb0e
=== RUN   FuzzRlp/b62977a91b0d5a6d6265c90b673c6bff39caf64d
=== RUN   FuzzRlp/b68ff936399a3c599ad5fe550afb3876618ea0b7
=== RUN   FuzzRlp/b70e8bf7bc114aa01bab75f090a0ad2b8afc6cb4
=== RUN   FuzzRlp/b72ffa093e29d999dcc278c292779857e84b1b81
=== RUN   FuzzRlp/b73d61d9df2557bd7379786a2295668e977015d0
=== RUN   FuzzRlp/b7a955d961a2e5398c29bafb4852647d49ad63c3
=== RUN   FuzzRlp/b885a3fb20ae6f1c16e31eef1cda86f6a5caff0b
=== RUN   FuzzRlp/b8b315fef6ad517feca148f3d66de0fa3f5e0c14
=== RUN   FuzzRlp/ba0ab737f27c7384f717da9611da8e6f9e7f439a
=== RUN   FuzzRlp/ba0ae52b834d5fa049df842ff21565564091d5d7
=== RUN   FuzzRlp/ba379c6ae4cfbd580969eff29b81e1eee3a6529a
=== RUN   FuzzRlp/baa4aa7f13f7aaa3103971deed6cf1092de2f38b
=== RUN   FuzzRlp/bad1af9da515c38352b2aad93b8e1dc95fe3ce94
=== RUN   FuzzRlp/bcf5b7ebbf3019db6f2f48c7d5e9c355d49bf389
=== RUN   FuzzRlp/bd0515204f1aff8a53b621be0df6d3db9c7aaf65
=== RUN   FuzzRlp/bd1caccf67e3b16f155bc731ce81eb404401aa77
=== RUN   FuzzRlp/bdf5a83d0db8eaea34f9196cd44165db0866a9ae
=== RUN   FuzzRlp/bea8fd15c616ba9e9cc29ccd91d113e937ddd456
=== RUN   FuzzRlp/bec075897b27865db88bb3220e16e89d46914959
=== RUN   FuzzRlp/bedf7b96ffabcde84af2bfbffd3b66fd4e442d15
=== RUN   FuzzRlp/beffe2b15eb9e2d1e72dd28c8c6ca1be990b3b2c
=== RUN   FuzzRlp/bf57f90a187036f65b8b5280ff57eedf918c20ad
=== RUN   FuzzRlp/bfd52b9dd9f0dac830765374a2c80cac9b814bc6
=== RUN   FuzzRlp/bffe826c1b5fed867ae7a943c8f8caba04a67e06
=== RUN   FuzzRlp/c0195507494dc16035c255de7b9a550b02bb900c
=== RUN   FuzzRlp/c1ceafebb1f520bb4b874bd84e08831c7feafb5d
=== RUN   FuzzRlp/c1f6b076d2fd539630f76b20e2949e19ad4e380f
=== RUN   FuzzRlp/c24de8c85c5fe6e0291612c814521ae7262f30fe
=== RUN   FuzzRlp/c26450fc9afa388ba3eedc9c5a0d5889697fa3f8
=== RUN   FuzzRlp/c2e72a42850c52bf4304116289c795a539c7b8ad
=== RUN   FuzzRlp/c2e87992dd8e7b4968a4627890f397174b13b881
=== RUN   FuzzRlp/c4136ffc0afb12c6da9305a4245009916e36ccd5
=== RUN   FuzzRlp/c4145e58551b75288d6b2c75c623d2d31e99fa24
=== RUN   FuzzRlp/c453b690b3fcf363e5d063be9d33763654b2428d
=== RUN   FuzzRlp/c63ac18520fedcfd56514d9d1425973c3d3dd076
=== RUN   FuzzRlp/c67b09f1a309521fc95f41354976b21513962722
=== RUN   FuzzRlp/c73bd46c997197b9609bd51f581d0e318d8d48cd
=== RUN   FuzzRlp/c7de27e379d90b1f0f8784be7191d45c11a9d470
=== RUN   FuzzRlp/c81eaa2e303ecc8844adc449d326b958196a3712
=== RUN   FuzzRlp/c891b32904c43365d3fa07c6dff304611112e2c4
=== RUN   FuzzRlp/ca99bfc7a241a8e75d0c67cd745b3736377b10d2
=== RUN   FuzzRlp/cb5aae4c68c7f305aeafb3228c5705c9bd3847d8
=== RUN   FuzzRlp/cb640cbbfee0562a28792ec1c5ea6f3eacb7e538
=== RUN   FuzzRlp/cbf315e4f6bf2536fbe8f0c417a5ac610e167b1f
=== RUN   FuzzRlp/cbf6c0800cc9a02c18f72911350f2b02fbb289cb
=== RUN   FuzzRlp/cc9c7578d75546e53f3e487b036400ac06836c4a
=== RUN   FuzzRlp/ccd1e11594c0de34684b3582381ae3dbba414b2e
=== RUN   FuzzRlp/cd8e63e66e84a10cd0dc54abd31ad1076d89cfd0
=== RUN   FuzzRlp/cdb40d1e84f869222aded32352acbf4739d0e171
=== RUN   FuzzRlp/ce27c86e1b76b687874ddaa413997af6dd0ef939
=== RUN   FuzzRlp/ce2b80f3ef5bfa16c7e6d7fba152e92e7baf7a56
=== RUN   FuzzRlp/ce85b9b3e486976b028a05160d032b4e13b20899
=== RUN   FuzzRlp/cea75b7cfefb36241ba5bf475903d43290911909
=== RUN   FuzzRlp/cf0fa2353d8cff6fdf49f4ce5c99658bf4abc99d
=== RUN   FuzzRlp/cf1141e85813211eaafe6dc87c73562c2497d045
=== RUN   FuzzRlp/cf24d4c8ead953055c6ba6393b50fa7ef9a6b85e
=== RUN   FuzzRlp/d0f64fe21ab47faafc6800083f9684bc207a221f
=== RUN   FuzzRlp/d32f50baa80fd020bd8ad4aaef94d8f509b4c459
=== RUN   FuzzRlp/d392ffdc694aa554d10c8d1d4a99caf217dc0a41
=== RUN   FuzzRlp/d3ac8f064b5534e3d787a70588902bb126e21c28
=== RUN   FuzzRlp/d3b9c30d48cd7545c9c977cbb235cb2373e7b935
=== RUN   FuzzRlp/d428e02fc683d21bf62b275f9725946d2c0759e9
=== RUN   FuzzRlp/d46a768b57ecb66a90cf2e752ff5fa39f08fb007
=== RUN   FuzzRlp/d4d867b71923cb571219585ba0874d53de5a7223
=== RUN   FuzzRlp/d5309883becc2cfac62cb04448b79ca091485e53
=== RUN   FuzzRlp/d55927c4c54e0717efdf3b98d0b4f43c9e646dc8
=== RUN   FuzzRlp/d6287bbee8ae640c4ada18bce9cfb6385ba6ac33
=== RUN   FuzzRlp/d76c8d1e59b396df5421ca645454234e59cae30f
=== RUN   FuzzRlp/d7f9a886fe0a63f3ee04e077cda0d0a2d4d3d667
=== RUN   FuzzRlp/da4f2ad4fa7cf5b6da923ca32b25a073ee824444
=== RUN   FuzzRlp/da657d66b425c4823a8f2492ebb43a71131d81dd
=== RUN   FuzzRlp/da66180699cf86a08be25d9bf73d22d048382d17
=== RUN   FuzzRlp/dba0fcbb8757bd8c60a03407b0fe8fdae0fca36c
=== RUN   FuzzRlp/dc530b2c3acb17525da94f7a71119d996098205b
=== RUN   FuzzRlp/dceceda36eaae7e12a12a880dc00eca5a413b3b6
=== RUN   FuzzRlp/dcfb0bbb1add3b37947bc9aee3234d056089d0a5
=== RUN   FuzzRlp/dd15d3444fd9aaaf19865a18f969d40ece03ea57
=== RUN   FuzzRlp/de2e65bcf5cc7166b402b79e11e92c73e511f40e
=== RUN   FuzzRlp/de32503ba4098e64e51d0e0bfbc083cb25e76b26
=== RUN   FuzzRlp/de4e0593ef19a5f3a2bd3679c0ef5789ae367ce5
=== RUN   FuzzRlp/de83da27a282aba06faa4ed3f0814543659a22b7
=== RUN   FuzzRlp/dec8de4c75be044449b5f5c8f9126006cff71010
=== RUN   FuzzRlp/dede8162bc5d915f6ee4960615808f6f925a2c47
=== RUN   FuzzRlp/df645cb6e2bc51cbe2a664330b24e1c81e816447
=== RUN   FuzzRlp/df79fc7c04f7b77d7e3cf8d195cf0c26ec41782c
=== RUN   FuzzRlp/dfcfb5e65319d8e1fcf73881b64a8e0b290294a1
=== RUN   FuzzRlp/e0614de06137d21f781295b4511b1ee5c22b058b
=== RUN   FuzzRlp/e154a2127eb5e892d745898bd694ebee5f352b76
=== RUN   FuzzRlp/e1d50171a5fab969c8278807d22d400f17b8d27f
=== RUN   FuzzRlp/e1ef7d9dbe6a21bfabd542c22888fba04efd33e5
=== RUN   FuzzRlp/e2797d529803a14af281c293b2df14dc29c17cef
=== RUN   FuzzRlp/e2ed91134b69010b081a5733f979322cff5edb7f
=== RUN   FuzzRlp/e371074f9baeabd287646a49cfc19b5e72f9a09c
=== RUN   FuzzRlp/e39172fdf15188860eac02ba53644656ec3bb234
=== RUN   FuzzRlp/e3c69d856ab81dc2ea6a81346346e0b458a3c2b5
=== RUN   FuzzRlp/e4298c4e32762f7f00e83006a4df3d7700ffd0bc
=== RUN   FuzzRlp/e5d6a3b21bcc2ea01eace6daea1d8701523248aa
=== RUN   FuzzRlp/e63aea78eab006c903062cca13b4ae5f15687a25
=== RUN   FuzzRlp/e6651ee35d9be98be280c51ddcd2b3d586cd7fef
=== RUN   FuzzRlp/e75c022b02ed05d43a68a2ea4d109f5d7c143ef5
=== RUN   FuzzRlp/e8a9c3bc491e41493690f784603912f5193ac8bb
=== RUN   FuzzRlp/e949543b38480237719e888be9cb3e9dfb98d2d1
=== RUN   FuzzRlp/e9745129d95c846d33e66148b8b67decb753bfac
=== RUN   FuzzRlp/eab833ef2ebfef99f03e7fcfb443c7cc575e99e5
=== RUN   FuzzRlp/eb016dff0f704306f489c47c81a5dfdb1f1e6015
=== RUN   FuzzRlp/ec75806f34a9e2e57963b9154a8d38edeb2ec495
=== RUN   FuzzRlp/ed534d6c8c98c909e63968fe6ad757ded414aaba
=== RUN   FuzzRlp/ed8820188215ca5fb9863cdfca442d85ea2ce992
=== RUN   FuzzRlp/efe223e5c1ef0889701b3497c6225d98ba52c451
=== RUN   FuzzRlp/f021f7caeef27bb070afce7a2ea7a456fb3bd336
=== RUN   FuzzRlp/f0469d61931c8c98919b414fe734df36bb172f30
=== RUN   FuzzRlp/f0b4d0e0649a23c7742ca4743dcddbb7307adb5b
=== RUN   FuzzRlp/f263a968a50dc1e1f082c7b11aa3ad63c8f0cdba
=== RUN   FuzzRlp/f2641776a1e4cc8a8850b6bff2ed7328750dd474
=== RUN   FuzzRlp/f29c4bab4ed67c2071ccc593f1db912a5d3eb6ce
=== RUN   FuzzRlp/f49db5593e2ff5ce21b0b3fc002d970a6eba43e6
=== RUN   FuzzRlp/f4a0368041694d3ed65b2599d130e0480e889d37
=== RUN   FuzzRlp/f4a23a44e5bed2548855b16eb8136af484e6d787
=== RUN   FuzzRlp/f4ab10827e58fff714b6906f582a383ce75d7302
=== RUN   FuzzRlp/f54be06545f6cf7b9783e03f8d2a4b796f201a1e
=== RUN   FuzzRlp/f5faf423a8831b078139ca9247765879f1e2574c
=== RUN   FuzzRlp/f7a5282af71516d4be0f81ab966ddb15a8edcf2b
=== RUN   FuzzRlp/f7f5aa0b9fd2feb21235433ca914ab664a3cad91
=== RUN   FuzzRlp/f873854ab623feb162051bd68bc26b09c5beca12
=== RUN   FuzzRlp/f9d24221cbe6669418c3bee6d014376ad5a8a743
=== RUN   FuzzRlp/f9e7348112a7be93cbaa5fce102ff9d9ddb83c99
=== RUN   FuzzRlp/faf532f5774e73b4558c024c60f7713bae898459
=== RUN   FuzzRlp/fb2228907e4c69ae21ea44fa306fac6fefb9eff0
=== RUN   FuzzRlp/fd6ceaaee96899fdf5960205ffa1397e5fc01ee4
=== RUN   FuzzRlp/fdfde65fc8558a244f7911f31f49d01ec904abc0
=== RUN   FuzzRlp/fe0f9af201f57ed74c8fa916bed89f4d2fe77ab1
=== RUN   FuzzRlp/ff02ac20ddb82e9eb27933822ecedfb1d02c129f
=== RUN   FuzzRlp/ff3562514a5e73a2304d790e9dff9c35c30b1ebb
--- PASS: FuzzRlp (0.03s)
    --- PASS: FuzzRlp/004ebd07f456e1bb030d2e708624d29d91f9c813 (0.00s)
    --- PASS: FuzzRlp/01410ed2b4922ff8fb03be2e506d3ed76595143f (0.00s)
    --- PASS: FuzzRlp/029e022918016735f83c79865eed26cd5536eee3 (0.00s)
    --- PASS: FuzzRlp/02b1e89a4e32f5041fae105cb0da187d052c4f98 (0.00s)
    --- PASS: FuzzRlp/030c21f0f931f0d1df29c01727f3568fdd593e0d (0.00s)
    --- PASS: FuzzRlp/03e2b5f1b7b6bf00ecbe30f4f938d63a36fb9e8e (0.00s)
    --- PASS: FuzzRlp/03f66ee367944311d1c18b6e5cc736d5b51a43c0 (0.00s)
    --- PASS: FuzzRlp/054d11226ce281d4a1f72f91d22dd9b3623ac135 (0.00s)
    --- PASS: FuzzRlp/05bb736894a7642a0ab6721048c837f3104fef3a (0.00s)
    --- PASS: FuzzRlp/062ed2e5dc394433f0e94e87cb9334661c8e33d6 (0.00s)
    --- PASS: FuzzRlp/063d0237b7c2421264cbb92695959adf959d9aa4 (0.00s)
    --- PASS: FuzzRlp/067b9bd8011ec58688801628651bc2dd31db9a85 (0.00s)
    --- PASS: FuzzRlp/0693eb2e8f1892af21f19f43cd9640265e74e57d (0.00s)
    --- PASS: FuzzRlp/079321d4216b93bfb6af79a593a5baadeb46f2a2 (0.00s)
    --- PASS: FuzzRlp/0796c022758e0a31548e81e976feea442e2ea8b6 (0.00s)
    --- PASS: FuzzRlp/07997d010c7c91754aaaae7a59c5c148d9a3a37c (0.00s)
    --- PASS: FuzzRlp/0848d66c0b0f55a57b54a1ca02081b3f129fd888 (0.00s)
    --- PASS: FuzzRlp/091dbbdf141a4c686935f6cf94214dae6421999d (0.00s)
    --- PASS: FuzzRlp/095ae9ed869bbfc794986b25d3a570324956529c (0.00s)
    --- PASS: FuzzRlp/0a0b9aad1a17cc7c29033b1e3e7dda70ce9a0e30 (0.00s)
    --- PASS: FuzzRlp/0b53622319998cd9c6ed837dd2aed87752d36b29 (0.00s)
    --- PASS: FuzzRlp/0bac35fcca618e9c0d3b294f1878305eff8badef (0.00s)
    --- PASS: FuzzRlp/0c5469960b05bb949c735e2295768bfbec540f5b (0.00s)
    --- PASS: FuzzRlp/0cc4402de007e09d7acb14ff35867137a7eb8ee0 (0.00s)
    --- PASS: FuzzRlp/0d10be892bf0d186bab9cc38623198c05890440d (0.00s)
    --- PASS: FuzzRlp/0d63416375c0b284f65305e7a3b18caab71d49ce (0.00s)
    --- PASS: FuzzRlp/0da8d10be845476273bb5056e535c14c58edc8a7 (0.00s)
    --- PASS: FuzzRlp/0e4267ac0f9caa67253c30213e10f66330265c8b (0.00s)
    --- PASS: FuzzRlp/0ee0c1fb69bed6a2cb74bd5359ff05904f98767d (0.00s)
    --- PASS: FuzzRlp/10378fd4cc6adecffe907e8f9360d38ba5e31da9 (0.00s)
    --- PASS: FuzzRlp/110753f796996305a886814e82da3fde7d0f0de3 (0.00s)
    --- PASS: FuzzRlp/111b8e5d34e6e01f8a876cb49cfba20ae9048545 (0.00s)
    --- PASS: FuzzRlp/1186a157e92e7bc532b6679891b35b22e20eb191 (0.00s)
    --- PASS: FuzzRlp/12163450bf0fa4257fe6ab9271c12619275d5b73 (0.00s)
    --- PASS: FuzzRlp/12ded2efd79f04c6b2a33202cc8cce266396e3d1 (0.00s)
    --- PASS: FuzzRlp/12e80131a2b9967bb96fee3f15f52138db3398ef (0.00s)
    --- PASS: FuzzRlp/130ae2bc5df078e5c7ceb5e8e1f7be036b481c57 (0.00s)
    --- PASS: FuzzRlp/1337104960c8ba3057dd473ec1df14daa92e9fc8 (0.00s)
    --- PASS: FuzzRlp/1359eb60f27285f6beaeacdfddf6032d65172174 (0.00s)
    --- PASS: FuzzRlp/146d15f6df74ee72288ad3370dabbf4c7cbad3dc (0.00s)
    --- PASS: FuzzRlp/14feb45c6fe52df94e750462c5d3025a88ce5545 (0.00s)
    --- PASS: FuzzRlp/1566c9b028f236bb9f497bef9817052ce69bcfbb (0.00s)
    --- PASS: FuzzRlp/167614a311c89c11d56f0aec1e551d25113fb405 (0.00s)
    --- PASS: FuzzRlp/1773f245e544d65efa9e6593bda307041f54ec8d (0.00s)
    --- PASS: FuzzRlp/17be1b88b16a0f44f6bfca5c49c01207a9f51d12 (0.00s)
    --- PASS: FuzzRlp/1860b449f3f3d195dae3b295caf12146b62ac639 (0.00s)
    --- PASS: FuzzRlp/18b1f0db164522782ec0a1ee187cbefab22beef7 (0.00s)
    --- PASS: FuzzRlp/18bc97b4b731c34612ccf249d9e4b01f65ae6e41 (0.00s)
    --- PASS: FuzzRlp/18ce6642e9a597d9dd6a45cc2c1111ec864cc9d0 (0.00s)
    --- PASS: FuzzRlp/18de95614457a4a61c22735e135ba79875e0f918 (0.00s)
    --- PASS: FuzzRlp/196e8c3003c5f2c169073942072cec7d2cd5d0a2 (0.00s)
    --- PASS: FuzzRlp/19d6ac5bd5746703cd05a772a065fa57ab778d36 (0.00s)
    --- PASS: FuzzRlp/1ad3f4f1c66639f315298fb7bbf7fe3aa2529b16 (0.00s)
    --- PASS: FuzzRlp/1c19ab4795c2792e5f2f33d5bcd94b07898b2481 (0.00s)
    --- PASS: FuzzRlp/1d1f17a3b9fb5833ac165ca54237602fe18592c8 (0.00s)
    --- PASS: FuzzRlp/1ed1a1fb5d0f1776d5544254e4a4a2ddeaf49371 (0.00s)
    --- PASS: FuzzRlp/1f8e15a8bc3b4809e7fde2b4d711b2a75eaf63bd (0.00s)
    --- PASS: FuzzRlp/1fcd488cbf92dd0e1e8d6e7ec65a6e58408e0e44 (0.00s)
    --- PASS: FuzzRlp/1ff54ebf40d54bdf4133fb989a522bd69bfe171f (0.00s)
    --- PASS: FuzzRlp/2055b16fd3e3dfd167f261807e06cd8f38490744 (0.00s)
    --- PASS: FuzzRlp/2090388879b9a93a897025b66feee93038f6cea9 (0.00s)
    --- PASS: FuzzRlp/21817b1550ffc33ddeb1ed976d53d29e3a8f8822 (0.00s)
    --- PASS: FuzzRlp/228f44fbfbaf4fb422d1f31d784e1beba2dd7c0d (0.00s)
    --- PASS: FuzzRlp/22d7e6f214d540b41d4126499da1af923e550ad2 (0.00s)
    --- PASS: FuzzRlp/23191e8c781da1d287fd63547f9d434ed0af4c3e (0.00s)
    --- PASS: FuzzRlp/24a595fd19d34759823e3e562809177f3156944a (0.00s)
    --- PASS: FuzzRlp/25ac12c9193e0bb7654d4570f5a18df909f881bc (0.00s)
    --- PASS: FuzzRlp/265c30208bbe534cd93b801623b559221530ab06 (0.00s)
    --- PASS: FuzzRlp/26a3043426eee42157b0f2c9935db142d564065d (0.00s)
    --- PASS: FuzzRlp/277184102726c8eeaa3ab87a2d946c942b3e616e (0.00s)
    --- PASS: FuzzRlp/27fd962cea439e4198fea5b9fc74172dbd5d060c (0.00s)
    --- PASS: FuzzRlp/280db0ae23652b1785037ad3f5fcdfcfbd868869 (0.00s)
    --- PASS: FuzzRlp/28dafad321f6b481ea7f5d2cd345785a5f93fb23 (0.00s)
    --- PASS: FuzzRlp/29737394e61a22e4a743f12fb78b29a271708159 (0.00s)
    --- PASS: FuzzRlp/298ef1410d62677e43133d845960ff3938879346 (0.00s)
    --- PASS: FuzzRlp/29a7b9540177fecfe38bd539b06d7d2529537c26 (0.00s)
    --- PASS: FuzzRlp/29d57200f794cb69255cad6a9c21feacfe86b956 (0.00s)
    --- PASS: FuzzRlp/29e3002f36a1dfbb6c232afc840070bd61b1f706 (0.00s)
    --- PASS: FuzzRlp/2a5e06e7eca5b268c88e96fb4337b200da49321c (0.00s)
    --- PASS: FuzzRlp/2b98efa667d074d84ae9de6b9ca5afb6470c8eaa (0.00s)
    --- PASS: FuzzRlp/2ba7c6225b77494c26030ba08b6ba6fd125b3536 (0.00s)
    --- PASS: FuzzRlp/2bf5bfb00886a88b4eb02580767fee4d9420fbe6 (0.00s)
    --- PASS: FuzzRlp/2e51852080579a8825a81f566c9f68d697826b86 (0.00s)
    --- PASS: FuzzRlp/2ed3ce0129a65472a50d8ed6f9e08b4d993799fc (0.00s)
    --- PASS: FuzzRlp/2ed8604127d0e50752312d557c3ba67ec7e14f1d (0.00s)
    --- PASS: FuzzRlp/2ee546e7b198f6ce84447dc09cd4303b128dc427 (0.00s)
    --- PASS: FuzzRlp/2f57a022d54eeac17ea82338b2d8fdf91dd8866f (0.00s)
    --- PASS: FuzzRlp/2f6576cd5d3e5bd52e870f140b119127aa23f573 (0.00s)
    --- PASS: FuzzRlp/2fcc20ec29ba7cdd6cff6e3cf0d969a22c3c5dae (0.00s)
    --- PASS: FuzzRlp/2fcd6e2bcf7e31cebe490d60a6bf4647ce5a90c2 (0.00s)
    --- PASS: FuzzRlp/3123d7ef9e88ab351c2676e287ab50f106b2d43f (0.00s)
    --- PASS: FuzzRlp/32a80c656a3e0c56a35b4e0285bf58757c37fc7e (0.00s)
    --- PASS: FuzzRlp/33942254db5a593f6c9e02b4e5102cc4ddff5581 (0.00s)
    --- PASS: FuzzRlp/33e9b8a1aa6297c8a9431f918ea4e015127ae85d (0.00s)
    --- PASS: FuzzRlp/33f7ff7be0767cded719b2b50590b58f0cc4f528 (0.00s)
    --- PASS: FuzzRlp/345b649d331a6d79ad56fccf00c2f6f81abc6170 (0.00s)
    --- PASS: FuzzRlp/3483f641e280bf005721624962dfd43614fd8f41 (0.00s)
    --- PASS: FuzzRlp/34b27d0ef92fa7b9964b0f961e67fac9cb6a671d (0.00s)
    --- PASS: FuzzRlp/34e4f4ae5d97c45d114e5de1cfbe3e1b63c3ee15 (0.00s)
    --- PASS: FuzzRlp/35413495d322a6ee5d0cca255913b8c2fbc3f327 (0.00s)
    --- PASS: FuzzRlp/36e5833fe3579875b1f6497ca0d9e2bad9eb2a4d (0.00s)
    --- PASS: FuzzRlp/37002968bc0c3fdbd32c104c03425fb5d732bed1 (0.00s)
    --- PASS: FuzzRlp/374811ebdc51a8f2c9f5ddf67b8d915fca0c9dfe (0.00s)
    --- PASS: FuzzRlp/374a015e29e9bc29162c0e583d398570d878d45a (0.00s)
    --- PASS: FuzzRlp/374eeeb8482f7d8d419251d7cad24d475ec50eb5 (0.00s)
    --- PASS: FuzzRlp/38dffc59c03aac9fd6c96dd8cdec3e284a5e8426 (0.00s)
    --- PASS: FuzzRlp/39f88c23a7d905953d42a28050c2602088aba4bc (0.00s)
    --- PASS: FuzzRlp/3a2e8540a2f0d0d683a457797a123b86538bcd9a (0.00s)
    --- PASS: FuzzRlp/3aa2c6a89ee5b1e79225e4fe1901e6293e64fac1 (0.00s)
    --- PASS: FuzzRlp/3b78e421f34f9da630fed8fbf93dcf8df06f05fb (0.00s)
    --- PASS: FuzzRlp/3b84d3430a7dd29166559b91867402a13f5dfc99 (0.00s)
    --- PASS: FuzzRlp/3c5a8d7dd5577275ee22bae84153cc3c68a136df (0.00s)
    --- PASS: FuzzRlp/3d77c6c3b2c6803861e5af2d3e86276ab1931f13 (0.00s)
    --- PASS: FuzzRlp/3d83b38a6c903a1aa43fe7339dec95b33322744f (0.00s)
    --- PASS: FuzzRlp/3e0eba80c5e3ae59afb12d89f284fe7ac1f6d392 (0.00s)
    --- PASS: FuzzRlp/3e3cefa521ab4b9cfa3ed3f6f28aa1b4a8d532cf (0.00s)
    --- PASS: FuzzRlp/3f65a2200c0b208afccf16fac28682e0b6ec1d29 (0.00s)
    --- PASS: FuzzRlp/4058f60662aa174cf6ba636277ffa745daaf977a (0.00s)
    --- PASS: FuzzRlp/4093bbf2a123149abc7b70807dceec6a5a044a22 (0.00s)
    --- PASS: FuzzRlp/419d742c72f3e3ce5b91e4de6d45337e921939d2 (0.00s)
    --- PASS: FuzzRlp/41b2f93f5345c83a53591e3c9371f114fc6f6770 (0.00s)
    --- PASS: FuzzRlp/41d3ed383a7807e4a3b0ed35cb39eceaf54f833e (0.00s)
    --- PASS: FuzzRlp/42cb1041d002e4e8cddce44c944bd2c78499fc0c (0.00s)
    --- PASS: FuzzRlp/4384a6ed6ace163ff3682286ffa0ad1c42b899a2 (0.00s)
    --- PASS: FuzzRlp/445b5bdc1ce4eb09d695b6065a6184a26ddb9018 (0.00s)
    --- PASS: FuzzRlp/4496b5aad0f6eac2425392d458a4cbf9b848aad6 (0.00s)
    --- PASS: FuzzRlp/44ebdb38fc1d4d14808ed13938a517e407a2d6a6 (0.00s)
    --- PASS: FuzzRlp/454c121d56f96823fac1419a65e507ee4b97f5da (0.00s)
    --- PASS: FuzzRlp/46821531779fc823090ccc3562e11375d6987431 (0.00s)
    --- PASS: FuzzRlp/46a4b3338f95f7802a435f73e0526b76004fd0ea (0.00s)
    --- PASS: FuzzRlp/46af608383e7a5f2bb063338eb4d9b571c09b743 (0.00s)
    --- PASS: FuzzRlp/475fbc1f203ef87bb8020af775164dcd09b068a3 (0.00s)
    --- PASS: FuzzRlp/47ad7dac98f422e12e22dd4a2028d81a40bd4899 (0.00s)
    --- PASS: FuzzRlp/47b78d390bcc21351329c1da2aca1fe4e80c13d1 (0.00s)
    --- PASS: FuzzRlp/48ac9b23bdfdbd0a06a05a23b6b90e5b8a4dee00 (0.00s)
    --- PASS: FuzzRlp/4972576000e8c9c6875d2c5ed143feb64a598ecd (0.00s)
    --- PASS: FuzzRlp/4a3b1f7609f5b6fd3425a5f273c66506bde4e582 (0.00s)
    --- PASS: FuzzRlp/4a8fd1f5e6b5aea866339311512c3ff5e53a3f77 (0.00s)
    --- PASS: FuzzRlp/4af8eb483d4636886a9a08812f1414eaae417916 (0.00s)
    --- PASS: FuzzRlp/4beb92c39efa72f1b6a207f5fb7d7eb4179c292d (0.00s)
    --- PASS: FuzzRlp/4c193d75a629281d946292020ddd0ccc35a71d16 (0.00s)
    --- PASS: FuzzRlp/4db797863fd3627d92d6250fa5c8d96417ebdc41 (0.00s)
    --- PASS: FuzzRlp/4e41c80c3b81b1bbea6a59cea3576d9f58e8fded (0.00s)
    --- PASS: FuzzRlp/4f17a2a4074399ed1c91e22260048f234bf152a0 (0.00s)
    --- PASS: FuzzRlp/4f42286906deb900bb533c29c5fa56bcaf539959 (0.00s)
    --- PASS: FuzzRlp/4fb9c7526d14ae91b5e2200c9805c37a45346780 (0.00s)
    --- PASS: FuzzRlp/500105142e1ee76152fb2fea9ce8ac80775ed5dd (0.00s)
    --- PASS: FuzzRlp/503e7adc9e4327bb77cb0f9dfb30a7a91ce4f4fe (0.00s)
    --- PASS: FuzzRlp/5060e37db010eb96f93653eb89591b87af8e0a2b (0.00s)
    --- PASS: FuzzRlp/508889f05ff2a64c5ac0faf66ffb855f0c4c3a5a (0.00s)
    --- PASS: FuzzRlp/51217ce924d69c8690bd807328dcae6218548c2e (0.00s)
    --- PASS: FuzzRlp/531478435093b878094f497a36d51545fff6883d (0.00s)
    --- PASS: FuzzRlp/536b80d06def6be89864339e069f85a556bb21b7 (0.00s)
    --- PASS: FuzzRlp/53e073a7f8c06a455d7c10fc1133931caf4874e1 (0.00s)
    --- PASS: FuzzRlp/53f624b70e0aa01414cfbf4a4ae97f7fc616af85 (0.00s)
    --- PASS: FuzzRlp/5536986e5d2e94824038fdccb3ca7c09a70d624d (0.00s)
    --- PASS: FuzzRlp/55e10b3a5fbaf01e2ffb6a0e3aec1780c265f874 (0.00s)
    --- PASS: FuzzRlp/56ea3ce091f81cb3a1ac29df73be9f90bf6c7258 (0.00s)
    --- PASS: FuzzRlp/56f73c23ad29130f6ed9a07d8a0d8f12fe5cb44e (0.00s)
    --- PASS: FuzzRlp/58b4fce8b2354d35cda17328136a3b3b0b6681a0 (0.00s)
    --- PASS: FuzzRlp/58edf8fdb0394675d7efa95d65db50c483b0fe86 (0.00s)
    --- PASS: FuzzRlp/598048a7cec42338f1ecd8c9c0f765d70f3dfcd6 (0.00s)
    --- PASS: FuzzRlp/59c0622f619b7762b0600ece371a4a66818229bc (0.00s)
    --- PASS: FuzzRlp/59d77f81484be4c5262e58824a02bcf54a335ee5 (0.00s)
    --- PASS: FuzzRlp/5a8431cdb407e38bf5c6368e7128cacf3d2f89e7 (0.00s)
    --- PASS: FuzzRlp/5b0b0dd8988755bc18a70e0564f609696e0bd02f (0.00s)
    --- PASS: FuzzRlp/5b45420b4cf3e5a2f7f4bfb144ff4ffb92478ff6 (0.00s)
    --- PASS: FuzzRlp/5b77c6c2c9c3a63e908ecd4ea0d1923b1bf57928 (0.00s)
    --- PASS: FuzzRlp/5b9a2b862b62b738b2196faae86986be9f5a1008 (0.00s)
    --- PASS: FuzzRlp/5bd0b30f7063bbe73ec9e7553c4eb1ea44429891 (0.00s)
    --- PASS: FuzzRlp/5c16605b023075f76b59965737142f1a2d8ab8b7 (0.00s)
    --- PASS: FuzzRlp/5c2897c7e3629062ddcdb4323d6f3df276c5f2a4 (0.00s)
    --- PASS: FuzzRlp/5c381aaac60a501ea81893e27ef98c026f9ac618 (0.00s)
    --- PASS: FuzzRlp/5ea04ca97d41aa6a1a6cef3a0281d0464fc9bfb3 (0.00s)
    --- PASS: FuzzRlp/5f46ae6c1ff755358958daa22e19f0855ead977d (0.00s)
    --- PASS: FuzzRlp/5f5f66743e351721f0545c3497532c42945496d3 (0.00s)
    --- PASS: FuzzRlp/604a08f7849b987f5c9ff6c27ead04ae08c490da (0.00s)
    --- PASS: FuzzRlp/6071e989df9f2728c8e36088c483746bce939875 (0.00s)
    --- PASS: FuzzRlp/60bc8e7434dc677a7ac7bc2631caaed419556b6a (0.00s)
    --- PASS: FuzzRlp/6143dcc4bd90301f3c5e482a9e3c060342340735 (0.00s)
    --- PASS: FuzzRlp/61afde9c3bf1c120365aca696283b4f091f8608a (0.00s)
    --- PASS: FuzzRlp/61c3919181898599eb4ef0a1c0264b5107ce0b70 (0.00s)
    --- PASS: FuzzRlp/64795f716d0f6a2f2e969c567735bb0981d6ab76 (0.00s)
    --- PASS: FuzzRlp/655e6843c78288e1f6819d0f6937ab75e7992f93 (0.00s)
    --- PASS: FuzzRlp/65be43bbb6f652fc7429e93d1303667c21f37296 (0.00s)
    --- PASS: FuzzRlp/6617f35227cce6ff6b9e6d5505f0a36898c7f8ee (0.00s)
    --- PASS: FuzzRlp/66a5f0b9b7054f82c5322fe8dc7593ecaee9af97 (0.00s)
    --- PASS: FuzzRlp/66af57a9ecfe0680091ef1ca4af850387aaf41b5 (0.00s)
    --- PASS: FuzzRlp/67329bc59fb46b37681fe6ff6cf0f66821077480 (0.00s)
    --- PASS: FuzzRlp/6735e1991a32ebc3d71c340d0d34c1cbb2f8a22a (0.00s)
    --- PASS: FuzzRlp/676e7cc6c1199800c939b2fb13f6c4ce3363ae80 (0.00s)
    --- PASS: FuzzRlp/6848df110bfd5f3654fe75f2b50c1de2b375babd (0.00s)
    --- PASS: FuzzRlp/68be5e287256afac46ac6f3c67b35f3f75c720a5 (0.00s)
    --- PASS: FuzzRlp/69c6f6720ecfe0850c1d532e46e0fb4b54c89e31 (0.00s)
    --- PASS: FuzzRlp/6a5ef4d22c9635303fe089c07dc1493fcde1ec1c (0.00s)
    --- PASS: FuzzRlp/6b151003c74073e553f04ec07fa4b00643fafe0c (0.00s)
    --- PASS: FuzzRlp/6b3d80715d06cd14309da05d804629a7be00f624 (0.00s)
    --- PASS: FuzzRlp/6d4bf42a1a0b11c2a810c82b9fdd083487362685 (0.00s)
    --- PASS: FuzzRlp/6db33d2369658168d0cc91a917ef4d50bd39e967 (0.00s)
    --- PASS: FuzzRlp/6e96c32b5b73e0f3d91e282bc7ad187abd0d692b (0.00s)
    --- PASS: FuzzRlp/6fbb062afb72717a62b5c8726e59b2928a257e16 (0.00s)
    --- PASS: FuzzRlp/706b8871ac8085751f9db1ccd004b2f04d75b6e9 (0.00s)
    --- PASS: FuzzRlp/707fdfd35c9a5efbda68f920916bf67a724d1118 (0.00s)
    --- PASS: FuzzRlp/711020a08fc88c5195bde5b6e4e1a9274e659dbb (0.00s)
    --- PASS: FuzzRlp/715604abbb266f70e4414e5b4e57e8a611b3bebd (0.00s)
    --- PASS: FuzzRlp/71b2e297948244333e168b1bad14c20d33c811bb (0.00s)
    --- PASS: FuzzRlp/723003479eb549463b1690da48d305ed124e8b0b (0.00s)
    --- PASS: FuzzRlp/72a4389b276e3b69d79122470ee336bec5c908a2 (0.00s)
    --- PASS: FuzzRlp/7306e8efb69ab83f8a63ef181431842094af5339 (0.00s)
    --- PASS: FuzzRlp/733d0ef2d75ceb300cc4c8e949a313bf1f8fdb0e (0.00s)
    --- PASS: FuzzRlp/735b7e97c70d1f5d7cad0e6db0a14df0adb6f90f (0.00s)
    --- PASS: FuzzRlp/7391d061f04722bdefae27eed95f4a5006086d41 (0.00s)
    --- PASS: FuzzRlp/7427097dd3283048394e5097c3334a90a1cf8a39 (0.00s)
    --- PASS: FuzzRlp/7441065bb04183281bd3a6d73a9407bd56c25aa0 (0.00s)
    --- PASS: FuzzRlp/748e7ce41bff0e3b9dfd63115d09bde6fb0bcc4b (0.00s)
    --- PASS: FuzzRlp/769244700d14b7ebafe5b5f16abdeaf3651fc47e (0.00s)
    --- PASS: FuzzRlp/770b2933a250fe02ae2d83c2a25d5837d289d83c (0.00s)
    --- PASS: FuzzRlp/773d979f9bd7985e407868b6dec392c6729e26c2 (0.00s)
    --- PASS: FuzzRlp/7861cfa2156250327b052e7da53aef85eec87eb9 (0.00s)
    --- PASS: FuzzRlp/78d3f1a1e87bbae02ff8a03fe9fc8b57e9123f8f (0.00s)
    --- PASS: FuzzRlp/79c09d7bbf502d8a79219e7b6c92c2d525921a4d (0.00s)
    --- PASS: FuzzRlp/7a7e4554684924a3c8c3f18e24ae1ad2a95dc0f2 (0.00s)
    --- PASS: FuzzRlp/7a9ab73cba9efce1534b2b620a06863b3faa7c6e (0.00s)
    --- PASS: FuzzRlp/7b261c2b97bfed95cac20557164ee79d2fccc53d (0.00s)
    --- PASS: FuzzRlp/7b65c92fd342967317c67b1a298c026779292d29 (0.00s)
    --- PASS: FuzzRlp/7bddaee4d879d6b6c735af8a5b701c4c0b76a229 (0.00s)
    --- PASS: FuzzRlp/7bece3f475a6f4b643e89f6393f0576fb6fbd843 (0.00s)
    --- PASS: FuzzRlp/7cc62dc7f49655cd06749bac93bd2a9187c29090 (0.00s)
    --- PASS: FuzzRlp/7cefcc802ace1ed7e00e8fca8679da6677dccc11 (0.00s)
    --- PASS: FuzzRlp/7d532f002830596aea518d18337bccff18b7d0a2 (0.00s)
    --- PASS: FuzzRlp/7db0b72bc9dba7a4fe8c773f355c76fcc45fcc53 (0.00s)
    --- PASS: FuzzRlp/7df2ba0e0ae6affa28abf23c53d32e62913e0c1b (0.00s)
    --- PASS: FuzzRlp/7e75079f25b7b39bc65aa7e9f391e0c419c000e9 (0.00s)
    --- PASS: FuzzRlp/7f2eb97bc9fb2352abe05a2325e07280f6b75401 (0.00s)
    --- PASS: FuzzRlp/7f50132af2ac98baa78206b95b1b3e384cb8ffdf (0.00s)
    --- PASS: FuzzRlp/808e63276e9c3b2d516271609005088f79e82041 (0.00s)
    --- PASS: FuzzRlp/810634cf96f1f65e79d42bfbe3c656997de3aae5 (0.00s)
    --- PASS: FuzzRlp/818519e828f8aea93be77fd7a378d7dfe66d4512 (0.00s)
    --- PASS: FuzzRlp/828394cf1f4675eb9cb0c3427edcb29e3d4b50ac (0.00s)
    --- PASS: FuzzRlp/82f22d58483350b333ebaff189ee07733f6305cc (0.00s)
    --- PASS: FuzzRlp/832af710807148467605d5d8c197503f4412aeaf (0.00s)
    --- PASS: FuzzRlp/83bfef54c055dd922c87a77d599857a75cc432c6 (0.00s)
    --- PASS: FuzzRlp/83d9e158a89f92c07971b1907e43de03b032216a (0.00s)
    --- PASS: FuzzRlp/857293d95dee39df84a2809c815e16a264788b22 (0.00s)
    --- PASS: FuzzRlp/868f79f12d3626f9a0f3e51345b2308a9541cd0b (0.00s)
    --- PASS: FuzzRlp/8697d7468de41570ad65176d10482dd225391028 (0.00s)
    --- PASS: FuzzRlp/86e906d9984843c135a459d5e5e467b350a57f7d (0.00s)
    --- PASS: FuzzRlp/8799c568b9393f674c2c585a394224fea489f5a3 (0.00s)
    --- PASS: FuzzRlp/87d9d833e9c1f1f7b4c6575d0a2ee37d4e5f878f (0.00s)
    --- PASS: FuzzRlp/897ea0de5d11e1986645a26c542ba7f0dc969ef8 (0.00s)
    --- PASS: FuzzRlp/8990a95368d523a8307153183511a3ae3d7b87db (0.00s)
    --- PASS: FuzzRlp/89e8b7c7d998785c6199504268399e2a86cca590 (0.00s)
    --- PASS: FuzzRlp/8a0ac1d78d82becf213501fc0f552f57f547a1d3 (0.00s)
    --- PASS: FuzzRlp/8c0138133c9ce9a4e525a745bc98d32c0e3de227 (0.00s)
    --- PASS: FuzzRlp/8c4436b64eb836b8b4e0da3265e99e93807997bd (0.00s)
    --- PASS: FuzzRlp/8c5ff1030fc8465d92afe8fc576573fc3aabddb6 (0.00s)
    --- PASS: FuzzRlp/8c9144179a504b153a1d8d8d676e9a1abc4f89a9 (0.00s)
    --- PASS: FuzzRlp/8caee59481e715222a7dfe5a7e35507ae48f726b (0.00s)
    --- PASS: FuzzRlp/8e9358262135a617d6fd9688a6fea980ad42809e (0.00s)
    --- PASS: FuzzRlp/8eb047d9425cd38fdac14bcfc53688a7d69af00f (0.00s)
    --- PASS: FuzzRlp/8eb3e0cd619abed20bc428e286eddcc798cb7a3d (0.00s)
    --- PASS: FuzzRlp/8eca7cac79961645ea886cbc2a9e0ba189f15208 (0.00s)
    --- PASS: FuzzRlp/8f490bb6cd8c60e46bef531947319dd215ad8c13 (0.00s)
    --- PASS: FuzzRlp/8fbe1af89e8646918d0b10e2b426c7ec8ad4ae0f (0.00s)
    --- PASS: FuzzRlp/8fea954cfef5b35495d95333d9cf8d774dca0f3b (0.00s)
    --- PASS: FuzzRlp/9069ca78e7450a285173431b3e52c5c25299e473 (0.00s)
    --- PASS: FuzzRlp/90f2d49d1af07e4a6995e2162e736d51d3c75ec9 (0.00s)
    --- PASS: FuzzRlp/91a2d02010c34544c9c4eb87d2d06dd535ed4cdb (0.00s)
    --- PASS: FuzzRlp/920fbbf92b2ac8c2f3ea9b3e3b7b44db4b454b56 (0.00s)
    --- PASS: FuzzRlp/92c53fef4eb76c2a06bb6bc78ea360c0fec2a956 (0.00s)
    --- PASS: FuzzRlp/92cf7191bab7ccaf17d1e144b7b9574ba9f8384e (0.00s)
    --- PASS: FuzzRlp/93287d7eb3568f1e53ffff3d1e6c783141ad8b52 (0.00s)
    --- PASS: FuzzRlp/93c1ea5b15e54e5e050fe9aa3aaac27851a02144 (0.00s)
    --- PASS: FuzzRlp/94927b19fe6e241ee1579d1a54e846b0b834f4c0 (0.00s)
    --- PASS: FuzzRlp/94a39b79f79cecd856b95bd252166540008edfcf (0.00s)
    --- PASS: FuzzRlp/94d19ab0a44aba40f74ebdf90ee19986adfbea0b (0.00s)
    --- PASS: FuzzRlp/959c9544af63f49d3c3c0843a4711a7602bf2258 (0.00s)
    --- PASS: FuzzRlp/96938a19ce2e4851d849b8e07f70a8f7a8c78059 (0.00s)
    --- PASS: FuzzRlp/96b842ec3cbde92454d710e9149665179d8c9505 (0.00s)
    --- PASS: FuzzRlp/96cae63512594924624576680a5d680aba1cc84a (0.00s)
    --- PASS: FuzzRlp/976b554bffd0f195a3e370b8f190e34921bc332b (0.00s)
    --- PASS: FuzzRlp/97b557731bc99906a345e5821fd9f1e3d376ff9a (0.00s)
    --- PASS: FuzzRlp/99682bf71bc958cb857b504af6a1f76ff81e92f6 (0.00s)
    --- PASS: FuzzRlp/99f7daba729d79986de04bb287add69c85738e72 (0.00s)
    --- PASS: FuzzRlp/9a8c59ad186973d7570380762955c48749c13f0d (0.00s)
    --- PASS: FuzzRlp/9b80d500bcc904e4637e8be1a75fc9a6b432ac9b (0.00s)
    --- PASS: FuzzRlp/9c6b12be1917123d0f82657ef6302ac4d400bd8b (0.00s)
    --- PASS: FuzzRlp/9e982a41a931f079346f5de2c0ec44a538ec4ab8 (0.00s)
    --- PASS: FuzzRlp/9fa1b3429b45de51cfe1e6640a343ec4e132d409 (0.00s)
    --- PASS: FuzzRlp/a022fd9f68719ce0812b94288ef33cbdf6716e7e (0.00s)
    --- PASS: FuzzRlp/a18f1dfe8396f67ccb69010b4c2cea506e79c1f4 (0.00s)
    --- PASS: FuzzRlp/a1f288d2c740bac637a207993cd6fcabdcadb18d (0.00s)
    --- PASS: FuzzRlp/a22cb78eb3e73f906a058f9c26b657978ef2177d (0.00s)
    --- PASS: FuzzRlp/a3337bd41f861f7d18e22447399cfa373cc474a8 (0.00s)
    --- PASS: FuzzRlp/a3501f7b4107618276ad85e4d76bd4dbade05e1c (0.00s)
    --- PASS: FuzzRlp/a3c66323b0c9d3e134968394ebc3c8e2d66e547c (0.00s)
    --- PASS: FuzzRlp/a40d76989adf7df3cc630ed3bffea65e2ffb56fa (0.00s)
    --- PASS: FuzzRlp/a50e70f61034213d760f0b207e3942472b817960 (0.00s)
    --- PASS: FuzzRlp/a595a57a82743d28a00eca6abbd6326e726c8956 (0.00s)
    --- PASS: FuzzRlp/a5b1bbcd911d09573bdaf7421f4cd4b991fb1da9 (0.00s)
    --- PASS: FuzzRlp/a6317766eeadcf0eb7e3161caba55a87978383d8 (0.00s)
    --- PASS: FuzzRlp/a638f1d616aa2e571768c6d9316d681b5518a674 (0.00s)
    --- PASS: FuzzRlp/a68afeb6e440dcc892e699a6f56dbc94a454ddc2 (0.00s)
    --- PASS: FuzzRlp/a6f9917586f3befb1c796401c814130d8f00bc96 (0.00s)
    --- PASS: FuzzRlp/a74b0288333cf4cb67c1fb2bedf5dba8d215d30d (0.00s)
    --- PASS: FuzzRlp/a957bdccc651e46002c3df81334c374bf2aefcc7 (0.00s)
    --- PASS: FuzzRlp/a95a709c7a9c6386bd4212e9e8c87a13128934af (0.00s)
    --- PASS: FuzzRlp/a960f597e46c5b2fc213b3daa24702bcb15d6a78 (0.00s)
    --- PASS: FuzzRlp/a979ef10cc6f6a36df6b8a323307ee3bb2e2db9c (0.00s)
    --- PASS: FuzzRlp/a9891215390aac1519d19bc75243d0bd76d01e68 (0.00s)
    --- PASS: FuzzRlp/aa661334452e7c1623081f31dd9f73651486d302 (0.00s)
    --- PASS: FuzzRlp/aa7ee7a94d58eb52eab10f971d9f5e795a26dcab (0.00s)
    --- PASS: FuzzRlp/aaa5347587b76762a0444ede22cb36b656345885 (0.00s)
    --- PASS: FuzzRlp/aaeb3dca6bec300b598b978662e15706af9d6ba3 (0.00s)
    --- PASS: FuzzRlp/ab5d1eb033143895a1338e39301ee1e568b4c692 (0.00s)
    --- PASS: FuzzRlp/ab866a31718237d037348bccf32e88d1c0a1e532 (0.00s)
    --- PASS: FuzzRlp/abda3941c72e7cc50040a2b0e5c7fad90a5587da (0.00s)
    --- PASS: FuzzRlp/acc768bec7cb7fb45d1784fd7fdfaca71e186377 (0.00s)
    --- PASS: FuzzRlp/acf3a0c1876b9b86009ed3103cb4853ee578a802 (0.00s)
    --- PASS: FuzzRlp/ad4218fb8a9a7d9491f1979aa917b34c9239fc4d (0.00s)
    --- PASS: FuzzRlp/ad5b71d76cf72f8a2ec28bd8bd3514dad91a9062 (0.00s)
    --- PASS: FuzzRlp/adee9ad413222a0225576126fd281fb555f6cdef (0.00s)
    --- PASS: FuzzRlp/ae1c63c882750c5bd421b12a0f9f25f8069ad947 (0.00s)
    --- PASS: FuzzRlp/ae460347089512172e216cd5ffb0fdaed8cda1bb (0.00s)
    --- PASS: FuzzRlp/ae637bc5c14fb33e0e5c02e9a83ca8d30aa493fd (0.00s)
    --- PASS: FuzzRlp/aead1e22ec6215a5e77ae3b15c231b3f9b95df71 (0.00s)
    --- PASS: FuzzRlp/af737031ff254f418c5d51dfd9bea2a9bb12ec45 (0.00s)
    --- PASS: FuzzRlp/b0357113401fafd520edf3771e71fe001733dc46 (0.00s)
    --- PASS: FuzzRlp/b0df925252b96c1e5789b3095b99e6f804a70a3f (0.00s)
    --- PASS: FuzzRlp/b1e7931c9cdb2fbb885894bfbbbaab16844097f7 (0.00s)
    --- PASS: FuzzRlp/b216f41bf0d1a78c1a64a8a1bbc723faf4ac58cf (0.00s)
    --- PASS: FuzzRlp/b2a081f3f42b387010fc8f02677bcd364996785a (0.00s)
    --- PASS: FuzzRlp/b33d09902d3eeb014ba99b3ca5256934834aecaf (0.00s)
    --- PASS: FuzzRlp/b39c620ea6ac44bc40578a7122f978305a0a7b30 (0.00s)
    --- PASS: FuzzRlp/b4ed26ade864696d727e0466aa116bc9eb9beb0e (0.00s)
    --- PASS: FuzzRlp/b62977a91b0d5a6d6265c90b673c6bff39caf64d (0.00s)
    --- PASS: FuzzRlp/b68ff936399a3c599ad5fe550afb3876618ea0b7 (0.00s)
    --- PASS: FuzzRlp/b70e8bf7bc114aa01bab75f090a0ad2b8afc6cb4 (0.00s)
    --- PASS: FuzzRlp/b72ffa093e29d999dcc278c292779857e84b1b81 (0.00s)
    --- PASS: FuzzRlp/b73d61d9df2557bd7379786a2295668e977015d0 (0.00s)
    --- PASS: FuzzRlp/b7a955d961a2e5398c29bafb4852647d49ad63c3 (0.00s)
    --- PASS: FuzzRlp/b885a3fb20ae6f1c16e31eef1cda86f6a5caff0b (0.00s)
    --- PASS: FuzzRlp/b8b315fef6ad517feca148f3d66de0fa3f5e0c14 (0.00s)
    --- PASS: FuzzRlp/ba0ab737f27c7384f717da9611da8e6f9e7f439a (0.00s)
    --- PASS: FuzzRlp/ba0ae52b834d5fa049df842ff21565564091d5d7 (0.00s)
    --- PASS: FuzzRlp/ba379c6ae4cfbd580969eff29b81e1eee3a6529a (0.00s)
    --- PASS: FuzzRlp/baa4aa7f13f7aaa3103971deed6cf1092de2f38b (0.00s)
    --- PASS: FuzzRlp/bad1af9da515c38352b2aad93b8e1dc95fe3ce94 (0.00s)
    --- PASS: FuzzRlp/bcf5b7ebbf3019db6f2f48c7d5e9c355d49bf389 (0.00s)
    --- PASS: FuzzRlp/bd0515204f1aff8a53b621be0df6d3db9c7aaf65 (0.00s)
    --- PASS: FuzzRlp/bd1caccf67e3b16f155bc731ce81eb404401aa77 (0.00s)
    --- PASS: FuzzRlp/bdf5a83d0db8eaea34f9196cd44165db0866a9ae (0.00s)
    --- PASS: FuzzRlp/bea8fd15c616ba9e9cc29ccd91d113e937ddd456 (0.00s)
    --- PASS: FuzzRlp/bec075897b27865db88bb3220e16e89d46914959 (0.00s)
    --- PASS: FuzzRlp/bedf7b96ffabcde84af2bfbffd3b66fd4e442d15 (0.00s)
    --- PASS: FuzzRlp/beffe2b15eb9e2d1e72dd28c8c6ca1be990b3b2c (0.00s)
    --- PASS: FuzzRlp/bf57f90a187036f65b8b5280ff57eedf918c20ad (0.00s)
    --- PASS: FuzzRlp/bfd52b9dd9f0dac830765374a2c80cac9b814bc6 (0.00s)
    --- PASS: FuzzRlp/bffe826c1b5fed867ae7a943c8f8caba04a67e06 (0.00s)
    --- PASS: FuzzRlp/c0195507494dc16035c255de7b9a550b02bb900c (0.00s)
    --- PASS: FuzzRlp/c1ceafebb1f520bb4b874bd84e08831c7feafb5d (0.00s)
    --- PASS: FuzzRlp/c1f6b076d2fd539630f76b20e2949e19ad4e380f (0.00s)
    --- PASS: FuzzRlp/c24de8c85c5fe6e0291612c814521ae7262f30fe (0.00s)
    --- PASS: FuzzRlp/c26450fc9afa388ba3eedc9c5a0d5889697fa3f8 (0.00s)
    --- PASS: FuzzRlp/c2e72a42850c52bf4304116289c795a539c7b8ad (0.00s)
    --- PASS: FuzzRlp/c2e87992dd8e7b4968a4627890f397174b13b881 (0.00s)
    --- PASS: FuzzRlp/c4136ffc0afb12c6da9305a4245009916e36ccd5 (0.00s)
    --- PASS: FuzzRlp/c4145e58551b75288d6b2c75c623d2d31e99fa24 (0.00s)
    --- PASS: FuzzRlp/c453b690b3fcf363e5d063be9d33763654b2428d (0.00s)
    --- PASS: FuzzRlp/c63ac18520fedcfd56514d9d1425973c3d3dd076 (0.00s)
    --- PASS: FuzzRlp/c67b09f1a309521fc95f41354976b21513962722 (0.00s)
    --- PASS: FuzzRlp/c73bd46c997197b9609bd51f581d0e318d8d48cd (0.00s)
    --- PASS: FuzzRlp/c7de27e379d90b1f0f8784be7191d45c11a9d470 (0.00s)
    --- PASS: FuzzRlp/c81eaa2e303ecc8844adc449d326b958196a3712 (0.00s)
    --- PASS: FuzzRlp/c891b32904c43365d3fa07c6dff304611112e2c4 (0.00s)
    --- PASS: FuzzRlp/ca99bfc7a241a8e75d0c67cd745b3736377b10d2 (0.00s)
    --- PASS: FuzzRlp/cb5aae4c68c7f305aeafb3228c5705c9bd3847d8 (0.00s)
    --- PASS: FuzzRlp/cb640cbbfee0562a28792ec1c5ea6f3eacb7e538 (0.00s)
    --- PASS: FuzzRlp/cbf315e4f6bf2536fbe8f0c417a5ac610e167b1f (0.00s)
    --- PASS: FuzzRlp/cbf6c0800cc9a02c18f72911350f2b02fbb289cb (0.00s)
    --- PASS: FuzzRlp/cc9c7578d75546e53f3e487b036400ac06836c4a (0.00s)
    --- PASS: FuzzRlp/ccd1e11594c0de34684b3582381ae3dbba414b2e (0.00s)
    --- PASS: FuzzRlp/cd8e63e66e84a10cd0dc54abd31ad1076d89cfd0 (0.00s)
    --- PASS: FuzzRlp/cdb40d1e84f869222aded32352acbf4739d0e171 (0.00s)
    --- PASS: FuzzRlp/ce27c86e1b76b687874ddaa413997af6dd0ef939 (0.00s)
    --- PASS: FuzzRlp/ce2b80f3ef5bfa16c7e6d7fba152e92e7baf7a56 (0.00s)
    --- PASS: FuzzRlp/ce85b9b3e486976b028a05160d032b4e13b20899 (0.00s)
    --- PASS: FuzzRlp/cea75b7cfefb36241ba5bf475903d43290911909 (0.00s)
    --- PASS: FuzzRlp/cf0fa2353d8cff6fdf49f4ce5c99658bf4abc99d (0.00s)
    --- PASS: FuzzRlp/cf1141e85813211eaafe6dc87c73562c2497d045 (0.00s)
    --- PASS: FuzzRlp/cf24d4c8ead953055c6ba6393b50fa7ef9a6b85e (0.00s)
    --- PASS: FuzzRlp/d0f64fe21ab47faafc6800083f9684bc207a221f (0.00s)
    --- PASS: FuzzRlp/d32f50baa80fd020bd8ad4aaef94d8f509b4c459 (0.00s)
    --- PASS: FuzzRlp/d392ffdc694aa554d10c8d1d4a99caf217dc0a41 (0.00s)
    --- PASS: FuzzRlp/d3ac8f064b5534e3d787a70588902bb126e21c28 (0.00s)
    --- PASS: FuzzRlp/d3b9c30d48cd7545c9c977cbb235cb2373e7b935 (0.00s)
    --- PASS: FuzzRlp/d428e02fc683d21bf62b275f9725946d2c0759e9 (0.00s)
    --- PASS: FuzzRlp/d46a768b57ecb66a90cf2e752ff5fa39f08fb007 (0.00s)
    --- PASS: FuzzRlp/d4d867b71923cb571219585ba0874d53de5a7223 (0.00s)
    --- PASS: FuzzRlp/d5309883becc2cfac62cb04448b79ca091485e53 (0.00s)
    --- PASS: FuzzRlp/d55927c4c54e0717efdf3b98d0b4f43c9e646dc8 (0.00s)
    --- PASS: FuzzRlp/d6287bbee8ae640c4ada18bce9cfb6385ba6ac33 (0.00s)
    --- PASS: FuzzRlp/d76c8d1e59b396df5421ca645454234e59cae30f (0.00s)
    --- PASS: FuzzRlp/d7f9a886fe0a63f3ee04e077cda0d0a2d4d3d667 (0.00s)
    --- PASS: FuzzRlp/da4f2ad4fa7cf5b6da923ca32b25a073ee824444 (0.00s)
    --- PASS: FuzzRlp/da657d66b425c4823a8f2492ebb43a71131d81dd (0.00s)
    --- PASS: FuzzRlp/da66180699cf86a08be25d9bf73d22d048382d17 (0.00s)
    --- PASS: FuzzRlp/dba0fcbb8757bd8c60a03407b0fe8fdae0fca36c (0.00s)
    --- PASS: FuzzRlp/dc530b2c3acb17525da94f7a71119d996098205b (0.00s)
    --- PASS: FuzzRlp/dceceda36eaae7e12a12a880dc00eca5a413b3b6 (0.00s)
    --- PASS: FuzzRlp/dcfb0bbb1add3b37947bc9aee3234d056089d0a5 (0.00s)
    --- PASS: FuzzRlp/dd15d3444fd9aaaf19865a18f969d40ece03ea57 (0.00s)
    --- PASS: FuzzRlp/de2e65bcf5cc7166b402b79e11e92c73e511f40e (0.00s)
    --- PASS: FuzzRlp/de32503ba4098e64e51d0e0bfbc083cb25e76b26 (0.00s)
    --- PASS: FuzzRlp/de4e0593ef19a5f3a2bd3679c0ef5789ae367ce5 (0.00s)
    --- PASS: FuzzRlp/de83da27a282aba06faa4ed3f0814543659a22b7 (0.00s)
    --- PASS: FuzzRlp/dec8de4c75be044449b5f5c8f9126006cff71010 (0.00s)
    --- PASS: FuzzRlp/dede8162bc5d915f6ee4960615808f6f925a2c47 (0.00s)
    --- PASS: FuzzRlp/df645cb6e2bc51cbe2a664330b24e1c81e816447 (0.00s)
    --- PASS: FuzzRlp/df79fc7c04f7b77d7e3cf8d195cf0c26ec41782c (0.00s)
    --- PASS: FuzzRlp/dfcfb5e65319d8e1fcf73881b64a8e0b290294a1 (0.00s)
    --- PASS: FuzzRlp/e0614de06137d21f781295b4511b1ee5c22b058b (0.00s)
    --- PASS: FuzzRlp/e154a2127eb5e892d745898bd694ebee5f352b76 (0.00s)
    --- PASS: FuzzRlp/e1d50171a5fab969c8278807d22d400f17b8d27f (0.00s)
    --- PASS: FuzzRlp/e1ef7d9dbe6a21bfabd542c22888fba04efd33e5 (0.00s)
    --- PASS: FuzzRlp/e2797d529803a14af281c293b2df14dc29c17cef (0.00s)
    --- PASS: FuzzRlp/e2ed91134b69010b081a5733f979322cff5edb7f (0.00s)
    --- PASS: FuzzRlp/e371074f9baeabd287646a49cfc19b5e72f9a09c (0.00s)
    --- PASS: FuzzRlp/e39172fdf15188860eac02ba53644656ec3bb234 (0.00s)
    --- PASS: FuzzRlp/e3c69d856ab81dc2ea6a81346346e0b458a3c2b5 (0.00s)
    --- PASS: FuzzRlp/e4298c4e32762f7f00e83006a4df3d7700ffd0bc (0.00s)
    --- PASS: FuzzRlp/e5d6a3b21bcc2ea01eace6daea1d8701523248aa (0.00s)
    --- PASS: FuzzRlp/e63aea78eab006c903062cca13b4ae5f15687a25 (0.00s)
    --- PASS: FuzzRlp/e6651ee35d9be98be280c51ddcd2b3d586cd7fef (0.00s)
    --- PASS: FuzzRlp/e75c022b02ed05d43a68a2ea4d109f5d7c143ef5 (0.00s)
    --- PASS: FuzzRlp/e8a9c3bc491e41493690f784603912f5193ac8bb (0.00s)
    --- PASS: FuzzRlp/e949543b38480237719e888be9cb3e9dfb98d2d1 (0.00s)
    --- PASS: FuzzRlp/e9745129d95c846d33e66148b8b67decb753bfac (0.00s)
    --- PASS: FuzzRlp/eab833ef2ebfef99f03e7fcfb443c7cc575e99e5 (0.00s)
    --- PASS: FuzzRlp/eb016dff0f704306f489c47c81a5dfdb1f1e6015 (0.00s)
    --- PASS: FuzzRlp/ec75806f34a9e2e57963b9154a8d38edeb2ec495 (0.00s)
    --- PASS: FuzzRlp/ed534d6c8c98c909e63968fe6ad757ded414aaba (0.00s)
    --- PASS: FuzzRlp/ed8820188215ca5fb9863cdfca442d85ea2ce992 (0.00s)
    --- PASS: FuzzRlp/efe223e5c1ef0889701b3497c6225d98ba52c451 (0.00s)
    --- PASS: FuzzRlp/f021f7caeef27bb070afce7a2ea7a456fb3bd336 (0.00s)
    --- PASS: FuzzRlp/f0469d61931c8c98919b414fe734df36bb172f30 (0.00s)
    --- PASS: FuzzRlp/f0b4d0e0649a23c7742ca4743dcddbb7307adb5b (0.00s)
    --- PASS: FuzzRlp/f263a968a50dc1e1f082c7b11aa3ad63c8f0cdba (0.00s)
    --- PASS: FuzzRlp/f2641776a1e4cc8a8850b6bff2ed7328750dd474 (0.00s)
    --- PASS: FuzzRlp/f29c4bab4ed67c2071ccc593f1db912a5d3eb6ce (0.00s)
    --- PASS: FuzzRlp/f49db5593e2ff5ce21b0b3fc002d970a6eba43e6 (0.00s)
    --- PASS: FuzzRlp/f4a0368041694d3ed65b2599d130e0480e889d37 (0.00s)
    --- PASS: FuzzRlp/f4a23a44e5bed2548855b16eb8136af484e6d787 (0.00s)
    --- PASS: FuzzRlp/f4ab10827e58fff714b6906f582a383ce75d7302 (0.00s)
    --- PASS: FuzzRlp/f54be06545f6cf7b9783e03f8d2a4b796f201a1e (0.00s)
    --- PASS: FuzzRlp/f5faf423a8831b078139ca9247765879f1e2574c (0.00s)
    --- PASS: FuzzRlp/f7a5282af71516d4be0f81ab966ddb15a8edcf2b (0.00s)
    --- PASS: FuzzRlp/f7f5aa0b9fd2feb21235433ca914ab664a3cad91 (0.00s)
    --- PASS: FuzzRlp/f873854ab623feb162051bd68bc26b09c5beca12 (0.00s)
    --- PASS: FuzzRlp/f9d24221cbe6669418c3bee6d014376ad5a8a743 (0.00s)
    --- PASS: FuzzRlp/f9e7348112a7be93cbaa5fce102ff9d9ddb83c99 (0.00s)
    --- PASS: FuzzRlp/faf532f5774e73b4558c024c60f7713bae898459 (0.00s)
    --- PASS: FuzzRlp/fb2228907e4c69ae21ea44fa306fac6fefb9eff0 (0.00s)
    --- PASS: FuzzRlp/fd6ceaaee96899fdf5960205ffa1397e5fc01ee4 (0.00s)
    --- PASS: FuzzRlp/fdfde65fc8558a244f7911f31f49d01ec904abc0 (0.00s)
    --- PASS: FuzzRlp/fe0f9af201f57ed74c8fa916bed89f4d2fe77ab1 (0.00s)
    --- PASS: FuzzRlp/ff02ac20ddb82e9eb27933822ecedfb1d02c129f (0.00s)
    --- PASS: FuzzRlp/ff3562514a5e73a2304d790e9dff9c35c30b1ebb (0.00s)
PASS
coverage: 93.6% of statements
ok  	github.com/morph-l2/go-ethereum/tests/fuzzers/rlp	0.047s	coverage: 93.6% of statements
