=== RUN   FuzzTrie
=== RUN   FuzzTrie/0081436b4bc79dbded2261c99adf03618ebdc864
=== RUN   FuzzTrie/024a9c8fed25a375efe2c8a6a17e6936879981d7
=== RUN   FuzzTrie/0286382d8d690c4c3fd2aebc6284aaafab63d5ef
=== RUN   FuzzTrie/03c8c07169c184ef741c3705875a45183e357e78
=== RUN   FuzzTrie/03df94439cae26724dfa2651b68ce2960a6de803
=== RUN   FuzzTrie/041b5f995851dbbf4eeb2280e703ad7937518c04
=== RUN   FuzzTrie/0546af3ae949119224d8c34c8617aa5a2c5e2d9c
=== RUN   FuzzTrie/067a8008ae0244d4139d6214cad4b4e577aa832d
=== RUN   FuzzTrie/06b99b5176f89014bbd3ad10ee8258725ceaad89
=== RUN   FuzzTrie/06c36eca3aaffbdc27732b60929a067bdb652d9f
=== RUN   FuzzTrie/06eba6571f88cbe03f742a01dc908bbbdc40ca3e
=== RUN   FuzzTrie/0835b1cc343661c4034af838a623b1950a5df2ae
=== RUN   FuzzTrie/09006c068ec1fc39fb9be3e162a4e1e6ce93f182
=== RUN   FuzzTrie/09828806ac7a45fc5c6c4db4d05a8db8701061d6
=== RUN   FuzzTrie/09884273c53a8ba711ce68163469ecd3f51090e5
=== RUN   FuzzTrie/09ad3ca064f30fead890d6cba0dac232cd3f40e3
=== RUN   FuzzTrie/0a1eb97054ffdb13d15adbb0b19e19b84b892c28
=== RUN   FuzzTrie/0b38dbeb3f99a75204ad2a07bf5d66dd967f3f7b
=== RUN   FuzzTrie/0b3e3975d314da557803d2680aef7d02ea142cd7
=== RUN   FuzzTrie/0b817ef9b6148f6e5a9deccc39656bd61356e249
=== RUN   FuzzTrie/0b966b98c71501a98f14489e81377b34614a77bb
=== RUN   FuzzTrie/0c7d27da0a69a667821f553b61e120d8a7a57c2d
=== RUN   FuzzTrie/0cc415fd98dcf5f94864e420a53e26f2914d742b
=== RUN   FuzzTrie/0df05da5cd1c9c7d54e2b31155178abf0043ea1d
=== RUN   FuzzTrie/0e09affa677f78c6cbd5b0ab1ce02d1c7f38d707
=== RUN   FuzzTrie/0ec6e1234f6cd4504862a36ed1b414a6a8ee9ad0
=== RUN   FuzzTrie/0f81098a8ade7d053a03674cd3f5660e64e75656
=== RUN   FuzzTrie/104fc6c809919e12f519c0f043c3e9bcb78785d1
=== RUN   FuzzTrie/11328e139483276d5976d2855fdfdac8c90b56a8
=== RUN   FuzzTrie/1257ccee93ee564ee1d71acde2832ee2ce7d45aa
=== RUN   FuzzTrie/15cabf638a682fb6caa94d302087f990701143da
=== RUN   FuzzTrie/169f33dcba7210317d0d38b33e0b88070452680b
=== RUN   FuzzTrie/16bc15e39b40e8bd7b20001125a777059842e9ca
=== RUN   FuzzTrie/176c3d797597fcb573da9cd9629230b99d571492
=== RUN   FuzzTrie/18ca9af6a920c6499de6224d900783ae60f657bd
=== RUN   FuzzTrie/19af1350cddeec9eb4fcceebd984a308c8e6cafe
=== RUN   FuzzTrie/1a0be337f57fd48d2fa8491b56978f2dfe326392
=== RUN   FuzzTrie/1ab537790ba6b80d8b685613dbf16cfe1e034d56
=== RUN   FuzzTrie/1b39a5c0a48541e16840fcc24e11aa7b2cd6b49f
=== RUN   FuzzTrie/1bf4111b9e4f35073eeb7eda5d8233df7caa0323
=== RUN   FuzzTrie/1c15c48c873e39310400925dcf0c8bc96accf565
=== RUN   FuzzTrie/1d68e68081f86b5f016619e69de0dc72d7457c5c
=== RUN   FuzzTrie/1d9dddfad053ec422225cab1231b68890c033d5c
=== RUN   FuzzTrie/1ea279afb8fec78104e7bf44651d22f86578b7c5
=== RUN   FuzzTrie/1f44c210eb9238e82b7c021a158cd0f58a6faaed
=== RUN   FuzzTrie/1f7f82e4a2c356c5835afe65c449d7a680682852
=== RUN   FuzzTrie/1fb096ece3bf59d83157a17ed1211ab2817552ab
=== RUN   FuzzTrie/1ff9519663a58b33d921e554364867f2fe6e9549
=== RUN   FuzzTrie/1ffcd988ca23b7a03787b83d0cb87bf0303433e6
=== RUN   FuzzTrie/2001093df4ede0fe900f21f7684af15f735f2385
=== RUN   FuzzTrie/21640820c6fe87f9f390324563dcc9333d84a99c
=== RUN   FuzzTrie/21bc68747685c6b3d3fa7d15c2f11bbeb5e702df
=== RUN   FuzzTrie/22dfe7f7bbc380d783ae5d76d23c5c21980f0163
=== RUN   FuzzTrie/23013e0b24a2a31eb17b814e778f6b54167bc4f3
=== RUN   FuzzTrie/2303a70d076fcaf173bdbb4469f070fd2fe94eb6
=== RUN   FuzzTrie/23d6287e6c19190dbc3bf692585ccb1925ee7ed6
=== RUN   FuzzTrie/23f5b279451f1a8c5e537b998a82103f4021cfa3
=== RUN   FuzzTrie/2524fff295ff7019d15d7abf63a053584ab56467
=== RUN   FuzzTrie/253b072b0ba73cdb27aecd39916bda8fc33baefc
=== RUN   FuzzTrie/256a71cedc46a6daabfd1c37c1b0967f7197ec70
=== RUN   FuzzTrie/25a85bd1bb0bcba69e51a08ba5fa2a1dd1b36e70
=== RUN   FuzzTrie/25d9531c49166f00c4d7bccbf3f1b9bd2d258e3a
=== RUN   FuzzTrie/26c763c90cd3f161c655bb0450a0623dc4030dea
=== RUN   FuzzTrie/276fccb6559784a0712e32fa80ff5c8258a50209
=== RUN   FuzzTrie/279efdac933cf34bcbab03605c55136f30b2f749
=== RUN   FuzzTrie/27b293c3dbec2c8c1e03e6333a5661a87a7898fd
=== RUN   FuzzTrie/27ed7a11d3515cdd938f8bf16bd427c759921dd4
=== RUN   FuzzTrie/27f1f04f8f47f1c0c6e20e85c89f74253715f02c
=== RUN   FuzzTrie/28005ce6ffd4c03345c0fd6401f7e8d14288e6cb
=== RUN   FuzzTrie/289c0a7a55809f7873182dc6258a733b12a0c78f
=== RUN   FuzzTrie/28f0a64f7b6f75fb03703835685e210bbaec9bd4
=== RUN   FuzzTrie/29319dd574a3b48b0d0c722d2eddfdd5fc9eaee4
=== RUN   FuzzTrie/29b5d0fa17346a53565de2c85f93d87d145f33c4
=== RUN   FuzzTrie/29ca0bd4563d0f6d7bb4f4b4862934c076b2aae3
=== RUN   FuzzTrie/2a4ec563ce8be781d073e90f3b0045c51d084671
=== RUN   FuzzTrie/2a59d0be5feb554915ccd69dfffa04f9198d517b
=== RUN   FuzzTrie/2a81c370cee81b133af6e9ca30c974da596f9b98
=== RUN   FuzzTrie/2ba0c07fb5ee695f1aaf8ac78a73238f184cb395
=== RUN   FuzzTrie/2ca02f5efba814045831db22be6725eda8b3f6a0
=== RUN   FuzzTrie/2ccb8e2ab82d5806d87c4d3b9e185ab2984e6874
=== RUN   FuzzTrie/2e0cbf443936ba857aaeb8a1022e47d7f0d0b6a1
=== RUN   FuzzTrie/2e8251372a29182a0a1e41f11f084aac413a95bd
=== RUN   FuzzTrie/2fc83de366a0d575a6a31c5badc87c28d05ceada
=== RUN   FuzzTrie/312c9c1bbdd572c5920fbc66cfea6d3bf463bb56
=== RUN   FuzzTrie/328bc67e401893135ae7fcf76541ce1ae495ca30
=== RUN   FuzzTrie/336c34bd3b6a99b40a5009e2404a32869674d2a1
=== RUN   FuzzTrie/33c23cd8fc698eb6e6e60db528456c7061d6a1f2
=== RUN   FuzzTrie/34d6c48f3c701d007c612a3298cc49749aa901a9
=== RUN   FuzzTrie/34e71b49d9ce67d17011416d10b11b9c5d5ad964
=== RUN   FuzzTrie/34ef096603b27e7552511046e87962a167f95178
=== RUN   FuzzTrie/350eba6cb293421719133f9472a5bb700fafafd9
=== RUN   FuzzTrie/35a37d5d02c8755593305d15ca83102d63fa6fb7
=== RUN   FuzzTrie/35b1e467aa835aceaf6569324b25bd96ca8ff9ee
=== RUN   FuzzTrie/35dd5862e574b7f171409175c441802e1fe5bfe4
=== RUN   FuzzTrie/3853dc63bb6a411b1fccccb3efec71b845a06218
=== RUN   FuzzTrie/389fc7eaabc77f0ab600b8f9166701ed5109e588
=== RUN   FuzzTrie/390d203bfd9db2bef7c0cb96a4396b5dcae76c71
=== RUN   FuzzTrie/392b72a2abc6424ce144df1532c4fcbd18f4acc1
=== RUN   FuzzTrie/3946663e330e15ce14acb55a62100ea16d571f07
=== RUN   FuzzTrie/39a3225c151371954a91a6759ce050a56c3b351a
=== RUN   FuzzTrie/3a0cc05cc09cd5fa69db1ae3c47595b1096696ef
=== RUN   FuzzTrie/3b850f99a7f10809471910e8104991068c51564a
=== RUN   FuzzTrie/3cb8f68d2f9b828c374bec8dc7366c25b4f09b3d
=== RUN   FuzzTrie/3cbae3747941b851805b51fbf7a4bfe05315587a
=== RUN   FuzzTrie/3e756c6d070d43cb6307a709ee7c3ec8b699ba1f
=== RUN   FuzzTrie/3e920e631823ddb0835ecc6bc31cc13a86ca7a7b
=== RUN   FuzzTrie/3fd8142b21af6a867579da3c22ce00704fe6cf69
=== RUN   FuzzTrie/4018b844e05bb2eba7fa499014ebb6dcf1ff7667
=== RUN   FuzzTrie/4150ffc4cec7cf5144d91a908b1ea9d383c8e721
=== RUN   FuzzTrie/41e16925409b7fc2be0fb7ac0517e6387ef88ea1
=== RUN   FuzzTrie/42c142954917f12555bea5647f202db20b269009
=== RUN   FuzzTrie/4315e7a79c87d53c00e31de7bfcc5819e7be29e1
=== RUN   FuzzTrie/43bc5881fd44af1517c68981e5600fa255fecc03
=== RUN   FuzzTrie/44e7d80daaabaa10740b3d43908fcde073f55f06
=== RUN   FuzzTrie/44f05c297cd25e96924782a7733896a8ec4c1e8f
=== RUN   FuzzTrie/454773afddf11a03acfd2dc88dabe69ace8c31c2
=== RUN   FuzzTrie/4577ec829ca761a58da376475d57e59126ae1fa1
=== RUN   FuzzTrie/45a1d7cdc4dded195d4687ccab85b4c456283180
=== RUN   FuzzTrie/45ce02bd6c8097a0d11803cbc6e195eb2a2f4ef9
=== RUN   FuzzTrie/45f31e2c7444cd6c005c35046ae5e1f729778bec
=== RUN   FuzzTrie/464a834e187fe744dc0522f682be0e2efd28dd6e
=== RUN   FuzzTrie/46a066d47cc1fdb715c26eaf0f0146bdb77e6ca6
=== RUN   FuzzTrie/4707033b1557ad8479637a04980888ba8e64a9fa
=== RUN   FuzzTrie/493e9ce845765c9641fd907f23bb4d9380050018
=== RUN   FuzzTrie/4972c89ce05bc1c4ba6534a89a935ba00f40f3b8
=== RUN   FuzzTrie/4aed9aaaa282396c14f961994c5c7cdff1aee841
=== RUN   FuzzTrie/4b18b926ea17c4b9feacd80753999526eb136853
=== RUN   FuzzTrie/4bf44a0efa43acb7db4a7151765ab5f02b827ed4
=== RUN   FuzzTrie/4c562de259528ede73f1218f5cfa43c41b656e9b
=== RUN   FuzzTrie/4cae0aedac75a509b193e8056ace14dc1789fae8
=== RUN   FuzzTrie/4cf75571871eb20ed725842cb55d09b9099eb91f
=== RUN   FuzzTrie/4d0b5ec2cd2c0c4e083d3b4af6a96fd24fbce95d
=== RUN   FuzzTrie/4d36448826f9b81607079a29d32d349e8b13477d
=== RUN   FuzzTrie/4e74f98ee97758589ed52b0cb9319401450c744d
=== RUN   FuzzTrie/4edae88664d484016478b3e0f3d7a6780f9e4b83
=== RUN   FuzzTrie/504f17f9bb151751bb8dd82e5a8156dc1745defb
=== RUN   FuzzTrie/5079b181d936a872bc1dad38885f06fec2d1cb4f
=== RUN   FuzzTrie/51cea1589d6b27363f6a33e5ba770729083e78c9
=== RUN   FuzzTrie/5372ccfcaa89999fb7a535eeb7594a795b54a751
=== RUN   FuzzTrie/540d40a5639acdc0ea85767310fd6b9f499a84c3
=== RUN   FuzzTrie/5486827c5f7cf022a65d158e25181ba6281ed451
=== RUN   FuzzTrie/54b8bb565ae5450d249eba02e4468014fc4122a6
=== RUN   FuzzTrie/5587135716ac44f4e3119812558901313b7c45ac
=== RUN   FuzzTrie/559894dc0b39a8ea2d7c880c1c2f00a279d472f8
=== RUN   FuzzTrie/560449c278d6a04185ec3b5a6e4cd049b0f2fd4d
=== RUN   FuzzTrie/56766cdb456661b2d87a3c7a8034fb8f3c617319
=== RUN   FuzzTrie/5770ff155a2f0071af343052d2d13a0d9cbdefe0
=== RUN   FuzzTrie/5869baca724210447e6d0b73ed8867802024da07
=== RUN   FuzzTrie/58aa019cddef2e33f404490bb92e8795c6f378bb
=== RUN   FuzzTrie/58bf236adaa50f67db1dbba9cd47691de610a9d3
=== RUN   FuzzTrie/595fec09f60cd552462b1c5cadb6000df637a70c
=== RUN   FuzzTrie/59c514ed905b00f75ebc66e91f7af746e5a18138
=== RUN   FuzzTrie/59e5cadf19dd1865a4769784c46320a998c2e4e5
=== RUN   FuzzTrie/5a36b28d8513fa4af56ec8c4c9dc25642a912f74
=== RUN   FuzzTrie/5ac1c67322be6ae76a8d171e3c8215b87cbae50c
=== RUN   FuzzTrie/5b37316eedacdcb4b3f0a40a214b94f7055996f6
=== RUN   FuzzTrie/5b89de318afc6364143bfadd41241ba5a2f8d90c
=== RUN   FuzzTrie/5c9c4ba2805ecf1424bb0b0166973bab1fd1e202
=== RUN   FuzzTrie/5cb307efdfdb42175be59bacab65f095eaaa3296
=== RUN   FuzzTrie/5e416551c9a4d7ee875009cc77f82c284fad3c27
=== RUN   FuzzTrie/5f0407098fd9f1e15603ae05d894ebd1d674271e
=== RUN   FuzzTrie/5f19731fd5d9dcdbab926855406a434688ac99b5
=== RUN   FuzzTrie/600ac0b071655bca97d0a81f5d66356d490e6ba2
=== RUN   FuzzTrie/6010f8997df5fc8a338cdf5b8fe226bb44aa4f44
=== RUN   FuzzTrie/61e3dd62718ce8c8c6c213f68c41c76b48e05619
=== RUN   FuzzTrie/627e86f50e36aff1d112d81f4f82616190f37928
=== RUN   FuzzTrie/62a6bcf2c1bd852e5c27256fe1c4e89d9cfe2e9c
=== RUN   FuzzTrie/62af1f17e27dc86c88fac72d935a38ba82b26ace
=== RUN   FuzzTrie/62d1e578054bd1dccda5c44048cb685028b13a38
=== RUN   FuzzTrie/635c3dd3e547d74cbb681c167ed59fcafdf492a1
=== RUN   FuzzTrie/64682f2afe452f202c7c764291a5426c88d97d75
=== RUN   FuzzTrie/64940034b36be6f3bd176013bcb13a51cc542ec6
=== RUN   FuzzTrie/64f562b7be8264b547939f4e221d5809d8bc4899
=== RUN   FuzzTrie/661518e2330b5a9c42853b2497072ccd488fd55d
=== RUN   FuzzTrie/665c7b06cfc3faa0ecb9fb1cb8498a2b52e3477c
=== RUN   FuzzTrie/66fb4df6da1e8f9d417d372275c191ae2e81c8c0
=== RUN   FuzzTrie/67ebc5c76dec1165a2ec9ebc52f92bfece9ad870
=== RUN   FuzzTrie/687dea7bf75751a2d0d23ef8ddb0f44065fea0cc
=== RUN   FuzzTrie/68d82662cffc18e7d893ba7a6fbc73dbcc491f72
=== RUN   FuzzTrie/6927353613e07b262e4655c0ee0ab4c7e916168e
=== RUN   FuzzTrie/6997f4f828f14cc7c1ade8402d6fa7d5ccef9e40
=== RUN   FuzzTrie/69aa466d4ad81a67e2bdb65b89de5aa752d18456
=== RUN   FuzzTrie/6a04196d8046063fb3a7f6e3337cf60706cc9508
=== RUN   FuzzTrie/6b5a6204c2ae6e311e1686eb0e8aaf19f1e5719a
=== RUN   FuzzTrie/6b7e4868bfe192854b5d70da68b983a75d8f8987
=== RUN   FuzzTrie/6cd9cc0c96a44b74eb0122b946f93f843d7a9655
=== RUN   FuzzTrie/6d07f7d0e471e5fe82922ad52c56d85f9e269e66
=== RUN   FuzzTrie/6d148342e8066aa8ca746e786b83795cac234bca
=== RUN   FuzzTrie/6d75e76bdd7f32868da2b41b02e02b906229595f
=== RUN   FuzzTrie/6dc1b2bc993a864486a76783f4e9011437e8a971
=== RUN   FuzzTrie/6fd790713e4cc321a9b20ae9ef848134510e94be
=== RUN   FuzzTrie/703567b35629dfe62278d4748f227be125c6c88a
=== RUN   FuzzTrie/713f916c4a6e87bbbfc16e8adbc0062f0e1b2240
=== RUN   FuzzTrie/7223fe6703f90190c274121c69669f989c834dd6
=== RUN   FuzzTrie/7276114c1087420b75008ccf2ad930a2638837d9
=== RUN   FuzzTrie/7284c732f9a2c7016cc95c9f6ae404ad30afac68
=== RUN   FuzzTrie/72982fbd420299490c22fa5f89bf4301d44b352c
=== RUN   FuzzTrie/730fea2a22394139c68551d829c2755c7e60b1a5
=== RUN   FuzzTrie/7312d1652f15273fbdaa488ee61d441709543f9c
=== RUN   FuzzTrie/7329ae45b2ad5c470d5e187f63eb7178096eaa7e
=== RUN   FuzzTrie/73440c10a9e27de2334aa266ab093d5068555f5b
=== RUN   FuzzTrie/73f5616dde981f18d1b276897e3cb38162dbbffe
=== RUN   FuzzTrie/752e9e52f5e17f3839641783ef3accbf01a0c959
=== RUN   FuzzTrie/75da66a3f04ec54ccc7a742dec4eb4af79691ce2
=== RUN   FuzzTrie/764ace6ffd564d7d9a58c73dd55cc773483c6ea0
=== RUN   FuzzTrie/77241aae241c68bdabafb6e0bc66d6c89e9e11cd
=== RUN   FuzzTrie/781480171ecb072ce3b76aff3cf58475f97deab9
=== RUN   FuzzTrie/782557b23d0314a4b977444739f9ffeb477fe5cc
=== RUN   FuzzTrie/787f8e74d88ace8c64924f7a4c838b9518c2a170
=== RUN   FuzzTrie/79a31a41327a74b9f6e447f7bee1aed28635dc01
=== RUN   FuzzTrie/7a2b948d670d4fa2d6a363d46a9db1ae42f76899
=== RUN   FuzzTrie/7a729e4b179857c1c10cabd68b27baeec97e85d4
=== RUN   FuzzTrie/7ae1914b4bf7517e10271d9f611d3085a20f08bb
=== RUN   FuzzTrie/7b0efc22edb11f3f101c1935b8072d13485c17ed
=== RUN   FuzzTrie/7bcabdb440e92205e60a2e10e23fa6ebd90ee88d
=== RUN   FuzzTrie/7bf7e7a3d962786095142840c7a6c43b90829d01
=== RUN   FuzzTrie/7cf31f2afa86d7e18915de40456cffae981c6ad5
=== RUN   FuzzTrie/7d300c6e32c82c8e19722eaa1e2577319891d1c6
=== RUN   FuzzTrie/7d3be0dbf08dd858a9273dcc1bcedc07fd611bef
=== RUN   FuzzTrie/7d8501c85e24f9e2540f09ad0a2930459cca7a63
=== RUN   FuzzTrie/7e46e85f670f808c490f63bfdd724964def41378
=== RUN   FuzzTrie/7e8f4e8a4fcb3a9deafcac0b65791e8cb8c04c83
=== RUN   FuzzTrie/7ea5c819fcf3596635cf85d670b4c4cfc4cfe06c
=== RUN   FuzzTrie/7f902d2b4b3c0c288e83a33a4f35744433c2fd49
=== RUN   FuzzTrie/7fd680972ad29847e9a81c1e556bbd8c0cf7687d
=== RUN   FuzzTrie/7ff69dc79e472f9805b45c15b8a0fe88d043f969
=== RUN   FuzzTrie/8135b8e4d21775bb846d30df0d09bfcc05ea4e94
=== RUN   FuzzTrie/817b51f3006ac2f1d768bc1bc3cb40d770258b45
=== RUN   FuzzTrie/822b5e75e25b772fda76d6ed7ddb27750a2c0631
=== RUN   FuzzTrie/828f026ce14c5f122e8289e06e3d09f45580a5a2
=== RUN   FuzzTrie/82df897b3c4aebbb5df5809127f98013a8dd3187
=== RUN   FuzzTrie/834c4c1a1075afbfe811f02634bdbef0e8a2d213
=== RUN   FuzzTrie/84eac454af9304af85e4d1d5b6f9835529400b0f
=== RUN   FuzzTrie/8504b8fa09e796f26392e3e993e1371d73b82910
=== RUN   FuzzTrie/855f70ce9e0753ca36d7d0591147e9979af0cf71
=== RUN   FuzzTrie/85dca813af620e1de3a10ad08470850c9d5e634a
=== RUN   FuzzTrie/86b6d33336d34330bad41188f99c412828e12127
=== RUN   FuzzTrie/86dcec13b7b2a9dec7556e9050ae91c8e819970f
=== RUN   FuzzTrie/876ad2861ca437d54887e6250a282a78623d1029
=== RUN   FuzzTrie/879b82c90342894d2eecb0bacb7c996bcc3b7c96
=== RUN   FuzzTrie/87bf0e366e8b079436da8c512b80973b29d23abb
=== RUN   FuzzTrie/87f31e053e32b6b4e6c9b4e68f4d1e10e90a9206
=== RUN   FuzzTrie/88333413c84e804590802f088fe191b74a6a6f6a
=== RUN   FuzzTrie/886ad88919dd75b30826c32917c8604cf9dd2e3d
=== RUN   FuzzTrie/88b45020ffc7be95930faaee1f924fcdb4122c99
=== RUN   FuzzTrie/88cf546d7391ae8d97b57028962b9df0cbeb6e7f
=== RUN   FuzzTrie/88eef187b5fe8151b2bb3ef1fa878d3680f048a3
=== RUN   FuzzTrie/89aa4dec68dc2dbd2a18f365640386f09e046aee
=== RUN   FuzzTrie/8a44bf8ab65de99f491c7bfbea0e6ea2fd79e7e8
=== RUN   FuzzTrie/8a7f522a71a5c511dda5df2149b391a5323b263c
=== RUN   FuzzTrie/8b7862206ffdd4e4edc1df5f1fc5b61ccca0498d
=== RUN   FuzzTrie/8d191465545a2d7e6ba2c1da56d28280116d24e9
=== RUN   FuzzTrie/8d5bc05ca5f7582d2bdc02928fb99e4f73a1991b
=== RUN   FuzzTrie/8e407381a5ace6fb32ad919d76ab132609b89373
=== RUN   FuzzTrie/8f066289e8a06d508c0c4b35e6ce76313ab49b66
=== RUN   FuzzTrie/8f606c857537441b9b9dccb14e1c0099b43796f2
=== RUN   FuzzTrie/8f6b1ce2327eaa8c406e2281eb0a8e120317e270
=== RUN   FuzzTrie/8fa82303650531f5b6c70da5c959d7bebcded9de
=== RUN   FuzzTrie/90800b91e64127d2d3e7f273442b930b3493bac0
=== RUN   FuzzTrie/90a7e9117afd6ca8d95b6ad5c8f9178bdf71104b
=== RUN   FuzzTrie/90b032fb83943e3e9729000f2c1b306705060f4d
=== RUN   FuzzTrie/90f5abee79661d67fa6b495d4496356fc6861eb6
=== RUN   FuzzTrie/917d75035bcc5a370e6cf09fd50d8ab76a23e023
=== RUN   FuzzTrie/9313550e9b3bfabcb0a9dbd1719324bc2ca72feb
=== RUN   FuzzTrie/93a75a031ddb09890b91729338ec175afccd830d
=== RUN   FuzzTrie/93d20ab15e7e26b941f1a3d26476e5636cd996c4
=== RUN   FuzzTrie/93ffbc15f0b8073f9f33e43d6631b205484ca816
=== RUN   FuzzTrie/9423c8e1b74a61b502273b2043ec336813663e09
=== RUN   FuzzTrie/9430d39dee78c1af90d388dfe0559f0cacdf5635
=== RUN   FuzzTrie/9461d4b08e0b18ee1679831ab96c1a46d3b3ca4e
=== RUN   FuzzTrie/9467b7d544bcfd5a5aab0e4c93fcc50cd7ef28ad
=== RUN   FuzzTrie/948053c4e46c0c90ab89d85a92fff2b1bf4dc8d2
=== RUN   FuzzTrie/94cfc9c99517ba742279fd81514b9f37daf07ae3
=== RUN   FuzzTrie/9543c7a5589543c6a1d0bc8e8b84cb459afc7bfa
=== RUN   FuzzTrie/9651006b3bffd6227e8ecfcf590743eaa9564fbd
=== RUN   FuzzTrie/96ff673b7bac5cfd5e8fb8510bb86f143dc57aa7
=== RUN   FuzzTrie/987b5fa1de66106d9b44995284eb1b6fbb9fb016
=== RUN   FuzzTrie/994814e09372ee4767fbc5841da44af42e7d6516
=== RUN   FuzzTrie/9a54e3ccaf56d2cef4bad5aff616ca475952a4c8
=== RUN   FuzzTrie/9b4c3503864441b526483bd39a52dd0e9751632a
=== RUN   FuzzTrie/9bb72083e932a8d03a2e75b19624bddc6d29757b
=== RUN   FuzzTrie/9c5976694eaa6834acc22c308c3e9c999955e8a3
=== RUN   FuzzTrie/9cbaff8813980490e5df3a5a8823b8b4c8186fe7
=== RUN   FuzzTrie/9daee4bac647cb5367a6c5d17e56490fa924dcaf
=== RUN   FuzzTrie/9db2fbccc182e4f78942742a09ba94ae5dcba444
=== RUN   FuzzTrie/9db81e522e3c874d369adecb2bcd10a2bf3aff51
=== RUN   FuzzTrie/9dc9cf66ca19cda7deb2495273c2f4b273012b0b
=== RUN   FuzzTrie/9ee4e8243216cb00e90e4cc48dccc8c30d24b071
=== RUN   FuzzTrie/9f6fb1ba5d90f2c857e14510ceb523c05b4626f1
=== RUN   FuzzTrie/9fe37ef5f17fd72fabdc6824aa5fcbb6e4fb8f38
=== RUN   FuzzTrie/a04196ba2ae2670325d86c642942c0c315799678
=== RUN   FuzzTrie/a0690cb19d98223ef2b1273a4b1796fd2281c8d1
=== RUN   FuzzTrie/a192d3b565b73631a13d065a1fbc6b88b61db1f3
=== RUN   FuzzTrie/a1cb61096013e71b0e3fce07e489f135564ebc01
=== RUN   FuzzTrie/a22396b6b245a2c7e109f5362591d8925e8c725c
=== RUN   FuzzTrie/a2510d76d0c2d0f9edddb7a4a79251be8100845c
=== RUN   FuzzTrie/a27d3cc7242c850460dfdc0dd548f2bf197aaa0e
=== RUN   FuzzTrie/a2d76fd2e9d8fe7334bd71551df77d30fb6e82a0
=== RUN   FuzzTrie/a3b3c104cd5b87adbca474ba14113146a481ec19
=== RUN   FuzzTrie/a44d4fdd4bf9c25862ee164e7f43c606a3865068
=== RUN   FuzzTrie/a4a36c8d17ff180af3adf73f4b0bb23fc32b9889
=== RUN   FuzzTrie/a4df7b2ea50b4882ebca14ab55b2c93ac5ed0a29
=== RUN   FuzzTrie/a5a327a35d5d14490985b9d46424bf822599fb3c
=== RUN   FuzzTrie/a6450d8b0483cb819087fcfab23156c855fad6c1
=== RUN   FuzzTrie/a687d4fc078639a35682ec9ff52c33db1c6c40be
=== RUN   FuzzTrie/a72b220b2f6a6635ea68e2cf232dce4676c1615e
=== RUN   FuzzTrie/a74b902e244e0766ec4786bed64d56117503b4b3
=== RUN   FuzzTrie/a762fd873697bc413a7cd4990606e1c44db0d352
=== RUN   FuzzTrie/a807187d9ad3d20e7a7fb9654a04c65026075e8a
=== RUN   FuzzTrie/a83bce59599eab402170a39468589445d3cce904
=== RUN   FuzzTrie/a91e2c0c2cce1f78ac403edeebb0623f6e94356d
=== RUN   FuzzTrie/aa22dcd529b71f7465ddde414217191385b35a16
=== RUN   FuzzTrie/aa71c2b457b65602fb6bcc5026d5e7e8ad40a687
=== RUN   FuzzTrie/aab5f47755a11e130b586fdceea5841c710c3380
=== RUN   FuzzTrie/ab3ed880b43c44a0e25534bbc73005974eb752e6
=== RUN   FuzzTrie/abe7403db556418db83f0afaf591b6b1a2dcf6ab
=== RUN   FuzzTrie/ac1ef0c7da28b1ea131aa9b33ec52bb949325902
=== RUN   FuzzTrie/ad7170070292731bd0c8d7720f42b535f07030b0
=== RUN   FuzzTrie/ada162cb5c397cc89c265a706b66cd08995566ac
=== RUN   FuzzTrie/adb723808277635850298418de4eadc634da5afa
=== RUN   FuzzTrie/adc83b19e793491b1c6ea0fd8b46cd9f32e592fc
=== RUN   FuzzTrie/afbf164d70621f7e81fb435839d75d99c9ff0058
=== RUN   FuzzTrie/b16d2739ac791fca31d89af754d957bee518ea10
=== RUN   FuzzTrie/b1e4a328557e50ca84850da7a1aeb216fbeb7855
=== RUN   FuzzTrie/b1f8610c2b5107c205caf481a78ccbd5a8c40661
=== RUN   FuzzTrie/b2f1e7699bfd85ec02cf6829ad4627e1b55164c5
=== RUN   FuzzTrie/b30e649f5d262a4550e706d82d0f5b7347ce8270
=== RUN   FuzzTrie/b3118b35a7f2aeec63adaf4c4fa975550f084e9f
=== RUN   FuzzTrie/b33005dc653d269f058a545992131417b3ae6b00
=== RUN   FuzzTrie/b37d64aacaa2bdf0e265a58527f140d4732a280b
=== RUN   FuzzTrie/b672b976333172094c04e8271d9f65a2d8b97e97
=== RUN   FuzzTrie/b68d758b85583229ae4fd08dfaa0fa94aeb7e68e
=== RUN   FuzzTrie/b7a0c99ef57430effd527689d0b64477cf68d9ba
=== RUN   FuzzTrie/b8e9deba7153b998033f3006784a5991315a0260
=== RUN   FuzzTrie/ba188c7c05d51dca5322bf172590dccedcad022a
=== RUN   FuzzTrie/ba508cf105ce8ae6a9d31b0d86f6122ac7afe7d9
=== RUN   FuzzTrie/ba5ff0b6143ad1426ad95c25231e93afc88bf4f9
=== RUN   FuzzTrie/ba67242f95f0d99448abd3e51f85cf9223f2e177
=== RUN   FuzzTrie/bb36b81290495313b48f53b6d6eaa249ed63c5f9
=== RUN   FuzzTrie/bbd8c2415c373e86bc53e8278ce4d55677f7f719
=== RUN   FuzzTrie/bc4ea59247f5f05c7494626370b948679a446438
=== RUN   FuzzTrie/bd2264b57f5e2bd5dd5aceaf2995c33c1d9ce347
=== RUN   FuzzTrie/bda8f54b417d7bfcd68181eeb842aa0b465b5dd2
=== RUN   FuzzTrie/bdfe4d83f9b843f71637b0b9403e66d815e3af50
=== RUN   FuzzTrie/be6c2b2ea507f9e47822cf9184fe97bba198be3e
=== RUN   FuzzTrie/bee038d36a0ffa4ebdfda22e9ccc4bb4440bf133
=== RUN   FuzzTrie/bf184e2ae7e9469a9481e6aa97350d6487d78d2c
=== RUN   FuzzTrie/bf8b6af5ff97df13feed250ea4c951bacc805b02
=== RUN   FuzzTrie/bff4ad4b85b4910b5c50ee2075e51aef1de88e53
=== RUN   FuzzTrie/c0307618229bc1cd20a596a06d0ed232e4177843
=== RUN   FuzzTrie/c10b7df23fa3455b90a68fc834ad1e692f25ce62
=== RUN   FuzzTrie/c1c79031e4d44c94a77201808f56870af35ccd79
=== RUN   FuzzTrie/c242d8870a63de8f6e6c02d4f6cbf5d3a5305ab1
=== RUN   FuzzTrie/c26c08aaf039a3f38f64593cbbb638c170b42c3e
=== RUN   FuzzTrie/c2ad1a696c519a848f3e21e9940121e6a4927455
=== RUN   FuzzTrie/c319caa73cd4842eee2a9c9682bcea01f9e3a989
=== RUN   FuzzTrie/c32922d9c8851e65d61babe8c54c225d9f13357a
=== RUN   FuzzTrie/c3570fb34781066025a7feeacc64880e19bda17e
=== RUN   FuzzTrie/c411632a91a35398e7d9663ec5d4f1251a4978d9
=== RUN   FuzzTrie/c41d2295f72009a4d2619a50bc11a1af45a653b3
=== RUN   FuzzTrie/c4828ba99557692fe31bfd9ec6ef1b6360c95486
=== RUN   FuzzTrie/c4b1eab66923c5a46cf720082c328252f0a6533c
=== RUN   FuzzTrie/c4c17b8c11a478a3c052dfa19fa1b660cc1141b5
=== RUN   FuzzTrie/c5198ecdebe8ec046c75a40de92de856a04350aa
=== RUN   FuzzTrie/c5ce6392e84cae90b5f84d1dd21abe854d4f7fad
=== RUN   FuzzTrie/c6ba68a89fce328b0544d8492c3053414c3fa733
=== RUN   FuzzTrie/c74b3595ac98129123b75986473253fd7fad70b5
=== RUN   FuzzTrie/c7e3f999653e33c129bd0df28e799a7d9c466ace
=== RUN   FuzzTrie/c8909e1196495aaaec11e168f569d5b86f377d3b
=== RUN   FuzzTrie/c8c9f63499378faffd30f2cf02cad9502453166e
=== RUN   FuzzTrie/c92fe2fe3deef4cf16015628f9fe371c185fa14b
=== RUN   FuzzTrie/c9663e9bb081ee880fb6e9368f05aece41d78eb5
=== RUN   FuzzTrie/c9e9452d1ec6e16193a12818fe096d868c14b4e4
=== RUN   FuzzTrie/ca89c0d2cca4b1d90fd9b401a98b3794b3a5a623
=== RUN   FuzzTrie/caab5b0c78440ea6f829ebf3d8d9d5015ebe57e4
=== RUN   FuzzTrie/cab2d47dfc5a10bc657f2a061012c652f2e81b6d
=== RUN   FuzzTrie/cba80f812e224277359fde06c2780ed8558de6f6
=== RUN   FuzzTrie/cc60639daead3a1110754c53cc45acf4bbd4fee1
=== RUN   FuzzTrie/ccd6f6d3c40567989c5ceccba847322649c8d65d
=== RUN   FuzzTrie/ceec7c676a8f32dfa7bc37ad71c23ecc0120020c
=== RUN   FuzzTrie/cfba3fafa5579ea0e8a0eea378733e2b1ec96cd7
=== RUN   FuzzTrie/cfbfa5a34b97ba1263dd830515837130ada09974
=== RUN   FuzzTrie/d005aebd8355f44309154c0ce780b3fbf4093e27
=== RUN   FuzzTrie/d0b930f008d95339b57f1bc36f9f0d56b141dd38
=== RUN   FuzzTrie/d0c500e0d0b849fcb26b3b91728c0955d09b7344
=== RUN   FuzzTrie/d0c8f6b6dd81364207866b3c702a4f861a00051f
=== RUN   FuzzTrie/d1281bac08236ef2a34c711de310e0ba1a61f9fc
=== RUN   FuzzTrie/d22cdb6847c8a90ef987af93f4bd4e51bd76b2df
=== RUN   FuzzTrie/d2396d6c158c859f6ffe66d6fcc6f5e2038cc607
=== RUN   FuzzTrie/d2cc5a724536921430e2144a674e9c34536aa0af
=== RUN   FuzzTrie/d393b4031815998d1e9e43f5ed6c31d9e039330d
=== RUN   FuzzTrie/d39d5d141fbe807c21c3476069a59032a2caef7f
=== RUN   FuzzTrie/d409c59193f6ce26648f641e6d6388be713eb562
=== RUN   FuzzTrie/d53d8dc9beaeaa7f8ea0eafbd18acf6e96ec8438
=== RUN   FuzzTrie/d5584ce363a6fe62fd2a80bcfa54f362df2054cc
=== RUN   FuzzTrie/d5c00deacf32317b78e9ee1c87747bb7270a1ae4
=== RUN   FuzzTrie/d662f848681e035d8d38feaf3751414d0759f06b
=== RUN   FuzzTrie/d6d24310257764c545ebf25fd0ab240790efe174
=== RUN   FuzzTrie/d7372daf0765cccd843eb5a6d757e0498dae314b
=== RUN   FuzzTrie/d8b08d06f8535a250dcc9a51390179698bc09e45
=== RUN   FuzzTrie/d8ec6fec2b29d72111128c9d6deb02bb72041565
=== RUN   FuzzTrie/d92000b05d989062bace0f4794b96741d5930988
=== RUN   FuzzTrie/d99063280e48cbc3cb7ea1587f45c3cf7892631b
=== RUN   FuzzTrie/dbf5d1238e830a10d7ac3171caa0b797fbe5ad78
=== RUN   FuzzTrie/dbfc2eb2a72c2c4fb0bc01cb944a5275a8ac95f0
=== RUN   FuzzTrie/dc09b2df0e479ffc6cb381030ae3f0489d5d6747
=== RUN   FuzzTrie/dc36a350ab10062f572451239229f927530a38c2
=== RUN   FuzzTrie/dc50174ff7fbf92f7c90fc3bc6156b169d8e84c9
=== RUN   FuzzTrie/dcf5bf6c63ba8e32483f75660b3a6a0f5d764483
=== RUN   FuzzTrie/dd2074aae60a891d9e3a487a9291b01740c1d415
=== RUN   FuzzTrie/de41666001986b547874e06701985c1f22d8a435
=== RUN   FuzzTrie/de59299464f40a48a1688e4d58416323f9784465
=== RUN   FuzzTrie/deca633530879ab99438247a3b5de310bd185c49
=== RUN   FuzzTrie/deeaf466887ba5b1de6788e354203160a181e3de
=== RUN   FuzzTrie/deffb7002242e5ba9e68164f7ced6f16004a6a0f
=== RUN   FuzzTrie/df695aa4a3d3aa624c5f61bf3bb67134fd420660
=== RUN   FuzzTrie/e0f1d7d55bcb419a788be9020708da723350e106
=== RUN   FuzzTrie/e3bc6ffb08f831cf0cdcc944538c49e9f1f6777b
=== RUN   FuzzTrie/e47380924b81e0babbb4a57b95f0dad06804ce54
=== RUN   FuzzTrie/e4a11d7a7117015157e6b17b35dd5f8de158c14f
=== RUN   FuzzTrie/e4afb256e72938dd11f800d97a7db909f2909d58
=== RUN   FuzzTrie/e522cb7aebe7529d187300c655675c4ae32a71b4
=== RUN   FuzzTrie/e5f8dc168627d4a723d0e515f68813e7537f240e
=== RUN   FuzzTrie/e6b457ae3ee49a142980d765042db00c386d7abb
=== RUN   FuzzTrie/e6beb200fd540d3ee51e0ff735f13ecdeaa0bdd5
=== RUN   FuzzTrie/e6eaba611d1770dffcd7129d7971f72638e56498
=== RUN   FuzzTrie/e84d5892d3f8a77493ca88c1b34e0bf241919a1a
=== RUN   FuzzTrie/e93556b29bd3d94367aa9ea56b78c31bfdc8620e
=== RUN   FuzzTrie/ea05ddd0c14e60718c8fc0d61adaf5cfc1b1d6a2
=== RUN   FuzzTrie/ea0846f67c3aab101207df5995cfe6abe4d406c9
=== RUN   FuzzTrie/ea762700d5ad746047fb4429d6b8667d0adc5f0e
=== RUN   FuzzTrie/eada2adf04ebb959f115ee2fd57ed97fee76ca14
=== RUN   FuzzTrie/eb1a928bc786c8a509a831c03a068060cdede847
=== RUN   FuzzTrie/eb9ceb2c2e301140fcbe425f086ad70ac6e4819d
=== RUN   FuzzTrie/ec4b59ffee004c35d3078d079355b7c74c1c3cf5
=== RUN   FuzzTrie/ec5293acba42866d0450925d459c3313007dce9f
=== RUN   FuzzTrie/ecde3d0751aeb5c745a67c256eec2c52b2557dd4
=== RUN   FuzzTrie/ed4fc6eb0669e469333b109f931c9abcb5c3b6d3
=== RUN   FuzzTrie/ed77356bf241fb796fb496355c5542fa255e2f36
=== RUN   FuzzTrie/ee7671987b265e9e79875535fde4300a647f7869
=== RUN   FuzzTrie/eebb52d6e5e4dc2f3fcc93099419163850101614
=== RUN   FuzzTrie/eee1c17b25358ab59c373d32d49ab21f618b96b8
=== RUN   FuzzTrie/efc88032a15a9741337b71d73b3f1f5d5ccfe5bf
=== RUN   FuzzTrie/f018d8ef76c0956099e785cc9ed15c39080fd580
=== RUN   FuzzTrie/f02771a73bf4c9da8fde410e581f00c3373c9a43
=== RUN   FuzzTrie/f072efed7c0f117572a5c269b5808ac53ef54372
=== RUN   FuzzTrie/f18cb877bf64cbca3c903c82e001fea833657855
=== RUN   FuzzTrie/f1ab90d681128646fb07f8a76454f6b029b8d551
=== RUN   FuzzTrie/f2c3e04a2b9116dec9b62241aa40ec78cc44b8b3
=== RUN   FuzzTrie/f2f11fe77bdbe35dc843ec57833b2eaff5180b64
=== RUN   FuzzTrie/f367ed92034804016a463d47ebb48f5aa232bab6
=== RUN   FuzzTrie/f4f3b749be6f477366bc4884b2d3dceef725d1c9
=== RUN   FuzzTrie/f5d7f1eca050a6377fbce8ac4119f43412abcc17
=== RUN   FuzzTrie/f6e1dc64e7f60d929bb19c38f8ab7594a41ed80a
=== RUN   FuzzTrie/f715472e7f8560b625716d908d60065f37ae3709
=== RUN   FuzzTrie/f7c43e80a116a41ef6a5608f946593ea43fa90a1
=== RUN   FuzzTrie/f7f937c3d406182ffc05e1f68dcf3d9dc3ddf1b4
=== RUN   FuzzTrie/f8261d233f3377d9951682068fdbe53dd7b6aa92
=== RUN   FuzzTrie/f888bbf087e1aba7991fa8ea278cfe65ca24d1da
=== RUN   FuzzTrie/fd3038ee9237463d1138a4bddbc275aebd7417f7
=== RUN   FuzzTrie/fd71938f2587cf5db5027b73e5906667f33015a5
=== RUN   FuzzTrie/fddc3b40fd79b6c5ad1c07982f50667b54550590
=== RUN   FuzzTrie/fe1b5d500d4f766eb0fd455fc7335634e930214f
=== RUN   FuzzTrie/fee8ede722840cdd98142534deb45e9943003f61
=== RUN   FuzzTrie/ff3ed48ac79d4279abe472daf402129cff86f353
=== RUN   FuzzTrie/ff4ef7d1295f7d39b6c013a1c6689781c53fa34f
--- PASS: FuzzTrie (0.36s)
    --- PASS: FuzzTrie/0081436b4bc79dbded2261c99adf03618ebdc864 (0.00s)
    --- PASS: FuzzTrie/024a9c8fed25a375efe2c8a6a17e6936879981d7 (0.00s)
    --- PASS: FuzzTrie/0286382d8d690c4c3fd2aebc6284aaafab63d5ef (0.00s)
    --- PASS: FuzzTrie/03c8c07169c184ef741c3705875a45183e357e78 (0.00s)
    --- PASS: FuzzTrie/03df94439cae26724dfa2651b68ce2960a6de803 (0.00s)
    --- PASS: FuzzTrie/041b5f995851dbbf4eeb2280e703ad7937518c04 (0.00s)
    --- PASS: FuzzTrie/0546af3ae949119224d8c34c8617aa5a2c5e2d9c (0.00s)
    --- PASS: FuzzTrie/067a8008ae0244d4139d6214cad4b4e577aa832d (0.00s)
    --- PASS: FuzzTrie/06b99b5176f89014bbd3ad10ee8258725ceaad89 (0.00s)
    --- PASS: FuzzTrie/06c36eca3aaffbdc27732b60929a067bdb652d9f (0.00s)
    --- PASS: FuzzTrie/06eba6571f88cbe03f742a01dc908bbbdc40ca3e (0.00s)
    --- PASS: FuzzTrie/0835b1cc343661c4034af838a623b1950a5df2ae (0.00s)
    --- PASS: FuzzTrie/09006c068ec1fc39fb9be3e162a4e1e6ce93f182 (0.00s)
    --- PASS: FuzzTrie/09828806ac7a45fc5c6c4db4d05a8db8701061d6 (0.00s)
    --- PASS: FuzzTrie/09884273c53a8ba711ce68163469ecd3f51090e5 (0.00s)
    --- PASS: FuzzTrie/09ad3ca064f30fead890d6cba0dac232cd3f40e3 (0.00s)
    --- PASS: FuzzTrie/0a1eb97054ffdb13d15adbb0b19e19b84b892c28 (0.00s)
    --- PASS: FuzzTrie/0b38dbeb3f99a75204ad2a07bf5d66dd967f3f7b (0.00s)
    --- PASS: FuzzTrie/0b3e3975d314da557803d2680aef7d02ea142cd7 (0.00s)
    --- PASS: FuzzTrie/0b817ef9b6148f6e5a9deccc39656bd61356e249 (0.00s)
    --- PASS: FuzzTrie/0b966b98c71501a98f14489e81377b34614a77bb (0.00s)
    --- PASS: FuzzTrie/0c7d27da0a69a667821f553b61e120d8a7a57c2d (0.00s)
    --- PASS: FuzzTrie/0cc415fd98dcf5f94864e420a53e26f2914d742b (0.00s)
    --- PASS: FuzzTrie/0df05da5cd1c9c7d54e2b31155178abf0043ea1d (0.01s)
    --- PASS: FuzzTrie/0e09affa677f78c6cbd5b0ab1ce02d1c7f38d707 (0.00s)
    --- PASS: FuzzTrie/0ec6e1234f6cd4504862a36ed1b414a6a8ee9ad0 (0.00s)
    --- PASS: FuzzTrie/0f81098a8ade7d053a03674cd3f5660e64e75656 (0.00s)
    --- PASS: FuzzTrie/104fc6c809919e12f519c0f043c3e9bcb78785d1 (0.00s)
    --- PASS: FuzzTrie/11328e139483276d5976d2855fdfdac8c90b56a8 (0.00s)
    --- PASS: FuzzTrie/1257ccee93ee564ee1d71acde2832ee2ce7d45aa (0.00s)
    --- PASS: FuzzTrie/15cabf638a682fb6caa94d302087f990701143da (0.00s)
    --- PASS: FuzzTrie/169f33dcba7210317d0d38b33e0b88070452680b (0.00s)
    --- PASS: FuzzTrie/16bc15e39b40e8bd7b20001125a777059842e9ca (0.00s)
    --- PASS: FuzzTrie/176c3d797597fcb573da9cd9629230b99d571492 (0.00s)
    --- PASS: FuzzTrie/18ca9af6a920c6499de6224d900783ae60f657bd (0.00s)
    --- PASS: FuzzTrie/19af1350cddeec9eb4fcceebd984a308c8e6cafe (0.00s)
    --- PASS: FuzzTrie/1a0be337f57fd48d2fa8491b56978f2dfe326392 (0.00s)
    --- PASS: FuzzTrie/1ab537790ba6b80d8b685613dbf16cfe1e034d56 (0.00s)
    --- PASS: FuzzTrie/1b39a5c0a48541e16840fcc24e11aa7b2cd6b49f (0.00s)
    --- PASS: FuzzTrie/1bf4111b9e4f35073eeb7eda5d8233df7caa0323 (0.00s)
    --- PASS: FuzzTrie/1c15c48c873e39310400925dcf0c8bc96accf565 (0.00s)
    --- PASS: FuzzTrie/1d68e68081f86b5f016619e69de0dc72d7457c5c (0.00s)
    --- PASS: FuzzTrie/1d9dddfad053ec422225cab1231b68890c033d5c (0.00s)
    --- PASS: FuzzTrie/1ea279afb8fec78104e7bf44651d22f86578b7c5 (0.00s)
    --- PASS: FuzzTrie/1f44c210eb9238e82b7c021a158cd0f58a6faaed (0.00s)
    --- PASS: FuzzTrie/1f7f82e4a2c356c5835afe65c449d7a680682852 (0.00s)
    --- PASS: FuzzTrie/1fb096ece3bf59d83157a17ed1211ab2817552ab (0.00s)
    --- PASS: FuzzTrie/1ff9519663a58b33d921e554364867f2fe6e9549 (0.00s)
    --- PASS: FuzzTrie/1ffcd988ca23b7a03787b83d0cb87bf0303433e6 (0.00s)
    --- PASS: FuzzTrie/2001093df4ede0fe900f21f7684af15f735f2385 (0.00s)
    --- PASS: FuzzTrie/21640820c6fe87f9f390324563dcc9333d84a99c (0.00s)
    --- PASS: FuzzTrie/21bc68747685c6b3d3fa7d15c2f11bbeb5e702df (0.00s)
    --- PASS: FuzzTrie/22dfe7f7bbc380d783ae5d76d23c5c21980f0163 (0.00s)
    --- PASS: FuzzTrie/23013e0b24a2a31eb17b814e778f6b54167bc4f3 (0.00s)
    --- PASS: FuzzTrie/2303a70d076fcaf173bdbb4469f070fd2fe94eb6 (0.00s)
    --- PASS: FuzzTrie/23d6287e6c19190dbc3bf692585ccb1925ee7ed6 (0.00s)
    --- PASS: FuzzTrie/23f5b279451f1a8c5e537b998a82103f4021cfa3 (0.00s)
    --- PASS: FuzzTrie/2524fff295ff7019d15d7abf63a053584ab56467 (0.00s)
    --- PASS: FuzzTrie/253b072b0ba73cdb27aecd39916bda8fc33baefc (0.00s)
    --- PASS: FuzzTrie/256a71cedc46a6daabfd1c37c1b0967f7197ec70 (0.00s)
    --- PASS: FuzzTrie/25a85bd1bb0bcba69e51a08ba5fa2a1dd1b36e70 (0.00s)
    --- PASS: FuzzTrie/25d9531c49166f00c4d7bccbf3f1b9bd2d258e3a (0.00s)
    --- PASS: FuzzTrie/26c763c90cd3f161c655bb0450a0623dc4030dea (0.00s)
    --- PASS: FuzzTrie/276fccb6559784a0712e32fa80ff5c8258a50209 (0.00s)
    --- PASS: FuzzTrie/279efdac933cf34bcbab03605c55136f30b2f749 (0.00s)
    --- PASS: FuzzTrie/27b293c3dbec2c8c1e03e6333a5661a87a7898fd (0.00s)
    --- PASS: FuzzTrie/27ed7a11d3515cdd938f8bf16bd427c759921dd4 (0.00s)
    --- PASS: FuzzTrie/27f1f04f8f47f1c0c6e20e85c89f74253715f02c (0.00s)
    --- PASS: FuzzTrie/28005ce6ffd4c03345c0fd6401f7e8d14288e6cb (0.00s)
    --- PASS: FuzzTrie/289c0a7a55809f7873182dc6258a733b12a0c78f (0.00s)
    --- PASS: FuzzTrie/28f0a64f7b6f75fb03703835685e210bbaec9bd4 (0.00s)
    --- PASS: FuzzTrie/29319dd574a3b48b0d0c722d2eddfdd5fc9eaee4 (0.00s)
    --- PASS: FuzzTrie/29b5d0fa17346a53565de2c85f93d87d145f33c4 (0.00s)
    --- PASS: FuzzTrie/29ca0bd4563d0f6d7bb4f4b4862934c076b2aae3 (0.00s)
    --- PASS: FuzzTrie/2a4ec563ce8be781d073e90f3b0045c51d084671 (0.00s)
    --- PASS: FuzzTrie/2a59d0be5feb554915ccd69dfffa04f9198d517b (0.00s)
    --- PASS: FuzzTrie/2a81c370cee81b133af6e9ca30c974da596f9b98 (0.00s)
    --- PASS: FuzzTrie/2ba0c07fb5ee695f1aaf8ac78a73238f184cb395 (0.00s)
    --- PASS: FuzzTrie/2ca02f5efba814045831db22be6725eda8b3f6a0 (0.00s)
    --- PASS: FuzzTrie/2ccb8e2ab82d5806d87c4d3b9e185ab2984e6874 (0.01s)
    --- PASS: FuzzTrie/2e0cbf443936ba857aaeb8a1022e47d7f0d0b6a1 (0.00s)
    --- PASS: FuzzTrie/2e8251372a29182a0a1e41f11f084aac413a95bd (0.00s)
    --- PASS: FuzzTrie/2fc83de366a0d575a6a31c5badc87c28d05ceada (0.00s)
    --- PASS: FuzzTrie/312c9c1bbdd572c5920fbc66cfea6d3bf463bb56 (0.00s)
    --- PASS: FuzzTrie/328bc67e401893135ae7fcf76541ce1ae495ca30 (0.00s)
    --- PASS: FuzzTrie/336c34bd3b6a99b40a5009e2404a32869674d2a1 (0.00s)
    --- PASS: FuzzTrie/33c23cd8fc698eb6e6e60db528456c7061d6a1f2 (0.01s)
    --- PASS: FuzzTrie/34d6c48f3c701d007c612a3298cc49749aa901a9 (0.00s)
    --- PASS: FuzzTrie/34e71b49d9ce67d17011416d10b11b9c5d5ad964 (0.00s)
    --- PASS: FuzzTrie/34ef096603b27e7552511046e87962a167f95178 (0.00s)
    --- PASS: FuzzTrie/350eba6cb293421719133f9472a5bb700fafafd9 (0.00s)
    --- PASS: FuzzTrie/35a37d5d02c8755593305d15ca83102d63fa6fb7 (0.02s)
    --- PASS: FuzzTrie/35b1e467aa835aceaf6569324b25bd96ca8ff9ee (0.00s)
    --- PASS: FuzzTrie/35dd5862e574b7f171409175c441802e1fe5bfe4 (0.00s)
    --- PASS: FuzzTrie/3853dc63bb6a411b1fccccb3efec71b845a06218 (0.00s)
    --- PASS: FuzzTrie/389fc7eaabc77f0ab600b8f9166701ed5109e588 (0.00s)
    --- PASS: FuzzTrie/390d203bfd9db2bef7c0cb96a4396b5dcae76c71 (0.00s)
    --- PASS: FuzzTrie/392b72a2abc6424ce144df1532c4fcbd18f4acc1 (0.00s)
    --- PASS: FuzzTrie/3946663e330e15ce14acb55a62100ea16d571f07 (0.00s)
    --- PASS: FuzzTrie/39a3225c151371954a91a6759ce050a56c3b351a (0.00s)
    --- PASS: FuzzTrie/3a0cc05cc09cd5fa69db1ae3c47595b1096696ef (0.00s)
    --- PASS: FuzzTrie/3b850f99a7f10809471910e8104991068c51564a (0.00s)
    --- PASS: FuzzTrie/3cb8f68d2f9b828c374bec8dc7366c25b4f09b3d (0.00s)
    --- PASS: FuzzTrie/3cbae3747941b851805b51fbf7a4bfe05315587a (0.00s)
    --- PASS: FuzzTrie/3e756c6d070d43cb6307a709ee7c3ec8b699ba1f (0.00s)
    --- PASS: FuzzTrie/3e920e631823ddb0835ecc6bc31cc13a86ca7a7b (0.00s)
    --- PASS: FuzzTrie/3fd8142b21af6a867579da3c22ce00704fe6cf69 (0.00s)
    --- PASS: FuzzTrie/4018b844e05bb2eba7fa499014ebb6dcf1ff7667 (0.00s)
    --- PASS: FuzzTrie/4150ffc4cec7cf5144d91a908b1ea9d383c8e721 (0.00s)
    --- PASS: FuzzTrie/41e16925409b7fc2be0fb7ac0517e6387ef88ea1 (0.00s)
    --- PASS: FuzzTrie/42c142954917f12555bea5647f202db20b269009 (0.00s)
    --- PASS: FuzzTrie/4315e7a79c87d53c00e31de7bfcc5819e7be29e1 (0.00s)
    --- PASS: FuzzTrie/43bc5881fd44af1517c68981e5600fa255fecc03 (0.00s)
    --- PASS: FuzzTrie/44e7d80daaabaa10740b3d43908fcde073f55f06 (0.00s)
    --- PASS: FuzzTrie/44f05c297cd25e96924782a7733896a8ec4c1e8f (0.00s)
    --- PASS: FuzzTrie/454773afddf11a03acfd2dc88dabe69ace8c31c2 (0.00s)
    --- PASS: FuzzTrie/4577ec829ca761a58da376475d57e59126ae1fa1 (0.00s)
    --- PASS: FuzzTrie/45a1d7cdc4dded195d4687ccab85b4c456283180 (0.00s)
    --- PASS: FuzzTrie/45ce02bd6c8097a0d11803cbc6e195eb2a2f4ef9 (0.00s)
    --- PASS: FuzzTrie/45f31e2c7444cd6c005c35046ae5e1f729778bec (0.00s)
    --- PASS: FuzzTrie/464a834e187fe744dc0522f682be0e2efd28dd6e (0.00s)
    --- PASS: FuzzTrie/46a066d47cc1fdb715c26eaf0f0146bdb77e6ca6 (0.00s)
    --- PASS: FuzzTrie/4707033b1557ad8479637a04980888ba8e64a9fa (0.00s)
    --- PASS: FuzzTrie/493e9ce845765c9641fd907f23bb4d9380050018 (0.00s)
    --- PASS: FuzzTrie/4972c89ce05bc1c4ba6534a89a935ba00f40f3b8 (0.00s)
    --- PASS: FuzzTrie/4aed9aaaa282396c14f961994c5c7cdff1aee841 (0.00s)
    --- PASS: FuzzTrie/4b18b926ea17c4b9feacd80753999526eb136853 (0.00s)
    --- PASS: FuzzTrie/4bf44a0efa43acb7db4a7151765ab5f02b827ed4 (0.00s)
    --- PASS: FuzzTrie/4c562de259528ede73f1218f5cfa43c41b656e9b (0.00s)
    --- PASS: FuzzTrie/4cae0aedac75a509b193e8056ace14dc1789fae8 (0.00s)
    --- PASS: FuzzTrie/4cf75571871eb20ed725842cb55d09b9099eb91f (0.01s)
    --- PASS: FuzzTrie/4d0b5ec2cd2c0c4e083d3b4af6a96fd24fbce95d (0.00s)
    --- PASS: FuzzTrie/4d36448826f9b81607079a29d32d349e8b13477d (0.01s)
    --- PASS: FuzzTrie/4e74f98ee97758589ed52b0cb9319401450c744d (0.00s)
    --- PASS: FuzzTrie/4edae88664d484016478b3e0f3d7a6780f9e4b83 (0.00s)
    --- PASS: FuzzTrie/504f17f9bb151751bb8dd82e5a8156dc1745defb (0.00s)
    --- PASS: FuzzTrie/5079b181d936a872bc1dad38885f06fec2d1cb4f (0.00s)
    --- PASS: FuzzTrie/51cea1589d6b27363f6a33e5ba770729083e78c9 (0.00s)
    --- PASS: FuzzTrie/5372ccfcaa89999fb7a535eeb7594a795b54a751 (0.00s)
    --- PASS: FuzzTrie/540d40a5639acdc0ea85767310fd6b9f499a84c3 (0.00s)
    --- PASS: FuzzTrie/5486827c5f7cf022a65d158e25181ba6281ed451 (0.00s)
    --- PASS: FuzzTrie/54b8bb565ae5450d249eba02e4468014fc4122a6 (0.00s)
    --- PASS: FuzzTrie/5587135716ac44f4e3119812558901313b7c45ac (0.00s)
    --- PASS: FuzzTrie/559894dc0b39a8ea2d7c880c1c2f00a279d472f8 (0.00s)
    --- PASS: FuzzTrie/560449c278d6a04185ec3b5a6e4cd049b0f2fd4d (0.00s)
    --- PASS: FuzzTrie/56766cdb456661b2d87a3c7a8034fb8f3c617319 (0.00s)
    --- PASS: FuzzTrie/5770ff155a2f0071af343052d2d13a0d9cbdefe0 (0.00s)
    --- PASS: FuzzTrie/5869baca724210447e6d0b73ed8867802024da07 (0.00s)
    --- PASS: FuzzTrie/58aa019cddef2e33f404490bb92e8795c6f378bb (0.00s)
    --- PASS: FuzzTrie/58bf236adaa50f67db1dbba9cd47691de610a9d3 (0.00s)
    --- PASS: FuzzTrie/595fec09f60cd552462b1c5cadb6000df637a70c (0.00s)
    --- PASS: FuzzTrie/59c514ed905b00f75ebc66e91f7af746e5a18138 (0.00s)
    --- PASS: FuzzTrie/59e5cadf19dd1865a4769784c46320a998c2e4e5 (0.00s)
    --- PASS: FuzzTrie/5a36b28d8513fa4af56ec8c4c9dc25642a912f74 (0.00s)
    --- PASS: FuzzTrie/5ac1c67322be6ae76a8d171e3c8215b87cbae50c (0.00s)
    --- PASS: FuzzTrie/5b37316eedacdcb4b3f0a40a214b94f7055996f6 (0.00s)
    --- PASS: FuzzTrie/5b89de318afc6364143bfadd41241ba5a2f8d90c (0.00s)
    --- PASS: FuzzTrie/5c9c4ba2805ecf1424bb0b0166973bab1fd1e202 (0.01s)
    --- PASS: FuzzTrie/5cb307efdfdb42175be59bacab65f095eaaa3296 (0.00s)
    --- PASS: FuzzTrie/5e416551c9a4d7ee875009cc77f82c284fad3c27 (0.00s)
    --- PASS: FuzzTrie/5f0407098fd9f1e15603ae05d894ebd1d674271e (0.00s)
    --- PASS: FuzzTrie/5f19731fd5d9dcdbab926855406a434688ac99b5 (0.00s)
    --- PASS: FuzzTrie/600ac0b071655bca97d0a81f5d66356d490e6ba2 (0.00s)
    --- PASS: FuzzTrie/6010f8997df5fc8a338cdf5b8fe226bb44aa4f44 (0.00s)
    --- PASS: FuzzTrie/61e3dd62718ce8c8c6c213f68c41c76b48e05619 (0.00s)
    --- PASS: FuzzTrie/627e86f50e36aff1d112d81f4f82616190f37928 (0.00s)
    --- PASS: FuzzTrie/62a6bcf2c1bd852e5c27256fe1c4e89d9cfe2e9c (0.00s)
    --- PASS: FuzzTrie/62af1f17e27dc86c88fac72d935a38ba82b26ace (0.00s)
    --- PASS: FuzzTrie/62d1e578054bd1dccda5c44048cb685028b13a38 (0.00s)
    --- PASS: FuzzTrie/635c3dd3e547d74cbb681c167ed59fcafdf492a1 (0.00s)
    --- PASS: FuzzTrie/64682f2afe452f202c7c764291a5426c88d97d75 (0.00s)
    --- PASS: FuzzTrie/64940034b36be6f3bd176013bcb13a51cc542ec6 (0.00s)
    --- PASS: FuzzTrie/64f562b7be8264b547939f4e221d5809d8bc4899 (0.00s)
    --- PASS: FuzzTrie/661518e2330b5a9c42853b2497072ccd488fd55d (0.00s)
    --- PASS: FuzzTrie/665c7b06cfc3faa0ecb9fb1cb8498a2b52e3477c (0.00s)
    --- PASS: FuzzTrie/66fb4df6da1e8f9d417d372275c191ae2e81c8c0 (0.00s)
    --- PASS: FuzzTrie/67ebc5c76dec1165a2ec9ebc52f92bfece9ad870 (0.00s)
    --- PASS: FuzzTrie/687dea7bf75751a2d0d23ef8ddb0f44065fea0cc (0.00s)
    --- PASS: FuzzTrie/68d82662cffc18e7d893ba7a6fbc73dbcc491f72 (0.01s)
    --- PASS: FuzzTrie/6927353613e07b262e4655c0ee0ab4c7e916168e (0.00s)
    --- PASS: FuzzTrie/6997f4f828f14cc7c1ade8402d6fa7d5ccef9e40 (0.00s)
    --- PASS: FuzzTrie/69aa466d4ad81a67e2bdb65b89de5aa752d18456 (0.00s)
    --- PASS: FuzzTrie/6a04196d8046063fb3a7f6e3337cf60706cc9508 (0.00s)
    --- PASS: FuzzTrie/6b5a6204c2ae6e311e1686eb0e8aaf19f1e5719a (0.00s)
    --- PASS: FuzzTrie/6b7e4868bfe192854b5d70da68b983a75d8f8987 (0.00s)
    --- PASS: FuzzTrie/6cd9cc0c96a44b74eb0122b946f93f843d7a9655 (0.00s)
    --- PASS: FuzzTrie/6d07f7d0e471e5fe82922ad52c56d85f9e269e66 (0.00s)
    --- PASS: FuzzTrie/6d148342e8066aa8ca746e786b83795cac234bca (0.00s)
    --- PASS: FuzzTrie/6d75e76bdd7f32868da2b41b02e02b906229595f (0.00s)
    --- PASS: FuzzTrie/6dc1b2bc993a864486a76783f4e9011437e8a971 (0.00s)
    --- PASS: FuzzTrie/6fd790713e4cc321a9b20ae9ef848134510e94be (0.00s)
    --- PASS: FuzzTrie/703567b35629dfe62278d4748f227be125c6c88a (0.00s)
    --- PASS: FuzzTrie/713f916c4a6e87bbbfc16e8adbc0062f0e1b2240 (0.00s)
    --- PASS: FuzzTrie/7223fe6703f90190c274121c69669f989c834dd6 (0.00s)
    --- PASS: FuzzTrie/7276114c1087420b75008ccf2ad930a2638837d9 (0.00s)
    --- PASS: FuzzTrie/7284c732f9a2c7016cc95c9f6ae404ad30afac68 (0.00s)
    --- PASS: FuzzTrie/72982fbd420299490c22fa5f89bf4301d44b352c (0.00s)
    --- PASS: FuzzTrie/730fea2a22394139c68551d829c2755c7e60b1a5 (0.00s)
    --- PASS: FuzzTrie/7312d1652f15273fbdaa488ee61d441709543f9c (0.00s)
    --- PASS: FuzzTrie/7329ae45b2ad5c470d5e187f63eb7178096eaa7e (0.00s)
    --- PASS: FuzzTrie/73440c10a9e27de2334aa266ab093d5068555f5b (0.00s)
    --- PASS: FuzzTrie/73f5616dde981f18d1b276897e3cb38162dbbffe (0.00s)
    --- PASS: FuzzTrie/752e9e52f5e17f3839641783ef3accbf01a0c959 (0.00s)
    --- PASS: FuzzTrie/75da66a3f04ec54ccc7a742dec4eb4af79691ce2 (0.00s)
    --- PASS: FuzzTrie/764ace6ffd564d7d9a58c73dd55cc773483c6ea0 (0.00s)
    --- PASS: FuzzTrie/77241aae241c68bdabafb6e0bc66d6c89e9e11cd (0.00s)
    --- PASS: FuzzTrie/781480171ecb072ce3b76aff3cf58475f97deab9 (0.00s)
    --- PASS: FuzzTrie/782557b23d0314a4b977444739f9ffeb477fe5cc (0.00s)
    --- PASS: FuzzTrie/787f8e74d88ace8c64924f7a4c838b9518c2a170 (0.00s)
    --- PASS: FuzzTrie/79a31a41327a74b9f6e447f7bee1aed28635dc01 (0.00s)
    --- PASS: FuzzTrie/7a2b948d670d4fa2d6a363d46a9db1ae42f76899 (0.00s)
    --- PASS: FuzzTrie/7a729e4b179857c1c10cabd68b27baeec97e85d4 (0.00s)
    --- PASS: FuzzTrie/7ae1914b4bf7517e10271d9f611d3085a20f08bb (0.00s)
    --- PASS: FuzzTrie/7b0efc22edb11f3f101c1935b8072d13485c17ed (0.01s)
    --- PASS: FuzzTrie/7bcabdb440e92205e60a2e10e23fa6ebd90ee88d (0.00s)
    --- PASS: FuzzTrie/7bf7e7a3d962786095142840c7a6c43b90829d01 (0.00s)
    --- PASS: FuzzTrie/7cf31f2afa86d7e18915de40456cffae981c6ad5 (0.00s)
    --- PASS: FuzzTrie/7d300c6e32c82c8e19722eaa1e2577319891d1c6 (0.00s)
    --- PASS: FuzzTrie/7d3be0dbf08dd858a9273dcc1bcedc07fd611bef (0.00s)
    --- PASS: FuzzTrie/7d8501c85e24f9e2540f09ad0a2930459cca7a63 (0.00s)
    --- PASS: FuzzTrie/7e46e85f670f808c490f63bfdd724964def41378 (0.00s)
    --- PASS: FuzzTrie/7e8f4e8a4fcb3a9deafcac0b65791e8cb8c04c83 (0.00s)
    --- PASS: FuzzTrie/7ea5c819fcf3596635cf85d670b4c4cfc4cfe06c (0.00s)
    --- PASS: FuzzTrie/7f902d2b4b3c0c288e83a33a4f35744433c2fd49 (0.00s)
    --- PASS: FuzzTrie/7fd680972ad29847e9a81c1e556bbd8c0cf7687d (0.00s)
    --- PASS: FuzzTrie/7ff69dc79e472f9805b45c15b8a0fe88d043f969 (0.00s)
    --- PASS: FuzzTrie/8135b8e4d21775bb846d30df0d09bfcc05ea4e94 (0.00s)
    --- PASS: FuzzTrie/817b51f3006ac2f1d768bc1bc3cb40d770258b45 (0.00s)
    --- PASS: FuzzTrie/822b5e75e25b772fda76d6ed7ddb27750a2c0631 (0.00s)
    --- PASS: FuzzTrie/828f026ce14c5f122e8289e06e3d09f45580a5a2 (0.00s)
    --- PASS: FuzzTrie/82df897b3c4aebbb5df5809127f98013a8dd3187 (0.00s)
    --- PASS: FuzzTrie/834c4c1a1075afbfe811f02634bdbef0e8a2d213 (0.00s)
    --- PASS: FuzzTrie/84eac454af9304af85e4d1d5b6f9835529400b0f (0.00s)
    --- PASS: FuzzTrie/8504b8fa09e796f26392e3e993e1371d73b82910 (0.00s)
    --- PASS: FuzzTrie/855f70ce9e0753ca36d7d0591147e9979af0cf71 (0.00s)
    --- PASS: FuzzTrie/85dca813af620e1de3a10ad08470850c9d5e634a (0.00s)
    --- PASS: FuzzTrie/86b6d33336d34330bad41188f99c412828e12127 (0.00s)
    --- PASS: FuzzTrie/86dcec13b7b2a9dec7556e9050ae91c8e819970f (0.00s)
    --- PASS: FuzzTrie/876ad2861ca437d54887e6250a282a78623d1029 (0.00s)
    --- PASS: FuzzTrie/879b82c90342894d2eecb0bacb7c996bcc3b7c96 (0.00s)
    --- PASS: FuzzTrie/87bf0e366e8b079436da8c512b80973b29d23abb (0.00s)
    --- PASS: FuzzTrie/87f31e053e32b6b4e6c9b4e68f4d1e10e90a9206 (0.00s)
    --- PASS: FuzzTrie/88333413c84e804590802f088fe191b74a6a6f6a (0.00s)
    --- PASS: FuzzTrie/886ad88919dd75b30826c32917c8604cf9dd2e3d (0.00s)
    --- PASS: FuzzTrie/88b45020ffc7be95930faaee1f924fcdb4122c99 (0.00s)
    --- PASS: FuzzTrie/88cf546d7391ae8d97b57028962b9df0cbeb6e7f (0.00s)
    --- PASS: FuzzTrie/88eef187b5fe8151b2bb3ef1fa878d3680f048a3 (0.00s)
    --- PASS: FuzzTrie/89aa4dec68dc2dbd2a18f365640386f09e046aee (0.00s)
    --- PASS: FuzzTrie/8a44bf8ab65de99f491c7bfbea0e6ea2fd79e7e8 (0.00s)
    --- PASS: FuzzTrie/8a7f522a71a5c511dda5df2149b391a5323b263c (0.00s)
    --- PASS: FuzzTrie/8b7862206ffdd4e4edc1df5f1fc5b61ccca0498d (0.00s)
    --- PASS: FuzzTrie/8d191465545a2d7e6ba2c1da56d28280116d24e9 (0.00s)
    --- PASS: FuzzTrie/8d5bc05ca5f7582d2bdc02928fb99e4f73a1991b (0.00s)
    --- PASS: FuzzTrie/8e407381a5ace6fb32ad919d76ab132609b89373 (0.00s)
    --- PASS: FuzzTrie/8f066289e8a06d508c0c4b35e6ce76313ab49b66 (0.00s)
    --- PASS: FuzzTrie/8f606c857537441b9b9dccb14e1c0099b43796f2 (0.00s)
    --- PASS: FuzzTrie/8f6b1ce2327eaa8c406e2281eb0a8e120317e270 (0.00s)
    --- PASS: FuzzTrie/8fa82303650531f5b6c70da5c959d7bebcded9de (0.00s)
    --- PASS: FuzzTrie/90800b91e64127d2d3e7f273442b930b3493bac0 (0.00s)
    --- PASS: FuzzTrie/90a7e9117afd6ca8d95b6ad5c8f9178bdf71104b (0.00s)
    --- PASS: FuzzTrie/90b032fb83943e3e9729000f2c1b306705060f4d (0.00s)
    --- PASS: FuzzTrie/90f5abee79661d67fa6b495d4496356fc6861eb6 (0.00s)
    --- PASS: FuzzTrie/917d75035bcc5a370e6cf09fd50d8ab76a23e023 (0.00s)
    --- PASS: FuzzTrie/9313550e9b3bfabcb0a9dbd1719324bc2ca72feb (0.00s)
    --- PASS: FuzzTrie/93a75a031ddb09890b91729338ec175afccd830d (0.01s)
    --- PASS: FuzzTrie/93d20ab15e7e26b941f1a3d26476e5636cd996c4 (0.00s)
    --- PASS: FuzzTrie/93ffbc15f0b8073f9f33e43d6631b205484ca816 (0.00s)
    --- PASS: FuzzTrie/9423c8e1b74a61b502273b2043ec336813663e09 (0.00s)
    --- PASS: FuzzTrie/9430d39dee78c1af90d388dfe0559f0cacdf5635 (0.00s)
    --- PASS: FuzzTrie/9461d4b08e0b18ee1679831ab96c1a46d3b3ca4e (0.00s)
    --- PASS: FuzzTrie/9467b7d544bcfd5a5aab0e4c93fcc50cd7ef28ad (0.01s)
    --- PASS: FuzzTrie/948053c4e46c0c90ab89d85a92fff2b1bf4dc8d2 (0.00s)
    --- PASS: FuzzTrie/94cfc9c99517ba742279fd81514b9f37daf07ae3 (0.00s)
    --- PASS: FuzzTrie/9543c7a5589543c6a1d0bc8e8b84cb459afc7bfa (0.00s)
    --- PASS: FuzzTrie/9651006b3bffd6227e8ecfcf590743eaa9564fbd (0.02s)
    --- PASS: FuzzTrie/96ff673b7bac5cfd5e8fb8510bb86f143dc57aa7 (0.00s)
    --- PASS: FuzzTrie/987b5fa1de66106d9b44995284eb1b6fbb9fb016 (0.00s)
    --- PASS: FuzzTrie/994814e09372ee4767fbc5841da44af42e7d6516 (0.00s)
    --- PASS: FuzzTrie/9a54e3ccaf56d2cef4bad5aff616ca475952a4c8 (0.00s)
    --- PASS: FuzzTrie/9b4c3503864441b526483bd39a52dd0e9751632a (0.00s)
    --- PASS: FuzzTrie/9bb72083e932a8d03a2e75b19624bddc6d29757b (0.00s)
    --- PASS: FuzzTrie/9c5976694eaa6834acc22c308c3e9c999955e8a3 (0.00s)
    --- PASS: FuzzTrie/9cbaff8813980490e5df3a5a8823b8b4c8186fe7 (0.00s)
    --- PASS: FuzzTrie/9daee4bac647cb5367a6c5d17e56490fa924dcaf (0.00s)
    --- PASS: FuzzTrie/9db2fbccc182e4f78942742a09ba94ae5dcba444 (0.00s)
    --- PASS: FuzzTrie/9db81e522e3c874d369adecb2bcd10a2bf3aff51 (0.00s)
    --- PASS: FuzzTrie/9dc9cf66ca19cda7deb2495273c2f4b273012b0b (0.00s)
    --- PASS: FuzzTrie/9ee4e8243216cb00e90e4cc48dccc8c30d24b071 (0.00s)
    --- PASS: FuzzTrie/9f6fb1ba5d90f2c857e14510ceb523c05b4626f1 (0.00s)
    --- PASS: FuzzTrie/9fe37ef5f17fd72fabdc6824aa5fcbb6e4fb8f38 (0.00s)
    --- PASS: FuzzTrie/a04196ba2ae2670325d86c642942c0c315799678 (0.00s)
    --- PASS: FuzzTrie/a0690cb19d98223ef2b1273a4b1796fd2281c8d1 (0.00s)
    --- PASS: FuzzTrie/a192d3b565b73631a13d065a1fbc6b88b61db1f3 (0.00s)
    --- PASS: FuzzTrie/a1cb61096013e71b0e3fce07e489f135564ebc01 (0.00s)
    --- PASS: FuzzTrie/a22396b6b245a2c7e109f5362591d8925e8c725c (0.00s)
    --- PASS: FuzzTrie/a2510d76d0c2d0f9edddb7a4a79251be8100845c (0.00s)
    --- PASS: FuzzTrie/a27d3cc7242c850460dfdc0dd548f2bf197aaa0e (0.00s)
    --- PASS: FuzzTrie/a2d76fd2e9d8fe7334bd71551df77d30fb6e82a0 (0.00s)
    --- PASS: FuzzTrie/a3b3c104cd5b87adbca474ba14113146a481ec19 (0.00s)
    --- PASS: FuzzTrie/a44d4fdd4bf9c25862ee164e7f43c606a3865068 (0.00s)
    --- PASS: FuzzTrie/a4a36c8d17ff180af3adf73f4b0bb23fc32b9889 (0.00s)
    --- PASS: FuzzTrie/a4df7b2ea50b4882ebca14ab55b2c93ac5ed0a29 (0.00s)
    --- PASS: FuzzTrie/a5a327a35d5d14490985b9d46424bf822599fb3c (0.00s)
    --- PASS: FuzzTrie/a6450d8b0483cb819087fcfab23156c855fad6c1 (0.00s)
    --- PASS: FuzzTrie/a687d4fc078639a35682ec9ff52c33db1c6c40be (0.00s)
    --- PASS: FuzzTrie/a72b220b2f6a6635ea68e2cf232dce4676c1615e (0.00s)
    --- PASS: FuzzTrie/a74b902e244e0766ec4786bed64d56117503b4b3 (0.00s)
    --- PASS: FuzzTrie/a762fd873697bc413a7cd4990606e1c44db0d352 (0.00s)
    --- PASS: FuzzTrie/a807187d9ad3d20e7a7fb9654a04c65026075e8a (0.00s)
    --- PASS: FuzzTrie/a83bce59599eab402170a39468589445d3cce904 (0.00s)
    --- PASS: FuzzTrie/a91e2c0c2cce1f78ac403edeebb0623f6e94356d (0.00s)
    --- PASS: FuzzTrie/aa22dcd529b71f7465ddde414217191385b35a16 (0.00s)
    --- PASS: FuzzTrie/aa71c2b457b65602fb6bcc5026d5e7e8ad40a687 (0.00s)
    --- PASS: FuzzTrie/aab5f47755a11e130b586fdceea5841c710c3380 (0.00s)
    --- PASS: FuzzTrie/ab3ed880b43c44a0e25534bbc73005974eb752e6 (0.00s)
    --- PASS: FuzzTrie/abe7403db556418db83f0afaf591b6b1a2dcf6ab (0.00s)
    --- PASS: FuzzTrie/ac1ef0c7da28b1ea131aa9b33ec52bb949325902 (0.00s)
    --- PASS: FuzzTrie/ad7170070292731bd0c8d7720f42b535f07030b0 (0.00s)
    --- PASS: FuzzTrie/ada162cb5c397cc89c265a706b66cd08995566ac (0.00s)
    --- PASS: FuzzTrie/adb723808277635850298418de4eadc634da5afa (0.00s)
    --- PASS: FuzzTrie/adc83b19e793491b1c6ea0fd8b46cd9f32e592fc (0.00s)
    --- PASS: FuzzTrie/afbf164d70621f7e81fb435839d75d99c9ff0058 (0.00s)
    --- PASS: FuzzTrie/b16d2739ac791fca31d89af754d957bee518ea10 (0.00s)
    --- PASS: FuzzTrie/b1e4a328557e50ca84850da7a1aeb216fbeb7855 (0.00s)
    --- PASS: FuzzTrie/b1f8610c2b5107c205caf481a78ccbd5a8c40661 (0.00s)
    --- PASS: FuzzTrie/b2f1e7699bfd85ec02cf6829ad4627e1b55164c5 (0.00s)
    --- PASS: FuzzTrie/b30e649f5d262a4550e706d82d0f5b7347ce8270 (0.00s)
    --- PASS: FuzzTrie/b3118b35a7f2aeec63adaf4c4fa975550f084e9f (0.00s)
    --- PASS: FuzzTrie/b33005dc653d269f058a545992131417b3ae6b00 (0.00s)
    --- PASS: FuzzTrie/b37d64aacaa2bdf0e265a58527f140d4732a280b (0.01s)
    --- PASS: FuzzTrie/b672b976333172094c04e8271d9f65a2d8b97e97 (0.00s)
    --- PASS: FuzzTrie/b68d758b85583229ae4fd08dfaa0fa94aeb7e68e (0.00s)
    --- PASS: FuzzTrie/b7a0c99ef57430effd527689d0b64477cf68d9ba (0.00s)
    --- PASS: FuzzTrie/b8e9deba7153b998033f3006784a5991315a0260 (0.00s)
    --- PASS: FuzzTrie/ba188c7c05d51dca5322bf172590dccedcad022a (0.00s)
    --- PASS: FuzzTrie/ba508cf105ce8ae6a9d31b0d86f6122ac7afe7d9 (0.00s)
    --- PASS: FuzzTrie/ba5ff0b6143ad1426ad95c25231e93afc88bf4f9 (0.00s)
    --- PASS: FuzzTrie/ba67242f95f0d99448abd3e51f85cf9223f2e177 (0.00s)
    --- PASS: FuzzTrie/bb36b81290495313b48f53b6d6eaa249ed63c5f9 (0.00s)
    --- PASS: FuzzTrie/bbd8c2415c373e86bc53e8278ce4d55677f7f719 (0.00s)
    --- PASS: FuzzTrie/bc4ea59247f5f05c7494626370b948679a446438 (0.00s)
    --- PASS: FuzzTrie/bd2264b57f5e2bd5dd5aceaf2995c33c1d9ce347 (0.00s)
    --- PASS: FuzzTrie/bda8f54b417d7bfcd68181eeb842aa0b465b5dd2 (0.00s)
    --- PASS: FuzzTrie/bdfe4d83f9b843f71637b0b9403e66d815e3af50 (0.00s)
    --- PASS: FuzzTrie/be6c2b2ea507f9e47822cf9184fe97bba198be3e (0.00s)
    --- PASS: FuzzTrie/bee038d36a0ffa4ebdfda22e9ccc4bb4440bf133 (0.00s)
    --- PASS: FuzzTrie/bf184e2ae7e9469a9481e6aa97350d6487d78d2c (0.00s)
    --- PASS: FuzzTrie/bf8b6af5ff97df13feed250ea4c951bacc805b02 (0.00s)
    --- PASS: FuzzTrie/bff4ad4b85b4910b5c50ee2075e51aef1de88e53 (0.00s)
    --- PASS: FuzzTrie/c0307618229bc1cd20a596a06d0ed232e4177843 (0.00s)
    --- PASS: FuzzTrie/c10b7df23fa3455b90a68fc834ad1e692f25ce62 (0.00s)
    --- PASS: FuzzTrie/c1c79031e4d44c94a77201808f56870af35ccd79 (0.00s)
    --- PASS: FuzzTrie/c242d8870a63de8f6e6c02d4f6cbf5d3a5305ab1 (0.00s)
    --- PASS: FuzzTrie/c26c08aaf039a3f38f64593cbbb638c170b42c3e (0.00s)
    --- PASS: FuzzTrie/c2ad1a696c519a848f3e21e9940121e6a4927455 (0.00s)
    --- PASS: FuzzTrie/c319caa73cd4842eee2a9c9682bcea01f9e3a989 (0.00s)
    --- PASS: FuzzTrie/c32922d9c8851e65d61babe8c54c225d9f13357a (0.00s)
    --- PASS: FuzzTrie/c3570fb34781066025a7feeacc64880e19bda17e (0.01s)
    --- PASS: FuzzTrie/c411632a91a35398e7d9663ec5d4f1251a4978d9 (0.00s)
    --- PASS: FuzzTrie/c41d2295f72009a4d2619a50bc11a1af45a653b3 (0.00s)
    --- PASS: FuzzTrie/c4828ba99557692fe31bfd9ec6ef1b6360c95486 (0.00s)
    --- PASS: FuzzTrie/c4b1eab66923c5a46cf720082c328252f0a6533c (0.00s)
    --- PASS: FuzzTrie/c4c17b8c11a478a3c052dfa19fa1b660cc1141b5 (0.00s)
    --- PASS: FuzzTrie/c5198ecdebe8ec046c75a40de92de856a04350aa (0.00s)
    --- PASS: FuzzTrie/c5ce6392e84cae90b5f84d1dd21abe854d4f7fad (0.00s)
    --- PASS: FuzzTrie/c6ba68a89fce328b0544d8492c3053414c3fa733 (0.00s)
    --- PASS: FuzzTrie/c74b3595ac98129123b75986473253fd7fad70b5 (0.00s)
    --- PASS: FuzzTrie/c7e3f999653e33c129bd0df28e799a7d9c466ace (0.00s)
    --- PASS: FuzzTrie/c8909e1196495aaaec11e168f569d5b86f377d3b (0.01s)
    --- PASS: FuzzTrie/c8c9f63499378faffd30f2cf02cad9502453166e (0.00s)
    --- PASS: FuzzTrie/c92fe2fe3deef4cf16015628f9fe371c185fa14b (0.00s)
    --- PASS: FuzzTrie/c9663e9bb081ee880fb6e9368f05aece41d78eb5 (0.00s)
    --- PASS: FuzzTrie/c9e9452d1ec6e16193a12818fe096d868c14b4e4 (0.00s)
    --- PASS: FuzzTrie/ca89c0d2cca4b1d90fd9b401a98b3794b3a5a623 (0.00s)
    --- PASS: FuzzTrie/caab5b0c78440ea6f829ebf3d8d9d5015ebe57e4 (0.00s)
    --- PASS: FuzzTrie/cab2d47dfc5a10bc657f2a061012c652f2e81b6d (0.00s)
    --- PASS: FuzzTrie/cba80f812e224277359fde06c2780ed8558de6f6 (0.00s)
    --- PASS: FuzzTrie/cc60639daead3a1110754c53cc45acf4bbd4fee1 (0.01s)
    --- PASS: FuzzTrie/ccd6f6d3c40567989c5ceccba847322649c8d65d (0.00s)
    --- PASS: FuzzTrie/ceec7c676a8f32dfa7bc37ad71c23ecc0120020c (0.00s)
    --- PASS: FuzzTrie/cfba3fafa5579ea0e8a0eea378733e2b1ec96cd7 (0.00s)
    --- PASS: FuzzTrie/cfbfa5a34b97ba1263dd830515837130ada09974 (0.01s)
    --- PASS: FuzzTrie/d005aebd8355f44309154c0ce780b3fbf4093e27 (0.00s)
    --- PASS: FuzzTrie/d0b930f008d95339b57f1bc36f9f0d56b141dd38 (0.00s)
    --- PASS: FuzzTrie/d0c500e0d0b849fcb26b3b91728c0955d09b7344 (0.01s)
    --- PASS: FuzzTrie/d0c8f6b6dd81364207866b3c702a4f861a00051f (0.00s)
    --- PASS: FuzzTrie/d1281bac08236ef2a34c711de310e0ba1a61f9fc (0.00s)
    --- PASS: FuzzTrie/d22cdb6847c8a90ef987af93f4bd4e51bd76b2df (0.00s)
    --- PASS: FuzzTrie/d2396d6c158c859f6ffe66d6fcc6f5e2038cc607 (0.00s)
    --- PASS: FuzzTrie/d2cc5a724536921430e2144a674e9c34536aa0af (0.00s)
    --- PASS: FuzzTrie/d393b4031815998d1e9e43f5ed6c31d9e039330d (0.00s)
    --- PASS: FuzzTrie/d39d5d141fbe807c21c3476069a59032a2caef7f (0.00s)
    --- PASS: FuzzTrie/d409c59193f6ce26648f641e6d6388be713eb562 (0.01s)
    --- PASS: FuzzTrie/d53d8dc9beaeaa7f8ea0eafbd18acf6e96ec8438 (0.00s)
    --- PASS: FuzzTrie/d5584ce363a6fe62fd2a80bcfa54f362df2054cc (0.00s)
    --- PASS: FuzzTrie/d5c00deacf32317b78e9ee1c87747bb7270a1ae4 (0.00s)
    --- PASS: FuzzTrie/d662f848681e035d8d38feaf3751414d0759f06b (0.00s)
    --- PASS: FuzzTrie/d6d24310257764c545ebf25fd0ab240790efe174 (0.00s)
    --- PASS: FuzzTrie/d7372daf0765cccd843eb5a6d757e0498dae314b (0.00s)
    --- PASS: FuzzTrie/d8b08d06f8535a250dcc9a51390179698bc09e45 (0.00s)
    --- PASS: FuzzTrie/d8ec6fec2b29d72111128c9d6deb02bb72041565 (0.00s)
    --- PASS: FuzzTrie/d92000b05d989062bace0f4794b96741d5930988 (0.00s)
    --- PASS: FuzzTrie/d99063280e48cbc3cb7ea1587f45c3cf7892631b (0.00s)
    --- PASS: FuzzTrie/dbf5d1238e830a10d7ac3171caa0b797fbe5ad78 (0.00s)
    --- PASS: FuzzTrie/dbfc2eb2a72c2c4fb0bc01cb944a5275a8ac95f0 (0.00s)
    --- PASS: FuzzTrie/dc09b2df0e479ffc6cb381030ae3f0489d5d6747 (0.00s)
    --- PASS: FuzzTrie/dc36a350ab10062f572451239229f927530a38c2 (0.00s)
    --- PASS: FuzzTrie/dc50174ff7fbf92f7c90fc3bc6156b169d8e84c9 (0.00s)
    --- PASS: FuzzTrie/dcf5bf6c63ba8e32483f75660b3a6a0f5d764483 (0.00s)
    --- PASS: FuzzTrie/dd2074aae60a891d9e3a487a9291b01740c1d415 (0.00s)
    --- PASS: FuzzTrie/de41666001986b547874e06701985c1f22d8a435 (0.00s)
    --- PASS: FuzzTrie/de59299464f40a48a1688e4d58416323f9784465 (0.00s)
    --- PASS: FuzzTrie/deca633530879ab99438247a3b5de310bd185c49 (0.00s)
    --- PASS: FuzzTrie/deeaf466887ba5b1de6788e354203160a181e3de (0.00s)
    --- PASS: FuzzTrie/deffb7002242e5ba9e68164f7ced6f16004a6a0f (0.00s)
    --- PASS: FuzzTrie/df695aa4a3d3aa624c5f61bf3bb67134fd420660 (0.00s)
    --- PASS: FuzzTrie/e0f1d7d55bcb419a788be9020708da723350e106 (0.00s)
    --- PASS: FuzzTrie/e3bc6ffb08f831cf0cdcc944538c49e9f1f6777b (0.00s)
    --- PASS: FuzzTrie/e47380924b81e0babbb4a57b95f0dad06804ce54 (0.00s)
    --- PASS: FuzzTrie/e4a11d7a7117015157e6b17b35dd5f8de158c14f (0.00s)
    --- PASS: FuzzTrie/e4afb256e72938dd11f800d97a7db909f2909d58 (0.00s)
    --- PASS: FuzzTrie/e522cb7aebe7529d187300c655675c4ae32a71b4 (0.00s)
    --- PASS: FuzzTrie/e5f8dc168627d4a723d0e515f68813e7537f240e (0.00s)
    --- PASS: FuzzTrie/e6b457ae3ee49a142980d765042db00c386d7abb (0.00s)
    --- PASS: FuzzTrie/e6beb200fd540d3ee51e0ff735f13ecdeaa0bdd5 (0.00s)
    --- PASS: FuzzTrie/e6eaba611d1770dffcd7129d7971f72638e56498 (0.00s)
    --- PASS: FuzzTrie/e84d5892d3f8a77493ca88c1b34e0bf241919a1a (0.00s)
    --- PASS: FuzzTrie/e93556b29bd3d94367aa9ea56b78c31bfdc8620e (0.00s)
    --- PASS: FuzzTrie/ea05ddd0c14e60718c8fc0d61adaf5cfc1b1d6a2 (0.00s)
    --- PASS: FuzzTrie/ea0846f67c3aab101207df5995cfe6abe4d406c9 (0.00s)
    --- PASS: FuzzTrie/ea762700d5ad746047fb4429d6b8667d0adc5f0e (0.00s)
    --- PASS: FuzzTrie/eada2adf04ebb959f115ee2fd57ed97fee76ca14 (0.00s)
    --- PASS: FuzzTrie/eb1a928bc786c8a509a831c03a068060cdede847 (0.00s)
    --- PASS: FuzzTrie/eb9ceb2c2e301140fcbe425f086ad70ac6e4819d (0.00s)
    --- PASS: FuzzTrie/ec4b59ffee004c35d3078d079355b7c74c1c3cf5 (0.00s)
    --- PASS: FuzzTrie/ec5293acba42866d0450925d459c3313007dce9f (0.00s)
    --- PASS: FuzzTrie/ecde3d0751aeb5c745a67c256eec2c52b2557dd4 (0.00s)
    --- PASS: FuzzTrie/ed4fc6eb0669e469333b109f931c9abcb5c3b6d3 (0.00s)
    --- PASS: FuzzTrie/ed77356bf241fb796fb496355c5542fa255e2f36 (0.00s)
    --- PASS: FuzzTrie/ee7671987b265e9e79875535fde4300a647f7869 (0.00s)
    --- PASS: FuzzTrie/eebb52d6e5e4dc2f3fcc93099419163850101614 (0.00s)
    --- PASS: FuzzTrie/eee1c17b25358ab59c373d32d49ab21f618b96b8 (0.00s)
    --- PASS: FuzzTrie/efc88032a15a9741337b71d73b3f1f5d5ccfe5bf (0.00s)
    --- PASS: FuzzTrie/f018d8ef76c0956099e785cc9ed15c39080fd580 (0.00s)
    --- PASS: FuzzTrie/f02771a73bf4c9da8fde410e581f00c3373c9a43 (0.00s)
    --- PASS: FuzzTrie/f072efed7c0f117572a5c269b5808ac53ef54372 (0.00s)
    --- PASS: FuzzTrie/f18cb877bf64cbca3c903c82e001fea833657855 (0.00s)
    --- PASS: FuzzTrie/f1ab90d681128646fb07f8a76454f6b029b8d551 (0.00s)
    --- PASS: FuzzTrie/f2c3e04a2b9116dec9b62241aa40ec78cc44b8b3 (0.00s)
    --- PASS: FuzzTrie/f2f11fe77bdbe35dc843ec57833b2eaff5180b64 (0.00s)
    --- PASS: FuzzTrie/f367ed92034804016a463d47ebb48f5aa232bab6 (0.00s)
    --- PASS: FuzzTrie/f4f3b749be6f477366bc4884b2d3dceef725d1c9 (0.00s)
    --- PASS: FuzzTrie/f5d7f1eca050a6377fbce8ac4119f43412abcc17 (0.00s)
    --- PASS: FuzzTrie/f6e1dc64e7f60d929bb19c38f8ab7594a41ed80a (0.00s)
    --- PASS: FuzzTrie/f715472e7f8560b625716d908d60065f37ae3709 (0.00s)
    --- PASS: FuzzTrie/f7c43e80a116a41ef6a5608f946593ea43fa90a1 (0.00s)
    --- PASS: FuzzTrie/f7f937c3d406182ffc05e1f68dcf3d9dc3ddf1b4 (0.00s)
    --- PASS: FuzzTrie/f8261d233f3377d9951682068fdbe53dd7b6aa92 (0.00s)
    --- PASS: FuzzTrie/f888bbf087e1aba7991fa8ea278cfe65ca24d1da (0.00s)
    --- PASS: FuzzTrie/fd3038ee9237463d1138a4bddbc275aebd7417f7 (0.00s)
    --- PASS: FuzzTrie/fd71938f2587cf5db5027b73e5906667f33015a5 (0.00s)
    --- PASS: FuzzTrie/fddc3b40fd79b6c5ad1c07982f50667b54550590 (0.00s)
    --- PASS: FuzzTrie/fe1b5d500d4f766eb0fd455fc7335634e930214f (0.00s)
    --- PASS: FuzzTrie/fee8ede722840cdd98142534deb45e9943003f61 (0.00s)
    --- PASS: FuzzTrie/ff3ed48ac79d4279abe472daf402129cff86f353 (0.00s)
    --- PASS: FuzzTrie/ff4ef7d1295f7d39b6c013a1c6689781c53fa34f (0.00s)
PASS
coverage: 88.1% of statements
ok  	github.com/morph-l2/go-ethereum/tests/fuzzers/trie	0.405s	coverage: 88.1% of statements
