=== RUN   TestFuzzPair
    bn256_fuzz_test.go:23: 1000 iterations passed
--- PASS: TestFuzzPair (15.24s)
=== RUN   TestFuzzAdd
    bn256_fuzz_test.go:40: 1000 iterations passed
--- PASS: TestFuzzAdd (0.23s)
=== RUN   TestFuzzMul
    bn256_fuzz_test.go:57: 1000 iterations passed
--- PASS: TestFuzzMul (0.19s)
=== RUN   FuzzBn256Add
=== RUN   FuzzBn256Add/02be5fb72ac8a5c7b0bbbdc5f9bad4088f167360
=== RUN   FuzzBn256Add/067a477c97f2d735bf0ffb0b8fb082c1e33f7fc8
=== RUN   FuzzBn256Add/08d03111aabaacf7722f0521b86b8221e9736eec
=== RUN   FuzzBn256Add/09aa338dfc6a24b4d3c7436a8a338ff22f7b7cec
=== RUN   FuzzBn256Add/09f6cc031622561d2cf4bb44e7cd51ba0231dbea
=== RUN   FuzzBn256Add/0a491c97f847097313ff4f698015a8e6c7bd4866
=== RUN   FuzzBn256Add/0aab0af2ee70441e7e5b990b942ff5a445db617d
=== RUN   FuzzBn256Add/0b50c31cee1031d3536494dbbed4e66379a38824
=== RUN   FuzzBn256Add/0ba84e8b45a11667eb4a24fbc5fa1b8868dbdfb4
=== RUN   FuzzBn256Add/0cdd3026a9caa54e92dfeb49fdd2ce2a9de514f5
=== RUN   FuzzBn256Add/0ce0d4dd5043b1367ced4ab91b7c4b5d3aa3df9a
=== RUN   FuzzBn256Add/0e64e77cb5035101ae168150298f7abb0e3e01b7
=== RUN   FuzzBn256Add/109de7912fd268975984b95cf89d31d373df5006
=== RUN   FuzzBn256Add/127ad7b9ee33688fc0f8febe6d28b00c6a7a9027
=== RUN   FuzzBn256Add/14058fb957d900f2e6a92f5f46e610f6076a2ced
=== RUN   FuzzBn256Add/146b08e94cc84748bdbedc46f1be03770958e975
=== RUN   FuzzBn256Add/16e973b3b7fc8711f5906f9b0c9d036f8d99bc9c
=== RUN   FuzzBn256Add/170c60a7f15c3fd7d7b86aa56aca12b8f42fdb97
=== RUN   FuzzBn256Add/199a827570b1a878265e9e40d286d5897c746a27
=== RUN   FuzzBn256Add/1af6c9bb408eb09ef9dc8309ee4ab15f1d15738e
=== RUN   FuzzBn256Add/1c448a675d0ea8681eedee66677eaa959907ac0b
=== RUN   FuzzBn256Add/1cc79c851d148e87fab582032674bda11d53ff8f
=== RUN   FuzzBn256Add/21cf55c16de7684babc2709673a2b6e3d3a01613
=== RUN   FuzzBn256Add/234a31513aa2ac37e3e4234097c26c6fbebcac48
=== RUN   FuzzBn256Add/247e71bbe2616dbe15aaaab250e010e90d8e7e22
=== RUN   FuzzBn256Add/27866de4a01488dd63fd2aef807292a89552d219
=== RUN   FuzzBn256Add/2921346236600cc788c749d011d58830fbe84184
=== RUN   FuzzBn256Add/2989e9a64c80647466d38a103ed6c47a795d254e
=== RUN   FuzzBn256Add/2bfd284ac7bb5a100f6f9211527cfd0865fea7ea
=== RUN   FuzzBn256Add/2ed3ce0129a65472a50d8ed6f9e08b4d993799fc
=== RUN   FuzzBn256Add/2fcf18e47e7a6753477799cbfffd80b07dec3ca5
=== RUN   FuzzBn256Add/31b97f6a325da164b6be7ca969aaf40504d9f564
=== RUN   FuzzBn256Add/324853919a8b99d833bd20554a140140b24d06cb
=== RUN   FuzzBn256Add/32a2c56808bab7bfec058a986cb47998ac5d2c85
=== RUN   FuzzBn256Add/3401663e936b530d25b4780fa0e0cef428ef789f
=== RUN   FuzzBn256Add/38958c736bbd4ba9d02f092b2e30f3ce41e8ded8
=== RUN   FuzzBn256Add/3c5c8c222721fd0fa0a39631167bea453e010e59
=== RUN   FuzzBn256Add/3ce019c3690867651e29510d288b2439fa7e8e16
=== RUN   FuzzBn256Add/3d6e7f797c00f0c0a1fd33bc036d8ca09d53c75f
=== RUN   FuzzBn256Add/3e358064169b8716dbc153d05ef410ebeea2a531
=== RUN   FuzzBn256Add/42dd183c674ef1032a5faeb0658b8624ccd3c445
=== RUN   FuzzBn256Add/452df2b33422cdc52f4456d5ebd63783e4161e6e
=== RUN   FuzzBn256Add/46973887482257d1e1d8c548340ea62ad5331ae6
=== RUN   FuzzBn256Add/498128dbdc3c19bc3e10923d86734aca3f1a906e
=== RUN   FuzzBn256Add/4c8252ec8ddd43fd442d9a0ccd6f0a326926c8bf
=== RUN   FuzzBn256Add/4ee17eb4957fef512fb1847769189f5fdf6188b4
=== RUN   FuzzBn256Add/4ffa2c3f697adc89891e11e8f34e4dc729d93280
=== RUN   FuzzBn256Add/50361f625f360b8a108ed1d71964d1185be81353
=== RUN   FuzzBn256Add/540e94abce2b4621ae89f59a08706c4c60f7be14
=== RUN   FuzzBn256Add/598cad38637f1e0550b8433a637eeecc3444eb06
=== RUN   FuzzBn256Add/5df8f9075a982968b20be34bf133dfe0d85ecdf0
=== RUN   FuzzBn256Add/5f07f7d2dcc3756dde21178b42a3a192b8178f36
=== RUN   FuzzBn256Add/5fb03f929fad2e4e2e349e205652e9277bca6aca
=== RUN   FuzzBn256Add/601cac94ebcc64dad92c896b32806ca2baff7fb7
=== RUN   FuzzBn256Add/60962a476067682e1601f6c26673fa3aeca376d3
=== RUN   FuzzBn256Add/60a7e20d0b55231cf64424acad3ec605719794e7
=== RUN   FuzzBn256Add/61c798938f105bf088bad14067107160590f7531
=== RUN   FuzzBn256Add/647effab178085946632dab72fc74e66e722dcfb
=== RUN   FuzzBn256Add/663ae031674a29f821f6274768984380f7c4c996
=== RUN   FuzzBn256Add/67f2b56b70131f1466fc633e40b150b25a05686c
=== RUN   FuzzBn256Add/6823484d64a0e6e9e48d3b9326c7e01685cacd49
=== RUN   FuzzBn256Add/6e3da0bb7ccb54246d904ee7d795c1d47ab6d4d4
=== RUN   FuzzBn256Add/6e5e3f41f8b32e78726033e801c36c37c31511bb
=== RUN   FuzzBn256Add/71c1ee04a6b6011a6357e66336f2450250ccb7e8
=== RUN   FuzzBn256Add/72381bdfd60896e50218a1585259d856d249bd01
=== RUN   FuzzBn256Add/727e692d7c7734a48cf4472771689b7aed358354
=== RUN   FuzzBn256Add/763b121a04f59857399dcbb0c3e029539fe0a027
=== RUN   FuzzBn256Add/77935d263a7e16f7b4a2f5a6135410ecb5823223
=== RUN   FuzzBn256Add/77d4f837addf0218a786d3cf32728f70620a4f2b
=== RUN   FuzzBn256Add/7a7736709cac44913f4c6b1278e0b6e68181e9c6
=== RUN   FuzzBn256Add/7a8e1a5fdf2561b2d2b05fb1d6bd5f75bfb0b389
=== RUN   FuzzBn256Add/7c32e1a92288989d3a8c91a0c41c0f7d265bc4a3
=== RUN   FuzzBn256Add/7d53415cfcc72acd91c0abb6622f60a69f539d46
=== RUN   FuzzBn256Add/7e15bb5c01e7dd56499e37c634cf791d3a519aee
=== RUN   FuzzBn256Add/800c049d1810bfc30cf811a1176b99ddf30fdbc2
=== RUN   FuzzBn256Add/81260f8ab967741825d9a43f130ad9c9e68bd8dc
=== RUN   FuzzBn256Add/813bf10f4ada60cda440df5ac5d9adb650c03aac
=== RUN   FuzzBn256Add/84285caeca2eab2399e65321a906fcb8b5e31d49
=== RUN   FuzzBn256Add/84642889d1bcc8c21e461ba69ae3960eab8d2b77
=== RUN   FuzzBn256Add/86c4c225f09cd158d819759735779e62658b6341
=== RUN   FuzzBn256Add/87825b1b457b46109cfe0ae5b6fb56dfa50fe90d
=== RUN   FuzzBn256Add/88e349fbf97fcf38a5316e7619ea261de1ab24f7
=== RUN   FuzzBn256Add/89d6e4b2aaa51e7c7c0427eb1ba67285108a444b
=== RUN   FuzzBn256Add/8a524b4108e1228022dfeb682d4a5b435a2c6c86
=== RUN   FuzzBn256Add/8a8ab3211d36b9ed2814c7e103305a2ff1b32b52
=== RUN   FuzzBn256Add/8bb787ac99a16a7fdfd53c829dbf11c628aa39e4
=== RUN   FuzzBn256Add/8daef31ac61de14ee199dcaba8cb01828882c451
=== RUN   FuzzBn256Add/8e8c98ba4893ddd0703c8e77731255e7e5ac9f7b
=== RUN   FuzzBn256Add/8edb2388bf329959fbf4dad205655c15378d99f8
=== RUN   FuzzBn256Add/8f37fbb5495b58ccd2d4d99929634a9eb71c942e
=== RUN   FuzzBn256Add/8f41fefa169755a11b29f82b80f3c50622bcfbae
=== RUN   FuzzBn256Add/8fbb91f2f0efacb2eb0a5a12d581c726134683fd
=== RUN   FuzzBn256Add/9069ca78e7450a285173431b3e52c5c25299e473
=== RUN   FuzzBn256Add/90d09cc5c2f2f12f70bbc7a66f5373f35e206625
=== RUN   FuzzBn256Add/921131d631f4f8cb2553a6b59f851ad77879591a
=== RUN   FuzzBn256Add/97a5d5681839929712e32a8e9239c106854f1855
=== RUN   FuzzBn256Add/9a8954357255da232b89f73eb1b4d5a64a31d9cc
=== RUN   FuzzBn256Add/9bbcf6f4d20f4bd724d98019743a0fbe0d34b2e1
=== RUN   FuzzBn256Add/9fe263818316eb1cb10cddce44420b438353c549
=== RUN   FuzzBn256Add/a0fd3218689152a2a3910acba42075a5d8cefc5d
=== RUN   FuzzBn256Add/a186b2f2d8780d64dae27871de7c7964b8fad783
=== RUN   FuzzBn256Add/a512f9df6c4580f4e448c51f4ba2902356eb454c
=== RUN   FuzzBn256Add/a74d75f6926bc063063b62017764aa4935f6d233
=== RUN   FuzzBn256Add/a8085d42155a6ddc9bd9d0f8a1c5be19dabf84de
=== RUN   FuzzBn256Add/a8156c294ea56cf578f21bf242e9eb96740f2e61
=== RUN   FuzzBn256Add/aa18e10af515ceb81a7643b60fd07efa7b3890fb
=== RUN   FuzzBn256Add/aaf25006e8e62dda8d3f32a6f78aa0de4f467a81
=== RUN   FuzzBn256Add/ac9f536e77031a0979e71299a3c493e508790b4b
=== RUN   FuzzBn256Add/b3b3d702fc5cbdf5f10bb177b819f6f9ad8514d5
=== RUN   FuzzBn256Add/b3ec9c0026c42673689cf91ee9d6ce39ddb095ce
=== RUN   FuzzBn256Add/b62576530f138fa7238f274d7b10ae2ef952eb83
=== RUN   FuzzBn256Add/b77305e8c9f65785f0eedc5e6414bf4991b885a6
=== RUN   FuzzBn256Add/b7f0d7ae8cf3166766aedcbde22c6a56a4cc900b
=== RUN   FuzzBn256Add/b82530260912a406488c3368a360c4569eab8ea8
=== RUN   FuzzBn256Add/b9c4668a765acbba79706244fb8b6e0f3c6e0633
=== RUN   FuzzBn256Add/bad0171f42b038b454315980b8daf2773a64cb53
=== RUN   FuzzBn256Add/be7d894e782672cc8e2aaa56659c1ea28aebbf32
=== RUN   FuzzBn256Add/c6510edf24e15c75bc57d8014bae1b63e87f212a
=== RUN   FuzzBn256Add/c91225e594d50ba63ebc4798d922f04a0c6cf8d3
=== RUN   FuzzBn256Add/cadeda162e5b217652b2c93734b0bb70f0b72ab1
=== RUN   FuzzBn256Add/cb422964d533d649dba68fe33a332667489df607
=== RUN   FuzzBn256Add/cbdf93b5db1e985d830ef5d5a0be4f42b09b2c66
=== RUN   FuzzBn256Add/cc5852927c2fb8c18c147b8fcd064482350b81ee
=== RUN   FuzzBn256Add/ce0bdc4401da3e71e384e091243d867a65d4fcae
=== RUN   FuzzBn256Add/d470aca5a087da34bc75e06235836be5c87bb6b1
=== RUN   FuzzBn256Add/d49ae75595691214053457fe4a914e44d022557d
=== RUN   FuzzBn256Add/d53a401c3bf651584c97d1717ff9fdb99728ac0f
=== RUN   FuzzBn256Add/daf23d7866db9d4c437da30beb1a92fd3e3cfdf5
=== RUN   FuzzBn256Add/dd1bedbb6a5e00b6a684ac5a9a780c940c24e411
=== RUN   FuzzBn256Add/deed495f3554b68d39bae4b7b16120e65f95585d
=== RUN   FuzzBn256Add/e51464a528cc19d5b44d18aa1f636a808489034a
=== RUN   FuzzBn256Add/e7615c32fa78144d9ca5c8442dc38d023cc41042
=== RUN   FuzzBn256Add/e786bbb603cfcebc54ca1239d2e8a3c8ef48e648
=== RUN   FuzzBn256Add/e9fe50101bc3c87a35e5a6f0b2bb42869cc153ab
=== RUN   FuzzBn256Add/eca742217ce6be685116711bf782a1948990ab4e
=== RUN   FuzzBn256Add/edd2923fcaf74c06b662aaa838efeab94e14ff21
=== RUN   FuzzBn256Add/f09af48d1ede1a57c9e298ee02a9444b25ba77a8
=== RUN   FuzzBn256Add/f09c0d9d104f90cdd93bca0279dc175356d5a267
=== RUN   FuzzBn256Add/f0b2cad66f200df308b869012ce06967b1073655
=== RUN   FuzzBn256Add/f24c3f6ffa4bb7ab853ddf66ae77316bba0d84d6
=== RUN   FuzzBn256Add/f4b42dd1274d3221c0c58c8c8f91e72aac9f98c3
=== RUN   FuzzBn256Add/f4eb127e256a1deecd7fbe4583aa06c164a0d54f
=== RUN   FuzzBn256Add/f654394a43ce49f6711274ed9ae6c589999e14c4
=== RUN   FuzzBn256Add/f662f6fec9646bb26902ec443b30de8aad3a7406
=== RUN   FuzzBn256Add/f7e9f9b726f64574092187447b1f19c1d05584e5
=== RUN   FuzzBn256Add/f983f930cc8ca419e914d920e3040b766886cc7e
=== RUN   FuzzBn256Add/fa201d8c8f7e3021fc310b14cdddc2129ac8dceb
=== RUN   FuzzBn256Add/fa54b916fb8a29fdeb7fd88a14c5b9d2e0733f6c
=== RUN   FuzzBn256Add/fb668bf4a9e00b911132ab155a03afeedb78b346
=== RUN   FuzzBn256Add/fba9ae8682f38856b0c4b3cc37b49a099fb52463
=== RUN   FuzzBn256Add/fc490abd7ba242173e39da0e510e37a43f4841c1
=== RUN   FuzzBn256Add/fdb356d65f3b8c78028a9ebd470bc20033c1acb4
=== RUN   FuzzBn256Add/feb45c5e53db8b73f15a469c7d3965f4ce504cde
=== RUN   FuzzBn256Add/ff4193afaaf1f2e5591c3f0651855ce5858ed153
--- PASS: FuzzBn256Add (0.04s)
    --- PASS: FuzzBn256Add/02be5fb72ac8a5c7b0bbbdc5f9bad4088f167360 (0.00s)
    --- PASS: FuzzBn256Add/067a477c97f2d735bf0ffb0b8fb082c1e33f7fc8 (0.00s)
    --- PASS: FuzzBn256Add/08d03111aabaacf7722f0521b86b8221e9736eec (0.00s)
    --- PASS: FuzzBn256Add/09aa338dfc6a24b4d3c7436a8a338ff22f7b7cec (0.00s)
    --- PASS: FuzzBn256Add/09f6cc031622561d2cf4bb44e7cd51ba0231dbea (0.00s)
    --- PASS: FuzzBn256Add/0a491c97f847097313ff4f698015a8e6c7bd4866 (0.00s)
    --- PASS: FuzzBn256Add/0aab0af2ee70441e7e5b990b942ff5a445db617d (0.00s)
    --- PASS: FuzzBn256Add/0b50c31cee1031d3536494dbbed4e66379a38824 (0.00s)
    --- PASS: FuzzBn256Add/0ba84e8b45a11667eb4a24fbc5fa1b8868dbdfb4 (0.00s)
    --- PASS: FuzzBn256Add/0cdd3026a9caa54e92dfeb49fdd2ce2a9de514f5 (0.00s)
    --- PASS: FuzzBn256Add/0ce0d4dd5043b1367ced4ab91b7c4b5d3aa3df9a (0.00s)
    --- PASS: FuzzBn256Add/0e64e77cb5035101ae168150298f7abb0e3e01b7 (0.00s)
    --- PASS: FuzzBn256Add/109de7912fd268975984b95cf89d31d373df5006 (0.00s)
    --- PASS: FuzzBn256Add/127ad7b9ee33688fc0f8febe6d28b00c6a7a9027 (0.00s)
    --- PASS: FuzzBn256Add/14058fb957d900f2e6a92f5f46e610f6076a2ced (0.00s)
    --- PASS: FuzzBn256Add/146b08e94cc84748bdbedc46f1be03770958e975 (0.00s)
    --- PASS: FuzzBn256Add/16e973b3b7fc8711f5906f9b0c9d036f8d99bc9c (0.00s)
    --- PASS: FuzzBn256Add/170c60a7f15c3fd7d7b86aa56aca12b8f42fdb97 (0.00s)
    --- PASS: FuzzBn256Add/199a827570b1a878265e9e40d286d5897c746a27 (0.00s)
    --- PASS: FuzzBn256Add/1af6c9bb408eb09ef9dc8309ee4ab15f1d15738e (0.00s)
    --- PASS: FuzzBn256Add/1c448a675d0ea8681eedee66677eaa959907ac0b (0.00s)
    --- PASS: FuzzBn256Add/1cc79c851d148e87fab582032674bda11d53ff8f (0.00s)
    --- PASS: FuzzBn256Add/21cf55c16de7684babc2709673a2b6e3d3a01613 (0.00s)
    --- PASS: FuzzBn256Add/234a31513aa2ac37e3e4234097c26c6fbebcac48 (0.00s)
    --- PASS: FuzzBn256Add/247e71bbe2616dbe15aaaab250e010e90d8e7e22 (0.00s)
    --- PASS: FuzzBn256Add/27866de4a01488dd63fd2aef807292a89552d219 (0.00s)
    --- PASS: FuzzBn256Add/2921346236600cc788c749d011d58830fbe84184 (0.00s)
    --- PASS: FuzzBn256Add/2989e9a64c80647466d38a103ed6c47a795d254e (0.00s)
    --- PASS: FuzzBn256Add/2bfd284ac7bb5a100f6f9211527cfd0865fea7ea (0.00s)
    --- PASS: FuzzBn256Add/2ed3ce0129a65472a50d8ed6f9e08b4d993799fc (0.00s)
    --- PASS: FuzzBn256Add/2fcf18e47e7a6753477799cbfffd80b07dec3ca5 (0.00s)
    --- PASS: FuzzBn256Add/31b97f6a325da164b6be7ca969aaf40504d9f564 (0.00s)
    --- PASS: FuzzBn256Add/324853919a8b99d833bd20554a140140b24d06cb (0.00s)
    --- PASS: FuzzBn256Add/32a2c56808bab7bfec058a986cb47998ac5d2c85 (0.00s)
    --- PASS: FuzzBn256Add/3401663e936b530d25b4780fa0e0cef428ef789f (0.00s)
    --- PASS: FuzzBn256Add/38958c736bbd4ba9d02f092b2e30f3ce41e8ded8 (0.00s)
    --- PASS: FuzzBn256Add/3c5c8c222721fd0fa0a39631167bea453e010e59 (0.00s)
    --- PASS: FuzzBn256Add/3ce019c3690867651e29510d288b2439fa7e8e16 (0.00s)
    --- PASS: FuzzBn256Add/3d6e7f797c00f0c0a1fd33bc036d8ca09d53c75f (0.00s)
    --- PASS: FuzzBn256Add/3e358064169b8716dbc153d05ef410ebeea2a531 (0.00s)
    --- PASS: FuzzBn256Add/42dd183c674ef1032a5faeb0658b8624ccd3c445 (0.00s)
    --- PASS: FuzzBn256Add/452df2b33422cdc52f4456d5ebd63783e4161e6e (0.00s)
    --- PASS: FuzzBn256Add/46973887482257d1e1d8c548340ea62ad5331ae6 (0.00s)
    --- PASS: FuzzBn256Add/498128dbdc3c19bc3e10923d86734aca3f1a906e (0.00s)
    --- PASS: FuzzBn256Add/4c8252ec8ddd43fd442d9a0ccd6f0a326926c8bf (0.00s)
    --- PASS: FuzzBn256Add/4ee17eb4957fef512fb1847769189f5fdf6188b4 (0.00s)
    --- PASS: FuzzBn256Add/4ffa2c3f697adc89891e11e8f34e4dc729d93280 (0.00s)
    --- PASS: FuzzBn256Add/50361f625f360b8a108ed1d71964d1185be81353 (0.00s)
    --- PASS: FuzzBn256Add/540e94abce2b4621ae89f59a08706c4c60f7be14 (0.00s)
    --- PASS: FuzzBn256Add/598cad38637f1e0550b8433a637eeecc3444eb06 (0.00s)
    --- PASS: FuzzBn256Add/5df8f9075a982968b20be34bf133dfe0d85ecdf0 (0.00s)
    --- PASS: FuzzBn256Add/5f07f7d2dcc3756dde21178b42a3a192b8178f36 (0.00s)
    --- PASS: FuzzBn256Add/5fb03f929fad2e4e2e349e205652e9277bca6aca (0.00s)
    --- PASS: FuzzBn256Add/601cac94ebcc64dad92c896b32806ca2baff7fb7 (0.00s)
    --- PASS: FuzzBn256Add/60962a476067682e1601f6c26673fa3aeca376d3 (0.00s)
    --- PASS: FuzzBn256Add/60a7e20d0b55231cf64424acad3ec605719794e7 (0.00s)
    --- PASS: FuzzBn256Add/61c798938f105bf088bad14067107160590f7531 (0.00s)
    --- PASS: FuzzBn256Add/647effab178085946632dab72fc74e66e722dcfb (0.00s)
    --- PASS: FuzzBn256Add/663ae031674a29f821f6274768984380f7c4c996 (0.00s)
    --- PASS: FuzzBn256Add/67f2b56b70131f1466fc633e40b150b25a05686c (0.00s)
    --- PASS: FuzzBn256Add/6823484d64a0e6e9e48d3b9326c7e01685cacd49 (0.00s)
    --- PASS: FuzzBn256Add/6e3da0bb7ccb54246d904ee7d795c1d47ab6d4d4 (0.00s)
    --- PASS: FuzzBn256Add/6e5e3f41f8b32e78726033e801c36c37c31511bb (0.00s)
    --- PASS: FuzzBn256Add/71c1ee04a6b6011a6357e66336f2450250ccb7e8 (0.00s)
    --- PASS: FuzzBn256Add/72381bdfd60896e50218a1585259d856d249bd01 (0.00s)
    --- PASS: FuzzBn256Add/727e692d7c7734a48cf4472771689b7aed358354 (0.00s)
    --- PASS: FuzzBn256Add/763b121a04f59857399dcbb0c3e029539fe0a027 (0.00s)
    --- PASS: FuzzBn256Add/77935d263a7e16f7b4a2f5a6135410ecb5823223 (0.00s)
    --- PASS: FuzzBn256Add/77d4f837addf0218a786d3cf32728f70620a4f2b (0.00s)
    --- PASS: FuzzBn256Add/7a7736709cac44913f4c6b1278e0b6e68181e9c6 (0.00s)
    --- PASS: FuzzBn256Add/7a8e1a5fdf2561b2d2b05fb1d6bd5f75bfb0b389 (0.00s)
    --- PASS: FuzzBn256Add/7c32e1a92288989d3a8c91a0c41c0f7d265bc4a3 (0.00s)
    --- PASS: FuzzBn256Add/7d53415cfcc72acd91c0abb6622f60a69f539d46 (0.00s)
    --- PASS: FuzzBn256Add/7e15bb5c01e7dd56499e37c634cf791d3a519aee (0.00s)
    --- PASS: FuzzBn256Add/800c049d1810bfc30cf811a1176b99ddf30fdbc2 (0.00s)
    --- PASS: FuzzBn256Add/81260f8ab967741825d9a43f130ad9c9e68bd8dc (0.00s)
    --- PASS: FuzzBn256Add/813bf10f4ada60cda440df5ac5d9adb650c03aac (0.00s)
    --- PASS: FuzzBn256Add/84285caeca2eab2399e65321a906fcb8b5e31d49 (0.00s)
    --- PASS: FuzzBn256Add/84642889d1bcc8c21e461ba69ae3960eab8d2b77 (0.00s)
    --- PASS: FuzzBn256Add/86c4c225f09cd158d819759735779e62658b6341 (0.00s)
    --- PASS: FuzzBn256Add/87825b1b457b46109cfe0ae5b6fb56dfa50fe90d (0.00s)
    --- PASS: FuzzBn256Add/88e349fbf97fcf38a5316e7619ea261de1ab24f7 (0.00s)
    --- PASS: FuzzBn256Add/89d6e4b2aaa51e7c7c0427eb1ba67285108a444b (0.00s)
    --- PASS: FuzzBn256Add/8a524b4108e1228022dfeb682d4a5b435a2c6c86 (0.00s)
    --- PASS: FuzzBn256Add/8a8ab3211d36b9ed2814c7e103305a2ff1b32b52 (0.00s)
    --- PASS: FuzzBn256Add/8bb787ac99a16a7fdfd53c829dbf11c628aa39e4 (0.00s)
    --- PASS: FuzzBn256Add/8daef31ac61de14ee199dcaba8cb01828882c451 (0.00s)
    --- PASS: FuzzBn256Add/8e8c98ba4893ddd0703c8e77731255e7e5ac9f7b (0.00s)
    --- PASS: FuzzBn256Add/8edb2388bf329959fbf4dad205655c15378d99f8 (0.00s)
    --- PASS: FuzzBn256Add/8f37fbb5495b58ccd2d4d99929634a9eb71c942e (0.00s)
    --- PASS: FuzzBn256Add/8f41fefa169755a11b29f82b80f3c50622bcfbae (0.00s)
    --- PASS: FuzzBn256Add/8fbb91f2f0efacb2eb0a5a12d581c726134683fd (0.00s)
    --- PASS: FuzzBn256Add/9069ca78e7450a285173431b3e52c5c25299e473 (0.00s)
    --- PASS: FuzzBn256Add/90d09cc5c2f2f12f70bbc7a66f5373f35e206625 (0.00s)
    --- PASS: FuzzBn256Add/921131d631f4f8cb2553a6b59f851ad77879591a (0.00s)
    --- PASS: FuzzBn256Add/97a5d5681839929712e32a8e9239c106854f1855 (0.00s)
    --- PASS: FuzzBn256Add/9a8954357255da232b89f73eb1b4d5a64a31d9cc (0.00s)
    --- PASS: FuzzBn256Add/9bbcf6f4d20f4bd724d98019743a0fbe0d34b2e1 (0.00s)
    --- PASS: FuzzBn256Add/9fe263818316eb1cb10cddce44420b438353c549 (0.00s)
    --- PASS: FuzzBn256Add/a0fd3218689152a2a3910acba42075a5d8cefc5d (0.00s)
    --- PASS: FuzzBn256Add/a186b2f2d8780d64dae27871de7c7964b8fad783 (0.00s)
    --- PASS: FuzzBn256Add/a512f9df6c4580f4e448c51f4ba2902356eb454c (0.00s)
    --- PASS: FuzzBn256Add/a74d75f6926bc063063b62017764aa4935f6d233 (0.00s)
    --- PASS: FuzzBn256Add/a8085d42155a6ddc9bd9d0f8a1c5be19dabf84de (0.00s)
    --- PASS: FuzzBn256Add/a8156c294ea56cf578f21bf242e9eb96740f2e61 (0.00s)
    --- PASS: FuzzBn256Add/aa18e10af515ceb81a7643b60fd07efa7b3890fb (0.00s)
    --- PASS: FuzzBn256Add/aaf25006e8e62dda8d3f32a6f78aa0de4f467a81 (0.00s)
    --- PASS: FuzzBn256Add/ac9f536e77031a0979e71299a3c493e508790b4b (0.00s)
    --- PASS: FuzzBn256Add/b3b3d702fc5cbdf5f10bb177b819f6f9ad8514d5 (0.00s)
    --- PASS: FuzzBn256Add/b3ec9c0026c42673689cf91ee9d6ce39ddb095ce (0.00s)
    --- PASS: FuzzBn256Add/b62576530f138fa7238f274d7b10ae2ef952eb83 (0.00s)
    --- PASS: FuzzBn256Add/b77305e8c9f65785f0eedc5e6414bf4991b885a6 (0.00s)
    --- PASS: FuzzBn256Add/b7f0d7ae8cf3166766aedcbde22c6a56a4cc900b (0.00s)
    --- PASS: FuzzBn256Add/b82530260912a406488c3368a360c4569eab8ea8 (0.00s)
    --- PASS: FuzzBn256Add/b9c4668a765acbba79706244fb8b6e0f3c6e0633 (0.00s)
    --- PASS: FuzzBn256Add/bad0171f42b038b454315980b8daf2773a64cb53 (0.00s)
    --- PASS: FuzzBn256Add/be7d894e782672cc8e2aaa56659c1ea28aebbf32 (0.00s)
    --- PASS: FuzzBn256Add/c6510edf24e15c75bc57d8014bae1b63e87f212a (0.00s)
    --- PASS: FuzzBn256Add/c91225e594d50ba63ebc4798d922f04a0c6cf8d3 (0.00s)
    --- PASS: FuzzBn256Add/cadeda162e5b217652b2c93734b0bb70f0b72ab1 (0.00s)
    --- PASS: FuzzBn256Add/cb422964d533d649dba68fe33a332667489df607 (0.00s)
    --- PASS: FuzzBn256Add/cbdf93b5db1e985d830ef5d5a0be4f42b09b2c66 (0.00s)
    --- PASS: FuzzBn256Add/cc5852927c2fb8c18c147b8fcd064482350b81ee (0.00s)
    --- PASS: FuzzBn256Add/ce0bdc4401da3e71e384e091243d867a65d4fcae (0.00s)
    --- PASS: FuzzBn256Add/d470aca5a087da34bc75e06235836be5c87bb6b1 (0.00s)
    --- PASS: FuzzBn256Add/d49ae75595691214053457fe4a914e44d022557d (0.00s)
    --- PASS: FuzzBn256Add/d53a401c3bf651584c97d1717ff9fdb99728ac0f (0.00s)
    --- PASS: FuzzBn256Add/daf23d7866db9d4c437da30beb1a92fd3e3cfdf5 (0.00s)
    --- PASS: FuzzBn256Add/dd1bedbb6a5e00b6a684ac5a9a780c940c24e411 (0.00s)
    --- PASS: FuzzBn256Add/deed495f3554b68d39bae4b7b16120e65f95585d (0.00s)
    --- PASS: FuzzBn256Add/e51464a528cc19d5b44d18aa1f636a808489034a (0.00s)
    --- PASS: FuzzBn256Add/e7615c32fa78144d9ca5c8442dc38d023cc41042 (0.00s)
    --- PASS: FuzzBn256Add/e786bbb603cfcebc54ca1239d2e8a3c8ef48e648 (0.00s)
    --- PASS: FuzzBn256Add/e9fe50101bc3c87a35e5a6f0b2bb42869cc153ab (0.00s)
    --- PASS: FuzzBn256Add/eca742217ce6be685116711bf782a1948990ab4e (0.00s)
    --- PASS: FuzzBn256Add/edd2923fcaf74c06b662aaa838efeab94e14ff21 (0.00s)
    --- PASS: FuzzBn256Add/f09af48d1ede1a57c9e298ee02a9444b25ba77a8 (0.00s)
    --- PASS: FuzzBn256Add/f09c0d9d104f90cdd93bca0279dc175356d5a267 (0.00s)
    --- PASS: FuzzBn256Add/f0b2cad66f200df308b869012ce06967b1073655 (0.00s)
    --- PASS: FuzzBn256Add/f24c3f6ffa4bb7ab853ddf66ae77316bba0d84d6 (0.00s)
    --- PASS: FuzzBn256Add/f4b42dd1274d3221c0c58c8c8f91e72aac9f98c3 (0.00s)
    --- PASS: FuzzBn256Add/f4eb127e256a1deecd7fbe4583aa06c164a0d54f (0.00s)
    --- PASS: FuzzBn256Add/f654394a43ce49f6711274ed9ae6c589999e14c4 (0.00s)
    --- PASS: FuzzBn256Add/f662f6fec9646bb26902ec443b30de8aad3a7406 (0.00s)
    --- PASS: FuzzBn256Add/f7e9f9b726f64574092187447b1f19c1d05584e5 (0.00s)
    --- PASS: FuzzBn256Add/f983f930cc8ca419e914d920e3040b766886cc7e (0.00s)
    --- PASS: FuzzBn256Add/fa201d8c8f7e3021fc310b14cdddc2129ac8dceb (0.00s)
    --- PASS: FuzzBn256Add/fa54b916fb8a29fdeb7fd88a14c5b9d2e0733f6c (0.00s)
    --- PASS: FuzzBn256Add/fb668bf4a9e00b911132ab155a03afeedb78b346 (0.00s)
    --- PASS: FuzzBn256Add/fba9ae8682f38856b0c4b3cc37b49a099fb52463 (0.00s)
    --- PASS: FuzzBn256Add/fc490abd7ba242173e39da0e510e37a43f4841c1 (0.00s)
    --- PASS: FuzzBn256Add/fdb356d65f3b8c78028a9ebd470bc20033c1acb4 (0.00s)
    --- PASS: FuzzBn256Add/feb45c5e53db8b73f15a469c7d3965f4ce504cde (0.00s)
    --- PASS: FuzzBn256Add/ff4193afaaf1f2e5591c3f0651855ce5858ed153 (0.00s)
=== RUN   FuzzBn256Mul
=== RUN   FuzzBn256Mul/01decbc3ddc911ed89327aab1fdf3d991a87f291
=== RUN   FuzzBn256Mul/027a817abad09b8a3711e4a326689bc6055ef807
=== RUN   FuzzBn256Mul/0282409b2b4b015972cc1557329dfd3d9f0f017f
=== RUN   FuzzBn256Mul/04bfda3124a01310462a7aa16630d07c83727ce8
=== RUN   FuzzBn256Mul/051ac325b16ad0b3853511292e67eb705fe0d8f4
=== RUN   FuzzBn256Mul/056cf42a333075ff5caabd994d12612e53b0155d
=== RUN   FuzzBn256Mul/05d7549a10805f49229a1a75634f5838b47ba1ac
=== RUN   FuzzBn256Mul/05f395f04ff46dfae501af06e640e16107fd0d4f
=== RUN   FuzzBn256Mul/06608fa99c783b4a164319b2c10856297941d6a4
=== RUN   FuzzBn256Mul/07388214a6537956d3aee34b87f359263781c7e9
=== RUN   FuzzBn256Mul/07db959d6eb8ec0255f5de8d2ccaa7b84bad5f67
=== RUN   FuzzBn256Mul/082623e59461e611e689a079adaaa4a9e9f4e9a1
=== RUN   FuzzBn256Mul/0831ce99f1931b5747340dcbba4b6136865c770e
=== RUN   FuzzBn256Mul/0a7894d40ca4cfe56107a71a399660ba177114a9
=== RUN   FuzzBn256Mul/0d19f00e74a9ed8496673ca71bc1fd13507989af
=== RUN   FuzzBn256Mul/0d7b221d1c25964b5ec445e7a1e9aa7dfaeb1a3d
=== RUN   FuzzBn256Mul/0daad51e4810d3f906969fb1ef47e59abeaaf201
=== RUN   FuzzBn256Mul/0e87ae6f918585936b008c512e553f2f8a38e13b
=== RUN   FuzzBn256Mul/0f179f8ebf9f2e8db05d1b160f8fcb086fbbe92a
=== RUN   FuzzBn256Mul/0f2aead6c61400793b12a3b15edb42bd5828389a
=== RUN   FuzzBn256Mul/0f31923e40fb49d87b600ec739c280a0f2f0c1ed
=== RUN   FuzzBn256Mul/0f79f0b2362de41c5d2bc4288c79b6f7ff7cb57b
=== RUN   FuzzBn256Mul/0f970cfc8ff07023d2b24c676804d753dfc8bd46
=== RUN   FuzzBn256Mul/0fc09aec5473c08fc6de0b82508b0acb044feaaf
=== RUN   FuzzBn256Mul/0fd33cb2eb06053f8b700a093276e3ddcf6f476b
=== RUN   FuzzBn256Mul/105a79a425fe76a3fa43ecec0206337f66995c9b
=== RUN   FuzzBn256Mul/10db8de5c652edaab15681a5b84d2c9e677fb48a
=== RUN   FuzzBn256Mul/1360db1e71a8973dfeb18cd1a19ab19a571c6d9b
=== RUN   FuzzBn256Mul/155314cc48a4ad670154ea1c4ef147ebfed344dc
=== RUN   FuzzBn256Mul/16670f43d7df2848bd7c73c7a814827ad95626ef
=== RUN   FuzzBn256Mul/179f73a60f199c2803dfe20ae7f57472c942172b
=== RUN   FuzzBn256Mul/19b99d92f7e9a516b835acb0fda5f32facd15957
=== RUN   FuzzBn256Mul/19c684111f728194c931f234f4ba03d476d74846
=== RUN   FuzzBn256Mul/1a4efb77125f4e0bbd899a5b79f27b73bd7a85a3
=== RUN   FuzzBn256Mul/1a9d058760bc89ba07d6fee9ec80b1a9b4a8cf51
=== RUN   FuzzBn256Mul/1bb4d60fd1165682ba6f51b9ad68019372ebb5c8
=== RUN   FuzzBn256Mul/1c0f08f77294168907fa47346b00d0a3422fd26f
=== RUN   FuzzBn256Mul/1cd98b0caa7c64921e29fcc48b1425a21a42a229
=== RUN   FuzzBn256Mul/1d15266b81f4983744a9186dbec70bf045e8bfcd
=== RUN   FuzzBn256Mul/1f49d6f57eaeb1a856c72a523d2426da5af4a38a
=== RUN   FuzzBn256Mul/1fd2d2f6a1d4e49d0eb30b90c54677159bf6bcda
=== RUN   FuzzBn256Mul/20375eaf8f3ee4337135aff0d3c2d91ca5c4afa3
=== RUN   FuzzBn256Mul/251d2b370c1ef5567e70d6cf0376a7b53299b1e6
=== RUN   FuzzBn256Mul/25283c7b93d7c13e9554a9798ea549c6be431291
=== RUN   FuzzBn256Mul/25b18b81a29fa8802dd61816dd28a4bd6ffde8f0
=== RUN   FuzzBn256Mul/27692f833d9f03bfde01a25257d665cb57b2996e
=== RUN   FuzzBn256Mul/2813b9e03164cd2a523344decf640ff33da5a660
=== RUN   FuzzBn256Mul/28f1bfc956eca597fb1b57ece151dd313ddbf629
=== RUN   FuzzBn256Mul/2909c85b11139490f6e3ea701bdefe4434a0e5ce
=== RUN   FuzzBn256Mul/293dfeae040eb7d10be4c0fafc37b96c5b820ce1
=== RUN   FuzzBn256Mul/294cd737ac72c199c904acb72f70b31e820fcc9c
=== RUN   FuzzBn256Mul/298ce7e84f132370d5c456c8a00037b01fae90ee
=== RUN   FuzzBn256Mul/29a89728dfba31e6ccae8841ea0d2d850d92eea9
=== RUN   FuzzBn256Mul/29d51ac52977aa20707f2c5d30ab3be7d09cf651
=== RUN   FuzzBn256Mul/2b840ff8d6ce933d4b504e425485395b45319a9d
=== RUN   FuzzBn256Mul/2c62761ec6bde6b22f1fe02046f7c9b3354f264d
=== RUN   FuzzBn256Mul/2d28e47f06969efcb81af94d4455639041f11141
=== RUN   FuzzBn256Mul/2da3921cb0cd0730b0617baf2435adbe103f6a21
=== RUN   FuzzBn256Mul/2de7786fba53a091d6310e77516e0559ff4d605c
=== RUN   FuzzBn256Mul/2f5892e93137c932f22ecb4836bd6242c7c9d2ad
=== RUN   FuzzBn256Mul/30c08691de3c4daefc3663264443c994d5a753ea
=== RUN   FuzzBn256Mul/32011f1590b864d027184a6085f639c898f6b599
=== RUN   FuzzBn256Mul/322b7e6e6148f8275ce1cff8ffeb5af48d02326f
=== RUN   FuzzBn256Mul/355a2276f23fbf41056581fe084d671292702c50
=== RUN   FuzzBn256Mul/375c89a2526a93dd1415a695ce3a00733cd5a492
=== RUN   FuzzBn256Mul/38f0323bdbaa096ba0960e1bcb470f111f6d7707
=== RUN   FuzzBn256Mul/392d6dac0f93aaa24696fb6553d6929883dc072f
=== RUN   FuzzBn256Mul/39b270b36f6fc83f9138506a1ff7db3672b1f95b
=== RUN   FuzzBn256Mul/3ca9a07157e11308a3f5f2a42d25445f508cdf56
=== RUN   FuzzBn256Mul/3df24947780739f58f406261aa27ab2ff6945a41
=== RUN   FuzzBn256Mul/3e4e842f0bc45de2250d83555d1cb84d3837eafe
=== RUN   FuzzBn256Mul/3facb39c1cc20d5389c44f97f9f9a1fe63b3f146
=== RUN   FuzzBn256Mul/3fc9df75b95a680e504d42bd71bcd26cf99c5207
=== RUN   FuzzBn256Mul/42482bd5c5c8e2acf07b931af86062a7f2b5d778
=== RUN   FuzzBn256Mul/4261054417a6e07c0f2e0eb32e8de71f8dce09e4
=== RUN   FuzzBn256Mul/4265d79473969c25de44a42a79d170167f77430c
=== RUN   FuzzBn256Mul/450d5f5801cffbb3a565d5f6e3b9c8c0e0d452ca
=== RUN   FuzzBn256Mul/4529d39e2c7e1bec492a2937a30c811f60e9e248
=== RUN   FuzzBn256Mul/454668a92f0b910620e63af5bb3d990dbce5d7be
=== RUN   FuzzBn256Mul/4635cc0e7e4d0520ff3581c38d205cf61c2c3b79
=== RUN   FuzzBn256Mul/4674774701f47bbc3294cc56d022f97d3ad864ca
=== RUN   FuzzBn256Mul/472603f600ea4f2318f2aa3caf0f81b0939898be
=== RUN   FuzzBn256Mul/499d5856fd6e4bdb15c1cad4732e2b5d961ae69d
=== RUN   FuzzBn256Mul/4b74d925db4152b413ad2aa568f25bca5a243ec8
=== RUN   FuzzBn256Mul/4cb650afb98927e6650b18ef59f006a471086ca5
=== RUN   FuzzBn256Mul/4cca43cadd2e2687b72e50b9751c5f82b49548d1
=== RUN   FuzzBn256Mul/4d162514da2c5a3a1619b488b34142d75d14e05f
=== RUN   FuzzBn256Mul/4ded838a99656c71f0be3e8bb3a93e98a63ab31f
=== RUN   FuzzBn256Mul/4ecd5d8dbe310dc28799c8faec334fd32584b4d1
=== RUN   FuzzBn256Mul/5092b84d10130315cacb83eea8db568215c2f9e5
=== RUN   FuzzBn256Mul/510cdf69e4427041bdd50127d1c9f4d1c0cd72ff
=== RUN   FuzzBn256Mul/533fb75347e1980d25e8c5118be3466504167c42
=== RUN   FuzzBn256Mul/536bcd8a2ba34def0a250dab4b5457b3bb43ec99
=== RUN   FuzzBn256Mul/540dd246f1997fa415794a8cef6967978c796267
=== RUN   FuzzBn256Mul/547aa3319342d96dc570f0cfcf9b35d7b8ad2aa4
=== RUN   FuzzBn256Mul/565698d085cb22e6f97fbeb80a0c0a17d9b420bc
=== RUN   FuzzBn256Mul/571d7341d478a25c48b914b5e2be499bb150a166
=== RUN   FuzzBn256Mul/57b49f893ad6a8fbad4576bb42c4394e8c392174
=== RUN   FuzzBn256Mul/5a79f1ccb2ee393b6a149ed05b1654ab38620d7b
=== RUN   FuzzBn256Mul/5ae0d074dbb0b10f0e57c40f2d174099a5e8bebf
=== RUN   FuzzBn256Mul/5dec9b21e5d79f87ea11f22ee6bbb968af51be56
=== RUN   FuzzBn256Mul/5ebdda88b65fa98a2d11a061d0e2add05eafe4dd
=== RUN   FuzzBn256Mul/5ecb6d729e0a81f2e798820c165e5042d3d8fa86
=== RUN   FuzzBn256Mul/5eec557f92c61bbd97b592fd6ac9b413ad5df45f
=== RUN   FuzzBn256Mul/60554e2871bc2a1c4f8cc09e5d09d0ed0bee9e33
=== RUN   FuzzBn256Mul/6123884c9df91ce572657774d6dd75113c3fe78b
=== RUN   FuzzBn256Mul/6191184ea2c2eb3cffd502835fc21dec0768dbc7
=== RUN   FuzzBn256Mul/61efb07f4046aeb0adf42fd37109edfe1cbe0f5d
=== RUN   FuzzBn256Mul/635856912072a9470007fc4a3e43adda6ba24a7d
=== RUN   FuzzBn256Mul/644a0fd1fd18ae4a66eb01a3159eaf69feb513f8
=== RUN   FuzzBn256Mul/656d8dd37e5e6bd54287b8d70ba3fa0efa195942
=== RUN   FuzzBn256Mul/66c1e08fe0bcbbcc099e9851c0ddbc105f934495
=== RUN   FuzzBn256Mul/67475a1a964fd21abe8982729cda9c2f5e1ad7be
=== RUN   FuzzBn256Mul/6770a62e02709e4ab2162a37212119e66430dffe
=== RUN   FuzzBn256Mul/67c2a4e65806134e8136a9de16c7033fad9921df
=== RUN   FuzzBn256Mul/68fa63c05c53d9a5ae69ed034574ad0cd4699953
=== RUN   FuzzBn256Mul/696e51b992f9d68d3ef835afeb5e630ca13cd4cf
=== RUN   FuzzBn256Mul/6b2c0c139f1473af4e4ccc15f9f3089c90e8c74b
=== RUN   FuzzBn256Mul/6b40628983c32c26cb5a49b44ed13894ec6ec1be
=== RUN   FuzzBn256Mul/6be67465a2ef223f22b5969a7dc60e232749376b
=== RUN   FuzzBn256Mul/6c62eb3bf055ac3be34d37c057317ed8a08f21ef
=== RUN   FuzzBn256Mul/6c76ea4c752956f1e4582e685b68df684964e5b0
=== RUN   FuzzBn256Mul/6cd6b9b65a0a6a938093799f1cbcf031029112fa
=== RUN   FuzzBn256Mul/6f0699771fa24b1420ef3f22bbe5ad5af960d255
=== RUN   FuzzBn256Mul/6f13c1bb5d2ea04efb6e6d18ba98a3c2ea4ea50f
=== RUN   FuzzBn256Mul/70d238c97e991fab2a9b51cf7d50c0bbf0aaa3b8
=== RUN   FuzzBn256Mul/71231fc2c7290a5864a45165034eb0b8b634aacb
=== RUN   FuzzBn256Mul/7450b7f8f76c4df9da21b64422188d642de2fb8d
=== RUN   FuzzBn256Mul/75929e8436915f48d62c76db3afa400404b01e9e
=== RUN   FuzzBn256Mul/75a8513c1bc30efd23b3017c9cdb77fe39993885
=== RUN   FuzzBn256Mul/77a031d504fbfc4eec9a548016af9b0d2f452917
=== RUN   FuzzBn256Mul/7892dfea297d9d6f75dfd1f6666be670c8f3dbb4
=== RUN   FuzzBn256Mul/79b0b60d2d24e5cefd33633a4d3be5247887c639
=== RUN   FuzzBn256Mul/7a6ed11c16fad302c12a101a6e4fb5bedb1112bd
=== RUN   FuzzBn256Mul/7ad03b9c2554f9c14d3d6b06a52e41cb47765257
=== RUN   FuzzBn256Mul/7c1d29e80633b2c90e6301e01de476c49d0546fb
=== RUN   FuzzBn256Mul/7c90ce0de36397d933f4a14c1878811925f282f7
=== RUN   FuzzBn256Mul/7d1d4d8b78a28b001730f20e58d76cd63f5a5514
=== RUN   FuzzBn256Mul/7d35ae843f9d2537e0415d616fc5f466fe9cb1e9
=== RUN   FuzzBn256Mul/7d6758b46e31a5409c28b6202f041ddfdbd25986
=== RUN   FuzzBn256Mul/7dbd7c710918f7592aa7660c81d80c534d2d31f1
=== RUN   FuzzBn256Mul/7de743b28d2218308ac6d389ab75e61a2aeeee7a
=== RUN   FuzzBn256Mul/82b1852d49f6edec7c404de023040211a8db2910
=== RUN   FuzzBn256Mul/82f5924032ed564125e1473166db546d4d1a26db
=== RUN   FuzzBn256Mul/833e6b2e5334fd868af3d00d1df807e0a4509075
=== RUN   FuzzBn256Mul/842441a8de5bedaad354466f7bb2e28132067cd7
=== RUN   FuzzBn256Mul/84b72695b64b7d1e11a7d73bcd71a1b8df37fe32
=== RUN   FuzzBn256Mul/84fb8319d1c6220b98faff00c65f219a191dee44
=== RUN   FuzzBn256Mul/8574d9944398248c84ef99e3ead42bedfcfceaa0
=== RUN   FuzzBn256Mul/8635e03057e37b554dc4a44e2535694241451f26
=== RUN   FuzzBn256Mul/865e3bcaadff3d8d01574e4d3511796c28f2fb51
=== RUN   FuzzBn256Mul/869e4ea8b74425555377549ab0743dc814fceb89
=== RUN   FuzzBn256Mul/86b725422313581d1d11188de70ee4f969b03c23
=== RUN   FuzzBn256Mul/870e5ca4f85cd8423072347eb737526f966c7274
=== RUN   FuzzBn256Mul/89716606ba602aa86a286254a0b4635584c30390
=== RUN   FuzzBn256Mul/899266e88f7e4268bec1cf857bdc7b5f5d61a495
=== RUN   FuzzBn256Mul/8aba2802cc4ea45bf8122a58cac02d12668e1e60
=== RUN   FuzzBn256Mul/8b028260a42f3bb17136e5813db6cbe65b391de4
=== RUN   FuzzBn256Mul/8bc0ef2a5e95b646051e872fec205a6ec5ef51bc
=== RUN   FuzzBn256Mul/8e6cfc2dbc9decd1cbdb45f9506b97434e6fee1c
=== RUN   FuzzBn256Mul/903b1922beab0ab7dfb9932b50ff40b4a00af41a
=== RUN   FuzzBn256Mul/903b34084805ffbcc4ea46e53c5e40d2beaa8706
=== RUN   FuzzBn256Mul/944f255379561e41bb9d116b9fb66ae4e06026e1
=== RUN   FuzzBn256Mul/95f8e20bccd39d4891a3f92dc09eb3e8f85b47c7
=== RUN   FuzzBn256Mul/98cb37e54e722a11c1374c795938049020c1dd49
=== RUN   FuzzBn256Mul/9ad6adfdc45ee2ec4b4aac20a1be60b0cd7c614d
=== RUN   FuzzBn256Mul/9c24737da4a3adf82548f602db04cd9b75fba767
=== RUN   FuzzBn256Mul/9cf2a71ae9f81ec326622897261275b5ccab8171
=== RUN   FuzzBn256Mul/9d43c2fe0a6497dbe5956b50217f059257948ff5
=== RUN   FuzzBn256Mul/9d97c4143a3277e487211ae41f5f232d123e24ab
=== RUN   FuzzBn256Mul/9e40d7eb0b0a7a08f12ecf5343bcabdbc4ad45bb
=== RUN   FuzzBn256Mul/9f533029b370345c753288d8055ddf25c5702ed5
=== RUN   FuzzBn256Mul/a06a39fd177d53e7fdb5bb8fbe5aab860f6d3274
=== RUN   FuzzBn256Mul/a099c58767ec4ba0571ec274fa6ee04d420d4f11
=== RUN   FuzzBn256Mul/a227f24de60212642de734fe3f0cfffd1c874061
=== RUN   FuzzBn256Mul/a254afb23a11fc1d352e21dbbe28183558ea63d9
=== RUN   FuzzBn256Mul/a2e5c8cff2e79a1fa6110bf19037f5ef765861be
=== RUN   FuzzBn256Mul/a3013393bad3cf8c821b84784fb72a601c1bea8d
=== RUN   FuzzBn256Mul/a9ee61fb964068343d2357ae6a39546fbf46bd3b
=== RUN   FuzzBn256Mul/aa93c056bfdd63615f49c41a37b5c50987710a1e
=== RUN   FuzzBn256Mul/ab8800b214ec0de9b7e63565061d41beea04d2c6
=== RUN   FuzzBn256Mul/ab9dce7e65dd78d33955d8610b0fe8c23d743d54
=== RUN   FuzzBn256Mul/abc0af90350e3a3ad0548c5d7c1527b628fd6101
=== RUN   FuzzBn256Mul/ad1b61d22a9e613edfdefac32eff1b278d496cb6
=== RUN   FuzzBn256Mul/ad547908ea7a284eafa6c0fb978b84eac8f0dced
=== RUN   FuzzBn256Mul/adc83b19e793491b1c6ea0fd8b46cd9f32e592fc
=== RUN   FuzzBn256Mul/adf9191cea0072af87d6be3cb4c52e4f19447e3a
=== RUN   FuzzBn256Mul/af9869aa6c24fffb890fb40ddba6ab81d7e8e1ea
=== RUN   FuzzBn256Mul/b244178ba10a0f25cb1a0c222a742f5b73eaa330
=== RUN   FuzzBn256Mul/b2469a225f31e43eb91acaa9ad0a04b612588d2a
=== RUN   FuzzBn256Mul/b2e5558f24c76f2906744e3e81ac3d53cce1f8e0
=== RUN   FuzzBn256Mul/b8e5419aa117a1256435c1cd9b75ffee851b3893
=== RUN   FuzzBn256Mul/ba125dc8fe678dbdc6bc730f0c6fb8c8b8dc709a
=== RUN   FuzzBn256Mul/ba1652b7200618b51edcd43ea8626e7093830186
=== RUN   FuzzBn256Mul/ba21fd2e31e4ab825039efc2624b8b3d89a64c34
=== RUN   FuzzBn256Mul/baf301ad72fbff1de10d107e8757d68b5f30f691
=== RUN   FuzzBn256Mul/bccba9abe9e69a0726d3f73b8438ec956fd0d0c7
=== RUN   FuzzBn256Mul/bce6c92dce9287596f863086a64162b211f7df5d
=== RUN   FuzzBn256Mul/bd5fb7c0a913bf177523b4b3946df99e4531dfb2
=== RUN   FuzzBn256Mul/c0e5b61f9652d682a68e30fe89f3dcabceecceb3
=== RUN   FuzzBn256Mul/c14e7ec95c5b2fe49e299d253ed17f89819dd5a1
=== RUN   FuzzBn256Mul/c27cc2f83da6684765081138a5e7d3ef85e8e95e
=== RUN   FuzzBn256Mul/c34f837b48cbcdbcadecc89cb426e24bd7d361e6
=== RUN   FuzzBn256Mul/c68ca1aec020a5c6dcedd5ca7d893ac3f131315f
=== RUN   FuzzBn256Mul/c7a0dcdfd09fea3152f14b35b8f236f127de7ae1
=== RUN   FuzzBn256Mul/c7b96411020f38c1b54e88899cdde447fb863fec
=== RUN   FuzzBn256Mul/c839b08b246c9d1b44a6a76e9dc1a5551b4f2296
=== RUN   FuzzBn256Mul/c978b6d3099049cfda78bb083646bbac9e4e9336
=== RUN   FuzzBn256Mul/ca09c8aea2d7ba121ceb1c0d550a7cd6ff77b13c
=== RUN   FuzzBn256Mul/cb2a624c119c58e25eb0bbf1b2b9aa3861e44aeb
=== RUN   FuzzBn256Mul/cb88472474115c4d6e528a925f5b80b8c457723b
=== RUN   FuzzBn256Mul/cb94a0a7a9ad0a3bcf680ffb0fcaaec64a511078
=== RUN   FuzzBn256Mul/ce6d6edec703bcaa6eb7d4d08c34704ad1bfdf3f
=== RUN   FuzzBn256Mul/d0c04f7f19922f2f32a215d61ee904c014c7bb4f
=== RUN   FuzzBn256Mul/d44c28dc5c32e58ff41c2eb1f4db6d2b4d3c94ca
=== RUN   FuzzBn256Mul/d8124fc7a766a4767f236b80bb11d342bd02b99c
=== RUN   FuzzBn256Mul/d83b56d79f0bb354ee02942d7595d1184156e103
=== RUN   FuzzBn256Mul/d8a8721b923478906650f5ca01381b9994eff496
=== RUN   FuzzBn256Mul/daadab789106c60602d542d806817d018207e521
=== RUN   FuzzBn256Mul/dc6fb6acba3accc81dcc96774af3c611d104842c
=== RUN   FuzzBn256Mul/dd5575da350a5f145dd6f4f62c71c40f7f1f1cb5
=== RUN   FuzzBn256Mul/de12a6ffbe4a8ddcd0cc477835636c37fe8bb7ef
=== RUN   FuzzBn256Mul/de219e4fbbaac328e15232eb76078fb24c8fac28
=== RUN   FuzzBn256Mul/dfd89047506cc6706b54ce917f2851f5d5385186
=== RUN   FuzzBn256Mul/e088bb604ba844ed5c33f8422d682473c6c67a9c
=== RUN   FuzzBn256Mul/e143001667b205f4be484c63bbacdd7fd80921ac
=== RUN   FuzzBn256Mul/e2841b5cfda0e83b3549faefbf6e19fa259dd011
=== RUN   FuzzBn256Mul/e2dcb5e59971161c851060f0bd41529609bd25f8
=== RUN   FuzzBn256Mul/e3b17d925fb433c9c9700f8c02703995af130a80
=== RUN   FuzzBn256Mul/e501eedb0a57d562380071d988e8f247b59b1afe
=== RUN   FuzzBn256Mul/e5262dab3e5a015c819aee9542ce0e4e25c4b3ad
=== RUN   FuzzBn256Mul/e7fdf11fcf15b763f627e921ceaf3458bfc57151
=== RUN   FuzzBn256Mul/eb3529818dda1be883383839b053ef17768535e9
=== RUN   FuzzBn256Mul/eb65667de5e78eb32720c4e43fb68b98ff367384
=== RUN   FuzzBn256Mul/ec696cd071a6d97535fce3940fc3cb2bf9dbaa2b
=== RUN   FuzzBn256Mul/ed29bd143484c4e529d76b0a11b3b069430c0122
=== RUN   FuzzBn256Mul/ed40a5d2d73d42c1e2e1d5a2525b709a0f754938
=== RUN   FuzzBn256Mul/f0fa0f11c98b45e71a9dbd21db2004d9dae7e37a
=== RUN   FuzzBn256Mul/f177ea1ac73da0189851512fcb07aa5cf1448287
=== RUN   FuzzBn256Mul/f1cd13b9889f5f45e1f4e82ef17a1c3dd2ba0b5e
=== RUN   FuzzBn256Mul/f371449e3d7d655c19c065d66ab840bf35849047
=== RUN   FuzzBn256Mul/f46aba5143f7d89298de3d1ce5b67163899918f3
=== RUN   FuzzBn256Mul/f4730fd2ed6a4bbbb4ae2f9aee64b9d06442b5c2
=== RUN   FuzzBn256Mul/f4978fb41bfecfbcb66ec5204b58712e6d7c5258
=== RUN   FuzzBn256Mul/f4b517cfeb60c2c2508ddb47d47584f723689359
=== RUN   FuzzBn256Mul/f592918facb8c53845bd46a1109a60649193b8e4
=== RUN   FuzzBn256Mul/f847b8e97132ab8c9a86dfb9d03bf9dc8a7de0bb
=== RUN   FuzzBn256Mul/f8c0459d6d2863ed57c0263f924a9afe2700d141
=== RUN   FuzzBn256Mul/f9cea122a24a016af0b7ce7266f977a8c7ebaf1c
=== RUN   FuzzBn256Mul/fb2ce230e49dc844636a33282679861d90b3dd70
=== RUN   FuzzBn256Mul/fb8d3e42de7ff7b359d788b167703841acb6457b
=== RUN   FuzzBn256Mul/fd304bbc68e6aade0a7abc68d8339e40bdd0569e
=== RUN   FuzzBn256Mul/fd340a13cb5adecfe967b4e1bdf1594a589cebee
=== RUN   FuzzBn256Mul/fd66b0b79da95fdc0bf0fa41c0315d78159e2fa7
=== RUN   FuzzBn256Mul/ff64e90fe39ad1736e1d065308386df3b45925ac
--- PASS: FuzzBn256Mul (0.36s)
    --- PASS: FuzzBn256Mul/01decbc3ddc911ed89327aab1fdf3d991a87f291 (0.00s)
    --- PASS: FuzzBn256Mul/027a817abad09b8a3711e4a326689bc6055ef807 (0.00s)
    --- PASS: FuzzBn256Mul/0282409b2b4b015972cc1557329dfd3d9f0f017f (0.01s)
    --- PASS: FuzzBn256Mul/04bfda3124a01310462a7aa16630d07c83727ce8 (0.00s)
    --- PASS: FuzzBn256Mul/051ac325b16ad0b3853511292e67eb705fe0d8f4 (0.00s)
    --- PASS: FuzzBn256Mul/056cf42a333075ff5caabd994d12612e53b0155d (0.00s)
    --- PASS: FuzzBn256Mul/05d7549a10805f49229a1a75634f5838b47ba1ac (0.00s)
    --- PASS: FuzzBn256Mul/05f395f04ff46dfae501af06e640e16107fd0d4f (0.00s)
    --- PASS: FuzzBn256Mul/06608fa99c783b4a164319b2c10856297941d6a4 (0.00s)
    --- PASS: FuzzBn256Mul/07388214a6537956d3aee34b87f359263781c7e9 (0.00s)
    --- PASS: FuzzBn256Mul/07db959d6eb8ec0255f5de8d2ccaa7b84bad5f67 (0.00s)
    --- PASS: FuzzBn256Mul/082623e59461e611e689a079adaaa4a9e9f4e9a1 (0.00s)
    --- PASS: FuzzBn256Mul/0831ce99f1931b5747340dcbba4b6136865c770e (0.00s)
    --- PASS: FuzzBn256Mul/0a7894d40ca4cfe56107a71a399660ba177114a9 (0.00s)
    --- PASS: FuzzBn256Mul/0d19f00e74a9ed8496673ca71bc1fd13507989af (0.00s)
    --- PASS: FuzzBn256Mul/0d7b221d1c25964b5ec445e7a1e9aa7dfaeb1a3d (0.00s)
    --- PASS: FuzzBn256Mul/0daad51e4810d3f906969fb1ef47e59abeaaf201 (0.00s)
    --- PASS: FuzzBn256Mul/0e87ae6f918585936b008c512e553f2f8a38e13b (0.00s)
    --- PASS: FuzzBn256Mul/0f179f8ebf9f2e8db05d1b160f8fcb086fbbe92a (0.00s)
    --- PASS: FuzzBn256Mul/0f2aead6c61400793b12a3b15edb42bd5828389a (0.00s)
    --- PASS: FuzzBn256Mul/0f31923e40fb49d87b600ec739c280a0f2f0c1ed (0.00s)
    --- PASS: FuzzBn256Mul/0f79f0b2362de41c5d2bc4288c79b6f7ff7cb57b (0.00s)
    --- PASS: FuzzBn256Mul/0f970cfc8ff07023d2b24c676804d753dfc8bd46 (0.00s)
    --- PASS: FuzzBn256Mul/0fc09aec5473c08fc6de0b82508b0acb044feaaf (0.00s)
    --- PASS: FuzzBn256Mul/0fd33cb2eb06053f8b700a093276e3ddcf6f476b (0.00s)
    --- PASS: FuzzBn256Mul/105a79a425fe76a3fa43ecec0206337f66995c9b (0.00s)
    --- PASS: FuzzBn256Mul/10db8de5c652edaab15681a5b84d2c9e677fb48a (0.00s)
    --- PASS: FuzzBn256Mul/1360db1e71a8973dfeb18cd1a19ab19a571c6d9b (0.00s)
    --- PASS: FuzzBn256Mul/155314cc48a4ad670154ea1c4ef147ebfed344dc (0.01s)
    --- PASS: FuzzBn256Mul/16670f43d7df2848bd7c73c7a814827ad95626ef (0.00s)
    --- PASS: FuzzBn256Mul/179f73a60f199c2803dfe20ae7f57472c942172b (0.00s)
    --- PASS: FuzzBn256Mul/19b99d92f7e9a516b835acb0fda5f32facd15957 (0.00s)
    --- PASS: FuzzBn256Mul/19c684111f728194c931f234f4ba03d476d74846 (0.00s)
    --- PASS: FuzzBn256Mul/1a4efb77125f4e0bbd899a5b79f27b73bd7a85a3 (0.00s)
    --- PASS: FuzzBn256Mul/1a9d058760bc89ba07d6fee9ec80b1a9b4a8cf51 (0.00s)
    --- PASS: FuzzBn256Mul/1bb4d60fd1165682ba6f51b9ad68019372ebb5c8 (0.01s)
    --- PASS: FuzzBn256Mul/1c0f08f77294168907fa47346b00d0a3422fd26f (0.00s)
    --- PASS: FuzzBn256Mul/1cd98b0caa7c64921e29fcc48b1425a21a42a229 (0.00s)
    --- PASS: FuzzBn256Mul/1d15266b81f4983744a9186dbec70bf045e8bfcd (0.00s)
    --- PASS: FuzzBn256Mul/1f49d6f57eaeb1a856c72a523d2426da5af4a38a (0.00s)
    --- PASS: FuzzBn256Mul/1fd2d2f6a1d4e49d0eb30b90c54677159bf6bcda (0.00s)
    --- PASS: FuzzBn256Mul/20375eaf8f3ee4337135aff0d3c2d91ca5c4afa3 (0.00s)
    --- PASS: FuzzBn256Mul/251d2b370c1ef5567e70d6cf0376a7b53299b1e6 (0.00s)
    --- PASS: FuzzBn256Mul/25283c7b93d7c13e9554a9798ea549c6be431291 (0.00s)
    --- PASS: FuzzBn256Mul/25b18b81a29fa8802dd61816dd28a4bd6ffde8f0 (0.00s)
    --- PASS: FuzzBn256Mul/27692f833d9f03bfde01a25257d665cb57b2996e (0.00s)
    --- PASS: FuzzBn256Mul/2813b9e03164cd2a523344decf640ff33da5a660 (0.00s)
    --- PASS: FuzzBn256Mul/28f1bfc956eca597fb1b57ece151dd313ddbf629 (0.00s)
    --- PASS: FuzzBn256Mul/2909c85b11139490f6e3ea701bdefe4434a0e5ce (0.00s)
    --- PASS: FuzzBn256Mul/293dfeae040eb7d10be4c0fafc37b96c5b820ce1 (0.00s)
    --- PASS: FuzzBn256Mul/294cd737ac72c199c904acb72f70b31e820fcc9c (0.00s)
    --- PASS: FuzzBn256Mul/298ce7e84f132370d5c456c8a00037b01fae90ee (0.00s)
    --- PASS: FuzzBn256Mul/29a89728dfba31e6ccae8841ea0d2d850d92eea9 (0.00s)
    --- PASS: FuzzBn256Mul/29d51ac52977aa20707f2c5d30ab3be7d09cf651 (0.00s)
    --- PASS: FuzzBn256Mul/2b840ff8d6ce933d4b504e425485395b45319a9d (0.00s)
    --- PASS: FuzzBn256Mul/2c62761ec6bde6b22f1fe02046f7c9b3354f264d (0.00s)
    --- PASS: FuzzBn256Mul/2d28e47f06969efcb81af94d4455639041f11141 (0.00s)
    --- PASS: FuzzBn256Mul/2da3921cb0cd0730b0617baf2435adbe103f6a21 (0.00s)
    --- PASS: FuzzBn256Mul/2de7786fba53a091d6310e77516e0559ff4d605c (0.00s)
    --- PASS: FuzzBn256Mul/2f5892e93137c932f22ecb4836bd6242c7c9d2ad (0.00s)
    --- PASS: FuzzBn256Mul/30c08691de3c4daefc3663264443c994d5a753ea (0.00s)
    --- PASS: FuzzBn256Mul/32011f1590b864d027184a6085f639c898f6b599 (0.00s)
    --- PASS: FuzzBn256Mul/322b7e6e6148f8275ce1cff8ffeb5af48d02326f (0.00s)
    --- PASS: FuzzBn256Mul/355a2276f23fbf41056581fe084d671292702c50 (0.00s)
    --- PASS: FuzzBn256Mul/375c89a2526a93dd1415a695ce3a00733cd5a492 (0.00s)
    --- PASS: FuzzBn256Mul/38f0323bdbaa096ba0960e1bcb470f111f6d7707 (0.00s)
    --- PASS: FuzzBn256Mul/392d6dac0f93aaa24696fb6553d6929883dc072f (0.00s)
    --- PASS: FuzzBn256Mul/39b270b36f6fc83f9138506a1ff7db3672b1f95b (0.00s)
    --- PASS: FuzzBn256Mul/3ca9a07157e11308a3f5f2a42d25445f508cdf56 (0.00s)
    --- PASS: FuzzBn256Mul/3df24947780739f58f406261aa27ab2ff6945a41 (0.00s)
    --- PASS: FuzzBn256Mul/3e4e842f0bc45de2250d83555d1cb84d3837eafe (0.00s)
    --- PASS: FuzzBn256Mul/3facb39c1cc20d5389c44f97f9f9a1fe63b3f146 (0.00s)
    --- PASS: FuzzBn256Mul/3fc9df75b95a680e504d42bd71bcd26cf99c5207 (0.00s)
    --- PASS: FuzzBn256Mul/42482bd5c5c8e2acf07b931af86062a7f2b5d778 (0.00s)
    --- PASS: FuzzBn256Mul/4261054417a6e07c0f2e0eb32e8de71f8dce09e4 (0.00s)
    --- PASS: FuzzBn256Mul/4265d79473969c25de44a42a79d170167f77430c (0.00s)
    --- PASS: FuzzBn256Mul/450d5f5801cffbb3a565d5f6e3b9c8c0e0d452ca (0.00s)
    --- PASS: FuzzBn256Mul/4529d39e2c7e1bec492a2937a30c811f60e9e248 (0.00s)
    --- PASS: FuzzBn256Mul/454668a92f0b910620e63af5bb3d990dbce5d7be (0.00s)
    --- PASS: FuzzBn256Mul/4635cc0e7e4d0520ff3581c38d205cf61c2c3b79 (0.00s)
    --- PASS: FuzzBn256Mul/4674774701f47bbc3294cc56d022f97d3ad864ca (0.00s)
    --- PASS: FuzzBn256Mul/472603f600ea4f2318f2aa3caf0f81b0939898be (0.00s)
    --- PASS: FuzzBn256Mul/499d5856fd6e4bdb15c1cad4732e2b5d961ae69d (0.00s)
    --- PASS: FuzzBn256Mul/4b74d925db4152b413ad2aa568f25bca5a243ec8 (0.00s)
    --- PASS: FuzzBn256Mul/4cb650afb98927e6650b18ef59f006a471086ca5 (0.00s)
    --- PASS: FuzzBn256Mul/4cca43cadd2e2687b72e50b9751c5f82b49548d1 (0.00s)
    --- PASS: FuzzBn256Mul/4d162514da2c5a3a1619b488b34142d75d14e05f (0.00s)
    --- PASS: FuzzBn256Mul/4ded838a99656c71f0be3e8bb3a93e98a63ab31f (0.00s)
    --- PASS: FuzzBn256Mul/4ecd5d8dbe310dc28799c8faec334fd32584b4d1 (0.00s)
    --- PASS: FuzzBn256Mul/5092b84d10130315cacb83eea8db568215c2f9e5 (0.00s)
    --- PASS: FuzzBn256Mul/510cdf69e4427041bdd50127d1c9f4d1c0cd72ff (0.00s)
    --- PASS: FuzzBn256Mul/533fb75347e1980d25e8c5118be3466504167c42 (0.00s)
    --- PASS: FuzzBn256Mul/536bcd8a2ba34def0a250dab4b5457b3bb43ec99 (0.00s)
    --- PASS: FuzzBn256Mul/540dd246f1997fa415794a8cef6967978c796267 (0.00s)
    --- PASS: FuzzBn256Mul/547aa3319342d96dc570f0cfcf9b35d7b8ad2aa4 (0.00s)
    --- PASS: FuzzBn256Mul/565698d085cb22e6f97fbeb80a0c0a17d9b420bc (0.00s)
    --- PASS: FuzzBn256Mul/571d7341d478a25c48b914b5e2be499bb150a166 (0.00s)
    --- PASS: FuzzBn256Mul/57b49f893ad6a8fbad4576bb42c4394e8c392174 (0.00s)
    --- PASS: FuzzBn256Mul/5a79f1ccb2ee393b6a149ed05b1654ab38620d7b (0.00s)
    --- PASS: FuzzBn256Mul/5ae0d074dbb0b10f0e57c40f2d174099a5e8bebf (0.00s)
    --- PASS: FuzzBn256Mul/5dec9b21e5d79f87ea11f22ee6bbb968af51be56 (0.01s)
    --- PASS: FuzzBn256Mul/5ebdda88b65fa98a2d11a061d0e2add05eafe4dd (0.00s)
    --- PASS: FuzzBn256Mul/5ecb6d729e0a81f2e798820c165e5042d3d8fa86 (0.00s)
    --- PASS: FuzzBn256Mul/5eec557f92c61bbd97b592fd6ac9b413ad5df45f (0.00s)
    --- PASS: FuzzBn256Mul/60554e2871bc2a1c4f8cc09e5d09d0ed0bee9e33 (0.00s)
    --- PASS: FuzzBn256Mul/6123884c9df91ce572657774d6dd75113c3fe78b (0.00s)
    --- PASS: FuzzBn256Mul/6191184ea2c2eb3cffd502835fc21dec0768dbc7 (0.00s)
    --- PASS: FuzzBn256Mul/61efb07f4046aeb0adf42fd37109edfe1cbe0f5d (0.00s)
    --- PASS: FuzzBn256Mul/635856912072a9470007fc4a3e43adda6ba24a7d (0.00s)
    --- PASS: FuzzBn256Mul/644a0fd1fd18ae4a66eb01a3159eaf69feb513f8 (0.00s)
    --- PASS: FuzzBn256Mul/656d8dd37e5e6bd54287b8d70ba3fa0efa195942 (0.00s)
    --- PASS: FuzzBn256Mul/66c1e08fe0bcbbcc099e9851c0ddbc105f934495 (0.00s)
    --- PASS: FuzzBn256Mul/67475a1a964fd21abe8982729cda9c2f5e1ad7be (0.00s)
    --- PASS: FuzzBn256Mul/6770a62e02709e4ab2162a37212119e66430dffe (0.01s)
    --- PASS: FuzzBn256Mul/67c2a4e65806134e8136a9de16c7033fad9921df (0.00s)
    --- PASS: FuzzBn256Mul/68fa63c05c53d9a5ae69ed034574ad0cd4699953 (0.00s)
    --- PASS: FuzzBn256Mul/696e51b992f9d68d3ef835afeb5e630ca13cd4cf (0.00s)
    --- PASS: FuzzBn256Mul/6b2c0c139f1473af4e4ccc15f9f3089c90e8c74b (0.00s)
    --- PASS: FuzzBn256Mul/6b40628983c32c26cb5a49b44ed13894ec6ec1be (0.00s)
    --- PASS: FuzzBn256Mul/6be67465a2ef223f22b5969a7dc60e232749376b (0.00s)
    --- PASS: FuzzBn256Mul/6c62eb3bf055ac3be34d37c057317ed8a08f21ef (0.00s)
    --- PASS: FuzzBn256Mul/6c76ea4c752956f1e4582e685b68df684964e5b0 (0.00s)
    --- PASS: FuzzBn256Mul/6cd6b9b65a0a6a938093799f1cbcf031029112fa (0.00s)
    --- PASS: FuzzBn256Mul/6f0699771fa24b1420ef3f22bbe5ad5af960d255 (0.00s)
    --- PASS: FuzzBn256Mul/6f13c1bb5d2ea04efb6e6d18ba98a3c2ea4ea50f (0.00s)
    --- PASS: FuzzBn256Mul/70d238c97e991fab2a9b51cf7d50c0bbf0aaa3b8 (0.00s)
    --- PASS: FuzzBn256Mul/71231fc2c7290a5864a45165034eb0b8b634aacb (0.00s)
    --- PASS: FuzzBn256Mul/7450b7f8f76c4df9da21b64422188d642de2fb8d (0.00s)
    --- PASS: FuzzBn256Mul/75929e8436915f48d62c76db3afa400404b01e9e (0.00s)
    --- PASS: FuzzBn256Mul/75a8513c1bc30efd23b3017c9cdb77fe39993885 (0.00s)
    --- PASS: FuzzBn256Mul/77a031d504fbfc4eec9a548016af9b0d2f452917 (0.00s)
    --- PASS: FuzzBn256Mul/7892dfea297d9d6f75dfd1f6666be670c8f3dbb4 (0.00s)
    --- PASS: FuzzBn256Mul/79b0b60d2d24e5cefd33633a4d3be5247887c639 (0.00s)
    --- PASS: FuzzBn256Mul/7a6ed11c16fad302c12a101a6e4fb5bedb1112bd (0.00s)
    --- PASS: FuzzBn256Mul/7ad03b9c2554f9c14d3d6b06a52e41cb47765257 (0.00s)
    --- PASS: FuzzBn256Mul/7c1d29e80633b2c90e6301e01de476c49d0546fb (0.00s)
    --- PASS: FuzzBn256Mul/7c90ce0de36397d933f4a14c1878811925f282f7 (0.00s)
    --- PASS: FuzzBn256Mul/7d1d4d8b78a28b001730f20e58d76cd63f5a5514 (0.00s)
    --- PASS: FuzzBn256Mul/7d35ae843f9d2537e0415d616fc5f466fe9cb1e9 (0.00s)
    --- PASS: FuzzBn256Mul/7d6758b46e31a5409c28b6202f041ddfdbd25986 (0.00s)
    --- PASS: FuzzBn256Mul/7dbd7c710918f7592aa7660c81d80c534d2d31f1 (0.00s)
    --- PASS: FuzzBn256Mul/7de743b28d2218308ac6d389ab75e61a2aeeee7a (0.00s)
    --- PASS: FuzzBn256Mul/82b1852d49f6edec7c404de023040211a8db2910 (0.00s)
    --- PASS: FuzzBn256Mul/82f5924032ed564125e1473166db546d4d1a26db (0.00s)
    --- PASS: FuzzBn256Mul/833e6b2e5334fd868af3d00d1df807e0a4509075 (0.00s)
    --- PASS: FuzzBn256Mul/842441a8de5bedaad354466f7bb2e28132067cd7 (0.00s)
    --- PASS: FuzzBn256Mul/84b72695b64b7d1e11a7d73bcd71a1b8df37fe32 (0.00s)
    --- PASS: FuzzBn256Mul/84fb8319d1c6220b98faff00c65f219a191dee44 (0.00s)
    --- PASS: FuzzBn256Mul/8574d9944398248c84ef99e3ead42bedfcfceaa0 (0.00s)
    --- PASS: FuzzBn256Mul/8635e03057e37b554dc4a44e2535694241451f26 (0.00s)
    --- PASS: FuzzBn256Mul/865e3bcaadff3d8d01574e4d3511796c28f2fb51 (0.00s)
    --- PASS: FuzzBn256Mul/869e4ea8b74425555377549ab0743dc814fceb89 (0.00s)
    --- PASS: FuzzBn256Mul/86b725422313581d1d11188de70ee4f969b03c23 (0.00s)
    --- PASS: FuzzBn256Mul/870e5ca4f85cd8423072347eb737526f966c7274 (0.01s)
    --- PASS: FuzzBn256Mul/89716606ba602aa86a286254a0b4635584c30390 (0.00s)
    --- PASS: FuzzBn256Mul/899266e88f7e4268bec1cf857bdc7b5f5d61a495 (0.00s)
    --- PASS: FuzzBn256Mul/8aba2802cc4ea45bf8122a58cac02d12668e1e60 (0.00s)
    --- PASS: FuzzBn256Mul/8b028260a42f3bb17136e5813db6cbe65b391de4 (0.00s)
    --- PASS: FuzzBn256Mul/8bc0ef2a5e95b646051e872fec205a6ec5ef51bc (0.00s)
    --- PASS: FuzzBn256Mul/8e6cfc2dbc9decd1cbdb45f9506b97434e6fee1c (0.00s)
    --- PASS: FuzzBn256Mul/903b1922beab0ab7dfb9932b50ff40b4a00af41a (0.00s)
    --- PASS: FuzzBn256Mul/903b34084805ffbcc4ea46e53c5e40d2beaa8706 (0.00s)
    --- PASS: FuzzBn256Mul/944f255379561e41bb9d116b9fb66ae4e06026e1 (0.00s)
    --- PASS: FuzzBn256Mul/95f8e20bccd39d4891a3f92dc09eb3e8f85b47c7 (0.00s)
    --- PASS: FuzzBn256Mul/98cb37e54e722a11c1374c795938049020c1dd49 (0.00s)
    --- PASS: FuzzBn256Mul/9ad6adfdc45ee2ec4b4aac20a1be60b0cd7c614d (0.00s)
    --- PASS: FuzzBn256Mul/9c24737da4a3adf82548f602db04cd9b75fba767 (0.01s)
    --- PASS: FuzzBn256Mul/9cf2a71ae9f81ec326622897261275b5ccab8171 (0.00s)
    --- PASS: FuzzBn256Mul/9d43c2fe0a6497dbe5956b50217f059257948ff5 (0.00s)
    --- PASS: FuzzBn256Mul/9d97c4143a3277e487211ae41f5f232d123e24ab (0.00s)
    --- PASS: FuzzBn256Mul/9e40d7eb0b0a7a08f12ecf5343bcabdbc4ad45bb (0.00s)
    --- PASS: FuzzBn256Mul/9f533029b370345c753288d8055ddf25c5702ed5 (0.00s)
    --- PASS: FuzzBn256Mul/a06a39fd177d53e7fdb5bb8fbe5aab860f6d3274 (0.00s)
    --- PASS: FuzzBn256Mul/a099c58767ec4ba0571ec274fa6ee04d420d4f11 (0.00s)
    --- PASS: FuzzBn256Mul/a227f24de60212642de734fe3f0cfffd1c874061 (0.00s)
    --- PASS: FuzzBn256Mul/a254afb23a11fc1d352e21dbbe28183558ea63d9 (0.00s)
    --- PASS: FuzzBn256Mul/a2e5c8cff2e79a1fa6110bf19037f5ef765861be (0.00s)
    --- PASS: FuzzBn256Mul/a3013393bad3cf8c821b84784fb72a601c1bea8d (0.00s)
    --- PASS: FuzzBn256Mul/a9ee61fb964068343d2357ae6a39546fbf46bd3b (0.00s)
    --- PASS: FuzzBn256Mul/aa93c056bfdd63615f49c41a37b5c50987710a1e (0.00s)
    --- PASS: FuzzBn256Mul/ab8800b214ec0de9b7e63565061d41beea04d2c6 (0.00s)
    --- PASS: FuzzBn256Mul/ab9dce7e65dd78d33955d8610b0fe8c23d743d54 (0.00s)
    --- PASS: FuzzBn256Mul/abc0af90350e3a3ad0548c5d7c1527b628fd6101 (0.00s)
    --- PASS: FuzzBn256Mul/ad1b61d22a9e613edfdefac32eff1b278d496cb6 (0.00s)
    --- PASS: FuzzBn256Mul/ad547908ea7a284eafa6c0fb978b84eac8f0dced (0.01s)
    --- PASS: FuzzBn256Mul/adc83b19e793491b1c6ea0fd8b46cd9f32e592fc (0.00s)
    --- PASS: FuzzBn256Mul/adf9191cea0072af87d6be3cb4c52e4f19447e3a (0.00s)
    --- PASS: FuzzBn256Mul/af9869aa6c24fffb890fb40ddba6ab81d7e8e1ea (0.00s)
    --- PASS: FuzzBn256Mul/b244178ba10a0f25cb1a0c222a742f5b73eaa330 (0.00s)
    --- PASS: FuzzBn256Mul/b2469a225f31e43eb91acaa9ad0a04b612588d2a (0.00s)
    --- PASS: FuzzBn256Mul/b2e5558f24c76f2906744e3e81ac3d53cce1f8e0 (0.00s)
    --- PASS: FuzzBn256Mul/b8e5419aa117a1256435c1cd9b75ffee851b3893 (0.01s)
    --- PASS: FuzzBn256Mul/ba125dc8fe678dbdc6bc730f0c6fb8c8b8dc709a (0.00s)
    --- PASS: FuzzBn256Mul/ba1652b7200618b51edcd43ea8626e7093830186 (0.00s)
    --- PASS: FuzzBn256Mul/ba21fd2e31e4ab825039efc2624b8b3d89a64c34 (0.00s)
    --- PASS: FuzzBn256Mul/baf301ad72fbff1de10d107e8757d68b5f30f691 (0.00s)
    --- PASS: FuzzBn256Mul/bccba9abe9e69a0726d3f73b8438ec956fd0d0c7 (0.00s)
    --- PASS: FuzzBn256Mul/bce6c92dce9287596f863086a64162b211f7df5d (0.00s)
    --- PASS: FuzzBn256Mul/bd5fb7c0a913bf177523b4b3946df99e4531dfb2 (0.00s)
    --- PASS: FuzzBn256Mul/c0e5b61f9652d682a68e30fe89f3dcabceecceb3 (0.00s)
    --- PASS: FuzzBn256Mul/c14e7ec95c5b2fe49e299d253ed17f89819dd5a1 (0.00s)
    --- PASS: FuzzBn256Mul/c27cc2f83da6684765081138a5e7d3ef85e8e95e (0.00s)
    --- PASS: FuzzBn256Mul/c34f837b48cbcdbcadecc89cb426e24bd7d361e6 (0.00s)
    --- PASS: FuzzBn256Mul/c68ca1aec020a5c6dcedd5ca7d893ac3f131315f (0.00s)
    --- PASS: FuzzBn256Mul/c7a0dcdfd09fea3152f14b35b8f236f127de7ae1 (0.00s)
    --- PASS: FuzzBn256Mul/c7b96411020f38c1b54e88899cdde447fb863fec (0.00s)
    --- PASS: FuzzBn256Mul/c839b08b246c9d1b44a6a76e9dc1a5551b4f2296 (0.00s)
    --- PASS: FuzzBn256Mul/c978b6d3099049cfda78bb083646bbac9e4e9336 (0.00s)
    --- PASS: FuzzBn256Mul/ca09c8aea2d7ba121ceb1c0d550a7cd6ff77b13c (0.00s)
    --- PASS: FuzzBn256Mul/cb2a624c119c58e25eb0bbf1b2b9aa3861e44aeb (0.00s)
    --- PASS: FuzzBn256Mul/cb88472474115c4d6e528a925f5b80b8c457723b (0.00s)
    --- PASS: FuzzBn256Mul/cb94a0a7a9ad0a3bcf680ffb0fcaaec64a511078 (0.00s)
    --- PASS: FuzzBn256Mul/ce6d6edec703bcaa6eb7d4d08c34704ad1bfdf3f (0.00s)
    --- PASS: FuzzBn256Mul/d0c04f7f19922f2f32a215d61ee904c014c7bb4f (0.00s)
    --- PASS: FuzzBn256Mul/d44c28dc5c32e58ff41c2eb1f4db6d2b4d3c94ca (0.00s)
    --- PASS: FuzzBn256Mul/d8124fc7a766a4767f236b80bb11d342bd02b99c (0.00s)
    --- PASS: FuzzBn256Mul/d83b56d79f0bb354ee02942d7595d1184156e103 (0.00s)
    --- PASS: FuzzBn256Mul/d8a8721b923478906650f5ca01381b9994eff496 (0.01s)
    --- PASS: FuzzBn256Mul/daadab789106c60602d542d806817d018207e521 (0.00s)
    --- PASS: FuzzBn256Mul/dc6fb6acba3accc81dcc96774af3c611d104842c (0.00s)
    --- PASS: FuzzBn256Mul/dd5575da350a5f145dd6f4f62c71c40f7f1f1cb5 (0.00s)
    --- PASS: FuzzBn256Mul/de12a6ffbe4a8ddcd0cc477835636c37fe8bb7ef (0.00s)
    --- PASS: FuzzBn256Mul/de219e4fbbaac328e15232eb76078fb24c8fac28 (0.00s)
    --- PASS: FuzzBn256Mul/dfd89047506cc6706b54ce917f2851f5d5385186 (0.00s)
    --- PASS: FuzzBn256Mul/e088bb604ba844ed5c33f8422d682473c6c67a9c (0.00s)
    --- PASS: FuzzBn256Mul/e143001667b205f4be484c63bbacdd7fd80921ac (0.00s)
    --- PASS: FuzzBn256Mul/e2841b5cfda0e83b3549faefbf6e19fa259dd011 (0.00s)
    --- PASS: FuzzBn256Mul/e2dcb5e59971161c851060f0bd41529609bd25f8 (0.00s)
    --- PASS: FuzzBn256Mul/e3b17d925fb433c9c9700f8c02703995af130a80 (0.00s)
    --- PASS: FuzzBn256Mul/e501eedb0a57d562380071d988e8f247b59b1afe (0.00s)
    --- PASS: FuzzBn256Mul/e5262dab3e5a015c819aee9542ce0e4e25c4b3ad (0.00s)
    --- PASS: FuzzBn256Mul/e7fdf11fcf15b763f627e921ceaf3458bfc57151 (0.00s)
    --- PASS: FuzzBn256Mul/eb3529818dda1be883383839b053ef17768535e9 (0.00s)
    --- PASS: FuzzBn256Mul/eb65667de5e78eb32720c4e43fb68b98ff367384 (0.00s)
    --- PASS: FuzzBn256Mul/ec696cd071a6d97535fce3940fc3cb2bf9dbaa2b (0.00s)
    --- PASS: FuzzBn256Mul/ed29bd143484c4e529d76b0a11b3b069430c0122 (0.00s)
    --- PASS: FuzzBn256Mul/ed40a5d2d73d42c1e2e1d5a2525b709a0f754938 (0.00s)
    --- PASS: FuzzBn256Mul/f0fa0f11c98b45e71a9dbd21db2004d9dae7e37a (0.00s)
    --- PASS: FuzzBn256Mul/f177ea1ac73da0189851512fcb07aa5cf1448287 (0.00s)
    --- PASS: FuzzBn256Mul/f1cd13b9889f5f45e1f4e82ef17a1c3dd2ba0b5e (0.00s)
    --- PASS: FuzzBn256Mul/f371449e3d7d655c19c065d66ab840bf35849047 (0.00s)
    --- PASS: FuzzBn256Mul/f46aba5143f7d89298de3d1ce5b67163899918f3 (0.00s)
    --- PASS: FuzzBn256Mul/f4730fd2ed6a4bbbb4ae2f9aee64b9d06442b5c2 (0.00s)
    --- PASS: FuzzBn256Mul/f4978fb41bfecfbcb66ec5204b58712e6d7c5258 (0.00s)
    --- PASS: FuzzBn256Mul/f4b517cfeb60c2c2508ddb47d47584f723689359 (0.00s)
    --- PASS: FuzzBn256Mul/f592918facb8c53845bd46a1109a60649193b8e4 (0.00s)
    --- PASS: FuzzBn256Mul/f847b8e97132ab8c9a86dfb9d03bf9dc8a7de0bb (0.00s)
    --- PASS: FuzzBn256Mul/f8c0459d6d2863ed57c0263f924a9afe2700d141 (0.00s)
    --- PASS: FuzzBn256Mul/f9cea122a24a016af0b7ce7266f977a8c7ebaf1c (0.00s)
    --- PASS: FuzzBn256Mul/fb2ce230e49dc844636a33282679861d90b3dd70 (0.00s)
    --- PASS: FuzzBn256Mul/fb8d3e42de7ff7b359d788b167703841acb6457b (0.00s)
    --- PASS: FuzzBn256Mul/fd304bbc68e6aade0a7abc68d8339e40bdd0569e (0.00s)
    --- PASS: FuzzBn256Mul/fd340a13cb5adecfe967b4e1bdf1594a589cebee (0.00s)
    --- PASS: FuzzBn256Mul/fd66b0b79da95fdc0bf0fa41c0315d78159e2fa7 (0.00s)
    --- PASS: FuzzBn256Mul/ff64e90fe39ad1736e1d065308386df3b45925ac (0.00s)
=== RUN   FuzzBn256Pair
=== RUN   FuzzBn256Pair/017a066c4eef6c55eb527f8751aebea070a2a07a
=== RUN   FuzzBn256Pair/0183957fbee33fcefb5866b9675938669e5ca079
=== RUN   FuzzBn256Pair/0426027871357987964b82ca8411d498eb23d6f2
=== RUN   FuzzBn256Pair/069d156996eb4e08370cb3fbb9aba9f7b922403a
=== RUN   FuzzBn256Pair/088016e5864ff9eb9117e49d67cfd670f65d2a8a
=== RUN   FuzzBn256Pair/099e8d7a8b95392b90195b6871f80ebea3d8af56
=== RUN   FuzzBn256Pair/0aa15b4ddb5aaf26af948f18aebb9d68afaaaab3
=== RUN   FuzzBn256Pair/0aa7314c3e4122847b79bb9698c53baed51a4eaa
=== RUN   FuzzBn256Pair/0c38819c4e5b0027747cac6589373657f1da5032
=== RUN   FuzzBn256Pair/0caa43dd59c517024378599128d4ec5a66564a66
=== RUN   FuzzBn256Pair/0d8e19a92b66293ea63f0d7767848942d0c75767
=== RUN   FuzzBn256Pair/0e12612fac172a79feca5b48fd8d5451a16ad9f7
=== RUN   FuzzBn256Pair/0f185a380b6cae3dcba44db47bfd4ff358b33a01
=== RUN   FuzzBn256Pair/107edf07f8a659ae8df78fc145d3ca1df660bea7
=== RUN   FuzzBn256Pair/10b9101601069d4780851608ecd7ffb4d80b65fa
=== RUN   FuzzBn256Pair/10d317b098b38092b5f9a224bb3784ecbf066710
=== RUN   FuzzBn256Pair/11709903c573369092c96a1616af36137f4cdd76
=== RUN   FuzzBn256Pair/11e33d255e9b3213e3d15543bf330d9d3866ab5b
=== RUN   FuzzBn256Pair/14d748ef517e30a4531e05a0dbf70a5cd87fb471
=== RUN   FuzzBn256Pair/14fdba2088f96e13cbdac3440ccf61a183615bf6
=== RUN   FuzzBn256Pair/1542c45c0b6b03edb9d837bd3b6ab4247d4ff915
=== RUN   FuzzBn256Pair/16d2b88dcd107c891101e35bcc83e68b4d945fc1
=== RUN   FuzzBn256Pair/191d884179225873565b83fb33c467fb942cebfe
=== RUN   FuzzBn256Pair/19ba57d111ef537d3bbf277f436c542abc97e9e4
=== RUN   FuzzBn256Pair/1e44e487643f44b60d9b245ac22ad0a303c9749e
=== RUN   FuzzBn256Pair/200f1f377d561233fd1c0bf412bca7b3f9eebdce
=== RUN   FuzzBn256Pair/20591357a43f901b2f6f13cc7ffc73808001db13
=== RUN   FuzzBn256Pair/20f884e080a17ed76cf7832ed6b200c57a691c6a
=== RUN   FuzzBn256Pair/22ca078e0033090711babf790a09e89505873e48
=== RUN   FuzzBn256Pair/231d3a79d42a8e84c5233d46f2157ecca267890d
=== RUN   FuzzBn256Pair/234eaa5c69540fc93f7eda30142e03948e8d04c8
=== RUN   FuzzBn256Pair/238d36b04979c0180a2d02d46fd0d052ae8a3e07
=== RUN   FuzzBn256Pair/244f9e89f86bbb3d0a4aa1abb29a15e6c0e0ae8e
=== RUN   FuzzBn256Pair/2648edefaddd8c30e60eca23fc38600cc572b09c
=== RUN   FuzzBn256Pair/26b82d29b3bebceac7b153383fc10cd6e2184968
=== RUN   FuzzBn256Pair/2775852048d725870604c533179f660f106a6141
=== RUN   FuzzBn256Pair/28ac6f76261452bf4f7c77944780370de1d680ae
=== RUN   FuzzBn256Pair/2aae82b8b59cb111d1462a9da4b0ec17bb9a5fe2
=== RUN   FuzzBn256Pair/2af0273aaab7de99a23ca06b9936d11ca70ce097
=== RUN   FuzzBn256Pair/3159df71d0eb5c07d68b598e1363ed7d26b15abc
=== RUN   FuzzBn256Pair/33edc2f2763586182e116d8935015851655a7e12
=== RUN   FuzzBn256Pair/340b4720f918da36e4220f34c6d7d17a1d55b2e1
=== RUN   FuzzBn256Pair/34e5006ef4191359bc27769b3629f3e8d1e46e45
=== RUN   FuzzBn256Pair/3503256af66c98760de7b12f151b6fc2cf644546
=== RUN   FuzzBn256Pair/37f78d0a70fa5dc72d25fe80f7c41940120d73dd
=== RUN   FuzzBn256Pair/38cbd45f9f5fda93c47ee3ef3504201afc034f40
=== RUN   FuzzBn256Pair/39b507d75130d17ef601c1ac66b82bf90368cdf5
=== RUN   FuzzBn256Pair/39ec7ecd63ff02f85043b2f72adf1381ac5916d8
=== RUN   FuzzBn256Pair/3b51e1bc27ad95854f38e7341cc9f8c4f673ac98
=== RUN   FuzzBn256Pair/3c22a66706bbb31e1d107cda2ca1bcd60c8b5d0f
=== RUN   FuzzBn256Pair/3c9942cf5a6f85d952502f6285f2d998809f8609
=== RUN   FuzzBn256Pair/3ddae9852666a6a730aac2c3982cf128e4cc44e9
=== RUN   FuzzBn256Pair/3e377bb02b8bb967436aa78c1426d6f05db13b31
=== RUN   FuzzBn256Pair/42846c3ae7ec67b9918e4a452694ef8001d00e48
=== RUN   FuzzBn256Pair/43c39615d6de6a802e678ab5b9cc7db8ddb6d67b
=== RUN   FuzzBn256Pair/44ec64dd915e30507d508940ef031b6463219cb2
=== RUN   FuzzBn256Pair/4618463e3d93c62c2a237ebd75d1e6632cee2644
=== RUN   FuzzBn256Pair/46bec6919dce434826feb367d0b65a55def0b6bf
=== RUN   FuzzBn256Pair/46eea60b329039f4559ed8c3a93559f19bc9c0b3
=== RUN   FuzzBn256Pair/49376acba9d527f355483fc34a5a69233f80fbc5
=== RUN   FuzzBn256Pair/493e63026d9b4a83313e046ebee309be345af0f2
=== RUN   FuzzBn256Pair/494e95c2952aaae5c01286e7f79857510e06ef55
=== RUN   FuzzBn256Pair/496e9b420e8c9e231c7367a26322611835fc3d11
=== RUN   FuzzBn256Pair/4b86b9859acd63ead852e19d5785d2945856846f
=== RUN   FuzzBn256Pair/4ce278d31ce4c9e5127df49f7c4b75f402cb0e94
=== RUN   FuzzBn256Pair/4d19e5c05920a9662ef71cc222ac01d822d35c7d
=== RUN   FuzzBn256Pair/4f42086b45531574a14b2dbaf5714f472a9b80c9
=== RUN   FuzzBn256Pair/4f5d99a1e829d29320622ee82a399453541b20f6
=== RUN   FuzzBn256Pair/4f7024ac30375c93063f86e3ba86390accb697cd
=== RUN   FuzzBn256Pair/4fe0bd97bf05033a5ac48d2fddd73db13dcbfbe9
=== RUN   FuzzBn256Pair/505e6b5a79c7ee91c1a1ea66d00236ea1943f52e
=== RUN   FuzzBn256Pair/5103b5546977d4562cdf99e579fa641c84e907e6
=== RUN   FuzzBn256Pair/52165ac8a762fb203fb2fe1415362ce312b307c6
=== RUN   FuzzBn256Pair/5299bdeb54ec13d2995e64651f3d2cf201eb691f
=== RUN   FuzzBn256Pair/52ca4a17e5775cd557833d75c298fb4e3f835217
=== RUN   FuzzBn256Pair/54ec96f035f6fdb1947b942b85e1a79af4e28130
=== RUN   FuzzBn256Pair/577a2ab77ff2e9b841b8f60500e8e5ecfcb02f5b
=== RUN   FuzzBn256Pair/5813fbf1dbaa605a56c0c1187577fb1cfb914437
=== RUN   FuzzBn256Pair/58de4d79a45dadd9a77c5220fde9000351d5103d
=== RUN   FuzzBn256Pair/58eb360992327c9ae53f663565aa087fdff0cdb0
=== RUN   FuzzBn256Pair/5a6adcaf91b5839ab9ca467bf6c37ddf6c7e6faf
=== RUN   FuzzBn256Pair/5b1359a59f7d95cf67c8b3b6cfcd379df6216886
=== RUN   FuzzBn256Pair/5b6dd6e90a571f23766b5658cb233b6112efb736
=== RUN   FuzzBn256Pair/5d93085b86688c2eb48686e00156e3c22e16232b
=== RUN   FuzzBn256Pair/60f5f29a9253bd15cfdc37c2917fbd70945bc753
=== RUN   FuzzBn256Pair/646368252a562d5e1e87c2328282f838b2b4db4b
=== RUN   FuzzBn256Pair/66720fce980a561237baf85a146b211586d12d71
=== RUN   FuzzBn256Pair/668fb29fee6309210e6b1046df5596518a50ccfe
=== RUN   FuzzBn256Pair/66a05c1041472774eb70ea1202925277d41bdc1a
=== RUN   FuzzBn256Pair/676090451e902d9acb07a714a5f670e4a261b6fb
=== RUN   FuzzBn256Pair/680ffeb9d84aeb1269dd21817990fbd233f98c70
=== RUN   FuzzBn256Pair/6966a57662d2fbb71b855e6b47c63e0327f10854
=== RUN   FuzzBn256Pair/6bae92a8fd8ca4a1d1d0ab9b6c7f542d3518a02a
=== RUN   FuzzBn256Pair/6c32b0bd95019673bd8547fbeea4c69ea5dd7a0a
=== RUN   FuzzBn256Pair/6c6da028cb165b1f04e1bf3af7c668ee39c60ab9
=== RUN   FuzzBn256Pair/6ddeecde4befa9e5a85fb2548f389c37fd1ae915
=== RUN   FuzzBn256Pair/6df1bf501389dd3b682f11e6fb05c77e7cd2da85
=== RUN   FuzzBn256Pair/6e46175c2c2407ca5df8cd406b7b9032d895b178
=== RUN   FuzzBn256Pair/6f09e068eb14c3b0e8e5c0f32a8058caa99a5733
=== RUN   FuzzBn256Pair/6f6cf33519a35474ce5417722624758e3e9db4bc
=== RUN   FuzzBn256Pair/707994c9d8021a590df363ec17e4c00acb7ee02d
=== RUN   FuzzBn256Pair/71492ef4556a2294fae317394c1a1b0e3c2be6f1
=== RUN   FuzzBn256Pair/71853c6197a6a7f222db0f1978c7cb232b87c5ee
=== RUN   FuzzBn256Pair/71a5f895449bc73e5eaa7da544df3272e4d77770
=== RUN   FuzzBn256Pair/71ad1d16c8a74fd585cfb1c43b84d47ec5fc3c16
=== RUN   FuzzBn256Pair/73adc8497a100a9f36f0bcc09b9a8bf93ec9d0b6
=== RUN   FuzzBn256Pair/73f70c35c49f6342c074d4f7c51e7a95d731fec5
=== RUN   FuzzBn256Pair/74becd820a30b51b07dc80fcbba2282a3b057bc2
=== RUN   FuzzBn256Pair/75bc113e82b60cfe6f72c7b3c0ec2a6767e071e6
=== RUN   FuzzBn256Pair/7605888ebb166b9778f8c2b7092caeb4ec81094b
=== RUN   FuzzBn256Pair/768886630d778945ba679e2ea8548cdb35faa395
=== RUN   FuzzBn256Pair/76af37d37f403e4b27989e8bbd3e2f7bac3c5975
=== RUN   FuzzBn256Pair/7751a5ee3b1ce449032d3eb63ae878e85f1d03e4
=== RUN   FuzzBn256Pair/77fe7f12fe21b1ccce1b2fe9672e9cae4455c8e7
=== RUN   FuzzBn256Pair/79d42497aadb1393cc4b0096472caedc6644071c
=== RUN   FuzzBn256Pair/7a735f7efab732fca056c240139c9b3a3c35007b
=== RUN   FuzzBn256Pair/7b1114d0ee3d6ddf44cbb615e278a1dff8fb9bd2
=== RUN   FuzzBn256Pair/7c1625ac9a5e213849ac133ba0ef3c7bf9b964d1
=== RUN   FuzzBn256Pair/7c91b69483de37ffafffff960f27b4c2592e15ba
=== RUN   FuzzBn256Pair/7d28abee611f16dbff4d9031edc6de37350f7ba6
=== RUN   FuzzBn256Pair/7db3392fe889f7f6124b0758e24f00d33aecd8ab
=== RUN   FuzzBn256Pair/8045ff45a7a7c9eb68f7e8452cca03f62f528181
=== RUN   FuzzBn256Pair/81b24ca831777a89b1ad689fe921f48971a45481
=== RUN   FuzzBn256Pair/82605edcc9b12e7692045b36f183f3a4837ed0d1
=== RUN   FuzzBn256Pair/834a84fe5e9f915cc8c9e974fcb98a8cda1d00b8
=== RUN   FuzzBn256Pair/83cb2897de217c7abc6bfcbb1632a4413d0f365b
=== RUN   FuzzBn256Pair/8496c25e670abfa38d4ef713753c9abe0575d86b
=== RUN   FuzzBn256Pair/86e817e8d586e2628ef65d2109e3478177d7f1ae
=== RUN   FuzzBn256Pair/870c9bed74c3d9a088c180625a4e4924222a5be6
=== RUN   FuzzBn256Pair/872259939d3905616972da07503fcc9d3de0b047
=== RUN   FuzzBn256Pair/8756e6fb2852ad66b08b2a60acf7722a6145ef4e
=== RUN   FuzzBn256Pair/88e544cd5d8f7331096ed3a65c5fd6e9b2c9c999
=== RUN   FuzzBn256Pair/8a134a5d7e2accf4a8e61ffe94f3f1c0e8e317be
=== RUN   FuzzBn256Pair/8b8edca699a3ee969b21f68db60a05ec8daee905
=== RUN   FuzzBn256Pair/8c96ccf8ebbc0fd77ebfca628d8dafe73b5fd2fb
=== RUN   FuzzBn256Pair/8d3651a0620509b0f42d3e1ea68bf09be5075115
=== RUN   FuzzBn256Pair/8ee1936f832c814f17fa265025b7368528b85472
=== RUN   FuzzBn256Pair/8fa378e28123b366c29430c3378f40ee37d4217e
=== RUN   FuzzBn256Pair/908598ac496131eccddacada0c55547279b94788
=== RUN   FuzzBn256Pair/90a26e99e776a34273d09a29c1655720cb690b83
=== RUN   FuzzBn256Pair/927a6726f69b711d570644d1debc799b29c7417b
=== RUN   FuzzBn256Pair/9424cb43a8bc419100c96d201c769f6b260ddd3f
=== RUN   FuzzBn256Pair/9586b9438056ab2f271605cc79b8a3463a0c658c
=== RUN   FuzzBn256Pair/97fb0dc4405fc17e35743865ae8bc3d93f768fc0
=== RUN   FuzzBn256Pair/99c87dfa0589261d294c0bbe122296ccddcf7a9b
=== RUN   FuzzBn256Pair/9cbfe3bd0e8691c8820aa746938c032676423a7a
=== RUN   FuzzBn256Pair/9d290add19840f732ec9cafd07c7cff31b9acabd
=== RUN   FuzzBn256Pair/9effe09770477c7d6476514d3f2892cb8dc384ba
=== RUN   FuzzBn256Pair/9f2c6063cc065aebddc4285db7358becd663c7f4
=== RUN   FuzzBn256Pair/a05024d757ea459e6c5260fdd07a881f836b2177
=== RUN   FuzzBn256Pair/a0a3d97f85e74af96c0175f4c1bda9ca08e9a8d6
=== RUN   FuzzBn256Pair/a0c4ed8ad930b71f2f8fde1a0acaefe833e9003c
=== RUN   FuzzBn256Pair/a0f78d3bcb057705359e87e99c101b44d5f9663c
=== RUN   FuzzBn256Pair/a37786abb9477c97bfa90a1b4fa29552297fbb6c
=== RUN   FuzzBn256Pair/a748ede5e6d9c55595802943c5696d52da9b6be4
=== RUN   FuzzBn256Pair/a7e5b2da4d21e0f09039432e1aa5bff1b30aa9f8
=== RUN   FuzzBn256Pair/a99d708114f22338f4d1f434c9a5268668a4fb85
=== RUN   FuzzBn256Pair/ac01404f7090a5d2ff2520a705c13426cc2f8251
=== RUN   FuzzBn256Pair/acc918ed6c9fc68b375683b9413b8cbbd524a8b7
=== RUN   FuzzBn256Pair/ad6b4c598cf934f3d1ff259fa9c88da75263754a
=== RUN   FuzzBn256Pair/ae7e40c6b5218fccb101b2a8854e53849507fb44
=== RUN   FuzzBn256Pair/aeae506cf3928ac00a1370e11a6e0e1f18e296b4
=== RUN   FuzzBn256Pair/b0127e0792c49c23fb50664cb7687ef2665cba40
=== RUN   FuzzBn256Pair/b29e9487936c66dfea7026bd4c1f1a56614091a1
=== RUN   FuzzBn256Pair/b5332fbb60650a0666466a31700c604a52d2b22e
=== RUN   FuzzBn256Pair/b58c9cab37654751b393e9514d15332c70e15021
=== RUN   FuzzBn256Pair/b5b8a13af4f43c0c6bd6caa1d59c5a70d1de5e82
=== RUN   FuzzBn256Pair/b685348b91cbfe48ec133d0bb81d061b4a256a36
=== RUN   FuzzBn256Pair/b68f5a2cce4d9ee13587e5753e48c03a9b45d5e8
=== RUN   FuzzBn256Pair/b6acc66ceee4219c3750afcb2d829eb42a777835
=== RUN   FuzzBn256Pair/b6cdaa5993a88094f787cb4549f6101b20ab0f4f
=== RUN   FuzzBn256Pair/baba7bbe513b37b3d91a9796837208ff4bcf94f8
=== RUN   FuzzBn256Pair/bb2c64dc0b676697ed761fb7d777d1d80018c3b6
=== RUN   FuzzBn256Pair/bbd89f5f139c774609bf8a6e7a6b4f3451c9e306
=== RUN   FuzzBn256Pair/bd3d5c5693bfd6c6d999440083ed0fa465b03400
=== RUN   FuzzBn256Pair/bd9a2a162ab5444a386f9473be1eccb6539807ac
=== RUN   FuzzBn256Pair/bf38085efb8ed57e35f5fcd07192b3612af6f052
=== RUN   FuzzBn256Pair/bff8b3a3ce304476a5eeb726a5c156a6a6b4efb3
=== RUN   FuzzBn256Pair/c0c0a6b84f63df08be4bcfd695e1c92c326c2e77
=== RUN   FuzzBn256Pair/c24e6d0c4bb6211df536fb5b6da5e868e5416083
=== RUN   FuzzBn256Pair/c2a66a660b32618d5bf0b2295bde686343a58ee4
=== RUN   FuzzBn256Pair/c391d66ac6fb4b4df44f1923c4c610281f415b68
=== RUN   FuzzBn256Pair/c3aac6d2d97d38788543070ae11f016979cc1998
=== RUN   FuzzBn256Pair/c5c973450b45212975b1f8178a1785ab5ae0f808
=== RUN   FuzzBn256Pair/c7d879269fc857f0df50ce7d1f232267a84dc579
=== RUN   FuzzBn256Pair/c7e333eeecdcd8e628af90afc23957820873a4aa
=== RUN   FuzzBn256Pair/c8dfaf44bd39604d6346b9c6f5d101b63413055d
=== RUN   FuzzBn256Pair/c90f510c8dbacb37ae7734a14c2e7970915530d2
=== RUN   FuzzBn256Pair/cc1b7a1a1fcadf188a61e0e74a87128d7605c5d1
=== RUN   FuzzBn256Pair/ccb117869d76e9258a1e2924816a5e1160b3be79
=== RUN   FuzzBn256Pair/d152824d4bc134f751044173c0595ad9fd861027
=== RUN   FuzzBn256Pair/d16b46c2dbe755987ba84529467b2b0589d9358e
=== RUN   FuzzBn256Pair/d1cd4d562eda308da099ce766b802896c344d6ed
=== RUN   FuzzBn256Pair/d236ded6b74930b324f40ab175bd206f98dcc572
=== RUN   FuzzBn256Pair/d4d5b353c833f02608f2c89a59cd0948da9e3eb6
=== RUN   FuzzBn256Pair/d539458c2acb9a985a318a94aef6ba30a56724eb
=== RUN   FuzzBn256Pair/d5bb2051843ec0100c87bb645257179e0f1a75d9
=== RUN   FuzzBn256Pair/d70abfed0e5091bf6d042697f5aa9e50c2a914e1
=== RUN   FuzzBn256Pair/d8b63bdebb5fb10e2838efc212d7bb4fcca79185
=== RUN   FuzzBn256Pair/d9e6a97f930b631bac4c16616f4b81d1fb1c1201
=== RUN   FuzzBn256Pair/dba229b2a5dafa162517f93045c30f5a826ade31
=== RUN   FuzzBn256Pair/dc724c20d3fa72f1a5919a1624375327922cb935
=== RUN   FuzzBn256Pair/dd2c79a40fde99db21084b511d37f748f3267f77
=== RUN   FuzzBn256Pair/e1ba6361e5c85b9b0603c13354ea6ae00a82103d
=== RUN   FuzzBn256Pair/e2228345a89d7f0a6cd02cc8a27f55029bb601a9
=== RUN   FuzzBn256Pair/e273471e17fb8f1ca8234ef769235e36ee0c4f68
=== RUN   FuzzBn256Pair/e311d4392fe4ed2d6b6faa621af3c94337334e22
=== RUN   FuzzBn256Pair/e514810f1d2a9f9ed60eb2e9f21809206779d656
=== RUN   FuzzBn256Pair/e527d0577860e23ceae0d3f0fc283cbd008d93f9
=== RUN   FuzzBn256Pair/e63b4e95236fc384bcf91680b91929a8f3ad8fce
=== RUN   FuzzBn256Pair/e64ba7edd4532eff9b608d6877c63eb35d3bb65e
=== RUN   FuzzBn256Pair/e7e8d651b9f7bfee3e56374bf87f843b158c6d02
=== RUN   FuzzBn256Pair/e9117abcd11035a565b8f178003ff730408f1b0f
=== RUN   FuzzBn256Pair/e9ca7406a66407bc14a1d376d57b03db46f39abc
=== RUN   FuzzBn256Pair/eb3768afb58c803186d970654f58a5f03d55a023
=== RUN   FuzzBn256Pair/eb52a8b65a0113b0314a39c74ebd8391386f4352
=== RUN   FuzzBn256Pair/ec506b71c2f3402e30252aa27dec9253f8d1892c
=== RUN   FuzzBn256Pair/ec5c0fea1a8a813545357a1b764a201e32a6da78
=== RUN   FuzzBn256Pair/ec86ab3489741b44ebdfa9d43f0d3c71cad63fe0
=== RUN   FuzzBn256Pair/ed085dfe1fcb4c108187769debeedf0c8f0a7c7d
=== RUN   FuzzBn256Pair/efedfcd649b20b2599e1b0173347b94e70d155cf
=== RUN   FuzzBn256Pair/f00c184cc3d089c4eb3dd38b69c4c8d3612dafb5
=== RUN   FuzzBn256Pair/f01e2cc5320044cbb4493253eecde9c43568234b
=== RUN   FuzzBn256Pair/f366a07ea35d1337bc2afc1e30c2aacab4361a0e
=== RUN   FuzzBn256Pair/f4313e1017dfced3729cbe9c1f4dd83c3ae0c527
=== RUN   FuzzBn256Pair/f4aadcb17df22081f48455c26217a4f584cf126c
=== RUN   FuzzBn256Pair/f6d1e5f6f2df0fc186eed58a6596d3171a18cbaf
=== RUN   FuzzBn256Pair/f762733e199a653d572f589c7a7f2c22ab9b6950
=== RUN   FuzzBn256Pair/f866741386aa4f9b18000c9dc2e22ddd123b6e64
=== RUN   FuzzBn256Pair/f8bcab80398d51ee59c248cc823e9d9e035e74df
=== RUN   FuzzBn256Pair/f8cff33f05aa55dea0aaeaf9b0c5a131b1f259aa
=== RUN   FuzzBn256Pair/f92a848bda64d388d39e4c3be1b6007ba4beb7b1
=== RUN   FuzzBn256Pair/fae7a477c664b600dbcebb79ba02db3ffe2578c7
=== RUN   FuzzBn256Pair/fb3c6e4de85bd9eae26fdc63e75f10a7f39e850e
=== RUN   FuzzBn256Pair/fde92bdfd729467507bad084cd3d5b752544a6d0
=== RUN   FuzzBn256Pair/ff996a85033c4dc12a6a1af8955eb157fef5e2e3
=== RUN   FuzzBn256Pair/ff9a22f8d8670f09bebe5a28cfbb7c1d86b80e17
=== RUN   FuzzBn256Pair/ffcc81293e82b65b2c6656b08c33dc2c2d916898
=== RUN   FuzzBn256Pair/ffd84e60a841d8c1b6d7dba84d4f83be7d1adc49
--- PASS: FuzzBn256Pair (1.19s)
    --- PASS: FuzzBn256Pair/017a066c4eef6c55eb527f8751aebea070a2a07a (0.02s)
    --- PASS: FuzzBn256Pair/0183957fbee33fcefb5866b9675938669e5ca079 (0.00s)
    --- PASS: FuzzBn256Pair/0426027871357987964b82ca8411d498eb23d6f2 (0.02s)
    --- PASS: FuzzBn256Pair/069d156996eb4e08370cb3fbb9aba9f7b922403a (0.00s)
    --- PASS: FuzzBn256Pair/088016e5864ff9eb9117e49d67cfd670f65d2a8a (0.00s)
    --- PASS: FuzzBn256Pair/099e8d7a8b95392b90195b6871f80ebea3d8af56 (0.01s)
    --- PASS: FuzzBn256Pair/0aa15b4ddb5aaf26af948f18aebb9d68afaaaab3 (0.00s)
    --- PASS: FuzzBn256Pair/0aa7314c3e4122847b79bb9698c53baed51a4eaa (0.00s)
    --- PASS: FuzzBn256Pair/0c38819c4e5b0027747cac6589373657f1da5032 (0.00s)
    --- PASS: FuzzBn256Pair/0caa43dd59c517024378599128d4ec5a66564a66 (0.02s)
    --- PASS: FuzzBn256Pair/0d8e19a92b66293ea63f0d7767848942d0c75767 (0.02s)
    --- PASS: FuzzBn256Pair/0e12612fac172a79feca5b48fd8d5451a16ad9f7 (0.00s)
    --- PASS: FuzzBn256Pair/0f185a380b6cae3dcba44db47bfd4ff358b33a01 (0.00s)
    --- PASS: FuzzBn256Pair/107edf07f8a659ae8df78fc145d3ca1df660bea7 (0.00s)
    --- PASS: FuzzBn256Pair/10b9101601069d4780851608ecd7ffb4d80b65fa (0.00s)
    --- PASS: FuzzBn256Pair/10d317b098b38092b5f9a224bb3784ecbf066710 (0.00s)
    --- PASS: FuzzBn256Pair/11709903c573369092c96a1616af36137f4cdd76 (0.02s)
    --- PASS: FuzzBn256Pair/11e33d255e9b3213e3d15543bf330d9d3866ab5b (0.00s)
    --- PASS: FuzzBn256Pair/14d748ef517e30a4531e05a0dbf70a5cd87fb471 (0.00s)
    --- PASS: FuzzBn256Pair/14fdba2088f96e13cbdac3440ccf61a183615bf6 (0.00s)
    --- PASS: FuzzBn256Pair/1542c45c0b6b03edb9d837bd3b6ab4247d4ff915 (0.00s)
    --- PASS: FuzzBn256Pair/16d2b88dcd107c891101e35bcc83e68b4d945fc1 (0.00s)
    --- PASS: FuzzBn256Pair/191d884179225873565b83fb33c467fb942cebfe (0.00s)
    --- PASS: FuzzBn256Pair/19ba57d111ef537d3bbf277f436c542abc97e9e4 (0.00s)
    --- PASS: FuzzBn256Pair/1e44e487643f44b60d9b245ac22ad0a303c9749e (0.02s)
    --- PASS: FuzzBn256Pair/200f1f377d561233fd1c0bf412bca7b3f9eebdce (0.00s)
    --- PASS: FuzzBn256Pair/20591357a43f901b2f6f13cc7ffc73808001db13 (0.02s)
    --- PASS: FuzzBn256Pair/20f884e080a17ed76cf7832ed6b200c57a691c6a (0.00s)
    --- PASS: FuzzBn256Pair/22ca078e0033090711babf790a09e89505873e48 (0.00s)
    --- PASS: FuzzBn256Pair/231d3a79d42a8e84c5233d46f2157ecca267890d (0.00s)
    --- PASS: FuzzBn256Pair/234eaa5c69540fc93f7eda30142e03948e8d04c8 (0.02s)
    --- PASS: FuzzBn256Pair/238d36b04979c0180a2d02d46fd0d052ae8a3e07 (0.00s)
    --- PASS: FuzzBn256Pair/244f9e89f86bbb3d0a4aa1abb29a15e6c0e0ae8e (0.00s)
    --- PASS: FuzzBn256Pair/2648edefaddd8c30e60eca23fc38600cc572b09c (0.00s)
    --- PASS: FuzzBn256Pair/26b82d29b3bebceac7b153383fc10cd6e2184968 (0.00s)
    --- PASS: FuzzBn256Pair/2775852048d725870604c533179f660f106a6141 (0.01s)
    --- PASS: FuzzBn256Pair/28ac6f76261452bf4f7c77944780370de1d680ae (0.02s)
    --- PASS: FuzzBn256Pair/2aae82b8b59cb111d1462a9da4b0ec17bb9a5fe2 (0.00s)
    --- PASS: FuzzBn256Pair/2af0273aaab7de99a23ca06b9936d11ca70ce097 (0.00s)
    --- PASS: FuzzBn256Pair/3159df71d0eb5c07d68b598e1363ed7d26b15abc (0.02s)
    --- PASS: FuzzBn256Pair/33edc2f2763586182e116d8935015851655a7e12 (0.00s)
    --- PASS: FuzzBn256Pair/340b4720f918da36e4220f34c6d7d17a1d55b2e1 (0.01s)
    --- PASS: FuzzBn256Pair/34e5006ef4191359bc27769b3629f3e8d1e46e45 (0.02s)
    --- PASS: FuzzBn256Pair/3503256af66c98760de7b12f151b6fc2cf644546 (0.00s)
    --- PASS: FuzzBn256Pair/37f78d0a70fa5dc72d25fe80f7c41940120d73dd (0.00s)
    --- PASS: FuzzBn256Pair/38cbd45f9f5fda93c47ee3ef3504201afc034f40 (0.00s)
    --- PASS: FuzzBn256Pair/39b507d75130d17ef601c1ac66b82bf90368cdf5 (0.00s)
    --- PASS: FuzzBn256Pair/39ec7ecd63ff02f85043b2f72adf1381ac5916d8 (0.00s)
    --- PASS: FuzzBn256Pair/3b51e1bc27ad95854f38e7341cc9f8c4f673ac98 (0.00s)
    --- PASS: FuzzBn256Pair/3c22a66706bbb31e1d107cda2ca1bcd60c8b5d0f (0.00s)
    --- PASS: FuzzBn256Pair/3c9942cf5a6f85d952502f6285f2d998809f8609 (0.00s)
    --- PASS: FuzzBn256Pair/3ddae9852666a6a730aac2c3982cf128e4cc44e9 (0.00s)
    --- PASS: FuzzBn256Pair/3e377bb02b8bb967436aa78c1426d6f05db13b31 (0.00s)
    --- PASS: FuzzBn256Pair/42846c3ae7ec67b9918e4a452694ef8001d00e48 (0.00s)
    --- PASS: FuzzBn256Pair/43c39615d6de6a802e678ab5b9cc7db8ddb6d67b (0.00s)
    --- PASS: FuzzBn256Pair/44ec64dd915e30507d508940ef031b6463219cb2 (0.02s)
    --- PASS: FuzzBn256Pair/4618463e3d93c62c2a237ebd75d1e6632cee2644 (0.00s)
    --- PASS: FuzzBn256Pair/46bec6919dce434826feb367d0b65a55def0b6bf (0.00s)
    --- PASS: FuzzBn256Pair/46eea60b329039f4559ed8c3a93559f19bc9c0b3 (0.01s)
    --- PASS: FuzzBn256Pair/49376acba9d527f355483fc34a5a69233f80fbc5 (0.00s)
    --- PASS: FuzzBn256Pair/493e63026d9b4a83313e046ebee309be345af0f2 (0.00s)
    --- PASS: FuzzBn256Pair/494e95c2952aaae5c01286e7f79857510e06ef55 (0.02s)
    --- PASS: FuzzBn256Pair/496e9b420e8c9e231c7367a26322611835fc3d11 (0.02s)
    --- PASS: FuzzBn256Pair/4b86b9859acd63ead852e19d5785d2945856846f (0.00s)
    --- PASS: FuzzBn256Pair/4ce278d31ce4c9e5127df49f7c4b75f402cb0e94 (0.01s)
    --- PASS: FuzzBn256Pair/4d19e5c05920a9662ef71cc222ac01d822d35c7d (0.02s)
    --- PASS: FuzzBn256Pair/4f42086b45531574a14b2dbaf5714f472a9b80c9 (0.02s)
    --- PASS: FuzzBn256Pair/4f5d99a1e829d29320622ee82a399453541b20f6 (0.00s)
    --- PASS: FuzzBn256Pair/4f7024ac30375c93063f86e3ba86390accb697cd (0.00s)
    --- PASS: FuzzBn256Pair/4fe0bd97bf05033a5ac48d2fddd73db13dcbfbe9 (0.00s)
    --- PASS: FuzzBn256Pair/505e6b5a79c7ee91c1a1ea66d00236ea1943f52e (0.00s)
    --- PASS: FuzzBn256Pair/5103b5546977d4562cdf99e579fa641c84e907e6 (0.02s)
    --- PASS: FuzzBn256Pair/52165ac8a762fb203fb2fe1415362ce312b307c6 (0.00s)
    --- PASS: FuzzBn256Pair/5299bdeb54ec13d2995e64651f3d2cf201eb691f (0.01s)
    --- PASS: FuzzBn256Pair/52ca4a17e5775cd557833d75c298fb4e3f835217 (0.00s)
    --- PASS: FuzzBn256Pair/54ec96f035f6fdb1947b942b85e1a79af4e28130 (0.00s)
    --- PASS: FuzzBn256Pair/577a2ab77ff2e9b841b8f60500e8e5ecfcb02f5b (0.02s)
    --- PASS: FuzzBn256Pair/5813fbf1dbaa605a56c0c1187577fb1cfb914437 (0.00s)
    --- PASS: FuzzBn256Pair/58de4d79a45dadd9a77c5220fde9000351d5103d (0.00s)
    --- PASS: FuzzBn256Pair/58eb360992327c9ae53f663565aa087fdff0cdb0 (0.00s)
    --- PASS: FuzzBn256Pair/5a6adcaf91b5839ab9ca467bf6c37ddf6c7e6faf (0.00s)
    --- PASS: FuzzBn256Pair/5b1359a59f7d95cf67c8b3b6cfcd379df6216886 (0.00s)
    --- PASS: FuzzBn256Pair/5b6dd6e90a571f23766b5658cb233b6112efb736 (0.00s)
    --- PASS: FuzzBn256Pair/5d93085b86688c2eb48686e00156e3c22e16232b (0.00s)
    --- PASS: FuzzBn256Pair/60f5f29a9253bd15cfdc37c2917fbd70945bc753 (0.00s)
    --- PASS: FuzzBn256Pair/646368252a562d5e1e87c2328282f838b2b4db4b (0.02s)
    --- PASS: FuzzBn256Pair/66720fce980a561237baf85a146b211586d12d71 (0.01s)
    --- PASS: FuzzBn256Pair/668fb29fee6309210e6b1046df5596518a50ccfe (0.00s)
    --- PASS: FuzzBn256Pair/66a05c1041472774eb70ea1202925277d41bdc1a (0.02s)
    --- PASS: FuzzBn256Pair/676090451e902d9acb07a714a5f670e4a261b6fb (0.02s)
    --- PASS: FuzzBn256Pair/680ffeb9d84aeb1269dd21817990fbd233f98c70 (0.00s)
    --- PASS: FuzzBn256Pair/6966a57662d2fbb71b855e6b47c63e0327f10854 (0.00s)
    --- PASS: FuzzBn256Pair/6bae92a8fd8ca4a1d1d0ab9b6c7f542d3518a02a (0.00s)
    --- PASS: FuzzBn256Pair/6c32b0bd95019673bd8547fbeea4c69ea5dd7a0a (0.00s)
    --- PASS: FuzzBn256Pair/6c6da028cb165b1f04e1bf3af7c668ee39c60ab9 (0.00s)
    --- PASS: FuzzBn256Pair/6ddeecde4befa9e5a85fb2548f389c37fd1ae915 (0.02s)
    --- PASS: FuzzBn256Pair/6df1bf501389dd3b682f11e6fb05c77e7cd2da85 (0.00s)
    --- PASS: FuzzBn256Pair/6e46175c2c2407ca5df8cd406b7b9032d895b178 (0.00s)
    --- PASS: FuzzBn256Pair/6f09e068eb14c3b0e8e5c0f32a8058caa99a5733 (0.02s)
    --- PASS: FuzzBn256Pair/6f6cf33519a35474ce5417722624758e3e9db4bc (0.00s)
    --- PASS: FuzzBn256Pair/707994c9d8021a590df363ec17e4c00acb7ee02d (0.02s)
    --- PASS: FuzzBn256Pair/71492ef4556a2294fae317394c1a1b0e3c2be6f1 (0.00s)
    --- PASS: FuzzBn256Pair/71853c6197a6a7f222db0f1978c7cb232b87c5ee (0.00s)
    --- PASS: FuzzBn256Pair/71a5f895449bc73e5eaa7da544df3272e4d77770 (0.00s)
    --- PASS: FuzzBn256Pair/71ad1d16c8a74fd585cfb1c43b84d47ec5fc3c16 (0.00s)
    --- PASS: FuzzBn256Pair/73adc8497a100a9f36f0bcc09b9a8bf93ec9d0b6 (0.00s)
    --- PASS: FuzzBn256Pair/73f70c35c49f6342c074d4f7c51e7a95d731fec5 (0.00s)
    --- PASS: FuzzBn256Pair/74becd820a30b51b07dc80fcbba2282a3b057bc2 (0.00s)
    --- PASS: FuzzBn256Pair/75bc113e82b60cfe6f72c7b3c0ec2a6767e071e6 (0.00s)
    --- PASS: FuzzBn256Pair/7605888ebb166b9778f8c2b7092caeb4ec81094b (0.02s)
    --- PASS: FuzzBn256Pair/768886630d778945ba679e2ea8548cdb35faa395 (0.01s)
    --- PASS: FuzzBn256Pair/76af37d37f403e4b27989e8bbd3e2f7bac3c5975 (0.02s)
    --- PASS: FuzzBn256Pair/7751a5ee3b1ce449032d3eb63ae878e85f1d03e4 (0.00s)
    --- PASS: FuzzBn256Pair/77fe7f12fe21b1ccce1b2fe9672e9cae4455c8e7 (0.02s)
    --- PASS: FuzzBn256Pair/79d42497aadb1393cc4b0096472caedc6644071c (0.01s)
    --- PASS: FuzzBn256Pair/7a735f7efab732fca056c240139c9b3a3c35007b (0.02s)
    --- PASS: FuzzBn256Pair/7b1114d0ee3d6ddf44cbb615e278a1dff8fb9bd2 (0.02s)
    --- PASS: FuzzBn256Pair/7c1625ac9a5e213849ac133ba0ef3c7bf9b964d1 (0.00s)
    --- PASS: FuzzBn256Pair/7c91b69483de37ffafffff960f27b4c2592e15ba (0.00s)
    --- PASS: FuzzBn256Pair/7d28abee611f16dbff4d9031edc6de37350f7ba6 (0.00s)
    --- PASS: FuzzBn256Pair/7db3392fe889f7f6124b0758e24f00d33aecd8ab (0.02s)
    --- PASS: FuzzBn256Pair/8045ff45a7a7c9eb68f7e8452cca03f62f528181 (0.00s)
    --- PASS: FuzzBn256Pair/81b24ca831777a89b1ad689fe921f48971a45481 (0.00s)
    --- PASS: FuzzBn256Pair/82605edcc9b12e7692045b36f183f3a4837ed0d1 (0.00s)
    --- PASS: FuzzBn256Pair/834a84fe5e9f915cc8c9e974fcb98a8cda1d00b8 (0.00s)
    --- PASS: FuzzBn256Pair/83cb2897de217c7abc6bfcbb1632a4413d0f365b (0.00s)
    --- PASS: FuzzBn256Pair/8496c25e670abfa38d4ef713753c9abe0575d86b (0.02s)
    --- PASS: FuzzBn256Pair/86e817e8d586e2628ef65d2109e3478177d7f1ae (0.00s)
    --- PASS: FuzzBn256Pair/870c9bed74c3d9a088c180625a4e4924222a5be6 (0.00s)
    --- PASS: FuzzBn256Pair/872259939d3905616972da07503fcc9d3de0b047 (0.00s)
    --- PASS: FuzzBn256Pair/8756e6fb2852ad66b08b2a60acf7722a6145ef4e (0.00s)
    --- PASS: FuzzBn256Pair/88e544cd5d8f7331096ed3a65c5fd6e9b2c9c999 (0.02s)
    --- PASS: FuzzBn256Pair/8a134a5d7e2accf4a8e61ffe94f3f1c0e8e317be (0.00s)
    --- PASS: FuzzBn256Pair/8b8edca699a3ee969b21f68db60a05ec8daee905 (0.00s)
    --- PASS: FuzzBn256Pair/8c96ccf8ebbc0fd77ebfca628d8dafe73b5fd2fb (0.02s)
    --- PASS: FuzzBn256Pair/8d3651a0620509b0f42d3e1ea68bf09be5075115 (0.00s)
    --- PASS: FuzzBn256Pair/8ee1936f832c814f17fa265025b7368528b85472 (0.00s)
    --- PASS: FuzzBn256Pair/8fa378e28123b366c29430c3378f40ee37d4217e (0.00s)
    --- PASS: FuzzBn256Pair/908598ac496131eccddacada0c55547279b94788 (0.00s)
    --- PASS: FuzzBn256Pair/90a26e99e776a34273d09a29c1655720cb690b83 (0.02s)
    --- PASS: FuzzBn256Pair/927a6726f69b711d570644d1debc799b29c7417b (0.02s)
    --- PASS: FuzzBn256Pair/9424cb43a8bc419100c96d201c769f6b260ddd3f (0.00s)
    --- PASS: FuzzBn256Pair/9586b9438056ab2f271605cc79b8a3463a0c658c (0.02s)
    --- PASS: FuzzBn256Pair/97fb0dc4405fc17e35743865ae8bc3d93f768fc0 (0.02s)
    --- PASS: FuzzBn256Pair/99c87dfa0589261d294c0bbe122296ccddcf7a9b (0.02s)
    --- PASS: FuzzBn256Pair/9cbfe3bd0e8691c8820aa746938c032676423a7a (0.00s)
    --- PASS: FuzzBn256Pair/9d290add19840f732ec9cafd07c7cff31b9acabd (0.00s)
    --- PASS: FuzzBn256Pair/9effe09770477c7d6476514d3f2892cb8dc384ba (0.02s)
    --- PASS: FuzzBn256Pair/9f2c6063cc065aebddc4285db7358becd663c7f4 (0.01s)
    --- PASS: FuzzBn256Pair/a05024d757ea459e6c5260fdd07a881f836b2177 (0.02s)
    --- PASS: FuzzBn256Pair/a0a3d97f85e74af96c0175f4c1bda9ca08e9a8d6 (0.00s)
    --- PASS: FuzzBn256Pair/a0c4ed8ad930b71f2f8fde1a0acaefe833e9003c (0.00s)
    --- PASS: FuzzBn256Pair/a0f78d3bcb057705359e87e99c101b44d5f9663c (0.00s)
    --- PASS: FuzzBn256Pair/a37786abb9477c97bfa90a1b4fa29552297fbb6c (0.02s)
    --- PASS: FuzzBn256Pair/a748ede5e6d9c55595802943c5696d52da9b6be4 (0.00s)
    --- PASS: FuzzBn256Pair/a7e5b2da4d21e0f09039432e1aa5bff1b30aa9f8 (0.02s)
    --- PASS: FuzzBn256Pair/a99d708114f22338f4d1f434c9a5268668a4fb85 (0.00s)
    --- PASS: FuzzBn256Pair/ac01404f7090a5d2ff2520a705c13426cc2f8251 (0.00s)
    --- PASS: FuzzBn256Pair/acc918ed6c9fc68b375683b9413b8cbbd524a8b7 (0.01s)
    --- PASS: FuzzBn256Pair/ad6b4c598cf934f3d1ff259fa9c88da75263754a (0.00s)
    --- PASS: FuzzBn256Pair/ae7e40c6b5218fccb101b2a8854e53849507fb44 (0.00s)
    --- PASS: FuzzBn256Pair/aeae506cf3928ac00a1370e11a6e0e1f18e296b4 (0.00s)
    --- PASS: FuzzBn256Pair/b0127e0792c49c23fb50664cb7687ef2665cba40 (0.02s)
    --- PASS: FuzzBn256Pair/b29e9487936c66dfea7026bd4c1f1a56614091a1 (0.00s)
    --- PASS: FuzzBn256Pair/b5332fbb60650a0666466a31700c604a52d2b22e (0.00s)
    --- PASS: FuzzBn256Pair/b58c9cab37654751b393e9514d15332c70e15021 (0.00s)
    --- PASS: FuzzBn256Pair/b5b8a13af4f43c0c6bd6caa1d59c5a70d1de5e82 (0.00s)
    --- PASS: FuzzBn256Pair/b685348b91cbfe48ec133d0bb81d061b4a256a36 (0.00s)
    --- PASS: FuzzBn256Pair/b68f5a2cce4d9ee13587e5753e48c03a9b45d5e8 (0.02s)
    --- PASS: FuzzBn256Pair/b6acc66ceee4219c3750afcb2d829eb42a777835 (0.02s)
    --- PASS: FuzzBn256Pair/b6cdaa5993a88094f787cb4549f6101b20ab0f4f (0.00s)
    --- PASS: FuzzBn256Pair/baba7bbe513b37b3d91a9796837208ff4bcf94f8 (0.00s)
    --- PASS: FuzzBn256Pair/bb2c64dc0b676697ed761fb7d777d1d80018c3b6 (0.00s)
    --- PASS: FuzzBn256Pair/bbd89f5f139c774609bf8a6e7a6b4f3451c9e306 (0.00s)
    --- PASS: FuzzBn256Pair/bd3d5c5693bfd6c6d999440083ed0fa465b03400 (0.00s)
    --- PASS: FuzzBn256Pair/bd9a2a162ab5444a386f9473be1eccb6539807ac (0.00s)
    --- PASS: FuzzBn256Pair/bf38085efb8ed57e35f5fcd07192b3612af6f052 (0.02s)
    --- PASS: FuzzBn256Pair/bff8b3a3ce304476a5eeb726a5c156a6a6b4efb3 (0.02s)
    --- PASS: FuzzBn256Pair/c0c0a6b84f63df08be4bcfd695e1c92c326c2e77 (0.00s)
    --- PASS: FuzzBn256Pair/c24e6d0c4bb6211df536fb5b6da5e868e5416083 (0.02s)
    --- PASS: FuzzBn256Pair/c2a66a660b32618d5bf0b2295bde686343a58ee4 (0.00s)
    --- PASS: FuzzBn256Pair/c391d66ac6fb4b4df44f1923c4c610281f415b68 (0.02s)
    --- PASS: FuzzBn256Pair/c3aac6d2d97d38788543070ae11f016979cc1998 (0.00s)
    --- PASS: FuzzBn256Pair/c5c973450b45212975b1f8178a1785ab5ae0f808 (0.00s)
    --- PASS: FuzzBn256Pair/c7d879269fc857f0df50ce7d1f232267a84dc579 (0.00s)
    --- PASS: FuzzBn256Pair/c7e333eeecdcd8e628af90afc23957820873a4aa (0.00s)
    --- PASS: FuzzBn256Pair/c8dfaf44bd39604d6346b9c6f5d101b63413055d (0.00s)
    --- PASS: FuzzBn256Pair/c90f510c8dbacb37ae7734a14c2e7970915530d2 (0.00s)
    --- PASS: FuzzBn256Pair/cc1b7a1a1fcadf188a61e0e74a87128d7605c5d1 (0.00s)
    --- PASS: FuzzBn256Pair/ccb117869d76e9258a1e2924816a5e1160b3be79 (0.00s)
    --- PASS: FuzzBn256Pair/d152824d4bc134f751044173c0595ad9fd861027 (0.00s)
    --- PASS: FuzzBn256Pair/d16b46c2dbe755987ba84529467b2b0589d9358e (0.00s)
    --- PASS: FuzzBn256Pair/d1cd4d562eda308da099ce766b802896c344d6ed (0.00s)
    --- PASS: FuzzBn256Pair/d236ded6b74930b324f40ab175bd206f98dcc572 (0.02s)
    --- PASS: FuzzBn256Pair/d4d5b353c833f02608f2c89a59cd0948da9e3eb6 (0.01s)
    --- PASS: FuzzBn256Pair/d539458c2acb9a985a318a94aef6ba30a56724eb (0.00s)
    --- PASS: FuzzBn256Pair/d5bb2051843ec0100c87bb645257179e0f1a75d9 (0.02s)
    --- PASS: FuzzBn256Pair/d70abfed0e5091bf6d042697f5aa9e50c2a914e1 (0.00s)
    --- PASS: FuzzBn256Pair/d8b63bdebb5fb10e2838efc212d7bb4fcca79185 (0.00s)
    --- PASS: FuzzBn256Pair/d9e6a97f930b631bac4c16616f4b81d1fb1c1201 (0.00s)
    --- PASS: FuzzBn256Pair/dba229b2a5dafa162517f93045c30f5a826ade31 (0.00s)
    --- PASS: FuzzBn256Pair/dc724c20d3fa72f1a5919a1624375327922cb935 (0.00s)
    --- PASS: FuzzBn256Pair/dd2c79a40fde99db21084b511d37f748f3267f77 (0.00s)
    --- PASS: FuzzBn256Pair/e1ba6361e5c85b9b0603c13354ea6ae00a82103d (0.00s)
    --- PASS: FuzzBn256Pair/e2228345a89d7f0a6cd02cc8a27f55029bb601a9 (0.00s)
    --- PASS: FuzzBn256Pair/e273471e17fb8f1ca8234ef769235e36ee0c4f68 (0.02s)
    --- PASS: FuzzBn256Pair/e311d4392fe4ed2d6b6faa621af3c94337334e22 (0.00s)
    --- PASS: FuzzBn256Pair/e514810f1d2a9f9ed60eb2e9f21809206779d656 (0.02s)
    --- PASS: FuzzBn256Pair/e527d0577860e23ceae0d3f0fc283cbd008d93f9 (0.00s)
    --- PASS: FuzzBn256Pair/e63b4e95236fc384bcf91680b91929a8f3ad8fce (0.02s)
    --- PASS: FuzzBn256Pair/e64ba7edd4532eff9b608d6877c63eb35d3bb65e (0.00s)
    --- PASS: FuzzBn256Pair/e7e8d651b9f7bfee3e56374bf87f843b158c6d02 (0.02s)
    --- PASS: FuzzBn256Pair/e9117abcd11035a565b8f178003ff730408f1b0f (0.02s)
    --- PASS: FuzzBn256Pair/e9ca7406a66407bc14a1d376d57b03db46f39abc (0.02s)
    --- PASS: FuzzBn256Pair/eb3768afb58c803186d970654f58a5f03d55a023 (0.00s)
    --- PASS: FuzzBn256Pair/eb52a8b65a0113b0314a39c74ebd8391386f4352 (0.00s)
    --- PASS: FuzzBn256Pair/ec506b71c2f3402e30252aa27dec9253f8d1892c (0.02s)
    --- PASS: FuzzBn256Pair/ec5c0fea1a8a813545357a1b764a201e32a6da78 (0.02s)
    --- PASS: FuzzBn256Pair/ec86ab3489741b44ebdfa9d43f0d3c71cad63fe0 (0.00s)
    --- PASS: FuzzBn256Pair/ed085dfe1fcb4c108187769debeedf0c8f0a7c7d (0.00s)
    --- PASS: FuzzBn256Pair/efedfcd649b20b2599e1b0173347b94e70d155cf (0.00s)
    --- PASS: FuzzBn256Pair/f00c184cc3d089c4eb3dd38b69c4c8d3612dafb5 (0.00s)
    --- PASS: FuzzBn256Pair/f01e2cc5320044cbb4493253eecde9c43568234b (0.00s)
    --- PASS: FuzzBn256Pair/f366a07ea35d1337bc2afc1e30c2aacab4361a0e (0.00s)
    --- PASS: FuzzBn256Pair/f4313e1017dfced3729cbe9c1f4dd83c3ae0c527 (0.00s)
    --- PASS: FuzzBn256Pair/f4aadcb17df22081f48455c26217a4f584cf126c (0.00s)
    --- PASS: FuzzBn256Pair/f6d1e5f6f2df0fc186eed58a6596d3171a18cbaf (0.00s)
    --- PASS: FuzzBn256Pair/f762733e199a653d572f589c7a7f2c22ab9b6950 (0.00s)
    --- PASS: FuzzBn256Pair/f866741386aa4f9b18000c9dc2e22ddd123b6e64 (0.02s)
    --- PASS: FuzzBn256Pair/f8bcab80398d51ee59c248cc823e9d9e035e74df (0.00s)
    --- PASS: FuzzBn256Pair/f8cff33f05aa55dea0aaeaf9b0c5a131b1f259aa (0.02s)
    --- PASS: FuzzBn256Pair/f92a848bda64d388d39e4c3be1b6007ba4beb7b1 (0.00s)
    --- PASS: FuzzBn256Pair/fae7a477c664b600dbcebb79ba02db3ffe2578c7 (0.00s)
    --- PASS: FuzzBn256Pair/fb3c6e4de85bd9eae26fdc63e75f10a7f39e850e (0.00s)
    --- PASS: FuzzBn256Pair/fde92bdfd729467507bad084cd3d5b752544a6d0 (0.02s)
    --- PASS: FuzzBn256Pair/ff996a85033c4dc12a6a1af8955eb157fef5e2e3 (0.00s)
    --- PASS: FuzzBn256Pair/ff9a22f8d8670f09bebe5a28cfbb7c1d86b80e17 (0.00s)
    --- PASS: FuzzBn256Pair/ffcc81293e82b65b2c6656b08c33dc2c2d916898 (0.01s)
    --- PASS: FuzzBn256Pair/ffd84e60a841d8c1b6d7dba84d4f83be7d1adc49 (0.02s)
PASS
coverage: 66.4% of statements
ok  	github.com/morph-l2/go-ethereum/tests/fuzzers/bn256	17.251s	coverage: 66.4% of statements
