=== RUN   FuzzStacktrie
=== RUN   FuzzStacktrie/00a4cef061effe682a7c59317f4bf37552f5e9e6
=== RUN   FuzzStacktrie/02202d14cf589f4c36b32ce2031b9c01ddd889d1
=== RUN   FuzzStacktrie/044751dc737125a788b984db6fc506505ff0e625
=== RUN   FuzzStacktrie/051cdba7df3048610889d56e36071afe7486a8df
=== RUN   FuzzStacktrie/056e2ddb0fb061d5e6a6343b53213d965d997602
=== RUN   FuzzStacktrie/067ebca4a819e8ac8fb2ee6e8eac63174618665e
=== RUN   FuzzStacktrie/078cf7cf2a160dcca594c12a1ad086d062a0c236
=== RUN   FuzzStacktrie/0882edca5190e87d15e4d45f5b70387bcb763726
=== RUN   FuzzStacktrie/08b8f2534a8aabf840c0a91c28f39c22c6877a08
=== RUN   FuzzStacktrie/096da30099bdc087e5c0b432b984ebd3996aa1d3
=== RUN   FuzzStacktrie/0a2f3f535539aee20f67506aef530479ec218f3f
=== RUN   FuzzStacktrie/0aeeeca61e6edf3abb64e160341a65410f776587
=== RUN   FuzzStacktrie/0b6265802c458e80b1c92eaa8c3e00e38133e2d4
=== RUN   FuzzStacktrie/0c3fb52fc2d400b79a1584008d3cec78c49542b5
=== RUN   FuzzStacktrie/0c655c1a39e3c59402e9119adc6a009ccb551787
=== RUN   FuzzStacktrie/0ee78816ec5a2f243babc8c2932373632af949de
=== RUN   FuzzStacktrie/0f2f41cbbd5acb9b57ef6ae540eacb44d08509f5
=== RUN   FuzzStacktrie/0feab27dd2ec0136f38f4d6a8e011bcdeee87d81
=== RUN   FuzzStacktrie/0ffb6ade3f9eb2f952cde06ad7065d354d44bb70
=== RUN   FuzzStacktrie/12a6cfe0e2223500f5709071664c2d69efe707c9
=== RUN   FuzzStacktrie/133c2b4133f514f35b68094995207f8bb4907e6e
=== RUN   FuzzStacktrie/13aa07e1e399bfa464b3b06bf01a406c298ace62
=== RUN   FuzzStacktrie/19087c3ed1acf7f67227275eea9c26d07866b35a
=== RUN   FuzzStacktrie/1961cca969c34b33cb61e12fbdc31aa891b26200
=== RUN   FuzzStacktrie/19c7555588f80ab4dc4c09e300f87b8a48878076
=== RUN   FuzzStacktrie/1afe73d41bd62945d8ef97db98adc722f28e970f
=== RUN   FuzzStacktrie/1be2e55608f99bf11234c2618b9bdd5d0436f057
=== RUN   FuzzStacktrie/1c05dd3506dc74a5aa82c4fbc3a75b6297dc6caf
=== RUN   FuzzStacktrie/1fd89a69b0ce4d37bc6bc6e07c1c720c5036690f
=== RUN   FuzzStacktrie/212465a9b23ec3693d74a0f9ba2c9b23f2dfeb54
=== RUN   FuzzStacktrie/225c29d61521473110f4e26a22a23f896ee5eced
=== RUN   FuzzStacktrie/2278d34b62f8535ccb13341f7b6900eaa05701a6
=== RUN   FuzzStacktrie/2370e05566acadd8ecb04034c12e36729c894f84
=== RUN   FuzzStacktrie/23f30d4600ba76a3a8708fbd262023529c25d0bb
=== RUN   FuzzStacktrie/240a362b1f83be6b2bff60a5e9af8b8d629e6fef
=== RUN   FuzzStacktrie/24490f59987649dd41b544a03e2a26a3f5c6e5dd
=== RUN   FuzzStacktrie/2486a12ef504a3813865a3f97dcb2769a55747ca
=== RUN   FuzzStacktrie/249c0e378f4bb7a96f8aae30ca5acc7188eaffd4
=== RUN   FuzzStacktrie/252571beca4e159a8ad07b0604bafc6624c24d82
=== RUN   FuzzStacktrie/25edcc2a0b3a17cba157192a5dd9830b99063726
=== RUN   FuzzStacktrie/26c5abb9a849e103d0368ad24bdf59d1204ebec0
=== RUN   FuzzStacktrie/26cd88883e0990b90b8afb04b2cf7c1a98ee8dfc
=== RUN   FuzzStacktrie/271eb6a48dcff40e3ebd562f0f8ef1cb6948a28c
=== RUN   FuzzStacktrie/2857624f5884f2a0547160cdd4664bfad1dc2edd
=== RUN   FuzzStacktrie/28a1275df52553e97c0a9f61d52a7d7d38ba4470
=== RUN   FuzzStacktrie/2933904028de4bd2a25f2e85a186afd2820002a0
=== RUN   FuzzStacktrie/2972a81c5de600feb2cebd6083e7ac473ea954ca
=== RUN   FuzzStacktrie/2a09592676bff0c0318e064f7c1cf36453b9bfb0
=== RUN   FuzzStacktrie/2b2949b8d6b8d085de85aba5c2a9e60eec46809b
=== RUN   FuzzStacktrie/2b7491a0923240cff897de169c915e02518ab450
=== RUN   FuzzStacktrie/2bb28ea3b87b0d67a26ef44fa74cf29adbd8fa5f
=== RUN   FuzzStacktrie/2bb484ab1fc17373d9f04e873dd5da1aa551c2b6
=== RUN   FuzzStacktrie/2c3bd0e11dc282a4e79d45272728512c736d09fa
=== RUN   FuzzStacktrie/2cb0ea8b1f8c9b30c44b900c8d21a8cdb373d1d8
=== RUN   FuzzStacktrie/2cd2d6cd6a19168af61098839ee61523c7c7db58
=== RUN   FuzzStacktrie/2ea39384c49d79273d3a8ba6bc98a35499c6dd14
=== RUN   FuzzStacktrie/2f397400baee0703f46ac8501cc9880bd2880c57
=== RUN   FuzzStacktrie/2f4cb0d9868ccad91a1e000382e4aeb9a647c8a2
=== RUN   FuzzStacktrie/2fac6be7a3adf26a6b71170a99134108dcd6737f
=== RUN   FuzzStacktrie/313dc4f7ff0825fa74b254c2dc7584decbdf8ba5
=== RUN   FuzzStacktrie/315462a4a0ff879319806797ba1bed0a3a2ab26a
=== RUN   FuzzStacktrie/315e00a2360e2b04fe2577666e6761dd8134ae2b
=== RUN   FuzzStacktrie/3169c4d0c8dd243f9d0bfe895e6152dc131fa76e
=== RUN   FuzzStacktrie/31d4cffcdda18c8c03b6d5ac9d33511dfa290186
=== RUN   FuzzStacktrie/34943b9ffb571f6b231df5933b084ddfcb371c2f
=== RUN   FuzzStacktrie/350022739a986c5208bdeab0baf3851f07caa22d
=== RUN   FuzzStacktrie/35368e3cf84a25bfe7f1287a5813a63fc4802f0d
=== RUN   FuzzStacktrie/359f474f32ae5aa6bcd38e4c693bfebf76573b56
=== RUN   FuzzStacktrie/35ce2043128c2cd59c1deb151c9b271f71559264
=== RUN   FuzzStacktrie/371d0e7f4d5d98bf268cc751f6e52875e588e434
=== RUN   FuzzStacktrie/3722bcf16bec702f19cd804f7c986c1bde02baa3
=== RUN   FuzzStacktrie/37fffc35241be7d89366d8837a3bb037506baeca
=== RUN   FuzzStacktrie/385d6e90ca77583c67159d647a7ae6b810b78ca0
=== RUN   FuzzStacktrie/3901de9321c1931d4db88b9b6e7735ccb27915f3
=== RUN   FuzzStacktrie/3966d3939f262822ac7bb5d4fc5188a76eb98d23
=== RUN   FuzzStacktrie/3af91adbcaa35d395e2ca130fbf5e142971dcc21
=== RUN   FuzzStacktrie/3b400793230181d41ce0f15de0bb79b120c247b8
=== RUN   FuzzStacktrie/3d99ba06e1678daaa790b5ec40871159b5c7c1f3
=== RUN   FuzzStacktrie/3e325c8c81f5927451e92be9f065c94a5051d09b
=== RUN   FuzzStacktrie/3f7c8a9a434471412ad64454f667588b362a82f8
=== RUN   FuzzStacktrie/40bf22f04adf1a233170c930b20f20da1a392306
=== RUN   FuzzStacktrie/4184c3b503b1a2a558e6aef62dfacd65625636d8
=== RUN   FuzzStacktrie/4251e93e69b0c49783d3a7326202b6172d8f896b
=== RUN   FuzzStacktrie/42742f48e9f9107bf859b423839db0ad08327319
=== RUN   FuzzStacktrie/42c8b86a71b609cb8907d9e148e1a23c697a25ca
=== RUN   FuzzStacktrie/43789836bc434888a62434e42b861ccdb4a9e1df
=== RUN   FuzzStacktrie/438966e77063037b6f256265c5926dc5eb587261
=== RUN   FuzzStacktrie/452b5ca8439bc535396419efd875584ab3fa044f
=== RUN   FuzzStacktrie/45454c0b08c696555d06df3a3b494a9ed7bb0ee8
=== RUN   FuzzStacktrie/45510c633a64d406647a0429112b7d3fa0af149c
=== RUN   FuzzStacktrie/45621a2fe3e8e944fb3dc7539f5ea489b97582de
=== RUN   FuzzStacktrie/46695c622bb4ee450b89a829f09b0f1ba2187b19
=== RUN   FuzzStacktrie/468baf6593be34d7062f08ebe09024add80031e2
=== RUN   FuzzStacktrie/47507d675906d353f0b36ad1a14b7d134acaa9a6
=== RUN   FuzzStacktrie/48e85bc4b6fb1ce92b308d305789fc955e5b6f15
=== RUN   FuzzStacktrie/48efc34cb39d4b0c93688c6d143b4cbff50e2319
=== RUN   FuzzStacktrie/4b6cedd89d25e602334357e659455751442dd421
=== RUN   FuzzStacktrie/4dc772756bba037babdde58741d8a02f13da64b0
=== RUN   FuzzStacktrie/4e0056abee895ebdec7196913f97e606d05247c8
=== RUN   FuzzStacktrie/4e3a33983f363cf79a0025858eb3584fed8341d1
=== RUN   FuzzStacktrie/4e637c1045daad722efd16b5aef16d137d5f18f8
=== RUN   FuzzStacktrie/50d05d1afbe9ed8edeceb4f458194476ae912b5c
=== RUN   FuzzStacktrie/52c1307d9e9a4d737f8e5b6e44e7c50badfae8a1
=== RUN   FuzzStacktrie/52c8251be25fc8acf36d39c9a595d47601c53249
=== RUN   FuzzStacktrie/53576ce576c37cdf0a6a9046b335c2db1931d5c7
=== RUN   FuzzStacktrie/5572592b012555ee330797d3edf0af37c785e6c9
=== RUN   FuzzStacktrie/5730e1a703b0648c3f364ab735ec6d40e3817886
=== RUN   FuzzStacktrie/57dd688dc30036d717c451935020ad44d285cc20
=== RUN   FuzzStacktrie/590ba151bfb76585cd88c1dcbfb87ead1a3e3efe
=== RUN   FuzzStacktrie/596177e2ab5bc5558935fd084cf9b1aab2ed0cc4
=== RUN   FuzzStacktrie/5acdd5631ebfdab61444967ba4a19c6b42ac046e
=== RUN   FuzzStacktrie/5b069cb8ee220d23abe8820ce9c2c47874bb66c0
=== RUN   FuzzStacktrie/5b28afa917daf7f799de4c5d2fbd5aa5392bbd22
=== RUN   FuzzStacktrie/5ba93c9db0cff93f52b521d7420e43f6eda2784f
=== RUN   FuzzStacktrie/5c2b5c640d572a6ae663117d3dc53150694196d7
=== RUN   FuzzStacktrie/5cd1d3c9a024ffe98a077f6b2b5f7573703470a0
=== RUN   FuzzStacktrie/5ddec2160ed9b649286f1c2e6f2ca0ced895029c
=== RUN   FuzzStacktrie/5deb5d595a519a5bfdc434748e164203bf65a4b5
=== RUN   FuzzStacktrie/5e03759dc4c160fe31c91e4ef3cac4a493ce2c49
=== RUN   FuzzStacktrie/5e39c515254fb6a87dec911630fa173ab78fb132
=== RUN   FuzzStacktrie/5e6ae60f3b587ff1b59abbe81bc377bb587a7d8d
=== RUN   FuzzStacktrie/5ecb37389fc8780bce667417774e8c75fecd819b
=== RUN   FuzzStacktrie/5fc929815397c65576880eddc5b2ac483939b3fd
=== RUN   FuzzStacktrie/5fcd864965e1e276ea2c225c58d69230ea04e185
=== RUN   FuzzStacktrie/5ff1419ed1b33193774cd9c71cbe9482c5a2a173
=== RUN   FuzzStacktrie/60105b97f84250f4a0585845a6274a43fd24069b
=== RUN   FuzzStacktrie/6103a24f04e90df95313a78b31a9d250ea461292
=== RUN   FuzzStacktrie/61041334708b288efe72487b19144d93cd5d93f7
=== RUN   FuzzStacktrie/63b2f6a9e8f16074e20c10e0072905e1e97b1a2e
=== RUN   FuzzStacktrie/646df253e264908044033f734675a010b70b865e
=== RUN   FuzzStacktrie/6484c17a83918d03c65a58970782ca808a279a30
=== RUN   FuzzStacktrie/64e4f1e36a264bc93b756e429cfa0bb11022e2a7
=== RUN   FuzzStacktrie/672188c4056e5b48ca5882001f495065f162821d
=== RUN   FuzzStacktrie/672dabe59314a610ca8734432d2a75a18b52f878
=== RUN   FuzzStacktrie/68184c97fdc015d57491abcc0842cef47415f1ad
=== RUN   FuzzStacktrie/6aedb70278a06b10592d95646073aa6809062ece
=== RUN   FuzzStacktrie/6c250cb0493832df74927d597e11358e72a119be
=== RUN   FuzzStacktrie/6c8114eecd57adb77a4233daca4deec9a9c93790
=== RUN   FuzzStacktrie/6cc796aa8ce2cf9ed81a36292a0a6c34ab17af85
=== RUN   FuzzStacktrie/6d26fd7f11f6c7dae2cec5e4ad02c4a0c4756c0d
=== RUN   FuzzStacktrie/6e9a1f509406b16d6a18be2fa66ffae77da32ac5
=== RUN   FuzzStacktrie/705f99cf44b386984be39e63df48ac22044344e0
=== RUN   FuzzStacktrie/71853c6197a6a7f222db0f1978c7cb232b87c5ee
=== RUN   FuzzStacktrie/726f85af4496465039826d13a909503c47c32a4a
=== RUN   FuzzStacktrie/737d7f837c66f626b3eb32c224555db41568528c
=== RUN   FuzzStacktrie/7421b3df8e3255757319c09cc378ecb85624a09b
=== RUN   FuzzStacktrie/74763293e48568e5657cfe0e5843ab396ca44931
=== RUN   FuzzStacktrie/759b0e3c3b0b8f0c69bbb420b8f5a17bf6fc6d65
=== RUN   FuzzStacktrie/76254ed7710aa7f43987b717053e45866715ccd5
=== RUN   FuzzStacktrie/7633f24b0eb018d8ff467f929b7124ba509bab45
=== RUN   FuzzStacktrie/766630e099c3ccbb2009a0178ec742444d81a824
=== RUN   FuzzStacktrie/76701d0547caa1919695faf271fff926fd21c14d
=== RUN   FuzzStacktrie/76b5a07d6d78e5ce83781627850d4acbe8b8d269
=== RUN   FuzzStacktrie/76ebaee0f819c92012c91dc17d61147568d3e19c
=== RUN   FuzzStacktrie/771ab43ab934f04e52833e541f3bace3cbc3f22c
=== RUN   FuzzStacktrie/774219f24d386ba66cc9061202ded24e8cf99bc4
=== RUN   FuzzStacktrie/7746835df5ef943d65263f1b316cdc5338388199
=== RUN   FuzzStacktrie/7809ff4a414d733505e3691daf977b2b6a3637d3
=== RUN   FuzzStacktrie/78bd4cddca521cebadac26d1ebf047b74425e645
=== RUN   FuzzStacktrie/792f05b767db59ffb5dfb0bb7f82b6b20ea01252
=== RUN   FuzzStacktrie/797bfe0ed488f9b70f6166611a3c6c40951198af
=== RUN   FuzzStacktrie/7a306b6566676c0d30c8f7b0ed94c39adc3b9b36
=== RUN   FuzzStacktrie/7b76b50cfde509b25fc049aa18dfc13c96f6fcaa
=== RUN   FuzzStacktrie/7bd822e6d883a247e74191e28a3980cc4af31dfe
=== RUN   FuzzStacktrie/7d7d061cba9889d9e41ee705e097092165de1232
=== RUN   FuzzStacktrie/7deb946b4f3314a678000f082650d33af6c3e33a
=== RUN   FuzzStacktrie/7f2454786b0a4f419108e318cf06e6b9b83959c8
=== RUN   FuzzStacktrie/7f9a7b759245d975bfbe3af69fd072a3806794a6
=== RUN   FuzzStacktrie/7f9b3862a3f1dff811c4e84b5e03a48f2bc65842
=== RUN   FuzzStacktrie/8031932eac4b55fdfb310ca8a92d8dfd738bf403
=== RUN   FuzzStacktrie/827e55f339ca2b453bb2b7a88d77838f4eec9e92
=== RUN   FuzzStacktrie/8317a69d02a2fc29ef02e4de0f77dd724475b8f4
=== RUN   FuzzStacktrie/831a2da56234c6759ba9c2a4cde52d284c6e4ace
=== RUN   FuzzStacktrie/83b4918e940bb95d8961fb9c94b6482482871a9a
=== RUN   FuzzStacktrie/843720d9ea6ff650b3f1d381391a127df79ded48
=== RUN   FuzzStacktrie/8673f74a19696e9f62538f5cf478aafd88f6fdf0
=== RUN   FuzzStacktrie/86f60257a5deadd56e4e2cbd1dd5126fce06d8e2
=== RUN   FuzzStacktrie/87cb0eb236011bf28520e2496af5f6b60c7fa73a
=== RUN   FuzzStacktrie/881844c4498d8b706b09a1faf26ea53e2256597c
=== RUN   FuzzStacktrie/885cc5f1d031f58534440c1610064e347930f6cb
=== RUN   FuzzStacktrie/88e9a4ede74923f035f6a7d37b455c39b9b91b43
=== RUN   FuzzStacktrie/8996009837354053bd98debcf8fd0621bc7f3d78
=== RUN   FuzzStacktrie/8acbcb601715b1fee3641ddeff63eddd1a3169f1
=== RUN   FuzzStacktrie/8b8dca0b7babfb1d16629bfd9a01ccfc1b4bc148
=== RUN   FuzzStacktrie/8ba18d25089543311be51482731a3561fe802cb9
=== RUN   FuzzStacktrie/8bdb2da1eac65431020fb52f4eb9bc62774a9b7b
=== RUN   FuzzStacktrie/8e7fb8b7fef78edfc5f8dc827ae7c1ba509d0cec
=== RUN   FuzzStacktrie/8f130813838e0525e68223d2e8ebdb21710bb0c1
=== RUN   FuzzStacktrie/8f7e67a3b19baf13b4386926a433fba17a930971
=== RUN   FuzzStacktrie/8fd97a7503a910f8cf0ef25bd6577d436b208da4
=== RUN   FuzzStacktrie/902b4b00c95390f6de877baf6ba455425771fd72
=== RUN   FuzzStacktrie/905effbdc35a9a3b894a1abbfc99bb15a215ef52
=== RUN   FuzzStacktrie/9069ca78e7450a285173431b3e52c5c25299e473
=== RUN   FuzzStacktrie/90b08a0ed61f73d98e6d93e04a20302aee00d9fa
=== RUN   FuzzStacktrie/90d9789f8c2c2e89fd9fc5ae23e889923041e25d
=== RUN   FuzzStacktrie/90ec15138b1e7589d65bc1d385137d3d46f2f9d2
=== RUN   FuzzStacktrie/94d0601b9486e4c43099f38cca773089ec273de9
=== RUN   FuzzStacktrie/95cf26d593b2e252912bddfc9c82efc7a6809d5b
=== RUN   FuzzStacktrie/967b1399387f468a19bab333e24ee633d7ae4034
=== RUN   FuzzStacktrie/9709a2f6e8d23e4d4f464dc39ef14ead765531b8
=== RUN   FuzzStacktrie/97453c2f8af19b7e4edbda1d8138c18ef6e0ae48
=== RUN   FuzzStacktrie/98ce45f0a80692d1e474c21cd03e19769d0f3b5d
=== RUN   FuzzStacktrie/98f86d0d767e1aa3cf2e606b38fec2f34a35220d
=== RUN   FuzzStacktrie/9a0adacd234393a25bdb9e185043dd4803d77cf4
=== RUN   FuzzStacktrie/9a92045efe00e2daf6c187370a9ac10d20ff0551
=== RUN   FuzzStacktrie/9ab345188094fafd4cc914ea70de947c9c2a0e64
=== RUN   FuzzStacktrie/9afd9e8cb64f6d34cea2b82231d0d9cc2f177374
=== RUN   FuzzStacktrie/9b13658c8de1397ff9b29397232b7d55f29460e0
=== RUN   FuzzStacktrie/9c58fc6bd157c23c981b2a317a83f49f7b25d40d
=== RUN   FuzzStacktrie/9cc6d6efc1bb708a4a4e7330d5090e215ed654d2
=== RUN   FuzzStacktrie/9ddc4bffef13a1c3afa1fba34e32d8134c7bea79
=== RUN   FuzzStacktrie/9e63d14bb15fe85e44b2e259356ad1764f05de25
=== RUN   FuzzStacktrie/a00ca332e7173351b23bc36e4f00f0c41c20947e
=== RUN   FuzzStacktrie/a1af0ed8082d5dba1394dc7ee5fee8a23afff26f
=== RUN   FuzzStacktrie/a1ffb75e924601776af38053a6008ebd9bce9c42
=== RUN   FuzzStacktrie/a2afc8e19e7413a971eaabda8072096204ebdded
=== RUN   FuzzStacktrie/a3bb9b9d63e9c9ea99b2bd275bcce0c98444d88b
=== RUN   FuzzStacktrie/a4d613b4c7bb8c8b4ea8b49ca95e2b4b3fb1f43e
=== RUN   FuzzStacktrie/a5327de46d4172a0b1436a889275074d6dec0b9c
=== RUN   FuzzStacktrie/a5c5b0c0f27f3114be5e8cdecce959581b5b181b
=== RUN   FuzzStacktrie/a695cb1a604135bf749c9b65e8bc629286c0b441
=== RUN   FuzzStacktrie/a6a66802de5984063f7c9493b45774445c0ec418
=== RUN   FuzzStacktrie/a6c522b9ccb39150dfbe077c05ddb87e32e1ae52
=== RUN   FuzzStacktrie/a6e8e7b13d050bb38dab0697bbba84ffecb8911b
=== RUN   FuzzStacktrie/a7939591664e2199345e872c7b138216bdd64921
=== RUN   FuzzStacktrie/a7e93756fa3f0af1c7bdb40954c9d0d7a3a9fd20
=== RUN   FuzzStacktrie/a815405bb685575759f67243bb94784aeb29296b
=== RUN   FuzzStacktrie/a827af78fabefa09ae32a0d04a207315e543d9d4
=== RUN   FuzzStacktrie/a97d2fd1238a27a961bd12b6267aa9a9f851ea38
=== RUN   FuzzStacktrie/a98f8679fadf526fa74ff1c850eda3e732489aad
=== RUN   FuzzStacktrie/a9aab0fe7893d6c0e7b57bb8d96f70d90f65badf
=== RUN   FuzzStacktrie/a9bec442b1ee46b0cd28054dfe3bee5c4a4f6041
=== RUN   FuzzStacktrie/aa103eff27591201e0abc83b9459d8fd038d5a4c
=== RUN   FuzzStacktrie/aa3179fdabaa20af26c550280a00178d040777ba
=== RUN   FuzzStacktrie/aa33b21dfc03acc3cdf695b8eda6c6c736e0fa15
=== RUN   FuzzStacktrie/aa51b36b0a184ed5edc26c8590d6e220e08345a8
=== RUN   FuzzStacktrie/ab8b4e226af66222388d352f51050dd08a85e362
=== RUN   FuzzStacktrie/ac16c37ddcb42749f9ea365a669fef0d41090862
=== RUN   FuzzStacktrie/ae1b903699af54678201e85d24f9d0b1b89c46a4
=== RUN   FuzzStacktrie/ae743137a5077212005c49dbcf4a17e3ad16c002
=== RUN   FuzzStacktrie/afbda55c4d281535e951d17087a79c5fd23e53ef
=== RUN   FuzzStacktrie/afdc6b413ee79c51de7d970f41f69fb32ea226e9
=== RUN   FuzzStacktrie/b0b98ac2122fcaa6d25e2828c741d4f2ea305e45
=== RUN   FuzzStacktrie/b22fc12f785bb1b71f56b8d67e4837f10d5f7933
=== RUN   FuzzStacktrie/b2421d9b35f35ab49e29ca0ee4b6056ba13442a1
=== RUN   FuzzStacktrie/b27ad1d547bce94549765e7327644270500097e1
=== RUN   FuzzStacktrie/b40b128e2bc568310ec9d540cd823730885ce629
=== RUN   FuzzStacktrie/b42128571ba1744a0f4635087a0792675480e741
=== RUN   FuzzStacktrie/b44e80ec6318742e6e44f2316f8c88dca2f293c5
=== RUN   FuzzStacktrie/b5727e82433c2656df62cf55194bc9ed4ad49a3e
=== RUN   FuzzStacktrie/b5d1cee52d966b12292f847df3e65dcf142cece8
=== RUN   FuzzStacktrie/b718cf9c9a761cf3d814e51e016ec8263b4645bb
=== RUN   FuzzStacktrie/b730cd5d21593df2fa970b5a23836ea6f425829a
=== RUN   FuzzStacktrie/b8e922cd157b325e8f52ca66712388b77d4394ed
=== RUN   FuzzStacktrie/b9930a4b603161cbdbe5072a731475dff908e932
=== RUN   FuzzStacktrie/b9ec199a5271811e71600f85786f2cc4e8e3faf5
=== RUN   FuzzStacktrie/ba6f39b1c194e0d7245b313f33441c5cd8756b67
=== RUN   FuzzStacktrie/ba992ce0bdbce3f23de4e6a2249d5fb191cf2524
=== RUN   FuzzStacktrie/bb7c014b267e95d4f740c0313cb6db91dd775d5d
=== RUN   FuzzStacktrie/bc48300972458d6c1c2567ab874144afb8a818c6
=== RUN   FuzzStacktrie/bcbc07873ba5b03924962e8975b8752714630153
=== RUN   FuzzStacktrie/bd6b257ecfdbc0a5a23427d0e152f0726be5d47f
=== RUN   FuzzStacktrie/be5b5b068089834aacdb90b8712d7690b7614fc2
=== RUN   FuzzStacktrie/bf0b8d9659045523031a38f891ddf27af089ae7a
=== RUN   FuzzStacktrie/c0b080c3debb40973e547349d2777e2b4e5954c8
=== RUN   FuzzStacktrie/c0b60bbedecad55dbc08282341c8b86bea3a0b7a
=== RUN   FuzzStacktrie/c0e2c8757fd2bd81cf3dd0c14ea6b7e7754d3430
=== RUN   FuzzStacktrie/c15a5abe6cb29eb16660cabb9f27e42f608de1fb
=== RUN   FuzzStacktrie/c1ca1b4d777b4dfe2faa118815d737bd340ff324
=== RUN   FuzzStacktrie/c1e88810d1860fdacf8b600d5c3922ddd201c625
=== RUN   FuzzStacktrie/c2cd5ac6caa6f342530addad5184c22330cc0ac8
=== RUN   FuzzStacktrie/c2fa8b23983efcf39e5728eded850236f66cb8ea
=== RUN   FuzzStacktrie/c35f00958135f0d03c17876db836720d74c23a9a
=== RUN   FuzzStacktrie/c4e1214792f4c56d21cef9676f5c4f439cbc00b3
=== RUN   FuzzStacktrie/c56f7cbe8b4b3ce09c32fdc0931d376d2064d671
=== RUN   FuzzStacktrie/c69de452c87bc06e054c1bb960447e67f3824e60
=== RUN   FuzzStacktrie/c7f09b79d59039178ad72e0a725a0cabc7a877c0
=== RUN   FuzzStacktrie/c89bf33607c9b64d64c4cc920d03713d6b8c2ec8
=== RUN   FuzzStacktrie/c9220d3e7b6d6abb8ee620f092d68983c414e7ec
=== RUN   FuzzStacktrie/c94e46762bf5793be71837aef4871a1ca615d593
=== RUN   FuzzStacktrie/c9d07bb03fd703a62b9cc125f830a5e24bfd44bc
=== RUN   FuzzStacktrie/c9ee7c3670c17bcc844bb071b52bb37cda366212
=== RUN   FuzzStacktrie/ca65765d0cdec7f8eb12b83cc3cd9eeb475a7af1
=== RUN   FuzzStacktrie/ccd165a7e5a3eb709bfac2c629157961b32d23e0
=== RUN   FuzzStacktrie/ce58fef966926593dd3228662d7984905611e640
=== RUN   FuzzStacktrie/cfad0aefcb1e5ef90054e5bd40d4fcd6b9223a6d
=== RUN   FuzzStacktrie/d1d45c07b493b8b250cfc7fd4b25ca10783024aa
=== RUN   FuzzStacktrie/d2f94f01d557cc687e1a8c1ffc4e7649c837fe03
=== RUN   FuzzStacktrie/d302ce815c44ba6375d055c6b9c72b8393391dc9
=== RUN   FuzzStacktrie/d399e4b5419ae1c512900d30bf610a6322851c5d
=== RUN   FuzzStacktrie/d4374035e2d2f17dad365a7a74e0e0ebcc51377f
=== RUN   FuzzStacktrie/d48b4167bd466fc35a7664d0eaf6708f27ddf43d
=== RUN   FuzzStacktrie/d5f927724c5aa91da2d93110723b3e3761f8a6a4
=== RUN   FuzzStacktrie/d673899690d95cf52f22955e56e137e73c558e27
=== RUN   FuzzStacktrie/d6f9134eba8334f6364dcde69d4f1e3379c760d4
=== RUN   FuzzStacktrie/d74d4d9a8fa370efb73e9cbe79f5b225439749fe
=== RUN   FuzzStacktrie/d8be47c6d0a919d3bae6edc50901f8df6c3cd8cf
=== RUN   FuzzStacktrie/d8ce7cb8ee7bcfb2deacbd6223bd15f2aa858ac3
=== RUN   FuzzStacktrie/d9735b938908a2c7e75941be56a6e7ce16f92291
=== RUN   FuzzStacktrie/d97931e8c5e6330de2e0b4f4f6d70966b35870bf
=== RUN   FuzzStacktrie/d98cbaa3e5ca2e9bdb13d16085615b25f92ae928
=== RUN   FuzzStacktrie/d9a2653e1b66715d142236457296b00e0dae753d
=== RUN   FuzzStacktrie/d9d89769c79e08f8f53db573c0a4c84aa4a9e64d
=== RUN   FuzzStacktrie/dbfe07352e9f317c44ff362b5ac540077e30b49c
=== RUN   FuzzStacktrie/dd456c0d5124c59f52f63717155c81603e8b1af4
=== RUN   FuzzStacktrie/de6ec784a04b5d64600b30fd4962001d1e4adb47
=== RUN   FuzzStacktrie/dfc969a0dee843e9135c476921ce9c716cbbb329
=== RUN   FuzzStacktrie/e03b3b1f3475eed826dbb3543f667973f8b169e0
=== RUN   FuzzStacktrie/e03f1ec4bf6dbbe481006ebb5de9db88092b81f0
=== RUN   FuzzStacktrie/e0624a88580c82e7e633a35df598fd84a615fb49
=== RUN   FuzzStacktrie/e0e6d7d5986fc241d2c8faad1400637563bb6da2
=== RUN   FuzzStacktrie/e2e25b22d9a304e4af9e16348ab21d7f5fed4942
=== RUN   FuzzStacktrie/e3461355abb153a5eb713ef50cda7354b0e22c22
=== RUN   FuzzStacktrie/e395c07240d3494d182447e03fa87d35018f7a81
=== RUN   FuzzStacktrie/e3a56919821c911068d260c0ff7f89b7a0b4930e
=== RUN   FuzzStacktrie/e62975233b28effe3468fcf3e2c035525b0e4790
=== RUN   FuzzStacktrie/e6a70345e37cb2ae9dc6febd0723e761c3bee2fb
=== RUN   FuzzStacktrie/e78b73712b845709857dbf1568e0a8957c1bfd3f
=== RUN   FuzzStacktrie/e78d7209c99d278a294e50eb2f87d6d7b729976d
=== RUN   FuzzStacktrie/e7e1a4657eba786764c7b7ceeaaa5d8d85ea8c77
=== RUN   FuzzStacktrie/e97079c6d1672875e42ad9d0ceec93aadad007c9
=== RUN   FuzzStacktrie/ebe5419dc5acf8a522b91f75d86e0acd48fd10f5
=== RUN   FuzzStacktrie/ecf21725e0621dff702e3dc1ba5fba40c1a03eac
=== RUN   FuzzStacktrie/ef1371a8b9c78061356d87342508c6f862055c60
=== RUN   FuzzStacktrie/efa967af8e516411c257cac56883192de50e3d29
=== RUN   FuzzStacktrie/f008d4a531083c5517cbd40b4add0ecf50172600
=== RUN   FuzzStacktrie/f124cbea7e7645537beee68ffdf18e259e0f1235
=== RUN   FuzzStacktrie/f143b7d1bd3486c58d6f36539816adbf4f211ec2
=== RUN   FuzzStacktrie/f1ba2ccdb2599bd824913b1821c99de8a751ef15
=== RUN   FuzzStacktrie/f1fb880eb7e8ce497337e4387f2a8835cb52a52d
=== RUN   FuzzStacktrie/f2fea3e295d95fb7ba95b3215a073cc938f5d5eb
=== RUN   FuzzStacktrie/f442db17a0ce39b5d1dd4a94522ae9eec1fc5080
=== RUN   FuzzStacktrie/f4b98c31dfc8782c4178be177fa51f216b97f209
=== RUN   FuzzStacktrie/f4cb3e93afa319474b6ff7a8712f33d4e04febb3
=== RUN   FuzzStacktrie/f51c3e74f2c4720ec04037e4b6eee27144174aea
=== RUN   FuzzStacktrie/f54e9357303741e0d4651e57c24083eb8b745269
=== RUN   FuzzStacktrie/f5577bcb2ed2310c11f56e1c7ad7fccaefc9e3b4
=== RUN   FuzzStacktrie/f557cf27d4b111be3708d81b5130662db3c38aa0
=== RUN   FuzzStacktrie/f62f97fad7905f5f6621e9333d6aa2b280451210
=== RUN   FuzzStacktrie/f7e765ee14383c10be5593ed5b0138e52b501a32
=== RUN   FuzzStacktrie/f89c7d755753d2f6b29c4a45a2a1a32a9825aa81
=== RUN   FuzzStacktrie/f97bbd20a757aa0541d6a55ce4e31b1729cf76a2
=== RUN   FuzzStacktrie/fa535fc76e6c4b0c53375246cec1335e935a55bf
=== RUN   FuzzStacktrie/fc5c74510fbe7a32d6cb06121f2ac06f96ff5d45
=== RUN   FuzzStacktrie/fcf6b8574037ada938f6a68eb430b16ebfad9ee4
=== RUN   FuzzStacktrie/fcfa1c3dc3965ea695a3f9550004710f489b07db
=== RUN   FuzzStacktrie/fd664fd7e88e1086fc8b980aaac8a39f4dad48f7
=== RUN   FuzzStacktrie/fefce28fd99b3060f6e57d3b423fada855195c78
=== RUN   FuzzStacktrie/ffbb0918862706ce19a03acd6caf9441dea293c9
--- PASS: FuzzStacktrie (0.14s)
    --- PASS: FuzzStacktrie/00a4cef061effe682a7c59317f4bf37552f5e9e6 (0.00s)
    --- PASS: FuzzStacktrie/02202d14cf589f4c36b32ce2031b9c01ddd889d1 (0.00s)
    --- PASS: FuzzStacktrie/044751dc737125a788b984db6fc506505ff0e625 (0.00s)
    --- PASS: FuzzStacktrie/051cdba7df3048610889d56e36071afe7486a8df (0.00s)
    --- PASS: FuzzStacktrie/056e2ddb0fb061d5e6a6343b53213d965d997602 (0.00s)
    --- PASS: FuzzStacktrie/067ebca4a819e8ac8fb2ee6e8eac63174618665e (0.00s)
    --- PASS: FuzzStacktrie/078cf7cf2a160dcca594c12a1ad086d062a0c236 (0.00s)
    --- PASS: FuzzStacktrie/0882edca5190e87d15e4d45f5b70387bcb763726 (0.00s)
    --- PASS: FuzzStacktrie/08b8f2534a8aabf840c0a91c28f39c22c6877a08 (0.00s)
    --- PASS: FuzzStacktrie/096da30099bdc087e5c0b432b984ebd3996aa1d3 (0.00s)
    --- PASS: FuzzStacktrie/0a2f3f535539aee20f67506aef530479ec218f3f (0.00s)
    --- PASS: FuzzStacktrie/0aeeeca61e6edf3abb64e160341a65410f776587 (0.00s)
    --- PASS: FuzzStacktrie/0b6265802c458e80b1c92eaa8c3e00e38133e2d4 (0.00s)
    --- PASS: FuzzStacktrie/0c3fb52fc2d400b79a1584008d3cec78c49542b5 (0.00s)
    --- PASS: FuzzStacktrie/0c655c1a39e3c59402e9119adc6a009ccb551787 (0.00s)
    --- PASS: FuzzStacktrie/0ee78816ec5a2f243babc8c2932373632af949de (0.00s)
    --- PASS: FuzzStacktrie/0f2f41cbbd5acb9b57ef6ae540eacb44d08509f5 (0.00s)
    --- PASS: FuzzStacktrie/0feab27dd2ec0136f38f4d6a8e011bcdeee87d81 (0.00s)
    --- PASS: FuzzStacktrie/0ffb6ade3f9eb2f952cde06ad7065d354d44bb70 (0.00s)
    --- PASS: FuzzStacktrie/12a6cfe0e2223500f5709071664c2d69efe707c9 (0.00s)
    --- PASS: FuzzStacktrie/133c2b4133f514f35b68094995207f8bb4907e6e (0.00s)
    --- PASS: FuzzStacktrie/13aa07e1e399bfa464b3b06bf01a406c298ace62 (0.00s)
    --- PASS: FuzzStacktrie/19087c3ed1acf7f67227275eea9c26d07866b35a (0.00s)
    --- PASS: FuzzStacktrie/1961cca969c34b33cb61e12fbdc31aa891b26200 (0.00s)
    --- PASS: FuzzStacktrie/19c7555588f80ab4dc4c09e300f87b8a48878076 (0.00s)
    --- PASS: FuzzStacktrie/1afe73d41bd62945d8ef97db98adc722f28e970f (0.00s)
    --- PASS: FuzzStacktrie/1be2e55608f99bf11234c2618b9bdd5d0436f057 (0.00s)
    --- PASS: FuzzStacktrie/1c05dd3506dc74a5aa82c4fbc3a75b6297dc6caf (0.00s)
    --- PASS: FuzzStacktrie/1fd89a69b0ce4d37bc6bc6e07c1c720c5036690f (0.00s)
    --- PASS: FuzzStacktrie/212465a9b23ec3693d74a0f9ba2c9b23f2dfeb54 (0.00s)
    --- PASS: FuzzStacktrie/225c29d61521473110f4e26a22a23f896ee5eced (0.00s)
    --- PASS: FuzzStacktrie/2278d34b62f8535ccb13341f7b6900eaa05701a6 (0.00s)
    --- PASS: FuzzStacktrie/2370e05566acadd8ecb04034c12e36729c894f84 (0.00s)
    --- PASS: FuzzStacktrie/23f30d4600ba76a3a8708fbd262023529c25d0bb (0.00s)
    --- PASS: FuzzStacktrie/240a362b1f83be6b2bff60a5e9af8b8d629e6fef (0.00s)
    --- PASS: FuzzStacktrie/24490f59987649dd41b544a03e2a26a3f5c6e5dd (0.00s)
    --- PASS: FuzzStacktrie/2486a12ef504a3813865a3f97dcb2769a55747ca (0.00s)
    --- PASS: FuzzStacktrie/249c0e378f4bb7a96f8aae30ca5acc7188eaffd4 (0.00s)
    --- PASS: FuzzStacktrie/252571beca4e159a8ad07b0604bafc6624c24d82 (0.00s)
    --- PASS: FuzzStacktrie/25edcc2a0b3a17cba157192a5dd9830b99063726 (0.00s)
    --- PASS: FuzzStacktrie/26c5abb9a849e103d0368ad24bdf59d1204ebec0 (0.00s)
    --- PASS: FuzzStacktrie/26cd88883e0990b90b8afb04b2cf7c1a98ee8dfc (0.00s)
    --- PASS: FuzzStacktrie/271eb6a48dcff40e3ebd562f0f8ef1cb6948a28c (0.00s)
    --- PASS: FuzzStacktrie/2857624f5884f2a0547160cdd4664bfad1dc2edd (0.00s)
    --- PASS: FuzzStacktrie/28a1275df52553e97c0a9f61d52a7d7d38ba4470 (0.00s)
    --- PASS: FuzzStacktrie/2933904028de4bd2a25f2e85a186afd2820002a0 (0.00s)
    --- PASS: FuzzStacktrie/2972a81c5de600feb2cebd6083e7ac473ea954ca (0.00s)
    --- PASS: FuzzStacktrie/2a09592676bff0c0318e064f7c1cf36453b9bfb0 (0.00s)
    --- PASS: FuzzStacktrie/2b2949b8d6b8d085de85aba5c2a9e60eec46809b (0.00s)
    --- PASS: FuzzStacktrie/2b7491a0923240cff897de169c915e02518ab450 (0.00s)
    --- PASS: FuzzStacktrie/2bb28ea3b87b0d67a26ef44fa74cf29adbd8fa5f (0.00s)
    --- PASS: FuzzStacktrie/2bb484ab1fc17373d9f04e873dd5da1aa551c2b6 (0.00s)
    --- PASS: FuzzStacktrie/2c3bd0e11dc282a4e79d45272728512c736d09fa (0.00s)
    --- PASS: FuzzStacktrie/2cb0ea8b1f8c9b30c44b900c8d21a8cdb373d1d8 (0.00s)
    --- PASS: FuzzStacktrie/2cd2d6cd6a19168af61098839ee61523c7c7db58 (0.00s)
    --- PASS: FuzzStacktrie/2ea39384c49d79273d3a8ba6bc98a35499c6dd14 (0.00s)
    --- PASS: FuzzStacktrie/2f397400baee0703f46ac8501cc9880bd2880c57 (0.00s)
    --- PASS: FuzzStacktrie/2f4cb0d9868ccad91a1e000382e4aeb9a647c8a2 (0.00s)
    --- PASS: FuzzStacktrie/2fac6be7a3adf26a6b71170a99134108dcd6737f (0.00s)
    --- PASS: FuzzStacktrie/313dc4f7ff0825fa74b254c2dc7584decbdf8ba5 (0.00s)
    --- PASS: FuzzStacktrie/315462a4a0ff879319806797ba1bed0a3a2ab26a (0.00s)
    --- PASS: FuzzStacktrie/315e00a2360e2b04fe2577666e6761dd8134ae2b (0.00s)
    --- PASS: FuzzStacktrie/3169c4d0c8dd243f9d0bfe895e6152dc131fa76e (0.00s)
    --- PASS: FuzzStacktrie/31d4cffcdda18c8c03b6d5ac9d33511dfa290186 (0.00s)
    --- PASS: FuzzStacktrie/34943b9ffb571f6b231df5933b084ddfcb371c2f (0.00s)
    --- PASS: FuzzStacktrie/350022739a986c5208bdeab0baf3851f07caa22d (0.00s)
    --- PASS: FuzzStacktrie/35368e3cf84a25bfe7f1287a5813a63fc4802f0d (0.00s)
    --- PASS: FuzzStacktrie/359f474f32ae5aa6bcd38e4c693bfebf76573b56 (0.00s)
    --- PASS: FuzzStacktrie/35ce2043128c2cd59c1deb151c9b271f71559264 (0.00s)
    --- PASS: FuzzStacktrie/371d0e7f4d5d98bf268cc751f6e52875e588e434 (0.00s)
    --- PASS: FuzzStacktrie/3722bcf16bec702f19cd804f7c986c1bde02baa3 (0.00s)
    --- PASS: FuzzStacktrie/37fffc35241be7d89366d8837a3bb037506baeca (0.00s)
    --- PASS: FuzzStacktrie/385d6e90ca77583c67159d647a7ae6b810b78ca0 (0.00s)
    --- PASS: FuzzStacktrie/3901de9321c1931d4db88b9b6e7735ccb27915f3 (0.00s)
    --- PASS: FuzzStacktrie/3966d3939f262822ac7bb5d4fc5188a76eb98d23 (0.00s)
    --- PASS: FuzzStacktrie/3af91adbcaa35d395e2ca130fbf5e142971dcc21 (0.00s)
    --- PASS: FuzzStacktrie/3b400793230181d41ce0f15de0bb79b120c247b8 (0.00s)
    --- PASS: FuzzStacktrie/3d99ba06e1678daaa790b5ec40871159b5c7c1f3 (0.00s)
    --- PASS: FuzzStacktrie/3e325c8c81f5927451e92be9f065c94a5051d09b (0.00s)
    --- PASS: FuzzStacktrie/3f7c8a9a434471412ad64454f667588b362a82f8 (0.00s)
    --- PASS: FuzzStacktrie/40bf22f04adf1a233170c930b20f20da1a392306 (0.00s)
    --- PASS: FuzzStacktrie/4184c3b503b1a2a558e6aef62dfacd65625636d8 (0.00s)
    --- PASS: FuzzStacktrie/4251e93e69b0c49783d3a7326202b6172d8f896b (0.00s)
    --- PASS: FuzzStacktrie/42742f48e9f9107bf859b423839db0ad08327319 (0.00s)
    --- PASS: FuzzStacktrie/42c8b86a71b609cb8907d9e148e1a23c697a25ca (0.00s)
    --- PASS: FuzzStacktrie/43789836bc434888a62434e42b861ccdb4a9e1df (0.00s)
    --- PASS: FuzzStacktrie/438966e77063037b6f256265c5926dc5eb587261 (0.00s)
    --- PASS: FuzzStacktrie/452b5ca8439bc535396419efd875584ab3fa044f (0.00s)
    --- PASS: FuzzStacktrie/45454c0b08c696555d06df3a3b494a9ed7bb0ee8 (0.00s)
    --- PASS: FuzzStacktrie/45510c633a64d406647a0429112b7d3fa0af149c (0.00s)
    --- PASS: FuzzStacktrie/45621a2fe3e8e944fb3dc7539f5ea489b97582de (0.00s)
    --- PASS: FuzzStacktrie/46695c622bb4ee450b89a829f09b0f1ba2187b19 (0.00s)
    --- PASS: FuzzStacktrie/468baf6593be34d7062f08ebe09024add80031e2 (0.00s)
    --- PASS: FuzzStacktrie/47507d675906d353f0b36ad1a14b7d134acaa9a6 (0.00s)
    --- PASS: FuzzStacktrie/48e85bc4b6fb1ce92b308d305789fc955e5b6f15 (0.00s)
    --- PASS: FuzzStacktrie/48efc34cb39d4b0c93688c6d143b4cbff50e2319 (0.00s)
    --- PASS: FuzzStacktrie/4b6cedd89d25e602334357e659455751442dd421 (0.00s)
    --- PASS: FuzzStacktrie/4dc772756bba037babdde58741d8a02f13da64b0 (0.00s)
    --- PASS: FuzzStacktrie/4e0056abee895ebdec7196913f97e606d05247c8 (0.00s)
    --- PASS: FuzzStacktrie/4e3a33983f363cf79a0025858eb3584fed8341d1 (0.00s)
    --- PASS: FuzzStacktrie/4e637c1045daad722efd16b5aef16d137d5f18f8 (0.00s)
    --- PASS: FuzzStacktrie/50d05d1afbe9ed8edeceb4f458194476ae912b5c (0.00s)
    --- PASS: FuzzStacktrie/52c1307d9e9a4d737f8e5b6e44e7c50badfae8a1 (0.00s)
    --- PASS: FuzzStacktrie/52c8251be25fc8acf36d39c9a595d47601c53249 (0.00s)
    --- PASS: FuzzStacktrie/53576ce576c37cdf0a6a9046b335c2db1931d5c7 (0.00s)
    --- PASS: FuzzStacktrie/5572592b012555ee330797d3edf0af37c785e6c9 (0.00s)
    --- PASS: FuzzStacktrie/5730e1a703b0648c3f364ab735ec6d40e3817886 (0.00s)
    --- PASS: FuzzStacktrie/57dd688dc30036d717c451935020ad44d285cc20 (0.00s)
    --- PASS: FuzzStacktrie/590ba151bfb76585cd88c1dcbfb87ead1a3e3efe (0.00s)
    --- PASS: FuzzStacktrie/596177e2ab5bc5558935fd084cf9b1aab2ed0cc4 (0.00s)
    --- PASS: FuzzStacktrie/5acdd5631ebfdab61444967ba4a19c6b42ac046e (0.00s)
    --- PASS: FuzzStacktrie/5b069cb8ee220d23abe8820ce9c2c47874bb66c0 (0.00s)
    --- PASS: FuzzStacktrie/5b28afa917daf7f799de4c5d2fbd5aa5392bbd22 (0.00s)
    --- PASS: FuzzStacktrie/5ba93c9db0cff93f52b521d7420e43f6eda2784f (0.00s)
    --- PASS: FuzzStacktrie/5c2b5c640d572a6ae663117d3dc53150694196d7 (0.00s)
    --- PASS: FuzzStacktrie/5cd1d3c9a024ffe98a077f6b2b5f7573703470a0 (0.00s)
    --- PASS: FuzzStacktrie/5ddec2160ed9b649286f1c2e6f2ca0ced895029c (0.00s)
    --- PASS: FuzzStacktrie/5deb5d595a519a5bfdc434748e164203bf65a4b5 (0.00s)
    --- PASS: FuzzStacktrie/5e03759dc4c160fe31c91e4ef3cac4a493ce2c49 (0.00s)
    --- PASS: FuzzStacktrie/5e39c515254fb6a87dec911630fa173ab78fb132 (0.00s)
    --- PASS: FuzzStacktrie/5e6ae60f3b587ff1b59abbe81bc377bb587a7d8d (0.00s)
    --- PASS: FuzzStacktrie/5ecb37389fc8780bce667417774e8c75fecd819b (0.00s)
    --- PASS: FuzzStacktrie/5fc929815397c65576880eddc5b2ac483939b3fd (0.00s)
    --- PASS: FuzzStacktrie/5fcd864965e1e276ea2c225c58d69230ea04e185 (0.00s)
    --- PASS: FuzzStacktrie/5ff1419ed1b33193774cd9c71cbe9482c5a2a173 (0.00s)
    --- PASS: FuzzStacktrie/60105b97f84250f4a0585845a6274a43fd24069b (0.00s)
    --- PASS: FuzzStacktrie/6103a24f04e90df95313a78b31a9d250ea461292 (0.00s)
    --- PASS: FuzzStacktrie/61041334708b288efe72487b19144d93cd5d93f7 (0.00s)
    --- PASS: FuzzStacktrie/63b2f6a9e8f16074e20c10e0072905e1e97b1a2e (0.00s)
    --- PASS: FuzzStacktrie/646df253e264908044033f734675a010b70b865e (0.00s)
    --- PASS: FuzzStacktrie/6484c17a83918d03c65a58970782ca808a279a30 (0.00s)
    --- PASS: FuzzStacktrie/64e4f1e36a264bc93b756e429cfa0bb11022e2a7 (0.00s)
    --- PASS: FuzzStacktrie/672188c4056e5b48ca5882001f495065f162821d (0.00s)
    --- PASS: FuzzStacktrie/672dabe59314a610ca8734432d2a75a18b52f878 (0.00s)
    --- PASS: FuzzStacktrie/68184c97fdc015d57491abcc0842cef47415f1ad (0.00s)
    --- PASS: FuzzStacktrie/6aedb70278a06b10592d95646073aa6809062ece (0.00s)
    --- PASS: FuzzStacktrie/6c250cb0493832df74927d597e11358e72a119be (0.00s)
    --- PASS: FuzzStacktrie/6c8114eecd57adb77a4233daca4deec9a9c93790 (0.00s)
    --- PASS: FuzzStacktrie/6cc796aa8ce2cf9ed81a36292a0a6c34ab17af85 (0.00s)
    --- PASS: FuzzStacktrie/6d26fd7f11f6c7dae2cec5e4ad02c4a0c4756c0d (0.00s)
    --- PASS: FuzzStacktrie/6e9a1f509406b16d6a18be2fa66ffae77da32ac5 (0.00s)
    --- PASS: FuzzStacktrie/705f99cf44b386984be39e63df48ac22044344e0 (0.00s)
    --- PASS: FuzzStacktrie/71853c6197a6a7f222db0f1978c7cb232b87c5ee (0.00s)
    --- PASS: FuzzStacktrie/726f85af4496465039826d13a909503c47c32a4a (0.00s)
    --- PASS: FuzzStacktrie/737d7f837c66f626b3eb32c224555db41568528c (0.00s)
    --- PASS: FuzzStacktrie/7421b3df8e3255757319c09cc378ecb85624a09b (0.00s)
    --- PASS: FuzzStacktrie/74763293e48568e5657cfe0e5843ab396ca44931 (0.00s)
    --- PASS: FuzzStacktrie/759b0e3c3b0b8f0c69bbb420b8f5a17bf6fc6d65 (0.00s)
    --- PASS: FuzzStacktrie/76254ed7710aa7f43987b717053e45866715ccd5 (0.00s)
    --- PASS: FuzzStacktrie/7633f24b0eb018d8ff467f929b7124ba509bab45 (0.00s)
    --- PASS: FuzzStacktrie/766630e099c3ccbb2009a0178ec742444d81a824 (0.00s)
    --- PASS: FuzzStacktrie/76701d0547caa1919695faf271fff926fd21c14d (0.00s)
    --- PASS: FuzzStacktrie/76b5a07d6d78e5ce83781627850d4acbe8b8d269 (0.00s)
    --- PASS: FuzzStacktrie/76ebaee0f819c92012c91dc17d61147568d3e19c (0.00s)
    --- PASS: FuzzStacktrie/771ab43ab934f04e52833e541f3bace3cbc3f22c (0.00s)
    --- PASS: FuzzStacktrie/774219f24d386ba66cc9061202ded24e8cf99bc4 (0.00s)
    --- PASS: FuzzStacktrie/7746835df5ef943d65263f1b316cdc5338388199 (0.00s)
    --- PASS: FuzzStacktrie/7809ff4a414d733505e3691daf977b2b6a3637d3 (0.00s)
    --- PASS: FuzzStacktrie/78bd4cddca521cebadac26d1ebf047b74425e645 (0.00s)
    --- PASS: FuzzStacktrie/792f05b767db59ffb5dfb0bb7f82b6b20ea01252 (0.00s)
    --- PASS: FuzzStacktrie/797bfe0ed488f9b70f6166611a3c6c40951198af (0.00s)
    --- PASS: FuzzStacktrie/7a306b6566676c0d30c8f7b0ed94c39adc3b9b36 (0.00s)
    --- PASS: FuzzStacktrie/7b76b50cfde509b25fc049aa18dfc13c96f6fcaa (0.00s)
    --- PASS: FuzzStacktrie/7bd822e6d883a247e74191e28a3980cc4af31dfe (0.00s)
    --- PASS: FuzzStacktrie/7d7d061cba9889d9e41ee705e097092165de1232 (0.00s)
    --- PASS: FuzzStacktrie/7deb946b4f3314a678000f082650d33af6c3e33a (0.00s)
    --- PASS: FuzzStacktrie/7f2454786b0a4f419108e318cf06e6b9b83959c8 (0.00s)
    --- PASS: FuzzStacktrie/7f9a7b759245d975bfbe3af69fd072a3806794a6 (0.00s)
    --- PASS: FuzzStacktrie/7f9b3862a3f1dff811c4e84b5e03a48f2bc65842 (0.00s)
    --- PASS: FuzzStacktrie/8031932eac4b55fdfb310ca8a92d8dfd738bf403 (0.00s)
    --- PASS: FuzzStacktrie/827e55f339ca2b453bb2b7a88d77838f4eec9e92 (0.00s)
    --- PASS: FuzzStacktrie/8317a69d02a2fc29ef02e4de0f77dd724475b8f4 (0.00s)
    --- PASS: FuzzStacktrie/831a2da56234c6759ba9c2a4cde52d284c6e4ace (0.00s)
    --- PASS: FuzzStacktrie/83b4918e940bb95d8961fb9c94b6482482871a9a (0.00s)
    --- PASS: FuzzStacktrie/843720d9ea6ff650b3f1d381391a127df79ded48 (0.00s)
    --- PASS: FuzzStacktrie/8673f74a19696e9f62538f5cf478aafd88f6fdf0 (0.00s)
    --- PASS: FuzzStacktrie/86f60257a5deadd56e4e2cbd1dd5126fce06d8e2 (0.00s)
    --- PASS: FuzzStacktrie/87cb0eb236011bf28520e2496af5f6b60c7fa73a (0.00s)
    --- PASS: FuzzStacktrie/881844c4498d8b706b09a1faf26ea53e2256597c (0.00s)
    --- PASS: FuzzStacktrie/885cc5f1d031f58534440c1610064e347930f6cb (0.00s)
    --- PASS: FuzzStacktrie/88e9a4ede74923f035f6a7d37b455c39b9b91b43 (0.00s)
    --- PASS: FuzzStacktrie/8996009837354053bd98debcf8fd0621bc7f3d78 (0.00s)
    --- PASS: FuzzStacktrie/8acbcb601715b1fee3641ddeff63eddd1a3169f1 (0.00s)
    --- PASS: FuzzStacktrie/8b8dca0b7babfb1d16629bfd9a01ccfc1b4bc148 (0.00s)
    --- PASS: FuzzStacktrie/8ba18d25089543311be51482731a3561fe802cb9 (0.00s)
    --- PASS: FuzzStacktrie/8bdb2da1eac65431020fb52f4eb9bc62774a9b7b (0.00s)
    --- PASS: FuzzStacktrie/8e7fb8b7fef78edfc5f8dc827ae7c1ba509d0cec (0.00s)
    --- PASS: FuzzStacktrie/8f130813838e0525e68223d2e8ebdb21710bb0c1 (0.00s)
    --- PASS: FuzzStacktrie/8f7e67a3b19baf13b4386926a433fba17a930971 (0.00s)
    --- PASS: FuzzStacktrie/8fd97a7503a910f8cf0ef25bd6577d436b208da4 (0.00s)
    --- PASS: FuzzStacktrie/902b4b00c95390f6de877baf6ba455425771fd72 (0.00s)
    --- PASS: FuzzStacktrie/905effbdc35a9a3b894a1abbfc99bb15a215ef52 (0.00s)
    --- PASS: FuzzStacktrie/9069ca78e7450a285173431b3e52c5c25299e473 (0.00s)
    --- PASS: FuzzStacktrie/90b08a0ed61f73d98e6d93e04a20302aee00d9fa (0.00s)
    --- PASS: FuzzStacktrie/90d9789f8c2c2e89fd9fc5ae23e889923041e25d (0.00s)
    --- PASS: FuzzStacktrie/90ec15138b1e7589d65bc1d385137d3d46f2f9d2 (0.00s)
    --- PASS: FuzzStacktrie/94d0601b9486e4c43099f38cca773089ec273de9 (0.00s)
    --- PASS: FuzzStacktrie/95cf26d593b2e252912bddfc9c82efc7a6809d5b (0.00s)
    --- PASS: FuzzStacktrie/967b1399387f468a19bab333e24ee633d7ae4034 (0.00s)
    --- PASS: FuzzStacktrie/9709a2f6e8d23e4d4f464dc39ef14ead765531b8 (0.00s)
    --- PASS: FuzzStacktrie/97453c2f8af19b7e4edbda1d8138c18ef6e0ae48 (0.00s)
    --- PASS: FuzzStacktrie/98ce45f0a80692d1e474c21cd03e19769d0f3b5d (0.00s)
    --- PASS: FuzzStacktrie/98f86d0d767e1aa3cf2e606b38fec2f34a35220d (0.00s)
    --- PASS: FuzzStacktrie/9a0adacd234393a25bdb9e185043dd4803d77cf4 (0.00s)
    --- PASS: FuzzStacktrie/9a92045efe00e2daf6c187370a9ac10d20ff0551 (0.00s)
    --- PASS: FuzzStacktrie/9ab345188094fafd4cc914ea70de947c9c2a0e64 (0.00s)
    --- PASS: FuzzStacktrie/9afd9e8cb64f6d34cea2b82231d0d9cc2f177374 (0.00s)
    --- PASS: FuzzStacktrie/9b13658c8de1397ff9b29397232b7d55f29460e0 (0.00s)
    --- PASS: FuzzStacktrie/9c58fc6bd157c23c981b2a317a83f49f7b25d40d (0.00s)
    --- PASS: FuzzStacktrie/9cc6d6efc1bb708a4a4e7330d5090e215ed654d2 (0.00s)
    --- PASS: FuzzStacktrie/9ddc4bffef13a1c3afa1fba34e32d8134c7bea79 (0.00s)
    --- PASS: FuzzStacktrie/9e63d14bb15fe85e44b2e259356ad1764f05de25 (0.00s)
    --- PASS: FuzzStacktrie/a00ca332e7173351b23bc36e4f00f0c41c20947e (0.00s)
    --- PASS: FuzzStacktrie/a1af0ed8082d5dba1394dc7ee5fee8a23afff26f (0.00s)
    --- PASS: FuzzStacktrie/a1ffb75e924601776af38053a6008ebd9bce9c42 (0.00s)
    --- PASS: FuzzStacktrie/a2afc8e19e7413a971eaabda8072096204ebdded (0.00s)
    --- PASS: FuzzStacktrie/a3bb9b9d63e9c9ea99b2bd275bcce0c98444d88b (0.00s)
    --- PASS: FuzzStacktrie/a4d613b4c7bb8c8b4ea8b49ca95e2b4b3fb1f43e (0.00s)
    --- PASS: FuzzStacktrie/a5327de46d4172a0b1436a889275074d6dec0b9c (0.00s)
    --- PASS: FuzzStacktrie/a5c5b0c0f27f3114be5e8cdecce959581b5b181b (0.00s)
    --- PASS: FuzzStacktrie/a695cb1a604135bf749c9b65e8bc629286c0b441 (0.00s)
    --- PASS: FuzzStacktrie/a6a66802de5984063f7c9493b45774445c0ec418 (0.00s)
    --- PASS: FuzzStacktrie/a6c522b9ccb39150dfbe077c05ddb87e32e1ae52 (0.00s)
    --- PASS: FuzzStacktrie/a6e8e7b13d050bb38dab0697bbba84ffecb8911b (0.00s)
    --- PASS: FuzzStacktrie/a7939591664e2199345e872c7b138216bdd64921 (0.00s)
    --- PASS: FuzzStacktrie/a7e93756fa3f0af1c7bdb40954c9d0d7a3a9fd20 (0.00s)
    --- PASS: FuzzStacktrie/a815405bb685575759f67243bb94784aeb29296b (0.00s)
    --- PASS: FuzzStacktrie/a827af78fabefa09ae32a0d04a207315e543d9d4 (0.00s)
    --- PASS: FuzzStacktrie/a97d2fd1238a27a961bd12b6267aa9a9f851ea38 (0.00s)
    --- PASS: FuzzStacktrie/a98f8679fadf526fa74ff1c850eda3e732489aad (0.00s)
    --- PASS: FuzzStacktrie/a9aab0fe7893d6c0e7b57bb8d96f70d90f65badf (0.00s)
    --- PASS: FuzzStacktrie/a9bec442b1ee46b0cd28054dfe3bee5c4a4f6041 (0.00s)
    --- PASS: FuzzStacktrie/aa103eff27591201e0abc83b9459d8fd038d5a4c (0.00s)
    --- PASS: FuzzStacktrie/aa3179fdabaa20af26c550280a00178d040777ba (0.00s)
    --- PASS: FuzzStacktrie/aa33b21dfc03acc3cdf695b8eda6c6c736e0fa15 (0.00s)
    --- PASS: FuzzStacktrie/aa51b36b0a184ed5edc26c8590d6e220e08345a8 (0.00s)
    --- PASS: FuzzStacktrie/ab8b4e226af66222388d352f51050dd08a85e362 (0.00s)
    --- PASS: FuzzStacktrie/ac16c37ddcb42749f9ea365a669fef0d41090862 (0.00s)
    --- PASS: FuzzStacktrie/ae1b903699af54678201e85d24f9d0b1b89c46a4 (0.00s)
    --- PASS: FuzzStacktrie/ae743137a5077212005c49dbcf4a17e3ad16c002 (0.00s)
    --- PASS: FuzzStacktrie/afbda55c4d281535e951d17087a79c5fd23e53ef (0.00s)
    --- PASS: FuzzStacktrie/afdc6b413ee79c51de7d970f41f69fb32ea226e9 (0.00s)
    --- PASS: FuzzStacktrie/b0b98ac2122fcaa6d25e2828c741d4f2ea305e45 (0.00s)
    --- PASS: FuzzStacktrie/b22fc12f785bb1b71f56b8d67e4837f10d5f7933 (0.00s)
    --- PASS: FuzzStacktrie/b2421d9b35f35ab49e29ca0ee4b6056ba13442a1 (0.00s)
    --- PASS: FuzzStacktrie/b27ad1d547bce94549765e7327644270500097e1 (0.00s)
    --- PASS: FuzzStacktrie/b40b128e2bc568310ec9d540cd823730885ce629 (0.00s)
    --- PASS: FuzzStacktrie/b42128571ba1744a0f4635087a0792675480e741 (0.00s)
    --- PASS: FuzzStacktrie/b44e80ec6318742e6e44f2316f8c88dca2f293c5 (0.00s)
    --- PASS: FuzzStacktrie/b5727e82433c2656df62cf55194bc9ed4ad49a3e (0.00s)
    --- PASS: FuzzStacktrie/b5d1cee52d966b12292f847df3e65dcf142cece8 (0.00s)
    --- PASS: FuzzStacktrie/b718cf9c9a761cf3d814e51e016ec8263b4645bb (0.00s)
    --- PASS: FuzzStacktrie/b730cd5d21593df2fa970b5a23836ea6f425829a (0.00s)
    --- PASS: FuzzStacktrie/b8e922cd157b325e8f52ca66712388b77d4394ed (0.00s)
    --- PASS: FuzzStacktrie/b9930a4b603161cbdbe5072a731475dff908e932 (0.00s)
    --- PASS: FuzzStacktrie/b9ec199a5271811e71600f85786f2cc4e8e3faf5 (0.00s)
    --- PASS: FuzzStacktrie/ba6f39b1c194e0d7245b313f33441c5cd8756b67 (0.00s)
    --- PASS: FuzzStacktrie/ba992ce0bdbce3f23de4e6a2249d5fb191cf2524 (0.00s)
    --- PASS: FuzzStacktrie/bb7c014b267e95d4f740c0313cb6db91dd775d5d (0.00s)
    --- PASS: FuzzStacktrie/bc48300972458d6c1c2567ab874144afb8a818c6 (0.00s)
    --- PASS: FuzzStacktrie/bcbc07873ba5b03924962e8975b8752714630153 (0.00s)
    --- PASS: FuzzStacktrie/bd6b257ecfdbc0a5a23427d0e152f0726be5d47f (0.00s)
    --- PASS: FuzzStacktrie/be5b5b068089834aacdb90b8712d7690b7614fc2 (0.00s)
    --- PASS: FuzzStacktrie/bf0b8d9659045523031a38f891ddf27af089ae7a (0.00s)
    --- PASS: FuzzStacktrie/c0b080c3debb40973e547349d2777e2b4e5954c8 (0.00s)
    --- PASS: FuzzStacktrie/c0b60bbedecad55dbc08282341c8b86bea3a0b7a (0.00s)
    --- PASS: FuzzStacktrie/c0e2c8757fd2bd81cf3dd0c14ea6b7e7754d3430 (0.00s)
    --- PASS: FuzzStacktrie/c15a5abe6cb29eb16660cabb9f27e42f608de1fb (0.00s)
    --- PASS: FuzzStacktrie/c1ca1b4d777b4dfe2faa118815d737bd340ff324 (0.00s)
    --- PASS: FuzzStacktrie/c1e88810d1860fdacf8b600d5c3922ddd201c625 (0.00s)
    --- PASS: FuzzStacktrie/c2cd5ac6caa6f342530addad5184c22330cc0ac8 (0.00s)
    --- PASS: FuzzStacktrie/c2fa8b23983efcf39e5728eded850236f66cb8ea (0.00s)
    --- PASS: FuzzStacktrie/c35f00958135f0d03c17876db836720d74c23a9a (0.00s)
    --- PASS: FuzzStacktrie/c4e1214792f4c56d21cef9676f5c4f439cbc00b3 (0.00s)
    --- PASS: FuzzStacktrie/c56f7cbe8b4b3ce09c32fdc0931d376d2064d671 (0.00s)
    --- PASS: FuzzStacktrie/c69de452c87bc06e054c1bb960447e67f3824e60 (0.00s)
    --- PASS: FuzzStacktrie/c7f09b79d59039178ad72e0a725a0cabc7a877c0 (0.00s)
    --- PASS: FuzzStacktrie/c89bf33607c9b64d64c4cc920d03713d6b8c2ec8 (0.00s)
    --- PASS: FuzzStacktrie/c9220d3e7b6d6abb8ee620f092d68983c414e7ec (0.00s)
    --- PASS: FuzzStacktrie/c94e46762bf5793be71837aef4871a1ca615d593 (0.00s)
    --- PASS: FuzzStacktrie/c9d07bb03fd703a62b9cc125f830a5e24bfd44bc (0.00s)
    --- PASS: FuzzStacktrie/c9ee7c3670c17bcc844bb071b52bb37cda366212 (0.00s)
    --- PASS: FuzzStacktrie/ca65765d0cdec7f8eb12b83cc3cd9eeb475a7af1 (0.00s)
    --- PASS: FuzzStacktrie/ccd165a7e5a3eb709bfac2c629157961b32d23e0 (0.00s)
    --- PASS: FuzzStacktrie/ce58fef966926593dd3228662d7984905611e640 (0.00s)
    --- PASS: FuzzStacktrie/cfad0aefcb1e5ef90054e5bd40d4fcd6b9223a6d (0.00s)
    --- PASS: FuzzStacktrie/d1d45c07b493b8b250cfc7fd4b25ca10783024aa (0.00s)
    --- PASS: FuzzStacktrie/d2f94f01d557cc687e1a8c1ffc4e7649c837fe03 (0.00s)
    --- PASS: FuzzStacktrie/d302ce815c44ba6375d055c6b9c72b8393391dc9 (0.00s)
    --- PASS: FuzzStacktrie/d399e4b5419ae1c512900d30bf610a6322851c5d (0.00s)
    --- PASS: FuzzStacktrie/d4374035e2d2f17dad365a7a74e0e0ebcc51377f (0.00s)
    --- PASS: FuzzStacktrie/d48b4167bd466fc35a7664d0eaf6708f27ddf43d (0.00s)
    --- PASS: FuzzStacktrie/d5f927724c5aa91da2d93110723b3e3761f8a6a4 (0.00s)
    --- PASS: FuzzStacktrie/d673899690d95cf52f22955e56e137e73c558e27 (0.00s)
    --- PASS: FuzzStacktrie/d6f9134eba8334f6364dcde69d4f1e3379c760d4 (0.00s)
    --- PASS: FuzzStacktrie/d74d4d9a8fa370efb73e9cbe79f5b225439749fe (0.00s)
    --- PASS: FuzzStacktrie/d8be47c6d0a919d3bae6edc50901f8df6c3cd8cf (0.00s)
    --- PASS: FuzzStacktrie/d8ce7cb8ee7bcfb2deacbd6223bd15f2aa858ac3 (0.00s)
    --- PASS: FuzzStacktrie/d9735b938908a2c7e75941be56a6e7ce16f92291 (0.00s)
    --- PASS: FuzzStacktrie/d97931e8c5e6330de2e0b4f4f6d70966b35870bf (0.00s)
    --- PASS: FuzzStacktrie/d98cbaa3e5ca2e9bdb13d16085615b25f92ae928 (0.00s)
    --- PASS: FuzzStacktrie/d9a2653e1b66715d142236457296b00e0dae753d (0.00s)
    --- PASS: FuzzStacktrie/d9d89769c79e08f8f53db573c0a4c84aa4a9e64d (0.00s)
    --- PASS: FuzzStacktrie/dbfe07352e9f317c44ff362b5ac540077e30b49c (0.00s)
    --- PASS: FuzzStacktrie/dd456c0d5124c59f52f63717155c81603e8b1af4 (0.00s)
    --- PASS: FuzzStacktrie/de6ec784a04b5d64600b30fd4962001d1e4adb47 (0.00s)
    --- PASS: FuzzStacktrie/dfc969a0dee843e9135c476921ce9c716cbbb329 (0.00s)
    --- PASS: FuzzStacktrie/e03b3b1f3475eed826dbb3543f667973f8b169e0 (0.00s)
    --- PASS: FuzzStacktrie/e03f1ec4bf6dbbe481006ebb5de9db88092b81f0 (0.00s)
    --- PASS: FuzzStacktrie/e0624a88580c82e7e633a35df598fd84a615fb49 (0.00s)
    --- PASS: FuzzStacktrie/e0e6d7d5986fc241d2c8faad1400637563bb6da2 (0.00s)
    --- PASS: FuzzStacktrie/e2e25b22d9a304e4af9e16348ab21d7f5fed4942 (0.00s)
    --- PASS: FuzzStacktrie/e3461355abb153a5eb713ef50cda7354b0e22c22 (0.00s)
    --- PASS: FuzzStacktrie/e395c07240d3494d182447e03fa87d35018f7a81 (0.00s)
    --- PASS: FuzzStacktrie/e3a56919821c911068d260c0ff7f89b7a0b4930e (0.00s)
    --- PASS: FuzzStacktrie/e62975233b28effe3468fcf3e2c035525b0e4790 (0.00s)
    --- PASS: FuzzStacktrie/e6a70345e37cb2ae9dc6febd0723e761c3bee2fb (0.00s)
    --- PASS: FuzzStacktrie/e78b73712b845709857dbf1568e0a8957c1bfd3f (0.00s)
    --- PASS: FuzzStacktrie/e78d7209c99d278a294e50eb2f87d6d7b729976d (0.00s)
    --- PASS: FuzzStacktrie/e7e1a4657eba786764c7b7ceeaaa5d8d85ea8c77 (0.00s)
    --- PASS: FuzzStacktrie/e97079c6d1672875e42ad9d0ceec93aadad007c9 (0.00s)
    --- PASS: FuzzStacktrie/ebe5419dc5acf8a522b91f75d86e0acd48fd10f5 (0.00s)
    --- PASS: FuzzStacktrie/ecf21725e0621dff702e3dc1ba5fba40c1a03eac (0.00s)
    --- PASS: FuzzStacktrie/ef1371a8b9c78061356d87342508c6f862055c60 (0.00s)
    --- PASS: FuzzStacktrie/efa967af8e516411c257cac56883192de50e3d29 (0.00s)
    --- PASS: FuzzStacktrie/f008d4a531083c5517cbd40b4add0ecf50172600 (0.00s)
    --- PASS: FuzzStacktrie/f124cbea7e7645537beee68ffdf18e259e0f1235 (0.00s)
    --- PASS: FuzzStacktrie/f143b7d1bd3486c58d6f36539816adbf4f211ec2 (0.00s)
    --- PASS: FuzzStacktrie/f1ba2ccdb2599bd824913b1821c99de8a751ef15 (0.00s)
    --- PASS: FuzzStacktrie/f1fb880eb7e8ce497337e4387f2a8835cb52a52d (0.00s)
    --- PASS: FuzzStacktrie/f2fea3e295d95fb7ba95b3215a073cc938f5d5eb (0.00s)
    --- PASS: FuzzStacktrie/f442db17a0ce39b5d1dd4a94522ae9eec1fc5080 (0.00s)
    --- PASS: FuzzStacktrie/f4b98c31dfc8782c4178be177fa51f216b97f209 (0.00s)
    --- PASS: FuzzStacktrie/f4cb3e93afa319474b6ff7a8712f33d4e04febb3 (0.00s)
    --- PASS: FuzzStacktrie/f51c3e74f2c4720ec04037e4b6eee27144174aea (0.00s)
    --- PASS: FuzzStacktrie/f54e9357303741e0d4651e57c24083eb8b745269 (0.00s)
    --- PASS: FuzzStacktrie/f5577bcb2ed2310c11f56e1c7ad7fccaefc9e3b4 (0.00s)
    --- PASS: FuzzStacktrie/f557cf27d4b111be3708d81b5130662db3c38aa0 (0.00s)
    --- PASS: FuzzStacktrie/f62f97fad7905f5f6621e9333d6aa2b280451210 (0.00s)
    --- PASS: FuzzStacktrie/f7e765ee14383c10be5593ed5b0138e52b501a32 (0.00s)
    --- PASS: FuzzStacktrie/f89c7d755753d2f6b29c4a45a2a1a32a9825aa81 (0.00s)
    --- PASS: FuzzStacktrie/f97bbd20a757aa0541d6a55ce4e31b1729cf76a2 (0.00s)
    --- PASS: FuzzStacktrie/fa535fc76e6c4b0c53375246cec1335e935a55bf (0.00s)
    --- PASS: FuzzStacktrie/fc5c74510fbe7a32d6cb06121f2ac06f96ff5d45 (0.00s)
    --- PASS: FuzzStacktrie/fcf6b8574037ada938f6a68eb430b16ebfad9ee4 (0.00s)
    --- PASS: FuzzStacktrie/fcfa1c3dc3965ea695a3f9550004710f489b07db (0.00s)
    --- PASS: FuzzStacktrie/fd664fd7e88e1086fc8b980aaac8a39f4dad48f7 (0.00s)
    --- PASS: FuzzStacktrie/fefce28fd99b3060f6e57d3b423fada855195c78 (0.00s)
    --- PASS: FuzzStacktrie/ffbb0918862706ce19a03acd6caf9441dea293c9 (0.00s)
PASS
coverage: 75.0% of statements
ok  	github.com/morph-l2/go-ethereum/tests/fuzzers/stacktrie	0.180s	coverage: 75.0% of statements
	github.com/morph-l2/go-ethereum/tests/fuzzers/stacktrie/debug		coverage: 0.0% of statements
