go: downloading github.com/google/gofuzz v1.2.0
go: downloading golang.org/x/crypto v0.35.0
go: downloading github.com/holiman/uint256 v1.2.4
go: downloading github.com/shirou/gopsutil v3.21.4-0.20210419000835-c7a38de76ee5+incompatible
go: downloading golang.org/x/sys v0.30.0
go: downloading github.com/go-stack/stack v1.8.1
go: downloading github.com/tklauser/go-sysconf v0.3.12
go: downloading github.com/tklauser/numcpus v0.6.1
=== RUN   TestReplicate
--- PASS: TestReplicate (0.00s)
=== RUN   TestGenerateCorpus
--- PASS: TestGenerateCorpus (0.00s)
=== RUN   FuzzABI
=== RUN   FuzzABI/002f6a87439db3b1aadf7f839e7d68653ce65d2a
=== RUN   FuzzABI/00db215ffef3ca47f7f18617e6f1705f6c47c152
=== RUN   FuzzABI/023038ca1eba480b267130803d4fd0d2610b368a
=== RUN   FuzzABI/02827d63aab10326e1be8379baa67d557174adcb
=== RUN   FuzzABI/0359a7905a26aabdb41409dd8ae46b3d1cbfec5e
=== RUN   FuzzABI/035fbaa7974b2154fc40c7c5c8d3e44ee91159b7
=== RUN   FuzzABI/03b4ecffb6b7e60113f4b5ffe28b4365002560cc
=== RUN   FuzzABI/03e07eea52f8292845d808c8d4d53d719fffa4fa
=== RUN   FuzzABI/043bfd70bb2c1c078159a7d41e5c113b808eab5d
=== RUN   FuzzABI/043d253d42d74ef212e48399c10af097be5f3bf6
=== RUN   FuzzABI/044f92f5f3373bcbf824e71b93c579a22d9783ee
=== RUN   FuzzABI/04974c54a70a7285935bf4e8ff455665040a0667
=== RUN   FuzzABI/04d1b96719b4e551a48f455376013058cad834b2
=== RUN   FuzzABI/04ff0351c2e2d8ef8abedc3c853714f95472604d
=== RUN   FuzzABI/05392cb993f6a64ccd64e744b0d62f6b74989d04
=== RUN   FuzzABI/06b4f7d9288bc7eb14136256b3cf7d7d835725f1
=== RUN   FuzzABI/0879b62456725cbffad629ed3a0d7e2375b9491a
=== RUN   FuzzABI/09903659e8c17dc0dbb4a3023d309632c3a2b28b
=== RUN   FuzzABI/0ab797bbe9d8b19ae2b889f5b9914649a6cfdcb2
=== RUN   FuzzABI/0acba59a1670f066c1a62485cd220cbc449a71ff
=== RUN   FuzzABI/0ada2b51d68dd222f739263d29edb6b669e0527e
=== RUN   FuzzABI/0b6eb9c1e4b35f75c4486247084346ffabc16026
=== RUN   FuzzABI/0c6d2307ae34440d9f8fd0911c0643669d0903c8
=== RUN   FuzzABI/0ccd69f7828fcb8397fdc6e9fbf0cbb68c38bef5
=== RUN   FuzzABI/0cee277d84deec2e2d26ea9880510361db54aedf
=== RUN   FuzzABI/0d2e4f2b6f7f9a227eeb1e4897b40ac113f093a1
=== RUN   FuzzABI/0d41f8341b5d8ac47611901e4bd4f506e135404b
=== RUN   FuzzABI/0d620e5d39f3597562a4296ef25c062a2838bb11
=== RUN   FuzzABI/0e54c4c5e6b1fc9713cfd00a8772f43ff57eb7ce
=== RUN   FuzzABI/0e6c4f056bcf774eb1de8f234c7ec4fa6b3009fa
=== RUN   FuzzABI/0f0286d661aba304acecbe538c4b8bc5bb56e302
=== RUN   FuzzABI/0fcf8b9a00f37e5f69fff264f09c86c8dd9c956b
=== RUN   FuzzABI/10a19ef9d3d48a9899eff2da4a6e9ef1c8896a8e
=== RUN   FuzzABI/115ba7f4c280d5a97ceca03e709ae7e760b3398f
=== RUN   FuzzABI/1178b8b65f574c1008461c5bf1a58877bef33cc9
=== RUN   FuzzABI/12a32950c12d7f7aaadc532ab48742083f4d208b
=== RUN   FuzzABI/12dabca58baeec31a3714a30e45bfc3fb83fdc0e
=== RUN   FuzzABI/13df62728341da4d1e9baa15300daeb650c8e8bb
=== RUN   FuzzABI/14b2b42a8b696797bc7110fb16f806a7fde3a7d1
=== RUN   FuzzABI/14d96cb7308d2378fb508cbc0d2b6c07060e16c2
=== RUN   FuzzABI/154359c5ce32d6df11fed2a6ebc71ccc1680b75c
=== RUN   FuzzABI/15b26ed530ff4c37f23b27fb458fa25a076379c6
=== RUN   FuzzABI/1652886a167e217f706fa20bfb96fc7e84534174
=== RUN   FuzzABI/16cdc1d6f5e25de4aaa2548ccfb8c6dd2fd39036
=== RUN   FuzzABI/17a3cf4c49c053c15a1ab35709ef90d4bcc82abc
=== RUN   FuzzABI/181ec03d98c479f5c7434a5cb43d90490d2eff81
=== RUN   FuzzABI/193271dc4fc99b8563319631d3da901edca745a7
=== RUN   FuzzABI/1a0ae37ec1191287d220188c7c20ff3e2488eacc
=== RUN   FuzzABI/1a47e82e0d828fde8f2416d96a4845ce82917162
=== RUN   FuzzABI/1b38bdb0f208c8cca8ce1cfa330521227d9642c3
=== RUN   FuzzABI/1dd6abb004b81913d1c61fdfa348c0eda7eed4f6
=== RUN   FuzzABI/1e1428b385572f3bcd995181b7e1885698fc661d
=== RUN   FuzzABI/1e47c2248830221c27244541683c1d20f489c5ee
=== RUN   FuzzABI/1eada056a19878f05c158ed4807f4b604bbcf8f6
=== RUN   FuzzABI/1edd61430644fc7e52860f36193359fba45810e1
=== RUN   FuzzABI/1fe9d5e94d5765bad7bcada0ee448fd340589fff
=== RUN   FuzzABI/2078acd47c6e91d5443226fe8675a71cadc06d23
=== RUN   FuzzABI/21aec46b2f6f76364fc251d27115627a8f96abc8
=== RUN   FuzzABI/21e376e77e0357d5ddbad26c29961fd9a280889d
=== RUN   FuzzABI/223d59d5070f7490bfc956bb101cc11e7cdaeb1c
=== RUN   FuzzABI/225d8e9c2c06458b92fc1990eeda27d345374b08
=== RUN   FuzzABI/22c01c19360042e2b50eb842ca8ca6ecc348c116
=== RUN   FuzzABI/22ee978171a2634a50c4329865426128c45a723d
=== RUN   FuzzABI/24807e947f959334d6b5a35c66d3b5d936adf961
=== RUN   FuzzABI/2532b623fa51ef90f55a9da5483002a888708ed3
=== RUN   FuzzABI/25dad8a15108ddaa0dc813680b3f85108887d912
=== RUN   FuzzABI/25e7f71b60dbbb6d40afbc537a266b9698c5d7b9
=== RUN   FuzzABI/2611c022505cc02e4e596e39880713bc27264037
=== RUN   FuzzABI/26e343fc540c68bba76f782be79951f4de6cd69e
=== RUN   FuzzABI/275cd3bbbe259df553cb5292e9a3f2b874d4b92a
=== RUN   FuzzABI/27bbf6bd2722ff6819556a815ac6faf7f36d2c35
=== RUN   FuzzABI/27bde0778256898b3f24898da051a519a5ce328d
=== RUN   FuzzABI/27eed0fa6cc8691849b4e06a4055ed7d143ebc63
=== RUN   FuzzABI/28174e98a35acc5bd2607914e123f4d9b7db78f0
=== RUN   FuzzABI/28aabd55ccb5691c69b587dba09f27ae20d0bfaa
=== RUN   FuzzABI/28f5fa4d85eae8ba4736975d19049c0d7c12405e
=== RUN   FuzzABI/28f9de9ce19705282b038d0aa87bf9b93c9c457e
=== RUN   FuzzABI/29c614f6188c29a1b81f63a2562652b0c7f6bf7a
=== RUN   FuzzABI/2a59af80c6c966272f0c9a2cd2bddf5f667758d7
=== RUN   FuzzABI/2e5a737f1eb3aa34c813198508f20fa8b8d35148
=== RUN   FuzzABI/2efe96df628b86ad9c062576180c173a49a061ee
=== RUN   FuzzABI/3008900077537c3fd863ba6e4169cd5b2b3bed3d
=== RUN   FuzzABI/3040b7e60c3dc07be5cc538d70b5a527034c55a0
=== RUN   FuzzABI/30e91595473f73a33b62c4366967b1de3e2ed625
=== RUN   FuzzABI/314a91b900ea3ff760fb770f52fd9537501320e0
=== RUN   FuzzABI/3289454ca3fd67f6a8261d6236519e6a2fa9fde3
=== RUN   FuzzABI/33bc48cafbf3fd1aadfc9e2e4d242b52cd16911f
=== RUN   FuzzABI/33c1579a32f3ba88a47e2029a9196de48cd1cb32
=== RUN   FuzzABI/33c3ce7dd60c1872f2d2cc5975c7958ce71b1ac1
=== RUN   FuzzABI/33dca341eb2407da987a9d15c499653190be4ee5
=== RUN   FuzzABI/346aef5f7e6880ad29861c30bf1da1207659148c
=== RUN   FuzzABI/34daeaae70dc0f331a060f18f4ddf71277f430ae
=== RUN   FuzzABI/35a2e591e211c6c184ed2be98783425f7f812b99
=== RUN   FuzzABI/3656b6b0ca8af6862d3e0c86454734bedc6bb6ca
=== RUN   FuzzABI/37c870f3bc397650426f6552d2f6e91e4acd47f6
=== RUN   FuzzABI/38879b51ba1f9ef21a58bc2ce23c8dc172f5088c
=== RUN   FuzzABI/3b39c5ce4b2f72ff873695e456872e64d44e1f53
=== RUN   FuzzABI/3b4cfda20f1b69b1dd4926537354918e1fb3a1ff
=== RUN   FuzzABI/3b53d113986ac9b8e5eddccbf654dfb7a77270d5
=== RUN   FuzzABI/3b93726d5f8b4884b207024c6c2f5e7951e8b5a4
=== RUN   FuzzABI/3c83bea7abe1c97eae6ab2b690c91844582c6bb3
=== RUN   FuzzABI/3c927a286d60d02aff2eaf3d78b836c294640d3d
=== RUN   FuzzABI/3cd134877b6af177276d01b0948bb7aeae1de147
=== RUN   FuzzABI/3d7253fe3dac87075ca064ce1a8ae5007307d3f0
=== RUN   FuzzABI/3d99fbac5e0f8ca27aae739dc1dda14a505c3ba5
=== RUN   FuzzABI/3f11746fbdefe13d861d54323835142e560d393d
=== RUN   FuzzABI/414e73eb560e4e91fce6870efc8ee88b368576f8
=== RUN   FuzzABI/431e6b150e52c21c412b29210cc7024d28a3788f
=== RUN   FuzzABI/431fad3c33a481f02248038620d8764f6fab0994
=== RUN   FuzzABI/43f731820fa375fbd20e2bf4e18a4e91b8325037
=== RUN   FuzzABI/441c8fab90373ca39c33fb1d8b55588a70872236
=== RUN   FuzzABI/448b40dca72f5905f3727d98c32bf09ab4d06932
=== RUN   FuzzABI/44a165b8fc5c35f02a6e975140388502cf087d6b
=== RUN   FuzzABI/44a2457fa2d4b1e1ebaeb6a8fcc16c8751ff9b6a
=== RUN   FuzzABI/44ca351e3af1a43e1619ff581cb59b20f74f3163
=== RUN   FuzzABI/44f264d8445a5b35124cb49dd9b166a0727b0d31
=== RUN   FuzzABI/45e5fcdffd681adb67f982cdb12bc91dcaad5a6f
=== RUN   FuzzABI/4618a9215ff29196409df1bfc0966919e5c7de26
=== RUN   FuzzABI/468acfd1a710fcf0702582eb7c6472508dad7014
=== RUN   FuzzABI/46918fa56efff10083cf6661db9d6d19ee420dc9
=== RUN   FuzzABI/46bb35f4744858aac65faccd423afac884041ff1
=== RUN   FuzzABI/46cfbc5221579aa3fefe26887afb6962d6371e7d
=== RUN   FuzzABI/46e81e94e3456170c546f167d1b7b0e913e78941
=== RUN   FuzzABI/47098c8472224ff53bdfd625b7769aec20be12ad
=== RUN   FuzzABI/47342a37b62fddc19ca12d7113c62c7689ffec16
=== RUN   FuzzABI/48df958132b2208d2aa4b6b85b7ddc888d857617
=== RUN   FuzzABI/48e2139f2af98b8c73a3776a93cc035a031316ed
=== RUN   FuzzABI/4907efbf16057d05309374a44115f611cc41e009
=== RUN   FuzzABI/49ae43f2e181e0b87ee8f6a323bdbc4a5f5b81b3
=== RUN   FuzzABI/4a73b2f7c067bc4a992403d311e5f0ea4be23057
=== RUN   FuzzABI/4a83c5652e0ee864008aa0bd56fce3e0ca42c137
=== RUN   FuzzABI/4a8bebc272d27646f2ceeb78a48b3767f165c067
=== RUN   FuzzABI/4af5ee67404a69baf1251bd36253566aa5f64b99
=== RUN   FuzzABI/4bce44163f5def6a6e9339a032064989c5164782
=== RUN   FuzzABI/4c2678b9f4c181f47931e885d5626a488b60ace2
=== RUN   FuzzABI/4c776ffc0d1d50f4f3a45f54b5adc4e85e68f270
=== RUN   FuzzABI/4c99c0453f13a7b14c44c6ef5465b513c5830eda
=== RUN   FuzzABI/4cbea0f5d6e099585c8a1e8eddd5c44abfc8e318
=== RUN   FuzzABI/4d55474ad0504e65fd61dd082741603b29bfd3e0
=== RUN   FuzzABI/4db14454baf5786a65e672eeeaf2a7ee2688cc20
=== RUN   FuzzABI/4df12a7f513afe8cf5cc5eb51a4c79ed10cf0b41
=== RUN   FuzzABI/4df6f6a847a1f39c971e50fc03e0d8d70088e84f
=== RUN   FuzzABI/4e2caf7c44617be0d498b5b57a1f9709cdbf4668
=== RUN   FuzzABI/4e312c73a304ada77b3aca759d60633b00e22f99
=== RUN   FuzzABI/4ecb51f095b8549de2ae3c63d5414994c70a2ecd
=== RUN   FuzzABI/508dc276b92fa4fd6a8898c2e6b9187acecbfd88
=== RUN   FuzzABI/50dafee322ee38802d233193faabac3ec33ef5a0
=== RUN   FuzzABI/50fecc14f9c95a0f34aad6190ebb69e8b8a15a54
=== RUN   FuzzABI/513ddd54bfd5e3943efb85c9d0fb22d487e3f3c9
=== RUN   FuzzABI/534cf227ba1571e8658d726bd854aec1e0c409ca
=== RUN   FuzzABI/54338785e0e7046648ab86321df82dbdd10fd62d
=== RUN   FuzzABI/54f75bf0686f7969bf82a05a6d5fefc2fd7a5aec
=== RUN   FuzzABI/56538ca62c44afb9436cfcf41c44d6149f4a1549
=== RUN   FuzzABI/568726a121957ba9034ee958803eaa6e1c8d6d81
=== RUN   FuzzABI/57e4f42e4a9d7ac04a2cec0d5ba12b7ef36bcbe4
=== RUN   FuzzABI/582931fd4f177dd7f1644204cc287c0080cf5efd
=== RUN   FuzzABI/585dc9d2e836e54460af1fb81a386ee5007a479f
=== RUN   FuzzABI/5a5f768f69e5e6dfd6e0f16d2ea43ee69ac284f8
=== RUN   FuzzABI/5ba4be81f1fff2011dd80be637c76a746f461fce
=== RUN   FuzzABI/5d25e986624cf23b6e5d6bbe323ff618040a7328
=== RUN   FuzzABI/5df142c70c92cc7030485763821226090fadf8e8
=== RUN   FuzzABI/5e3793553e0bd76dd2178e8c47f59576135b2917
=== RUN   FuzzABI/5e88a3a03a8260829e348432e99b70c09211ec60
=== RUN   FuzzABI/5ff46430f52e30a1aa0f09873c819661bcc7e7a5
=== RUN   FuzzABI/5ffc74cf54b684491452203c2d8826a243223394
=== RUN   FuzzABI/6141e2614d60dd5cddbb3e94690a4e3d1381c644
=== RUN   FuzzABI/6234b1c212508ff632f3795b81c58f7bf76fb2ff
=== RUN   FuzzABI/633bf1657931b50b1142abedace52fcf4361b6f8
=== RUN   FuzzABI/6371dc20fa3b055a6c0973836204a23023a4aad3
=== RUN   FuzzABI/63c55706ef2beb57e3b3bc2673deb38055246c6d
=== RUN   FuzzABI/649f424f27878c2bce8927e4de035b624c765931
=== RUN   FuzzABI/65f95c0d164108602b4c569c5c8f4ca77443a414
=== RUN   FuzzABI/66f9a40e9b9c24ae58ed53e45b520860c2ab24f7
=== RUN   FuzzABI/6795e2f05fb9654632e3c5351225c7b467cf8c31
=== RUN   FuzzABI/67c404ce71d47b4e2fbc8cb65ea7bd7363c93d72
=== RUN   FuzzABI/67d247b9e7302c6e047f3100faad39595fa3c25e
=== RUN   FuzzABI/687c8006749711e0916b4ee57f5719ce3708e458
=== RUN   FuzzABI/68e46c685d6ff9fbe7c2fd1683409aab37cbe0d2
=== RUN   FuzzABI/68eb59f7f25250fa52e8d2aaeb40ce2027c57008
=== RUN   FuzzABI/69b1f75aa67a615ffdd0f4ae1fc2313d6d1b3879
=== RUN   FuzzABI/6a3fb2f66dfe4fdad7b96f98ed3b590803b677ee
=== RUN   FuzzABI/6a793e2f9869fa6b519f7426d92bd11a1be08b57
=== RUN   FuzzABI/6ac523385d55d698132d07d91c7c8a07c54f3c80
=== RUN   FuzzABI/6ad57d9724143ae481c689d2dc3125818bd9534d
=== RUN   FuzzABI/6b602272dce99e7e5d7d1b78b29da785c9957bd6
=== RUN   FuzzABI/6bfdddd1bbe3b5fbf215c18e45944b80da470543
=== RUN   FuzzABI/6c80b4fafb0b1ad1a0b5cc35d9e01db0ea65c353
=== RUN   FuzzABI/6e620c398a2a1a8df67d57f4522f65784c7ad1d4
=== RUN   FuzzABI/6f12d80fd2473bbb684dc7fbf635e517b13a00e4
=== RUN   FuzzABI/700fb0877e0e8b33edf5c55bc3c7759389d9f217
=== RUN   FuzzABI/709d55c79d1871fdfc2ecda3662c240e054a5892
=== RUN   FuzzABI/71853c6197a6a7f222db0f1978c7cb232b87c5ee
=== RUN   FuzzABI/71c91723f37b5232e5c41fcbb24da0e3f0d379a1
=== RUN   FuzzABI/72837d91eb348c7525056c4ebcaebce5cc6bc1dd
=== RUN   FuzzABI/72a9e5746670d43878e1bec6991e1f947cba0eaf
=== RUN   FuzzABI/7361cec23ca2c1ea13f373796cb28bc9bc34da23
=== RUN   FuzzABI/73d5b3ad8b5bc27fb759c9312d72d4bbd2c80a98
=== RUN   FuzzABI/73e8e25bb41c6f9b365dc7a41d847287e1ac97a2
=== RUN   FuzzABI/7444adef0d414f6635719de9f3a99ea71fe77895
=== RUN   FuzzABI/74b96ea5a596e4379b5e1a560a466967cce271cb
=== RUN   FuzzABI/75591f7bf98fe2c45dab5423880ac99c66e6aeea
=== RUN   FuzzABI/7562d3f4f0352a8deaded56541e08cc58062a7d3
=== RUN   FuzzABI/75e0eec87cb7e7bfed9ac7aabc703fa6443e4c50
=== RUN   FuzzABI/764f0c22c1fd07b9f2904bf3ce1273b65a09a2c7
=== RUN   FuzzABI/77554484a565d840f710a85a2b07511396690b24
=== RUN   FuzzABI/7758087eb1071ac46da8e3ee43a880f92d8bf100
=== RUN   FuzzABI/77a5bff03c3b3ab24cf01ff7881b83f72e2e7206
=== RUN   FuzzABI/785885b4f7b3164dd488b85cd333f473d72cf478
=== RUN   FuzzABI/799c6208fda6e5bd5c97540dcffa6fee5c2236b2
=== RUN   FuzzABI/7a1352915830835d7051ff96bace6e10b410083a
=== RUN   FuzzABI/7b0340eed93670a792c5a8be37949be498177ae1
=== RUN   FuzzABI/7b89710ed032ce9a51da7285d15f506b7346ce4a
=== RUN   FuzzABI/7bfb59481532d202d0a29c4242d55a4fbd8dec4b
=== RUN   FuzzABI/7c4e780c228522840af7a49ac6f8344d471bf434
=== RUN   FuzzABI/7e3fe2621849f9c8575d9fc5bb563098444beeef
=== RUN   FuzzABI/8137193fa0a9a7908d873531f1c443cc9674d5ba
=== RUN   FuzzABI/81d533eec3c06736c6a9a77b60c0dab91d6be075
=== RUN   FuzzABI/82968dc5fd95878edd9c03e644e02098f323d6e5
=== RUN   FuzzABI/82b4c21e331d0d32d476d3df154967c34f297c25
=== RUN   FuzzABI/83c1ad14141231c7246e61338e87a6874479baae
=== RUN   FuzzABI/844320e21009979a36bffd4d1d5b4b87d1ad80ca
=== RUN   FuzzABI/84d30479f0a1465b2ef243d72955d67357036e95
=== RUN   FuzzABI/850fbccbb602631fee748a9088a48e1d1ca3653e
=== RUN   FuzzABI/85e53271e14006f0265921d02d4d736cdc580b0b
=== RUN   FuzzABI/86d6f457ee593375edca6513740e475adaa8ca1e
=== RUN   FuzzABI/876d77a88ad2553fafb0a4b1872c543ae2dbe89c
=== RUN   FuzzABI/8787f732b44374c9b89e2e53906f7cfcc56e3303
=== RUN   FuzzABI/8832aef6a9fa5bd3158666156ba92eebb80a47bf
=== RUN   FuzzABI/88b0981e6ff6f5d43ed486a512648150a158fa59
=== RUN   FuzzABI/89b173eabb5c4e1e1a0ef93efb5ff1efc3c65c32
=== RUN   FuzzABI/89e005425c9378d479b6304c6d0e69e98558e2d9
=== RUN   FuzzABI/8a56143d6527a91b99fa449153485b450853d60e
=== RUN   FuzzABI/8a6b1cb98f320783d865f42b42b2034ff6391a2c
=== RUN   FuzzABI/8b0c411a10f30da217cc5a178cfd63cf646a4dca
=== RUN   FuzzABI/8ba89813894febff83448423639c3164abb1e394
=== RUN   FuzzABI/8baebc9e7b006280b881350f17095f0a856578b6
=== RUN   FuzzABI/8c8433b0980ef18214cfa1a493243deb922a85d7
=== RUN   FuzzABI/8ddb62128381acfe6b082e80ee2752bfbcda2f8e
=== RUN   FuzzABI/8e1042009ce28a1268f047b3b336e0f0b0f7bd04
=== RUN   FuzzABI/8e722a51e6a5cfdb59aff49eb1c9cb96f8ad3ade
=== RUN   FuzzABI/8fdb37403a9a5c361ca5a38877ffffa5edf17097
=== RUN   FuzzABI/8fe449ffa8b1873bb945e8836dc5b3d44c197ce6
=== RUN   FuzzABI/9069ca78e7450a285173431b3e52c5c25299e473
=== RUN   FuzzABI/90d2784d4095f1ed214e51ef24fde569bdd2cb3f
=== RUN   FuzzABI/9118d9a468e0fdee576b494703d48e43c1a344ef
=== RUN   FuzzABI/9133491e5b3ad0c12173f5367c2512a29d789bad
=== RUN   FuzzABI/9199403ffd61804507db9f528b141181e1071a17
=== RUN   FuzzABI/91aee9df4bc4dcf8cfc069fb66be628389533b47
=== RUN   FuzzABI/91cfe231ffd382b1b512aa978b03ce8e1546127b
=== RUN   FuzzABI/9250455fda4c014d6bfc47b15f92761681156403
=== RUN   FuzzABI/92ba74f40c06c545bf7b0393944a53391f81f585
=== RUN   FuzzABI/936462c97f1836efddd2a9a958575d8207b8dc22
=== RUN   FuzzABI/93701fa5ccc79a2aa18ae62e54ea7f617d3e99df
=== RUN   FuzzABI/94022e24663232a6a01e7cd63f3f96128f42c36f
=== RUN   FuzzABI/94a140d366c4b4633759c1385110a273bbff4067
=== RUN   FuzzABI/953ae751c30db5a445e80048fda6a2a072634af9
=== RUN   FuzzABI/95f3d85a45ca4fc7d3f74238e5800101ce6f2705
=== RUN   FuzzABI/96ad8944a5a2175347d0e5d2297de03f0fc0325d
=== RUN   FuzzABI/97046b907d1203b6573cabe1182cd8b7faecfb58
=== RUN   FuzzABI/9749439517bf0c80cc2f2533005dddd2f94372e9
=== RUN   FuzzABI/97e2955d0948e2e56d0d34ef3eafb6fc36b19285
=== RUN   FuzzABI/98eec5980ce1c7cef75ce4709102e7fc27ade71e
=== RUN   FuzzABI/99c40ab5f7f9d59be8a749b90833a61893844fab
=== RUN   FuzzABI/9cbff58048b48af2f628ec9bd505fbcd20ecc496
=== RUN   FuzzABI/9db65a227f16a9de50f8f3df0b5296b481bf9abe
=== RUN   FuzzABI/9dc753c98dceb622e6d6f3ff519958db6dfa42e4
=== RUN   FuzzABI/9dfdba759b606005003e530f1a44db80bc6c08b9
=== RUN   FuzzABI/9e075b264f41bee04d7974ba8402b8417e81333f
=== RUN   FuzzABI/9e24f6e3c98b3d34c2d8c06f779b758a4e45f095
=== RUN   FuzzABI/9edcbbc6b490371f52ef1ecf3a919fa253c45e21
=== RUN   FuzzABI/9f085bffba7db0f6abf6f2f3d903ff9912d5f64a
=== RUN   FuzzABI/9f12d55514420b9d160d052f93648c4e036bd18c
=== RUN   FuzzABI/9fec8119c14c28fa6b74e535725bd3718913c325
=== RUN   FuzzABI/a07fa2432522cc8fefbb4fc33f3aa086c4e7dc3e
=== RUN   FuzzABI/a1b62a07879de567effa6a93e767fcf2d6a3eac8
=== RUN   FuzzABI/a1fd70d8b50e701b4eb03a30a232d391ee9dafae
=== RUN   FuzzABI/a200bf12280fe594178bddf1ad47d7d1ca92a567
=== RUN   FuzzABI/a54e2554c7b815d177ea91d5159bbb5b86574c29
=== RUN   FuzzABI/a56bca95a045c971cf616d240cd4a518a8043baa
=== RUN   FuzzABI/a5a53e2e013945b2ca9e6ed3474e5cb2ee515923
=== RUN   FuzzABI/a5efe5ab545a6eaa29a62d6eac8c3965e134d789
=== RUN   FuzzABI/a6c446f3d6c38c9b2b5b6770723a6d3e83bfe7c3
=== RUN   FuzzABI/a946839d128a9ba1e47d4e51a94a0e05eb4271ac
=== RUN   FuzzABI/a9a9bb1ee0e72aa0fa9cec6a9d4e906c9c7b45d7
=== RUN   FuzzABI/ab0688435506b6ec051a00832edbecf9e662164f
=== RUN   FuzzABI/ab10f88c989a9e65f80a0fcc2e36c16c24b42f73
=== RUN   FuzzABI/ab5701fda77bb3c1c62a4ee9bdc46efd0552e62f
=== RUN   FuzzABI/ab6e90200cdf6336af87d54192afe089d6026d0a
=== RUN   FuzzABI/aca24f81bcab6dfaa46aa08d040bc6b55c50dc0a
=== RUN   FuzzABI/acdbcadfd9c5494b1381c68308e35ec53747037a
=== RUN   FuzzABI/acde31cfd696e586a93d59cc74bd6f819daded96
=== RUN   FuzzABI/ad234ecad726bcb42e1b7cf0f611ecd86e91934c
=== RUN   FuzzABI/ae2f04c963a12c78685ab50f1426f80163418f20
=== RUN   FuzzABI/aeb96e6edc63cb2b86de1c22ce1eb13116d6714a
=== RUN   FuzzABI/aee994b1cae9d2e7597de19724c5c483d2a014c8
=== RUN   FuzzABI/af2477651fe249cba1d1b3964e70b908e9744550
=== RUN   FuzzABI/af4a5cf1e96a0b75f03e630e0c35cf6998edc1a9
=== RUN   FuzzABI/b03246700b62ec5532f8f38f58d9f0a6581aaa7e
=== RUN   FuzzABI/b05b63c72ed85e4f049e2e0704cd0deea57d2fb0
=== RUN   FuzzABI/b0705b4a931d7c0fb6f7aa323171f201e2624d58
=== RUN   FuzzABI/b0ff2c13ce9b9a80c7fb7385c41962cdeccdb7a9
=== RUN   FuzzABI/b180287322fb5bf197b4afd51a1f89b4971467d2
=== RUN   FuzzABI/b197e45948cb53f01d16a50c6537be29bb0dd05d
=== RUN   FuzzABI/b1eb2b064a6de7516be29e19c437a5059613a52f
=== RUN   FuzzABI/b201c04fc182c4c47ec67e5e2557257c52410b85
=== RUN   FuzzABI/b21ed79b92bd4a986c6f7e2e50d0291f9fedca08
=== RUN   FuzzABI/b223a45e0e84da76d93e586228f73b075dd50d75
=== RUN   FuzzABI/b26fc7c5f6a335dc7ab45d73cd56bf94414fdc23
=== RUN   FuzzABI/b2dc4876cb70d91ce91008db33181e2335e987d7
=== RUN   FuzzABI/b468787126edf6688e67acb16405a867c74ff29a
=== RUN   FuzzABI/b609e9253cc1bc22ecd48b8aa0a888748d7fb06f
=== RUN   FuzzABI/b60c16e84b34c3b51a25bae3298e3f079aaca9b3
=== RUN   FuzzABI/b86b6d0b1d40d64ab3ca9c1f50b16a75c130ab14
=== RUN   FuzzABI/b8e2f2020e7cff41cd1ccc7c22a0b0909af6cd7b
=== RUN   FuzzABI/b8fc3af365fc752dc671332e23095486a876f446
=== RUN   FuzzABI/ba7f46ce07dac74fd54b074b94ec7d5c3c7f7e2d
=== RUN   FuzzABI/bafccb9e52922a584fe3327aa568d384c7e02bfc
=== RUN   FuzzABI/bb7119d6915388f99d1d2a18c12955c690a84e5d
=== RUN   FuzzABI/bbc2b84af8066d7c3d78b4d9c253d259c8bbfe5c
=== RUN   FuzzABI/bd3f8def986f958a70a28b2b1a913682357eeab0
=== RUN   FuzzABI/bda44cc41c0d1473e65e7f84e3c6d88832bcad0c
=== RUN   FuzzABI/bdc2b7cfe1f8501fee01beb627207544ce0466ab
=== RUN   FuzzABI/bf027a936ea37922a4fb8c67e6a201ba8105bf81
=== RUN   FuzzABI/bff09ffb182bcaaad3552a4c4a7974a87dd0bebe
=== RUN   FuzzABI/c039bc052e079becc5895db3259f22d2b932009d
=== RUN   FuzzABI/c1787e49dcd03ca8aa7673680fe4cc3a597514af
=== RUN   FuzzABI/c369e192efaf177e64b2143719481dcef5d21b3f
=== RUN   FuzzABI/c3aa0ea0fe2ffc19dcdc7ba356155f974be23b25
=== RUN   FuzzABI/c4ae71795f41444e12ff5cd3c6ab8454e06af5a9
=== RUN   FuzzABI/c55d81f6a9bf0e11d378bc2da81ac56b238b59d4
=== RUN   FuzzABI/c5cbd121790aecbca9c5514bb80767b86d075c65
=== RUN   FuzzABI/c66541c11df95a14abf84133a1a4cabd60ccfec7
=== RUN   FuzzABI/c7239652be2a01dffef8c57f843f4b62aab3808d
=== RUN   FuzzABI/c78b0b2d91ce4e2a4ac3074d80d11b5fc36f7066
=== RUN   FuzzABI/c7f2a6b5a895b9c396d124a2d3dc2d7941b35556
=== RUN   FuzzABI/c80b6d18fd20b05cc765fed35a1be2e1bc30b9b7
=== RUN   FuzzABI/c8cb183e63c89e28c0c02829f14728f1eb5a2968
=== RUN   FuzzABI/c920b3d030072b55ee54cf94667835c5e8d404fc
=== RUN   FuzzABI/cb2cb7636fc63bd52dc1b145605e416308552e4d
=== RUN   FuzzABI/cb49053ee5f47506f100df79a183deeaace33b5e
=== RUN   FuzzABI/cbbc221ad140e7c6b6c7fd079be0bb8f2e542a52
=== RUN   FuzzABI/cd7c1793d90f00606646395adb2767c7afc4f599
=== RUN   FuzzABI/cdb6959da3d9b3f5411305bee21a826a95b0ec67
=== RUN   FuzzABI/ce23fc3a8c6fd82291fb38c4f5d879e411b1fc96
=== RUN   FuzzABI/cf110d89238b89fa5b28615a425dde856ac408a6
=== RUN   FuzzABI/cfd800ba0ac51145138202c5d117ad1bb082532e
=== RUN   FuzzABI/cfe91dd22e6d6e8af658451c1752d96a20e752cb
=== RUN   FuzzABI/d0820876237d7715724040f3c7846c4023ee2058
=== RUN   FuzzABI/d08a4443042ba4a25158e8eab4037f531a339ac0
=== RUN   FuzzABI/d1c5e912599b4e5545778ef658ffde6490c463cb
=== RUN   FuzzABI/d2a7111d8426edc32865e25b6572f753d862f739
=== RUN   FuzzABI/d36500fb10fe5940943f285399aaa6524fd032cb
=== RUN   FuzzABI/d4ae1e9ad7ab5439d270109aa3b2e767523a1cb7
=== RUN   FuzzABI/d5164264169917ea3a40b2aafa42883daa968994
=== RUN   FuzzABI/d52f458c8615321459acb5cc994baf0f65c51b0d
=== RUN   FuzzABI/d56c85275adda8bdac2493eda5dcaa536493848e
=== RUN   FuzzABI/d6a94f84cc1d4f63bcfcb7b71c13ad92ef83c298
=== RUN   FuzzABI/d7312fa17861fc5ea194ef63989322e7e98ff07e
=== RUN   FuzzABI/d771a3f8b9fd23046efcb4ecddf8e34b15a44cc3
=== RUN   FuzzABI/d773bec7816a9cd89ebf074291311f983d3d1216
=== RUN   FuzzABI/da123180db57b34acaf74ade88557eedcb346658
=== RUN   FuzzABI/da8f2e888d647f0b53f9d067a2183d6454c0bc2f
=== RUN   FuzzABI/dae1249991bd66419005d372c80474e3d359bfbc
=== RUN   FuzzABI/db8a58b9fa5c0d3417d731df9c645a3fc2fe86a5
=== RUN   FuzzABI/dc1e916b8c2f3d91f12a0d6a9599f52eb6315d53
=== RUN   FuzzABI/dcaa6d6f694466b7ed6b1e803e0c07cad5924ed4
=== RUN   FuzzABI/deb5fb3a23f59d416f63483444070c665e6c27d8
=== RUN   FuzzABI/df2db7228bde8537d2477f3e4d46f7710f221a1a
=== RUN   FuzzABI/e05f439de40816fef075835012b2a61dbccf533e
=== RUN   FuzzABI/e065349fea3a5a8b7863fcd9417eb6fd02c5bca3
=== RUN   FuzzABI/e08f96d7093f6289f0e89dcf134e979a8020ecec
=== RUN   FuzzABI/e0a2fe015ccab3a384a376078865fdb85dd8d977
=== RUN   FuzzABI/e12e8a40ba6fd0eea787d8eabd559c67e2ade3c6
=== RUN   FuzzABI/e1b97c28539b5b0a5e2cad08b85bd6c11812034a
=== RUN   FuzzABI/e2690cea330666bbf5c17b2b167f84fc2093ee9d
=== RUN   FuzzABI/e28a2c9699600e18e3cd7f6d1494236ee0ec3c57
=== RUN   FuzzABI/e28b08c19a8bc57d957fc226851aa946e5ae31bf
=== RUN   FuzzABI/e31abcaf981d73ab114e0a49a21ea47b90d819e0
=== RUN   FuzzABI/e31fe7c921fe807a354be08b564f6a6e9c3af4eb
=== RUN   FuzzABI/e43213ce39807c9e2e757088fff5e07590fa4aa3
=== RUN   FuzzABI/e50a1c8adc3e7ed9224ba95af756dc8cc5dab82f
=== RUN   FuzzABI/e5b5cabbeec6b06de7adcb1c462f446ba6ed75eb
=== RUN   FuzzABI/e6317fb1b090af0f719ac5b5aa1073e13e04995d
=== RUN   FuzzABI/e7d468757f8c4cd0d65d9804c059f110b59282c6
=== RUN   FuzzABI/e7dd378aabe6853fa1228440d997f5a1f54abc59
=== RUN   FuzzABI/e7e16fd4bab0d11eb577af6008d38adda27dac30
=== RUN   FuzzABI/e89a60d30b7aff9510ca89a85b8ab3068c23cf25
=== RUN   FuzzABI/e8b4e1021d2ec614399c9e584012508aedd56841
=== RUN   FuzzABI/e94c5939c36f1a177bbbe883d3345f4e755a9722
=== RUN   FuzzABI/ea77fe2ff943fc8d9475f29d70ad1efb4130ff70
=== RUN   FuzzABI/ea985ddf6dcd4d2d309e35714a90e6f8852e087d
=== RUN   FuzzABI/ead482b7bcc1052b789d2443d6dedf9872f63c54
=== RUN   FuzzABI/eaeef6a6ea54944ecebff85564f96eb1a9f9fb2f
=== RUN   FuzzABI/eb7a47a2c2b71475cff7068694d13030d36fbd07
=== RUN   FuzzABI/eba732b312bd582a42afae6afffba2fae6fde0ac
=== RUN   FuzzABI/ec41b41ade01192939b00f96df11519b4ac0f6e0
=== RUN   FuzzABI/ec4e889d87707ef312a0a038fe3867618812f0b5
=== RUN   FuzzABI/eca4e7b229a851f2b1637429c33218a329a02484
=== RUN   FuzzABI/ecec5b519a8e146f28766aa58d143806523f57f5
=== RUN   FuzzABI/ed147bfef17d33a4b0f04479f801ea7f2042d39c
=== RUN   FuzzABI/ed2f0021bab014535495d077b6ac524d357ac922
=== RUN   FuzzABI/ed4eb6c3b60ea73543dbf540d8cb96e60a47ce75
=== RUN   FuzzABI/ede6322a7b5c7e4490956b67d8df243a017b9c9d
=== RUN   FuzzABI/ee8f384de1873b73dcd789ce0162d2d3398280b8
=== RUN   FuzzABI/eee79f36f82c37f5c031de564aee5f082a33f456
=== RUN   FuzzABI/efa41d73cbaf195f8a818c6e3db5674a26eeee57
=== RUN   FuzzABI/f10944c4eaf0f184aebe22208156ad9952b5d227
=== RUN   FuzzABI/f23628bc14f6b2ee2788b33e63621788ff50367b
=== RUN   FuzzABI/f46d1b51aa95340e048d515eb427dd4d8f9a010c
=== RUN   FuzzABI/f58e7f8702a1d2812388fe091033a76aab75bda3
=== RUN   FuzzABI/f5b17137ae2df3ce572b6612f62216bac9de8818
=== RUN   FuzzABI/f5c457d17da3729656ee4d921bf14b31b382363d
=== RUN   FuzzABI/f6cf6e4c591acf84d82a04d50a1d12f541134d25
=== RUN   FuzzABI/f7289c4f974dd568faff7a5e596175036f6bd827
=== RUN   FuzzABI/f79b690f84c8fa825320aa1c30e7b907fedc43fe
=== RUN   FuzzABI/f7b174abc9c5279bdc55dad9ab2f159c7b4fa968
=== RUN   FuzzABI/f80609e0575c74dc56a660338c76ad11d0fcf54a
=== RUN   FuzzABI/f80b1f7a4bfb724963f231fd581c0625b4ef76b3
=== RUN   FuzzABI/f899202b6f55e9f5e962e792d758d466a6efccaa
=== RUN   FuzzABI/f8d8dff20165a5ee937b09e562b11bb60fc28790
=== RUN   FuzzABI/f90a86a0cba526b8bc82af9039d6cce1a5166d44
=== RUN   FuzzABI/f925a8a516fcfd64d20a974edb07cc030997fb9a
=== RUN   FuzzABI/f9598a2ccf38f43a4922d580dd4ef4c3625c4371
=== RUN   FuzzABI/f9924cd7cf13036c3b7456938c325ef662c368d2
=== RUN   FuzzABI/faf6d5692be1c58f3e648a6705adcac9392f48a4
=== RUN   FuzzABI/fca6230d8640b369c812b4d7c8d7df4ba7e36480
=== RUN   FuzzABI/fe97e74d6bef88466aba3eb470c1f305d3148f7e
=== RUN   FuzzABI/feb037a7edb293ffda0e60b0e5a305ca7d895362
=== RUN   FuzzABI/ffc24c4bc82fcf4cc71d805197a96af0d9e9af30
=== RUN   FuzzABI/ffc84da82327e655c96f6714761a54a6b64518d5
--- PASS: FuzzABI (0.10s)
    --- PASS: FuzzABI/002f6a87439db3b1aadf7f839e7d68653ce65d2a (0.00s)
    --- PASS: FuzzABI/00db215ffef3ca47f7f18617e6f1705f6c47c152 (0.00s)
    --- PASS: FuzzABI/023038ca1eba480b267130803d4fd0d2610b368a (0.00s)
    --- PASS: FuzzABI/02827d63aab10326e1be8379baa67d557174adcb (0.00s)
    --- PASS: FuzzABI/0359a7905a26aabdb41409dd8ae46b3d1cbfec5e (0.00s)
    --- PASS: FuzzABI/035fbaa7974b2154fc40c7c5c8d3e44ee91159b7 (0.00s)
    --- PASS: FuzzABI/03b4ecffb6b7e60113f4b5ffe28b4365002560cc (0.00s)
    --- PASS: FuzzABI/03e07eea52f8292845d808c8d4d53d719fffa4fa (0.00s)
    --- PASS: FuzzABI/043bfd70bb2c1c078159a7d41e5c113b808eab5d (0.00s)
    --- PASS: FuzzABI/043d253d42d74ef212e48399c10af097be5f3bf6 (0.00s)
    --- PASS: FuzzABI/044f92f5f3373bcbf824e71b93c579a22d9783ee (0.00s)
    --- PASS: FuzzABI/04974c54a70a7285935bf4e8ff455665040a0667 (0.00s)
    --- PASS: FuzzABI/04d1b96719b4e551a48f455376013058cad834b2 (0.00s)
    --- PASS: FuzzABI/04ff0351c2e2d8ef8abedc3c853714f95472604d (0.00s)
    --- PASS: FuzzABI/05392cb993f6a64ccd64e744b0d62f6b74989d04 (0.00s)
    --- PASS: FuzzABI/06b4f7d9288bc7eb14136256b3cf7d7d835725f1 (0.00s)
    --- PASS: FuzzABI/0879b62456725cbffad629ed3a0d7e2375b9491a (0.00s)
    --- PASS: FuzzABI/09903659e8c17dc0dbb4a3023d309632c3a2b28b (0.00s)
    --- PASS: FuzzABI/0ab797bbe9d8b19ae2b889f5b9914649a6cfdcb2 (0.00s)
    --- PASS: FuzzABI/0acba59a1670f066c1a62485cd220cbc449a71ff (0.00s)
    --- PASS: FuzzABI/0ada2b51d68dd222f739263d29edb6b669e0527e (0.00s)
    --- PASS: FuzzABI/0b6eb9c1e4b35f75c4486247084346ffabc16026 (0.00s)
    --- PASS: FuzzABI/0c6d2307ae34440d9f8fd0911c0643669d0903c8 (0.00s)
    --- PASS: FuzzABI/0ccd69f7828fcb8397fdc6e9fbf0cbb68c38bef5 (0.00s)
    --- PASS: FuzzABI/0cee277d84deec2e2d26ea9880510361db54aedf (0.00s)
    --- PASS: FuzzABI/0d2e4f2b6f7f9a227eeb1e4897b40ac113f093a1 (0.00s)
    --- PASS: FuzzABI/0d41f8341b5d8ac47611901e4bd4f506e135404b (0.00s)
    --- PASS: FuzzABI/0d620e5d39f3597562a4296ef25c062a2838bb11 (0.00s)
    --- PASS: FuzzABI/0e54c4c5e6b1fc9713cfd00a8772f43ff57eb7ce (0.00s)
    --- PASS: FuzzABI/0e6c4f056bcf774eb1de8f234c7ec4fa6b3009fa (0.00s)
    --- PASS: FuzzABI/0f0286d661aba304acecbe538c4b8bc5bb56e302 (0.00s)
    --- PASS: FuzzABI/0fcf8b9a00f37e5f69fff264f09c86c8dd9c956b (0.00s)
    --- PASS: FuzzABI/10a19ef9d3d48a9899eff2da4a6e9ef1c8896a8e (0.00s)
    --- PASS: FuzzABI/115ba7f4c280d5a97ceca03e709ae7e760b3398f (0.00s)
    --- PASS: FuzzABI/1178b8b65f574c1008461c5bf1a58877bef33cc9 (0.00s)
    --- PASS: FuzzABI/12a32950c12d7f7aaadc532ab48742083f4d208b (0.00s)
    --- PASS: FuzzABI/12dabca58baeec31a3714a30e45bfc3fb83fdc0e (0.00s)
    --- PASS: FuzzABI/13df62728341da4d1e9baa15300daeb650c8e8bb (0.00s)
    --- PASS: FuzzABI/14b2b42a8b696797bc7110fb16f806a7fde3a7d1 (0.00s)
    --- PASS: FuzzABI/14d96cb7308d2378fb508cbc0d2b6c07060e16c2 (0.00s)
    --- PASS: FuzzABI/154359c5ce32d6df11fed2a6ebc71ccc1680b75c (0.00s)
    --- PASS: FuzzABI/15b26ed530ff4c37f23b27fb458fa25a076379c6 (0.00s)
    --- PASS: FuzzABI/1652886a167e217f706fa20bfb96fc7e84534174 (0.00s)
    --- PASS: FuzzABI/16cdc1d6f5e25de4aaa2548ccfb8c6dd2fd39036 (0.00s)
    --- PASS: FuzzABI/17a3cf4c49c053c15a1ab35709ef90d4bcc82abc (0.00s)
    --- PASS: FuzzABI/181ec03d98c479f5c7434a5cb43d90490d2eff81 (0.00s)
    --- PASS: FuzzABI/193271dc4fc99b8563319631d3da901edca745a7 (0.00s)
    --- PASS: FuzzABI/1a0ae37ec1191287d220188c7c20ff3e2488eacc (0.00s)
    --- PASS: FuzzABI/1a47e82e0d828fde8f2416d96a4845ce82917162 (0.00s)
    --- PASS: FuzzABI/1b38bdb0f208c8cca8ce1cfa330521227d9642c3 (0.00s)
    --- PASS: FuzzABI/1dd6abb004b81913d1c61fdfa348c0eda7eed4f6 (0.00s)
    --- PASS: FuzzABI/1e1428b385572f3bcd995181b7e1885698fc661d (0.00s)
    --- PASS: FuzzABI/1e47c2248830221c27244541683c1d20f489c5ee (0.00s)
    --- PASS: FuzzABI/1eada056a19878f05c158ed4807f4b604bbcf8f6 (0.00s)
    --- PASS: FuzzABI/1edd61430644fc7e52860f36193359fba45810e1 (0.00s)
    --- PASS: FuzzABI/1fe9d5e94d5765bad7bcada0ee448fd340589fff (0.00s)
    --- PASS: FuzzABI/2078acd47c6e91d5443226fe8675a71cadc06d23 (0.00s)
    --- PASS: FuzzABI/21aec46b2f6f76364fc251d27115627a8f96abc8 (0.00s)
    --- PASS: FuzzABI/21e376e77e0357d5ddbad26c29961fd9a280889d (0.00s)
    --- PASS: FuzzABI/223d59d5070f7490bfc956bb101cc11e7cdaeb1c (0.00s)
    --- PASS: FuzzABI/225d8e9c2c06458b92fc1990eeda27d345374b08 (0.00s)
    --- PASS: FuzzABI/22c01c19360042e2b50eb842ca8ca6ecc348c116 (0.00s)
    --- PASS: FuzzABI/22ee978171a2634a50c4329865426128c45a723d (0.00s)
    --- PASS: FuzzABI/24807e947f959334d6b5a35c66d3b5d936adf961 (0.00s)
    --- PASS: FuzzABI/2532b623fa51ef90f55a9da5483002a888708ed3 (0.00s)
    --- PASS: FuzzABI/25dad8a15108ddaa0dc813680b3f85108887d912 (0.00s)
    --- PASS: FuzzABI/25e7f71b60dbbb6d40afbc537a266b9698c5d7b9 (0.00s)
    --- PASS: FuzzABI/2611c022505cc02e4e596e39880713bc27264037 (0.00s)
    --- PASS: FuzzABI/26e343fc540c68bba76f782be79951f4de6cd69e (0.00s)
    --- PASS: FuzzABI/275cd3bbbe259df553cb5292e9a3f2b874d4b92a (0.00s)
    --- PASS: FuzzABI/27bbf6bd2722ff6819556a815ac6faf7f36d2c35 (0.00s)
    --- PASS: FuzzABI/27bde0778256898b3f24898da051a519a5ce328d (0.00s)
    --- PASS: FuzzABI/27eed0fa6cc8691849b4e06a4055ed7d143ebc63 (0.00s)
    --- PASS: FuzzABI/28174e98a35acc5bd2607914e123f4d9b7db78f0 (0.00s)
    --- PASS: FuzzABI/28aabd55ccb5691c69b587dba09f27ae20d0bfaa (0.00s)
    --- PASS: FuzzABI/28f5fa4d85eae8ba4736975d19049c0d7c12405e (0.00s)
    --- PASS: FuzzABI/28f9de9ce19705282b038d0aa87bf9b93c9c457e (0.00s)
    --- PASS: FuzzABI/29c614f6188c29a1b81f63a2562652b0c7f6bf7a (0.00s)
    --- PASS: FuzzABI/2a59af80c6c966272f0c9a2cd2bddf5f667758d7 (0.00s)
    --- PASS: FuzzABI/2e5a737f1eb3aa34c813198508f20fa8b8d35148 (0.00s)
    --- PASS: FuzzABI/2efe96df628b86ad9c062576180c173a49a061ee (0.00s)
    --- PASS: FuzzABI/3008900077537c3fd863ba6e4169cd5b2b3bed3d (0.00s)
    --- PASS: FuzzABI/3040b7e60c3dc07be5cc538d70b5a527034c55a0 (0.00s)
    --- PASS: FuzzABI/30e91595473f73a33b62c4366967b1de3e2ed625 (0.00s)
    --- PASS: FuzzABI/314a91b900ea3ff760fb770f52fd9537501320e0 (0.00s)
    --- PASS: FuzzABI/3289454ca3fd67f6a8261d6236519e6a2fa9fde3 (0.00s)
    --- PASS: FuzzABI/33bc48cafbf3fd1aadfc9e2e4d242b52cd16911f (0.00s)
    --- PASS: FuzzABI/33c1579a32f3ba88a47e2029a9196de48cd1cb32 (0.00s)
    --- PASS: FuzzABI/33c3ce7dd60c1872f2d2cc5975c7958ce71b1ac1 (0.00s)
    --- PASS: FuzzABI/33dca341eb2407da987a9d15c499653190be4ee5 (0.00s)
    --- PASS: FuzzABI/346aef5f7e6880ad29861c30bf1da1207659148c (0.00s)
    --- PASS: FuzzABI/34daeaae70dc0f331a060f18f4ddf71277f430ae (0.00s)
    --- PASS: FuzzABI/35a2e591e211c6c184ed2be98783425f7f812b99 (0.00s)
    --- PASS: FuzzABI/3656b6b0ca8af6862d3e0c86454734bedc6bb6ca (0.00s)
    --- PASS: FuzzABI/37c870f3bc397650426f6552d2f6e91e4acd47f6 (0.00s)
    --- PASS: FuzzABI/38879b51ba1f9ef21a58bc2ce23c8dc172f5088c (0.00s)
    --- PASS: FuzzABI/3b39c5ce4b2f72ff873695e456872e64d44e1f53 (0.00s)
    --- PASS: FuzzABI/3b4cfda20f1b69b1dd4926537354918e1fb3a1ff (0.00s)
    --- PASS: FuzzABI/3b53d113986ac9b8e5eddccbf654dfb7a77270d5 (0.00s)
    --- PASS: FuzzABI/3b93726d5f8b4884b207024c6c2f5e7951e8b5a4 (0.00s)
    --- PASS: FuzzABI/3c83bea7abe1c97eae6ab2b690c91844582c6bb3 (0.00s)
    --- PASS: FuzzABI/3c927a286d60d02aff2eaf3d78b836c294640d3d (0.00s)
    --- PASS: FuzzABI/3cd134877b6af177276d01b0948bb7aeae1de147 (0.00s)
    --- PASS: FuzzABI/3d7253fe3dac87075ca064ce1a8ae5007307d3f0 (0.00s)
    --- PASS: FuzzABI/3d99fbac5e0f8ca27aae739dc1dda14a505c3ba5 (0.00s)
    --- PASS: FuzzABI/3f11746fbdefe13d861d54323835142e560d393d (0.00s)
    --- PASS: FuzzABI/414e73eb560e4e91fce6870efc8ee88b368576f8 (0.00s)
    --- PASS: FuzzABI/431e6b150e52c21c412b29210cc7024d28a3788f (0.00s)
    --- PASS: FuzzABI/431fad3c33a481f02248038620d8764f6fab0994 (0.00s)
    --- PASS: FuzzABI/43f731820fa375fbd20e2bf4e18a4e91b8325037 (0.00s)
    --- PASS: FuzzABI/441c8fab90373ca39c33fb1d8b55588a70872236 (0.00s)
    --- PASS: FuzzABI/448b40dca72f5905f3727d98c32bf09ab4d06932 (0.00s)
    --- PASS: FuzzABI/44a165b8fc5c35f02a6e975140388502cf087d6b (0.00s)
    --- PASS: FuzzABI/44a2457fa2d4b1e1ebaeb6a8fcc16c8751ff9b6a (0.00s)
    --- PASS: FuzzABI/44ca351e3af1a43e1619ff581cb59b20f74f3163 (0.00s)
    --- PASS: FuzzABI/44f264d8445a5b35124cb49dd9b166a0727b0d31 (0.00s)
    --- PASS: FuzzABI/45e5fcdffd681adb67f982cdb12bc91dcaad5a6f (0.00s)
    --- PASS: FuzzABI/4618a9215ff29196409df1bfc0966919e5c7de26 (0.00s)
    --- PASS: FuzzABI/468acfd1a710fcf0702582eb7c6472508dad7014 (0.00s)
    --- PASS: FuzzABI/46918fa56efff10083cf6661db9d6d19ee420dc9 (0.00s)
    --- PASS: FuzzABI/46bb35f4744858aac65faccd423afac884041ff1 (0.00s)
    --- PASS: FuzzABI/46cfbc5221579aa3fefe26887afb6962d6371e7d (0.00s)
    --- PASS: FuzzABI/46e81e94e3456170c546f167d1b7b0e913e78941 (0.00s)
    --- PASS: FuzzABI/47098c8472224ff53bdfd625b7769aec20be12ad (0.00s)
    --- PASS: FuzzABI/47342a37b62fddc19ca12d7113c62c7689ffec16 (0.00s)
    --- PASS: FuzzABI/48df958132b2208d2aa4b6b85b7ddc888d857617 (0.00s)
    --- PASS: FuzzABI/48e2139f2af98b8c73a3776a93cc035a031316ed (0.00s)
    --- PASS: FuzzABI/4907efbf16057d05309374a44115f611cc41e009 (0.00s)
    --- PASS: FuzzABI/49ae43f2e181e0b87ee8f6a323bdbc4a5f5b81b3 (0.00s)
    --- PASS: FuzzABI/4a73b2f7c067bc4a992403d311e5f0ea4be23057 (0.00s)
    --- PASS: FuzzABI/4a83c5652e0ee864008aa0bd56fce3e0ca42c137 (0.00s)
    --- PASS: FuzzABI/4a8bebc272d27646f2ceeb78a48b3767f165c067 (0.00s)
    --- PASS: FuzzABI/4af5ee67404a69baf1251bd36253566aa5f64b99 (0.00s)
    --- PASS: FuzzABI/4bce44163f5def6a6e9339a032064989c5164782 (0.00s)
    --- PASS: FuzzABI/4c2678b9f4c181f47931e885d5626a488b60ace2 (0.00s)
    --- PASS: FuzzABI/4c776ffc0d1d50f4f3a45f54b5adc4e85e68f270 (0.00s)
    --- PASS: FuzzABI/4c99c0453f13a7b14c44c6ef5465b513c5830eda (0.00s)
    --- PASS: FuzzABI/4cbea0f5d6e099585c8a1e8eddd5c44abfc8e318 (0.00s)
    --- PASS: FuzzABI/4d55474ad0504e65fd61dd082741603b29bfd3e0 (0.00s)
    --- PASS: FuzzABI/4db14454baf5786a65e672eeeaf2a7ee2688cc20 (0.00s)
    --- PASS: FuzzABI/4df12a7f513afe8cf5cc5eb51a4c79ed10cf0b41 (0.00s)
    --- PASS: FuzzABI/4df6f6a847a1f39c971e50fc03e0d8d70088e84f (0.00s)
    --- PASS: FuzzABI/4e2caf7c44617be0d498b5b57a1f9709cdbf4668 (0.00s)
    --- PASS: FuzzABI/4e312c73a304ada77b3aca759d60633b00e22f99 (0.00s)
    --- PASS: FuzzABI/4ecb51f095b8549de2ae3c63d5414994c70a2ecd (0.00s)
    --- PASS: FuzzABI/508dc276b92fa4fd6a8898c2e6b9187acecbfd88 (0.00s)
    --- PASS: FuzzABI/50dafee322ee38802d233193faabac3ec33ef5a0 (0.00s)
    --- PASS: FuzzABI/50fecc14f9c95a0f34aad6190ebb69e8b8a15a54 (0.00s)
    --- PASS: FuzzABI/513ddd54bfd5e3943efb85c9d0fb22d487e3f3c9 (0.00s)
    --- PASS: FuzzABI/534cf227ba1571e8658d726bd854aec1e0c409ca (0.00s)
    --- PASS: FuzzABI/54338785e0e7046648ab86321df82dbdd10fd62d (0.00s)
    --- PASS: FuzzABI/54f75bf0686f7969bf82a05a6d5fefc2fd7a5aec (0.00s)
    --- PASS: FuzzABI/56538ca62c44afb9436cfcf41c44d6149f4a1549 (0.00s)
    --- PASS: FuzzABI/568726a121957ba9034ee958803eaa6e1c8d6d81 (0.00s)
    --- PASS: FuzzABI/57e4f42e4a9d7ac04a2cec0d5ba12b7ef36bcbe4 (0.00s)
    --- PASS: FuzzABI/582931fd4f177dd7f1644204cc287c0080cf5efd (0.00s)
    --- PASS: FuzzABI/585dc9d2e836e54460af1fb81a386ee5007a479f (0.00s)
    --- PASS: FuzzABI/5a5f768f69e5e6dfd6e0f16d2ea43ee69ac284f8 (0.00s)
    --- PASS: FuzzABI/5ba4be81f1fff2011dd80be637c76a746f461fce (0.00s)
    --- PASS: FuzzABI/5d25e986624cf23b6e5d6bbe323ff618040a7328 (0.00s)
    --- PASS: FuzzABI/5df142c70c92cc7030485763821226090fadf8e8 (0.00s)
    --- PASS: FuzzABI/5e3793553e0bd76dd2178e8c47f59576135b2917 (0.00s)
    --- PASS: FuzzABI/5e88a3a03a8260829e348432e99b70c09211ec60 (0.00s)
    --- PASS: FuzzABI/5ff46430f52e30a1aa0f09873c819661bcc7e7a5 (0.00s)
    --- PASS: FuzzABI/5ffc74cf54b684491452203c2d8826a243223394 (0.00s)
    --- PASS: FuzzABI/6141e2614d60dd5cddbb3e94690a4e3d1381c644 (0.00s)
    --- PASS: FuzzABI/6234b1c212508ff632f3795b81c58f7bf76fb2ff (0.00s)
    --- PASS: FuzzABI/633bf1657931b50b1142abedace52fcf4361b6f8 (0.00s)
    --- PASS: FuzzABI/6371dc20fa3b055a6c0973836204a23023a4aad3 (0.00s)
    --- PASS: FuzzABI/63c55706ef2beb57e3b3bc2673deb38055246c6d (0.00s)
    --- PASS: FuzzABI/649f424f27878c2bce8927e4de035b624c765931 (0.00s)
    --- PASS: FuzzABI/65f95c0d164108602b4c569c5c8f4ca77443a414 (0.00s)
    --- PASS: FuzzABI/66f9a40e9b9c24ae58ed53e45b520860c2ab24f7 (0.00s)
    --- PASS: FuzzABI/6795e2f05fb9654632e3c5351225c7b467cf8c31 (0.00s)
    --- PASS: FuzzABI/67c404ce71d47b4e2fbc8cb65ea7bd7363c93d72 (0.00s)
    --- PASS: FuzzABI/67d247b9e7302c6e047f3100faad39595fa3c25e (0.00s)
    --- PASS: FuzzABI/687c8006749711e0916b4ee57f5719ce3708e458 (0.00s)
    --- PASS: FuzzABI/68e46c685d6ff9fbe7c2fd1683409aab37cbe0d2 (0.00s)
    --- PASS: FuzzABI/68eb59f7f25250fa52e8d2aaeb40ce2027c57008 (0.00s)
    --- PASS: FuzzABI/69b1f75aa67a615ffdd0f4ae1fc2313d6d1b3879 (0.00s)
    --- PASS: FuzzABI/6a3fb2f66dfe4fdad7b96f98ed3b590803b677ee (0.00s)
    --- PASS: FuzzABI/6a793e2f9869fa6b519f7426d92bd11a1be08b57 (0.00s)
    --- PASS: FuzzABI/6ac523385d55d698132d07d91c7c8a07c54f3c80 (0.00s)
    --- PASS: FuzzABI/6ad57d9724143ae481c689d2dc3125818bd9534d (0.00s)
    --- PASS: FuzzABI/6b602272dce99e7e5d7d1b78b29da785c9957bd6 (0.00s)
    --- PASS: FuzzABI/6bfdddd1bbe3b5fbf215c18e45944b80da470543 (0.00s)
    --- PASS: FuzzABI/6c80b4fafb0b1ad1a0b5cc35d9e01db0ea65c353 (0.00s)
    --- PASS: FuzzABI/6e620c398a2a1a8df67d57f4522f65784c7ad1d4 (0.00s)
    --- PASS: FuzzABI/6f12d80fd2473bbb684dc7fbf635e517b13a00e4 (0.00s)
    --- PASS: FuzzABI/700fb0877e0e8b33edf5c55bc3c7759389d9f217 (0.00s)
    --- PASS: FuzzABI/709d55c79d1871fdfc2ecda3662c240e054a5892 (0.00s)
    --- PASS: FuzzABI/71853c6197a6a7f222db0f1978c7cb232b87c5ee (0.00s)
    --- PASS: FuzzABI/71c91723f37b5232e5c41fcbb24da0e3f0d379a1 (0.00s)
    --- PASS: FuzzABI/72837d91eb348c7525056c4ebcaebce5cc6bc1dd (0.00s)
    --- PASS: FuzzABI/72a9e5746670d43878e1bec6991e1f947cba0eaf (0.00s)
    --- PASS: FuzzABI/7361cec23ca2c1ea13f373796cb28bc9bc34da23 (0.00s)
    --- PASS: FuzzABI/73d5b3ad8b5bc27fb759c9312d72d4bbd2c80a98 (0.00s)
    --- PASS: FuzzABI/73e8e25bb41c6f9b365dc7a41d847287e1ac97a2 (0.00s)
    --- PASS: FuzzABI/7444adef0d414f6635719de9f3a99ea71fe77895 (0.00s)
    --- PASS: FuzzABI/74b96ea5a596e4379b5e1a560a466967cce271cb (0.00s)
    --- PASS: FuzzABI/75591f7bf98fe2c45dab5423880ac99c66e6aeea (0.00s)
    --- PASS: FuzzABI/7562d3f4f0352a8deaded56541e08cc58062a7d3 (0.00s)
    --- PASS: FuzzABI/75e0eec87cb7e7bfed9ac7aabc703fa6443e4c50 (0.00s)
    --- PASS: FuzzABI/764f0c22c1fd07b9f2904bf3ce1273b65a09a2c7 (0.00s)
    --- PASS: FuzzABI/77554484a565d840f710a85a2b07511396690b24 (0.00s)
    --- PASS: FuzzABI/7758087eb1071ac46da8e3ee43a880f92d8bf100 (0.00s)
    --- PASS: FuzzABI/77a5bff03c3b3ab24cf01ff7881b83f72e2e7206 (0.00s)
    --- PASS: FuzzABI/785885b4f7b3164dd488b85cd333f473d72cf478 (0.00s)
    --- PASS: FuzzABI/799c6208fda6e5bd5c97540dcffa6fee5c2236b2 (0.00s)
    --- PASS: FuzzABI/7a1352915830835d7051ff96bace6e10b410083a (0.00s)
    --- PASS: FuzzABI/7b0340eed93670a792c5a8be37949be498177ae1 (0.00s)
    --- PASS: FuzzABI/7b89710ed032ce9a51da7285d15f506b7346ce4a (0.00s)
    --- PASS: FuzzABI/7bfb59481532d202d0a29c4242d55a4fbd8dec4b (0.00s)
    --- PASS: FuzzABI/7c4e780c228522840af7a49ac6f8344d471bf434 (0.00s)
    --- PASS: FuzzABI/7e3fe2621849f9c8575d9fc5bb563098444beeef (0.00s)
    --- PASS: FuzzABI/8137193fa0a9a7908d873531f1c443cc9674d5ba (0.00s)
    --- PASS: FuzzABI/81d533eec3c06736c6a9a77b60c0dab91d6be075 (0.00s)
    --- PASS: FuzzABI/82968dc5fd95878edd9c03e644e02098f323d6e5 (0.00s)
    --- PASS: FuzzABI/82b4c21e331d0d32d476d3df154967c34f297c25 (0.00s)
    --- PASS: FuzzABI/83c1ad14141231c7246e61338e87a6874479baae (0.00s)
    --- PASS: FuzzABI/844320e21009979a36bffd4d1d5b4b87d1ad80ca (0.00s)
    --- PASS: FuzzABI/84d30479f0a1465b2ef243d72955d67357036e95 (0.00s)
    --- PASS: FuzzABI/850fbccbb602631fee748a9088a48e1d1ca3653e (0.00s)
    --- PASS: FuzzABI/85e53271e14006f0265921d02d4d736cdc580b0b (0.00s)
    --- PASS: FuzzABI/86d6f457ee593375edca6513740e475adaa8ca1e (0.00s)
    --- PASS: FuzzABI/876d77a88ad2553fafb0a4b1872c543ae2dbe89c (0.00s)
    --- PASS: FuzzABI/8787f732b44374c9b89e2e53906f7cfcc56e3303 (0.00s)
    --- PASS: FuzzABI/8832aef6a9fa5bd3158666156ba92eebb80a47bf (0.00s)
    --- PASS: FuzzABI/88b0981e6ff6f5d43ed486a512648150a158fa59 (0.00s)
    --- PASS: FuzzABI/89b173eabb5c4e1e1a0ef93efb5ff1efc3c65c32 (0.00s)
    --- PASS: FuzzABI/89e005425c9378d479b6304c6d0e69e98558e2d9 (0.00s)
    --- PASS: FuzzABI/8a56143d6527a91b99fa449153485b450853d60e (0.00s)
    --- PASS: FuzzABI/8a6b1cb98f320783d865f42b42b2034ff6391a2c (0.00s)
    --- PASS: FuzzABI/8b0c411a10f30da217cc5a178cfd63cf646a4dca (0.00s)
    --- PASS: FuzzABI/8ba89813894febff83448423639c3164abb1e394 (0.00s)
    --- PASS: FuzzABI/8baebc9e7b006280b881350f17095f0a856578b6 (0.00s)
    --- PASS: FuzzABI/8c8433b0980ef18214cfa1a493243deb922a85d7 (0.00s)
    --- PASS: FuzzABI/8ddb62128381acfe6b082e80ee2752bfbcda2f8e (0.00s)
    --- PASS: FuzzABI/8e1042009ce28a1268f047b3b336e0f0b0f7bd04 (0.00s)
    --- PASS: FuzzABI/8e722a51e6a5cfdb59aff49eb1c9cb96f8ad3ade (0.00s)
    --- PASS: FuzzABI/8fdb37403a9a5c361ca5a38877ffffa5edf17097 (0.00s)
    --- PASS: FuzzABI/8fe449ffa8b1873bb945e8836dc5b3d44c197ce6 (0.00s)
    --- PASS: FuzzABI/9069ca78e7450a285173431b3e52c5c25299e473 (0.00s)
    --- PASS: FuzzABI/90d2784d4095f1ed214e51ef24fde569bdd2cb3f (0.00s)
    --- PASS: FuzzABI/9118d9a468e0fdee576b494703d48e43c1a344ef (0.00s)
    --- PASS: FuzzABI/9133491e5b3ad0c12173f5367c2512a29d789bad (0.00s)
    --- PASS: FuzzABI/9199403ffd61804507db9f528b141181e1071a17 (0.00s)
    --- PASS: FuzzABI/91aee9df4bc4dcf8cfc069fb66be628389533b47 (0.00s)
    --- PASS: FuzzABI/91cfe231ffd382b1b512aa978b03ce8e1546127b (0.00s)
    --- PASS: FuzzABI/9250455fda4c014d6bfc47b15f92761681156403 (0.00s)
    --- PASS: FuzzABI/92ba74f40c06c545bf7b0393944a53391f81f585 (0.00s)
    --- PASS: FuzzABI/936462c97f1836efddd2a9a958575d8207b8dc22 (0.00s)
    --- PASS: FuzzABI/93701fa5ccc79a2aa18ae62e54ea7f617d3e99df (0.00s)
    --- PASS: FuzzABI/94022e24663232a6a01e7cd63f3f96128f42c36f (0.00s)
    --- PASS: FuzzABI/94a140d366c4b4633759c1385110a273bbff4067 (0.00s)
    --- PASS: FuzzABI/953ae751c30db5a445e80048fda6a2a072634af9 (0.00s)
    --- PASS: FuzzABI/95f3d85a45ca4fc7d3f74238e5800101ce6f2705 (0.00s)
    --- PASS: FuzzABI/96ad8944a5a2175347d0e5d2297de03f0fc0325d (0.00s)
    --- PASS: FuzzABI/97046b907d1203b6573cabe1182cd8b7faecfb58 (0.00s)
    --- PASS: FuzzABI/9749439517bf0c80cc2f2533005dddd2f94372e9 (0.00s)
    --- PASS: FuzzABI/97e2955d0948e2e56d0d34ef3eafb6fc36b19285 (0.00s)
    --- PASS: FuzzABI/98eec5980ce1c7cef75ce4709102e7fc27ade71e (0.00s)
    --- PASS: FuzzABI/99c40ab5f7f9d59be8a749b90833a61893844fab (0.00s)
    --- PASS: FuzzABI/9cbff58048b48af2f628ec9bd505fbcd20ecc496 (0.00s)
    --- PASS: FuzzABI/9db65a227f16a9de50f8f3df0b5296b481bf9abe (0.00s)
    --- PASS: FuzzABI/9dc753c98dceb622e6d6f3ff519958db6dfa42e4 (0.00s)
    --- PASS: FuzzABI/9dfdba759b606005003e530f1a44db80bc6c08b9 (0.00s)
    --- PASS: FuzzABI/9e075b264f41bee04d7974ba8402b8417e81333f (0.00s)
    --- PASS: FuzzABI/9e24f6e3c98b3d34c2d8c06f779b758a4e45f095 (0.00s)
    --- PASS: FuzzABI/9edcbbc6b490371f52ef1ecf3a919fa253c45e21 (0.00s)
    --- PASS: FuzzABI/9f085bffba7db0f6abf6f2f3d903ff9912d5f64a (0.00s)
    --- PASS: FuzzABI/9f12d55514420b9d160d052f93648c4e036bd18c (0.00s)
    --- PASS: FuzzABI/9fec8119c14c28fa6b74e535725bd3718913c325 (0.00s)
    --- PASS: FuzzABI/a07fa2432522cc8fefbb4fc33f3aa086c4e7dc3e (0.00s)
    --- PASS: FuzzABI/a1b62a07879de567effa6a93e767fcf2d6a3eac8 (0.00s)
    --- PASS: FuzzABI/a1fd70d8b50e701b4eb03a30a232d391ee9dafae (0.00s)
    --- PASS: FuzzABI/a200bf12280fe594178bddf1ad47d7d1ca92a567 (0.00s)
    --- PASS: FuzzABI/a54e2554c7b815d177ea91d5159bbb5b86574c29 (0.00s)
    --- PASS: FuzzABI/a56bca95a045c971cf616d240cd4a518a8043baa (0.00s)
    --- PASS: FuzzABI/a5a53e2e013945b2ca9e6ed3474e5cb2ee515923 (0.00s)
    --- PASS: FuzzABI/a5efe5ab545a6eaa29a62d6eac8c3965e134d789 (0.00s)
    --- PASS: FuzzABI/a6c446f3d6c38c9b2b5b6770723a6d3e83bfe7c3 (0.00s)
    --- PASS: FuzzABI/a946839d128a9ba1e47d4e51a94a0e05eb4271ac (0.00s)
    --- PASS: FuzzABI/a9a9bb1ee0e72aa0fa9cec6a9d4e906c9c7b45d7 (0.00s)
    --- PASS: FuzzABI/ab0688435506b6ec051a00832edbecf9e662164f (0.00s)
    --- PASS: FuzzABI/ab10f88c989a9e65f80a0fcc2e36c16c24b42f73 (0.00s)
    --- PASS: FuzzABI/ab5701fda77bb3c1c62a4ee9bdc46efd0552e62f (0.00s)
    --- PASS: FuzzABI/ab6e90200cdf6336af87d54192afe089d6026d0a (0.00s)
    --- PASS: FuzzABI/aca24f81bcab6dfaa46aa08d040bc6b55c50dc0a (0.00s)
    --- PASS: FuzzABI/acdbcadfd9c5494b1381c68308e35ec53747037a (0.00s)
    --- PASS: FuzzABI/acde31cfd696e586a93d59cc74bd6f819daded96 (0.00s)
    --- PASS: FuzzABI/ad234ecad726bcb42e1b7cf0f611ecd86e91934c (0.00s)
    --- PASS: FuzzABI/ae2f04c963a12c78685ab50f1426f80163418f20 (0.00s)
    --- PASS: FuzzABI/aeb96e6edc63cb2b86de1c22ce1eb13116d6714a (0.00s)
    --- PASS: FuzzABI/aee994b1cae9d2e7597de19724c5c483d2a014c8 (0.00s)
    --- PASS: FuzzABI/af2477651fe249cba1d1b3964e70b908e9744550 (0.00s)
    --- PASS: FuzzABI/af4a5cf1e96a0b75f03e630e0c35cf6998edc1a9 (0.00s)
    --- PASS: FuzzABI/b03246700b62ec5532f8f38f58d9f0a6581aaa7e (0.00s)
    --- PASS: FuzzABI/b05b63c72ed85e4f049e2e0704cd0deea57d2fb0 (0.00s)
    --- PASS: FuzzABI/b0705b4a931d7c0fb6f7aa323171f201e2624d58 (0.00s)
    --- PASS: FuzzABI/b0ff2c13ce9b9a80c7fb7385c41962cdeccdb7a9 (0.00s)
    --- PASS: FuzzABI/b180287322fb5bf197b4afd51a1f89b4971467d2 (0.00s)
    --- PASS: FuzzABI/b197e45948cb53f01d16a50c6537be29bb0dd05d (0.00s)
    --- PASS: FuzzABI/b1eb2b064a6de7516be29e19c437a5059613a52f (0.00s)
    --- PASS: FuzzABI/b201c04fc182c4c47ec67e5e2557257c52410b85 (0.00s)
    --- PASS: FuzzABI/b21ed79b92bd4a986c6f7e2e50d0291f9fedca08 (0.00s)
    --- PASS: FuzzABI/b223a45e0e84da76d93e586228f73b075dd50d75 (0.00s)
    --- PASS: FuzzABI/b26fc7c5f6a335dc7ab45d73cd56bf94414fdc23 (0.00s)
    --- PASS: FuzzABI/b2dc4876cb70d91ce91008db33181e2335e987d7 (0.00s)
    --- PASS: FuzzABI/b468787126edf6688e67acb16405a867c74ff29a (0.00s)
    --- PASS: FuzzABI/b609e9253cc1bc22ecd48b8aa0a888748d7fb06f (0.00s)
    --- PASS: FuzzABI/b60c16e84b34c3b51a25bae3298e3f079aaca9b3 (0.00s)
    --- PASS: FuzzABI/b86b6d0b1d40d64ab3ca9c1f50b16a75c130ab14 (0.00s)
    --- PASS: FuzzABI/b8e2f2020e7cff41cd1ccc7c22a0b0909af6cd7b (0.00s)
    --- PASS: FuzzABI/b8fc3af365fc752dc671332e23095486a876f446 (0.00s)
    --- PASS: FuzzABI/ba7f46ce07dac74fd54b074b94ec7d5c3c7f7e2d (0.00s)
    --- PASS: FuzzABI/bafccb9e52922a584fe3327aa568d384c7e02bfc (0.00s)
    --- PASS: FuzzABI/bb7119d6915388f99d1d2a18c12955c690a84e5d (0.00s)
    --- PASS: FuzzABI/bbc2b84af8066d7c3d78b4d9c253d259c8bbfe5c (0.00s)
    --- PASS: FuzzABI/bd3f8def986f958a70a28b2b1a913682357eeab0 (0.00s)
    --- PASS: FuzzABI/bda44cc41c0d1473e65e7f84e3c6d88832bcad0c (0.00s)
    --- PASS: FuzzABI/bdc2b7cfe1f8501fee01beb627207544ce0466ab (0.00s)
    --- PASS: FuzzABI/bf027a936ea37922a4fb8c67e6a201ba8105bf81 (0.00s)
    --- PASS: FuzzABI/bff09ffb182bcaaad3552a4c4a7974a87dd0bebe (0.00s)
    --- PASS: FuzzABI/c039bc052e079becc5895db3259f22d2b932009d (0.00s)
    --- PASS: FuzzABI/c1787e49dcd03ca8aa7673680fe4cc3a597514af (0.00s)
    --- PASS: FuzzABI/c369e192efaf177e64b2143719481dcef5d21b3f (0.00s)
    --- PASS: FuzzABI/c3aa0ea0fe2ffc19dcdc7ba356155f974be23b25 (0.00s)
    --- PASS: FuzzABI/c4ae71795f41444e12ff5cd3c6ab8454e06af5a9 (0.00s)
    --- PASS: FuzzABI/c55d81f6a9bf0e11d378bc2da81ac56b238b59d4 (0.00s)
    --- PASS: FuzzABI/c5cbd121790aecbca9c5514bb80767b86d075c65 (0.00s)
    --- PASS: FuzzABI/c66541c11df95a14abf84133a1a4cabd60ccfec7 (0.00s)
    --- PASS: FuzzABI/c7239652be2a01dffef8c57f843f4b62aab3808d (0.00s)
    --- PASS: FuzzABI/c78b0b2d91ce4e2a4ac3074d80d11b5fc36f7066 (0.00s)
    --- PASS: FuzzABI/c7f2a6b5a895b9c396d124a2d3dc2d7941b35556 (0.00s)
    --- PASS: FuzzABI/c80b6d18fd20b05cc765fed35a1be2e1bc30b9b7 (0.00s)
    --- PASS: FuzzABI/c8cb183e63c89e28c0c02829f14728f1eb5a2968 (0.00s)
    --- PASS: FuzzABI/c920b3d030072b55ee54cf94667835c5e8d404fc (0.00s)
    --- PASS: FuzzABI/cb2cb7636fc63bd52dc1b145605e416308552e4d (0.00s)
    --- PASS: FuzzABI/cb49053ee5f47506f100df79a183deeaace33b5e (0.00s)
    --- PASS: FuzzABI/cbbc221ad140e7c6b6c7fd079be0bb8f2e542a52 (0.00s)
    --- PASS: FuzzABI/cd7c1793d90f00606646395adb2767c7afc4f599 (0.00s)
    --- PASS: FuzzABI/cdb6959da3d9b3f5411305bee21a826a95b0ec67 (0.00s)
    --- PASS: FuzzABI/ce23fc3a8c6fd82291fb38c4f5d879e411b1fc96 (0.00s)
    --- PASS: FuzzABI/cf110d89238b89fa5b28615a425dde856ac408a6 (0.00s)
    --- PASS: FuzzABI/cfd800ba0ac51145138202c5d117ad1bb082532e (0.00s)
    --- PASS: FuzzABI/cfe91dd22e6d6e8af658451c1752d96a20e752cb (0.00s)
    --- PASS: FuzzABI/d0820876237d7715724040f3c7846c4023ee2058 (0.00s)
    --- PASS: FuzzABI/d08a4443042ba4a25158e8eab4037f531a339ac0 (0.00s)
    --- PASS: FuzzABI/d1c5e912599b4e5545778ef658ffde6490c463cb (0.00s)
    --- PASS: FuzzABI/d2a7111d8426edc32865e25b6572f753d862f739 (0.00s)
    --- PASS: FuzzABI/d36500fb10fe5940943f285399aaa6524fd032cb (0.00s)
    --- PASS: FuzzABI/d4ae1e9ad7ab5439d270109aa3b2e767523a1cb7 (0.00s)
    --- PASS: FuzzABI/d5164264169917ea3a40b2aafa42883daa968994 (0.00s)
    --- PASS: FuzzABI/d52f458c8615321459acb5cc994baf0f65c51b0d (0.00s)
    --- PASS: FuzzABI/d56c85275adda8bdac2493eda5dcaa536493848e (0.00s)
    --- PASS: FuzzABI/d6a94f84cc1d4f63bcfcb7b71c13ad92ef83c298 (0.00s)
    --- PASS: FuzzABI/d7312fa17861fc5ea194ef63989322e7e98ff07e (0.00s)
    --- PASS: FuzzABI/d771a3f8b9fd23046efcb4ecddf8e34b15a44cc3 (0.00s)
    --- PASS: FuzzABI/d773bec7816a9cd89ebf074291311f983d3d1216 (0.00s)
    --- PASS: FuzzABI/da123180db57b34acaf74ade88557eedcb346658 (0.00s)
    --- PASS: FuzzABI/da8f2e888d647f0b53f9d067a2183d6454c0bc2f (0.00s)
    --- PASS: FuzzABI/dae1249991bd66419005d372c80474e3d359bfbc (0.00s)
    --- PASS: FuzzABI/db8a58b9fa5c0d3417d731df9c645a3fc2fe86a5 (0.00s)
    --- PASS: FuzzABI/dc1e916b8c2f3d91f12a0d6a9599f52eb6315d53 (0.00s)
    --- PASS: FuzzABI/dcaa6d6f694466b7ed6b1e803e0c07cad5924ed4 (0.00s)
    --- PASS: FuzzABI/deb5fb3a23f59d416f63483444070c665e6c27d8 (0.00s)
    --- PASS: FuzzABI/df2db7228bde8537d2477f3e4d46f7710f221a1a (0.00s)
    --- PASS: FuzzABI/e05f439de40816fef075835012b2a61dbccf533e (0.00s)
    --- PASS: FuzzABI/e065349fea3a5a8b7863fcd9417eb6fd02c5bca3 (0.00s)
    --- PASS: FuzzABI/e08f96d7093f6289f0e89dcf134e979a8020ecec (0.00s)
    --- PASS: FuzzABI/e0a2fe015ccab3a384a376078865fdb85dd8d977 (0.00s)
    --- PASS: FuzzABI/e12e8a40ba6fd0eea787d8eabd559c67e2ade3c6 (0.00s)
    --- PASS: FuzzABI/e1b97c28539b5b0a5e2cad08b85bd6c11812034a (0.00s)
    --- PASS: FuzzABI/e2690cea330666bbf5c17b2b167f84fc2093ee9d (0.00s)
    --- PASS: FuzzABI/e28a2c9699600e18e3cd7f6d1494236ee0ec3c57 (0.00s)
    --- PASS: FuzzABI/e28b08c19a8bc57d957fc226851aa946e5ae31bf (0.00s)
    --- PASS: FuzzABI/e31abcaf981d73ab114e0a49a21ea47b90d819e0 (0.00s)
    --- PASS: FuzzABI/e31fe7c921fe807a354be08b564f6a6e9c3af4eb (0.00s)
    --- PASS: FuzzABI/e43213ce39807c9e2e757088fff5e07590fa4aa3 (0.00s)
    --- PASS: FuzzABI/e50a1c8adc3e7ed9224ba95af756dc8cc5dab82f (0.00s)
    --- PASS: FuzzABI/e5b5cabbeec6b06de7adcb1c462f446ba6ed75eb (0.00s)
    --- PASS: FuzzABI/e6317fb1b090af0f719ac5b5aa1073e13e04995d (0.00s)
    --- PASS: FuzzABI/e7d468757f8c4cd0d65d9804c059f110b59282c6 (0.00s)
    --- PASS: FuzzABI/e7dd378aabe6853fa1228440d997f5a1f54abc59 (0.00s)
    --- PASS: FuzzABI/e7e16fd4bab0d11eb577af6008d38adda27dac30 (0.00s)
    --- PASS: FuzzABI/e89a60d30b7aff9510ca89a85b8ab3068c23cf25 (0.00s)
    --- PASS: FuzzABI/e8b4e1021d2ec614399c9e584012508aedd56841 (0.00s)
    --- PASS: FuzzABI/e94c5939c36f1a177bbbe883d3345f4e755a9722 (0.00s)
    --- PASS: FuzzABI/ea77fe2ff943fc8d9475f29d70ad1efb4130ff70 (0.00s)
    --- PASS: FuzzABI/ea985ddf6dcd4d2d309e35714a90e6f8852e087d (0.00s)
    --- PASS: FuzzABI/ead482b7bcc1052b789d2443d6dedf9872f63c54 (0.00s)
    --- PASS: FuzzABI/eaeef6a6ea54944ecebff85564f96eb1a9f9fb2f (0.00s)
    --- PASS: FuzzABI/eb7a47a2c2b71475cff7068694d13030d36fbd07 (0.00s)
    --- PASS: FuzzABI/eba732b312bd582a42afae6afffba2fae6fde0ac (0.00s)
    --- PASS: FuzzABI/ec41b41ade01192939b00f96df11519b4ac0f6e0 (0.00s)
    --- PASS: FuzzABI/ec4e889d87707ef312a0a038fe3867618812f0b5 (0.00s)
    --- PASS: FuzzABI/eca4e7b229a851f2b1637429c33218a329a02484 (0.00s)
    --- PASS: FuzzABI/ecec5b519a8e146f28766aa58d143806523f57f5 (0.00s)
    --- PASS: FuzzABI/ed147bfef17d33a4b0f04479f801ea7f2042d39c (0.00s)
    --- PASS: FuzzABI/ed2f0021bab014535495d077b6ac524d357ac922 (0.00s)
    --- PASS: FuzzABI/ed4eb6c3b60ea73543dbf540d8cb96e60a47ce75 (0.00s)
    --- PASS: FuzzABI/ede6322a7b5c7e4490956b67d8df243a017b9c9d (0.00s)
    --- PASS: FuzzABI/ee8f384de1873b73dcd789ce0162d2d3398280b8 (0.00s)
    --- PASS: FuzzABI/eee79f36f82c37f5c031de564aee5f082a33f456 (0.00s)
    --- PASS: FuzzABI/efa41d73cbaf195f8a818c6e3db5674a26eeee57 (0.00s)
    --- PASS: FuzzABI/f10944c4eaf0f184aebe22208156ad9952b5d227 (0.00s)
    --- PASS: FuzzABI/f23628bc14f6b2ee2788b33e63621788ff50367b (0.00s)
    --- PASS: FuzzABI/f46d1b51aa95340e048d515eb427dd4d8f9a010c (0.00s)
    --- PASS: FuzzABI/f58e7f8702a1d2812388fe091033a76aab75bda3 (0.00s)
    --- PASS: FuzzABI/f5b17137ae2df3ce572b6612f62216bac9de8818 (0.00s)
    --- PASS: FuzzABI/f5c457d17da3729656ee4d921bf14b31b382363d (0.00s)
    --- PASS: FuzzABI/f6cf6e4c591acf84d82a04d50a1d12f541134d25 (0.00s)
    --- PASS: FuzzABI/f7289c4f974dd568faff7a5e596175036f6bd827 (0.00s)
    --- PASS: FuzzABI/f79b690f84c8fa825320aa1c30e7b907fedc43fe (0.00s)
    --- PASS: FuzzABI/f7b174abc9c5279bdc55dad9ab2f159c7b4fa968 (0.00s)
    --- PASS: FuzzABI/f80609e0575c74dc56a660338c76ad11d0fcf54a (0.00s)
    --- PASS: FuzzABI/f80b1f7a4bfb724963f231fd581c0625b4ef76b3 (0.00s)
    --- PASS: FuzzABI/f899202b6f55e9f5e962e792d758d466a6efccaa (0.00s)
    --- PASS: FuzzABI/f8d8dff20165a5ee937b09e562b11bb60fc28790 (0.00s)
    --- PASS: FuzzABI/f90a86a0cba526b8bc82af9039d6cce1a5166d44 (0.00s)
    --- PASS: FuzzABI/f925a8a516fcfd64d20a974edb07cc030997fb9a (0.00s)
    --- PASS: FuzzABI/f9598a2ccf38f43a4922d580dd4ef4c3625c4371 (0.00s)
    --- PASS: FuzzABI/f9924cd7cf13036c3b7456938c325ef662c368d2 (0.00s)
    --- PASS: FuzzABI/faf6d5692be1c58f3e648a6705adcac9392f48a4 (0.00s)
    --- PASS: FuzzABI/fca6230d8640b369c812b4d7c8d7df4ba7e36480 (0.00s)
    --- PASS: FuzzABI/fe97e74d6bef88466aba3eb470c1f305d3148f7e (0.00s)
    --- PASS: FuzzABI/feb037a7edb293ffda0e60b0e5a305ca7d895362 (0.00s)
    --- PASS: FuzzABI/ffc24c4bc82fcf4cc71d805197a96af0d9e9af30 (0.00s)
    --- PASS: FuzzABI/ffc84da82327e655c96f6714761a54a6b64518d5 (0.00s)
PASS
coverage: 83.3% of statements
ok  	github.com/morph-l2/go-ethereum/tests/fuzzers/abi	0.118s	coverage: 83.3% of statements
