go: downloading github.com/ethereum/go-ethereum v1.10.26
=== RUN   TestFuzzPair
    bn256_fuzz_test.go:23: 1000 iterations passed
--- PASS: TestFuzzPair (15.58s)
=== RUN   TestFuzzAdd
    bn256_fuzz_test.go:40: 1000 iterations passed
--- PASS: TestFuzzAdd (0.23s)
=== RUN   TestFuzzMul
    bn256_fuzz_test.go:57: 1000 iterations passed
--- PASS: TestFuzzMul (0.19s)
=== RUN   FuzzBn256Add
=== RUN   FuzzBn256Add/067a477c97f2d735bf0ffb0b8fb082c1e33f7fc8
=== RUN   FuzzBn256Add/084c321a0325543423107de49fe9bccf439c5ce4
=== RUN   FuzzBn256Add/08d03111aabaacf7722f0521b86b8221e9736eec
=== RUN   FuzzBn256Add/09aa338dfc6a24b4d3c7436a8a338ff22f7b7cec
=== RUN   FuzzBn256Add/09f6cc031622561d2cf4bb44e7cd51ba0231dbea
=== RUN   FuzzBn256Add/0a491c97f847097313ff4f698015a8e6c7bd4866
=== RUN   FuzzBn256Add/0b50c31cee1031d3536494dbbed4e66379a38824
=== RUN   FuzzBn256Add/0ba84e8b45a11667eb4a24fbc5fa1b8868dbdfb4
=== RUN   FuzzBn256Add/0bc0a33c51aafad61363a0250b5118e6d6474929
=== RUN   FuzzBn256Add/0cc79b61c3f39b2feaf9c5c3f49f8b71b130cb5e
=== RUN   FuzzBn256Add/0cdd3026a9caa54e92dfeb49fdd2ce2a9de514f5
=== RUN   FuzzBn256Add/0e64e77cb5035101ae168150298f7abb0e3e01b7
=== RUN   FuzzBn256Add/10dc12d60e8562929e9643f0cde7786b792edf53
=== RUN   FuzzBn256Add/127ad7b9ee33688fc0f8febe6d28b00c6a7a9027
=== RUN   FuzzBn256Add/14058fb957d900f2e6a92f5f46e610f6076a2ced
=== RUN   FuzzBn256Add/146b08e94cc84748bdbedc46f1be03770958e975
=== RUN   FuzzBn256Add/192d2a976e8ae970b6f97124794fd071892fbd48
=== RUN   FuzzBn256Add/199a827570b1a878265e9e40d286d5897c746a27
=== RUN   FuzzBn256Add/1af6c9bb408eb09ef9dc8309ee4ab15f1d15738e
=== RUN   FuzzBn256Add/1c448a675d0ea8681eedee66677eaa959907ac0b
=== RUN   FuzzBn256Add/1cc79c851d148e87fab582032674bda11d53ff8f
=== RUN   FuzzBn256Add/21cf55c16de7684babc2709673a2b6e3d3a01613
=== RUN   FuzzBn256Add/21fc03111a0cb239f95fd6f50e22d4eaa5273125
=== RUN   FuzzBn256Add/234a31513aa2ac37e3e4234097c26c6fbebcac48
=== RUN   FuzzBn256Add/24e09b0278933113fed74612fc5e406a692aecc0
=== RUN   FuzzBn256Add/27866de4a01488dd63fd2aef807292a89552d219
=== RUN   FuzzBn256Add/2921346236600cc788c749d011d58830fbe84184
=== RUN   FuzzBn256Add/2989e9a64c80647466d38a103ed6c47a795d254e
=== RUN   FuzzBn256Add/29bd97e198835dd1c55b0d9f19f7657c2da0a34c
=== RUN   FuzzBn256Add/2bfd284ac7bb5a100f6f9211527cfd0865fea7ea
=== RUN   FuzzBn256Add/2ed3ce0129a65472a50d8ed6f9e08b4d993799fc
=== RUN   FuzzBn256Add/2fcf18e47e7a6753477799cbfffd80b07dec3ca5
=== RUN   FuzzBn256Add/315cd6b397b2d2cca21a7d6883abf81a9e5ce000
=== RUN   FuzzBn256Add/32a350ed5e58057beaaf1bd6b7404860fa7c5028
=== RUN   FuzzBn256Add/3401663e936b530d25b4780fa0e0cef428ef789f
=== RUN   FuzzBn256Add/38958c736bbd4ba9d02f092b2e30f3ce41e8ded8
=== RUN   FuzzBn256Add/3c5c8c222721fd0fa0a39631167bea453e010e59
=== RUN   FuzzBn256Add/3ce019c3690867651e29510d288b2439fa7e8e16
=== RUN   FuzzBn256Add/3d6e7f797c00f0c0a1fd33bc036d8ca09d53c75f
=== RUN   FuzzBn256Add/3e358064169b8716dbc153d05ef410ebeea2a531
=== RUN   FuzzBn256Add/4346c9c009aef680e42ae04b6ed3ac2c92a8ccd5
=== RUN   FuzzBn256Add/446d645be3a22bb1d16e918ef7a8b013dc8d23d2
=== RUN   FuzzBn256Add/452df2b33422cdc52f4456d5ebd63783e4161e6e
=== RUN   FuzzBn256Add/46973887482257d1e1d8c548340ea62ad5331ae6
=== RUN   FuzzBn256Add/498128dbdc3c19bc3e10923d86734aca3f1a906e
=== RUN   FuzzBn256Add/4fc03eccf3b1cb8d858afb0a5f627013f176fe77
=== RUN   FuzzBn256Add/540e94abce2b4621ae89f59a08706c4c60f7be14
=== RUN   FuzzBn256Add/56e9375b735ef4e55b60356bb529ca34381dd809
=== RUN   FuzzBn256Add/5d1d9d44a0c0e6c22ed979227b1227ce42b7e344
=== RUN   FuzzBn256Add/5df8f9075a982968b20be34bf133dfe0d85ecdf0
=== RUN   FuzzBn256Add/5f07f7d2dcc3756dde21178b42a3a192b8178f36
=== RUN   FuzzBn256Add/5fb03f929fad2e4e2e349e205652e9277bca6aca
=== RUN   FuzzBn256Add/60a7e20d0b55231cf64424acad3ec605719794e7
=== RUN   FuzzBn256Add/61c798938f105bf088bad14067107160590f7531
=== RUN   FuzzBn256Add/620d22096caa9079c26a0d8eff8d239875c4492e
=== RUN   FuzzBn256Add/647effab178085946632dab72fc74e66e722dcfb
=== RUN   FuzzBn256Add/663ae031674a29f821f6274768984380f7c4c996
=== RUN   FuzzBn256Add/67f2b56b70131f1466fc633e40b150b25a05686c
=== RUN   FuzzBn256Add/6823484d64a0e6e9e48d3b9326c7e01685cacd49
=== RUN   FuzzBn256Add/6e3da0bb7ccb54246d904ee7d795c1d47ab6d4d4
=== RUN   FuzzBn256Add/6e5e3f41f8b32e78726033e801c36c37c31511bb
=== RUN   FuzzBn256Add/71c1ee04a6b6011a6357e66336f2450250ccb7e8
=== RUN   FuzzBn256Add/72381bdfd60896e50218a1585259d856d249bd01
=== RUN   FuzzBn256Add/727e692d7c7734a48cf4472771689b7aed358354
=== RUN   FuzzBn256Add/763b121a04f59857399dcbb0c3e029539fe0a027
=== RUN   FuzzBn256Add/77935d263a7e16f7b4a2f5a6135410ecb5823223
=== RUN   FuzzBn256Add/7a7736709cac44913f4c6b1278e0b6e68181e9c6
=== RUN   FuzzBn256Add/7c32e1a92288989d3a8c91a0c41c0f7d265bc4a3
=== RUN   FuzzBn256Add/7e15bb5c01e7dd56499e37c634cf791d3a519aee
=== RUN   FuzzBn256Add/7e7fbfa91fad8912cc5dcfa263812a0385a40c1f
=== RUN   FuzzBn256Add/800c049d1810bfc30cf811a1176b99ddf30fdbc2
=== RUN   FuzzBn256Add/81260f8ab967741825d9a43f130ad9c9e68bd8dc
=== RUN   FuzzBn256Add/813bf10f4ada60cda440df5ac5d9adb650c03aac
=== RUN   FuzzBn256Add/833855df6054359bd5c15b2aeb219f765ffdc86e
=== RUN   FuzzBn256Add/84285caeca2eab2399e65321a906fcb8b5e31d49
=== RUN   FuzzBn256Add/84642889d1bcc8c21e461ba69ae3960eab8d2b77
=== RUN   FuzzBn256Add/86c4c225f09cd158d819759735779e62658b6341
=== RUN   FuzzBn256Add/86fb9c4d2536ad0bd478d3e1f2a78d51dd302320
=== RUN   FuzzBn256Add/8715e01e4eadba16bad8371e775751ea88b43b95
=== RUN   FuzzBn256Add/87825b1b457b46109cfe0ae5b6fb56dfa50fe90d
=== RUN   FuzzBn256Add/8a524b4108e1228022dfeb682d4a5b435a2c6c86
=== RUN   FuzzBn256Add/8bb787ac99a16a7fdfd53c829dbf11c628aa39e4
=== RUN   FuzzBn256Add/8daef31ac61de14ee199dcaba8cb01828882c451
=== RUN   FuzzBn256Add/8edb2388bf329959fbf4dad205655c15378d99f8
=== RUN   FuzzBn256Add/8f41fefa169755a11b29f82b80f3c50622bcfbae
=== RUN   FuzzBn256Add/8fbb91f2f0efacb2eb0a5a12d581c726134683fd
=== RUN   FuzzBn256Add/9069ca78e7450a285173431b3e52c5c25299e473
=== RUN   FuzzBn256Add/912760d875ea38592ba8b897a2a5c5605e3d0996
=== RUN   FuzzBn256Add/921131d631f4f8cb2553a6b59f851ad77879591a
=== RUN   FuzzBn256Add/937ef02fa17c1a53c16befa482df97d13e070f6b
=== RUN   FuzzBn256Add/9489189345a07515ac6a23c53d6dcd9424b38ae7
=== RUN   FuzzBn256Add/97a5d5681839929712e32a8e9239c106854f1855
=== RUN   FuzzBn256Add/9a8954357255da232b89f73eb1b4d5a64a31d9cc
=== RUN   FuzzBn256Add/9bbcf6f4d20f4bd724d98019743a0fbe0d34b2e1
=== RUN   FuzzBn256Add/9ca6b7a4678f80e41223bb41808c3735819fe7a0
=== RUN   FuzzBn256Add/9ea109ae07d0e60f611296771d29fdef52e8f53a
=== RUN   FuzzBn256Add/9fe263818316eb1cb10cddce44420b438353c549
=== RUN   FuzzBn256Add/a0fd3218689152a2a3910acba42075a5d8cefc5d
=== RUN   FuzzBn256Add/a186b2f2d8780d64dae27871de7c7964b8fad783
=== RUN   FuzzBn256Add/a448b97729b48bdd4fece32d18384bb060ef2c7b
=== RUN   FuzzBn256Add/a512f9df6c4580f4e448c51f4ba2902356eb454c
=== RUN   FuzzBn256Add/a5354b5292567e14f370b06810943f41da24f8b9
=== RUN   FuzzBn256Add/a74d75f6926bc063063b62017764aa4935f6d233
=== RUN   FuzzBn256Add/a8085d42155a6ddc9bd9d0f8a1c5be19dabf84de
=== RUN   FuzzBn256Add/aa18e10af515ceb81a7643b60fd07efa7b3890fb
=== RUN   FuzzBn256Add/aaf25006e8e62dda8d3f32a6f78aa0de4f467a81
=== RUN   FuzzBn256Add/b3b3d702fc5cbdf5f10bb177b819f6f9ad8514d5
=== RUN   FuzzBn256Add/b3ec9c0026c42673689cf91ee9d6ce39ddb095ce
=== RUN   FuzzBn256Add/b77305e8c9f65785f0eedc5e6414bf4991b885a6
=== RUN   FuzzBn256Add/b7f0d7ae8cf3166766aedcbde22c6a56a4cc900b
=== RUN   FuzzBn256Add/b82530260912a406488c3368a360c4569eab8ea8
=== RUN   FuzzBn256Add/b9c4668a765acbba79706244fb8b6e0f3c6e0633
=== RUN   FuzzBn256Add/bb8431c9a0b971d13a224e311ae6a82a595d0fc3
=== RUN   FuzzBn256Add/be7d894e782672cc8e2aaa56659c1ea28aebbf32
=== RUN   FuzzBn256Add/c6510edf24e15c75bc57d8014bae1b63e87f212a
=== RUN   FuzzBn256Add/c91225e594d50ba63ebc4798d922f04a0c6cf8d3
=== RUN   FuzzBn256Add/cadeda162e5b217652b2c93734b0bb70f0b72ab1
=== RUN   FuzzBn256Add/cb422964d533d649dba68fe33a332667489df607
=== RUN   FuzzBn256Add/ce0bdc4401da3e71e384e091243d867a65d4fcae
=== RUN   FuzzBn256Add/d0c1b66c7ac35ee981506899c47ba97f1ae26215
=== RUN   FuzzBn256Add/d470aca5a087da34bc75e06235836be5c87bb6b1
=== RUN   FuzzBn256Add/d53a401c3bf651584c97d1717ff9fdb99728ac0f
=== RUN   FuzzBn256Add/d6a1720f7d7144a0cc03d0fe29297f2500c7ee49
=== RUN   FuzzBn256Add/d86c9f484b22c7def2e3241e2aaab347e95cda2d
=== RUN   FuzzBn256Add/daf23d7866db9d4c437da30beb1a92fd3e3cfdf5
=== RUN   FuzzBn256Add/deed495f3554b68d39bae4b7b16120e65f95585d
=== RUN   FuzzBn256Add/dfa3695e8f55ded9ffb65b6a01938cf1dd52acc6
=== RUN   FuzzBn256Add/e2a882bb5c39b0270d470abad61cbed3624f00dd
=== RUN   FuzzBn256Add/e4538b42c5a501727c12832c6563aecca5d60958
=== RUN   FuzzBn256Add/e51464a528cc19d5b44d18aa1f636a808489034a
=== RUN   FuzzBn256Add/e70fd8fdff3e2952a28d864bc4a37f3d0f724322
=== RUN   FuzzBn256Add/e7615c32fa78144d9ca5c8442dc38d023cc41042
=== RUN   FuzzBn256Add/e786bbb603cfcebc54ca1239d2e8a3c8ef48e648
=== RUN   FuzzBn256Add/e83f35eb22a97b44c79a0b148510f7499ebce2f0
=== RUN   FuzzBn256Add/e885550166feeb4e9fb91533625d3c9c1a242248
=== RUN   FuzzBn256Add/eb089835235c470db60b5c08609cc369c48f0460
=== RUN   FuzzBn256Add/ec5b5496b2fc0e7c0fc18151a5112a69242f1cb9
=== RUN   FuzzBn256Add/edd2923fcaf74c06b662aaa838efeab94e14ff21
=== RUN   FuzzBn256Add/f09af48d1ede1a57c9e298ee02a9444b25ba77a8
=== RUN   FuzzBn256Add/f09c0d9d104f90cdd93bca0279dc175356d5a267
=== RUN   FuzzBn256Add/f0b2cad66f200df308b869012ce06967b1073655
=== RUN   FuzzBn256Add/f1f3366856f14532db6f41d98e4daff188961b23
=== RUN   FuzzBn256Add/f24c3f6ffa4bb7ab853ddf66ae77316bba0d84d6
=== RUN   FuzzBn256Add/f47bae6dc6a7169c21c880704ff2b5c4cf4250fb
=== RUN   FuzzBn256Add/f4b42dd1274d3221c0c58c8c8f91e72aac9f98c3
=== RUN   FuzzBn256Add/f5745781205fac374c2f14732dc655cb6d2c5ea3
=== RUN   FuzzBn256Add/f654394a43ce49f6711274ed9ae6c589999e14c4
=== RUN   FuzzBn256Add/f662f6fec9646bb26902ec443b30de8aad3a7406
=== RUN   FuzzBn256Add/f7e9f9b726f64574092187447b1f19c1d05584e5
=== RUN   FuzzBn256Add/f983f930cc8ca419e914d920e3040b766886cc7e
=== RUN   FuzzBn256Add/fa54b916fb8a29fdeb7fd88a14c5b9d2e0733f6c
=== RUN   FuzzBn256Add/fb668bf4a9e00b911132ab155a03afeedb78b346
=== RUN   FuzzBn256Add/fba9ae8682f38856b0c4b3cc37b49a099fb52463
=== RUN   FuzzBn256Add/fc490abd7ba242173e39da0e510e37a43f4841c1
=== RUN   FuzzBn256Add/fdb356d65f3b8c78028a9ebd470bc20033c1acb4
=== RUN   FuzzBn256Add/fe9764cacce7bd608023bbdd30d0c09e8b6d955c
=== RUN   FuzzBn256Add/feb45c5e53db8b73f15a469c7d3965f4ce504cde
=== RUN   FuzzBn256Add/ff4193afaaf1f2e5591c3f0651855ce5858ed153
--- PASS: FuzzBn256Add (0.04s)
    --- PASS: FuzzBn256Add/067a477c97f2d735bf0ffb0b8fb082c1e33f7fc8 (0.00s)
    --- PASS: FuzzBn256Add/084c321a0325543423107de49fe9bccf439c5ce4 (0.00s)
    --- PASS: FuzzBn256Add/08d03111aabaacf7722f0521b86b8221e9736eec (0.00s)
    --- PASS: FuzzBn256Add/09aa338dfc6a24b4d3c7436a8a338ff22f7b7cec (0.00s)
    --- PASS: FuzzBn256Add/09f6cc031622561d2cf4bb44e7cd51ba0231dbea (0.00s)
    --- PASS: FuzzBn256Add/0a491c97f847097313ff4f698015a8e6c7bd4866 (0.00s)
    --- PASS: FuzzBn256Add/0b50c31cee1031d3536494dbbed4e66379a38824 (0.00s)
    --- PASS: FuzzBn256Add/0ba84e8b45a11667eb4a24fbc5fa1b8868dbdfb4 (0.00s)
    --- PASS: FuzzBn256Add/0bc0a33c51aafad61363a0250b5118e6d6474929 (0.00s)
    --- PASS: FuzzBn256Add/0cc79b61c3f39b2feaf9c5c3f49f8b71b130cb5e (0.00s)
    --- PASS: FuzzBn256Add/0cdd3026a9caa54e92dfeb49fdd2ce2a9de514f5 (0.00s)
    --- PASS: FuzzBn256Add/0e64e77cb5035101ae168150298f7abb0e3e01b7 (0.00s)
    --- PASS: FuzzBn256Add/10dc12d60e8562929e9643f0cde7786b792edf53 (0.00s)
    --- PASS: FuzzBn256Add/127ad7b9ee33688fc0f8febe6d28b00c6a7a9027 (0.00s)
    --- PASS: FuzzBn256Add/14058fb957d900f2e6a92f5f46e610f6076a2ced (0.00s)
    --- PASS: FuzzBn256Add/146b08e94cc84748bdbedc46f1be03770958e975 (0.00s)
    --- PASS: FuzzBn256Add/192d2a976e8ae970b6f97124794fd071892fbd48 (0.00s)
    --- PASS: FuzzBn256Add/199a827570b1a878265e9e40d286d5897c746a27 (0.00s)
    --- PASS: FuzzBn256Add/1af6c9bb408eb09ef9dc8309ee4ab15f1d15738e (0.00s)
    --- PASS: FuzzBn256Add/1c448a675d0ea8681eedee66677eaa959907ac0b (0.00s)
    --- PASS: FuzzBn256Add/1cc79c851d148e87fab582032674bda11d53ff8f (0.00s)
    --- PASS: FuzzBn256Add/21cf55c16de7684babc2709673a2b6e3d3a01613 (0.00s)
    --- PASS: FuzzBn256Add/21fc03111a0cb239f95fd6f50e22d4eaa5273125 (0.00s)
    --- PASS: FuzzBn256Add/234a31513aa2ac37e3e4234097c26c6fbebcac48 (0.00s)
    --- PASS: FuzzBn256Add/24e09b0278933113fed74612fc5e406a692aecc0 (0.00s)
    --- PASS: FuzzBn256Add/27866de4a01488dd63fd2aef807292a89552d219 (0.00s)
    --- PASS: FuzzBn256Add/2921346236600cc788c749d011d58830fbe84184 (0.00s)
    --- PASS: FuzzBn256Add/2989e9a64c80647466d38a103ed6c47a795d254e (0.00s)
    --- PASS: FuzzBn256Add/29bd97e198835dd1c55b0d9f19f7657c2da0a34c (0.00s)
    --- PASS: FuzzBn256Add/2bfd284ac7bb5a100f6f9211527cfd0865fea7ea (0.00s)
    --- PASS: FuzzBn256Add/2ed3ce0129a65472a50d8ed6f9e08b4d993799fc (0.00s)
    --- PASS: FuzzBn256Add/2fcf18e47e7a6753477799cbfffd80b07dec3ca5 (0.00s)
    --- PASS: FuzzBn256Add/315cd6b397b2d2cca21a7d6883abf81a9e5ce000 (0.00s)
    --- PASS: FuzzBn256Add/32a350ed5e58057beaaf1bd6b7404860fa7c5028 (0.00s)
    --- PASS: FuzzBn256Add/3401663e936b530d25b4780fa0e0cef428ef789f (0.00s)
    --- PASS: FuzzBn256Add/38958c736bbd4ba9d02f092b2e30f3ce41e8ded8 (0.00s)
    --- PASS: FuzzBn256Add/3c5c8c222721fd0fa0a39631167bea453e010e59 (0.00s)
    --- PASS: FuzzBn256Add/3ce019c3690867651e29510d288b2439fa7e8e16 (0.00s)
    --- PASS: FuzzBn256Add/3d6e7f797c00f0c0a1fd33bc036d8ca09d53c75f (0.00s)
    --- PASS: FuzzBn256Add/3e358064169b8716dbc153d05ef410ebeea2a531 (0.00s)
    --- PASS: FuzzBn256Add/4346c9c009aef680e42ae04b6ed3ac2c92a8ccd5 (0.00s)
    --- PASS: FuzzBn256Add/446d645be3a22bb1d16e918ef7a8b013dc8d23d2 (0.00s)
    --- PASS: FuzzBn256Add/452df2b33422cdc52f4456d5ebd63783e4161e6e (0.00s)
    --- PASS: FuzzBn256Add/46973887482257d1e1d8c548340ea62ad5331ae6 (0.00s)
    --- PASS: FuzzBn256Add/498128dbdc3c19bc3e10923d86734aca3f1a906e (0.00s)
    --- PASS: FuzzBn256Add/4fc03eccf3b1cb8d858afb0a5f627013f176fe77 (0.00s)
    --- PASS: FuzzBn256Add/540e94abce2b4621ae89f59a08706c4c60f7be14 (0.00s)
    --- PASS: FuzzBn256Add/56e9375b735ef4e55b60356bb529ca34381dd809 (0.00s)
    --- PASS: FuzzBn256Add/5d1d9d44a0c0e6c22ed979227b1227ce42b7e344 (0.00s)
    --- PASS: FuzzBn256Add/5df8f9075a982968b20be34bf133dfe0d85ecdf0 (0.00s)
    --- PASS: FuzzBn256Add/5f07f7d2dcc3756dde21178b42a3a192b8178f36 (0.00s)
    --- PASS: FuzzBn256Add/5fb03f929fad2e4e2e349e205652e9277bca6aca (0.00s)
    --- PASS: FuzzBn256Add/60a7e20d0b55231cf64424acad3ec605719794e7 (0.00s)
    --- PASS: FuzzBn256Add/61c798938f105bf088bad14067107160590f7531 (0.00s)
    --- PASS: FuzzBn256Add/620d22096caa9079c26a0d8eff8d239875c4492e (0.00s)
    --- PASS: FuzzBn256Add/647effab178085946632dab72fc74e66e722dcfb (0.00s)
    --- PASS: FuzzBn256Add/663ae031674a29f821f6274768984380f7c4c996 (0.00s)
    --- PASS: FuzzBn256Add/67f2b56b70131f1466fc633e40b150b25a05686c (0.00s)
    --- PASS: FuzzBn256Add/6823484d64a0e6e9e48d3b9326c7e01685cacd49 (0.00s)
    --- PASS: FuzzBn256Add/6e3da0bb7ccb54246d904ee7d795c1d47ab6d4d4 (0.00s)
    --- PASS: FuzzBn256Add/6e5e3f41f8b32e78726033e801c36c37c31511bb (0.00s)
    --- PASS: FuzzBn256Add/71c1ee04a6b6011a6357e66336f2450250ccb7e8 (0.00s)
    --- PASS: FuzzBn256Add/72381bdfd60896e50218a1585259d856d249bd01 (0.00s)
    --- PASS: FuzzBn256Add/727e692d7c7734a48cf4472771689b7aed358354 (0.00s)
    --- PASS: FuzzBn256Add/763b121a04f59857399dcbb0c3e029539fe0a027 (0.00s)
    --- PASS: FuzzBn256Add/77935d263a7e16f7b4a2f5a6135410ecb5823223 (0.00s)
    --- PASS: FuzzBn256Add/7a7736709cac44913f4c6b1278e0b6e68181e9c6 (0.00s)
    --- PASS: FuzzBn256Add/7c32e1a92288989d3a8c91a0c41c0f7d265bc4a3 (0.00s)
    --- PASS: FuzzBn256Add/7e15bb5c01e7dd56499e37c634cf791d3a519aee (0.00s)
    --- PASS: FuzzBn256Add/7e7fbfa91fad8912cc5dcfa263812a0385a40c1f (0.00s)
    --- PASS: FuzzBn256Add/800c049d1810bfc30cf811a1176b99ddf30fdbc2 (0.00s)
    --- PASS: FuzzBn256Add/81260f8ab967741825d9a43f130ad9c9e68bd8dc (0.00s)
    --- PASS: FuzzBn256Add/813bf10f4ada60cda440df5ac5d9adb650c03aac (0.00s)
    --- PASS: FuzzBn256Add/833855df6054359bd5c15b2aeb219f765ffdc86e (0.00s)
    --- PASS: FuzzBn256Add/84285caeca2eab2399e65321a906fcb8b5e31d49 (0.00s)
    --- PASS: FuzzBn256Add/84642889d1bcc8c21e461ba69ae3960eab8d2b77 (0.00s)
    --- PASS: FuzzBn256Add/86c4c225f09cd158d819759735779e62658b6341 (0.00s)
    --- PASS: FuzzBn256Add/86fb9c4d2536ad0bd478d3e1f2a78d51dd302320 (0.00s)
    --- PASS: FuzzBn256Add/8715e01e4eadba16bad8371e775751ea88b43b95 (0.00s)
    --- PASS: FuzzBn256Add/87825b1b457b46109cfe0ae5b6fb56dfa50fe90d (0.00s)
    --- PASS: FuzzBn256Add/8a524b4108e1228022dfeb682d4a5b435a2c6c86 (0.00s)
    --- PASS: FuzzBn256Add/8bb787ac99a16a7fdfd53c829dbf11c628aa39e4 (0.00s)
    --- PASS: FuzzBn256Add/8daef31ac61de14ee199dcaba8cb01828882c451 (0.00s)
    --- PASS: FuzzBn256Add/8edb2388bf329959fbf4dad205655c15378d99f8 (0.00s)
    --- PASS: FuzzBn256Add/8f41fefa169755a11b29f82b80f3c50622bcfbae (0.00s)
    --- PASS: FuzzBn256Add/8fbb91f2f0efacb2eb0a5a12d581c726134683fd (0.00s)
    --- PASS: FuzzBn256Add/9069ca78e7450a285173431b3e52c5c25299e473 (0.00s)
    --- PASS: FuzzBn256Add/912760d875ea38592ba8b897a2a5c5605e3d0996 (0.00s)
    --- PASS: FuzzBn256Add/921131d631f4f8cb2553a6b59f851ad77879591a (0.00s)
    --- PASS: FuzzBn256Add/937ef02fa17c1a53c16befa482df97d13e070f6b (0.00s)
    --- PASS: FuzzBn256Add/9489189345a07515ac6a23c53d6dcd9424b38ae7 (0.00s)
    --- PASS: FuzzBn256Add/97a5d5681839929712e32a8e9239c106854f1855 (0.00s)
    --- PASS: FuzzBn256Add/9a8954357255da232b89f73eb1b4d5a64a31d9cc (0.00s)
    --- PASS: FuzzBn256Add/9bbcf6f4d20f4bd724d98019743a0fbe0d34b2e1 (0.00s)
    --- PASS: FuzzBn256Add/9ca6b7a4678f80e41223bb41808c3735819fe7a0 (0.00s)
    --- PASS: FuzzBn256Add/9ea109ae07d0e60f611296771d29fdef52e8f53a (0.00s)
    --- PASS: FuzzBn256Add/9fe263818316eb1cb10cddce44420b438353c549 (0.00s)
    --- PASS: FuzzBn256Add/a0fd3218689152a2a3910acba42075a5d8cefc5d (0.00s)
    --- PASS: FuzzBn256Add/a186b2f2d8780d64dae27871de7c7964b8fad783 (0.00s)
    --- PASS: FuzzBn256Add/a448b97729b48bdd4fece32d18384bb060ef2c7b (0.00s)
    --- PASS: FuzzBn256Add/a512f9df6c4580f4e448c51f4ba2902356eb454c (0.00s)
    --- PASS: FuzzBn256Add/a5354b5292567e14f370b06810943f41da24f8b9 (0.00s)
    --- PASS: FuzzBn256Add/a74d75f6926bc063063b62017764aa4935f6d233 (0.00s)
    --- PASS: FuzzBn256Add/a8085d42155a6ddc9bd9d0f8a1c5be19dabf84de (0.00s)
    --- PASS: FuzzBn256Add/aa18e10af515ceb81a7643b60fd07efa7b3890fb (0.00s)
    --- PASS: FuzzBn256Add/aaf25006e8e62dda8d3f32a6f78aa0de4f467a81 (0.00s)
    --- PASS: FuzzBn256Add/b3b3d702fc5cbdf5f10bb177b819f6f9ad8514d5 (0.00s)
    --- PASS: FuzzBn256Add/b3ec9c0026c42673689cf91ee9d6ce39ddb095ce (0.00s)
    --- PASS: FuzzBn256Add/b77305e8c9f65785f0eedc5e6414bf4991b885a6 (0.00s)
    --- PASS: FuzzBn256Add/b7f0d7ae8cf3166766aedcbde22c6a56a4cc900b (0.00s)
    --- PASS: FuzzBn256Add/b82530260912a406488c3368a360c4569eab8ea8 (0.00s)
    --- PASS: FuzzBn256Add/b9c4668a765acbba79706244fb8b6e0f3c6e0633 (0.00s)
    --- PASS: FuzzBn256Add/bb8431c9a0b971d13a224e311ae6a82a595d0fc3 (0.00s)
    --- PASS: FuzzBn256Add/be7d894e782672cc8e2aaa56659c1ea28aebbf32 (0.00s)
    --- PASS: FuzzBn256Add/c6510edf24e15c75bc57d8014bae1b63e87f212a (0.00s)
    --- PASS: FuzzBn256Add/c91225e594d50ba63ebc4798d922f04a0c6cf8d3 (0.00s)
    --- PASS: FuzzBn256Add/cadeda162e5b217652b2c93734b0bb70f0b72ab1 (0.00s)
    --- PASS: FuzzBn256Add/cb422964d533d649dba68fe33a332667489df607 (0.00s)
    --- PASS: FuzzBn256Add/ce0bdc4401da3e71e384e091243d867a65d4fcae (0.00s)
    --- PASS: FuzzBn256Add/d0c1b66c7ac35ee981506899c47ba97f1ae26215 (0.00s)
    --- PASS: FuzzBn256Add/d470aca5a087da34bc75e06235836be5c87bb6b1 (0.00s)
    --- PASS: FuzzBn256Add/d53a401c3bf651584c97d1717ff9fdb99728ac0f (0.00s)
    --- PASS: FuzzBn256Add/d6a1720f7d7144a0cc03d0fe29297f2500c7ee49 (0.00s)
    --- PASS: FuzzBn256Add/d86c9f484b22c7def2e3241e2aaab347e95cda2d (0.00s)
    --- PASS: FuzzBn256Add/daf23d7866db9d4c437da30beb1a92fd3e3cfdf5 (0.00s)
    --- PASS: FuzzBn256Add/deed495f3554b68d39bae4b7b16120e65f95585d (0.00s)
    --- PASS: FuzzBn256Add/dfa3695e8f55ded9ffb65b6a01938cf1dd52acc6 (0.00s)
    --- PASS: FuzzBn256Add/e2a882bb5c39b0270d470abad61cbed3624f00dd (0.00s)
    --- PASS: FuzzBn256Add/e4538b42c5a501727c12832c6563aecca5d60958 (0.00s)
    --- PASS: FuzzBn256Add/e51464a528cc19d5b44d18aa1f636a808489034a (0.00s)
    --- PASS: FuzzBn256Add/e70fd8fdff3e2952a28d864bc4a37f3d0f724322 (0.00s)
    --- PASS: FuzzBn256Add/e7615c32fa78144d9ca5c8442dc38d023cc41042 (0.00s)
    --- PASS: FuzzBn256Add/e786bbb603cfcebc54ca1239d2e8a3c8ef48e648 (0.00s)
    --- PASS: FuzzBn256Add/e83f35eb22a97b44c79a0b148510f7499ebce2f0 (0.00s)
    --- PASS: FuzzBn256Add/e885550166feeb4e9fb91533625d3c9c1a242248 (0.00s)
    --- PASS: FuzzBn256Add/eb089835235c470db60b5c08609cc369c48f0460 (0.00s)
    --- PASS: FuzzBn256Add/ec5b5496b2fc0e7c0fc18151a5112a69242f1cb9 (0.00s)
    --- PASS: FuzzBn256Add/edd2923fcaf74c06b662aaa838efeab94e14ff21 (0.00s)
    --- PASS: FuzzBn256Add/f09af48d1ede1a57c9e298ee02a9444b25ba77a8 (0.00s)
    --- PASS: FuzzBn256Add/f09c0d9d104f90cdd93bca0279dc175356d5a267 (0.00s)
    --- PASS: FuzzBn256Add/f0b2cad66f200df308b869012ce06967b1073655 (0.00s)
    --- PASS: FuzzBn256Add/f1f3366856f14532db6f41d98e4daff188961b23 (0.00s)
    --- PASS: FuzzBn256Add/f24c3f6ffa4bb7ab853ddf66ae77316bba0d84d6 (0.00s)
    --- PASS: FuzzBn256Add/f47bae6dc6a7169c21c880704ff2b5c4cf4250fb (0.00s)
    --- PASS: FuzzBn256Add/f4b42dd1274d3221c0c58c8c8f91e72aac9f98c3 (0.00s)
    --- PASS: FuzzBn256Add/f5745781205fac374c2f14732dc655cb6d2c5ea3 (0.00s)
    --- PASS: FuzzBn256Add/f654394a43ce49f6711274ed9ae6c589999e14c4 (0.00s)
    --- PASS: FuzzBn256Add/f662f6fec9646bb26902ec443b30de8aad3a7406 (0.00s)
    --- PASS: FuzzBn256Add/f7e9f9b726f64574092187447b1f19c1d05584e5 (0.00s)
    --- PASS: FuzzBn256Add/f983f930cc8ca419e914d920e3040b766886cc7e (0.00s)
    --- PASS: FuzzBn256Add/fa54b916fb8a29fdeb7fd88a14c5b9d2e0733f6c (0.00s)
    --- PASS: FuzzBn256Add/fb668bf4a9e00b911132ab155a03afeedb78b346 (0.00s)
    --- PASS: FuzzBn256Add/fba9ae8682f38856b0c4b3cc37b49a099fb52463 (0.00s)
    --- PASS: FuzzBn256Add/fc490abd7ba242173e39da0e510e37a43f4841c1 (0.00s)
    --- PASS: FuzzBn256Add/fdb356d65f3b8c78028a9ebd470bc20033c1acb4 (0.00s)
    --- PASS: FuzzBn256Add/fe9764cacce7bd608023bbdd30d0c09e8b6d955c (0.00s)
    --- PASS: FuzzBn256Add/feb45c5e53db8b73f15a469c7d3965f4ce504cde (0.00s)
    --- PASS: FuzzBn256Add/ff4193afaaf1f2e5591c3f0651855ce5858ed153 (0.00s)
=== RUN   FuzzBn256Mul
=== RUN   FuzzBn256Mul/01decbc3ddc911ed89327aab1fdf3d991a87f291
=== RUN   FuzzBn256Mul/027a817abad09b8a3711e4a326689bc6055ef807
=== RUN   FuzzBn256Mul/04bfda3124a01310462a7aa16630d07c83727ce8
=== RUN   FuzzBn256Mul/05d7549a10805f49229a1a75634f5838b47ba1ac
=== RUN   FuzzBn256Mul/05f395f04ff46dfae501af06e640e16107fd0d4f
=== RUN   FuzzBn256Mul/06608fa99c783b4a164319b2c10856297941d6a4
=== RUN   FuzzBn256Mul/07388214a6537956d3aee34b87f359263781c7e9
=== RUN   FuzzBn256Mul/075a132adc0bf2b82a3de7a87f67e3e9adbc02c9
=== RUN   FuzzBn256Mul/082623e59461e611e689a079adaaa4a9e9f4e9a1
=== RUN   FuzzBn256Mul/0831ce99f1931b5747340dcbba4b6136865c770e
=== RUN   FuzzBn256Mul/0a7894d40ca4cfe56107a71a399660ba177114a9
=== RUN   FuzzBn256Mul/0d19f00e74a9ed8496673ca71bc1fd13507989af
=== RUN   FuzzBn256Mul/0d7b221d1c25964b5ec445e7a1e9aa7dfaeb1a3d
=== RUN   FuzzBn256Mul/0daad51e4810d3f906969fb1ef47e59abeaaf201
=== RUN   FuzzBn256Mul/0e87ae6f918585936b008c512e553f2f8a38e13b
=== RUN   FuzzBn256Mul/0f179f8ebf9f2e8db05d1b160f8fcb086fbbe92a
=== RUN   FuzzBn256Mul/0f2aead6c61400793b12a3b15edb42bd5828389a
=== RUN   FuzzBn256Mul/0f31923e40fb49d87b600ec739c280a0f2f0c1ed
=== RUN   FuzzBn256Mul/0f79f0b2362de41c5d2bc4288c79b6f7ff7cb57b
=== RUN   FuzzBn256Mul/0f970cfc8ff07023d2b24c676804d753dfc8bd46
=== RUN   FuzzBn256Mul/0fc09aec5473c08fc6de0b82508b0acb044feaaf
=== RUN   FuzzBn256Mul/0fd33cb2eb06053f8b700a093276e3ddcf6f476b
=== RUN   FuzzBn256Mul/105a79a425fe76a3fa43ecec0206337f66995c9b
=== RUN   FuzzBn256Mul/10db8de5c652edaab15681a5b84d2c9e677fb48a
=== RUN   FuzzBn256Mul/1360db1e71a8973dfeb18cd1a19ab19a571c6d9b
=== RUN   FuzzBn256Mul/179f73a60f199c2803dfe20ae7f57472c942172b
=== RUN   FuzzBn256Mul/197891f1cc2f1d6ee04d08eaf9557a21e107fc6f
=== RUN   FuzzBn256Mul/19b99d92f7e9a516b835acb0fda5f32facd15957
=== RUN   FuzzBn256Mul/19c684111f728194c931f234f4ba03d476d74846
=== RUN   FuzzBn256Mul/1a4efb77125f4e0bbd899a5b79f27b73bd7a85a3
=== RUN   FuzzBn256Mul/1a9d058760bc89ba07d6fee9ec80b1a9b4a8cf51
=== RUN   FuzzBn256Mul/1c0f08f77294168907fa47346b00d0a3422fd26f
=== RUN   FuzzBn256Mul/1cd98b0caa7c64921e29fcc48b1425a21a42a229
=== RUN   FuzzBn256Mul/1e8f03d80ab974e71a030e2ac5d46c092dc25c26
=== RUN   FuzzBn256Mul/1f12df21c5b3da9fc06333be7f87377ceb475495
=== RUN   FuzzBn256Mul/1f49d6f57eaeb1a856c72a523d2426da5af4a38a
=== RUN   FuzzBn256Mul/1fd2d2f6a1d4e49d0eb30b90c54677159bf6bcda
=== RUN   FuzzBn256Mul/20375eaf8f3ee4337135aff0d3c2d91ca5c4afa3
=== RUN   FuzzBn256Mul/251d2b370c1ef5567e70d6cf0376a7b53299b1e6
=== RUN   FuzzBn256Mul/25b18b81a29fa8802dd61816dd28a4bd6ffde8f0
=== RUN   FuzzBn256Mul/27692f833d9f03bfde01a25257d665cb57b2996e
=== RUN   FuzzBn256Mul/27f3b7ff66cbf02ef8387639645eca7673caefb1
=== RUN   FuzzBn256Mul/2813b9e03164cd2a523344decf640ff33da5a660
=== RUN   FuzzBn256Mul/28f1bfc956eca597fb1b57ece151dd313ddbf629
=== RUN   FuzzBn256Mul/2909c85b11139490f6e3ea701bdefe4434a0e5ce
=== RUN   FuzzBn256Mul/294cd737ac72c199c904acb72f70b31e820fcc9c
=== RUN   FuzzBn256Mul/29a89728dfba31e6ccae8841ea0d2d850d92eea9
=== RUN   FuzzBn256Mul/29d51ac52977aa20707f2c5d30ab3be7d09cf651
=== RUN   FuzzBn256Mul/2b840ff8d6ce933d4b504e425485395b45319a9d
=== RUN   FuzzBn256Mul/2c62761ec6bde6b22f1fe02046f7c9b3354f264d
=== RUN   FuzzBn256Mul/2d16fbd733628cb8b431e2076d98f8b282a7e294
=== RUN   FuzzBn256Mul/2d28e47f06969efcb81af94d4455639041f11141
=== RUN   FuzzBn256Mul/2da3921cb0cd0730b0617baf2435adbe103f6a21
=== RUN   FuzzBn256Mul/2f5892e93137c932f22ecb4836bd6242c7c9d2ad
=== RUN   FuzzBn256Mul/30c08691de3c4daefc3663264443c994d5a753ea
=== RUN   FuzzBn256Mul/32011f1590b864d027184a6085f639c898f6b599
=== RUN   FuzzBn256Mul/322b7e6e6148f8275ce1cff8ffeb5af48d02326f
=== RUN   FuzzBn256Mul/32c7b6681aa9c21c463fe8917399626478ea6e81
=== RUN   FuzzBn256Mul/355a2276f23fbf41056581fe084d671292702c50
=== RUN   FuzzBn256Mul/375c89a2526a93dd1415a695ce3a00733cd5a492
=== RUN   FuzzBn256Mul/38f0323bdbaa096ba0960e1bcb470f111f6d7707
=== RUN   FuzzBn256Mul/392d6dac0f93aaa24696fb6553d6929883dc072f
=== RUN   FuzzBn256Mul/39b270b36f6fc83f9138506a1ff7db3672b1f95b
=== RUN   FuzzBn256Mul/3ca9a07157e11308a3f5f2a42d25445f508cdf56
=== RUN   FuzzBn256Mul/3cdd6792a986947c6017ef96e8df051731478546
=== RUN   FuzzBn256Mul/3df24947780739f58f406261aa27ab2ff6945a41
=== RUN   FuzzBn256Mul/3e4e842f0bc45de2250d83555d1cb84d3837eafe
=== RUN   FuzzBn256Mul/3fc9df75b95a680e504d42bd71bcd26cf99c5207
=== RUN   FuzzBn256Mul/4261054417a6e07c0f2e0eb32e8de71f8dce09e4
=== RUN   FuzzBn256Mul/42643f6bbd7cd081c8b69e289ea5b637b060e73a
=== RUN   FuzzBn256Mul/4265d79473969c25de44a42a79d170167f77430c
=== RUN   FuzzBn256Mul/43dd671e20f6b5b6df0cb59abfecef6a7e05d669
=== RUN   FuzzBn256Mul/450d5f5801cffbb3a565d5f6e3b9c8c0e0d452ca
=== RUN   FuzzBn256Mul/4529d39e2c7e1bec492a2937a30c811f60e9e248
=== RUN   FuzzBn256Mul/4635cc0e7e4d0520ff3581c38d205cf61c2c3b79
=== RUN   FuzzBn256Mul/4674774701f47bbc3294cc56d022f97d3ad864ca
=== RUN   FuzzBn256Mul/472603f600ea4f2318f2aa3caf0f81b0939898be
=== RUN   FuzzBn256Mul/499d5856fd6e4bdb15c1cad4732e2b5d961ae69d
=== RUN   FuzzBn256Mul/4b74d925db4152b413ad2aa568f25bca5a243ec8
=== RUN   FuzzBn256Mul/4cb650afb98927e6650b18ef59f006a471086ca5
=== RUN   FuzzBn256Mul/4cca43cadd2e2687b72e50b9751c5f82b49548d1
=== RUN   FuzzBn256Mul/4d162514da2c5a3a1619b488b34142d75d14e05f
=== RUN   FuzzBn256Mul/4ded838a99656c71f0be3e8bb3a93e98a63ab31f
=== RUN   FuzzBn256Mul/4ecd5d8dbe310dc28799c8faec334fd32584b4d1
=== RUN   FuzzBn256Mul/500b443370fbd6d342e80e584f0f149da102bc9e
=== RUN   FuzzBn256Mul/504b640508a15b352570f53f57496d939a43bc91
=== RUN   FuzzBn256Mul/510cdf69e4427041bdd50127d1c9f4d1c0cd72ff
=== RUN   FuzzBn256Mul/533fb75347e1980d25e8c5118be3466504167c42
=== RUN   FuzzBn256Mul/536bcd8a2ba34def0a250dab4b5457b3bb43ec99
=== RUN   FuzzBn256Mul/540dd246f1997fa415794a8cef6967978c796267
=== RUN   FuzzBn256Mul/547aa3319342d96dc570f0cfcf9b35d7b8ad2aa4
=== RUN   FuzzBn256Mul/565698d085cb22e6f97fbeb80a0c0a17d9b420bc
=== RUN   FuzzBn256Mul/57b49f893ad6a8fbad4576bb42c4394e8c392174
=== RUN   FuzzBn256Mul/5a79f1ccb2ee393b6a149ed05b1654ab38620d7b
=== RUN   FuzzBn256Mul/5ae0d074dbb0b10f0e57c40f2d174099a5e8bebf
=== RUN   FuzzBn256Mul/5dec9b21e5d79f87ea11f22ee6bbb968af51be56
=== RUN   FuzzBn256Mul/5ebdda88b65fa98a2d11a061d0e2add05eafe4dd
=== RUN   FuzzBn256Mul/5ecb6d729e0a81f2e798820c165e5042d3d8fa86
=== RUN   FuzzBn256Mul/5f57324efc7dd1b117e93d6c58a4cb5f61e94a25
=== RUN   FuzzBn256Mul/60554e2871bc2a1c4f8cc09e5d09d0ed0bee9e33
=== RUN   FuzzBn256Mul/6123884c9df91ce572657774d6dd75113c3fe78b
=== RUN   FuzzBn256Mul/6191184ea2c2eb3cffd502835fc21dec0768dbc7
=== RUN   FuzzBn256Mul/61efb07f4046aeb0adf42fd37109edfe1cbe0f5d
=== RUN   FuzzBn256Mul/644a0fd1fd18ae4a66eb01a3159eaf69feb513f8
=== RUN   FuzzBn256Mul/656d8dd37e5e6bd54287b8d70ba3fa0efa195942
=== RUN   FuzzBn256Mul/66c1e08fe0bcbbcc099e9851c0ddbc105f934495
=== RUN   FuzzBn256Mul/67475a1a964fd21abe8982729cda9c2f5e1ad7be
=== RUN   FuzzBn256Mul/67c673845c23fa46975c6b4bb33688147d3b9acf
=== RUN   FuzzBn256Mul/68fa63c05c53d9a5ae69ed034574ad0cd4699953
=== RUN   FuzzBn256Mul/696e51b992f9d68d3ef835afeb5e630ca13cd4cf
=== RUN   FuzzBn256Mul/6b2c0c139f1473af4e4ccc15f9f3089c90e8c74b
=== RUN   FuzzBn256Mul/6b40628983c32c26cb5a49b44ed13894ec6ec1be
=== RUN   FuzzBn256Mul/6be67465a2ef223f22b5969a7dc60e232749376b
=== RUN   FuzzBn256Mul/6c62eb3bf055ac3be34d37c057317ed8a08f21ef
=== RUN   FuzzBn256Mul/6cd6b9b65a0a6a938093799f1cbcf031029112fa
=== RUN   FuzzBn256Mul/6f0699771fa24b1420ef3f22bbe5ad5af960d255
=== RUN   FuzzBn256Mul/70d238c97e991fab2a9b51cf7d50c0bbf0aaa3b8
=== RUN   FuzzBn256Mul/7366e141f47d494401362f42b793d3c903a85b2c
=== RUN   FuzzBn256Mul/7450b7f8f76c4df9da21b64422188d642de2fb8d
=== RUN   FuzzBn256Mul/75929e8436915f48d62c76db3afa400404b01e9e
=== RUN   FuzzBn256Mul/77a031d504fbfc4eec9a548016af9b0d2f452917
=== RUN   FuzzBn256Mul/79b0b60d2d24e5cefd33633a4d3be5247887c639
=== RUN   FuzzBn256Mul/7a6ed11c16fad302c12a101a6e4fb5bedb1112bd
=== RUN   FuzzBn256Mul/7ad03b9c2554f9c14d3d6b06a52e41cb47765257
=== RUN   FuzzBn256Mul/7b181b3045d41d5f2b6894521fb44b1e90527994
=== RUN   FuzzBn256Mul/7c1d29e80633b2c90e6301e01de476c49d0546fb
=== RUN   FuzzBn256Mul/7c90ce0de36397d933f4a14c1878811925f282f7
=== RUN   FuzzBn256Mul/7d1d4d8b78a28b001730f20e58d76cd63f5a5514
=== RUN   FuzzBn256Mul/7d35ae843f9d2537e0415d616fc5f466fe9cb1e9
=== RUN   FuzzBn256Mul/7d6758b46e31a5409c28b6202f041ddfdbd25986
=== RUN   FuzzBn256Mul/7dbd7c710918f7592aa7660c81d80c534d2d31f1
=== RUN   FuzzBn256Mul/7de743b28d2218308ac6d389ab75e61a2aeeee7a
=== RUN   FuzzBn256Mul/7f66c74c9e9dd4fdebdbd4bf2f6fe01f8de7ad41
=== RUN   FuzzBn256Mul/81c35e675c572db588a9a3c8e360424f844e0adc
=== RUN   FuzzBn256Mul/82b1852d49f6edec7c404de023040211a8db2910
=== RUN   FuzzBn256Mul/82f5924032ed564125e1473166db546d4d1a26db
=== RUN   FuzzBn256Mul/8463177663935e039ca4d16a5d306f0381efa0e4
=== RUN   FuzzBn256Mul/84b72695b64b7d1e11a7d73bcd71a1b8df37fe32
=== RUN   FuzzBn256Mul/84fb8319d1c6220b98faff00c65f219a191dee44
=== RUN   FuzzBn256Mul/8635e03057e37b554dc4a44e2535694241451f26
=== RUN   FuzzBn256Mul/865e3bcaadff3d8d01574e4d3511796c28f2fb51
=== RUN   FuzzBn256Mul/86b725422313581d1d11188de70ee4f969b03c23
=== RUN   FuzzBn256Mul/870e5ca4f85cd8423072347eb737526f966c7274
=== RUN   FuzzBn256Mul/89716606ba602aa86a286254a0b4635584c30390
=== RUN   FuzzBn256Mul/899266e88f7e4268bec1cf857bdc7b5f5d61a495
=== RUN   FuzzBn256Mul/8aba2802cc4ea45bf8122a58cac02d12668e1e60
=== RUN   FuzzBn256Mul/8b028260a42f3bb17136e5813db6cbe65b391de4
=== RUN   FuzzBn256Mul/8bc0ef2a5e95b646051e872fec205a6ec5ef51bc
=== RUN   FuzzBn256Mul/8dfe6a4969f6a4a471676362b583975e7e669c7b
=== RUN   FuzzBn256Mul/8e445e2b5d732c74ae17ea6473a42b485fde55af
=== RUN   FuzzBn256Mul/8e6cfc2dbc9decd1cbdb45f9506b97434e6fee1c
=== RUN   FuzzBn256Mul/903b1922beab0ab7dfb9932b50ff40b4a00af41a
=== RUN   FuzzBn256Mul/903b34084805ffbcc4ea46e53c5e40d2beaa8706
=== RUN   FuzzBn256Mul/944f255379561e41bb9d116b9fb66ae4e06026e1
=== RUN   FuzzBn256Mul/95f8e20bccd39d4891a3f92dc09eb3e8f85b47c7
=== RUN   FuzzBn256Mul/98cb37e54e722a11c1374c795938049020c1dd49
=== RUN   FuzzBn256Mul/9ad6adfdc45ee2ec4b4aac20a1be60b0cd7c614d
=== RUN   FuzzBn256Mul/9cf2a71ae9f81ec326622897261275b5ccab8171
=== RUN   FuzzBn256Mul/9d43c2fe0a6497dbe5956b50217f059257948ff5
=== RUN   FuzzBn256Mul/9d97c4143a3277e487211ae41f5f232d123e24ab
=== RUN   FuzzBn256Mul/9e40d7eb0b0a7a08f12ecf5343bcabdbc4ad45bb
=== RUN   FuzzBn256Mul/9f533029b370345c753288d8055ddf25c5702ed5
=== RUN   FuzzBn256Mul/a06a39fd177d53e7fdb5bb8fbe5aab860f6d3274
=== RUN   FuzzBn256Mul/a099c58767ec4ba0571ec274fa6ee04d420d4f11
=== RUN   FuzzBn256Mul/a227f24de60212642de734fe3f0cfffd1c874061
=== RUN   FuzzBn256Mul/a254afb23a11fc1d352e21dbbe28183558ea63d9
=== RUN   FuzzBn256Mul/a27f674905b1508828f589017dafb9901dbe0923
=== RUN   FuzzBn256Mul/a2e5c8cff2e79a1fa6110bf19037f5ef765861be
=== RUN   FuzzBn256Mul/a3013393bad3cf8c821b84784fb72a601c1bea8d
=== RUN   FuzzBn256Mul/a3dce9e170e33fb32bbabd4345d17391ec9ad00c
=== RUN   FuzzBn256Mul/a9ee61fb964068343d2357ae6a39546fbf46bd3b
=== RUN   FuzzBn256Mul/aa823a7d4564c605e714cb938015cbec238687a2
=== RUN   FuzzBn256Mul/aa93c056bfdd63615f49c41a37b5c50987710a1e
=== RUN   FuzzBn256Mul/ab8800b214ec0de9b7e63565061d41beea04d2c6
=== RUN   FuzzBn256Mul/ab9dce7e65dd78d33955d8610b0fe8c23d743d54
=== RUN   FuzzBn256Mul/abc0af90350e3a3ad0548c5d7c1527b628fd6101
=== RUN   FuzzBn256Mul/ad1b61d22a9e613edfdefac32eff1b278d496cb6
=== RUN   FuzzBn256Mul/adc83b19e793491b1c6ea0fd8b46cd9f32e592fc
=== RUN   FuzzBn256Mul/adf9191cea0072af87d6be3cb4c52e4f19447e3a
=== RUN   FuzzBn256Mul/af9869aa6c24fffb890fb40ddba6ab81d7e8e1ea
=== RUN   FuzzBn256Mul/b244178ba10a0f25cb1a0c222a742f5b73eaa330
=== RUN   FuzzBn256Mul/b2469a225f31e43eb91acaa9ad0a04b612588d2a
=== RUN   FuzzBn256Mul/b2e5558f24c76f2906744e3e81ac3d53cce1f8e0
=== RUN   FuzzBn256Mul/b749e401ab2d36275b86254ad51a39bd3a9fcf45
=== RUN   FuzzBn256Mul/ba125dc8fe678dbdc6bc730f0c6fb8c8b8dc709a
=== RUN   FuzzBn256Mul/ba1652b7200618b51edcd43ea8626e7093830186
=== RUN   FuzzBn256Mul/ba21fd2e31e4ab825039efc2624b8b3d89a64c34
=== RUN   FuzzBn256Mul/baf301ad72fbff1de10d107e8757d68b5f30f691
=== RUN   FuzzBn256Mul/bccba9abe9e69a0726d3f73b8438ec956fd0d0c7
=== RUN   FuzzBn256Mul/bce6c92dce9287596f863086a64162b211f7df5d
=== RUN   FuzzBn256Mul/bd5fb7c0a913bf177523b4b3946df99e4531dfb2
=== RUN   FuzzBn256Mul/c02c6edc9516d57d715086d07e46aa4b1c1a7cda
=== RUN   FuzzBn256Mul/c0e5b61f9652d682a68e30fe89f3dcabceecceb3
=== RUN   FuzzBn256Mul/c27cc2f83da6684765081138a5e7d3ef85e8e95e
=== RUN   FuzzBn256Mul/c293bda851adfa02a7dfa11b827475d08b7ed62d
=== RUN   FuzzBn256Mul/c319e6910a325c0e5868bf4c21159839f5e6fa31
=== RUN   FuzzBn256Mul/c34f837b48cbcdbcadecc89cb426e24bd7d361e6
=== RUN   FuzzBn256Mul/c538dbde80ff28928742100caeab10da04324ad5
=== RUN   FuzzBn256Mul/c68ca1aec020a5c6dcedd5ca7d893ac3f131315f
=== RUN   FuzzBn256Mul/c7a0dcdfd09fea3152f14b35b8f236f127de7ae1
=== RUN   FuzzBn256Mul/c7b96411020f38c1b54e88899cdde447fb863fec
=== RUN   FuzzBn256Mul/c7deede6514997bce7f45cd5e78aabced0d81f75
=== RUN   FuzzBn256Mul/c839b08b246c9d1b44a6a76e9dc1a5551b4f2296
=== RUN   FuzzBn256Mul/c978b6d3099049cfda78bb083646bbac9e4e9336
=== RUN   FuzzBn256Mul/ca09c8aea2d7ba121ceb1c0d550a7cd6ff77b13c
=== RUN   FuzzBn256Mul/cb88472474115c4d6e528a925f5b80b8c457723b
=== RUN   FuzzBn256Mul/cb94a0a7a9ad0a3bcf680ffb0fcaaec64a511078
=== RUN   FuzzBn256Mul/ce6d6edec703bcaa6eb7d4d08c34704ad1bfdf3f
=== RUN   FuzzBn256Mul/d0c04f7f19922f2f32a215d61ee904c014c7bb4f
=== RUN   FuzzBn256Mul/d44c28dc5c32e58ff41c2eb1f4db6d2b4d3c94ca
=== RUN   FuzzBn256Mul/d8124fc7a766a4767f236b80bb11d342bd02b99c
=== RUN   FuzzBn256Mul/d83b56d79f0bb354ee02942d7595d1184156e103
=== RUN   FuzzBn256Mul/daadab789106c60602d542d806817d018207e521
=== RUN   FuzzBn256Mul/dd5575da350a5f145dd6f4f62c71c40f7f1f1cb5
=== RUN   FuzzBn256Mul/de12a6ffbe4a8ddcd0cc477835636c37fe8bb7ef
=== RUN   FuzzBn256Mul/de219e4fbbaac328e15232eb76078fb24c8fac28
=== RUN   FuzzBn256Mul/dfd89047506cc6706b54ce917f2851f5d5385186
=== RUN   FuzzBn256Mul/e088bb604ba844ed5c33f8422d682473c6c67a9c
=== RUN   FuzzBn256Mul/e143001667b205f4be484c63bbacdd7fd80921ac
=== RUN   FuzzBn256Mul/e2841b5cfda0e83b3549faefbf6e19fa259dd011
=== RUN   FuzzBn256Mul/e2dcb5e59971161c851060f0bd41529609bd25f8
=== RUN   FuzzBn256Mul/e501eedb0a57d562380071d988e8f247b59b1afe
=== RUN   FuzzBn256Mul/e5262dab3e5a015c819aee9542ce0e4e25c4b3ad
=== RUN   FuzzBn256Mul/e5f50a9b42f744e87cdee79bedebf9bff56870fb
=== RUN   FuzzBn256Mul/e6a0fdb319922041020823a413e7695654242736
=== RUN   FuzzBn256Mul/e7fdf11fcf15b763f627e921ceaf3458bfc57151
=== RUN   FuzzBn256Mul/e8a06c3baf3e5070e9d4e90f8bcb2c1616cb23f3
=== RUN   FuzzBn256Mul/eb2da0b08ef517e82de5eb92a6d3de4a4b5008ab
=== RUN   FuzzBn256Mul/eb3529818dda1be883383839b053ef17768535e9
=== RUN   FuzzBn256Mul/eb65667de5e78eb32720c4e43fb68b98ff367384
=== RUN   FuzzBn256Mul/ec696cd071a6d97535fce3940fc3cb2bf9dbaa2b
=== RUN   FuzzBn256Mul/ed29bd143484c4e529d76b0a11b3b069430c0122
=== RUN   FuzzBn256Mul/ed40a5d2d73d42c1e2e1d5a2525b709a0f754938
=== RUN   FuzzBn256Mul/f0fa0f11c98b45e71a9dbd21db2004d9dae7e37a
=== RUN   FuzzBn256Mul/f177ea1ac73da0189851512fcb07aa5cf1448287
=== RUN   FuzzBn256Mul/f1cd13b9889f5f45e1f4e82ef17a1c3dd2ba0b5e
=== RUN   FuzzBn256Mul/f34fa414613c41468857c6f856f42bb08c6f7fb0
=== RUN   FuzzBn256Mul/f371449e3d7d655c19c065d66ab840bf35849047
=== RUN   FuzzBn256Mul/f46aba5143f7d89298de3d1ce5b67163899918f3
=== RUN   FuzzBn256Mul/f4730fd2ed6a4bbbb4ae2f9aee64b9d06442b5c2
=== RUN   FuzzBn256Mul/f4978fb41bfecfbcb66ec5204b58712e6d7c5258
=== RUN   FuzzBn256Mul/f4b517cfeb60c2c2508ddb47d47584f723689359
=== RUN   FuzzBn256Mul/f592918facb8c53845bd46a1109a60649193b8e4
=== RUN   FuzzBn256Mul/f847b8e97132ab8c9a86dfb9d03bf9dc8a7de0bb
=== RUN   FuzzBn256Mul/f8c0459d6d2863ed57c0263f924a9afe2700d141
=== RUN   FuzzBn256Mul/f9cea122a24a016af0b7ce7266f977a8c7ebaf1c
=== RUN   FuzzBn256Mul/fb2ce230e49dc844636a33282679861d90b3dd70
=== RUN   FuzzBn256Mul/fd304bbc68e6aade0a7abc68d8339e40bdd0569e
=== RUN   FuzzBn256Mul/fd340a13cb5adecfe967b4e1bdf1594a589cebee
=== RUN   FuzzBn256Mul/fd66b0b79da95fdc0bf0fa41c0315d78159e2fa7
=== RUN   FuzzBn256Mul/fe2f998bcfd151f16c41a0d2146e69c387275196
=== RUN   FuzzBn256Mul/ff18fd93d56a4d9ee2652cb6a050537be584f8f5
=== RUN   FuzzBn256Mul/ff64e90fe39ad1736e1d065308386df3b45925ac
--- PASS: FuzzBn256Mul (0.35s)
    --- PASS: FuzzBn256Mul/01decbc3ddc911ed89327aab1fdf3d991a87f291 (0.00s)
    --- PASS: FuzzBn256Mul/027a817abad09b8a3711e4a326689bc6055ef807 (0.00s)
    --- PASS: FuzzBn256Mul/04bfda3124a01310462a7aa16630d07c83727ce8 (0.00s)
    --- PASS: FuzzBn256Mul/05d7549a10805f49229a1a75634f5838b47ba1ac (0.00s)
    --- PASS: FuzzBn256Mul/05f395f04ff46dfae501af06e640e16107fd0d4f (0.00s)
    --- PASS: FuzzBn256Mul/06608fa99c783b4a164319b2c10856297941d6a4 (0.00s)
    --- PASS: FuzzBn256Mul/07388214a6537956d3aee34b87f359263781c7e9 (0.00s)
    --- PASS: FuzzBn256Mul/075a132adc0bf2b82a3de7a87f67e3e9adbc02c9 (0.00s)
    --- PASS: FuzzBn256Mul/082623e59461e611e689a079adaaa4a9e9f4e9a1 (0.00s)
    --- PASS: FuzzBn256Mul/0831ce99f1931b5747340dcbba4b6136865c770e (0.00s)
    --- PASS: FuzzBn256Mul/0a7894d40ca4cfe56107a71a399660ba177114a9 (0.00s)
    --- PASS: FuzzBn256Mul/0d19f00e74a9ed8496673ca71bc1fd13507989af (0.00s)
    --- PASS: FuzzBn256Mul/0d7b221d1c25964b5ec445e7a1e9aa7dfaeb1a3d (0.00s)
    --- PASS: FuzzBn256Mul/0daad51e4810d3f906969fb1ef47e59abeaaf201 (0.00s)
    --- PASS: FuzzBn256Mul/0e87ae6f918585936b008c512e553f2f8a38e13b (0.00s)
    --- PASS: FuzzBn256Mul/0f179f8ebf9f2e8db05d1b160f8fcb086fbbe92a (0.00s)
    --- PASS: FuzzBn256Mul/0f2aead6c61400793b12a3b15edb42bd5828389a (0.00s)
    --- PASS: FuzzBn256Mul/0f31923e40fb49d87b600ec739c280a0f2f0c1ed (0.00s)
    --- PASS: FuzzBn256Mul/0f79f0b2362de41c5d2bc4288c79b6f7ff7cb57b (0.00s)
    --- PASS: FuzzBn256Mul/0f970cfc8ff07023d2b24c676804d753dfc8bd46 (0.00s)
    --- PASS: FuzzBn256Mul/0fc09aec5473c08fc6de0b82508b0acb044feaaf (0.00s)
    --- PASS: FuzzBn256Mul/0fd33cb2eb06053f8b700a093276e3ddcf6f476b (0.00s)
    --- PASS: FuzzBn256Mul/105a79a425fe76a3fa43ecec0206337f66995c9b (0.00s)
    --- PASS: FuzzBn256Mul/10db8de5c652edaab15681a5b84d2c9e677fb48a (0.00s)
    --- PASS: FuzzBn256Mul/1360db1e71a8973dfeb18cd1a19ab19a571c6d9b (0.00s)
    --- PASS: FuzzBn256Mul/179f73a60f199c2803dfe20ae7f57472c942172b (0.00s)
    --- PASS: FuzzBn256Mul/197891f1cc2f1d6ee04d08eaf9557a21e107fc6f (0.00s)
    --- PASS: FuzzBn256Mul/19b99d92f7e9a516b835acb0fda5f32facd15957 (0.00s)
    --- PASS: FuzzBn256Mul/19c684111f728194c931f234f4ba03d476d74846 (0.00s)
    --- PASS: FuzzBn256Mul/1a4efb77125f4e0bbd899a5b79f27b73bd7a85a3 (0.00s)
    --- PASS: FuzzBn256Mul/1a9d058760bc89ba07d6fee9ec80b1a9b4a8cf51 (0.00s)
    --- PASS: FuzzBn256Mul/1c0f08f77294168907fa47346b00d0a3422fd26f (0.00s)
    --- PASS: FuzzBn256Mul/1cd98b0caa7c64921e29fcc48b1425a21a42a229 (0.00s)
    --- PASS: FuzzBn256Mul/1e8f03d80ab974e71a030e2ac5d46c092dc25c26 (0.00s)
    --- PASS: FuzzBn256Mul/1f12df21c5b3da9fc06333be7f87377ceb475495 (0.00s)
    --- PASS: FuzzBn256Mul/1f49d6f57eaeb1a856c72a523d2426da5af4a38a (0.00s)
    --- PASS: FuzzBn256Mul/1fd2d2f6a1d4e49d0eb30b90c54677159bf6bcda (0.00s)
    --- PASS: FuzzBn256Mul/20375eaf8f3ee4337135aff0d3c2d91ca5c4afa3 (0.00s)
    --- PASS: FuzzBn256Mul/251d2b370c1ef5567e70d6cf0376a7b53299b1e6 (0.00s)
    --- PASS: FuzzBn256Mul/25b18b81a29fa8802dd61816dd28a4bd6ffde8f0 (0.00s)
    --- PASS: FuzzBn256Mul/27692f833d9f03bfde01a25257d665cb57b2996e (0.00s)
    --- PASS: FuzzBn256Mul/27f3b7ff66cbf02ef8387639645eca7673caefb1 (0.01s)
    --- PASS: FuzzBn256Mul/2813b9e03164cd2a523344decf640ff33da5a660 (0.00s)
    --- PASS: FuzzBn256Mul/28f1bfc956eca597fb1b57ece151dd313ddbf629 (0.00s)
    --- PASS: FuzzBn256Mul/2909c85b11139490f6e3ea701bdefe4434a0e5ce (0.00s)
    --- PASS: FuzzBn256Mul/294cd737ac72c199c904acb72f70b31e820fcc9c (0.00s)
    --- PASS: FuzzBn256Mul/29a89728dfba31e6ccae8841ea0d2d850d92eea9 (0.00s)
    --- PASS: FuzzBn256Mul/29d51ac52977aa20707f2c5d30ab3be7d09cf651 (0.00s)
    --- PASS: FuzzBn256Mul/2b840ff8d6ce933d4b504e425485395b45319a9d (0.00s)
    --- PASS: FuzzBn256Mul/2c62761ec6bde6b22f1fe02046f7c9b3354f264d (0.00s)
    --- PASS: FuzzBn256Mul/2d16fbd733628cb8b431e2076d98f8b282a7e294 (0.00s)
    --- PASS: FuzzBn256Mul/2d28e47f06969efcb81af94d4455639041f11141 (0.00s)
    --- PASS: FuzzBn256Mul/2da3921cb0cd0730b0617baf2435adbe103f6a21 (0.00s)
    --- PASS: FuzzBn256Mul/2f5892e93137c932f22ecb4836bd6242c7c9d2ad (0.00s)
    --- PASS: FuzzBn256Mul/30c08691de3c4daefc3663264443c994d5a753ea (0.00s)
    --- PASS: FuzzBn256Mul/32011f1590b864d027184a6085f639c898f6b599 (0.00s)
    --- PASS: FuzzBn256Mul/322b7e6e6148f8275ce1cff8ffeb5af48d02326f (0.00s)
    --- PASS: FuzzBn256Mul/32c7b6681aa9c21c463fe8917399626478ea6e81 (0.00s)
    --- PASS: FuzzBn256Mul/355a2276f23fbf41056581fe084d671292702c50 (0.00s)
    --- PASS: FuzzBn256Mul/375c89a2526a93dd1415a695ce3a00733cd5a492 (0.00s)
    --- PASS: FuzzBn256Mul/38f0323bdbaa096ba0960e1bcb470f111f6d7707 (0.00s)
    --- PASS: FuzzBn256Mul/392d6dac0f93aaa24696fb6553d6929883dc072f (0.00s)
    --- PASS: FuzzBn256Mul/39b270b36f6fc83f9138506a1ff7db3672b1f95b (0.00s)
    --- PASS: FuzzBn256Mul/3ca9a07157e11308a3f5f2a42d25445f508cdf56 (0.00s)
    --- PASS: FuzzBn256Mul/3cdd6792a986947c6017ef96e8df051731478546 (0.00s)
    --- PASS: FuzzBn256Mul/3df24947780739f58f406261aa27ab2ff6945a41 (0.00s)
    --- PASS: FuzzBn256Mul/3e4e842f0bc45de2250d83555d1cb84d3837eafe (0.00s)
    --- PASS: FuzzBn256Mul/3fc9df75b95a680e504d42bd71bcd26cf99c5207 (0.00s)
    --- PASS: FuzzBn256Mul/4261054417a6e07c0f2e0eb32e8de71f8dce09e4 (0.00s)
    --- PASS: FuzzBn256Mul/42643f6bbd7cd081c8b69e289ea5b637b060e73a (0.01s)
    --- PASS: FuzzBn256Mul/4265d79473969c25de44a42a79d170167f77430c (0.00s)
    --- PASS: FuzzBn256Mul/43dd671e20f6b5b6df0cb59abfecef6a7e05d669 (0.00s)
    --- PASS: FuzzBn256Mul/450d5f5801cffbb3a565d5f6e3b9c8c0e0d452ca (0.00s)
    --- PASS: FuzzBn256Mul/4529d39e2c7e1bec492a2937a30c811f60e9e248 (0.00s)
    --- PASS: FuzzBn256Mul/4635cc0e7e4d0520ff3581c38d205cf61c2c3b79 (0.00s)
    --- PASS: FuzzBn256Mul/4674774701f47bbc3294cc56d022f97d3ad864ca (0.00s)
    --- PASS: FuzzBn256Mul/472603f600ea4f2318f2aa3caf0f81b0939898be (0.00s)
    --- PASS: FuzzBn256Mul/499d5856fd6e4bdb15c1cad4732e2b5d961ae69d (0.00s)
    --- PASS: FuzzBn256Mul/4b74d925db4152b413ad2aa568f25bca5a243ec8 (0.00s)
    --- PASS: FuzzBn256Mul/4cb650afb98927e6650b18ef59f006a471086ca5 (0.00s)
    --- PASS: FuzzBn256Mul/4cca43cadd2e2687b72e50b9751c5f82b49548d1 (0.00s)
    --- PASS: FuzzBn256Mul/4d162514da2c5a3a1619b488b34142d75d14e05f (0.00s)
    --- PASS: FuzzBn256Mul/4ded838a99656c71f0be3e8bb3a93e98a63ab31f (0.00s)
    --- PASS: FuzzBn256Mul/4ecd5d8dbe310dc28799c8faec334fd32584b4d1 (0.00s)
    --- PASS: FuzzBn256Mul/500b443370fbd6d342e80e584f0f149da102bc9e (0.01s)
    --- PASS: FuzzBn256Mul/504b640508a15b352570f53f57496d939a43bc91 (0.00s)
    --- PASS: FuzzBn256Mul/510cdf69e4427041bdd50127d1c9f4d1c0cd72ff (0.00s)
    --- PASS: FuzzBn256Mul/533fb75347e1980d25e8c5118be3466504167c42 (0.01s)
    --- PASS: FuzzBn256Mul/536bcd8a2ba34def0a250dab4b5457b3bb43ec99 (0.00s)
    --- PASS: FuzzBn256Mul/540dd246f1997fa415794a8cef6967978c796267 (0.00s)
    --- PASS: FuzzBn256Mul/547aa3319342d96dc570f0cfcf9b35d7b8ad2aa4 (0.00s)
    --- PASS: FuzzBn256Mul/565698d085cb22e6f97fbeb80a0c0a17d9b420bc (0.00s)
    --- PASS: FuzzBn256Mul/57b49f893ad6a8fbad4576bb42c4394e8c392174 (0.00s)
    --- PASS: FuzzBn256Mul/5a79f1ccb2ee393b6a149ed05b1654ab38620d7b (0.00s)
    --- PASS: FuzzBn256Mul/5ae0d074dbb0b10f0e57c40f2d174099a5e8bebf (0.00s)
    --- PASS: FuzzBn256Mul/5dec9b21e5d79f87ea11f22ee6bbb968af51be56 (0.01s)
    --- PASS: FuzzBn256Mul/5ebdda88b65fa98a2d11a061d0e2add05eafe4dd (0.00s)
    --- PASS: FuzzBn256Mul/5ecb6d729e0a81f2e798820c165e5042d3d8fa86 (0.00s)
    --- PASS: FuzzBn256Mul/5f57324efc7dd1b117e93d6c58a4cb5f61e94a25 (0.00s)
    --- PASS: FuzzBn256Mul/60554e2871bc2a1c4f8cc09e5d09d0ed0bee9e33 (0.00s)
    --- PASS: FuzzBn256Mul/6123884c9df91ce572657774d6dd75113c3fe78b (0.00s)
    --- PASS: FuzzBn256Mul/6191184ea2c2eb3cffd502835fc21dec0768dbc7 (0.00s)
    --- PASS: FuzzBn256Mul/61efb07f4046aeb0adf42fd37109edfe1cbe0f5d (0.00s)
    --- PASS: FuzzBn256Mul/644a0fd1fd18ae4a66eb01a3159eaf69feb513f8 (0.00s)
    --- PASS: FuzzBn256Mul/656d8dd37e5e6bd54287b8d70ba3fa0efa195942 (0.00s)
    --- PASS: FuzzBn256Mul/66c1e08fe0bcbbcc099e9851c0ddbc105f934495 (0.00s)
    --- PASS: FuzzBn256Mul/67475a1a964fd21abe8982729cda9c2f5e1ad7be (0.00s)
    --- PASS: FuzzBn256Mul/67c673845c23fa46975c6b4bb33688147d3b9acf (0.00s)
    --- PASS: FuzzBn256Mul/68fa63c05c53d9a5ae69ed034574ad0cd4699953 (0.00s)
    --- PASS: FuzzBn256Mul/696e51b992f9d68d3ef835afeb5e630ca13cd4cf (0.00s)
    --- PASS: FuzzBn256Mul/6b2c0c139f1473af4e4ccc15f9f3089c90e8c74b (0.00s)
    --- PASS: FuzzBn256Mul/6b40628983c32c26cb5a49b44ed13894ec6ec1be (0.00s)
    --- PASS: FuzzBn256Mul/6be67465a2ef223f22b5969a7dc60e232749376b (0.00s)
    --- PASS: FuzzBn256Mul/6c62eb3bf055ac3be34d37c057317ed8a08f21ef (0.00s)
    --- PASS: FuzzBn256Mul/6cd6b9b65a0a6a938093799f1cbcf031029112fa (0.00s)
    --- PASS: FuzzBn256Mul/6f0699771fa24b1420ef3f22bbe5ad5af960d255 (0.00s)
    --- PASS: FuzzBn256Mul/70d238c97e991fab2a9b51cf7d50c0bbf0aaa3b8 (0.00s)
    --- PASS: FuzzBn256Mul/7366e141f47d494401362f42b793d3c903a85b2c (0.00s)
    --- PASS: FuzzBn256Mul/7450b7f8f76c4df9da21b64422188d642de2fb8d (0.00s)
    --- PASS: FuzzBn256Mul/75929e8436915f48d62c76db3afa400404b01e9e (0.00s)
    --- PASS: FuzzBn256Mul/77a031d504fbfc4eec9a548016af9b0d2f452917 (0.00s)
    --- PASS: FuzzBn256Mul/79b0b60d2d24e5cefd33633a4d3be5247887c639 (0.00s)
    --- PASS: FuzzBn256Mul/7a6ed11c16fad302c12a101a6e4fb5bedb1112bd (0.00s)
    --- PASS: FuzzBn256Mul/7ad03b9c2554f9c14d3d6b06a52e41cb47765257 (0.00s)
    --- PASS: FuzzBn256Mul/7b181b3045d41d5f2b6894521fb44b1e90527994 (0.00s)
    --- PASS: FuzzBn256Mul/7c1d29e80633b2c90e6301e01de476c49d0546fb (0.00s)
    --- PASS: FuzzBn256Mul/7c90ce0de36397d933f4a14c1878811925f282f7 (0.00s)
    --- PASS: FuzzBn256Mul/7d1d4d8b78a28b001730f20e58d76cd63f5a5514 (0.00s)
    --- PASS: FuzzBn256Mul/7d35ae843f9d2537e0415d616fc5f466fe9cb1e9 (0.00s)
    --- PASS: FuzzBn256Mul/7d6758b46e31a5409c28b6202f041ddfdbd25986 (0.00s)
    --- PASS: FuzzBn256Mul/7dbd7c710918f7592aa7660c81d80c534d2d31f1 (0.00s)
    --- PASS: FuzzBn256Mul/7de743b28d2218308ac6d389ab75e61a2aeeee7a (0.00s)
    --- PASS: FuzzBn256Mul/7f66c74c9e9dd4fdebdbd4bf2f6fe01f8de7ad41 (0.00s)
    --- PASS: FuzzBn256Mul/81c35e675c572db588a9a3c8e360424f844e0adc (0.00s)
    --- PASS: FuzzBn256Mul/82b1852d49f6edec7c404de023040211a8db2910 (0.00s)
    --- PASS: FuzzBn256Mul/82f5924032ed564125e1473166db546d4d1a26db (0.00s)
    --- PASS: FuzzBn256Mul/8463177663935e039ca4d16a5d306f0381efa0e4 (0.00s)
    --- PASS: FuzzBn256Mul/84b72695b64b7d1e11a7d73bcd71a1b8df37fe32 (0.00s)
    --- PASS: FuzzBn256Mul/84fb8319d1c6220b98faff00c65f219a191dee44 (0.00s)
    --- PASS: FuzzBn256Mul/8635e03057e37b554dc4a44e2535694241451f26 (0.00s)
    --- PASS: FuzzBn256Mul/865e3bcaadff3d8d01574e4d3511796c28f2fb51 (0.00s)
    --- PASS: FuzzBn256Mul/86b725422313581d1d11188de70ee4f969b03c23 (0.00s)
    --- PASS: FuzzBn256Mul/870e5ca4f85cd8423072347eb737526f966c7274 (0.00s)
    --- PASS: FuzzBn256Mul/89716606ba602aa86a286254a0b4635584c30390 (0.00s)
    --- PASS: FuzzBn256Mul/899266e88f7e4268bec1cf857bdc7b5f5d61a495 (0.00s)
    --- PASS: FuzzBn256Mul/8aba2802cc4ea45bf8122a58cac02d12668e1e60 (0.00s)
    --- PASS: FuzzBn256Mul/8b028260a42f3bb17136e5813db6cbe65b391de4 (0.00s)
    --- PASS: FuzzBn256Mul/8bc0ef2a5e95b646051e872fec205a6ec5ef51bc (0.00s)
    --- PASS: FuzzBn256Mul/8dfe6a4969f6a4a471676362b583975e7e669c7b (0.00s)
    --- PASS: FuzzBn256Mul/8e445e2b5d732c74ae17ea6473a42b485fde55af (0.00s)
    --- PASS: FuzzBn256Mul/8e6cfc2dbc9decd1cbdb45f9506b97434e6fee1c (0.00s)
    --- PASS: FuzzBn256Mul/903b1922beab0ab7dfb9932b50ff40b4a00af41a (0.00s)
    --- PASS: FuzzBn256Mul/903b34084805ffbcc4ea46e53c5e40d2beaa8706 (0.00s)
    --- PASS: FuzzBn256Mul/944f255379561e41bb9d116b9fb66ae4e06026e1 (0.00s)
    --- PASS: FuzzBn256Mul/95f8e20bccd39d4891a3f92dc09eb3e8f85b47c7 (0.00s)
    --- PASS: FuzzBn256Mul/98cb37e54e722a11c1374c795938049020c1dd49 (0.00s)
    --- PASS: FuzzBn256Mul/9ad6adfdc45ee2ec4b4aac20a1be60b0cd7c614d (0.00s)
    --- PASS: FuzzBn256Mul/9cf2a71ae9f81ec326622897261275b5ccab8171 (0.00s)
    --- PASS: FuzzBn256Mul/9d43c2fe0a6497dbe5956b50217f059257948ff5 (0.00s)
    --- PASS: FuzzBn256Mul/9d97c4143a3277e487211ae41f5f232d123e24ab (0.00s)
    --- PASS: FuzzBn256Mul/9e40d7eb0b0a7a08f12ecf5343bcabdbc4ad45bb (0.00s)
    --- PASS: FuzzBn256Mul/9f533029b370345c753288d8055ddf25c5702ed5 (0.00s)
    --- PASS: FuzzBn256Mul/a06a39fd177d53e7fdb5bb8fbe5aab860f6d3274 (0.00s)
    --- PASS: FuzzBn256Mul/a099c58767ec4ba0571ec274fa6ee04d420d4f11 (0.00s)
    --- PASS: FuzzBn256Mul/a227f24de60212642de734fe3f0cfffd1c874061 (0.00s)
    --- PASS: FuzzBn256Mul/a254afb23a11fc1d352e21dbbe28183558ea63d9 (0.00s)
    --- PASS: FuzzBn256Mul/a27f674905b1508828f589017dafb9901dbe0923 (0.00s)
    --- PASS: FuzzBn256Mul/a2e5c8cff2e79a1fa6110bf19037f5ef765861be (0.00s)
    --- PASS: FuzzBn256Mul/a3013393bad3cf8c821b84784fb72a601c1bea8d (0.00s)
    --- PASS: FuzzBn256Mul/a3dce9e170e33fb32bbabd4345d17391ec9ad00c (0.01s)
    --- PASS: FuzzBn256Mul/a9ee61fb964068343d2357ae6a39546fbf46bd3b (0.00s)
    --- PASS: FuzzBn256Mul/aa823a7d4564c605e714cb938015cbec238687a2 (0.00s)
    --- PASS: FuzzBn256Mul/aa93c056bfdd63615f49c41a37b5c50987710a1e (0.00s)
    --- PASS: FuzzBn256Mul/ab8800b214ec0de9b7e63565061d41beea04d2c6 (0.00s)
    --- PASS: FuzzBn256Mul/ab9dce7e65dd78d33955d8610b0fe8c23d743d54 (0.00s)
    --- PASS: FuzzBn256Mul/abc0af90350e3a3ad0548c5d7c1527b628fd6101 (0.00s)
    --- PASS: FuzzBn256Mul/ad1b61d22a9e613edfdefac32eff1b278d496cb6 (0.00s)
    --- PASS: FuzzBn256Mul/adc83b19e793491b1c6ea0fd8b46cd9f32e592fc (0.00s)
    --- PASS: FuzzBn256Mul/adf9191cea0072af87d6be3cb4c52e4f19447e3a (0.00s)
    --- PASS: FuzzBn256Mul/af9869aa6c24fffb890fb40ddba6ab81d7e8e1ea (0.00s)
    --- PASS: FuzzBn256Mul/b244178ba10a0f25cb1a0c222a742f5b73eaa330 (0.00s)
    --- PASS: FuzzBn256Mul/b2469a225f31e43eb91acaa9ad0a04b612588d2a (0.00s)
    --- PASS: FuzzBn256Mul/b2e5558f24c76f2906744e3e81ac3d53cce1f8e0 (0.00s)
    --- PASS: FuzzBn256Mul/b749e401ab2d36275b86254ad51a39bd3a9fcf45 (0.00s)
    --- PASS: FuzzBn256Mul/ba125dc8fe678dbdc6bc730f0c6fb8c8b8dc709a (0.00s)
    --- PASS: FuzzBn256Mul/ba1652b7200618b51edcd43ea8626e7093830186 (0.00s)
    --- PASS: FuzzBn256Mul/ba21fd2e31e4ab825039efc2624b8b3d89a64c34 (0.00s)
    --- PASS: FuzzBn256Mul/baf301ad72fbff1de10d107e8757d68b5f30f691 (0.00s)
    --- PASS: FuzzBn256Mul/bccba9abe9e69a0726d3f73b8438ec956fd0d0c7 (0.00s)
    --- PASS: FuzzBn256Mul/bce6c92dce9287596f863086a64162b211f7df5d (0.00s)
    --- PASS: FuzzBn256Mul/bd5fb7c0a913bf177523b4b3946df99e4531dfb2 (0.00s)
    --- PASS: FuzzBn256Mul/c02c6edc9516d57d715086d07e46aa4b1c1a7cda (0.00s)
    --- PASS: FuzzBn256Mul/c0e5b61f9652d682a68e30fe89f3dcabceecceb3 (0.00s)
    --- PASS: FuzzBn256Mul/c27cc2f83da6684765081138a5e7d3ef85e8e95e (0.00s)
    --- PASS: FuzzBn256Mul/c293bda851adfa02a7dfa11b827475d08b7ed62d (0.00s)
    --- PASS: FuzzBn256Mul/c319e6910a325c0e5868bf4c21159839f5e6fa31 (0.00s)
    --- PASS: FuzzBn256Mul/c34f837b48cbcdbcadecc89cb426e24bd7d361e6 (0.00s)
    --- PASS: FuzzBn256Mul/c538dbde80ff28928742100caeab10da04324ad5 (0.00s)
    --- PASS: FuzzBn256Mul/c68ca1aec020a5c6dcedd5ca7d893ac3f131315f (0.00s)
    --- PASS: FuzzBn256Mul/c7a0dcdfd09fea3152f14b35b8f236f127de7ae1 (0.00s)
    --- PASS: FuzzBn256Mul/c7b96411020f38c1b54e88899cdde447fb863fec (0.00s)
    --- PASS: FuzzBn256Mul/c7deede6514997bce7f45cd5e78aabced0d81f75 (0.00s)
    --- PASS: FuzzBn256Mul/c839b08b246c9d1b44a6a76e9dc1a5551b4f2296 (0.00s)
    --- PASS: FuzzBn256Mul/c978b6d3099049cfda78bb083646bbac9e4e9336 (0.00s)
    --- PASS: FuzzBn256Mul/ca09c8aea2d7ba121ceb1c0d550a7cd6ff77b13c (0.00s)
    --- PASS: FuzzBn256Mul/cb88472474115c4d6e528a925f5b80b8c457723b (0.00s)
    --- PASS: FuzzBn256Mul/cb94a0a7a9ad0a3bcf680ffb0fcaaec64a511078 (0.00s)
    --- PASS: FuzzBn256Mul/ce6d6edec703bcaa6eb7d4d08c34704ad1bfdf3f (0.00s)
    --- PASS: FuzzBn256Mul/d0c04f7f19922f2f32a215d61ee904c014c7bb4f (0.00s)
    --- PASS: FuzzBn256Mul/d44c28dc5c32e58ff41c2eb1f4db6d2b4d3c94ca (0.00s)
    --- PASS: FuzzBn256Mul/d8124fc7a766a4767f236b80bb11d342bd02b99c (0.00s)
    --- PASS: FuzzBn256Mul/d83b56d79f0bb354ee02942d7595d1184156e103 (0.00s)
    --- PASS: FuzzBn256Mul/daadab789106c60602d542d806817d018207e521 (0.00s)
    --- PASS: FuzzBn256Mul/dd5575da350a5f145dd6f4f62c71c40f7f1f1cb5 (0.00s)
    --- PASS: FuzzBn256Mul/de12a6ffbe4a8ddcd0cc477835636c37fe8bb7ef (0.00s)
    --- PASS: FuzzBn256Mul/de219e4fbbaac328e15232eb76078fb24c8fac28 (0.00s)
    --- PASS: FuzzBn256Mul/dfd89047506cc6706b54ce917f2851f5d5385186 (0.00s)
    --- PASS: FuzzBn256Mul/e088bb604ba844ed5c33f8422d682473c6c67a9c (0.00s)
    --- PASS: FuzzBn256Mul/e143001667b205f4be484c63bbacdd7fd80921ac (0.00s)
    --- PASS: FuzzBn256Mul/e2841b5cfda0e83b3549faefbf6e19fa259dd011 (0.00s)
    --- PASS: FuzzBn256Mul/e2dcb5e59971161c851060f0bd41529609bd25f8 (0.00s)
    --- PASS: FuzzBn256Mul/e501eedb0a57d562380071d988e8f247b59b1afe (0.00s)
    --- PASS: FuzzBn256Mul/e5262dab3e5a015c819aee9542ce0e4e25c4b3ad (0.00s)
    --- PASS: FuzzBn256Mul/e5f50a9b42f744e87cdee79bedebf9bff56870fb (0.00s)
    --- PASS: FuzzBn256Mul/e6a0fdb319922041020823a413e7695654242736 (0.00s)
    --- PASS: FuzzBn256Mul/e7fdf11fcf15b763f627e921ceaf3458bfc57151 (0.00s)
    --- PASS: FuzzBn256Mul/e8a06c3baf3e5070e9d4e90f8bcb2c1616cb23f3 (0.01s)
    --- PASS: FuzzBn256Mul/eb2da0b08ef517e82de5eb92a6d3de4a4b5008ab (0.00s)
    --- PASS: FuzzBn256Mul/eb3529818dda1be883383839b053ef17768535e9 (0.00s)
    --- PASS: FuzzBn256Mul/eb65667de5e78eb32720c4e43fb68b98ff367384 (0.00s)
    --- PASS: FuzzBn256Mul/ec696cd071a6d97535fce3940fc3cb2bf9dbaa2b (0.00s)
    --- PASS: FuzzBn256Mul/ed29bd143484c4e529d76b0a11b3b069430c0122 (0.00s)
    --- PASS: FuzzBn256Mul/ed40a5d2d73d42c1e2e1d5a2525b709a0f754938 (0.00s)
    --- PASS: FuzzBn256Mul/f0fa0f11c98b45e71a9dbd21db2004d9dae7e37a (0.00s)
    --- PASS: FuzzBn256Mul/f177ea1ac73da0189851512fcb07aa5cf1448287 (0.00s)
    --- PASS: FuzzBn256Mul/f1cd13b9889f5f45e1f4e82ef17a1c3dd2ba0b5e (0.00s)
    --- PASS: FuzzBn256Mul/f34fa414613c41468857c6f856f42bb08c6f7fb0 (0.01s)
    --- PASS: FuzzBn256Mul/f371449e3d7d655c19c065d66ab840bf35849047 (0.00s)
    --- PASS: FuzzBn256Mul/f46aba5143f7d89298de3d1ce5b67163899918f3 (0.00s)
    --- PASS: FuzzBn256Mul/f4730fd2ed6a4bbbb4ae2f9aee64b9d06442b5c2 (0.00s)
    --- PASS: FuzzBn256Mul/f4978fb41bfecfbcb66ec5204b58712e6d7c5258 (0.00s)
    --- PASS: FuzzBn256Mul/f4b517cfeb60c2c2508ddb47d47584f723689359 (0.00s)
    --- PASS: FuzzBn256Mul/f592918facb8c53845bd46a1109a60649193b8e4 (0.00s)
    --- PASS: FuzzBn256Mul/f847b8e97132ab8c9a86dfb9d03bf9dc8a7de0bb (0.00s)
    --- PASS: FuzzBn256Mul/f8c0459d6d2863ed57c0263f924a9afe2700d141 (0.00s)
    --- PASS: FuzzBn256Mul/f9cea122a24a016af0b7ce7266f977a8c7ebaf1c (0.00s)
    --- PASS: FuzzBn256Mul/fb2ce230e49dc844636a33282679861d90b3dd70 (0.00s)
    --- PASS: FuzzBn256Mul/fd304bbc68e6aade0a7abc68d8339e40bdd0569e (0.00s)
    --- PASS: FuzzBn256Mul/fd340a13cb5adecfe967b4e1bdf1594a589cebee (0.00s)
    --- PASS: FuzzBn256Mul/fd66b0b79da95fdc0bf0fa41c0315d78159e2fa7 (0.00s)
    --- PASS: FuzzBn256Mul/fe2f998bcfd151f16c41a0d2146e69c387275196 (0.00s)
    --- PASS: FuzzBn256Mul/ff18fd93d56a4d9ee2652cb6a050537be584f8f5 (0.01s)
    --- PASS: FuzzBn256Mul/ff64e90fe39ad1736e1d065308386df3b45925ac (0.00s)
=== RUN   FuzzBn256Pair
=== RUN   FuzzBn256Pair/017a066c4eef6c55eb527f8751aebea070a2a07a
=== RUN   FuzzBn256Pair/0183957fbee33fcefb5866b9675938669e5ca079
=== RUN   FuzzBn256Pair/01fb6147bcb75f1f665122560f0c5ff1781eecb3
=== RUN   FuzzBn256Pair/0426027871357987964b82ca8411d498eb23d6f2
=== RUN   FuzzBn256Pair/069d156996eb4e08370cb3fbb9aba9f7b922403a
=== RUN   FuzzBn256Pair/088016e5864ff9eb9117e49d67cfd670f65d2a8a
=== RUN   FuzzBn256Pair/099e8d7a8b95392b90195b6871f80ebea3d8af56
=== RUN   FuzzBn256Pair/0aa15b4ddb5aaf26af948f18aebb9d68afaaaab3
=== RUN   FuzzBn256Pair/0aa7314c3e4122847b79bb9698c53baed51a4eaa
=== RUN   FuzzBn256Pair/0c38819c4e5b0027747cac6589373657f1da5032
=== RUN   FuzzBn256Pair/0caa43dd59c517024378599128d4ec5a66564a66
=== RUN   FuzzBn256Pair/0d8e19a92b66293ea63f0d7767848942d0c75767
=== RUN   FuzzBn256Pair/0dc2e4c776a6f3339cec871f98c11260843dbf3f
=== RUN   FuzzBn256Pair/0e12612fac172a79feca5b48fd8d5451a16ad9f7
=== RUN   FuzzBn256Pair/10797f4f0683d6812628703f970ad10624065ebf
=== RUN   FuzzBn256Pair/107edf07f8a659ae8df78fc145d3ca1df660bea7
=== RUN   FuzzBn256Pair/11709903c573369092c96a1616af36137f4cdd76
=== RUN   FuzzBn256Pair/11e33d255e9b3213e3d15543bf330d9d3866ab5b
=== RUN   FuzzBn256Pair/1483757169abaada7dfe1db69b54110437790f80
=== RUN   FuzzBn256Pair/14d748ef517e30a4531e05a0dbf70a5cd87fb471
=== RUN   FuzzBn256Pair/1542c45c0b6b03edb9d837bd3b6ab4247d4ff915
=== RUN   FuzzBn256Pair/16d2b88dcd107c891101e35bcc83e68b4d945fc1
=== RUN   FuzzBn256Pair/191d884179225873565b83fb33c467fb942cebfe
=== RUN   FuzzBn256Pair/19ba57d111ef537d3bbf277f436c542abc97e9e4
=== RUN   FuzzBn256Pair/1d59c07326af3d22b744e05f5c9b6e050c835b2d
=== RUN   FuzzBn256Pair/1d5c7ad85de85e8c87cdd50656f387386ed7f3a2
=== RUN   FuzzBn256Pair/1e44e487643f44b60d9b245ac22ad0a303c9749e
=== RUN   FuzzBn256Pair/200f1f377d561233fd1c0bf412bca7b3f9eebdce
=== RUN   FuzzBn256Pair/20591357a43f901b2f6f13cc7ffc73808001db13
=== RUN   FuzzBn256Pair/22ca078e0033090711babf790a09e89505873e48
=== RUN   FuzzBn256Pair/231d3a79d42a8e84c5233d46f2157ecca267890d
=== RUN   FuzzBn256Pair/234eaa5c69540fc93f7eda30142e03948e8d04c8
=== RUN   FuzzBn256Pair/244f9e89f86bbb3d0a4aa1abb29a15e6c0e0ae8e
=== RUN   FuzzBn256Pair/26b82d29b3bebceac7b153383fc10cd6e2184968
=== RUN   FuzzBn256Pair/2775852048d725870604c533179f660f106a6141
=== RUN   FuzzBn256Pair/28ac6f76261452bf4f7c77944780370de1d680ae
=== RUN   FuzzBn256Pair/2aae82b8b59cb111d1462a9da4b0ec17bb9a5fe2
=== RUN   FuzzBn256Pair/33edc2f2763586182e116d8935015851655a7e12
=== RUN   FuzzBn256Pair/340b4720f918da36e4220f34c6d7d17a1d55b2e1
=== RUN   FuzzBn256Pair/34e5006ef4191359bc27769b3629f3e8d1e46e45
=== RUN   FuzzBn256Pair/3503256af66c98760de7b12f151b6fc2cf644546
=== RUN   FuzzBn256Pair/368436a0aefcb0f891d39ca8541997e477955d5c
=== RUN   FuzzBn256Pair/377cb751a138574a1f92c1c8957fcf4104474113
=== RUN   FuzzBn256Pair/37f78d0a70fa5dc72d25fe80f7c41940120d73dd
=== RUN   FuzzBn256Pair/38cbd45f9f5fda93c47ee3ef3504201afc034f40
=== RUN   FuzzBn256Pair/3b51e1bc27ad95854f38e7341cc9f8c4f673ac98
=== RUN   FuzzBn256Pair/3c22a66706bbb31e1d107cda2ca1bcd60c8b5d0f
=== RUN   FuzzBn256Pair/3c9942cf5a6f85d952502f6285f2d998809f8609
=== RUN   FuzzBn256Pair/3ccf3dd05587b7e010751a8382f5c7228e92f21e
=== RUN   FuzzBn256Pair/3ddae9852666a6a730aac2c3982cf128e4cc44e9
=== RUN   FuzzBn256Pair/3e2f0315fda9b50d5d1c8684c851ef54977ec04e
=== RUN   FuzzBn256Pair/3e377bb02b8bb967436aa78c1426d6f05db13b31
=== RUN   FuzzBn256Pair/42846c3ae7ec67b9918e4a452694ef8001d00e48
=== RUN   FuzzBn256Pair/43c39615d6de6a802e678ab5b9cc7db8ddb6d67b
=== RUN   FuzzBn256Pair/4618463e3d93c62c2a237ebd75d1e6632cee2644
=== RUN   FuzzBn256Pair/46bec6919dce434826feb367d0b65a55def0b6bf
=== RUN   FuzzBn256Pair/46eea60b329039f4559ed8c3a93559f19bc9c0b3
=== RUN   FuzzBn256Pair/49376acba9d527f355483fc34a5a69233f80fbc5
=== RUN   FuzzBn256Pair/493e63026d9b4a83313e046ebee309be345af0f2
=== RUN   FuzzBn256Pair/494e95c2952aaae5c01286e7f79857510e06ef55
=== RUN   FuzzBn256Pair/496e9b420e8c9e231c7367a26322611835fc3d11
=== RUN   FuzzBn256Pair/4ce278d31ce4c9e5127df49f7c4b75f402cb0e94
=== RUN   FuzzBn256Pair/4ce5bcf2e3b7ae4aea0c0e139d7e3c73597fdcda
=== RUN   FuzzBn256Pair/4f42086b45531574a14b2dbaf5714f472a9b80c9
=== RUN   FuzzBn256Pair/4f5d99a1e829d29320622ee82a399453541b20f6
=== RUN   FuzzBn256Pair/4f7024ac30375c93063f86e3ba86390accb697cd
=== RUN   FuzzBn256Pair/4fe0bd97bf05033a5ac48d2fddd73db13dcbfbe9
=== RUN   FuzzBn256Pair/505e6b5a79c7ee91c1a1ea66d00236ea1943f52e
=== RUN   FuzzBn256Pair/5103b5546977d4562cdf99e579fa641c84e907e6
=== RUN   FuzzBn256Pair/52ca4a17e5775cd557833d75c298fb4e3f835217
=== RUN   FuzzBn256Pair/54ec96f035f6fdb1947b942b85e1a79af4e28130
=== RUN   FuzzBn256Pair/577a2ab77ff2e9b841b8f60500e8e5ecfcb02f5b
=== RUN   FuzzBn256Pair/58de4d79a45dadd9a77c5220fde9000351d5103d
=== RUN   FuzzBn256Pair/58eb360992327c9ae53f663565aa087fdff0cdb0
=== RUN   FuzzBn256Pair/5a6adcaf91b5839ab9ca467bf6c37ddf6c7e6faf
=== RUN   FuzzBn256Pair/5b1359a59f7d95cf67c8b3b6cfcd379df6216886
=== RUN   FuzzBn256Pair/5b6dd6e90a571f23766b5658cb233b6112efb736
=== RUN   FuzzBn256Pair/5d93085b86688c2eb48686e00156e3c22e16232b
=== RUN   FuzzBn256Pair/5fecc262ecc9c77d5ad78b199cdbb398d6716fc8
=== RUN   FuzzBn256Pair/60f5f29a9253bd15cfdc37c2917fbd70945bc753
=== RUN   FuzzBn256Pair/621823dc8e671112e3b73a2bacca61df54fdf853
=== RUN   FuzzBn256Pair/646368252a562d5e1e87c2328282f838b2b4db4b
=== RUN   FuzzBn256Pair/66720fce980a561237baf85a146b211586d12d71
=== RUN   FuzzBn256Pair/668fb29fee6309210e6b1046df5596518a50ccfe
=== RUN   FuzzBn256Pair/680ffeb9d84aeb1269dd21817990fbd233f98c70
=== RUN   FuzzBn256Pair/6832f6b18c0d369968feeca9b863a397f5d2bead
=== RUN   FuzzBn256Pair/6966a57662d2fbb71b855e6b47c63e0327f10854
=== RUN   FuzzBn256Pair/6bae92a8fd8ca4a1d1d0ab9b6c7f542d3518a02a
=== RUN   FuzzBn256Pair/6beed5f7b1991bd29ac85d7d9ba3521f721c87c2
=== RUN   FuzzBn256Pair/6c6da028cb165b1f04e1bf3af7c668ee39c60ab9
=== RUN   FuzzBn256Pair/6ddeecde4befa9e5a85fb2548f389c37fd1ae915
=== RUN   FuzzBn256Pair/6df1bf501389dd3b682f11e6fb05c77e7cd2da85
=== RUN   FuzzBn256Pair/6e46175c2c2407ca5df8cd406b7b9032d895b178
=== RUN   FuzzBn256Pair/6f09e068eb14c3b0e8e5c0f32a8058caa99a5733
=== RUN   FuzzBn256Pair/6f6cf33519a35474ce5417722624758e3e9db4bc
=== RUN   FuzzBn256Pair/707994c9d8021a590df363ec17e4c00acb7ee02d
=== RUN   FuzzBn256Pair/7118c8e5f9bc8b25a701ebe9629e7ae8961d6c2f
=== RUN   FuzzBn256Pair/71492ef4556a2294fae317394c1a1b0e3c2be6f1
=== RUN   FuzzBn256Pair/71853c6197a6a7f222db0f1978c7cb232b87c5ee
=== RUN   FuzzBn256Pair/71a5f895449bc73e5eaa7da544df3272e4d77770
=== RUN   FuzzBn256Pair/71ad1d16c8a74fd585cfb1c43b84d47ec5fc3c16
=== RUN   FuzzBn256Pair/74607582b009ef50e1af3796e48a62fd981e99b2
=== RUN   FuzzBn256Pair/74becd820a30b51b07dc80fcbba2282a3b057bc2
=== RUN   FuzzBn256Pair/75bc113e82b60cfe6f72c7b3c0ec2a6767e071e6
=== RUN   FuzzBn256Pair/7605888ebb166b9778f8c2b7092caeb4ec81094b
=== RUN   FuzzBn256Pair/768886630d778945ba679e2ea8548cdb35faa395
=== RUN   FuzzBn256Pair/76af37d37f403e4b27989e8bbd3e2f7bac3c5975
=== RUN   FuzzBn256Pair/7751a5ee3b1ce449032d3eb63ae878e85f1d03e4
=== RUN   FuzzBn256Pair/7b1114d0ee3d6ddf44cbb615e278a1dff8fb9bd2
=== RUN   FuzzBn256Pair/7c1625ac9a5e213849ac133ba0ef3c7bf9b964d1
=== RUN   FuzzBn256Pair/7db3392fe889f7f6124b0758e24f00d33aecd8ab
=== RUN   FuzzBn256Pair/80311ea8d918fbc42a2aa3f142fc5b8db7e9b7ac
=== RUN   FuzzBn256Pair/81b24ca831777a89b1ad689fe921f48971a45481
=== RUN   FuzzBn256Pair/82605edcc9b12e7692045b36f183f3a4837ed0d1
=== RUN   FuzzBn256Pair/8496c25e670abfa38d4ef713753c9abe0575d86b
=== RUN   FuzzBn256Pair/86e817e8d586e2628ef65d2109e3478177d7f1ae
=== RUN   FuzzBn256Pair/872259939d3905616972da07503fcc9d3de0b047
=== RUN   FuzzBn256Pair/88e544cd5d8f7331096ed3a65c5fd6e9b2c9c999
=== RUN   FuzzBn256Pair/88e85b13dcdfc8ebf4616879f1626ce0eaa7ce80
=== RUN   FuzzBn256Pair/8a134a5d7e2accf4a8e61ffe94f3f1c0e8e317be
=== RUN   FuzzBn256Pair/8b8edca699a3ee969b21f68db60a05ec8daee905
=== RUN   FuzzBn256Pair/8c96ccf8ebbc0fd77ebfca628d8dafe73b5fd2fb
=== RUN   FuzzBn256Pair/8d3651a0620509b0f42d3e1ea68bf09be5075115
=== RUN   FuzzBn256Pair/8f1653bc65c280602213505f19b4a24946ccd51b
=== RUN   FuzzBn256Pair/8f590fe72c6784a2d16c7eb0a550133819124619
=== RUN   FuzzBn256Pair/8fa378e28123b366c29430c3378f40ee37d4217e
=== RUN   FuzzBn256Pair/908598ac496131eccddacada0c55547279b94788
=== RUN   FuzzBn256Pair/90a26e99e776a34273d09a29c1655720cb690b83
=== RUN   FuzzBn256Pair/90fd1d6a224fb34fe5bf5d1e14884a93dcf6417d
=== RUN   FuzzBn256Pair/927a6726f69b711d570644d1debc799b29c7417b
=== RUN   FuzzBn256Pair/9424cb43a8bc419100c96d201c769f6b260ddd3f
=== RUN   FuzzBn256Pair/9586b9438056ab2f271605cc79b8a3463a0c658c
=== RUN   FuzzBn256Pair/9672dec1bf998aa2b6449f3e998ad2e1f1679026
=== RUN   FuzzBn256Pair/96edb4034299aa2502f399c3cac442acc247b52d
=== RUN   FuzzBn256Pair/9724ae0cda6f131bbd8cf8291e8d42ee8e63108c
=== RUN   FuzzBn256Pair/97b120493e82adbc5f7a7c54f46774fe0a5ae843
=== RUN   FuzzBn256Pair/97fb0dc4405fc17e35743865ae8bc3d93f768fc0
=== RUN   FuzzBn256Pair/99c87dfa0589261d294c0bbe122296ccddcf7a9b
=== RUN   FuzzBn256Pair/99de9af1152521405a70650eafcf5053f79fe395
=== RUN   FuzzBn256Pair/9cbfe3bd0e8691c8820aa746938c032676423a7a
=== RUN   FuzzBn256Pair/9d290add19840f732ec9cafd07c7cff31b9acabd
=== RUN   FuzzBn256Pair/9f2c6063cc065aebddc4285db7358becd663c7f4
=== RUN   FuzzBn256Pair/9fb95b4d25c1a08d1f331d04ac2a6a4a0057c323
=== RUN   FuzzBn256Pair/a05024d757ea459e6c5260fdd07a881f836b2177
=== RUN   FuzzBn256Pair/a0a3d97f85e74af96c0175f4c1bda9ca08e9a8d6
=== RUN   FuzzBn256Pair/a0c4ed8ad930b71f2f8fde1a0acaefe833e9003c
=== RUN   FuzzBn256Pair/a2329b5aeb0ee341af89ec14b02b1b57ed7094d0
=== RUN   FuzzBn256Pair/a37786abb9477c97bfa90a1b4fa29552297fbb6c
=== RUN   FuzzBn256Pair/a4f0673c850c903a4cc02c8b3496ce937fbef6db
=== RUN   FuzzBn256Pair/a7021235a5adf948983f01f421b1b0c626feba2b
=== RUN   FuzzBn256Pair/a748ede5e6d9c55595802943c5696d52da9b6be4
=== RUN   FuzzBn256Pair/a99d708114f22338f4d1f434c9a5268668a4fb85
=== RUN   FuzzBn256Pair/ac01404f7090a5d2ff2520a705c13426cc2f8251
=== RUN   FuzzBn256Pair/acb566730342f6c84731667c82881ca35442676f
=== RUN   FuzzBn256Pair/acc918ed6c9fc68b375683b9413b8cbbd524a8b7
=== RUN   FuzzBn256Pair/ae7e40c6b5218fccb101b2a8854e53849507fb44
=== RUN   FuzzBn256Pair/aeae506cf3928ac00a1370e11a6e0e1f18e296b4
=== RUN   FuzzBn256Pair/b0127e0792c49c23fb50664cb7687ef2665cba40
=== RUN   FuzzBn256Pair/b1ae444250056f8209df5b41a02360bbda992cf3
=== RUN   FuzzBn256Pair/b1dc25f62ee62da0fd37d2967b22877f9af7dd11
=== RUN   FuzzBn256Pair/b29e9487936c66dfea7026bd4c1f1a56614091a1
=== RUN   FuzzBn256Pair/b5332fbb60650a0666466a31700c604a52d2b22e
=== RUN   FuzzBn256Pair/b58c9cab37654751b393e9514d15332c70e15021
=== RUN   FuzzBn256Pair/b5b8a13af4f43c0c6bd6caa1d59c5a70d1de5e82
=== RUN   FuzzBn256Pair/b68f5a2cce4d9ee13587e5753e48c03a9b45d5e8
=== RUN   FuzzBn256Pair/b6acc66ceee4219c3750afcb2d829eb42a777835
=== RUN   FuzzBn256Pair/b6cdaa5993a88094f787cb4549f6101b20ab0f4f
=== RUN   FuzzBn256Pair/b8ea082d2343a9e65aaf894b7f14e0d3ca6c022f
=== RUN   FuzzBn256Pair/baba7bbe513b37b3d91a9796837208ff4bcf94f8
=== RUN   FuzzBn256Pair/bb2c64dc0b676697ed761fb7d777d1d80018c3b6
=== RUN   FuzzBn256Pair/bbd89f5f139c774609bf8a6e7a6b4f3451c9e306
=== RUN   FuzzBn256Pair/bd9a2a162ab5444a386f9473be1eccb6539807ac
=== RUN   FuzzBn256Pair/bff8b3a3ce304476a5eeb726a5c156a6a6b4efb3
=== RUN   FuzzBn256Pair/c0c0a6b84f63df08be4bcfd695e1c92c326c2e77
=== RUN   FuzzBn256Pair/c24e6d0c4bb6211df536fb5b6da5e868e5416083
=== RUN   FuzzBn256Pair/c2a66a660b32618d5bf0b2295bde686343a58ee4
=== RUN   FuzzBn256Pair/c3aac6d2d97d38788543070ae11f016979cc1998
=== RUN   FuzzBn256Pair/c5c973450b45212975b1f8178a1785ab5ae0f808
=== RUN   FuzzBn256Pair/c7d879269fc857f0df50ce7d1f232267a84dc579
=== RUN   FuzzBn256Pair/c9677996d205c2f78cd1bfe50ec510ed04c1ff54
=== RUN   FuzzBn256Pair/cd3ff1d558377ab4bac50aa3df29a84d800825cb
=== RUN   FuzzBn256Pair/d152824d4bc134f751044173c0595ad9fd861027
=== RUN   FuzzBn256Pair/d1cd4d562eda308da099ce766b802896c344d6ed
=== RUN   FuzzBn256Pair/d236ded6b74930b324f40ab175bd206f98dcc572
=== RUN   FuzzBn256Pair/d25bd8f1b9ac12a5e508178a897ba960b1183c8b
=== RUN   FuzzBn256Pair/d539458c2acb9a985a318a94aef6ba30a56724eb
=== RUN   FuzzBn256Pair/d70abfed0e5091bf6d042697f5aa9e50c2a914e1
=== RUN   FuzzBn256Pair/d8b63bdebb5fb10e2838efc212d7bb4fcca79185
=== RUN   FuzzBn256Pair/d9e6a97f930b631bac4c16616f4b81d1fb1c1201
=== RUN   FuzzBn256Pair/db519310f0f23ca2a1805f6dc135583508b0a2c0
=== RUN   FuzzBn256Pair/dba229b2a5dafa162517f93045c30f5a826ade31
=== RUN   FuzzBn256Pair/dc724c20d3fa72f1a5919a1624375327922cb935
=== RUN   FuzzBn256Pair/dd2c79a40fde99db21084b511d37f748f3267f77
=== RUN   FuzzBn256Pair/e1ba6361e5c85b9b0603c13354ea6ae00a82103d
=== RUN   FuzzBn256Pair/e2228345a89d7f0a6cd02cc8a27f55029bb601a9
=== RUN   FuzzBn256Pair/e273471e17fb8f1ca8234ef769235e36ee0c4f68
=== RUN   FuzzBn256Pair/e311d4392fe4ed2d6b6faa621af3c94337334e22
=== RUN   FuzzBn256Pair/e527d0577860e23ceae0d3f0fc283cbd008d93f9
=== RUN   FuzzBn256Pair/e63b4e95236fc384bcf91680b91929a8f3ad8fce
=== RUN   FuzzBn256Pair/e64ba7edd4532eff9b608d6877c63eb35d3bb65e
=== RUN   FuzzBn256Pair/e7744bf44d869382f130a7cf932ef1dd7fc5f1df
=== RUN   FuzzBn256Pair/e7e8d651b9f7bfee3e56374bf87f843b158c6d02
=== RUN   FuzzBn256Pair/e9117abcd11035a565b8f178003ff730408f1b0f
=== RUN   FuzzBn256Pair/e9ca7406a66407bc14a1d376d57b03db46f39abc
=== RUN   FuzzBn256Pair/eb3768afb58c803186d970654f58a5f03d55a023
=== RUN   FuzzBn256Pair/eb52a8b65a0113b0314a39c74ebd8391386f4352
=== RUN   FuzzBn256Pair/ec506b71c2f3402e30252aa27dec9253f8d1892c
=== RUN   FuzzBn256Pair/ec5c0fea1a8a813545357a1b764a201e32a6da78
=== RUN   FuzzBn256Pair/ed085dfe1fcb4c108187769debeedf0c8f0a7c7d
=== RUN   FuzzBn256Pair/efedfcd649b20b2599e1b0173347b94e70d155cf
=== RUN   FuzzBn256Pair/f00c184cc3d089c4eb3dd38b69c4c8d3612dafb5
=== RUN   FuzzBn256Pair/f01e2cc5320044cbb4493253eecde9c43568234b
=== RUN   FuzzBn256Pair/f1531253a9ccea5a0fba70090542c11536499944
=== RUN   FuzzBn256Pair/f1a45b1180d3154dcdabedac7f230943ed04ee68
=== RUN   FuzzBn256Pair/f366a07ea35d1337bc2afc1e30c2aacab4361a0e
=== RUN   FuzzBn256Pair/f4313e1017dfced3729cbe9c1f4dd83c3ae0c527
=== RUN   FuzzBn256Pair/f4aadcb17df22081f48455c26217a4f584cf126c
=== RUN   FuzzBn256Pair/f6d1e5f6f2df0fc186eed58a6596d3171a18cbaf
=== RUN   FuzzBn256Pair/f762733e199a653d572f589c7a7f2c22ab9b6950
=== RUN   FuzzBn256Pair/f8bfd60376dc6aab6969355a298a14b40946c110
=== RUN   FuzzBn256Pair/f8cff33f05aa55dea0aaeaf9b0c5a131b1f259aa
=== RUN   FuzzBn256Pair/f8f9f4b020a672c2efd3666564700a5588edfb1c
=== RUN   FuzzBn256Pair/f92a848bda64d388d39e4c3be1b6007ba4beb7b1
=== RUN   FuzzBn256Pair/fae7a477c664b600dbcebb79ba02db3ffe2578c7
=== RUN   FuzzBn256Pair/fb3c6e4de85bd9eae26fdc63e75f10a7f39e850e
=== RUN   FuzzBn256Pair/fde92bdfd729467507bad084cd3d5b752544a6d0
=== RUN   FuzzBn256Pair/fec0680919471d6e4bb38e7693e34895e5beafb2
=== RUN   FuzzBn256Pair/ff996a85033c4dc12a6a1af8955eb157fef5e2e3
=== RUN   FuzzBn256Pair/ff9a22f8d8670f09bebe5a28cfbb7c1d86b80e17
--- PASS: FuzzBn256Pair (1.25s)
    --- PASS: FuzzBn256Pair/017a066c4eef6c55eb527f8751aebea070a2a07a (0.02s)
    --- PASS: FuzzBn256Pair/0183957fbee33fcefb5866b9675938669e5ca079 (0.00s)
    --- PASS: FuzzBn256Pair/01fb6147bcb75f1f665122560f0c5ff1781eecb3 (0.02s)
    --- PASS: FuzzBn256Pair/0426027871357987964b82ca8411d498eb23d6f2 (0.02s)
    --- PASS: FuzzBn256Pair/069d156996eb4e08370cb3fbb9aba9f7b922403a (0.00s)
    --- PASS: FuzzBn256Pair/088016e5864ff9eb9117e49d67cfd670f65d2a8a (0.00s)
    --- PASS: FuzzBn256Pair/099e8d7a8b95392b90195b6871f80ebea3d8af56 (0.02s)
    --- PASS: FuzzBn256Pair/0aa15b4ddb5aaf26af948f18aebb9d68afaaaab3 (0.00s)
    --- PASS: FuzzBn256Pair/0aa7314c3e4122847b79bb9698c53baed51a4eaa (0.00s)
    --- PASS: FuzzBn256Pair/0c38819c4e5b0027747cac6589373657f1da5032 (0.00s)
    --- PASS: FuzzBn256Pair/0caa43dd59c517024378599128d4ec5a66564a66 (0.02s)
    --- PASS: FuzzBn256Pair/0d8e19a92b66293ea63f0d7767848942d0c75767 (0.02s)
    --- PASS: FuzzBn256Pair/0dc2e4c776a6f3339cec871f98c11260843dbf3f (0.02s)
    --- PASS: FuzzBn256Pair/0e12612fac172a79feca5b48fd8d5451a16ad9f7 (0.00s)
    --- PASS: FuzzBn256Pair/10797f4f0683d6812628703f970ad10624065ebf (0.02s)
    --- PASS: FuzzBn256Pair/107edf07f8a659ae8df78fc145d3ca1df660bea7 (0.00s)
    --- PASS: FuzzBn256Pair/11709903c573369092c96a1616af36137f4cdd76 (0.02s)
    --- PASS: FuzzBn256Pair/11e33d255e9b3213e3d15543bf330d9d3866ab5b (0.00s)
    --- PASS: FuzzBn256Pair/1483757169abaada7dfe1db69b54110437790f80 (0.02s)
    --- PASS: FuzzBn256Pair/14d748ef517e30a4531e05a0dbf70a5cd87fb471 (0.00s)
    --- PASS: FuzzBn256Pair/1542c45c0b6b03edb9d837bd3b6ab4247d4ff915 (0.00s)
    --- PASS: FuzzBn256Pair/16d2b88dcd107c891101e35bcc83e68b4d945fc1 (0.00s)
    --- PASS: FuzzBn256Pair/191d884179225873565b83fb33c467fb942cebfe (0.00s)
    --- PASS: FuzzBn256Pair/19ba57d111ef537d3bbf277f436c542abc97e9e4 (0.00s)
    --- PASS: FuzzBn256Pair/1d59c07326af3d22b744e05f5c9b6e050c835b2d (0.02s)
    --- PASS: FuzzBn256Pair/1d5c7ad85de85e8c87cdd50656f387386ed7f3a2 (0.00s)
    --- PASS: FuzzBn256Pair/1e44e487643f44b60d9b245ac22ad0a303c9749e (0.01s)
    --- PASS: FuzzBn256Pair/200f1f377d561233fd1c0bf412bca7b3f9eebdce (0.00s)
    --- PASS: FuzzBn256Pair/20591357a43f901b2f6f13cc7ffc73808001db13 (0.02s)
    --- PASS: FuzzBn256Pair/22ca078e0033090711babf790a09e89505873e48 (0.00s)
    --- PASS: FuzzBn256Pair/231d3a79d42a8e84c5233d46f2157ecca267890d (0.00s)
    --- PASS: FuzzBn256Pair/234eaa5c69540fc93f7eda30142e03948e8d04c8 (0.02s)
    --- PASS: FuzzBn256Pair/244f9e89f86bbb3d0a4aa1abb29a15e6c0e0ae8e (0.00s)
    --- PASS: FuzzBn256Pair/26b82d29b3bebceac7b153383fc10cd6e2184968 (0.00s)
    --- PASS: FuzzBn256Pair/2775852048d725870604c533179f660f106a6141 (0.02s)
    --- PASS: FuzzBn256Pair/28ac6f76261452bf4f7c77944780370de1d680ae (0.02s)
    --- PASS: FuzzBn256Pair/2aae82b8b59cb111d1462a9da4b0ec17bb9a5fe2 (0.00s)
    --- PASS: FuzzBn256Pair/33edc2f2763586182e116d8935015851655a7e12 (0.00s)
    --- PASS: FuzzBn256Pair/340b4720f918da36e4220f34c6d7d17a1d55b2e1 (0.02s)
    --- PASS: FuzzBn256Pair/34e5006ef4191359bc27769b3629f3e8d1e46e45 (0.01s)
    --- PASS: FuzzBn256Pair/3503256af66c98760de7b12f151b6fc2cf644546 (0.00s)
    --- PASS: FuzzBn256Pair/368436a0aefcb0f891d39ca8541997e477955d5c (0.00s)
    --- PASS: FuzzBn256Pair/377cb751a138574a1f92c1c8957fcf4104474113 (0.02s)
    --- PASS: FuzzBn256Pair/37f78d0a70fa5dc72d25fe80f7c41940120d73dd (0.00s)
    --- PASS: FuzzBn256Pair/38cbd45f9f5fda93c47ee3ef3504201afc034f40 (0.00s)
    --- PASS: FuzzBn256Pair/3b51e1bc27ad95854f38e7341cc9f8c4f673ac98 (0.00s)
    --- PASS: FuzzBn256Pair/3c22a66706bbb31e1d107cda2ca1bcd60c8b5d0f (0.00s)
    --- PASS: FuzzBn256Pair/3c9942cf5a6f85d952502f6285f2d998809f8609 (0.00s)
    --- PASS: FuzzBn256Pair/3ccf3dd05587b7e010751a8382f5c7228e92f21e (0.02s)
    --- PASS: FuzzBn256Pair/3ddae9852666a6a730aac2c3982cf128e4cc44e9 (0.00s)
    --- PASS: FuzzBn256Pair/3e2f0315fda9b50d5d1c8684c851ef54977ec04e (0.00s)
    --- PASS: FuzzBn256Pair/3e377bb02b8bb967436aa78c1426d6f05db13b31 (0.00s)
    --- PASS: FuzzBn256Pair/42846c3ae7ec67b9918e4a452694ef8001d00e48 (0.00s)
    --- PASS: FuzzBn256Pair/43c39615d6de6a802e678ab5b9cc7db8ddb6d67b (0.00s)
    --- PASS: FuzzBn256Pair/4618463e3d93c62c2a237ebd75d1e6632cee2644 (0.00s)
    --- PASS: FuzzBn256Pair/46bec6919dce434826feb367d0b65a55def0b6bf (0.00s)
    --- PASS: FuzzBn256Pair/46eea60b329039f4559ed8c3a93559f19bc9c0b3 (0.02s)
    --- PASS: FuzzBn256Pair/49376acba9d527f355483fc34a5a69233f80fbc5 (0.00s)
    --- PASS: FuzzBn256Pair/493e63026d9b4a83313e046ebee309be345af0f2 (0.00s)
    --- PASS: FuzzBn256Pair/494e95c2952aaae5c01286e7f79857510e06ef55 (0.01s)
    --- PASS: FuzzBn256Pair/496e9b420e8c9e231c7367a26322611835fc3d11 (0.02s)
    --- PASS: FuzzBn256Pair/4ce278d31ce4c9e5127df49f7c4b75f402cb0e94 (0.02s)
    --- PASS: FuzzBn256Pair/4ce5bcf2e3b7ae4aea0c0e139d7e3c73597fdcda (0.00s)
    --- PASS: FuzzBn256Pair/4f42086b45531574a14b2dbaf5714f472a9b80c9 (0.02s)
    --- PASS: FuzzBn256Pair/4f5d99a1e829d29320622ee82a399453541b20f6 (0.00s)
    --- PASS: FuzzBn256Pair/4f7024ac30375c93063f86e3ba86390accb697cd (0.00s)
    --- PASS: FuzzBn256Pair/4fe0bd97bf05033a5ac48d2fddd73db13dcbfbe9 (0.00s)
    --- PASS: FuzzBn256Pair/505e6b5a79c7ee91c1a1ea66d00236ea1943f52e (0.00s)
    --- PASS: FuzzBn256Pair/5103b5546977d4562cdf99e579fa641c84e907e6 (0.02s)
    --- PASS: FuzzBn256Pair/52ca4a17e5775cd557833d75c298fb4e3f835217 (0.00s)
    --- PASS: FuzzBn256Pair/54ec96f035f6fdb1947b942b85e1a79af4e28130 (0.00s)
    --- PASS: FuzzBn256Pair/577a2ab77ff2e9b841b8f60500e8e5ecfcb02f5b (0.02s)
    --- PASS: FuzzBn256Pair/58de4d79a45dadd9a77c5220fde9000351d5103d (0.00s)
    --- PASS: FuzzBn256Pair/58eb360992327c9ae53f663565aa087fdff0cdb0 (0.00s)
    --- PASS: FuzzBn256Pair/5a6adcaf91b5839ab9ca467bf6c37ddf6c7e6faf (0.00s)
    --- PASS: FuzzBn256Pair/5b1359a59f7d95cf67c8b3b6cfcd379df6216886 (0.00s)
    --- PASS: FuzzBn256Pair/5b6dd6e90a571f23766b5658cb233b6112efb736 (0.00s)
    --- PASS: FuzzBn256Pair/5d93085b86688c2eb48686e00156e3c22e16232b (0.00s)
    --- PASS: FuzzBn256Pair/5fecc262ecc9c77d5ad78b199cdbb398d6716fc8 (0.02s)
    --- PASS: FuzzBn256Pair/60f5f29a9253bd15cfdc37c2917fbd70945bc753 (0.00s)
    --- PASS: FuzzBn256Pair/621823dc8e671112e3b73a2bacca61df54fdf853 (0.00s)
    --- PASS: FuzzBn256Pair/646368252a562d5e1e87c2328282f838b2b4db4b (0.02s)
    --- PASS: FuzzBn256Pair/66720fce980a561237baf85a146b211586d12d71 (0.02s)
    --- PASS: FuzzBn256Pair/668fb29fee6309210e6b1046df5596518a50ccfe (0.00s)
    --- PASS: FuzzBn256Pair/680ffeb9d84aeb1269dd21817990fbd233f98c70 (0.00s)
    --- PASS: FuzzBn256Pair/6832f6b18c0d369968feeca9b863a397f5d2bead (0.00s)
    --- PASS: FuzzBn256Pair/6966a57662d2fbb71b855e6b47c63e0327f10854 (0.00s)
    --- PASS: FuzzBn256Pair/6bae92a8fd8ca4a1d1d0ab9b6c7f542d3518a02a (0.00s)
    --- PASS: FuzzBn256Pair/6beed5f7b1991bd29ac85d7d9ba3521f721c87c2 (0.00s)
    --- PASS: FuzzBn256Pair/6c6da028cb165b1f04e1bf3af7c668ee39c60ab9 (0.00s)
    --- PASS: FuzzBn256Pair/6ddeecde4befa9e5a85fb2548f389c37fd1ae915 (0.02s)
    --- PASS: FuzzBn256Pair/6df1bf501389dd3b682f11e6fb05c77e7cd2da85 (0.00s)
    --- PASS: FuzzBn256Pair/6e46175c2c2407ca5df8cd406b7b9032d895b178 (0.00s)
    --- PASS: FuzzBn256Pair/6f09e068eb14c3b0e8e5c0f32a8058caa99a5733 (0.02s)
    --- PASS: FuzzBn256Pair/6f6cf33519a35474ce5417722624758e3e9db4bc (0.00s)
    --- PASS: FuzzBn256Pair/707994c9d8021a590df363ec17e4c00acb7ee02d (0.02s)
    --- PASS: FuzzBn256Pair/7118c8e5f9bc8b25a701ebe9629e7ae8961d6c2f (0.02s)
    --- PASS: FuzzBn256Pair/71492ef4556a2294fae317394c1a1b0e3c2be6f1 (0.00s)
    --- PASS: FuzzBn256Pair/71853c6197a6a7f222db0f1978c7cb232b87c5ee (0.00s)
    --- PASS: FuzzBn256Pair/71a5f895449bc73e5eaa7da544df3272e4d77770 (0.00s)
    --- PASS: FuzzBn256Pair/71ad1d16c8a74fd585cfb1c43b84d47ec5fc3c16 (0.00s)
    --- PASS: FuzzBn256Pair/74607582b009ef50e1af3796e48a62fd981e99b2 (0.00s)
    --- PASS: FuzzBn256Pair/74becd820a30b51b07dc80fcbba2282a3b057bc2 (0.00s)
    --- PASS: FuzzBn256Pair/75bc113e82b60cfe6f72c7b3c0ec2a6767e071e6 (0.00s)
    --- PASS: FuzzBn256Pair/7605888ebb166b9778f8c2b7092caeb4ec81094b (0.02s)
    --- PASS: FuzzBn256Pair/768886630d778945ba679e2ea8548cdb35faa395 (0.02s)
    --- PASS: FuzzBn256Pair/76af37d37f403e4b27989e8bbd3e2f7bac3c5975 (0.02s)
    --- PASS: FuzzBn256Pair/7751a5ee3b1ce449032d3eb63ae878e85f1d03e4 (0.00s)
    --- PASS: FuzzBn256Pair/7b1114d0ee3d6ddf44cbb615e278a1dff8fb9bd2 (0.02s)
    --- PASS: FuzzBn256Pair/7c1625ac9a5e213849ac133ba0ef3c7bf9b964d1 (0.00s)
    --- PASS: FuzzBn256Pair/7db3392fe889f7f6124b0758e24f00d33aecd8ab (0.02s)
    --- PASS: FuzzBn256Pair/80311ea8d918fbc42a2aa3f142fc5b8db7e9b7ac (0.00s)
    --- PASS: FuzzBn256Pair/81b24ca831777a89b1ad689fe921f48971a45481 (0.00s)
    --- PASS: FuzzBn256Pair/82605edcc9b12e7692045b36f183f3a4837ed0d1 (0.00s)
    --- PASS: FuzzBn256Pair/8496c25e670abfa38d4ef713753c9abe0575d86b (0.02s)
    --- PASS: FuzzBn256Pair/86e817e8d586e2628ef65d2109e3478177d7f1ae (0.00s)
    --- PASS: FuzzBn256Pair/872259939d3905616972da07503fcc9d3de0b047 (0.00s)
    --- PASS: FuzzBn256Pair/88e544cd5d8f7331096ed3a65c5fd6e9b2c9c999 (0.02s)
    --- PASS: FuzzBn256Pair/88e85b13dcdfc8ebf4616879f1626ce0eaa7ce80 (0.00s)
    --- PASS: FuzzBn256Pair/8a134a5d7e2accf4a8e61ffe94f3f1c0e8e317be (0.00s)
    --- PASS: FuzzBn256Pair/8b8edca699a3ee969b21f68db60a05ec8daee905 (0.00s)
    --- PASS: FuzzBn256Pair/8c96ccf8ebbc0fd77ebfca628d8dafe73b5fd2fb (0.02s)
    --- PASS: FuzzBn256Pair/8d3651a0620509b0f42d3e1ea68bf09be5075115 (0.00s)
    --- PASS: FuzzBn256Pair/8f1653bc65c280602213505f19b4a24946ccd51b (0.00s)
    --- PASS: FuzzBn256Pair/8f590fe72c6784a2d16c7eb0a550133819124619 (0.00s)
    --- PASS: FuzzBn256Pair/8fa378e28123b366c29430c3378f40ee37d4217e (0.00s)
    --- PASS: FuzzBn256Pair/908598ac496131eccddacada0c55547279b94788 (0.00s)
    --- PASS: FuzzBn256Pair/90a26e99e776a34273d09a29c1655720cb690b83 (0.02s)
    --- PASS: FuzzBn256Pair/90fd1d6a224fb34fe5bf5d1e14884a93dcf6417d (0.02s)
    --- PASS: FuzzBn256Pair/927a6726f69b711d570644d1debc799b29c7417b (0.02s)
    --- PASS: FuzzBn256Pair/9424cb43a8bc419100c96d201c769f6b260ddd3f (0.00s)
    --- PASS: FuzzBn256Pair/9586b9438056ab2f271605cc79b8a3463a0c658c (0.02s)
    --- PASS: FuzzBn256Pair/9672dec1bf998aa2b6449f3e998ad2e1f1679026 (0.00s)
    --- PASS: FuzzBn256Pair/96edb4034299aa2502f399c3cac442acc247b52d (0.02s)
    --- PASS: FuzzBn256Pair/9724ae0cda6f131bbd8cf8291e8d42ee8e63108c (0.02s)
    --- PASS: FuzzBn256Pair/97b120493e82adbc5f7a7c54f46774fe0a5ae843 (0.00s)
    --- PASS: FuzzBn256Pair/97fb0dc4405fc17e35743865ae8bc3d93f768fc0 (0.02s)
    --- PASS: FuzzBn256Pair/99c87dfa0589261d294c0bbe122296ccddcf7a9b (0.02s)
    --- PASS: FuzzBn256Pair/99de9af1152521405a70650eafcf5053f79fe395 (0.00s)
    --- PASS: FuzzBn256Pair/9cbfe3bd0e8691c8820aa746938c032676423a7a (0.00s)
    --- PASS: FuzzBn256Pair/9d290add19840f732ec9cafd07c7cff31b9acabd (0.00s)
    --- PASS: FuzzBn256Pair/9f2c6063cc065aebddc4285db7358becd663c7f4 (0.02s)
    --- PASS: FuzzBn256Pair/9fb95b4d25c1a08d1f331d04ac2a6a4a0057c323 (0.02s)
    --- PASS: FuzzBn256Pair/a05024d757ea459e6c5260fdd07a881f836b2177 (0.02s)
    --- PASS: FuzzBn256Pair/a0a3d97f85e74af96c0175f4c1bda9ca08e9a8d6 (0.00s)
    --- PASS: FuzzBn256Pair/a0c4ed8ad930b71f2f8fde1a0acaefe833e9003c (0.00s)
    --- PASS: FuzzBn256Pair/a2329b5aeb0ee341af89ec14b02b1b57ed7094d0 (0.02s)
    --- PASS: FuzzBn256Pair/a37786abb9477c97bfa90a1b4fa29552297fbb6c (0.02s)
    --- PASS: FuzzBn256Pair/a4f0673c850c903a4cc02c8b3496ce937fbef6db (0.00s)
    --- PASS: FuzzBn256Pair/a7021235a5adf948983f01f421b1b0c626feba2b (0.00s)
    --- PASS: FuzzBn256Pair/a748ede5e6d9c55595802943c5696d52da9b6be4 (0.00s)
    --- PASS: FuzzBn256Pair/a99d708114f22338f4d1f434c9a5268668a4fb85 (0.00s)
    --- PASS: FuzzBn256Pair/ac01404f7090a5d2ff2520a705c13426cc2f8251 (0.00s)
    --- PASS: FuzzBn256Pair/acb566730342f6c84731667c82881ca35442676f (0.00s)
    --- PASS: FuzzBn256Pair/acc918ed6c9fc68b375683b9413b8cbbd524a8b7 (0.02s)
    --- PASS: FuzzBn256Pair/ae7e40c6b5218fccb101b2a8854e53849507fb44 (0.00s)
    --- PASS: FuzzBn256Pair/aeae506cf3928ac00a1370e11a6e0e1f18e296b4 (0.00s)
    --- PASS: FuzzBn256Pair/b0127e0792c49c23fb50664cb7687ef2665cba40 (0.02s)
    --- PASS: FuzzBn256Pair/b1ae444250056f8209df5b41a02360bbda992cf3 (0.02s)
    --- PASS: FuzzBn256Pair/b1dc25f62ee62da0fd37d2967b22877f9af7dd11 (0.02s)
    --- PASS: FuzzBn256Pair/b29e9487936c66dfea7026bd4c1f1a56614091a1 (0.00s)
    --- PASS: FuzzBn256Pair/b5332fbb60650a0666466a31700c604a52d2b22e (0.00s)
    --- PASS: FuzzBn256Pair/b58c9cab37654751b393e9514d15332c70e15021 (0.00s)
    --- PASS: FuzzBn256Pair/b5b8a13af4f43c0c6bd6caa1d59c5a70d1de5e82 (0.00s)
    --- PASS: FuzzBn256Pair/b68f5a2cce4d9ee13587e5753e48c03a9b45d5e8 (0.01s)
    --- PASS: FuzzBn256Pair/b6acc66ceee4219c3750afcb2d829eb42a777835 (0.02s)
    --- PASS: FuzzBn256Pair/b6cdaa5993a88094f787cb4549f6101b20ab0f4f (0.00s)
    --- PASS: FuzzBn256Pair/b8ea082d2343a9e65aaf894b7f14e0d3ca6c022f (0.02s)
    --- PASS: FuzzBn256Pair/baba7bbe513b37b3d91a9796837208ff4bcf94f8 (0.00s)
    --- PASS: FuzzBn256Pair/bb2c64dc0b676697ed761fb7d777d1d80018c3b6 (0.00s)
    --- PASS: FuzzBn256Pair/bbd89f5f139c774609bf8a6e7a6b4f3451c9e306 (0.00s)
    --- PASS: FuzzBn256Pair/bd9a2a162ab5444a386f9473be1eccb6539807ac (0.00s)
    --- PASS: FuzzBn256Pair/bff8b3a3ce304476a5eeb726a5c156a6a6b4efb3 (0.02s)
    --- PASS: FuzzBn256Pair/c0c0a6b84f63df08be4bcfd695e1c92c326c2e77 (0.00s)
    --- PASS: FuzzBn256Pair/c24e6d0c4bb6211df536fb5b6da5e868e5416083 (0.02s)
    --- PASS: FuzzBn256Pair/c2a66a660b32618d5bf0b2295bde686343a58ee4 (0.00s)
    --- PASS: FuzzBn256Pair/c3aac6d2d97d38788543070ae11f016979cc1998 (0.00s)
    --- PASS: FuzzBn256Pair/c5c973450b45212975b1f8178a1785ab5ae0f808 (0.00s)
    --- PASS: FuzzBn256Pair/c7d879269fc857f0df50ce7d1f232267a84dc579 (0.00s)
    --- PASS: FuzzBn256Pair/c9677996d205c2f78cd1bfe50ec510ed04c1ff54 (0.00s)
    --- PASS: FuzzBn256Pair/cd3ff1d558377ab4bac50aa3df29a84d800825cb (0.00s)
    --- PASS: FuzzBn256Pair/d152824d4bc134f751044173c0595ad9fd861027 (0.00s)
    --- PASS: FuzzBn256Pair/d1cd4d562eda308da099ce766b802896c344d6ed (0.00s)
    --- PASS: FuzzBn256Pair/d236ded6b74930b324f40ab175bd206f98dcc572 (0.02s)
    --- PASS: FuzzBn256Pair/d25bd8f1b9ac12a5e508178a897ba960b1183c8b (0.02s)
    --- PASS: FuzzBn256Pair/d539458c2acb9a985a318a94aef6ba30a56724eb (0.00s)
    --- PASS: FuzzBn256Pair/d70abfed0e5091bf6d042697f5aa9e50c2a914e1 (0.00s)
    --- PASS: FuzzBn256Pair/d8b63bdebb5fb10e2838efc212d7bb4fcca79185 (0.00s)
    --- PASS: FuzzBn256Pair/d9e6a97f930b631bac4c16616f4b81d1fb1c1201 (0.00s)
    --- PASS: FuzzBn256Pair/db519310f0f23ca2a1805f6dc135583508b0a2c0 (0.00s)
    --- PASS: FuzzBn256Pair/dba229b2a5dafa162517f93045c30f5a826ade31 (0.00s)
    --- PASS: FuzzBn256Pair/dc724c20d3fa72f1a5919a1624375327922cb935 (0.00s)
    --- PASS: FuzzBn256Pair/dd2c79a40fde99db21084b511d37f748f3267f77 (0.00s)
    --- PASS: FuzzBn256Pair/e1ba6361e5c85b9b0603c13354ea6ae00a82103d (0.00s)
    --- PASS: FuzzBn256Pair/e2228345a89d7f0a6cd02cc8a27f55029bb601a9 (0.00s)
    --- PASS: FuzzBn256Pair/e273471e17fb8f1ca8234ef769235e36ee0c4f68 (0.02s)
    --- PASS: FuzzBn256Pair/e311d4392fe4ed2d6b6faa621af3c94337334e22 (0.00s)
    --- PASS: FuzzBn256Pair/e527d0577860e23ceae0d3f0fc283cbd008d93f9 (0.00s)
    --- PASS: FuzzBn256Pair/e63b4e95236fc384bcf91680b91929a8f3ad8fce (0.02s)
    --- PASS: FuzzBn256Pair/e64ba7edd4532eff9b608d6877c63eb35d3bb65e (0.00s)
    --- PASS: FuzzBn256Pair/e7744bf44d869382f130a7cf932ef1dd7fc5f1df (0.02s)
    --- PASS: FuzzBn256Pair/e7e8d651b9f7bfee3e56374bf87f843b158c6d02 (0.02s)
    --- PASS: FuzzBn256Pair/e9117abcd11035a565b8f178003ff730408f1b0f (0.02s)
    --- PASS: FuzzBn256Pair/e9ca7406a66407bc14a1d376d57b03db46f39abc (0.02s)
    --- PASS: FuzzBn256Pair/eb3768afb58c803186d970654f58a5f03d55a023 (0.00s)
    --- PASS: FuzzBn256Pair/eb52a8b65a0113b0314a39c74ebd8391386f4352 (0.00s)
    --- PASS: FuzzBn256Pair/ec506b71c2f3402e30252aa27dec9253f8d1892c (0.01s)
    --- PASS: FuzzBn256Pair/ec5c0fea1a8a813545357a1b764a201e32a6da78 (0.02s)
    --- PASS: FuzzBn256Pair/ed085dfe1fcb4c108187769debeedf0c8f0a7c7d (0.00s)
    --- PASS: FuzzBn256Pair/efedfcd649b20b2599e1b0173347b94e70d155cf (0.00s)
    --- PASS: FuzzBn256Pair/f00c184cc3d089c4eb3dd38b69c4c8d3612dafb5 (0.00s)
    --- PASS: FuzzBn256Pair/f01e2cc5320044cbb4493253eecde9c43568234b (0.00s)
    --- PASS: FuzzBn256Pair/f1531253a9ccea5a0fba70090542c11536499944 (0.00s)
    --- PASS: FuzzBn256Pair/f1a45b1180d3154dcdabedac7f230943ed04ee68 (0.02s)
    --- PASS: FuzzBn256Pair/f366a07ea35d1337bc2afc1e30c2aacab4361a0e (0.00s)
    --- PASS: FuzzBn256Pair/f4313e1017dfced3729cbe9c1f4dd83c3ae0c527 (0.00s)
    --- PASS: FuzzBn256Pair/f4aadcb17df22081f48455c26217a4f584cf126c (0.00s)
    --- PASS: FuzzBn256Pair/f6d1e5f6f2df0fc186eed58a6596d3171a18cbaf (0.00s)
    --- PASS: FuzzBn256Pair/f762733e199a653d572f589c7a7f2c22ab9b6950 (0.00s)
    --- PASS: FuzzBn256Pair/f8bfd60376dc6aab6969355a298a14b40946c110 (0.02s)
    --- PASS: FuzzBn256Pair/f8cff33f05aa55dea0aaeaf9b0c5a131b1f259aa (0.02s)
    --- PASS: FuzzBn256Pair/f8f9f4b020a672c2efd3666564700a5588edfb1c (0.00s)
    --- PASS: FuzzBn256Pair/f92a848bda64d388d39e4c3be1b6007ba4beb7b1 (0.00s)
    --- PASS: FuzzBn256Pair/fae7a477c664b600dbcebb79ba02db3ffe2578c7 (0.00s)
    --- PASS: FuzzBn256Pair/fb3c6e4de85bd9eae26fdc63e75f10a7f39e850e (0.00s)
    --- PASS: FuzzBn256Pair/fde92bdfd729467507bad084cd3d5b752544a6d0 (0.02s)
    --- PASS: FuzzBn256Pair/fec0680919471d6e4bb38e7693e34895e5beafb2 (0.02s)
    --- PASS: FuzzBn256Pair/ff996a85033c4dc12a6a1af8955eb157fef5e2e3 (0.00s)
    --- PASS: FuzzBn256Pair/ff9a22f8d8670f09bebe5a28cfbb7c1d86b80e17 (0.00s)
PASS
coverage: 65.6% of statements
ok  	github.com/morph-l2/go-ethereum/tests/fuzzers/bn256	17.639s	coverage: 65.6% of statements
