go: downloading github.com/btcsuite/btcd/btcec/v2 v2.2.0
go: downloading github.com/decred/dcrd/dcrec/secp256k1/v4 v4.0.1
=== RUN   TestFuzzer
--- PASS: TestFuzzer (0.01s)
=== RUN   FuzzSecp256k1
=== RUN   FuzzSecp256k1/023d4acd29ed32313832226eb0a28e38918d431c
=== RUN   FuzzSecp256k1/053f6747a06506106506cc2879520785bd07f85e
=== RUN   FuzzSecp256k1/089a07ae7f5d0240a1fdfa1dd6e09f2ce4140cea
=== RUN   FuzzSecp256k1/0cccfff5d4fa77b4ae77e7aca54088c3cd587fff
=== RUN   FuzzSecp256k1/0ff574c1acaa9925f7ff05eb34eed7f133abe6de
=== RUN   FuzzSecp256k1/11d3eac0682a82b9661b87873d75799e6ef7475d
=== RUN   FuzzSecp256k1/13672b1a318e79559ff6218e554e60aff0abeb78
=== RUN   FuzzSecp256k1/147d7b358aa809d99ed8206d3c81d4f1b5d06298
=== RUN   FuzzSecp256k1/14915c61b99f4a13a3f1db6eb36974bc1b7fbe63
=== RUN   FuzzSecp256k1/14e75a041257b31b09221cb22edaaae46efdf688
=== RUN   FuzzSecp256k1/16a6f4c1b68add15237494bae79f1fdc11df66d3
=== RUN   FuzzSecp256k1/16d0320ecad0d39a4b04765758326cd165a7b6e3
=== RUN   FuzzSecp256k1/1c3a925f3f8c46ed93247912b5177e0034cdbe24
=== RUN   FuzzSecp256k1/225c29d61521473110f4e26a22a23f896ee5eced
=== RUN   FuzzSecp256k1/2352c1dfd4230007fe3743bca3d08571f9a2dd01
=== RUN   FuzzSecp256k1/24bb97e74ff208ac3ba2e8aa75269e13f0ffc7c2
=== RUN   FuzzSecp256k1/28c1494f8fa9c3f6927ac3ba961f7d1a486b9c1f
=== RUN   FuzzSecp256k1/2aea4511700ca5e250049878400e62015d4ae2d5
=== RUN   FuzzSecp256k1/2ed3ce0129a65472a50d8ed6f9e08b4d993799fc
=== RUN   FuzzSecp256k1/3164794e9fddb0beedcac6fc4ef2306a0209b3ff
=== RUN   FuzzSecp256k1/32add7a7e759f2c1403523412b6abc1644caa384
=== RUN   FuzzSecp256k1/3aa69f5219910be85a47ef16832682fe09e8e85e
=== RUN   FuzzSecp256k1/3b376681f99763f15f10b9124b9b984adcde1666
=== RUN   FuzzSecp256k1/3b50cfb2aee67acbcee63eacc30a3d2f51645815
=== RUN   FuzzSecp256k1/3c6f074c7bf880dee5d9412904ff76ccdc48f718
=== RUN   FuzzSecp256k1/442980526127c591d3ba6c0e38ce8b7aac2dc363
=== RUN   FuzzSecp256k1/44fd25ff7cdab2e191803c05e47d2d0706e06301
=== RUN   FuzzSecp256k1/45c66502d88ba2129c2c73dc235df4f8b51a8e88
=== RUN   FuzzSecp256k1/465594feb1ecb9d5afa51726e9f7239fce111ee8
=== RUN   FuzzSecp256k1/46738511eae361dba2c2a7244b16b69a5a8a1162
=== RUN   FuzzSecp256k1/48406c0d9a2053f11e907b4f7512e9d7e017d708
=== RUN   FuzzSecp256k1/4b7c879b2e86ae8383cd88b965725bc57d7b8e3f
=== RUN   FuzzSecp256k1/4c716d847b9082f7b77bf15c00880a90056c78e6
=== RUN   FuzzSecp256k1/4ff962299777ed8f68f60fb82fb166643aeacf29
=== RUN   FuzzSecp256k1/53090b503f7988dc201b277de05a97a8dcc9de53
=== RUN   FuzzSecp256k1/5406e35958d4c561136692cf82fbd812932e5866
=== RUN   FuzzSecp256k1/54619edc3f170e8d951cd12d0bb3826ac0890496
=== RUN   FuzzSecp256k1/57383017f4a2652d768f9baf6c7636013cf1e743
=== RUN   FuzzSecp256k1/586d9ff8fa8bf8e5791c4f25ea072c4d96430e85
=== RUN   FuzzSecp256k1/58d91d1b54af191d42c8f3c4c1b25ca923e9defe
=== RUN   FuzzSecp256k1/6051e434425840225d2c3c1988974bbf30f74681
=== RUN   FuzzSecp256k1/61252b0538adae8d27ca4f94ae7c1a01f9c508e6
=== RUN   FuzzSecp256k1/63b5030b84188e75f22b0decf9345a663c9449b0
=== RUN   FuzzSecp256k1/64f14f5e72f5bacf3c461072d4d87190f5684248
=== RUN   FuzzSecp256k1/6aea0a4640f7866a1a89aedcc8d9827d3ec6e796
=== RUN   FuzzSecp256k1/6cd8a214b99a39e3afebce38a45ad5bcc9687f8f
=== RUN   FuzzSecp256k1/72f27a3839a03db25f24904af7f02b2973c00a42
=== RUN   FuzzSecp256k1/7319a696c8c55129687be28a5150393bc2291bd1
=== RUN   FuzzSecp256k1/73d331602bbef0d99c218fa93314f26838cbdf99
=== RUN   FuzzSecp256k1/7d97d6db80d3d0c210fd9bb472ade85795e00ec4
=== RUN   FuzzSecp256k1/848eed93a91e4f6e659e71c917b65e92947bcc4f
=== RUN   FuzzSecp256k1/8cbaa8cbefccbcfd9544140620c1541532d81e8b
=== RUN   FuzzSecp256k1/8f532e858cd8ac30c751014b8a4fd032a99dc809
=== RUN   FuzzSecp256k1/9069ca78e7450a285173431b3e52c5c25299e473
=== RUN   FuzzSecp256k1/91dc48583e26f096ce4eb39a61931a2c51027401
=== RUN   FuzzSecp256k1/92891a6aaf77c60daa58c6f218c589463654b346
=== RUN   FuzzSecp256k1/93deee3a7f948d00d2f3c068db57942cf2297ec2
=== RUN   FuzzSecp256k1/940e152914387c2be23f39047f23cf1c347f3c2d
=== RUN   FuzzSecp256k1/a0e79de02e481c566b428c867be16a7cd74a7e98
=== RUN   FuzzSecp256k1/a7cd10d1dc9d60482b62dde597800052b1ef2d75
=== RUN   FuzzSecp256k1/a7f7b23a9b0e7fecdbf2075126ce3271958aa140
=== RUN   FuzzSecp256k1/ac8fc6533ffc900aada166432cac1b85970aa868
=== RUN   FuzzSecp256k1/adc83b19e793491b1c6ea0fd8b46cd9f32e592fc
=== RUN   FuzzSecp256k1/b020310a3fc50e80859fed2537af65c6ad0dce2b
=== RUN   FuzzSecp256k1/b3c2882da63d50056f88a289c46c9c11d90cdaae
=== RUN   FuzzSecp256k1/b715a64d7a622ba1dc8eb180c26addb007ed5857
=== RUN   FuzzSecp256k1/b809f0a9f3eaa4815ddfc8ff6e4406f9c640502b
=== RUN   FuzzSecp256k1/b85f4cf41c92c9c49216b5109ff3ae2aad2d3c43
=== RUN   FuzzSecp256k1/bb8351c814f4776f359cbc867de102296623ea7d
=== RUN   FuzzSecp256k1/bba07eae746b1048bb81dde01edba98c0d65d835
=== RUN   FuzzSecp256k1/bbc86bc2ed1047e4db3805c21a64b9138c016576
=== RUN   FuzzSecp256k1/bc1ea541436088ea2e31029e18e5789b7a44df3a
=== RUN   FuzzSecp256k1/bd75de90a6f22d697e906c099a8ed2016fcef7b9
=== RUN   FuzzSecp256k1/c9de6d35af194bdec7d7f75d64458f95e49b5b6b
=== RUN   FuzzSecp256k1/cbbf0d830bec749567ea05256bc279955d41c205
=== RUN   FuzzSecp256k1/cccf6ed1e3a794451ff5b2a91f8c10f4f0b7f79f
=== RUN   FuzzSecp256k1/cde2bee2fcfc3869aa8f076e34d588c8729edaf0
=== RUN   FuzzSecp256k1/ce5e5ffd96ae5940130edc18f988e35e87d0dd91
=== RUN   FuzzSecp256k1/ce852e27f9d6ab0c73e86c1eb755510c3c79eb98
=== RUN   FuzzSecp256k1/d22e1ad9c7636998485cf0db22a5453c774d7ecc
=== RUN   FuzzSecp256k1/d36c16ae8df5de8d3c39c8d64a120626b0889762
=== RUN   FuzzSecp256k1/d7603f5303d39a9f8dab57f8d84ef649351072e9
=== RUN   FuzzSecp256k1/d7b8e3641f7c0b1893fd9d5ef71738f22b4e57d2
=== RUN   FuzzSecp256k1/dd5ab07e97eae329946f505fc4c965a2acd3aff0
=== RUN   FuzzSecp256k1/dfb78912ce2f8b7354aea8186de7d09fde13ddab
=== RUN   FuzzSecp256k1/e17f8aff7ba5a0b5518c7be573c12f17178ecb31
=== RUN   FuzzSecp256k1/e1d424626f99df6146a88cd1bf7e9f6007ff11ab
=== RUN   FuzzSecp256k1/e4c51fd29834324e2542d81a46b52948ce2c81ba
=== RUN   FuzzSecp256k1/e5263ae4473a685d850accf14a2e60bb2eaf9b2f
=== RUN   FuzzSecp256k1/e543fcfc205fad7ff3c9b39a6025dc2f37e18372
=== RUN   FuzzSecp256k1/e6a49d4f053b3ed8fd189299b2c81b4919dc2850
=== RUN   FuzzSecp256k1/eb6161981fd9d33d64ed674708ea9eb1d030ab0d
=== RUN   FuzzSecp256k1/f274d5683859c55af345f25805f6b8a7c4cfc9c4
=== RUN   FuzzSecp256k1/f6d1d3f6da7b231c391dad85ac9b3335186a4574
=== RUN   FuzzSecp256k1/f953ec8f0a7ae7653bc18aed2736ce892dd42e0b
=== RUN   FuzzSecp256k1/fefc96fe3c92677dccd2cee5ca4823080787e378
--- PASS: FuzzSecp256k1 (0.02s)
    --- PASS: FuzzSecp256k1/023d4acd29ed32313832226eb0a28e38918d431c (0.00s)
    --- PASS: FuzzSecp256k1/053f6747a06506106506cc2879520785bd07f85e (0.00s)
    --- PASS: FuzzSecp256k1/089a07ae7f5d0240a1fdfa1dd6e09f2ce4140cea (0.00s)
    --- PASS: FuzzSecp256k1/0cccfff5d4fa77b4ae77e7aca54088c3cd587fff (0.00s)
    --- PASS: FuzzSecp256k1/0ff574c1acaa9925f7ff05eb34eed7f133abe6de (0.00s)
    --- PASS: FuzzSecp256k1/11d3eac0682a82b9661b87873d75799e6ef7475d (0.00s)
    --- PASS: FuzzSecp256k1/13672b1a318e79559ff6218e554e60aff0abeb78 (0.00s)
    --- PASS: FuzzSecp256k1/147d7b358aa809d99ed8206d3c81d4f1b5d06298 (0.00s)
    --- PASS: FuzzSecp256k1/14915c61b99f4a13a3f1db6eb36974bc1b7fbe63 (0.00s)
    --- PASS: FuzzSecp256k1/14e75a041257b31b09221cb22edaaae46efdf688 (0.00s)
    --- PASS: FuzzSecp256k1/16a6f4c1b68add15237494bae79f1fdc11df66d3 (0.00s)
    --- PASS: FuzzSecp256k1/16d0320ecad0d39a4b04765758326cd165a7b6e3 (0.00s)
    --- PASS: FuzzSecp256k1/1c3a925f3f8c46ed93247912b5177e0034cdbe24 (0.00s)
    --- PASS: FuzzSecp256k1/225c29d61521473110f4e26a22a23f896ee5eced (0.00s)
    --- PASS: FuzzSecp256k1/2352c1dfd4230007fe3743bca3d08571f9a2dd01 (0.00s)
    --- PASS: FuzzSecp256k1/24bb97e74ff208ac3ba2e8aa75269e13f0ffc7c2 (0.00s)
    --- PASS: FuzzSecp256k1/28c1494f8fa9c3f6927ac3ba961f7d1a486b9c1f (0.00s)
    --- PASS: FuzzSecp256k1/2aea4511700ca5e250049878400e62015d4ae2d5 (0.00s)
    --- PASS: FuzzSecp256k1/2ed3ce0129a65472a50d8ed6f9e08b4d993799fc (0.00s)
    --- PASS: FuzzSecp256k1/3164794e9fddb0beedcac6fc4ef2306a0209b3ff (0.00s)
    --- PASS: FuzzSecp256k1/32add7a7e759f2c1403523412b6abc1644caa384 (0.00s)
    --- PASS: FuzzSecp256k1/3aa69f5219910be85a47ef16832682fe09e8e85e (0.00s)
    --- PASS: FuzzSecp256k1/3b376681f99763f15f10b9124b9b984adcde1666 (0.00s)
    --- PASS: FuzzSecp256k1/3b50cfb2aee67acbcee63eacc30a3d2f51645815 (0.00s)
    --- PASS: FuzzSecp256k1/3c6f074c7bf880dee5d9412904ff76ccdc48f718 (0.00s)
    --- PASS: FuzzSecp256k1/442980526127c591d3ba6c0e38ce8b7aac2dc363 (0.00s)
    --- PASS: FuzzSecp256k1/44fd25ff7cdab2e191803c05e47d2d0706e06301 (0.00s)
    --- PASS: FuzzSecp256k1/45c66502d88ba2129c2c73dc235df4f8b51a8e88 (0.00s)
    --- PASS: FuzzSecp256k1/465594feb1ecb9d5afa51726e9f7239fce111ee8 (0.00s)
    --- PASS: FuzzSecp256k1/46738511eae361dba2c2a7244b16b69a5a8a1162 (0.00s)
    --- PASS: FuzzSecp256k1/48406c0d9a2053f11e907b4f7512e9d7e017d708 (0.00s)
    --- PASS: FuzzSecp256k1/4b7c879b2e86ae8383cd88b965725bc57d7b8e3f (0.00s)
    --- PASS: FuzzSecp256k1/4c716d847b9082f7b77bf15c00880a90056c78e6 (0.00s)
    --- PASS: FuzzSecp256k1/4ff962299777ed8f68f60fb82fb166643aeacf29 (0.00s)
    --- PASS: FuzzSecp256k1/53090b503f7988dc201b277de05a97a8dcc9de53 (0.00s)
    --- PASS: FuzzSecp256k1/5406e35958d4c561136692cf82fbd812932e5866 (0.00s)
    --- PASS: FuzzSecp256k1/54619edc3f170e8d951cd12d0bb3826ac0890496 (0.00s)
    --- PASS: FuzzSecp256k1/57383017f4a2652d768f9baf6c7636013cf1e743 (0.00s)
    --- PASS: FuzzSecp256k1/586d9ff8fa8bf8e5791c4f25ea072c4d96430e85 (0.00s)
    --- PASS: FuzzSecp256k1/58d91d1b54af191d42c8f3c4c1b25ca923e9defe (0.00s)
    --- PASS: FuzzSecp256k1/6051e434425840225d2c3c1988974bbf30f74681 (0.00s)
    --- PASS: FuzzSecp256k1/61252b0538adae8d27ca4f94ae7c1a01f9c508e6 (0.00s)
    --- PASS: FuzzSecp256k1/63b5030b84188e75f22b0decf9345a663c9449b0 (0.00s)
    --- PASS: FuzzSecp256k1/64f14f5e72f5bacf3c461072d4d87190f5684248 (0.00s)
    --- PASS: FuzzSecp256k1/6aea0a4640f7866a1a89aedcc8d9827d3ec6e796 (0.00s)
    --- PASS: FuzzSecp256k1/6cd8a214b99a39e3afebce38a45ad5bcc9687f8f (0.00s)
    --- PASS: FuzzSecp256k1/72f27a3839a03db25f24904af7f02b2973c00a42 (0.00s)
    --- PASS: FuzzSecp256k1/7319a696c8c55129687be28a5150393bc2291bd1 (0.00s)
    --- PASS: FuzzSecp256k1/73d331602bbef0d99c218fa93314f26838cbdf99 (0.00s)
    --- PASS: FuzzSecp256k1/7d97d6db80d3d0c210fd9bb472ade85795e00ec4 (0.00s)
    --- PASS: FuzzSecp256k1/848eed93a91e4f6e659e71c917b65e92947bcc4f (0.00s)
    --- PASS: FuzzSecp256k1/8cbaa8cbefccbcfd9544140620c1541532d81e8b (0.00s)
    --- PASS: FuzzSecp256k1/8f532e858cd8ac30c751014b8a4fd032a99dc809 (0.00s)
    --- PASS: FuzzSecp256k1/9069ca78e7450a285173431b3e52c5c25299e473 (0.00s)
    --- PASS: FuzzSecp256k1/91dc48583e26f096ce4eb39a61931a2c51027401 (0.00s)
    --- PASS: FuzzSecp256k1/92891a6aaf77c60daa58c6f218c589463654b346 (0.00s)
    --- PASS: FuzzSecp256k1/93deee3a7f948d00d2f3c068db57942cf2297ec2 (0.00s)
    --- PASS: FuzzSecp256k1/940e152914387c2be23f39047f23cf1c347f3c2d (0.00s)
    --- PASS: FuzzSecp256k1/a0e79de02e481c566b428c867be16a7cd74a7e98 (0.00s)
    --- PASS: FuzzSecp256k1/a7cd10d1dc9d60482b62dde597800052b1ef2d75 (0.00s)
    --- PASS: FuzzSecp256k1/a7f7b23a9b0e7fecdbf2075126ce3271958aa140 (0.00s)
    --- PASS: FuzzSecp256k1/ac8fc6533ffc900aada166432cac1b85970aa868 (0.00s)
    --- PASS: FuzzSecp256k1/adc83b19e793491b1c6ea0fd8b46cd9f32e592fc (0.00s)
    --- PASS: FuzzSecp256k1/b020310a3fc50e80859fed2537af65c6ad0dce2b (0.00s)
    --- PASS: FuzzSecp256k1/b3c2882da63d50056f88a289c46c9c11d90cdaae (0.00s)
    --- PASS: FuzzSecp256k1/b715a64d7a622ba1dc8eb180c26addb007ed5857 (0.00s)
    --- PASS: FuzzSecp256k1/b809f0a9f3eaa4815ddfc8ff6e4406f9c640502b (0.00s)
    --- PASS: FuzzSecp256k1/b85f4cf41c92c9c49216b5109ff3ae2aad2d3c43 (0.00s)
    --- PASS: FuzzSecp256k1/bb8351c814f4776f359cbc867de102296623ea7d (0.00s)
    --- PASS: FuzzSecp256k1/bba07eae746b1048bb81dde01edba98c0d65d835 (0.00s)
    --- PASS: FuzzSecp256k1/bbc86bc2ed1047e4db3805c21a64b9138c016576 (0.00s)
    --- PASS: FuzzSecp256k1/bc1ea541436088ea2e31029e18e5789b7a44df3a (0.00s)
    --- PASS: FuzzSecp256k1/bd75de90a6f22d697e906c099a8ed2016fcef7b9 (0.00s)
    --- PASS: FuzzSecp256k1/c9de6d35af194bdec7d7f75d64458f95e49b5b6b (0.00s)
    --- PASS: FuzzSecp256k1/cbbf0d830bec749567ea05256bc279955d41c205 (0.00s)
    --- PASS: FuzzSecp256k1/cccf6ed1e3a794451ff5b2a91f8c10f4f0b7f79f (0.00s)
    --- PASS: FuzzSecp256k1/cde2bee2fcfc3869aa8f076e34d588c8729edaf0 (0.00s)
    --- PASS: FuzzSecp256k1/ce5e5ffd96ae5940130edc18f988e35e87d0dd91 (0.00s)
    --- PASS: FuzzSecp256k1/ce852e27f9d6ab0c73e86c1eb755510c3c79eb98 (0.00s)
    --- PASS: FuzzSecp256k1/d22e1ad9c7636998485cf0db22a5453c774d7ecc (0.00s)
    --- PASS: FuzzSecp256k1/d36c16ae8df5de8d3c39c8d64a120626b0889762 (0.00s)
    --- PASS: FuzzSecp256k1/d7603f5303d39a9f8dab57f8d84ef649351072e9 (0.00s)
    --- PASS: FuzzSecp256k1/d7b8e3641f7c0b1893fd9d5ef71738f22b4e57d2 (0.00s)
    --- PASS: FuzzSecp256k1/dd5ab07e97eae329946f505fc4c965a2acd3aff0 (0.00s)
    --- PASS: FuzzSecp256k1/dfb78912ce2f8b7354aea8186de7d09fde13ddab (0.00s)
    --- PASS: FuzzSecp256k1/e17f8aff7ba5a0b5518c7be573c12f17178ecb31 (0.00s)
    --- PASS: FuzzSecp256k1/e1d424626f99df6146a88cd1bf7e9f6007ff11ab (0.00s)
    --- PASS: FuzzSecp256k1/e4c51fd29834324e2542d81a46b52948ce2c81ba (0.00s)
    --- PASS: FuzzSecp256k1/e5263ae4473a685d850accf14a2e60bb2eaf9b2f (0.00s)
    --- PASS: FuzzSecp256k1/e543fcfc205fad7ff3c9b39a6025dc2f37e18372 (0.00s)
    --- PASS: FuzzSecp256k1/e6a49d4f053b3ed8fd189299b2c81b4919dc2850 (0.00s)
    --- PASS: FuzzSecp256k1/eb6161981fd9d33d64ed674708ea9eb1d030ab0d (0.00s)
    --- PASS: FuzzSecp256k1/f274d5683859c55af345f25805f6b8a7c4cfc9c4 (0.00s)
    --- PASS: FuzzSecp256k1/f6d1d3f6da7b231c391dad85ac9b3335186a4574 (0.00s)
    --- PASS: FuzzSecp256k1/f953ec8f0a7ae7653bc18aed2736ce892dd42e0b (0.00s)
    --- PASS: FuzzSecp256k1/fefc96fe3c92677dccd2cee5ca4823080787e378 (0.00s)
PASS
coverage: 81.8% of statements
ok  	github.com/morph-l2/go-ethereum/tests/fuzzers/secp256k1	0.041s	coverage: 81.8% of statements
