=== RUN   FuzzStacktrie
=== RUN   FuzzStacktrie/00a4cef061effe682a7c59317f4bf37552f5e9e6
=== RUN   FuzzStacktrie/01ce7c4634e7bd77452c4331e27c1a5711d06c4b
=== RUN   FuzzStacktrie/02202d14cf589f4c36b32ce2031b9c01ddd889d1
=== RUN   FuzzStacktrie/044751dc737125a788b984db6fc506505ff0e625
=== RUN   FuzzStacktrie/04f44d07879e796d6707c8a9f177e7e0ae2aa43c
=== RUN   FuzzStacktrie/051cdba7df3048610889d56e36071afe7486a8df
=== RUN   FuzzStacktrie/05f0504bd108dd82c2e079be493c359bf9645389
=== RUN   FuzzStacktrie/067ebca4a819e8ac8fb2ee6e8eac63174618665e
=== RUN   FuzzStacktrie/0882edca5190e87d15e4d45f5b70387bcb763726
=== RUN   FuzzStacktrie/08b8f2534a8aabf840c0a91c28f39c22c6877a08
=== RUN   FuzzStacktrie/096da30099bdc087e5c0b432b984ebd3996aa1d3
=== RUN   FuzzStacktrie/0a2f3f535539aee20f67506aef530479ec218f3f
=== RUN   FuzzStacktrie/0aeeeca61e6edf3abb64e160341a65410f776587
=== RUN   FuzzStacktrie/0b7d45181a53446f25d8dde23c8c314c84a693b8
=== RUN   FuzzStacktrie/0d809061a8e76f2a03da1057ef85a6d7409d071c
=== RUN   FuzzStacktrie/0daef61bf41f63fb4f6592968060fce5a286cd05
=== RUN   FuzzStacktrie/0ee78816ec5a2f243babc8c2932373632af949de
=== RUN   FuzzStacktrie/0f2f41cbbd5acb9b57ef6ae540eacb44d08509f5
=== RUN   FuzzStacktrie/0feab27dd2ec0136f38f4d6a8e011bcdeee87d81
=== RUN   FuzzStacktrie/0ffb6ade3f9eb2f952cde06ad7065d354d44bb70
=== RUN   FuzzStacktrie/115f345e09853fb4ff75a0e0a66d427537881161
=== RUN   FuzzStacktrie/12a6cfe0e2223500f5709071664c2d69efe707c9
=== RUN   FuzzStacktrie/133c2b4133f514f35b68094995207f8bb4907e6e
=== RUN   FuzzStacktrie/13b3c7c069fb54c8fa9875d38698b3a24fa49fe1
=== RUN   FuzzStacktrie/13e27699505fe5e77b4dfd38836aca4cfca7ee4f
=== RUN   FuzzStacktrie/180faed9da739d92724c73c3cf98ab60747f775e
=== RUN   FuzzStacktrie/187ac257309073bbdcfb7b775bb77d0f290e00d3
=== RUN   FuzzStacktrie/19087c3ed1acf7f67227275eea9c26d07866b35a
=== RUN   FuzzStacktrie/1961cca969c34b33cb61e12fbdc31aa891b26200
=== RUN   FuzzStacktrie/19c7555588f80ab4dc4c09e300f87b8a48878076
=== RUN   FuzzStacktrie/1afe73d41bd62945d8ef97db98adc722f28e970f
=== RUN   FuzzStacktrie/1c05dd3506dc74a5aa82c4fbc3a75b6297dc6caf
=== RUN   FuzzStacktrie/1c25a9a8aa286e8c35e481ea21ce1b59c43d45b0
=== RUN   FuzzStacktrie/1c52c226bf3c2a7d9db81d23a3af257a46a2dc5c
=== RUN   FuzzStacktrie/1e1472db9fbd095c57094f272629a0101cd5a35f
=== RUN   FuzzStacktrie/1fd89a69b0ce4d37bc6bc6e07c1c720c5036690f
=== RUN   FuzzStacktrie/212465a9b23ec3693d74a0f9ba2c9b23f2dfeb54
=== RUN   FuzzStacktrie/213b92564dbecc9bda0c55402eeee674343bbb6d
=== RUN   FuzzStacktrie/225c29d61521473110f4e26a22a23f896ee5eced
=== RUN   FuzzStacktrie/2278d34b62f8535ccb13341f7b6900eaa05701a6
=== RUN   FuzzStacktrie/2370e05566acadd8ecb04034c12e36729c894f84
=== RUN   FuzzStacktrie/23f30d4600ba76a3a8708fbd262023529c25d0bb
=== RUN   FuzzStacktrie/240a362b1f83be6b2bff60a5e9af8b8d629e6fef
=== RUN   FuzzStacktrie/24490f59987649dd41b544a03e2a26a3f5c6e5dd
=== RUN   FuzzStacktrie/2486a12ef504a3813865a3f97dcb2769a55747ca
=== RUN   FuzzStacktrie/249a6526223fa64be5a8f9215cbe1531dee5b1bd
=== RUN   FuzzStacktrie/249c0e378f4bb7a96f8aae30ca5acc7188eaffd4
=== RUN   FuzzStacktrie/252571beca4e159a8ad07b0604bafc6624c24d82
=== RUN   FuzzStacktrie/25edcc2a0b3a17cba157192a5dd9830b99063726
=== RUN   FuzzStacktrie/26cd88883e0990b90b8afb04b2cf7c1a98ee8dfc
=== RUN   FuzzStacktrie/2857624f5884f2a0547160cdd4664bfad1dc2edd
=== RUN   FuzzStacktrie/28a1275df52553e97c0a9f61d52a7d7d38ba4470
=== RUN   FuzzStacktrie/2972a81c5de600feb2cebd6083e7ac473ea954ca
=== RUN   FuzzStacktrie/2b2949b8d6b8d085de85aba5c2a9e60eec46809b
=== RUN   FuzzStacktrie/2b8e145f1cd6581d10504c75474378ef89b86791
=== RUN   FuzzStacktrie/2bb28ea3b87b0d67a26ef44fa74cf29adbd8fa5f
=== RUN   FuzzStacktrie/2c3bd0e11dc282a4e79d45272728512c736d09fa
=== RUN   FuzzStacktrie/2cb0ea8b1f8c9b30c44b900c8d21a8cdb373d1d8
=== RUN   FuzzStacktrie/2cb3f37a0a687af799f3a4e36b33e2daea4e2c7c
=== RUN   FuzzStacktrie/2cd2d6cd6a19168af61098839ee61523c7c7db58
=== RUN   FuzzStacktrie/2da1916a6c16280629572388679629eb359380ac
=== RUN   FuzzStacktrie/2ea39384c49d79273d3a8ba6bc98a35499c6dd14
=== RUN   FuzzStacktrie/2f397400baee0703f46ac8501cc9880bd2880c57
=== RUN   FuzzStacktrie/2f4cb0d9868ccad91a1e000382e4aeb9a647c8a2
=== RUN   FuzzStacktrie/2f711f9bed6b3a3a8768a65d5f84d7c2ceeac365
=== RUN   FuzzStacktrie/2fac6be7a3adf26a6b71170a99134108dcd6737f
=== RUN   FuzzStacktrie/313dc4f7ff0825fa74b254c2dc7584decbdf8ba5
=== RUN   FuzzStacktrie/315462a4a0ff879319806797ba1bed0a3a2ab26a
=== RUN   FuzzStacktrie/315e00a2360e2b04fe2577666e6761dd8134ae2b
=== RUN   FuzzStacktrie/3162476ab1088d7cb0498a2bf09632aab8ae1a2d
=== RUN   FuzzStacktrie/3169c4d0c8dd243f9d0bfe895e6152dc131fa76e
=== RUN   FuzzStacktrie/31d4cffcdda18c8c03b6d5ac9d33511dfa290186
=== RUN   FuzzStacktrie/33fb31646f8ee4f18bf5ea9f73780027d209707b
=== RUN   FuzzStacktrie/350022739a986c5208bdeab0baf3851f07caa22d
=== RUN   FuzzStacktrie/35a8fa9cdb20ed0e8f235cce4f4dedfdfe62405b
=== RUN   FuzzStacktrie/35ce2043128c2cd59c1deb151c9b271f71559264
=== RUN   FuzzStacktrie/369ac6e94e619507d593ca51f7938d3f6836f147
=== RUN   FuzzStacktrie/371d0e7f4d5d98bf268cc751f6e52875e588e434
=== RUN   FuzzStacktrie/3722bcf16bec702f19cd804f7c986c1bde02baa3
=== RUN   FuzzStacktrie/37a1c6d73e4d7e92cc46fe2c42b0792108bf09b3
=== RUN   FuzzStacktrie/37e6b8170ce40a130c8c5a18db796c7d4d134e77
=== RUN   FuzzStacktrie/385d6e90ca77583c67159d647a7ae6b810b78ca0
=== RUN   FuzzStacktrie/3901de9321c1931d4db88b9b6e7735ccb27915f3
=== RUN   FuzzStacktrie/3966d3939f262822ac7bb5d4fc5188a76eb98d23
=== RUN   FuzzStacktrie/3af91adbcaa35d395e2ca130fbf5e142971dcc21
=== RUN   FuzzStacktrie/3b400793230181d41ce0f15de0bb79b120c247b8
=== RUN   FuzzStacktrie/3b4ec7376b1dd2fc68b2ea15bf9cfae272194452
=== RUN   FuzzStacktrie/3d500872143598d8f9087ba90c2e2e1125a3365a
=== RUN   FuzzStacktrie/3d99ba06e1678daaa790b5ec40871159b5c7c1f3
=== RUN   FuzzStacktrie/3e325c8c81f5927451e92be9f065c94a5051d09b
=== RUN   FuzzStacktrie/3f7c8a9a434471412ad64454f667588b362a82f8
=== RUN   FuzzStacktrie/40bf22f04adf1a233170c930b20f20da1a392306
=== RUN   FuzzStacktrie/417076a8168af9cce4ec766a0d3666ab31b5b2b0
=== RUN   FuzzStacktrie/4184c3b503b1a2a558e6aef62dfacd65625636d8
=== RUN   FuzzStacktrie/4251e93e69b0c49783d3a7326202b6172d8f896b
=== RUN   FuzzStacktrie/42c8b86a71b609cb8907d9e148e1a23c697a25ca
=== RUN   FuzzStacktrie/43789836bc434888a62434e42b861ccdb4a9e1df
=== RUN   FuzzStacktrie/438966e77063037b6f256265c5926dc5eb587261
=== RUN   FuzzStacktrie/452b5ca8439bc535396419efd875584ab3fa044f
=== RUN   FuzzStacktrie/45454c0b08c696555d06df3a3b494a9ed7bb0ee8
=== RUN   FuzzStacktrie/45510c633a64d406647a0429112b7d3fa0af149c
=== RUN   FuzzStacktrie/45621a2fe3e8e944fb3dc7539f5ea489b97582de
=== RUN   FuzzStacktrie/461b0af366bf391cb5bc31e96e6a2b716df34203
=== RUN   FuzzStacktrie/468baf6593be34d7062f08ebe09024add80031e2
=== RUN   FuzzStacktrie/470aa4f658268860aeea541ff54079b1c62948b0
=== RUN   FuzzStacktrie/48efc34cb39d4b0c93688c6d143b4cbff50e2319
=== RUN   FuzzStacktrie/497fdb78c5814ad49b8b961ccbcce0a82e708bbd
=== RUN   FuzzStacktrie/4b6cedd89d25e602334357e659455751442dd421
=== RUN   FuzzStacktrie/4d976946da2b00f6f847c4ebb027a1cf1df0b033
=== RUN   FuzzStacktrie/4dc772756bba037babdde58741d8a02f13da64b0
=== RUN   FuzzStacktrie/4e3a33983f363cf79a0025858eb3584fed8341d1
=== RUN   FuzzStacktrie/4e637c1045daad722efd16b5aef16d137d5f18f8
=== RUN   FuzzStacktrie/4ebbdb521679c182f3df0c7ee8dd4122c33c21c4
=== RUN   FuzzStacktrie/52c8251be25fc8acf36d39c9a595d47601c53249
=== RUN   FuzzStacktrie/53576ce576c37cdf0a6a9046b335c2db1931d5c7
=== RUN   FuzzStacktrie/5572592b012555ee330797d3edf0af37c785e6c9
=== RUN   FuzzStacktrie/5730e1a703b0648c3f364ab735ec6d40e3817886
=== RUN   FuzzStacktrie/57dd688dc30036d717c451935020ad44d285cc20
=== RUN   FuzzStacktrie/590ba151bfb76585cd88c1dcbfb87ead1a3e3efe
=== RUN   FuzzStacktrie/596177e2ab5bc5558935fd084cf9b1aab2ed0cc4
=== RUN   FuzzStacktrie/597025ee1b329beb496081df2507b3bb89b9d755
=== RUN   FuzzStacktrie/5acdd5631ebfdab61444967ba4a19c6b42ac046e
=== RUN   FuzzStacktrie/5b069cb8ee220d23abe8820ce9c2c47874bb66c0
=== RUN   FuzzStacktrie/5b28afa917daf7f799de4c5d2fbd5aa5392bbd22
=== RUN   FuzzStacktrie/5ba93c9db0cff93f52b521d7420e43f6eda2784f
=== RUN   FuzzStacktrie/5c2b5c640d572a6ae663117d3dc53150694196d7
=== RUN   FuzzStacktrie/5d2f16543c37dce701069b27a96edfb005ce7d9a
=== RUN   FuzzStacktrie/5ddec2160ed9b649286f1c2e6f2ca0ced895029c
=== RUN   FuzzStacktrie/5e03759dc4c160fe31c91e4ef3cac4a493ce2c49
=== RUN   FuzzStacktrie/5e39c515254fb6a87dec911630fa173ab78fb132
=== RUN   FuzzStacktrie/5e6ae60f3b587ff1b59abbe81bc377bb587a7d8d
=== RUN   FuzzStacktrie/5ecb37389fc8780bce667417774e8c75fecd819b
=== RUN   FuzzStacktrie/5fc929815397c65576880eddc5b2ac483939b3fd
=== RUN   FuzzStacktrie/5ff1419ed1b33193774cd9c71cbe9482c5a2a173
=== RUN   FuzzStacktrie/60105b97f84250f4a0585845a6274a43fd24069b
=== RUN   FuzzStacktrie/61041334708b288efe72487b19144d93cd5d93f7
=== RUN   FuzzStacktrie/63b2f6a9e8f16074e20c10e0072905e1e97b1a2e
=== RUN   FuzzStacktrie/646df253e264908044033f734675a010b70b865e
=== RUN   FuzzStacktrie/6484c17a83918d03c65a58970782ca808a279a30
=== RUN   FuzzStacktrie/64e4f1e36a264bc93b756e429cfa0bb11022e2a7
=== RUN   FuzzStacktrie/672188c4056e5b48ca5882001f495065f162821d
=== RUN   FuzzStacktrie/672dabe59314a610ca8734432d2a75a18b52f878
=== RUN   FuzzStacktrie/68184c97fdc015d57491abcc0842cef47415f1ad
=== RUN   FuzzStacktrie/69d2be6359435218f0bc93d0062120b90d3d0aa6
=== RUN   FuzzStacktrie/6ae4422d5a27da192f533b67ec4fad4d6c42107b
=== RUN   FuzzStacktrie/6aedb70278a06b10592d95646073aa6809062ece
=== RUN   FuzzStacktrie/6b417919d0401c77a8f94f1783e76b22d5152079
=== RUN   FuzzStacktrie/6c250cb0493832df74927d597e11358e72a119be
=== RUN   FuzzStacktrie/6c8114eecd57adb77a4233daca4deec9a9c93790
=== RUN   FuzzStacktrie/6cc796aa8ce2cf9ed81a36292a0a6c34ab17af85
=== RUN   FuzzStacktrie/6e9d9b720b34f71b41dc87b2e365b3187a906207
=== RUN   FuzzStacktrie/705f99cf44b386984be39e63df48ac22044344e0
=== RUN   FuzzStacktrie/710eba7eab337370c71ac5cfa51df30ab3a14859
=== RUN   FuzzStacktrie/71853c6197a6a7f222db0f1978c7cb232b87c5ee
=== RUN   FuzzStacktrie/726f85af4496465039826d13a909503c47c32a4a
=== RUN   FuzzStacktrie/727d08f24a366a6d9054056ff362386eaade2832
=== RUN   FuzzStacktrie/7421b3df8e3255757319c09cc378ecb85624a09b
=== RUN   FuzzStacktrie/74763293e48568e5657cfe0e5843ab396ca44931
=== RUN   FuzzStacktrie/759b0e3c3b0b8f0c69bbb420b8f5a17bf6fc6d65
=== RUN   FuzzStacktrie/76254ed7710aa7f43987b717053e45866715ccd5
=== RUN   FuzzStacktrie/766630e099c3ccbb2009a0178ec742444d81a824
=== RUN   FuzzStacktrie/76b5a07d6d78e5ce83781627850d4acbe8b8d269
=== RUN   FuzzStacktrie/76ebaee0f819c92012c91dc17d61147568d3e19c
=== RUN   FuzzStacktrie/771ab43ab934f04e52833e541f3bace3cbc3f22c
=== RUN   FuzzStacktrie/774219f24d386ba66cc9061202ded24e8cf99bc4
=== RUN   FuzzStacktrie/7746835df5ef943d65263f1b316cdc5338388199
=== RUN   FuzzStacktrie/7767e12adab95a0135d5908f1e75af034830de33
=== RUN   FuzzStacktrie/7809ff4a414d733505e3691daf977b2b6a3637d3
=== RUN   FuzzStacktrie/78bd4cddca521cebadac26d1ebf047b74425e645
=== RUN   FuzzStacktrie/792f05b767db59ffb5dfb0bb7f82b6b20ea01252
=== RUN   FuzzStacktrie/797bfe0ed488f9b70f6166611a3c6c40951198af
=== RUN   FuzzStacktrie/7bd822e6d883a247e74191e28a3980cc4af31dfe
=== RUN   FuzzStacktrie/7be6922f983a3ee9395ad4e1f637a5f5035f5661
=== RUN   FuzzStacktrie/7d7d061cba9889d9e41ee705e097092165de1232
=== RUN   FuzzStacktrie/7deb946b4f3314a678000f082650d33af6c3e33a
=== RUN   FuzzStacktrie/7f2454786b0a4f419108e318cf06e6b9b83959c8
=== RUN   FuzzStacktrie/7f9a7b759245d975bfbe3af69fd072a3806794a6
=== RUN   FuzzStacktrie/7f9b3862a3f1dff811c4e84b5e03a48f2bc65842
=== RUN   FuzzStacktrie/8031932eac4b55fdfb310ca8a92d8dfd738bf403
=== RUN   FuzzStacktrie/8317a69d02a2fc29ef02e4de0f77dd724475b8f4
=== RUN   FuzzStacktrie/831a2da56234c6759ba9c2a4cde52d284c6e4ace
=== RUN   FuzzStacktrie/83b4918e940bb95d8961fb9c94b6482482871a9a
=== RUN   FuzzStacktrie/843720d9ea6ff650b3f1d381391a127df79ded48
=== RUN   FuzzStacktrie/84a4c7806290d44d11f58fc8a2e06ce7a392f840
=== RUN   FuzzStacktrie/8673f74a19696e9f62538f5cf478aafd88f6fdf0
=== RUN   FuzzStacktrie/86f60257a5deadd56e4e2cbd1dd5126fce06d8e2
=== RUN   FuzzStacktrie/87cb0eb236011bf28520e2496af5f6b60c7fa73a
=== RUN   FuzzStacktrie/881844c4498d8b706b09a1faf26ea53e2256597c
=== RUN   FuzzStacktrie/885cc5f1d031f58534440c1610064e347930f6cb
=== RUN   FuzzStacktrie/8996009837354053bd98debcf8fd0621bc7f3d78
=== RUN   FuzzStacktrie/8acbcb601715b1fee3641ddeff63eddd1a3169f1
=== RUN   FuzzStacktrie/8b8f6520d1b33f4d1f95a5e8c217ebd1685de8e5
=== RUN   FuzzStacktrie/8ba18d25089543311be51482731a3561fe802cb9
=== RUN   FuzzStacktrie/8bdb2da1eac65431020fb52f4eb9bc62774a9b7b
=== RUN   FuzzStacktrie/8d484f6c1be8e0626cce53d530899cd86e1530d6
=== RUN   FuzzStacktrie/8e7fb8b7fef78edfc5f8dc827ae7c1ba509d0cec
=== RUN   FuzzStacktrie/8eecbab8f0b3f7f2368c31ef9a99e97c0bfb15eb
=== RUN   FuzzStacktrie/8f130813838e0525e68223d2e8ebdb21710bb0c1
=== RUN   FuzzStacktrie/8f7e67a3b19baf13b4386926a433fba17a930971
=== RUN   FuzzStacktrie/8fd97a7503a910f8cf0ef25bd6577d436b208da4
=== RUN   FuzzStacktrie/905effbdc35a9a3b894a1abbfc99bb15a215ef52
=== RUN   FuzzStacktrie/9069ca78e7450a285173431b3e52c5c25299e473
=== RUN   FuzzStacktrie/90d9789f8c2c2e89fd9fc5ae23e889923041e25d
=== RUN   FuzzStacktrie/90ec15138b1e7589d65bc1d385137d3d46f2f9d2
=== RUN   FuzzStacktrie/9129b82fbc9a3627d6fea63cbb03644b5eff8275
=== RUN   FuzzStacktrie/915dbc79430dd2bc864141b97c62bb0f4cd2284b
=== RUN   FuzzStacktrie/94d0601b9486e4c43099f38cca773089ec273de9
=== RUN   FuzzStacktrie/95cf26d593b2e252912bddfc9c82efc7a6809d5b
=== RUN   FuzzStacktrie/967b1399387f468a19bab333e24ee633d7ae4034
=== RUN   FuzzStacktrie/9709a2f6e8d23e4d4f464dc39ef14ead765531b8
=== RUN   FuzzStacktrie/97453c2f8af19b7e4edbda1d8138c18ef6e0ae48
=== RUN   FuzzStacktrie/98ce45f0a80692d1e474c21cd03e19769d0f3b5d
=== RUN   FuzzStacktrie/98f86d0d767e1aa3cf2e606b38fec2f34a35220d
=== RUN   FuzzStacktrie/9a0adacd234393a25bdb9e185043dd4803d77cf4
=== RUN   FuzzStacktrie/9c58fc6bd157c23c981b2a317a83f49f7b25d40d
=== RUN   FuzzStacktrie/9cc6d6efc1bb708a4a4e7330d5090e215ed654d2
=== RUN   FuzzStacktrie/9d9772639a50132fb09ccc229d32c9d7e88be371
=== RUN   FuzzStacktrie/9ddc4bffef13a1c3afa1fba34e32d8134c7bea79
=== RUN   FuzzStacktrie/9e63d14bb15fe85e44b2e259356ad1764f05de25
=== RUN   FuzzStacktrie/9f263f1d35899f16c89edf080fb37ad1c6538e8d
=== RUN   FuzzStacktrie/a11fca201c679e6a69a123a4258e5bada30ab119
=== RUN   FuzzStacktrie/a1af0ed8082d5dba1394dc7ee5fee8a23afff26f
=== RUN   FuzzStacktrie/a1ffb75e924601776af38053a6008ebd9bce9c42
=== RUN   FuzzStacktrie/a2afc8e19e7413a971eaabda8072096204ebdded
=== RUN   FuzzStacktrie/a3bb9b9d63e9c9ea99b2bd275bcce0c98444d88b
=== RUN   FuzzStacktrie/a4d613b4c7bb8c8b4ea8b49ca95e2b4b3fb1f43e
=== RUN   FuzzStacktrie/a5327de46d4172a0b1436a889275074d6dec0b9c
=== RUN   FuzzStacktrie/a5c5b0c0f27f3114be5e8cdecce959581b5b181b
=== RUN   FuzzStacktrie/a695cb1a604135bf749c9b65e8bc629286c0b441
=== RUN   FuzzStacktrie/a6a66802de5984063f7c9493b45774445c0ec418
=== RUN   FuzzStacktrie/a6c522b9ccb39150dfbe077c05ddb87e32e1ae52
=== RUN   FuzzStacktrie/a6e8e7b13d050bb38dab0697bbba84ffecb8911b
=== RUN   FuzzStacktrie/a7480a2eeeefc94359e795f75846d51ea522cdf0
=== RUN   FuzzStacktrie/a7e93756fa3f0af1c7bdb40954c9d0d7a3a9fd20
=== RUN   FuzzStacktrie/a815405bb685575759f67243bb94784aeb29296b
=== RUN   FuzzStacktrie/a827af78fabefa09ae32a0d04a207315e543d9d4
=== RUN   FuzzStacktrie/a98f8679fadf526fa74ff1c850eda3e732489aad
=== RUN   FuzzStacktrie/a9aab0fe7893d6c0e7b57bb8d96f70d90f65badf
=== RUN   FuzzStacktrie/aa103eff27591201e0abc83b9459d8fd038d5a4c
=== RUN   FuzzStacktrie/aa3179fdabaa20af26c550280a00178d040777ba
=== RUN   FuzzStacktrie/aa33b21dfc03acc3cdf695b8eda6c6c736e0fa15
=== RUN   FuzzStacktrie/ab8b4e226af66222388d352f51050dd08a85e362
=== RUN   FuzzStacktrie/ac16c37ddcb42749f9ea365a669fef0d41090862
=== RUN   FuzzStacktrie/ae1b903699af54678201e85d24f9d0b1b89c46a4
=== RUN   FuzzStacktrie/ae743137a5077212005c49dbcf4a17e3ad16c002
=== RUN   FuzzStacktrie/af5e0e57fd1a2190812152b090096674a3f79752
=== RUN   FuzzStacktrie/af7d0b75e1727ad27e4bd168a10ef0d36d7e0c3f
=== RUN   FuzzStacktrie/afdc6b413ee79c51de7d970f41f69fb32ea226e9
=== RUN   FuzzStacktrie/b22fc12f785bb1b71f56b8d67e4837f10d5f7933
=== RUN   FuzzStacktrie/b2421d9b35f35ab49e29ca0ee4b6056ba13442a1
=== RUN   FuzzStacktrie/b40b128e2bc568310ec9d540cd823730885ce629
=== RUN   FuzzStacktrie/b42128571ba1744a0f4635087a0792675480e741
=== RUN   FuzzStacktrie/b44e80ec6318742e6e44f2316f8c88dca2f293c5
=== RUN   FuzzStacktrie/b4a62380626716f4e4ec74af102bf860ff31e0f4
=== RUN   FuzzStacktrie/b5727e82433c2656df62cf55194bc9ed4ad49a3e
=== RUN   FuzzStacktrie/b5d1cee52d966b12292f847df3e65dcf142cece8
=== RUN   FuzzStacktrie/b730cd5d21593df2fa970b5a23836ea6f425829a
=== RUN   FuzzStacktrie/b8e922cd157b325e8f52ca66712388b77d4394ed
=== RUN   FuzzStacktrie/b9930a4b603161cbdbe5072a731475dff908e932
=== RUN   FuzzStacktrie/b9ec199a5271811e71600f85786f2cc4e8e3faf5
=== RUN   FuzzStacktrie/ba992ce0bdbce3f23de4e6a2249d5fb191cf2524
=== RUN   FuzzStacktrie/bb7c014b267e95d4f740c0313cb6db91dd775d5d
=== RUN   FuzzStacktrie/bc48300972458d6c1c2567ab874144afb8a818c6
=== RUN   FuzzStacktrie/bcbc07873ba5b03924962e8975b8752714630153
=== RUN   FuzzStacktrie/be5b5b068089834aacdb90b8712d7690b7614fc2
=== RUN   FuzzStacktrie/bf0b8d9659045523031a38f891ddf27af089ae7a
=== RUN   FuzzStacktrie/c0b080c3debb40973e547349d2777e2b4e5954c8
=== RUN   FuzzStacktrie/c0b60bbedecad55dbc08282341c8b86bea3a0b7a
=== RUN   FuzzStacktrie/c15a5abe6cb29eb16660cabb9f27e42f608de1fb
=== RUN   FuzzStacktrie/c1ca1b4d777b4dfe2faa118815d737bd340ff324
=== RUN   FuzzStacktrie/c1e88810d1860fdacf8b600d5c3922ddd201c625
=== RUN   FuzzStacktrie/c35f00958135f0d03c17876db836720d74c23a9a
=== RUN   FuzzStacktrie/c4e1214792f4c56d21cef9676f5c4f439cbc00b3
=== RUN   FuzzStacktrie/c69de452c87bc06e054c1bb960447e67f3824e60
=== RUN   FuzzStacktrie/c7f09b79d59039178ad72e0a725a0cabc7a877c0
=== RUN   FuzzStacktrie/c8c5d8d0e7ab185ef15d4cfb986fa6c0e785115c
=== RUN   FuzzStacktrie/c9220d3e7b6d6abb8ee620f092d68983c414e7ec
=== RUN   FuzzStacktrie/c94e46762bf5793be71837aef4871a1ca615d593
=== RUN   FuzzStacktrie/c9ee7c3670c17bcc844bb071b52bb37cda366212
=== RUN   FuzzStacktrie/ca65765d0cdec7f8eb12b83cc3cd9eeb475a7af1
=== RUN   FuzzStacktrie/ccd165a7e5a3eb709bfac2c629157961b32d23e0
=== RUN   FuzzStacktrie/cd8f1f6a4af59f0eac31ad897539ea90d42655f9
=== RUN   FuzzStacktrie/cdd81dd397bf8e28e10bad35e500780cac188c7a
=== RUN   FuzzStacktrie/ce58fef966926593dd3228662d7984905611e640
=== RUN   FuzzStacktrie/ceb9f06e8c293128bef133ae87e67438f56be72a
=== RUN   FuzzStacktrie/cfad0aefcb1e5ef90054e5bd40d4fcd6b9223a6d
=== RUN   FuzzStacktrie/d1d45c07b493b8b250cfc7fd4b25ca10783024aa
=== RUN   FuzzStacktrie/d2f94f01d557cc687e1a8c1ffc4e7649c837fe03
=== RUN   FuzzStacktrie/d302ce815c44ba6375d055c6b9c72b8393391dc9
=== RUN   FuzzStacktrie/d399e4b5419ae1c512900d30bf610a6322851c5d
=== RUN   FuzzStacktrie/d4374035e2d2f17dad365a7a74e0e0ebcc51377f
=== RUN   FuzzStacktrie/d48b4167bd466fc35a7664d0eaf6708f27ddf43d
=== RUN   FuzzStacktrie/d673899690d95cf52f22955e56e137e73c558e27
=== RUN   FuzzStacktrie/d6f9134eba8334f6364dcde69d4f1e3379c760d4
=== RUN   FuzzStacktrie/d74d4d9a8fa370efb73e9cbe79f5b225439749fe
=== RUN   FuzzStacktrie/d87e55f0277018f227c3f323b4a369adfe7d8bc0
=== RUN   FuzzStacktrie/d8be47c6d0a919d3bae6edc50901f8df6c3cd8cf
=== RUN   FuzzStacktrie/d8ce7cb8ee7bcfb2deacbd6223bd15f2aa858ac3
=== RUN   FuzzStacktrie/d9735b938908a2c7e75941be56a6e7ce16f92291
=== RUN   FuzzStacktrie/d97931e8c5e6330de2e0b4f4f6d70966b35870bf
=== RUN   FuzzStacktrie/d98cbaa3e5ca2e9bdb13d16085615b25f92ae928
=== RUN   FuzzStacktrie/d9a2653e1b66715d142236457296b00e0dae753d
=== RUN   FuzzStacktrie/d9d89769c79e08f8f53db573c0a4c84aa4a9e64d
=== RUN   FuzzStacktrie/de56d24ffbfd8241ff6c9cccd4b5b0fe1791b6d6
=== RUN   FuzzStacktrie/de6ec784a04b5d64600b30fd4962001d1e4adb47
=== RUN   FuzzStacktrie/e03b3b1f3475eed826dbb3543f667973f8b169e0
=== RUN   FuzzStacktrie/e0e6d7d5986fc241d2c8faad1400637563bb6da2
=== RUN   FuzzStacktrie/e2e25b22d9a304e4af9e16348ab21d7f5fed4942
=== RUN   FuzzStacktrie/e3461355abb153a5eb713ef50cda7354b0e22c22
=== RUN   FuzzStacktrie/e395c07240d3494d182447e03fa87d35018f7a81
=== RUN   FuzzStacktrie/e3a56919821c911068d260c0ff7f89b7a0b4930e
=== RUN   FuzzStacktrie/e5ac05fd1d14ab0ab9dc518e22491b7a7065c967
=== RUN   FuzzStacktrie/e5fe663aa7b43056ceb8aaeb4606522f53c5f9d4
=== RUN   FuzzStacktrie/e62975233b28effe3468fcf3e2c035525b0e4790
=== RUN   FuzzStacktrie/e6a70345e37cb2ae9dc6febd0723e761c3bee2fb
=== RUN   FuzzStacktrie/e78d7209c99d278a294e50eb2f87d6d7b729976d
=== RUN   FuzzStacktrie/e7e1a4657eba786764c7b7ceeaaa5d8d85ea8c77
=== RUN   FuzzStacktrie/e80ed127c04082c3640fe552808bc16acc7528cb
=== RUN   FuzzStacktrie/eb59f61775f47b620e68082a5a55f9e4a0b8ecad
=== RUN   FuzzStacktrie/ebe5419dc5acf8a522b91f75d86e0acd48fd10f5
=== RUN   FuzzStacktrie/ecf21725e0621dff702e3dc1ba5fba40c1a03eac
=== RUN   FuzzStacktrie/eee96b51053d50880dae5b3908361e91f6e3bb89
=== RUN   FuzzStacktrie/ef1371a8b9c78061356d87342508c6f862055c60
=== RUN   FuzzStacktrie/efa967af8e516411c257cac56883192de50e3d29
=== RUN   FuzzStacktrie/eff930b66d64f5c507fb2561b480607b5b190916
=== RUN   FuzzStacktrie/f008d4a531083c5517cbd40b4add0ecf50172600
=== RUN   FuzzStacktrie/f143b7d1bd3486c58d6f36539816adbf4f211ec2
=== RUN   FuzzStacktrie/f1ba2ccdb2599bd824913b1821c99de8a751ef15
=== RUN   FuzzStacktrie/f1fb880eb7e8ce497337e4387f2a8835cb52a52d
=== RUN   FuzzStacktrie/f442db17a0ce39b5d1dd4a94522ae9eec1fc5080
=== RUN   FuzzStacktrie/f4b98c31dfc8782c4178be177fa51f216b97f209
=== RUN   FuzzStacktrie/f4cb3e93afa319474b6ff7a8712f33d4e04febb3
=== RUN   FuzzStacktrie/f51c3e74f2c4720ec04037e4b6eee27144174aea
=== RUN   FuzzStacktrie/f54e9357303741e0d4651e57c24083eb8b745269
=== RUN   FuzzStacktrie/f5577bcb2ed2310c11f56e1c7ad7fccaefc9e3b4
=== RUN   FuzzStacktrie/f60be12141664412dd2bb9de9c91e9fb9b767489
=== RUN   FuzzStacktrie/f62f97fad7905f5f6621e9333d6aa2b280451210
=== RUN   FuzzStacktrie/f7e765ee14383c10be5593ed5b0138e52b501a32
=== RUN   FuzzStacktrie/f89c7d755753d2f6b29c4a45a2a1a32a9825aa81
=== RUN   FuzzStacktrie/f97bbd20a757aa0541d6a55ce4e31b1729cf76a2
=== RUN   FuzzStacktrie/f983d1a7087d5158759899544d5a301f061d4106
=== RUN   FuzzStacktrie/fa535fc76e6c4b0c53375246cec1335e935a55bf
=== RUN   FuzzStacktrie/fa660406c74b7d93fc7370348ccc89ed0e48faa9
=== RUN   FuzzStacktrie/fc1c69770e26ef9946111827e368c8667317cfb2
=== RUN   FuzzStacktrie/fc5c74510fbe7a32d6cb06121f2ac06f96ff5d45
=== RUN   FuzzStacktrie/fcfa1c3dc3965ea695a3f9550004710f489b07db
=== RUN   FuzzStacktrie/fd664fd7e88e1086fc8b980aaac8a39f4dad48f7
=== RUN   FuzzStacktrie/fe50ad137ccf4c6c9c195285fbcd0725311a2df7
=== RUN   FuzzStacktrie/fefce28fd99b3060f6e57d3b423fada855195c78
=== RUN   FuzzStacktrie/ffbb0918862706ce19a03acd6caf9441dea293c9
--- PASS: FuzzStacktrie (0.14s)
    --- PASS: FuzzStacktrie/00a4cef061effe682a7c59317f4bf37552f5e9e6 (0.00s)
    --- PASS: FuzzStacktrie/01ce7c4634e7bd77452c4331e27c1a5711d06c4b (0.00s)
    --- PASS: FuzzStacktrie/02202d14cf589f4c36b32ce2031b9c01ddd889d1 (0.00s)
    --- PASS: FuzzStacktrie/044751dc737125a788b984db6fc506505ff0e625 (0.00s)
    --- PASS: FuzzStacktrie/04f44d07879e796d6707c8a9f177e7e0ae2aa43c (0.00s)
    --- PASS: FuzzStacktrie/051cdba7df3048610889d56e36071afe7486a8df (0.00s)
    --- PASS: FuzzStacktrie/05f0504bd108dd82c2e079be493c359bf9645389 (0.00s)
    --- PASS: FuzzStacktrie/067ebca4a819e8ac8fb2ee6e8eac63174618665e (0.00s)
    --- PASS: FuzzStacktrie/0882edca5190e87d15e4d45f5b70387bcb763726 (0.00s)
    --- PASS: FuzzStacktrie/08b8f2534a8aabf840c0a91c28f39c22c6877a08 (0.00s)
    --- PASS: FuzzStacktrie/096da30099bdc087e5c0b432b984ebd3996aa1d3 (0.00s)
    --- PASS: FuzzStacktrie/0a2f3f535539aee20f67506aef530479ec218f3f (0.00s)
    --- PASS: FuzzStacktrie/0aeeeca61e6edf3abb64e160341a65410f776587 (0.00s)
    --- PASS: FuzzStacktrie/0b7d45181a53446f25d8dde23c8c314c84a693b8 (0.00s)
    --- PASS: FuzzStacktrie/0d809061a8e76f2a03da1057ef85a6d7409d071c (0.00s)
    --- PASS: FuzzStacktrie/0daef61bf41f63fb4f6592968060fce5a286cd05 (0.00s)
    --- PASS: FuzzStacktrie/0ee78816ec5a2f243babc8c2932373632af949de (0.00s)
    --- PASS: FuzzStacktrie/0f2f41cbbd5acb9b57ef6ae540eacb44d08509f5 (0.00s)
    --- PASS: FuzzStacktrie/0feab27dd2ec0136f38f4d6a8e011bcdeee87d81 (0.00s)
    --- PASS: FuzzStacktrie/0ffb6ade3f9eb2f952cde06ad7065d354d44bb70 (0.00s)
    --- PASS: FuzzStacktrie/115f345e09853fb4ff75a0e0a66d427537881161 (0.00s)
    --- PASS: FuzzStacktrie/12a6cfe0e2223500f5709071664c2d69efe707c9 (0.00s)
    --- PASS: FuzzStacktrie/133c2b4133f514f35b68094995207f8bb4907e6e (0.00s)
    --- PASS: FuzzStacktrie/13b3c7c069fb54c8fa9875d38698b3a24fa49fe1 (0.00s)
    --- PASS: FuzzStacktrie/13e27699505fe5e77b4dfd38836aca4cfca7ee4f (0.00s)
    --- PASS: FuzzStacktrie/180faed9da739d92724c73c3cf98ab60747f775e (0.00s)
    --- PASS: FuzzStacktrie/187ac257309073bbdcfb7b775bb77d0f290e00d3 (0.00s)
    --- PASS: FuzzStacktrie/19087c3ed1acf7f67227275eea9c26d07866b35a (0.00s)
    --- PASS: FuzzStacktrie/1961cca969c34b33cb61e12fbdc31aa891b26200 (0.00s)
    --- PASS: FuzzStacktrie/19c7555588f80ab4dc4c09e300f87b8a48878076 (0.00s)
    --- PASS: FuzzStacktrie/1afe73d41bd62945d8ef97db98adc722f28e970f (0.00s)
    --- PASS: FuzzStacktrie/1c05dd3506dc74a5aa82c4fbc3a75b6297dc6caf (0.00s)
    --- PASS: FuzzStacktrie/1c25a9a8aa286e8c35e481ea21ce1b59c43d45b0 (0.00s)
    --- PASS: FuzzStacktrie/1c52c226bf3c2a7d9db81d23a3af257a46a2dc5c (0.00s)
    --- PASS: FuzzStacktrie/1e1472db9fbd095c57094f272629a0101cd5a35f (0.00s)
    --- PASS: FuzzStacktrie/1fd89a69b0ce4d37bc6bc6e07c1c720c5036690f (0.00s)
    --- PASS: FuzzStacktrie/212465a9b23ec3693d74a0f9ba2c9b23f2dfeb54 (0.00s)
    --- PASS: FuzzStacktrie/213b92564dbecc9bda0c55402eeee674343bbb6d (0.00s)
    --- PASS: FuzzStacktrie/225c29d61521473110f4e26a22a23f896ee5eced (0.00s)
    --- PASS: FuzzStacktrie/2278d34b62f8535ccb13341f7b6900eaa05701a6 (0.00s)
    --- PASS: FuzzStacktrie/2370e05566acadd8ecb04034c12e36729c894f84 (0.00s)
    --- PASS: FuzzStacktrie/23f30d4600ba76a3a8708fbd262023529c25d0bb (0.00s)
    --- PASS: FuzzStacktrie/240a362b1f83be6b2bff60a5e9af8b8d629e6fef (0.00s)
    --- PASS: FuzzStacktrie/24490f59987649dd41b544a03e2a26a3f5c6e5dd (0.00s)
    --- PASS: FuzzStacktrie/2486a12ef504a3813865a3f97dcb2769a55747ca (0.00s)
    --- PASS: FuzzStacktrie/249a6526223fa64be5a8f9215cbe1531dee5b1bd (0.00s)
    --- PASS: FuzzStacktrie/249c0e378f4bb7a96f8aae30ca5acc7188eaffd4 (0.00s)
    --- PASS: FuzzStacktrie/252571beca4e159a8ad07b0604bafc6624c24d82 (0.00s)
    --- PASS: FuzzStacktrie/25edcc2a0b3a17cba157192a5dd9830b99063726 (0.00s)
    --- PASS: FuzzStacktrie/26cd88883e0990b90b8afb04b2cf7c1a98ee8dfc (0.00s)
    --- PASS: FuzzStacktrie/2857624f5884f2a0547160cdd4664bfad1dc2edd (0.00s)
    --- PASS: FuzzStacktrie/28a1275df52553e97c0a9f61d52a7d7d38ba4470 (0.00s)
    --- PASS: FuzzStacktrie/2972a81c5de600feb2cebd6083e7ac473ea954ca (0.00s)
    --- PASS: FuzzStacktrie/2b2949b8d6b8d085de85aba5c2a9e60eec46809b (0.00s)
    --- PASS: FuzzStacktrie/2b8e145f1cd6581d10504c75474378ef89b86791 (0.00s)
    --- PASS: FuzzStacktrie/2bb28ea3b87b0d67a26ef44fa74cf29adbd8fa5f (0.00s)
    --- PASS: FuzzStacktrie/2c3bd0e11dc282a4e79d45272728512c736d09fa (0.00s)
    --- PASS: FuzzStacktrie/2cb0ea8b1f8c9b30c44b900c8d21a8cdb373d1d8 (0.00s)
    --- PASS: FuzzStacktrie/2cb3f37a0a687af799f3a4e36b33e2daea4e2c7c (0.00s)
    --- PASS: FuzzStacktrie/2cd2d6cd6a19168af61098839ee61523c7c7db58 (0.00s)
    --- PASS: FuzzStacktrie/2da1916a6c16280629572388679629eb359380ac (0.00s)
    --- PASS: FuzzStacktrie/2ea39384c49d79273d3a8ba6bc98a35499c6dd14 (0.00s)
    --- PASS: FuzzStacktrie/2f397400baee0703f46ac8501cc9880bd2880c57 (0.00s)
    --- PASS: FuzzStacktrie/2f4cb0d9868ccad91a1e000382e4aeb9a647c8a2 (0.00s)
    --- PASS: FuzzStacktrie/2f711f9bed6b3a3a8768a65d5f84d7c2ceeac365 (0.00s)
    --- PASS: FuzzStacktrie/2fac6be7a3adf26a6b71170a99134108dcd6737f (0.00s)
    --- PASS: FuzzStacktrie/313dc4f7ff0825fa74b254c2dc7584decbdf8ba5 (0.00s)
    --- PASS: FuzzStacktrie/315462a4a0ff879319806797ba1bed0a3a2ab26a (0.00s)
    --- PASS: FuzzStacktrie/315e00a2360e2b04fe2577666e6761dd8134ae2b (0.00s)
    --- PASS: FuzzStacktrie/3162476ab1088d7cb0498a2bf09632aab8ae1a2d (0.00s)
    --- PASS: FuzzStacktrie/3169c4d0c8dd243f9d0bfe895e6152dc131fa76e (0.00s)
    --- PASS: FuzzStacktrie/31d4cffcdda18c8c03b6d5ac9d33511dfa290186 (0.00s)
    --- PASS: FuzzStacktrie/33fb31646f8ee4f18bf5ea9f73780027d209707b (0.00s)
    --- PASS: FuzzStacktrie/350022739a986c5208bdeab0baf3851f07caa22d (0.00s)
    --- PASS: FuzzStacktrie/35a8fa9cdb20ed0e8f235cce4f4dedfdfe62405b (0.00s)
    --- PASS: FuzzStacktrie/35ce2043128c2cd59c1deb151c9b271f71559264 (0.00s)
    --- PASS: FuzzStacktrie/369ac6e94e619507d593ca51f7938d3f6836f147 (0.00s)
    --- PASS: FuzzStacktrie/371d0e7f4d5d98bf268cc751f6e52875e588e434 (0.00s)
    --- PASS: FuzzStacktrie/3722bcf16bec702f19cd804f7c986c1bde02baa3 (0.00s)
    --- PASS: FuzzStacktrie/37a1c6d73e4d7e92cc46fe2c42b0792108bf09b3 (0.00s)
    --- PASS: FuzzStacktrie/37e6b8170ce40a130c8c5a18db796c7d4d134e77 (0.00s)
    --- PASS: FuzzStacktrie/385d6e90ca77583c67159d647a7ae6b810b78ca0 (0.00s)
    --- PASS: FuzzStacktrie/3901de9321c1931d4db88b9b6e7735ccb27915f3 (0.00s)
    --- PASS: FuzzStacktrie/3966d3939f262822ac7bb5d4fc5188a76eb98d23 (0.00s)
    --- PASS: FuzzStacktrie/3af91adbcaa35d395e2ca130fbf5e142971dcc21 (0.00s)
    --- PASS: FuzzStacktrie/3b400793230181d41ce0f15de0bb79b120c247b8 (0.00s)
    --- PASS: FuzzStacktrie/3b4ec7376b1dd2fc68b2ea15bf9cfae272194452 (0.00s)
    --- PASS: FuzzStacktrie/3d500872143598d8f9087ba90c2e2e1125a3365a (0.00s)
    --- PASS: FuzzStacktrie/3d99ba06e1678daaa790b5ec40871159b5c7c1f3 (0.00s)
    --- PASS: FuzzStacktrie/3e325c8c81f5927451e92be9f065c94a5051d09b (0.00s)
    --- PASS: FuzzStacktrie/3f7c8a9a434471412ad64454f667588b362a82f8 (0.00s)
    --- PASS: FuzzStacktrie/40bf22f04adf1a233170c930b20f20da1a392306 (0.00s)
    --- PASS: FuzzStacktrie/417076a8168af9cce4ec766a0d3666ab31b5b2b0 (0.00s)
    --- PASS: FuzzStacktrie/4184c3b503b1a2a558e6aef62dfacd65625636d8 (0.00s)
    --- PASS: FuzzStacktrie/4251e93e69b0c49783d3a7326202b6172d8f896b (0.00s)
    --- PASS: FuzzStacktrie/42c8b86a71b609cb8907d9e148e1a23c697a25ca (0.00s)
    --- PASS: FuzzStacktrie/43789836bc434888a62434e42b861ccdb4a9e1df (0.00s)
    --- PASS: FuzzStacktrie/438966e77063037b6f256265c5926dc5eb587261 (0.00s)
    --- PASS: FuzzStacktrie/452b5ca8439bc535396419efd875584ab3fa044f (0.00s)
    --- PASS: FuzzStacktrie/45454c0b08c696555d06df3a3b494a9ed7bb0ee8 (0.00s)
    --- PASS: FuzzStacktrie/45510c633a64d406647a0429112b7d3fa0af149c (0.00s)
    --- PASS: FuzzStacktrie/45621a2fe3e8e944fb3dc7539f5ea489b97582de (0.00s)
    --- PASS: FuzzStacktrie/461b0af366bf391cb5bc31e96e6a2b716df34203 (0.00s)
    --- PASS: FuzzStacktrie/468baf6593be34d7062f08ebe09024add80031e2 (0.00s)
    --- PASS: FuzzStacktrie/470aa4f658268860aeea541ff54079b1c62948b0 (0.00s)
    --- PASS: FuzzStacktrie/48efc34cb39d4b0c93688c6d143b4cbff50e2319 (0.00s)
    --- PASS: FuzzStacktrie/497fdb78c5814ad49b8b961ccbcce0a82e708bbd (0.00s)
    --- PASS: FuzzStacktrie/4b6cedd89d25e602334357e659455751442dd421 (0.00s)
    --- PASS: FuzzStacktrie/4d976946da2b00f6f847c4ebb027a1cf1df0b033 (0.00s)
    --- PASS: FuzzStacktrie/4dc772756bba037babdde58741d8a02f13da64b0 (0.00s)
    --- PASS: FuzzStacktrie/4e3a33983f363cf79a0025858eb3584fed8341d1 (0.00s)
    --- PASS: FuzzStacktrie/4e637c1045daad722efd16b5aef16d137d5f18f8 (0.00s)
    --- PASS: FuzzStacktrie/4ebbdb521679c182f3df0c7ee8dd4122c33c21c4 (0.00s)
    --- PASS: FuzzStacktrie/52c8251be25fc8acf36d39c9a595d47601c53249 (0.00s)
    --- PASS: FuzzStacktrie/53576ce576c37cdf0a6a9046b335c2db1931d5c7 (0.00s)
    --- PASS: FuzzStacktrie/5572592b012555ee330797d3edf0af37c785e6c9 (0.00s)
    --- PASS: FuzzStacktrie/5730e1a703b0648c3f364ab735ec6d40e3817886 (0.00s)
    --- PASS: FuzzStacktrie/57dd688dc30036d717c451935020ad44d285cc20 (0.00s)
    --- PASS: FuzzStacktrie/590ba151bfb76585cd88c1dcbfb87ead1a3e3efe (0.00s)
    --- PASS: FuzzStacktrie/596177e2ab5bc5558935fd084cf9b1aab2ed0cc4 (0.00s)
    --- PASS: FuzzStacktrie/597025ee1b329beb496081df2507b3bb89b9d755 (0.00s)
    --- PASS: FuzzStacktrie/5acdd5631ebfdab61444967ba4a19c6b42ac046e (0.00s)
    --- PASS: FuzzStacktrie/5b069cb8ee220d23abe8820ce9c2c47874bb66c0 (0.00s)
    --- PASS: FuzzStacktrie/5b28afa917daf7f799de4c5d2fbd5aa5392bbd22 (0.00s)
    --- PASS: FuzzStacktrie/5ba93c9db0cff93f52b521d7420e43f6eda2784f (0.00s)
    --- PASS: FuzzStacktrie/5c2b5c640d572a6ae663117d3dc53150694196d7 (0.00s)
    --- PASS: FuzzStacktrie/5d2f16543c37dce701069b27a96edfb005ce7d9a (0.00s)
    --- PASS: FuzzStacktrie/5ddec2160ed9b649286f1c2e6f2ca0ced895029c (0.00s)
    --- PASS: FuzzStacktrie/5e03759dc4c160fe31c91e4ef3cac4a493ce2c49 (0.00s)
    --- PASS: FuzzStacktrie/5e39c515254fb6a87dec911630fa173ab78fb132 (0.00s)
    --- PASS: FuzzStacktrie/5e6ae60f3b587ff1b59abbe81bc377bb587a7d8d (0.00s)
    --- PASS: FuzzStacktrie/5ecb37389fc8780bce667417774e8c75fecd819b (0.00s)
    --- PASS: FuzzStacktrie/5fc929815397c65576880eddc5b2ac483939b3fd (0.00s)
    --- PASS: FuzzStacktrie/5ff1419ed1b33193774cd9c71cbe9482c5a2a173 (0.00s)
    --- PASS: FuzzStacktrie/60105b97f84250f4a0585845a6274a43fd24069b (0.00s)
    --- PASS: FuzzStacktrie/61041334708b288efe72487b19144d93cd5d93f7 (0.00s)
    --- PASS: FuzzStacktrie/63b2f6a9e8f16074e20c10e0072905e1e97b1a2e (0.00s)
    --- PASS: FuzzStacktrie/646df253e264908044033f734675a010b70b865e (0.00s)
    --- PASS: FuzzStacktrie/6484c17a83918d03c65a58970782ca808a279a30 (0.00s)
    --- PASS: FuzzStacktrie/64e4f1e36a264bc93b756e429cfa0bb11022e2a7 (0.00s)
    --- PASS: FuzzStacktrie/672188c4056e5b48ca5882001f495065f162821d (0.00s)
    --- PASS: FuzzStacktrie/672dabe59314a610ca8734432d2a75a18b52f878 (0.00s)
    --- PASS: FuzzStacktrie/68184c97fdc015d57491abcc0842cef47415f1ad (0.00s)
    --- PASS: FuzzStacktrie/69d2be6359435218f0bc93d0062120b90d3d0aa6 (0.00s)
    --- PASS: FuzzStacktrie/6ae4422d5a27da192f533b67ec4fad4d6c42107b (0.00s)
    --- PASS: FuzzStacktrie/6aedb70278a06b10592d95646073aa6809062ece (0.00s)
    --- PASS: FuzzStacktrie/6b417919d0401c77a8f94f1783e76b22d5152079 (0.00s)
    --- PASS: FuzzStacktrie/6c250cb0493832df74927d597e11358e72a119be (0.00s)
    --- PASS: FuzzStacktrie/6c8114eecd57adb77a4233daca4deec9a9c93790 (0.00s)
    --- PASS: FuzzStacktrie/6cc796aa8ce2cf9ed81a36292a0a6c34ab17af85 (0.00s)
    --- PASS: FuzzStacktrie/6e9d9b720b34f71b41dc87b2e365b3187a906207 (0.00s)
    --- PASS: FuzzStacktrie/705f99cf44b386984be39e63df48ac22044344e0 (0.00s)
    --- PASS: FuzzStacktrie/710eba7eab337370c71ac5cfa51df30ab3a14859 (0.00s)
    --- PASS: FuzzStacktrie/71853c6197a6a7f222db0f1978c7cb232b87c5ee (0.00s)
    --- PASS: FuzzStacktrie/726f85af4496465039826d13a909503c47c32a4a (0.00s)
    --- PASS: FuzzStacktrie/727d08f24a366a6d9054056ff362386eaade2832 (0.00s)
    --- PASS: FuzzStacktrie/7421b3df8e3255757319c09cc378ecb85624a09b (0.00s)
    --- PASS: FuzzStacktrie/74763293e48568e5657cfe0e5843ab396ca44931 (0.00s)
    --- PASS: FuzzStacktrie/759b0e3c3b0b8f0c69bbb420b8f5a17bf6fc6d65 (0.00s)
    --- PASS: FuzzStacktrie/76254ed7710aa7f43987b717053e45866715ccd5 (0.00s)
    --- PASS: FuzzStacktrie/766630e099c3ccbb2009a0178ec742444d81a824 (0.00s)
    --- PASS: FuzzStacktrie/76b5a07d6d78e5ce83781627850d4acbe8b8d269 (0.00s)
    --- PASS: FuzzStacktrie/76ebaee0f819c92012c91dc17d61147568d3e19c (0.00s)
    --- PASS: FuzzStacktrie/771ab43ab934f04e52833e541f3bace3cbc3f22c (0.00s)
    --- PASS: FuzzStacktrie/774219f24d386ba66cc9061202ded24e8cf99bc4 (0.00s)
    --- PASS: FuzzStacktrie/7746835df5ef943d65263f1b316cdc5338388199 (0.00s)
    --- PASS: FuzzStacktrie/7767e12adab95a0135d5908f1e75af034830de33 (0.00s)
    --- PASS: FuzzStacktrie/7809ff4a414d733505e3691daf977b2b6a3637d3 (0.00s)
    --- PASS: FuzzStacktrie/78bd4cddca521cebadac26d1ebf047b74425e645 (0.00s)
    --- PASS: FuzzStacktrie/792f05b767db59ffb5dfb0bb7f82b6b20ea01252 (0.00s)
    --- PASS: FuzzStacktrie/797bfe0ed488f9b70f6166611a3c6c40951198af (0.00s)
    --- PASS: FuzzStacktrie/7bd822e6d883a247e74191e28a3980cc4af31dfe (0.00s)
    --- PASS: FuzzStacktrie/7be6922f983a3ee9395ad4e1f637a5f5035f5661 (0.00s)
    --- PASS: FuzzStacktrie/7d7d061cba9889d9e41ee705e097092165de1232 (0.00s)
    --- PASS: FuzzStacktrie/7deb946b4f3314a678000f082650d33af6c3e33a (0.00s)
    --- PASS: FuzzStacktrie/7f2454786b0a4f419108e318cf06e6b9b83959c8 (0.00s)
    --- PASS: FuzzStacktrie/7f9a7b759245d975bfbe3af69fd072a3806794a6 (0.00s)
    --- PASS: FuzzStacktrie/7f9b3862a3f1dff811c4e84b5e03a48f2bc65842 (0.00s)
    --- PASS: FuzzStacktrie/8031932eac4b55fdfb310ca8a92d8dfd738bf403 (0.00s)
    --- PASS: FuzzStacktrie/8317a69d02a2fc29ef02e4de0f77dd724475b8f4 (0.00s)
    --- PASS: FuzzStacktrie/831a2da56234c6759ba9c2a4cde52d284c6e4ace (0.00s)
    --- PASS: FuzzStacktrie/83b4918e940bb95d8961fb9c94b6482482871a9a (0.00s)
    --- PASS: FuzzStacktrie/843720d9ea6ff650b3f1d381391a127df79ded48 (0.00s)
    --- PASS: FuzzStacktrie/84a4c7806290d44d11f58fc8a2e06ce7a392f840 (0.00s)
    --- PASS: FuzzStacktrie/8673f74a19696e9f62538f5cf478aafd88f6fdf0 (0.00s)
    --- PASS: FuzzStacktrie/86f60257a5deadd56e4e2cbd1dd5126fce06d8e2 (0.00s)
    --- PASS: FuzzStacktrie/87cb0eb236011bf28520e2496af5f6b60c7fa73a (0.00s)
    --- PASS: FuzzStacktrie/881844c4498d8b706b09a1faf26ea53e2256597c (0.00s)
    --- PASS: FuzzStacktrie/885cc5f1d031f58534440c1610064e347930f6cb (0.00s)
    --- PASS: FuzzStacktrie/8996009837354053bd98debcf8fd0621bc7f3d78 (0.00s)
    --- PASS: FuzzStacktrie/8acbcb601715b1fee3641ddeff63eddd1a3169f1 (0.00s)
    --- PASS: FuzzStacktrie/8b8f6520d1b33f4d1f95a5e8c217ebd1685de8e5 (0.00s)
    --- PASS: FuzzStacktrie/8ba18d25089543311be51482731a3561fe802cb9 (0.00s)
    --- PASS: FuzzStacktrie/8bdb2da1eac65431020fb52f4eb9bc62774a9b7b (0.00s)
    --- PASS: FuzzStacktrie/8d484f6c1be8e0626cce53d530899cd86e1530d6 (0.00s)
    --- PASS: FuzzStacktrie/8e7fb8b7fef78edfc5f8dc827ae7c1ba509d0cec (0.00s)
    --- PASS: FuzzStacktrie/8eecbab8f0b3f7f2368c31ef9a99e97c0bfb15eb (0.00s)
    --- PASS: FuzzStacktrie/8f130813838e0525e68223d2e8ebdb21710bb0c1 (0.00s)
    --- PASS: FuzzStacktrie/8f7e67a3b19baf13b4386926a433fba17a930971 (0.00s)
    --- PASS: FuzzStacktrie/8fd97a7503a910f8cf0ef25bd6577d436b208da4 (0.00s)
    --- PASS: FuzzStacktrie/905effbdc35a9a3b894a1abbfc99bb15a215ef52 (0.00s)
    --- PASS: FuzzStacktrie/9069ca78e7450a285173431b3e52c5c25299e473 (0.00s)
    --- PASS: FuzzStacktrie/90d9789f8c2c2e89fd9fc5ae23e889923041e25d (0.00s)
    --- PASS: FuzzStacktrie/90ec15138b1e7589d65bc1d385137d3d46f2f9d2 (0.00s)
    --- PASS: FuzzStacktrie/9129b82fbc9a3627d6fea63cbb03644b5eff8275 (0.00s)
    --- PASS: FuzzStacktrie/915dbc79430dd2bc864141b97c62bb0f4cd2284b (0.00s)
    --- PASS: FuzzStacktrie/94d0601b9486e4c43099f38cca773089ec273de9 (0.00s)
    --- PASS: FuzzStacktrie/95cf26d593b2e252912bddfc9c82efc7a6809d5b (0.00s)
    --- PASS: FuzzStacktrie/967b1399387f468a19bab333e24ee633d7ae4034 (0.00s)
    --- PASS: FuzzStacktrie/9709a2f6e8d23e4d4f464dc39ef14ead765531b8 (0.00s)
    --- PASS: FuzzStacktrie/97453c2f8af19b7e4edbda1d8138c18ef6e0ae48 (0.00s)
    --- PASS: FuzzStacktrie/98ce45f0a80692d1e474c21cd03e19769d0f3b5d (0.00s)
    --- PASS: FuzzStacktrie/98f86d0d767e1aa3cf2e606b38fec2f34a35220d (0.00s)
    --- PASS: FuzzStacktrie/9a0adacd234393a25bdb9e185043dd4803d77cf4 (0.00s)
    --- PASS: FuzzStacktrie/9c58fc6bd157c23c981b2a317a83f49f7b25d40d (0.00s)
    --- PASS: FuzzStacktrie/9cc6d6efc1bb708a4a4e7330d5090e215ed654d2 (0.00s)
    --- PASS: FuzzStacktrie/9d9772639a50132fb09ccc229d32c9d7e88be371 (0.00s)
    --- PASS: FuzzStacktrie/9ddc4bffef13a1c3afa1fba34e32d8134c7bea79 (0.00s)
    --- PASS: FuzzStacktrie/9e63d14bb15fe85e44b2e259356ad1764f05de25 (0.00s)
    --- PASS: FuzzStacktrie/9f263f1d35899f16c89edf080fb37ad1c6538e8d (0.00s)
    --- PASS: FuzzStacktrie/a11fca201c679e6a69a123a4258e5bada30ab119 (0.00s)
    --- PASS: FuzzStacktrie/a1af0ed8082d5dba1394dc7ee5fee8a23afff26f (0.00s)
    --- PASS: FuzzStacktrie/a1ffb75e924601776af38053a6008ebd9bce9c42 (0.00s)
    --- PASS: FuzzStacktrie/a2afc8e19e7413a971eaabda8072096204ebdded (0.00s)
    --- PASS: FuzzStacktrie/a3bb9b9d63e9c9ea99b2bd275bcce0c98444d88b (0.00s)
    --- PASS: FuzzStacktrie/a4d613b4c7bb8c8b4ea8b49ca95e2b4b3fb1f43e (0.00s)
    --- PASS: FuzzStacktrie/a5327de46d4172a0b1436a889275074d6dec0b9c (0.00s)
    --- PASS: FuzzStacktrie/a5c5b0c0f27f3114be5e8cdecce959581b5b181b (0.00s)
    --- PASS: FuzzStacktrie/a695cb1a604135bf749c9b65e8bc629286c0b441 (0.00s)
    --- PASS: FuzzStacktrie/a6a66802de5984063f7c9493b45774445c0ec418 (0.00s)
    --- PASS: FuzzStacktrie/a6c522b9ccb39150dfbe077c05ddb87e32e1ae52 (0.00s)
    --- PASS: FuzzStacktrie/a6e8e7b13d050bb38dab0697bbba84ffecb8911b (0.00s)
    --- PASS: FuzzStacktrie/a7480a2eeeefc94359e795f75846d51ea522cdf0 (0.00s)
    --- PASS: FuzzStacktrie/a7e93756fa3f0af1c7bdb40954c9d0d7a3a9fd20 (0.00s)
    --- PASS: FuzzStacktrie/a815405bb685575759f67243bb94784aeb29296b (0.00s)
    --- PASS: FuzzStacktrie/a827af78fabefa09ae32a0d04a207315e543d9d4 (0.00s)
    --- PASS: FuzzStacktrie/a98f8679fadf526fa74ff1c850eda3e732489aad (0.00s)
    --- PASS: FuzzStacktrie/a9aab0fe7893d6c0e7b57bb8d96f70d90f65badf (0.00s)
    --- PASS: FuzzStacktrie/aa103eff27591201e0abc83b9459d8fd038d5a4c (0.00s)
    --- PASS: FuzzStacktrie/aa3179fdabaa20af26c550280a00178d040777ba (0.00s)
    --- PASS: FuzzStacktrie/aa33b21dfc03acc3cdf695b8eda6c6c736e0fa15 (0.00s)
    --- PASS: FuzzStacktrie/ab8b4e226af66222388d352f51050dd08a85e362 (0.00s)
    --- PASS: FuzzStacktrie/ac16c37ddcb42749f9ea365a669fef0d41090862 (0.00s)
    --- PASS: FuzzStacktrie/ae1b903699af54678201e85d24f9d0b1b89c46a4 (0.00s)
    --- PASS: FuzzStacktrie/ae743137a5077212005c49dbcf4a17e3ad16c002 (0.00s)
    --- PASS: FuzzStacktrie/af5e0e57fd1a2190812152b090096674a3f79752 (0.00s)
    --- PASS: FuzzStacktrie/af7d0b75e1727ad27e4bd168a10ef0d36d7e0c3f (0.00s)
    --- PASS: FuzzStacktrie/afdc6b413ee79c51de7d970f41f69fb32ea226e9 (0.00s)
    --- PASS: FuzzStacktrie/b22fc12f785bb1b71f56b8d67e4837f10d5f7933 (0.00s)
    --- PASS: FuzzStacktrie/b2421d9b35f35ab49e29ca0ee4b6056ba13442a1 (0.00s)
    --- PASS: FuzzStacktrie/b40b128e2bc568310ec9d540cd823730885ce629 (0.00s)
    --- PASS: FuzzStacktrie/b42128571ba1744a0f4635087a0792675480e741 (0.00s)
    --- PASS: FuzzStacktrie/b44e80ec6318742e6e44f2316f8c88dca2f293c5 (0.00s)
    --- PASS: FuzzStacktrie/b4a62380626716f4e4ec74af102bf860ff31e0f4 (0.00s)
    --- PASS: FuzzStacktrie/b5727e82433c2656df62cf55194bc9ed4ad49a3e (0.00s)
    --- PASS: FuzzStacktrie/b5d1cee52d966b12292f847df3e65dcf142cece8 (0.00s)
    --- PASS: FuzzStacktrie/b730cd5d21593df2fa970b5a23836ea6f425829a (0.00s)
    --- PASS: FuzzStacktrie/b8e922cd157b325e8f52ca66712388b77d4394ed (0.00s)
    --- PASS: FuzzStacktrie/b9930a4b603161cbdbe5072a731475dff908e932 (0.00s)
    --- PASS: FuzzStacktrie/b9ec199a5271811e71600f85786f2cc4e8e3faf5 (0.00s)
    --- PASS: FuzzStacktrie/ba992ce0bdbce3f23de4e6a2249d5fb191cf2524 (0.00s)
    --- PASS: FuzzStacktrie/bb7c014b267e95d4f740c0313cb6db91dd775d5d (0.00s)
    --- PASS: FuzzStacktrie/bc48300972458d6c1c2567ab874144afb8a818c6 (0.00s)
    --- PASS: FuzzStacktrie/bcbc07873ba5b03924962e8975b8752714630153 (0.00s)
    --- PASS: FuzzStacktrie/be5b5b068089834aacdb90b8712d7690b7614fc2 (0.00s)
    --- PASS: FuzzStacktrie/bf0b8d9659045523031a38f891ddf27af089ae7a (0.00s)
    --- PASS: FuzzStacktrie/c0b080c3debb40973e547349d2777e2b4e5954c8 (0.00s)
    --- PASS: FuzzStacktrie/c0b60bbedecad55dbc08282341c8b86bea3a0b7a (0.00s)
    --- PASS: FuzzStacktrie/c15a5abe6cb29eb16660cabb9f27e42f608de1fb (0.00s)
    --- PASS: FuzzStacktrie/c1ca1b4d777b4dfe2faa118815d737bd340ff324 (0.00s)
    --- PASS: FuzzStacktrie/c1e88810d1860fdacf8b600d5c3922ddd201c625 (0.00s)
    --- PASS: FuzzStacktrie/c35f00958135f0d03c17876db836720d74c23a9a (0.00s)
    --- PASS: FuzzStacktrie/c4e1214792f4c56d21cef9676f5c4f439cbc00b3 (0.00s)
    --- PASS: FuzzStacktrie/c69de452c87bc06e054c1bb960447e67f3824e60 (0.00s)
    --- PASS: FuzzStacktrie/c7f09b79d59039178ad72e0a725a0cabc7a877c0 (0.00s)
    --- PASS: FuzzStacktrie/c8c5d8d0e7ab185ef15d4cfb986fa6c0e785115c (0.00s)
    --- PASS: FuzzStacktrie/c9220d3e7b6d6abb8ee620f092d68983c414e7ec (0.00s)
    --- PASS: FuzzStacktrie/c94e46762bf5793be71837aef4871a1ca615d593 (0.00s)
    --- PASS: FuzzStacktrie/c9ee7c3670c17bcc844bb071b52bb37cda366212 (0.00s)
    --- PASS: FuzzStacktrie/ca65765d0cdec7f8eb12b83cc3cd9eeb475a7af1 (0.00s)
    --- PASS: FuzzStacktrie/ccd165a7e5a3eb709bfac2c629157961b32d23e0 (0.00s)
    --- PASS: FuzzStacktrie/cd8f1f6a4af59f0eac31ad897539ea90d42655f9 (0.00s)
    --- PASS: FuzzStacktrie/cdd81dd397bf8e28e10bad35e500780cac188c7a (0.00s)
    --- PASS: FuzzStacktrie/ce58fef966926593dd3228662d7984905611e640 (0.00s)
    --- PASS: FuzzStacktrie/ceb9f06e8c293128bef133ae87e67438f56be72a (0.00s)
    --- PASS: FuzzStacktrie/cfad0aefcb1e5ef90054e5bd40d4fcd6b9223a6d (0.00s)
    --- PASS: FuzzStacktrie/d1d45c07b493b8b250cfc7fd4b25ca10783024aa (0.00s)
    --- PASS: FuzzStacktrie/d2f94f01d557cc687e1a8c1ffc4e7649c837fe03 (0.00s)
    --- PASS: FuzzStacktrie/d302ce815c44ba6375d055c6b9c72b8393391dc9 (0.00s)
    --- PASS: FuzzStacktrie/d399e4b5419ae1c512900d30bf610a6322851c5d (0.00s)
    --- PASS: FuzzStacktrie/d4374035e2d2f17dad365a7a74e0e0ebcc51377f (0.00s)
    --- PASS: FuzzStacktrie/d48b4167bd466fc35a7664d0eaf6708f27ddf43d (0.00s)
    --- PASS: FuzzStacktrie/d673899690d95cf52f22955e56e137e73c558e27 (0.00s)
    --- PASS: FuzzStacktrie/d6f9134eba8334f6364dcde69d4f1e3379c760d4 (0.00s)
    --- PASS: FuzzStacktrie/d74d4d9a8fa370efb73e9cbe79f5b225439749fe (0.00s)
    --- PASS: FuzzStacktrie/d87e55f0277018f227c3f323b4a369adfe7d8bc0 (0.00s)
    --- PASS: FuzzStacktrie/d8be47c6d0a919d3bae6edc50901f8df6c3cd8cf (0.00s)
    --- PASS: FuzzStacktrie/d8ce7cb8ee7bcfb2deacbd6223bd15f2aa858ac3 (0.00s)
    --- PASS: FuzzStacktrie/d9735b938908a2c7e75941be56a6e7ce16f92291 (0.00s)
    --- PASS: FuzzStacktrie/d97931e8c5e6330de2e0b4f4f6d70966b35870bf (0.00s)
    --- PASS: FuzzStacktrie/d98cbaa3e5ca2e9bdb13d16085615b25f92ae928 (0.00s)
    --- PASS: FuzzStacktrie/d9a2653e1b66715d142236457296b00e0dae753d (0.00s)
    --- PASS: FuzzStacktrie/d9d89769c79e08f8f53db573c0a4c84aa4a9e64d (0.00s)
    --- PASS: FuzzStacktrie/de56d24ffbfd8241ff6c9cccd4b5b0fe1791b6d6 (0.00s)
    --- PASS: FuzzStacktrie/de6ec784a04b5d64600b30fd4962001d1e4adb47 (0.00s)
    --- PASS: FuzzStacktrie/e03b3b1f3475eed826dbb3543f667973f8b169e0 (0.00s)
    --- PASS: FuzzStacktrie/e0e6d7d5986fc241d2c8faad1400637563bb6da2 (0.00s)
    --- PASS: FuzzStacktrie/e2e25b22d9a304e4af9e16348ab21d7f5fed4942 (0.00s)
    --- PASS: FuzzStacktrie/e3461355abb153a5eb713ef50cda7354b0e22c22 (0.00s)
    --- PASS: FuzzStacktrie/e395c07240d3494d182447e03fa87d35018f7a81 (0.00s)
    --- PASS: FuzzStacktrie/e3a56919821c911068d260c0ff7f89b7a0b4930e (0.00s)
    --- PASS: FuzzStacktrie/e5ac05fd1d14ab0ab9dc518e22491b7a7065c967 (0.00s)
    --- PASS: FuzzStacktrie/e5fe663aa7b43056ceb8aaeb4606522f53c5f9d4 (0.00s)
    --- PASS: FuzzStacktrie/e62975233b28effe3468fcf3e2c035525b0e4790 (0.00s)
    --- PASS: FuzzStacktrie/e6a70345e37cb2ae9dc6febd0723e761c3bee2fb (0.00s)
    --- PASS: FuzzStacktrie/e78d7209c99d278a294e50eb2f87d6d7b729976d (0.00s)
    --- PASS: FuzzStacktrie/e7e1a4657eba786764c7b7ceeaaa5d8d85ea8c77 (0.00s)
    --- PASS: FuzzStacktrie/e80ed127c04082c3640fe552808bc16acc7528cb (0.00s)
    --- PASS: FuzzStacktrie/eb59f61775f47b620e68082a5a55f9e4a0b8ecad (0.00s)
    --- PASS: FuzzStacktrie/ebe5419dc5acf8a522b91f75d86e0acd48fd10f5 (0.00s)
    --- PASS: FuzzStacktrie/ecf21725e0621dff702e3dc1ba5fba40c1a03eac (0.00s)
    --- PASS: FuzzStacktrie/eee96b51053d50880dae5b3908361e91f6e3bb89 (0.00s)
    --- PASS: FuzzStacktrie/ef1371a8b9c78061356d87342508c6f862055c60 (0.00s)
    --- PASS: FuzzStacktrie/efa967af8e516411c257cac56883192de50e3d29 (0.00s)
    --- PASS: FuzzStacktrie/eff930b66d64f5c507fb2561b480607b5b190916 (0.00s)
    --- PASS: FuzzStacktrie/f008d4a531083c5517cbd40b4add0ecf50172600 (0.00s)
    --- PASS: FuzzStacktrie/f143b7d1bd3486c58d6f36539816adbf4f211ec2 (0.00s)
    --- PASS: FuzzStacktrie/f1ba2ccdb2599bd824913b1821c99de8a751ef15 (0.00s)
    --- PASS: FuzzStacktrie/f1fb880eb7e8ce497337e4387f2a8835cb52a52d (0.00s)
    --- PASS: FuzzStacktrie/f442db17a0ce39b5d1dd4a94522ae9eec1fc5080 (0.00s)
    --- PASS: FuzzStacktrie/f4b98c31dfc8782c4178be177fa51f216b97f209 (0.00s)
    --- PASS: FuzzStacktrie/f4cb3e93afa319474b6ff7a8712f33d4e04febb3 (0.00s)
    --- PASS: FuzzStacktrie/f51c3e74f2c4720ec04037e4b6eee27144174aea (0.00s)
    --- PASS: FuzzStacktrie/f54e9357303741e0d4651e57c24083eb8b745269 (0.00s)
    --- PASS: FuzzStacktrie/f5577bcb2ed2310c11f56e1c7ad7fccaefc9e3b4 (0.00s)
    --- PASS: FuzzStacktrie/f60be12141664412dd2bb9de9c91e9fb9b767489 (0.00s)
    --- PASS: FuzzStacktrie/f62f97fad7905f5f6621e9333d6aa2b280451210 (0.00s)
    --- PASS: FuzzStacktrie/f7e765ee14383c10be5593ed5b0138e52b501a32 (0.00s)
    --- PASS: FuzzStacktrie/f89c7d755753d2f6b29c4a45a2a1a32a9825aa81 (0.00s)
    --- PASS: FuzzStacktrie/f97bbd20a757aa0541d6a55ce4e31b1729cf76a2 (0.00s)
    --- PASS: FuzzStacktrie/f983d1a7087d5158759899544d5a301f061d4106 (0.00s)
    --- PASS: FuzzStacktrie/fa535fc76e6c4b0c53375246cec1335e935a55bf (0.00s)
    --- PASS: FuzzStacktrie/fa660406c74b7d93fc7370348ccc89ed0e48faa9 (0.00s)
    --- PASS: FuzzStacktrie/fc1c69770e26ef9946111827e368c8667317cfb2 (0.00s)
    --- PASS: FuzzStacktrie/fc5c74510fbe7a32d6cb06121f2ac06f96ff5d45 (0.00s)
    --- PASS: FuzzStacktrie/fcfa1c3dc3965ea695a3f9550004710f489b07db (0.00s)
    --- PASS: FuzzStacktrie/fd664fd7e88e1086fc8b980aaac8a39f4dad48f7 (0.00s)
    --- PASS: FuzzStacktrie/fe50ad137ccf4c6c9c195285fbcd0725311a2df7 (0.00s)
    --- PASS: FuzzStacktrie/fefce28fd99b3060f6e57d3b423fada855195c78 (0.00s)
    --- PASS: FuzzStacktrie/ffbb0918862706ce19a03acd6caf9441dea293c9 (0.00s)
PASS
coverage: 75.0% of statements
ok  	github.com/morph-l2/go-ethereum/tests/fuzzers/stacktrie	0.182s	coverage: 75.0% of statements
	github.com/morph-l2/go-ethereum/tests/fuzzers/stacktrie/debug		coverage: 0.0% of statements
