=== RUN   FuzzTrie
=== RUN   FuzzTrie/00803fc4cc784a9068c42cf554b4d2a40f198c78
=== RUN   FuzzTrie/012d011eba3427ab8aef1fc3c3d228611186354a
=== RUN   FuzzTrie/0137865547921366a6157646e93f0c044111067b
=== RUN   FuzzTrie/018a10acd84ee98f387d4909278f6eddbca3f81f
=== RUN   FuzzTrie/024a9c8fed25a375efe2c8a6a17e6936879981d7
=== RUN   FuzzTrie/03df94439cae26724dfa2651b68ce2960a6de803
=== RUN   FuzzTrie/0514d67baf2c271e0ec6eb5514771ff3f89a6277
=== RUN   FuzzTrie/053d68f11ba383beb450adbe888b0ecc7b18d71b
=== RUN   FuzzTrie/067a8008ae0244d4139d6214cad4b4e577aa832d
=== RUN   FuzzTrie/06c36eca3aaffbdc27732b60929a067bdb652d9f
=== RUN   FuzzTrie/06eba6571f88cbe03f742a01dc908bbbdc40ca3e
=== RUN   FuzzTrie/07d11798ea33e35ca4d94242226ad66c3b31f96c
=== RUN   FuzzTrie/0835b1cc343661c4034af838a623b1950a5df2ae
=== RUN   FuzzTrie/08b86c6fa2983e349448ae80ad6b0fc93d08b818
=== RUN   FuzzTrie/09006c068ec1fc39fb9be3e162a4e1e6ce93f182
=== RUN   FuzzTrie/09828806ac7a45fc5c6c4db4d05a8db8701061d6
=== RUN   FuzzTrie/09884273c53a8ba711ce68163469ecd3f51090e5
=== RUN   FuzzTrie/09ad3ca064f30fead890d6cba0dac232cd3f40e3
=== RUN   FuzzTrie/0a0f702ba0b7d21aca9a64d8d266c9e2f7ae544d
=== RUN   FuzzTrie/0a1eb97054ffdb13d15adbb0b19e19b84b892c28
=== RUN   FuzzTrie/0b3e3975d314da557803d2680aef7d02ea142cd7
=== RUN   FuzzTrie/0b966b98c71501a98f14489e81377b34614a77bb
=== RUN   FuzzTrie/0c7d27da0a69a667821f553b61e120d8a7a57c2d
=== RUN   FuzzTrie/0cc415fd98dcf5f94864e420a53e26f2914d742b
=== RUN   FuzzTrie/0dacbfd3105bf4d4abc253e38f47371648df3d23
=== RUN   FuzzTrie/0e09affa677f78c6cbd5b0ab1ce02d1c7f38d707
=== RUN   FuzzTrie/0ec6e1234f6cd4504862a36ed1b414a6a8ee9ad0
=== RUN   FuzzTrie/0f02bdad44d3fbbebd52bc5eaddf14064ad90c0a
=== RUN   FuzzTrie/0f81098a8ade7d053a03674cd3f5660e64e75656
=== RUN   FuzzTrie/104fc6c809919e12f519c0f043c3e9bcb78785d1
=== RUN   FuzzTrie/11232cfca5ee3c2a5cc0c392a4b83318989852d3
=== RUN   FuzzTrie/11328e139483276d5976d2855fdfdac8c90b56a8
=== RUN   FuzzTrie/14866893fb6dbb777312ebaf23537e849030b552
=== RUN   FuzzTrie/15cabf638a682fb6caa94d302087f990701143da
=== RUN   FuzzTrie/169f33dcba7210317d0d38b33e0b88070452680b
=== RUN   FuzzTrie/172a423908f648816adcc7b9b65859d57c372d02
=== RUN   FuzzTrie/176c3d797597fcb573da9cd9629230b99d571492
=== RUN   FuzzTrie/17841757b5899149101ea6cf9a9f0e7191fb0f1b
=== RUN   FuzzTrie/179499147444c70f6c3d6309c00396797a69b51c
=== RUN   FuzzTrie/18d630931dd53cda1686e0a95bb5bb72cba4af19
=== RUN   FuzzTrie/19af1350cddeec9eb4fcceebd984a308c8e6cafe
=== RUN   FuzzTrie/1b5e133ab1dc12e96854f6348a41d8b3bcd65f9e
=== RUN   FuzzTrie/1bf4111b9e4f35073eeb7eda5d8233df7caa0323
=== RUN   FuzzTrie/1c15c48c873e39310400925dcf0c8bc96accf565
=== RUN   FuzzTrie/1d68e68081f86b5f016619e69de0dc72d7457c5c
=== RUN   FuzzTrie/1d9dddfad053ec422225cab1231b68890c033d5c
=== RUN   FuzzTrie/1ea279afb8fec78104e7bf44651d22f86578b7c5
=== RUN   FuzzTrie/1f2f93a55b1a57c0d0ce2abd6a7724c61920674c
=== RUN   FuzzTrie/1fb096ece3bf59d83157a17ed1211ab2817552ab
=== RUN   FuzzTrie/1ff9519663a58b33d921e554364867f2fe6e9549
=== RUN   FuzzTrie/1ffcd988ca23b7a03787b83d0cb87bf0303433e6
=== RUN   FuzzTrie/211ebfbd4530999e12e03d57537cea6bcb0a20a7
=== RUN   FuzzTrie/21bc04d185c5e13422dbef356b7d4ba012a498ea
=== RUN   FuzzTrie/2235d1cfd607fa8ebab57aeb8d515045c140b595
=== RUN   FuzzTrie/228e2fbc5d11dfd3851f85173367475ad727afe2
=== RUN   FuzzTrie/22b860d7fa6949179a849f98bd7fb429802b63c3
=== RUN   FuzzTrie/22dfe7f7bbc380d783ae5d76d23c5c21980f0163
=== RUN   FuzzTrie/22eb00cdc3d4b911a563416185b1b0383b712aa8
=== RUN   FuzzTrie/23013e0b24a2a31eb17b814e778f6b54167bc4f3
=== RUN   FuzzTrie/2303a70d076fcaf173bdbb4469f070fd2fe94eb6
=== RUN   FuzzTrie/23d6287e6c19190dbc3bf692585ccb1925ee7ed6
=== RUN   FuzzTrie/23f5b279451f1a8c5e537b998a82103f4021cfa3
=== RUN   FuzzTrie/243c5a43fcdb3a67e9effea203aa7cc5ed7aebb3
=== RUN   FuzzTrie/253b072b0ba73cdb27aecd39916bda8fc33baefc
=== RUN   FuzzTrie/25614645417030beb967fd973f17e8aaf016998d
=== RUN   FuzzTrie/25a85bd1bb0bcba69e51a08ba5fa2a1dd1b36e70
=== RUN   FuzzTrie/25d9531c49166f00c4d7bccbf3f1b9bd2d258e3a
=== RUN   FuzzTrie/26c763c90cd3f161c655bb0450a0623dc4030dea
=== RUN   FuzzTrie/274dd932d889a43c72ab5785e5b00352888eb681
=== RUN   FuzzTrie/276fccb6559784a0712e32fa80ff5c8258a50209
=== RUN   FuzzTrie/278c2a4af0358d2c34a5a11e00df45e42b412bbf
=== RUN   FuzzTrie/279345700f228d484c015b83c3fdf612a7607a85
=== RUN   FuzzTrie/279efdac933cf34bcbab03605c55136f30b2f749
=== RUN   FuzzTrie/27f1f04f8f47f1c0c6e20e85c89f74253715f02c
=== RUN   FuzzTrie/28005ce6ffd4c03345c0fd6401f7e8d14288e6cb
=== RUN   FuzzTrie/289c0a7a55809f7873182dc6258a733b12a0c78f
=== RUN   FuzzTrie/28a7a251b17e24e5035bc573b91d9d37c2038eb5
=== RUN   FuzzTrie/28f0a64f7b6f75fb03703835685e210bbaec9bd4
=== RUN   FuzzTrie/2939e866f9371c7cb8f6d2bc2567ba2f4c6ee8cc
=== RUN   FuzzTrie/2a4ec563ce8be781d073e90f3b0045c51d084671
=== RUN   FuzzTrie/2a59d0be5feb554915ccd69dfffa04f9198d517b
=== RUN   FuzzTrie/2a81c370cee81b133af6e9ca30c974da596f9b98
=== RUN   FuzzTrie/2a8384b9a992e3877c4865457567d3bed2107d70
=== RUN   FuzzTrie/2ba0c07fb5ee695f1aaf8ac78a73238f184cb395
=== RUN   FuzzTrie/2c7f1e1197b8a38c9412eadf0cb1fc3735bb77c3
=== RUN   FuzzTrie/2ca2e91def39e50029b29c4cacdcad942f3f77b1
=== RUN   FuzzTrie/2e0cbf443936ba857aaeb8a1022e47d7f0d0b6a1
=== RUN   FuzzTrie/2e8251372a29182a0a1e41f11f084aac413a95bd
=== RUN   FuzzTrie/2fc83de366a0d575a6a31c5badc87c28d05ceada
=== RUN   FuzzTrie/31c745f7c357f23af429bc0fc9f1b6ea2ffad568
=== RUN   FuzzTrie/336c34bd3b6a99b40a5009e2404a32869674d2a1
=== RUN   FuzzTrie/33c23cd8fc698eb6e6e60db528456c7061d6a1f2
=== RUN   FuzzTrie/33f131ea616b3b352c64d78a66a0e2b789026467
=== RUN   FuzzTrie/34e71b49d9ce67d17011416d10b11b9c5d5ad964
=== RUN   FuzzTrie/34ef096603b27e7552511046e87962a167f95178
=== RUN   FuzzTrie/350eba6cb293421719133f9472a5bb700fafafd9
=== RUN   FuzzTrie/358ba96f598a80550076a2a443debe3390ada07b
=== RUN   FuzzTrie/35dd5862e574b7f171409175c441802e1fe5bfe4
=== RUN   FuzzTrie/36a3bac8419a42060abfc830b4af51f39fb477e4
=== RUN   FuzzTrie/36cbc1a797d8b88d9a902789a2a3a500f6ae3cbc
=== RUN   FuzzTrie/3777e33b50a5b69643b99de70228e341f9c8502f
=== RUN   FuzzTrie/3853dc63bb6a411b1fccccb3efec71b845a06218
=== RUN   FuzzTrie/3867eb4b0f853c39bc21932d69f876dd1d54c39b
=== RUN   FuzzTrie/390d203bfd9db2bef7c0cb96a4396b5dcae76c71
=== RUN   FuzzTrie/392b72a2abc6424ce144df1532c4fcbd18f4acc1
=== RUN   FuzzTrie/3946663e330e15ce14acb55a62100ea16d571f07
=== RUN   FuzzTrie/3947d957f14877fa2ec89e9e0598c105193683b4
=== RUN   FuzzTrie/3a0cc05cc09cd5fa69db1ae3c47595b1096696ef
=== RUN   FuzzTrie/3a319d0aab97de9af5f2bd4c543054842427dff3
=== RUN   FuzzTrie/3b850f99a7f10809471910e8104991068c51564a
=== RUN   FuzzTrie/3cb8f68d2f9b828c374bec8dc7366c25b4f09b3d
=== RUN   FuzzTrie/3e756c6d070d43cb6307a709ee7c3ec8b699ba1f
=== RUN   FuzzTrie/3fd8142b21af6a867579da3c22ce00704fe6cf69
=== RUN   FuzzTrie/4018b844e05bb2eba7fa499014ebb6dcf1ff7667
=== RUN   FuzzTrie/403ae4d5dd05297987b98e81693bbb95a983b09c
=== RUN   FuzzTrie/4143f9ec93a9e3a14024f866fb6201890d396b7e
=== RUN   FuzzTrie/4150ffc4cec7cf5144d91a908b1ea9d383c8e721
=== RUN   FuzzTrie/417df88fb41803002f61ced9691bee1a08c51541
=== RUN   FuzzTrie/42c142954917f12555bea5647f202db20b269009
=== RUN   FuzzTrie/4315e7a79c87d53c00e31de7bfcc5819e7be29e1
=== RUN   FuzzTrie/43b9c7b3a107de17e37a6da93a357c69515b6b2f
=== RUN   FuzzTrie/44e7d80daaabaa10740b3d43908fcde073f55f06
=== RUN   FuzzTrie/454773afddf11a03acfd2dc88dabe69ace8c31c2
=== RUN   FuzzTrie/4577ec829ca761a58da376475d57e59126ae1fa1
=== RUN   FuzzTrie/45a1d7cdc4dded195d4687ccab85b4c456283180
=== RUN   FuzzTrie/464a834e187fe744dc0522f682be0e2efd28dd6e
=== RUN   FuzzTrie/46a066d47cc1fdb715c26eaf0f0146bdb77e6ca6
=== RUN   FuzzTrie/4707033b1557ad8479637a04980888ba8e64a9fa
=== RUN   FuzzTrie/47c0352c5c30ef7b01b4b3135eb4eb6a15dceded
=== RUN   FuzzTrie/4897d3ba19c0934f1392f442f5f6d58f6f8d247a
=== RUN   FuzzTrie/493e9ce845765c9641fd907f23bb4d9380050018
=== RUN   FuzzTrie/4972c89ce05bc1c4ba6534a89a935ba00f40f3b8
=== RUN   FuzzTrie/4a710574bfbaba1ef388e35e7cf57fd1f8900f8a
=== RUN   FuzzTrie/4aed9aaaa282396c14f961994c5c7cdff1aee841
=== RUN   FuzzTrie/4b18b926ea17c4b9feacd80753999526eb136853
=== RUN   FuzzTrie/4bf44a0efa43acb7db4a7151765ab5f02b827ed4
=== RUN   FuzzTrie/4c562de259528ede73f1218f5cfa43c41b656e9b
=== RUN   FuzzTrie/4cae0aedac75a509b193e8056ace14dc1789fae8
=== RUN   FuzzTrie/4d0b5ec2cd2c0c4e083d3b4af6a96fd24fbce95d
=== RUN   FuzzTrie/4d40997b772cacea8c71698aea17d347c94e12ec
=== RUN   FuzzTrie/4dac499211c900154855c05688894e35905a8562
=== RUN   FuzzTrie/4edae88664d484016478b3e0f3d7a6780f9e4b83
=== RUN   FuzzTrie/4f12b3548e807b423c4b7276540bd74935037411
=== RUN   FuzzTrie/4f53fb6b8077d4331a5f0148448ac8a6db74af23
=== RUN   FuzzTrie/51018013353de7f77b64fbb158bacf53dfa62dc9
=== RUN   FuzzTrie/51153491221e41e7042ccb61242a8497b1c10fdb
=== RUN   FuzzTrie/51bb3870c10f603925e8d9b95880414cb5be5aef
=== RUN   FuzzTrie/51cea1589d6b27363f6a33e5ba770729083e78c9
=== RUN   FuzzTrie/5372ccfcaa89999fb7a535eeb7594a795b54a751
=== RUN   FuzzTrie/539acbba3498a225e65e6094d0e4de2974ebe803
=== RUN   FuzzTrie/5405f043177ecf30cba2d41d92c971b61ac5eb96
=== RUN   FuzzTrie/540d40a5639acdc0ea85767310fd6b9f499a84c3
=== RUN   FuzzTrie/5486827c5f7cf022a65d158e25181ba6281ed451
=== RUN   FuzzTrie/54b8bb565ae5450d249eba02e4468014fc4122a6
=== RUN   FuzzTrie/5587135716ac44f4e3119812558901313b7c45ac
=== RUN   FuzzTrie/559894dc0b39a8ea2d7c880c1c2f00a279d472f8
=== RUN   FuzzTrie/55f665183a8d1da79eb471651b2444755cba1b8c
=== RUN   FuzzTrie/56766cdb456661b2d87a3c7a8034fb8f3c617319
=== RUN   FuzzTrie/5770ff155a2f0071af343052d2d13a0d9cbdefe0
=== RUN   FuzzTrie/5869baca724210447e6d0b73ed8867802024da07
=== RUN   FuzzTrie/58aa019cddef2e33f404490bb92e8795c6f378bb
=== RUN   FuzzTrie/595fec09f60cd552462b1c5cadb6000df637a70c
=== RUN   FuzzTrie/59e5cadf19dd1865a4769784c46320a998c2e4e5
=== RUN   FuzzTrie/59f029a5cdeb51a4db040094644681248b6f310a
=== RUN   FuzzTrie/5a36b28d8513fa4af56ec8c4c9dc25642a912f74
=== RUN   FuzzTrie/5aa8fa72fdd6bfa00df4d2049945e95ea5d5eec4
=== RUN   FuzzTrie/5ac1c67322be6ae76a8d171e3c8215b87cbae50c
=== RUN   FuzzTrie/5b37316eedacdcb4b3f0a40a214b94f7055996f6
=== RUN   FuzzTrie/5b7cf0a98273426499c33d2260b1e78b96549905
=== RUN   FuzzTrie/5bcb8301307235a0aab620ad7a1454b06a6c93c1
=== RUN   FuzzTrie/5dfce592a8076886b34bd057737531b0d7aa0772
=== RUN   FuzzTrie/5e5351ede7a2b001b1641d393cb659ceec0e3b40
=== RUN   FuzzTrie/5ecb4766aca54e20cc21888bef920f71e2fbffbb
=== RUN   FuzzTrie/5f0407098fd9f1e15603ae05d894ebd1d674271e
=== RUN   FuzzTrie/600ac0b071655bca97d0a81f5d66356d490e6ba2
=== RUN   FuzzTrie/6243d31d22c4afbdb1c0b888a79e8c7e91313f02
=== RUN   FuzzTrie/627e86f50e36aff1d112d81f4f82616190f37928
=== RUN   FuzzTrie/62bf7b95f0f73da1fc899ec803507094d4318b86
=== RUN   FuzzTrie/62d1e578054bd1dccda5c44048cb685028b13a38
=== RUN   FuzzTrie/64940034b36be6f3bd176013bcb13a51cc542ec6
=== RUN   FuzzTrie/64f562b7be8264b547939f4e221d5809d8bc4899
=== RUN   FuzzTrie/661518e2330b5a9c42853b2497072ccd488fd55d
=== RUN   FuzzTrie/6669d66fa43fc539af749fa6f54f54d3f07daedc
=== RUN   FuzzTrie/677dd4f316226ec34f7b79a89364ea9e5db7fa6d
=== RUN   FuzzTrie/67ebc5c76dec1165a2ec9ebc52f92bfece9ad870
=== RUN   FuzzTrie/6927353613e07b262e4655c0ee0ab4c7e916168e
=== RUN   FuzzTrie/6997f4f828f14cc7c1ade8402d6fa7d5ccef9e40
=== RUN   FuzzTrie/6a04196d8046063fb3a7f6e3337cf60706cc9508
=== RUN   FuzzTrie/6b5a6204c2ae6e311e1686eb0e8aaf19f1e5719a
=== RUN   FuzzTrie/6b7e4868bfe192854b5d70da68b983a75d8f8987
=== RUN   FuzzTrie/6c260eb6dafaa0f4ccd16530dcb8b2fb78fd69d4
=== RUN   FuzzTrie/6c84d8d2f8047bae5a0b320b72c35ae8ed929fe1
=== RUN   FuzzTrie/6cd9cc0c96a44b74eb0122b946f93f843d7a9655
=== RUN   FuzzTrie/6ce78b47d5329dd4e0e59aebf0a0edd495c37bd0
=== RUN   FuzzTrie/6d07f7d0e471e5fe82922ad52c56d85f9e269e66
=== RUN   FuzzTrie/6d148342e8066aa8ca746e786b83795cac234bca
=== RUN   FuzzTrie/6dc1b2bc993a864486a76783f4e9011437e8a971
=== RUN   FuzzTrie/6eeb101724ccab6249348627783aa49ff8c5fa77
=== RUN   FuzzTrie/6ef5c0d5519930c3668fcff4ac93c0d7bbf75a2a
=== RUN   FuzzTrie/6efaa1b50d1121ea6b60132ff9b5c46ea1a44313
=== RUN   FuzzTrie/6fd790713e4cc321a9b20ae9ef848134510e94be
=== RUN   FuzzTrie/703567b35629dfe62278d4748f227be125c6c88a
=== RUN   FuzzTrie/713f916c4a6e87bbbfc16e8adbc0062f0e1b2240
=== RUN   FuzzTrie/7284c732f9a2c7016cc95c9f6ae404ad30afac68
=== RUN   FuzzTrie/72982fbd420299490c22fa5f89bf4301d44b352c
=== RUN   FuzzTrie/7312d1652f15273fbdaa488ee61d441709543f9c
=== RUN   FuzzTrie/7329ae45b2ad5c470d5e187f63eb7178096eaa7e
=== RUN   FuzzTrie/73440c10a9e27de2334aa266ab093d5068555f5b
=== RUN   FuzzTrie/73f5616dde981f18d1b276897e3cb38162dbbffe
=== RUN   FuzzTrie/752e9e52f5e17f3839641783ef3accbf01a0c959
=== RUN   FuzzTrie/75da66a3f04ec54ccc7a742dec4eb4af79691ce2
=== RUN   FuzzTrie/764ace6ffd564d7d9a58c73dd55cc773483c6ea0
=== RUN   FuzzTrie/76e1c9361f32e4df2ba8e8aa95f57a2478d1bb6a
=== RUN   FuzzTrie/7823795468775ec0a37a05d9c65c2ad88a06b2d2
=== RUN   FuzzTrie/7825411b02159ffdbf2adef50fc70240f3ba4360
=== RUN   FuzzTrie/787f8e74d88ace8c64924f7a4c838b9518c2a170
=== RUN   FuzzTrie/79be43eb4f27ea12deeea0a256b8391efc284046
=== RUN   FuzzTrie/7a2b948d670d4fa2d6a363d46a9db1ae42f76899
=== RUN   FuzzTrie/7bcabdb440e92205e60a2e10e23fa6ebd90ee88d
=== RUN   FuzzTrie/7bf7e7a3d962786095142840c7a6c43b90829d01
=== RUN   FuzzTrie/7cc26eeb00fa9fb819df19ff6c8adde3b47f5cc8
=== RUN   FuzzTrie/7cf31f2afa86d7e18915de40456cffae981c6ad5
=== RUN   FuzzTrie/7d300c6e32c82c8e19722eaa1e2577319891d1c6
=== RUN   FuzzTrie/7d8501c85e24f9e2540f09ad0a2930459cca7a63
=== RUN   FuzzTrie/7e46e85f670f808c490f63bfdd724964def41378
=== RUN   FuzzTrie/7e8f4e8a4fcb3a9deafcac0b65791e8cb8c04c83
=== RUN   FuzzTrie/7ea5c819fcf3596635cf85d670b4c4cfc4cfe06c
=== RUN   FuzzTrie/7fd680972ad29847e9a81c1e556bbd8c0cf7687d
=== RUN   FuzzTrie/7ff3a497458792a42f2f25bf87a8335536fb1d52
=== RUN   FuzzTrie/7ff69dc79e472f9805b45c15b8a0fe88d043f969
=== RUN   FuzzTrie/80f39e1477537a408f105c18e7f9912e599bf4e4
=== RUN   FuzzTrie/8135b8e4d21775bb846d30df0d09bfcc05ea4e94
=== RUN   FuzzTrie/81b92241bf257efcb18104c843e396cf3ae4b676
=== RUN   FuzzTrie/822b5e75e25b772fda76d6ed7ddb27750a2c0631
=== RUN   FuzzTrie/828f026ce14c5f122e8289e06e3d09f45580a5a2
=== RUN   FuzzTrie/834c4c1a1075afbfe811f02634bdbef0e8a2d213
=== RUN   FuzzTrie/83633d6cac6de91ad710cc3e0dc04b1f46848f86
=== RUN   FuzzTrie/84eac454af9304af85e4d1d5b6f9835529400b0f
=== RUN   FuzzTrie/8504b8fa09e796f26392e3e993e1371d73b82910
=== RUN   FuzzTrie/855f70ce9e0753ca36d7d0591147e9979af0cf71
=== RUN   FuzzTrie/8596cbaa13cea3fed08cfec60500a3ffb9b9749b
=== RUN   FuzzTrie/85b3af2ed47761a8519a1706a7876e5d48aadb3f
=== RUN   FuzzTrie/86b6d33336d34330bad41188f99c412828e12127
=== RUN   FuzzTrie/87ecaf55173b0e435b9c56385ed9293ff40933c6
=== RUN   FuzzTrie/87f31e053e32b6b4e6c9b4e68f4d1e10e90a9206
=== RUN   FuzzTrie/88333413c84e804590802f088fe191b74a6a6f6a
=== RUN   FuzzTrie/886ad88919dd75b30826c32917c8604cf9dd2e3d
=== RUN   FuzzTrie/889828579650d21d36c47d2363bb427dc230889d
=== RUN   FuzzTrie/88b45020ffc7be95930faaee1f924fcdb4122c99
=== RUN   FuzzTrie/88cf546d7391ae8d97b57028962b9df0cbeb6e7f
=== RUN   FuzzTrie/88d544d9195c1077c2265c5b1941c5486436ab89
=== RUN   FuzzTrie/88eef187b5fe8151b2bb3ef1fa878d3680f048a3
=== RUN   FuzzTrie/8a44bf8ab65de99f491c7bfbea0e6ea2fd79e7e8
=== RUN   FuzzTrie/8a74ec86995e5c08940fce65566519187966f2a5
=== RUN   FuzzTrie/8a7f522a71a5c511dda5df2149b391a5323b263c
=== RUN   FuzzTrie/8bdbf28b974d2e7bd9730ca07311649d7297d503
=== RUN   FuzzTrie/8d191465545a2d7e6ba2c1da56d28280116d24e9
=== RUN   FuzzTrie/8e407381a5ace6fb32ad919d76ab132609b89373
=== RUN   FuzzTrie/8e6811040891d10c39da8052df6fc0d1c0bb2a18
=== RUN   FuzzTrie/8e6cd2d92f447f3e07b4abd21483c716a0aebd27
=== RUN   FuzzTrie/8f066289e8a06d508c0c4b35e6ce76313ab49b66
=== RUN   FuzzTrie/8f50c497c007df0c6310979338539f967e355e06
=== RUN   FuzzTrie/8f6b1ce2327eaa8c406e2281eb0a8e120317e270
=== RUN   FuzzTrie/8fa82303650531f5b6c70da5c959d7bebcded9de
=== RUN   FuzzTrie/90800b91e64127d2d3e7f273442b930b3493bac0
=== RUN   FuzzTrie/90a7e9117afd6ca8d95b6ad5c8f9178bdf71104b
=== RUN   FuzzTrie/90b032fb83943e3e9729000f2c1b306705060f4d
=== RUN   FuzzTrie/90f5abee79661d67fa6b495d4496356fc6861eb6
=== RUN   FuzzTrie/917d75035bcc5a370e6cf09fd50d8ab76a23e023
=== RUN   FuzzTrie/9217d5a0422af0e96d5296bfa890e1245fb1799e
=== RUN   FuzzTrie/9313550e9b3bfabcb0a9dbd1719324bc2ca72feb
=== RUN   FuzzTrie/9423c8e1b74a61b502273b2043ec336813663e09
=== RUN   FuzzTrie/9430d39dee78c1af90d388dfe0559f0cacdf5635
=== RUN   FuzzTrie/948053c4e46c0c90ab89d85a92fff2b1bf4dc8d2
=== RUN   FuzzTrie/94cfc9c99517ba742279fd81514b9f37daf07ae3
=== RUN   FuzzTrie/9543c7a5589543c6a1d0bc8e8b84cb459afc7bfa
=== RUN   FuzzTrie/96ff673b7bac5cfd5e8fb8510bb86f143dc57aa7
=== RUN   FuzzTrie/987b5fa1de66106d9b44995284eb1b6fbb9fb016
=== RUN   FuzzTrie/9a54e3ccaf56d2cef4bad5aff616ca475952a4c8
=== RUN   FuzzTrie/9a6317a0357358ecbf3db1dafe2d5616109e04f3
=== RUN   FuzzTrie/9b4c3503864441b526483bd39a52dd0e9751632a
=== RUN   FuzzTrie/9bb72083e932a8d03a2e75b19624bddc6d29757b
=== RUN   FuzzTrie/9c7e540f10b37d4c811519da7d70dd19c753f14d
=== RUN   FuzzTrie/9cbaff8813980490e5df3a5a8823b8b4c8186fe7
=== RUN   FuzzTrie/9d6f277f9d4d3ec7dad11251a334b0c9a85acdb0
=== RUN   FuzzTrie/9daee4bac647cb5367a6c5d17e56490fa924dcaf
=== RUN   FuzzTrie/9db755d5610d353627723baa5483de35230985d8
=== RUN   FuzzTrie/9dc90dddf4809cb2a702ac6e928c1ca26db2d15f
=== RUN   FuzzTrie/9dc9cf66ca19cda7deb2495273c2f4b273012b0b
=== RUN   FuzzTrie/9ea0be6f5c79e273154d5e701bd7d43e60e269f5
=== RUN   FuzzTrie/9f6fb1ba5d90f2c857e14510ceb523c05b4626f1
=== RUN   FuzzTrie/a04196ba2ae2670325d86c642942c0c315799678
=== RUN   FuzzTrie/a0690cb19d98223ef2b1273a4b1796fd2281c8d1
=== RUN   FuzzTrie/a1015d578a6b832bf270ee814015dc194938e362
=== RUN   FuzzTrie/a1810447f2cb48c6ca24d441dace78b067f7a117
=== RUN   FuzzTrie/a1cb61096013e71b0e3fce07e489f135564ebc01
=== RUN   FuzzTrie/a213c5274f1dfa6c1c81b192a888e4df12f3d33b
=== RUN   FuzzTrie/a22396b6b245a2c7e109f5362591d8925e8c725c
=== RUN   FuzzTrie/a2510d76d0c2d0f9edddb7a4a79251be8100845c
=== RUN   FuzzTrie/a27d3cc7242c850460dfdc0dd548f2bf197aaa0e
=== RUN   FuzzTrie/a329008219e8ec3ade1364bfb294905c221b50c6
=== RUN   FuzzTrie/a337e2e9d732a8d2b28e7c10eebf10be2eafab74
=== RUN   FuzzTrie/a3b3c104cd5b87adbca474ba14113146a481ec19
=== RUN   FuzzTrie/a44d4fdd4bf9c25862ee164e7f43c606a3865068
=== RUN   FuzzTrie/a4a36c8d17ff180af3adf73f4b0bb23fc32b9889
=== RUN   FuzzTrie/a5a327a35d5d14490985b9d46424bf822599fb3c
=== RUN   FuzzTrie/a6450d8b0483cb819087fcfab23156c855fad6c1
=== RUN   FuzzTrie/a656be7d21f30737a46c9ec741f1c95ca05fb056
=== RUN   FuzzTrie/a687d4fc078639a35682ec9ff52c33db1c6c40be
=== RUN   FuzzTrie/a807187d9ad3d20e7a7fb9654a04c65026075e8a
=== RUN   FuzzTrie/a83bce59599eab402170a39468589445d3cce904
=== RUN   FuzzTrie/a8a6e5a23975b8a0464f33fc44222fbe940c503e
=== RUN   FuzzTrie/a93fc4c37f6a66f7e94d5c37e0876546f638108d
=== RUN   FuzzTrie/aab5f47755a11e130b586fdceea5841c710c3380
=== RUN   FuzzTrie/aacb2c99b006057fd36e17e8ced194fc4e564bcd
=== RUN   FuzzTrie/ab3ed880b43c44a0e25534bbc73005974eb752e6
=== RUN   FuzzTrie/ab8cb2f9c108903c0e230a3ee589da94058c099d
=== RUN   FuzzTrie/abe7403db556418db83f0afaf591b6b1a2dcf6ab
=== RUN   FuzzTrie/ac1ef0c7da28b1ea131aa9b33ec52bb949325902
=== RUN   FuzzTrie/ad49a590e2c2b78da9df8c52ca602739883c2bfe
=== RUN   FuzzTrie/adb723808277635850298418de4eadc634da5afa
=== RUN   FuzzTrie/adc83b19e793491b1c6ea0fd8b46cd9f32e592fc
=== RUN   FuzzTrie/ae46bddbda1ff6846a62576c262eeac52523d826
=== RUN   FuzzTrie/aefb2ca63b28dbd7409109c44e10166de73364a0
=== RUN   FuzzTrie/afbf164d70621f7e81fb435839d75d99c9ff0058
=== RUN   FuzzTrie/b16d2739ac791fca31d89af754d957bee518ea10
=== RUN   FuzzTrie/b1be101c38756c3c60de881584a70180a6ef9b07
=== RUN   FuzzTrie/b1f8610c2b5107c205caf481a78ccbd5a8c40661
=== RUN   FuzzTrie/b20df7c2d0a2ae9f8acdbede7650f2923188028d
=== RUN   FuzzTrie/b30e649f5d262a4550e706d82d0f5b7347ce8270
=== RUN   FuzzTrie/b3118b35a7f2aeec63adaf4c4fa975550f084e9f
=== RUN   FuzzTrie/b33005dc653d269f058a545992131417b3ae6b00
=== RUN   FuzzTrie/b3b1aa63f35551c02809aa40a746c7b5859ec00b
=== RUN   FuzzTrie/b57866b8a8f2fb9b73f88e25507a62ee73fe3963
=== RUN   FuzzTrie/b672b976333172094c04e8271d9f65a2d8b97e97
=== RUN   FuzzTrie/b68d758b85583229ae4fd08dfaa0fa94aeb7e68e
=== RUN   FuzzTrie/b6fe320b8d41b60c6f6770bc38266bef46b0d24b
=== RUN   FuzzTrie/b7a0c99ef57430effd527689d0b64477cf68d9ba
=== RUN   FuzzTrie/b8a7c5b37e4d156f7787f15a2a2ef39d04ee17b5
=== RUN   FuzzTrie/b8e9deba7153b998033f3006784a5991315a0260
=== RUN   FuzzTrie/b9ad31179a738b04dbd3d26232f75f1ce1ed339f
=== RUN   FuzzTrie/ba121e17078361142c46d1924d9672710e835c9a
=== RUN   FuzzTrie/ba508cf105ce8ae6a9d31b0d86f6122ac7afe7d9
=== RUN   FuzzTrie/bb36b81290495313b48f53b6d6eaa249ed63c5f9
=== RUN   FuzzTrie/bc9c4ace31efa5a399186486bb72c2f9b660e6c1
=== RUN   FuzzTrie/bd2264b57f5e2bd5dd5aceaf2995c33c1d9ce347
=== RUN   FuzzTrie/bdfe4d83f9b843f71637b0b9403e66d815e3af50
=== RUN   FuzzTrie/be8cd7f5d4a6e667a9cb3a138f24e33880a71dd6
=== RUN   FuzzTrie/bee038d36a0ffa4ebdfda22e9ccc4bb4440bf133
=== RUN   FuzzTrie/bfabaa3e23cbe946526d809fa6a59dd1b1676886
=== RUN   FuzzTrie/bff4ad4b85b4910b5c50ee2075e51aef1de88e53
=== RUN   FuzzTrie/c0307618229bc1cd20a596a06d0ed232e4177843
=== RUN   FuzzTrie/c0b2b6095fd6ada90041743778fe4b8ee244ca76
=== RUN   FuzzTrie/c101a89b75a71bb9b7c41fdd9d55fecb94e09987
=== RUN   FuzzTrie/c10b7df23fa3455b90a68fc834ad1e692f25ce62
=== RUN   FuzzTrie/c26c08aaf039a3f38f64593cbbb638c170b42c3e
=== RUN   FuzzTrie/c2ad1a696c519a848f3e21e9940121e6a4927455
=== RUN   FuzzTrie/c32922d9c8851e65d61babe8c54c225d9f13357a
=== RUN   FuzzTrie/c3570fb34781066025a7feeacc64880e19bda17e
=== RUN   FuzzTrie/c411632a91a35398e7d9663ec5d4f1251a4978d9
=== RUN   FuzzTrie/c41d2295f72009a4d2619a50bc11a1af45a653b3
=== RUN   FuzzTrie/c4c17b8c11a478a3c052dfa19fa1b660cc1141b5
=== RUN   FuzzTrie/c5ce6392e84cae90b5f84d1dd21abe854d4f7fad
=== RUN   FuzzTrie/c6ba68a89fce328b0544d8492c3053414c3fa733
=== RUN   FuzzTrie/c7e3f999653e33c129bd0df28e799a7d9c466ace
=== RUN   FuzzTrie/c8510bba76e46af3bcd1c7b38cbc5acf683cf835
=== RUN   FuzzTrie/c8c9f63499378faffd30f2cf02cad9502453166e
=== RUN   FuzzTrie/c92fe2fe3deef4cf16015628f9fe371c185fa14b
=== RUN   FuzzTrie/c9663e9bb081ee880fb6e9368f05aece41d78eb5
=== RUN   FuzzTrie/c9e9452d1ec6e16193a12818fe096d868c14b4e4
=== RUN   FuzzTrie/ca16fb6bd245efe60de4f590e71ba8979d5bbeea
=== RUN   FuzzTrie/ca6eba840731880e4a5892c17b0693a59a7f5a23
=== RUN   FuzzTrie/ca89c0d2cca4b1d90fd9b401a98b3794b3a5a623
=== RUN   FuzzTrie/caab5b0c78440ea6f829ebf3d8d9d5015ebe57e4
=== RUN   FuzzTrie/cab2d47dfc5a10bc657f2a061012c652f2e81b6d
=== RUN   FuzzTrie/cb53520f1ba40359225961f7b2342e34885fa34c
=== RUN   FuzzTrie/cc8eb49c5ebadcbc745445f077fa6b6340039da8
=== RUN   FuzzTrie/ceec7c676a8f32dfa7bc37ad71c23ecc0120020c
=== RUN   FuzzTrie/cfba3fafa5579ea0e8a0eea378733e2b1ec96cd7
=== RUN   FuzzTrie/d005aebd8355f44309154c0ce780b3fbf4093e27
=== RUN   FuzzTrie/d0c01c003b86848067052afdb49ed38477cc3fc0
=== RUN   FuzzTrie/d0c8f6b6dd81364207866b3c702a4f861a00051f
=== RUN   FuzzTrie/d22cdb6847c8a90ef987af93f4bd4e51bd76b2df
=== RUN   FuzzTrie/d2396d6c158c859f6ffe66d6fcc6f5e2038cc607
=== RUN   FuzzTrie/d393b4031815998d1e9e43f5ed6c31d9e039330d
=== RUN   FuzzTrie/d39d5d141fbe807c21c3476069a59032a2caef7f
=== RUN   FuzzTrie/d409c59193f6ce26648f641e6d6388be713eb562
=== RUN   FuzzTrie/d460d673806ce343c10e9a0ad746a639a4ac6df5
=== RUN   FuzzTrie/d5584ce363a6fe62fd2a80bcfa54f362df2054cc
=== RUN   FuzzTrie/d5f00489c77f810cf1588d993c6401b7ab8e8c4a
=== RUN   FuzzTrie/d821314d63bc9144ad87ddd9f49ffb132e601d7d
=== RUN   FuzzTrie/d8b08d06f8535a250dcc9a51390179698bc09e45
=== RUN   FuzzTrie/d8ec6fec2b29d72111128c9d6deb02bb72041565
=== RUN   FuzzTrie/d92000b05d989062bace0f4794b96741d5930988
=== RUN   FuzzTrie/d99063280e48cbc3cb7ea1587f45c3cf7892631b
=== RUN   FuzzTrie/d9a44a33cfba9087f37a7f9c83a6b66cd639fa42
=== RUN   FuzzTrie/da15a7847f7f850cb5294f44b77bdc356f7a0c2b
=== RUN   FuzzTrie/dbf5d1238e830a10d7ac3171caa0b797fbe5ad78
=== RUN   FuzzTrie/dbfc2eb2a72c2c4fb0bc01cb944a5275a8ac95f0
=== RUN   FuzzTrie/dc09b2df0e479ffc6cb381030ae3f0489d5d6747
=== RUN   FuzzTrie/dc36a350ab10062f572451239229f927530a38c2
=== RUN   FuzzTrie/dcf5bf6c63ba8e32483f75660b3a6a0f5d764483
=== RUN   FuzzTrie/dcfa4cce85bcaa96247922f54876ddad6f908ada
=== RUN   FuzzTrie/dd2074aae60a891d9e3a487a9291b01740c1d415
=== RUN   FuzzTrie/dd48288a890fb21675c77e741a18e29b20b3517c
=== RUN   FuzzTrie/de41666001986b547874e06701985c1f22d8a435
=== RUN   FuzzTrie/de59299464f40a48a1688e4d58416323f9784465
=== RUN   FuzzTrie/deca633530879ab99438247a3b5de310bd185c49
=== RUN   FuzzTrie/deeaf466887ba5b1de6788e354203160a181e3de
=== RUN   FuzzTrie/deffb7002242e5ba9e68164f7ced6f16004a6a0f
=== RUN   FuzzTrie/df695aa4a3d3aa624c5f61bf3bb67134fd420660
=== RUN   FuzzTrie/df9a6a0b57c346ab85fbfc43d2d4e91700572d15
=== RUN   FuzzTrie/e01f82b87c1f9f20407ecd227a5cb7cd05fa012b
=== RUN   FuzzTrie/e0f1d7d55bcb419a788be9020708da723350e106
=== RUN   FuzzTrie/e2bf3c20a8c05f952edf9ffc4c061d3d9897d7b2
=== RUN   FuzzTrie/e3bc6ffb08f831cf0cdcc944538c49e9f1f6777b
=== RUN   FuzzTrie/e47380924b81e0babbb4a57b95f0dad06804ce54
=== RUN   FuzzTrie/e4a11d7a7117015157e6b17b35dd5f8de158c14f
=== RUN   FuzzTrie/e4ef688ec3efc75e6a930febfcc835772f3f731b
=== RUN   FuzzTrie/e522cb7aebe7529d187300c655675c4ae32a71b4
=== RUN   FuzzTrie/e69abe48f08fa2768202db56d65df45079cc4bb3
=== RUN   FuzzTrie/e6b457ae3ee49a142980d765042db00c386d7abb
=== RUN   FuzzTrie/e6bb5e7b748bde3bcf69e05e7b6d954f408185dd
=== RUN   FuzzTrie/e6beb200fd540d3ee51e0ff735f13ecdeaa0bdd5
=== RUN   FuzzTrie/e6eaba611d1770dffcd7129d7971f72638e56498
=== RUN   FuzzTrie/e711c4e816fa716c58a802fba750551b40adad96
=== RUN   FuzzTrie/e8e6109800d01bb7ac47478dc00a1c906b0602e7
=== RUN   FuzzTrie/ea05ddd0c14e60718c8fc0d61adaf5cfc1b1d6a2
=== RUN   FuzzTrie/ea90dfa32b02575ffe7b36429ea05d2612a2c3fa
=== RUN   FuzzTrie/eada2adf04ebb959f115ee2fd57ed97fee76ca14
=== RUN   FuzzTrie/eb1a928bc786c8a509a831c03a068060cdede847
=== RUN   FuzzTrie/eb9ceb2c2e301140fcbe425f086ad70ac6e4819d
=== RUN   FuzzTrie/ec4b59ffee004c35d3078d079355b7c74c1c3cf5
=== RUN   FuzzTrie/ec7bb110bfc317bee1b0ca0dbdfa58b3728b1d04
=== RUN   FuzzTrie/ecde3d0751aeb5c745a67c256eec2c52b2557dd4
=== RUN   FuzzTrie/ed4fc6eb0669e469333b109f931c9abcb5c3b6d3
=== RUN   FuzzTrie/ed77356bf241fb796fb496355c5542fa255e2f36
=== RUN   FuzzTrie/edd7954f1ef7be76b93e8aa15eade716cff984f2
=== RUN   FuzzTrie/ee11806cb7bd00ac5f6d150d2cc8f0bf5db43eb2
=== RUN   FuzzTrie/ee7671987b265e9e79875535fde4300a647f7869
=== RUN   FuzzTrie/eebb52d6e5e4dc2f3fcc93099419163850101614
=== RUN   FuzzTrie/eee1c17b25358ab59c373d32d49ab21f618b96b8
=== RUN   FuzzTrie/efc88032a15a9741337b71d73b3f1f5d5ccfe5bf
=== RUN   FuzzTrie/f02771a73bf4c9da8fde410e581f00c3373c9a43
=== RUN   FuzzTrie/f072efed7c0f117572a5c269b5808ac53ef54372
=== RUN   FuzzTrie/f17d272c3d6ba23a3b238a64c0f3f9ec65a2b367
=== RUN   FuzzTrie/f188b4773f82c0e501c5758512bfe8b36943533d
=== RUN   FuzzTrie/f1ab90d681128646fb07f8a76454f6b029b8d551
=== RUN   FuzzTrie/f2c3e04a2b9116dec9b62241aa40ec78cc44b8b3
=== RUN   FuzzTrie/f2f11fe77bdbe35dc843ec57833b2eaff5180b64
=== RUN   FuzzTrie/f358f6970eb6a0f78d17ad15bd27a772408553c3
=== RUN   FuzzTrie/f367ed92034804016a463d47ebb48f5aa232bab6
=== RUN   FuzzTrie/f3d88b12240fe3bb07823fce659edb713c58848e
=== RUN   FuzzTrie/f4f3b749be6f477366bc4884b2d3dceef725d1c9
=== RUN   FuzzTrie/f5d7f1eca050a6377fbce8ac4119f43412abcc17
=== RUN   FuzzTrie/f6e1dc64e7f60d929bb19c38f8ab7594a41ed80a
=== RUN   FuzzTrie/f715472e7f8560b625716d908d60065f37ae3709
=== RUN   FuzzTrie/f7c43e80a116a41ef6a5608f946593ea43fa90a1
=== RUN   FuzzTrie/f8261d233f3377d9951682068fdbe53dd7b6aa92
=== RUN   FuzzTrie/fd3038ee9237463d1138a4bddbc275aebd7417f7
=== RUN   FuzzTrie/fd71938f2587cf5db5027b73e5906667f33015a5
=== RUN   FuzzTrie/fddc3b40fd79b6c5ad1c07982f50667b54550590
=== RUN   FuzzTrie/fe1b5d500d4f766eb0fd455fc7335634e930214f
=== RUN   FuzzTrie/fed5e2dea5fbe73e02e7e4278001b5b75364f978
=== RUN   FuzzTrie/fee8ede722840cdd98142534deb45e9943003f61
=== RUN   FuzzTrie/fef1bc030d08acdc70a1d22dd8bbbca68f725750
=== RUN   FuzzTrie/ff3ed48ac79d4279abe472daf402129cff86f353
=== RUN   FuzzTrie/ff4ef7d1295f7d39b6c013a1c6689781c53fa34f
=== RUN   FuzzTrie/ff7f1b4079759ee0ed2f8a1666d2dacf63deeb73
--- PASS: FuzzTrie (0.50s)
    --- PASS: FuzzTrie/00803fc4cc784a9068c42cf554b4d2a40f198c78 (0.00s)
    --- PASS: FuzzTrie/012d011eba3427ab8aef1fc3c3d228611186354a (0.00s)
    --- PASS: FuzzTrie/0137865547921366a6157646e93f0c044111067b (0.01s)
    --- PASS: FuzzTrie/018a10acd84ee98f387d4909278f6eddbca3f81f (0.00s)
    --- PASS: FuzzTrie/024a9c8fed25a375efe2c8a6a17e6936879981d7 (0.00s)
    --- PASS: FuzzTrie/03df94439cae26724dfa2651b68ce2960a6de803 (0.00s)
    --- PASS: FuzzTrie/0514d67baf2c271e0ec6eb5514771ff3f89a6277 (0.00s)
    --- PASS: FuzzTrie/053d68f11ba383beb450adbe888b0ecc7b18d71b (0.00s)
    --- PASS: FuzzTrie/067a8008ae0244d4139d6214cad4b4e577aa832d (0.00s)
    --- PASS: FuzzTrie/06c36eca3aaffbdc27732b60929a067bdb652d9f (0.00s)
    --- PASS: FuzzTrie/06eba6571f88cbe03f742a01dc908bbbdc40ca3e (0.00s)
    --- PASS: FuzzTrie/07d11798ea33e35ca4d94242226ad66c3b31f96c (0.00s)
    --- PASS: FuzzTrie/0835b1cc343661c4034af838a623b1950a5df2ae (0.00s)
    --- PASS: FuzzTrie/08b86c6fa2983e349448ae80ad6b0fc93d08b818 (0.00s)
    --- PASS: FuzzTrie/09006c068ec1fc39fb9be3e162a4e1e6ce93f182 (0.00s)
    --- PASS: FuzzTrie/09828806ac7a45fc5c6c4db4d05a8db8701061d6 (0.00s)
    --- PASS: FuzzTrie/09884273c53a8ba711ce68163469ecd3f51090e5 (0.00s)
    --- PASS: FuzzTrie/09ad3ca064f30fead890d6cba0dac232cd3f40e3 (0.00s)
    --- PASS: FuzzTrie/0a0f702ba0b7d21aca9a64d8d266c9e2f7ae544d (0.00s)
    --- PASS: FuzzTrie/0a1eb97054ffdb13d15adbb0b19e19b84b892c28 (0.00s)
    --- PASS: FuzzTrie/0b3e3975d314da557803d2680aef7d02ea142cd7 (0.00s)
    --- PASS: FuzzTrie/0b966b98c71501a98f14489e81377b34614a77bb (0.00s)
    --- PASS: FuzzTrie/0c7d27da0a69a667821f553b61e120d8a7a57c2d (0.00s)
    --- PASS: FuzzTrie/0cc415fd98dcf5f94864e420a53e26f2914d742b (0.00s)
    --- PASS: FuzzTrie/0dacbfd3105bf4d4abc253e38f47371648df3d23 (0.00s)
    --- PASS: FuzzTrie/0e09affa677f78c6cbd5b0ab1ce02d1c7f38d707 (0.00s)
    --- PASS: FuzzTrie/0ec6e1234f6cd4504862a36ed1b414a6a8ee9ad0 (0.00s)
    --- PASS: FuzzTrie/0f02bdad44d3fbbebd52bc5eaddf14064ad90c0a (0.00s)
    --- PASS: FuzzTrie/0f81098a8ade7d053a03674cd3f5660e64e75656 (0.00s)
    --- PASS: FuzzTrie/104fc6c809919e12f519c0f043c3e9bcb78785d1 (0.00s)
    --- PASS: FuzzTrie/11232cfca5ee3c2a5cc0c392a4b83318989852d3 (0.00s)
    --- PASS: FuzzTrie/11328e139483276d5976d2855fdfdac8c90b56a8 (0.00s)
    --- PASS: FuzzTrie/14866893fb6dbb777312ebaf23537e849030b552 (0.00s)
    --- PASS: FuzzTrie/15cabf638a682fb6caa94d302087f990701143da (0.00s)
    --- PASS: FuzzTrie/169f33dcba7210317d0d38b33e0b88070452680b (0.00s)
    --- PASS: FuzzTrie/172a423908f648816adcc7b9b65859d57c372d02 (0.00s)
    --- PASS: FuzzTrie/176c3d797597fcb573da9cd9629230b99d571492 (0.00s)
    --- PASS: FuzzTrie/17841757b5899149101ea6cf9a9f0e7191fb0f1b (0.00s)
    --- PASS: FuzzTrie/179499147444c70f6c3d6309c00396797a69b51c (0.00s)
    --- PASS: FuzzTrie/18d630931dd53cda1686e0a95bb5bb72cba4af19 (0.00s)
    --- PASS: FuzzTrie/19af1350cddeec9eb4fcceebd984a308c8e6cafe (0.00s)
    --- PASS: FuzzTrie/1b5e133ab1dc12e96854f6348a41d8b3bcd65f9e (0.01s)
    --- PASS: FuzzTrie/1bf4111b9e4f35073eeb7eda5d8233df7caa0323 (0.00s)
    --- PASS: FuzzTrie/1c15c48c873e39310400925dcf0c8bc96accf565 (0.00s)
    --- PASS: FuzzTrie/1d68e68081f86b5f016619e69de0dc72d7457c5c (0.00s)
    --- PASS: FuzzTrie/1d9dddfad053ec422225cab1231b68890c033d5c (0.00s)
    --- PASS: FuzzTrie/1ea279afb8fec78104e7bf44651d22f86578b7c5 (0.00s)
    --- PASS: FuzzTrie/1f2f93a55b1a57c0d0ce2abd6a7724c61920674c (0.00s)
    --- PASS: FuzzTrie/1fb096ece3bf59d83157a17ed1211ab2817552ab (0.00s)
    --- PASS: FuzzTrie/1ff9519663a58b33d921e554364867f2fe6e9549 (0.00s)
    --- PASS: FuzzTrie/1ffcd988ca23b7a03787b83d0cb87bf0303433e6 (0.00s)
    --- PASS: FuzzTrie/211ebfbd4530999e12e03d57537cea6bcb0a20a7 (0.00s)
    --- PASS: FuzzTrie/21bc04d185c5e13422dbef356b7d4ba012a498ea (0.00s)
    --- PASS: FuzzTrie/2235d1cfd607fa8ebab57aeb8d515045c140b595 (0.00s)
    --- PASS: FuzzTrie/228e2fbc5d11dfd3851f85173367475ad727afe2 (0.00s)
    --- PASS: FuzzTrie/22b860d7fa6949179a849f98bd7fb429802b63c3 (0.02s)
    --- PASS: FuzzTrie/22dfe7f7bbc380d783ae5d76d23c5c21980f0163 (0.00s)
    --- PASS: FuzzTrie/22eb00cdc3d4b911a563416185b1b0383b712aa8 (0.00s)
    --- PASS: FuzzTrie/23013e0b24a2a31eb17b814e778f6b54167bc4f3 (0.00s)
    --- PASS: FuzzTrie/2303a70d076fcaf173bdbb4469f070fd2fe94eb6 (0.00s)
    --- PASS: FuzzTrie/23d6287e6c19190dbc3bf692585ccb1925ee7ed6 (0.00s)
    --- PASS: FuzzTrie/23f5b279451f1a8c5e537b998a82103f4021cfa3 (0.00s)
    --- PASS: FuzzTrie/243c5a43fcdb3a67e9effea203aa7cc5ed7aebb3 (0.00s)
    --- PASS: FuzzTrie/253b072b0ba73cdb27aecd39916bda8fc33baefc (0.00s)
    --- PASS: FuzzTrie/25614645417030beb967fd973f17e8aaf016998d (0.00s)
    --- PASS: FuzzTrie/25a85bd1bb0bcba69e51a08ba5fa2a1dd1b36e70 (0.00s)
    --- PASS: FuzzTrie/25d9531c49166f00c4d7bccbf3f1b9bd2d258e3a (0.00s)
    --- PASS: FuzzTrie/26c763c90cd3f161c655bb0450a0623dc4030dea (0.00s)
    --- PASS: FuzzTrie/274dd932d889a43c72ab5785e5b00352888eb681 (0.00s)
    --- PASS: FuzzTrie/276fccb6559784a0712e32fa80ff5c8258a50209 (0.00s)
    --- PASS: FuzzTrie/278c2a4af0358d2c34a5a11e00df45e42b412bbf (0.00s)
    --- PASS: FuzzTrie/279345700f228d484c015b83c3fdf612a7607a85 (0.00s)
    --- PASS: FuzzTrie/279efdac933cf34bcbab03605c55136f30b2f749 (0.00s)
    --- PASS: FuzzTrie/27f1f04f8f47f1c0c6e20e85c89f74253715f02c (0.00s)
    --- PASS: FuzzTrie/28005ce6ffd4c03345c0fd6401f7e8d14288e6cb (0.00s)
    --- PASS: FuzzTrie/289c0a7a55809f7873182dc6258a733b12a0c78f (0.00s)
    --- PASS: FuzzTrie/28a7a251b17e24e5035bc573b91d9d37c2038eb5 (0.00s)
    --- PASS: FuzzTrie/28f0a64f7b6f75fb03703835685e210bbaec9bd4 (0.00s)
    --- PASS: FuzzTrie/2939e866f9371c7cb8f6d2bc2567ba2f4c6ee8cc (0.00s)
    --- PASS: FuzzTrie/2a4ec563ce8be781d073e90f3b0045c51d084671 (0.00s)
    --- PASS: FuzzTrie/2a59d0be5feb554915ccd69dfffa04f9198d517b (0.00s)
    --- PASS: FuzzTrie/2a81c370cee81b133af6e9ca30c974da596f9b98 (0.00s)
    --- PASS: FuzzTrie/2a8384b9a992e3877c4865457567d3bed2107d70 (0.01s)
    --- PASS: FuzzTrie/2ba0c07fb5ee695f1aaf8ac78a73238f184cb395 (0.00s)
    --- PASS: FuzzTrie/2c7f1e1197b8a38c9412eadf0cb1fc3735bb77c3 (0.00s)
    --- PASS: FuzzTrie/2ca2e91def39e50029b29c4cacdcad942f3f77b1 (0.00s)
    --- PASS: FuzzTrie/2e0cbf443936ba857aaeb8a1022e47d7f0d0b6a1 (0.00s)
    --- PASS: FuzzTrie/2e8251372a29182a0a1e41f11f084aac413a95bd (0.00s)
    --- PASS: FuzzTrie/2fc83de366a0d575a6a31c5badc87c28d05ceada (0.00s)
    --- PASS: FuzzTrie/31c745f7c357f23af429bc0fc9f1b6ea2ffad568 (0.00s)
    --- PASS: FuzzTrie/336c34bd3b6a99b40a5009e2404a32869674d2a1 (0.00s)
    --- PASS: FuzzTrie/33c23cd8fc698eb6e6e60db528456c7061d6a1f2 (0.01s)
    --- PASS: FuzzTrie/33f131ea616b3b352c64d78a66a0e2b789026467 (0.00s)
    --- PASS: FuzzTrie/34e71b49d9ce67d17011416d10b11b9c5d5ad964 (0.00s)
    --- PASS: FuzzTrie/34ef096603b27e7552511046e87962a167f95178 (0.00s)
    --- PASS: FuzzTrie/350eba6cb293421719133f9472a5bb700fafafd9 (0.00s)
    --- PASS: FuzzTrie/358ba96f598a80550076a2a443debe3390ada07b (0.00s)
    --- PASS: FuzzTrie/35dd5862e574b7f171409175c441802e1fe5bfe4 (0.00s)
    --- PASS: FuzzTrie/36a3bac8419a42060abfc830b4af51f39fb477e4 (0.00s)
    --- PASS: FuzzTrie/36cbc1a797d8b88d9a902789a2a3a500f6ae3cbc (0.00s)
    --- PASS: FuzzTrie/3777e33b50a5b69643b99de70228e341f9c8502f (0.00s)
    --- PASS: FuzzTrie/3853dc63bb6a411b1fccccb3efec71b845a06218 (0.00s)
    --- PASS: FuzzTrie/3867eb4b0f853c39bc21932d69f876dd1d54c39b (0.00s)
    --- PASS: FuzzTrie/390d203bfd9db2bef7c0cb96a4396b5dcae76c71 (0.00s)
    --- PASS: FuzzTrie/392b72a2abc6424ce144df1532c4fcbd18f4acc1 (0.00s)
    --- PASS: FuzzTrie/3946663e330e15ce14acb55a62100ea16d571f07 (0.00s)
    --- PASS: FuzzTrie/3947d957f14877fa2ec89e9e0598c105193683b4 (0.00s)
    --- PASS: FuzzTrie/3a0cc05cc09cd5fa69db1ae3c47595b1096696ef (0.00s)
    --- PASS: FuzzTrie/3a319d0aab97de9af5f2bd4c543054842427dff3 (0.00s)
    --- PASS: FuzzTrie/3b850f99a7f10809471910e8104991068c51564a (0.00s)
    --- PASS: FuzzTrie/3cb8f68d2f9b828c374bec8dc7366c25b4f09b3d (0.00s)
    --- PASS: FuzzTrie/3e756c6d070d43cb6307a709ee7c3ec8b699ba1f (0.00s)
    --- PASS: FuzzTrie/3fd8142b21af6a867579da3c22ce00704fe6cf69 (0.00s)
    --- PASS: FuzzTrie/4018b844e05bb2eba7fa499014ebb6dcf1ff7667 (0.00s)
    --- PASS: FuzzTrie/403ae4d5dd05297987b98e81693bbb95a983b09c (0.00s)
    --- PASS: FuzzTrie/4143f9ec93a9e3a14024f866fb6201890d396b7e (0.01s)
    --- PASS: FuzzTrie/4150ffc4cec7cf5144d91a908b1ea9d383c8e721 (0.00s)
    --- PASS: FuzzTrie/417df88fb41803002f61ced9691bee1a08c51541 (0.00s)
    --- PASS: FuzzTrie/42c142954917f12555bea5647f202db20b269009 (0.00s)
    --- PASS: FuzzTrie/4315e7a79c87d53c00e31de7bfcc5819e7be29e1 (0.00s)
    --- PASS: FuzzTrie/43b9c7b3a107de17e37a6da93a357c69515b6b2f (0.00s)
    --- PASS: FuzzTrie/44e7d80daaabaa10740b3d43908fcde073f55f06 (0.00s)
    --- PASS: FuzzTrie/454773afddf11a03acfd2dc88dabe69ace8c31c2 (0.00s)
    --- PASS: FuzzTrie/4577ec829ca761a58da376475d57e59126ae1fa1 (0.00s)
    --- PASS: FuzzTrie/45a1d7cdc4dded195d4687ccab85b4c456283180 (0.00s)
    --- PASS: FuzzTrie/464a834e187fe744dc0522f682be0e2efd28dd6e (0.00s)
    --- PASS: FuzzTrie/46a066d47cc1fdb715c26eaf0f0146bdb77e6ca6 (0.00s)
    --- PASS: FuzzTrie/4707033b1557ad8479637a04980888ba8e64a9fa (0.00s)
    --- PASS: FuzzTrie/47c0352c5c30ef7b01b4b3135eb4eb6a15dceded (0.00s)
    --- PASS: FuzzTrie/4897d3ba19c0934f1392f442f5f6d58f6f8d247a (0.00s)
    --- PASS: FuzzTrie/493e9ce845765c9641fd907f23bb4d9380050018 (0.00s)
    --- PASS: FuzzTrie/4972c89ce05bc1c4ba6534a89a935ba00f40f3b8 (0.00s)
    --- PASS: FuzzTrie/4a710574bfbaba1ef388e35e7cf57fd1f8900f8a (0.00s)
    --- PASS: FuzzTrie/4aed9aaaa282396c14f961994c5c7cdff1aee841 (0.00s)
    --- PASS: FuzzTrie/4b18b926ea17c4b9feacd80753999526eb136853 (0.00s)
    --- PASS: FuzzTrie/4bf44a0efa43acb7db4a7151765ab5f02b827ed4 (0.00s)
    --- PASS: FuzzTrie/4c562de259528ede73f1218f5cfa43c41b656e9b (0.00s)
    --- PASS: FuzzTrie/4cae0aedac75a509b193e8056ace14dc1789fae8 (0.00s)
    --- PASS: FuzzTrie/4d0b5ec2cd2c0c4e083d3b4af6a96fd24fbce95d (0.00s)
    --- PASS: FuzzTrie/4d40997b772cacea8c71698aea17d347c94e12ec (0.00s)
    --- PASS: FuzzTrie/4dac499211c900154855c05688894e35905a8562 (0.00s)
    --- PASS: FuzzTrie/4edae88664d484016478b3e0f3d7a6780f9e4b83 (0.00s)
    --- PASS: FuzzTrie/4f12b3548e807b423c4b7276540bd74935037411 (0.00s)
    --- PASS: FuzzTrie/4f53fb6b8077d4331a5f0148448ac8a6db74af23 (0.00s)
    --- PASS: FuzzTrie/51018013353de7f77b64fbb158bacf53dfa62dc9 (0.00s)
    --- PASS: FuzzTrie/51153491221e41e7042ccb61242a8497b1c10fdb (0.00s)
    --- PASS: FuzzTrie/51bb3870c10f603925e8d9b95880414cb5be5aef (0.00s)
    --- PASS: FuzzTrie/51cea1589d6b27363f6a33e5ba770729083e78c9 (0.00s)
    --- PASS: FuzzTrie/5372ccfcaa89999fb7a535eeb7594a795b54a751 (0.00s)
    --- PASS: FuzzTrie/539acbba3498a225e65e6094d0e4de2974ebe803 (0.00s)
    --- PASS: FuzzTrie/5405f043177ecf30cba2d41d92c971b61ac5eb96 (0.00s)
    --- PASS: FuzzTrie/540d40a5639acdc0ea85767310fd6b9f499a84c3 (0.00s)
    --- PASS: FuzzTrie/5486827c5f7cf022a65d158e25181ba6281ed451 (0.00s)
    --- PASS: FuzzTrie/54b8bb565ae5450d249eba02e4468014fc4122a6 (0.00s)
    --- PASS: FuzzTrie/5587135716ac44f4e3119812558901313b7c45ac (0.00s)
    --- PASS: FuzzTrie/559894dc0b39a8ea2d7c880c1c2f00a279d472f8 (0.00s)
    --- PASS: FuzzTrie/55f665183a8d1da79eb471651b2444755cba1b8c (0.00s)
    --- PASS: FuzzTrie/56766cdb456661b2d87a3c7a8034fb8f3c617319 (0.00s)
    --- PASS: FuzzTrie/5770ff155a2f0071af343052d2d13a0d9cbdefe0 (0.00s)
    --- PASS: FuzzTrie/5869baca724210447e6d0b73ed8867802024da07 (0.00s)
    --- PASS: FuzzTrie/58aa019cddef2e33f404490bb92e8795c6f378bb (0.00s)
    --- PASS: FuzzTrie/595fec09f60cd552462b1c5cadb6000df637a70c (0.00s)
    --- PASS: FuzzTrie/59e5cadf19dd1865a4769784c46320a998c2e4e5 (0.00s)
    --- PASS: FuzzTrie/59f029a5cdeb51a4db040094644681248b6f310a (0.00s)
    --- PASS: FuzzTrie/5a36b28d8513fa4af56ec8c4c9dc25642a912f74 (0.00s)
    --- PASS: FuzzTrie/5aa8fa72fdd6bfa00df4d2049945e95ea5d5eec4 (0.00s)
    --- PASS: FuzzTrie/5ac1c67322be6ae76a8d171e3c8215b87cbae50c (0.00s)
    --- PASS: FuzzTrie/5b37316eedacdcb4b3f0a40a214b94f7055996f6 (0.00s)
    --- PASS: FuzzTrie/5b7cf0a98273426499c33d2260b1e78b96549905 (0.00s)
    --- PASS: FuzzTrie/5bcb8301307235a0aab620ad7a1454b06a6c93c1 (0.00s)
    --- PASS: FuzzTrie/5dfce592a8076886b34bd057737531b0d7aa0772 (0.02s)
    --- PASS: FuzzTrie/5e5351ede7a2b001b1641d393cb659ceec0e3b40 (0.00s)
    --- PASS: FuzzTrie/5ecb4766aca54e20cc21888bef920f71e2fbffbb (0.00s)
    --- PASS: FuzzTrie/5f0407098fd9f1e15603ae05d894ebd1d674271e (0.00s)
    --- PASS: FuzzTrie/600ac0b071655bca97d0a81f5d66356d490e6ba2 (0.00s)
    --- PASS: FuzzTrie/6243d31d22c4afbdb1c0b888a79e8c7e91313f02 (0.00s)
    --- PASS: FuzzTrie/627e86f50e36aff1d112d81f4f82616190f37928 (0.00s)
    --- PASS: FuzzTrie/62bf7b95f0f73da1fc899ec803507094d4318b86 (0.00s)
    --- PASS: FuzzTrie/62d1e578054bd1dccda5c44048cb685028b13a38 (0.00s)
    --- PASS: FuzzTrie/64940034b36be6f3bd176013bcb13a51cc542ec6 (0.00s)
    --- PASS: FuzzTrie/64f562b7be8264b547939f4e221d5809d8bc4899 (0.00s)
    --- PASS: FuzzTrie/661518e2330b5a9c42853b2497072ccd488fd55d (0.00s)
    --- PASS: FuzzTrie/6669d66fa43fc539af749fa6f54f54d3f07daedc (0.01s)
    --- PASS: FuzzTrie/677dd4f316226ec34f7b79a89364ea9e5db7fa6d (0.00s)
    --- PASS: FuzzTrie/67ebc5c76dec1165a2ec9ebc52f92bfece9ad870 (0.00s)
    --- PASS: FuzzTrie/6927353613e07b262e4655c0ee0ab4c7e916168e (0.00s)
    --- PASS: FuzzTrie/6997f4f828f14cc7c1ade8402d6fa7d5ccef9e40 (0.00s)
    --- PASS: FuzzTrie/6a04196d8046063fb3a7f6e3337cf60706cc9508 (0.00s)
    --- PASS: FuzzTrie/6b5a6204c2ae6e311e1686eb0e8aaf19f1e5719a (0.00s)
    --- PASS: FuzzTrie/6b7e4868bfe192854b5d70da68b983a75d8f8987 (0.00s)
    --- PASS: FuzzTrie/6c260eb6dafaa0f4ccd16530dcb8b2fb78fd69d4 (0.00s)
    --- PASS: FuzzTrie/6c84d8d2f8047bae5a0b320b72c35ae8ed929fe1 (0.01s)
    --- PASS: FuzzTrie/6cd9cc0c96a44b74eb0122b946f93f843d7a9655 (0.00s)
    --- PASS: FuzzTrie/6ce78b47d5329dd4e0e59aebf0a0edd495c37bd0 (0.01s)
    --- PASS: FuzzTrie/6d07f7d0e471e5fe82922ad52c56d85f9e269e66 (0.00s)
    --- PASS: FuzzTrie/6d148342e8066aa8ca746e786b83795cac234bca (0.00s)
    --- PASS: FuzzTrie/6dc1b2bc993a864486a76783f4e9011437e8a971 (0.00s)
    --- PASS: FuzzTrie/6eeb101724ccab6249348627783aa49ff8c5fa77 (0.00s)
    --- PASS: FuzzTrie/6ef5c0d5519930c3668fcff4ac93c0d7bbf75a2a (0.00s)
    --- PASS: FuzzTrie/6efaa1b50d1121ea6b60132ff9b5c46ea1a44313 (0.00s)
    --- PASS: FuzzTrie/6fd790713e4cc321a9b20ae9ef848134510e94be (0.00s)
    --- PASS: FuzzTrie/703567b35629dfe62278d4748f227be125c6c88a (0.00s)
    --- PASS: FuzzTrie/713f916c4a6e87bbbfc16e8adbc0062f0e1b2240 (0.00s)
    --- PASS: FuzzTrie/7284c732f9a2c7016cc95c9f6ae404ad30afac68 (0.00s)
    --- PASS: FuzzTrie/72982fbd420299490c22fa5f89bf4301d44b352c (0.00s)
    --- PASS: FuzzTrie/7312d1652f15273fbdaa488ee61d441709543f9c (0.00s)
    --- PASS: FuzzTrie/7329ae45b2ad5c470d5e187f63eb7178096eaa7e (0.00s)
    --- PASS: FuzzTrie/73440c10a9e27de2334aa266ab093d5068555f5b (0.00s)
    --- PASS: FuzzTrie/73f5616dde981f18d1b276897e3cb38162dbbffe (0.00s)
    --- PASS: FuzzTrie/752e9e52f5e17f3839641783ef3accbf01a0c959 (0.00s)
    --- PASS: FuzzTrie/75da66a3f04ec54ccc7a742dec4eb4af79691ce2 (0.00s)
    --- PASS: FuzzTrie/764ace6ffd564d7d9a58c73dd55cc773483c6ea0 (0.00s)
    --- PASS: FuzzTrie/76e1c9361f32e4df2ba8e8aa95f57a2478d1bb6a (0.00s)
    --- PASS: FuzzTrie/7823795468775ec0a37a05d9c65c2ad88a06b2d2 (0.00s)
    --- PASS: FuzzTrie/7825411b02159ffdbf2adef50fc70240f3ba4360 (0.00s)
    --- PASS: FuzzTrie/787f8e74d88ace8c64924f7a4c838b9518c2a170 (0.00s)
    --- PASS: FuzzTrie/79be43eb4f27ea12deeea0a256b8391efc284046 (0.01s)
    --- PASS: FuzzTrie/7a2b948d670d4fa2d6a363d46a9db1ae42f76899 (0.00s)
    --- PASS: FuzzTrie/7bcabdb440e92205e60a2e10e23fa6ebd90ee88d (0.00s)
    --- PASS: FuzzTrie/7bf7e7a3d962786095142840c7a6c43b90829d01 (0.00s)
    --- PASS: FuzzTrie/7cc26eeb00fa9fb819df19ff6c8adde3b47f5cc8 (0.01s)
    --- PASS: FuzzTrie/7cf31f2afa86d7e18915de40456cffae981c6ad5 (0.00s)
    --- PASS: FuzzTrie/7d300c6e32c82c8e19722eaa1e2577319891d1c6 (0.00s)
    --- PASS: FuzzTrie/7d8501c85e24f9e2540f09ad0a2930459cca7a63 (0.00s)
    --- PASS: FuzzTrie/7e46e85f670f808c490f63bfdd724964def41378 (0.00s)
    --- PASS: FuzzTrie/7e8f4e8a4fcb3a9deafcac0b65791e8cb8c04c83 (0.00s)
    --- PASS: FuzzTrie/7ea5c819fcf3596635cf85d670b4c4cfc4cfe06c (0.00s)
    --- PASS: FuzzTrie/7fd680972ad29847e9a81c1e556bbd8c0cf7687d (0.00s)
    --- PASS: FuzzTrie/7ff3a497458792a42f2f25bf87a8335536fb1d52 (0.00s)
    --- PASS: FuzzTrie/7ff69dc79e472f9805b45c15b8a0fe88d043f969 (0.00s)
    --- PASS: FuzzTrie/80f39e1477537a408f105c18e7f9912e599bf4e4 (0.00s)
    --- PASS: FuzzTrie/8135b8e4d21775bb846d30df0d09bfcc05ea4e94 (0.00s)
    --- PASS: FuzzTrie/81b92241bf257efcb18104c843e396cf3ae4b676 (0.00s)
    --- PASS: FuzzTrie/822b5e75e25b772fda76d6ed7ddb27750a2c0631 (0.00s)
    --- PASS: FuzzTrie/828f026ce14c5f122e8289e06e3d09f45580a5a2 (0.00s)
    --- PASS: FuzzTrie/834c4c1a1075afbfe811f02634bdbef0e8a2d213 (0.00s)
    --- PASS: FuzzTrie/83633d6cac6de91ad710cc3e0dc04b1f46848f86 (0.01s)
    --- PASS: FuzzTrie/84eac454af9304af85e4d1d5b6f9835529400b0f (0.00s)
    --- PASS: FuzzTrie/8504b8fa09e796f26392e3e993e1371d73b82910 (0.00s)
    --- PASS: FuzzTrie/855f70ce9e0753ca36d7d0591147e9979af0cf71 (0.00s)
    --- PASS: FuzzTrie/8596cbaa13cea3fed08cfec60500a3ffb9b9749b (0.00s)
    --- PASS: FuzzTrie/85b3af2ed47761a8519a1706a7876e5d48aadb3f (0.01s)
    --- PASS: FuzzTrie/86b6d33336d34330bad41188f99c412828e12127 (0.00s)
    --- PASS: FuzzTrie/87ecaf55173b0e435b9c56385ed9293ff40933c6 (0.00s)
    --- PASS: FuzzTrie/87f31e053e32b6b4e6c9b4e68f4d1e10e90a9206 (0.00s)
    --- PASS: FuzzTrie/88333413c84e804590802f088fe191b74a6a6f6a (0.00s)
    --- PASS: FuzzTrie/886ad88919dd75b30826c32917c8604cf9dd2e3d (0.00s)
    --- PASS: FuzzTrie/889828579650d21d36c47d2363bb427dc230889d (0.01s)
    --- PASS: FuzzTrie/88b45020ffc7be95930faaee1f924fcdb4122c99 (0.00s)
    --- PASS: FuzzTrie/88cf546d7391ae8d97b57028962b9df0cbeb6e7f (0.00s)
    --- PASS: FuzzTrie/88d544d9195c1077c2265c5b1941c5486436ab89 (0.00s)
    --- PASS: FuzzTrie/88eef187b5fe8151b2bb3ef1fa878d3680f048a3 (0.00s)
    --- PASS: FuzzTrie/8a44bf8ab65de99f491c7bfbea0e6ea2fd79e7e8 (0.00s)
    --- PASS: FuzzTrie/8a74ec86995e5c08940fce65566519187966f2a5 (0.00s)
    --- PASS: FuzzTrie/8a7f522a71a5c511dda5df2149b391a5323b263c (0.00s)
    --- PASS: FuzzTrie/8bdbf28b974d2e7bd9730ca07311649d7297d503 (0.00s)
    --- PASS: FuzzTrie/8d191465545a2d7e6ba2c1da56d28280116d24e9 (0.00s)
    --- PASS: FuzzTrie/8e407381a5ace6fb32ad919d76ab132609b89373 (0.00s)
    --- PASS: FuzzTrie/8e6811040891d10c39da8052df6fc0d1c0bb2a18 (0.00s)
    --- PASS: FuzzTrie/8e6cd2d92f447f3e07b4abd21483c716a0aebd27 (0.00s)
    --- PASS: FuzzTrie/8f066289e8a06d508c0c4b35e6ce76313ab49b66 (0.00s)
    --- PASS: FuzzTrie/8f50c497c007df0c6310979338539f967e355e06 (0.00s)
    --- PASS: FuzzTrie/8f6b1ce2327eaa8c406e2281eb0a8e120317e270 (0.00s)
    --- PASS: FuzzTrie/8fa82303650531f5b6c70da5c959d7bebcded9de (0.00s)
    --- PASS: FuzzTrie/90800b91e64127d2d3e7f273442b930b3493bac0 (0.00s)
    --- PASS: FuzzTrie/90a7e9117afd6ca8d95b6ad5c8f9178bdf71104b (0.00s)
    --- PASS: FuzzTrie/90b032fb83943e3e9729000f2c1b306705060f4d (0.00s)
    --- PASS: FuzzTrie/90f5abee79661d67fa6b495d4496356fc6861eb6 (0.00s)
    --- PASS: FuzzTrie/917d75035bcc5a370e6cf09fd50d8ab76a23e023 (0.00s)
    --- PASS: FuzzTrie/9217d5a0422af0e96d5296bfa890e1245fb1799e (0.00s)
    --- PASS: FuzzTrie/9313550e9b3bfabcb0a9dbd1719324bc2ca72feb (0.00s)
    --- PASS: FuzzTrie/9423c8e1b74a61b502273b2043ec336813663e09 (0.00s)
    --- PASS: FuzzTrie/9430d39dee78c1af90d388dfe0559f0cacdf5635 (0.00s)
    --- PASS: FuzzTrie/948053c4e46c0c90ab89d85a92fff2b1bf4dc8d2 (0.00s)
    --- PASS: FuzzTrie/94cfc9c99517ba742279fd81514b9f37daf07ae3 (0.00s)
    --- PASS: FuzzTrie/9543c7a5589543c6a1d0bc8e8b84cb459afc7bfa (0.00s)
    --- PASS: FuzzTrie/96ff673b7bac5cfd5e8fb8510bb86f143dc57aa7 (0.00s)
    --- PASS: FuzzTrie/987b5fa1de66106d9b44995284eb1b6fbb9fb016 (0.00s)
    --- PASS: FuzzTrie/9a54e3ccaf56d2cef4bad5aff616ca475952a4c8 (0.00s)
    --- PASS: FuzzTrie/9a6317a0357358ecbf3db1dafe2d5616109e04f3 (0.00s)
    --- PASS: FuzzTrie/9b4c3503864441b526483bd39a52dd0e9751632a (0.00s)
    --- PASS: FuzzTrie/9bb72083e932a8d03a2e75b19624bddc6d29757b (0.00s)
    --- PASS: FuzzTrie/9c7e540f10b37d4c811519da7d70dd19c753f14d (0.00s)
    --- PASS: FuzzTrie/9cbaff8813980490e5df3a5a8823b8b4c8186fe7 (0.00s)
    --- PASS: FuzzTrie/9d6f277f9d4d3ec7dad11251a334b0c9a85acdb0 (0.00s)
    --- PASS: FuzzTrie/9daee4bac647cb5367a6c5d17e56490fa924dcaf (0.00s)
    --- PASS: FuzzTrie/9db755d5610d353627723baa5483de35230985d8 (0.00s)
    --- PASS: FuzzTrie/9dc90dddf4809cb2a702ac6e928c1ca26db2d15f (0.00s)
    --- PASS: FuzzTrie/9dc9cf66ca19cda7deb2495273c2f4b273012b0b (0.00s)
    --- PASS: FuzzTrie/9ea0be6f5c79e273154d5e701bd7d43e60e269f5 (0.00s)
    --- PASS: FuzzTrie/9f6fb1ba5d90f2c857e14510ceb523c05b4626f1 (0.00s)
    --- PASS: FuzzTrie/a04196ba2ae2670325d86c642942c0c315799678 (0.00s)
    --- PASS: FuzzTrie/a0690cb19d98223ef2b1273a4b1796fd2281c8d1 (0.00s)
    --- PASS: FuzzTrie/a1015d578a6b832bf270ee814015dc194938e362 (0.00s)
    --- PASS: FuzzTrie/a1810447f2cb48c6ca24d441dace78b067f7a117 (0.00s)
    --- PASS: FuzzTrie/a1cb61096013e71b0e3fce07e489f135564ebc01 (0.00s)
    --- PASS: FuzzTrie/a213c5274f1dfa6c1c81b192a888e4df12f3d33b (0.00s)
    --- PASS: FuzzTrie/a22396b6b245a2c7e109f5362591d8925e8c725c (0.00s)
    --- PASS: FuzzTrie/a2510d76d0c2d0f9edddb7a4a79251be8100845c (0.00s)
    --- PASS: FuzzTrie/a27d3cc7242c850460dfdc0dd548f2bf197aaa0e (0.00s)
    --- PASS: FuzzTrie/a329008219e8ec3ade1364bfb294905c221b50c6 (0.00s)
    --- PASS: FuzzTrie/a337e2e9d732a8d2b28e7c10eebf10be2eafab74 (0.00s)
    --- PASS: FuzzTrie/a3b3c104cd5b87adbca474ba14113146a481ec19 (0.00s)
    --- PASS: FuzzTrie/a44d4fdd4bf9c25862ee164e7f43c606a3865068 (0.00s)
    --- PASS: FuzzTrie/a4a36c8d17ff180af3adf73f4b0bb23fc32b9889 (0.00s)
    --- PASS: FuzzTrie/a5a327a35d5d14490985b9d46424bf822599fb3c (0.00s)
    --- PASS: FuzzTrie/a6450d8b0483cb819087fcfab23156c855fad6c1 (0.00s)
    --- PASS: FuzzTrie/a656be7d21f30737a46c9ec741f1c95ca05fb056 (0.00s)
    --- PASS: FuzzTrie/a687d4fc078639a35682ec9ff52c33db1c6c40be (0.00s)
    --- PASS: FuzzTrie/a807187d9ad3d20e7a7fb9654a04c65026075e8a (0.00s)
    --- PASS: FuzzTrie/a83bce59599eab402170a39468589445d3cce904 (0.00s)
    --- PASS: FuzzTrie/a8a6e5a23975b8a0464f33fc44222fbe940c503e (0.01s)
    --- PASS: FuzzTrie/a93fc4c37f6a66f7e94d5c37e0876546f638108d (0.00s)
    --- PASS: FuzzTrie/aab5f47755a11e130b586fdceea5841c710c3380 (0.00s)
    --- PASS: FuzzTrie/aacb2c99b006057fd36e17e8ced194fc4e564bcd (0.01s)
    --- PASS: FuzzTrie/ab3ed880b43c44a0e25534bbc73005974eb752e6 (0.00s)
    --- PASS: FuzzTrie/ab8cb2f9c108903c0e230a3ee589da94058c099d (0.00s)
    --- PASS: FuzzTrie/abe7403db556418db83f0afaf591b6b1a2dcf6ab (0.00s)
    --- PASS: FuzzTrie/ac1ef0c7da28b1ea131aa9b33ec52bb949325902 (0.00s)
    --- PASS: FuzzTrie/ad49a590e2c2b78da9df8c52ca602739883c2bfe (0.00s)
    --- PASS: FuzzTrie/adb723808277635850298418de4eadc634da5afa (0.00s)
    --- PASS: FuzzTrie/adc83b19e793491b1c6ea0fd8b46cd9f32e592fc (0.00s)
    --- PASS: FuzzTrie/ae46bddbda1ff6846a62576c262eeac52523d826 (0.00s)
    --- PASS: FuzzTrie/aefb2ca63b28dbd7409109c44e10166de73364a0 (0.00s)
    --- PASS: FuzzTrie/afbf164d70621f7e81fb435839d75d99c9ff0058 (0.00s)
    --- PASS: FuzzTrie/b16d2739ac791fca31d89af754d957bee518ea10 (0.00s)
    --- PASS: FuzzTrie/b1be101c38756c3c60de881584a70180a6ef9b07 (0.00s)
    --- PASS: FuzzTrie/b1f8610c2b5107c205caf481a78ccbd5a8c40661 (0.00s)
    --- PASS: FuzzTrie/b20df7c2d0a2ae9f8acdbede7650f2923188028d (0.00s)
    --- PASS: FuzzTrie/b30e649f5d262a4550e706d82d0f5b7347ce8270 (0.00s)
    --- PASS: FuzzTrie/b3118b35a7f2aeec63adaf4c4fa975550f084e9f (0.00s)
    --- PASS: FuzzTrie/b33005dc653d269f058a545992131417b3ae6b00 (0.00s)
    --- PASS: FuzzTrie/b3b1aa63f35551c02809aa40a746c7b5859ec00b (0.00s)
    --- PASS: FuzzTrie/b57866b8a8f2fb9b73f88e25507a62ee73fe3963 (0.00s)
    --- PASS: FuzzTrie/b672b976333172094c04e8271d9f65a2d8b97e97 (0.00s)
    --- PASS: FuzzTrie/b68d758b85583229ae4fd08dfaa0fa94aeb7e68e (0.00s)
    --- PASS: FuzzTrie/b6fe320b8d41b60c6f6770bc38266bef46b0d24b (0.00s)
    --- PASS: FuzzTrie/b7a0c99ef57430effd527689d0b64477cf68d9ba (0.00s)
    --- PASS: FuzzTrie/b8a7c5b37e4d156f7787f15a2a2ef39d04ee17b5 (0.00s)
    --- PASS: FuzzTrie/b8e9deba7153b998033f3006784a5991315a0260 (0.00s)
    --- PASS: FuzzTrie/b9ad31179a738b04dbd3d26232f75f1ce1ed339f (0.00s)
    --- PASS: FuzzTrie/ba121e17078361142c46d1924d9672710e835c9a (0.00s)
    --- PASS: FuzzTrie/ba508cf105ce8ae6a9d31b0d86f6122ac7afe7d9 (0.00s)
    --- PASS: FuzzTrie/bb36b81290495313b48f53b6d6eaa249ed63c5f9 (0.00s)
    --- PASS: FuzzTrie/bc9c4ace31efa5a399186486bb72c2f9b660e6c1 (0.00s)
    --- PASS: FuzzTrie/bd2264b57f5e2bd5dd5aceaf2995c33c1d9ce347 (0.00s)
    --- PASS: FuzzTrie/bdfe4d83f9b843f71637b0b9403e66d815e3af50 (0.00s)
    --- PASS: FuzzTrie/be8cd7f5d4a6e667a9cb3a138f24e33880a71dd6 (0.02s)
    --- PASS: FuzzTrie/bee038d36a0ffa4ebdfda22e9ccc4bb4440bf133 (0.00s)
    --- PASS: FuzzTrie/bfabaa3e23cbe946526d809fa6a59dd1b1676886 (0.00s)
    --- PASS: FuzzTrie/bff4ad4b85b4910b5c50ee2075e51aef1de88e53 (0.00s)
    --- PASS: FuzzTrie/c0307618229bc1cd20a596a06d0ed232e4177843 (0.00s)
    --- PASS: FuzzTrie/c0b2b6095fd6ada90041743778fe4b8ee244ca76 (0.00s)
    --- PASS: FuzzTrie/c101a89b75a71bb9b7c41fdd9d55fecb94e09987 (0.01s)
    --- PASS: FuzzTrie/c10b7df23fa3455b90a68fc834ad1e692f25ce62 (0.00s)
    --- PASS: FuzzTrie/c26c08aaf039a3f38f64593cbbb638c170b42c3e (0.00s)
    --- PASS: FuzzTrie/c2ad1a696c519a848f3e21e9940121e6a4927455 (0.00s)
    --- PASS: FuzzTrie/c32922d9c8851e65d61babe8c54c225d9f13357a (0.00s)
    --- PASS: FuzzTrie/c3570fb34781066025a7feeacc64880e19bda17e (0.02s)
    --- PASS: FuzzTrie/c411632a91a35398e7d9663ec5d4f1251a4978d9 (0.00s)
    --- PASS: FuzzTrie/c41d2295f72009a4d2619a50bc11a1af45a653b3 (0.00s)
    --- PASS: FuzzTrie/c4c17b8c11a478a3c052dfa19fa1b660cc1141b5 (0.00s)
    --- PASS: FuzzTrie/c5ce6392e84cae90b5f84d1dd21abe854d4f7fad (0.00s)
    --- PASS: FuzzTrie/c6ba68a89fce328b0544d8492c3053414c3fa733 (0.00s)
    --- PASS: FuzzTrie/c7e3f999653e33c129bd0df28e799a7d9c466ace (0.00s)
    --- PASS: FuzzTrie/c8510bba76e46af3bcd1c7b38cbc5acf683cf835 (0.00s)
    --- PASS: FuzzTrie/c8c9f63499378faffd30f2cf02cad9502453166e (0.00s)
    --- PASS: FuzzTrie/c92fe2fe3deef4cf16015628f9fe371c185fa14b (0.01s)
    --- PASS: FuzzTrie/c9663e9bb081ee880fb6e9368f05aece41d78eb5 (0.00s)
    --- PASS: FuzzTrie/c9e9452d1ec6e16193a12818fe096d868c14b4e4 (0.00s)
    --- PASS: FuzzTrie/ca16fb6bd245efe60de4f590e71ba8979d5bbeea (0.00s)
    --- PASS: FuzzTrie/ca6eba840731880e4a5892c17b0693a59a7f5a23 (0.00s)
    --- PASS: FuzzTrie/ca89c0d2cca4b1d90fd9b401a98b3794b3a5a623 (0.00s)
    --- PASS: FuzzTrie/caab5b0c78440ea6f829ebf3d8d9d5015ebe57e4 (0.00s)
    --- PASS: FuzzTrie/cab2d47dfc5a10bc657f2a061012c652f2e81b6d (0.00s)
    --- PASS: FuzzTrie/cb53520f1ba40359225961f7b2342e34885fa34c (0.00s)
    --- PASS: FuzzTrie/cc8eb49c5ebadcbc745445f077fa6b6340039da8 (0.00s)
    --- PASS: FuzzTrie/ceec7c676a8f32dfa7bc37ad71c23ecc0120020c (0.00s)
    --- PASS: FuzzTrie/cfba3fafa5579ea0e8a0eea378733e2b1ec96cd7 (0.00s)
    --- PASS: FuzzTrie/d005aebd8355f44309154c0ce780b3fbf4093e27 (0.00s)
    --- PASS: FuzzTrie/d0c01c003b86848067052afdb49ed38477cc3fc0 (0.00s)
    --- PASS: FuzzTrie/d0c8f6b6dd81364207866b3c702a4f861a00051f (0.00s)
    --- PASS: FuzzTrie/d22cdb6847c8a90ef987af93f4bd4e51bd76b2df (0.00s)
    --- PASS: FuzzTrie/d2396d6c158c859f6ffe66d6fcc6f5e2038cc607 (0.00s)
    --- PASS: FuzzTrie/d393b4031815998d1e9e43f5ed6c31d9e039330d (0.00s)
    --- PASS: FuzzTrie/d39d5d141fbe807c21c3476069a59032a2caef7f (0.00s)
    --- PASS: FuzzTrie/d409c59193f6ce26648f641e6d6388be713eb562 (0.01s)
    --- PASS: FuzzTrie/d460d673806ce343c10e9a0ad746a639a4ac6df5 (0.00s)
    --- PASS: FuzzTrie/d5584ce363a6fe62fd2a80bcfa54f362df2054cc (0.00s)
    --- PASS: FuzzTrie/d5f00489c77f810cf1588d993c6401b7ab8e8c4a (0.00s)
    --- PASS: FuzzTrie/d821314d63bc9144ad87ddd9f49ffb132e601d7d (0.00s)
    --- PASS: FuzzTrie/d8b08d06f8535a250dcc9a51390179698bc09e45 (0.00s)
    --- PASS: FuzzTrie/d8ec6fec2b29d72111128c9d6deb02bb72041565 (0.00s)
    --- PASS: FuzzTrie/d92000b05d989062bace0f4794b96741d5930988 (0.00s)
    --- PASS: FuzzTrie/d99063280e48cbc3cb7ea1587f45c3cf7892631b (0.00s)
    --- PASS: FuzzTrie/d9a44a33cfba9087f37a7f9c83a6b66cd639fa42 (0.00s)
    --- PASS: FuzzTrie/da15a7847f7f850cb5294f44b77bdc356f7a0c2b (0.00s)
    --- PASS: FuzzTrie/dbf5d1238e830a10d7ac3171caa0b797fbe5ad78 (0.00s)
    --- PASS: FuzzTrie/dbfc2eb2a72c2c4fb0bc01cb944a5275a8ac95f0 (0.00s)
    --- PASS: FuzzTrie/dc09b2df0e479ffc6cb381030ae3f0489d5d6747 (0.00s)
    --- PASS: FuzzTrie/dc36a350ab10062f572451239229f927530a38c2 (0.00s)
    --- PASS: FuzzTrie/dcf5bf6c63ba8e32483f75660b3a6a0f5d764483 (0.00s)
    --- PASS: FuzzTrie/dcfa4cce85bcaa96247922f54876ddad6f908ada (0.00s)
    --- PASS: FuzzTrie/dd2074aae60a891d9e3a487a9291b01740c1d415 (0.00s)
    --- PASS: FuzzTrie/dd48288a890fb21675c77e741a18e29b20b3517c (0.00s)
    --- PASS: FuzzTrie/de41666001986b547874e06701985c1f22d8a435 (0.00s)
    --- PASS: FuzzTrie/de59299464f40a48a1688e4d58416323f9784465 (0.00s)
    --- PASS: FuzzTrie/deca633530879ab99438247a3b5de310bd185c49 (0.00s)
    --- PASS: FuzzTrie/deeaf466887ba5b1de6788e354203160a181e3de (0.00s)
    --- PASS: FuzzTrie/deffb7002242e5ba9e68164f7ced6f16004a6a0f (0.00s)
    --- PASS: FuzzTrie/df695aa4a3d3aa624c5f61bf3bb67134fd420660 (0.00s)
    --- PASS: FuzzTrie/df9a6a0b57c346ab85fbfc43d2d4e91700572d15 (0.01s)
    --- PASS: FuzzTrie/e01f82b87c1f9f20407ecd227a5cb7cd05fa012b (0.02s)
    --- PASS: FuzzTrie/e0f1d7d55bcb419a788be9020708da723350e106 (0.00s)
    --- PASS: FuzzTrie/e2bf3c20a8c05f952edf9ffc4c061d3d9897d7b2 (0.00s)
    --- PASS: FuzzTrie/e3bc6ffb08f831cf0cdcc944538c49e9f1f6777b (0.00s)
    --- PASS: FuzzTrie/e47380924b81e0babbb4a57b95f0dad06804ce54 (0.00s)
    --- PASS: FuzzTrie/e4a11d7a7117015157e6b17b35dd5f8de158c14f (0.00s)
    --- PASS: FuzzTrie/e4ef688ec3efc75e6a930febfcc835772f3f731b (0.00s)
    --- PASS: FuzzTrie/e522cb7aebe7529d187300c655675c4ae32a71b4 (0.00s)
    --- PASS: FuzzTrie/e69abe48f08fa2768202db56d65df45079cc4bb3 (0.01s)
    --- PASS: FuzzTrie/e6b457ae3ee49a142980d765042db00c386d7abb (0.00s)
    --- PASS: FuzzTrie/e6bb5e7b748bde3bcf69e05e7b6d954f408185dd (0.00s)
    --- PASS: FuzzTrie/e6beb200fd540d3ee51e0ff735f13ecdeaa0bdd5 (0.00s)
    --- PASS: FuzzTrie/e6eaba611d1770dffcd7129d7971f72638e56498 (0.00s)
    --- PASS: FuzzTrie/e711c4e816fa716c58a802fba750551b40adad96 (0.00s)
    --- PASS: FuzzTrie/e8e6109800d01bb7ac47478dc00a1c906b0602e7 (0.00s)
    --- PASS: FuzzTrie/ea05ddd0c14e60718c8fc0d61adaf5cfc1b1d6a2 (0.00s)
    --- PASS: FuzzTrie/ea90dfa32b02575ffe7b36429ea05d2612a2c3fa (0.03s)
    --- PASS: FuzzTrie/eada2adf04ebb959f115ee2fd57ed97fee76ca14 (0.00s)
    --- PASS: FuzzTrie/eb1a928bc786c8a509a831c03a068060cdede847 (0.00s)
    --- PASS: FuzzTrie/eb9ceb2c2e301140fcbe425f086ad70ac6e4819d (0.00s)
    --- PASS: FuzzTrie/ec4b59ffee004c35d3078d079355b7c74c1c3cf5 (0.00s)
    --- PASS: FuzzTrie/ec7bb110bfc317bee1b0ca0dbdfa58b3728b1d04 (0.00s)
    --- PASS: FuzzTrie/ecde3d0751aeb5c745a67c256eec2c52b2557dd4 (0.00s)
    --- PASS: FuzzTrie/ed4fc6eb0669e469333b109f931c9abcb5c3b6d3 (0.00s)
    --- PASS: FuzzTrie/ed77356bf241fb796fb496355c5542fa255e2f36 (0.00s)
    --- PASS: FuzzTrie/edd7954f1ef7be76b93e8aa15eade716cff984f2 (0.00s)
    --- PASS: FuzzTrie/ee11806cb7bd00ac5f6d150d2cc8f0bf5db43eb2 (0.00s)
    --- PASS: FuzzTrie/ee7671987b265e9e79875535fde4300a647f7869 (0.00s)
    --- PASS: FuzzTrie/eebb52d6e5e4dc2f3fcc93099419163850101614 (0.00s)
    --- PASS: FuzzTrie/eee1c17b25358ab59c373d32d49ab21f618b96b8 (0.00s)
    --- PASS: FuzzTrie/efc88032a15a9741337b71d73b3f1f5d5ccfe5bf (0.00s)
    --- PASS: FuzzTrie/f02771a73bf4c9da8fde410e581f00c3373c9a43 (0.00s)
    --- PASS: FuzzTrie/f072efed7c0f117572a5c269b5808ac53ef54372 (0.00s)
    --- PASS: FuzzTrie/f17d272c3d6ba23a3b238a64c0f3f9ec65a2b367 (0.00s)
    --- PASS: FuzzTrie/f188b4773f82c0e501c5758512bfe8b36943533d (0.00s)
    --- PASS: FuzzTrie/f1ab90d681128646fb07f8a76454f6b029b8d551 (0.00s)
    --- PASS: FuzzTrie/f2c3e04a2b9116dec9b62241aa40ec78cc44b8b3 (0.00s)
    --- PASS: FuzzTrie/f2f11fe77bdbe35dc843ec57833b2eaff5180b64 (0.00s)
    --- PASS: FuzzTrie/f358f6970eb6a0f78d17ad15bd27a772408553c3 (0.00s)
    --- PASS: FuzzTrie/f367ed92034804016a463d47ebb48f5aa232bab6 (0.00s)
    --- PASS: FuzzTrie/f3d88b12240fe3bb07823fce659edb713c58848e (0.00s)
    --- PASS: FuzzTrie/f4f3b749be6f477366bc4884b2d3dceef725d1c9 (0.00s)
    --- PASS: FuzzTrie/f5d7f1eca050a6377fbce8ac4119f43412abcc17 (0.00s)
    --- PASS: FuzzTrie/f6e1dc64e7f60d929bb19c38f8ab7594a41ed80a (0.00s)
    --- PASS: FuzzTrie/f715472e7f8560b625716d908d60065f37ae3709 (0.00s)
    --- PASS: FuzzTrie/f7c43e80a116a41ef6a5608f946593ea43fa90a1 (0.00s)
    --- PASS: FuzzTrie/f8261d233f3377d9951682068fdbe53dd7b6aa92 (0.00s)
    --- PASS: FuzzTrie/fd3038ee9237463d1138a4bddbc275aebd7417f7 (0.00s)
    --- PASS: FuzzTrie/fd71938f2587cf5db5027b73e5906667f33015a5 (0.00s)
    --- PASS: FuzzTrie/fddc3b40fd79b6c5ad1c07982f50667b54550590 (0.00s)
    --- PASS: FuzzTrie/fe1b5d500d4f766eb0fd455fc7335634e930214f (0.00s)
    --- PASS: FuzzTrie/fed5e2dea5fbe73e02e7e4278001b5b75364f978 (0.02s)
    --- PASS: FuzzTrie/fee8ede722840cdd98142534deb45e9943003f61 (0.00s)
    --- PASS: FuzzTrie/fef1bc030d08acdc70a1d22dd8bbbca68f725750 (0.00s)
    --- PASS: FuzzTrie/ff3ed48ac79d4279abe472daf402129cff86f353 (0.00s)
    --- PASS: FuzzTrie/ff4ef7d1295f7d39b6c013a1c6689781c53fa34f (0.00s)
    --- PASS: FuzzTrie/ff7f1b4079759ee0ed2f8a1666d2dacf63deeb73 (0.00s)
PASS
coverage: 88.1% of statements
ok  	github.com/morph-l2/go-ethereum/tests/fuzzers/trie	0.538s	coverage: 88.1% of statements
