=== RUN   TestReplicate
--- PASS: TestReplicate (0.00s)
=== RUN   TestGenerateCorpus
--- PASS: TestGenerateCorpus (0.00s)
=== RUN   FuzzABI
=== RUN   FuzzABI/000c3e7dd5d2871aebb1ab2d5076cee36f806f21
=== RUN   FuzzABI/002bc0f955dbe539309d6cfb26be5cdf431326f6
=== RUN   FuzzABI/004dfe8ccf4644b1f01908e17cbe9677f67c30db
=== RUN   FuzzABI/01b039d12a75d470743e6674e748ce71195ebb26
=== RUN   FuzzABI/02c64e78cda67a0084a0571799471718a8c820a8
=== RUN   FuzzABI/02ca5d03df0eee263711d236ead3675532dabf0a
=== RUN   FuzzABI/03555a322b43f4992ac69cb4ad106d2a702951f5
=== RUN   FuzzABI/0412723e8be483768134a9b19f965c9158879eb8
=== RUN   FuzzABI/04ba905e61fb09345fb89f5ace4a958a1965b391
=== RUN   FuzzABI/058be3ee2f71fa4a78aff49cbc659ef56349737e
=== RUN   FuzzABI/05cac565c1aa9fec4ac5ba31b326dd489d2e83fb
=== RUN   FuzzABI/067f0b53657ad5392540bb40931cd0242bca15c5
=== RUN   FuzzABI/06dc72896c24bd3405dc4107112882767a805f1b
=== RUN   FuzzABI/08c53a0d8117329fac8a0a8e73b62aacd8d15c5b
=== RUN   FuzzABI/0bdfb26b025315d32886b17f8f996a02c775a598
=== RUN   FuzzABI/0ccd69f7828fcb8397fdc6e9fbf0cbb68c38bef5
=== RUN   FuzzABI/10f1123fa4e4a7a109ce4c06a67b65565effe144
=== RUN   FuzzABI/113888dd07de949fac39152e89e72b0b869c32c4
=== RUN   FuzzABI/1206e44be7bfc456c45f060a07e20cb160f05b05
=== RUN   FuzzABI/1348630327ddd7e21f79914c5a1d5af4c634ff7d
=== RUN   FuzzABI/13ba59d60fc20a79c8136edef25584201f7e2fbf
=== RUN   FuzzABI/1490c320db0419ecb3869e91ecce0d5cdaeba6eb
=== RUN   FuzzABI/14ed124caf47b08d50d757f2d767a42b1af75dd0
=== RUN   FuzzABI/178639fd9fc68ee82e70883294237374c696d73b
=== RUN   FuzzABI/18e2ed21f48481e4ec72e124cb32974649842e68
=== RUN   FuzzABI/19b48aa0448c2631b7e920a19979acb3f579adf5
=== RUN   FuzzABI/1c30f06fac13891f9ba63bfc4d37bc84a7ac8c1d
=== RUN   FuzzABI/1d13aa24483d9d69722cbe72b04d85813c166631
=== RUN   FuzzABI/1d69a2066ab7d129dc71fbd91a02f8e487629ec7
=== RUN   FuzzABI/245756bd2099675bfd151382372239d836ba8a1d
=== RUN   FuzzABI/26fc7906870c20913a2744724b926acce3e89542
=== RUN   FuzzABI/274e5674bbcfb3550cdc62ea0bb4b168924da6a8
=== RUN   FuzzABI/281eed319cc07da641688af8f0220d980e037756
=== RUN   FuzzABI/287aca65626097af284a45c9beec9b4d5ca3c2ac
=== RUN   FuzzABI/28a90c788c2129e682a01ed3f7090e358b2f485b
=== RUN   FuzzABI/29667cfa25dab6d415391c9898b778ab175d54a8
=== RUN   FuzzABI/2a855ca1c6ddfc4745cb2a6ad4d114a8c3bbaeb3
=== RUN   FuzzABI/2d12ca43d4d39bdf42be9df7df3b30decc3dece6
=== RUN   FuzzABI/3289454ca3fd67f6a8261d6236519e6a2fa9fde3
=== RUN   FuzzABI/331cc10375aafdc8f7984fb55185120b42628ff1
=== RUN   FuzzABI/352139fb42cf6620d33af3c32c890842d53cc4c9
=== RUN   FuzzABI/35dd507928625e6fc387a282767b6563a65e26b1
=== RUN   FuzzABI/36a56ab782b397da5d0ab788f3546b561504eaf8
=== RUN   FuzzABI/384707f63cdd3c5e6f9b2798f80a3b49fc95d758
=== RUN   FuzzABI/38472ec9a160743af7ff3f9fc6fe2d47ff24be04
=== RUN   FuzzABI/38ba2d4d351e5aa98d4a083cfb10433a03727d44
=== RUN   FuzzABI/38d459fed7b7d83547c4f774bf689c3766732085
=== RUN   FuzzABI/3aae3776ae952fc1263eae839139af499da93deb
=== RUN   FuzzABI/3ac279e0cff7c1f2f463bae5c32e7578a738af7b
=== RUN   FuzzABI/3d169bd77ad240f94711cf3adbccc2752da2a3f7
=== RUN   FuzzABI/3ddeb27145ed89b870e09c55095c43efbb0bdd38
=== RUN   FuzzABI/3ebb9f798d0e023e5feb42768660e7ea5538709f
=== RUN   FuzzABI/3f28678df5dc0e010ffdb5445ea5957753eed8c9
=== RUN   FuzzABI/3f3d43f0a1da63aff4c915bc1340e714f0ad884e
=== RUN   FuzzABI/4218bdb81d04b32c85c3e8aa3e8b7c5aca74a01f
=== RUN   FuzzABI/45480b35438597ff607e485e42a832c63aa3dff8
=== RUN   FuzzABI/47617578de0ebda48370d3e6a765afd7d1d86753
=== RUN   FuzzABI/479ae4838c0a9f5dc7230fb597940b6615ab71b2
=== RUN   FuzzABI/479d45bc8129b49273dcb7f715e28205234a56b9
=== RUN   FuzzABI/48a6aa4d62dfd200622d71308786d97ad37cdf9e
=== RUN   FuzzABI/48d4d0874071729a316981839fd3f13abe0b1f0b
=== RUN   FuzzABI/49bae4511c49d7a40fa657c3801c7988b59f49ff
=== RUN   FuzzABI/4b17f8446c6a2fcdf4de893ab66092c61235bf31
=== RUN   FuzzABI/4c153be68bdec648eb43421320e723cdc85c2504
=== RUN   FuzzABI/4c3702f8676337f14335775a1eff2f78b547df49
=== RUN   FuzzABI/4d378c86e18e917acaa9f798d0ad6a1521399014
=== RUN   FuzzABI/4f4f98c3e940645b2ec9afae8a6bbdf4f734beb6
=== RUN   FuzzABI/4fd7d03e7d424a874a6ba90283bcb75661c97141
=== RUN   FuzzABI/5319d3be42bbcf64d59ea6f07845d5456f7dda9e
=== RUN   FuzzABI/54d686725692549ef8149d183fb31fe94e351d76
=== RUN   FuzzABI/55acae19660b5d3cc79617f87490fda5309bf580
=== RUN   FuzzABI/56ad04efe5de38a8207832e06918961dbacb0158
=== RUN   FuzzABI/5755260708dc701fe31283a0a8335779d9e01ef0
=== RUN   FuzzABI/594be365287256d8e2d4fd0b9f5115a846ee55fd
=== RUN   FuzzABI/5b1c724b2cbd731d4d7e1c01853a63b0df5ab8a8
=== RUN   FuzzABI/5c837371b9bd3aca78835b054e615c63889a9247
=== RUN   FuzzABI/5d5297bfdf4138b1b3101966983527afe5c7ed03
=== RUN   FuzzABI/5e634a77666d8e3de4b39e3070c8ee5fbf55a407
=== RUN   FuzzABI/5eaa2b9e38d92ace9915a949816007585e0a323d
=== RUN   FuzzABI/5f77fba1098f02653141c5cbbbd46fc14f97c21c
=== RUN   FuzzABI/61a0455c6ca327171d2547042261392a4f238e3b
=== RUN   FuzzABI/623383c26382af8c06fd1014ac6d2d6247ebd037
=== RUN   FuzzABI/62f0e18ae1ac79b08f7c0ad2ea0383e115bbbe92
=== RUN   FuzzABI/665b2b2eedaa8e98906ac1b4d9ba8674d7b59ed4
=== RUN   FuzzABI/6906d5838a2d5aca4911d8996781f24ebb40b69e
=== RUN   FuzzABI/6be10d5da2fb9b2fb7095a19debd6497255cbd6f
=== RUN   FuzzABI/6cf356e05b7bbbced77ac580498785f243a653c0
=== RUN   FuzzABI/6d064613d8e27fd37dda699e91326280e4b32e5a
=== RUN   FuzzABI/6e30c37afa608dd438841fbf2aa3cf74b0346c51
=== RUN   FuzzABI/6e40a7553bf741ec2f0d6974e8f8d77b21c96415
=== RUN   FuzzABI/70ddb9717629fd6be41ca8161f6592a4ea3d6ef4
=== RUN   FuzzABI/71853c6197a6a7f222db0f1978c7cb232b87c5ee
=== RUN   FuzzABI/72a3a9f0ca16791890951f48b0db0558bb7f9faa
=== RUN   FuzzABI/731273a8cf5123600055b349b945ec9a5f93d0b9
=== RUN   FuzzABI/7343e8ce5e94171487b069d146a7425b49940d5f
=== RUN   FuzzABI/74ae298144b75db2deec98b56d1700f0b1ec22cd
=== RUN   FuzzABI/7619c5c58b1d3e09b318a791c34c0be29c462b34
=== RUN   FuzzABI/769748aa169041a18634c767c96f8eb9f87bdd58
=== RUN   FuzzABI/772e4577a38fa9ed6f343aa6ac95b70599953325
=== RUN   FuzzABI/7a77defba8c5e01a6477ae35f8e385077f4e9f24
=== RUN   FuzzABI/7e610fadcce52bc43156f4c9f13f271557db6e32
=== RUN   FuzzABI/7e7f20d1acb84c199a1c0c191807026846104023
=== RUN   FuzzABI/8413a3831f7f7867a9f61df432d8fe8eae5a54da
=== RUN   FuzzABI/8430726a36cd6bf1ae5b12235701ed19a367594e
=== RUN   FuzzABI/849547f2390d3d5ee85317984ad59da1be68a7b3
=== RUN   FuzzABI/849fcc4ba7e0e2490305109f990c8a2d6449fcd6
=== RUN   FuzzABI/8500e64d8deb3527454d72d1c22f795e851daea4
=== RUN   FuzzABI/85e53271e14006f0265921d02d4d736cdc580b0b
=== RUN   FuzzABI/86d6f457ee593375edca6513740e475adaa8ca1e
=== RUN   FuzzABI/87d8bb6256593b0eed7e216c3c7a1bb5e06333f2
=== RUN   FuzzABI/87e0b73a6813242a708649cfa366e4172303bac0
=== RUN   FuzzABI/88f9fb5433d6c3fc7e8408168a26b600d5df413f
=== RUN   FuzzABI/8a0b298f29f051838220329f7d1a48e68098285a
=== RUN   FuzzABI/8ca54d525b1ccff8c34777026c76393d5eee8559
=== RUN   FuzzABI/8ee85819869fc432353abd925f9f6758bebeec96
=== RUN   FuzzABI/9069ca78e7450a285173431b3e52c5c25299e473
=== RUN   FuzzABI/90f5617b3ef65efb075e4efa3f51deafa506fa33
=== RUN   FuzzABI/92420ce04c6ce4a5f24f81c51dab7b4f4ac2be87
=== RUN   FuzzABI/9252433b9036c6c0bdbeee3dc8c5c72efb5cef75
=== RUN   FuzzABI/936462c97f1836efddd2a9a958575d8207b8dc22
=== RUN   FuzzABI/93f29c13a6c8a6c1bdafa2019eb4d8a55d043279
=== RUN   FuzzABI/94b0f2550f5e6117f06cd5f8900326e97793a39a
=== RUN   FuzzABI/959b11c0882cff6696d29a17c07a6fd919f22aa2
=== RUN   FuzzABI/985866ce11ce527c231ace8679581531496edad0
=== RUN   FuzzABI/991a286b2da8371cd8f30000aff0fe9f6647b0d5
=== RUN   FuzzABI/9a17098d9e0b0339f2d6e49c68bc319cec955adc
=== RUN   FuzzABI/9e27e265048ed77265923723aff3579d989cfa71
=== RUN   FuzzABI/9e5dce5f10de0e59a8414c4cd6d3863d3b8e028a
=== RUN   FuzzABI/9ebfc91488b89106105065716642ee3ba11b1f5b
=== RUN   FuzzABI/9ff6d5ae18f07c2830e210265611796c74ca61e1
=== RUN   FuzzABI/a346376474c863cc278ba49f6968b03845eebed8
=== RUN   FuzzABI/a40ca269add5bf3bf4d5a5eac63c90c913fb57e6
=== RUN   FuzzABI/a501cd82a76868ee3b818bf5c492a7e294c4c094
=== RUN   FuzzABI/a64d6588060984e9b82874e3fcf0b8c28094dc70
=== RUN   FuzzABI/a90d8b16bfa4a3087235993eb91f414c10413c25
=== RUN   FuzzABI/a98bb04cb48c504e52a27d58455d874d9396ca13
=== RUN   FuzzABI/ab71c8154fcffbc0c9c45af5b2c236cebdd8455e
=== RUN   FuzzABI/ac200fc8c882a22ef4b5827e0f0e902ac23e9d19
=== RUN   FuzzABI/adb02d9405bb74821f0c4460a78e782d6610cca2
=== RUN   FuzzABI/adb1a02b2a698969929fd4fbe9108244941d25dd
=== RUN   FuzzABI/af68a0f32339227e3c6265d7dd5d5289c1699084
=== RUN   FuzzABI/afc336ff8204ad059ad1e253d2d1a2304407a2c2
=== RUN   FuzzABI/b0cae8652b5d2e118e056659f681877fb655ccf1
=== RUN   FuzzABI/b17550f6fff26c1921ad36dd69a8cd36d4ed231d
=== RUN   FuzzABI/b2dc4876cb70d91ce91008db33181e2335e987d7
=== RUN   FuzzABI/b394092fd97b225a5b5a4492d33395768ab6279f
=== RUN   FuzzABI/b3c256c51fd1036c8f0c4bf7384408246fb98122
=== RUN   FuzzABI/b5794d03993805e01983f347c516cbc7d97b240d
=== RUN   FuzzABI/b6a57cd7c8aed47f9bc424cb426b296475e79601
=== RUN   FuzzABI/b6bdf4f47973f2d8d59ae4c8c8a824cb05b89ef9
=== RUN   FuzzABI/b81bc7c6536bb690266afb7ed4d4f7d6ca8a659b
=== RUN   FuzzABI/b83e902ecffc0f2be42a587d2cc49a4a79bf1e88
=== RUN   FuzzABI/bb3e0f83174afe0e7e4edb8b5b027d1ab2bd4881
=== RUN   FuzzABI/bc01c25674ca3fef413d3589b099e360e0523396
=== RUN   FuzzABI/bc4b8b80e66a4a2189ddd82e13d6769977d092a4
=== RUN   FuzzABI/bd564e6cf142e8da3d13fee34cfb1f15d94f2835
=== RUN   FuzzABI/bec7655a38b9a73e14e56887ae44d1a0ed2e529e
=== RUN   FuzzABI/bedf6c8630f2c137b561307607b081604cd121f0
=== RUN   FuzzABI/c002a4fbac5b4670d153c83880096e8605d78b94
=== RUN   FuzzABI/c166c185284c2bf0cb9f20723315d1c3869ea757
=== RUN   FuzzABI/c19e15c4f53dd1756d14e00cf1e33f86a5a67c98
=== RUN   FuzzABI/c1a97f230e8f955d08ea99bb2d7d76b59bd5a738
=== RUN   FuzzABI/c3bfaffc214bc2ab468cff10732c8856824e58ea
=== RUN   FuzzABI/c415b6faf6fb0a444120872730608949062d3ddc
=== RUN   FuzzABI/c4ad6c1e602bf95c45fd3d8fd48de1168ee69467
=== RUN   FuzzABI/c8dc1142e250ad5c71838dc815c5bb464e5bd816
=== RUN   FuzzABI/ca7e2bf46fbff81734633971bddd607b799a6cb5
=== RUN   FuzzABI/cb92bb6cc0f53bfdf2f3e895108f6b58459ee1bb
=== RUN   FuzzABI/cc5b1013d672ff1e06838fa309c4551ff7ff3f19
=== RUN   FuzzABI/ccdbd9cbd9f391c2cec3beb2bb87886de1cc6d93
=== RUN   FuzzABI/ce2430dd6b70e218744f85dc0d87d0221af7071c
=== RUN   FuzzABI/ce27cc53c53b0f13ab66fe6efeec97460d2e9139
=== RUN   FuzzABI/ce7db73d6a4fe3cfadd646ba8ee22e402f2dc23e
=== RUN   FuzzABI/cec44d05b158ab3aca2bfe88230af4188723b747
=== RUN   FuzzABI/d2478a40a4bbd73331ad00155f43aaba570e1ccc
=== RUN   FuzzABI/d26bd7e8c21f9cfddf5d1245b6ee2715fc21db5e
=== RUN   FuzzABI/d2afcaf9e54854b43c9bddcd7711714f529083ec
=== RUN   FuzzABI/d477b6d0dbbe221ae8c2e60cd2f98cfd05cb299f
=== RUN   FuzzABI/d5fd5b26e009a5586b6a5a4cab4d980a435608c3
=== RUN   FuzzABI/d6a69da100fb856da4886c96c4ba11bec586ad41
=== RUN   FuzzABI/d8b214fdf1c28203b9dddd02e2c4157306c8313d
=== RUN   FuzzABI/d8f3f49bbf14f90fce34f7703f45dd36583e7265
=== RUN   FuzzABI/dbd3dbc33f9071b0c54123020a9676062152a1c4
=== RUN   FuzzABI/de1ea0ba2870ad4aa3f9923986dc472512527901
=== RUN   FuzzABI/e005e0cc0b420b513a75f0b23659301d1d0a7229
=== RUN   FuzzABI/e3473caa6b6a0bce65682808447e4200553e387f
=== RUN   FuzzABI/e5adde4fcdd00fddbb78558bd6ff0a47c6a8706b
=== RUN   FuzzABI/e5c2873f7497312b27622fa30cfb3eca5d9fa62a
=== RUN   FuzzABI/e757b78163b2cef677b4e50d3719ac91f343a8c7
=== RUN   FuzzABI/e7a0c61aad1bd446e34eef0b0471e9296850196d
=== RUN   FuzzABI/e9bd929011384bb27a9882cf3c7de37f8a123471
=== RUN   FuzzABI/eab4830ae260f7d5ac38f3e1bdd1ce304b227043
=== RUN   FuzzABI/eab48bfb3da6c8848f4c146edb3a84076efc39c8
=== RUN   FuzzABI/eab5d5d73bae9023d06c09696a7a62e915f36b8b
=== RUN   FuzzABI/ed518483bafe3bf235186be950a51522a97278ee
=== RUN   FuzzABI/edd0eef06944a80cd63f228e38aa55be006e58b0
=== RUN   FuzzABI/eec845b692b2707f43ca9ed288ccde4f5b0910cc
=== RUN   FuzzABI/eee79f36f82c37f5c031de564aee5f082a33f456
=== RUN   FuzzABI/ef0238dc3398a55eec72e71de24cd43faf8fa340
=== RUN   FuzzABI/f01190cb570ed36529069350a6d19de1a3856ccb
=== RUN   FuzzABI/f0ecae3370abbe7b45b28ae048860d3f0eb80852
=== RUN   FuzzABI/f133e275df315f55cce914b52d444c73dbd6c051
=== RUN   FuzzABI/f1a73ffaaf5e9a4c46026dd7e570f4d44208d225
=== RUN   FuzzABI/f31352ed4c09666fa34867976845d85ca371fb94
=== RUN   FuzzABI/f4b7e143edcb05c77f3983b61d5762656d735074
=== RUN   FuzzABI/f582d19c29beccaa81a7e28521689c593b769af9
=== RUN   FuzzABI/f5965ffcf102b1fa471e6c0ebddaae80f886633c
=== RUN   FuzzABI/f734a96e3e5abe2de3deedae3ac9f4a18381a1d0
=== RUN   FuzzABI/f74d6cd4e32b1a8d3d6b4e3aecccaac39cf21c74
=== RUN   FuzzABI/f7bc0f60d4dd89c353681fbb34dbc36dd53306aa
=== RUN   FuzzABI/f8eaaee547e671d33a0b919115ab1bb4f2945693
=== RUN   FuzzABI/f9598a2ccf38f43a4922d580dd4ef4c3625c4371
=== RUN   FuzzABI/f973560d010d3179f1eeabef8c3d18f7f662aa38
=== RUN   FuzzABI/fa58806f475df432e242acad50d3b0d40c7dea44
=== RUN   FuzzABI/fdf9102b8c53924213ca410871d8668d6bb02819
=== RUN   FuzzABI/ffc2fe3aca7b2e7955e23149dd62ae05c4fa6658
--- PASS: FuzzABI (0.05s)
    --- PASS: FuzzABI/000c3e7dd5d2871aebb1ab2d5076cee36f806f21 (0.00s)
    --- PASS: FuzzABI/002bc0f955dbe539309d6cfb26be5cdf431326f6 (0.00s)
    --- PASS: FuzzABI/004dfe8ccf4644b1f01908e17cbe9677f67c30db (0.00s)
    --- PASS: FuzzABI/01b039d12a75d470743e6674e748ce71195ebb26 (0.00s)
    --- PASS: FuzzABI/02c64e78cda67a0084a0571799471718a8c820a8 (0.00s)
    --- PASS: FuzzABI/02ca5d03df0eee263711d236ead3675532dabf0a (0.00s)
    --- PASS: FuzzABI/03555a322b43f4992ac69cb4ad106d2a702951f5 (0.00s)
    --- PASS: FuzzABI/0412723e8be483768134a9b19f965c9158879eb8 (0.00s)
    --- PASS: FuzzABI/04ba905e61fb09345fb89f5ace4a958a1965b391 (0.00s)
    --- PASS: FuzzABI/058be3ee2f71fa4a78aff49cbc659ef56349737e (0.00s)
    --- PASS: FuzzABI/05cac565c1aa9fec4ac5ba31b326dd489d2e83fb (0.00s)
    --- PASS: FuzzABI/067f0b53657ad5392540bb40931cd0242bca15c5 (0.00s)
    --- PASS: FuzzABI/06dc72896c24bd3405dc4107112882767a805f1b (0.00s)
    --- PASS: FuzzABI/08c53a0d8117329fac8a0a8e73b62aacd8d15c5b (0.00s)
    --- PASS: FuzzABI/0bdfb26b025315d32886b17f8f996a02c775a598 (0.00s)
    --- PASS: FuzzABI/0ccd69f7828fcb8397fdc6e9fbf0cbb68c38bef5 (0.00s)
    --- PASS: FuzzABI/10f1123fa4e4a7a109ce4c06a67b65565effe144 (0.00s)
    --- PASS: FuzzABI/113888dd07de949fac39152e89e72b0b869c32c4 (0.00s)
    --- PASS: FuzzABI/1206e44be7bfc456c45f060a07e20cb160f05b05 (0.00s)
    --- PASS: FuzzABI/1348630327ddd7e21f79914c5a1d5af4c634ff7d (0.00s)
    --- PASS: FuzzABI/13ba59d60fc20a79c8136edef25584201f7e2fbf (0.00s)
    --- PASS: FuzzABI/1490c320db0419ecb3869e91ecce0d5cdaeba6eb (0.00s)
    --- PASS: FuzzABI/14ed124caf47b08d50d757f2d767a42b1af75dd0 (0.00s)
    --- PASS: FuzzABI/178639fd9fc68ee82e70883294237374c696d73b (0.00s)
    --- PASS: FuzzABI/18e2ed21f48481e4ec72e124cb32974649842e68 (0.00s)
    --- PASS: FuzzABI/19b48aa0448c2631b7e920a19979acb3f579adf5 (0.00s)
    --- PASS: FuzzABI/1c30f06fac13891f9ba63bfc4d37bc84a7ac8c1d (0.00s)
    --- PASS: FuzzABI/1d13aa24483d9d69722cbe72b04d85813c166631 (0.00s)
    --- PASS: FuzzABI/1d69a2066ab7d129dc71fbd91a02f8e487629ec7 (0.00s)
    --- PASS: FuzzABI/245756bd2099675bfd151382372239d836ba8a1d (0.00s)
    --- PASS: FuzzABI/26fc7906870c20913a2744724b926acce3e89542 (0.00s)
    --- PASS: FuzzABI/274e5674bbcfb3550cdc62ea0bb4b168924da6a8 (0.00s)
    --- PASS: FuzzABI/281eed319cc07da641688af8f0220d980e037756 (0.00s)
    --- PASS: FuzzABI/287aca65626097af284a45c9beec9b4d5ca3c2ac (0.00s)
    --- PASS: FuzzABI/28a90c788c2129e682a01ed3f7090e358b2f485b (0.00s)
    --- PASS: FuzzABI/29667cfa25dab6d415391c9898b778ab175d54a8 (0.00s)
    --- PASS: FuzzABI/2a855ca1c6ddfc4745cb2a6ad4d114a8c3bbaeb3 (0.00s)
    --- PASS: FuzzABI/2d12ca43d4d39bdf42be9df7df3b30decc3dece6 (0.00s)
    --- PASS: FuzzABI/3289454ca3fd67f6a8261d6236519e6a2fa9fde3 (0.00s)
    --- PASS: FuzzABI/331cc10375aafdc8f7984fb55185120b42628ff1 (0.00s)
    --- PASS: FuzzABI/352139fb42cf6620d33af3c32c890842d53cc4c9 (0.00s)
    --- PASS: FuzzABI/35dd507928625e6fc387a282767b6563a65e26b1 (0.00s)
    --- PASS: FuzzABI/36a56ab782b397da5d0ab788f3546b561504eaf8 (0.00s)
    --- PASS: FuzzABI/384707f63cdd3c5e6f9b2798f80a3b49fc95d758 (0.00s)
    --- PASS: FuzzABI/38472ec9a160743af7ff3f9fc6fe2d47ff24be04 (0.00s)
    --- PASS: FuzzABI/38ba2d4d351e5aa98d4a083cfb10433a03727d44 (0.00s)
    --- PASS: FuzzABI/38d459fed7b7d83547c4f774bf689c3766732085 (0.00s)
    --- PASS: FuzzABI/3aae3776ae952fc1263eae839139af499da93deb (0.00s)
    --- PASS: FuzzABI/3ac279e0cff7c1f2f463bae5c32e7578a738af7b (0.00s)
    --- PASS: FuzzABI/3d169bd77ad240f94711cf3adbccc2752da2a3f7 (0.00s)
    --- PASS: FuzzABI/3ddeb27145ed89b870e09c55095c43efbb0bdd38 (0.00s)
    --- PASS: FuzzABI/3ebb9f798d0e023e5feb42768660e7ea5538709f (0.00s)
    --- PASS: FuzzABI/3f28678df5dc0e010ffdb5445ea5957753eed8c9 (0.00s)
    --- PASS: FuzzABI/3f3d43f0a1da63aff4c915bc1340e714f0ad884e (0.00s)
    --- PASS: FuzzABI/4218bdb81d04b32c85c3e8aa3e8b7c5aca74a01f (0.00s)
    --- PASS: FuzzABI/45480b35438597ff607e485e42a832c63aa3dff8 (0.00s)
    --- PASS: FuzzABI/47617578de0ebda48370d3e6a765afd7d1d86753 (0.00s)
    --- PASS: FuzzABI/479ae4838c0a9f5dc7230fb597940b6615ab71b2 (0.00s)
    --- PASS: FuzzABI/479d45bc8129b49273dcb7f715e28205234a56b9 (0.00s)
    --- PASS: FuzzABI/48a6aa4d62dfd200622d71308786d97ad37cdf9e (0.00s)
    --- PASS: FuzzABI/48d4d0874071729a316981839fd3f13abe0b1f0b (0.00s)
    --- PASS: FuzzABI/49bae4511c49d7a40fa657c3801c7988b59f49ff (0.00s)
    --- PASS: FuzzABI/4b17f8446c6a2fcdf4de893ab66092c61235bf31 (0.00s)
    --- PASS: FuzzABI/4c153be68bdec648eb43421320e723cdc85c2504 (0.00s)
    --- PASS: FuzzABI/4c3702f8676337f14335775a1eff2f78b547df49 (0.00s)
    --- PASS: FuzzABI/4d378c86e18e917acaa9f798d0ad6a1521399014 (0.00s)
    --- PASS: FuzzABI/4f4f98c3e940645b2ec9afae8a6bbdf4f734beb6 (0.00s)
    --- PASS: FuzzABI/4fd7d03e7d424a874a6ba90283bcb75661c97141 (0.00s)
    --- PASS: FuzzABI/5319d3be42bbcf64d59ea6f07845d5456f7dda9e (0.00s)
    --- PASS: FuzzABI/54d686725692549ef8149d183fb31fe94e351d76 (0.00s)
    --- PASS: FuzzABI/55acae19660b5d3cc79617f87490fda5309bf580 (0.00s)
    --- PASS: FuzzABI/56ad04efe5de38a8207832e06918961dbacb0158 (0.00s)
    --- PASS: FuzzABI/5755260708dc701fe31283a0a8335779d9e01ef0 (0.00s)
    --- PASS: FuzzABI/594be365287256d8e2d4fd0b9f5115a846ee55fd (0.00s)
    --- PASS: FuzzABI/5b1c724b2cbd731d4d7e1c01853a63b0df5ab8a8 (0.00s)
    --- PASS: FuzzABI/5c837371b9bd3aca78835b054e615c63889a9247 (0.00s)
    --- PASS: FuzzABI/5d5297bfdf4138b1b3101966983527afe5c7ed03 (0.00s)
    --- PASS: FuzzABI/5e634a77666d8e3de4b39e3070c8ee5fbf55a407 (0.00s)
    --- PASS: FuzzABI/5eaa2b9e38d92ace9915a949816007585e0a323d (0.00s)
    --- PASS: FuzzABI/5f77fba1098f02653141c5cbbbd46fc14f97c21c (0.00s)
    --- PASS: FuzzABI/61a0455c6ca327171d2547042261392a4f238e3b (0.00s)
    --- PASS: FuzzABI/623383c26382af8c06fd1014ac6d2d6247ebd037 (0.00s)
    --- PASS: FuzzABI/62f0e18ae1ac79b08f7c0ad2ea0383e115bbbe92 (0.00s)
    --- PASS: FuzzABI/665b2b2eedaa8e98906ac1b4d9ba8674d7b59ed4 (0.00s)
    --- PASS: FuzzABI/6906d5838a2d5aca4911d8996781f24ebb40b69e (0.00s)
    --- PASS: FuzzABI/6be10d5da2fb9b2fb7095a19debd6497255cbd6f (0.00s)
    --- PASS: FuzzABI/6cf356e05b7bbbced77ac580498785f243a653c0 (0.00s)
    --- PASS: FuzzABI/6d064613d8e27fd37dda699e91326280e4b32e5a (0.00s)
    --- PASS: FuzzABI/6e30c37afa608dd438841fbf2aa3cf74b0346c51 (0.00s)
    --- PASS: FuzzABI/6e40a7553bf741ec2f0d6974e8f8d77b21c96415 (0.00s)
    --- PASS: FuzzABI/70ddb9717629fd6be41ca8161f6592a4ea3d6ef4 (0.00s)
    --- PASS: FuzzABI/71853c6197a6a7f222db0f1978c7cb232b87c5ee (0.00s)
    --- PASS: FuzzABI/72a3a9f0ca16791890951f48b0db0558bb7f9faa (0.00s)
    --- PASS: FuzzABI/731273a8cf5123600055b349b945ec9a5f93d0b9 (0.00s)
    --- PASS: FuzzABI/7343e8ce5e94171487b069d146a7425b49940d5f (0.00s)
    --- PASS: FuzzABI/74ae298144b75db2deec98b56d1700f0b1ec22cd (0.00s)
    --- PASS: FuzzABI/7619c5c58b1d3e09b318a791c34c0be29c462b34 (0.00s)
    --- PASS: FuzzABI/769748aa169041a18634c767c96f8eb9f87bdd58 (0.00s)
    --- PASS: FuzzABI/772e4577a38fa9ed6f343aa6ac95b70599953325 (0.00s)
    --- PASS: FuzzABI/7a77defba8c5e01a6477ae35f8e385077f4e9f24 (0.00s)
    --- PASS: FuzzABI/7e610fadcce52bc43156f4c9f13f271557db6e32 (0.00s)
    --- PASS: FuzzABI/7e7f20d1acb84c199a1c0c191807026846104023 (0.00s)
    --- PASS: FuzzABI/8413a3831f7f7867a9f61df432d8fe8eae5a54da (0.00s)
    --- PASS: FuzzABI/8430726a36cd6bf1ae5b12235701ed19a367594e (0.00s)
    --- PASS: FuzzABI/849547f2390d3d5ee85317984ad59da1be68a7b3 (0.00s)
    --- PASS: FuzzABI/849fcc4ba7e0e2490305109f990c8a2d6449fcd6 (0.00s)
    --- PASS: FuzzABI/8500e64d8deb3527454d72d1c22f795e851daea4 (0.00s)
    --- PASS: FuzzABI/85e53271e14006f0265921d02d4d736cdc580b0b (0.00s)
    --- PASS: FuzzABI/86d6f457ee593375edca6513740e475adaa8ca1e (0.00s)
    --- PASS: FuzzABI/87d8bb6256593b0eed7e216c3c7a1bb5e06333f2 (0.00s)
    --- PASS: FuzzABI/87e0b73a6813242a708649cfa366e4172303bac0 (0.00s)
    --- PASS: FuzzABI/88f9fb5433d6c3fc7e8408168a26b600d5df413f (0.00s)
    --- PASS: FuzzABI/8a0b298f29f051838220329f7d1a48e68098285a (0.00s)
    --- PASS: FuzzABI/8ca54d525b1ccff8c34777026c76393d5eee8559 (0.00s)
    --- PASS: FuzzABI/8ee85819869fc432353abd925f9f6758bebeec96 (0.00s)
    --- PASS: FuzzABI/9069ca78e7450a285173431b3e52c5c25299e473 (0.00s)
    --- PASS: FuzzABI/90f5617b3ef65efb075e4efa3f51deafa506fa33 (0.00s)
    --- PASS: FuzzABI/92420ce04c6ce4a5f24f81c51dab7b4f4ac2be87 (0.00s)
    --- PASS: FuzzABI/9252433b9036c6c0bdbeee3dc8c5c72efb5cef75 (0.00s)
    --- PASS: FuzzABI/936462c97f1836efddd2a9a958575d8207b8dc22 (0.00s)
    --- PASS: FuzzABI/93f29c13a6c8a6c1bdafa2019eb4d8a55d043279 (0.00s)
    --- PASS: FuzzABI/94b0f2550f5e6117f06cd5f8900326e97793a39a (0.00s)
    --- PASS: FuzzABI/959b11c0882cff6696d29a17c07a6fd919f22aa2 (0.00s)
    --- PASS: FuzzABI/985866ce11ce527c231ace8679581531496edad0 (0.00s)
    --- PASS: FuzzABI/991a286b2da8371cd8f30000aff0fe9f6647b0d5 (0.00s)
    --- PASS: FuzzABI/9a17098d9e0b0339f2d6e49c68bc319cec955adc (0.00s)
    --- PASS: FuzzABI/9e27e265048ed77265923723aff3579d989cfa71 (0.00s)
    --- PASS: FuzzABI/9e5dce5f10de0e59a8414c4cd6d3863d3b8e028a (0.00s)
    --- PASS: FuzzABI/9ebfc91488b89106105065716642ee3ba11b1f5b (0.00s)
    --- PASS: FuzzABI/9ff6d5ae18f07c2830e210265611796c74ca61e1 (0.00s)
    --- PASS: FuzzABI/a346376474c863cc278ba49f6968b03845eebed8 (0.00s)
    --- PASS: FuzzABI/a40ca269add5bf3bf4d5a5eac63c90c913fb57e6 (0.00s)
    --- PASS: FuzzABI/a501cd82a76868ee3b818bf5c492a7e294c4c094 (0.00s)
    --- PASS: FuzzABI/a64d6588060984e9b82874e3fcf0b8c28094dc70 (0.00s)
    --- PASS: FuzzABI/a90d8b16bfa4a3087235993eb91f414c10413c25 (0.00s)
    --- PASS: FuzzABI/a98bb04cb48c504e52a27d58455d874d9396ca13 (0.00s)
    --- PASS: FuzzABI/ab71c8154fcffbc0c9c45af5b2c236cebdd8455e (0.00s)
    --- PASS: FuzzABI/ac200fc8c882a22ef4b5827e0f0e902ac23e9d19 (0.00s)
    --- PASS: FuzzABI/adb02d9405bb74821f0c4460a78e782d6610cca2 (0.00s)
    --- PASS: FuzzABI/adb1a02b2a698969929fd4fbe9108244941d25dd (0.00s)
    --- PASS: FuzzABI/af68a0f32339227e3c6265d7dd5d5289c1699084 (0.00s)
    --- PASS: FuzzABI/afc336ff8204ad059ad1e253d2d1a2304407a2c2 (0.00s)
    --- PASS: FuzzABI/b0cae8652b5d2e118e056659f681877fb655ccf1 (0.00s)
    --- PASS: FuzzABI/b17550f6fff26c1921ad36dd69a8cd36d4ed231d (0.00s)
    --- PASS: FuzzABI/b2dc4876cb70d91ce91008db33181e2335e987d7 (0.00s)
    --- PASS: FuzzABI/b394092fd97b225a5b5a4492d33395768ab6279f (0.00s)
    --- PASS: FuzzABI/b3c256c51fd1036c8f0c4bf7384408246fb98122 (0.00s)
    --- PASS: FuzzABI/b5794d03993805e01983f347c516cbc7d97b240d (0.00s)
    --- PASS: FuzzABI/b6a57cd7c8aed47f9bc424cb426b296475e79601 (0.00s)
    --- PASS: FuzzABI/b6bdf4f47973f2d8d59ae4c8c8a824cb05b89ef9 (0.00s)
    --- PASS: FuzzABI/b81bc7c6536bb690266afb7ed4d4f7d6ca8a659b (0.00s)
    --- PASS: FuzzABI/b83e902ecffc0f2be42a587d2cc49a4a79bf1e88 (0.00s)
    --- PASS: FuzzABI/bb3e0f83174afe0e7e4edb8b5b027d1ab2bd4881 (0.00s)
    --- PASS: FuzzABI/bc01c25674ca3fef413d3589b099e360e0523396 (0.00s)
    --- PASS: FuzzABI/bc4b8b80e66a4a2189ddd82e13d6769977d092a4 (0.00s)
    --- PASS: FuzzABI/bd564e6cf142e8da3d13fee34cfb1f15d94f2835 (0.00s)
    --- PASS: FuzzABI/bec7655a38b9a73e14e56887ae44d1a0ed2e529e (0.00s)
    --- PASS: FuzzABI/bedf6c8630f2c137b561307607b081604cd121f0 (0.00s)
    --- PASS: FuzzABI/c002a4fbac5b4670d153c83880096e8605d78b94 (0.00s)
    --- PASS: FuzzABI/c166c185284c2bf0cb9f20723315d1c3869ea757 (0.00s)
    --- PASS: FuzzABI/c19e15c4f53dd1756d14e00cf1e33f86a5a67c98 (0.00s)
    --- PASS: FuzzABI/c1a97f230e8f955d08ea99bb2d7d76b59bd5a738 (0.00s)
    --- PASS: FuzzABI/c3bfaffc214bc2ab468cff10732c8856824e58ea (0.00s)
    --- PASS: FuzzABI/c415b6faf6fb0a444120872730608949062d3ddc (0.00s)
    --- PASS: FuzzABI/c4ad6c1e602bf95c45fd3d8fd48de1168ee69467 (0.00s)
    --- PASS: FuzzABI/c8dc1142e250ad5c71838dc815c5bb464e5bd816 (0.00s)
    --- PASS: FuzzABI/ca7e2bf46fbff81734633971bddd607b799a6cb5 (0.00s)
    --- PASS: FuzzABI/cb92bb6cc0f53bfdf2f3e895108f6b58459ee1bb (0.00s)
    --- PASS: FuzzABI/cc5b1013d672ff1e06838fa309c4551ff7ff3f19 (0.00s)
    --- PASS: FuzzABI/ccdbd9cbd9f391c2cec3beb2bb87886de1cc6d93 (0.00s)
    --- PASS: FuzzABI/ce2430dd6b70e218744f85dc0d87d0221af7071c (0.00s)
    --- PASS: FuzzABI/ce27cc53c53b0f13ab66fe6efeec97460d2e9139 (0.00s)
    --- PASS: FuzzABI/ce7db73d6a4fe3cfadd646ba8ee22e402f2dc23e (0.00s)
    --- PASS: FuzzABI/cec44d05b158ab3aca2bfe88230af4188723b747 (0.00s)
    --- PASS: FuzzABI/d2478a40a4bbd73331ad00155f43aaba570e1ccc (0.00s)
    --- PASS: FuzzABI/d26bd7e8c21f9cfddf5d1245b6ee2715fc21db5e (0.00s)
    --- PASS: FuzzABI/d2afcaf9e54854b43c9bddcd7711714f529083ec (0.00s)
    --- PASS: FuzzABI/d477b6d0dbbe221ae8c2e60cd2f98cfd05cb299f (0.00s)
    --- PASS: FuzzABI/d5fd5b26e009a5586b6a5a4cab4d980a435608c3 (0.00s)
    --- PASS: FuzzABI/d6a69da100fb856da4886c96c4ba11bec586ad41 (0.00s)
    --- PASS: FuzzABI/d8b214fdf1c28203b9dddd02e2c4157306c8313d (0.00s)
    --- PASS: FuzzABI/d8f3f49bbf14f90fce34f7703f45dd36583e7265 (0.00s)
    --- PASS: FuzzABI/dbd3dbc33f9071b0c54123020a9676062152a1c4 (0.00s)
    --- PASS: FuzzABI/de1ea0ba2870ad4aa3f9923986dc472512527901 (0.00s)
    --- PASS: FuzzABI/e005e0cc0b420b513a75f0b23659301d1d0a7229 (0.00s)
    --- PASS: FuzzABI/e3473caa6b6a0bce65682808447e4200553e387f (0.00s)
    --- PASS: FuzzABI/e5adde4fcdd00fddbb78558bd6ff0a47c6a8706b (0.00s)
    --- PASS: FuzzABI/e5c2873f7497312b27622fa30cfb3eca5d9fa62a (0.00s)
    --- PASS: FuzzABI/e757b78163b2cef677b4e50d3719ac91f343a8c7 (0.00s)
    --- PASS: FuzzABI/e7a0c61aad1bd446e34eef0b0471e9296850196d (0.00s)
    --- PASS: FuzzABI/e9bd929011384bb27a9882cf3c7de37f8a123471 (0.00s)
    --- PASS: FuzzABI/eab4830ae260f7d5ac38f3e1bdd1ce304b227043 (0.00s)
    --- PASS: FuzzABI/eab48bfb3da6c8848f4c146edb3a84076efc39c8 (0.00s)
    --- PASS: FuzzABI/eab5d5d73bae9023d06c09696a7a62e915f36b8b (0.00s)
    --- PASS: FuzzABI/ed518483bafe3bf235186be950a51522a97278ee (0.00s)
    --- PASS: FuzzABI/edd0eef06944a80cd63f228e38aa55be006e58b0 (0.00s)
    --- PASS: FuzzABI/eec845b692b2707f43ca9ed288ccde4f5b0910cc (0.00s)
    --- PASS: FuzzABI/eee79f36f82c37f5c031de564aee5f082a33f456 (0.00s)
    --- PASS: FuzzABI/ef0238dc3398a55eec72e71de24cd43faf8fa340 (0.00s)
    --- PASS: FuzzABI/f01190cb570ed36529069350a6d19de1a3856ccb (0.00s)
    --- PASS: FuzzABI/f0ecae3370abbe7b45b28ae048860d3f0eb80852 (0.00s)
    --- PASS: FuzzABI/f133e275df315f55cce914b52d444c73dbd6c051 (0.00s)
    --- PASS: FuzzABI/f1a73ffaaf5e9a4c46026dd7e570f4d44208d225 (0.00s)
    --- PASS: FuzzABI/f31352ed4c09666fa34867976845d85ca371fb94 (0.00s)
    --- PASS: FuzzABI/f4b7e143edcb05c77f3983b61d5762656d735074 (0.00s)
    --- PASS: FuzzABI/f582d19c29beccaa81a7e28521689c593b769af9 (0.00s)
    --- PASS: FuzzABI/f5965ffcf102b1fa471e6c0ebddaae80f886633c (0.00s)
    --- PASS: FuzzABI/f734a96e3e5abe2de3deedae3ac9f4a18381a1d0 (0.00s)
    --- PASS: FuzzABI/f74d6cd4e32b1a8d3d6b4e3aecccaac39cf21c74 (0.00s)
    --- PASS: FuzzABI/f7bc0f60d4dd89c353681fbb34dbc36dd53306aa (0.00s)
    --- PASS: FuzzABI/f8eaaee547e671d33a0b919115ab1bb4f2945693 (0.00s)
    --- PASS: FuzzABI/f9598a2ccf38f43a4922d580dd4ef4c3625c4371 (0.00s)
    --- PASS: FuzzABI/f973560d010d3179f1eeabef8c3d18f7f662aa38 (0.00s)
    --- PASS: FuzzABI/fa58806f475df432e242acad50d3b0d40c7dea44 (0.00s)
    --- PASS: FuzzABI/fdf9102b8c53924213ca410871d8668d6bb02819 (0.00s)
    --- PASS: FuzzABI/ffc2fe3aca7b2e7955e23149dd62ae05c4fa6658 (0.00s)
PASS
coverage: 83.3% of statements
ok  	github.com/morph-l2/go-ethereum/tests/fuzzers/abi	0.066s	coverage: 83.3% of statements
