=== RUN   TestFuzzPair
    bn256_fuzz_test.go:23: 1000 iterations passed
--- PASS: TestFuzzPair (15.58s)
=== RUN   TestFuzzAdd
    bn256_fuzz_test.go:40: 1000 iterations passed
--- PASS: TestFuzzAdd (0.23s)
=== RUN   TestFuzzMul
    bn256_fuzz_test.go:57: 1000 iterations passed
--- PASS: TestFuzzMul (0.18s)
=== RUN   FuzzBn256Add
=== RUN   FuzzBn256Add/006eacb7403312951581fc07221901a72a12a864
=== RUN   FuzzBn256Add/00f7807195b0dfe930211e12fd249ecb9b5401c9
=== RUN   FuzzBn256Add/01d8e444100dbe7793dd731d020675ed219ece44
=== RUN   FuzzBn256Add/07981c73ffeca0ba772cf3316e5be885b1457be9
=== RUN   FuzzBn256Add/08b9b7a129a0891e2edd4a80e416e324ab55b6f9
=== RUN   FuzzBn256Add/0931f4fd9902612f1af0aa5442f9bb0f62257012
=== RUN   FuzzBn256Add/0957cf96705795a892350f644daa7689d5d04342
=== RUN   FuzzBn256Add/096eb29c8e536dc80db7b47ceb26e87b905553a8
=== RUN   FuzzBn256Add/0b9394b5cb4c415f760fab5d5db57174b2cc91bd
=== RUN   FuzzBn256Add/0bc0128852c061e7ed06c90016bb51346fc649f9
=== RUN   FuzzBn256Add/0c0c32ed4b6d0ead954fee10768fb54eab82dbb9
=== RUN   FuzzBn256Add/0e4383e2394529afe75a04edce55490beaeb4dac
=== RUN   FuzzBn256Add/139ecbf54ca17c67ed121fb7a7d4cb7204e36860
=== RUN   FuzzBn256Add/15c92bdc9db9e4bad783be41d8c08b86bdffd548
=== RUN   FuzzBn256Add/18781e5d8ad0c35bc1dc79b05b3deb73f287aa8e
=== RUN   FuzzBn256Add/18c7a6d80920f01bfc68ab7e7523a27857cb65c0
=== RUN   FuzzBn256Add/1a794616e6da9314c58a00a4424f39f2fac31d92
=== RUN   FuzzBn256Add/21cd8658219ca6f3bde985206fb81062cda0bd46
=== RUN   FuzzBn256Add/2256361a81dfe28553ea682fa033512919f0ec22
=== RUN   FuzzBn256Add/24289a18a55f73edf9a88a120c109f01f46d9166
=== RUN   FuzzBn256Add/2943e8c9b5a16764e7214f59cd3f8d7b13e2ba34
=== RUN   FuzzBn256Add/2afa02dd3e97a40d759c94a77038caf9ffaadf2d
=== RUN   FuzzBn256Add/2c521ecb7288f78d96da1df9c7b71dfec42d6693
=== RUN   FuzzBn256Add/2d7e2fb8e1bb8f0ecc34103abd75f6c24ea3f993
=== RUN   FuzzBn256Add/2e2d3762c674b8e3ac9877ee100167a29966fc09
=== RUN   FuzzBn256Add/2ea3e42e8c2812984dbfc3fb43cb86b296ac660b
=== RUN   FuzzBn256Add/33fcf2d2b7e4478f44dba95d09bb1ad718457636
=== RUN   FuzzBn256Add/34c5dd657160382ccddbc6c3229d3b2bb309057c
=== RUN   FuzzBn256Add/35c7827a9a3750910f25ce44f5897d0385c43093
=== RUN   FuzzBn256Add/3afff25525c6d7dcf2be94ee3f45adcb03ddaea1
=== RUN   FuzzBn256Add/3be8f8903b41c772c77afa2ecc0a8addff06bab9
=== RUN   FuzzBn256Add/3e6e5d348fa37f7d3b22cacbf4b788d65879d54d
=== RUN   FuzzBn256Add/3fa58612ecb53344b2a89ecbb2a0921f9789eb83
=== RUN   FuzzBn256Add/417f053052c6862ec987a08e1b8bcee3b2a63d54
=== RUN   FuzzBn256Add/4303c48d69fe62b3ebcbbf2a85ac8ff1b0ffa3ae
=== RUN   FuzzBn256Add/449b8b29ce398ae6564d254d4ee2efa7fe009320
=== RUN   FuzzBn256Add/457f3e3a17802def6eedb78612c2754fe60ba26a
=== RUN   FuzzBn256Add/45f8c863f934713793487e1a1a7e5771e43432a7
=== RUN   FuzzBn256Add/46cb13ae0c253783bfa9535a8aeb94c52dd1bac9
=== RUN   FuzzBn256Add/47a639a5b7c5ff2baa11a6b33be826076099e7cb
=== RUN   FuzzBn256Add/48c8691d3808c9e2f57d88abf85ba6b3a5182846
=== RUN   FuzzBn256Add/4ac311900522aa8e8c99b0814f18b6a80140906c
=== RUN   FuzzBn256Add/4f0fe4eaff8c3320b10869d9e2ee052f282d7bf5
=== RUN   FuzzBn256Add/53bc3f0d377dd0002dc7568a11be96cc54bcc70c
=== RUN   FuzzBn256Add/54b0435bee1a08f79ee045aeaeff54ac00fb0625
=== RUN   FuzzBn256Add/5820def2feb18d9960bfc6bad226bf025450945e
=== RUN   FuzzBn256Add/58a7f2489825686491314586fb0ffd594f7e25e5
=== RUN   FuzzBn256Add/5d83b9df07ef35beed40502e9c665c6b0148fa36
=== RUN   FuzzBn256Add/5e1b7177cc18dc69a3700c759ae3f41423d54dfc
=== RUN   FuzzBn256Add/626c401420d69ca2f72bac64fb48cdb87b75dc5f
=== RUN   FuzzBn256Add/62e66f71b3ee35428e8b207c2b932d92ad4afdb0
=== RUN   FuzzBn256Add/65381fd24336ad44125ad4e4b4d4bea6da3d3d13
=== RUN   FuzzBn256Add/67aba3ee97fcf3ecbacc7d44d05812a148c589d6
=== RUN   FuzzBn256Add/69b97cdd65ea775f94c896f55ed30d21e19a49a2
=== RUN   FuzzBn256Add/6d1ef8b0cfe3af6eddc8cac4ec206920b9ee906e
=== RUN   FuzzBn256Add/6d3305c46039b198726e85768b6cd540abd00543
=== RUN   FuzzBn256Add/6e98c030f6e4a8bc08acc3902f8000c15e9a9a79
=== RUN   FuzzBn256Add/713df58e788bf337cd6f46f4b9c32f0137ad9903
=== RUN   FuzzBn256Add/718191da9e128c055b97cec3593348a956687486
=== RUN   FuzzBn256Add/71cd07d83f504dcfd4a369bfb2e52f3be1a4e05a
=== RUN   FuzzBn256Add/795b04911ea7867ceb16de3e591c0542a83a9222
=== RUN   FuzzBn256Add/7c735cef978501687019660c703165f26958e911
=== RUN   FuzzBn256Add/7e15bb5c01e7dd56499e37c634cf791d3a519aee
=== RUN   FuzzBn256Add/7ef9295c84b0e97d260a36737c288d9514fef0cb
=== RUN   FuzzBn256Add/800c049d1810bfc30cf811a1176b99ddf30fdbc2
=== RUN   FuzzBn256Add/80d080e7debe4edf4d0e21206af025470046e2d7
=== RUN   FuzzBn256Add/82c664a5f45a84a05d2385c6d1303e25ce684250
=== RUN   FuzzBn256Add/831b867cc1f5b548912d8ed5a387c81804de496b
=== RUN   FuzzBn256Add/8459a8ce4a667e1c272cab15025b008d7a983a1a
=== RUN   FuzzBn256Add/8489e945d8dc445911c74ce5a19f54b7a19402e8
=== RUN   FuzzBn256Add/85bd99af6b3142d50afada0ca6acd54290f64057
=== RUN   FuzzBn256Add/9069ca78e7450a285173431b3e52c5c25299e473
=== RUN   FuzzBn256Add/9743cbf5e0f6fb60afe5fba2d39a3a56b0b00203
=== RUN   FuzzBn256Add/996b5f395027fdeab4a2f4cef8306e3a4fe4dc39
=== RUN   FuzzBn256Add/9ac0e2d4b96766920e911414be54edf03e159e3f
=== RUN   FuzzBn256Add/9b25050cf2a38cda625ee9191f787a6345c497fd
=== RUN   FuzzBn256Add/9d4c7a82d4a1ca1730e5d87a7daa428b9bd575b0
=== RUN   FuzzBn256Add/a160251bfcd281ee85447d1cec178ee17c16cc7e
=== RUN   FuzzBn256Add/a3228b1053b0f92015ffeb7b7c37277a2c34e689
=== RUN   FuzzBn256Add/a413aa5e5883e772b8664c7f40a1e23c8871faf8
=== RUN   FuzzBn256Add/a4154dadf5cac140efe0f9b1e93bbf26c9baaa45
=== RUN   FuzzBn256Add/af09ade60e9417903ea9d3eacd6f32e9dfb6aef1
=== RUN   FuzzBn256Add/af2f5bccc8f05158b9354b1da951ca5db7cf3c16
=== RUN   FuzzBn256Add/b0403d01f04b1c403c829f1fe39edfd39d818716
=== RUN   FuzzBn256Add/b08ede1ab79f0cd535c890acde15656feb6b5255
=== RUN   FuzzBn256Add/b32e7c2e0e5f9a3bff2ea20abb62a571d8442254
=== RUN   FuzzBn256Add/b4dc6fe5762564eba700819961d3e51a3afd9562
=== RUN   FuzzBn256Add/b77305e8c9f65785f0eedc5e6414bf4991b885a6
=== RUN   FuzzBn256Add/b9c4668a765acbba79706244fb8b6e0f3c6e0633
=== RUN   FuzzBn256Add/b9d46fccb4ebf12015cc6d5509c8633730872554
=== RUN   FuzzBn256Add/bae04172a5b73d7f80199e9da6c969922d1b020f
=== RUN   FuzzBn256Add/bde84c031681a1cd156d115c5699a8d5ac19b8b9
=== RUN   FuzzBn256Add/bee988043813b7e1636ddf3b656d3c47aa75f024
=== RUN   FuzzBn256Add/c42e9e551155eb6c177fa8c66be8ab01d07869ed
=== RUN   FuzzBn256Add/c69f3977344e328078621dbbe90a2cf9e38eb549
=== RUN   FuzzBn256Add/ca938f077b60be329124c15b052f06dc04683c62
=== RUN   FuzzBn256Add/cb084e98f07b095901f0e8c813670a6c1b6663eb
=== RUN   FuzzBn256Add/cbaaee7c65dce7a82513fdd29c0c40f6f2988f3d
=== RUN   FuzzBn256Add/cd41e8c57089588c7431b436fa01a07ef9e6dc51
=== RUN   FuzzBn256Add/ce0744c16d8a1637455f4f51db6126d8ad8bb6c2
=== RUN   FuzzBn256Add/d1053f01b3310ecd4ddaaa0cc2fdfec7a0fac6e3
=== RUN   FuzzBn256Add/d3908df5f4d11e569eacd39b335c512034beadf6
=== RUN   FuzzBn256Add/d4367226d87efbc8d33a249858447227977bc4e6
=== RUN   FuzzBn256Add/d8c3258b8db3e2cf1d4d82e2ef679c0d18cbb10c
=== RUN   FuzzBn256Add/da4282821f73e5e57b2ad7fb39e79ea495de78da
=== RUN   FuzzBn256Add/dd5e9fa832be1f6d4ea92f119688b547214bc376
=== RUN   FuzzBn256Add/e0518f5a4bd49ce543fe5c3898e8314acbb6228d
=== RUN   FuzzBn256Add/e18cec6e80c70054c7a875a4d8dcbce6d2ebd5d2
=== RUN   FuzzBn256Add/e30641da0133c48693db35cd5b003354c67c7b07
=== RUN   FuzzBn256Add/e58e8e1a57b0bed397ff8a8c409b7bd73e74b21e
=== RUN   FuzzBn256Add/e66bca9ddd094330163289563c8ea66a7c87b231
=== RUN   FuzzBn256Add/e760de54232b76b4e84d98d7684c60adb0ba74a6
=== RUN   FuzzBn256Add/e9c5968b7ac7b7191d4a9ac7e30eda5231f7346d
=== RUN   FuzzBn256Add/ef7f720679a700e8c23aa687f0640c8717a4f617
=== RUN   FuzzBn256Add/f362c4ec866b4a6077a5748d4d9df6c778538bb8
=== RUN   FuzzBn256Add/f6baf32ffa7ea50afb2e77258b674f4574a0bd92
=== RUN   FuzzBn256Add/f7611ecbe6dcf9843b4945784880a475c6ac0abe
=== RUN   FuzzBn256Add/fcbab31d4795f46b985887d6cbd8a357d9400b81
=== RUN   FuzzBn256Add/fcd6a95670f87a20c884e02d181babe9a1af579b
=== RUN   FuzzBn256Add/fda6d60013a5f652035665496adf0a7f66c23f3c
=== RUN   FuzzBn256Add/fdb356d65f3b8c78028a9ebd470bc20033c1acb4
--- PASS: FuzzBn256Add (0.03s)
    --- PASS: FuzzBn256Add/006eacb7403312951581fc07221901a72a12a864 (0.00s)
    --- PASS: FuzzBn256Add/00f7807195b0dfe930211e12fd249ecb9b5401c9 (0.00s)
    --- PASS: FuzzBn256Add/01d8e444100dbe7793dd731d020675ed219ece44 (0.00s)
    --- PASS: FuzzBn256Add/07981c73ffeca0ba772cf3316e5be885b1457be9 (0.00s)
    --- PASS: FuzzBn256Add/08b9b7a129a0891e2edd4a80e416e324ab55b6f9 (0.00s)
    --- PASS: FuzzBn256Add/0931f4fd9902612f1af0aa5442f9bb0f62257012 (0.00s)
    --- PASS: FuzzBn256Add/0957cf96705795a892350f644daa7689d5d04342 (0.00s)
    --- PASS: FuzzBn256Add/096eb29c8e536dc80db7b47ceb26e87b905553a8 (0.00s)
    --- PASS: FuzzBn256Add/0b9394b5cb4c415f760fab5d5db57174b2cc91bd (0.00s)
    --- PASS: FuzzBn256Add/0bc0128852c061e7ed06c90016bb51346fc649f9 (0.00s)
    --- PASS: FuzzBn256Add/0c0c32ed4b6d0ead954fee10768fb54eab82dbb9 (0.00s)
    --- PASS: FuzzBn256Add/0e4383e2394529afe75a04edce55490beaeb4dac (0.00s)
    --- PASS: FuzzBn256Add/139ecbf54ca17c67ed121fb7a7d4cb7204e36860 (0.00s)
    --- PASS: FuzzBn256Add/15c92bdc9db9e4bad783be41d8c08b86bdffd548 (0.00s)
    --- PASS: FuzzBn256Add/18781e5d8ad0c35bc1dc79b05b3deb73f287aa8e (0.00s)
    --- PASS: FuzzBn256Add/18c7a6d80920f01bfc68ab7e7523a27857cb65c0 (0.00s)
    --- PASS: FuzzBn256Add/1a794616e6da9314c58a00a4424f39f2fac31d92 (0.00s)
    --- PASS: FuzzBn256Add/21cd8658219ca6f3bde985206fb81062cda0bd46 (0.00s)
    --- PASS: FuzzBn256Add/2256361a81dfe28553ea682fa033512919f0ec22 (0.00s)
    --- PASS: FuzzBn256Add/24289a18a55f73edf9a88a120c109f01f46d9166 (0.00s)
    --- PASS: FuzzBn256Add/2943e8c9b5a16764e7214f59cd3f8d7b13e2ba34 (0.00s)
    --- PASS: FuzzBn256Add/2afa02dd3e97a40d759c94a77038caf9ffaadf2d (0.00s)
    --- PASS: FuzzBn256Add/2c521ecb7288f78d96da1df9c7b71dfec42d6693 (0.00s)
    --- PASS: FuzzBn256Add/2d7e2fb8e1bb8f0ecc34103abd75f6c24ea3f993 (0.00s)
    --- PASS: FuzzBn256Add/2e2d3762c674b8e3ac9877ee100167a29966fc09 (0.00s)
    --- PASS: FuzzBn256Add/2ea3e42e8c2812984dbfc3fb43cb86b296ac660b (0.00s)
    --- PASS: FuzzBn256Add/33fcf2d2b7e4478f44dba95d09bb1ad718457636 (0.00s)
    --- PASS: FuzzBn256Add/34c5dd657160382ccddbc6c3229d3b2bb309057c (0.00s)
    --- PASS: FuzzBn256Add/35c7827a9a3750910f25ce44f5897d0385c43093 (0.00s)
    --- PASS: FuzzBn256Add/3afff25525c6d7dcf2be94ee3f45adcb03ddaea1 (0.00s)
    --- PASS: FuzzBn256Add/3be8f8903b41c772c77afa2ecc0a8addff06bab9 (0.00s)
    --- PASS: FuzzBn256Add/3e6e5d348fa37f7d3b22cacbf4b788d65879d54d (0.00s)
    --- PASS: FuzzBn256Add/3fa58612ecb53344b2a89ecbb2a0921f9789eb83 (0.00s)
    --- PASS: FuzzBn256Add/417f053052c6862ec987a08e1b8bcee3b2a63d54 (0.00s)
    --- PASS: FuzzBn256Add/4303c48d69fe62b3ebcbbf2a85ac8ff1b0ffa3ae (0.00s)
    --- PASS: FuzzBn256Add/449b8b29ce398ae6564d254d4ee2efa7fe009320 (0.00s)
    --- PASS: FuzzBn256Add/457f3e3a17802def6eedb78612c2754fe60ba26a (0.00s)
    --- PASS: FuzzBn256Add/45f8c863f934713793487e1a1a7e5771e43432a7 (0.00s)
    --- PASS: FuzzBn256Add/46cb13ae0c253783bfa9535a8aeb94c52dd1bac9 (0.00s)
    --- PASS: FuzzBn256Add/47a639a5b7c5ff2baa11a6b33be826076099e7cb (0.00s)
    --- PASS: FuzzBn256Add/48c8691d3808c9e2f57d88abf85ba6b3a5182846 (0.00s)
    --- PASS: FuzzBn256Add/4ac311900522aa8e8c99b0814f18b6a80140906c (0.00s)
    --- PASS: FuzzBn256Add/4f0fe4eaff8c3320b10869d9e2ee052f282d7bf5 (0.00s)
    --- PASS: FuzzBn256Add/53bc3f0d377dd0002dc7568a11be96cc54bcc70c (0.00s)
    --- PASS: FuzzBn256Add/54b0435bee1a08f79ee045aeaeff54ac00fb0625 (0.00s)
    --- PASS: FuzzBn256Add/5820def2feb18d9960bfc6bad226bf025450945e (0.00s)
    --- PASS: FuzzBn256Add/58a7f2489825686491314586fb0ffd594f7e25e5 (0.00s)
    --- PASS: FuzzBn256Add/5d83b9df07ef35beed40502e9c665c6b0148fa36 (0.00s)
    --- PASS: FuzzBn256Add/5e1b7177cc18dc69a3700c759ae3f41423d54dfc (0.00s)
    --- PASS: FuzzBn256Add/626c401420d69ca2f72bac64fb48cdb87b75dc5f (0.00s)
    --- PASS: FuzzBn256Add/62e66f71b3ee35428e8b207c2b932d92ad4afdb0 (0.00s)
    --- PASS: FuzzBn256Add/65381fd24336ad44125ad4e4b4d4bea6da3d3d13 (0.00s)
    --- PASS: FuzzBn256Add/67aba3ee97fcf3ecbacc7d44d05812a148c589d6 (0.00s)
    --- PASS: FuzzBn256Add/69b97cdd65ea775f94c896f55ed30d21e19a49a2 (0.00s)
    --- PASS: FuzzBn256Add/6d1ef8b0cfe3af6eddc8cac4ec206920b9ee906e (0.00s)
    --- PASS: FuzzBn256Add/6d3305c46039b198726e85768b6cd540abd00543 (0.00s)
    --- PASS: FuzzBn256Add/6e98c030f6e4a8bc08acc3902f8000c15e9a9a79 (0.00s)
    --- PASS: FuzzBn256Add/713df58e788bf337cd6f46f4b9c32f0137ad9903 (0.00s)
    --- PASS: FuzzBn256Add/718191da9e128c055b97cec3593348a956687486 (0.00s)
    --- PASS: FuzzBn256Add/71cd07d83f504dcfd4a369bfb2e52f3be1a4e05a (0.00s)
    --- PASS: FuzzBn256Add/795b04911ea7867ceb16de3e591c0542a83a9222 (0.00s)
    --- PASS: FuzzBn256Add/7c735cef978501687019660c703165f26958e911 (0.00s)
    --- PASS: FuzzBn256Add/7e15bb5c01e7dd56499e37c634cf791d3a519aee (0.00s)
    --- PASS: FuzzBn256Add/7ef9295c84b0e97d260a36737c288d9514fef0cb (0.00s)
    --- PASS: FuzzBn256Add/800c049d1810bfc30cf811a1176b99ddf30fdbc2 (0.00s)
    --- PASS: FuzzBn256Add/80d080e7debe4edf4d0e21206af025470046e2d7 (0.00s)
    --- PASS: FuzzBn256Add/82c664a5f45a84a05d2385c6d1303e25ce684250 (0.00s)
    --- PASS: FuzzBn256Add/831b867cc1f5b548912d8ed5a387c81804de496b (0.00s)
    --- PASS: FuzzBn256Add/8459a8ce4a667e1c272cab15025b008d7a983a1a (0.00s)
    --- PASS: FuzzBn256Add/8489e945d8dc445911c74ce5a19f54b7a19402e8 (0.00s)
    --- PASS: FuzzBn256Add/85bd99af6b3142d50afada0ca6acd54290f64057 (0.00s)
    --- PASS: FuzzBn256Add/9069ca78e7450a285173431b3e52c5c25299e473 (0.00s)
    --- PASS: FuzzBn256Add/9743cbf5e0f6fb60afe5fba2d39a3a56b0b00203 (0.00s)
    --- PASS: FuzzBn256Add/996b5f395027fdeab4a2f4cef8306e3a4fe4dc39 (0.00s)
    --- PASS: FuzzBn256Add/9ac0e2d4b96766920e911414be54edf03e159e3f (0.00s)
    --- PASS: FuzzBn256Add/9b25050cf2a38cda625ee9191f787a6345c497fd (0.00s)
    --- PASS: FuzzBn256Add/9d4c7a82d4a1ca1730e5d87a7daa428b9bd575b0 (0.00s)
    --- PASS: FuzzBn256Add/a160251bfcd281ee85447d1cec178ee17c16cc7e (0.00s)
    --- PASS: FuzzBn256Add/a3228b1053b0f92015ffeb7b7c37277a2c34e689 (0.00s)
    --- PASS: FuzzBn256Add/a413aa5e5883e772b8664c7f40a1e23c8871faf8 (0.00s)
    --- PASS: FuzzBn256Add/a4154dadf5cac140efe0f9b1e93bbf26c9baaa45 (0.00s)
    --- PASS: FuzzBn256Add/af09ade60e9417903ea9d3eacd6f32e9dfb6aef1 (0.00s)
    --- PASS: FuzzBn256Add/af2f5bccc8f05158b9354b1da951ca5db7cf3c16 (0.00s)
    --- PASS: FuzzBn256Add/b0403d01f04b1c403c829f1fe39edfd39d818716 (0.00s)
    --- PASS: FuzzBn256Add/b08ede1ab79f0cd535c890acde15656feb6b5255 (0.00s)
    --- PASS: FuzzBn256Add/b32e7c2e0e5f9a3bff2ea20abb62a571d8442254 (0.00s)
    --- PASS: FuzzBn256Add/b4dc6fe5762564eba700819961d3e51a3afd9562 (0.00s)
    --- PASS: FuzzBn256Add/b77305e8c9f65785f0eedc5e6414bf4991b885a6 (0.00s)
    --- PASS: FuzzBn256Add/b9c4668a765acbba79706244fb8b6e0f3c6e0633 (0.00s)
    --- PASS: FuzzBn256Add/b9d46fccb4ebf12015cc6d5509c8633730872554 (0.00s)
    --- PASS: FuzzBn256Add/bae04172a5b73d7f80199e9da6c969922d1b020f (0.00s)
    --- PASS: FuzzBn256Add/bde84c031681a1cd156d115c5699a8d5ac19b8b9 (0.00s)
    --- PASS: FuzzBn256Add/bee988043813b7e1636ddf3b656d3c47aa75f024 (0.00s)
    --- PASS: FuzzBn256Add/c42e9e551155eb6c177fa8c66be8ab01d07869ed (0.00s)
    --- PASS: FuzzBn256Add/c69f3977344e328078621dbbe90a2cf9e38eb549 (0.00s)
    --- PASS: FuzzBn256Add/ca938f077b60be329124c15b052f06dc04683c62 (0.00s)
    --- PASS: FuzzBn256Add/cb084e98f07b095901f0e8c813670a6c1b6663eb (0.00s)
    --- PASS: FuzzBn256Add/cbaaee7c65dce7a82513fdd29c0c40f6f2988f3d (0.00s)
    --- PASS: FuzzBn256Add/cd41e8c57089588c7431b436fa01a07ef9e6dc51 (0.00s)
    --- PASS: FuzzBn256Add/ce0744c16d8a1637455f4f51db6126d8ad8bb6c2 (0.00s)
    --- PASS: FuzzBn256Add/d1053f01b3310ecd4ddaaa0cc2fdfec7a0fac6e3 (0.00s)
    --- PASS: FuzzBn256Add/d3908df5f4d11e569eacd39b335c512034beadf6 (0.00s)
    --- PASS: FuzzBn256Add/d4367226d87efbc8d33a249858447227977bc4e6 (0.00s)
    --- PASS: FuzzBn256Add/d8c3258b8db3e2cf1d4d82e2ef679c0d18cbb10c (0.00s)
    --- PASS: FuzzBn256Add/da4282821f73e5e57b2ad7fb39e79ea495de78da (0.00s)
    --- PASS: FuzzBn256Add/dd5e9fa832be1f6d4ea92f119688b547214bc376 (0.00s)
    --- PASS: FuzzBn256Add/e0518f5a4bd49ce543fe5c3898e8314acbb6228d (0.00s)
    --- PASS: FuzzBn256Add/e18cec6e80c70054c7a875a4d8dcbce6d2ebd5d2 (0.00s)
    --- PASS: FuzzBn256Add/e30641da0133c48693db35cd5b003354c67c7b07 (0.00s)
    --- PASS: FuzzBn256Add/e58e8e1a57b0bed397ff8a8c409b7bd73e74b21e (0.00s)
    --- PASS: FuzzBn256Add/e66bca9ddd094330163289563c8ea66a7c87b231 (0.00s)
    --- PASS: FuzzBn256Add/e760de54232b76b4e84d98d7684c60adb0ba74a6 (0.00s)
    --- PASS: FuzzBn256Add/e9c5968b7ac7b7191d4a9ac7e30eda5231f7346d (0.00s)
    --- PASS: FuzzBn256Add/ef7f720679a700e8c23aa687f0640c8717a4f617 (0.00s)
    --- PASS: FuzzBn256Add/f362c4ec866b4a6077a5748d4d9df6c778538bb8 (0.00s)
    --- PASS: FuzzBn256Add/f6baf32ffa7ea50afb2e77258b674f4574a0bd92 (0.00s)
    --- PASS: FuzzBn256Add/f7611ecbe6dcf9843b4945784880a475c6ac0abe (0.00s)
    --- PASS: FuzzBn256Add/fcbab31d4795f46b985887d6cbd8a357d9400b81 (0.00s)
    --- PASS: FuzzBn256Add/fcd6a95670f87a20c884e02d181babe9a1af579b (0.00s)
    --- PASS: FuzzBn256Add/fda6d60013a5f652035665496adf0a7f66c23f3c (0.00s)
    --- PASS: FuzzBn256Add/fdb356d65f3b8c78028a9ebd470bc20033c1acb4 (0.00s)
=== RUN   FuzzBn256Mul
=== RUN   FuzzBn256Mul/01b9477eb64962fadccc565ebe72cca2c5aeb7e1
=== RUN   FuzzBn256Mul/0294a0ea2980f93af6d4d0c5fecdeec7a77a53b3
=== RUN   FuzzBn256Mul/02d73d356f9108233059a21e31630f886f1c8c2f
=== RUN   FuzzBn256Mul/031da438355603fabd86f8fef57cd72b4391cdba
=== RUN   FuzzBn256Mul/03387712fc1507d6b0e9e18995121cf2cec97a65
=== RUN   FuzzBn256Mul/0344ffa65d1033684dbc68abe6e882edb2e204db
=== RUN   FuzzBn256Mul/055e4fb79fb80ab0efc5b619e95d6ef5d2b04423
=== RUN   FuzzBn256Mul/06dd6f957e98fc492602af2809342c2be18f65c8
=== RUN   FuzzBn256Mul/092c831035de982391298238864b6312a28a0dc6
=== RUN   FuzzBn256Mul/0a0b69adf3afe5be66cc18bd990cb89a2a2c42f9
=== RUN   FuzzBn256Mul/0b98ff80c0854dd0927cc78fb789613f4da19fbd
=== RUN   FuzzBn256Mul/0c5ce534296a44e82a751b87065bc942ad48dfd5
=== RUN   FuzzBn256Mul/0d65eb88169c0f36455b825a46834015ff9166d2
=== RUN   FuzzBn256Mul/0de8e0322ca1e5137081ef5152470bc63ec92fcf
=== RUN   FuzzBn256Mul/0e7b06e30d6d00d04bd709e65463909f985edd0f
=== RUN   FuzzBn256Mul/0fc09aec5473c08fc6de0b82508b0acb044feaaf
=== RUN   FuzzBn256Mul/10db8de5c652edaab15681a5b84d2c9e677fb48a
=== RUN   FuzzBn256Mul/1165a13720c6bc12ff4dd394d130a6db3b8353d6
=== RUN   FuzzBn256Mul/11d3de5371fbaae5ac42bfd22b2fe20c93784b65
=== RUN   FuzzBn256Mul/122ebaf4f9133962b824650217c56dac6cfdacc6
=== RUN   FuzzBn256Mul/1360db1e71a8973dfeb18cd1a19ab19a571c6d9b
=== RUN   FuzzBn256Mul/197891f1cc2f1d6ee04d08eaf9557a21e107fc6f
=== RUN   FuzzBn256Mul/1ab6fe72168743acbd5bd4269c0ef92f1cba3b9d
=== RUN   FuzzBn256Mul/1ade4d0c3bb26fc02b01b76be2fb291460ec848c
=== RUN   FuzzBn256Mul/1b86ca6f685e44f74cd39347c7844fbbb09d8d0d
=== RUN   FuzzBn256Mul/21d5f16e67f9876e961f06de02477e60291604dd
=== RUN   FuzzBn256Mul/236175802e0f70023f1cdd05de8c140b6a805ee9
=== RUN   FuzzBn256Mul/26e35e8e726509b1eb5b8bddbe7f3714c05cb863
=== RUN   FuzzBn256Mul/27ae7041e6566c1876380a177cf1146fae69a0dc
=== RUN   FuzzBn256Mul/27df3bd7b17efd71cc221ec5c054eb1712d5214f
=== RUN   FuzzBn256Mul/292d4dcb112b69adefd89a9861463ff2a123312c
=== RUN   FuzzBn256Mul/29a89728dfba31e6ccae8841ea0d2d850d92eea9
=== RUN   FuzzBn256Mul/2af0f625df86e130f2db15f1a3feb258bec91d61
=== RUN   FuzzBn256Mul/2f55a4ee3bff93bbf50db9dc39b62419ba1b3948
=== RUN   FuzzBn256Mul/309ffedb73aae30354eb0554a45fb4fc668588da
=== RUN   FuzzBn256Mul/31a0e67f9569502ac0e8e6de95df74eb306e7e86
=== RUN   FuzzBn256Mul/33c5577832f56c22e3120b820a4ce2632c127437
=== RUN   FuzzBn256Mul/33f8b2ab41c4d14949b38c0bea9771fe10f0613c
=== RUN   FuzzBn256Mul/35c6312e9c35373a8e0601ecf9e44cacdf223770
=== RUN   FuzzBn256Mul/364d8fcbd6b1d93745b0ea40d1fc4a0af203e70a
=== RUN   FuzzBn256Mul/3687de641efb5d36d53adbf16b8292802cbc7193
=== RUN   FuzzBn256Mul/36bebdee51702e32fff4059d723dd6f04bf4f639
=== RUN   FuzzBn256Mul/36e7ed327ca6a537d1fb3a4e491bce095bdf486b
=== RUN   FuzzBn256Mul/392d6dac0f93aaa24696fb6553d6929883dc072f
=== RUN   FuzzBn256Mul/396be5035a6ccb482101be0a2553bf3028aa4ffc
=== RUN   FuzzBn256Mul/3cdd6792a986947c6017ef96e8df051731478546
=== RUN   FuzzBn256Mul/3fcbacfe46f1b9272d1892c6e476e2a4adcecc00
=== RUN   FuzzBn256Mul/42436dead28811f6001a7647d60354cf500dc081
=== RUN   FuzzBn256Mul/43b114fc707e4fde86ed3b742a6d3c3079db4e66
=== RUN   FuzzBn256Mul/43bc467a32f0289ca34b8fe9cff3d5b359e349f2
=== RUN   FuzzBn256Mul/43d3d9ea72a3530d979df93a04099c67e8e7e2f0
=== RUN   FuzzBn256Mul/455b587d50dc6c596a5a10633a1055eb6b6eba3a
=== RUN   FuzzBn256Mul/45737779b74decb8dee4a77b91a038c6ed1437bd
=== RUN   FuzzBn256Mul/46a3668a7f9f830c87bd72be0a9e33ea6f6d5644
=== RUN   FuzzBn256Mul/47a1513f8f71d0e949eeacf7a8e5e9ff6df72037
=== RUN   FuzzBn256Mul/47ca8bc157dcd95c12a9cc8cefdc6e2c10070d05
=== RUN   FuzzBn256Mul/4859838d5254b5aa2fd79275a7c4fc2349ef1911
=== RUN   FuzzBn256Mul/48d7cf35e8bbb08b51085e9f7a579410a9d4a186
=== RUN   FuzzBn256Mul/490186c691a82db7701ddfd0203bdea2aa5f803b
=== RUN   FuzzBn256Mul/4a1192cfe83c50127466be1acc630c2b2391b358
=== RUN   FuzzBn256Mul/4ba28b4651a651eb21329ab5e8d07def726d0dc3
=== RUN   FuzzBn256Mul/4c2f5b5cb68fd1a55f51eaa6529c7c78b3516c67
=== RUN   FuzzBn256Mul/4dc2b73193a0eb70c129e59127d886fd1c43e54f
=== RUN   FuzzBn256Mul/4fadd4f6a66d8af4399289262940b376edeec072
=== RUN   FuzzBn256Mul/5133dbf2e54848bb8ea2acd6a1a73f30461acfd4
=== RUN   FuzzBn256Mul/51a8c81c4fb5b2d3ef151786e599b28716668148
=== RUN   FuzzBn256Mul/51b59750a4a4d9a2c00ba9b31791b28fc009ac40
=== RUN   FuzzBn256Mul/52310c1594f3e75e0323401c43b6fd09cd63d63a
=== RUN   FuzzBn256Mul/52cab21217eec83acf36cac73948ccd6610f7313
=== RUN   FuzzBn256Mul/52f71035f0f136b74c9ea37bdbc1bee1f7011b6b
=== RUN   FuzzBn256Mul/52fd508ede4daa285a196275dda4e668b1e6a595
=== RUN   FuzzBn256Mul/53a25fdf7ab89bdee7e247cdb25f2ee2b421c79d
=== RUN   FuzzBn256Mul/53e99f18340ab7cc5e6550c869a1d3f84f3fd273
=== RUN   FuzzBn256Mul/53ed462c8b1ae93e8ebb9243b99efbadc98f0011
=== RUN   FuzzBn256Mul/547aa3319342d96dc570f0cfcf9b35d7b8ad2aa4
=== RUN   FuzzBn256Mul/54d4876744feba22aef2bc72898b07bad20b1b80
=== RUN   FuzzBn256Mul/565698d085cb22e6f97fbeb80a0c0a17d9b420bc
=== RUN   FuzzBn256Mul/56cdbe2bf62ebdf4ba5f91ccaf25234086995706
=== RUN   FuzzBn256Mul/5788c01e5b1e702bab71d8c38b8319ab608cd7c2
=== RUN   FuzzBn256Mul/586d1db7796f680cb0a08811de4726cc1ab26fed
=== RUN   FuzzBn256Mul/599cca9ce8ec63f8e319cafe3c0479dd2dbd4534
=== RUN   FuzzBn256Mul/5a84c60f4ce727242de37daa8c321002a3477e5b
=== RUN   FuzzBn256Mul/5ac441cf52c65a7ae31daad9f916538665ec5c79
=== RUN   FuzzBn256Mul/5c3adb64daa42d7c20d731921ff289acc8c2b390
=== RUN   FuzzBn256Mul/5c3d748672cf98cc4bee89a9aeece5c4ac0a422d
=== RUN   FuzzBn256Mul/6191184ea2c2eb3cffd502835fc21dec0768dbc7
=== RUN   FuzzBn256Mul/61aa22f1af9bff9a3abc126271ad198a3649a784
=== RUN   FuzzBn256Mul/62125f2ba88ee4a89008074f9c141fbc4b077063
=== RUN   FuzzBn256Mul/638782d5087844b112f5ec20b7d7a911dc3194a8
=== RUN   FuzzBn256Mul/67fbe7029de8a3e08d2d1a80fe66308c8a37be61
=== RUN   FuzzBn256Mul/6b40628983c32c26cb5a49b44ed13894ec6ec1be
=== RUN   FuzzBn256Mul/6c3bd1e2822fe66b99558013a673f1452a965af2
=== RUN   FuzzBn256Mul/6c4730b1fed686dcd1336d693217bc5aa561aee0
=== RUN   FuzzBn256Mul/6f85c5021790daa52826d134148ddfa26324aa67
=== RUN   FuzzBn256Mul/7042bdab294d614a32d6922e7bc4a32a525b4158
=== RUN   FuzzBn256Mul/7127450b8adf6a9b781fc276fbd7cf4c70cc2d55
=== RUN   FuzzBn256Mul/7391d44df1cc7e329e53641e151e15318cb289d7
=== RUN   FuzzBn256Mul/73b3e936a54857450f908ee2eb8677320c83f2e8
=== RUN   FuzzBn256Mul/741312ca551607299e8fdbc1df257b5d060b9156
=== RUN   FuzzBn256Mul/7450b7f8f76c4df9da21b64422188d642de2fb8d
=== RUN   FuzzBn256Mul/75b04183d0ce5904c6bc0ecdccc1b90158de1b2f
=== RUN   FuzzBn256Mul/7664875dd5b4383239dd4fd735c7d96dbb7bd49c
=== RUN   FuzzBn256Mul/768c1a15f7ad6690a6e6cd387ef79983c5dae621
=== RUN   FuzzBn256Mul/76c2eda42bba47d49aa4ddc541cc1b4812b36d99
=== RUN   FuzzBn256Mul/772252e08330a5aa85925e5a292e19aec2a25837
=== RUN   FuzzBn256Mul/791c0751bf53c8994aaf3a6c18d67297ecc2ba40
=== RUN   FuzzBn256Mul/798d8b02cc04388811c574a4a6a6f255067b26b4
=== RUN   FuzzBn256Mul/7997df091ab1d7debe5ec7b0ff51651e1ec0c93e
=== RUN   FuzzBn256Mul/7ad03b9c2554f9c14d3d6b06a52e41cb47765257
=== RUN   FuzzBn256Mul/7b83ff7d98dacac4856acf1d97bf089401f61d49
=== RUN   FuzzBn256Mul/7ba4fce69e064133252fa53466a53fb5b79145e8
=== RUN   FuzzBn256Mul/7c308fb4d95bfb81c2450ddeee9db9191d483e98
=== RUN   FuzzBn256Mul/7c90ce0de36397d933f4a14c1878811925f282f7
=== RUN   FuzzBn256Mul/7ccf9d4d3ef0097b3b10bd117f3bcada4ebaad6a
=== RUN   FuzzBn256Mul/7e6c1452a1dd688659f7649df3de4f8ff3eb3e13
=== RUN   FuzzBn256Mul/7ea190c0ff4d6f9362329ecc0072f481e8f790ae
=== RUN   FuzzBn256Mul/7f5154e24e23df810ceeea8aa1d0dbd6bd92ce14
=== RUN   FuzzBn256Mul/8102339c8a80de7477f8f67b59c877545f37a519
=== RUN   FuzzBn256Mul/81e6977c8d025d8a7f0b9d02737c0d4151014332
=== RUN   FuzzBn256Mul/823f654f1a22f8ac637319d4d6083880a17fde6a
=== RUN   FuzzBn256Mul/82549f2b4ff10bd87cb1657f23ea788bfad36418
=== RUN   FuzzBn256Mul/82f5924032ed564125e1473166db546d4d1a26db
=== RUN   FuzzBn256Mul/835b4fc76c0b66f4aa4dbeda6e9fc81bccc4a078
=== RUN   FuzzBn256Mul/83d2c848559bc93d64ae5d2875134730a9dffd01
=== RUN   FuzzBn256Mul/84fb8f80ddab50ebe9e904d22d066198c5c23b9a
=== RUN   FuzzBn256Mul/850a74f727b83f5b7583d6b358daafce79c00a87
=== RUN   FuzzBn256Mul/861eb1e78a70b9fa0c8b8b781d3956c2a33bad4f
=== RUN   FuzzBn256Mul/8743f231c8d7c62275557138f742e30c3c21792e
=== RUN   FuzzBn256Mul/877ea9afa36ff3c4b566f4fa9224e83b3d20eab2
=== RUN   FuzzBn256Mul/87b58cc12d8eadc37dbc5e17f47241b5431024b6
=== RUN   FuzzBn256Mul/89716606ba602aa86a286254a0b4635584c30390
=== RUN   FuzzBn256Mul/8f2b47a86b24b98674c2519bf373aab3d6fc9024
=== RUN   FuzzBn256Mul/8f8293059584b0eb09e4b377020183574a6682d2
=== RUN   FuzzBn256Mul/90633a9ba593c5ed915e6908743f4399573e34a3
=== RUN   FuzzBn256Mul/94d2182b04b2752885638d263f730fb71a6b5c3d
=== RUN   FuzzBn256Mul/9858d4ae3e0c8b92d688f10057b8c618623bd5a9
=== RUN   FuzzBn256Mul/9b1139013da487b3bfd862a01145963bc1861245
=== RUN   FuzzBn256Mul/9c8b5beeb780563b7b1139689d3ec8b532ed092e
=== RUN   FuzzBn256Mul/9cbe5bbc2482ed5103f04e1c745723e393c19bd2
=== RUN   FuzzBn256Mul/9e825650cc84f077fba67f72ab3f0e03ceb63db8
=== RUN   FuzzBn256Mul/9fc1b7cafb3a86373741b2aa97fd179c887c891e
=== RUN   FuzzBn256Mul/a2416600f072740ca2ac37a948940024ba1dd2e1
=== RUN   FuzzBn256Mul/a2e12f3cf585f5f5434206546000db9089204bd3
=== RUN   FuzzBn256Mul/a38fb0bbc5ca88815fc9b6917bb12bfae2ff8526
=== RUN   FuzzBn256Mul/a3ae777bbe3e9d2fabac1d5362e6d3d44975c8e7
=== RUN   FuzzBn256Mul/a4f3e2e7ffecd7e342fdb6612fbbb32ebad95820
=== RUN   FuzzBn256Mul/a59c8cfd2e764fd906baa245b92f0275f4de3719
=== RUN   FuzzBn256Mul/a5d7c45db74c4b85f5a626bf51cbe01184ad15cb
=== RUN   FuzzBn256Mul/a60c697e8382f65f6a0eb3a11806237ab59b0a60
=== RUN   FuzzBn256Mul/a6ba3f06e41fd4d2e116926d19e7b8beb8c87c4d
=== RUN   FuzzBn256Mul/a704b6812b3d742bfb2d5295a99b67998e68acd9
=== RUN   FuzzBn256Mul/a70aa2172b9800cd622bad9e4374a9854d98bf30
=== RUN   FuzzBn256Mul/a7b77fa0ea13787f829cebf5bf0cf884cdf7e380
=== RUN   FuzzBn256Mul/a8d554a7d8e63611da5d1175e15246e775f457e0
=== RUN   FuzzBn256Mul/a8e0a6868f8aee158fee65f5fc919c4719d6d7f5
=== RUN   FuzzBn256Mul/ab8800b214ec0de9b7e63565061d41beea04d2c6
=== RUN   FuzzBn256Mul/abc0af90350e3a3ad0548c5d7c1527b628fd6101
=== RUN   FuzzBn256Mul/ad41c4787420017f789fc9b0aff7c71ccbb5136c
=== RUN   FuzzBn256Mul/adc83b19e793491b1c6ea0fd8b46cd9f32e592fc
=== RUN   FuzzBn256Mul/ae3e30f478b82b5fea8392c1fc6a6c95152e49d7
=== RUN   FuzzBn256Mul/af3405e00bde1e72bcd00cb206ebce1290fd7e43
=== RUN   FuzzBn256Mul/af7631e32b580fd0e6f9251976bce6b0b28e34d0
=== RUN   FuzzBn256Mul/b0eec3bc9181197a7f83262a59568ef3aae71797
=== RUN   FuzzBn256Mul/b220efe4dcd861fc1b49359a385af14af20c5857
=== RUN   FuzzBn256Mul/b347aba2586ff134bfce1f5af3d2c48aecefaf12
=== RUN   FuzzBn256Mul/b4393faf1386a8cb4857ae088525c2819786eebd
=== RUN   FuzzBn256Mul/b6bdd9593f2d9f0ba885e63e1397950de7d86855
=== RUN   FuzzBn256Mul/b8c3622036fd46255c6b2b78c45fa2feef54cf5a
=== RUN   FuzzBn256Mul/b9f3bf439403df867c046ad0638311bad41c7591
=== RUN   FuzzBn256Mul/ba21fd2e31e4ab825039efc2624b8b3d89a64c34
=== RUN   FuzzBn256Mul/bccba9abe9e69a0726d3f73b8438ec956fd0d0c7
=== RUN   FuzzBn256Mul/bd94440f946e16c2749af571aa0aeddcfc57130c
=== RUN   FuzzBn256Mul/bdbe5b9077c0d60a63f5946976ab70f1e8f2dd92
=== RUN   FuzzBn256Mul/c4a87125e860678078478e4a7b1323e43261ed2b
=== RUN   FuzzBn256Mul/c4b1dc1c755f95d8ee8c6ee5e82c236c83e8fe5a
=== RUN   FuzzBn256Mul/c530ffbc52e27e4d6f77fdeda3067d7ac89a7f27
=== RUN   FuzzBn256Mul/c55833f4e9f1c00e77df61781828b2e6888f02ac
=== RUN   FuzzBn256Mul/c5f814a21c6473c55be25b20f43270f718d38269
=== RUN   FuzzBn256Mul/c6aa60ee179887731d52a71e8da4b17d78078a03
=== RUN   FuzzBn256Mul/c7b2c5db51c1107240bf6efc58be75e77de1d8ea
=== RUN   FuzzBn256Mul/c7ec6dd81cda9e7165beadc075980a3bfc9cb9c9
=== RUN   FuzzBn256Mul/c8f10e6fa6e29904e0d73f012acc6d9e7b5696ad
=== RUN   FuzzBn256Mul/ca09c8aea2d7ba121ceb1c0d550a7cd6ff77b13c
=== RUN   FuzzBn256Mul/cc7f5a2d3bc7131c5c48f763b243cd6452b130f0
=== RUN   FuzzBn256Mul/ccb311313f850806a1575632a4feacebb3cea0d8
=== RUN   FuzzBn256Mul/cd0a3ef6dc28b20a7dae899f03eac8dcf61c641c
=== RUN   FuzzBn256Mul/cd8f90efd4e39021d8017c0a76ae37c303789fdd
=== RUN   FuzzBn256Mul/cf12be681458e9bd761aadfcd4b25edbac6e55c3
=== RUN   FuzzBn256Mul/cf4fa5485a1dc98169d0fecb3ebed80555f2e7f5
=== RUN   FuzzBn256Mul/cfd48e94e61c884137f2a1e412433d30335f60ca
=== RUN   FuzzBn256Mul/d1214e8873664b88c6eb5a564ce541db243558ad
=== RUN   FuzzBn256Mul/d13a19385366c0810d45943d49b94dcbbdc862de
=== RUN   FuzzBn256Mul/d18a69ef4d813d8e3ffb09a7cd541a20bf56186f
=== RUN   FuzzBn256Mul/d22692978f6a670b571e097ba15bf7e382955fee
=== RUN   FuzzBn256Mul/d264d834de106454828d24de05dd1e8858589d26
=== RUN   FuzzBn256Mul/d3cbfcdf0dfda31240cf5f84ca934aa89ee666d9
=== RUN   FuzzBn256Mul/d55b3e40cc4c8624a309f0d3751c47be70357811
=== RUN   FuzzBn256Mul/d5922dfa4809d559fc48c67aa9544b625d72c74f
=== RUN   FuzzBn256Mul/d7b94bc7ba9938a6cdcab5c8a805db9c6a54c370
=== RUN   FuzzBn256Mul/dc4dcaf3f8af0aa2742bdc432c0c53aca6565aae
=== RUN   FuzzBn256Mul/dc682199395e087b3d8f1596f3be3545fc36c517
=== RUN   FuzzBn256Mul/e088bb604ba844ed5c33f8422d682473c6c67a9c
=== RUN   FuzzBn256Mul/e143001667b205f4be484c63bbacdd7fd80921ac
=== RUN   FuzzBn256Mul/e1a2feb11f0009ca6f54b1f3e31fb5830194dedf
=== RUN   FuzzBn256Mul/e1d91211befa12754200917c81d3212c444cbcfc
=== RUN   FuzzBn256Mul/e2dcb5e59971161c851060f0bd41529609bd25f8
=== RUN   FuzzBn256Mul/e5262dab3e5a015c819aee9542ce0e4e25c4b3ad
=== RUN   FuzzBn256Mul/e56ed45f8ec4a29df9b0cdddbb634846816ed170
=== RUN   FuzzBn256Mul/e5f50a9b42f744e87cdee79bedebf9bff56870fb
=== RUN   FuzzBn256Mul/e5fbade6afbae3d99656f4f5d9cb3297e91bf078
=== RUN   FuzzBn256Mul/e7a65bd68e4bbbadf9821a00f881de9f2d9326c4
=== RUN   FuzzBn256Mul/e9e6f0d9f8ce4957718be8b0311a97de4c343ec2
=== RUN   FuzzBn256Mul/ead794d9d7f87690b3a20236bc8b18535fd0a979
=== RUN   FuzzBn256Mul/eb3529818dda1be883383839b053ef17768535e9
=== RUN   FuzzBn256Mul/ed03301aa7bfc5d36ced17f6df1febca7da6ab03
=== RUN   FuzzBn256Mul/ed7ee7b62f179f00405d0485e3f2671ef3740444
=== RUN   FuzzBn256Mul/efbff64d456c625b75a33e8689c889dc4802b167
=== RUN   FuzzBn256Mul/f02bb31c371be8989931efe9afc54331f66c9f26
=== RUN   FuzzBn256Mul/f4730fd2ed6a4bbbb4ae2f9aee64b9d06442b5c2
=== RUN   FuzzBn256Mul/f7cd90c646915e07e2a3fabfe9aec34c3708869d
=== RUN   FuzzBn256Mul/f8aa135d7bb593a8966ccf3e033410df7598f7af
=== RUN   FuzzBn256Mul/fa1f7ffd77ef431143623c4482a02840f89d5f61
=== RUN   FuzzBn256Mul/faa807fb58bb5c3fe92cdbb53bb3b2453e70330b
=== RUN   FuzzBn256Mul/fb23460ad99554d5bcdf963f84e980a7d8508123
=== RUN   FuzzBn256Mul/fb2ce230e49dc844636a33282679861d90b3dd70
=== RUN   FuzzBn256Mul/fc599c0c4a71ef83fa5bd643699d665cf83be430
=== RUN   FuzzBn256Mul/fccc1faadbea4d3a86afc2cf532253fed95ee4fe
=== RUN   FuzzBn256Mul/fe75c9944af81d7446f587e5b9eeed5540bf5c54
--- PASS: FuzzBn256Mul (0.35s)
    --- PASS: FuzzBn256Mul/01b9477eb64962fadccc565ebe72cca2c5aeb7e1 (0.00s)
    --- PASS: FuzzBn256Mul/0294a0ea2980f93af6d4d0c5fecdeec7a77a53b3 (0.00s)
    --- PASS: FuzzBn256Mul/02d73d356f9108233059a21e31630f886f1c8c2f (0.00s)
    --- PASS: FuzzBn256Mul/031da438355603fabd86f8fef57cd72b4391cdba (0.00s)
    --- PASS: FuzzBn256Mul/03387712fc1507d6b0e9e18995121cf2cec97a65 (0.00s)
    --- PASS: FuzzBn256Mul/0344ffa65d1033684dbc68abe6e882edb2e204db (0.00s)
    --- PASS: FuzzBn256Mul/055e4fb79fb80ab0efc5b619e95d6ef5d2b04423 (0.00s)
    --- PASS: FuzzBn256Mul/06dd6f957e98fc492602af2809342c2be18f65c8 (0.00s)
    --- PASS: FuzzBn256Mul/092c831035de982391298238864b6312a28a0dc6 (0.00s)
    --- PASS: FuzzBn256Mul/0a0b69adf3afe5be66cc18bd990cb89a2a2c42f9 (0.00s)
    --- PASS: FuzzBn256Mul/0b98ff80c0854dd0927cc78fb789613f4da19fbd (0.00s)
    --- PASS: FuzzBn256Mul/0c5ce534296a44e82a751b87065bc942ad48dfd5 (0.00s)
    --- PASS: FuzzBn256Mul/0d65eb88169c0f36455b825a46834015ff9166d2 (0.00s)
    --- PASS: FuzzBn256Mul/0de8e0322ca1e5137081ef5152470bc63ec92fcf (0.00s)
    --- PASS: FuzzBn256Mul/0e7b06e30d6d00d04bd709e65463909f985edd0f (0.00s)
    --- PASS: FuzzBn256Mul/0fc09aec5473c08fc6de0b82508b0acb044feaaf (0.00s)
    --- PASS: FuzzBn256Mul/10db8de5c652edaab15681a5b84d2c9e677fb48a (0.00s)
    --- PASS: FuzzBn256Mul/1165a13720c6bc12ff4dd394d130a6db3b8353d6 (0.00s)
    --- PASS: FuzzBn256Mul/11d3de5371fbaae5ac42bfd22b2fe20c93784b65 (0.00s)
    --- PASS: FuzzBn256Mul/122ebaf4f9133962b824650217c56dac6cfdacc6 (0.00s)
    --- PASS: FuzzBn256Mul/1360db1e71a8973dfeb18cd1a19ab19a571c6d9b (0.00s)
    --- PASS: FuzzBn256Mul/197891f1cc2f1d6ee04d08eaf9557a21e107fc6f (0.00s)
    --- PASS: FuzzBn256Mul/1ab6fe72168743acbd5bd4269c0ef92f1cba3b9d (0.00s)
    --- PASS: FuzzBn256Mul/1ade4d0c3bb26fc02b01b76be2fb291460ec848c (0.00s)
    --- PASS: FuzzBn256Mul/1b86ca6f685e44f74cd39347c7844fbbb09d8d0d (0.00s)
    --- PASS: FuzzBn256Mul/21d5f16e67f9876e961f06de02477e60291604dd (0.00s)
    --- PASS: FuzzBn256Mul/236175802e0f70023f1cdd05de8c140b6a805ee9 (0.00s)
    --- PASS: FuzzBn256Mul/26e35e8e726509b1eb5b8bddbe7f3714c05cb863 (0.00s)
    --- PASS: FuzzBn256Mul/27ae7041e6566c1876380a177cf1146fae69a0dc (0.00s)
    --- PASS: FuzzBn256Mul/27df3bd7b17efd71cc221ec5c054eb1712d5214f (0.00s)
    --- PASS: FuzzBn256Mul/292d4dcb112b69adefd89a9861463ff2a123312c (0.00s)
    --- PASS: FuzzBn256Mul/29a89728dfba31e6ccae8841ea0d2d850d92eea9 (0.00s)
    --- PASS: FuzzBn256Mul/2af0f625df86e130f2db15f1a3feb258bec91d61 (0.00s)
    --- PASS: FuzzBn256Mul/2f55a4ee3bff93bbf50db9dc39b62419ba1b3948 (0.00s)
    --- PASS: FuzzBn256Mul/309ffedb73aae30354eb0554a45fb4fc668588da (0.01s)
    --- PASS: FuzzBn256Mul/31a0e67f9569502ac0e8e6de95df74eb306e7e86 (0.00s)
    --- PASS: FuzzBn256Mul/33c5577832f56c22e3120b820a4ce2632c127437 (0.00s)
    --- PASS: FuzzBn256Mul/33f8b2ab41c4d14949b38c0bea9771fe10f0613c (0.00s)
    --- PASS: FuzzBn256Mul/35c6312e9c35373a8e0601ecf9e44cacdf223770 (0.00s)
    --- PASS: FuzzBn256Mul/364d8fcbd6b1d93745b0ea40d1fc4a0af203e70a (0.00s)
    --- PASS: FuzzBn256Mul/3687de641efb5d36d53adbf16b8292802cbc7193 (0.00s)
    --- PASS: FuzzBn256Mul/36bebdee51702e32fff4059d723dd6f04bf4f639 (0.00s)
    --- PASS: FuzzBn256Mul/36e7ed327ca6a537d1fb3a4e491bce095bdf486b (0.00s)
    --- PASS: FuzzBn256Mul/392d6dac0f93aaa24696fb6553d6929883dc072f (0.00s)
    --- PASS: FuzzBn256Mul/396be5035a6ccb482101be0a2553bf3028aa4ffc (0.00s)
    --- PASS: FuzzBn256Mul/3cdd6792a986947c6017ef96e8df051731478546 (0.00s)
    --- PASS: FuzzBn256Mul/3fcbacfe46f1b9272d1892c6e476e2a4adcecc00 (0.00s)
    --- PASS: FuzzBn256Mul/42436dead28811f6001a7647d60354cf500dc081 (0.00s)
    --- PASS: FuzzBn256Mul/43b114fc707e4fde86ed3b742a6d3c3079db4e66 (0.00s)
    --- PASS: FuzzBn256Mul/43bc467a32f0289ca34b8fe9cff3d5b359e349f2 (0.00s)
    --- PASS: FuzzBn256Mul/43d3d9ea72a3530d979df93a04099c67e8e7e2f0 (0.01s)
    --- PASS: FuzzBn256Mul/455b587d50dc6c596a5a10633a1055eb6b6eba3a (0.00s)
    --- PASS: FuzzBn256Mul/45737779b74decb8dee4a77b91a038c6ed1437bd (0.00s)
    --- PASS: FuzzBn256Mul/46a3668a7f9f830c87bd72be0a9e33ea6f6d5644 (0.00s)
    --- PASS: FuzzBn256Mul/47a1513f8f71d0e949eeacf7a8e5e9ff6df72037 (0.00s)
    --- PASS: FuzzBn256Mul/47ca8bc157dcd95c12a9cc8cefdc6e2c10070d05 (0.00s)
    --- PASS: FuzzBn256Mul/4859838d5254b5aa2fd79275a7c4fc2349ef1911 (0.00s)
    --- PASS: FuzzBn256Mul/48d7cf35e8bbb08b51085e9f7a579410a9d4a186 (0.00s)
    --- PASS: FuzzBn256Mul/490186c691a82db7701ddfd0203bdea2aa5f803b (0.00s)
    --- PASS: FuzzBn256Mul/4a1192cfe83c50127466be1acc630c2b2391b358 (0.00s)
    --- PASS: FuzzBn256Mul/4ba28b4651a651eb21329ab5e8d07def726d0dc3 (0.00s)
    --- PASS: FuzzBn256Mul/4c2f5b5cb68fd1a55f51eaa6529c7c78b3516c67 (0.00s)
    --- PASS: FuzzBn256Mul/4dc2b73193a0eb70c129e59127d886fd1c43e54f (0.00s)
    --- PASS: FuzzBn256Mul/4fadd4f6a66d8af4399289262940b376edeec072 (0.00s)
    --- PASS: FuzzBn256Mul/5133dbf2e54848bb8ea2acd6a1a73f30461acfd4 (0.00s)
    --- PASS: FuzzBn256Mul/51a8c81c4fb5b2d3ef151786e599b28716668148 (0.00s)
    --- PASS: FuzzBn256Mul/51b59750a4a4d9a2c00ba9b31791b28fc009ac40 (0.00s)
    --- PASS: FuzzBn256Mul/52310c1594f3e75e0323401c43b6fd09cd63d63a (0.00s)
    --- PASS: FuzzBn256Mul/52cab21217eec83acf36cac73948ccd6610f7313 (0.00s)
    --- PASS: FuzzBn256Mul/52f71035f0f136b74c9ea37bdbc1bee1f7011b6b (0.00s)
    --- PASS: FuzzBn256Mul/52fd508ede4daa285a196275dda4e668b1e6a595 (0.00s)
    --- PASS: FuzzBn256Mul/53a25fdf7ab89bdee7e247cdb25f2ee2b421c79d (0.00s)
    --- PASS: FuzzBn256Mul/53e99f18340ab7cc5e6550c869a1d3f84f3fd273 (0.00s)
    --- PASS: FuzzBn256Mul/53ed462c8b1ae93e8ebb9243b99efbadc98f0011 (0.00s)
    --- PASS: FuzzBn256Mul/547aa3319342d96dc570f0cfcf9b35d7b8ad2aa4 (0.00s)
    --- PASS: FuzzBn256Mul/54d4876744feba22aef2bc72898b07bad20b1b80 (0.00s)
    --- PASS: FuzzBn256Mul/565698d085cb22e6f97fbeb80a0c0a17d9b420bc (0.00s)
    --- PASS: FuzzBn256Mul/56cdbe2bf62ebdf4ba5f91ccaf25234086995706 (0.00s)
    --- PASS: FuzzBn256Mul/5788c01e5b1e702bab71d8c38b8319ab608cd7c2 (0.00s)
    --- PASS: FuzzBn256Mul/586d1db7796f680cb0a08811de4726cc1ab26fed (0.00s)
    --- PASS: FuzzBn256Mul/599cca9ce8ec63f8e319cafe3c0479dd2dbd4534 (0.00s)
    --- PASS: FuzzBn256Mul/5a84c60f4ce727242de37daa8c321002a3477e5b (0.00s)
    --- PASS: FuzzBn256Mul/5ac441cf52c65a7ae31daad9f916538665ec5c79 (0.00s)
    --- PASS: FuzzBn256Mul/5c3adb64daa42d7c20d731921ff289acc8c2b390 (0.00s)
    --- PASS: FuzzBn256Mul/5c3d748672cf98cc4bee89a9aeece5c4ac0a422d (0.00s)
    --- PASS: FuzzBn256Mul/6191184ea2c2eb3cffd502835fc21dec0768dbc7 (0.00s)
    --- PASS: FuzzBn256Mul/61aa22f1af9bff9a3abc126271ad198a3649a784 (0.00s)
    --- PASS: FuzzBn256Mul/62125f2ba88ee4a89008074f9c141fbc4b077063 (0.00s)
    --- PASS: FuzzBn256Mul/638782d5087844b112f5ec20b7d7a911dc3194a8 (0.00s)
    --- PASS: FuzzBn256Mul/67fbe7029de8a3e08d2d1a80fe66308c8a37be61 (0.00s)
    --- PASS: FuzzBn256Mul/6b40628983c32c26cb5a49b44ed13894ec6ec1be (0.00s)
    --- PASS: FuzzBn256Mul/6c3bd1e2822fe66b99558013a673f1452a965af2 (0.00s)
    --- PASS: FuzzBn256Mul/6c4730b1fed686dcd1336d693217bc5aa561aee0 (0.00s)
    --- PASS: FuzzBn256Mul/6f85c5021790daa52826d134148ddfa26324aa67 (0.00s)
    --- PASS: FuzzBn256Mul/7042bdab294d614a32d6922e7bc4a32a525b4158 (0.00s)
    --- PASS: FuzzBn256Mul/7127450b8adf6a9b781fc276fbd7cf4c70cc2d55 (0.00s)
    --- PASS: FuzzBn256Mul/7391d44df1cc7e329e53641e151e15318cb289d7 (0.00s)
    --- PASS: FuzzBn256Mul/73b3e936a54857450f908ee2eb8677320c83f2e8 (0.00s)
    --- PASS: FuzzBn256Mul/741312ca551607299e8fdbc1df257b5d060b9156 (0.00s)
    --- PASS: FuzzBn256Mul/7450b7f8f76c4df9da21b64422188d642de2fb8d (0.00s)
    --- PASS: FuzzBn256Mul/75b04183d0ce5904c6bc0ecdccc1b90158de1b2f (0.00s)
    --- PASS: FuzzBn256Mul/7664875dd5b4383239dd4fd735c7d96dbb7bd49c (0.00s)
    --- PASS: FuzzBn256Mul/768c1a15f7ad6690a6e6cd387ef79983c5dae621 (0.00s)
    --- PASS: FuzzBn256Mul/76c2eda42bba47d49aa4ddc541cc1b4812b36d99 (0.00s)
    --- PASS: FuzzBn256Mul/772252e08330a5aa85925e5a292e19aec2a25837 (0.00s)
    --- PASS: FuzzBn256Mul/791c0751bf53c8994aaf3a6c18d67297ecc2ba40 (0.00s)
    --- PASS: FuzzBn256Mul/798d8b02cc04388811c574a4a6a6f255067b26b4 (0.00s)
    --- PASS: FuzzBn256Mul/7997df091ab1d7debe5ec7b0ff51651e1ec0c93e (0.00s)
    --- PASS: FuzzBn256Mul/7ad03b9c2554f9c14d3d6b06a52e41cb47765257 (0.00s)
    --- PASS: FuzzBn256Mul/7b83ff7d98dacac4856acf1d97bf089401f61d49 (0.00s)
    --- PASS: FuzzBn256Mul/7ba4fce69e064133252fa53466a53fb5b79145e8 (0.00s)
    --- PASS: FuzzBn256Mul/7c308fb4d95bfb81c2450ddeee9db9191d483e98 (0.00s)
    --- PASS: FuzzBn256Mul/7c90ce0de36397d933f4a14c1878811925f282f7 (0.00s)
    --- PASS: FuzzBn256Mul/7ccf9d4d3ef0097b3b10bd117f3bcada4ebaad6a (0.00s)
    --- PASS: FuzzBn256Mul/7e6c1452a1dd688659f7649df3de4f8ff3eb3e13 (0.00s)
    --- PASS: FuzzBn256Mul/7ea190c0ff4d6f9362329ecc0072f481e8f790ae (0.00s)
    --- PASS: FuzzBn256Mul/7f5154e24e23df810ceeea8aa1d0dbd6bd92ce14 (0.00s)
    --- PASS: FuzzBn256Mul/8102339c8a80de7477f8f67b59c877545f37a519 (0.00s)
    --- PASS: FuzzBn256Mul/81e6977c8d025d8a7f0b9d02737c0d4151014332 (0.00s)
    --- PASS: FuzzBn256Mul/823f654f1a22f8ac637319d4d6083880a17fde6a (0.00s)
    --- PASS: FuzzBn256Mul/82549f2b4ff10bd87cb1657f23ea788bfad36418 (0.00s)
    --- PASS: FuzzBn256Mul/82f5924032ed564125e1473166db546d4d1a26db (0.00s)
    --- PASS: FuzzBn256Mul/835b4fc76c0b66f4aa4dbeda6e9fc81bccc4a078 (0.00s)
    --- PASS: FuzzBn256Mul/83d2c848559bc93d64ae5d2875134730a9dffd01 (0.00s)
    --- PASS: FuzzBn256Mul/84fb8f80ddab50ebe9e904d22d066198c5c23b9a (0.00s)
    --- PASS: FuzzBn256Mul/850a74f727b83f5b7583d6b358daafce79c00a87 (0.00s)
    --- PASS: FuzzBn256Mul/861eb1e78a70b9fa0c8b8b781d3956c2a33bad4f (0.00s)
    --- PASS: FuzzBn256Mul/8743f231c8d7c62275557138f742e30c3c21792e (0.00s)
    --- PASS: FuzzBn256Mul/877ea9afa36ff3c4b566f4fa9224e83b3d20eab2 (0.00s)
    --- PASS: FuzzBn256Mul/87b58cc12d8eadc37dbc5e17f47241b5431024b6 (0.00s)
    --- PASS: FuzzBn256Mul/89716606ba602aa86a286254a0b4635584c30390 (0.00s)
    --- PASS: FuzzBn256Mul/8f2b47a86b24b98674c2519bf373aab3d6fc9024 (0.01s)
    --- PASS: FuzzBn256Mul/8f8293059584b0eb09e4b377020183574a6682d2 (0.00s)
    --- PASS: FuzzBn256Mul/90633a9ba593c5ed915e6908743f4399573e34a3 (0.00s)
    --- PASS: FuzzBn256Mul/94d2182b04b2752885638d263f730fb71a6b5c3d (0.00s)
    --- PASS: FuzzBn256Mul/9858d4ae3e0c8b92d688f10057b8c618623bd5a9 (0.00s)
    --- PASS: FuzzBn256Mul/9b1139013da487b3bfd862a01145963bc1861245 (0.00s)
    --- PASS: FuzzBn256Mul/9c8b5beeb780563b7b1139689d3ec8b532ed092e (0.00s)
    --- PASS: FuzzBn256Mul/9cbe5bbc2482ed5103f04e1c745723e393c19bd2 (0.00s)
    --- PASS: FuzzBn256Mul/9e825650cc84f077fba67f72ab3f0e03ceb63db8 (0.00s)
    --- PASS: FuzzBn256Mul/9fc1b7cafb3a86373741b2aa97fd179c887c891e (0.00s)
    --- PASS: FuzzBn256Mul/a2416600f072740ca2ac37a948940024ba1dd2e1 (0.00s)
    --- PASS: FuzzBn256Mul/a2e12f3cf585f5f5434206546000db9089204bd3 (0.00s)
    --- PASS: FuzzBn256Mul/a38fb0bbc5ca88815fc9b6917bb12bfae2ff8526 (0.01s)
    --- PASS: FuzzBn256Mul/a3ae777bbe3e9d2fabac1d5362e6d3d44975c8e7 (0.00s)
    --- PASS: FuzzBn256Mul/a4f3e2e7ffecd7e342fdb6612fbbb32ebad95820 (0.00s)
    --- PASS: FuzzBn256Mul/a59c8cfd2e764fd906baa245b92f0275f4de3719 (0.00s)
    --- PASS: FuzzBn256Mul/a5d7c45db74c4b85f5a626bf51cbe01184ad15cb (0.00s)
    --- PASS: FuzzBn256Mul/a60c697e8382f65f6a0eb3a11806237ab59b0a60 (0.00s)
    --- PASS: FuzzBn256Mul/a6ba3f06e41fd4d2e116926d19e7b8beb8c87c4d (0.00s)
    --- PASS: FuzzBn256Mul/a704b6812b3d742bfb2d5295a99b67998e68acd9 (0.00s)
    --- PASS: FuzzBn256Mul/a70aa2172b9800cd622bad9e4374a9854d98bf30 (0.00s)
    --- PASS: FuzzBn256Mul/a7b77fa0ea13787f829cebf5bf0cf884cdf7e380 (0.00s)
    --- PASS: FuzzBn256Mul/a8d554a7d8e63611da5d1175e15246e775f457e0 (0.00s)
    --- PASS: FuzzBn256Mul/a8e0a6868f8aee158fee65f5fc919c4719d6d7f5 (0.00s)
    --- PASS: FuzzBn256Mul/ab8800b214ec0de9b7e63565061d41beea04d2c6 (0.00s)
    --- PASS: FuzzBn256Mul/abc0af90350e3a3ad0548c5d7c1527b628fd6101 (0.00s)
    --- PASS: FuzzBn256Mul/ad41c4787420017f789fc9b0aff7c71ccbb5136c (0.00s)
    --- PASS: FuzzBn256Mul/adc83b19e793491b1c6ea0fd8b46cd9f32e592fc (0.00s)
    --- PASS: FuzzBn256Mul/ae3e30f478b82b5fea8392c1fc6a6c95152e49d7 (0.00s)
    --- PASS: FuzzBn256Mul/af3405e00bde1e72bcd00cb206ebce1290fd7e43 (0.00s)
    --- PASS: FuzzBn256Mul/af7631e32b580fd0e6f9251976bce6b0b28e34d0 (0.01s)
    --- PASS: FuzzBn256Mul/b0eec3bc9181197a7f83262a59568ef3aae71797 (0.00s)
    --- PASS: FuzzBn256Mul/b220efe4dcd861fc1b49359a385af14af20c5857 (0.00s)
    --- PASS: FuzzBn256Mul/b347aba2586ff134bfce1f5af3d2c48aecefaf12 (0.00s)
    --- PASS: FuzzBn256Mul/b4393faf1386a8cb4857ae088525c2819786eebd (0.00s)
    --- PASS: FuzzBn256Mul/b6bdd9593f2d9f0ba885e63e1397950de7d86855 (0.00s)
    --- PASS: FuzzBn256Mul/b8c3622036fd46255c6b2b78c45fa2feef54cf5a (0.00s)
    --- PASS: FuzzBn256Mul/b9f3bf439403df867c046ad0638311bad41c7591 (0.00s)
    --- PASS: FuzzBn256Mul/ba21fd2e31e4ab825039efc2624b8b3d89a64c34 (0.00s)
    --- PASS: FuzzBn256Mul/bccba9abe9e69a0726d3f73b8438ec956fd0d0c7 (0.00s)
    --- PASS: FuzzBn256Mul/bd94440f946e16c2749af571aa0aeddcfc57130c (0.00s)
    --- PASS: FuzzBn256Mul/bdbe5b9077c0d60a63f5946976ab70f1e8f2dd92 (0.00s)
    --- PASS: FuzzBn256Mul/c4a87125e860678078478e4a7b1323e43261ed2b (0.00s)
    --- PASS: FuzzBn256Mul/c4b1dc1c755f95d8ee8c6ee5e82c236c83e8fe5a (0.00s)
    --- PASS: FuzzBn256Mul/c530ffbc52e27e4d6f77fdeda3067d7ac89a7f27 (0.00s)
    --- PASS: FuzzBn256Mul/c55833f4e9f1c00e77df61781828b2e6888f02ac (0.00s)
    --- PASS: FuzzBn256Mul/c5f814a21c6473c55be25b20f43270f718d38269 (0.00s)
    --- PASS: FuzzBn256Mul/c6aa60ee179887731d52a71e8da4b17d78078a03 (0.00s)
    --- PASS: FuzzBn256Mul/c7b2c5db51c1107240bf6efc58be75e77de1d8ea (0.00s)
    --- PASS: FuzzBn256Mul/c7ec6dd81cda9e7165beadc075980a3bfc9cb9c9 (0.00s)
    --- PASS: FuzzBn256Mul/c8f10e6fa6e29904e0d73f012acc6d9e7b5696ad (0.00s)
    --- PASS: FuzzBn256Mul/ca09c8aea2d7ba121ceb1c0d550a7cd6ff77b13c (0.00s)
    --- PASS: FuzzBn256Mul/cc7f5a2d3bc7131c5c48f763b243cd6452b130f0 (0.00s)
    --- PASS: FuzzBn256Mul/ccb311313f850806a1575632a4feacebb3cea0d8 (0.00s)
    --- PASS: FuzzBn256Mul/cd0a3ef6dc28b20a7dae899f03eac8dcf61c641c (0.00s)
    --- PASS: FuzzBn256Mul/cd8f90efd4e39021d8017c0a76ae37c303789fdd (0.00s)
    --- PASS: FuzzBn256Mul/cf12be681458e9bd761aadfcd4b25edbac6e55c3 (0.00s)
    --- PASS: FuzzBn256Mul/cf4fa5485a1dc98169d0fecb3ebed80555f2e7f5 (0.00s)
    --- PASS: FuzzBn256Mul/cfd48e94e61c884137f2a1e412433d30335f60ca (0.00s)
    --- PASS: FuzzBn256Mul/d1214e8873664b88c6eb5a564ce541db243558ad (0.00s)
    --- PASS: FuzzBn256Mul/d13a19385366c0810d45943d49b94dcbbdc862de (0.00s)
    --- PASS: FuzzBn256Mul/d18a69ef4d813d8e3ffb09a7cd541a20bf56186f (0.00s)
    --- PASS: FuzzBn256Mul/d22692978f6a670b571e097ba15bf7e382955fee (0.00s)
    --- PASS: FuzzBn256Mul/d264d834de106454828d24de05dd1e8858589d26 (0.00s)
    --- PASS: FuzzBn256Mul/d3cbfcdf0dfda31240cf5f84ca934aa89ee666d9 (0.00s)
    --- PASS: FuzzBn256Mul/d55b3e40cc4c8624a309f0d3751c47be70357811 (0.00s)
    --- PASS: FuzzBn256Mul/d5922dfa4809d559fc48c67aa9544b625d72c74f (0.00s)
    --- PASS: FuzzBn256Mul/d7b94bc7ba9938a6cdcab5c8a805db9c6a54c370 (0.00s)
    --- PASS: FuzzBn256Mul/dc4dcaf3f8af0aa2742bdc432c0c53aca6565aae (0.00s)
    --- PASS: FuzzBn256Mul/dc682199395e087b3d8f1596f3be3545fc36c517 (0.00s)
    --- PASS: FuzzBn256Mul/e088bb604ba844ed5c33f8422d682473c6c67a9c (0.00s)
    --- PASS: FuzzBn256Mul/e143001667b205f4be484c63bbacdd7fd80921ac (0.00s)
    --- PASS: FuzzBn256Mul/e1a2feb11f0009ca6f54b1f3e31fb5830194dedf (0.00s)
    --- PASS: FuzzBn256Mul/e1d91211befa12754200917c81d3212c444cbcfc (0.00s)
    --- PASS: FuzzBn256Mul/e2dcb5e59971161c851060f0bd41529609bd25f8 (0.00s)
    --- PASS: FuzzBn256Mul/e5262dab3e5a015c819aee9542ce0e4e25c4b3ad (0.00s)
    --- PASS: FuzzBn256Mul/e56ed45f8ec4a29df9b0cdddbb634846816ed170 (0.00s)
    --- PASS: FuzzBn256Mul/e5f50a9b42f744e87cdee79bedebf9bff56870fb (0.00s)
    --- PASS: FuzzBn256Mul/e5fbade6afbae3d99656f4f5d9cb3297e91bf078 (0.00s)
    --- PASS: FuzzBn256Mul/e7a65bd68e4bbbadf9821a00f881de9f2d9326c4 (0.00s)
    --- PASS: FuzzBn256Mul/e9e6f0d9f8ce4957718be8b0311a97de4c343ec2 (0.00s)
    --- PASS: FuzzBn256Mul/ead794d9d7f87690b3a20236bc8b18535fd0a979 (0.00s)
    --- PASS: FuzzBn256Mul/eb3529818dda1be883383839b053ef17768535e9 (0.00s)
    --- PASS: FuzzBn256Mul/ed03301aa7bfc5d36ced17f6df1febca7da6ab03 (0.00s)
    --- PASS: FuzzBn256Mul/ed7ee7b62f179f00405d0485e3f2671ef3740444 (0.00s)
    --- PASS: FuzzBn256Mul/efbff64d456c625b75a33e8689c889dc4802b167 (0.00s)
    --- PASS: FuzzBn256Mul/f02bb31c371be8989931efe9afc54331f66c9f26 (0.00s)
    --- PASS: FuzzBn256Mul/f4730fd2ed6a4bbbb4ae2f9aee64b9d06442b5c2 (0.00s)
    --- PASS: FuzzBn256Mul/f7cd90c646915e07e2a3fabfe9aec34c3708869d (0.00s)
    --- PASS: FuzzBn256Mul/f8aa135d7bb593a8966ccf3e033410df7598f7af (0.00s)
    --- PASS: FuzzBn256Mul/fa1f7ffd77ef431143623c4482a02840f89d5f61 (0.00s)
    --- PASS: FuzzBn256Mul/faa807fb58bb5c3fe92cdbb53bb3b2453e70330b (0.00s)
    --- PASS: FuzzBn256Mul/fb23460ad99554d5bcdf963f84e980a7d8508123 (0.00s)
    --- PASS: FuzzBn256Mul/fb2ce230e49dc844636a33282679861d90b3dd70 (0.00s)
    --- PASS: FuzzBn256Mul/fc599c0c4a71ef83fa5bd643699d665cf83be430 (0.00s)
    --- PASS: FuzzBn256Mul/fccc1faadbea4d3a86afc2cf532253fed95ee4fe (0.00s)
    --- PASS: FuzzBn256Mul/fe75c9944af81d7446f587e5b9eeed5540bf5c54 (0.00s)
=== RUN   FuzzBn256Pair
=== RUN   FuzzBn256Pair/01472720082d7abdf23ed34f589dece5a46ddeb0
=== RUN   FuzzBn256Pair/0371c71ec97ebdf2d05800076eb8b2429c9f068a
=== RUN   FuzzBn256Pair/048d8731d65854b4136d2e7f1c708702390808b9
=== RUN   FuzzBn256Pair/05a7d22b79e037d47943cb06f868ba242a6f6393
=== RUN   FuzzBn256Pair/069d156996eb4e08370cb3fbb9aba9f7b922403a
=== RUN   FuzzBn256Pair/07690ccfc1c8060bcb66dc80075465667ae8d879
=== RUN   FuzzBn256Pair/0ac55ca17bcd0a2a24630c67d8c6eb0eeea6956c
=== RUN   FuzzBn256Pair/0cbf124c2ecb2773a456b91515e504297a20b8da
=== RUN   FuzzBn256Pair/0d5d45bd65099eb6fbe4d3eac55d7d0e4536af70
=== RUN   FuzzBn256Pair/0e4c6743d78ea43229231e802410e6318a1305cb
=== RUN   FuzzBn256Pair/18ee4418e68659edfeec5807b6b19490a0818de2
=== RUN   FuzzBn256Pair/1f16459302244708573c35a60e99b8b4f7198aa0
=== RUN   FuzzBn256Pair/1f2024dbb82ea576fe1566fc256ea2753ad16af0
=== RUN   FuzzBn256Pair/265554d513cf555f3896ffc8051cc29e4f28735b
=== RUN   FuzzBn256Pair/2712d858f55753e3b251dd27c332b789bfb0f0ed
=== RUN   FuzzBn256Pair/27e446997363ffa870a93256415b77caaad2fb78
=== RUN   FuzzBn256Pair/2967452e645d0476dfa252e2b7cb7ef5c38096d4
=== RUN   FuzzBn256Pair/29d883e820ae26c7c934829a16be7707871d3b84
=== RUN   FuzzBn256Pair/2be167e316184b38eaea24d2fe98fac2223af809
=== RUN   FuzzBn256Pair/2be3c2225859dff0ed2935416ca4f89dc96c3ca7
=== RUN   FuzzBn256Pair/2d82b3a82d41cd371808c1a9f66b2fe5e79ec400
=== RUN   FuzzBn256Pair/2e90e9420c43f31d674a5ffcff7204fb8429b57c
=== RUN   FuzzBn256Pair/363ff8e6b3eff146985a4ed5d2b5d6acac3dfb34
=== RUN   FuzzBn256Pair/3805499e1b6bf11f09d4cd9d320b8909961648c2
=== RUN   FuzzBn256Pair/41857980bec31ffb9f11efad924e03608786eb5a
=== RUN   FuzzBn256Pair/4b75bde62d847c8b04c26c09ac18e6a25b76fb2a
=== RUN   FuzzBn256Pair/4e634a2ee5308a4318349a1742973a43195b9803
=== RUN   FuzzBn256Pair/520b67222e63324fce7eced0d1ccfbbea95f1c0f
=== RUN   FuzzBn256Pair/53cbb4a57d2c5361776f0549d3a3ee99237f9832
=== RUN   FuzzBn256Pair/58de4d79a45dadd9a77c5220fde9000351d5103d
=== RUN   FuzzBn256Pair/5e948c8888e332acbecdaf28f915500e03ff2a7d
=== RUN   FuzzBn256Pair/61e938447ec8e1c5e422e1fc35b161c1d6826599
=== RUN   FuzzBn256Pair/6337b63d8e3890f03ced2c1495fa0a4dbe32f882
=== RUN   FuzzBn256Pair/636ed96b9e7fcb3513bfab40dc7e14080348e1b5
=== RUN   FuzzBn256Pair/63e214dbc5a06e050fd2f15611160d72a5e2ec6e
=== RUN   FuzzBn256Pair/6460ec6b428698de5e4dd643be7b24b510f2fa34
=== RUN   FuzzBn256Pair/670f475c78040a87bb16382d533ab18c4171f025
=== RUN   FuzzBn256Pair/679b7440c6a5176b6866faa2f6c3b4eddbac0b42
=== RUN   FuzzBn256Pair/6b7ca3789d2310dcee893fed068da8c9bca1a0ba
=== RUN   FuzzBn256Pair/71853c6197a6a7f222db0f1978c7cb232b87c5ee
=== RUN   FuzzBn256Pair/71a5f895449bc73e5eaa7da544df3272e4d77770
=== RUN   FuzzBn256Pair/724836be9146a6da13f837c3032dd103d7fbf530
=== RUN   FuzzBn256Pair/74fa231262bba10c34cc11078a9359da66357d78
=== RUN   FuzzBn256Pair/758f862b5af87ad8a219864cb9fa8ba94b67ef50
=== RUN   FuzzBn256Pair/7818f7a09309eab744b91473aee36c5a5eff18aa
=== RUN   FuzzBn256Pair/79d5153921702b36951f42babf34116a79b6e227
=== RUN   FuzzBn256Pair/7c4e946f55c5ce4803877d7cdaba0bc9f8d7507c
=== RUN   FuzzBn256Pair/7c6b92b0a8a2ba093230a7639482870ae11e15f4
=== RUN   FuzzBn256Pair/7f2a881ab7222f291b3479f5d8eda37321654cfd
=== RUN   FuzzBn256Pair/8066b98de7d4d84ab74e039976bff437aeb2c68f
=== RUN   FuzzBn256Pair/85e07065b4b7e4e81a496d49a891bfb847816e85
=== RUN   FuzzBn256Pair/8616748bd1655feedc5783b614e695c64fce645c
=== RUN   FuzzBn256Pair/88adbcbc3b494a26cf0dcf681b533ae730122e4e
=== RUN   FuzzBn256Pair/93635f906d2035cd6459c6097cd130f61d4631d7
=== RUN   FuzzBn256Pair/99502605dbb823fd653fe830195125aa36e955d1
=== RUN   FuzzBn256Pair/9ad909a7b484d372d509c1b08ef4f47b14a656e2
=== RUN   FuzzBn256Pair/9b8a36666c085872ac09bedc265b3175cebfe51a
=== RUN   FuzzBn256Pair/9ca53adfba1d8f1e50c19b06c7e83e56c20ecd96
=== RUN   FuzzBn256Pair/a0e34c20f85d5ce0569ecec474f68d6f7d121841
=== RUN   FuzzBn256Pair/a1733f3b62ad7140e67b4115a612d78b1b820c94
=== RUN   FuzzBn256Pair/a43821b0696ca1981c06f166a7489f7669b85573
=== RUN   FuzzBn256Pair/a4b9a16631a25b27a0d88843a2e72dc5796398db
=== RUN   FuzzBn256Pair/a5ec3bef6bf4a06e7241ab0b7a86f2c693e93830
=== RUN   FuzzBn256Pair/ab771b340a58a84dc3e1af30cfb3d8591c961e42
=== RUN   FuzzBn256Pair/b28b1b279f83c2b76cf6e811f7734123b7aa6d7a
=== RUN   FuzzBn256Pair/b3ffd0e8e9410e15048634ca39b587a1b96434a2
=== RUN   FuzzBn256Pair/ba39edbae4e3a91290b1603156290f52b26b917a
=== RUN   FuzzBn256Pair/be590eeb97df68f9835c0db191ae153236463c84
=== RUN   FuzzBn256Pair/c2650cc02e1a3d4819be4243d0f8f8e3b7d8c48a
=== RUN   FuzzBn256Pair/d212a9a297562901ddca225b7c0c87691a79d367
=== RUN   FuzzBn256Pair/d7e8ac0c185fcf78f52b712a2f7b8950fe886ffd
=== RUN   FuzzBn256Pair/d7f41cf978eb133480a104f42c9f898983709d76
=== RUN   FuzzBn256Pair/db09b65514f432a0a0256a27d940a6d79192b35a
=== RUN   FuzzBn256Pair/dcd41d33010406154d04f3572273c50f4138e13d
=== RUN   FuzzBn256Pair/dd5fedbe08e3bb19e7a3d7ec2b17ff3d0d4d7d48
=== RUN   FuzzBn256Pair/df560af9ec878c3b21b88686151e2515190451a8
=== RUN   FuzzBn256Pair/e75e87ebea0eb58fbca2abeed43c4c6aa56c5a57
=== RUN   FuzzBn256Pair/e761d47c0bde2d22ea5c4fe072e1c443a9329f20
=== RUN   FuzzBn256Pair/e842ab0b1701b55c5660689278a249408909ddb3
=== RUN   FuzzBn256Pair/ebf08229a2ee30fba3d3bb46c4517bcd04a304f8
=== RUN   FuzzBn256Pair/f786310cd668c2ed1e3a79b6a26be3a676dd850b
=== RUN   FuzzBn256Pair/fb3c6e4de85bd9eae26fdc63e75f10a7f39e850e
=== RUN   FuzzBn256Pair/fbf65b928a1a424d7bf95820c6c0bf8d7cb6f5c8
=== RUN   FuzzBn256Pair/fdec3a2d297aea48644645e25b5a31eb5c33dd1c
--- PASS: FuzzBn256Pair (0.90s)
    --- PASS: FuzzBn256Pair/01472720082d7abdf23ed34f589dece5a46ddeb0 (0.02s)
    --- PASS: FuzzBn256Pair/0371c71ec97ebdf2d05800076eb8b2429c9f068a (0.02s)
    --- PASS: FuzzBn256Pair/048d8731d65854b4136d2e7f1c708702390808b9 (0.02s)
    --- PASS: FuzzBn256Pair/05a7d22b79e037d47943cb06f868ba242a6f6393 (0.01s)
    --- PASS: FuzzBn256Pair/069d156996eb4e08370cb3fbb9aba9f7b922403a (0.00s)
    --- PASS: FuzzBn256Pair/07690ccfc1c8060bcb66dc80075465667ae8d879 (0.02s)
    --- PASS: FuzzBn256Pair/0ac55ca17bcd0a2a24630c67d8c6eb0eeea6956c (0.02s)
    --- PASS: FuzzBn256Pair/0cbf124c2ecb2773a456b91515e504297a20b8da (0.01s)
    --- PASS: FuzzBn256Pair/0d5d45bd65099eb6fbe4d3eac55d7d0e4536af70 (0.01s)
    --- PASS: FuzzBn256Pair/0e4c6743d78ea43229231e802410e6318a1305cb (0.02s)
    --- PASS: FuzzBn256Pair/18ee4418e68659edfeec5807b6b19490a0818de2 (0.02s)
    --- PASS: FuzzBn256Pair/1f16459302244708573c35a60e99b8b4f7198aa0 (0.02s)
    --- PASS: FuzzBn256Pair/1f2024dbb82ea576fe1566fc256ea2753ad16af0 (0.00s)
    --- PASS: FuzzBn256Pair/265554d513cf555f3896ffc8051cc29e4f28735b (0.00s)
    --- PASS: FuzzBn256Pair/2712d858f55753e3b251dd27c332b789bfb0f0ed (0.02s)
    --- PASS: FuzzBn256Pair/27e446997363ffa870a93256415b77caaad2fb78 (0.00s)
    --- PASS: FuzzBn256Pair/2967452e645d0476dfa252e2b7cb7ef5c38096d4 (0.02s)
    --- PASS: FuzzBn256Pair/29d883e820ae26c7c934829a16be7707871d3b84 (0.00s)
    --- PASS: FuzzBn256Pair/2be167e316184b38eaea24d2fe98fac2223af809 (0.02s)
    --- PASS: FuzzBn256Pair/2be3c2225859dff0ed2935416ca4f89dc96c3ca7 (0.02s)
    --- PASS: FuzzBn256Pair/2d82b3a82d41cd371808c1a9f66b2fe5e79ec400 (0.02s)
    --- PASS: FuzzBn256Pair/2e90e9420c43f31d674a5ffcff7204fb8429b57c (0.01s)
    --- PASS: FuzzBn256Pair/363ff8e6b3eff146985a4ed5d2b5d6acac3dfb34 (0.00s)
    --- PASS: FuzzBn256Pair/3805499e1b6bf11f09d4cd9d320b8909961648c2 (0.02s)
    --- PASS: FuzzBn256Pair/41857980bec31ffb9f11efad924e03608786eb5a (0.01s)
    --- PASS: FuzzBn256Pair/4b75bde62d847c8b04c26c09ac18e6a25b76fb2a (0.01s)
    --- PASS: FuzzBn256Pair/4e634a2ee5308a4318349a1742973a43195b9803 (0.02s)
    --- PASS: FuzzBn256Pair/520b67222e63324fce7eced0d1ccfbbea95f1c0f (0.00s)
    --- PASS: FuzzBn256Pair/53cbb4a57d2c5361776f0549d3a3ee99237f9832 (0.02s)
    --- PASS: FuzzBn256Pair/58de4d79a45dadd9a77c5220fde9000351d5103d (0.00s)
    --- PASS: FuzzBn256Pair/5e948c8888e332acbecdaf28f915500e03ff2a7d (0.01s)
    --- PASS: FuzzBn256Pair/61e938447ec8e1c5e422e1fc35b161c1d6826599 (0.02s)
    --- PASS: FuzzBn256Pair/6337b63d8e3890f03ced2c1495fa0a4dbe32f882 (0.00s)
    --- PASS: FuzzBn256Pair/636ed96b9e7fcb3513bfab40dc7e14080348e1b5 (0.02s)
    --- PASS: FuzzBn256Pair/63e214dbc5a06e050fd2f15611160d72a5e2ec6e (0.01s)
    --- PASS: FuzzBn256Pair/6460ec6b428698de5e4dd643be7b24b510f2fa34 (0.00s)
    --- PASS: FuzzBn256Pair/670f475c78040a87bb16382d533ab18c4171f025 (0.02s)
    --- PASS: FuzzBn256Pair/679b7440c6a5176b6866faa2f6c3b4eddbac0b42 (0.00s)
    --- PASS: FuzzBn256Pair/6b7ca3789d2310dcee893fed068da8c9bca1a0ba (0.00s)
    --- PASS: FuzzBn256Pair/71853c6197a6a7f222db0f1978c7cb232b87c5ee (0.00s)
    --- PASS: FuzzBn256Pair/71a5f895449bc73e5eaa7da544df3272e4d77770 (0.00s)
    --- PASS: FuzzBn256Pair/724836be9146a6da13f837c3032dd103d7fbf530 (0.02s)
    --- PASS: FuzzBn256Pair/74fa231262bba10c34cc11078a9359da66357d78 (0.01s)
    --- PASS: FuzzBn256Pair/758f862b5af87ad8a219864cb9fa8ba94b67ef50 (0.02s)
    --- PASS: FuzzBn256Pair/7818f7a09309eab744b91473aee36c5a5eff18aa (0.02s)
    --- PASS: FuzzBn256Pair/79d5153921702b36951f42babf34116a79b6e227 (0.00s)
    --- PASS: FuzzBn256Pair/7c4e946f55c5ce4803877d7cdaba0bc9f8d7507c (0.01s)
    --- PASS: FuzzBn256Pair/7c6b92b0a8a2ba093230a7639482870ae11e15f4 (0.02s)
    --- PASS: FuzzBn256Pair/7f2a881ab7222f291b3479f5d8eda37321654cfd (0.00s)
    --- PASS: FuzzBn256Pair/8066b98de7d4d84ab74e039976bff437aeb2c68f (0.02s)
    --- PASS: FuzzBn256Pair/85e07065b4b7e4e81a496d49a891bfb847816e85 (0.00s)
    --- PASS: FuzzBn256Pair/8616748bd1655feedc5783b614e695c64fce645c (0.02s)
    --- PASS: FuzzBn256Pair/88adbcbc3b494a26cf0dcf681b533ae730122e4e (0.02s)
    --- PASS: FuzzBn256Pair/93635f906d2035cd6459c6097cd130f61d4631d7 (0.00s)
    --- PASS: FuzzBn256Pair/99502605dbb823fd653fe830195125aa36e955d1 (0.02s)
    --- PASS: FuzzBn256Pair/9ad909a7b484d372d509c1b08ef4f47b14a656e2 (0.02s)
    --- PASS: FuzzBn256Pair/9b8a36666c085872ac09bedc265b3175cebfe51a (0.02s)
    --- PASS: FuzzBn256Pair/9ca53adfba1d8f1e50c19b06c7e83e56c20ecd96 (0.00s)
    --- PASS: FuzzBn256Pair/a0e34c20f85d5ce0569ecec474f68d6f7d121841 (0.00s)
    --- PASS: FuzzBn256Pair/a1733f3b62ad7140e67b4115a612d78b1b820c94 (0.02s)
    --- PASS: FuzzBn256Pair/a43821b0696ca1981c06f166a7489f7669b85573 (0.02s)
    --- PASS: FuzzBn256Pair/a4b9a16631a25b27a0d88843a2e72dc5796398db (0.02s)
    --- PASS: FuzzBn256Pair/a5ec3bef6bf4a06e7241ab0b7a86f2c693e93830 (0.00s)
    --- PASS: FuzzBn256Pair/ab771b340a58a84dc3e1af30cfb3d8591c961e42 (0.02s)
    --- PASS: FuzzBn256Pair/b28b1b279f83c2b76cf6e811f7734123b7aa6d7a (0.01s)
    --- PASS: FuzzBn256Pair/b3ffd0e8e9410e15048634ca39b587a1b96434a2 (0.02s)
    --- PASS: FuzzBn256Pair/ba39edbae4e3a91290b1603156290f52b26b917a (0.02s)
    --- PASS: FuzzBn256Pair/be590eeb97df68f9835c0db191ae153236463c84 (0.01s)
    --- PASS: FuzzBn256Pair/c2650cc02e1a3d4819be4243d0f8f8e3b7d8c48a (0.02s)
    --- PASS: FuzzBn256Pair/d212a9a297562901ddca225b7c0c87691a79d367 (0.02s)
    --- PASS: FuzzBn256Pair/d7e8ac0c185fcf78f52b712a2f7b8950fe886ffd (0.01s)
    --- PASS: FuzzBn256Pair/d7f41cf978eb133480a104f42c9f898983709d76 (0.02s)
    --- PASS: FuzzBn256Pair/db09b65514f432a0a0256a27d940a6d79192b35a (0.02s)
    --- PASS: FuzzBn256Pair/dcd41d33010406154d04f3572273c50f4138e13d (0.00s)
    --- PASS: FuzzBn256Pair/dd5fedbe08e3bb19e7a3d7ec2b17ff3d0d4d7d48 (0.01s)
    --- PASS: FuzzBn256Pair/df560af9ec878c3b21b88686151e2515190451a8 (0.02s)
    --- PASS: FuzzBn256Pair/e75e87ebea0eb58fbca2abeed43c4c6aa56c5a57 (0.02s)
    --- PASS: FuzzBn256Pair/e761d47c0bde2d22ea5c4fe072e1c443a9329f20 (0.01s)
    --- PASS: FuzzBn256Pair/e842ab0b1701b55c5660689278a249408909ddb3 (0.00s)
    --- PASS: FuzzBn256Pair/ebf08229a2ee30fba3d3bb46c4517bcd04a304f8 (0.02s)
    --- PASS: FuzzBn256Pair/f786310cd668c2ed1e3a79b6a26be3a676dd850b (0.00s)
    --- PASS: FuzzBn256Pair/fb3c6e4de85bd9eae26fdc63e75f10a7f39e850e (0.00s)
    --- PASS: FuzzBn256Pair/fbf65b928a1a424d7bf95820c6c0bf8d7cb6f5c8 (0.02s)
    --- PASS: FuzzBn256Pair/fdec3a2d297aea48644645e25b5a31eb5c33dd1c (0.00s)
PASS
coverage: 65.6% of statements
ok  	github.com/morph-l2/go-ethereum/tests/fuzzers/bn256	17.261s	coverage: 65.6% of statements
