=== RUN   FuzzRangeproof
=== RUN   FuzzRangeproof/007ade9b2c34f513d81d53a5041fe0561c1e8bbf
=== RUN   FuzzRangeproof/02f3278f9e95d383a970435722377335ddde342b
=== RUN   FuzzRangeproof/0356f6f34027939d288052cb144d27013f334d0e
=== RUN   FuzzRangeproof/03cf4b335bdfa93082fb4ce1fb12cd9aac92391a
=== RUN   FuzzRangeproof/069768238f7b85b82e72d502ce0e208def753525
=== RUN   FuzzRangeproof/084867ee0cb0d3312f96b0c7860f57f3bf6e43a1
=== RUN   FuzzRangeproof/086a7fdb0b12659a188deb2a6946ae7da9db92ef
=== RUN   FuzzRangeproof/0896693cf63978d563d7434c3b7c13dfa477c852
=== RUN   FuzzRangeproof/08d9fd2d288436f6eaf7b6f16f36016abc0f7a12
=== RUN   FuzzRangeproof/091385be99b45f459a231582d583ec9f3fa3d194
=== RUN   FuzzRangeproof/0b11bc6da3d5e028b31072f13df3d27bfd72dede
=== RUN   FuzzRangeproof/0b158c74ce3c3661cc7b3b4921e481711909de7c
=== RUN   FuzzRangeproof/0f4ae952ddead79c04c807bfee9eee5b564ceeb4
=== RUN   FuzzRangeproof/0fbdef3c40728da25ebe6dee5a1afa5e6e11ad53
=== RUN   FuzzRangeproof/11842daf380781d1a439ae111959afe9619fab14
=== RUN   FuzzRangeproof/11fdd679b783b675b3092f54580e77a1356b2f06
=== RUN   FuzzRangeproof/14093b66d11cd1830157b4fd9672087583cd4a63
=== RUN   FuzzRangeproof/1412bb20633623b3b4249bb4e5f4cba2cce096ca
=== RUN   FuzzRangeproof/15204d1a6cd843e71bb5ca3bf8ebad8edd0f6d97
=== RUN   FuzzRangeproof/1546a1e9c42c7edbbc791fa71ec87bfb21f9faa3
=== RUN   FuzzRangeproof/1585e010ed57b290b1247bb5cd70f45036bea1ce
=== RUN   FuzzRangeproof/162eb70c246d3fc1c669f8c5d8698e244a485deb
=== RUN   FuzzRangeproof/16459f9a1a19633e8776221bdcbb7df52d133c1c
=== RUN   FuzzRangeproof/16c49319b1e8fcbbbf8cd91782bd4f044b3d9c7c
=== RUN   FuzzRangeproof/171ec91a29ae2797b36101f32f9cbc5b86218df2
=== RUN   FuzzRangeproof/181202280297db1fb1b3e140f0312c5bdbfe8e3e
=== RUN   FuzzRangeproof/18e4e6e08152dc5857ca9cf12b46154bf038ad8e
=== RUN   FuzzRangeproof/1933e4095f7b967c4c2756fb3a1345795c3478bc
=== RUN   FuzzRangeproof/1b8355d55195258adaee8eb7931a2556d470a833
=== RUN   FuzzRangeproof/1bcef0427fd7ce90ea0be80ac6207dca62acc792
=== RUN   FuzzRangeproof/1c890d999ed15e542ac71a535ffada3f00bea1df
=== RUN   FuzzRangeproof/1ce88939c3f3034491c61a214fac28bc698d88d2
=== RUN   FuzzRangeproof/1d08d8a379193c21832a4346d0b738bd35c90390
=== RUN   FuzzRangeproof/1d73c836c86c61141b5f3a33f54e961dadfe5c81
=== RUN   FuzzRangeproof/1da2e1724e32d62286d192df08de2a796354d6a9
=== RUN   FuzzRangeproof/1f631c623ef15f19d42846d63de45061d2fb46ae
=== RUN   FuzzRangeproof/1f757494ec017784b9c5e252b394a7b11d61142c
=== RUN   FuzzRangeproof/1f86a2a33f6219acb69490f9d37c2b8acb3d5e18
=== RUN   FuzzRangeproof/1fd521ecb86a9b70ba998210f948b31459702b4a
=== RUN   FuzzRangeproof/1fd6d9e4f250a9747b564c251947238c1470686d
=== RUN   FuzzRangeproof/1fd93291efdb4134b3b4fb22822a0f6951c499d6
=== RUN   FuzzRangeproof/20a596f3b5fbcded0deb944b1389d2137ee609a6
=== RUN   FuzzRangeproof/20a8512da62bc297c299a7528e3d1d79377dfc7f
=== RUN   FuzzRangeproof/212f135efa9729d993141bc37d81c781a51471c5
=== RUN   FuzzRangeproof/2153019b92e0d04f2677480d408078495f039b4d
=== RUN   FuzzRangeproof/216f7ea3e98e213988b6cb271d35795c97ae536b
=== RUN   FuzzRangeproof/221cb31126321eb3c84b55671ebae0865a8a3dba
=== RUN   FuzzRangeproof/22a50b1e6e3b2bb8b9cfc1ed1c3abeceb69b162a
=== RUN   FuzzRangeproof/240bfbcb677ce8ed5899e6f244decd111607c60d
=== RUN   FuzzRangeproof/24768469f4f4c643ac7b89e844675e4914158ebf
=== RUN   FuzzRangeproof/24a4002873e468002f068d85f9bfb52a2be8b514
=== RUN   FuzzRangeproof/25fa30d6776be07d2867056f6e7aa087be4ed407
=== RUN   FuzzRangeproof/26b196b2e4812b6cac558ea52b0c09d42b9c5e43
=== RUN   FuzzRangeproof/271bc6051230c79acb40648721cf0ae0b0490d1d
=== RUN   FuzzRangeproof/27ac22b4d3ab667372a620c5d752ed46ff13f80a
=== RUN   FuzzRangeproof/29b67900dc2c4a569d8f136fc4da93e993bd3966
=== RUN   FuzzRangeproof/2a2720456e7815643336ffe4da314b9e594d0141
=== RUN   FuzzRangeproof/2ce99d2685001d701df43a0a1359be3c88acec82
=== RUN   FuzzRangeproof/2e34124e5f5d677e1742abf262a7b0c80c595ded
=== RUN   FuzzRangeproof/2f4297bdbb5fb769cca3e5803adbb2f41e524c6e
=== RUN   FuzzRangeproof/2f8b2c6b7c967865dc440619bc958899b9ac0ee7
=== RUN   FuzzRangeproof/2fc1821f2657b041c3a92bd67e50b501252ec298
=== RUN   FuzzRangeproof/304448dfff73acfa22a19a5eecdf89ce1b5091a6
=== RUN   FuzzRangeproof/306167301224e6af55856d2734eaa3a701ba901c
=== RUN   FuzzRangeproof/3083504c564ec53fef1ba6ddf777df0e94755ed3
=== RUN   FuzzRangeproof/31cfb52b55a9a698481c0fa31e7662c238c3a377
=== RUN   FuzzRangeproof/3225206b9a2e7ec280dc9e1c116db351807a37fd
=== RUN   FuzzRangeproof/337393c08d1cdcb922feff5750eae62edb927885
=== RUN   FuzzRangeproof/338d2f1b4520b82bdf9de4bbc6f93257b6d12b5e
=== RUN   FuzzRangeproof/347728190ec596c4e76b3f7e67b155d47461f12e
=== RUN   FuzzRangeproof/35bb2e51a137080513fce609f3446c2829481699
=== RUN   FuzzRangeproof/36c0093c359c367e955190888277b2aae63adf8b
=== RUN   FuzzRangeproof/373d66527ea211f69502ee0a76cd460e40ca8830
=== RUN   FuzzRangeproof/38d890201a1cc8eb1e1bad307867571b9988323e
=== RUN   FuzzRangeproof/38e33c9ab3b3908f862065828200e2b674b4374c
=== RUN   FuzzRangeproof/394762df0636f77ac86904cbe2eb62ceddad3f1b
=== RUN   FuzzRangeproof/3af5d78ee9a9be0c14176d3ed4b632f6b5baa5aa
=== RUN   FuzzRangeproof/3b31a4d9f7d7a81ed758d6c61b909a9d295690dc
=== RUN   FuzzRangeproof/3dc05930c7b9e13d0bcfd14cabb1d40b27a08d99
=== RUN   FuzzRangeproof/3e02588bfabc452e53a6c1006d25ca370f412719
=== RUN   FuzzRangeproof/3e22ed18abc455c06265c1ada786061fc0f47186
=== RUN   FuzzRangeproof/3f509c5c73c67d4af3d22f72b56500deae3ccd25
=== RUN   FuzzRangeproof/3fd268cb9baec0ece5e20d4c9e10e75ab93f0613
=== RUN   FuzzRangeproof/402008d197dce77ef8e4c4787d79daec150bf37c
=== RUN   FuzzRangeproof/402589058ee243de90d97a5c3398281c680f1cee
=== RUN   FuzzRangeproof/40f3d54d19504800275f98dcc359d9be87d560a9
=== RUN   FuzzRangeproof/41355ba8f0fd48ae44d318e7659c47c805f47e57
=== RUN   FuzzRangeproof/420be5c862813e0f2f78082d8d22b18a3dcd4a57
=== RUN   FuzzRangeproof/4499f50f17b963cc78f970ec3726bd819fb886cd
=== RUN   FuzzRangeproof/4506244dd7c66c8636535192ead42eea2bf9da92
=== RUN   FuzzRangeproof/4521686be14a679c3503c9e0e1b1aa6dd6984fd1
=== RUN   FuzzRangeproof/452e2d3bd4d86e2786e582ff938f858ea46719a7
=== RUN   FuzzRangeproof/45b18a22334516054d44a68dc17703c5f9861801
=== RUN   FuzzRangeproof/45f70a68a104a8cc7edf671f4fc8c1ea096ee23e
=== RUN   FuzzRangeproof/45f952330f88bdc9aa2477c963fb2b2b167afc06
=== RUN   FuzzRangeproof/471496cc2a5a80a85060ed89ee59d7de787fd438
=== RUN   FuzzRangeproof/4730bb8b5c2ff2945ac1c13efbc4d9eb682cf1ba
=== RUN   FuzzRangeproof/479461af9b2c46e35117e08c89b11a0447ebe421
=== RUN   FuzzRangeproof/47ea8a32a5b631da1d6f826ae818c36e7d534038
=== RUN   FuzzRangeproof/4957237ba95b1084a72afffd25d7ea1e257664ec
=== RUN   FuzzRangeproof/496b7a7d311cbc53430da547376559a87a57406a
=== RUN   FuzzRangeproof/4bfeef6d74204f371d8bd898179a60e58f2b7f6f
=== RUN   FuzzRangeproof/4cc2525ce499681642d640be77f861247c90efd2
=== RUN   FuzzRangeproof/4d00eb626c6889565b97255ca65e756ab197d3bb
=== RUN   FuzzRangeproof/4e6cf05f54245fd3f90d0f43c0609717bc36e850
=== RUN   FuzzRangeproof/4ffe55ea757b59696cfaf65e3be0474741220534
=== RUN   FuzzRangeproof/500fe1f894d11e57153b30c4d4c3739aa03e92f6
=== RUN   FuzzRangeproof/512eeeaf2b75bbb2764580f95e910ba16071ae9e
=== RUN   FuzzRangeproof/52915ff7b5be0ab7bf2f3a764c8c6b9ee3bd1f7f
=== RUN   FuzzRangeproof/5313dc6aad35fd9ca5bd3ef320b8f4d4f1634536
=== RUN   FuzzRangeproof/534d86d29c01190e10ac8724dc3f1405986f77d9
=== RUN   FuzzRangeproof/538a60c5dbff91796005526121c70a15cb3b3936
=== RUN   FuzzRangeproof/53c971c18c8296c594e47a0a3e0f5460890df8c5
=== RUN   FuzzRangeproof/53db9b5031d943026ead7bd5660d8aaae07f7b5e
=== RUN   FuzzRangeproof/54a3ed0aa931b8a2c6666be8f3460ce0c9cde050
=== RUN   FuzzRangeproof/54cb9714d78d9968e66ebb2a59f6f2c4d57fe86c
=== RUN   FuzzRangeproof/561db4eaad176d458db35e03dc4ad9f071728c72
=== RUN   FuzzRangeproof/5729a4476adc2d1cdae46804d29d0b502e5971a9
=== RUN   FuzzRangeproof/580122640369b1b077364de2db3dec1a8ddb8a15
=== RUN   FuzzRangeproof/5825084e15a776b9871499a361df8aca0ac4fdab
=== RUN   FuzzRangeproof/5976bc364972ca02755fe37e787aec8e40f4f5a9
=== RUN   FuzzRangeproof/5aa47ffced527c73691dae1f366eacd15cdb745c
=== RUN   FuzzRangeproof/5ab48343cf3c92404e6338c0ec9f3fad0f717360
=== RUN   FuzzRangeproof/5b2f248b8fda3371e96baf70029767541e89e8e3
=== RUN   FuzzRangeproof/5b426c1799e48619febb530c7e835f29700d60ac
=== RUN   FuzzRangeproof/5c06d1e776540c27e67c9b61787395a526e4b9fc
=== RUN   FuzzRangeproof/5c0cae4e7d42dca33b36685820efbf13d7aa541d
=== RUN   FuzzRangeproof/5c87ea0c622c52e66aaf3661cc654a6a185c46e7
=== RUN   FuzzRangeproof/5e8240866076eb4e8b23edcc07556ec675823aa5
=== RUN   FuzzRangeproof/5ee28f8f20e8ff72761848252f95d85a1ab6aec3
=== RUN   FuzzRangeproof/5f4d683c0f0a5b1e0bd4ab1bcb92a760e71b531a
=== RUN   FuzzRangeproof/61b0bc4666165e0d2824bf6d6377fd374a18e91f
=== RUN   FuzzRangeproof/62716a5641006de88bbbc138f77e62c515d7304b
=== RUN   FuzzRangeproof/634270e026adc5c0605e3c3cf94c53ded396aa3c
=== RUN   FuzzRangeproof/634a396359580952367a7e08f7ae7e72150af792
=== RUN   FuzzRangeproof/6400abdf1aebc20028de6ec731821b4439ea7e9c
=== RUN   FuzzRangeproof/64135e7a7ffd9d4a506c7cb97b978a824106d168
=== RUN   FuzzRangeproof/65a4e321c7875bee6992440b7b6fc807b6032f5e
=== RUN   FuzzRangeproof/692ee8050ebadb278f7fdc3fe874a5c5b6d7af55
=== RUN   FuzzRangeproof/695d82a44a1bad58860484afd01c7bca4702979a
=== RUN   FuzzRangeproof/6a9704c6b02324b9df006487067c371e7793d500
=== RUN   FuzzRangeproof/700b4c650d2e5e7528e8f4b253e62998683bea31
=== RUN   FuzzRangeproof/714c7856b80927661da9e6b525f619630a790b71
=== RUN   FuzzRangeproof/71811b0c18f3d87ed0ca23fbfe813d949a3e065c
=== RUN   FuzzRangeproof/71e83239a5a0279947cbb21dbe5dcf97d922a037
=== RUN   FuzzRangeproof/73913020bb09e4e8a9834b07c43e643b6c332c7d
=== RUN   FuzzRangeproof/739d65fb14e3703b4d97947190d6867b56bdc343
=== RUN   FuzzRangeproof/73c3faa68cd70a6b7ce1e85b0f43d91713512bf6
=== RUN   FuzzRangeproof/74562623d15859b6a47065e0f98ce1202fb56506
=== RUN   FuzzRangeproof/750fd9a03114bfc2513059ec456b45f093a3ea83
=== RUN   FuzzRangeproof/75ffdaabebbbf226bc142fcb806a8acbef914626
=== RUN   FuzzRangeproof/7621d99c477a30566502e581ccba253a5b55dac7
=== RUN   FuzzRangeproof/77745e11c9a18b2b457a2ae291d31eb2a99be0f4
=== RUN   FuzzRangeproof/77b880f6cf306e07846ae928030e128aca8661aa
=== RUN   FuzzRangeproof/78419ea1dcadda13fa453b64895f03b1e0be5af3
=== RUN   FuzzRangeproof/794c96b3205abbc387b4688630d28bb82890973b
=== RUN   FuzzRangeproof/797ff3e8baf4b8d196607f43dbf963596a9b7a39
=== RUN   FuzzRangeproof/7a0391a46aeba4e411cd0052a50a6e123c5a0ac4
=== RUN   FuzzRangeproof/7a82a4f500c8e86cf35507cbf007e7fc39b8295d
=== RUN   FuzzRangeproof/7c04f14a00955404c506b14a90ced1abdc601b0d
=== RUN   FuzzRangeproof/7c2b908e874cfce7d93695a9ad170a089f5f9794
=== RUN   FuzzRangeproof/7d66f74170a0804bdb34d17885d3dbb2f48293f9
=== RUN   FuzzRangeproof/7e8e65f93c7adc38d72c9e3e12b2571b29d114c0
=== RUN   FuzzRangeproof/7ebb1cb28f0fdfdcc3bbb3338c5fbdee322a6738
=== RUN   FuzzRangeproof/800966732d20b77206577fe552c315109f38d4a0
=== RUN   FuzzRangeproof/806ff887ec5b99197cf90031e78d3210d72466c2
=== RUN   FuzzRangeproof/80dbcd17dc5a27277b5497111eb15341fd30e6d9
=== RUN   FuzzRangeproof/818c5ad3f117f8aa5ac51576eedf79d1085b44ed
=== RUN   FuzzRangeproof/837931676b34682b0c65c344fe41f83caf188439
=== RUN   FuzzRangeproof/83dae0cb1fb817fe86286e1ef8dfa0d0a7aeb94f
=== RUN   FuzzRangeproof/85bf1431caf16582af83dcdc731bf80a9843f197
=== RUN   FuzzRangeproof/85cf04c63f81907e7bb0c9078102e0be7f18aec1
=== RUN   FuzzRangeproof/8702f2ff28e374c79b28009f7f252456bea824c7
=== RUN   FuzzRangeproof/887dd28099ff95e8182d7df3de533f8be89701ae
=== RUN   FuzzRangeproof/8960fcf45639119852a6fbacd7f8624630c04be6
=== RUN   FuzzRangeproof/898c2ef68e87ccb67c6e5dc1f2af0cf3135b8c59
=== RUN   FuzzRangeproof/8b05f7dd9afc10f61cc85e21c8b9b9801c2c4676
=== RUN   FuzzRangeproof/8b1f4667ae3e83c7cf221842939311f9cac9ceb4
=== RUN   FuzzRangeproof/8d5e18255773e9a54703fdc6477d0d11d581a171
=== RUN   FuzzRangeproof/8d8f2767749831b0f347dd72aef0208cd85c313f
=== RUN   FuzzRangeproof/8e05ca38b4dff2c3277ac9e69be3ad3c605b1672
=== RUN   FuzzRangeproof/8e52b59c142ab4610c629a214baa5c665d1530d7
=== RUN   FuzzRangeproof/8ea858dfaf80e5ad2c0fb826c123c54a424674e8
=== RUN   FuzzRangeproof/90082d5f39c306d701936c7ad4746fb297fc80d6
=== RUN   FuzzRangeproof/90c2488153a3cad4c97b862d39f2bad938022882
=== RUN   FuzzRangeproof/92c076652ab4948202118344bd520c823c878b01
=== RUN   FuzzRangeproof/944f91563a992dd780524f3466c06205e79d5266
=== RUN   FuzzRangeproof/946600363e80c8c15e8248aa534629b230548d02
=== RUN   FuzzRangeproof/947b96d58966af9f32b1b2c630f7377e8ecee7c3
=== RUN   FuzzRangeproof/95538a29332724d0e4b10b286d5c36b713d7b41a
=== RUN   FuzzRangeproof/968d353f821c38234dd58bb3193094ac935ff230
=== RUN   FuzzRangeproof/972f7070bc56b84c9b73052cdc87f3fb9040ced8
=== RUN   FuzzRangeproof/97e95b3572a78acc39958b5b4f531765fbb384d9
=== RUN   FuzzRangeproof/98f224d7f90c683b42f3ef0873eb6e66810df882
=== RUN   FuzzRangeproof/99415a96c01177152df751613914fe894f0ab2dd
=== RUN   FuzzRangeproof/99b6d406a1d4f52f837f56fc856d703804d9c2ff
=== RUN   FuzzRangeproof/9a25b4e9808be6aa85ce6b28fa7775bceb23b085
=== RUN   FuzzRangeproof/9a4bcdc632e4b5f81c8d484cc0076352d3499f65
=== RUN   FuzzRangeproof/9a4bd661046bccb358ba558fb5caf74de94dec3f
=== RUN   FuzzRangeproof/9a502060fee8efc5edad35c7cf77dae742450a95
=== RUN   FuzzRangeproof/9b3ea271711c67141a12c40f133f194e1dae709b
=== RUN   FuzzRangeproof/9c05e93cf9c33aeae9bd01699fe41821581abe37
=== RUN   FuzzRangeproof/9ce32b713cb137430d72deec879610854880b22e
=== RUN   FuzzRangeproof/9cf6e39e07ec9a0c85dbdc4ceb2fa816b12009e8
=== RUN   FuzzRangeproof/9f3d8fe8ae51d0c268be000f80d1d1d8ca9247a6
=== RUN   FuzzRangeproof/9f8d295e99727a9f5610f2198fc2a04a68de7479
=== RUN   FuzzRangeproof/9fdc5c27ce9fdaec83c587132d2c89fc63bb4406
=== RUN   FuzzRangeproof/a0ac638fc5cb671707380ad5bd22d9d1ddd3a20d
=== RUN   FuzzRangeproof/a280041f5b426ae72bb72d07f026f24b22933d9f
=== RUN   FuzzRangeproof/a3184eb0a30c319a278beb090bc64efa49ffa21f
=== RUN   FuzzRangeproof/a4172d3eaf19caa96bd8b1e97cb3dc47e9408713
=== RUN   FuzzRangeproof/a529e6b2324adf310d8a62b7d6d6d7ccc41621d0
=== RUN   FuzzRangeproof/a60c4f8dc7656d939cb840232c4bfc164924f4f5
=== RUN   FuzzRangeproof/a6c39c6baa8b87181dd82344b05ee0dbfab96023
=== RUN   FuzzRangeproof/a77c4f97982c9276023bf0357776f126591278fc
=== RUN   FuzzRangeproof/a85cccba36138642d3d203b92313792717a2633d
=== RUN   FuzzRangeproof/a890a9f7fab3977ac6a53d6c31770647612ba623
=== RUN   FuzzRangeproof/a9b88c3b822d427ed6ec7feffd41aea6a25012d6
=== RUN   FuzzRangeproof/a9c38b7d9a2c22786a2d5b770704142f47e3118f
=== RUN   FuzzRangeproof/aa99d5ec31af42ce1f1324e3355692a8cba13374
=== RUN   FuzzRangeproof/aaeab6d82d79e2c889d696e881b04f76ec4265aa
=== RUN   FuzzRangeproof/ab0c0bd0f6d6a5c239b560c44e6cf57c00dbc8fd
=== RUN   FuzzRangeproof/ac498b3d4e9c7942490f5b11d127244bf1049fa3
=== RUN   FuzzRangeproof/ac95f5f42b723bee1d4e191511e91560f8ec9058
=== RUN   FuzzRangeproof/ad59d97891b6da4f829844c2dea81a6125f61a3d
=== RUN   FuzzRangeproof/addbd6170b8cb3e2b6d752247a21469e385ba6a3
=== RUN   FuzzRangeproof/aefe08b3c63cb932a3623d73774c12ace7b1d493
=== RUN   FuzzRangeproof/af0fcec1a2097b45d7433fa7fcea327d004742b6
=== RUN   FuzzRangeproof/b10de57c3f502aa19b1c3049639dde9e5166f79a
=== RUN   FuzzRangeproof/b18d3233e4b1369e44719c60da48b163e28d1bcd
=== RUN   FuzzRangeproof/b1a135dccc7336ed72cc529497508c794d981a08
=== RUN   FuzzRangeproof/b35f7f49b62fd40d468c0031d20301201a508811
=== RUN   FuzzRangeproof/b4aba2a1f28dc7386ec45bd03043b01fa9d27173
=== RUN   FuzzRangeproof/b4e84f231cb0f52d8671a6653cb1401a5ea4a5b8
=== RUN   FuzzRangeproof/b53f87f4b6eac807b069d6dfa98463ae813e7270
=== RUN   FuzzRangeproof/b55055bb5108904d2b3d9d9639ead3c076519a91
=== RUN   FuzzRangeproof/b5e43067cadee8b2e8a11b1c676613bfc315936d
=== RUN   FuzzRangeproof/b7af2c4eb6ff56d0880f051708e94bf2a275d72d
=== RUN   FuzzRangeproof/b81157bd0819fc21cecf687290bb7603a752ace9
=== RUN   FuzzRangeproof/b82441cf410bf227fc78f7e331ca51783fcd7d4a
=== RUN   FuzzRangeproof/b87849d04394fa611d074c4eaa7928f0a5141e3b
=== RUN   FuzzRangeproof/b8835fbdb8460781222393caec438cfdd4f23b9e
=== RUN   FuzzRangeproof/b95b3237a98049c1b9236cf46322959f901f6ea8
=== RUN   FuzzRangeproof/b966043e23bb88f0bf91bcdb0efca5d653aa5bba
=== RUN   FuzzRangeproof/ba3e669b18eda30a4e609f068c979dd35a598d42
=== RUN   FuzzRangeproof/bae062c10d3c38223313999a588545b0e04c6c7c
=== RUN   FuzzRangeproof/bae0ca8152bd24b8d33b842e1618b05a2454179b
=== RUN   FuzzRangeproof/bbd1274a7f170290b4e920b3d0bdda89d6c8780a
=== RUN   FuzzRangeproof/bc32ae3349d90b5794758eeb6c4c3369352161da
=== RUN   FuzzRangeproof/bcbcbea028501ac593ee116770848d04c476a474
=== RUN   FuzzRangeproof/bcc8b6a1ee80e0784c2e843fb00e7c7aeb14b906
=== RUN   FuzzRangeproof/bcd023cf2acf528a97af47e7ce03f961b125db4c
=== RUN   FuzzRangeproof/bd14a1c067a485ba2e33c52cbb65ab630735e921
=== RUN   FuzzRangeproof/bd1ce47ca906d3583ab59d6dbca97f0f7db4b418
=== RUN   FuzzRangeproof/be122e361d8d4d78ab6fd3d4ee0db976721aabbd
=== RUN   FuzzRangeproof/bec3c910361031440a318a2d332de6554f9be009
=== RUN   FuzzRangeproof/bec901fbb2ee3236ab18f20f798dee24b69f5619
=== RUN   FuzzRangeproof/c0a6ad27103281b84499cbd21d6d8ab2269cef2c
=== RUN   FuzzRangeproof/c17174acebd3c9b293d84b97cb27720e96bee033
=== RUN   FuzzRangeproof/c35cee1ff3edf45d2ab4e880fbfeef284c185a61
=== RUN   FuzzRangeproof/c41a26ab0b4c7098636b788cd2404a1bc83f93d1
=== RUN   FuzzRangeproof/c489f1e94d95ae2617424c2b01d844956e30bfa3
=== RUN   FuzzRangeproof/c54a034d4c7d25da26345071397ca0e480097fa4
=== RUN   FuzzRangeproof/c6d8d1f8ae94e71716779736946500e19da6dd40
=== RUN   FuzzRangeproof/c7498cf7116adbd39a56d88e95d854db960042eb
=== RUN   FuzzRangeproof/ca618c707f30d678d4d7d537f8acfc0477a811dc
=== RUN   FuzzRangeproof/ca8fe5729603c292542b6b80cbd173352cc150f9
=== RUN   FuzzRangeproof/ca9134738e9c9d4aecdfc8cdf3c2fe02ea140ab7
=== RUN   FuzzRangeproof/cb37aa462fed9fdce5502e1388202c475aa2506a
=== RUN   FuzzRangeproof/cb4fc154b183ea7cc291c5a21132567e4d2b3d58
=== RUN   FuzzRangeproof/cb542c63b74906266044c613e3295ab60c7b0564
=== RUN   FuzzRangeproof/cc35f4d0a88579ac264299d05ec1ed09dec4dc92
=== RUN   FuzzRangeproof/cc5dac58c5b74da2f23322b6f316dd2861f18278
=== RUN   FuzzRangeproof/cd820de83e58a82814f266087954323f741c2420
=== RUN   FuzzRangeproof/d1956b58851fd4977b7be952c5e120db8ff37030
=== RUN   FuzzRangeproof/d29fa0a64b39e23a99182ed451f1dc18836b2e66
=== RUN   FuzzRangeproof/d3111523d01203bcb94cca729201874745243a56
=== RUN   FuzzRangeproof/d4074b7e37b55c78670a74c62cb8eb0b21928297
=== RUN   FuzzRangeproof/d411c53c54c045361dc913c0dce386576cf846f5
=== RUN   FuzzRangeproof/d48a0a5421a211b0de56e8fb797d45f826d0ff61
=== RUN   FuzzRangeproof/d539043c373f9bac3b164c219dc951e28a961c6c
=== RUN   FuzzRangeproof/d5a9e1fd49c7fd8194c68bfd0876602a7d4a59bf
=== RUN   FuzzRangeproof/d6271442879fedd3a631bf0842f89f0ee7c98eff
=== RUN   FuzzRangeproof/d632340461b7e5fe5c78f68ad23e20c89a839961
=== RUN   FuzzRangeproof/d671716e7f5a764ff81ae7ca48cfb8e05406347a
=== RUN   FuzzRangeproof/d77b8a7be04dd0e636792eb8ba7ccbe7ff9b5dd4
=== RUN   FuzzRangeproof/d8f0b9d3439aaa2d0c0d24dfc921f183db2d105b
=== RUN   FuzzRangeproof/d9392e7865fcc53c5cb77be789d354f01752c457
=== RUN   FuzzRangeproof/daf2dd99eee417123adbe1c87cdf1a4949d4faef
=== RUN   FuzzRangeproof/db1f65aba38ff6c5189708a9bf8e6c5d79f71b80
=== RUN   FuzzRangeproof/db66a6649401ac9e348ccff78abb3369e9ad9bf5
=== RUN   FuzzRangeproof/dc453f3bc25fcc977dea111353e65f4b42293b8a
=== RUN   FuzzRangeproof/dc894886a6554b42a0ee938ab9f8ce72406e85fe
=== RUN   FuzzRangeproof/dd6bd9dcc69b9311a999222349bee77685baa68f
=== RUN   FuzzRangeproof/ddc5249089afd95c3df44a5dc94e5cb56addc7a9
=== RUN   FuzzRangeproof/dec18fd0f510d56d314bcb4f31fb00ff7d36526a
=== RUN   FuzzRangeproof/def64b541816d163b5b503f66fe6c53ec1b74e87
=== RUN   FuzzRangeproof/df6bc368008dc46d24017f0f358f43716761b8ee
=== RUN   FuzzRangeproof/e0158b7285c77f043bbda1b7633b752d1da69cc3
=== RUN   FuzzRangeproof/e125cdddd66097ac9ccc44e04a284265104084fa
=== RUN   FuzzRangeproof/e1f4b2665f23536b9a0539d8da97a65beb9b23ff
=== RUN   FuzzRangeproof/e3fba1a445d2f657fda562972f220ceca030046d
=== RUN   FuzzRangeproof/e422536c6a53b258f0f5b87d158eb11c76e6d95d
=== RUN   FuzzRangeproof/e529686274dba6086ca07f9ca26a4262207e2f55
=== RUN   FuzzRangeproof/e5bb3eef15986a3e3ef6e344a669f0fcaa583a66
=== RUN   FuzzRangeproof/e7ce1191999c89cda43a2a87eccf4e1f3a826cad
=== RUN   FuzzRangeproof/e7d9c3d3024570c3315a5e0dff62a06b72d86fa8
=== RUN   FuzzRangeproof/e7f73a99f277cb0b046642b4f92fb5c573d6abac
=== RUN   FuzzRangeproof/ea9a836b6c0b251ae849366f065034be4513d592
=== RUN   FuzzRangeproof/ea9cb2e295f3a2cae954aeb4de68549323bae897
=== RUN   FuzzRangeproof/ebd9d953f3efd2825ee8c71cb5a1d23d1c09e3c6
=== RUN   FuzzRangeproof/ecf17a002b324694a7d177e8db16ed21637540a2
=== RUN   FuzzRangeproof/ed481c80c9ebcb5d5f7a0b2c3c65bf3c61116723
=== RUN   FuzzRangeproof/ed4910ae51168309afcef6fee0a34a84465f0faf
=== RUN   FuzzRangeproof/ee2b428e203461f6a6a81187c0b7b8c1269863b2
=== RUN   FuzzRangeproof/f12edb0e692ca53bc43488171af6e1451f8054b0
=== RUN   FuzzRangeproof/f3c90bf423a85b0a5b088579cf92cfb516517aac
=== RUN   FuzzRangeproof/f4b400665a123936f157824b3b6d04c76d50c2b5
=== RUN   FuzzRangeproof/f505137fc9aadae3a3acdf96041d53156d83a1fe
=== RUN   FuzzRangeproof/f5316eaf8fcc504e02eeee7e63f47a9e4ecb8376
=== RUN   FuzzRangeproof/f5864064d60d282b4c4099c4ec43399f6006b2f2
=== RUN   FuzzRangeproof/f5c3035b1d5e3082e6cf93121d756a0d201936fc
=== RUN   FuzzRangeproof/f5e1deae8dde67a860d111a516c5f3fac8ef14ad
=== RUN   FuzzRangeproof/f6bedc1a45338d11795b48eebb40ad5d04d36b68
=== RUN   FuzzRangeproof/f9246647cf3ed0e48f209c227158e7762177dbb6
=== RUN   FuzzRangeproof/f928e75a00ac4e5a3e94388b8a61654941594cb3
=== RUN   FuzzRangeproof/fa5fabf2ddaba047941028ee3833ce6938494af2
=== RUN   FuzzRangeproof/fabdab7bc8c887d824499fda46a989cb2de7b6d3
=== RUN   FuzzRangeproof/faef4cb5525dd0e0f9142e8d84b747176bbd6e83
=== RUN   FuzzRangeproof/fb59fb9d09f3ea3bd99ad536ea8c42677244fcb5
=== RUN   FuzzRangeproof/fb887368687cc02d55d5002c63bcc0cd4c618391
=== RUN   FuzzRangeproof/fb8afb21c4ea50cf9fd5d22e884f8f945b7ab6d1
=== RUN   FuzzRangeproof/fc31b909e99b89d25ae2395535d1d86297858aa6
=== RUN   FuzzRangeproof/fc35e5f1b64484f7e31abd2aa12c281bb653e0ef
=== RUN   FuzzRangeproof/fcae9493736c79e8a71e1d5cb8fae7fe01dc330e
=== RUN   FuzzRangeproof/fce50ea666d1dc9c859cc25224b68161f8ef8fa9
=== RUN   FuzzRangeproof/fd357718795a72221b3f73bc8316dd1dde8487be
=== RUN   FuzzRangeproof/fd9f022b1a691cb94dd349823c4edffe8b026772
=== RUN   FuzzRangeproof/fdbfd767c6252cb0f43644daab2c0b4bb27462e7
=== RUN   FuzzRangeproof/feb07bc0d9a2d7e583fea66c4cedd0891f37c907
=== RUN   FuzzRangeproof/fec23ab5cfccbb19991ea78f513cdca932fa8f69
=== RUN   FuzzRangeproof/fee369fc11132dba1ea63b1facc05723a407ae31
--- PASS: FuzzRangeproof (0.29s)
    --- PASS: FuzzRangeproof/007ade9b2c34f513d81d53a5041fe0561c1e8bbf (0.00s)
    --- PASS: FuzzRangeproof/02f3278f9e95d383a970435722377335ddde342b (0.00s)
    --- PASS: FuzzRangeproof/0356f6f34027939d288052cb144d27013f334d0e (0.00s)
    --- PASS: FuzzRangeproof/03cf4b335bdfa93082fb4ce1fb12cd9aac92391a (0.00s)
    --- PASS: FuzzRangeproof/069768238f7b85b82e72d502ce0e208def753525 (0.00s)
    --- PASS: FuzzRangeproof/084867ee0cb0d3312f96b0c7860f57f3bf6e43a1 (0.00s)
    --- PASS: FuzzRangeproof/086a7fdb0b12659a188deb2a6946ae7da9db92ef (0.00s)
    --- PASS: FuzzRangeproof/0896693cf63978d563d7434c3b7c13dfa477c852 (0.00s)
    --- PASS: FuzzRangeproof/08d9fd2d288436f6eaf7b6f16f36016abc0f7a12 (0.00s)
    --- PASS: FuzzRangeproof/091385be99b45f459a231582d583ec9f3fa3d194 (0.00s)
    --- PASS: FuzzRangeproof/0b11bc6da3d5e028b31072f13df3d27bfd72dede (0.00s)
    --- PASS: FuzzRangeproof/0b158c74ce3c3661cc7b3b4921e481711909de7c (0.00s)
    --- PASS: FuzzRangeproof/0f4ae952ddead79c04c807bfee9eee5b564ceeb4 (0.00s)
    --- PASS: FuzzRangeproof/0fbdef3c40728da25ebe6dee5a1afa5e6e11ad53 (0.00s)
    --- PASS: FuzzRangeproof/11842daf380781d1a439ae111959afe9619fab14 (0.00s)
    --- PASS: FuzzRangeproof/11fdd679b783b675b3092f54580e77a1356b2f06 (0.00s)
    --- PASS: FuzzRangeproof/14093b66d11cd1830157b4fd9672087583cd4a63 (0.00s)
    --- PASS: FuzzRangeproof/1412bb20633623b3b4249bb4e5f4cba2cce096ca (0.00s)
    --- PASS: FuzzRangeproof/15204d1a6cd843e71bb5ca3bf8ebad8edd0f6d97 (0.00s)
    --- PASS: FuzzRangeproof/1546a1e9c42c7edbbc791fa71ec87bfb21f9faa3 (0.00s)
    --- PASS: FuzzRangeproof/1585e010ed57b290b1247bb5cd70f45036bea1ce (0.00s)
    --- PASS: FuzzRangeproof/162eb70c246d3fc1c669f8c5d8698e244a485deb (0.00s)
    --- PASS: FuzzRangeproof/16459f9a1a19633e8776221bdcbb7df52d133c1c (0.00s)
    --- PASS: FuzzRangeproof/16c49319b1e8fcbbbf8cd91782bd4f044b3d9c7c (0.00s)
    --- PASS: FuzzRangeproof/171ec91a29ae2797b36101f32f9cbc5b86218df2 (0.00s)
    --- PASS: FuzzRangeproof/181202280297db1fb1b3e140f0312c5bdbfe8e3e (0.00s)
    --- PASS: FuzzRangeproof/18e4e6e08152dc5857ca9cf12b46154bf038ad8e (0.00s)
    --- PASS: FuzzRangeproof/1933e4095f7b967c4c2756fb3a1345795c3478bc (0.00s)
    --- PASS: FuzzRangeproof/1b8355d55195258adaee8eb7931a2556d470a833 (0.00s)
    --- PASS: FuzzRangeproof/1bcef0427fd7ce90ea0be80ac6207dca62acc792 (0.00s)
    --- PASS: FuzzRangeproof/1c890d999ed15e542ac71a535ffada3f00bea1df (0.00s)
    --- PASS: FuzzRangeproof/1ce88939c3f3034491c61a214fac28bc698d88d2 (0.00s)
    --- PASS: FuzzRangeproof/1d08d8a379193c21832a4346d0b738bd35c90390 (0.00s)
    --- PASS: FuzzRangeproof/1d73c836c86c61141b5f3a33f54e961dadfe5c81 (0.00s)
    --- PASS: FuzzRangeproof/1da2e1724e32d62286d192df08de2a796354d6a9 (0.00s)
    --- PASS: FuzzRangeproof/1f631c623ef15f19d42846d63de45061d2fb46ae (0.00s)
    --- PASS: FuzzRangeproof/1f757494ec017784b9c5e252b394a7b11d61142c (0.00s)
    --- PASS: FuzzRangeproof/1f86a2a33f6219acb69490f9d37c2b8acb3d5e18 (0.00s)
    --- PASS: FuzzRangeproof/1fd521ecb86a9b70ba998210f948b31459702b4a (0.00s)
    --- PASS: FuzzRangeproof/1fd6d9e4f250a9747b564c251947238c1470686d (0.00s)
    --- PASS: FuzzRangeproof/1fd93291efdb4134b3b4fb22822a0f6951c499d6 (0.00s)
    --- PASS: FuzzRangeproof/20a596f3b5fbcded0deb944b1389d2137ee609a6 (0.00s)
    --- PASS: FuzzRangeproof/20a8512da62bc297c299a7528e3d1d79377dfc7f (0.00s)
    --- PASS: FuzzRangeproof/212f135efa9729d993141bc37d81c781a51471c5 (0.00s)
    --- PASS: FuzzRangeproof/2153019b92e0d04f2677480d408078495f039b4d (0.00s)
    --- PASS: FuzzRangeproof/216f7ea3e98e213988b6cb271d35795c97ae536b (0.00s)
    --- PASS: FuzzRangeproof/221cb31126321eb3c84b55671ebae0865a8a3dba (0.00s)
    --- PASS: FuzzRangeproof/22a50b1e6e3b2bb8b9cfc1ed1c3abeceb69b162a (0.00s)
    --- PASS: FuzzRangeproof/240bfbcb677ce8ed5899e6f244decd111607c60d (0.00s)
    --- PASS: FuzzRangeproof/24768469f4f4c643ac7b89e844675e4914158ebf (0.00s)
    --- PASS: FuzzRangeproof/24a4002873e468002f068d85f9bfb52a2be8b514 (0.00s)
    --- PASS: FuzzRangeproof/25fa30d6776be07d2867056f6e7aa087be4ed407 (0.00s)
    --- PASS: FuzzRangeproof/26b196b2e4812b6cac558ea52b0c09d42b9c5e43 (0.00s)
    --- PASS: FuzzRangeproof/271bc6051230c79acb40648721cf0ae0b0490d1d (0.00s)
    --- PASS: FuzzRangeproof/27ac22b4d3ab667372a620c5d752ed46ff13f80a (0.00s)
    --- PASS: FuzzRangeproof/29b67900dc2c4a569d8f136fc4da93e993bd3966 (0.00s)
    --- PASS: FuzzRangeproof/2a2720456e7815643336ffe4da314b9e594d0141 (0.00s)
    --- PASS: FuzzRangeproof/2ce99d2685001d701df43a0a1359be3c88acec82 (0.00s)
    --- PASS: FuzzRangeproof/2e34124e5f5d677e1742abf262a7b0c80c595ded (0.00s)
    --- PASS: FuzzRangeproof/2f4297bdbb5fb769cca3e5803adbb2f41e524c6e (0.00s)
    --- PASS: FuzzRangeproof/2f8b2c6b7c967865dc440619bc958899b9ac0ee7 (0.00s)
    --- PASS: FuzzRangeproof/2fc1821f2657b041c3a92bd67e50b501252ec298 (0.00s)
    --- PASS: FuzzRangeproof/304448dfff73acfa22a19a5eecdf89ce1b5091a6 (0.00s)
    --- PASS: FuzzRangeproof/306167301224e6af55856d2734eaa3a701ba901c (0.00s)
    --- PASS: FuzzRangeproof/3083504c564ec53fef1ba6ddf777df0e94755ed3 (0.00s)
    --- PASS: FuzzRangeproof/31cfb52b55a9a698481c0fa31e7662c238c3a377 (0.00s)
    --- PASS: FuzzRangeproof/3225206b9a2e7ec280dc9e1c116db351807a37fd (0.00s)
    --- PASS: FuzzRangeproof/337393c08d1cdcb922feff5750eae62edb927885 (0.00s)
    --- PASS: FuzzRangeproof/338d2f1b4520b82bdf9de4bbc6f93257b6d12b5e (0.00s)
    --- PASS: FuzzRangeproof/347728190ec596c4e76b3f7e67b155d47461f12e (0.00s)
    --- PASS: FuzzRangeproof/35bb2e51a137080513fce609f3446c2829481699 (0.00s)
    --- PASS: FuzzRangeproof/36c0093c359c367e955190888277b2aae63adf8b (0.00s)
    --- PASS: FuzzRangeproof/373d66527ea211f69502ee0a76cd460e40ca8830 (0.00s)
    --- PASS: FuzzRangeproof/38d890201a1cc8eb1e1bad307867571b9988323e (0.00s)
    --- PASS: FuzzRangeproof/38e33c9ab3b3908f862065828200e2b674b4374c (0.00s)
    --- PASS: FuzzRangeproof/394762df0636f77ac86904cbe2eb62ceddad3f1b (0.00s)
    --- PASS: FuzzRangeproof/3af5d78ee9a9be0c14176d3ed4b632f6b5baa5aa (0.00s)
    --- PASS: FuzzRangeproof/3b31a4d9f7d7a81ed758d6c61b909a9d295690dc (0.00s)
    --- PASS: FuzzRangeproof/3dc05930c7b9e13d0bcfd14cabb1d40b27a08d99 (0.00s)
    --- PASS: FuzzRangeproof/3e02588bfabc452e53a6c1006d25ca370f412719 (0.00s)
    --- PASS: FuzzRangeproof/3e22ed18abc455c06265c1ada786061fc0f47186 (0.00s)
    --- PASS: FuzzRangeproof/3f509c5c73c67d4af3d22f72b56500deae3ccd25 (0.00s)
    --- PASS: FuzzRangeproof/3fd268cb9baec0ece5e20d4c9e10e75ab93f0613 (0.00s)
    --- PASS: FuzzRangeproof/402008d197dce77ef8e4c4787d79daec150bf37c (0.00s)
    --- PASS: FuzzRangeproof/402589058ee243de90d97a5c3398281c680f1cee (0.00s)
    --- PASS: FuzzRangeproof/40f3d54d19504800275f98dcc359d9be87d560a9 (0.00s)
    --- PASS: FuzzRangeproof/41355ba8f0fd48ae44d318e7659c47c805f47e57 (0.00s)
    --- PASS: FuzzRangeproof/420be5c862813e0f2f78082d8d22b18a3dcd4a57 (0.00s)
    --- PASS: FuzzRangeproof/4499f50f17b963cc78f970ec3726bd819fb886cd (0.00s)
    --- PASS: FuzzRangeproof/4506244dd7c66c8636535192ead42eea2bf9da92 (0.00s)
    --- PASS: FuzzRangeproof/4521686be14a679c3503c9e0e1b1aa6dd6984fd1 (0.00s)
    --- PASS: FuzzRangeproof/452e2d3bd4d86e2786e582ff938f858ea46719a7 (0.00s)
    --- PASS: FuzzRangeproof/45b18a22334516054d44a68dc17703c5f9861801 (0.00s)
    --- PASS: FuzzRangeproof/45f70a68a104a8cc7edf671f4fc8c1ea096ee23e (0.00s)
    --- PASS: FuzzRangeproof/45f952330f88bdc9aa2477c963fb2b2b167afc06 (0.00s)
    --- PASS: FuzzRangeproof/471496cc2a5a80a85060ed89ee59d7de787fd438 (0.00s)
    --- PASS: FuzzRangeproof/4730bb8b5c2ff2945ac1c13efbc4d9eb682cf1ba (0.00s)
    --- PASS: FuzzRangeproof/479461af9b2c46e35117e08c89b11a0447ebe421 (0.00s)
    --- PASS: FuzzRangeproof/47ea8a32a5b631da1d6f826ae818c36e7d534038 (0.00s)
    --- PASS: FuzzRangeproof/4957237ba95b1084a72afffd25d7ea1e257664ec (0.00s)
    --- PASS: FuzzRangeproof/496b7a7d311cbc53430da547376559a87a57406a (0.00s)
    --- PASS: FuzzRangeproof/4bfeef6d74204f371d8bd898179a60e58f2b7f6f (0.00s)
    --- PASS: FuzzRangeproof/4cc2525ce499681642d640be77f861247c90efd2 (0.00s)
    --- PASS: FuzzRangeproof/4d00eb626c6889565b97255ca65e756ab197d3bb (0.00s)
    --- PASS: FuzzRangeproof/4e6cf05f54245fd3f90d0f43c0609717bc36e850 (0.00s)
    --- PASS: FuzzRangeproof/4ffe55ea757b59696cfaf65e3be0474741220534 (0.00s)
    --- PASS: FuzzRangeproof/500fe1f894d11e57153b30c4d4c3739aa03e92f6 (0.00s)
    --- PASS: FuzzRangeproof/512eeeaf2b75bbb2764580f95e910ba16071ae9e (0.00s)
    --- PASS: FuzzRangeproof/52915ff7b5be0ab7bf2f3a764c8c6b9ee3bd1f7f (0.00s)
    --- PASS: FuzzRangeproof/5313dc6aad35fd9ca5bd3ef320b8f4d4f1634536 (0.00s)
    --- PASS: FuzzRangeproof/534d86d29c01190e10ac8724dc3f1405986f77d9 (0.00s)
    --- PASS: FuzzRangeproof/538a60c5dbff91796005526121c70a15cb3b3936 (0.00s)
    --- PASS: FuzzRangeproof/53c971c18c8296c594e47a0a3e0f5460890df8c5 (0.00s)
    --- PASS: FuzzRangeproof/53db9b5031d943026ead7bd5660d8aaae07f7b5e (0.00s)
    --- PASS: FuzzRangeproof/54a3ed0aa931b8a2c6666be8f3460ce0c9cde050 (0.00s)
    --- PASS: FuzzRangeproof/54cb9714d78d9968e66ebb2a59f6f2c4d57fe86c (0.00s)
    --- PASS: FuzzRangeproof/561db4eaad176d458db35e03dc4ad9f071728c72 (0.00s)
    --- PASS: FuzzRangeproof/5729a4476adc2d1cdae46804d29d0b502e5971a9 (0.00s)
    --- PASS: FuzzRangeproof/580122640369b1b077364de2db3dec1a8ddb8a15 (0.00s)
    --- PASS: FuzzRangeproof/5825084e15a776b9871499a361df8aca0ac4fdab (0.00s)
    --- PASS: FuzzRangeproof/5976bc364972ca02755fe37e787aec8e40f4f5a9 (0.00s)
    --- PASS: FuzzRangeproof/5aa47ffced527c73691dae1f366eacd15cdb745c (0.00s)
    --- PASS: FuzzRangeproof/5ab48343cf3c92404e6338c0ec9f3fad0f717360 (0.00s)
    --- PASS: FuzzRangeproof/5b2f248b8fda3371e96baf70029767541e89e8e3 (0.00s)
    --- PASS: FuzzRangeproof/5b426c1799e48619febb530c7e835f29700d60ac (0.00s)
    --- PASS: FuzzRangeproof/5c06d1e776540c27e67c9b61787395a526e4b9fc (0.00s)
    --- PASS: FuzzRangeproof/5c0cae4e7d42dca33b36685820efbf13d7aa541d (0.00s)
    --- PASS: FuzzRangeproof/5c87ea0c622c52e66aaf3661cc654a6a185c46e7 (0.00s)
    --- PASS: FuzzRangeproof/5e8240866076eb4e8b23edcc07556ec675823aa5 (0.00s)
    --- PASS: FuzzRangeproof/5ee28f8f20e8ff72761848252f95d85a1ab6aec3 (0.00s)
    --- PASS: FuzzRangeproof/5f4d683c0f0a5b1e0bd4ab1bcb92a760e71b531a (0.00s)
    --- PASS: FuzzRangeproof/61b0bc4666165e0d2824bf6d6377fd374a18e91f (0.00s)
    --- PASS: FuzzRangeproof/62716a5641006de88bbbc138f77e62c515d7304b (0.00s)
    --- PASS: FuzzRangeproof/634270e026adc5c0605e3c3cf94c53ded396aa3c (0.00s)
    --- PASS: FuzzRangeproof/634a396359580952367a7e08f7ae7e72150af792 (0.00s)
    --- PASS: FuzzRangeproof/6400abdf1aebc20028de6ec731821b4439ea7e9c (0.00s)
    --- PASS: FuzzRangeproof/64135e7a7ffd9d4a506c7cb97b978a824106d168 (0.00s)
    --- PASS: FuzzRangeproof/65a4e321c7875bee6992440b7b6fc807b6032f5e (0.00s)
    --- PASS: FuzzRangeproof/692ee8050ebadb278f7fdc3fe874a5c5b6d7af55 (0.00s)
    --- PASS: FuzzRangeproof/695d82a44a1bad58860484afd01c7bca4702979a (0.00s)
    --- PASS: FuzzRangeproof/6a9704c6b02324b9df006487067c371e7793d500 (0.00s)
    --- PASS: FuzzRangeproof/700b4c650d2e5e7528e8f4b253e62998683bea31 (0.00s)
    --- PASS: FuzzRangeproof/714c7856b80927661da9e6b525f619630a790b71 (0.00s)
    --- PASS: FuzzRangeproof/71811b0c18f3d87ed0ca23fbfe813d949a3e065c (0.00s)
    --- PASS: FuzzRangeproof/71e83239a5a0279947cbb21dbe5dcf97d922a037 (0.00s)
    --- PASS: FuzzRangeproof/73913020bb09e4e8a9834b07c43e643b6c332c7d (0.00s)
    --- PASS: FuzzRangeproof/739d65fb14e3703b4d97947190d6867b56bdc343 (0.00s)
    --- PASS: FuzzRangeproof/73c3faa68cd70a6b7ce1e85b0f43d91713512bf6 (0.00s)
    --- PASS: FuzzRangeproof/74562623d15859b6a47065e0f98ce1202fb56506 (0.00s)
    --- PASS: FuzzRangeproof/750fd9a03114bfc2513059ec456b45f093a3ea83 (0.00s)
    --- PASS: FuzzRangeproof/75ffdaabebbbf226bc142fcb806a8acbef914626 (0.00s)
    --- PASS: FuzzRangeproof/7621d99c477a30566502e581ccba253a5b55dac7 (0.00s)
    --- PASS: FuzzRangeproof/77745e11c9a18b2b457a2ae291d31eb2a99be0f4 (0.00s)
    --- PASS: FuzzRangeproof/77b880f6cf306e07846ae928030e128aca8661aa (0.00s)
    --- PASS: FuzzRangeproof/78419ea1dcadda13fa453b64895f03b1e0be5af3 (0.00s)
    --- PASS: FuzzRangeproof/794c96b3205abbc387b4688630d28bb82890973b (0.00s)
    --- PASS: FuzzRangeproof/797ff3e8baf4b8d196607f43dbf963596a9b7a39 (0.00s)
    --- PASS: FuzzRangeproof/7a0391a46aeba4e411cd0052a50a6e123c5a0ac4 (0.00s)
    --- PASS: FuzzRangeproof/7a82a4f500c8e86cf35507cbf007e7fc39b8295d (0.00s)
    --- PASS: FuzzRangeproof/7c04f14a00955404c506b14a90ced1abdc601b0d (0.00s)
    --- PASS: FuzzRangeproof/7c2b908e874cfce7d93695a9ad170a089f5f9794 (0.00s)
    --- PASS: FuzzRangeproof/7d66f74170a0804bdb34d17885d3dbb2f48293f9 (0.00s)
    --- PASS: FuzzRangeproof/7e8e65f93c7adc38d72c9e3e12b2571b29d114c0 (0.00s)
    --- PASS: FuzzRangeproof/7ebb1cb28f0fdfdcc3bbb3338c5fbdee322a6738 (0.00s)
    --- PASS: FuzzRangeproof/800966732d20b77206577fe552c315109f38d4a0 (0.00s)
    --- PASS: FuzzRangeproof/806ff887ec5b99197cf90031e78d3210d72466c2 (0.00s)
    --- PASS: FuzzRangeproof/80dbcd17dc5a27277b5497111eb15341fd30e6d9 (0.00s)
    --- PASS: FuzzRangeproof/818c5ad3f117f8aa5ac51576eedf79d1085b44ed (0.00s)
    --- PASS: FuzzRangeproof/837931676b34682b0c65c344fe41f83caf188439 (0.00s)
    --- PASS: FuzzRangeproof/83dae0cb1fb817fe86286e1ef8dfa0d0a7aeb94f (0.00s)
    --- PASS: FuzzRangeproof/85bf1431caf16582af83dcdc731bf80a9843f197 (0.00s)
    --- PASS: FuzzRangeproof/85cf04c63f81907e7bb0c9078102e0be7f18aec1 (0.00s)
    --- PASS: FuzzRangeproof/8702f2ff28e374c79b28009f7f252456bea824c7 (0.00s)
    --- PASS: FuzzRangeproof/887dd28099ff95e8182d7df3de533f8be89701ae (0.00s)
    --- PASS: FuzzRangeproof/8960fcf45639119852a6fbacd7f8624630c04be6 (0.00s)
    --- PASS: FuzzRangeproof/898c2ef68e87ccb67c6e5dc1f2af0cf3135b8c59 (0.00s)
    --- PASS: FuzzRangeproof/8b05f7dd9afc10f61cc85e21c8b9b9801c2c4676 (0.00s)
    --- PASS: FuzzRangeproof/8b1f4667ae3e83c7cf221842939311f9cac9ceb4 (0.00s)
    --- PASS: FuzzRangeproof/8d5e18255773e9a54703fdc6477d0d11d581a171 (0.00s)
    --- PASS: FuzzRangeproof/8d8f2767749831b0f347dd72aef0208cd85c313f (0.00s)
    --- PASS: FuzzRangeproof/8e05ca38b4dff2c3277ac9e69be3ad3c605b1672 (0.00s)
    --- PASS: FuzzRangeproof/8e52b59c142ab4610c629a214baa5c665d1530d7 (0.00s)
    --- PASS: FuzzRangeproof/8ea858dfaf80e5ad2c0fb826c123c54a424674e8 (0.00s)
    --- PASS: FuzzRangeproof/90082d5f39c306d701936c7ad4746fb297fc80d6 (0.00s)
    --- PASS: FuzzRangeproof/90c2488153a3cad4c97b862d39f2bad938022882 (0.00s)
    --- PASS: FuzzRangeproof/92c076652ab4948202118344bd520c823c878b01 (0.00s)
    --- PASS: FuzzRangeproof/944f91563a992dd780524f3466c06205e79d5266 (0.00s)
    --- PASS: FuzzRangeproof/946600363e80c8c15e8248aa534629b230548d02 (0.00s)
    --- PASS: FuzzRangeproof/947b96d58966af9f32b1b2c630f7377e8ecee7c3 (0.00s)
    --- PASS: FuzzRangeproof/95538a29332724d0e4b10b286d5c36b713d7b41a (0.00s)
    --- PASS: FuzzRangeproof/968d353f821c38234dd58bb3193094ac935ff230 (0.00s)
    --- PASS: FuzzRangeproof/972f7070bc56b84c9b73052cdc87f3fb9040ced8 (0.00s)
    --- PASS: FuzzRangeproof/97e95b3572a78acc39958b5b4f531765fbb384d9 (0.00s)
    --- PASS: FuzzRangeproof/98f224d7f90c683b42f3ef0873eb6e66810df882 (0.00s)
    --- PASS: FuzzRangeproof/99415a96c01177152df751613914fe894f0ab2dd (0.00s)
    --- PASS: FuzzRangeproof/99b6d406a1d4f52f837f56fc856d703804d9c2ff (0.00s)
    --- PASS: FuzzRangeproof/9a25b4e9808be6aa85ce6b28fa7775bceb23b085 (0.00s)
    --- PASS: FuzzRangeproof/9a4bcdc632e4b5f81c8d484cc0076352d3499f65 (0.00s)
    --- PASS: FuzzRangeproof/9a4bd661046bccb358ba558fb5caf74de94dec3f (0.00s)
    --- PASS: FuzzRangeproof/9a502060fee8efc5edad35c7cf77dae742450a95 (0.00s)
    --- PASS: FuzzRangeproof/9b3ea271711c67141a12c40f133f194e1dae709b (0.00s)
    --- PASS: FuzzRangeproof/9c05e93cf9c33aeae9bd01699fe41821581abe37 (0.00s)
    --- PASS: FuzzRangeproof/9ce32b713cb137430d72deec879610854880b22e (0.00s)
    --- PASS: FuzzRangeproof/9cf6e39e07ec9a0c85dbdc4ceb2fa816b12009e8 (0.00s)
    --- PASS: FuzzRangeproof/9f3d8fe8ae51d0c268be000f80d1d1d8ca9247a6 (0.00s)
    --- PASS: FuzzRangeproof/9f8d295e99727a9f5610f2198fc2a04a68de7479 (0.00s)
    --- PASS: FuzzRangeproof/9fdc5c27ce9fdaec83c587132d2c89fc63bb4406 (0.00s)
    --- PASS: FuzzRangeproof/a0ac638fc5cb671707380ad5bd22d9d1ddd3a20d (0.00s)
    --- PASS: FuzzRangeproof/a280041f5b426ae72bb72d07f026f24b22933d9f (0.00s)
    --- PASS: FuzzRangeproof/a3184eb0a30c319a278beb090bc64efa49ffa21f (0.00s)
    --- PASS: FuzzRangeproof/a4172d3eaf19caa96bd8b1e97cb3dc47e9408713 (0.00s)
    --- PASS: FuzzRangeproof/a529e6b2324adf310d8a62b7d6d6d7ccc41621d0 (0.00s)
    --- PASS: FuzzRangeproof/a60c4f8dc7656d939cb840232c4bfc164924f4f5 (0.00s)
    --- PASS: FuzzRangeproof/a6c39c6baa8b87181dd82344b05ee0dbfab96023 (0.00s)
    --- PASS: FuzzRangeproof/a77c4f97982c9276023bf0357776f126591278fc (0.00s)
    --- PASS: FuzzRangeproof/a85cccba36138642d3d203b92313792717a2633d (0.00s)
    --- PASS: FuzzRangeproof/a890a9f7fab3977ac6a53d6c31770647612ba623 (0.00s)
    --- PASS: FuzzRangeproof/a9b88c3b822d427ed6ec7feffd41aea6a25012d6 (0.00s)
    --- PASS: FuzzRangeproof/a9c38b7d9a2c22786a2d5b770704142f47e3118f (0.00s)
    --- PASS: FuzzRangeproof/aa99d5ec31af42ce1f1324e3355692a8cba13374 (0.00s)
    --- PASS: FuzzRangeproof/aaeab6d82d79e2c889d696e881b04f76ec4265aa (0.00s)
    --- PASS: FuzzRangeproof/ab0c0bd0f6d6a5c239b560c44e6cf57c00dbc8fd (0.00s)
    --- PASS: FuzzRangeproof/ac498b3d4e9c7942490f5b11d127244bf1049fa3 (0.00s)
    --- PASS: FuzzRangeproof/ac95f5f42b723bee1d4e191511e91560f8ec9058 (0.00s)
    --- PASS: FuzzRangeproof/ad59d97891b6da4f829844c2dea81a6125f61a3d (0.00s)
    --- PASS: FuzzRangeproof/addbd6170b8cb3e2b6d752247a21469e385ba6a3 (0.00s)
    --- PASS: FuzzRangeproof/aefe08b3c63cb932a3623d73774c12ace7b1d493 (0.00s)
    --- PASS: FuzzRangeproof/af0fcec1a2097b45d7433fa7fcea327d004742b6 (0.00s)
    --- PASS: FuzzRangeproof/b10de57c3f502aa19b1c3049639dde9e5166f79a (0.00s)
    --- PASS: FuzzRangeproof/b18d3233e4b1369e44719c60da48b163e28d1bcd (0.00s)
    --- PASS: FuzzRangeproof/b1a135dccc7336ed72cc529497508c794d981a08 (0.00s)
    --- PASS: FuzzRangeproof/b35f7f49b62fd40d468c0031d20301201a508811 (0.00s)
    --- PASS: FuzzRangeproof/b4aba2a1f28dc7386ec45bd03043b01fa9d27173 (0.00s)
    --- PASS: FuzzRangeproof/b4e84f231cb0f52d8671a6653cb1401a5ea4a5b8 (0.00s)
    --- PASS: FuzzRangeproof/b53f87f4b6eac807b069d6dfa98463ae813e7270 (0.00s)
    --- PASS: FuzzRangeproof/b55055bb5108904d2b3d9d9639ead3c076519a91 (0.00s)
    --- PASS: FuzzRangeproof/b5e43067cadee8b2e8a11b1c676613bfc315936d (0.00s)
    --- PASS: FuzzRangeproof/b7af2c4eb6ff56d0880f051708e94bf2a275d72d (0.00s)
    --- PASS: FuzzRangeproof/b81157bd0819fc21cecf687290bb7603a752ace9 (0.00s)
    --- PASS: FuzzRangeproof/b82441cf410bf227fc78f7e331ca51783fcd7d4a (0.00s)
    --- PASS: FuzzRangeproof/b87849d04394fa611d074c4eaa7928f0a5141e3b (0.00s)
    --- PASS: FuzzRangeproof/b8835fbdb8460781222393caec438cfdd4f23b9e (0.00s)
    --- PASS: FuzzRangeproof/b95b3237a98049c1b9236cf46322959f901f6ea8 (0.00s)
    --- PASS: FuzzRangeproof/b966043e23bb88f0bf91bcdb0efca5d653aa5bba (0.00s)
    --- PASS: FuzzRangeproof/ba3e669b18eda30a4e609f068c979dd35a598d42 (0.00s)
    --- PASS: FuzzRangeproof/bae062c10d3c38223313999a588545b0e04c6c7c (0.00s)
    --- PASS: FuzzRangeproof/bae0ca8152bd24b8d33b842e1618b05a2454179b (0.00s)
    --- PASS: FuzzRangeproof/bbd1274a7f170290b4e920b3d0bdda89d6c8780a (0.00s)
    --- PASS: FuzzRangeproof/bc32ae3349d90b5794758eeb6c4c3369352161da (0.00s)
    --- PASS: FuzzRangeproof/bcbcbea028501ac593ee116770848d04c476a474 (0.00s)
    --- PASS: FuzzRangeproof/bcc8b6a1ee80e0784c2e843fb00e7c7aeb14b906 (0.00s)
    --- PASS: FuzzRangeproof/bcd023cf2acf528a97af47e7ce03f961b125db4c (0.00s)
    --- PASS: FuzzRangeproof/bd14a1c067a485ba2e33c52cbb65ab630735e921 (0.00s)
    --- PASS: FuzzRangeproof/bd1ce47ca906d3583ab59d6dbca97f0f7db4b418 (0.00s)
    --- PASS: FuzzRangeproof/be122e361d8d4d78ab6fd3d4ee0db976721aabbd (0.00s)
    --- PASS: FuzzRangeproof/bec3c910361031440a318a2d332de6554f9be009 (0.00s)
    --- PASS: FuzzRangeproof/bec901fbb2ee3236ab18f20f798dee24b69f5619 (0.00s)
    --- PASS: FuzzRangeproof/c0a6ad27103281b84499cbd21d6d8ab2269cef2c (0.00s)
    --- PASS: FuzzRangeproof/c17174acebd3c9b293d84b97cb27720e96bee033 (0.00s)
    --- PASS: FuzzRangeproof/c35cee1ff3edf45d2ab4e880fbfeef284c185a61 (0.00s)
    --- PASS: FuzzRangeproof/c41a26ab0b4c7098636b788cd2404a1bc83f93d1 (0.00s)
    --- PASS: FuzzRangeproof/c489f1e94d95ae2617424c2b01d844956e30bfa3 (0.00s)
    --- PASS: FuzzRangeproof/c54a034d4c7d25da26345071397ca0e480097fa4 (0.00s)
    --- PASS: FuzzRangeproof/c6d8d1f8ae94e71716779736946500e19da6dd40 (0.00s)
    --- PASS: FuzzRangeproof/c7498cf7116adbd39a56d88e95d854db960042eb (0.00s)
    --- PASS: FuzzRangeproof/ca618c707f30d678d4d7d537f8acfc0477a811dc (0.00s)
    --- PASS: FuzzRangeproof/ca8fe5729603c292542b6b80cbd173352cc150f9 (0.00s)
    --- PASS: FuzzRangeproof/ca9134738e9c9d4aecdfc8cdf3c2fe02ea140ab7 (0.00s)
    --- PASS: FuzzRangeproof/cb37aa462fed9fdce5502e1388202c475aa2506a (0.00s)
    --- PASS: FuzzRangeproof/cb4fc154b183ea7cc291c5a21132567e4d2b3d58 (0.00s)
    --- PASS: FuzzRangeproof/cb542c63b74906266044c613e3295ab60c7b0564 (0.00s)
    --- PASS: FuzzRangeproof/cc35f4d0a88579ac264299d05ec1ed09dec4dc92 (0.00s)
    --- PASS: FuzzRangeproof/cc5dac58c5b74da2f23322b6f316dd2861f18278 (0.00s)
    --- PASS: FuzzRangeproof/cd820de83e58a82814f266087954323f741c2420 (0.00s)
    --- PASS: FuzzRangeproof/d1956b58851fd4977b7be952c5e120db8ff37030 (0.00s)
    --- PASS: FuzzRangeproof/d29fa0a64b39e23a99182ed451f1dc18836b2e66 (0.00s)
    --- PASS: FuzzRangeproof/d3111523d01203bcb94cca729201874745243a56 (0.00s)
    --- PASS: FuzzRangeproof/d4074b7e37b55c78670a74c62cb8eb0b21928297 (0.00s)
    --- PASS: FuzzRangeproof/d411c53c54c045361dc913c0dce386576cf846f5 (0.00s)
    --- PASS: FuzzRangeproof/d48a0a5421a211b0de56e8fb797d45f826d0ff61 (0.00s)
    --- PASS: FuzzRangeproof/d539043c373f9bac3b164c219dc951e28a961c6c (0.00s)
    --- PASS: FuzzRangeproof/d5a9e1fd49c7fd8194c68bfd0876602a7d4a59bf (0.00s)
    --- PASS: FuzzRangeproof/d6271442879fedd3a631bf0842f89f0ee7c98eff (0.00s)
    --- PASS: FuzzRangeproof/d632340461b7e5fe5c78f68ad23e20c89a839961 (0.00s)
    --- PASS: FuzzRangeproof/d671716e7f5a764ff81ae7ca48cfb8e05406347a (0.00s)
    --- PASS: FuzzRangeproof/d77b8a7be04dd0e636792eb8ba7ccbe7ff9b5dd4 (0.00s)
    --- PASS: FuzzRangeproof/d8f0b9d3439aaa2d0c0d24dfc921f183db2d105b (0.00s)
    --- PASS: FuzzRangeproof/d9392e7865fcc53c5cb77be789d354f01752c457 (0.00s)
    --- PASS: FuzzRangeproof/daf2dd99eee417123adbe1c87cdf1a4949d4faef (0.00s)
    --- PASS: FuzzRangeproof/db1f65aba38ff6c5189708a9bf8e6c5d79f71b80 (0.00s)
    --- PASS: FuzzRangeproof/db66a6649401ac9e348ccff78abb3369e9ad9bf5 (0.00s)
    --- PASS: FuzzRangeproof/dc453f3bc25fcc977dea111353e65f4b42293b8a (0.00s)
    --- PASS: FuzzRangeproof/dc894886a6554b42a0ee938ab9f8ce72406e85fe (0.00s)
    --- PASS: FuzzRangeproof/dd6bd9dcc69b9311a999222349bee77685baa68f (0.00s)
    --- PASS: FuzzRangeproof/ddc5249089afd95c3df44a5dc94e5cb56addc7a9 (0.00s)
    --- PASS: FuzzRangeproof/dec18fd0f510d56d314bcb4f31fb00ff7d36526a (0.00s)
    --- PASS: FuzzRangeproof/def64b541816d163b5b503f66fe6c53ec1b74e87 (0.00s)
    --- PASS: FuzzRangeproof/df6bc368008dc46d24017f0f358f43716761b8ee (0.00s)
    --- PASS: FuzzRangeproof/e0158b7285c77f043bbda1b7633b752d1da69cc3 (0.00s)
    --- PASS: FuzzRangeproof/e125cdddd66097ac9ccc44e04a284265104084fa (0.00s)
    --- PASS: FuzzRangeproof/e1f4b2665f23536b9a0539d8da97a65beb9b23ff (0.00s)
    --- PASS: FuzzRangeproof/e3fba1a445d2f657fda562972f220ceca030046d (0.00s)
    --- PASS: FuzzRangeproof/e422536c6a53b258f0f5b87d158eb11c76e6d95d (0.00s)
    --- PASS: FuzzRangeproof/e529686274dba6086ca07f9ca26a4262207e2f55 (0.00s)
    --- PASS: FuzzRangeproof/e5bb3eef15986a3e3ef6e344a669f0fcaa583a66 (0.00s)
    --- PASS: FuzzRangeproof/e7ce1191999c89cda43a2a87eccf4e1f3a826cad (0.00s)
    --- PASS: FuzzRangeproof/e7d9c3d3024570c3315a5e0dff62a06b72d86fa8 (0.00s)
    --- PASS: FuzzRangeproof/e7f73a99f277cb0b046642b4f92fb5c573d6abac (0.00s)
    --- PASS: FuzzRangeproof/ea9a836b6c0b251ae849366f065034be4513d592 (0.00s)
    --- PASS: FuzzRangeproof/ea9cb2e295f3a2cae954aeb4de68549323bae897 (0.00s)
    --- PASS: FuzzRangeproof/ebd9d953f3efd2825ee8c71cb5a1d23d1c09e3c6 (0.00s)
    --- PASS: FuzzRangeproof/ecf17a002b324694a7d177e8db16ed21637540a2 (0.00s)
    --- PASS: FuzzRangeproof/ed481c80c9ebcb5d5f7a0b2c3c65bf3c61116723 (0.00s)
    --- PASS: FuzzRangeproof/ed4910ae51168309afcef6fee0a34a84465f0faf (0.00s)
    --- PASS: FuzzRangeproof/ee2b428e203461f6a6a81187c0b7b8c1269863b2 (0.00s)
    --- PASS: FuzzRangeproof/f12edb0e692ca53bc43488171af6e1451f8054b0 (0.00s)
    --- PASS: FuzzRangeproof/f3c90bf423a85b0a5b088579cf92cfb516517aac (0.00s)
    --- PASS: FuzzRangeproof/f4b400665a123936f157824b3b6d04c76d50c2b5 (0.00s)
    --- PASS: FuzzRangeproof/f505137fc9aadae3a3acdf96041d53156d83a1fe (0.00s)
    --- PASS: FuzzRangeproof/f5316eaf8fcc504e02eeee7e63f47a9e4ecb8376 (0.00s)
    --- PASS: FuzzRangeproof/f5864064d60d282b4c4099c4ec43399f6006b2f2 (0.00s)
    --- PASS: FuzzRangeproof/f5c3035b1d5e3082e6cf93121d756a0d201936fc (0.00s)
    --- PASS: FuzzRangeproof/f5e1deae8dde67a860d111a516c5f3fac8ef14ad (0.00s)
    --- PASS: FuzzRangeproof/f6bedc1a45338d11795b48eebb40ad5d04d36b68 (0.00s)
    --- PASS: FuzzRangeproof/f9246647cf3ed0e48f209c227158e7762177dbb6 (0.00s)
    --- PASS: FuzzRangeproof/f928e75a00ac4e5a3e94388b8a61654941594cb3 (0.00s)
    --- PASS: FuzzRangeproof/fa5fabf2ddaba047941028ee3833ce6938494af2 (0.00s)
    --- PASS: FuzzRangeproof/fabdab7bc8c887d824499fda46a989cb2de7b6d3 (0.00s)
    --- PASS: FuzzRangeproof/faef4cb5525dd0e0f9142e8d84b747176bbd6e83 (0.00s)
    --- PASS: FuzzRangeproof/fb59fb9d09f3ea3bd99ad536ea8c42677244fcb5 (0.00s)
    --- PASS: FuzzRangeproof/fb887368687cc02d55d5002c63bcc0cd4c618391 (0.00s)
    --- PASS: FuzzRangeproof/fb8afb21c4ea50cf9fd5d22e884f8f945b7ab6d1 (0.00s)
    --- PASS: FuzzRangeproof/fc31b909e99b89d25ae2395535d1d86297858aa6 (0.00s)
    --- PASS: FuzzRangeproof/fc35e5f1b64484f7e31abd2aa12c281bb653e0ef (0.00s)
    --- PASS: FuzzRangeproof/fcae9493736c79e8a71e1d5cb8fae7fe01dc330e (0.00s)
    --- PASS: FuzzRangeproof/fce50ea666d1dc9c859cc25224b68161f8ef8fa9 (0.00s)
    --- PASS: FuzzRangeproof/fd357718795a72221b3f73bc8316dd1dde8487be (0.00s)
    --- PASS: FuzzRangeproof/fd9f022b1a691cb94dd349823c4edffe8b026772 (0.00s)
    --- PASS: FuzzRangeproof/fdbfd767c6252cb0f43644daab2c0b4bb27462e7 (0.00s)
    --- PASS: FuzzRangeproof/feb07bc0d9a2d7e583fea66c4cedd0891f37c907 (0.00s)
    --- PASS: FuzzRangeproof/fec23ab5cfccbb19991ea78f513cdca932fa8f69 (0.00s)
    --- PASS: FuzzRangeproof/fee369fc11132dba1ea63b1facc05723a407ae31 (0.00s)
PASS
coverage: 94.4% of statements
ok  	github.com/morph-l2/go-ethereum/tests/fuzzers/rangeproof	0.330s	coverage: 94.4% of statements
	github.com/morph-l2/go-ethereum/tests/fuzzers/rangeproof/debug		coverage: 0.0% of statements
