=== RUN   FuzzRlp
=== RUN   FuzzRlp/0027d106e4e39868809092bc0432dab36e7e97a3
=== RUN   FuzzRlp/006bef3473252db4075af93c28422cba28081806
=== RUN   FuzzRlp/00f0a1e5bcc9e63a74e8d29eb91aed3ba31b17e0
=== RUN   FuzzRlp/020601dcc3cb39e306917d195b09633141bae478
=== RUN   FuzzRlp/03903657777b81905186a80f47b275dae45e0ffd
=== RUN   FuzzRlp/04c5bd9ca1040d4087eeeecd72717b17b5544029
=== RUN   FuzzRlp/04f8ccab2175ceac547547dd6b24beae14d6087c
=== RUN   FuzzRlp/075bf6749f1a7b62a7b6d795fe96042856ac25a1
=== RUN   FuzzRlp/079566dc2d287f8c33773552132024312fd65ed6
=== RUN   FuzzRlp/08bba2a6481c405e9a03289b1743f40857c90a54
=== RUN   FuzzRlp/094f8321b9ab09af333e5b23ed1d85ceb38e0dc5
=== RUN   FuzzRlp/0a0b9aad1a17cc7c29033b1e3e7dda70ce9a0e30
=== RUN   FuzzRlp/0a32ba2b2439ad3b33efec276d0220629a26db33
=== RUN   FuzzRlp/0bac35fcca618e9c0d3b294f1878305eff8badef
=== RUN   FuzzRlp/0c473685dcce31881cafcca06cebce51456a2f82
=== RUN   FuzzRlp/0c4d5706332809ebc00438e2d616a34062d5cc34
=== RUN   FuzzRlp/0c9f0b5579a3cf82d7bedb9721a05be7f0c6d3ec
=== RUN   FuzzRlp/0d10be892bf0d186bab9cc38623198c05890440d
=== RUN   FuzzRlp/0f4912550bc592fc8b505c4e9d50e45a48b27b48
=== RUN   FuzzRlp/10cf65012788cb8c9b53619a02dc5ca177ca3ea9
=== RUN   FuzzRlp/124ccd69b23e36de9ee6a4e3d4a4f089eb76f5fb
=== RUN   FuzzRlp/126b13b2c7a8bdca42bc1a46fc300bae11356872
=== RUN   FuzzRlp/13264f5811e99a122de22bf80af8f7b37e529c33
=== RUN   FuzzRlp/138491941ba6a8c74feb3d3ba402b0d1a0725aa9
=== RUN   FuzzRlp/13929ba778975a61020204d3324c85b57e9de5a7
=== RUN   FuzzRlp/13de749dfffc4aa6e85ed09518c352ef3a8919d3
=== RUN   FuzzRlp/13e025b30facf5f2d63c8e87539808b21362c8a3
=== RUN   FuzzRlp/17484d6e77b880338429875874eec4323431229d
=== RUN   FuzzRlp/1797626e53cdcabe4b9c03ae13a1c9c348c45ece
=== RUN   FuzzRlp/18fa4d7ab464491efe23bca7efd4d4efcb4e9a5a
=== RUN   FuzzRlp/197606a058f9fba3b3d6cdb8af8d984b73216255
=== RUN   FuzzRlp/19fd30b26bff54121892a59c622e8c0aa073f238
=== RUN   FuzzRlp/1bb08be0548655c46aa2d681ed7a41c2fdf1b5b1
=== RUN   FuzzRlp/1c54c9ab7a806155992f7da7883d6345b7a5c0f4
=== RUN   FuzzRlp/1e4d35d7c60ac6968a2f03b99b6d1f0979383392
=== RUN   FuzzRlp/1ea9debeba9db4499138f95bb2a4fa8eb49a1cf6
=== RUN   FuzzRlp/1ed1a1fb5d0f1776d5544254e4a4a2ddeaf49371
=== RUN   FuzzRlp/2011fa7b1ed2bd40938ccd42ef0999a638a46d54
=== RUN   FuzzRlp/21a413b4aeb3aa2182e5ab93330ba9e7240e4b47
=== RUN   FuzzRlp/233dc89df8eb0466369c1fa4949f77da027b9e44
=== RUN   FuzzRlp/2445e8671bb10c18d3338ef0705acdbe3c247469
=== RUN   FuzzRlp/24d0427e504481c0b6f2e2516e52991749065888
=== RUN   FuzzRlp/253d44c6d4204680a62ae8c3e345a9616a4256c1
=== RUN   FuzzRlp/2558e15062b204a500bad5a12f59b6548276b35a
=== RUN   FuzzRlp/256a14e17e0899706dd206df4a2e440efb4fc136
=== RUN   FuzzRlp/25e32b34a5107eb77a93a4ae2c0934eaa2190bc3
=== RUN   FuzzRlp/26613ebf4e098aec0ee6502d68404a26deefbdd8
=== RUN   FuzzRlp/28888e3cb6e981ebdf30b65c9d47d64495ebdbe4
=== RUN   FuzzRlp/28f5b241063fadd0d175cb28a32f7ec5b8cd8a9c
=== RUN   FuzzRlp/295f39531b854e384aeda5044dee773d9186b595
=== RUN   FuzzRlp/29b1d1501486a77e50a6437b3feb442accdeceaf
=== RUN   FuzzRlp/29b5b6f9bcebcc7f095d30d90993bf62ba01e6f7
=== RUN   FuzzRlp/2ac3394b3a3beb0568968be34af613d68b74f2f8
=== RUN   FuzzRlp/2b7f277e0e8b9c9aa56c05c39004e8e09247b05e
=== RUN   FuzzRlp/2ce030a64e2f7f51581f95da6c14fee666ab2dba
=== RUN   FuzzRlp/2e14a5071afbe9517406c4ed2f44b8bbeab72d78
=== RUN   FuzzRlp/2e1d49b92be0cb6c8961dfc7e2886f3951cc3e44
=== RUN   FuzzRlp/2eaaeccbfc5a6887461318afa2eac8b463389dbb
=== RUN   FuzzRlp/2fec111120ad578cf095cd1fd4a4c24f726ce9c9
=== RUN   FuzzRlp/2ff4903593d88ab973ed0034bcf1fa743b63a187
=== RUN   FuzzRlp/3165ed5f77f21ff5ec42c6e9c5433a68d551527c
=== RUN   FuzzRlp/32d7a23b6f074fb73771c162557615a047d8f370
=== RUN   FuzzRlp/33942254db5a593f6c9e02b4e5102cc4ddff5581
=== RUN   FuzzRlp/359caa2151054a582be7c5f069109b29803be223
=== RUN   FuzzRlp/35e2ead4de6504206656fd059ff22549081648d3
=== RUN   FuzzRlp/367544f74607fc4c4e568d80ae68d5b34ce74156
=== RUN   FuzzRlp/36905c1b610ec126b699472098493a1b601c733b
=== RUN   FuzzRlp/36f05abead1949a3d7189ce71684752a76be276c
=== RUN   FuzzRlp/372297697c4292bf1ec7e1b80a5bd72e96acce68
=== RUN   FuzzRlp/3725725bc1822d99fdd66ae4f49843bc557d9814
=== RUN   FuzzRlp/374811ebdc51a8f2c9f5ddf67b8d915fca0c9dfe
=== RUN   FuzzRlp/37fdfeb9e61c87ff43757b2b0a529d61c4c89935
=== RUN   FuzzRlp/382c52542961602706943742eb238e2c564175b3
=== RUN   FuzzRlp/38a4950ab599fbff86aa8f55fd306bccd24fc8d4
=== RUN   FuzzRlp/39225949512f06df29bf20f52ac5d7207cdcc98c
=== RUN   FuzzRlp/393a8022923bde52ba1489699e7085b16d231863
=== RUN   FuzzRlp/3a5bd9a31b12c7af559bb795845ad2b294b73644
=== RUN   FuzzRlp/3c39ed8df8d7903491812b13dfd81d988879dab9
=== RUN   FuzzRlp/3d6beac1eda6565b3ed428667eca048dadb528a2
=== RUN   FuzzRlp/3d7ac760a2cf23780a9327cdf9f6dbc4a0d7b281
=== RUN   FuzzRlp/3e28ee72176ecdb8e56b265629967aa1a0ee4c20
=== RUN   FuzzRlp/3ea9297ef1f26897d47dceaba2c4bf0ee60ecbbf
=== RUN   FuzzRlp/3f5565a50e3b10a06848fc97b77a09c40ce84b33
=== RUN   FuzzRlp/408169386f727b810b1322933db6daa5ed508252
=== RUN   FuzzRlp/40ce51224572c6033e4e84f23742a5c83572b82e
=== RUN   FuzzRlp/41bf0bc2e438fdcf15277b62dc56545c6c3a3ef0
=== RUN   FuzzRlp/41c15705a17eb80a15e5578746e738d29354c7a4
=== RUN   FuzzRlp/4247ccedcfc41c2446b0b9ec1db52ac6dd5118c6
=== RUN   FuzzRlp/4403135b2fb343f371c90b9bd7302a9c88b96dc4
=== RUN   FuzzRlp/447c5bab0979a486c8db198eec055f0dd7fd9782
=== RUN   FuzzRlp/44ef090c63b9e220df88728507ef603cd46205b1
=== RUN   FuzzRlp/44f2a49351efca8793ecd5f5f3cde0bb8d70a5bb
=== RUN   FuzzRlp/46de02311a78f6d5920dd49c6618b76e438bbafb
=== RUN   FuzzRlp/491e48a44a1bae0c5be299934bb097b4fd7386fd
=== RUN   FuzzRlp/4a286cc9cef3fbcd696ace31caae7da22f18aacb
=== RUN   FuzzRlp/4a3b1f7609f5b6fd3425a5f273c66506bde4e582
=== RUN   FuzzRlp/4c5efb622ad0e862979cba6361c586108db8ec3c
=== RUN   FuzzRlp/4e77b28505c6592b6d0859ded7e66387f0547662
=== RUN   FuzzRlp/4ecce0098b9ceb7f2da78779a478ae0bd75171d6
=== RUN   FuzzRlp/4f5b7771b469878f716fa226f8935ce654949955
=== RUN   FuzzRlp/512054d47c5304653750d1e2a24a5d4ed79ae9c4
=== RUN   FuzzRlp/529a72c5c8b03d64f51412eb0bbf2707d2a85a3a
=== RUN   FuzzRlp/5327c26544dbe2110c71a70fef43bc7dfa13fb57
=== RUN   FuzzRlp/53477f368c3ed9e7684a4770528a48c3697f71b3
=== RUN   FuzzRlp/53bff597eee9ce510ed2ab2e64c05505b7a9bf25
=== RUN   FuzzRlp/54230c4c6e3c3d0e63e0dbee107057a1ba8d8ace
=== RUN   FuzzRlp/54b3da1f0e371fcfd368e6b5fd2163812d17421d
=== RUN   FuzzRlp/56153f44c2c1016d177a9ba6e4726ba03a01af68
=== RUN   FuzzRlp/57f938f2ceec71d9d1556f0adf960e6641e555cc
=== RUN   FuzzRlp/589fa6551b5f37371600128b60d96e608defe1f6
=== RUN   FuzzRlp/5954a2f99975ea1b7c1edf27dee676f21579f6c7
=== RUN   FuzzRlp/59d77f81484be4c5262e58824a02bcf54a335ee5
=== RUN   FuzzRlp/5a16cdd7e985b280fc7e2903984badf9814280d7
=== RUN   FuzzRlp/5b1a70d62b022762e91542df0d2874a41d3354b6
=== RUN   FuzzRlp/5b45420b4cf3e5a2f7f4bfb144ff4ffb92478ff6
=== RUN   FuzzRlp/5cfda998b3b0ba2951cd9de8682745ede78e1796
=== RUN   FuzzRlp/5d11e59c8629ca63d0aea73e035304fca4c12f6d
=== RUN   FuzzRlp/5dfdac44fdc5d01316d31612e069e2320c9937a5
=== RUN   FuzzRlp/5fdc25dfb1d449a951cbbfa6313c1e307815e0f8
=== RUN   FuzzRlp/60c7749f1b51101a34ae6e97239765f8ed9a2604
=== RUN   FuzzRlp/6197b3de45c8a8ecb696f707ca45986eb5e01b2a
=== RUN   FuzzRlp/61e4a452e7d154e78a9ccc83afc196468c3d7b4e
=== RUN   FuzzRlp/625be0f6bc6f71e2ee0d6ae453b9a42f876f0e29
=== RUN   FuzzRlp/632a92857a82b095f40e8d8fbf48ea44091a5017
=== RUN   FuzzRlp/63ffca00d1b7737f35cfa717bf57e051ef2fca08
=== RUN   FuzzRlp/649eac6ea3d9e2e34137c56b72aeae01e38f0dc5
=== RUN   FuzzRlp/656a81f0a8485ee5cc55e3d89bdcc4eb2f4f6336
=== RUN   FuzzRlp/657f58b818172c7dbd4ff5ccfdcec4ac875d8bb2
=== RUN   FuzzRlp/65a09a906e17cb0881cda91353a23ce034a16e62
=== RUN   FuzzRlp/67616a79d784f045629597ec23a5d97a53244ce2
=== RUN   FuzzRlp/6949ee2a7b7afa07189578d8a0578dbc953b30d4
=== RUN   FuzzRlp/69decc4a5328c28a58b8d3177d07a467f2fecd5c
=== RUN   FuzzRlp/6a74f3c45847b95e55d8206c85f76f8cdea0fa68
=== RUN   FuzzRlp/6a9d432869ac886826ef263040efcdddea8af268
=== RUN   FuzzRlp/6aa341b44501bfecf4154e31bfffa6db2b804277
=== RUN   FuzzRlp/6c24db2329b0cfeb4e14009a62aab5980395e31e
=== RUN   FuzzRlp/6d4bf42a1a0b11c2a810c82b9fdd083487362685
=== RUN   FuzzRlp/6df0697e7493d91916e66092dd30692c9c426e90
=== RUN   FuzzRlp/704dff00488aadb835a8c15a629aca3ff809805d
=== RUN   FuzzRlp/71af32a31b629439daa3b54e601a23265d8ca1e6
=== RUN   FuzzRlp/71bd48d70997725e0e13a074607016bebdb6fc0a
=== RUN   FuzzRlp/71ea6295982c55f830dd7017462739bb819b8bab
=== RUN   FuzzRlp/72b9e8013ba10708f36813ba093b4c8a6dcc4362
=== RUN   FuzzRlp/740b63907253aea0f6a991503871835f3e764611
=== RUN   FuzzRlp/740cdda1fa60399861f190dcdf8bbd306670c05f
=== RUN   FuzzRlp/74606cbcae94df492c12cd3660eb302748425a9b
=== RUN   FuzzRlp/75567af61716b3f0677e60ca52cea4cced29fd14
=== RUN   FuzzRlp/764214536c896ab132faa93ee7b22e347958c52f
=== RUN   FuzzRlp/76eef0d1d986dfe6c5ab985cf3a38b12dda6690f
=== RUN   FuzzRlp/77440de864072f861fb9441b05ee5ff1d1ead89b
=== RUN   FuzzRlp/77bf861e79db529ae3544700efbb314a2834c317
=== RUN   FuzzRlp/7861cfa2156250327b052e7da53aef85eec87eb9
=== RUN   FuzzRlp/7acf4545caa09f481b0c07ca14556d4f225cbc24
=== RUN   FuzzRlp/7d5ff2b5490532b3e29b6182262034636152c62b
=== RUN   FuzzRlp/7d92d3c48920255ba4856e1d07a08a2cd1f6e26c
=== RUN   FuzzRlp/7dbf5e443e1ce10404ef039b599f04671efe583b
=== RUN   FuzzRlp/7e2d242c6633e2868468de32676053af5c9ca0f3
=== RUN   FuzzRlp/7eb819189a99b5f89ca08a67d7937b4b4787d6d0
=== RUN   FuzzRlp/82eb6171a135d71692c39526e292f412771c6f83
=== RUN   FuzzRlp/8307a298fdb66737ad0e4c95410c57ca8493c8ff
=== RUN   FuzzRlp/830be37855f27d02b6e11935afd9920c0921e3db
=== RUN   FuzzRlp/83849110a2f7ce017f98e1d0301b2176bf30c107
=== RUN   FuzzRlp/8556d8d59a4a0901ae46dae58a6488c6d548a4ad
=== RUN   FuzzRlp/859a0431556dc872aa337477acca10f4fcf4f79b
=== RUN   FuzzRlp/85d7fabaa240893e6e880a18dc83bb151ef11596
=== RUN   FuzzRlp/865428f51349ba09fdcc06798f103f987210298e
=== RUN   FuzzRlp/87aaf55fa3ab36b8d8e24c673958507894641499
=== RUN   FuzzRlp/8899cf60419fe4c76d3abf42530f5697e197aba1
=== RUN   FuzzRlp/89664592bb4f8af74e39e40b2485f927298a1bef
=== RUN   FuzzRlp/8a5de668803b42c499bfdc4dd9065120080c902d
=== RUN   FuzzRlp/8c2912ea88d2cd3e29014439ef1253eb6811035f
=== RUN   FuzzRlp/8c7e4e7fbcb51b17fe9f520f4254f5029d53ba43
=== RUN   FuzzRlp/8dad9358bd3d807cd77874b3e9cd7b081d5f5692
=== RUN   FuzzRlp/8db7b93100a2580d5fcd89542f79c27014bc15bb
=== RUN   FuzzRlp/8dcf428bd36c34a263fc9713b84a7341ce7ee348
=== RUN   FuzzRlp/8eca7cac79961645ea886cbc2a9e0ba189f15208
=== RUN   FuzzRlp/8edcc76c6c23654478b9664476532acb72d5cf2e
=== RUN   FuzzRlp/8f95d0c0a2d82dd605cc5cf2ba7fc8063a847286
=== RUN   FuzzRlp/9069ca78e7450a285173431b3e52c5c25299e473
=== RUN   FuzzRlp/910035d7023c65bf47467243e38d272b411055ad
=== RUN   FuzzRlp/95314142c75f8ac10fe9d7f12252aa1cb2dbb869
=== RUN   FuzzRlp/959c9544af63f49d3c3c0843a4711a7602bf2258
=== RUN   FuzzRlp/96bf2ac8b00bdf9f782ac927c0ce4837e748ba3e
=== RUN   FuzzRlp/97fbcc59fbf7d2d87b1e36a3e8c946f1643150dd
=== RUN   FuzzRlp/9a2a491b39a6427f1a79a74798bae5521beb3c09
=== RUN   FuzzRlp/9a8cc606fd7dee0b66187ec583bd20cc8c82f739
=== RUN   FuzzRlp/9b0469c3afa6c15ed0208edad126ea04074fd93a
=== RUN   FuzzRlp/9ef5a4a854c25e95a9497d5f1644d8e404a27110
=== RUN   FuzzRlp/9f3170593f4c3c9dfba3312c4a586955058e3867
=== RUN   FuzzRlp/9fa7938566fea6b86e5088dad0947c3a2da891d5
=== RUN   FuzzRlp/a323deaf9bdae1d1a19f5fdd6407a801d4f4c5e3
=== RUN   FuzzRlp/a3c66323b0c9d3e134968394ebc3c8e2d66e547c
=== RUN   FuzzRlp/a4728348499bba929864cf98444d47cebb5e7c87
=== RUN   FuzzRlp/a4c0231dcce26db2000d19fd2fb5e544c6d36adb
=== RUN   FuzzRlp/a5c9aee94de62aabfcf2ca4c3fa8e05c74177a98
=== RUN   FuzzRlp/a5e440572bf34999369571123f14828b00e4baf5
=== RUN   FuzzRlp/a856cf9312e82026abc6c2700be199abe2ec1bab
=== RUN   FuzzRlp/a95a709c7a9c6386bd4212e9e8c87a13128934af
=== RUN   FuzzRlp/a979ef10cc6f6a36df6b8a323307ee3bb2e2db9c
=== RUN   FuzzRlp/aa473f8b0c2baeb911f78e9030481ca3dfb9053a
=== RUN   FuzzRlp/ad50ea21fb71638680191819438c7d7cd07cedbb
=== RUN   FuzzRlp/ade18e95812499157379f70f53fbb9ef777ff268
=== RUN   FuzzRlp/af9e1dc2c277e832c004bdf1a62b8a8184e5e085
=== RUN   FuzzRlp/b0f24f35810502558b1afdce55109cd573df19e8
=== RUN   FuzzRlp/b19cb1ac671ad9e9cb4a4454d1e1518b3e9a0169
=== RUN   FuzzRlp/b20a4ecd0c058c55b873ac3d2c2ed7c9ae3b85b3
=== RUN   FuzzRlp/b212fc8c446b6090477f459e801de321ebb2d6bc
=== RUN   FuzzRlp/b5b3723a7ca58789baeee055c833e6ec72e1d7fa
=== RUN   FuzzRlp/b6b22043f7023d0d9e2b5e866abe000ca36a63fc
=== RUN   FuzzRlp/b70df4f37a02428157e200caa76d7d8b29f2f7f8
=== RUN   FuzzRlp/b7801a8723b1599823dbc730ee6ef316d7d29bf8
=== RUN   FuzzRlp/b7fd1df50cf5b56c73be434c4e6a0b48bb531419
=== RUN   FuzzRlp/b800913b6205ed91f5acf233189e0b768eac953c
=== RUN   FuzzRlp/b90cbfda54e4bef6089cb50ff8f275cf2242d6b3
=== RUN   FuzzRlp/b9774e55619ef7941a4e991d4d5f729c5a68f21f
=== RUN   FuzzRlp/b9aab04b4b94af57e1418c7761030791463cdda4
=== RUN   FuzzRlp/ba2f9242c4f5c9273b62274262307bbae7a976db
=== RUN   FuzzRlp/bc147c03b579c6b40d5c2625fa9632bfd707fa2a
=== RUN   FuzzRlp/beaad9457739086208aff071d29f09ab51c1e622
=== RUN   FuzzRlp/bf9dd3fa858abeb8d707211da114f76164d1885c
=== RUN   FuzzRlp/c0195507494dc16035c255de7b9a550b02bb900c
=== RUN   FuzzRlp/c02a5a269889e627a2958d396e0c6ba6faf9b2ff
=== RUN   FuzzRlp/c0558695502c8dcea7487076a946232d905be2df
=== RUN   FuzzRlp/c10d2eced3551314fcf38c48f19c1ddc441448e1
=== RUN   FuzzRlp/c1ceafebb1f520bb4b874bd84e08831c7feafb5d
=== RUN   FuzzRlp/c21d2345bce535d64f00830e7a8e4d8a247817f9
=== RUN   FuzzRlp/c2f6437eab730d4c74ba97b6bdd5abc10af9d4f3
=== RUN   FuzzRlp/c3854cfceb8ac39f6455b06fa46334938e1e01ba
=== RUN   FuzzRlp/c3f1c6e982c49bd939315120648e89590abfeab8
=== RUN   FuzzRlp/c63ac18520fedcfd56514d9d1425973c3d3dd076
=== RUN   FuzzRlp/c643a93636cc7ab03be5567183bec9b61d6686cc
=== RUN   FuzzRlp/c6706025b130e383d4939a6b3e35632611b6ee5c
=== RUN   FuzzRlp/c751bf9badb02478d6d02f6fb60745d65074d285
=== RUN   FuzzRlp/c7902800af2cc3ab79d8319fb6a8038c4a7bd932
=== RUN   FuzzRlp/c81dd855c02cebb66ad78d335f898264849c68c3
=== RUN   FuzzRlp/c82f7b5a8cc47709169d9f8cac1a6efc3f97e603
=== RUN   FuzzRlp/ca0f664d81da086dbc5f267b7e1c216f21bd0597
=== RUN   FuzzRlp/ca41e272ffb8d052303d6687183605fa413541ea
=== RUN   FuzzRlp/cb89089ee596b3340a3e2fd365615490f1f2022a
=== RUN   FuzzRlp/cc46d7b0862e255328e63280a26c23205d42a5d0
=== RUN   FuzzRlp/ccf171ca9cbee680e921af1e9deb0cc72e67a691
=== RUN   FuzzRlp/cd758ab39a6fb13739bd543bca298383225e8672
=== RUN   FuzzRlp/cddc95e941bdf109a04113e6702c880d0a9c8a2c
=== RUN   FuzzRlp/ce256b9e1eeba75b6649ddc2a1b08bc976991235
=== RUN   FuzzRlp/ce4f4931d2662e30baab50c35879aa03126b6a01
=== RUN   FuzzRlp/cf4ad3da17e21f4fcfa126e8f493df431d94cbf5
=== RUN   FuzzRlp/d0a4871faac4fd559f0065075b40642532c21ee3
=== RUN   FuzzRlp/d0f90160c11df96b696f046be57e5a70d59cbac1
=== RUN   FuzzRlp/d417ac259db85c1ebc32274ca2f997e7ce754a22
=== RUN   FuzzRlp/d43425373f1f4e0d1ae9e0cb6512498e773ace02
=== RUN   FuzzRlp/d4cf18c737e63c6a906bb36803170a1d4744e4ef
=== RUN   FuzzRlp/d519454e716a07b0ed83d770c7e2e51d716cdd44
=== RUN   FuzzRlp/d51e3e02b8da100b21fcbf841658cb5b3302e0f0
=== RUN   FuzzRlp/d55af029a9d1a3ed9db47b65d711b3a250596c42
=== RUN   FuzzRlp/d65649ca13d15af525a8d682ae18c86532718628
=== RUN   FuzzRlp/d7880fdc782a7387766c5f516344f5baf55cc6c9
=== RUN   FuzzRlp/d8e6a7e2fc463977866d4e5af9b73fd88dbf37c3
=== RUN   FuzzRlp/d9ae215d03793a7098e9861f7b7946f79c81804d
=== RUN   FuzzRlp/da66180699cf86a08be25d9bf73d22d048382d17
=== RUN   FuzzRlp/dac3f34a04d28f8ae4f9a99c3be7dbafd17078f5
=== RUN   FuzzRlp/dae13db19583e7c781ab44326b15e2919b567681
=== RUN   FuzzRlp/db491030416878e38ed8549a9207dfc2c9241e91
=== RUN   FuzzRlp/db60a915a82f23ccc8313ad880f8366af8cecb01
=== RUN   FuzzRlp/db8ae534e02ee526824aff4897b9160690823a8f
=== RUN   FuzzRlp/dbb2098759328c5c352218d98cff504c6c1b317f
=== RUN   FuzzRlp/dbe95e0ec9f222eb9c24c8adc90176583cec72bc
=== RUN   FuzzRlp/dcd5608daaedfc82fd49d08c3d0b46638457f78e
=== RUN   FuzzRlp/de7420a61d055ce1294e8267a4d893098f4de254
=== RUN   FuzzRlp/de7ea0c7d15169761474c046ea5e3829b4d11b91
=== RUN   FuzzRlp/df0c56bb26f920929b1b1129ed894ace89b8b980
=== RUN   FuzzRlp/df6cf545de57ce23500f39d3b278f4930bfd7ad2
=== RUN   FuzzRlp/df94a4c26ff72995aca8cee8a4d9cd0504ce9b15
=== RUN   FuzzRlp/dfe7947972811efa9599f1f19b85720601cded14
=== RUN   FuzzRlp/e0045842ade67e74ec9120197c3803edfe1552d1
=== RUN   FuzzRlp/e106f4a332251bddcf976ea797fc1d75a8a7c6bf
=== RUN   FuzzRlp/e13c191274f432e61c3a78a75d43349adaef5719
=== RUN   FuzzRlp/e187b6db150700579643c053377a8cb81adb3f46
=== RUN   FuzzRlp/e18acd4a9a815ad2b50182288e9fa559a121c0b2
=== RUN   FuzzRlp/e203aaae0707d253a171ffa89954c2979f8a3598
=== RUN   FuzzRlp/e27615190849320d89f13badda47031683109fe6
=== RUN   FuzzRlp/e3a2648b960030053e71b13c88c88ef423d2924b
=== RUN   FuzzRlp/e3debb69142e64be9e983d4313ae68963df154cd
=== RUN   FuzzRlp/e4b360f89f06d949946f1589f5d19f0f469f839f
=== RUN   FuzzRlp/e50e51e5bebe253bc6c19953a7075b57062e696a
=== RUN   FuzzRlp/e7dc76019817a6589bf92097a4e77f12ca90645a
=== RUN   FuzzRlp/e90513782241ea20fce3c78ba6aa0da20d73296d
=== RUN   FuzzRlp/e98bb2512eff4539cd835ae37177bcd4e912c3e0
=== RUN   FuzzRlp/ea487ad221d3355366ed66f118c614b1ad0b6720
=== RUN   FuzzRlp/eb8325e7bb5c13fa12af543996114c8ff2e995c4
=== RUN   FuzzRlp/eb8a5098fcfcdc0a00d1266f214746b11be4d84e
=== RUN   FuzzRlp/ebc4da43d1db75aa6e273ee0d6f41a975e9e4226
=== RUN   FuzzRlp/ec328d2bfa2c366b596edf44c185f8467f9d2c3e
=== RUN   FuzzRlp/ed9550742fe162cdda90a96bd6020b3c26ef562c
=== RUN   FuzzRlp/edea2ccdaa8181717cf85e0bc932524cb88502ff
=== RUN   FuzzRlp/ee4c2d2994057a43ecb0dc9df3a4e9b07016eced
=== RUN   FuzzRlp/ee5892ec4e4bf72fae82be1529442b230c5b1f3c
=== RUN   FuzzRlp/ef5a67af540679941f0ffdfc5720733ed9d888c7
=== RUN   FuzzRlp/efcaec436ae12e882cb28241c650a527cb44500b
=== RUN   FuzzRlp/f0a0b6fdb8afbc221116f3a6704014e376100987
=== RUN   FuzzRlp/f0ba5acf450fe938eaefeec4573199e6a515349f
=== RUN   FuzzRlp/f0d5f6e120f5cbab546a902393b30f059b6a49b4
=== RUN   FuzzRlp/f152cb527ee1f9e2243817298003f417067b96fd
=== RUN   FuzzRlp/f155f4705c68a30f6738ee63283dbf86717cf5eb
=== RUN   FuzzRlp/f38a3fef3f971a70226fa9604ba06633de03537d
=== RUN   FuzzRlp/f3eca2af37d687c48157735419a6f021d2f05b5a
=== RUN   FuzzRlp/f40b2a646ebb9216d4af96309964962d084311ff
=== RUN   FuzzRlp/f4298cf5847b021da661c2a7cec08f69d5155c05
=== RUN   FuzzRlp/f4514894956cc6d8aa08398aec3de0a22cbca023
=== RUN   FuzzRlp/f7226573c5361552088631b9f90591e9714c73b9
=== RUN   FuzzRlp/f744349ab8bb3aad58588ade64ac61cfbc9bcb9f
=== RUN   FuzzRlp/fb2336196d29dad9d01dbf797ea9cc4d68a6e5a4
=== RUN   FuzzRlp/fbf594905249a508a260f9a1622915b2e3b0bcd2
=== RUN   FuzzRlp/fc792932fc08439c0ac51d6f5f1ec70eb744ad70
=== RUN   FuzzRlp/fca9120036856b6911ba0446e920ce755ac95a4d
=== RUN   FuzzRlp/fd0bb596e49b4625002bf64080b9f064e6de8f70
=== RUN   FuzzRlp/ff292f9a26c288c5422ba38cddea09b80f154cd2
--- PASS: FuzzRlp (0.02s)
    --- PASS: FuzzRlp/0027d106e4e39868809092bc0432dab36e7e97a3 (0.00s)
    --- PASS: FuzzRlp/006bef3473252db4075af93c28422cba28081806 (0.00s)
    --- PASS: FuzzRlp/00f0a1e5bcc9e63a74e8d29eb91aed3ba31b17e0 (0.00s)
    --- PASS: FuzzRlp/020601dcc3cb39e306917d195b09633141bae478 (0.00s)
    --- PASS: FuzzRlp/03903657777b81905186a80f47b275dae45e0ffd (0.00s)
    --- PASS: FuzzRlp/04c5bd9ca1040d4087eeeecd72717b17b5544029 (0.00s)
    --- PASS: FuzzRlp/04f8ccab2175ceac547547dd6b24beae14d6087c (0.00s)
    --- PASS: FuzzRlp/075bf6749f1a7b62a7b6d795fe96042856ac25a1 (0.00s)
    --- PASS: FuzzRlp/079566dc2d287f8c33773552132024312fd65ed6 (0.00s)
    --- PASS: FuzzRlp/08bba2a6481c405e9a03289b1743f40857c90a54 (0.00s)
    --- PASS: FuzzRlp/094f8321b9ab09af333e5b23ed1d85ceb38e0dc5 (0.00s)
    --- PASS: FuzzRlp/0a0b9aad1a17cc7c29033b1e3e7dda70ce9a0e30 (0.00s)
    --- PASS: FuzzRlp/0a32ba2b2439ad3b33efec276d0220629a26db33 (0.00s)
    --- PASS: FuzzRlp/0bac35fcca618e9c0d3b294f1878305eff8badef (0.00s)
    --- PASS: FuzzRlp/0c473685dcce31881cafcca06cebce51456a2f82 (0.00s)
    --- PASS: FuzzRlp/0c4d5706332809ebc00438e2d616a34062d5cc34 (0.00s)
    --- PASS: FuzzRlp/0c9f0b5579a3cf82d7bedb9721a05be7f0c6d3ec (0.00s)
    --- PASS: FuzzRlp/0d10be892bf0d186bab9cc38623198c05890440d (0.00s)
    --- PASS: FuzzRlp/0f4912550bc592fc8b505c4e9d50e45a48b27b48 (0.00s)
    --- PASS: FuzzRlp/10cf65012788cb8c9b53619a02dc5ca177ca3ea9 (0.00s)
    --- PASS: FuzzRlp/124ccd69b23e36de9ee6a4e3d4a4f089eb76f5fb (0.00s)
    --- PASS: FuzzRlp/126b13b2c7a8bdca42bc1a46fc300bae11356872 (0.00s)
    --- PASS: FuzzRlp/13264f5811e99a122de22bf80af8f7b37e529c33 (0.00s)
    --- PASS: FuzzRlp/138491941ba6a8c74feb3d3ba402b0d1a0725aa9 (0.00s)
    --- PASS: FuzzRlp/13929ba778975a61020204d3324c85b57e9de5a7 (0.00s)
    --- PASS: FuzzRlp/13de749dfffc4aa6e85ed09518c352ef3a8919d3 (0.00s)
    --- PASS: FuzzRlp/13e025b30facf5f2d63c8e87539808b21362c8a3 (0.00s)
    --- PASS: FuzzRlp/17484d6e77b880338429875874eec4323431229d (0.00s)
    --- PASS: FuzzRlp/1797626e53cdcabe4b9c03ae13a1c9c348c45ece (0.00s)
    --- PASS: FuzzRlp/18fa4d7ab464491efe23bca7efd4d4efcb4e9a5a (0.00s)
    --- PASS: FuzzRlp/197606a058f9fba3b3d6cdb8af8d984b73216255 (0.00s)
    --- PASS: FuzzRlp/19fd30b26bff54121892a59c622e8c0aa073f238 (0.00s)
    --- PASS: FuzzRlp/1bb08be0548655c46aa2d681ed7a41c2fdf1b5b1 (0.00s)
    --- PASS: FuzzRlp/1c54c9ab7a806155992f7da7883d6345b7a5c0f4 (0.00s)
    --- PASS: FuzzRlp/1e4d35d7c60ac6968a2f03b99b6d1f0979383392 (0.00s)
    --- PASS: FuzzRlp/1ea9debeba9db4499138f95bb2a4fa8eb49a1cf6 (0.00s)
    --- PASS: FuzzRlp/1ed1a1fb5d0f1776d5544254e4a4a2ddeaf49371 (0.00s)
    --- PASS: FuzzRlp/2011fa7b1ed2bd40938ccd42ef0999a638a46d54 (0.00s)
    --- PASS: FuzzRlp/21a413b4aeb3aa2182e5ab93330ba9e7240e4b47 (0.00s)
    --- PASS: FuzzRlp/233dc89df8eb0466369c1fa4949f77da027b9e44 (0.00s)
    --- PASS: FuzzRlp/2445e8671bb10c18d3338ef0705acdbe3c247469 (0.00s)
    --- PASS: FuzzRlp/24d0427e504481c0b6f2e2516e52991749065888 (0.00s)
    --- PASS: FuzzRlp/253d44c6d4204680a62ae8c3e345a9616a4256c1 (0.00s)
    --- PASS: FuzzRlp/2558e15062b204a500bad5a12f59b6548276b35a (0.00s)
    --- PASS: FuzzRlp/256a14e17e0899706dd206df4a2e440efb4fc136 (0.00s)
    --- PASS: FuzzRlp/25e32b34a5107eb77a93a4ae2c0934eaa2190bc3 (0.00s)
    --- PASS: FuzzRlp/26613ebf4e098aec0ee6502d68404a26deefbdd8 (0.00s)
    --- PASS: FuzzRlp/28888e3cb6e981ebdf30b65c9d47d64495ebdbe4 (0.00s)
    --- PASS: FuzzRlp/28f5b241063fadd0d175cb28a32f7ec5b8cd8a9c (0.00s)
    --- PASS: FuzzRlp/295f39531b854e384aeda5044dee773d9186b595 (0.00s)
    --- PASS: FuzzRlp/29b1d1501486a77e50a6437b3feb442accdeceaf (0.00s)
    --- PASS: FuzzRlp/29b5b6f9bcebcc7f095d30d90993bf62ba01e6f7 (0.00s)
    --- PASS: FuzzRlp/2ac3394b3a3beb0568968be34af613d68b74f2f8 (0.00s)
    --- PASS: FuzzRlp/2b7f277e0e8b9c9aa56c05c39004e8e09247b05e (0.00s)
    --- PASS: FuzzRlp/2ce030a64e2f7f51581f95da6c14fee666ab2dba (0.00s)
    --- PASS: FuzzRlp/2e14a5071afbe9517406c4ed2f44b8bbeab72d78 (0.00s)
    --- PASS: FuzzRlp/2e1d49b92be0cb6c8961dfc7e2886f3951cc3e44 (0.00s)
    --- PASS: FuzzRlp/2eaaeccbfc5a6887461318afa2eac8b463389dbb (0.00s)
    --- PASS: FuzzRlp/2fec111120ad578cf095cd1fd4a4c24f726ce9c9 (0.00s)
    --- PASS: FuzzRlp/2ff4903593d88ab973ed0034bcf1fa743b63a187 (0.00s)
    --- PASS: FuzzRlp/3165ed5f77f21ff5ec42c6e9c5433a68d551527c (0.00s)
    --- PASS: FuzzRlp/32d7a23b6f074fb73771c162557615a047d8f370 (0.00s)
    --- PASS: FuzzRlp/33942254db5a593f6c9e02b4e5102cc4ddff5581 (0.00s)
    --- PASS: FuzzRlp/359caa2151054a582be7c5f069109b29803be223 (0.00s)
    --- PASS: FuzzRlp/35e2ead4de6504206656fd059ff22549081648d3 (0.00s)
    --- PASS: FuzzRlp/367544f74607fc4c4e568d80ae68d5b34ce74156 (0.00s)
    --- PASS: FuzzRlp/36905c1b610ec126b699472098493a1b601c733b (0.00s)
    --- PASS: FuzzRlp/36f05abead1949a3d7189ce71684752a76be276c (0.00s)
    --- PASS: FuzzRlp/372297697c4292bf1ec7e1b80a5bd72e96acce68 (0.00s)
    --- PASS: FuzzRlp/3725725bc1822d99fdd66ae4f49843bc557d9814 (0.00s)
    --- PASS: FuzzRlp/374811ebdc51a8f2c9f5ddf67b8d915fca0c9dfe (0.00s)
    --- PASS: FuzzRlp/37fdfeb9e61c87ff43757b2b0a529d61c4c89935 (0.00s)
    --- PASS: FuzzRlp/382c52542961602706943742eb238e2c564175b3 (0.00s)
    --- PASS: FuzzRlp/38a4950ab599fbff86aa8f55fd306bccd24fc8d4 (0.00s)
    --- PASS: FuzzRlp/39225949512f06df29bf20f52ac5d7207cdcc98c (0.00s)
    --- PASS: FuzzRlp/393a8022923bde52ba1489699e7085b16d231863 (0.00s)
    --- PASS: FuzzRlp/3a5bd9a31b12c7af559bb795845ad2b294b73644 (0.00s)
    --- PASS: FuzzRlp/3c39ed8df8d7903491812b13dfd81d988879dab9 (0.00s)
    --- PASS: FuzzRlp/3d6beac1eda6565b3ed428667eca048dadb528a2 (0.00s)
    --- PASS: FuzzRlp/3d7ac760a2cf23780a9327cdf9f6dbc4a0d7b281 (0.00s)
    --- PASS: FuzzRlp/3e28ee72176ecdb8e56b265629967aa1a0ee4c20 (0.00s)
    --- PASS: FuzzRlp/3ea9297ef1f26897d47dceaba2c4bf0ee60ecbbf (0.00s)
    --- PASS: FuzzRlp/3f5565a50e3b10a06848fc97b77a09c40ce84b33 (0.00s)
    --- PASS: FuzzRlp/408169386f727b810b1322933db6daa5ed508252 (0.00s)
    --- PASS: FuzzRlp/40ce51224572c6033e4e84f23742a5c83572b82e (0.00s)
    --- PASS: FuzzRlp/41bf0bc2e438fdcf15277b62dc56545c6c3a3ef0 (0.00s)
    --- PASS: FuzzRlp/41c15705a17eb80a15e5578746e738d29354c7a4 (0.00s)
    --- PASS: FuzzRlp/4247ccedcfc41c2446b0b9ec1db52ac6dd5118c6 (0.00s)
    --- PASS: FuzzRlp/4403135b2fb343f371c90b9bd7302a9c88b96dc4 (0.00s)
    --- PASS: FuzzRlp/447c5bab0979a486c8db198eec055f0dd7fd9782 (0.00s)
    --- PASS: FuzzRlp/44ef090c63b9e220df88728507ef603cd46205b1 (0.00s)
    --- PASS: FuzzRlp/44f2a49351efca8793ecd5f5f3cde0bb8d70a5bb (0.00s)
    --- PASS: FuzzRlp/46de02311a78f6d5920dd49c6618b76e438bbafb (0.00s)
    --- PASS: FuzzRlp/491e48a44a1bae0c5be299934bb097b4fd7386fd (0.00s)
    --- PASS: FuzzRlp/4a286cc9cef3fbcd696ace31caae7da22f18aacb (0.00s)
    --- PASS: FuzzRlp/4a3b1f7609f5b6fd3425a5f273c66506bde4e582 (0.00s)
    --- PASS: FuzzRlp/4c5efb622ad0e862979cba6361c586108db8ec3c (0.00s)
    --- PASS: FuzzRlp/4e77b28505c6592b6d0859ded7e66387f0547662 (0.00s)
    --- PASS: FuzzRlp/4ecce0098b9ceb7f2da78779a478ae0bd75171d6 (0.00s)
    --- PASS: FuzzRlp/4f5b7771b469878f716fa226f8935ce654949955 (0.00s)
    --- PASS: FuzzRlp/512054d47c5304653750d1e2a24a5d4ed79ae9c4 (0.00s)
    --- PASS: FuzzRlp/529a72c5c8b03d64f51412eb0bbf2707d2a85a3a (0.00s)
    --- PASS: FuzzRlp/5327c26544dbe2110c71a70fef43bc7dfa13fb57 (0.00s)
    --- PASS: FuzzRlp/53477f368c3ed9e7684a4770528a48c3697f71b3 (0.00s)
    --- PASS: FuzzRlp/53bff597eee9ce510ed2ab2e64c05505b7a9bf25 (0.00s)
    --- PASS: FuzzRlp/54230c4c6e3c3d0e63e0dbee107057a1ba8d8ace (0.00s)
    --- PASS: FuzzRlp/54b3da1f0e371fcfd368e6b5fd2163812d17421d (0.00s)
    --- PASS: FuzzRlp/56153f44c2c1016d177a9ba6e4726ba03a01af68 (0.00s)
    --- PASS: FuzzRlp/57f938f2ceec71d9d1556f0adf960e6641e555cc (0.00s)
    --- PASS: FuzzRlp/589fa6551b5f37371600128b60d96e608defe1f6 (0.00s)
    --- PASS: FuzzRlp/5954a2f99975ea1b7c1edf27dee676f21579f6c7 (0.00s)
    --- PASS: FuzzRlp/59d77f81484be4c5262e58824a02bcf54a335ee5 (0.00s)
    --- PASS: FuzzRlp/5a16cdd7e985b280fc7e2903984badf9814280d7 (0.00s)
    --- PASS: FuzzRlp/5b1a70d62b022762e91542df0d2874a41d3354b6 (0.00s)
    --- PASS: FuzzRlp/5b45420b4cf3e5a2f7f4bfb144ff4ffb92478ff6 (0.00s)
    --- PASS: FuzzRlp/5cfda998b3b0ba2951cd9de8682745ede78e1796 (0.00s)
    --- PASS: FuzzRlp/5d11e59c8629ca63d0aea73e035304fca4c12f6d (0.00s)
    --- PASS: FuzzRlp/5dfdac44fdc5d01316d31612e069e2320c9937a5 (0.00s)
    --- PASS: FuzzRlp/5fdc25dfb1d449a951cbbfa6313c1e307815e0f8 (0.00s)
    --- PASS: FuzzRlp/60c7749f1b51101a34ae6e97239765f8ed9a2604 (0.00s)
    --- PASS: FuzzRlp/6197b3de45c8a8ecb696f707ca45986eb5e01b2a (0.00s)
    --- PASS: FuzzRlp/61e4a452e7d154e78a9ccc83afc196468c3d7b4e (0.00s)
    --- PASS: FuzzRlp/625be0f6bc6f71e2ee0d6ae453b9a42f876f0e29 (0.00s)
    --- PASS: FuzzRlp/632a92857a82b095f40e8d8fbf48ea44091a5017 (0.00s)
    --- PASS: FuzzRlp/63ffca00d1b7737f35cfa717bf57e051ef2fca08 (0.00s)
    --- PASS: FuzzRlp/649eac6ea3d9e2e34137c56b72aeae01e38f0dc5 (0.00s)
    --- PASS: FuzzRlp/656a81f0a8485ee5cc55e3d89bdcc4eb2f4f6336 (0.00s)
    --- PASS: FuzzRlp/657f58b818172c7dbd4ff5ccfdcec4ac875d8bb2 (0.00s)
    --- PASS: FuzzRlp/65a09a906e17cb0881cda91353a23ce034a16e62 (0.00s)
    --- PASS: FuzzRlp/67616a79d784f045629597ec23a5d97a53244ce2 (0.00s)
    --- PASS: FuzzRlp/6949ee2a7b7afa07189578d8a0578dbc953b30d4 (0.00s)
    --- PASS: FuzzRlp/69decc4a5328c28a58b8d3177d07a467f2fecd5c (0.00s)
    --- PASS: FuzzRlp/6a74f3c45847b95e55d8206c85f76f8cdea0fa68 (0.00s)
    --- PASS: FuzzRlp/6a9d432869ac886826ef263040efcdddea8af268 (0.00s)
    --- PASS: FuzzRlp/6aa341b44501bfecf4154e31bfffa6db2b804277 (0.00s)
    --- PASS: FuzzRlp/6c24db2329b0cfeb4e14009a62aab5980395e31e (0.00s)
    --- PASS: FuzzRlp/6d4bf42a1a0b11c2a810c82b9fdd083487362685 (0.00s)
    --- PASS: FuzzRlp/6df0697e7493d91916e66092dd30692c9c426e90 (0.00s)
    --- PASS: FuzzRlp/704dff00488aadb835a8c15a629aca3ff809805d (0.00s)
    --- PASS: FuzzRlp/71af32a31b629439daa3b54e601a23265d8ca1e6 (0.00s)
    --- PASS: FuzzRlp/71bd48d70997725e0e13a074607016bebdb6fc0a (0.00s)
    --- PASS: FuzzRlp/71ea6295982c55f830dd7017462739bb819b8bab (0.00s)
    --- PASS: FuzzRlp/72b9e8013ba10708f36813ba093b4c8a6dcc4362 (0.00s)
    --- PASS: FuzzRlp/740b63907253aea0f6a991503871835f3e764611 (0.00s)
    --- PASS: FuzzRlp/740cdda1fa60399861f190dcdf8bbd306670c05f (0.00s)
    --- PASS: FuzzRlp/74606cbcae94df492c12cd3660eb302748425a9b (0.00s)
    --- PASS: FuzzRlp/75567af61716b3f0677e60ca52cea4cced29fd14 (0.00s)
    --- PASS: FuzzRlp/764214536c896ab132faa93ee7b22e347958c52f (0.00s)
    --- PASS: FuzzRlp/76eef0d1d986dfe6c5ab985cf3a38b12dda6690f (0.00s)
    --- PASS: FuzzRlp/77440de864072f861fb9441b05ee5ff1d1ead89b (0.00s)
    --- PASS: FuzzRlp/77bf861e79db529ae3544700efbb314a2834c317 (0.00s)
    --- PASS: FuzzRlp/7861cfa2156250327b052e7da53aef85eec87eb9 (0.00s)
    --- PASS: FuzzRlp/7acf4545caa09f481b0c07ca14556d4f225cbc24 (0.00s)
    --- PASS: FuzzRlp/7d5ff2b5490532b3e29b6182262034636152c62b (0.00s)
    --- PASS: FuzzRlp/7d92d3c48920255ba4856e1d07a08a2cd1f6e26c (0.00s)
    --- PASS: FuzzRlp/7dbf5e443e1ce10404ef039b599f04671efe583b (0.00s)
    --- PASS: FuzzRlp/7e2d242c6633e2868468de32676053af5c9ca0f3 (0.00s)
    --- PASS: FuzzRlp/7eb819189a99b5f89ca08a67d7937b4b4787d6d0 (0.00s)
    --- PASS: FuzzRlp/82eb6171a135d71692c39526e292f412771c6f83 (0.00s)
    --- PASS: FuzzRlp/8307a298fdb66737ad0e4c95410c57ca8493c8ff (0.00s)
    --- PASS: FuzzRlp/830be37855f27d02b6e11935afd9920c0921e3db (0.00s)
    --- PASS: FuzzRlp/83849110a2f7ce017f98e1d0301b2176bf30c107 (0.00s)
    --- PASS: FuzzRlp/8556d8d59a4a0901ae46dae58a6488c6d548a4ad (0.00s)
    --- PASS: FuzzRlp/859a0431556dc872aa337477acca10f4fcf4f79b (0.00s)
    --- PASS: FuzzRlp/85d7fabaa240893e6e880a18dc83bb151ef11596 (0.00s)
    --- PASS: FuzzRlp/865428f51349ba09fdcc06798f103f987210298e (0.00s)
    --- PASS: FuzzRlp/87aaf55fa3ab36b8d8e24c673958507894641499 (0.00s)
    --- PASS: FuzzRlp/8899cf60419fe4c76d3abf42530f5697e197aba1 (0.00s)
    --- PASS: FuzzRlp/89664592bb4f8af74e39e40b2485f927298a1bef (0.00s)
    --- PASS: FuzzRlp/8a5de668803b42c499bfdc4dd9065120080c902d (0.00s)
    --- PASS: FuzzRlp/8c2912ea88d2cd3e29014439ef1253eb6811035f (0.00s)
    --- PASS: FuzzRlp/8c7e4e7fbcb51b17fe9f520f4254f5029d53ba43 (0.00s)
    --- PASS: FuzzRlp/8dad9358bd3d807cd77874b3e9cd7b081d5f5692 (0.00s)
    --- PASS: FuzzRlp/8db7b93100a2580d5fcd89542f79c27014bc15bb (0.00s)
    --- PASS: FuzzRlp/8dcf428bd36c34a263fc9713b84a7341ce7ee348 (0.00s)
    --- PASS: FuzzRlp/8eca7cac79961645ea886cbc2a9e0ba189f15208 (0.00s)
    --- PASS: FuzzRlp/8edcc76c6c23654478b9664476532acb72d5cf2e (0.00s)
    --- PASS: FuzzRlp/8f95d0c0a2d82dd605cc5cf2ba7fc8063a847286 (0.00s)
    --- PASS: FuzzRlp/9069ca78e7450a285173431b3e52c5c25299e473 (0.00s)
    --- PASS: FuzzRlp/910035d7023c65bf47467243e38d272b411055ad (0.00s)
    --- PASS: FuzzRlp/95314142c75f8ac10fe9d7f12252aa1cb2dbb869 (0.00s)
    --- PASS: FuzzRlp/959c9544af63f49d3c3c0843a4711a7602bf2258 (0.00s)
    --- PASS: FuzzRlp/96bf2ac8b00bdf9f782ac927c0ce4837e748ba3e (0.00s)
    --- PASS: FuzzRlp/97fbcc59fbf7d2d87b1e36a3e8c946f1643150dd (0.00s)
    --- PASS: FuzzRlp/9a2a491b39a6427f1a79a74798bae5521beb3c09 (0.00s)
    --- PASS: FuzzRlp/9a8cc606fd7dee0b66187ec583bd20cc8c82f739 (0.00s)
    --- PASS: FuzzRlp/9b0469c3afa6c15ed0208edad126ea04074fd93a (0.00s)
    --- PASS: FuzzRlp/9ef5a4a854c25e95a9497d5f1644d8e404a27110 (0.00s)
    --- PASS: FuzzRlp/9f3170593f4c3c9dfba3312c4a586955058e3867 (0.00s)
    --- PASS: FuzzRlp/9fa7938566fea6b86e5088dad0947c3a2da891d5 (0.00s)
    --- PASS: FuzzRlp/a323deaf9bdae1d1a19f5fdd6407a801d4f4c5e3 (0.00s)
    --- PASS: FuzzRlp/a3c66323b0c9d3e134968394ebc3c8e2d66e547c (0.00s)
    --- PASS: FuzzRlp/a4728348499bba929864cf98444d47cebb5e7c87 (0.00s)
    --- PASS: FuzzRlp/a4c0231dcce26db2000d19fd2fb5e544c6d36adb (0.00s)
    --- PASS: FuzzRlp/a5c9aee94de62aabfcf2ca4c3fa8e05c74177a98 (0.00s)
    --- PASS: FuzzRlp/a5e440572bf34999369571123f14828b00e4baf5 (0.00s)
    --- PASS: FuzzRlp/a856cf9312e82026abc6c2700be199abe2ec1bab (0.00s)
    --- PASS: FuzzRlp/a95a709c7a9c6386bd4212e9e8c87a13128934af (0.00s)
    --- PASS: FuzzRlp/a979ef10cc6f6a36df6b8a323307ee3bb2e2db9c (0.00s)
    --- PASS: FuzzRlp/aa473f8b0c2baeb911f78e9030481ca3dfb9053a (0.00s)
    --- PASS: FuzzRlp/ad50ea21fb71638680191819438c7d7cd07cedbb (0.00s)
    --- PASS: FuzzRlp/ade18e95812499157379f70f53fbb9ef777ff268 (0.00s)
    --- PASS: FuzzRlp/af9e1dc2c277e832c004bdf1a62b8a8184e5e085 (0.00s)
    --- PASS: FuzzRlp/b0f24f35810502558b1afdce55109cd573df19e8 (0.00s)
    --- PASS: FuzzRlp/b19cb1ac671ad9e9cb4a4454d1e1518b3e9a0169 (0.00s)
    --- PASS: FuzzRlp/b20a4ecd0c058c55b873ac3d2c2ed7c9ae3b85b3 (0.00s)
    --- PASS: FuzzRlp/b212fc8c446b6090477f459e801de321ebb2d6bc (0.00s)
    --- PASS: FuzzRlp/b5b3723a7ca58789baeee055c833e6ec72e1d7fa (0.00s)
    --- PASS: FuzzRlp/b6b22043f7023d0d9e2b5e866abe000ca36a63fc (0.00s)
    --- PASS: FuzzRlp/b70df4f37a02428157e200caa76d7d8b29f2f7f8 (0.00s)
    --- PASS: FuzzRlp/b7801a8723b1599823dbc730ee6ef316d7d29bf8 (0.00s)
    --- PASS: FuzzRlp/b7fd1df50cf5b56c73be434c4e6a0b48bb531419 (0.00s)
    --- PASS: FuzzRlp/b800913b6205ed91f5acf233189e0b768eac953c (0.00s)
    --- PASS: FuzzRlp/b90cbfda54e4bef6089cb50ff8f275cf2242d6b3 (0.00s)
    --- PASS: FuzzRlp/b9774e55619ef7941a4e991d4d5f729c5a68f21f (0.00s)
    --- PASS: FuzzRlp/b9aab04b4b94af57e1418c7761030791463cdda4 (0.00s)
    --- PASS: FuzzRlp/ba2f9242c4f5c9273b62274262307bbae7a976db (0.00s)
    --- PASS: FuzzRlp/bc147c03b579c6b40d5c2625fa9632bfd707fa2a (0.00s)
    --- PASS: FuzzRlp/beaad9457739086208aff071d29f09ab51c1e622 (0.00s)
    --- PASS: FuzzRlp/bf9dd3fa858abeb8d707211da114f76164d1885c (0.00s)
    --- PASS: FuzzRlp/c0195507494dc16035c255de7b9a550b02bb900c (0.00s)
    --- PASS: FuzzRlp/c02a5a269889e627a2958d396e0c6ba6faf9b2ff (0.00s)
    --- PASS: FuzzRlp/c0558695502c8dcea7487076a946232d905be2df (0.00s)
    --- PASS: FuzzRlp/c10d2eced3551314fcf38c48f19c1ddc441448e1 (0.00s)
    --- PASS: FuzzRlp/c1ceafebb1f520bb4b874bd84e08831c7feafb5d (0.00s)
    --- PASS: FuzzRlp/c21d2345bce535d64f00830e7a8e4d8a247817f9 (0.00s)
    --- PASS: FuzzRlp/c2f6437eab730d4c74ba97b6bdd5abc10af9d4f3 (0.00s)
    --- PASS: FuzzRlp/c3854cfceb8ac39f6455b06fa46334938e1e01ba (0.00s)
    --- PASS: FuzzRlp/c3f1c6e982c49bd939315120648e89590abfeab8 (0.00s)
    --- PASS: FuzzRlp/c63ac18520fedcfd56514d9d1425973c3d3dd076 (0.00s)
    --- PASS: FuzzRlp/c643a93636cc7ab03be5567183bec9b61d6686cc (0.00s)
    --- PASS: FuzzRlp/c6706025b130e383d4939a6b3e35632611b6ee5c (0.00s)
    --- PASS: FuzzRlp/c751bf9badb02478d6d02f6fb60745d65074d285 (0.00s)
    --- PASS: FuzzRlp/c7902800af2cc3ab79d8319fb6a8038c4a7bd932 (0.00s)
    --- PASS: FuzzRlp/c81dd855c02cebb66ad78d335f898264849c68c3 (0.00s)
    --- PASS: FuzzRlp/c82f7b5a8cc47709169d9f8cac1a6efc3f97e603 (0.00s)
    --- PASS: FuzzRlp/ca0f664d81da086dbc5f267b7e1c216f21bd0597 (0.00s)
    --- PASS: FuzzRlp/ca41e272ffb8d052303d6687183605fa413541ea (0.00s)
    --- PASS: FuzzRlp/cb89089ee596b3340a3e2fd365615490f1f2022a (0.00s)
    --- PASS: FuzzRlp/cc46d7b0862e255328e63280a26c23205d42a5d0 (0.00s)
    --- PASS: FuzzRlp/ccf171ca9cbee680e921af1e9deb0cc72e67a691 (0.00s)
    --- PASS: FuzzRlp/cd758ab39a6fb13739bd543bca298383225e8672 (0.00s)
    --- PASS: FuzzRlp/cddc95e941bdf109a04113e6702c880d0a9c8a2c (0.00s)
    --- PASS: FuzzRlp/ce256b9e1eeba75b6649ddc2a1b08bc976991235 (0.00s)
    --- PASS: FuzzRlp/ce4f4931d2662e30baab50c35879aa03126b6a01 (0.00s)
    --- PASS: FuzzRlp/cf4ad3da17e21f4fcfa126e8f493df431d94cbf5 (0.00s)
    --- PASS: FuzzRlp/d0a4871faac4fd559f0065075b40642532c21ee3 (0.00s)
    --- PASS: FuzzRlp/d0f90160c11df96b696f046be57e5a70d59cbac1 (0.00s)
    --- PASS: FuzzRlp/d417ac259db85c1ebc32274ca2f997e7ce754a22 (0.00s)
    --- PASS: FuzzRlp/d43425373f1f4e0d1ae9e0cb6512498e773ace02 (0.00s)
    --- PASS: FuzzRlp/d4cf18c737e63c6a906bb36803170a1d4744e4ef (0.00s)
    --- PASS: FuzzRlp/d519454e716a07b0ed83d770c7e2e51d716cdd44 (0.00s)
    --- PASS: FuzzRlp/d51e3e02b8da100b21fcbf841658cb5b3302e0f0 (0.00s)
    --- PASS: FuzzRlp/d55af029a9d1a3ed9db47b65d711b3a250596c42 (0.00s)
    --- PASS: FuzzRlp/d65649ca13d15af525a8d682ae18c86532718628 (0.00s)
    --- PASS: FuzzRlp/d7880fdc782a7387766c5f516344f5baf55cc6c9 (0.00s)
    --- PASS: FuzzRlp/d8e6a7e2fc463977866d4e5af9b73fd88dbf37c3 (0.00s)
    --- PASS: FuzzRlp/d9ae215d03793a7098e9861f7b7946f79c81804d (0.00s)
    --- PASS: FuzzRlp/da66180699cf86a08be25d9bf73d22d048382d17 (0.00s)
    --- PASS: FuzzRlp/dac3f34a04d28f8ae4f9a99c3be7dbafd17078f5 (0.00s)
    --- PASS: FuzzRlp/dae13db19583e7c781ab44326b15e2919b567681 (0.00s)
    --- PASS: FuzzRlp/db491030416878e38ed8549a9207dfc2c9241e91 (0.00s)
    --- PASS: FuzzRlp/db60a915a82f23ccc8313ad880f8366af8cecb01 (0.00s)
    --- PASS: FuzzRlp/db8ae534e02ee526824aff4897b9160690823a8f (0.00s)
    --- PASS: FuzzRlp/dbb2098759328c5c352218d98cff504c6c1b317f (0.00s)
    --- PASS: FuzzRlp/dbe95e0ec9f222eb9c24c8adc90176583cec72bc (0.00s)
    --- PASS: FuzzRlp/dcd5608daaedfc82fd49d08c3d0b46638457f78e (0.00s)
    --- PASS: FuzzRlp/de7420a61d055ce1294e8267a4d893098f4de254 (0.00s)
    --- PASS: FuzzRlp/de7ea0c7d15169761474c046ea5e3829b4d11b91 (0.00s)
    --- PASS: FuzzRlp/df0c56bb26f920929b1b1129ed894ace89b8b980 (0.00s)
    --- PASS: FuzzRlp/df6cf545de57ce23500f39d3b278f4930bfd7ad2 (0.00s)
    --- PASS: FuzzRlp/df94a4c26ff72995aca8cee8a4d9cd0504ce9b15 (0.00s)
    --- PASS: FuzzRlp/dfe7947972811efa9599f1f19b85720601cded14 (0.00s)
    --- PASS: FuzzRlp/e0045842ade67e74ec9120197c3803edfe1552d1 (0.00s)
    --- PASS: FuzzRlp/e106f4a332251bddcf976ea797fc1d75a8a7c6bf (0.00s)
    --- PASS: FuzzRlp/e13c191274f432e61c3a78a75d43349adaef5719 (0.00s)
    --- PASS: FuzzRlp/e187b6db150700579643c053377a8cb81adb3f46 (0.00s)
    --- PASS: FuzzRlp/e18acd4a9a815ad2b50182288e9fa559a121c0b2 (0.00s)
    --- PASS: FuzzRlp/e203aaae0707d253a171ffa89954c2979f8a3598 (0.00s)
    --- PASS: FuzzRlp/e27615190849320d89f13badda47031683109fe6 (0.00s)
    --- PASS: FuzzRlp/e3a2648b960030053e71b13c88c88ef423d2924b (0.00s)
    --- PASS: FuzzRlp/e3debb69142e64be9e983d4313ae68963df154cd (0.00s)
    --- PASS: FuzzRlp/e4b360f89f06d949946f1589f5d19f0f469f839f (0.00s)
    --- PASS: FuzzRlp/e50e51e5bebe253bc6c19953a7075b57062e696a (0.00s)
    --- PASS: FuzzRlp/e7dc76019817a6589bf92097a4e77f12ca90645a (0.00s)
    --- PASS: FuzzRlp/e90513782241ea20fce3c78ba6aa0da20d73296d (0.00s)
    --- PASS: FuzzRlp/e98bb2512eff4539cd835ae37177bcd4e912c3e0 (0.00s)
    --- PASS: FuzzRlp/ea487ad221d3355366ed66f118c614b1ad0b6720 (0.00s)
    --- PASS: FuzzRlp/eb8325e7bb5c13fa12af543996114c8ff2e995c4 (0.00s)
    --- PASS: FuzzRlp/eb8a5098fcfcdc0a00d1266f214746b11be4d84e (0.00s)
    --- PASS: FuzzRlp/ebc4da43d1db75aa6e273ee0d6f41a975e9e4226 (0.00s)
    --- PASS: FuzzRlp/ec328d2bfa2c366b596edf44c185f8467f9d2c3e (0.00s)
    --- PASS: FuzzRlp/ed9550742fe162cdda90a96bd6020b3c26ef562c (0.00s)
    --- PASS: FuzzRlp/edea2ccdaa8181717cf85e0bc932524cb88502ff (0.00s)
    --- PASS: FuzzRlp/ee4c2d2994057a43ecb0dc9df3a4e9b07016eced (0.00s)
    --- PASS: FuzzRlp/ee5892ec4e4bf72fae82be1529442b230c5b1f3c (0.00s)
    --- PASS: FuzzRlp/ef5a67af540679941f0ffdfc5720733ed9d888c7 (0.00s)
    --- PASS: FuzzRlp/efcaec436ae12e882cb28241c650a527cb44500b (0.00s)
    --- PASS: FuzzRlp/f0a0b6fdb8afbc221116f3a6704014e376100987 (0.00s)
    --- PASS: FuzzRlp/f0ba5acf450fe938eaefeec4573199e6a515349f (0.00s)
    --- PASS: FuzzRlp/f0d5f6e120f5cbab546a902393b30f059b6a49b4 (0.00s)
    --- PASS: FuzzRlp/f152cb527ee1f9e2243817298003f417067b96fd (0.00s)
    --- PASS: FuzzRlp/f155f4705c68a30f6738ee63283dbf86717cf5eb (0.00s)
    --- PASS: FuzzRlp/f38a3fef3f971a70226fa9604ba06633de03537d (0.00s)
    --- PASS: FuzzRlp/f3eca2af37d687c48157735419a6f021d2f05b5a (0.00s)
    --- PASS: FuzzRlp/f40b2a646ebb9216d4af96309964962d084311ff (0.00s)
    --- PASS: FuzzRlp/f4298cf5847b021da661c2a7cec08f69d5155c05 (0.00s)
    --- PASS: FuzzRlp/f4514894956cc6d8aa08398aec3de0a22cbca023 (0.00s)
    --- PASS: FuzzRlp/f7226573c5361552088631b9f90591e9714c73b9 (0.00s)
    --- PASS: FuzzRlp/f744349ab8bb3aad58588ade64ac61cfbc9bcb9f (0.00s)
    --- PASS: FuzzRlp/fb2336196d29dad9d01dbf797ea9cc4d68a6e5a4 (0.00s)
    --- PASS: FuzzRlp/fbf594905249a508a260f9a1622915b2e3b0bcd2 (0.00s)
    --- PASS: FuzzRlp/fc792932fc08439c0ac51d6f5f1ec70eb744ad70 (0.00s)
    --- PASS: FuzzRlp/fca9120036856b6911ba0446e920ce755ac95a4d (0.00s)
    --- PASS: FuzzRlp/fd0bb596e49b4625002bf64080b9f064e6de8f70 (0.00s)
    --- PASS: FuzzRlp/ff292f9a26c288c5422ba38cddea09b80f154cd2 (0.00s)
PASS
coverage: 93.6% of statements
ok  	github.com/morph-l2/go-ethereum/tests/fuzzers/rlp	0.039s	coverage: 93.6% of statements
