=== RUN   FuzzStacktrie
=== RUN   FuzzStacktrie/02fc3452cba1fb335adf13960ec27e25c19337f3
=== RUN   FuzzStacktrie/039cc543d610e186f55d7e2110251fabf6b030ac
=== RUN   FuzzStacktrie/04534fc2d8df9fae7f533dcad6b255fec1314f64
=== RUN   FuzzStacktrie/04bac803015ec6de0eaceff87f73ed6889c14d8e
=== RUN   FuzzStacktrie/0765731bf093a7cbc632eec003e3a39e0579a930
=== RUN   FuzzStacktrie/07c3664cd169a73bec8dbc9b6dcb7ea0925a42ef
=== RUN   FuzzStacktrie/0873d2217ba278d539c192fa6ae48c848a15808d
=== RUN   FuzzStacktrie/0a38d4d5177fe69140d45e4d0e1d76f2badb0949
=== RUN   FuzzStacktrie/0b1b880992e8e0da4d26562b65e8614308ff30da
=== RUN   FuzzStacktrie/0bd11aeadf62659b2232a72c47448b5eba083a7b
=== RUN   FuzzStacktrie/0f3770bc69c85329b00f32b65eb1e6aedfae8e26
=== RUN   FuzzStacktrie/0fe8274ce33f24e081e1feabb428e6b5869203b9
=== RUN   FuzzStacktrie/1055bfd478799b7c6ffc2c66826b601175fdb4ba
=== RUN   FuzzStacktrie/12c1c3894699a2f47207a3c336d43ea53b7803d4
=== RUN   FuzzStacktrie/133c2b4133f514f35b68094995207f8bb4907e6e
=== RUN   FuzzStacktrie/175942cd3f44a3aa1fcdf78ba64d16c2310547b8
=== RUN   FuzzStacktrie/18fa269f2ce6893d86d266a4a4dcf6f0532ee28d
=== RUN   FuzzStacktrie/1b537cf343b4a5906ad796afa82734007222c559
=== RUN   FuzzStacktrie/1c0451b48a5ff923b1dceed03f8874e6fd76d1b5
=== RUN   FuzzStacktrie/1c83e8df79f594972f8c07da473e1caaa80214d5
=== RUN   FuzzStacktrie/1d9492f93a03112b7526061a6df8ef143bf86971
=== RUN   FuzzStacktrie/1df8ff2b015de0bba38cdaae4e8ab576034ec752
=== RUN   FuzzStacktrie/21289d04e6713d0af218aa908e547a7665227f86
=== RUN   FuzzStacktrie/2323cf4604086c9dd7368727531005b78faf42f8
=== RUN   FuzzStacktrie/24ef9f7ca033611a09e62bcfac93e45bd3ee5ef1
=== RUN   FuzzStacktrie/25edcc2a0b3a17cba157192a5dd9830b99063726
=== RUN   FuzzStacktrie/2834d86600c4c8a5ea2fab6ccfea4261f8c182a0
=== RUN   FuzzStacktrie/299e2da912eabbb12e00c9ce54243d5020fa438f
=== RUN   FuzzStacktrie/2cde3e98d9329345003d2e9dc2d38a4b83545b03
=== RUN   FuzzStacktrie/2dedb64e1b679cf1d70e39891ba3be039fdb4782
=== RUN   FuzzStacktrie/2f3903399a173b5247ace8ddaa6962aac9c47f51
=== RUN   FuzzStacktrie/2fdbc60f7056246c89e8090e9765898892397d2a
=== RUN   FuzzStacktrie/32e6c1a90cd2ce2645a7f0e60199ab70e275a8b1
=== RUN   FuzzStacktrie/3673f428e525745113ef3836ea12c3c1673b85e9
=== RUN   FuzzStacktrie/38e128252b92ea1f87b80c86fa872e24a5cf95e1
=== RUN   FuzzStacktrie/398c3ea22e4db60868492f5dc7ab76c1e6c03f86
=== RUN   FuzzStacktrie/3b50501e72b7a69686c450538a4c3bc6cb2f0917
=== RUN   FuzzStacktrie/3b6446437e269c89d24b3e36b0ffdc1c8c8b306b
=== RUN   FuzzStacktrie/3c8e215de99b36827c73adcb7679b0ca3d106ec8
=== RUN   FuzzStacktrie/3cf01e7fcaac1bdda8017ccfa18bdc84f0f14394
=== RUN   FuzzStacktrie/401cbdc28e58d4a9ea318ea24b3bc0e6ed9463a8
=== RUN   FuzzStacktrie/404839e468f08c3dbcb89b8d642514a5c0bca4ab
=== RUN   FuzzStacktrie/413968d963ff042c6552f85f4e71893b3e947512
=== RUN   FuzzStacktrie/42718c1cb7cb1f6d7d103ca698e01ea41d539cf9
=== RUN   FuzzStacktrie/42d1b7654560445966157d7cbd478a23ac9f5aa0
=== RUN   FuzzStacktrie/43d1f1fc4ddc531fc61708bb2154b17985dd4780
=== RUN   FuzzStacktrie/4435362391a860ee5a91d0db2f5e712090171ac5
=== RUN   FuzzStacktrie/473b739de165c65d9594bd4f37f0a38d2ecb58ba
=== RUN   FuzzStacktrie/4868d354eeb2526740eae07fcd34e1143244e551
=== RUN   FuzzStacktrie/4a0c7e537736377824491b57df28acc59bb3b8b1
=== RUN   FuzzStacktrie/4cfb18b99c14162ba71a13bce2f184420a1ed56d
=== RUN   FuzzStacktrie/4fd2134b0f6a9ecb2eaa39492d16a58a447970bc
=== RUN   FuzzStacktrie/5008768c50a8aa326b375a3e49ddd209b2dbf1e1
=== RUN   FuzzStacktrie/506a3875169b1eff2e750f2d1da797e84e1fd208
=== RUN   FuzzStacktrie/51dd2cb6817fa5ac24bdcd3e9c04d7ff0a59b51d
=== RUN   FuzzStacktrie/52408003a816f3b417eb3fcbfd130d836445708f
=== RUN   FuzzStacktrie/530bc49db014813e3febf6eab052d21658a16a56
=== RUN   FuzzStacktrie/533161d685604531602266d3e07fe1be7d6cea21
=== RUN   FuzzStacktrie/540745eab0709f9311acd481b7e388fa88de76e3
=== RUN   FuzzStacktrie/540fb565ec0e3c5c5a427ec7ec8c90cc0087df50
=== RUN   FuzzStacktrie/5676a52ee4703c45641fda2a45237e03ea8e8616
=== RUN   FuzzStacktrie/5704a96e8279cd73f9cf0c7eec800fae40c200a4
=== RUN   FuzzStacktrie/57441ae260c6feda32b5efa6f66096f81e3a2037
=== RUN   FuzzStacktrie/59214199c4317b25301b0543eff77d233ceb02e8
=== RUN   FuzzStacktrie/5ba93c9db0cff93f52b521d7420e43f6eda2784f
=== RUN   FuzzStacktrie/5c5c668550beff494af1fa2ab5c955406ea9e616
=== RUN   FuzzStacktrie/61d258837fa8b1e3b7049548cdab3f374c83c078
=== RUN   FuzzStacktrie/6836b531aefc9f9e3ef48e0e270f6e1c7fb0ce4b
=== RUN   FuzzStacktrie/684ac6a0504d98d983cc8bdf63fad10415f81843
=== RUN   FuzzStacktrie/6859994eb179c152029b66ebb327fb7599378f0f
=== RUN   FuzzStacktrie/6abf3a6973f245576063da93227463c94c0b1610
=== RUN   FuzzStacktrie/6bf1a9dcfd9750987704f9af42de73be067dd1c4
=== RUN   FuzzStacktrie/6c78da2b77a4fb3c82b54e52d7ff76c1607d534c
=== RUN   FuzzStacktrie/6d3caf98691a4ec3fb03f25a3ac0737d65f35d9b
=== RUN   FuzzStacktrie/6e5951d1d6e902f0cf2e476d88ba4177c6912a93
=== RUN   FuzzStacktrie/6eac0791bfda9a0fc0b134246596ef85d0f6f513
=== RUN   FuzzStacktrie/6f7dbc3c606aa173cb95b7c7f195be30b5ab00db
=== RUN   FuzzStacktrie/708481fa0898efde6333dd133e88936208bc011b
=== RUN   FuzzStacktrie/71853c6197a6a7f222db0f1978c7cb232b87c5ee
=== RUN   FuzzStacktrie/7229f518d2796bbe703b17dcccf9c8c4b194379e
=== RUN   FuzzStacktrie/73e5e996631068eca6e51ed335fdf1603681da28
=== RUN   FuzzStacktrie/7527878cef737033703708c9439180879ef839c6
=== RUN   FuzzStacktrie/7571e43d13aa3a1105480b966319ce3080670758
=== RUN   FuzzStacktrie/759f0cf2658c959a072197d2c6558620c7a9a76d
=== RUN   FuzzStacktrie/7c3b2709049e5d36ce42a89cfa7092bd898c58d7
=== RUN   FuzzStacktrie/7d3a51fe9490042c6d7e96bdbf8691df62cd029d
=== RUN   FuzzStacktrie/7de3e25c362a1415e740123f27d8ad9ee35d5bea
=== RUN   FuzzStacktrie/7deb946b4f3314a678000f082650d33af6c3e33a
=== RUN   FuzzStacktrie/7ec6f950f522236667fb7f848b86377bf2ad97eb
=== RUN   FuzzStacktrie/7faa1f5534b40829621c98fdebc2bac7a4912105
=== RUN   FuzzStacktrie/8154d1d06c00c70c42a927aa82d4ac42fac4cbe8
=== RUN   FuzzStacktrie/81d47bfe8022b502857ae71e63a68f713ef699ef
=== RUN   FuzzStacktrie/833ba62b62de34ef72eaea563c632f9ab0673e87
=== RUN   FuzzStacktrie/8466fa62fe0c8a0aaa023ce9fb84be161f452c8b
=== RUN   FuzzStacktrie/84a2f1f20e9f4699d84dc5d55d5f37dd02140535
=== RUN   FuzzStacktrie/8614a253eaad5f7fe2bb795614ad1d4647f175b3
=== RUN   FuzzStacktrie/894d202811ec693d76f1b8e1f0120a502707b9d2
=== RUN   FuzzStacktrie/8a58feb9f630e2100df83e409a9c9950bc2d7f40
=== RUN   FuzzStacktrie/8be350477df00779096a81ab3d1b6a68388064ad
=== RUN   FuzzStacktrie/8c072f90711d7d60806b1ea715f0465b5e108006
=== RUN   FuzzStacktrie/8c5be44a9af6fc91e4feeb76cfda778e8c3d32eb
=== RUN   FuzzStacktrie/90edb80dda1be16c357fff8814784bbcf54062e2
=== RUN   FuzzStacktrie/969a9f18cc81b7ffda7c545e4b17fb130afbe642
=== RUN   FuzzStacktrie/9a4b86069d9cb600c9b21da0e884539efcf09f69
=== RUN   FuzzStacktrie/9b595740f1bc741987386ce6f1ee9699b9b62029
=== RUN   FuzzStacktrie/9b5e6441b99c5839abf1430a5add7bef5b2195ba
=== RUN   FuzzStacktrie/9b9fb0448657d4c2d5a8110d70b869696dccfa33
=== RUN   FuzzStacktrie/9de6b3ead702a6d4a3fcafb1470b53c76a31afbd
=== RUN   FuzzStacktrie/9e4cadf1fb511766bcff0b6224556e5aadca53f0
=== RUN   FuzzStacktrie/9ef7eb380835a170799340f4744785fdd1983f6c
=== RUN   FuzzStacktrie/a1b44535c1f8ff290f96c03583204e9a3eeae713
=== RUN   FuzzStacktrie/a21094f1db1830de748ba55338f75e71d43dce27
=== RUN   FuzzStacktrie/a31ed8efabe96a8271de0468105d6c10fc7930ef
=== RUN   FuzzStacktrie/a3ea28f8e3d04c423f97fbfe22dbd0e0b9541dd0
=== RUN   FuzzStacktrie/a5645cf87ecf3063a35990a7ae15818747389438
=== RUN   FuzzStacktrie/a73ad87b41b6b2ba3c28fdef846e86666be1113b
=== RUN   FuzzStacktrie/a780c58f6972f7c9f788294477be83ba51527d0f
=== RUN   FuzzStacktrie/a86683045fd687b2bdfe7409660d876a63b0c4f0
=== RUN   FuzzStacktrie/a8910ee8e60c9a804d2570585011bed323c70a7e
=== RUN   FuzzStacktrie/a98f8679fadf526fa74ff1c850eda3e732489aad
=== RUN   FuzzStacktrie/ab3efc23190098b494b42391a1d7081e8674301d
=== RUN   FuzzStacktrie/ab41905462a8d2dba4fb4a450c166710beaa9095
=== RUN   FuzzStacktrie/adef5b88561b6462eef5ed7a334d3df7d79dac5b
=== RUN   FuzzStacktrie/ae9e5fd9e393446b571ec21f785057576a61229a
=== RUN   FuzzStacktrie/b0061f2506f2cf88945e88aa7774cba8289211ce
=== RUN   FuzzStacktrie/b19dfa6d77d3b00e981ad60472c450571e952fca
=== RUN   FuzzStacktrie/b745a69548b2a5ed8fca65a7abc29e1c9a18d358
=== RUN   FuzzStacktrie/b7c3a7f129aa4f999f3baea9598f590a6aab3612
=== RUN   FuzzStacktrie/ba20f9bf59680546bc4da547b1e61584d4a4c87f
=== RUN   FuzzStacktrie/bb28624cf46d6a4c855502b958a18e0fcbcc9294
=== RUN   FuzzStacktrie/bb8a552bc06244d31f5673c0568df50f287cefd8
=== RUN   FuzzStacktrie/bc1cd814f858b727d067cdb9b1f174f26e12c4a6
=== RUN   FuzzStacktrie/bd08c3c7b7ca6f2aa7d59afd760beee89d767aed
=== RUN   FuzzStacktrie/bd5ac410652d1f05b021a88b597cb8d8da124751
=== RUN   FuzzStacktrie/bd9b995b141986e0ea982b89ed17bcf6b9f13ab9
=== RUN   FuzzStacktrie/bdfe7ff75675f77e8cf37d8576cf47e08f1a897f
=== RUN   FuzzStacktrie/bf0ad152724e0e1db16869ec2b77b093cd278f9a
=== RUN   FuzzStacktrie/c0204f9c052758585eacb1dfca4a2a18d478449e
=== RUN   FuzzStacktrie/c18030c13f9941033aeb609695d23a71e458de5b
=== RUN   FuzzStacktrie/c231bfe72925af1859ab8d9ff0bfc6b574755ff4
=== RUN   FuzzStacktrie/c3b47a2cf9ce6dc6642884c1bb46a2103dae7acb
=== RUN   FuzzStacktrie/c5bf47c9b07fa85a485d2ecf5ea756d697795ba8
=== RUN   FuzzStacktrie/c6c3c64de5383edfbb2e5af91d669915dc8735a3
=== RUN   FuzzStacktrie/c75cee87817e52947b0c9147b49f7bd69219041f
=== RUN   FuzzStacktrie/c7c64017ba863c91f8d67455a385c1a960a60d0c
=== RUN   FuzzStacktrie/c7e0655e7c365e48c30295a4843daee1dc784131
=== RUN   FuzzStacktrie/c891486b718afd6f3a6e83a7202c4a512a0e9006
=== RUN   FuzzStacktrie/c9ce1ff55d5bbbd7bc568e7b22353726451f90f6
=== RUN   FuzzStacktrie/ca575f6a2caad5b66245914519505839e87704b6
=== RUN   FuzzStacktrie/cb5da891cc442425d98015155c07974875024d6e
=== RUN   FuzzStacktrie/ccd4b437a2ef218a0abfe0b60b7d446cee93075b
=== RUN   FuzzStacktrie/cf8d8bda7e81fdfef96207bb8888ee2c4f81e760
=== RUN   FuzzStacktrie/d07959d10e024709b14a91a8954f81d464a4a249
=== RUN   FuzzStacktrie/d16b2edb4f6f64bd2613fdddb782b5c6504844f3
=== RUN   FuzzStacktrie/d26bd442a2ef91430367cd9055ea178b39700b69
=== RUN   FuzzStacktrie/d516c733f8b03a1bb6010063df2fd2a691fee0a3
=== RUN   FuzzStacktrie/d6934e6c48e9234e05b7b4924b3a9d8216163e7e
=== RUN   FuzzStacktrie/d6f009ca5d755297d3c6937426ed38c9758037a6
=== RUN   FuzzStacktrie/d74d4d9a8fa370efb73e9cbe79f5b225439749fe
=== RUN   FuzzStacktrie/daea79340d3e119bc7bbc7900f3c094d2e250740
=== RUN   FuzzStacktrie/db2ddc8c62f3b234ae9c8c25356d4fc823cb79e6
=== RUN   FuzzStacktrie/dd1e229f17fa974fc76218f231d253bb7f1d0bd7
=== RUN   FuzzStacktrie/e4de3011471e577890f639d2f2579f47a3540848
=== RUN   FuzzStacktrie/e4e7ee50cb3b74d1b301609da41f94dfac7db0ef
=== RUN   FuzzStacktrie/e6555574ba966a2864e80a9c93a2ed1e50b55aa5
=== RUN   FuzzStacktrie/e78c21c2d3ceb88e66508be6168b34568f46ca78
=== RUN   FuzzStacktrie/e8cf85cbae487d9747d2b74a613a69ee3d231e57
=== RUN   FuzzStacktrie/f13f3f9b89727ea227b4a619fb67494b56fa8644
=== RUN   FuzzStacktrie/f235cfce8dcd46aee963b3ac9fb924a205bdf7bb
=== RUN   FuzzStacktrie/f6ba17deb57cdf3c196d93e9b0c58a24afebe6a1
=== RUN   FuzzStacktrie/f80010e7f476b44281a30ff42c74ad6c00dc9abe
=== RUN   FuzzStacktrie/f83b1bf897650288616d1dc2cc1a2a3a9da45e16
=== RUN   FuzzStacktrie/f89ce497acd89d5756205e1d6699e46622725a17
=== RUN   FuzzStacktrie/f92c784123f625e014d9aa3c4a8a74b53ffffe59
=== RUN   FuzzStacktrie/fb96a68829ac346581c096eaf46af1039233c1ac
=== RUN   FuzzStacktrie/fd25363647144ea08c51120bfe4698120c60283c
=== RUN   FuzzStacktrie/fd4c9a6d4a9576d3905be6bde5fcd37e3500c9af
=== RUN   FuzzStacktrie/fdc504ea9d5afc32cbdf41d9aa8f1e699d1e66f6
=== RUN   FuzzStacktrie/fe55c5bbf3482b3bd820852a4d25fdc9b01fb6c5
=== RUN   FuzzStacktrie/fe5b96f5e88d8d3b8a36a17bf8893e492a240b40
=== RUN   FuzzStacktrie/feaab6ced0bb9aac1847e99a29d284ea1c98ba2f
=== RUN   FuzzStacktrie/fec17dcb1568440439b46b8554b78ae4f953c10f
--- PASS: FuzzStacktrie (0.04s)
    --- PASS: FuzzStacktrie/02fc3452cba1fb335adf13960ec27e25c19337f3 (0.00s)
    --- PASS: FuzzStacktrie/039cc543d610e186f55d7e2110251fabf6b030ac (0.00s)
    --- PASS: FuzzStacktrie/04534fc2d8df9fae7f533dcad6b255fec1314f64 (0.00s)
    --- PASS: FuzzStacktrie/04bac803015ec6de0eaceff87f73ed6889c14d8e (0.00s)
    --- PASS: FuzzStacktrie/0765731bf093a7cbc632eec003e3a39e0579a930 (0.00s)
    --- PASS: FuzzStacktrie/07c3664cd169a73bec8dbc9b6dcb7ea0925a42ef (0.00s)
    --- PASS: FuzzStacktrie/0873d2217ba278d539c192fa6ae48c848a15808d (0.00s)
    --- PASS: FuzzStacktrie/0a38d4d5177fe69140d45e4d0e1d76f2badb0949 (0.00s)
    --- PASS: FuzzStacktrie/0b1b880992e8e0da4d26562b65e8614308ff30da (0.00s)
    --- PASS: FuzzStacktrie/0bd11aeadf62659b2232a72c47448b5eba083a7b (0.00s)
    --- PASS: FuzzStacktrie/0f3770bc69c85329b00f32b65eb1e6aedfae8e26 (0.00s)
    --- PASS: FuzzStacktrie/0fe8274ce33f24e081e1feabb428e6b5869203b9 (0.00s)
    --- PASS: FuzzStacktrie/1055bfd478799b7c6ffc2c66826b601175fdb4ba (0.00s)
    --- PASS: FuzzStacktrie/12c1c3894699a2f47207a3c336d43ea53b7803d4 (0.00s)
    --- PASS: FuzzStacktrie/133c2b4133f514f35b68094995207f8bb4907e6e (0.00s)
    --- PASS: FuzzStacktrie/175942cd3f44a3aa1fcdf78ba64d16c2310547b8 (0.00s)
    --- PASS: FuzzStacktrie/18fa269f2ce6893d86d266a4a4dcf6f0532ee28d (0.00s)
    --- PASS: FuzzStacktrie/1b537cf343b4a5906ad796afa82734007222c559 (0.00s)
    --- PASS: FuzzStacktrie/1c0451b48a5ff923b1dceed03f8874e6fd76d1b5 (0.00s)
    --- PASS: FuzzStacktrie/1c83e8df79f594972f8c07da473e1caaa80214d5 (0.00s)
    --- PASS: FuzzStacktrie/1d9492f93a03112b7526061a6df8ef143bf86971 (0.00s)
    --- PASS: FuzzStacktrie/1df8ff2b015de0bba38cdaae4e8ab576034ec752 (0.00s)
    --- PASS: FuzzStacktrie/21289d04e6713d0af218aa908e547a7665227f86 (0.00s)
    --- PASS: FuzzStacktrie/2323cf4604086c9dd7368727531005b78faf42f8 (0.00s)
    --- PASS: FuzzStacktrie/24ef9f7ca033611a09e62bcfac93e45bd3ee5ef1 (0.00s)
    --- PASS: FuzzStacktrie/25edcc2a0b3a17cba157192a5dd9830b99063726 (0.00s)
    --- PASS: FuzzStacktrie/2834d86600c4c8a5ea2fab6ccfea4261f8c182a0 (0.00s)
    --- PASS: FuzzStacktrie/299e2da912eabbb12e00c9ce54243d5020fa438f (0.00s)
    --- PASS: FuzzStacktrie/2cde3e98d9329345003d2e9dc2d38a4b83545b03 (0.00s)
    --- PASS: FuzzStacktrie/2dedb64e1b679cf1d70e39891ba3be039fdb4782 (0.00s)
    --- PASS: FuzzStacktrie/2f3903399a173b5247ace8ddaa6962aac9c47f51 (0.00s)
    --- PASS: FuzzStacktrie/2fdbc60f7056246c89e8090e9765898892397d2a (0.00s)
    --- PASS: FuzzStacktrie/32e6c1a90cd2ce2645a7f0e60199ab70e275a8b1 (0.00s)
    --- PASS: FuzzStacktrie/3673f428e525745113ef3836ea12c3c1673b85e9 (0.00s)
    --- PASS: FuzzStacktrie/38e128252b92ea1f87b80c86fa872e24a5cf95e1 (0.00s)
    --- PASS: FuzzStacktrie/398c3ea22e4db60868492f5dc7ab76c1e6c03f86 (0.00s)
    --- PASS: FuzzStacktrie/3b50501e72b7a69686c450538a4c3bc6cb2f0917 (0.00s)
    --- PASS: FuzzStacktrie/3b6446437e269c89d24b3e36b0ffdc1c8c8b306b (0.00s)
    --- PASS: FuzzStacktrie/3c8e215de99b36827c73adcb7679b0ca3d106ec8 (0.00s)
    --- PASS: FuzzStacktrie/3cf01e7fcaac1bdda8017ccfa18bdc84f0f14394 (0.00s)
    --- PASS: FuzzStacktrie/401cbdc28e58d4a9ea318ea24b3bc0e6ed9463a8 (0.00s)
    --- PASS: FuzzStacktrie/404839e468f08c3dbcb89b8d642514a5c0bca4ab (0.00s)
    --- PASS: FuzzStacktrie/413968d963ff042c6552f85f4e71893b3e947512 (0.00s)
    --- PASS: FuzzStacktrie/42718c1cb7cb1f6d7d103ca698e01ea41d539cf9 (0.00s)
    --- PASS: FuzzStacktrie/42d1b7654560445966157d7cbd478a23ac9f5aa0 (0.00s)
    --- PASS: FuzzStacktrie/43d1f1fc4ddc531fc61708bb2154b17985dd4780 (0.00s)
    --- PASS: FuzzStacktrie/4435362391a860ee5a91d0db2f5e712090171ac5 (0.00s)
    --- PASS: FuzzStacktrie/473b739de165c65d9594bd4f37f0a38d2ecb58ba (0.00s)
    --- PASS: FuzzStacktrie/4868d354eeb2526740eae07fcd34e1143244e551 (0.00s)
    --- PASS: FuzzStacktrie/4a0c7e537736377824491b57df28acc59bb3b8b1 (0.00s)
    --- PASS: FuzzStacktrie/4cfb18b99c14162ba71a13bce2f184420a1ed56d (0.00s)
    --- PASS: FuzzStacktrie/4fd2134b0f6a9ecb2eaa39492d16a58a447970bc (0.00s)
    --- PASS: FuzzStacktrie/5008768c50a8aa326b375a3e49ddd209b2dbf1e1 (0.00s)
    --- PASS: FuzzStacktrie/506a3875169b1eff2e750f2d1da797e84e1fd208 (0.00s)
    --- PASS: FuzzStacktrie/51dd2cb6817fa5ac24bdcd3e9c04d7ff0a59b51d (0.00s)
    --- PASS: FuzzStacktrie/52408003a816f3b417eb3fcbfd130d836445708f (0.00s)
    --- PASS: FuzzStacktrie/530bc49db014813e3febf6eab052d21658a16a56 (0.00s)
    --- PASS: FuzzStacktrie/533161d685604531602266d3e07fe1be7d6cea21 (0.00s)
    --- PASS: FuzzStacktrie/540745eab0709f9311acd481b7e388fa88de76e3 (0.00s)
    --- PASS: FuzzStacktrie/540fb565ec0e3c5c5a427ec7ec8c90cc0087df50 (0.00s)
    --- PASS: FuzzStacktrie/5676a52ee4703c45641fda2a45237e03ea8e8616 (0.00s)
    --- PASS: FuzzStacktrie/5704a96e8279cd73f9cf0c7eec800fae40c200a4 (0.00s)
    --- PASS: FuzzStacktrie/57441ae260c6feda32b5efa6f66096f81e3a2037 (0.00s)
    --- PASS: FuzzStacktrie/59214199c4317b25301b0543eff77d233ceb02e8 (0.00s)
    --- PASS: FuzzStacktrie/5ba93c9db0cff93f52b521d7420e43f6eda2784f (0.00s)
    --- PASS: FuzzStacktrie/5c5c668550beff494af1fa2ab5c955406ea9e616 (0.00s)
    --- PASS: FuzzStacktrie/61d258837fa8b1e3b7049548cdab3f374c83c078 (0.00s)
    --- PASS: FuzzStacktrie/6836b531aefc9f9e3ef48e0e270f6e1c7fb0ce4b (0.00s)
    --- PASS: FuzzStacktrie/684ac6a0504d98d983cc8bdf63fad10415f81843 (0.00s)
    --- PASS: FuzzStacktrie/6859994eb179c152029b66ebb327fb7599378f0f (0.00s)
    --- PASS: FuzzStacktrie/6abf3a6973f245576063da93227463c94c0b1610 (0.00s)
    --- PASS: FuzzStacktrie/6bf1a9dcfd9750987704f9af42de73be067dd1c4 (0.00s)
    --- PASS: FuzzStacktrie/6c78da2b77a4fb3c82b54e52d7ff76c1607d534c (0.00s)
    --- PASS: FuzzStacktrie/6d3caf98691a4ec3fb03f25a3ac0737d65f35d9b (0.00s)
    --- PASS: FuzzStacktrie/6e5951d1d6e902f0cf2e476d88ba4177c6912a93 (0.00s)
    --- PASS: FuzzStacktrie/6eac0791bfda9a0fc0b134246596ef85d0f6f513 (0.00s)
    --- PASS: FuzzStacktrie/6f7dbc3c606aa173cb95b7c7f195be30b5ab00db (0.00s)
    --- PASS: FuzzStacktrie/708481fa0898efde6333dd133e88936208bc011b (0.00s)
    --- PASS: FuzzStacktrie/71853c6197a6a7f222db0f1978c7cb232b87c5ee (0.00s)
    --- PASS: FuzzStacktrie/7229f518d2796bbe703b17dcccf9c8c4b194379e (0.00s)
    --- PASS: FuzzStacktrie/73e5e996631068eca6e51ed335fdf1603681da28 (0.00s)
    --- PASS: FuzzStacktrie/7527878cef737033703708c9439180879ef839c6 (0.00s)
    --- PASS: FuzzStacktrie/7571e43d13aa3a1105480b966319ce3080670758 (0.00s)
    --- PASS: FuzzStacktrie/759f0cf2658c959a072197d2c6558620c7a9a76d (0.00s)
    --- PASS: FuzzStacktrie/7c3b2709049e5d36ce42a89cfa7092bd898c58d7 (0.00s)
    --- PASS: FuzzStacktrie/7d3a51fe9490042c6d7e96bdbf8691df62cd029d (0.00s)
    --- PASS: FuzzStacktrie/7de3e25c362a1415e740123f27d8ad9ee35d5bea (0.00s)
    --- PASS: FuzzStacktrie/7deb946b4f3314a678000f082650d33af6c3e33a (0.00s)
    --- PASS: FuzzStacktrie/7ec6f950f522236667fb7f848b86377bf2ad97eb (0.00s)
    --- PASS: FuzzStacktrie/7faa1f5534b40829621c98fdebc2bac7a4912105 (0.00s)
    --- PASS: FuzzStacktrie/8154d1d06c00c70c42a927aa82d4ac42fac4cbe8 (0.00s)
    --- PASS: FuzzStacktrie/81d47bfe8022b502857ae71e63a68f713ef699ef (0.00s)
    --- PASS: FuzzStacktrie/833ba62b62de34ef72eaea563c632f9ab0673e87 (0.00s)
    --- PASS: FuzzStacktrie/8466fa62fe0c8a0aaa023ce9fb84be161f452c8b (0.00s)
    --- PASS: FuzzStacktrie/84a2f1f20e9f4699d84dc5d55d5f37dd02140535 (0.00s)
    --- PASS: FuzzStacktrie/8614a253eaad5f7fe2bb795614ad1d4647f175b3 (0.00s)
    --- PASS: FuzzStacktrie/894d202811ec693d76f1b8e1f0120a502707b9d2 (0.00s)
    --- PASS: FuzzStacktrie/8a58feb9f630e2100df83e409a9c9950bc2d7f40 (0.00s)
    --- PASS: FuzzStacktrie/8be350477df00779096a81ab3d1b6a68388064ad (0.00s)
    --- PASS: FuzzStacktrie/8c072f90711d7d60806b1ea715f0465b5e108006 (0.00s)
    --- PASS: FuzzStacktrie/8c5be44a9af6fc91e4feeb76cfda778e8c3d32eb (0.00s)
    --- PASS: FuzzStacktrie/90edb80dda1be16c357fff8814784bbcf54062e2 (0.00s)
    --- PASS: FuzzStacktrie/969a9f18cc81b7ffda7c545e4b17fb130afbe642 (0.00s)
    --- PASS: FuzzStacktrie/9a4b86069d9cb600c9b21da0e884539efcf09f69 (0.00s)
    --- PASS: FuzzStacktrie/9b595740f1bc741987386ce6f1ee9699b9b62029 (0.00s)
    --- PASS: FuzzStacktrie/9b5e6441b99c5839abf1430a5add7bef5b2195ba (0.00s)
    --- PASS: FuzzStacktrie/9b9fb0448657d4c2d5a8110d70b869696dccfa33 (0.00s)
    --- PASS: FuzzStacktrie/9de6b3ead702a6d4a3fcafb1470b53c76a31afbd (0.00s)
    --- PASS: FuzzStacktrie/9e4cadf1fb511766bcff0b6224556e5aadca53f0 (0.00s)
    --- PASS: FuzzStacktrie/9ef7eb380835a170799340f4744785fdd1983f6c (0.00s)
    --- PASS: FuzzStacktrie/a1b44535c1f8ff290f96c03583204e9a3eeae713 (0.00s)
    --- PASS: FuzzStacktrie/a21094f1db1830de748ba55338f75e71d43dce27 (0.00s)
    --- PASS: FuzzStacktrie/a31ed8efabe96a8271de0468105d6c10fc7930ef (0.00s)
    --- PASS: FuzzStacktrie/a3ea28f8e3d04c423f97fbfe22dbd0e0b9541dd0 (0.00s)
    --- PASS: FuzzStacktrie/a5645cf87ecf3063a35990a7ae15818747389438 (0.00s)
    --- PASS: FuzzStacktrie/a73ad87b41b6b2ba3c28fdef846e86666be1113b (0.00s)
    --- PASS: FuzzStacktrie/a780c58f6972f7c9f788294477be83ba51527d0f (0.00s)
    --- PASS: FuzzStacktrie/a86683045fd687b2bdfe7409660d876a63b0c4f0 (0.00s)
    --- PASS: FuzzStacktrie/a8910ee8e60c9a804d2570585011bed323c70a7e (0.00s)
    --- PASS: FuzzStacktrie/a98f8679fadf526fa74ff1c850eda3e732489aad (0.00s)
    --- PASS: FuzzStacktrie/ab3efc23190098b494b42391a1d7081e8674301d (0.00s)
    --- PASS: FuzzStacktrie/ab41905462a8d2dba4fb4a450c166710beaa9095 (0.00s)
    --- PASS: FuzzStacktrie/adef5b88561b6462eef5ed7a334d3df7d79dac5b (0.00s)
    --- PASS: FuzzStacktrie/ae9e5fd9e393446b571ec21f785057576a61229a (0.00s)
    --- PASS: FuzzStacktrie/b0061f2506f2cf88945e88aa7774cba8289211ce (0.00s)
    --- PASS: FuzzStacktrie/b19dfa6d77d3b00e981ad60472c450571e952fca (0.00s)
    --- PASS: FuzzStacktrie/b745a69548b2a5ed8fca65a7abc29e1c9a18d358 (0.00s)
    --- PASS: FuzzStacktrie/b7c3a7f129aa4f999f3baea9598f590a6aab3612 (0.00s)
    --- PASS: FuzzStacktrie/ba20f9bf59680546bc4da547b1e61584d4a4c87f (0.00s)
    --- PASS: FuzzStacktrie/bb28624cf46d6a4c855502b958a18e0fcbcc9294 (0.00s)
    --- PASS: FuzzStacktrie/bb8a552bc06244d31f5673c0568df50f287cefd8 (0.00s)
    --- PASS: FuzzStacktrie/bc1cd814f858b727d067cdb9b1f174f26e12c4a6 (0.00s)
    --- PASS: FuzzStacktrie/bd08c3c7b7ca6f2aa7d59afd760beee89d767aed (0.00s)
    --- PASS: FuzzStacktrie/bd5ac410652d1f05b021a88b597cb8d8da124751 (0.00s)
    --- PASS: FuzzStacktrie/bd9b995b141986e0ea982b89ed17bcf6b9f13ab9 (0.00s)
    --- PASS: FuzzStacktrie/bdfe7ff75675f77e8cf37d8576cf47e08f1a897f (0.00s)
    --- PASS: FuzzStacktrie/bf0ad152724e0e1db16869ec2b77b093cd278f9a (0.00s)
    --- PASS: FuzzStacktrie/c0204f9c052758585eacb1dfca4a2a18d478449e (0.00s)
    --- PASS: FuzzStacktrie/c18030c13f9941033aeb609695d23a71e458de5b (0.00s)
    --- PASS: FuzzStacktrie/c231bfe72925af1859ab8d9ff0bfc6b574755ff4 (0.00s)
    --- PASS: FuzzStacktrie/c3b47a2cf9ce6dc6642884c1bb46a2103dae7acb (0.00s)
    --- PASS: FuzzStacktrie/c5bf47c9b07fa85a485d2ecf5ea756d697795ba8 (0.00s)
    --- PASS: FuzzStacktrie/c6c3c64de5383edfbb2e5af91d669915dc8735a3 (0.00s)
    --- PASS: FuzzStacktrie/c75cee87817e52947b0c9147b49f7bd69219041f (0.00s)
    --- PASS: FuzzStacktrie/c7c64017ba863c91f8d67455a385c1a960a60d0c (0.00s)
    --- PASS: FuzzStacktrie/c7e0655e7c365e48c30295a4843daee1dc784131 (0.00s)
    --- PASS: FuzzStacktrie/c891486b718afd6f3a6e83a7202c4a512a0e9006 (0.00s)
    --- PASS: FuzzStacktrie/c9ce1ff55d5bbbd7bc568e7b22353726451f90f6 (0.00s)
    --- PASS: FuzzStacktrie/ca575f6a2caad5b66245914519505839e87704b6 (0.00s)
    --- PASS: FuzzStacktrie/cb5da891cc442425d98015155c07974875024d6e (0.00s)
    --- PASS: FuzzStacktrie/ccd4b437a2ef218a0abfe0b60b7d446cee93075b (0.00s)
    --- PASS: FuzzStacktrie/cf8d8bda7e81fdfef96207bb8888ee2c4f81e760 (0.00s)
    --- PASS: FuzzStacktrie/d07959d10e024709b14a91a8954f81d464a4a249 (0.00s)
    --- PASS: FuzzStacktrie/d16b2edb4f6f64bd2613fdddb782b5c6504844f3 (0.00s)
    --- PASS: FuzzStacktrie/d26bd442a2ef91430367cd9055ea178b39700b69 (0.00s)
    --- PASS: FuzzStacktrie/d516c733f8b03a1bb6010063df2fd2a691fee0a3 (0.00s)
    --- PASS: FuzzStacktrie/d6934e6c48e9234e05b7b4924b3a9d8216163e7e (0.00s)
    --- PASS: FuzzStacktrie/d6f009ca5d755297d3c6937426ed38c9758037a6 (0.00s)
    --- PASS: FuzzStacktrie/d74d4d9a8fa370efb73e9cbe79f5b225439749fe (0.00s)
    --- PASS: FuzzStacktrie/daea79340d3e119bc7bbc7900f3c094d2e250740 (0.00s)
    --- PASS: FuzzStacktrie/db2ddc8c62f3b234ae9c8c25356d4fc823cb79e6 (0.00s)
    --- PASS: FuzzStacktrie/dd1e229f17fa974fc76218f231d253bb7f1d0bd7 (0.00s)
    --- PASS: FuzzStacktrie/e4de3011471e577890f639d2f2579f47a3540848 (0.00s)
    --- PASS: FuzzStacktrie/e4e7ee50cb3b74d1b301609da41f94dfac7db0ef (0.00s)
    --- PASS: FuzzStacktrie/e6555574ba966a2864e80a9c93a2ed1e50b55aa5 (0.00s)
    --- PASS: FuzzStacktrie/e78c21c2d3ceb88e66508be6168b34568f46ca78 (0.00s)
    --- PASS: FuzzStacktrie/e8cf85cbae487d9747d2b74a613a69ee3d231e57 (0.00s)
    --- PASS: FuzzStacktrie/f13f3f9b89727ea227b4a619fb67494b56fa8644 (0.00s)
    --- PASS: FuzzStacktrie/f235cfce8dcd46aee963b3ac9fb924a205bdf7bb (0.00s)
    --- PASS: FuzzStacktrie/f6ba17deb57cdf3c196d93e9b0c58a24afebe6a1 (0.00s)
    --- PASS: FuzzStacktrie/f80010e7f476b44281a30ff42c74ad6c00dc9abe (0.00s)
    --- PASS: FuzzStacktrie/f83b1bf897650288616d1dc2cc1a2a3a9da45e16 (0.00s)
    --- PASS: FuzzStacktrie/f89ce497acd89d5756205e1d6699e46622725a17 (0.00s)
    --- PASS: FuzzStacktrie/f92c784123f625e014d9aa3c4a8a74b53ffffe59 (0.00s)
    --- PASS: FuzzStacktrie/fb96a68829ac346581c096eaf46af1039233c1ac (0.00s)
    --- PASS: FuzzStacktrie/fd25363647144ea08c51120bfe4698120c60283c (0.00s)
    --- PASS: FuzzStacktrie/fd4c9a6d4a9576d3905be6bde5fcd37e3500c9af (0.00s)
    --- PASS: FuzzStacktrie/fdc504ea9d5afc32cbdf41d9aa8f1e699d1e66f6 (0.00s)
    --- PASS: FuzzStacktrie/fe55c5bbf3482b3bd820852a4d25fdc9b01fb6c5 (0.00s)
    --- PASS: FuzzStacktrie/fe5b96f5e88d8d3b8a36a17bf8893e492a240b40 (0.00s)
    --- PASS: FuzzStacktrie/feaab6ced0bb9aac1847e99a29d284ea1c98ba2f (0.00s)
    --- PASS: FuzzStacktrie/fec17dcb1568440439b46b8554b78ae4f953c10f (0.00s)
PASS
coverage: 75.0% of statements
ok  	github.com/morph-l2/go-ethereum/tests/fuzzers/stacktrie	0.078s	coverage: 75.0% of statements
	github.com/morph-l2/go-ethereum/tests/fuzzers/stacktrie/debug		coverage: 0.0% of statements
