=== RUN   FuzzTrie
=== RUN   FuzzTrie/00ed3693bc0403c09321d5027466f5bda1fbd7d3
=== RUN   FuzzTrie/016ceb1233c504c4943c7959d27c282bda803022
=== RUN   FuzzTrie/028a83e11debd958b1a0108b22cd709afeb081e1
=== RUN   FuzzTrie/02ced41c229c9991f679162d6a74694d2e93dea5
=== RUN   FuzzTrie/042955e7b51a8ac94a860b0ccfc65b0b0b0d98ae
=== RUN   FuzzTrie/042aa5d8ef7a206acd83c01f8f269c4a15bd6d42
=== RUN   FuzzTrie/04863f259c0d3a08d999676e2f39db2b064ef96c
=== RUN   FuzzTrie/04f75dd1158c86e32783b5907947df0ddcf38058
=== RUN   FuzzTrie/06288730799de1e0f05ceb3e6eeb73ab3c8e7035
=== RUN   FuzzTrie/0699446afe217800886d21b13fa563151a3f0013
=== RUN   FuzzTrie/06b0b19d98b83d5f2e8357af3360b70343cc9927
=== RUN   FuzzTrie/07ab7311a2322ef306222254fe75b43f00c90149
=== RUN   FuzzTrie/07cff40aa91e3848d898cbe295c433fcda4cfd06
=== RUN   FuzzTrie/081ba925a05f20c3f36866f9a6564d599b04d67a
=== RUN   FuzzTrie/0850031e71d63cdafe6de717d36bf9168690ed73
=== RUN   FuzzTrie/086fca2ad8d329980cf7df2729f0b0a89f43a144
=== RUN   FuzzTrie/0ac57076c96e8d12e1bb8b6099f380474bf0e24f
=== RUN   FuzzTrie/0b1ce592efb1e68b83ad935e1e270810c44cb237
=== RUN   FuzzTrie/0b201302de0578e83cc9d29b204472b6be8833d0
=== RUN   FuzzTrie/0b3eeb61c3ccc53a4204bfa4c53a8c03d8fb6a00
=== RUN   FuzzTrie/0b966b98c71501a98f14489e81377b34614a77bb
=== RUN   FuzzTrie/0c25dd06d158c5b79e47550bd547ba5c48d76bae
=== RUN   FuzzTrie/0d82731b032f04d7d6eb3096dc44725412c49565
=== RUN   FuzzTrie/0df59fbec00c6c2b654ea480dfd381157a80e707
=== RUN   FuzzTrie/0f10eff66f433b4196de422b89f5d6ac65a756d2
=== RUN   FuzzTrie/11e351daf06a03c72123793af4e5961a8d0b516c
=== RUN   FuzzTrie/1293c356a2cabb47ca17ba4334a42837b607117e
=== RUN   FuzzTrie/12e2dae942b6d0771c845cf8c1e5782d8b770ba1
=== RUN   FuzzTrie/139fe0f6823f90a2974a6d4a3f92e7ce2a930386
=== RUN   FuzzTrie/1489c578278c260df50d1a0fc2a6f2c7a4528ad2
=== RUN   FuzzTrie/153fb2a25f22093bbd27bd6a644e19eb3594f953
=== RUN   FuzzTrie/16064765527230bea40155df791b0c5ecc0f2712
=== RUN   FuzzTrie/16e48f3342b39e0f8fbbc2a1811794877ca66434
=== RUN   FuzzTrie/16ec44c128b4fef93288794edde75cc2c8c055ae
=== RUN   FuzzTrie/1790ba1a2a45fcb228f5d9c0d67cb65e25a021ec
=== RUN   FuzzTrie/17d7ff9e1401a1aa1a61b354c4bccedfb341c3e1
=== RUN   FuzzTrie/186479fc7f800162dce4bc994b252fa4ae0a159d
=== RUN   FuzzTrie/188114a366c07485d689e18ae29fc02642e5a12e
=== RUN   FuzzTrie/18b85885b106d1c9c9978dacfdecd969a4d2bb31
=== RUN   FuzzTrie/1962b67cf74c900f27c077fd44603476613aeacb
=== RUN   FuzzTrie/197a1f110675b9f2ae90d04331ddbd5ba63209ee
=== RUN   FuzzTrie/198c29bb869d375c0ef80ddaa11cf5ead44d2391
=== RUN   FuzzTrie/199626cb6e6a4304d7c35cf31c863db14bcc528f
=== RUN   FuzzTrie/19f8a22a9d27bc8eb6600cd0a191e51141790999
=== RUN   FuzzTrie/1a65191f9bbcaf16469abab2f8d95969a697f0d2
=== RUN   FuzzTrie/1bbe1114db86bdcd984fcdbfdccd89a4f2969cd0
=== RUN   FuzzTrie/1bd384d886cfdbc33916f518fc3289519a672261
=== RUN   FuzzTrie/1c8c1196d2f2c9d4aaa5621b2ba9c74314c2f6a2
=== RUN   FuzzTrie/1d68e68081f86b5f016619e69de0dc72d7457c5c
=== RUN   FuzzTrie/202efff4d54ac569dcb99da787586eb9c59bb187
=== RUN   FuzzTrie/205ef63a11619c1a10c5da06b8fc242fcd2e0f8b
=== RUN   FuzzTrie/206e00d30679f22a1f41d5f523c19e2027a7e178
=== RUN   FuzzTrie/228e2fbc5d11dfd3851f85173367475ad727afe2
=== RUN   FuzzTrie/22e44e2c76fdd52b98a84b2b004bc25391ca22ef
=== RUN   FuzzTrie/23fe73e96f84ac6ff6f6b280aa4cb578cb9be6b3
=== RUN   FuzzTrie/247925e4171acd2b9ad4a444c8ab660b520e3be9
=== RUN   FuzzTrie/257543ed2a8a98c53cce43489fdf94aef3d83d82
=== RUN   FuzzTrie/266cc0c20bc92d2b4c7f386286c99ce701fb6bcf
=== RUN   FuzzTrie/26a1efecc9a8123958a6b9c73088f8032c34a395
=== RUN   FuzzTrie/26de92fc594cfb37210127cb3af2c1445b8145cc
=== RUN   FuzzTrie/279eb69b4075196f08c023e7a8108fda87372d73
=== RUN   FuzzTrie/27cdf2a7d1f9961f8271a82c990a9857bca69167
=== RUN   FuzzTrie/27f1f04f8f47f1c0c6e20e85c89f74253715f02c
=== RUN   FuzzTrie/28bea392bda222b853b83ae541f31edd0850b840
=== RUN   FuzzTrie/28e410f937b013c4a2c237e68cfa14a11cd77d6a
=== RUN   FuzzTrie/2993794537df8460cb95b650224d3de0fea0f5b3
=== RUN   FuzzTrie/2a0f8b2b9f9cf76c9372c6944ca13ab0c94ece06
=== RUN   FuzzTrie/2cf337100a94454d3c06d0952a2e54cb1660bfe4
=== RUN   FuzzTrie/2e36161817b3d22fca034decfadfb8436127d623
=== RUN   FuzzTrie/2ea417f121def535f02d7c2d0db65a05fee739f0
=== RUN   FuzzTrie/2efee246ebd1dd73f77a5f2bfe676587075abf4b
=== RUN   FuzzTrie/2f02a6e95a6da64ed715dec28467098a4a561c9f
=== RUN   FuzzTrie/302230b29f25a2ef0d71777bb49ca9d84f549c00
=== RUN   FuzzTrie/309ca0f18ec334fa6e0177656df44b9b43ab2596
=== RUN   FuzzTrie/3128de50471c7996dcebd7c09c23058978cb031e
=== RUN   FuzzTrie/323d917981cbca487c55e7b2d8f3be878a09fa07
=== RUN   FuzzTrie/329451e135854eea401499628d9cbc03b59f1874
=== RUN   FuzzTrie/339fd77cefa17ece395e3e3dcd6a5d356e3478c9
=== RUN   FuzzTrie/358492d3c84dfdabf3a5fd8b66b63e7801abd629
=== RUN   FuzzTrie/36116b52e8df13a81ea53afd61b942c447ff6f22
=== RUN   FuzzTrie/36578d28a497e96a3b11a15dedd8eac7bd6d1115
=== RUN   FuzzTrie/374db8b21c710846262b31a5a6a0fbf351411e40
=== RUN   FuzzTrie/37e7dd471f3720e03e2860682e9c98e8c39dfd1b
=== RUN   FuzzTrie/38aa6994a6fc6d3eb31301c0f471c1565ba609b3
=== RUN   FuzzTrie/38ea8cc1a522d84e174da376de015aa3a59dd6d8
=== RUN   FuzzTrie/390d203bfd9db2bef7c0cb96a4396b5dcae76c71
=== RUN   FuzzTrie/39be1092f0e7bc2da5cb46ee4b9d7d1306e4ebfa
=== RUN   FuzzTrie/3a37da77c05795be80d329d239d4123a24682034
=== RUN   FuzzTrie/3a3b6c7faf80d0d1be02355b0bb1f4355e74827c
=== RUN   FuzzTrie/3adb908be9b281933edad5bd2adcea077286570b
=== RUN   FuzzTrie/3ade4159033822d70e18c682c96aa21be0f50db4
=== RUN   FuzzTrie/3b47f9b67a0745bc76a2c33e2b3faac5b4f4f019
=== RUN   FuzzTrie/3b484d1a5a71b2fa6bf655a2ad5e8d0824a59445
=== RUN   FuzzTrie/3cf0ffe60aa3a9248f745b5cfcfd38a8c9654bd4
=== RUN   FuzzTrie/3d3ee5cdcde6bb5940e447a7914b7eb83d9965f9
=== RUN   FuzzTrie/3d8e5a44045a521bac31592368ef5db35c764ced
=== RUN   FuzzTrie/3eba725f9b228640ca45609c63f5cb53aed7e1a4
=== RUN   FuzzTrie/3fdc107b06159ca820eee3eb044f6e82e7001df1
=== RUN   FuzzTrie/3fe598479c995bd7b6a8860264b1f3b0a5011ccb
=== RUN   FuzzTrie/4030e31128714d33c462975ec2929e805abef437
=== RUN   FuzzTrie/42673abbdc9a4cc15e64188451bc0f8ae7503747
=== RUN   FuzzTrie/428b503c694f609802ca1790794ba0f55b4ea6da
=== RUN   FuzzTrie/42fc753a7ff115e6c23bc21aa8434b9508fab268
=== RUN   FuzzTrie/43076623246d74eea9610b249473a95929187bd2
=== RUN   FuzzTrie/43fb514be44697ef7cd8f415c0c534ba9e54b50c
=== RUN   FuzzTrie/4488b3cbb0284fa69766b5dcf5700113ed5520c9
=== RUN   FuzzTrie/45a41d7ef6af24d1db36588fceeffb77cc33cd98
=== RUN   FuzzTrie/45c375b7ac0bbf5aa02c51cdfb2f82be660b6170
=== RUN   FuzzTrie/4601a7e7ab77120919d9381f557b69afbf01d6ad
=== RUN   FuzzTrie/46bb55539aa14595eae20adaa9dbdb2201643664
=== RUN   FuzzTrie/46cc369581ccd4d63fdf7259335b88950b429fa9
=== RUN   FuzzTrie/472580e2e3d1df6a0383da212b04311308381207
=== RUN   FuzzTrie/483d06aede1a526c8c63a6f199a0daf9af172a8d
=== RUN   FuzzTrie/48b567e1040c6a3c432de2b8a3ab0ce636d3739e
=== RUN   FuzzTrie/4abbc146bda60282129210baf91797cd206f4469
=== RUN   FuzzTrie/4c4117442c8162d73629191d0773120b6359089e
=== RUN   FuzzTrie/4c4ae9d29bfa1072b418258e437e0aa2032f6fcf
=== RUN   FuzzTrie/4d0a5aabbb9a5a733713f603dfe437d30e22a511
=== RUN   FuzzTrie/4d21a30ba7710161353c5229b8e10166ded82a6a
=== RUN   FuzzTrie/4e12d43518d4afae9b04c7db0208692508fb55a5
=== RUN   FuzzTrie/4eb01ff6f4545cbe8dba2754b60f18ffecaa42e2
=== RUN   FuzzTrie/4f2c2ec3cbbc79b4fba3c8edb63fdad27ac3a74e
=== RUN   FuzzTrie/4f8a9d78e88d1a9b55ced429eed73cd45e87d7e5
=== RUN   FuzzTrie/4ff84928839ce98672c70d8ed3e466e944c7338c
=== RUN   FuzzTrie/5141c756d8ccf8107dce1c5a7ce98698254ac848
=== RUN   FuzzTrie/53800911cb49ea7e1425cb05df11b664d082ef91
=== RUN   FuzzTrie/54e2705efe44e56d1f0540db2c1c352925a0a25c
=== RUN   FuzzTrie/5500056c3baf63a84664e8864966c554928f80c5
=== RUN   FuzzTrie/554d2d9b4e89a951a703efe7d12d373716c7fe7f
=== RUN   FuzzTrie/55607aab549059c622e42a08e69af490831fb5aa
=== RUN   FuzzTrie/59692013eaa69d5c0b92d9442773b4590950099a
=== RUN   FuzzTrie/5a30240a137aadbd0fb024feec6f0c4eb7d08195
=== RUN   FuzzTrie/5a5f900a1760241ca0bf348705d0b545efcba8ca
=== RUN   FuzzTrie/5b0aad9acaa27984ae6efefc563086cd54f19ac2
=== RUN   FuzzTrie/5d944709fa39ade358ffdbe00de13ae4a0bcd550
=== RUN   FuzzTrie/5e98219f154e23fd2d7e83520412e2f0c2c6cfa7
=== RUN   FuzzTrie/5eaf2fca4734be658bbc028251023a50c76d11c5
=== RUN   FuzzTrie/5f3e7fd0f77bd0f6214cab9b7c4894c731c541fb
=== RUN   FuzzTrie/5f808f447c5e9a9c5ee56dc60bfa3f2032de3bfd
=== RUN   FuzzTrie/608bc5eae335d07da6e720fdc24730d1516b34ad
=== RUN   FuzzTrie/60b4317f4f94a5a60a75806022ac3e47a3a2638b
=== RUN   FuzzTrie/60fd101090b4cac839903c47b0fd32e21d74067b
=== RUN   FuzzTrie/614ab70edb8ec5c0d262a704d20690af067f42ec
=== RUN   FuzzTrie/61ccc08db6651876b1368369e7d37f6c45055845
=== RUN   FuzzTrie/6239ccf01cc4a68415178dee23f3c17d18f180bc
=== RUN   FuzzTrie/62428a6364166f26bc5cf1344b6848ac1b28d1b3
=== RUN   FuzzTrie/624e0bf53ca5dd126cc3047b6ed5c57066585d89
=== RUN   FuzzTrie/6292eddab5da340faffa71b5005b4b2f7aa5cadc
=== RUN   FuzzTrie/6294a388ca5aa32ce26140997f8c57f3ee2a1f4b
=== RUN   FuzzTrie/62d1e578054bd1dccda5c44048cb685028b13a38
=== RUN   FuzzTrie/641a2b4d0b50ece6af8a5a854db8e7ff057b0183
=== RUN   FuzzTrie/6446652c8c0ba393aa275c62b2383f3498aa33dd
=== RUN   FuzzTrie/64940034b36be6f3bd176013bcb13a51cc542ec6
=== RUN   FuzzTrie/64aa4d534bb0894e3201d40b8c5101b6b372d905
=== RUN   FuzzTrie/64bd5ab068f4f8eccd28abc90743bd31f9350c35
=== RUN   FuzzTrie/64f562b7be8264b547939f4e221d5809d8bc4899
=== RUN   FuzzTrie/6529ff80c582d072568a2d7007b8f334a07d286c
=== RUN   FuzzTrie/66aa4f352c63c9e5dcc1c6c74d2f6af58102a1f1
=== RUN   FuzzTrie/67312029018dba6aeb563bc1a04b0d2e855528b2
=== RUN   FuzzTrie/677e4441bd9240acbbd64c9bbdb90b53da8dc9f5
=== RUN   FuzzTrie/67b7b0ca5a0641242ae1128f9516be9b77e554bf
=== RUN   FuzzTrie/68ac55e9ac923c2cf4a10f3ac3cc817957c3e5d8
=== RUN   FuzzTrie/68cafbb41e3b87b020c042576c3b8e973d299212
=== RUN   FuzzTrie/68dc84bb5da0cdc48fe6fef20608934ad9204c6e
=== RUN   FuzzTrie/69e62127be22f46cf8514929e25bdccc9865a676
=== RUN   FuzzTrie/6a11a9bcb2d8f4849cb99182e65802626b9a39f5
=== RUN   FuzzTrie/6a20d980f46a0ec8fd79d1e19aa0a45a84535adf
=== RUN   FuzzTrie/6b2126543f660079164d89f23aa2234ba84ddb7e
=== RUN   FuzzTrie/6b7e4868bfe192854b5d70da68b983a75d8f8987
=== RUN   FuzzTrie/6c379777e1631962a71826b893bafedd89ffeb74
=== RUN   FuzzTrie/6c64cf1c5b50b1a8b7feaa9f9f895d8735c90f47
=== RUN   FuzzTrie/6d9dd1a75306e6ace59d0a085c2da0efdb6af7d1
=== RUN   FuzzTrie/6dcfd675279df16c87ffc61fd1906122bbd23a35
=== RUN   FuzzTrie/6e9cbf4ecde90c2f89d1398b7ca6f6e08bebe796
=== RUN   FuzzTrie/6ec8fd01075860359d906152a557eac741a72702
=== RUN   FuzzTrie/6f139c18047c077156a1997e9a124027e973c93b
=== RUN   FuzzTrie/6f2fc263f53165b4c719a64102478b77dac97643
=== RUN   FuzzTrie/6fd644026c9729b515617d60685ca13d3264b7ba
=== RUN   FuzzTrie/6feebf68231270ae9311e03db1ffbdeaaa58593e
=== RUN   FuzzTrie/70728ca7ce0f152d8c3279fac1aa02912a1d3f74
=== RUN   FuzzTrie/70ee40eee665dbc4018da8bc8de2236217cd33e3
=== RUN   FuzzTrie/710072b2e2d3c8bd6644b6342008c82b132e1310
=== RUN   FuzzTrie/71b4c8cc30dec41e325b373e2d3b3a596bdcd67a
=== RUN   FuzzTrie/7277c1e6c9a26268c3b2075ac049b45ac36f8ca7
=== RUN   FuzzTrie/72c019db2270d0454b268fffce70d7960c174b93
=== RUN   FuzzTrie/730d7c2315ea3a125f25c580e314d3c2ce619f7d
=== RUN   FuzzTrie/748103d6cd58437dc5d729f94069356528e10326
=== RUN   FuzzTrie/7514a5fdd32772583d407710d91b690185daf485
=== RUN   FuzzTrie/75a20d957ded13ef4c93d6eace3915d33368f83e
=== RUN   FuzzTrie/75d3aed3263a465d4eba5da463bb33a7bd888308
=== RUN   FuzzTrie/75efe14fb741b63ca0bb5d9652597aa6e33ab588
=== RUN   FuzzTrie/76c820ed0b70f77a77e1bab2cdc928c9a4b154ec
=== RUN   FuzzTrie/76fd6bb16edab892d7e24ec85e3cae4ff0077d69
=== RUN   FuzzTrie/7786f21c68fe5028f26424547c1d620f686402bb
=== RUN   FuzzTrie/77e1437ed8e1fc442fb2344a17d8533250423694
=== RUN   FuzzTrie/7868270d1bcf1d06867cc5de2c02875e693b6db9
=== RUN   FuzzTrie/79003a0c915d79bebed6266936dc904b65d163ba
=== RUN   FuzzTrie/790cc4e96a71cd43aaa4f29a8bc6e80e0d199359
=== RUN   FuzzTrie/7a48eab945bff8c52372dd32015c4a7d878dd776
=== RUN   FuzzTrie/7ab25e71b1e345fb3d5324ddb9613c52cce9fb4f
=== RUN   FuzzTrie/7adfb53e9522caa0081f74345792a31a60f0ec6a
=== RUN   FuzzTrie/7b89191bb84c106aa735fad43a16f5eb3b4cee3e
=== RUN   FuzzTrie/7cc64e1c3158395b9be725897086909a66d29225
=== RUN   FuzzTrie/7d300c6e32c82c8e19722eaa1e2577319891d1c6
=== RUN   FuzzTrie/7d81af6c33ebd2ab3d809626505fe427aa228daf
=== RUN   FuzzTrie/7e8bf9257d901efdd8171c447cdb46c14d530565
=== RUN   FuzzTrie/7f64b9e87c9aced12b9b26dadba4bde6a3e8d461
=== RUN   FuzzTrie/7f6bd332b2dfba52b231443939cee82df8a3b401
=== RUN   FuzzTrie/7fb9387d0236b623939330f61b920f12dc12e8eb
=== RUN   FuzzTrie/7fbdc7014078525e9c74b674c72da4b8686099e4
=== RUN   FuzzTrie/817eb00859009487807a75545d5671bdaa625a53
=== RUN   FuzzTrie/81f5cdcd2b6e24e3cecccaf808e555800718fdc3
=== RUN   FuzzTrie/82cc976ee1f2672481913d0084bb296670cc00ad
=== RUN   FuzzTrie/830ec3aea5e72d760ad0034919e5e4283af8a5ea
=== RUN   FuzzTrie/836a0c745a008e9db83e00a3965e170487dd6a36
=== RUN   FuzzTrie/83b02f9f3ec4a4dac8bd2b420bb83dc509fc5f45
=== RUN   FuzzTrie/840c366f1d1ab611168f371689a3c8c86602317e
=== RUN   FuzzTrie/841d101f510331422a0fd78eac3692a565d8ab8d
=== RUN   FuzzTrie/8552272fc65be6d118c14b5ffd51cb2b08453dc3
=== RUN   FuzzTrie/875c3317630d75d9e00acd01c70e2fa5a69f8215
=== RUN   FuzzTrie/881ac490c3e6df7ac155fc14409c68583d1cb65c
=== RUN   FuzzTrie/889e9a358f839639653f2927538bc2cda1546266
=== RUN   FuzzTrie/898e08c284e9f0e7b7ad8373476513758228eef3
=== RUN   FuzzTrie/8a13235e0a5940a0badee107eb9d4f605d8b0190
=== RUN   FuzzTrie/8ab0a08cad0d3da9c436ab702d0103365453ad59
=== RUN   FuzzTrie/8af1f4826ac50a16a397677cc11f2b523039ac17
=== RUN   FuzzTrie/8b1963845f75d84e27deadb8c2cf7d57f787097f
=== RUN   FuzzTrie/8ca5721e6fe009cde4f55087e4f2a6302d21ea62
=== RUN   FuzzTrie/8cde689c887626797b11bcb15241e21f531b7583
=== RUN   FuzzTrie/8d5dde06b73818a24d004cec9678b3ee899a7f52
=== RUN   FuzzTrie/8d8904539eaf504ac3733bdb2db4e64267793268
=== RUN   FuzzTrie/8d92ef70fb0757adb90ecac94d5e5cafdabdd233
=== RUN   FuzzTrie/8fe9fd6c9f54d2ac50d86baf682089b37b436e57
=== RUN   FuzzTrie/922f511fc70049cd4d65efa04b68970588c00f4a
=== RUN   FuzzTrie/9249dbea0f8403513df7b4d2c8ba2628a51a8643
=== RUN   FuzzTrie/93e5df67722f0cd196eeface2d54f4ef4851b64a
=== RUN   FuzzTrie/9452e431c86785ac000c763c2e483ec65e3b357b
=== RUN   FuzzTrie/97b23bad8c1c344c23ec3d42c201811bcc5e0757
=== RUN   FuzzTrie/97eea16a267a5608087731dae187cbcc2dbbac3b
=== RUN   FuzzTrie/9854540b9801f758a1d412224d22a99b02363d98
=== RUN   FuzzTrie/99561ca990d3cfa13d8e9eb32b2222a9ded68ce6
=== RUN   FuzzTrie/99757560b46e3e58c316c059deb9395c50245e54
=== RUN   FuzzTrie/99ded191688cd696271dd70f230755187912c32b
=== RUN   FuzzTrie/9a23c7a78b7eadb3d9f6fffc8b93be6d6c1076bc
=== RUN   FuzzTrie/9a5bd8046fe1cd7715b4872c0ec77daee9933c47
=== RUN   FuzzTrie/9ad36aa113fce7bd8bcafe1b06476b8f5c704a0c
=== RUN   FuzzTrie/9dc9cf66ca19cda7deb2495273c2f4b273012b0b
=== RUN   FuzzTrie/9e51478cb0b998015b47fd414a3cd9689bbbf4f5
=== RUN   FuzzTrie/9eb53ec5303e13eead89757f979d607772eaaf94
=== RUN   FuzzTrie/9f43243b8d61384aeb1d97ad5998f7309713e8e5
=== RUN   FuzzTrie/9fbfc623e47580a7aaf861ef3bddd2d0572d89b0
=== RUN   FuzzTrie/9fc3b0bc879315bba717fb27d2375917f8cc00e2
=== RUN   FuzzTrie/a10c99e2745f951d354c0c845e5481ba46b30d36
=== RUN   FuzzTrie/a138fdaa1e74947ff313cf09df84a1a6a5ec983e
=== RUN   FuzzTrie/a1bad3aae909e341b61dafa92e835b358833de7a
=== RUN   FuzzTrie/a1cb61096013e71b0e3fce07e489f135564ebc01
=== RUN   FuzzTrie/a22396b6b245a2c7e109f5362591d8925e8c725c
=== RUN   FuzzTrie/a27d3cc7242c850460dfdc0dd548f2bf197aaa0e
=== RUN   FuzzTrie/a2dbd4e8d9f507b8a6b5fb16507b5e4ebb9bdc33
=== RUN   FuzzTrie/a3aecd5a57d65916d448655ae671a2c766ceaabf
=== RUN   FuzzTrie/a3cfa071c7edc4b694483e995b17b68f6d107e49
=== RUN   FuzzTrie/a3e0fe89126178197564f3a3a9369a12fb58e920
=== RUN   FuzzTrie/a508eaf30563ecc70a91a47f26e3285df00134ca
=== RUN   FuzzTrie/a57fb4fbf8aac9a6ed028be0152c53ab3f8988ac
=== RUN   FuzzTrie/a59728fa4aa1f98dc0a9a05c0404542d05efb595
=== RUN   FuzzTrie/a63e2f63e690a85f65306a37f19599c6bd5fc9cb
=== RUN   FuzzTrie/a65e6e06f6c52d5619b03b7cf671f1b91e3c094e
=== RUN   FuzzTrie/a78807d3aec278fb172fd55098a0ff4aba648e52
=== RUN   FuzzTrie/a807187d9ad3d20e7a7fb9654a04c65026075e8a
=== RUN   FuzzTrie/aa123191dba323d3562e42ecf0e361b5c3d3db5b
=== RUN   FuzzTrie/aa3a4b21fc4900d9d1ab7fcc0043d9831025a559
=== RUN   FuzzTrie/aab1ca94c9364108e1738f7b1be2ae842f5c83fc
=== RUN   FuzzTrie/aabf8e564c6ef6e86be51bf2d724e50767306ddd
=== RUN   FuzzTrie/ab38dd4f47cfb9f70d909210c6c7504d957fe08a
=== RUN   FuzzTrie/ac0136481d3602c1988f8189c24ed810bc67c5aa
=== RUN   FuzzTrie/ad74aae45fd7d55327bc956e53d2127d7c38d0be
=== RUN   FuzzTrie/adc83b19e793491b1c6ea0fd8b46cd9f32e592fc
=== RUN   FuzzTrie/aec0f48208eee428ea912eab6c22177936b68fcb
=== RUN   FuzzTrie/afd3dbee9325a0b87e35cda26d2e960ccb4f7545
=== RUN   FuzzTrie/b050218e4abf4cac9ffeedad9572f299c6486217
=== RUN   FuzzTrie/b12927f292611d851e692b28f648c5461dc956d7
=== RUN   FuzzTrie/b12bbb1c0754f6d8ba45ce56a3f7a7ab1db215d7
=== RUN   FuzzTrie/b16d2739ac791fca31d89af754d957bee518ea10
=== RUN   FuzzTrie/b17ac64ffee15f11dfc8a79b63bf3a6863f9367d
=== RUN   FuzzTrie/b1868ee7df0d4bdd97aa71ba69448f4d523832c0
=== RUN   FuzzTrie/b193256717415109d179904895a905a27b6f4fd1
=== RUN   FuzzTrie/b30791a2cc4f3dd3fafe280fc80a4ee22514e424
=== RUN   FuzzTrie/b30b0b90d0d33e7c6cd2c09af2a21b7994965e78
=== RUN   FuzzTrie/b3ce269c2ca2e4b712ae0b769156178dab18ed91
=== RUN   FuzzTrie/b4bc8facd7edf86cf00e41a0163a351534ac6a68
=== RUN   FuzzTrie/b509cb3e442cbb9c2d07cfabf7999a58e9f12649
=== RUN   FuzzTrie/b5bfdbede838a1631ea2c1b525fdc89525799290
=== RUN   FuzzTrie/b6ab100d4b3c5e644bb1c04bd64322ac66af0a86
=== RUN   FuzzTrie/b7597d2af7f300d554cb55a82810f72b8a390721
=== RUN   FuzzTrie/b78ad486f4eab75459f8744150ef027272a90a3c
=== RUN   FuzzTrie/b794261d17730a5c8981daf7d22058d25481f554
=== RUN   FuzzTrie/b8744a5e3b06da8637712d35a235758fb136ea83
=== RUN   FuzzTrie/b8748a149133e41599c70830516553cd7fa6e3ef
=== RUN   FuzzTrie/b91163404c22abb4e50e0aee552b272c0d9d853a
=== RUN   FuzzTrie/b94614edb45d00a71b5e2cf7469a494da9b66f58
=== RUN   FuzzTrie/b9e3c676cce2c9a73800018f29950ac57eeb090d
=== RUN   FuzzTrie/bb13982897d5c0626eb35dd9db155b9b81ba682e
=== RUN   FuzzTrie/bb7ed272e18b4cafb2831433035c8a3f6a8fd21e
=== RUN   FuzzTrie/bcca1f05f12ae743dc8b310ce8291cce1015d4d2
=== RUN   FuzzTrie/bd2503e58640833363bc7e549cb25eab8f01209f
=== RUN   FuzzTrie/bd5a27fd7e2aaade6bf4f67097d8fe26baf05880
=== RUN   FuzzTrie/bf0779ac30ffa6f2de5c0373f464c3787cd9a8cd
=== RUN   FuzzTrie/bf6ffca20be7661d20e04ebb46c2302169e34b93
=== RUN   FuzzTrie/bfce55504b261041ce8d4da719b2095c590990cc
=== RUN   FuzzTrie/c0073bc224ef18cc1857a90d57efc5cc70fd5965
=== RUN   FuzzTrie/c20dad9cfceee6d9c8c37b039048f4c3f9611406
=== RUN   FuzzTrie/c3ef0cdefcca6aeee30fde91179d5f1b77de1e89
=== RUN   FuzzTrie/c450c03c6cb9bdf88038d9ae6fb9005013b451bc
=== RUN   FuzzTrie/c658735201769d2ccb3a5b98e88ab6e8800f2bd8
=== RUN   FuzzTrie/c66b410ab25737ce3f62a7e8d5b47e4c736496d6
=== RUN   FuzzTrie/c6c4c92caf4784bf5b6ecedd1e7f9d075fca891b
=== RUN   FuzzTrie/c88a4c8ea5ee8dfa66b928e0d7b65ccb85a72cbb
=== RUN   FuzzTrie/c952792f68015096d40bd3a18fb97fd4c375d4a4
=== RUN   FuzzTrie/ca24c6a6c3e7ad21bf88908c5409ffb7e43eddbe
=== RUN   FuzzTrie/ca63859b9c17bb95dc7aa51c58ab8d3c89b04507
=== RUN   FuzzTrie/caff005640a1c8831b4ad1db02b177664c45a92b
=== RUN   FuzzTrie/cc55f9d632ce8a21c9cecb39e8b0b4a2ca5e3998
=== RUN   FuzzTrie/ccdf930f35af974df61b10391016d523a610471a
=== RUN   FuzzTrie/cdefda014f8b4d974484e5213173ce30e7a0f6d0
=== RUN   FuzzTrie/ce89b2cff1381ababcc9ca2dabdabb00bde4d9ae
=== RUN   FuzzTrie/ce951fede62c54f5e8fd623a5ef618724a855e64
=== RUN   FuzzTrie/cf2a2e4f7721ca7a73e276fd0b71f2eed2ea047a
=== RUN   FuzzTrie/cf51bc790aa5d8f441b15578fc553c2cc3c4a31f
=== RUN   FuzzTrie/cf7b256a0f117235c03fc93b043846450a19f40b
=== RUN   FuzzTrie/cff62e76d34a85cd410384b03ce622e9b4c7ba7c
=== RUN   FuzzTrie/d0c5ddfbe0487a03cab98f2bfef9700fe774ce3a
=== RUN   FuzzTrie/d0f6d396e441f9435f5c001187e3c0b4b4192008
=== RUN   FuzzTrie/d101c09e6ea6aeb8639cd612131d405d93c97a28
=== RUN   FuzzTrie/d1a6f5637f09072b5d2604a11263d387fc4358d1
=== RUN   FuzzTrie/d27746177393f20b5b5f599afb12a49b93b0a7af
=== RUN   FuzzTrie/d2b3ee3f2cc5267d3df49c0cfb06b7e13ff9f5cf
=== RUN   FuzzTrie/d9094a58c1652c49d608d7bdd598582683c0e3df
=== RUN   FuzzTrie/d98e7d8933c7fb331a3a55311b6b98f2a5768f46
=== RUN   FuzzTrie/db208e95ac52628ddeae09838586d95668f9f203
=== RUN   FuzzTrie/db52bb0f3ac50e4da540d1e3064684df58b34eaa
=== RUN   FuzzTrie/dc8ecb44adeeeedce98937317a2bb9669e0a7740
=== RUN   FuzzTrie/dc98629d7e610313b4046e1a55e9e0d8aa0d50f4
=== RUN   FuzzTrie/dccc3947baafcb4d767cecb2727c13573d69bb8c
=== RUN   FuzzTrie/dcf5bf6c63ba8e32483f75660b3a6a0f5d764483
=== RUN   FuzzTrie/dddd62fe246f8c1b9fc3fd1987f44073d920e6c3
=== RUN   FuzzTrie/dde2a641e00165158efc75a9e12571a80ba5c2b9
=== RUN   FuzzTrie/ddfd9c660e568e32c6ed60592abd9f5579f2dfdd
=== RUN   FuzzTrie/de57322c94d6250a3bea525cb79d66d24473c50f
=== RUN   FuzzTrie/de8313237a7d114541ace257f1a0dca199cdaf25
=== RUN   FuzzTrie/df4f333f7c360de1c4d34c857c477bbc2d2b6373
=== RUN   FuzzTrie/dfc7aaebb29f9c63a84ecfbfe165da6947cafd19
=== RUN   FuzzTrie/e084d3d1a6a8bad553b76f8a15632b0f63440966
=== RUN   FuzzTrie/e1be091e6b5b6c5fb4321f54a19d202ca8f23ceb
=== RUN   FuzzTrie/e34bd569aec3ac9867a5c46ce4f64027f8691313
=== RUN   FuzzTrie/e3769550eb094b8f3ce160ca5fa3416d9b9396f3
=== RUN   FuzzTrie/e3a8914252f4e1021f5d277ff5e135795f8be3fd
=== RUN   FuzzTrie/e45d8aa3305932b1f3cfaf3aa54d34577c0f551f
=== RUN   FuzzTrie/e4da6f401670a609f93ebd5726c7aeb560b8ce77
=== RUN   FuzzTrie/e4f20ca5e553e4430adfcaba5229f29d4f7fdb2a
=== RUN   FuzzTrie/e5017dc589ce1eea52f9faee534b5e30443cb5ae
=== RUN   FuzzTrie/e76a12f751a065f792060f97e23b7fd602645af0
=== RUN   FuzzTrie/e793bb58b24cbc8502c2d86f72c04728a78025f2
=== RUN   FuzzTrie/e7c77bda24706a4f83371831abdf06f5a88d9610
=== RUN   FuzzTrie/e7daf3e0816b108e91bd3ebb3818ed961a115306
=== RUN   FuzzTrie/e99c36b1672d995df6a7559794a6e576a39f3068
=== RUN   FuzzTrie/e9caf964443ed2a4e77e692e0ee08ec09b5b68c9
=== RUN   FuzzTrie/ea055cf93c00e42ed0247dc40a90698b8dff2626
=== RUN   FuzzTrie/ea927fec7f5624e82da3ffbee80fa19b6ba0a09e
=== RUN   FuzzTrie/eada2adf04ebb959f115ee2fd57ed97fee76ca14
=== RUN   FuzzTrie/eb1a928bc786c8a509a831c03a068060cdede847
=== RUN   FuzzTrie/ebf665dbb31843dd72250db24be0ceac7f46dd45
=== RUN   FuzzTrie/ecf6c95d47df2123b97c5d8ac93f29998f8e8aa1
=== RUN   FuzzTrie/eebb52d6e5e4dc2f3fcc93099419163850101614
=== RUN   FuzzTrie/f0bc2964c9fe8b138d0375ed5d2948aaae906a64
=== RUN   FuzzTrie/f152f5040b87a6a17b2ca8d0d0c4db86f420030b
=== RUN   FuzzTrie/f1f3b2b2a0a4c1a9312143c0790740f6a1dc9a96
=== RUN   FuzzTrie/f269867a2c6156020a3641d9c9604d242ccf1a3f
=== RUN   FuzzTrie/f318fd2bcf7f6bebfcbaa3f499b7579daabbda28
=== RUN   FuzzTrie/f343b15743f7fd367513aa77287024017348293b
=== RUN   FuzzTrie/f39e6de4e0021db3108dffc4d0c93bf3e0fdcb3a
=== RUN   FuzzTrie/f3caf908a9794276d10d82225c5978246f550513
=== RUN   FuzzTrie/f51423ce438b4af41df14e89bd6371dd2ca46d95
=== RUN   FuzzTrie/f5520098da8edfd850227287754d07b530c66549
=== RUN   FuzzTrie/f6d1f0059c8559ec0bff84b0a61dc076888bc275
=== RUN   FuzzTrie/f7c43e80a116a41ef6a5608f946593ea43fa90a1
=== RUN   FuzzTrie/f82a80b25fb2ddae32896f70db930ad679309f08
=== RUN   FuzzTrie/f8fd1ce272c720862a74ec2770c78576269632d4
=== RUN   FuzzTrie/f91c9908e5a2a03a7e21875a4d2ab7019c7700af
=== RUN   FuzzTrie/fa7e7a113554affa1c121649ca6de7dd0b0f3ad1
=== RUN   FuzzTrie/fa93e85f47237eac7c8c2f2599b4318f1b1a24a8
=== RUN   FuzzTrie/fac41194efa8c160d1c7c19b94d550cc09fb8e7b
=== RUN   FuzzTrie/fb09a9ff372ab46cdf344cbf9292cc4476eee798
=== RUN   FuzzTrie/fc52ee48da965eda51b8dfce33758990b0f777f8
=== RUN   FuzzTrie/fce776cd1a4ddf08dd400b0d17a1bf39a7b816b1
=== RUN   FuzzTrie/ffed218013fbb7d746eb7cea1e0bc8b8cb88d41d
--- PASS: FuzzTrie (0.29s)
    --- PASS: FuzzTrie/00ed3693bc0403c09321d5027466f5bda1fbd7d3 (0.00s)
    --- PASS: FuzzTrie/016ceb1233c504c4943c7959d27c282bda803022 (0.00s)
    --- PASS: FuzzTrie/028a83e11debd958b1a0108b22cd709afeb081e1 (0.00s)
    --- PASS: FuzzTrie/02ced41c229c9991f679162d6a74694d2e93dea5 (0.00s)
    --- PASS: FuzzTrie/042955e7b51a8ac94a860b0ccfc65b0b0b0d98ae (0.00s)
    --- PASS: FuzzTrie/042aa5d8ef7a206acd83c01f8f269c4a15bd6d42 (0.00s)
    --- PASS: FuzzTrie/04863f259c0d3a08d999676e2f39db2b064ef96c (0.00s)
    --- PASS: FuzzTrie/04f75dd1158c86e32783b5907947df0ddcf38058 (0.00s)
    --- PASS: FuzzTrie/06288730799de1e0f05ceb3e6eeb73ab3c8e7035 (0.00s)
    --- PASS: FuzzTrie/0699446afe217800886d21b13fa563151a3f0013 (0.00s)
    --- PASS: FuzzTrie/06b0b19d98b83d5f2e8357af3360b70343cc9927 (0.00s)
    --- PASS: FuzzTrie/07ab7311a2322ef306222254fe75b43f00c90149 (0.00s)
    --- PASS: FuzzTrie/07cff40aa91e3848d898cbe295c433fcda4cfd06 (0.00s)
    --- PASS: FuzzTrie/081ba925a05f20c3f36866f9a6564d599b04d67a (0.00s)
    --- PASS: FuzzTrie/0850031e71d63cdafe6de717d36bf9168690ed73 (0.00s)
    --- PASS: FuzzTrie/086fca2ad8d329980cf7df2729f0b0a89f43a144 (0.00s)
    --- PASS: FuzzTrie/0ac57076c96e8d12e1bb8b6099f380474bf0e24f (0.00s)
    --- PASS: FuzzTrie/0b1ce592efb1e68b83ad935e1e270810c44cb237 (0.00s)
    --- PASS: FuzzTrie/0b201302de0578e83cc9d29b204472b6be8833d0 (0.00s)
    --- PASS: FuzzTrie/0b3eeb61c3ccc53a4204bfa4c53a8c03d8fb6a00 (0.00s)
    --- PASS: FuzzTrie/0b966b98c71501a98f14489e81377b34614a77bb (0.00s)
    --- PASS: FuzzTrie/0c25dd06d158c5b79e47550bd547ba5c48d76bae (0.00s)
    --- PASS: FuzzTrie/0d82731b032f04d7d6eb3096dc44725412c49565 (0.00s)
    --- PASS: FuzzTrie/0df59fbec00c6c2b654ea480dfd381157a80e707 (0.00s)
    --- PASS: FuzzTrie/0f10eff66f433b4196de422b89f5d6ac65a756d2 (0.00s)
    --- PASS: FuzzTrie/11e351daf06a03c72123793af4e5961a8d0b516c (0.00s)
    --- PASS: FuzzTrie/1293c356a2cabb47ca17ba4334a42837b607117e (0.00s)
    --- PASS: FuzzTrie/12e2dae942b6d0771c845cf8c1e5782d8b770ba1 (0.00s)
    --- PASS: FuzzTrie/139fe0f6823f90a2974a6d4a3f92e7ce2a930386 (0.00s)
    --- PASS: FuzzTrie/1489c578278c260df50d1a0fc2a6f2c7a4528ad2 (0.00s)
    --- PASS: FuzzTrie/153fb2a25f22093bbd27bd6a644e19eb3594f953 (0.00s)
    --- PASS: FuzzTrie/16064765527230bea40155df791b0c5ecc0f2712 (0.00s)
    --- PASS: FuzzTrie/16e48f3342b39e0f8fbbc2a1811794877ca66434 (0.00s)
    --- PASS: FuzzTrie/16ec44c128b4fef93288794edde75cc2c8c055ae (0.00s)
    --- PASS: FuzzTrie/1790ba1a2a45fcb228f5d9c0d67cb65e25a021ec (0.00s)
    --- PASS: FuzzTrie/17d7ff9e1401a1aa1a61b354c4bccedfb341c3e1 (0.00s)
    --- PASS: FuzzTrie/186479fc7f800162dce4bc994b252fa4ae0a159d (0.00s)
    --- PASS: FuzzTrie/188114a366c07485d689e18ae29fc02642e5a12e (0.00s)
    --- PASS: FuzzTrie/18b85885b106d1c9c9978dacfdecd969a4d2bb31 (0.00s)
    --- PASS: FuzzTrie/1962b67cf74c900f27c077fd44603476613aeacb (0.00s)
    --- PASS: FuzzTrie/197a1f110675b9f2ae90d04331ddbd5ba63209ee (0.00s)
    --- PASS: FuzzTrie/198c29bb869d375c0ef80ddaa11cf5ead44d2391 (0.00s)
    --- PASS: FuzzTrie/199626cb6e6a4304d7c35cf31c863db14bcc528f (0.00s)
    --- PASS: FuzzTrie/19f8a22a9d27bc8eb6600cd0a191e51141790999 (0.00s)
    --- PASS: FuzzTrie/1a65191f9bbcaf16469abab2f8d95969a697f0d2 (0.00s)
    --- PASS: FuzzTrie/1bbe1114db86bdcd984fcdbfdccd89a4f2969cd0 (0.00s)
    --- PASS: FuzzTrie/1bd384d886cfdbc33916f518fc3289519a672261 (0.00s)
    --- PASS: FuzzTrie/1c8c1196d2f2c9d4aaa5621b2ba9c74314c2f6a2 (0.00s)
    --- PASS: FuzzTrie/1d68e68081f86b5f016619e69de0dc72d7457c5c (0.00s)
    --- PASS: FuzzTrie/202efff4d54ac569dcb99da787586eb9c59bb187 (0.00s)
    --- PASS: FuzzTrie/205ef63a11619c1a10c5da06b8fc242fcd2e0f8b (0.00s)
    --- PASS: FuzzTrie/206e00d30679f22a1f41d5f523c19e2027a7e178 (0.00s)
    --- PASS: FuzzTrie/228e2fbc5d11dfd3851f85173367475ad727afe2 (0.00s)
    --- PASS: FuzzTrie/22e44e2c76fdd52b98a84b2b004bc25391ca22ef (0.00s)
    --- PASS: FuzzTrie/23fe73e96f84ac6ff6f6b280aa4cb578cb9be6b3 (0.00s)
    --- PASS: FuzzTrie/247925e4171acd2b9ad4a444c8ab660b520e3be9 (0.00s)
    --- PASS: FuzzTrie/257543ed2a8a98c53cce43489fdf94aef3d83d82 (0.00s)
    --- PASS: FuzzTrie/266cc0c20bc92d2b4c7f386286c99ce701fb6bcf (0.00s)
    --- PASS: FuzzTrie/26a1efecc9a8123958a6b9c73088f8032c34a395 (0.00s)
    --- PASS: FuzzTrie/26de92fc594cfb37210127cb3af2c1445b8145cc (0.00s)
    --- PASS: FuzzTrie/279eb69b4075196f08c023e7a8108fda87372d73 (0.00s)
    --- PASS: FuzzTrie/27cdf2a7d1f9961f8271a82c990a9857bca69167 (0.00s)
    --- PASS: FuzzTrie/27f1f04f8f47f1c0c6e20e85c89f74253715f02c (0.00s)
    --- PASS: FuzzTrie/28bea392bda222b853b83ae541f31edd0850b840 (0.00s)
    --- PASS: FuzzTrie/28e410f937b013c4a2c237e68cfa14a11cd77d6a (0.00s)
    --- PASS: FuzzTrie/2993794537df8460cb95b650224d3de0fea0f5b3 (0.00s)
    --- PASS: FuzzTrie/2a0f8b2b9f9cf76c9372c6944ca13ab0c94ece06 (0.00s)
    --- PASS: FuzzTrie/2cf337100a94454d3c06d0952a2e54cb1660bfe4 (0.00s)
    --- PASS: FuzzTrie/2e36161817b3d22fca034decfadfb8436127d623 (0.00s)
    --- PASS: FuzzTrie/2ea417f121def535f02d7c2d0db65a05fee739f0 (0.00s)
    --- PASS: FuzzTrie/2efee246ebd1dd73f77a5f2bfe676587075abf4b (0.00s)
    --- PASS: FuzzTrie/2f02a6e95a6da64ed715dec28467098a4a561c9f (0.00s)
    --- PASS: FuzzTrie/302230b29f25a2ef0d71777bb49ca9d84f549c00 (0.01s)
    --- PASS: FuzzTrie/309ca0f18ec334fa6e0177656df44b9b43ab2596 (0.00s)
    --- PASS: FuzzTrie/3128de50471c7996dcebd7c09c23058978cb031e (0.00s)
    --- PASS: FuzzTrie/323d917981cbca487c55e7b2d8f3be878a09fa07 (0.00s)
    --- PASS: FuzzTrie/329451e135854eea401499628d9cbc03b59f1874 (0.00s)
    --- PASS: FuzzTrie/339fd77cefa17ece395e3e3dcd6a5d356e3478c9 (0.00s)
    --- PASS: FuzzTrie/358492d3c84dfdabf3a5fd8b66b63e7801abd629 (0.00s)
    --- PASS: FuzzTrie/36116b52e8df13a81ea53afd61b942c447ff6f22 (0.00s)
    --- PASS: FuzzTrie/36578d28a497e96a3b11a15dedd8eac7bd6d1115 (0.00s)
    --- PASS: FuzzTrie/374db8b21c710846262b31a5a6a0fbf351411e40 (0.01s)
    --- PASS: FuzzTrie/37e7dd471f3720e03e2860682e9c98e8c39dfd1b (0.00s)
    --- PASS: FuzzTrie/38aa6994a6fc6d3eb31301c0f471c1565ba609b3 (0.00s)
    --- PASS: FuzzTrie/38ea8cc1a522d84e174da376de015aa3a59dd6d8 (0.00s)
    --- PASS: FuzzTrie/390d203bfd9db2bef7c0cb96a4396b5dcae76c71 (0.00s)
    --- PASS: FuzzTrie/39be1092f0e7bc2da5cb46ee4b9d7d1306e4ebfa (0.00s)
    --- PASS: FuzzTrie/3a37da77c05795be80d329d239d4123a24682034 (0.00s)
    --- PASS: FuzzTrie/3a3b6c7faf80d0d1be02355b0bb1f4355e74827c (0.00s)
    --- PASS: FuzzTrie/3adb908be9b281933edad5bd2adcea077286570b (0.00s)
    --- PASS: FuzzTrie/3ade4159033822d70e18c682c96aa21be0f50db4 (0.00s)
    --- PASS: FuzzTrie/3b47f9b67a0745bc76a2c33e2b3faac5b4f4f019 (0.00s)
    --- PASS: FuzzTrie/3b484d1a5a71b2fa6bf655a2ad5e8d0824a59445 (0.00s)
    --- PASS: FuzzTrie/3cf0ffe60aa3a9248f745b5cfcfd38a8c9654bd4 (0.00s)
    --- PASS: FuzzTrie/3d3ee5cdcde6bb5940e447a7914b7eb83d9965f9 (0.00s)
    --- PASS: FuzzTrie/3d8e5a44045a521bac31592368ef5db35c764ced (0.00s)
    --- PASS: FuzzTrie/3eba725f9b228640ca45609c63f5cb53aed7e1a4 (0.00s)
    --- PASS: FuzzTrie/3fdc107b06159ca820eee3eb044f6e82e7001df1 (0.00s)
    --- PASS: FuzzTrie/3fe598479c995bd7b6a8860264b1f3b0a5011ccb (0.00s)
    --- PASS: FuzzTrie/4030e31128714d33c462975ec2929e805abef437 (0.00s)
    --- PASS: FuzzTrie/42673abbdc9a4cc15e64188451bc0f8ae7503747 (0.00s)
    --- PASS: FuzzTrie/428b503c694f609802ca1790794ba0f55b4ea6da (0.00s)
    --- PASS: FuzzTrie/42fc753a7ff115e6c23bc21aa8434b9508fab268 (0.00s)
    --- PASS: FuzzTrie/43076623246d74eea9610b249473a95929187bd2 (0.00s)
    --- PASS: FuzzTrie/43fb514be44697ef7cd8f415c0c534ba9e54b50c (0.00s)
    --- PASS: FuzzTrie/4488b3cbb0284fa69766b5dcf5700113ed5520c9 (0.00s)
    --- PASS: FuzzTrie/45a41d7ef6af24d1db36588fceeffb77cc33cd98 (0.00s)
    --- PASS: FuzzTrie/45c375b7ac0bbf5aa02c51cdfb2f82be660b6170 (0.00s)
    --- PASS: FuzzTrie/4601a7e7ab77120919d9381f557b69afbf01d6ad (0.00s)
    --- PASS: FuzzTrie/46bb55539aa14595eae20adaa9dbdb2201643664 (0.00s)
    --- PASS: FuzzTrie/46cc369581ccd4d63fdf7259335b88950b429fa9 (0.00s)
    --- PASS: FuzzTrie/472580e2e3d1df6a0383da212b04311308381207 (0.00s)
    --- PASS: FuzzTrie/483d06aede1a526c8c63a6f199a0daf9af172a8d (0.00s)
    --- PASS: FuzzTrie/48b567e1040c6a3c432de2b8a3ab0ce636d3739e (0.00s)
    --- PASS: FuzzTrie/4abbc146bda60282129210baf91797cd206f4469 (0.00s)
    --- PASS: FuzzTrie/4c4117442c8162d73629191d0773120b6359089e (0.00s)
    --- PASS: FuzzTrie/4c4ae9d29bfa1072b418258e437e0aa2032f6fcf (0.00s)
    --- PASS: FuzzTrie/4d0a5aabbb9a5a733713f603dfe437d30e22a511 (0.00s)
    --- PASS: FuzzTrie/4d21a30ba7710161353c5229b8e10166ded82a6a (0.00s)
    --- PASS: FuzzTrie/4e12d43518d4afae9b04c7db0208692508fb55a5 (0.00s)
    --- PASS: FuzzTrie/4eb01ff6f4545cbe8dba2754b60f18ffecaa42e2 (0.00s)
    --- PASS: FuzzTrie/4f2c2ec3cbbc79b4fba3c8edb63fdad27ac3a74e (0.00s)
    --- PASS: FuzzTrie/4f8a9d78e88d1a9b55ced429eed73cd45e87d7e5 (0.00s)
    --- PASS: FuzzTrie/4ff84928839ce98672c70d8ed3e466e944c7338c (0.00s)
    --- PASS: FuzzTrie/5141c756d8ccf8107dce1c5a7ce98698254ac848 (0.00s)
    --- PASS: FuzzTrie/53800911cb49ea7e1425cb05df11b664d082ef91 (0.00s)
    --- PASS: FuzzTrie/54e2705efe44e56d1f0540db2c1c352925a0a25c (0.00s)
    --- PASS: FuzzTrie/5500056c3baf63a84664e8864966c554928f80c5 (0.00s)
    --- PASS: FuzzTrie/554d2d9b4e89a951a703efe7d12d373716c7fe7f (0.00s)
    --- PASS: FuzzTrie/55607aab549059c622e42a08e69af490831fb5aa (0.00s)
    --- PASS: FuzzTrie/59692013eaa69d5c0b92d9442773b4590950099a (0.00s)
    --- PASS: FuzzTrie/5a30240a137aadbd0fb024feec6f0c4eb7d08195 (0.00s)
    --- PASS: FuzzTrie/5a5f900a1760241ca0bf348705d0b545efcba8ca (0.00s)
    --- PASS: FuzzTrie/5b0aad9acaa27984ae6efefc563086cd54f19ac2 (0.00s)
    --- PASS: FuzzTrie/5d944709fa39ade358ffdbe00de13ae4a0bcd550 (0.00s)
    --- PASS: FuzzTrie/5e98219f154e23fd2d7e83520412e2f0c2c6cfa7 (0.00s)
    --- PASS: FuzzTrie/5eaf2fca4734be658bbc028251023a50c76d11c5 (0.00s)
    --- PASS: FuzzTrie/5f3e7fd0f77bd0f6214cab9b7c4894c731c541fb (0.00s)
    --- PASS: FuzzTrie/5f808f447c5e9a9c5ee56dc60bfa3f2032de3bfd (0.00s)
    --- PASS: FuzzTrie/608bc5eae335d07da6e720fdc24730d1516b34ad (0.00s)
    --- PASS: FuzzTrie/60b4317f4f94a5a60a75806022ac3e47a3a2638b (0.00s)
    --- PASS: FuzzTrie/60fd101090b4cac839903c47b0fd32e21d74067b (0.01s)
    --- PASS: FuzzTrie/614ab70edb8ec5c0d262a704d20690af067f42ec (0.00s)
    --- PASS: FuzzTrie/61ccc08db6651876b1368369e7d37f6c45055845 (0.00s)
    --- PASS: FuzzTrie/6239ccf01cc4a68415178dee23f3c17d18f180bc (0.00s)
    --- PASS: FuzzTrie/62428a6364166f26bc5cf1344b6848ac1b28d1b3 (0.00s)
    --- PASS: FuzzTrie/624e0bf53ca5dd126cc3047b6ed5c57066585d89 (0.00s)
    --- PASS: FuzzTrie/6292eddab5da340faffa71b5005b4b2f7aa5cadc (0.00s)
    --- PASS: FuzzTrie/6294a388ca5aa32ce26140997f8c57f3ee2a1f4b (0.00s)
    --- PASS: FuzzTrie/62d1e578054bd1dccda5c44048cb685028b13a38 (0.00s)
    --- PASS: FuzzTrie/641a2b4d0b50ece6af8a5a854db8e7ff057b0183 (0.01s)
    --- PASS: FuzzTrie/6446652c8c0ba393aa275c62b2383f3498aa33dd (0.00s)
    --- PASS: FuzzTrie/64940034b36be6f3bd176013bcb13a51cc542ec6 (0.00s)
    --- PASS: FuzzTrie/64aa4d534bb0894e3201d40b8c5101b6b372d905 (0.00s)
    --- PASS: FuzzTrie/64bd5ab068f4f8eccd28abc90743bd31f9350c35 (0.00s)
    --- PASS: FuzzTrie/64f562b7be8264b547939f4e221d5809d8bc4899 (0.00s)
    --- PASS: FuzzTrie/6529ff80c582d072568a2d7007b8f334a07d286c (0.00s)
    --- PASS: FuzzTrie/66aa4f352c63c9e5dcc1c6c74d2f6af58102a1f1 (0.00s)
    --- PASS: FuzzTrie/67312029018dba6aeb563bc1a04b0d2e855528b2 (0.00s)
    --- PASS: FuzzTrie/677e4441bd9240acbbd64c9bbdb90b53da8dc9f5 (0.00s)
    --- PASS: FuzzTrie/67b7b0ca5a0641242ae1128f9516be9b77e554bf (0.00s)
    --- PASS: FuzzTrie/68ac55e9ac923c2cf4a10f3ac3cc817957c3e5d8 (0.00s)
    --- PASS: FuzzTrie/68cafbb41e3b87b020c042576c3b8e973d299212 (0.00s)
    --- PASS: FuzzTrie/68dc84bb5da0cdc48fe6fef20608934ad9204c6e (0.00s)
    --- PASS: FuzzTrie/69e62127be22f46cf8514929e25bdccc9865a676 (0.00s)
    --- PASS: FuzzTrie/6a11a9bcb2d8f4849cb99182e65802626b9a39f5 (0.00s)
    --- PASS: FuzzTrie/6a20d980f46a0ec8fd79d1e19aa0a45a84535adf (0.00s)
    --- PASS: FuzzTrie/6b2126543f660079164d89f23aa2234ba84ddb7e (0.00s)
    --- PASS: FuzzTrie/6b7e4868bfe192854b5d70da68b983a75d8f8987 (0.00s)
    --- PASS: FuzzTrie/6c379777e1631962a71826b893bafedd89ffeb74 (0.00s)
    --- PASS: FuzzTrie/6c64cf1c5b50b1a8b7feaa9f9f895d8735c90f47 (0.00s)
    --- PASS: FuzzTrie/6d9dd1a75306e6ace59d0a085c2da0efdb6af7d1 (0.00s)
    --- PASS: FuzzTrie/6dcfd675279df16c87ffc61fd1906122bbd23a35 (0.00s)
    --- PASS: FuzzTrie/6e9cbf4ecde90c2f89d1398b7ca6f6e08bebe796 (0.00s)
    --- PASS: FuzzTrie/6ec8fd01075860359d906152a557eac741a72702 (0.00s)
    --- PASS: FuzzTrie/6f139c18047c077156a1997e9a124027e973c93b (0.00s)
    --- PASS: FuzzTrie/6f2fc263f53165b4c719a64102478b77dac97643 (0.00s)
    --- PASS: FuzzTrie/6fd644026c9729b515617d60685ca13d3264b7ba (0.00s)
    --- PASS: FuzzTrie/6feebf68231270ae9311e03db1ffbdeaaa58593e (0.00s)
    --- PASS: FuzzTrie/70728ca7ce0f152d8c3279fac1aa02912a1d3f74 (0.00s)
    --- PASS: FuzzTrie/70ee40eee665dbc4018da8bc8de2236217cd33e3 (0.00s)
    --- PASS: FuzzTrie/710072b2e2d3c8bd6644b6342008c82b132e1310 (0.00s)
    --- PASS: FuzzTrie/71b4c8cc30dec41e325b373e2d3b3a596bdcd67a (0.00s)
    --- PASS: FuzzTrie/7277c1e6c9a26268c3b2075ac049b45ac36f8ca7 (0.00s)
    --- PASS: FuzzTrie/72c019db2270d0454b268fffce70d7960c174b93 (0.00s)
    --- PASS: FuzzTrie/730d7c2315ea3a125f25c580e314d3c2ce619f7d (0.00s)
    --- PASS: FuzzTrie/748103d6cd58437dc5d729f94069356528e10326 (0.00s)
    --- PASS: FuzzTrie/7514a5fdd32772583d407710d91b690185daf485 (0.00s)
    --- PASS: FuzzTrie/75a20d957ded13ef4c93d6eace3915d33368f83e (0.00s)
    --- PASS: FuzzTrie/75d3aed3263a465d4eba5da463bb33a7bd888308 (0.00s)
    --- PASS: FuzzTrie/75efe14fb741b63ca0bb5d9652597aa6e33ab588 (0.00s)
    --- PASS: FuzzTrie/76c820ed0b70f77a77e1bab2cdc928c9a4b154ec (0.00s)
    --- PASS: FuzzTrie/76fd6bb16edab892d7e24ec85e3cae4ff0077d69 (0.00s)
    --- PASS: FuzzTrie/7786f21c68fe5028f26424547c1d620f686402bb (0.00s)
    --- PASS: FuzzTrie/77e1437ed8e1fc442fb2344a17d8533250423694 (0.00s)
    --- PASS: FuzzTrie/7868270d1bcf1d06867cc5de2c02875e693b6db9 (0.00s)
    --- PASS: FuzzTrie/79003a0c915d79bebed6266936dc904b65d163ba (0.00s)
    --- PASS: FuzzTrie/790cc4e96a71cd43aaa4f29a8bc6e80e0d199359 (0.00s)
    --- PASS: FuzzTrie/7a48eab945bff8c52372dd32015c4a7d878dd776 (0.00s)
    --- PASS: FuzzTrie/7ab25e71b1e345fb3d5324ddb9613c52cce9fb4f (0.00s)
    --- PASS: FuzzTrie/7adfb53e9522caa0081f74345792a31a60f0ec6a (0.00s)
    --- PASS: FuzzTrie/7b89191bb84c106aa735fad43a16f5eb3b4cee3e (0.00s)
    --- PASS: FuzzTrie/7cc64e1c3158395b9be725897086909a66d29225 (0.00s)
    --- PASS: FuzzTrie/7d300c6e32c82c8e19722eaa1e2577319891d1c6 (0.00s)
    --- PASS: FuzzTrie/7d81af6c33ebd2ab3d809626505fe427aa228daf (0.00s)
    --- PASS: FuzzTrie/7e8bf9257d901efdd8171c447cdb46c14d530565 (0.00s)
    --- PASS: FuzzTrie/7f64b9e87c9aced12b9b26dadba4bde6a3e8d461 (0.00s)
    --- PASS: FuzzTrie/7f6bd332b2dfba52b231443939cee82df8a3b401 (0.00s)
    --- PASS: FuzzTrie/7fb9387d0236b623939330f61b920f12dc12e8eb (0.00s)
    --- PASS: FuzzTrie/7fbdc7014078525e9c74b674c72da4b8686099e4 (0.00s)
    --- PASS: FuzzTrie/817eb00859009487807a75545d5671bdaa625a53 (0.00s)
    --- PASS: FuzzTrie/81f5cdcd2b6e24e3cecccaf808e555800718fdc3 (0.00s)
    --- PASS: FuzzTrie/82cc976ee1f2672481913d0084bb296670cc00ad (0.00s)
    --- PASS: FuzzTrie/830ec3aea5e72d760ad0034919e5e4283af8a5ea (0.00s)
    --- PASS: FuzzTrie/836a0c745a008e9db83e00a3965e170487dd6a36 (0.00s)
    --- PASS: FuzzTrie/83b02f9f3ec4a4dac8bd2b420bb83dc509fc5f45 (0.00s)
    --- PASS: FuzzTrie/840c366f1d1ab611168f371689a3c8c86602317e (0.00s)
    --- PASS: FuzzTrie/841d101f510331422a0fd78eac3692a565d8ab8d (0.00s)
    --- PASS: FuzzTrie/8552272fc65be6d118c14b5ffd51cb2b08453dc3 (0.00s)
    --- PASS: FuzzTrie/875c3317630d75d9e00acd01c70e2fa5a69f8215 (0.00s)
    --- PASS: FuzzTrie/881ac490c3e6df7ac155fc14409c68583d1cb65c (0.00s)
    --- PASS: FuzzTrie/889e9a358f839639653f2927538bc2cda1546266 (0.00s)
    --- PASS: FuzzTrie/898e08c284e9f0e7b7ad8373476513758228eef3 (0.00s)
    --- PASS: FuzzTrie/8a13235e0a5940a0badee107eb9d4f605d8b0190 (0.00s)
    --- PASS: FuzzTrie/8ab0a08cad0d3da9c436ab702d0103365453ad59 (0.00s)
    --- PASS: FuzzTrie/8af1f4826ac50a16a397677cc11f2b523039ac17 (0.00s)
    --- PASS: FuzzTrie/8b1963845f75d84e27deadb8c2cf7d57f787097f (0.00s)
    --- PASS: FuzzTrie/8ca5721e6fe009cde4f55087e4f2a6302d21ea62 (0.00s)
    --- PASS: FuzzTrie/8cde689c887626797b11bcb15241e21f531b7583 (0.00s)
    --- PASS: FuzzTrie/8d5dde06b73818a24d004cec9678b3ee899a7f52 (0.00s)
    --- PASS: FuzzTrie/8d8904539eaf504ac3733bdb2db4e64267793268 (0.00s)
    --- PASS: FuzzTrie/8d92ef70fb0757adb90ecac94d5e5cafdabdd233 (0.00s)
    --- PASS: FuzzTrie/8fe9fd6c9f54d2ac50d86baf682089b37b436e57 (0.00s)
    --- PASS: FuzzTrie/922f511fc70049cd4d65efa04b68970588c00f4a (0.00s)
    --- PASS: FuzzTrie/9249dbea0f8403513df7b4d2c8ba2628a51a8643 (0.00s)
    --- PASS: FuzzTrie/93e5df67722f0cd196eeface2d54f4ef4851b64a (0.00s)
    --- PASS: FuzzTrie/9452e431c86785ac000c763c2e483ec65e3b357b (0.00s)
    --- PASS: FuzzTrie/97b23bad8c1c344c23ec3d42c201811bcc5e0757 (0.00s)
    --- PASS: FuzzTrie/97eea16a267a5608087731dae187cbcc2dbbac3b (0.00s)
    --- PASS: FuzzTrie/9854540b9801f758a1d412224d22a99b02363d98 (0.00s)
    --- PASS: FuzzTrie/99561ca990d3cfa13d8e9eb32b2222a9ded68ce6 (0.00s)
    --- PASS: FuzzTrie/99757560b46e3e58c316c059deb9395c50245e54 (0.00s)
    --- PASS: FuzzTrie/99ded191688cd696271dd70f230755187912c32b (0.00s)
    --- PASS: FuzzTrie/9a23c7a78b7eadb3d9f6fffc8b93be6d6c1076bc (0.01s)
    --- PASS: FuzzTrie/9a5bd8046fe1cd7715b4872c0ec77daee9933c47 (0.00s)
    --- PASS: FuzzTrie/9ad36aa113fce7bd8bcafe1b06476b8f5c704a0c (0.00s)
    --- PASS: FuzzTrie/9dc9cf66ca19cda7deb2495273c2f4b273012b0b (0.00s)
    --- PASS: FuzzTrie/9e51478cb0b998015b47fd414a3cd9689bbbf4f5 (0.00s)
    --- PASS: FuzzTrie/9eb53ec5303e13eead89757f979d607772eaaf94 (0.00s)
    --- PASS: FuzzTrie/9f43243b8d61384aeb1d97ad5998f7309713e8e5 (0.00s)
    --- PASS: FuzzTrie/9fbfc623e47580a7aaf861ef3bddd2d0572d89b0 (0.00s)
    --- PASS: FuzzTrie/9fc3b0bc879315bba717fb27d2375917f8cc00e2 (0.00s)
    --- PASS: FuzzTrie/a10c99e2745f951d354c0c845e5481ba46b30d36 (0.00s)
    --- PASS: FuzzTrie/a138fdaa1e74947ff313cf09df84a1a6a5ec983e (0.00s)
    --- PASS: FuzzTrie/a1bad3aae909e341b61dafa92e835b358833de7a (0.00s)
    --- PASS: FuzzTrie/a1cb61096013e71b0e3fce07e489f135564ebc01 (0.00s)
    --- PASS: FuzzTrie/a22396b6b245a2c7e109f5362591d8925e8c725c (0.00s)
    --- PASS: FuzzTrie/a27d3cc7242c850460dfdc0dd548f2bf197aaa0e (0.00s)
    --- PASS: FuzzTrie/a2dbd4e8d9f507b8a6b5fb16507b5e4ebb9bdc33 (0.00s)
    --- PASS: FuzzTrie/a3aecd5a57d65916d448655ae671a2c766ceaabf (0.00s)
    --- PASS: FuzzTrie/a3cfa071c7edc4b694483e995b17b68f6d107e49 (0.00s)
    --- PASS: FuzzTrie/a3e0fe89126178197564f3a3a9369a12fb58e920 (0.00s)
    --- PASS: FuzzTrie/a508eaf30563ecc70a91a47f26e3285df00134ca (0.00s)
    --- PASS: FuzzTrie/a57fb4fbf8aac9a6ed028be0152c53ab3f8988ac (0.00s)
    --- PASS: FuzzTrie/a59728fa4aa1f98dc0a9a05c0404542d05efb595 (0.00s)
    --- PASS: FuzzTrie/a63e2f63e690a85f65306a37f19599c6bd5fc9cb (0.00s)
    --- PASS: FuzzTrie/a65e6e06f6c52d5619b03b7cf671f1b91e3c094e (0.00s)
    --- PASS: FuzzTrie/a78807d3aec278fb172fd55098a0ff4aba648e52 (0.00s)
    --- PASS: FuzzTrie/a807187d9ad3d20e7a7fb9654a04c65026075e8a (0.00s)
    --- PASS: FuzzTrie/aa123191dba323d3562e42ecf0e361b5c3d3db5b (0.00s)
    --- PASS: FuzzTrie/aa3a4b21fc4900d9d1ab7fcc0043d9831025a559 (0.00s)
    --- PASS: FuzzTrie/aab1ca94c9364108e1738f7b1be2ae842f5c83fc (0.00s)
    --- PASS: FuzzTrie/aabf8e564c6ef6e86be51bf2d724e50767306ddd (0.00s)
    --- PASS: FuzzTrie/ab38dd4f47cfb9f70d909210c6c7504d957fe08a (0.00s)
    --- PASS: FuzzTrie/ac0136481d3602c1988f8189c24ed810bc67c5aa (0.00s)
    --- PASS: FuzzTrie/ad74aae45fd7d55327bc956e53d2127d7c38d0be (0.00s)
    --- PASS: FuzzTrie/adc83b19e793491b1c6ea0fd8b46cd9f32e592fc (0.00s)
    --- PASS: FuzzTrie/aec0f48208eee428ea912eab6c22177936b68fcb (0.00s)
    --- PASS: FuzzTrie/afd3dbee9325a0b87e35cda26d2e960ccb4f7545 (0.00s)
    --- PASS: FuzzTrie/b050218e4abf4cac9ffeedad9572f299c6486217 (0.00s)
    --- PASS: FuzzTrie/b12927f292611d851e692b28f648c5461dc956d7 (0.00s)
    --- PASS: FuzzTrie/b12bbb1c0754f6d8ba45ce56a3f7a7ab1db215d7 (0.00s)
    --- PASS: FuzzTrie/b16d2739ac791fca31d89af754d957bee518ea10 (0.00s)
    --- PASS: FuzzTrie/b17ac64ffee15f11dfc8a79b63bf3a6863f9367d (0.00s)
    --- PASS: FuzzTrie/b1868ee7df0d4bdd97aa71ba69448f4d523832c0 (0.00s)
    --- PASS: FuzzTrie/b193256717415109d179904895a905a27b6f4fd1 (0.00s)
    --- PASS: FuzzTrie/b30791a2cc4f3dd3fafe280fc80a4ee22514e424 (0.00s)
    --- PASS: FuzzTrie/b30b0b90d0d33e7c6cd2c09af2a21b7994965e78 (0.00s)
    --- PASS: FuzzTrie/b3ce269c2ca2e4b712ae0b769156178dab18ed91 (0.00s)
    --- PASS: FuzzTrie/b4bc8facd7edf86cf00e41a0163a351534ac6a68 (0.00s)
    --- PASS: FuzzTrie/b509cb3e442cbb9c2d07cfabf7999a58e9f12649 (0.00s)
    --- PASS: FuzzTrie/b5bfdbede838a1631ea2c1b525fdc89525799290 (0.00s)
    --- PASS: FuzzTrie/b6ab100d4b3c5e644bb1c04bd64322ac66af0a86 (0.00s)
    --- PASS: FuzzTrie/b7597d2af7f300d554cb55a82810f72b8a390721 (0.00s)
    --- PASS: FuzzTrie/b78ad486f4eab75459f8744150ef027272a90a3c (0.00s)
    --- PASS: FuzzTrie/b794261d17730a5c8981daf7d22058d25481f554 (0.00s)
    --- PASS: FuzzTrie/b8744a5e3b06da8637712d35a235758fb136ea83 (0.00s)
    --- PASS: FuzzTrie/b8748a149133e41599c70830516553cd7fa6e3ef (0.00s)
    --- PASS: FuzzTrie/b91163404c22abb4e50e0aee552b272c0d9d853a (0.00s)
    --- PASS: FuzzTrie/b94614edb45d00a71b5e2cf7469a494da9b66f58 (0.01s)
    --- PASS: FuzzTrie/b9e3c676cce2c9a73800018f29950ac57eeb090d (0.00s)
    --- PASS: FuzzTrie/bb13982897d5c0626eb35dd9db155b9b81ba682e (0.00s)
    --- PASS: FuzzTrie/bb7ed272e18b4cafb2831433035c8a3f6a8fd21e (0.00s)
    --- PASS: FuzzTrie/bcca1f05f12ae743dc8b310ce8291cce1015d4d2 (0.00s)
    --- PASS: FuzzTrie/bd2503e58640833363bc7e549cb25eab8f01209f (0.00s)
    --- PASS: FuzzTrie/bd5a27fd7e2aaade6bf4f67097d8fe26baf05880 (0.00s)
    --- PASS: FuzzTrie/bf0779ac30ffa6f2de5c0373f464c3787cd9a8cd (0.00s)
    --- PASS: FuzzTrie/bf6ffca20be7661d20e04ebb46c2302169e34b93 (0.00s)
    --- PASS: FuzzTrie/bfce55504b261041ce8d4da719b2095c590990cc (0.00s)
    --- PASS: FuzzTrie/c0073bc224ef18cc1857a90d57efc5cc70fd5965 (0.00s)
    --- PASS: FuzzTrie/c20dad9cfceee6d9c8c37b039048f4c3f9611406 (0.00s)
    --- PASS: FuzzTrie/c3ef0cdefcca6aeee30fde91179d5f1b77de1e89 (0.01s)
    --- PASS: FuzzTrie/c450c03c6cb9bdf88038d9ae6fb9005013b451bc (0.00s)
    --- PASS: FuzzTrie/c658735201769d2ccb3a5b98e88ab6e8800f2bd8 (0.00s)
    --- PASS: FuzzTrie/c66b410ab25737ce3f62a7e8d5b47e4c736496d6 (0.00s)
    --- PASS: FuzzTrie/c6c4c92caf4784bf5b6ecedd1e7f9d075fca891b (0.00s)
    --- PASS: FuzzTrie/c88a4c8ea5ee8dfa66b928e0d7b65ccb85a72cbb (0.01s)
    --- PASS: FuzzTrie/c952792f68015096d40bd3a18fb97fd4c375d4a4 (0.00s)
    --- PASS: FuzzTrie/ca24c6a6c3e7ad21bf88908c5409ffb7e43eddbe (0.00s)
    --- PASS: FuzzTrie/ca63859b9c17bb95dc7aa51c58ab8d3c89b04507 (0.00s)
    --- PASS: FuzzTrie/caff005640a1c8831b4ad1db02b177664c45a92b (0.00s)
    --- PASS: FuzzTrie/cc55f9d632ce8a21c9cecb39e8b0b4a2ca5e3998 (0.00s)
    --- PASS: FuzzTrie/ccdf930f35af974df61b10391016d523a610471a (0.00s)
    --- PASS: FuzzTrie/cdefda014f8b4d974484e5213173ce30e7a0f6d0 (0.00s)
    --- PASS: FuzzTrie/ce89b2cff1381ababcc9ca2dabdabb00bde4d9ae (0.00s)
    --- PASS: FuzzTrie/ce951fede62c54f5e8fd623a5ef618724a855e64 (0.00s)
    --- PASS: FuzzTrie/cf2a2e4f7721ca7a73e276fd0b71f2eed2ea047a (0.00s)
    --- PASS: FuzzTrie/cf51bc790aa5d8f441b15578fc553c2cc3c4a31f (0.00s)
    --- PASS: FuzzTrie/cf7b256a0f117235c03fc93b043846450a19f40b (0.00s)
    --- PASS: FuzzTrie/cff62e76d34a85cd410384b03ce622e9b4c7ba7c (0.00s)
    --- PASS: FuzzTrie/d0c5ddfbe0487a03cab98f2bfef9700fe774ce3a (0.00s)
    --- PASS: FuzzTrie/d0f6d396e441f9435f5c001187e3c0b4b4192008 (0.00s)
    --- PASS: FuzzTrie/d101c09e6ea6aeb8639cd612131d405d93c97a28 (0.00s)
    --- PASS: FuzzTrie/d1a6f5637f09072b5d2604a11263d387fc4358d1 (0.00s)
    --- PASS: FuzzTrie/d27746177393f20b5b5f599afb12a49b93b0a7af (0.00s)
    --- PASS: FuzzTrie/d2b3ee3f2cc5267d3df49c0cfb06b7e13ff9f5cf (0.00s)
    --- PASS: FuzzTrie/d9094a58c1652c49d608d7bdd598582683c0e3df (0.00s)
    --- PASS: FuzzTrie/d98e7d8933c7fb331a3a55311b6b98f2a5768f46 (0.00s)
    --- PASS: FuzzTrie/db208e95ac52628ddeae09838586d95668f9f203 (0.00s)
    --- PASS: FuzzTrie/db52bb0f3ac50e4da540d1e3064684df58b34eaa (0.00s)
    --- PASS: FuzzTrie/dc8ecb44adeeeedce98937317a2bb9669e0a7740 (0.00s)
    --- PASS: FuzzTrie/dc98629d7e610313b4046e1a55e9e0d8aa0d50f4 (0.00s)
    --- PASS: FuzzTrie/dccc3947baafcb4d767cecb2727c13573d69bb8c (0.00s)
    --- PASS: FuzzTrie/dcf5bf6c63ba8e32483f75660b3a6a0f5d764483 (0.00s)
    --- PASS: FuzzTrie/dddd62fe246f8c1b9fc3fd1987f44073d920e6c3 (0.00s)
    --- PASS: FuzzTrie/dde2a641e00165158efc75a9e12571a80ba5c2b9 (0.00s)
    --- PASS: FuzzTrie/ddfd9c660e568e32c6ed60592abd9f5579f2dfdd (0.00s)
    --- PASS: FuzzTrie/de57322c94d6250a3bea525cb79d66d24473c50f (0.00s)
    --- PASS: FuzzTrie/de8313237a7d114541ace257f1a0dca199cdaf25 (0.00s)
    --- PASS: FuzzTrie/df4f333f7c360de1c4d34c857c477bbc2d2b6373 (0.00s)
    --- PASS: FuzzTrie/dfc7aaebb29f9c63a84ecfbfe165da6947cafd19 (0.00s)
    --- PASS: FuzzTrie/e084d3d1a6a8bad553b76f8a15632b0f63440966 (0.00s)
    --- PASS: FuzzTrie/e1be091e6b5b6c5fb4321f54a19d202ca8f23ceb (0.00s)
    --- PASS: FuzzTrie/e34bd569aec3ac9867a5c46ce4f64027f8691313 (0.00s)
    --- PASS: FuzzTrie/e3769550eb094b8f3ce160ca5fa3416d9b9396f3 (0.00s)
    --- PASS: FuzzTrie/e3a8914252f4e1021f5d277ff5e135795f8be3fd (0.00s)
    --- PASS: FuzzTrie/e45d8aa3305932b1f3cfaf3aa54d34577c0f551f (0.00s)
    --- PASS: FuzzTrie/e4da6f401670a609f93ebd5726c7aeb560b8ce77 (0.00s)
    --- PASS: FuzzTrie/e4f20ca5e553e4430adfcaba5229f29d4f7fdb2a (0.00s)
    --- PASS: FuzzTrie/e5017dc589ce1eea52f9faee534b5e30443cb5ae (0.00s)
    --- PASS: FuzzTrie/e76a12f751a065f792060f97e23b7fd602645af0 (0.00s)
    --- PASS: FuzzTrie/e793bb58b24cbc8502c2d86f72c04728a78025f2 (0.00s)
    --- PASS: FuzzTrie/e7c77bda24706a4f83371831abdf06f5a88d9610 (0.00s)
    --- PASS: FuzzTrie/e7daf3e0816b108e91bd3ebb3818ed961a115306 (0.01s)
    --- PASS: FuzzTrie/e99c36b1672d995df6a7559794a6e576a39f3068 (0.00s)
    --- PASS: FuzzTrie/e9caf964443ed2a4e77e692e0ee08ec09b5b68c9 (0.00s)
    --- PASS: FuzzTrie/ea055cf93c00e42ed0247dc40a90698b8dff2626 (0.00s)
    --- PASS: FuzzTrie/ea927fec7f5624e82da3ffbee80fa19b6ba0a09e (0.00s)
    --- PASS: FuzzTrie/eada2adf04ebb959f115ee2fd57ed97fee76ca14 (0.00s)
    --- PASS: FuzzTrie/eb1a928bc786c8a509a831c03a068060cdede847 (0.00s)
    --- PASS: FuzzTrie/ebf665dbb31843dd72250db24be0ceac7f46dd45 (0.00s)
    --- PASS: FuzzTrie/ecf6c95d47df2123b97c5d8ac93f29998f8e8aa1 (0.00s)
    --- PASS: FuzzTrie/eebb52d6e5e4dc2f3fcc93099419163850101614 (0.00s)
    --- PASS: FuzzTrie/f0bc2964c9fe8b138d0375ed5d2948aaae906a64 (0.00s)
    --- PASS: FuzzTrie/f152f5040b87a6a17b2ca8d0d0c4db86f420030b (0.00s)
    --- PASS: FuzzTrie/f1f3b2b2a0a4c1a9312143c0790740f6a1dc9a96 (0.00s)
    --- PASS: FuzzTrie/f269867a2c6156020a3641d9c9604d242ccf1a3f (0.00s)
    --- PASS: FuzzTrie/f318fd2bcf7f6bebfcbaa3f499b7579daabbda28 (0.00s)
    --- PASS: FuzzTrie/f343b15743f7fd367513aa77287024017348293b (0.00s)
    --- PASS: FuzzTrie/f39e6de4e0021db3108dffc4d0c93bf3e0fdcb3a (0.00s)
    --- PASS: FuzzTrie/f3caf908a9794276d10d82225c5978246f550513 (0.00s)
    --- PASS: FuzzTrie/f51423ce438b4af41df14e89bd6371dd2ca46d95 (0.00s)
    --- PASS: FuzzTrie/f5520098da8edfd850227287754d07b530c66549 (0.00s)
    --- PASS: FuzzTrie/f6d1f0059c8559ec0bff84b0a61dc076888bc275 (0.01s)
    --- PASS: FuzzTrie/f7c43e80a116a41ef6a5608f946593ea43fa90a1 (0.00s)
    --- PASS: FuzzTrie/f82a80b25fb2ddae32896f70db930ad679309f08 (0.00s)
    --- PASS: FuzzTrie/f8fd1ce272c720862a74ec2770c78576269632d4 (0.00s)
    --- PASS: FuzzTrie/f91c9908e5a2a03a7e21875a4d2ab7019c7700af (0.00s)
    --- PASS: FuzzTrie/fa7e7a113554affa1c121649ca6de7dd0b0f3ad1 (0.00s)
    --- PASS: FuzzTrie/fa93e85f47237eac7c8c2f2599b4318f1b1a24a8 (0.00s)
    --- PASS: FuzzTrie/fac41194efa8c160d1c7c19b94d550cc09fb8e7b (0.00s)
    --- PASS: FuzzTrie/fb09a9ff372ab46cdf344cbf9292cc4476eee798 (0.00s)
    --- PASS: FuzzTrie/fc52ee48da965eda51b8dfce33758990b0f777f8 (0.00s)
    --- PASS: FuzzTrie/fce776cd1a4ddf08dd400b0d17a1bf39a7b816b1 (0.00s)
    --- PASS: FuzzTrie/ffed218013fbb7d746eb7cea1e0bc8b8cb88d41d (0.00s)
PASS
coverage: 88.1% of statements
ok  	github.com/morph-l2/go-ethereum/tests/fuzzers/trie	0.326s	coverage: 88.1% of statements
