=== RUN   FuzzTxfetcher
=== RUN   FuzzTxfetcher/016c751565707dc52d99b7c2515597f15a379972
=== RUN   FuzzTxfetcher/03176f7ea2ee9e7aa13a8aec9adcfc5b363971ed
=== RUN   FuzzTxfetcher/0463a414ad121428fe84270b21562f29662538d4
=== RUN   FuzzTxfetcher/05a1ae15e2c57fbe591668dd1ec615a5c01987c0
=== RUN   FuzzTxfetcher/068126049497aa6125d942b2468104d2a8daf3bc
=== RUN   FuzzTxfetcher/06853eaa240a81e32dc885a7c978c190b38cd3e7
=== RUN   FuzzTxfetcher/071b6a3f8737b11140994d0650fd9fb70ca2b21a
=== RUN   FuzzTxfetcher/07b52522a3b6648ad600a86720d3d792e599b9bf
=== RUN   FuzzTxfetcher/07f432bda092b883e1d53a7ae720c4b58860adaf
=== RUN   FuzzTxfetcher/0859a99cae60f5fdabe9251095a4245d5db96ef2
=== RUN   FuzzTxfetcher/086a299335965c47982b932a976d3759b6f58c9b
=== RUN   FuzzTxfetcher/08eae7fb9f97d88c3e5609a0606c27fa3f2b45a8
=== RUN   FuzzTxfetcher/09c1292a75ce598b4d1eb8392a83f1018c56457a
=== RUN   FuzzTxfetcher/09ecddd8f6275d3e89bf8dc19c24826f09807edb
=== RUN   FuzzTxfetcher/0a65d3a1f20b2268a105d1dd274bcd7d3e008d65
=== RUN   FuzzTxfetcher/0b227f70acf6080751c5f246bf7f77bcfe0b8b24
=== RUN   FuzzTxfetcher/0b4eb15a3158538aa60c0bf17271158114f13f16
=== RUN   FuzzTxfetcher/0b86b9edb966dfacee0218658d1834dc4630fdcb
=== RUN   FuzzTxfetcher/0e16b60b5634d2dbeb80e7b968986bdb8e15e664
=== RUN   FuzzTxfetcher/0e2ec0d85c0863b20be896eabfca0035d4699e59
=== RUN   FuzzTxfetcher/0ea2674026ef65a77f4a0712a712953863487a81
=== RUN   FuzzTxfetcher/0eb83a447c932c30ee6a7fa25067f5d2547f1211
=== RUN   FuzzTxfetcher/0ef9e3a5c549984b2383bb551b2a73bc4c1b866a
=== RUN   FuzzTxfetcher/0f3c983b3ce877508c4f2e89e968566650c1ab1b
=== RUN   FuzzTxfetcher/109e989e6e0352742b9f540dc266e5465ec915a8
=== RUN   FuzzTxfetcher/10c8138b941656f74fd0238cf5cb5d6fd02922f9
=== RUN   FuzzTxfetcher/11cf752b727ed85bd8da5720ff62719b6e2924ce
=== RUN   FuzzTxfetcher/11fec23971c88d6d1068881efce7ecc403f1e4a4
=== RUN   FuzzTxfetcher/122a658324513dff111d6292aad6d2546b42f6ab
=== RUN   FuzzTxfetcher/123528ba00dcadc3be7e2a76621e70a4c716d836
=== RUN   FuzzTxfetcher/127882de59dc7a1185b08c1ed4865c298f790c71
=== RUN   FuzzTxfetcher/130dd14988be446c794d63007fa8d5782eea6dcc
=== RUN   FuzzTxfetcher/131b0a626e60a48deb445586e35ff4ba38715276
=== RUN   FuzzTxfetcher/132838da65372949814e79d1bcc5d954cfa092ed
=== RUN   FuzzTxfetcher/13a5cd62b0c74c2a1ea3ac5cab257315405757b7
=== RUN   FuzzTxfetcher/1421925c1e6ac71c893c360ea23dad297ee4b0dc
=== RUN   FuzzTxfetcher/14ad182be52cc391449bfe7da4c63bf5de274113
=== RUN   FuzzTxfetcher/1778ae8b392e8e6e871a0c87d65b4f31fef2754d
=== RUN   FuzzTxfetcher/17e3d3f6a3169abaefbe683b31e14fa75465976f
=== RUN   FuzzTxfetcher/1805ee7808e71ed6a0233258082dd8ebb83e229c
=== RUN   FuzzTxfetcher/185bb497d29dbe1f833925ea341868e0136a9f9d
=== RUN   FuzzTxfetcher/18670e5083975e3b334a7f5c6a59e42cf4696ee5
=== RUN   FuzzTxfetcher/1a08a9cd7589c2da0349760c7f7e467692d08356
=== RUN   FuzzTxfetcher/1a26413c7af202e359367effe98a382ea9e36562
=== RUN   FuzzTxfetcher/1a50dafc094b94c90138a2121c20320ad6bf02cb
=== RUN   FuzzTxfetcher/1a5f2aafa7e794b1ba38be627419c2e73c015172
=== RUN   FuzzTxfetcher/1b1ff468fd7de420292e063e47904a1dc3af14ad
=== RUN   FuzzTxfetcher/1bcf9d730d2e7dfda992b0d7e3e37550a35e0b13
=== RUN   FuzzTxfetcher/1c166c5da8015cb8446141a9d4d9800de1bf013f
=== RUN   FuzzTxfetcher/1c1ffe4fc81e4194a22c286a1d44d75974940f80
=== RUN   FuzzTxfetcher/1c69492b3cceb0ba464bd568878566f058298137
=== RUN   FuzzTxfetcher/1de643b23a9f0c161c07ae1abc63b71dff51c4ec
=== RUN   FuzzTxfetcher/1df9d2f19c3672ace3a5ffc3b424f51f07306ff1
=== RUN   FuzzTxfetcher/1ef093605829921827dac548d873509b533938c9
=== RUN   FuzzTxfetcher/1f05a48ce87d83515a70879d2b785091106ba79b
=== RUN   FuzzTxfetcher/2073bcfaadd283b1aa823b4b76b13f078827b27d
=== RUN   FuzzTxfetcher/20915f4252bbfdd439d7876d21b9e5b61595c9b0
=== RUN   FuzzTxfetcher/219510e6fb35f927d2731d8322acdf03db1d5566
=== RUN   FuzzTxfetcher/21fdaf3fa36358fc1304c89e926942ef9dc4df5d
=== RUN   FuzzTxfetcher/2230282918d7a19ad9bdac14ae8bac5dded3f5e6
=== RUN   FuzzTxfetcher/2280a791c23770211ae85dabdeed258d7eb3e136
=== RUN   FuzzTxfetcher/22b3fc8d4ebc214d94561c419df8a544d1cdfeda
=== RUN   FuzzTxfetcher/24ac56ab014e19d19d1f02e6a0a2b55b6e65734e
=== RUN   FuzzTxfetcher/282a4bff8a9360f5b74cc2f48b61098957c75b4d
=== RUN   FuzzTxfetcher/28913968f35b467a737940790e1f08cc18903416
=== RUN   FuzzTxfetcher/2a09ce6ec0bed5dc84b75ae219c7389cb6575a3d
=== RUN   FuzzTxfetcher/2aac04fa09ff365441669bb2a81fa4f0251543ce
=== RUN   FuzzTxfetcher/2b9e8a0a90217dd6227c6d41ecc068d8c1a0a937
=== RUN   FuzzTxfetcher/2c370bd02a5945921913e2d6d4cabb321554e081
=== RUN   FuzzTxfetcher/2ce706c5fe3beff058d6bca262db4f1506e14a2c
=== RUN   FuzzTxfetcher/2d038b18509e4626c2e4e36889b43983c1fece61
=== RUN   FuzzTxfetcher/2e736b123f3bf5ca9ed761a61401c98ee980becd
=== RUN   FuzzTxfetcher/2ee274b6ec376b2230b71e4a42e5889262ceb3d3
=== RUN   FuzzTxfetcher/2f21341669d3f930dff85f4036fe680fdf004a31
=== RUN   FuzzTxfetcher/2fc645b1b4c613ec07887baba0f2e437aa2a6c26
=== RUN   FuzzTxfetcher/31095268fd5b94fffa8a3eafa812e16125b053dd
=== RUN   FuzzTxfetcher/327af97e6342f6f6131a92f130f854ea7f235b8a
=== RUN   FuzzTxfetcher/344473c0a26e70fe43268929aa102ea5e509a4e7
=== RUN   FuzzTxfetcher/35260be7b19602779769261bdd67101e30543caf
=== RUN   FuzzTxfetcher/35d38cc18896014d096f6b8aedc09c6ca3a9e6eb
=== RUN   FuzzTxfetcher/36e9b9c49e26f391c238965f684b82e31423be80
=== RUN   FuzzTxfetcher/37c72ef53214fe99ae49508468076083799ad5b5
=== RUN   FuzzTxfetcher/38d998bbf543aa20dc02ceef71d5383285e56c89
=== RUN   FuzzTxfetcher/395dad9e4efd91a8053d07564b0c566104544cdd
=== RUN   FuzzTxfetcher/3a863582892b94ea3f4e83d6359d82f43a1d9d84
=== RUN   FuzzTxfetcher/3b103cdbc99c9d0388554e53f742ea51ace6a25b
=== RUN   FuzzTxfetcher/3bbe6c532fe0b484c645b93fcfdeada07032579c
=== RUN   FuzzTxfetcher/3c329caac3ad9a19d6c391ef8fef9c4dadcbdede
=== RUN   FuzzTxfetcher/3c908547f889aefdbf846cf0aa3c38c6626982f6
=== RUN   FuzzTxfetcher/3ccc236233c9776f5131a676fdf70a7fd82b6299
=== RUN   FuzzTxfetcher/3dd2e38657611716459ee410d8644ed413a3636f
=== RUN   FuzzTxfetcher/3f10f1676b59dfba5938e3feece84d1cc549c992
=== RUN   FuzzTxfetcher/3fb60fddea1e223b9caf887deab6f1b4c1762b34
=== RUN   FuzzTxfetcher/40b39f2bfbbb343b398447555583139d5abe45eb
=== RUN   FuzzTxfetcher/429ef2dc13d28348068d38e905cb2e11753ff9cf
=== RUN   FuzzTxfetcher/42f35182427248ef763e3676b4cc8c2780971233
=== RUN   FuzzTxfetcher/43e15abd89c120098c15f85bfa0c0c1b11338f34
=== RUN   FuzzTxfetcher/4530660a765d4a068cc76414073a1e747c1bde3a
=== RUN   FuzzTxfetcher/45ee5f2d0c4821bf4122de70317fb49744b412b4
=== RUN   FuzzTxfetcher/463068c7dc1fb6e254d3c23af7bfe46a75f4c2bf
=== RUN   FuzzTxfetcher/4726f16bec14d54f69607fc205b7e647bfb511cf
=== RUN   FuzzTxfetcher/494f127c58f6faf54fb283dd605c5d5a205898ce
=== RUN   FuzzTxfetcher/4ae3663cf046346c2cf388fb9ee2d9ff0045d474
=== RUN   FuzzTxfetcher/4b41fd4242cdd32f1d5173ef0de31033b8be97fe
=== RUN   FuzzTxfetcher/4c5b043caa5d18e5afa68bd860c8f78b0a85e426
=== RUN   FuzzTxfetcher/4ca3737e5fef31eaf7e7869dfc0ca2f459ea1521
=== RUN   FuzzTxfetcher/4cc66e413833c6b1aa4f916f142bfe0b6b6fa634
=== RUN   FuzzTxfetcher/4d602ea01c4d36a543a0e362628327ca14abdefc
=== RUN   FuzzTxfetcher/4da991f985479e100682a6958d26b298b5b36e82
=== RUN   FuzzTxfetcher/4daf71c59969e9473c98865296e230edfbccbdba
=== RUN   FuzzTxfetcher/4ea0391bbc915ecb9d8de01af1a0288365297cdd
=== RUN   FuzzTxfetcher/4ede86e0cc69c5f5598705e0136de334481d1e38
=== RUN   FuzzTxfetcher/4ef41824bbc9655a07c2efdcb6cdd46ccf729215
=== RUN   FuzzTxfetcher/4f66385e20cb71d191eca2e71a132072ee266219
=== RUN   FuzzTxfetcher/4fc8e3de0a4b1a7ab688ffbac196001e70ccf0d4
=== RUN   FuzzTxfetcher/4fe4e5f7655e043574032e6c13004130e5cf5d5f
=== RUN   FuzzTxfetcher/4ff8467a0285695abde558a2fa46a4030335f138
=== RUN   FuzzTxfetcher/5036b004fbeb5a81173f428cae50a55e5c1e79d1
=== RUN   FuzzTxfetcher/50d728a6c0dacd271c841a1472ef802aff9d6b5f
=== RUN   FuzzTxfetcher/528020105f2ebc1a5cdfd212e39d304c48fd2a4c
=== RUN   FuzzTxfetcher/52d8cbe530763001b54d18bbb817215eb66757a1
=== RUN   FuzzTxfetcher/53f6f4ec51b52080b23bc915c649504fd3cb8bbb
=== RUN   FuzzTxfetcher/54b73b6c0bfea4b126d86db317d03006184e287a
=== RUN   FuzzTxfetcher/55104a0027270a9408cb0effe997620d20a226f3
=== RUN   FuzzTxfetcher/570006ff8ca5064163664588f2b17476dc0728b6
=== RUN   FuzzTxfetcher/5715f163a2b33c5aed78009181919a99f71682a6
=== RUN   FuzzTxfetcher/573bdfcb231218227461d839e60c95b29ed3604f
=== RUN   FuzzTxfetcher/578b957b97a2367a1456d1fb413bea7262aabf6a
=== RUN   FuzzTxfetcher/59a445de864fe99bdc962111ab769146ce80dcf5
=== RUN   FuzzTxfetcher/59b85bfef840d992e284bd75fbb047634c22613c
=== RUN   FuzzTxfetcher/5b114db0ee9d619764a1a2d1ca408d941d30372a
=== RUN   FuzzTxfetcher/5b121eacc0024b04de29861546f32b2ea6e1204f
=== RUN   FuzzTxfetcher/5b6a42ec0a19e61319d19b02e152a30fa747e591
=== RUN   FuzzTxfetcher/5dd3db5fc258ceedf224362771c6b20283ad0707
=== RUN   FuzzTxfetcher/5f6c222339eba63727bc7cc1017e861fa0e12b1c
=== RUN   FuzzTxfetcher/62dcdce28746d4088a5c07b9d3541021a229054f
=== RUN   FuzzTxfetcher/63df103738dc8e2217707ec6eba1a08c328eef94
=== RUN   FuzzTxfetcher/63e73701fd5542ec4d79b5b8d01b9887e9484363
=== RUN   FuzzTxfetcher/646c36b611b4a443731a6a71911ca1acf7dcd876
=== RUN   FuzzTxfetcher/64fe44909ee7df4b26b703e461bbbd10b2f194c4
=== RUN   FuzzTxfetcher/66ad7ca5dd9a4dd5525ed9e9f536c7b892e00c7b
=== RUN   FuzzTxfetcher/67085136ec882fb19d5da0c2b12884487eb8356c
=== RUN   FuzzTxfetcher/6746e776aacc94cce0aa29b808606350649e7a3f
=== RUN   FuzzTxfetcher/67cf2d13a6ded11808d97ed485a7ba642de21385
=== RUN   FuzzTxfetcher/6804c7fee783edc5d0c21c486ec6a63e944f5302
=== RUN   FuzzTxfetcher/6859ffb5595635ca963b1e419bca7709ed7dd67d
=== RUN   FuzzTxfetcher/68a18b7616c72b2e524c66d92e9491f0d7b22bb9
=== RUN   FuzzTxfetcher/692f9610b8ded903abdbe2bb1bce9f1ee37c41af
=== RUN   FuzzTxfetcher/696ba21a1ae7c1ee396ed846fa02e6b77dd74a46
=== RUN   FuzzTxfetcher/6bfd45980fd77334ee958b66ff27350175753cfa
=== RUN   FuzzTxfetcher/6c138306739f896eeb15fdd4ebdf146460db2ec0
=== RUN   FuzzTxfetcher/6c203d3500df88e96f1d82193712e22d649f05c8
=== RUN   FuzzTxfetcher/6cb2135522a930be9302475edde2abdfcfc4b8f1
=== RUN   FuzzTxfetcher/6cba402f0c801eb386abb1cfa749294b645b5f09
=== RUN   FuzzTxfetcher/6ee2bbb182035a0a3b44f49be0aa94401c97b3d1
=== RUN   FuzzTxfetcher/6f3b3742fd44daf025ed072d7184976bffafd3d6
=== RUN   FuzzTxfetcher/6f970366da2cc539e80d2c05058aa8c595350ef7
=== RUN   FuzzTxfetcher/6ff30c996a7f06c0cbaca5ba8577e4bf827c1f83
=== RUN   FuzzTxfetcher/70630656476a1bea661130a759d0a896ae3fe08f
=== RUN   FuzzTxfetcher/70da8750bfd780a2dfe428a8c70decb315190704
=== RUN   FuzzTxfetcher/7188a0e4653a4c9d41cbe6d79e61e477ff74e302
=== RUN   FuzzTxfetcher/71c1f22f071c8cd42d6b8c4e72f962334c1d2345
=== RUN   FuzzTxfetcher/7261471f9b2e2be9a197bed004b7759543c4b4ba
=== RUN   FuzzTxfetcher/72cdb5bf7c1fdee37acb506a7140ff577fe7aa37
=== RUN   FuzzTxfetcher/735696a42369873a1eef15329bab22c0ad4c7a64
=== RUN   FuzzTxfetcher/736f787eb945b4500f9c1a9b8581ce9859637b2d
=== RUN   FuzzTxfetcher/73b66cfcd726272478741c1ec9308d6a148906e5
=== RUN   FuzzTxfetcher/74c9667857f3551e17bbc68b20ced815e632b424
=== RUN   FuzzTxfetcher/75a5b4137fce3cccb5051d90308800e43cec1ada
=== RUN   FuzzTxfetcher/76a36e7471151e3911ebbe2ac42a251e1872ac5a
=== RUN   FuzzTxfetcher/7770e7d2e9091effc393657c65475eabdecec6a5
=== RUN   FuzzTxfetcher/785fd4ed83faafe37fdb338188d647e5c436c733
=== RUN   FuzzTxfetcher/78ff43aae516e373c2b1b049260a8bdde0a9ffe4
=== RUN   FuzzTxfetcher/7b30279ae515ee50687098ab43eff8a4382ee057
=== RUN   FuzzTxfetcher/7be5b8145142ce60ac3f5d0d051b688812c94ecd
=== RUN   FuzzTxfetcher/7c97d5831e378dc6eebc3220e95594b2af4d1161
=== RUN   FuzzTxfetcher/7d025e51c6782d9f0b30361b752304172f81ec26
=== RUN   FuzzTxfetcher/7d881ce7a46545d12da79e2a15034fbe116e0bf2
=== RUN   FuzzTxfetcher/7dbdb7aa468ceb18fd78fd871a5f687774b74ac8
=== RUN   FuzzTxfetcher/7dd7be864df0dfd7b6c5913c042cc519103b51f6
=== RUN   FuzzTxfetcher/7e50e232752a36d6838275bbe1aeedfacc09d622
=== RUN   FuzzTxfetcher/7ebae976ce0b9a8806e43960f059a40ce0a94e7b
=== RUN   FuzzTxfetcher/7fa06f2c3e5d738c838ee473b56117e692fd7ff8
=== RUN   FuzzTxfetcher/7fb260ee2b7fb339c645a7488b9b5946950f03f8
=== RUN   FuzzTxfetcher/7ff4ebdca73772d50a3eb0117b41a910721516b9
=== RUN   FuzzTxfetcher/801b18534b36904a2c70da661d647c925d51730f
=== RUN   FuzzTxfetcher/803dadc78466189beec011fc690e07f3704a9df9
=== RUN   FuzzTxfetcher/80f2d60da2c2672b569c21e1bd0dc2d7c521049c
=== RUN   FuzzTxfetcher/81737788dcf395caa876486376f6c6ffd51c21f2
=== RUN   FuzzTxfetcher/81c981d6bfb19835f3df9cfa6324e8a33d0c1744
=== RUN   FuzzTxfetcher/840b4deb395dec65319dd7381a0925ed5210906d
=== RUN   FuzzTxfetcher/845071c26c8fd293a05ef138ac89cd05d8f07d96
=== RUN   FuzzTxfetcher/867210313875e8217c7173c7428e71aa5d74a94a
=== RUN   FuzzTxfetcher/86895f0f7ede44740cb805259718bb6a4da8b084
=== RUN   FuzzTxfetcher/86ffa6ad30168f46526cc34e14a759701c1c2815
=== RUN   FuzzTxfetcher/8738c9baecaa1949b36e3ac9499169ae691ede7f
=== RUN   FuzzTxfetcher/87984393c23b22513052bdbe56ccdbfaa933951d
=== RUN   FuzzTxfetcher/883eadff400a212fc3f12ecf6c246adfe8ecd3c5
=== RUN   FuzzTxfetcher/887269c4a37ab43fcddae044ef15f9363b2c4f4a
=== RUN   FuzzTxfetcher/88d764cf1a7409a31569c184e4774abcf76f75d5
=== RUN   FuzzTxfetcher/8990c2068c256024bef6035f628b9d5de4744b09
=== RUN   FuzzTxfetcher/8a52af25c319f4e2cabf63535b85bdb8ed49fdca
=== RUN   FuzzTxfetcher/8bc9f3bb5cde0921c7b96ab510b179a47e133757
=== RUN   FuzzTxfetcher/8bcce6fa1be65cef7761683a48812d1dc199fd3a
=== RUN   FuzzTxfetcher/8d883f1577ca8c334b7c6d75ccb71209d71ced13
=== RUN   FuzzTxfetcher/8f457d665f8b452d7ebc3b1d57c2938b7adb2f2b
=== RUN   FuzzTxfetcher/902af81d5808d1e4978995dc1d5a60f9775e42dd
=== RUN   FuzzTxfetcher/9069ca78e7450a285173431b3e52c5c25299e473
=== RUN   FuzzTxfetcher/90c850377547c74bf3f13734b56144691d8f9c00
=== RUN   FuzzTxfetcher/91caffc9b533c9fd4ba8046f402465d18237f344
=== RUN   FuzzTxfetcher/922054e7ac0da671061e9ccc03b19476f5c23da1
=== RUN   FuzzTxfetcher/925a2707699102192997466084fbe52a6fbde424
=== RUN   FuzzTxfetcher/9436909966c1e333f76d9dcb010f6da5d6102de2
=== RUN   FuzzTxfetcher/94bc1562f1988db02598e2640edeaee60bda6229
=== RUN   FuzzTxfetcher/95378793ee2a95761eee5d8397c487881fe5c513
=== RUN   FuzzTxfetcher/954cd2c441bf9a6d7e2d683e4747b3d447c9c445
=== RUN   FuzzTxfetcher/96332ea641cc37a12e269f30477b3cd734f94ef1
=== RUN   FuzzTxfetcher/97b64f51c7e7e389831a83e95103771b0a09458b
=== RUN   FuzzTxfetcher/987a0ffbf354b75e887da67397b0122bee901068
=== RUN   FuzzTxfetcher/9892b7e6707ac7e6bcc308c0c569e94c61c2f828
=== RUN   FuzzTxfetcher/9926f1739de1e5788daedc00d45b04c25b871fac
=== RUN   FuzzTxfetcher/996955fe26af00a3de71820ac517c910c10d48ff
=== RUN   FuzzTxfetcher/9aa5438c924cf7064cadb365d9186d543d96c02d
=== RUN   FuzzTxfetcher/9be3361af0522722c244880893c0fef1ef83302b
=== RUN   FuzzTxfetcher/9c748f99943e8daa0be7b68aa3fb71695dc32c54
=== RUN   FuzzTxfetcher/9c79cb81439e50e0aff52950ab71ad5a329cf52e
=== RUN   FuzzTxfetcher/9cf56eec4b36c07411441876b2e84e91055e496c
=== RUN   FuzzTxfetcher/9d7b1658eafb28172f2565d7773d0424f61d8d4c
=== RUN   FuzzTxfetcher/9d96810fbb03d6bcd9a6cbadbfa547b65e2a3b04
=== RUN   FuzzTxfetcher/9e9eed5c012830dbe04a0fba0b26731687a003a6
=== RUN   FuzzTxfetcher/9edf3f91256f59ecab92908b99b9742d484a3829
=== RUN   FuzzTxfetcher/9efbaafe963548bd70dc12a4f8d47c69976bb132
=== RUN   FuzzTxfetcher/9f12cf2fe770cf99f366b128d372fa60bf92d254
=== RUN   FuzzTxfetcher/a07baef988b8a681efc4f273e4769f896c3afd4d
=== RUN   FuzzTxfetcher/a27ed24ec59f4f290348becffb900bb49ee2c1fd
=== RUN   FuzzTxfetcher/a32eaf851a56b29dad52a150314f49648aa1e427
=== RUN   FuzzTxfetcher/a3ef548e06dcb7c61f09fef40e618971ab647cdb
=== RUN   FuzzTxfetcher/a411d464777d5b5c9e24c867defea6f820180794
=== RUN   FuzzTxfetcher/a47753447ee6cbcc470555f758cf54020c89504d
=== RUN   FuzzTxfetcher/a4906516ebf47835605bb78ec679325c164516bc
=== RUN   FuzzTxfetcher/a4ac178f5c7980a7e9d1d4cf49dadcc0217bc75d
=== RUN   FuzzTxfetcher/a688a70271ecb55499d2666e5b58eba4bc91c8a5
=== RUN   FuzzTxfetcher/a6ce53cd9e7bafcee41c8677d9ba6e686a473f34
=== RUN   FuzzTxfetcher/a72bdccda519e1fa24e55814dba1747a364b6d1e
=== RUN   FuzzTxfetcher/a816bd089c33347f676e75de1a722863fd13ce6b
=== RUN   FuzzTxfetcher/a88f2d295f9c09c3bcbe49077bbaf2c36d0514ae
=== RUN   FuzzTxfetcher/a8ac00e031cb8f613a49b89419f6eb2d2602118e
=== RUN   FuzzTxfetcher/a969ffe2f1bec5f727669d899d1ecdfe15ad14ec
=== RUN   FuzzTxfetcher/aa2d8345cdf201e6edfe9fec9e6f9ae14427b4b4
=== RUN   FuzzTxfetcher/acec59b1849c69b2a9754a8b588de4919bfeb6ca
=== RUN   FuzzTxfetcher/adb0fe5737436ae0f774a531fa17153112e7eb4f
=== RUN   FuzzTxfetcher/aed2aa43dce69e783e7f86c5d927a2b2b8e2c565
=== RUN   FuzzTxfetcher/aeebb861be7aff74ff644f3781ece2643598f164
=== RUN   FuzzTxfetcher/af13164320f7b4c4277076e366e1b9c730bc009c
=== RUN   FuzzTxfetcher/af19d560e2763f2911b5a8e4d505ae94c7d8cdeb
=== RUN   FuzzTxfetcher/af8e5817d0e1a40aaf77837a4f6f8eb9820482d7
=== RUN   FuzzTxfetcher/b06a8aa9180ea7f0825eebcd6dfad005fd65868a
=== RUN   FuzzTxfetcher/b190fee6cce2aeffe9f11c174833f40656d74d0a
=== RUN   FuzzTxfetcher/b1ccf83a2cbf1ece450c3b960186e0e270b5ede1
=== RUN   FuzzTxfetcher/b3aede28f7425245b8c5b89ca6ac39b3c6e37e17
=== RUN   FuzzTxfetcher/b508997c7520870bf45e0002e0b80ce26e7c1588
=== RUN   FuzzTxfetcher/b7137ffb46465542c7c5dcd007dca9d70432134d
=== RUN   FuzzTxfetcher/b71774bfe79c0b3c944117049bac35841795da03
=== RUN   FuzzTxfetcher/b74d101e0080ebc87521213a6898d4ad081dc75c
=== RUN   FuzzTxfetcher/b7b8df6b89d574ffb416b1dee8c797b85980210f
=== RUN   FuzzTxfetcher/b7c4ed36f97ae5877faceadf30906f06820df4bd
=== RUN   FuzzTxfetcher/b85c93eddbc5561078f4fd41168efd5f3f76f424
=== RUN   FuzzTxfetcher/b8ac4a12c6fe280e6fbcef94885568f9662a8d52
=== RUN   FuzzTxfetcher/bb751b2da0692acaef37e9de82a10bc0818515ea
=== RUN   FuzzTxfetcher/bc1e06b35402015f599ff0b527d2313302bdd173
=== RUN   FuzzTxfetcher/bcb956cd6e71aeb5e94e89d99ff6149018502286
=== RUN   FuzzTxfetcher/bcfff9685aa4983d2825f7c1a746301efe02a98c
=== RUN   FuzzTxfetcher/bd813081afa65ad1c48ba8ccc9ffca6fd1dda993
=== RUN   FuzzTxfetcher/bdda5b3efd70a8e867791eebc441e8d8659a13b2
=== RUN   FuzzTxfetcher/bde5a900a11bcd99dfdc018ce146911a959ab6b0
=== RUN   FuzzTxfetcher/bee26e246bd6107ba541e447b1e7aea926aeb197
=== RUN   FuzzTxfetcher/bf58fc395f485bd80a655ca9b8c43213cf978298
=== RUN   FuzzTxfetcher/bfbb1dbe54403432857a2dedba28266df4e0f8c4
=== RUN   FuzzTxfetcher/c10c12c4617b834f457e5a17a0ad6471f096c52f
=== RUN   FuzzTxfetcher/c1a405a44b41cc1453373641ec305d3a22e322f5
=== RUN   FuzzTxfetcher/c20a4ac6c866a5bde4dc019c16cb498998ebc8aa
=== RUN   FuzzTxfetcher/c2f4a25ffdfa07b7951a654eee4a325b78466557
=== RUN   FuzzTxfetcher/c325bc2b9d415a0dfbe2bea1ed6b1e3e433919ee
=== RUN   FuzzTxfetcher/c397bafb231df8158fba68839b19b41101ef3294
=== RUN   FuzzTxfetcher/c3cd636897c651301fcd42c850171c46962ca344
=== RUN   FuzzTxfetcher/c40b3bf8558a019b1b3efe34ba689f606c1b3b57
=== RUN   FuzzTxfetcher/c575903ee13862923d8b737d362ec60313f641da
=== RUN   FuzzTxfetcher/c6c76c13e47de520793a16cf08fe97ee82768920
=== RUN   FuzzTxfetcher/c8c2bbb50ec8215890557841868a051b0749993e
=== RUN   FuzzTxfetcher/c93cf9a3822fcecb025e81a0ecfdd21caf5aaf8c
=== RUN   FuzzTxfetcher/c941a5813c2d2bd87e7a3d413ee053866acfb4e6
=== RUN   FuzzTxfetcher/cae7b041f69bd63f2e5473b995c40a850f8667fe
=== RUN   FuzzTxfetcher/cbfe8af4d160b13f702a7f77510d865bf9e1abc2
=== RUN   FuzzTxfetcher/cd71a49ea24564a1ac351485081b1d74452e439d
=== RUN   FuzzTxfetcher/cdd40c8de3c07f51f9ec72a0fcad7754a1878374
=== RUN   FuzzTxfetcher/ce0080730a3906bb68a5d20d3d2f9d85fa89664d
=== RUN   FuzzTxfetcher/ce64da09607d05459cb91145c63c3ae82a01bc32
=== RUN   FuzzTxfetcher/ce8e11f7e9f7e53057e18aaf02ec4f33cf91429b
=== RUN   FuzzTxfetcher/cf7bf84d7a70b4488512ce8d5a306ddb6a2fcc95
=== RUN   FuzzTxfetcher/d041f2180ba738418c443bd628e9b8de02261dbb
=== RUN   FuzzTxfetcher/d0a1a244c214572348c4cd35ae4723220a9a7240
=== RUN   FuzzTxfetcher/d149d7856597b73bb6da69fe6e9700591cebf400
=== RUN   FuzzTxfetcher/d300af62d9383a0c7f4c78978c2fdd77ad287f41
=== RUN   FuzzTxfetcher/d31d0c2c1935f2df0c464f02c2b95840e9277eed
=== RUN   FuzzTxfetcher/d3b1609384d6033db0bfee19cdd0d77fbd4eab95
=== RUN   FuzzTxfetcher/d3e8cef757f81a64f6fc480163ed88c254658840
=== RUN   FuzzTxfetcher/d51d12be9c2c53315b43dcaee9721683274265aa
=== RUN   FuzzTxfetcher/d555eae6b16656d4aec8aa288ef16000c1dc9635
=== RUN   FuzzTxfetcher/d724c722edc6d066c590f374b6ce856b844f2d32
=== RUN   FuzzTxfetcher/d7ee8d9377229dbe84ea6c7e970b7a626801865b
=== RUN   FuzzTxfetcher/d8152d3a8c2f1e0c110acecbedda32c54e37c465
=== RUN   FuzzTxfetcher/d8219c57704e4115404c7d5fe5559326b58b5949
=== RUN   FuzzTxfetcher/d8ec5dfc8f8660c1d2cffd48b7b7428c89f62596
=== RUN   FuzzTxfetcher/d90426ddaaf376b4080f05fc70b306e5aab198df
=== RUN   FuzzTxfetcher/d96b758eb0f18031f759c34f40ca56950ee67354
=== RUN   FuzzTxfetcher/d9b6e40e6cd7d7fc671c7adf269e754963ce828d
=== RUN   FuzzTxfetcher/d9f8b170c1820f8a677dd5a34037ec36fe3c0984
=== RUN   FuzzTxfetcher/da608271855b2b80f5e6d9951285e2560f76c7b0
=== RUN   FuzzTxfetcher/da61b4f28d6c9369cdda9a2541efb4c6c8b47814
=== RUN   FuzzTxfetcher/da901efcaa683a5ef3cfa2e8b2eaaa507cd03ba0
=== RUN   FuzzTxfetcher/db8bac74af7e08c26826dac27829dd6843428b3a
=== RUN   FuzzTxfetcher/dbb4c1750f1c75b889f3c63a6a9b82abcc71689c
=== RUN   FuzzTxfetcher/dd12072256d492cd889f147a2c8c8e2d9cc73f26
=== RUN   FuzzTxfetcher/dd80851b5c5f80240da4a7d794e4eadaee797133
=== RUN   FuzzTxfetcher/ddbd188652148364b0581a446208b3c9a08ed208
=== RUN   FuzzTxfetcher/dde50f6925164102efee2ad40fd1b4121241b141
=== RUN   FuzzTxfetcher/de06c6aef62f64acbf957192ae50d3526ff4d5d7
=== RUN   FuzzTxfetcher/deb4990069fb83d0a92e987d3b00e7806278eada
=== RUN   FuzzTxfetcher/dec4afc2982a6db44cb1e18be52132f17f0b42b5
=== RUN   FuzzTxfetcher/df1a4251c7ef5e5a51700b10260342cf8463c4ce
=== RUN   FuzzTxfetcher/e09ef251099259bdfa08fff3da910abb17971a3a
=== RUN   FuzzTxfetcher/e11d1c0a07c10c532f695cb6be45dd3a1e5a31a9
=== RUN   FuzzTxfetcher/e1c74b8ddb392349bbf53dd92bd947e848055d3e
=== RUN   FuzzTxfetcher/e2a30039e00f7ffb996ee251090ea693c7b197e7
=== RUN   FuzzTxfetcher/e30277f2a9787805f8b5b6361097cd13dda0b86d
=== RUN   FuzzTxfetcher/e4b038154d754000ce12cf4a59daeb8bf4c8ebf4
=== RUN   FuzzTxfetcher/e71d4e7457b17854dc22719b2838cef7abb66451
=== RUN   FuzzTxfetcher/e7413c9bad8c39c32c28fda1ad5f0317698ef6b8
=== RUN   FuzzTxfetcher/e86045d6cc8519bc5721ca9131d341928edc4d48
=== RUN   FuzzTxfetcher/e9d6e78db2862da7fb8f6d37d45838f4037c6e65
=== RUN   FuzzTxfetcher/eaa0772ce4b5d71be8b2c992ca7e5ba40bd12e8b
=== RUN   FuzzTxfetcher/eb1d195b2d9560c55a1d9b98cb928c7edb5f012a
=== RUN   FuzzTxfetcher/eb783f2118139d1afcc4648a66cff0a03fb634cb
=== RUN   FuzzTxfetcher/eb7a31020545c012d3eece8814dc14a95d7ca002
=== RUN   FuzzTxfetcher/ebe2cf9badf9c4878e78c20034ff7ac4e123809e
=== RUN   FuzzTxfetcher/ecbf2bc1acbf54717db71ac7da2d5a1f0726e90e
=== RUN   FuzzTxfetcher/ed66d992856bc4e20c55a8e99d57fef1e9a136e7
=== RUN   FuzzTxfetcher/ee296f611ddd75bd00d8b0082e96f9570a785f2e
=== RUN   FuzzTxfetcher/ee98efd25f1b754f0304e17287fed4be448c153b
=== RUN   FuzzTxfetcher/eed5b3c2f2e28be7d5bf59064e109a427b7b49b7
=== RUN   FuzzTxfetcher/eedc18e6483deb4a17edb0b5042db69e10612a7e
=== RUN   FuzzTxfetcher/ef42317831c811911cade9d18821a6db3e9f6c28
=== RUN   FuzzTxfetcher/f01f3e18736b51ec23aab07f60dfcb20ac05d242
=== RUN   FuzzTxfetcher/f14709e080382fdcdeb4ef5bca973dea387496f2
=== RUN   FuzzTxfetcher/f1db45fb83c42c9f7e7021ce1354601e783cdd27
=== RUN   FuzzTxfetcher/f21c89640d40a3ca08f0a63654139bc80d7f9dcd
=== RUN   FuzzTxfetcher/f240c56b8ed7e3e341f8da47c31ece2a19187371
=== RUN   FuzzTxfetcher/f24b7ef1b87b650f7a177d6bc60ed513f7ececc9
=== RUN   FuzzTxfetcher/f26494257a1403618ab7bb76e95a8396d236585b
=== RUN   FuzzTxfetcher/f29cec691a23a823ff77ad5d44727014fd2cb6ad
=== RUN   FuzzTxfetcher/f30bef0787eb36094defd56ba4df631db898b3fa
=== RUN   FuzzTxfetcher/f393c21d0ffa799f6323d732b25d92ebb24c1645
=== RUN   FuzzTxfetcher/f3d7358a6c315a3f78f1637b23f48560ef74af42
=== RUN   FuzzTxfetcher/f41ca6f0ee8629f92a1e3e8180d0a40f17f5712b
=== RUN   FuzzTxfetcher/f5914f5bdf52d59b470f3f3757288705d275619c
=== RUN   FuzzTxfetcher/f6d155cd9e8fb6f80c3c42ecea236ed7714ff20a
=== RUN   FuzzTxfetcher/f70be8dae23e7d54f4f76b7faef2878c3006dba2
=== RUN   FuzzTxfetcher/f9817158705204bbf694b26d274bdd6c83fab379
=== RUN   FuzzTxfetcher/fad6ec206a54b01fddf3bf595e484296c924b4b8
=== RUN   FuzzTxfetcher/fb0a2f4054e95580ee8df1a2066e9fde32b46b49
=== RUN   FuzzTxfetcher/fc40bddd7237b20e2f604cd07ce4308e30adb8cb
=== RUN   FuzzTxfetcher/ffc54ca808e7666f250133ad0ae2185ad688a826
--- PASS: FuzzTxfetcher (0.09s)
    --- PASS: FuzzTxfetcher/016c751565707dc52d99b7c2515597f15a379972 (0.00s)
    --- PASS: FuzzTxfetcher/03176f7ea2ee9e7aa13a8aec9adcfc5b363971ed (0.00s)
    --- PASS: FuzzTxfetcher/0463a414ad121428fe84270b21562f29662538d4 (0.00s)
    --- PASS: FuzzTxfetcher/05a1ae15e2c57fbe591668dd1ec615a5c01987c0 (0.00s)
    --- PASS: FuzzTxfetcher/068126049497aa6125d942b2468104d2a8daf3bc (0.00s)
    --- PASS: FuzzTxfetcher/06853eaa240a81e32dc885a7c978c190b38cd3e7 (0.00s)
    --- PASS: FuzzTxfetcher/071b6a3f8737b11140994d0650fd9fb70ca2b21a (0.00s)
    --- PASS: FuzzTxfetcher/07b52522a3b6648ad600a86720d3d792e599b9bf (0.00s)
    --- PASS: FuzzTxfetcher/07f432bda092b883e1d53a7ae720c4b58860adaf (0.00s)
    --- PASS: FuzzTxfetcher/0859a99cae60f5fdabe9251095a4245d5db96ef2 (0.00s)
    --- PASS: FuzzTxfetcher/086a299335965c47982b932a976d3759b6f58c9b (0.00s)
    --- PASS: FuzzTxfetcher/08eae7fb9f97d88c3e5609a0606c27fa3f2b45a8 (0.00s)
    --- PASS: FuzzTxfetcher/09c1292a75ce598b4d1eb8392a83f1018c56457a (0.00s)
    --- PASS: FuzzTxfetcher/09ecddd8f6275d3e89bf8dc19c24826f09807edb (0.00s)
    --- PASS: FuzzTxfetcher/0a65d3a1f20b2268a105d1dd274bcd7d3e008d65 (0.00s)
    --- PASS: FuzzTxfetcher/0b227f70acf6080751c5f246bf7f77bcfe0b8b24 (0.00s)
    --- PASS: FuzzTxfetcher/0b4eb15a3158538aa60c0bf17271158114f13f16 (0.00s)
    --- PASS: FuzzTxfetcher/0b86b9edb966dfacee0218658d1834dc4630fdcb (0.00s)
    --- PASS: FuzzTxfetcher/0e16b60b5634d2dbeb80e7b968986bdb8e15e664 (0.00s)
    --- PASS: FuzzTxfetcher/0e2ec0d85c0863b20be896eabfca0035d4699e59 (0.00s)
    --- PASS: FuzzTxfetcher/0ea2674026ef65a77f4a0712a712953863487a81 (0.00s)
    --- PASS: FuzzTxfetcher/0eb83a447c932c30ee6a7fa25067f5d2547f1211 (0.00s)
    --- PASS: FuzzTxfetcher/0ef9e3a5c549984b2383bb551b2a73bc4c1b866a (0.00s)
    --- PASS: FuzzTxfetcher/0f3c983b3ce877508c4f2e89e968566650c1ab1b (0.00s)
    --- PASS: FuzzTxfetcher/109e989e6e0352742b9f540dc266e5465ec915a8 (0.00s)
    --- PASS: FuzzTxfetcher/10c8138b941656f74fd0238cf5cb5d6fd02922f9 (0.00s)
    --- PASS: FuzzTxfetcher/11cf752b727ed85bd8da5720ff62719b6e2924ce (0.00s)
    --- PASS: FuzzTxfetcher/11fec23971c88d6d1068881efce7ecc403f1e4a4 (0.00s)
    --- PASS: FuzzTxfetcher/122a658324513dff111d6292aad6d2546b42f6ab (0.00s)
    --- PASS: FuzzTxfetcher/123528ba00dcadc3be7e2a76621e70a4c716d836 (0.00s)
    --- PASS: FuzzTxfetcher/127882de59dc7a1185b08c1ed4865c298f790c71 (0.00s)
    --- PASS: FuzzTxfetcher/130dd14988be446c794d63007fa8d5782eea6dcc (0.00s)
    --- PASS: FuzzTxfetcher/131b0a626e60a48deb445586e35ff4ba38715276 (0.00s)
    --- PASS: FuzzTxfetcher/132838da65372949814e79d1bcc5d954cfa092ed (0.00s)
    --- PASS: FuzzTxfetcher/13a5cd62b0c74c2a1ea3ac5cab257315405757b7 (0.00s)
    --- PASS: FuzzTxfetcher/1421925c1e6ac71c893c360ea23dad297ee4b0dc (0.00s)
    --- PASS: FuzzTxfetcher/14ad182be52cc391449bfe7da4c63bf5de274113 (0.00s)
    --- PASS: FuzzTxfetcher/1778ae8b392e8e6e871a0c87d65b4f31fef2754d (0.00s)
    --- PASS: FuzzTxfetcher/17e3d3f6a3169abaefbe683b31e14fa75465976f (0.00s)
    --- PASS: FuzzTxfetcher/1805ee7808e71ed6a0233258082dd8ebb83e229c (0.00s)
    --- PASS: FuzzTxfetcher/185bb497d29dbe1f833925ea341868e0136a9f9d (0.00s)
    --- PASS: FuzzTxfetcher/18670e5083975e3b334a7f5c6a59e42cf4696ee5 (0.00s)
    --- PASS: FuzzTxfetcher/1a08a9cd7589c2da0349760c7f7e467692d08356 (0.00s)
    --- PASS: FuzzTxfetcher/1a26413c7af202e359367effe98a382ea9e36562 (0.00s)
    --- PASS: FuzzTxfetcher/1a50dafc094b94c90138a2121c20320ad6bf02cb (0.00s)
    --- PASS: FuzzTxfetcher/1a5f2aafa7e794b1ba38be627419c2e73c015172 (0.00s)
    --- PASS: FuzzTxfetcher/1b1ff468fd7de420292e063e47904a1dc3af14ad (0.00s)
    --- PASS: FuzzTxfetcher/1bcf9d730d2e7dfda992b0d7e3e37550a35e0b13 (0.00s)
    --- PASS: FuzzTxfetcher/1c166c5da8015cb8446141a9d4d9800de1bf013f (0.00s)
    --- PASS: FuzzTxfetcher/1c1ffe4fc81e4194a22c286a1d44d75974940f80 (0.00s)
    --- PASS: FuzzTxfetcher/1c69492b3cceb0ba464bd568878566f058298137 (0.00s)
    --- PASS: FuzzTxfetcher/1de643b23a9f0c161c07ae1abc63b71dff51c4ec (0.00s)
    --- PASS: FuzzTxfetcher/1df9d2f19c3672ace3a5ffc3b424f51f07306ff1 (0.00s)
    --- PASS: FuzzTxfetcher/1ef093605829921827dac548d873509b533938c9 (0.00s)
    --- PASS: FuzzTxfetcher/1f05a48ce87d83515a70879d2b785091106ba79b (0.00s)
    --- PASS: FuzzTxfetcher/2073bcfaadd283b1aa823b4b76b13f078827b27d (0.00s)
    --- PASS: FuzzTxfetcher/20915f4252bbfdd439d7876d21b9e5b61595c9b0 (0.00s)
    --- PASS: FuzzTxfetcher/219510e6fb35f927d2731d8322acdf03db1d5566 (0.00s)
    --- PASS: FuzzTxfetcher/21fdaf3fa36358fc1304c89e926942ef9dc4df5d (0.00s)
    --- PASS: FuzzTxfetcher/2230282918d7a19ad9bdac14ae8bac5dded3f5e6 (0.00s)
    --- PASS: FuzzTxfetcher/2280a791c23770211ae85dabdeed258d7eb3e136 (0.00s)
    --- PASS: FuzzTxfetcher/22b3fc8d4ebc214d94561c419df8a544d1cdfeda (0.00s)
    --- PASS: FuzzTxfetcher/24ac56ab014e19d19d1f02e6a0a2b55b6e65734e (0.00s)
    --- PASS: FuzzTxfetcher/282a4bff8a9360f5b74cc2f48b61098957c75b4d (0.00s)
    --- PASS: FuzzTxfetcher/28913968f35b467a737940790e1f08cc18903416 (0.00s)
    --- PASS: FuzzTxfetcher/2a09ce6ec0bed5dc84b75ae219c7389cb6575a3d (0.00s)
    --- PASS: FuzzTxfetcher/2aac04fa09ff365441669bb2a81fa4f0251543ce (0.00s)
    --- PASS: FuzzTxfetcher/2b9e8a0a90217dd6227c6d41ecc068d8c1a0a937 (0.00s)
    --- PASS: FuzzTxfetcher/2c370bd02a5945921913e2d6d4cabb321554e081 (0.00s)
    --- PASS: FuzzTxfetcher/2ce706c5fe3beff058d6bca262db4f1506e14a2c (0.00s)
    --- PASS: FuzzTxfetcher/2d038b18509e4626c2e4e36889b43983c1fece61 (0.00s)
    --- PASS: FuzzTxfetcher/2e736b123f3bf5ca9ed761a61401c98ee980becd (0.00s)
    --- PASS: FuzzTxfetcher/2ee274b6ec376b2230b71e4a42e5889262ceb3d3 (0.00s)
    --- PASS: FuzzTxfetcher/2f21341669d3f930dff85f4036fe680fdf004a31 (0.00s)
    --- PASS: FuzzTxfetcher/2fc645b1b4c613ec07887baba0f2e437aa2a6c26 (0.00s)
    --- PASS: FuzzTxfetcher/31095268fd5b94fffa8a3eafa812e16125b053dd (0.00s)
    --- PASS: FuzzTxfetcher/327af97e6342f6f6131a92f130f854ea7f235b8a (0.00s)
    --- PASS: FuzzTxfetcher/344473c0a26e70fe43268929aa102ea5e509a4e7 (0.00s)
    --- PASS: FuzzTxfetcher/35260be7b19602779769261bdd67101e30543caf (0.00s)
    --- PASS: FuzzTxfetcher/35d38cc18896014d096f6b8aedc09c6ca3a9e6eb (0.00s)
    --- PASS: FuzzTxfetcher/36e9b9c49e26f391c238965f684b82e31423be80 (0.00s)
    --- PASS: FuzzTxfetcher/37c72ef53214fe99ae49508468076083799ad5b5 (0.00s)
    --- PASS: FuzzTxfetcher/38d998bbf543aa20dc02ceef71d5383285e56c89 (0.00s)
    --- PASS: FuzzTxfetcher/395dad9e4efd91a8053d07564b0c566104544cdd (0.00s)
    --- PASS: FuzzTxfetcher/3a863582892b94ea3f4e83d6359d82f43a1d9d84 (0.00s)
    --- PASS: FuzzTxfetcher/3b103cdbc99c9d0388554e53f742ea51ace6a25b (0.00s)
    --- PASS: FuzzTxfetcher/3bbe6c532fe0b484c645b93fcfdeada07032579c (0.00s)
    --- PASS: FuzzTxfetcher/3c329caac3ad9a19d6c391ef8fef9c4dadcbdede (0.00s)
    --- PASS: FuzzTxfetcher/3c908547f889aefdbf846cf0aa3c38c6626982f6 (0.00s)
    --- PASS: FuzzTxfetcher/3ccc236233c9776f5131a676fdf70a7fd82b6299 (0.00s)
    --- PASS: FuzzTxfetcher/3dd2e38657611716459ee410d8644ed413a3636f (0.00s)
    --- PASS: FuzzTxfetcher/3f10f1676b59dfba5938e3feece84d1cc549c992 (0.00s)
    --- PASS: FuzzTxfetcher/3fb60fddea1e223b9caf887deab6f1b4c1762b34 (0.00s)
    --- PASS: FuzzTxfetcher/40b39f2bfbbb343b398447555583139d5abe45eb (0.00s)
    --- PASS: FuzzTxfetcher/429ef2dc13d28348068d38e905cb2e11753ff9cf (0.00s)
    --- PASS: FuzzTxfetcher/42f35182427248ef763e3676b4cc8c2780971233 (0.00s)
    --- PASS: FuzzTxfetcher/43e15abd89c120098c15f85bfa0c0c1b11338f34 (0.00s)
    --- PASS: FuzzTxfetcher/4530660a765d4a068cc76414073a1e747c1bde3a (0.00s)
    --- PASS: FuzzTxfetcher/45ee5f2d0c4821bf4122de70317fb49744b412b4 (0.00s)
    --- PASS: FuzzTxfetcher/463068c7dc1fb6e254d3c23af7bfe46a75f4c2bf (0.00s)
    --- PASS: FuzzTxfetcher/4726f16bec14d54f69607fc205b7e647bfb511cf (0.00s)
    --- PASS: FuzzTxfetcher/494f127c58f6faf54fb283dd605c5d5a205898ce (0.00s)
    --- PASS: FuzzTxfetcher/4ae3663cf046346c2cf388fb9ee2d9ff0045d474 (0.00s)
    --- PASS: FuzzTxfetcher/4b41fd4242cdd32f1d5173ef0de31033b8be97fe (0.00s)
    --- PASS: FuzzTxfetcher/4c5b043caa5d18e5afa68bd860c8f78b0a85e426 (0.00s)
    --- PASS: FuzzTxfetcher/4ca3737e5fef31eaf7e7869dfc0ca2f459ea1521 (0.00s)
    --- PASS: FuzzTxfetcher/4cc66e413833c6b1aa4f916f142bfe0b6b6fa634 (0.00s)
    --- PASS: FuzzTxfetcher/4d602ea01c4d36a543a0e362628327ca14abdefc (0.00s)
    --- PASS: FuzzTxfetcher/4da991f985479e100682a6958d26b298b5b36e82 (0.00s)
    --- PASS: FuzzTxfetcher/4daf71c59969e9473c98865296e230edfbccbdba (0.00s)
    --- PASS: FuzzTxfetcher/4ea0391bbc915ecb9d8de01af1a0288365297cdd (0.00s)
    --- PASS: FuzzTxfetcher/4ede86e0cc69c5f5598705e0136de334481d1e38 (0.00s)
    --- PASS: FuzzTxfetcher/4ef41824bbc9655a07c2efdcb6cdd46ccf729215 (0.00s)
    --- PASS: FuzzTxfetcher/4f66385e20cb71d191eca2e71a132072ee266219 (0.00s)
    --- PASS: FuzzTxfetcher/4fc8e3de0a4b1a7ab688ffbac196001e70ccf0d4 (0.00s)
    --- PASS: FuzzTxfetcher/4fe4e5f7655e043574032e6c13004130e5cf5d5f (0.00s)
    --- PASS: FuzzTxfetcher/4ff8467a0285695abde558a2fa46a4030335f138 (0.00s)
    --- PASS: FuzzTxfetcher/5036b004fbeb5a81173f428cae50a55e5c1e79d1 (0.00s)
    --- PASS: FuzzTxfetcher/50d728a6c0dacd271c841a1472ef802aff9d6b5f (0.00s)
    --- PASS: FuzzTxfetcher/528020105f2ebc1a5cdfd212e39d304c48fd2a4c (0.00s)
    --- PASS: FuzzTxfetcher/52d8cbe530763001b54d18bbb817215eb66757a1 (0.00s)
    --- PASS: FuzzTxfetcher/53f6f4ec51b52080b23bc915c649504fd3cb8bbb (0.00s)
    --- PASS: FuzzTxfetcher/54b73b6c0bfea4b126d86db317d03006184e287a (0.00s)
    --- PASS: FuzzTxfetcher/55104a0027270a9408cb0effe997620d20a226f3 (0.00s)
    --- PASS: FuzzTxfetcher/570006ff8ca5064163664588f2b17476dc0728b6 (0.00s)
    --- PASS: FuzzTxfetcher/5715f163a2b33c5aed78009181919a99f71682a6 (0.00s)
    --- PASS: FuzzTxfetcher/573bdfcb231218227461d839e60c95b29ed3604f (0.00s)
    --- PASS: FuzzTxfetcher/578b957b97a2367a1456d1fb413bea7262aabf6a (0.00s)
    --- PASS: FuzzTxfetcher/59a445de864fe99bdc962111ab769146ce80dcf5 (0.00s)
    --- PASS: FuzzTxfetcher/59b85bfef840d992e284bd75fbb047634c22613c (0.00s)
    --- PASS: FuzzTxfetcher/5b114db0ee9d619764a1a2d1ca408d941d30372a (0.00s)
    --- PASS: FuzzTxfetcher/5b121eacc0024b04de29861546f32b2ea6e1204f (0.00s)
    --- PASS: FuzzTxfetcher/5b6a42ec0a19e61319d19b02e152a30fa747e591 (0.00s)
    --- PASS: FuzzTxfetcher/5dd3db5fc258ceedf224362771c6b20283ad0707 (0.00s)
    --- PASS: FuzzTxfetcher/5f6c222339eba63727bc7cc1017e861fa0e12b1c (0.00s)
    --- PASS: FuzzTxfetcher/62dcdce28746d4088a5c07b9d3541021a229054f (0.00s)
    --- PASS: FuzzTxfetcher/63df103738dc8e2217707ec6eba1a08c328eef94 (0.00s)
    --- PASS: FuzzTxfetcher/63e73701fd5542ec4d79b5b8d01b9887e9484363 (0.00s)
    --- PASS: FuzzTxfetcher/646c36b611b4a443731a6a71911ca1acf7dcd876 (0.00s)
    --- PASS: FuzzTxfetcher/64fe44909ee7df4b26b703e461bbbd10b2f194c4 (0.00s)
    --- PASS: FuzzTxfetcher/66ad7ca5dd9a4dd5525ed9e9f536c7b892e00c7b (0.00s)
    --- PASS: FuzzTxfetcher/67085136ec882fb19d5da0c2b12884487eb8356c (0.00s)
    --- PASS: FuzzTxfetcher/6746e776aacc94cce0aa29b808606350649e7a3f (0.00s)
    --- PASS: FuzzTxfetcher/67cf2d13a6ded11808d97ed485a7ba642de21385 (0.00s)
    --- PASS: FuzzTxfetcher/6804c7fee783edc5d0c21c486ec6a63e944f5302 (0.00s)
    --- PASS: FuzzTxfetcher/6859ffb5595635ca963b1e419bca7709ed7dd67d (0.00s)
    --- PASS: FuzzTxfetcher/68a18b7616c72b2e524c66d92e9491f0d7b22bb9 (0.00s)
    --- PASS: FuzzTxfetcher/692f9610b8ded903abdbe2bb1bce9f1ee37c41af (0.00s)
    --- PASS: FuzzTxfetcher/696ba21a1ae7c1ee396ed846fa02e6b77dd74a46 (0.00s)
    --- PASS: FuzzTxfetcher/6bfd45980fd77334ee958b66ff27350175753cfa (0.00s)
    --- PASS: FuzzTxfetcher/6c138306739f896eeb15fdd4ebdf146460db2ec0 (0.00s)
    --- PASS: FuzzTxfetcher/6c203d3500df88e96f1d82193712e22d649f05c8 (0.00s)
    --- PASS: FuzzTxfetcher/6cb2135522a930be9302475edde2abdfcfc4b8f1 (0.00s)
    --- PASS: FuzzTxfetcher/6cba402f0c801eb386abb1cfa749294b645b5f09 (0.00s)
    --- PASS: FuzzTxfetcher/6ee2bbb182035a0a3b44f49be0aa94401c97b3d1 (0.00s)
    --- PASS: FuzzTxfetcher/6f3b3742fd44daf025ed072d7184976bffafd3d6 (0.00s)
    --- PASS: FuzzTxfetcher/6f970366da2cc539e80d2c05058aa8c595350ef7 (0.00s)
    --- PASS: FuzzTxfetcher/6ff30c996a7f06c0cbaca5ba8577e4bf827c1f83 (0.00s)
    --- PASS: FuzzTxfetcher/70630656476a1bea661130a759d0a896ae3fe08f (0.00s)
    --- PASS: FuzzTxfetcher/70da8750bfd780a2dfe428a8c70decb315190704 (0.00s)
    --- PASS: FuzzTxfetcher/7188a0e4653a4c9d41cbe6d79e61e477ff74e302 (0.00s)
    --- PASS: FuzzTxfetcher/71c1f22f071c8cd42d6b8c4e72f962334c1d2345 (0.00s)
    --- PASS: FuzzTxfetcher/7261471f9b2e2be9a197bed004b7759543c4b4ba (0.00s)
    --- PASS: FuzzTxfetcher/72cdb5bf7c1fdee37acb506a7140ff577fe7aa37 (0.00s)
    --- PASS: FuzzTxfetcher/735696a42369873a1eef15329bab22c0ad4c7a64 (0.00s)
    --- PASS: FuzzTxfetcher/736f787eb945b4500f9c1a9b8581ce9859637b2d (0.00s)
    --- PASS: FuzzTxfetcher/73b66cfcd726272478741c1ec9308d6a148906e5 (0.00s)
    --- PASS: FuzzTxfetcher/74c9667857f3551e17bbc68b20ced815e632b424 (0.00s)
    --- PASS: FuzzTxfetcher/75a5b4137fce3cccb5051d90308800e43cec1ada (0.00s)
    --- PASS: FuzzTxfetcher/76a36e7471151e3911ebbe2ac42a251e1872ac5a (0.00s)
    --- PASS: FuzzTxfetcher/7770e7d2e9091effc393657c65475eabdecec6a5 (0.00s)
    --- PASS: FuzzTxfetcher/785fd4ed83faafe37fdb338188d647e5c436c733 (0.00s)
    --- PASS: FuzzTxfetcher/78ff43aae516e373c2b1b049260a8bdde0a9ffe4 (0.00s)
    --- PASS: FuzzTxfetcher/7b30279ae515ee50687098ab43eff8a4382ee057 (0.00s)
    --- PASS: FuzzTxfetcher/7be5b8145142ce60ac3f5d0d051b688812c94ecd (0.00s)
    --- PASS: FuzzTxfetcher/7c97d5831e378dc6eebc3220e95594b2af4d1161 (0.00s)
    --- PASS: FuzzTxfetcher/7d025e51c6782d9f0b30361b752304172f81ec26 (0.00s)
    --- PASS: FuzzTxfetcher/7d881ce7a46545d12da79e2a15034fbe116e0bf2 (0.00s)
    --- PASS: FuzzTxfetcher/7dbdb7aa468ceb18fd78fd871a5f687774b74ac8 (0.00s)
    --- PASS: FuzzTxfetcher/7dd7be864df0dfd7b6c5913c042cc519103b51f6 (0.00s)
    --- PASS: FuzzTxfetcher/7e50e232752a36d6838275bbe1aeedfacc09d622 (0.00s)
    --- PASS: FuzzTxfetcher/7ebae976ce0b9a8806e43960f059a40ce0a94e7b (0.00s)
    --- PASS: FuzzTxfetcher/7fa06f2c3e5d738c838ee473b56117e692fd7ff8 (0.00s)
    --- PASS: FuzzTxfetcher/7fb260ee2b7fb339c645a7488b9b5946950f03f8 (0.00s)
    --- PASS: FuzzTxfetcher/7ff4ebdca73772d50a3eb0117b41a910721516b9 (0.00s)
    --- PASS: FuzzTxfetcher/801b18534b36904a2c70da661d647c925d51730f (0.00s)
    --- PASS: FuzzTxfetcher/803dadc78466189beec011fc690e07f3704a9df9 (0.00s)
    --- PASS: FuzzTxfetcher/80f2d60da2c2672b569c21e1bd0dc2d7c521049c (0.00s)
    --- PASS: FuzzTxfetcher/81737788dcf395caa876486376f6c6ffd51c21f2 (0.00s)
    --- PASS: FuzzTxfetcher/81c981d6bfb19835f3df9cfa6324e8a33d0c1744 (0.00s)
    --- PASS: FuzzTxfetcher/840b4deb395dec65319dd7381a0925ed5210906d (0.00s)
    --- PASS: FuzzTxfetcher/845071c26c8fd293a05ef138ac89cd05d8f07d96 (0.00s)
    --- PASS: FuzzTxfetcher/867210313875e8217c7173c7428e71aa5d74a94a (0.00s)
    --- PASS: FuzzTxfetcher/86895f0f7ede44740cb805259718bb6a4da8b084 (0.00s)
    --- PASS: FuzzTxfetcher/86ffa6ad30168f46526cc34e14a759701c1c2815 (0.00s)
    --- PASS: FuzzTxfetcher/8738c9baecaa1949b36e3ac9499169ae691ede7f (0.00s)
    --- PASS: FuzzTxfetcher/87984393c23b22513052bdbe56ccdbfaa933951d (0.00s)
    --- PASS: FuzzTxfetcher/883eadff400a212fc3f12ecf6c246adfe8ecd3c5 (0.00s)
    --- PASS: FuzzTxfetcher/887269c4a37ab43fcddae044ef15f9363b2c4f4a (0.00s)
    --- PASS: FuzzTxfetcher/88d764cf1a7409a31569c184e4774abcf76f75d5 (0.00s)
    --- PASS: FuzzTxfetcher/8990c2068c256024bef6035f628b9d5de4744b09 (0.00s)
    --- PASS: FuzzTxfetcher/8a52af25c319f4e2cabf63535b85bdb8ed49fdca (0.00s)
    --- PASS: FuzzTxfetcher/8bc9f3bb5cde0921c7b96ab510b179a47e133757 (0.00s)
    --- PASS: FuzzTxfetcher/8bcce6fa1be65cef7761683a48812d1dc199fd3a (0.00s)
    --- PASS: FuzzTxfetcher/8d883f1577ca8c334b7c6d75ccb71209d71ced13 (0.00s)
    --- PASS: FuzzTxfetcher/8f457d665f8b452d7ebc3b1d57c2938b7adb2f2b (0.00s)
    --- PASS: FuzzTxfetcher/902af81d5808d1e4978995dc1d5a60f9775e42dd (0.00s)
    --- PASS: FuzzTxfetcher/9069ca78e7450a285173431b3e52c5c25299e473 (0.00s)
    --- PASS: FuzzTxfetcher/90c850377547c74bf3f13734b56144691d8f9c00 (0.00s)
    --- PASS: FuzzTxfetcher/91caffc9b533c9fd4ba8046f402465d18237f344 (0.00s)
    --- PASS: FuzzTxfetcher/922054e7ac0da671061e9ccc03b19476f5c23da1 (0.00s)
    --- PASS: FuzzTxfetcher/925a2707699102192997466084fbe52a6fbde424 (0.00s)
    --- PASS: FuzzTxfetcher/9436909966c1e333f76d9dcb010f6da5d6102de2 (0.00s)
    --- PASS: FuzzTxfetcher/94bc1562f1988db02598e2640edeaee60bda6229 (0.00s)
    --- PASS: FuzzTxfetcher/95378793ee2a95761eee5d8397c487881fe5c513 (0.00s)
    --- PASS: FuzzTxfetcher/954cd2c441bf9a6d7e2d683e4747b3d447c9c445 (0.00s)
    --- PASS: FuzzTxfetcher/96332ea641cc37a12e269f30477b3cd734f94ef1 (0.00s)
    --- PASS: FuzzTxfetcher/97b64f51c7e7e389831a83e95103771b0a09458b (0.00s)
    --- PASS: FuzzTxfetcher/987a0ffbf354b75e887da67397b0122bee901068 (0.00s)
    --- PASS: FuzzTxfetcher/9892b7e6707ac7e6bcc308c0c569e94c61c2f828 (0.00s)
    --- PASS: FuzzTxfetcher/9926f1739de1e5788daedc00d45b04c25b871fac (0.00s)
    --- PASS: FuzzTxfetcher/996955fe26af00a3de71820ac517c910c10d48ff (0.00s)
    --- PASS: FuzzTxfetcher/9aa5438c924cf7064cadb365d9186d543d96c02d (0.00s)
    --- PASS: FuzzTxfetcher/9be3361af0522722c244880893c0fef1ef83302b (0.00s)
    --- PASS: FuzzTxfetcher/9c748f99943e8daa0be7b68aa3fb71695dc32c54 (0.00s)
    --- PASS: FuzzTxfetcher/9c79cb81439e50e0aff52950ab71ad5a329cf52e (0.00s)
    --- PASS: FuzzTxfetcher/9cf56eec4b36c07411441876b2e84e91055e496c (0.00s)
    --- PASS: FuzzTxfetcher/9d7b1658eafb28172f2565d7773d0424f61d8d4c (0.00s)
    --- PASS: FuzzTxfetcher/9d96810fbb03d6bcd9a6cbadbfa547b65e2a3b04 (0.00s)
    --- PASS: FuzzTxfetcher/9e9eed5c012830dbe04a0fba0b26731687a003a6 (0.00s)
    --- PASS: FuzzTxfetcher/9edf3f91256f59ecab92908b99b9742d484a3829 (0.00s)
    --- PASS: FuzzTxfetcher/9efbaafe963548bd70dc12a4f8d47c69976bb132 (0.00s)
    --- PASS: FuzzTxfetcher/9f12cf2fe770cf99f366b128d372fa60bf92d254 (0.00s)
    --- PASS: FuzzTxfetcher/a07baef988b8a681efc4f273e4769f896c3afd4d (0.00s)
    --- PASS: FuzzTxfetcher/a27ed24ec59f4f290348becffb900bb49ee2c1fd (0.00s)
    --- PASS: FuzzTxfetcher/a32eaf851a56b29dad52a150314f49648aa1e427 (0.00s)
    --- PASS: FuzzTxfetcher/a3ef548e06dcb7c61f09fef40e618971ab647cdb (0.00s)
    --- PASS: FuzzTxfetcher/a411d464777d5b5c9e24c867defea6f820180794 (0.00s)
    --- PASS: FuzzTxfetcher/a47753447ee6cbcc470555f758cf54020c89504d (0.00s)
    --- PASS: FuzzTxfetcher/a4906516ebf47835605bb78ec679325c164516bc (0.00s)
    --- PASS: FuzzTxfetcher/a4ac178f5c7980a7e9d1d4cf49dadcc0217bc75d (0.00s)
    --- PASS: FuzzTxfetcher/a688a70271ecb55499d2666e5b58eba4bc91c8a5 (0.00s)
    --- PASS: FuzzTxfetcher/a6ce53cd9e7bafcee41c8677d9ba6e686a473f34 (0.00s)
    --- PASS: FuzzTxfetcher/a72bdccda519e1fa24e55814dba1747a364b6d1e (0.00s)
    --- PASS: FuzzTxfetcher/a816bd089c33347f676e75de1a722863fd13ce6b (0.00s)
    --- PASS: FuzzTxfetcher/a88f2d295f9c09c3bcbe49077bbaf2c36d0514ae (0.00s)
    --- PASS: FuzzTxfetcher/a8ac00e031cb8f613a49b89419f6eb2d2602118e (0.00s)
    --- PASS: FuzzTxfetcher/a969ffe2f1bec5f727669d899d1ecdfe15ad14ec (0.00s)
    --- PASS: FuzzTxfetcher/aa2d8345cdf201e6edfe9fec9e6f9ae14427b4b4 (0.00s)
    --- PASS: FuzzTxfetcher/acec59b1849c69b2a9754a8b588de4919bfeb6ca (0.00s)
    --- PASS: FuzzTxfetcher/adb0fe5737436ae0f774a531fa17153112e7eb4f (0.00s)
    --- PASS: FuzzTxfetcher/aed2aa43dce69e783e7f86c5d927a2b2b8e2c565 (0.00s)
    --- PASS: FuzzTxfetcher/aeebb861be7aff74ff644f3781ece2643598f164 (0.00s)
    --- PASS: FuzzTxfetcher/af13164320f7b4c4277076e366e1b9c730bc009c (0.00s)
    --- PASS: FuzzTxfetcher/af19d560e2763f2911b5a8e4d505ae94c7d8cdeb (0.00s)
    --- PASS: FuzzTxfetcher/af8e5817d0e1a40aaf77837a4f6f8eb9820482d7 (0.00s)
    --- PASS: FuzzTxfetcher/b06a8aa9180ea7f0825eebcd6dfad005fd65868a (0.00s)
    --- PASS: FuzzTxfetcher/b190fee6cce2aeffe9f11c174833f40656d74d0a (0.00s)
    --- PASS: FuzzTxfetcher/b1ccf83a2cbf1ece450c3b960186e0e270b5ede1 (0.00s)
    --- PASS: FuzzTxfetcher/b3aede28f7425245b8c5b89ca6ac39b3c6e37e17 (0.00s)
    --- PASS: FuzzTxfetcher/b508997c7520870bf45e0002e0b80ce26e7c1588 (0.00s)
    --- PASS: FuzzTxfetcher/b7137ffb46465542c7c5dcd007dca9d70432134d (0.00s)
    --- PASS: FuzzTxfetcher/b71774bfe79c0b3c944117049bac35841795da03 (0.00s)
    --- PASS: FuzzTxfetcher/b74d101e0080ebc87521213a6898d4ad081dc75c (0.00s)
    --- PASS: FuzzTxfetcher/b7b8df6b89d574ffb416b1dee8c797b85980210f (0.00s)
    --- PASS: FuzzTxfetcher/b7c4ed36f97ae5877faceadf30906f06820df4bd (0.00s)
    --- PASS: FuzzTxfetcher/b85c93eddbc5561078f4fd41168efd5f3f76f424 (0.00s)
    --- PASS: FuzzTxfetcher/b8ac4a12c6fe280e6fbcef94885568f9662a8d52 (0.00s)
    --- PASS: FuzzTxfetcher/bb751b2da0692acaef37e9de82a10bc0818515ea (0.00s)
    --- PASS: FuzzTxfetcher/bc1e06b35402015f599ff0b527d2313302bdd173 (0.00s)
    --- PASS: FuzzTxfetcher/bcb956cd6e71aeb5e94e89d99ff6149018502286 (0.00s)
    --- PASS: FuzzTxfetcher/bcfff9685aa4983d2825f7c1a746301efe02a98c (0.00s)
    --- PASS: FuzzTxfetcher/bd813081afa65ad1c48ba8ccc9ffca6fd1dda993 (0.00s)
    --- PASS: FuzzTxfetcher/bdda5b3efd70a8e867791eebc441e8d8659a13b2 (0.00s)
    --- PASS: FuzzTxfetcher/bde5a900a11bcd99dfdc018ce146911a959ab6b0 (0.00s)
    --- PASS: FuzzTxfetcher/bee26e246bd6107ba541e447b1e7aea926aeb197 (0.00s)
    --- PASS: FuzzTxfetcher/bf58fc395f485bd80a655ca9b8c43213cf978298 (0.00s)
    --- PASS: FuzzTxfetcher/bfbb1dbe54403432857a2dedba28266df4e0f8c4 (0.00s)
    --- PASS: FuzzTxfetcher/c10c12c4617b834f457e5a17a0ad6471f096c52f (0.00s)
    --- PASS: FuzzTxfetcher/c1a405a44b41cc1453373641ec305d3a22e322f5 (0.00s)
    --- PASS: FuzzTxfetcher/c20a4ac6c866a5bde4dc019c16cb498998ebc8aa (0.00s)
    --- PASS: FuzzTxfetcher/c2f4a25ffdfa07b7951a654eee4a325b78466557 (0.00s)
    --- PASS: FuzzTxfetcher/c325bc2b9d415a0dfbe2bea1ed6b1e3e433919ee (0.00s)
    --- PASS: FuzzTxfetcher/c397bafb231df8158fba68839b19b41101ef3294 (0.00s)
    --- PASS: FuzzTxfetcher/c3cd636897c651301fcd42c850171c46962ca344 (0.00s)
    --- PASS: FuzzTxfetcher/c40b3bf8558a019b1b3efe34ba689f606c1b3b57 (0.00s)
    --- PASS: FuzzTxfetcher/c575903ee13862923d8b737d362ec60313f641da (0.00s)
    --- PASS: FuzzTxfetcher/c6c76c13e47de520793a16cf08fe97ee82768920 (0.00s)
    --- PASS: FuzzTxfetcher/c8c2bbb50ec8215890557841868a051b0749993e (0.00s)
    --- PASS: FuzzTxfetcher/c93cf9a3822fcecb025e81a0ecfdd21caf5aaf8c (0.00s)
    --- PASS: FuzzTxfetcher/c941a5813c2d2bd87e7a3d413ee053866acfb4e6 (0.00s)
    --- PASS: FuzzTxfetcher/cae7b041f69bd63f2e5473b995c40a850f8667fe (0.00s)
    --- PASS: FuzzTxfetcher/cbfe8af4d160b13f702a7f77510d865bf9e1abc2 (0.00s)
    --- PASS: FuzzTxfetcher/cd71a49ea24564a1ac351485081b1d74452e439d (0.00s)
    --- PASS: FuzzTxfetcher/cdd40c8de3c07f51f9ec72a0fcad7754a1878374 (0.00s)
    --- PASS: FuzzTxfetcher/ce0080730a3906bb68a5d20d3d2f9d85fa89664d (0.00s)
    --- PASS: FuzzTxfetcher/ce64da09607d05459cb91145c63c3ae82a01bc32 (0.00s)
    --- PASS: FuzzTxfetcher/ce8e11f7e9f7e53057e18aaf02ec4f33cf91429b (0.00s)
    --- PASS: FuzzTxfetcher/cf7bf84d7a70b4488512ce8d5a306ddb6a2fcc95 (0.00s)
    --- PASS: FuzzTxfetcher/d041f2180ba738418c443bd628e9b8de02261dbb (0.00s)
    --- PASS: FuzzTxfetcher/d0a1a244c214572348c4cd35ae4723220a9a7240 (0.00s)
    --- PASS: FuzzTxfetcher/d149d7856597b73bb6da69fe6e9700591cebf400 (0.00s)
    --- PASS: FuzzTxfetcher/d300af62d9383a0c7f4c78978c2fdd77ad287f41 (0.00s)
    --- PASS: FuzzTxfetcher/d31d0c2c1935f2df0c464f02c2b95840e9277eed (0.00s)
    --- PASS: FuzzTxfetcher/d3b1609384d6033db0bfee19cdd0d77fbd4eab95 (0.00s)
    --- PASS: FuzzTxfetcher/d3e8cef757f81a64f6fc480163ed88c254658840 (0.00s)
    --- PASS: FuzzTxfetcher/d51d12be9c2c53315b43dcaee9721683274265aa (0.00s)
    --- PASS: FuzzTxfetcher/d555eae6b16656d4aec8aa288ef16000c1dc9635 (0.00s)
    --- PASS: FuzzTxfetcher/d724c722edc6d066c590f374b6ce856b844f2d32 (0.00s)
    --- PASS: FuzzTxfetcher/d7ee8d9377229dbe84ea6c7e970b7a626801865b (0.00s)
    --- PASS: FuzzTxfetcher/d8152d3a8c2f1e0c110acecbedda32c54e37c465 (0.00s)
    --- PASS: FuzzTxfetcher/d8219c57704e4115404c7d5fe5559326b58b5949 (0.00s)
    --- PASS: FuzzTxfetcher/d8ec5dfc8f8660c1d2cffd48b7b7428c89f62596 (0.00s)
    --- PASS: FuzzTxfetcher/d90426ddaaf376b4080f05fc70b306e5aab198df (0.00s)
    --- PASS: FuzzTxfetcher/d96b758eb0f18031f759c34f40ca56950ee67354 (0.00s)
    --- PASS: FuzzTxfetcher/d9b6e40e6cd7d7fc671c7adf269e754963ce828d (0.00s)
    --- PASS: FuzzTxfetcher/d9f8b170c1820f8a677dd5a34037ec36fe3c0984 (0.00s)
    --- PASS: FuzzTxfetcher/da608271855b2b80f5e6d9951285e2560f76c7b0 (0.00s)
    --- PASS: FuzzTxfetcher/da61b4f28d6c9369cdda9a2541efb4c6c8b47814 (0.00s)
    --- PASS: FuzzTxfetcher/da901efcaa683a5ef3cfa2e8b2eaaa507cd03ba0 (0.00s)
    --- PASS: FuzzTxfetcher/db8bac74af7e08c26826dac27829dd6843428b3a (0.00s)
    --- PASS: FuzzTxfetcher/dbb4c1750f1c75b889f3c63a6a9b82abcc71689c (0.00s)
    --- PASS: FuzzTxfetcher/dd12072256d492cd889f147a2c8c8e2d9cc73f26 (0.00s)
    --- PASS: FuzzTxfetcher/dd80851b5c5f80240da4a7d794e4eadaee797133 (0.00s)
    --- PASS: FuzzTxfetcher/ddbd188652148364b0581a446208b3c9a08ed208 (0.00s)
    --- PASS: FuzzTxfetcher/dde50f6925164102efee2ad40fd1b4121241b141 (0.00s)
    --- PASS: FuzzTxfetcher/de06c6aef62f64acbf957192ae50d3526ff4d5d7 (0.00s)
    --- PASS: FuzzTxfetcher/deb4990069fb83d0a92e987d3b00e7806278eada (0.00s)
    --- PASS: FuzzTxfetcher/dec4afc2982a6db44cb1e18be52132f17f0b42b5 (0.00s)
    --- PASS: FuzzTxfetcher/df1a4251c7ef5e5a51700b10260342cf8463c4ce (0.00s)
    --- PASS: FuzzTxfetcher/e09ef251099259bdfa08fff3da910abb17971a3a (0.00s)
    --- PASS: FuzzTxfetcher/e11d1c0a07c10c532f695cb6be45dd3a1e5a31a9 (0.00s)
    --- PASS: FuzzTxfetcher/e1c74b8ddb392349bbf53dd92bd947e848055d3e (0.00s)
    --- PASS: FuzzTxfetcher/e2a30039e00f7ffb996ee251090ea693c7b197e7 (0.00s)
    --- PASS: FuzzTxfetcher/e30277f2a9787805f8b5b6361097cd13dda0b86d (0.00s)
    --- PASS: FuzzTxfetcher/e4b038154d754000ce12cf4a59daeb8bf4c8ebf4 (0.00s)
    --- PASS: FuzzTxfetcher/e71d4e7457b17854dc22719b2838cef7abb66451 (0.00s)
    --- PASS: FuzzTxfetcher/e7413c9bad8c39c32c28fda1ad5f0317698ef6b8 (0.00s)
    --- PASS: FuzzTxfetcher/e86045d6cc8519bc5721ca9131d341928edc4d48 (0.00s)
    --- PASS: FuzzTxfetcher/e9d6e78db2862da7fb8f6d37d45838f4037c6e65 (0.00s)
    --- PASS: FuzzTxfetcher/eaa0772ce4b5d71be8b2c992ca7e5ba40bd12e8b (0.00s)
    --- PASS: FuzzTxfetcher/eb1d195b2d9560c55a1d9b98cb928c7edb5f012a (0.00s)
    --- PASS: FuzzTxfetcher/eb783f2118139d1afcc4648a66cff0a03fb634cb (0.00s)
    --- PASS: FuzzTxfetcher/eb7a31020545c012d3eece8814dc14a95d7ca002 (0.00s)
    --- PASS: FuzzTxfetcher/ebe2cf9badf9c4878e78c20034ff7ac4e123809e (0.00s)
    --- PASS: FuzzTxfetcher/ecbf2bc1acbf54717db71ac7da2d5a1f0726e90e (0.00s)
    --- PASS: FuzzTxfetcher/ed66d992856bc4e20c55a8e99d57fef1e9a136e7 (0.00s)
    --- PASS: FuzzTxfetcher/ee296f611ddd75bd00d8b0082e96f9570a785f2e (0.00s)
    --- PASS: FuzzTxfetcher/ee98efd25f1b754f0304e17287fed4be448c153b (0.00s)
    --- PASS: FuzzTxfetcher/eed5b3c2f2e28be7d5bf59064e109a427b7b49b7 (0.00s)
    --- PASS: FuzzTxfetcher/eedc18e6483deb4a17edb0b5042db69e10612a7e (0.00s)
    --- PASS: FuzzTxfetcher/ef42317831c811911cade9d18821a6db3e9f6c28 (0.00s)
    --- PASS: FuzzTxfetcher/f01f3e18736b51ec23aab07f60dfcb20ac05d242 (0.00s)
    --- PASS: FuzzTxfetcher/f14709e080382fdcdeb4ef5bca973dea387496f2 (0.00s)
    --- PASS: FuzzTxfetcher/f1db45fb83c42c9f7e7021ce1354601e783cdd27 (0.00s)
    --- PASS: FuzzTxfetcher/f21c89640d40a3ca08f0a63654139bc80d7f9dcd (0.00s)
    --- PASS: FuzzTxfetcher/f240c56b8ed7e3e341f8da47c31ece2a19187371 (0.00s)
    --- PASS: FuzzTxfetcher/f24b7ef1b87b650f7a177d6bc60ed513f7ececc9 (0.00s)
    --- PASS: FuzzTxfetcher/f26494257a1403618ab7bb76e95a8396d236585b (0.00s)
    --- PASS: FuzzTxfetcher/f29cec691a23a823ff77ad5d44727014fd2cb6ad (0.00s)
    --- PASS: FuzzTxfetcher/f30bef0787eb36094defd56ba4df631db898b3fa (0.00s)
    --- PASS: FuzzTxfetcher/f393c21d0ffa799f6323d732b25d92ebb24c1645 (0.00s)
    --- PASS: FuzzTxfetcher/f3d7358a6c315a3f78f1637b23f48560ef74af42 (0.00s)
    --- PASS: FuzzTxfetcher/f41ca6f0ee8629f92a1e3e8180d0a40f17f5712b (0.00s)
    --- PASS: FuzzTxfetcher/f5914f5bdf52d59b470f3f3757288705d275619c (0.00s)
    --- PASS: FuzzTxfetcher/f6d155cd9e8fb6f80c3c42ecea236ed7714ff20a (0.00s)
    --- PASS: FuzzTxfetcher/f70be8dae23e7d54f4f76b7faef2878c3006dba2 (0.00s)
    --- PASS: FuzzTxfetcher/f9817158705204bbf694b26d274bdd6c83fab379 (0.00s)
    --- PASS: FuzzTxfetcher/fad6ec206a54b01fddf3bf595e484296c924b4b8 (0.00s)
    --- PASS: FuzzTxfetcher/fb0a2f4054e95580ee8df1a2066e9fde32b46b49 (0.00s)
    --- PASS: FuzzTxfetcher/fc40bddd7237b20e2f604cd07ce4308e30adb8cb (0.00s)
    --- PASS: FuzzTxfetcher/ffc54ca808e7666f250133ad0ae2185ad688a826 (0.00s)
PASS
coverage: 87.5% of statements
ok  	github.com/morph-l2/go-ethereum/tests/fuzzers/txfetcher	0.172s	coverage: 87.5% of statements
