=== RUN   FuzzVfluxClientPool
=== RUN   FuzzVfluxClientPool/0051fe208c849ade3450357c0e718561d5984fc4
=== RUN   FuzzVfluxClientPool/095e03e6a1afbde38a98d791ca6eeaff1fbcdbf0
=== RUN   FuzzVfluxClientPool/0973abe79922623bce6e4b3ed0545d8abe5226b1
=== RUN   FuzzVfluxClientPool/0cd588956996e477813ee6487ce0ad25918ece34
=== RUN   FuzzVfluxClientPool/0da412c05b26c8a6f6c92d5b8543e808def12ff4
=== RUN   FuzzVfluxClientPool/1178454df3f76538b5acebc1aceb315b0a18eeaa
=== RUN   FuzzVfluxClientPool/118e4ba550cb52b04944aa50595620beeb2630a9
=== RUN   FuzzVfluxClientPool/146d67f78fd414ed2455c7e9e707f64d4e1e858a
=== RUN   FuzzVfluxClientPool/184e6c96642b4c13191bc75ba926cd5f13572155
=== RUN   FuzzVfluxClientPool/19f8767e290bdd325cdfaa10b6f3ee29d30dfba7
=== RUN   FuzzVfluxClientPool/1a1750e666c4babe11177c2eb9808f48ae68a5a5
=== RUN   FuzzVfluxClientPool/1d202b07879d94b1c9427afe2ec895efb4c9feb6
=== RUN   FuzzVfluxClientPool/1fcf25254ff4765e734f29b435a301079839edcb
=== RUN   FuzzVfluxClientPool/2242239366534e12dee0b830d389c46a9705090b
=== RUN   FuzzVfluxClientPool/24910dc7fb9ae507218abe9f5ae54ecbd3f62208
=== RUN   FuzzVfluxClientPool/25a9aaa994c20dc6cbcfe738d4c3b8bf6507ac8b
=== RUN   FuzzVfluxClientPool/2656c69df69a940bb9db61ceabcb6ce27e3bd585
=== RUN   FuzzVfluxClientPool/2b54d4f263777e8c558a4a694f219ef7d2100d8d
=== RUN   FuzzVfluxClientPool/2f3cef35031bd9c6fbd34644ba6e53d296f6d226
=== RUN   FuzzVfluxClientPool/3327bcc37c17cc0773d0b0fcd0747f402c35d5ae
=== RUN   FuzzVfluxClientPool/33e9d1c2da20578cf60aec488afdff759aef82d4
=== RUN   FuzzVfluxClientPool/35ff5127590f0317a618da9a139e3ca0c3803949
=== RUN   FuzzVfluxClientPool/381105b199f5ef6de458a9309339cf9f9b9b0442
=== RUN   FuzzVfluxClientPool/3e18abfa89ff51337a3303e28c767d0e2495f53d
=== RUN   FuzzVfluxClientPool/40444112d7615ea0a90efa9ed469f2c55a0564b8
=== RUN   FuzzVfluxClientPool/43a9c825dc08cfd6401ee37a0031f02803e03e6b
=== RUN   FuzzVfluxClientPool/4661a081417b9b6825d079f22760b447bf696f78
=== RUN   FuzzVfluxClientPool/4c69a4e886aff3fb268570c9838b27e3909133af
=== RUN   FuzzVfluxClientPool/4c6f4e19ca3c6da9878b6783bfe05be01c66ba81
=== RUN   FuzzVfluxClientPool/4c8632939d1d379c63e396ed14edaccaf8b70cce
=== RUN   FuzzVfluxClientPool/4ddbf33673bf5369d74c24ff8cbeb8c6ae9b5eb8
=== RUN   FuzzVfluxClientPool/4fc2e9374327d20f53003c9697ae200c9dc94975
=== RUN   FuzzVfluxClientPool/51d5212fea6c4d0976165d4a5a480f31ab87c1db
=== RUN   FuzzVfluxClientPool/5262014bfa88ee0b59c76739f77c8d330f02a6e4
=== RUN   FuzzVfluxClientPool/546ce239dce3356cdcc41048e46899191b6c261b
=== RUN   FuzzVfluxClientPool/56568314420c7bc94846c5c598e6660b4933922e
=== RUN   FuzzVfluxClientPool/58b85be788413daf2c22394017fe5e7e0d741f3b
=== RUN   FuzzVfluxClientPool/596c42bbc4790eb7d17a4cb3c99d4cb5bad220da
=== RUN   FuzzVfluxClientPool/5ff7bf04e37d9530cc48b6d5a805105013650cc2
=== RUN   FuzzVfluxClientPool/62ef7e093fc1c9dcedae8cc1b9d6fb4736c16969
=== RUN   FuzzVfluxClientPool/63f5c0941a0188617d14dda61c01e9e5fce81cea
=== RUN   FuzzVfluxClientPool/64cec2884b4353ff44d230df55720dab1ac55dbb
=== RUN   FuzzVfluxClientPool/67f7239c562964dcff6ca635d869ac6bff638464
=== RUN   FuzzVfluxClientPool/6ccf28fb27eb639eccb66163dd3a61d95d317dc8
=== RUN   FuzzVfluxClientPool/6e471d65a7d3ad2ae751f708416c2a52a424516b
=== RUN   FuzzVfluxClientPool/6e4a398c36ee9124ffc108ab53e82769e74c93f6
=== RUN   FuzzVfluxClientPool/6e884e0f79777cba3efd85a0761e5a6166d0f809
=== RUN   FuzzVfluxClientPool/71853c6197a6a7f222db0f1978c7cb232b87c5ee
=== RUN   FuzzVfluxClientPool/733d8a2f7382007dee471ab3a86510776025bf15
=== RUN   FuzzVfluxClientPool/736807af64b797b7ed36668c1f5c88d740e9e51b
=== RUN   FuzzVfluxClientPool/7628c63f7e7cce04eddfc0795389c82a2cdf2c31
=== RUN   FuzzVfluxClientPool/77795a50fb632944b12fad2028ec132598ddb927
=== RUN   FuzzVfluxClientPool/78667a9a57daae9e8d8f924df7c3a126bba12335
=== RUN   FuzzVfluxClientPool/799a19970967886070ece9fef4c07ccc9e102f4a
=== RUN   FuzzVfluxClientPool/7c87816dd49bfd8b37daffdf38579204fb9b575f
=== RUN   FuzzVfluxClientPool/8465c0b533c39a90c5f5b67f55c2a550d62352db
=== RUN   FuzzVfluxClientPool/859e9c57774490fcf421ffb792c54bc1d2ca6df1
=== RUN   FuzzVfluxClientPool/85d9f20b9d1702227c26978d4646f4bdbf927a16
=== RUN   FuzzVfluxClientPool/85ed83b3f13c7505a4aab473bd57986ea2c5a866
=== RUN   FuzzVfluxClientPool/8763fe691eb7b3ff67c528c4c5885bb511289e9f
=== RUN   FuzzVfluxClientPool/876a2e1acf4ed75e45be9ef5245a4f0c3d2ec828
=== RUN   FuzzVfluxClientPool/8ef57d94d6dc40a4bf3afe87d9320bb047b04992
=== RUN   FuzzVfluxClientPool/92aba29e915a98883cbce813d6743ff303a641a4
=== RUN   FuzzVfluxClientPool/93b767d329812c489f6e22a9058fff7fc7ebd86b
=== RUN   FuzzVfluxClientPool/95cd7a2138893c8c6ef74a77cc4b9ead35a9d232
=== RUN   FuzzVfluxClientPool/96e441e5ce48a414046f6d360ca778620a211c7e
=== RUN   FuzzVfluxClientPool/9730b72c5228b2dd1c376afee3ad96e3186a5b93
=== RUN   FuzzVfluxClientPool/983531245d5ef632a07ea0089ff9ece45c8d6782
=== RUN   FuzzVfluxClientPool/9d5c4bca71738f7a247765fd082304e221a4749d
=== RUN   FuzzVfluxClientPool/9faebc9ad9de522cfb841dfcf5ebb8493fff2406
=== RUN   FuzzVfluxClientPool/a242ba67542942899ee2e6d69ef1f1c72c81aeae
=== RUN   FuzzVfluxClientPool/a2f90f879399ab8e16084f62933da1a6ddfc85cf
=== RUN   FuzzVfluxClientPool/a454b2111cc719e3e78cd9b289060bd44c5ba02d
=== RUN   FuzzVfluxClientPool/a6b426d65ff7fc66891d5a8223d09001aa89d527
=== RUN   FuzzVfluxClientPool/a8e491a21d66ba7cef8dedb5ee6a5644882e1de4
=== RUN   FuzzVfluxClientPool/a92b4af1efc3bb88425db431af80922c68cdefc2
=== RUN   FuzzVfluxClientPool/adc396ab9ac3da926d9f7e62a3d228ddc3d2fe92
=== RUN   FuzzVfluxClientPool/adc83b19e793491b1c6ea0fd8b46cd9f32e592fc
=== RUN   FuzzVfluxClientPool/b14d571396dc967a0d265dd6be7a35dd76966e60
=== RUN   FuzzVfluxClientPool/b17aceba4a9e006961bfd2a76c8198a55f9c2d5a
=== RUN   FuzzVfluxClientPool/b1fa682fa6cbdfb1ea5fa984c9c7b11798559836
=== RUN   FuzzVfluxClientPool/b371a64a8474ceaf85f2fea485616daccc28ebc7
=== RUN   FuzzVfluxClientPool/b3ab6d734476d6f0744d278922346080fa6a25dc
=== RUN   FuzzVfluxClientPool/b414eb542818b588235e5f98a7ce4846d96b3492
=== RUN   FuzzVfluxClientPool/b4c1cc18c79b1ef32f0d7748e3fd405957af8a40
=== RUN   FuzzVfluxClientPool/b69628c888bae2b9fb37456746aaf1a22ffe9147
=== RUN   FuzzVfluxClientPool/bf37f1538aa9a13fdafd5c4ae10de1d7e04b2d41
=== RUN   FuzzVfluxClientPool/bf5786c966b4ba67e1919491acf9e38bfafa8c2d
=== RUN   FuzzVfluxClientPool/bf77fe2b16dc3b5110ba23e1e61bd54e797f98d2
=== RUN   FuzzVfluxClientPool/c493b01e1bef1ae1ca864de7b4f687eaa8ce2ce8
=== RUN   FuzzVfluxClientPool/c8897501f002e21530846ec0cf3be2cefdb35ccf
=== RUN   FuzzVfluxClientPool/c97e78c4a53d0c9ca466766aa8107eeef49aa3db
=== RUN   FuzzVfluxClientPool/cb6b3d2771b570cb82f595ea5d06bc5ecd123816
=== RUN   FuzzVfluxClientPool/d0005ec9e426bde33725504f582a5440927b805c
=== RUN   FuzzVfluxClientPool/d55ac3617ebc3316a5992151af4486b07c73975a
=== RUN   FuzzVfluxClientPool/d5cfd3915647d30c2d4a4b45e546eb7f2712da3e
=== RUN   FuzzVfluxClientPool/d787db58b0b443e9d836bc59539a1dba3c560e19
=== RUN   FuzzVfluxClientPool/d901b0f5cb6595d93f5a253d6e13006f122e943a
=== RUN   FuzzVfluxClientPool/d935fd77505c9ea092290c9c0035e655d6ae524a
=== RUN   FuzzVfluxClientPool/dc167e60fb8cb5605248fe96166b7a76e133ef1d
=== RUN   FuzzVfluxClientPool/e31a41846a598df4012db05f6d2bbc616d22613b
=== RUN   FuzzVfluxClientPool/e7910d93e713eaf925a315604520627a25cd652a
=== RUN   FuzzVfluxClientPool/e8ac0535b72649f733780abf093131755737e49a
=== RUN   FuzzVfluxClientPool/ece0c54ddbdcdfd4b87ab0a0de4ac81ccc8833b6
=== RUN   FuzzVfluxClientPool/ed40eb59a1e41c34f79e955bbf05b8f1b0885f0d
=== RUN   FuzzVfluxClientPool/eee83f7fb7d2200d40c3ab9fb85ec73fe1c396c3
=== RUN   FuzzVfluxClientPool/f07ae894bd53711c068c32f78d3532fb888b3d5b
=== RUN   FuzzVfluxClientPool/f2d209e18749073c044b0aa41b2ece94a022ed0a
=== RUN   FuzzVfluxClientPool/f4c440ff6c05e214d7c4ca05fefd4514d47341bd
=== RUN   FuzzVfluxClientPool/f5c4919af32f5bc4e748879c4a486fb5351c803a
=== RUN   FuzzVfluxClientPool/f608a9116519d7044cee76c59983bf016d28ca98
=== RUN   FuzzVfluxClientPool/f7c0810fb27565fc8fe144eb361b5390a710bc0d
=== RUN   FuzzVfluxClientPool/f7e8605445132e012ebfff56de3fb3954cbb704d
=== RUN   FuzzVfluxClientPool/fab4f0f393499e4b15e1f57239e72d5bba7137a1
=== RUN   FuzzVfluxClientPool/ff203e2a4698e8d2eb0c540335a5a71f2a277cb4
--- PASS: FuzzVfluxClientPool (0.07s)
    --- PASS: FuzzVfluxClientPool/0051fe208c849ade3450357c0e718561d5984fc4 (0.00s)
    --- PASS: FuzzVfluxClientPool/095e03e6a1afbde38a98d791ca6eeaff1fbcdbf0 (0.00s)
    --- PASS: FuzzVfluxClientPool/0973abe79922623bce6e4b3ed0545d8abe5226b1 (0.00s)
    --- PASS: FuzzVfluxClientPool/0cd588956996e477813ee6487ce0ad25918ece34 (0.00s)
    --- PASS: FuzzVfluxClientPool/0da412c05b26c8a6f6c92d5b8543e808def12ff4 (0.00s)
    --- PASS: FuzzVfluxClientPool/1178454df3f76538b5acebc1aceb315b0a18eeaa (0.00s)
    --- PASS: FuzzVfluxClientPool/118e4ba550cb52b04944aa50595620beeb2630a9 (0.00s)
    --- PASS: FuzzVfluxClientPool/146d67f78fd414ed2455c7e9e707f64d4e1e858a (0.00s)
    --- PASS: FuzzVfluxClientPool/184e6c96642b4c13191bc75ba926cd5f13572155 (0.00s)
    --- PASS: FuzzVfluxClientPool/19f8767e290bdd325cdfaa10b6f3ee29d30dfba7 (0.00s)
    --- PASS: FuzzVfluxClientPool/1a1750e666c4babe11177c2eb9808f48ae68a5a5 (0.00s)
    --- PASS: FuzzVfluxClientPool/1d202b07879d94b1c9427afe2ec895efb4c9feb6 (0.00s)
    --- PASS: FuzzVfluxClientPool/1fcf25254ff4765e734f29b435a301079839edcb (0.00s)
    --- PASS: FuzzVfluxClientPool/2242239366534e12dee0b830d389c46a9705090b (0.00s)
    --- PASS: FuzzVfluxClientPool/24910dc7fb9ae507218abe9f5ae54ecbd3f62208 (0.00s)
    --- PASS: FuzzVfluxClientPool/25a9aaa994c20dc6cbcfe738d4c3b8bf6507ac8b (0.00s)
    --- PASS: FuzzVfluxClientPool/2656c69df69a940bb9db61ceabcb6ce27e3bd585 (0.00s)
    --- PASS: FuzzVfluxClientPool/2b54d4f263777e8c558a4a694f219ef7d2100d8d (0.00s)
    --- PASS: FuzzVfluxClientPool/2f3cef35031bd9c6fbd34644ba6e53d296f6d226 (0.00s)
    --- PASS: FuzzVfluxClientPool/3327bcc37c17cc0773d0b0fcd0747f402c35d5ae (0.00s)
    --- PASS: FuzzVfluxClientPool/33e9d1c2da20578cf60aec488afdff759aef82d4 (0.00s)
    --- PASS: FuzzVfluxClientPool/35ff5127590f0317a618da9a139e3ca0c3803949 (0.00s)
    --- PASS: FuzzVfluxClientPool/381105b199f5ef6de458a9309339cf9f9b9b0442 (0.00s)
    --- PASS: FuzzVfluxClientPool/3e18abfa89ff51337a3303e28c767d0e2495f53d (0.00s)
    --- PASS: FuzzVfluxClientPool/40444112d7615ea0a90efa9ed469f2c55a0564b8 (0.00s)
    --- PASS: FuzzVfluxClientPool/43a9c825dc08cfd6401ee37a0031f02803e03e6b (0.00s)
    --- PASS: FuzzVfluxClientPool/4661a081417b9b6825d079f22760b447bf696f78 (0.00s)
    --- PASS: FuzzVfluxClientPool/4c69a4e886aff3fb268570c9838b27e3909133af (0.00s)
    --- PASS: FuzzVfluxClientPool/4c6f4e19ca3c6da9878b6783bfe05be01c66ba81 (0.00s)
    --- PASS: FuzzVfluxClientPool/4c8632939d1d379c63e396ed14edaccaf8b70cce (0.00s)
    --- PASS: FuzzVfluxClientPool/4ddbf33673bf5369d74c24ff8cbeb8c6ae9b5eb8 (0.00s)
    --- PASS: FuzzVfluxClientPool/4fc2e9374327d20f53003c9697ae200c9dc94975 (0.00s)
    --- PASS: FuzzVfluxClientPool/51d5212fea6c4d0976165d4a5a480f31ab87c1db (0.00s)
    --- PASS: FuzzVfluxClientPool/5262014bfa88ee0b59c76739f77c8d330f02a6e4 (0.00s)
    --- PASS: FuzzVfluxClientPool/546ce239dce3356cdcc41048e46899191b6c261b (0.00s)
    --- PASS: FuzzVfluxClientPool/56568314420c7bc94846c5c598e6660b4933922e (0.00s)
    --- PASS: FuzzVfluxClientPool/58b85be788413daf2c22394017fe5e7e0d741f3b (0.00s)
    --- PASS: FuzzVfluxClientPool/596c42bbc4790eb7d17a4cb3c99d4cb5bad220da (0.00s)
    --- PASS: FuzzVfluxClientPool/5ff7bf04e37d9530cc48b6d5a805105013650cc2 (0.00s)
    --- PASS: FuzzVfluxClientPool/62ef7e093fc1c9dcedae8cc1b9d6fb4736c16969 (0.00s)
    --- PASS: FuzzVfluxClientPool/63f5c0941a0188617d14dda61c01e9e5fce81cea (0.00s)
    --- PASS: FuzzVfluxClientPool/64cec2884b4353ff44d230df55720dab1ac55dbb (0.00s)
    --- PASS: FuzzVfluxClientPool/67f7239c562964dcff6ca635d869ac6bff638464 (0.00s)
    --- PASS: FuzzVfluxClientPool/6ccf28fb27eb639eccb66163dd3a61d95d317dc8 (0.00s)
    --- PASS: FuzzVfluxClientPool/6e471d65a7d3ad2ae751f708416c2a52a424516b (0.00s)
    --- PASS: FuzzVfluxClientPool/6e4a398c36ee9124ffc108ab53e82769e74c93f6 (0.00s)
    --- PASS: FuzzVfluxClientPool/6e884e0f79777cba3efd85a0761e5a6166d0f809 (0.00s)
    --- PASS: FuzzVfluxClientPool/71853c6197a6a7f222db0f1978c7cb232b87c5ee (0.00s)
    --- PASS: FuzzVfluxClientPool/733d8a2f7382007dee471ab3a86510776025bf15 (0.00s)
    --- PASS: FuzzVfluxClientPool/736807af64b797b7ed36668c1f5c88d740e9e51b (0.00s)
    --- PASS: FuzzVfluxClientPool/7628c63f7e7cce04eddfc0795389c82a2cdf2c31 (0.00s)
    --- PASS: FuzzVfluxClientPool/77795a50fb632944b12fad2028ec132598ddb927 (0.00s)
    --- PASS: FuzzVfluxClientPool/78667a9a57daae9e8d8f924df7c3a126bba12335 (0.00s)
    --- PASS: FuzzVfluxClientPool/799a19970967886070ece9fef4c07ccc9e102f4a (0.00s)
    --- PASS: FuzzVfluxClientPool/7c87816dd49bfd8b37daffdf38579204fb9b575f (0.00s)
    --- PASS: FuzzVfluxClientPool/8465c0b533c39a90c5f5b67f55c2a550d62352db (0.00s)
    --- PASS: FuzzVfluxClientPool/859e9c57774490fcf421ffb792c54bc1d2ca6df1 (0.00s)
    --- PASS: FuzzVfluxClientPool/85d9f20b9d1702227c26978d4646f4bdbf927a16 (0.00s)
    --- PASS: FuzzVfluxClientPool/85ed83b3f13c7505a4aab473bd57986ea2c5a866 (0.00s)
    --- PASS: FuzzVfluxClientPool/8763fe691eb7b3ff67c528c4c5885bb511289e9f (0.00s)
    --- PASS: FuzzVfluxClientPool/876a2e1acf4ed75e45be9ef5245a4f0c3d2ec828 (0.00s)
    --- PASS: FuzzVfluxClientPool/8ef57d94d6dc40a4bf3afe87d9320bb047b04992 (0.00s)
    --- PASS: FuzzVfluxClientPool/92aba29e915a98883cbce813d6743ff303a641a4 (0.00s)
    --- PASS: FuzzVfluxClientPool/93b767d329812c489f6e22a9058fff7fc7ebd86b (0.00s)
    --- PASS: FuzzVfluxClientPool/95cd7a2138893c8c6ef74a77cc4b9ead35a9d232 (0.00s)
    --- PASS: FuzzVfluxClientPool/96e441e5ce48a414046f6d360ca778620a211c7e (0.00s)
    --- PASS: FuzzVfluxClientPool/9730b72c5228b2dd1c376afee3ad96e3186a5b93 (0.00s)
    --- PASS: FuzzVfluxClientPool/983531245d5ef632a07ea0089ff9ece45c8d6782 (0.00s)
    --- PASS: FuzzVfluxClientPool/9d5c4bca71738f7a247765fd082304e221a4749d (0.00s)
    --- PASS: FuzzVfluxClientPool/9faebc9ad9de522cfb841dfcf5ebb8493fff2406 (0.00s)
    --- PASS: FuzzVfluxClientPool/a242ba67542942899ee2e6d69ef1f1c72c81aeae (0.00s)
    --- PASS: FuzzVfluxClientPool/a2f90f879399ab8e16084f62933da1a6ddfc85cf (0.00s)
    --- PASS: FuzzVfluxClientPool/a454b2111cc719e3e78cd9b289060bd44c5ba02d (0.00s)
    --- PASS: FuzzVfluxClientPool/a6b426d65ff7fc66891d5a8223d09001aa89d527 (0.00s)
    --- PASS: FuzzVfluxClientPool/a8e491a21d66ba7cef8dedb5ee6a5644882e1de4 (0.00s)
    --- PASS: FuzzVfluxClientPool/a92b4af1efc3bb88425db431af80922c68cdefc2 (0.00s)
    --- PASS: FuzzVfluxClientPool/adc396ab9ac3da926d9f7e62a3d228ddc3d2fe92 (0.00s)
    --- PASS: FuzzVfluxClientPool/adc83b19e793491b1c6ea0fd8b46cd9f32e592fc (0.00s)
    --- PASS: FuzzVfluxClientPool/b14d571396dc967a0d265dd6be7a35dd76966e60 (0.00s)
    --- PASS: FuzzVfluxClientPool/b17aceba4a9e006961bfd2a76c8198a55f9c2d5a (0.00s)
    --- PASS: FuzzVfluxClientPool/b1fa682fa6cbdfb1ea5fa984c9c7b11798559836 (0.00s)
    --- PASS: FuzzVfluxClientPool/b371a64a8474ceaf85f2fea485616daccc28ebc7 (0.00s)
    --- PASS: FuzzVfluxClientPool/b3ab6d734476d6f0744d278922346080fa6a25dc (0.00s)
    --- PASS: FuzzVfluxClientPool/b414eb542818b588235e5f98a7ce4846d96b3492 (0.00s)
    --- PASS: FuzzVfluxClientPool/b4c1cc18c79b1ef32f0d7748e3fd405957af8a40 (0.00s)
    --- PASS: FuzzVfluxClientPool/b69628c888bae2b9fb37456746aaf1a22ffe9147 (0.00s)
    --- PASS: FuzzVfluxClientPool/bf37f1538aa9a13fdafd5c4ae10de1d7e04b2d41 (0.00s)
    --- PASS: FuzzVfluxClientPool/bf5786c966b4ba67e1919491acf9e38bfafa8c2d (0.00s)
    --- PASS: FuzzVfluxClientPool/bf77fe2b16dc3b5110ba23e1e61bd54e797f98d2 (0.00s)
    --- PASS: FuzzVfluxClientPool/c493b01e1bef1ae1ca864de7b4f687eaa8ce2ce8 (0.00s)
    --- PASS: FuzzVfluxClientPool/c8897501f002e21530846ec0cf3be2cefdb35ccf (0.00s)
    --- PASS: FuzzVfluxClientPool/c97e78c4a53d0c9ca466766aa8107eeef49aa3db (0.00s)
    --- PASS: FuzzVfluxClientPool/cb6b3d2771b570cb82f595ea5d06bc5ecd123816 (0.00s)
    --- PASS: FuzzVfluxClientPool/d0005ec9e426bde33725504f582a5440927b805c (0.00s)
    --- PASS: FuzzVfluxClientPool/d55ac3617ebc3316a5992151af4486b07c73975a (0.00s)
    --- PASS: FuzzVfluxClientPool/d5cfd3915647d30c2d4a4b45e546eb7f2712da3e (0.00s)
    --- PASS: FuzzVfluxClientPool/d787db58b0b443e9d836bc59539a1dba3c560e19 (0.00s)
    --- PASS: FuzzVfluxClientPool/d901b0f5cb6595d93f5a253d6e13006f122e943a (0.00s)
    --- PASS: FuzzVfluxClientPool/d935fd77505c9ea092290c9c0035e655d6ae524a (0.00s)
    --- PASS: FuzzVfluxClientPool/dc167e60fb8cb5605248fe96166b7a76e133ef1d (0.00s)
    --- PASS: FuzzVfluxClientPool/e31a41846a598df4012db05f6d2bbc616d22613b (0.00s)
    --- PASS: FuzzVfluxClientPool/e7910d93e713eaf925a315604520627a25cd652a (0.00s)
    --- PASS: FuzzVfluxClientPool/e8ac0535b72649f733780abf093131755737e49a (0.00s)
    --- PASS: FuzzVfluxClientPool/ece0c54ddbdcdfd4b87ab0a0de4ac81ccc8833b6 (0.00s)
    --- PASS: FuzzVfluxClientPool/ed40eb59a1e41c34f79e955bbf05b8f1b0885f0d (0.00s)
    --- PASS: FuzzVfluxClientPool/eee83f7fb7d2200d40c3ab9fb85ec73fe1c396c3 (0.00s)
    --- PASS: FuzzVfluxClientPool/f07ae894bd53711c068c32f78d3532fb888b3d5b (0.00s)
    --- PASS: FuzzVfluxClientPool/f2d209e18749073c044b0aa41b2ece94a022ed0a (0.00s)
    --- PASS: FuzzVfluxClientPool/f4c440ff6c05e214d7c4ca05fefd4514d47341bd (0.00s)
    --- PASS: FuzzVfluxClientPool/f5c4919af32f5bc4e748879c4a486fb5351c803a (0.00s)
    --- PASS: FuzzVfluxClientPool/f608a9116519d7044cee76c59983bf016d28ca98 (0.00s)
    --- PASS: FuzzVfluxClientPool/f7c0810fb27565fc8fe144eb361b5390a710bc0d (0.00s)
    --- PASS: FuzzVfluxClientPool/f7e8605445132e012ebfff56de3fb3954cbb704d (0.00s)
    --- PASS: FuzzVfluxClientPool/fab4f0f393499e4b15e1f57239e72d5bba7137a1 (0.00s)
    --- PASS: FuzzVfluxClientPool/ff203e2a4698e8d2eb0c540335a5a71f2a277cb4 (0.00s)
PASS
coverage: 86.6% of statements
ok  	github.com/morph-l2/go-ethereum/tests/fuzzers/vflux	0.082s	coverage: 86.6% of statements
	github.com/morph-l2/go-ethereum/tests/fuzzers/vflux/debug		coverage: 0.0% of statements
